Input: arguments read from the command line are /home/kit/ikp/bg5912/work/sims/testsims/000004/RUN000004.inp 
For inputs the FILE "/home/kit/ikp/bg5912/work/sims/testsims/000004/RUN000004.inp" will be used

 *******************************************************
 **                                               
 ** You are using the CoREAS V1.4 radio simulation code
 **                                               
 ** PERFORMANCE OPTIMIZED VERSION v1.3           
 **                                               
 **  THIN/CURVED/SLANT/STACKIN/PRESHOWER: 1/1/1/0/0
 **                                               
 ** Please cite the following article:            
 ** T. Huege, M. Ludwig, C.W. James, AIP Conf. Proc.
 ** 1535, 128-132 (2013), doi:10.1063/1.4807534     
 **                                               
 *******************************************************


 ====================================================
 |                                                  |
 |         QUARK GLUON STRING JET -II MODEL         |
 |                                                  |
 |         HADRONIC INTERACTION MONTE CARLO         |
 |                        BY                        |
 |                 S. OSTAPCHENKO                   |
 |                                                  |
 |             e-mail: sergei@tf.phys.ntnu.no       |
 |                                                  |
 |                   Version II-04                  |
 |                                                  |
 | Publication to be cited when using this program: |
 | S.Ostapchenko, PRD 83 (2011) 014018              |
 |                                                  |
 | last modification:  09.04.2013                   |
 |                                                  |
 | Any modification has to be approved by the author|
 ====================================================

  qgaini: cross sections readout from the file: qgsdat-II-04
 done
  qgaini: nuclear cross sections readout from the file sectnu-II-04
 pwd:/opt/bwhpc/common/mpi/openmpi/4.0.5
 Generating table...
 (1/7) ready.
 (2/7) ready.
 (3/7) ready.
 (4/7) ready.
 (5/7) ready.
 (6/7) ready.
 (7/7) ready.
 Writing new table...
 O.K.
 

 CoREAS-000553859-000000001: SetShowerAxis zenith=0deg   azimuth=0deg
 CoREAS-000553859-000000001: height of first interaction 5m
 CoREAS-000553859-000000001: observation level 2m

 ====================================================
 |                                                  |
 |         QUARK GLUON STRING JET -II MODEL         |
 |                                                  |
 |         HADRONIC INTERACTION MONTE CARLO         |
 |                        BY                        |
 |                 S. OSTAPCHENKO                   |
 |                                                  |
 |             e-mail: sergei@tf.phys.ntnu.no       |
 |                                                  |
 |                   Version II-04                  |
 |                                                  |
 | Publication to be cited when using this program: |
 | S.Ostapchenko, PRD 83 (2011) 014018              |
 |                                                  |
 | last modification:  09.04.2013                   |
 |                                                  |
 | Any modification has to be approved by the author|
 ====================================================

 ====================================================
 |                                                  |
 |         QUARK GLUON STRING JET -II MODEL         |
 |                                                  |
 |         HADRONIC INTERACTION MONTE CARLO         |
 |                        BY                        |
 |                 S. OSTAPCHENKO                   |
 |                                                  |
 |             e-mail: sergei@tf.phys.ntnu.no       |
 ====================================================
 |                                                  |
 |         QUARK GLUON STRING JET -II MODEL         |
 |                                                  |
 |         HADRONIC INTERACTION MONTE CARLO         |
 |                        BY                        |
 |                 S. OSTAPCHENKO                   |
 |                                                  |
 |                                                  |
 |                   Version II-04                  |
 |                                                  |
 | Publication to be cited when using this program: |
 | S.Ostapchenko, PRD 83 (2011) 014018              |
 |                                                  |
 | last modification:  09.04.2013                   |
 |             e-mail: sergei@tf.phys.ntnu.no       |
 |                                                  |
 |                   Version II-04                  |
 |                                                  |
 | Publication to be cited when using this program: |
 | S.Ostapchenko, PRD 83 (2011) 014018              |
 |                                                  |
 | last modification:  09.04.2013                   |
 |                                                  |
 | Any modification has to be approved by the author|
 ====================================================

 ====================================================
 |                                                  |
 |         QUARK GLUON STRING JET -II MODEL         |
 |                                                  |
 |         HADRONIC INTERACTION MONTE CARLO         |
 |                        BY                        |
 |                 S. OSTAPCHENKO                   |
 |                                                  |
 |             e-mail: sergei@tf.phys.ntnu.no       |
 |                                                  |
 |                   Version II-04                  |
 |                                                  |
 | Publication to be cited when using this program: |
 ====================================================
 |                                                  |
 |         QUARK GLUON STRING JET -II MODEL         |
 |                                                  |
 |         HADRONIC INTERACTION MONTE CARLO         |
 |                        BY                        |
 |                 S. OSTAPCHENKO                   |
 |                                                  |
 |             e-mail: sergei@tf.phys.ntnu.no       |
 |                                                  |
 |                   Version II-04                  |
 |                                                  |
 | Publication to be cited when using this program: |
 | S.Ostapchenko, PRD 83 (2011) 014018              |
 |                                                  |
 | last modification:  09.04.2013                   |
 |                                                  |
 | Any modification has to be approved by the author|
 ====================================================

 |                                                  |
 | Any modification has to be approved by the author|
 ====================================================

 ====================================================
 |                                                  |
 |         QUARK GLUON STRING JET -II MODEL         |
 |                                                  |
 |         HADRONIC INTERACTION MONTE CARLO         |
 |                        BY                        |
 |                 S. OSTAPCHENKO                   |
 |                                                  |
 |             e-mail: sergei@tf.phys.ntnu.no       |
 |                                                  |
 |                   Version II-04                  |
 |                                                  |
 | Publication to be cited when using this program: |
 | S.Ostapchenko, PRD 83 (2011) 014018              |
 |                                                  |
 | last modification:  09.04.2013                   |
 |                                                  |
 | Any modification has to be approved by the author|
 ====================================================
 | S.Ostapchenko, PRD 83 (2011) 014018              |
 |                                                  |
 | last modification:  09.04.2013                   |
 |                                                  |
 | Any modification has to be approved by the author|
 ====================================================

 ====================================================
 |                                                  |
 |         QUARK GLUON STRING JET -II MODEL         |
 |                                                  |
 |         HADRONIC INTERACTION MONTE CARLO         |
 |                        BY                        |
 |                 S. OSTAPCHENKO                   |
 |                                                  |
 |             e-mail: sergei@tf.phys.ntnu.no       |
 |                                                  |

 |                   Version II-04                  |
 |                                                  |
 | Publication to be cited when using this program: |
 | S.Ostapchenko, PRD 83 (2011) 014018              |
 |                                                  |
 | last modification:  09.04.2013                   |
 |                                                  |
 | Any modification has to be approved by the author|
 ====================================================

 ====================================================
 |                                                  |
 |         QUARK GLUON STRING JET -II MODEL         |
 |                                                  |
 |         HADRONIC INTERACTION MONTE CARLO         |
 |                        BY                        |
 |                 S. OSTAPCHENKO                   |
 |                                                  |
 |             e-mail: sergei@tf.phys.ntnu.no       |
 |                                                  |
 |                   Version II-04                  |
 |                                                  |
 | Publication to be cited when using this program: |
 | S.Ostapchenko, PRD 83 (2011) 014018              |
 |                                                  |
 | last modification:  09.04.2013                   |
 |                                                  |
 | Any modification has to be approved by the author|
 ====================================================

 ====================================================
 |                                                  |
 |         QUARK GLUON STRING JET -II MODEL         |
 |                                                  |
 |         HADRONIC INTERACTION MONTE CARLO         |
 |                        BY                        |
 |                 S. OSTAPCHENKO                   |
 |                                                  |
 |             e-mail: sergei@tf.phys.ntnu.no       |
 |                                                  |
 |                   Version II-04                  |
 |                                                  |
 | Publication to be cited when using this program: |
 | S.Ostapchenko, PRD 83 (2011) 014018              |
 |                                                  |
 | last modification:  09.04.2013                   |
 |                                                  |
 | Any modification has to be approved by the author|
 ====================================================

 ====================================================
 |                                                  |
 |         QUARK GLUON STRING JET -II MODEL         |
 |                                                  |
 |         HADRONIC INTERACTION MONTE CARLO         |
 |                        BY                        |
 |                 S. OSTAPCHENKO                   |
 |                                                  |
 |             e-mail: sergei@tf.phys.ntnu.no       |
 |                                                  |
 |                   Version II-04                  |
 |                                                  |
 | Publication to be cited when using this program: |
 | S.Ostapchenko, PRD 83 (2011) 014018              |
 |                                                  |
 ====================================================
 |                                                  |
 |         QUARK GLUON STRING JET -II MODEL         |
 |                                                  |
 |         HADRONIC INTERACTION MONTE CARLO         |
 |                        BY                        |
 |                 S. OSTAPCHENKO                   |
 |                                                  |
 |             e-mail: sergei@tf.phys.ntnu.no       |
 |                                                  |
 |                   Version II-04                  |
 |                                                  |
 | Publication to be cited when using this program: |
 | S.Ostapchenko, PRD 83 (2011) 014018              |
 |                                                  |
 | last modification:  09.04.2013                   |
 |                                                  |
 | Any modification has to be approved by the author|
 ====================================================

 | last modification:  09.04.2013                   |
 |                                                  |
 | Any modification has to be approved by the author|
 ====================================================

  qgaini: cross sections readout from the file: qgsdat-II-04
  qgaini: cross sections readout from the file: qgsdat-II-04
  qgaini: cross sections readout from the file: qgsdat-II-04
  qgaini: cross sections readout from the file: qgsdat-II-04
  qgaini: cross sections readout from the file: qgsdat-II-04
 ====================================================
 |                                                  |
 |         QUARK GLUON STRING JET -II MODEL         |
 |                                                  |
 |         HADRONIC INTERACTION MONTE CARLO         |
 |                        BY                        |
 |                 S. OSTAPCHENKO                   |
 |                                                  |
 |             e-mail: sergei@tf.phys.ntnu.no       |
  qgaini: cross sections readout from the file: qgsdat-II-04
 |                                                  |
 |                   Version II-04                  |
 |                                                  |
 | Publication to be cited when using this program: |
 | S.Ostapchenko, PRD 83 (2011) 014018              |
 |                                                  |
 | last modification:  09.04.2013                   |
 |                                                  |
  qgaini: cross sections readout from the file: qgsdat-II-04
 | Any modification has to be approved by the author|
 ====================================================

 ====================================================
 |                                                  |
 |         QUARK GLUON STRING JET -II MODEL         |
 |                                                  |
 |         HADRONIC INTERACTION MONTE CARLO         |
 |                        BY                        |
 |                 S. OSTAPCHENKO                   |
 |                                                  |
 |             e-mail: sergei@tf.phys.ntnu.no       |
 |                                                  |
 |                   Version II-04                  |
 |                                                  |
 | Publication to be cited when using this program: |
 | S.Ostapchenko, PRD 83 (2011) 014018              |
 |                                                  |
 | last modification:  09.04.2013                   |
 |                                                  |
 | Any modification has to be approved by the author|
 ====================================================

 ====================================================
 |                                                  |
 |         QUARK GLUON STRING JET -II MODEL         |
 |                                                  |
 |         HADRONIC INTERACTION MONTE CARLO         |
 |                        BY                        |
 |                 S. OSTAPCHENKO                   |
 |                                                  |
 |             e-mail: sergei@tf.phys.ntnu.no       |
 |                                                  |
 |                   Version II-04                  |
 |                                                  |
 | Publication to be cited when using this program: |
 | S.Ostapchenko, PRD 83 (2011) 014018              |
 |                                                  |
 | last modification:  09.04.2013                   |
 |                                                  |
 | Any modification has to be approved by the author|
 ====================================================

 ====================================================
 |                                                  |
 |         QUARK GLUON STRING JET -II MODEL         |
 |                                                  |
 |         HADRONIC INTERACTION MONTE CARLO         |
 |                        BY                        |
 |                 S. OSTAPCHENKO                   |
 |                                                  |
 |             e-mail: sergei@tf.phys.ntnu.no       |
 |                                                  |
 |                   Version II-04                  |
 |                                                  |
 | Publication to be cited when using this program: |
 | S.Ostapchenko, PRD 83 (2011) 014018              |
 |                                                  |
 | last modification:  09.04.2013                   |
 |                                                  |
 | Any modification has to be approved by the author|
 ====================================================

  qgaini: cross sections readout from the file: qgsdat-II-04
 ====================================================
 |                                                  |
 |         QUARK GLUON STRING JET -II MODEL         |
 |                                                  |
 |         HADRONIC INTERACTION MONTE CARLO         |
 |                        BY                        |
 |                 S. OSTAPCHENKO                   |
 |                                                  |
 |             e-mail: sergei@tf.phys.ntnu.no       |
 |                                                  |
 |                   Version II-04                  |
 |                                                  |
 | Publication to be cited when using this program: |
 | S.Ostapchenko, PRD 83 (2011) 014018              |
 |                                                  |
 | last modification:  09.04.2013                   |
 |                                                  |
 | Any modification has to be approved by the author|
 ====================================================

  qgaini: cross sections readout from the file: qgsdat-II-04
 ====================================================
 |                                                  |
 |         QUARK GLUON STRING JET -II MODEL         |
 |                                                  |
 |         HADRONIC INTERACTION MONTE CARLO         |
 |                        BY                        |
 |                 S. OSTAPCHENKO                   |
 |                                                  |
 |             e-mail: sergei@tf.phys.ntnu.no       |
 |                                                  |
 |                   Version II-04                  |
 |                                                  |
 | Publication to be cited when using this program: |
 | S.Ostapchenko, PRD 83 (2011) 014018              |
 |                                                  |
 | last modification:  09.04.2013                   |
 |                                                  |
 | Any modification has to be approved by the author|
 ====================================================

  qgaini: cross sections readout from the file: qgsdat-II-04
  qgaini: cross sections readout from the file: qgsdat-II-04
  qgaini: cross sections readout from the file: qgsdat-II-04
  qgaini: cross sections readout from the file: qgsdat-II-04
  qgaini: cross sections readout from the file: qgsdat-II-04
 ====================================================
 |                                                  |
 |         QUARK GLUON STRING JET -II MODEL         |
 |                                                  |
 |         HADRONIC INTERACTION MONTE CARLO         |
 |                        BY                        |
 |                 S. OSTAPCHENKO                   |
 |                                                  |
 |             e-mail: sergei@tf.phys.ntnu.no       |
 |                                                  |
 |                   Version II-04                  |
 |                                                  |
 | Publication to be cited when using this program: |
 | S.Ostapchenko, PRD 83 (2011) 014018              |
 |                                                  |
 | last modification:  09.04.2013                   |
 |                                                  |
 | Any modification has to be approved by the author|
 ====================================================

  qgaini: cross sections readout from the file: qgsdat-II-04
  qgaini: cross sections readout from the file: qgsdat-II-04
  qgaini: cross sections readout from the file: qgsdat-II-04
  qgaini: cross sections readout from the file: qgsdat-II-04
 ====================================================
 |                                                  |
 |         QUARK GLUON STRING JET -II MODEL         |
 |                                                  |
 |         HADRONIC INTERACTION MONTE CARLO         |
 |                        BY                        |
 |                 S. OSTAPCHENKO                   |
 |                                                  |
 |             e-mail: sergei@tf.phys.ntnu.no       |
 |                                                  |
 |                   Version II-04                  |
 |                                                  |
 | Publication to be cited when using this program: |
 | S.Ostapchenko, PRD 83 (2011) 014018              |
 |                                                  |
 | last modification:  09.04.2013                   |
 |                                                  |
 | Any modification has to be approved by the author|
 ====================================================

 ====================================================
 |                                                  |
 |         QUARK GLUON STRING JET -II MODEL         |
 |                                                  |
 |         HADRONIC INTERACTION MONTE CARLO         |
 |                        BY                        |
 |                 S. OSTAPCHENKO                   |
 |                                                  |
 |             e-mail: sergei@tf.phys.ntnu.no       |
 |                                                  |
 |                   Version II-04                  |
 |                                                  |
 | Publication to be cited when using this program: |
 ====================================================
 |                                                  |
 |         QUARK GLUON STRING JET -II MODEL         |
 |                                                  |
 |         HADRONIC INTERACTION MONTE CARLO         |
 |                        BY                        |
 |                 S. OSTAPCHENKO                   |
 |                                                  |
 |             e-mail: sergei@tf.phys.ntnu.no       |
 |                                                  |
 |                   Version II-04                  |
 |                                                  |
 | Publication to be cited when using this program: |
 | S.Ostapchenko, PRD 83 (2011) 014018              |
 |                                                  |
 | last modification:  09.04.2013                   |
 |                                                  |
 | Any modification has to be approved by the author|
 ====================================================

 ====================================================
 |                                                  |
 |         QUARK GLUON STRING JET -II MODEL         |
 |                                                  |
 |         HADRONIC INTERACTION MONTE CARLO         |
 |                        BY                        |
 |                 S. OSTAPCHENKO                   |
 |                                                  |
 |             e-mail: sergei@tf.phys.ntnu.no       |
 |                                                  |
 |                   Version II-04                  |
 |                                                  |
 | Publication to be cited when using this program: |
 | S.Ostapchenko, PRD 83 (2011) 014018              |
 |                                                  |
 | last modification:  09.04.2013                   |
 |                                                  |
 | Any modification has to be approved by the author|
 ====================================================

 | S.Ostapchenko, PRD 83 (2011) 014018              |
 |                                                  |
 | last modification:  09.04.2013                   |
 |                                                  |
 | Any modification has to be approved by the author|
 ====================================================

  qgaini: cross sections readout from the file: qgsdat-II-04
  qgaini: cross sections readout from the file: qgsdat-II-04
  qgaini: cross sections readout from the file: qgsdat-II-04
  qgaini: cross sections readout from the file: qgsdat-II-04
 ====================================================
 |                                                  |
 |         QUARK GLUON STRING JET -II MODEL         |
 |                                                  |
 |         HADRONIC INTERACTION MONTE CARLO         |
 |                        BY                        |
 |                 S. OSTAPCHENKO                   |
 |                                                  |
 |             e-mail: sergei@tf.phys.ntnu.no       |
 |                                                  |
 |                   Version II-04                  |
 |                                                  |
 | Publication to be cited when using this program: |
 | S.Ostapchenko, PRD 83 (2011) 014018              |
 |                                                  |
 | last modification:  09.04.2013                   |
 |                                                  |
 | Any modification has to be approved by the author|
 ====================================================

  qgaini: cross sections readout from the file: qgsdat-II-04
 ====================================================
 |                                                  |
 |         QUARK GLUON STRING JET -II MODEL         |
 |                                                  |
 |         HADRONIC INTERACTION MONTE CARLO         |
 |                        BY                        |
 |                 S. OSTAPCHENKO                   |
 |                                                  |
 |             e-mail: sergei@tf.phys.ntnu.no       |
 |                                                  |
 |                   Version II-04                  |
 |                                                  |
 | Publication to be cited when using this program: |
 | S.Ostapchenko, PRD 83 (2011) 014018              |
 |                                                  |
 | last modification:  09.04.2013                   |
 |                                                  |
 | Any modification has to be approved by the author|
 ====================================================

  qgaini: cross sections readout from the file: qgsdat-II-04
 ====================================================
 |                                                  |
 |         QUARK GLUON STRING JET -II MODEL         |
 |                                                  |
 |         HADRONIC INTERACTION MONTE CARLO         |
 |                        BY                        |
 |                 S. OSTAPCHENKO                   |
 |                                                  |
 |             e-mail: sergei@tf.phys.ntnu.no       |
 |                                                  |
 |                   Version II-04                  |
 |                                                  |
 | Publication to be cited when using this program: |
 | S.Ostapchenko, PRD 83 (2011) 014018              |
 |                                                  |
 | last modification:  09.04.2013                   |
 |                                                  |
 | Any modification has to be approved by the author|
 ====================================================

  qgaini: cross sections readout from the file: qgsdat-II-04
 ====================================================
 |                                                  |
 |         QUARK GLUON STRING JET -II MODEL         |
 |                                                  |
 |         HADRONIC INTERACTION MONTE CARLO         |
 |                        BY                        |
 |                 S. OSTAPCHENKO                   |
 |                                                  |
 |             e-mail: sergei@tf.phys.ntnu.no       |
 |                                                  |
 |                   Version II-04                  |
 |                                                  |
 | Publication to be cited when using this program: |
 | S.Ostapchenko, PRD 83 (2011) 014018              |
 |                                                  |
 | last modification:  09.04.2013                   |
 |                                                  |
 | Any modification has to be approved by the author|
 ====================================================

  qgaini: cross sections readout from the file: qgsdat-II-04
 ====================================================
 |                                                  |
 |         QUARK GLUON STRING JET -II MODEL         |
 |                                                  |
 |         HADRONIC INTERACTION MONTE CARLO         |
 |                        BY                        |
 |                 S. OSTAPCHENKO                   |
 |                                                  |
 |             e-mail: sergei@tf.phys.ntnu.no       |
 |                                                  |
 |                   Version II-04                  |
 |                                                  |
 | Publication to be cited when using this program: |
 | S.Ostapchenko, PRD 83 (2011) 014018              |
 |                                                  |
 | last modification:  09.04.2013                   |
 |                                                  |
 | Any modification has to be approved by the author|
 ====================================================

  qgaini: cross sections readout from the file: qgsdat-II-04
 ====================================================
 |                                                  |
 |         QUARK GLUON STRING JET -II MODEL         |
 |                                                  |
 |         HADRONIC INTERACTION MONTE CARLO         |
 |                        BY                        |
 |                 S. OSTAPCHENKO                   |
 |                                                  |
 |             e-mail: sergei@tf.phys.ntnu.no       |
 |                                                  |
 |                   Version II-04                  |
 |                                                  |
 | Publication to be cited when using this program: |
 | S.Ostapchenko, PRD 83 (2011) 014018              |
 |                                                  |
 | last modification:  09.04.2013                   |
 |                                                  |
 | Any modification has to be approved by the author|
 ====================================================

  qgaini: cross sections readout from the file: qgsdat-II-04
 ====================================================
 |                                                  |
 |         QUARK GLUON STRING JET -II MODEL         |
 |                                                  |
 |         HADRONIC INTERACTION MONTE CARLO         |
 |                        BY                        |
 |                 S. OSTAPCHENKO                   |
 |                                                  |
 |             e-mail: sergei@tf.phys.ntnu.no       |
 |                                                  |
 |                   Version II-04                  |
 |                                                  |
 | Publication to be cited when using this program: |
 | S.Ostapchenko, PRD 83 (2011) 014018              |
 |                                                  |
 | last modification:  09.04.2013                   |
 |                                                  |
 | Any modification has to be approved by the author|
 ====================================================

  qgaini: cross sections readout from the file: qgsdat-II-04
 ====================================================
 |                                                  |
 |         QUARK GLUON STRING JET -II MODEL         |
 |                                                  |
 |         HADRONIC INTERACTION MONTE CARLO         |
 |                        BY                        |
 |                 S. OSTAPCHENKO                   |
 |                                                  |
 |             e-mail: sergei@tf.phys.ntnu.no       |
 |                                                  |
 |                   Version II-04                  |
 |                                                  |
 | Publication to be cited when using this program: |
 | S.Ostapchenko, PRD 83 (2011) 014018              |
 |                                                  |
 | last modification:  09.04.2013                   |
 |                                                  |
 | Any modification has to be approved by the author|
 ====================================================

 ====================================================
 |                                                  |
 |         QUARK GLUON STRING JET -II MODEL         |
 |                                                  |
 |         HADRONIC INTERACTION MONTE CARLO         |
 |                        BY                        |
 |                 S. OSTAPCHENKO                   |
 |                                                  |
 |             e-mail: sergei@tf.phys.ntnu.no       |
 |                                                  |
 |                   Version II-04                  |
 |                                                  |
 | Publication to be cited when using this program: |
 | S.Ostapchenko, PRD 83 (2011) 014018              |
 |                                                  |
 | last modification:  09.04.2013                   |
 |                                                  |
 | Any modification has to be approved by the author|
 ====================================================

  qgaini: cross sections readout from the file: qgsdat-II-04
  qgaini: cross sections readout from the file: qgsdat-II-04
 ====================================================
 |                                                  |
 |         QUARK GLUON STRING JET -II MODEL         |
 |                                                  |
 |         HADRONIC INTERACTION MONTE CARLO         |
 |                        BY                        |
 |                 S. OSTAPCHENKO                   |
 |                                                  |
 |             e-mail: sergei@tf.phys.ntnu.no       |
 |                                                  |
 |                   Version II-04                  |
 |                                                  |
 | Publication to be cited when using this program: |
 | S.Ostapchenko, PRD 83 (2011) 014018              |
 |                                                  |
 | last modification:  09.04.2013                   |
 |                                                  |
 | Any modification has to be approved by the author|
 ====================================================

  qgaini: cross sections readout from the file: qgsdat-II-04
 CoREAS-000553859-000000001: x=4.1e-11km , y=-5.2e-05km , z=0.005km , SlantDepth=1e+03g/cm2 , Time=0.00038s 

 ====================================================
 |                                                  |
 |         QUARK GLUON STRING JET -II MODEL         |
 |                                                  |
 |         HADRONIC INTERACTION MONTE CARLO         |
 |                        BY                        |
 |                 S. OSTAPCHENKO                   |
 |                                                  |
 |             e-mail: sergei@tf.phys.ntnu.no       |
 |                                                  |
 |                   Version II-04                  |
 |                                                  |
 | Publication to be cited when using this program: |
 | S.Ostapchenko, PRD 83 (2011) 014018              |
 |                                                  |
 | last modification:  09.04.2013                   |
 |                                                  |
 | Any modification has to be approved by the author|
 ====================================================

  qgaini: cross sections readout from the file: qgsdat-II-04
 ====================================================
 |                                                  |
 |         QUARK GLUON STRING JET -II MODEL         |
 |                                                  |
 |         HADRONIC INTERACTION MONTE CARLO         |
 |                        BY                        |
 |                 S. OSTAPCHENKO                   |
 |                                                  |
 |             e-mail: sergei@tf.phys.ntnu.no       |
 |                                                  |
 |                   Version II-04                  |
 |                                                  |
 | Publication to be cited when using this program: |
 | S.Ostapchenko, PRD 83 (2011) 014018              |
 |                                                  |
 | last modification:  09.04.2013                   |
 |                                                  |
 | Any modification has to be approved by the author|
 ====================================================

  qgaini: cross sections readout from the file: qgsdat-II-04
 ====================================================
 |                                                  |
 |         QUARK GLUON STRING JET -II MODEL         |
 |                                                  |
 |         HADRONIC INTERACTION MONTE CARLO         |
 |                        BY                        |
 |                 S. OSTAPCHENKO                   |
 |                                                  |
 |             e-mail: sergei@tf.phys.ntnu.no       |
 |                                                  |
 |                   Version II-04                  |
 |                                                  |
 | Publication to be cited when using this program: |
 | S.Ostapchenko, PRD 83 (2011) 014018              |
 |                                                  |
 | last modification:  09.04.2013                   |
 |                                                  |
 | Any modification has to be approved by the author|
 ====================================================

  qgaini: cross sections readout from the file: qgsdat-II-04
 ====================================================
 |                                                  |
 |         QUARK GLUON STRING JET -II MODEL         |
 |                                                  |
 |         HADRONIC INTERACTION MONTE CARLO         |
 |                        BY                        |
 |                 S. OSTAPCHENKO                   |
 |                                                  |
 |             e-mail: sergei@tf.phys.ntnu.no       |
 |                                                  |
 |                   Version II-04                  |
 |                                                  |
 | Publication to be cited when using this program: |
 | S.Ostapchenko, PRD 83 (2011) 014018              |
 |                                                  |
 | last modification:  09.04.2013                   |
 |                                                  |
 | Any modification has to be approved by the author|
 ====================================================

  qgaini: cross sections readout from the file: qgsdat-II-04
 ====================================================
 |                                                  |
 |         QUARK GLUON STRING JET -II MODEL         |
 |                                                  |
 |         HADRONIC INTERACTION MONTE CARLO         |
 |                        BY                        |
 |                 S. OSTAPCHENKO                   |
 |                                                  |
 |             e-mail: sergei@tf.phys.ntnu.no       |
 |                                                  |
 |                   Version II-04                  |
 |                                                  |
 | Publication to be cited when using this program: |
 | S.Ostapchenko, PRD 83 (2011) 014018              |
 |                                                  |
 | last modification:  09.04.2013                   |
 |                                                  |
 | Any modification has to be approved by the author|
 ====================================================

  qgaini: cross sections readout from the file: qgsdat-II-04
 ====================================================
 |                                                  |
 |         QUARK GLUON STRING JET -II MODEL         |
 |                                                  |
 |         HADRONIC INTERACTION MONTE CARLO         |
 |                        BY                        |
 |                 S. OSTAPCHENKO                   |
 |                                                  |
 |             e-mail: sergei@tf.phys.ntnu.no       |
 |                                                  |
 |                   Version II-04                  |
 |                                                  |
 | Publication to be cited when using this program: |
 | S.Ostapchenko, PRD 83 (2011) 014018              |
 |                                                  |
 | last modification:  09.04.2013                   |
 |                                                  |
 | Any modification has to be approved by the author|
 ====================================================

  qgaini: cross sections readout from the file: qgsdat-II-04
 CoREAS: Parameter file /home/kit/ikp/bg5912/work/sims/testsims/000004/SIM000004.reas successfully imported!
 CoREAS: Antenna list file /home/kit/ikp/bg5912/work/sims/testsims/000004/SIM000004.list successfully imported!
 CoREAS-000553859-000000001: The following parameters are used for the radio calculation

# CoREAS V1.4 by Tim Huege <tim.huege@kit.edu> with contributions by Marianne Ludwig and Clancy James - parameter file

# parameters setting up the spatial observer configuration:

CoreCoordinateNorth = 0			; in cm
CoreCoordinateWest = 0			; in cm
CoreCoordinateVertical = 200			; in cm

# parameters setting up the temporal observer configuration:

TimeResolution = 2e-10				; in s
AutomaticTimeBoundaries = 4e-07			; 0: off, x: automatic boundaries with width x in s
TimeLowerBoundary = -1				; in s, only if AutomaticTimeBoundaries set to 0
TimeUpperBoundary = 1				; in s, only if AutomaticTimeBoundaries set to 0
ResolutionReductionScale = 0			; 0: off, x: decrease time resolution linearly every x cm in radius

# parameters setting up the simulation functionality:
GroundLevelRefractiveIndex = 1.000312		; specify refractive index at 0 m asl

# event information for Offline simulations:

EventNumber = 1
RunNumber = 4
GPSSecs = 0
GPSNanoSecs = 0
CoreEastingOffline = 0				; in meters
CoreNorthingOffline = 0				; in meters
CoreVerticalOffline = 0				; in meters
OfflineCoordinateSystem =  Reference                
RotationAngleForMagfieldDeclination = 2.087		; in degrees
Comment =

# event information for your convenience and backwards compatibility with other software, these values are not used as input parameters for the simulation:

ShowerZenithAngle = 0			; in degrees
ShowerAzimuthAngle = 0		; in degrees, 0: shower propagates to north, 90: to west
PrimaryParticleEnergy = 1e+15			; in eV
PrimaryParticleType = 14			; as defined in CORSIKA
DepthOfShowerMaximum = -1		; slant depth in g/cm^2
DistanceOfShowerMaximum = -1		; geometrical distance of shower maximum from core in cm
MagneticFieldStrength = 0.5607699796			; in Gauss
MagneticFieldInclinationAngle = 60.81000001		; in degrees, >0: in northern hemisphere, <0: in southern hemisphere
GeomagneticAngle = 29.18999999			; in degrees
CorsikaFilePath = ./
CorsikaParameterFile = RUN000004.inp

Using refractivity lookup table from GDAS-based file.
GDAS-provided refractivity table extends to altitude of 26.2984391 km.
Extrapolating to edge of atmosphere at 112.8292 km using Gladstone-Dale law.

 Tabulated atmosphere inside CoREAS has following parameters
     Minimum height: -999.560882 m
     Maximum height: 112829.2 m
         Resolution: 0.9999999993 m
   Number of points: 113829

 done
 done
  qgaini: nuclear cross sections readout from the file sectnu-II-04
  qgaini: nuclear cross sections readout from the file sectnu-II-04
 done
  qgaini: nuclear cross sections readout from the file sectnu-II-04
 done
  qgaini: nuclear cross sections readout from the file sectnu-II-04
 done
  qgaini: nuclear cross sections readout from the file sectnu-II-04
 done
  qgaini: nuclear cross sections readout from the file sectnu-II-04
 done
  qgaini: nuclear cross sections readout from the file sectnu-II-04
 done
  qgaini: nuclear cross sections readout from the file sectnu-II-04
 done
  qgaini: nuclear cross sections readout from the file sectnu-II-04
 done
 done
  qgaini: nuclear cross sections readout from the file sectnu-II-04
  qgaini: nuclear cross sections readout from the file sectnu-II-04
 CoREAS: Parameter file /home/kit/ikp/bg5912/work/sims/testsims/000004/SIM000004.reas successfully imported!
 CoREAS: Antenna list file /home/kit/ikp/bg5912/work/sims/testsims/000004/SIM000004.list successfully imported!
 CoREAS: Parameter file /home/kit/ikp/bg5912/work/sims/testsims/000004/SIM000004.reas successfully imported!
 CoREAS: Antenna list file /home/kit/ikp/bg5912/work/sims/testsims/000004/SIM000004.list successfully imported!
 CoREAS: Parameter file /home/kit/ikp/bg5912/work/sims/testsims/000004/SIM000004.reas successfully imported!
 CoREAS: Antenna list file /home/kit/ikp/bg5912/work/sims/testsims/000004/SIM000004.list successfully imported!
 done
 done
 done
 done
  qgaini: nuclear cross sections readout from the file sectnu-II-04
  qgaini: nuclear cross sections readout from the file sectnu-II-04
  qgaini: nuclear cross sections readout from the file sectnu-II-04
  qgaini: nuclear cross sections readout from the file sectnu-II-04
 done
  qgaini: nuclear cross sections readout from the file sectnu-II-04
 CoREAS: Parameter file /home/kit/ikp/bg5912/work/sims/testsims/000004/SIM000004.reas successfully imported!
 CoREAS: Parameter file /home/kit/ikp/bg5912/work/sims/testsims/000004/SIM000004.reas successfully imported!
 CoREAS: Parameter file /home/kit/ikp/bg5912/work/sims/testsims/000004/SIM000004.reas successfully imported!
 CoREAS: Antenna list file /home/kit/ikp/bg5912/work/sims/testsims/000004/SIM000004.list successfully imported!
 CoREAS: Antenna list file /home/kit/ikp/bg5912/work/sims/testsims/000004/SIM000004.list successfully imported!
 CoREAS: Antenna list file /home/kit/ikp/bg5912/work/sims/testsims/000004/SIM000004.list successfully imported!
 done
  qgaini: nuclear cross sections readout from the file sectnu-II-04
 done
  qgaini: nuclear cross sections readout from the file sectnu-II-04
 done
 done
 done
  qgaini: nuclear cross sections readout from the file sectnu-II-04
  qgaini: nuclear cross sections readout from the file sectnu-II-04
  qgaini: nuclear cross sections readout from the file sectnu-II-04
 CoREAS: Parameter file /home/kit/ikp/bg5912/work/sims/testsims/000004/SIM000004.reas successfully imported!
 CoREAS: Antenna list file /home/kit/ikp/bg5912/work/sims/testsims/000004/SIM000004.list successfully imported!
 CoREAS: Parameter file /home/kit/ikp/bg5912/work/sims/testsims/000004/SIM000004.reas successfully imported!
 CoREAS: Antenna list file /home/kit/ikp/bg5912/work/sims/testsims/000004/SIM000004.list successfully imported!
 done
  qgaini: nuclear cross sections readout from the file sectnu-II-04
 CoREAS: Parameter file /home/kit/ikp/bg5912/work/sims/testsims/000004/SIM000004.reas successfully imported!
 CoREAS: Antenna list file /home/kit/ikp/bg5912/work/sims/testsims/000004/SIM000004.list successfully imported!
 done
 done
  qgaini: nuclear cross sections readout from the file sectnu-II-04
  qgaini: nuclear cross sections readout from the file sectnu-II-04
 done
  qgaini: nuclear cross sections readout from the file sectnu-II-04
 done
  qgaini: nuclear cross sections readout from the file sectnu-II-04
 done
  qgaini: nuclear cross sections readout from the file sectnu-II-04
 done
  qgaini: nuclear cross sections readout from the file sectnu-II-04
 done
  qgaini: nuclear cross sections readout from the file sectnu-II-04
 done
  qgaini: nuclear cross sections readout from the file sectnu-II-04
 done
  qgaini: nuclear cross sections readout from the file sectnu-II-04
 done
  qgaini: nuclear cross sections readout from the file sectnu-II-04
 done
  qgaini: nuclear cross sections readout from the file sectnu-II-04
 done
  qgaini: nuclear cross sections readout from the file sectnu-II-04
 done
  qgaini: nuclear cross sections readout from the file sectnu-II-04
 done
  qgaini: nuclear cross sections readout from the file sectnu-II-04
 CoREAS: Parameter file /home/kit/ikp/bg5912/work/sims/testsims/000004/SIM000004.reas successfully imported!
 CoREAS: Parameter file /home/kit/ikp/bg5912/work/sims/testsims/000004/SIM000004.reas successfully imported!
 CoREAS: Antenna list file /home/kit/ikp/bg5912/work/sims/testsims/000004/SIM000004.list successfully imported!
 CoREAS: Antenna list file /home/kit/ikp/bg5912/work/sims/testsims/000004/SIM000004.list successfully imported!
 done
  qgaini: nuclear cross sections readout from the file sectnu-II-04
 done
  qgaini: nuclear cross sections readout from the file sectnu-II-04
 CoREAS: Parameter file /home/kit/ikp/bg5912/work/sims/testsims/000004/SIM000004.reas successfully imported!
 CoREAS: Parameter file /home/kit/ikp/bg5912/work/sims/testsims/000004/SIM000004.reas successfully imported!
 CoREAS: Antenna list file /home/kit/ikp/bg5912/work/sims/testsims/000004/SIM000004.list successfully imported!
 CoREAS: Antenna list file /home/kit/ikp/bg5912/work/sims/testsims/000004/SIM000004.list successfully imported!
 CoREAS: Parameter file /home/kit/ikp/bg5912/work/sims/testsims/000004/SIM000004.reas successfully imported!
 CoREAS: Parameter file /home/kit/ikp/bg5912/work/sims/testsims/000004/SIM000004.reas successfully imported!
 CoREAS: Antenna list file /home/kit/ikp/bg5912/work/sims/testsims/000004/SIM000004.list successfully imported!
 CoREAS: Antenna list file /home/kit/ikp/bg5912/work/sims/testsims/000004/SIM000004.list successfully imported!
 CoREAS: Parameter file /home/kit/ikp/bg5912/work/sims/testsims/000004/SIM000004.reas successfully imported!
 CoREAS: Antenna list file /home/kit/ikp/bg5912/work/sims/testsims/000004/SIM000004.list successfully imported!
 CoREAS: Parameter file /home/kit/ikp/bg5912/work/sims/testsims/000004/SIM000004.reas successfully imported!
 CoREAS: Antenna list file /home/kit/ikp/bg5912/work/sims/testsims/000004/SIM000004.list successfully imported!
 CoREAS: Parameter file /home/kit/ikp/bg5912/work/sims/testsims/000004/SIM000004.reas successfully imported!
 CoREAS: Antenna list file /home/kit/ikp/bg5912/work/sims/testsims/000004/SIM000004.list successfully imported!
 CoREAS: Parameter file /home/kit/ikp/bg5912/work/sims/testsims/000004/SIM000004.reas successfully imported!
 CoREAS: Antenna list file /home/kit/ikp/bg5912/work/sims/testsims/000004/SIM000004.list successfully imported!
 CoREAS: Parameter file /home/kit/ikp/bg5912/work/sims/testsims/000004/SIM000004.reas successfully imported!
 CoREAS: Parameter file /home/kit/ikp/bg5912/work/sims/testsims/000004/SIM000004.reas successfully imported!
 CoREAS: Antenna list file /home/kit/ikp/bg5912/work/sims/testsims/000004/SIM000004.list successfully imported!
 CoREAS: Antenna list file /home/kit/ikp/bg5912/work/sims/testsims/000004/SIM000004.list successfully imported!
 CoREAS: Parameter file /home/kit/ikp/bg5912/work/sims/testsims/000004/SIM000004.reas successfully imported!
 CoREAS: Antenna list file /home/kit/ikp/bg5912/work/sims/testsims/000004/SIM000004.list successfully imported!
 CoREAS: Parameter file /home/kit/ikp/bg5912/work/sims/testsims/000004/SIM000004.reas successfully imported!
 CoREAS: Antenna list file /home/kit/ikp/bg5912/work/sims/testsims/000004/SIM000004.list successfully imported!
 CoREAS: Parameter file /home/kit/ikp/bg5912/work/sims/testsims/000004/SIM000004.reas successfully imported!
 CoREAS: Antenna list file /home/kit/ikp/bg5912/work/sims/testsims/000004/SIM000004.list successfully imported!
 CoREAS: Parameter file /home/kit/ikp/bg5912/work/sims/testsims/000004/SIM000004.reas successfully imported!
 CoREAS: Antenna list file /home/kit/ikp/bg5912/work/sims/testsims/000004/SIM000004.list successfully imported!
 CoREAS: Parameter file /home/kit/ikp/bg5912/work/sims/testsims/000004/SIM000004.reas successfully imported!
 CoREAS: Antenna list file /home/kit/ikp/bg5912/work/sims/testsims/000004/SIM000004.list successfully imported!
 CoREAS: Parameter file /home/kit/ikp/bg5912/work/sims/testsims/000004/SIM000004.reas successfully imported!
 CoREAS: Antenna list file /home/kit/ikp/bg5912/work/sims/testsims/000004/SIM000004.list successfully imported!
 CoREAS: Parameter file /home/kit/ikp/bg5912/work/sims/testsims/000004/SIM000004.reas successfully imported!
 CoREAS: Antenna list file /home/kit/ikp/bg5912/work/sims/testsims/000004/SIM000004.list successfully imported!
 CoREAS: Parameter file /home/kit/ikp/bg5912/work/sims/testsims/000004/SIM000004.reas successfully imported!
 CoREAS: Antenna list file /home/kit/ikp/bg5912/work/sims/testsims/000004/SIM000004.list successfully imported!
 CoREAS: Parameter file /home/kit/ikp/bg5912/work/sims/testsims/000004/SIM000004.reas successfully imported!
 CoREAS: Antenna list file /home/kit/ikp/bg5912/work/sims/testsims/000004/SIM000004.list successfully imported!
 CoREAS: Parameter file /home/kit/ikp/bg5912/work/sims/testsims/000004/SIM000004.reas successfully imported!
 CoREAS: Antenna list file /home/kit/ikp/bg5912/work/sims/testsims/000004/SIM000004.list successfully imported!
 CoREAS: Parameter file /home/kit/ikp/bg5912/work/sims/testsims/000004/SIM000004.reas successfully imported!
 CoREAS: Antenna list file /home/kit/ikp/bg5912/work/sims/testsims/000004/SIM000004.list successfully imported!
 CoREAS: Parameter file /home/kit/ikp/bg5912/work/sims/testsims/000004/SIM000004.reas successfully imported!
 CoREAS: Antenna list file /home/kit/ikp/bg5912/work/sims/testsims/000004/SIM000004.list successfully imported!
 CoREAS: Parameter file /home/kit/ikp/bg5912/work/sims/testsims/000004/SIM000004.reas successfully imported!
 CoREAS: Antenna list file /home/kit/ikp/bg5912/work/sims/testsims/000004/SIM000004.list successfully imported!
 CoREAS: Parameter file /home/kit/ikp/bg5912/work/sims/testsims/000004/SIM000004.reas successfully imported!
 CoREAS: Antenna list file /home/kit/ikp/bg5912/work/sims/testsims/000004/SIM000004.list successfully imported!
 CoREAS: Parameter file /home/kit/ikp/bg5912/work/sims/testsims/000004/SIM000004.reas successfully imported!
 CoREAS: Antenna list file /home/kit/ikp/bg5912/work/sims/testsims/000004/SIM000004.list successfully imported!
 CoREAS: Parameter file /home/kit/ikp/bg5912/work/sims/testsims/000004/SIM000004.reas successfully imported!
 CoREAS: Antenna list file /home/kit/ikp/bg5912/work/sims/testsims/000004/SIM000004.list successfully imported!
 CoREAS: Parameter file /home/kit/ikp/bg5912/work/sims/testsims/000004/SIM000004.reas successfully imported!
 CoREAS: Antenna list file /home/kit/ikp/bg5912/work/sims/testsims/000004/SIM000004.list successfully imported!
Parallel Task #22 SUCCESSFULLY FINALIZED
Parallel Task #16 SUCCESSFULLY FINALIZED
Parallel Task #23 SUCCESSFULLY FINALIZED
Parallel Task #21 SUCCESSFULLY FINALIZED
Parallel Task #15 SUCCESSFULLY FINALIZED
Parallel Task #19 SUCCESSFULLY FINALIZED
Parallel Task #35 SUCCESSFULLY FINALIZED
Parallel Task #39 SUCCESSFULLY FINALIZED
Parallel Task #24 SUCCESSFULLY FINALIZED
Parallel Task #33 SUCCESSFULLY FINALIZED
Parallel Task #14 SUCCESSFULLY FINALIZED
Parallel Task #25 SUCCESSFULLY FINALIZED
Parallel Task #4 SUCCESSFULLY FINALIZED
Parallel Task #26 SUCCESSFULLY FINALIZED
Parallel Task #17 SUCCESSFULLY FINALIZED
Parallel Task #34 SUCCESSFULLY FINALIZED
Parallel Task #36 SUCCESSFULLY FINALIZED
Parallel Task #18 SUCCESSFULLY FINALIZED
Parallel Task #20 SUCCESSFULLY FINALIZED
Parallel Task #38 SUCCESSFULLY FINALIZED
Parallel Task #37 SUCCESSFULLY FINALIZED
Parallel Task #28 SUCCESSFULLY FINALIZED
Parallel Task #31 SUCCESSFULLY FINALIZED
Parallel Task #29 SUCCESSFULLY FINALIZED
Parallel Task #32 SUCCESSFULLY FINALIZED
Parallel Task #30 SUCCESSFULLY FINALIZED
Parallel Task #27 SUCCESSFULLY FINALIZED
Parallel Task #10 SUCCESSFULLY FINALIZED
Parallel Task #2 SUCCESSFULLY FINALIZED
Parallel Task #6 SUCCESSFULLY FINALIZED
Parallel Task #5 SUCCESSFULLY FINALIZED
Parallel Task #1 SUCCESSFULLY FINALIZED
Parallel Task #9 SUCCESSFULLY FINALIZED
Parallel Task #3 SUCCESSFULLY FINALIZED
Parallel Task #12 SUCCESSFULLY FINALIZED
Parallel Task #13 SUCCESSFULLY FINALIZED
Parallel Task #8 SUCCESSFULLY FINALIZED
Parallel Task #7 SUCCESSFULLY FINALIZED
Parallel Task #11 SUCCESSFULLY FINALIZED
Parallel Task #0 SUCCESSFULLY FINALIZED
