 -1.3462250E+04  1.368E-01  1.689E-01  1.776E-01
 -1.3461750E+04 -2.949E-02  5.561E-02  3.173E-01
 -1.3461250E+04 -1.574E-01 -1.268E-01  5.258E-02
 -1.3460750E+04 -4.774E-03  3.346E-02  1.433E-01
 -1.3460250E+04  1.488E-01  1.912E-01  2.236E-01
 -1.3459750E+04  4.136E-01  4.102E-01  1.571E-01
 -1.3459250E+04  3.814E-01  3.512E-01  2.482E-02
 -1.3458750E+04  4.403E-01  4.014E-01  2.805E-02
 -1.3458250E+04  5.911E-01  5.575E-01  1.138E-01
 -1.3457750E+04  1.271E-01  1.704E-01  2.406E-01
 -1.3457250E+04  7.528E-02  5.896E-02 -3.775E-02
 -1.3456750E+04  3.113E-01  3.183E-01  1.536E-01
 -1.3456250E+04  4.191E-01  4.417E-01  2.530E-01
 -1.3455750E+04  2.751E-01  2.548E-01  2.244E-02
 -1.3455250E+04  4.406E-01  4.737E-01  2.924E-01
 -1.3454750E+04  1.654E-01  1.407E-01 -3.221E-02
 -1.3454250E+04  2.802E-01  2.814E-01  1.142E-01
 -1.3453750E+04  1.142E-01  1.726E-01  2.580E-01
 -1.3453250E+04  5.513E-01  5.918E-01  3.755E-01
 -1.3452750E+04  2.650E-01  2.670E-01  1.051E-01
 -1.3452250E+04  3.775E-01  4.393E-01  3.929E-01
 -1.3451750E+04  4.630E-01  4.746E-01  2.380E-01
 -1.3451250E+04  6.845E-01  7.518E-01  5.152E-01
 -1.3450750E+04  3.323E-01  3.132E-01  5.856E-02
 -1.3450250E+04  4.194E-01  4.128E-01  1.393E-01
 -1.3449750E+04  4.744E-02  7.062E-02  1.094E-01
 -1.3449250E+04  4.617E-01  5.235E-01  4.206E-01
 -1.3448750E+04  3.308E-01  2.540E-01 -1.599E-01
 -1.3448250E+04  2.100E-01  2.361E-01  1.735E-01
 -1.3447750E+04 -1.009E-02  8.454E-02  3.622E-01
 -1.3447250E+04  5.521E-01  6.366E-01  5.300E-01
 -1.3446750E+04  5.917E-01  7.023E-01  6.481E-01
 -1.3446250E+04  9.346E-01  9.164E-01  2.918E-01
 -1.3445750E+04  3.019E-01  3.061E-01  1.312E-01
 -1.3445250E+04  5.749E-01  5.214E-01  1.240E-02
 -1.3444750E+04  6.513E-01  5.898E-01  1.255E-02
 -1.3444250E+04  5.483E-01  5.643E-01  2.744E-01
 -1.3443750E+04  1.357E+00  1.397E+00  6.710E-01
 -1.3443250E+04  3.925E-01  3.613E-01  1.470E-02
 -1.3442750E+04  6.004E-01  7.714E-01  8.928E-01
 -1.3442250E+04  8.706E-01  9.178E-01  5.082E-01
 -1.3441750E+04  6.639E-01  7.799E-01  7.078E-01
 -1.3441250E+04  5.514E-01  5.075E-01  6.656E-02
 -1.3440750E+04  1.044E+00  1.093E+00  5.758E-01
 -1.3440250E+04  4.243E-01  4.021E-01  5.594E-02
 -1.3439750E+04  8.095E-01  1.023E+00  1.127E+00
 -1.3439250E+04  8.615E-01  8.143E-01  1.549E-01
 -1.3438750E+04  1.210E+00  1.254E+00  6.123E-01
 -1.3438250E+04  1.155E+00  1.278E+00  9.060E-01
 -1.3437750E+04  7.062E-01  6.174E-01 -7.839E-02
 -1.3437250E+04  1.146E+00  1.272E+00  9.225E-01
 -1.3436750E+04  8.534E-01  8.512E-01  3.116E-01
 -1.3436250E+04  3.948E-01  5.278E-01  6.542E-01
 -1.3435750E+04  1.007E+00  1.107E+00  7.600E-01
 -1.3435250E+04  1.148E+00  1.260E+00  8.581E-01
 -1.3434750E+04  1.086E+00  1.114E+00  5.146E-01
 -1.3434250E+04  1.509E+00  1.455E+00  3.469E-01
 -1.3433750E+04  8.864E-01  9.855E-01  6.965E-01
 -1.3433250E+04  1.487E+00  1.589E+00  9.401E-01
 -1.3432750E+04  1.429E+00  1.407E+00  4.389E-01
 -1.3432250E+04  8.856E-01  1.039E+00  8.991E-01
 -1.3431750E+04  1.480E+00  1.506E+00  6.523E-01
 -1.3431250E+04  2.263E+00  2.347E+00  1.152E+00
 -1.3430750E+04  1.843E+00  1.770E+00  3.949E-01
 -1.3430250E+04  1.263E+00  1.283E+00  5.306E-01
 -1.3429750E+04  1.539E+00  1.714E+00  1.230E+00
 -1.3429250E+04  9.232E-01  1.056E+00  8.371E-01
 -1.3428750E+04  1.336E+00  1.316E+00  4.061E-01
 -1.3428250E+04  1.486E+00  1.613E+00  1.028E+00
 -1.3427750E+04  1.296E+00  1.371E+00  7.566E-01
 -1.3427250E+04  2.170E+00  2.466E+00  1.909E+00
 -1.3426750E+04  1.975E+00  2.085E+00  1.129E+00
 -1.3426250E+04  2.247E+00  2.384E+00  1.328E+00
 -1.3425750E+04  2.050E+00  2.168E+00  1.185E+00
 -1.3425250E+04  2.345E+00  2.432E+00  1.178E+00
 -1.3424750E+04  2.513E+00  2.660E+00  1.472E+00
 -1.3424250E+04  3.397E+00  3.502E+00  1.617E+00
 -1.3423750E+04  3.075E+00  3.120E+00  1.271E+00
 -1.3423250E+04  3.260E+00  3.471E+00  1.966E+00
 -1.3422750E+04  2.779E+00  2.896E+00  1.432E+00
 -1.3422250E+04  2.374E+00  2.688E+00  2.037E+00
 -1.3421750E+04  2.319E+00  2.576E+00  1.805E+00
 -1.3421250E+04  3.370E+00  3.490E+00  1.647E+00
 -1.3420750E+04  3.039E+00  3.274E+00  1.962E+00
 -1.3420250E+04  2.877E+00  3.007E+00  1.500E+00
 -1.3419750E+04  3.956E+00  4.133E+00  2.061E+00
 -1.3419250E+04  4.508E+00  4.472E+00  1.476E+00
 -1.3418750E+04  3.384E+00  3.621E+00  2.100E+00
 -1.3418250E+04  2.144E+00  2.385E+00  1.661E+00
 -1.3417750E+04  4.307E+00  4.873E+00  3.653E+00
 -1.3417250E+04  4.644E+00  4.731E+00  1.941E+00
 -1.3416750E+04  4.038E+00  4.133E+00  1.806E+00
 -1.3416250E+04  3.207E+00  3.069E+00  7.322E-01
 -1.3415750E+04  3.453E+00  3.733E+00  2.113E+00
 -1.3415250E+04  4.024E+00  4.472E+00  3.120E+00
 -1.3414750E+04  2.872E+00  3.282E+00  2.538E+00
 -1.3414250E+04  5.242E+00  5.345E+00  2.154E+00
 -1.3413750E+04  4.344E+00  4.503E+00  2.127E+00
 -1.3413250E+04  6.105E+00  6.087E+00  2.050E+00
 -1.3412750E+04  3.929E+00  4.652E+00  4.070E+00
 -1.3412250E+04  4.684E+00  5.301E+00  3.930E+00
 -1.3411750E+04  5.717E+00  5.967E+00  2.889E+00
 -1.3411250E+04  5.704E+00  6.056E+00  3.312E+00
 -1.3410750E+04  4.635E+00  4.549E+00  1.246E+00
 -1.3410250E+04  5.151E+00  5.647E+00  3.635E+00
 -1.3409750E+04  5.295E+00  5.577E+00  2.846E+00
 -1.3409250E+04  3.660E+00  3.956E+00  2.363E+00
 -1.3408750E+04  5.570E+00  6.501E+00  5.420E+00
 -1.3408250E+04  6.963E+00  7.130E+00  2.966E+00
 -1.3407750E+04  6.621E+00  7.332E+00  4.915E+00
 -1.3407250E+04  7.981E+00  8.190E+00  3.484E+00
 -1.3406750E+04  5.171E+00  5.502E+00  2.971E+00
 -1.3406250E+04  7.771E+00  7.895E+00  3.087E+00
 -1.3405750E+04  6.911E+00  7.455E+00  4.363E+00
 -1.3405250E+04  7.402E+00  7.481E+00  2.755E+00
 -1.3404750E+04  6.771E+00  7.165E+00  3.732E+00
 -1.3404250E+04  8.582E+00  8.602E+00  2.944E+00
 -1.3403750E+04  6.190E+00  6.859E+00  4.562E+00
 -1.3403250E+04  6.557E+00  6.784E+00  3.017E+00
 -1.3402750E+04  6.352E+00  7.351E+00  5.857E+00
 -1.3402250E+04  9.611E+00  1.002E+01  4.751E+00
 -1.3401750E+04  9.790E+00  9.763E+00  3.121E+00
 -1.3401250E+04  9.667E+00  9.772E+00  3.580E+00
 -1.3400750E+04  7.124E+00  8.063E+00  5.866E+00
 -1.3400250E+04  6.475E+00  6.895E+00  3.697E+00
 -1.3399750E+04  8.678E+00  9.254E+00  4.996E+00
 -1.3399250E+04  7.562E+00  8.255E+00  5.055E+00
 -1.3398750E+04  9.943E+00  1.062E+01  5.794E+00
 -1.3398250E+04  9.797E+00  1.037E+01  5.325E+00
 -1.3397750E+04  1.128E+01  1.183E+01  5.727E+00
 -1.3397250E+04  1.032E+01  1.130E+01  7.039E+00
 -1.3396750E+04  9.193E+00  9.876E+00  5.522E+00
 -1.3396250E+04  8.419E+00  9.471E+00  6.682E+00
 -1.3395750E+04  1.151E+01  1.175E+01  4.636E+00
 -1.3395250E+04  1.214E+01  1.241E+01  4.945E+00
 -1.3394750E+04  1.350E+01  1.414E+01  6.741E+00
 -1.3394250E+04  1.129E+01  1.251E+01  8.171E+00
 -1.3393750E+04  1.057E+01  1.125E+01  5.915E+00
 -1.3393250E+04  1.188E+01  1.268E+01  6.775E+00
 -1.3392750E+04  1.338E+01  1.406E+01  6.828E+00
 -1.3392250E+04  1.160E+01  1.303E+01  9.070E+00
 -1.3391750E+04  1.346E+01  1.349E+01  4.323E+00
 -1.3391250E+04  1.058E+01  1.153E+01  6.870E+00
 -1.3390750E+04  1.138E+01  1.261E+01  8.211E+00
 -1.3390250E+04  1.414E+01  1.405E+01  4.115E+00
 -1.3389750E+04  1.287E+01  1.339E+01  6.001E+00
 -1.3389250E+04  1.157E+01  1.233E+01  6.437E+00
 -1.3388750E+04  1.393E+01  1.590E+01  1.176E+01
 -1.3388250E+04  1.418E+01  1.528E+01  8.544E+00
 -1.3387750E+04  1.594E+01  1.748E+01  1.077E+01
 -1.3387250E+04  1.394E+01  1.443E+01  6.178E+00
 -1.3386750E+04  1.428E+01  1.470E+01  6.000E+00
 -1.3386250E+04  1.487E+01  1.530E+01  6.199E+00
 -1.3385750E+04  1.326E+01  1.516E+01  1.119E+01
 -1.3385250E+04  1.426E+01  1.512E+01  7.601E+00
 -1.3384750E+04  1.928E+01  2.001E+01  8.698E+00
 -1.3384250E+04  1.751E+01  1.860E+01  9.495E+00
 -1.3383750E+04  1.808E+01  1.968E+01  1.155E+01
 -1.3383250E+04  1.682E+01  1.780E+01  8.808E+00
 -1.3382750E+04  1.873E+01  2.034E+01  1.172E+01
 -1.3382250E+04  1.668E+01  1.855E+01  1.210E+01
 -1.3381750E+04  1.747E+01  1.891E+01  1.068E+01
 -1.3381250E+04  1.706E+01  1.767E+01  7.427E+00
 -1.3380750E+04  1.877E+01  1.951E+01  8.512E+00
 -1.3380250E+04  1.751E+01  1.796E+01  6.943E+00
 -1.3379750E+04  1.930E+01  2.022E+01  9.257E+00
 -1.3379250E+04  1.682E+01  1.858E+01  1.160E+01
 -1.3378750E+04  1.838E+01  1.886E+01  7.278E+00
 -1.3378250E+04  2.198E+01  2.412E+01  1.458E+01
 -1.3377750E+04  1.604E+01  1.751E+01  1.025E+01
 -1.3377250E+04  2.085E+01  2.203E+01  1.059E+01
 -1.3376750E+04  2.171E+01  2.254E+01  9.560E+00
 -1.3376250E+04  2.199E+01  2.266E+01  9.029E+00
 -1.3375750E+04  1.956E+01  2.209E+01  1.525E+01
 -1.3375250E+04  2.361E+01  2.463E+01  1.073E+01
 -1.3374750E+04  2.298E+01  2.446E+01  1.232E+01
 -1.3374250E+04  2.374E+01  2.555E+01  1.374E+01
 -1.3373750E+04  2.070E+01  2.311E+01  1.505E+01
 -1.3373250E+04  2.511E+01  2.674E+01  1.345E+01
 -1.3372750E+04  2.480E+01  2.638E+01  1.316E+01
 -1.3372250E+04  2.355E+01  2.485E+01  1.171E+01
 -1.3371750E+04  2.381E+01  2.525E+01  1.224E+01
 -1.3371250E+04  2.656E+01  2.809E+01  1.345E+01
 -1.3370750E+04  2.461E+01  2.600E+01  1.230E+01
 -1.3370250E+04  2.496E+01  2.751E+01  1.672E+01
 -1.3369750E+04  2.543E+01  2.761E+01  1.546E+01
 -1.3369250E+04  2.824E+01  2.926E+01  1.194E+01
 -1.3368750E+04  2.563E+01  2.643E+01  1.033E+01
 -1.3368250E+04  2.537E+01  2.686E+01  1.274E+01
 -1.3367750E+04  2.298E+01  2.524E+01  1.495E+01
 -1.3367250E+04  2.624E+01  2.780E+01  1.323E+01
 -1.3366750E+04  2.601E+01  2.822E+01  1.559E+01
 -1.3366250E+04  2.693E+01  2.853E+01  1.356E+01
 -1.3365750E+04  2.291E+01  2.595E+01  1.778E+01
 -1.3365250E+04  2.679E+01  2.893E+01  1.553E+01
 -1.3364750E+04  2.467E+01  2.705E+01  1.576E+01
 -1.3364250E+04  2.944E+01  3.001E+01  1.043E+01
 -1.3363750E+04  2.768E+01  2.957E+01  1.474E+01
 -1.3363250E+04  2.746E+01  3.021E+01  1.790E+01
 -1.3362750E+04  3.168E+01  3.478E+01  2.034E+01
 -1.3362250E+04  3.097E+01  3.253E+01  1.445E+01
 -1.3361750E+04  2.937E+01  3.119E+01  1.488E+01
 -1.3361250E+04  3.280E+01  3.526E+01  1.827E+01
 -1.3360750E+04  3.482E+01  3.713E+01  1.825E+01
 -1.3360250E+04  2.660E+01  2.777E+01  1.156E+01
 -1.3359750E+04  2.770E+01  3.096E+01  1.972E+01
 -1.3359250E+04  2.818E+01  3.052E+01  1.641E+01
 -1.3358750E+04  3.158E+01  3.382E+01  1.692E+01
 -1.3358250E+04  2.775E+01  2.956E+01  1.417E+01
 -1.3357750E+04  3.143E+01  3.325E+01  1.530E+01
 -1.3357250E+04  3.118E+01  3.475E+01  2.173E+01
 -1.3356750E+04  3.311E+01  3.488E+01  1.549E+01
 -1.3356250E+04  3.756E+01  3.955E+01  1.751E+01
 -1.3355750E+04  3.625E+01  4.013E+01  2.427E+01
 -1.3355250E+04  3.358E+01  3.657E+01  2.006E+01
 -1.3354750E+04  3.295E+01  3.567E+01  1.890E+01
 -1.3354250E+04  3.658E+01  3.805E+01  1.524E+01
 -1.3353750E+04  3.479E+01  3.736E+01  1.878E+01
 -1.3353250E+04  3.688E+01  3.957E+01  1.979E+01
 -1.3352750E+04  3.893E+01  4.130E+01  1.919E+01
 -1.3352250E+04  3.339E+01  3.538E+01  1.618E+01
 -1.3351750E+04  3.680E+01  3.892E+01  1.756E+01
 -1.3351250E+04  3.417E+01  3.768E+01  2.196E+01
 -1.3350750E+04  3.272E+01  3.629E+01  2.178E+01
 -1.3350250E+04  3.731E+01  3.959E+01  1.821E+01
 -1.3349750E+04  3.580E+01  3.763E+01  1.612E+01
 -1.3349250E+04  4.022E+01  4.197E+01  1.696E+01
 -1.3348750E+04  3.844E+01  4.216E+01  2.380E+01
 -1.3348250E+04  3.667E+01  3.862E+01  1.669E+01
 -1.3347750E+04  3.647E+01  3.920E+01  1.949E+01
 -1.3347250E+04  3.676E+01  3.941E+01  1.927E+01
 -1.3346750E+04  3.212E+01  3.588E+01  2.207E+01
 -1.3346250E+04  3.396E+01  3.658E+01  1.834E+01
 -1.3345750E+04  4.151E+01  4.451E+01  2.178E+01
 -1.3345250E+04  4.141E+01  4.332E+01  1.760E+01
 -1.3344750E+04  3.996E+01  4.365E+01  2.375E+01
 -1.3344250E+04  4.063E+01  4.274E+01  1.811E+01
 -1.3343750E+04  3.738E+01  4.059E+01  2.123E+01
 -1.3343250E+04  3.746E+01  3.989E+01  1.833E+01
 -1.3342750E+04  3.191E+01  3.513E+01  1.972E+01
 -1.3342250E+04  3.804E+01  4.161E+01  2.266E+01
 -1.3341750E+04  3.622E+01  4.009E+01  2.331E+01
 -1.3341250E+04  3.825E+01  4.104E+01  1.988E+01
 -1.3340750E+04  3.797E+01  4.102E+01  2.066E+01
 -1.3340250E+04  3.830E+01  4.151E+01  2.134E+01
 -1.3339750E+04  3.512E+01  3.771E+01  1.814E+01
 -1.3339250E+04  4.369E+01  4.672E+01  2.194E+01
 -1.3338750E+04  4.480E+01  4.694E+01  1.904E+01
 -1.3338250E+04  4.030E+01  4.589E+01  3.055E+01
 -1.3337750E+04  4.541E+01  4.846E+01  2.241E+01
 -1.3337250E+04  4.130E+01  4.348E+01  1.809E+01
 -1.3336750E+04  3.982E+01  4.258E+01  1.989E+01
 -1.3336250E+04  4.179E+01  4.558E+01  2.410E+01
 -1.3335750E+04  3.519E+01  3.883E+01  2.177E+01
 -1.3335250E+04  3.955E+01  4.125E+01  1.579E+01
 -1.3334750E+04  4.072E+01  4.397E+01  2.172E+01
 -1.3334250E+04  4.196E+01  4.651E+01  2.670E+01
 -1.3333750E+04  4.561E+01  4.859E+01  2.183E+01
 -1.3333250E+04  3.818E+01  4.056E+01  1.759E+01
 -1.3332750E+04  3.979E+01  4.402E+01  2.507E+01
 -1.3332250E+04  4.707E+01  4.795E+01  1.444E+01
 -1.3331750E+04  3.812E+01  4.202E+01  2.321E+01
 -1.3331250E+04  4.529E+01  4.886E+01  2.381E+01
 -1.3330750E+04  4.780E+01  5.176E+01  2.583E+01
 -1.3330250E+04  4.283E+01  4.639E+01  2.314E+01
 -1.3329750E+04  3.979E+01  4.305E+01  2.108E+01
 -1.3329250E+04  3.886E+01  4.228E+01  2.150E+01
 -1.3328750E+04  4.368E+01  4.714E+01  2.287E+01
 -1.3328250E+04  3.962E+01  4.201E+01  1.790E+01
 -1.3327750E+04  4.098E+01  4.432E+01  2.158E+01
 -1.3327250E+04  4.394E+01  4.682E+01  2.100E+01
 -1.3326750E+04  4.302E+01  4.640E+01  2.218E+01
 -1.3326250E+04  4.078E+01  4.471E+01  2.377E+01
 -1.3325750E+04  3.897E+01  4.364E+01  2.577E+01
 -1.3325250E+04  3.875E+01  4.285E+01  2.374E+01
 -1.3324750E+04  4.462E+01  4.808E+01  2.267E+01
 -1.3324250E+04  4.236E+01  4.592E+01  2.231E+01
 -1.3323750E+04  3.947E+01  4.381E+01  2.473E+01
 -1.3323250E+04  4.481E+01  4.834E+01  2.307E+01
 -1.3322750E+04  5.020E+01  5.366E+01  2.398E+01
 -1.3322250E+04  4.414E+01  4.815E+01  2.449E+01
 -1.3321750E+04  3.682E+01  4.129E+01  2.431E+01
 -1.3321250E+04  4.307E+01  4.602E+01  2.021E+01
 -1.3320750E+04  4.006E+01  4.421E+01  2.405E+01
 -1.3320250E+04  4.072E+01  4.353E+01  1.911E+01
 -1.3319750E+04  4.463E+01  4.834E+01  2.338E+01
 -1.3319250E+04  4.129E+01  4.584E+01  2.561E+01
 -1.3318750E+04  4.094E+01  4.635E+01  2.841E+01
 -1.3318250E+04  4.019E+01  4.483E+01  2.559E+01
 -1.3317750E+04  4.193E+01  4.607E+01  2.398E+01
 -1.3317250E+04  3.723E+01  4.205E+01  2.542E+01
 -1.3316750E+04  4.373E+01  4.699E+01  2.121E+01
 -1.3316250E+04  4.440E+01  4.713E+01  1.953E+01
 -1.3315750E+04  3.975E+01  4.253E+01  1.847E+01
 -1.3315250E+04  4.766E+01  5.058E+01  2.080E+01
 -1.3314750E+04  3.729E+01  4.157E+01  2.331E+01
 -1.3314250E+04  4.268E+01  4.657E+01  2.295E+01
 -1.3313750E+04  3.848E+01  4.129E+01  1.811E+01
 -1.3313250E+04  4.030E+01  4.663E+01  3.140E+01
 -1.3312750E+04  4.129E+01  4.497E+01  2.190E+01
 -1.3312250E+04  4.244E+01  4.573E+01  2.080E+01
 -1.3311750E+04  3.852E+01  4.166E+01  1.916E+01
 -1.3311250E+04  4.707E+01  4.979E+01  1.953E+01
 -1.3310750E+04  4.172E+01  4.432E+01  1.795E+01
 -1.3310250E+04  3.752E+01  4.254E+01  2.580E+01
 -1.3309750E+04  4.190E+01  4.599E+01  2.330E+01
 -1.3309250E+04  4.728E+01  4.992E+01  1.924E+01
 -1.3308750E+04  4.124E+01  4.319E+01  1.518E+01
 -1.3308250E+04  3.801E+01  4.364E+01  2.794E+01
 -1.3307750E+04  4.247E+01  4.757E+01  2.708E+01
 -1.3307250E+04  3.767E+01  4.099E+01  1.944E+01
 -1.3306750E+04  4.089E+01  4.473E+01  2.198E+01
 -1.3306250E+04  4.110E+01  4.504E+01  2.236E+01
 -1.3305750E+04  3.884E+01  4.351E+01  2.457E+01
 -1.3305250E+04  4.249E+01  4.699E+01  2.477E+01
 -1.3304750E+04  3.875E+01  4.267E+01  2.163E+01
 -1.3304250E+04  3.766E+01  4.170E+01  2.179E+01
 -1.3303750E+04  3.984E+01  4.359E+01  2.118E+01
 -1.3303250E+04  3.647E+01  3.945E+01  1.765E+01
 -1.3302750E+04  3.628E+01  3.975E+01  1.925E+01
 -1.3302250E+04  3.119E+01  3.480E+01  1.861E+01
 -1.3301750E+04  4.095E+01  4.455E+01  2.087E+01
 -1.3301250E+04  3.976E+01  4.441E+01  2.433E+01
 -1.3300750E+04  3.977E+01  4.217E+01  1.599E+01
 -1.3300250E+04  3.733E+01  4.096E+01  1.993E+01
 -1.3299750E+04  3.617E+01  4.031E+01  2.171E+01
 -1.3299250E+04  3.935E+01  4.189E+01  1.633E+01
 -1.3298750E+04  3.959E+01  4.291E+01  1.923E+01
 -1.3298250E+04  3.904E+01  4.230E+01  1.890E+01
 -1.3297750E+04  4.094E+01  4.317E+01  1.550E+01
 -1.3297250E+04  3.527E+01  4.015E+01  2.398E+01
 -1.3296750E+04  3.211E+01  3.605E+01  1.970E+01
 -1.3296250E+04  3.870E+01  4.283E+01  2.193E+01
 -1.3295750E+04  3.353E+01  3.761E+01  2.039E+01
 -1.3295250E+04  3.405E+01  3.816E+01  2.075E+01
 -1.3294750E+04  3.400E+01  3.811E+01  2.070E+01
 -1.3294250E+04  3.549E+01  3.890E+01  1.838E+01
 -1.3293750E+04  3.379E+01  3.763E+01  1.961E+01
 -1.3293250E+04  3.792E+01  3.999E+01  1.412E+01
 -1.3292750E+04  3.532E+01  3.881E+01  1.857E+01
 -1.3292250E+04  3.381E+01  3.627E+01  1.448E+01
 -1.3291750E+04  3.898E+01  3.944E+01  8.238E+00
 -1.3291250E+04  2.864E+01  3.292E+01  2.022E+01
 -1.3290750E+04  3.477E+01  3.784E+01  1.685E+01
 -1.3290250E+04  3.430E+01  3.858E+01  2.109E+01
 -1.3289750E+04  3.118E+01  3.613E+01  2.291E+01
 -1.3289250E+04  2.814E+01  3.016E+01  1.150E+01
 -1.3288750E+04  3.291E+01  3.561E+01  1.483E+01
 -1.3288250E+04  3.189E+01  3.363E+01  1.139E+01
 -1.3287750E+04  3.304E+01  3.693E+01  1.925E+01
 -1.3287250E+04  3.671E+01  3.931E+01  1.524E+01
 -1.3286750E+04  2.978E+01  3.397E+01  1.959E+01
 -1.3286250E+04  3.091E+01  3.444E+01  1.729E+01
 -1.3285750E+04  3.099E+01  3.076E+01  3.727E+00
 -1.3285250E+04  3.403E+01  3.711E+01  1.629E+01
 -1.3284750E+04  2.750E+01  3.117E+01  1.727E+01
 -1.3284250E+04  2.522E+01  3.233E+01  2.920E+01
 -1.3283750E+04  2.627E+01  3.248E+01  2.616E+01
 -1.3283250E+04  2.748E+01  2.972E+01  1.187E+01
 -1.3282750E+04  2.977E+01  3.289E+01  1.545E+01
 -1.3282250E+04  3.583E+01  3.702E+01  9.586E+00
 -1.3281750E+04  3.057E+01  3.140E+01  7.293E+00
 -1.3281250E+04  2.192E+01  2.477E+01  1.298E+01
 -1.3280750E+04  2.368E+01  2.876E+01  2.136E+01
 -1.3280250E+04  3.438E+01  3.593E+01  1.067E+01
 -1.3279750E+04  2.799E+01  3.166E+01  1.686E+01
 -1.3279250E+04  3.137E+01  3.442E+01  1.528E+01
 -1.3278750E+04  3.193E+01  3.366E+01  1.066E+01
 -1.3278250E+04  3.031E+01  3.389E+01  1.715E+01
 -1.3277750E+04  2.451E+01  2.891E+01  1.877E+01
 -1.3277250E+04  3.254E+01  3.680E+01  2.006E+01
 -1.3276750E+04  3.281E+01  3.506E+01  1.273E+01
 -1.3276250E+04  1.461E+01  1.911E+01  1.730E+01
 -1.3275750E+04  2.510E+01  2.750E+01  1.166E+01
 -1.3275250E+04  2.535E+01  2.845E+01  1.405E+01
 -1.3274750E+04  2.380E+01  2.666E+01  1.284E+01
 -1.3274250E+04  2.257E+01  2.564E+01  1.369E+01
 -1.3273750E+04  2.469E+01  2.690E+01  1.063E+01
 -1.3273250E+04  2.568E+01  2.818E+01  1.198E+01
 -1.3272750E+04  2.504E+01  2.783E+01  1.300E+01
 -1.3272250E+04  2.703E+01  3.003E+01  1.404E+01
 -1.3271750E+04  2.681E+01  3.106E+01  1.847E+01
 -1.3271250E+04  2.519E+01  2.730E+01  1.038E+01
 -1.3270750E+04  2.635E+01  2.827E+01  9.931E+00
 -1.3270250E+04  2.504E+01  2.781E+01  1.267E+01
 -1.3269750E+04  2.022E+01  2.307E+01  1.222E+01
 -1.3269250E+04  2.232E+01  2.467E+01  1.048E+01
 -1.3268750E+04  1.643E+01  1.891E+01  9.926E+00
 -1.3268250E+04  1.926E+01  2.312E+01  1.552E+01
 -1.3267750E+04  1.933E+01  2.247E+01  1.280E+01
 -1.3267250E+04  2.391E+01  2.664E+01  1.223E+01
 -1.3266750E+04  1.318E+01  1.598E+01  1.060E+01
 -1.3266250E+04  2.240E+01  2.428E+01  9.022E+00
 -1.3265750E+04  1.678E+01  1.906E+01  9.394E+00
 -1.3265250E+04  2.241E+01  2.503E+01  1.150E+01
 -1.3264750E+04  2.172E+01  2.430E+01  1.131E+01
 -1.3264250E+04  1.685E+01  1.794E+01  4.991E+00
 -1.3263750E+04  1.725E+01  1.908E+01  7.499E+00
 -1.3263250E+04  1.491E+01  1.807E+01  1.190E+01
 -1.3262750E+04  1.762E+01  1.899E+01  6.160E+00
 -1.3262250E+04  1.880E+01  1.921E+01  2.670E+00
 -1.3261750E+04  1.797E+01  2.059E+01  1.055E+01
 -1.3261250E+04  1.726E+01  1.971E+01  9.925E+00
 -1.3260750E+04  1.660E+01  1.839E+01  7.227E+00
 -1.3260250E+04  1.833E+01  2.020E+01  7.812E+00
 -1.3259750E+04  1.692E+01  2.046E+01  1.360E+01
 -1.3259250E+04  1.196E+01  1.458E+01  9.553E+00
 -1.3258750E+04  2.126E+01  2.248E+01  5.974E+00
 -1.3258250E+04  1.162E+01  1.511E+01  1.242E+01
 -1.3257750E+04  1.603E+01  1.931E+01  1.248E+01
 -1.3257250E+04  9.466E+00  1.042E+01  2.902E+00
 -1.3256750E+04  1.428E+01  1.493E+01  2.485E+00
 -1.3256250E+04  1.155E+01  1.387E+01  8.239E+00
 -1.3255750E+04  1.465E+01  1.731E+01  9.959E+00
 -1.3255250E+04  6.929E+00  9.457E+00  8.200E+00
 -1.3254750E+04  1.071E+01  1.284E+01  7.222E+00
 -1.3254250E+04  1.030E+01  1.199E+01  5.800E+00
 -1.3253750E+04  1.836E+01  1.882E+01  2.594E+00
 -1.3253250E+04  8.093E+00  1.182E+01  1.247E+01
 -1.3252750E+04  1.513E+01  1.784E+01  1.038E+01
 -1.3252250E+04  1.261E+01  1.391E+01  4.973E+00
 -1.3251750E+04  1.098E+01  1.318E+01  7.372E+00
 -1.3251250E+04  1.440E+01  1.533E+01  3.607E+00
 -1.3250750E+04  8.676E+00  1.054E+01  6.135E+00
 -1.3250250E+04  9.273E+00  9.087E+00 -1.456E+00
 -1.3249750E+04  1.031E+01  1.180E+01  4.777E+00
 -1.3249250E+04  1.001E+01  1.191E+01  6.179E+00
 -1.3248750E+04  9.867E+00  1.151E+01  5.336E+00
 -1.3248250E+04  1.682E+01  1.589E+01 -2.889E+00
 -1.3247750E+04  7.712E+00  8.413E+00  1.593E+00
 -1.3247250E+04  1.162E+01  1.402E+01  8.173E+00
 -1.3246750E+04  4.569E+00  7.423E+00  8.807E+00
 -1.3246250E+04  5.632E+00  6.843E+00  2.999E+00
 -1.3245750E+04  2.993E+00  6.691E+00  1.152E+01
 -1.3245250E+04  8.205E+00  8.529E+00  1.902E-01
 -1.3244750E+04  3.950E+00  4.188E+00 -7.562E-01
 -1.3244250E+04  4.018E+00  6.448E+00  7.372E+00
 -1.3243750E+04  7.881E+00  8.152E+00 -2.038E-01
 -1.3243250E+04  4.163E+00  4.829E+00  6.581E-01
 -1.3242750E+04  8.792E+00  1.080E+01  6.227E+00
 -1.3242250E+04  8.065E+00  9.984E+00  5.867E+00
 -1.3241750E+04  8.335E+00  9.481E+00  3.021E+00
 -1.3241250E+04  4.777E+00  6.361E+00  4.174E+00
 -1.3240750E+04  8.332E-01  1.684E+00  7.466E-01
 -1.3240250E+04  4.000E+00  5.852E+00  5.085E+00
 -1.3239750E+04  5.111E+00  6.832E+00  4.754E+00
 -1.3239250E+04  4.237E+00  6.246E+00  5.442E+00
 -1.3238750E+04  1.888E+00  2.282E+00 -7.474E-01
 -1.3238250E+04  7.764E+00  9.035E+00  3.393E+00
 -1.3237750E+04 -1.109E+00  2.338E-01  2.175E+00
 -1.3237250E+04  1.766E+00  3.101E+00  2.937E+00
 -1.3236750E+04  3.123E+00  4.118E+00  1.804E+00
 -1.3236250E+04 -2.862E-01  1.346E+00  3.403E+00
 -1.3235750E+04  3.448E+00  4.865E+00  3.321E+00
 -1.3235250E+04  2.920E+00  1.135E+00 -8.508E+00
 -1.3234750E+04 -1.642E+00  1.818E+00  9.670E+00
 -1.3234250E+04  2.347E+00  4.702E+00  6.206E+00
 -1.3233750E+04  7.241E+00  6.745E+00 -3.054E+00
 -1.3233250E+04  4.188E+00  3.391E+00 -4.684E+00
 -1.3232750E+04  1.270E+00  2.184E+00  1.179E+00
 -1.3232250E+04  3.902E+00  4.311E+00 -2.011E-01
 -1.3231750E+04 -3.212E+00 -2.193E+00  7.299E-01
 -1.3231250E+04 -1.319E+00 -1.674E-01  1.446E+00
 -1.3230750E+04 -1.437E+00 -1.212E+00 -1.838E+00
 -1.3230250E+04 -8.692E-01  1.189E+00  4.819E+00
 -1.3229750E+04 -7.961E-01  3.184E-01  1.484E+00
 -1.3229250E+04 -1.815E+00 -4.256E-01  2.246E+00
 -1.3228750E+04 -5.922E-01 -2.761E-01 -1.379E+00
 -1.3228250E+04 -5.585E+00 -5.717E+00 -3.651E+00
 -1.3227750E+04 -1.344E+00 -1.520E-02  1.918E+00
 -1.3227250E+04  1.324E+00  1.402E+00 -1.929E+00
 -1.3226750E+04 -1.564E-01 -2.370E+00 -1.042E+01
 -1.3226250E+04 -4.115E+00 -2.083E+00  4.292E+00
 -1.3225750E+04  2.538E-01  1.057E+00  5.742E-01
 -1.3225250E+04 -8.587E+00 -6.938E+00  2.304E+00
 -1.3224750E+04 -1.840E+00 -3.078E+00 -7.169E+00
 -1.3224250E+04  1.161E+00  2.805E-01 -5.439E+00
 -1.3223750E+04  7.352E-01  1.976E+00  1.999E+00
 -1.3223250E+04 -5.902E+00 -5.634E+00 -2.342E+00
 -1.3222750E+04 -2.751E+00 -2.226E+00 -1.011E+00
 -1.3222250E+04 -5.333E+00 -3.227E+00  4.521E+00
 -1.3221750E+04 -6.075E-01 -3.822E-01 -1.572E+00
 -1.3221250E+04 -5.147E-01 -1.197E+00 -4.886E+00
 -1.3220750E+04 -3.645E+00 -2.512E+00  9.662E-01
 -1.3220250E+04 -4.639E+00 -3.781E+00 -1.180E-01
 -1.3219750E+04 -5.792E+00 -5.693E+00 -3.009E+00
 -1.3219250E+04 -3.697E+00 -2.650E+00  5.229E-01
 -1.3218750E+04 -2.038E+00 -3.178E+00 -6.870E+00
 -1.3218250E+04 -7.559E+00 -7.694E+00 -4.036E+00
 -1.3217750E+04 -3.179E+00 -3.076E+00 -2.414E+00
 -1.3217250E+04 -8.832E+00 -7.780E+00  1.597E-01
 -1.3216750E+04 -4.467E+00 -4.616E+00 -3.528E+00
 -1.3216250E+04 -3.325E+00 -3.699E+00 -4.375E+00
 -1.3215750E+04 -7.995E+00 -6.499E+00  1.569E+00
 -1.3215250E+04 -5.820E+00 -4.938E+00 -4.433E-01
 -1.3214750E+04 -6.796E+00 -9.117E+00 -1.126E+01
 -1.3214250E+04 -3.736E+00 -4.199E+00 -4.712E+00
 -1.3213750E+04 -9.135E+00 -8.730E+00 -2.272E+00
 -1.3213250E+04 -8.950E+00 -6.824E+00  3.882E+00
 -1.3212750E+04 -9.187E+00 -7.360E+00  2.827E+00
 -1.3212250E+04 -9.782E+00 -1.030E+01 -5.515E+00
 -1.3211750E+04 -7.976E+00 -7.374E+00 -1.404E+00
 -1.3211250E+04 -1.037E+01 -1.051E+01 -4.397E+00
 -1.3210750E+04 -6.428E+00 -7.399E+00 -6.806E+00
 -1.3210250E+04 -4.555E+00 -4.920E+00 -4.489E+00
 -1.3209750E+04 -8.904E+00 -8.081E+00 -6.436E-01
 -1.3209250E+04 -8.741E+00 -8.736E+00 -3.747E+00
 -1.3208750E+04 -6.690E+00 -7.852E+00 -7.462E+00
 -1.3208250E+04 -9.287E+00 -1.131E+01 -1.078E+01
 -1.3207750E+04 -8.936E+00 -9.217E+00 -4.641E+00
 -1.3207250E+04 -8.177E+00 -6.874E+00  1.068E+00
 -1.3206750E+04 -1.007E+01 -1.063E+01 -5.637E+00
 -1.3206250E+04 -1.198E+01 -1.173E+01 -3.010E+00
 -1.3205750E+04 -5.888E+00 -5.681E+00 -2.574E+00
 -1.3205250E+04 -8.807E+00 -8.355E+00 -1.932E+00
 -1.3204750E+04 -8.737E+00 -1.023E+01 -8.760E+00
 -1.3204250E+04 -9.443E+00 -1.007E+01 -5.870E+00
 -1.3203750E+04 -1.029E+01 -1.190E+01 -9.419E+00
 -1.3203250E+04 -1.181E+01 -1.136E+01 -2.466E+00
 -1.3202750E+04 -8.147E+00 -9.156E+00 -7.259E+00
 -1.3202250E+04 -4.453E+00 -4.966E+00 -4.889E+00
 -1.3201750E+04 -9.235E+00 -9.689E+00 -5.402E+00
 -1.3201250E+04 -1.408E+01 -1.346E+01 -1.959E+00
 -1.3200750E+04 -1.041E+01 -1.182E+01 -8.900E+00
 -1.3200250E+04 -1.053E+01 -1.046E+01 -3.668E+00
 -1.3199750E+04 -1.518E+01 -1.629E+01 -8.186E+00
 -1.3199250E+04 -9.059E+00 -8.167E+00 -5.053E-01
 -1.3198750E+04 -1.105E+01 -1.163E+01 -5.899E+00
 -1.3198250E+04 -5.922E+00 -7.523E+00 -9.102E+00
 -1.3197750E+04 -9.185E+00 -1.016E+01 -7.041E+00
 -1.3197250E+04 -6.097E+00 -6.866E+00 -6.023E+00
 -1.3196750E+04 -1.019E+01 -1.002E+01 -3.068E+00
 -1.3196250E+04 -1.140E+01 -1.153E+01 -4.327E+00
 -1.3195750E+04 -4.767E+00 -7.169E+00 -1.137E+01
 -1.3195250E+04 -1.025E+01 -1.122E+01 -6.870E+00
 -1.3194750E+04 -1.071E+01 -9.977E+00 -1.444E+00
 -1.3194250E+04 -1.466E+01 -1.615E+01 -9.802E+00
 -1.3193750E+04 -1.649E+01 -1.747E+01 -7.672E+00
 -1.3193250E+04 -1.052E+01 -1.192E+01 -8.688E+00
 -1.3192750E+04 -1.413E+01 -1.331E+01 -1.129E+00
 -1.3192250E+04 -7.186E+00 -7.634E+00 -4.752E+00
 -1.3191750E+04 -1.139E+01 -1.136E+01 -3.578E+00
 -1.3191250E+04 -1.425E+01 -1.450E+01 -5.292E+00
 -1.3190750E+04 -1.343E+01 -1.346E+01 -3.878E+00
 -1.3190250E+04 -8.216E+00 -9.738E+00 -8.873E+00
 -1.3189750E+04 -9.092E+00 -1.116E+01 -1.075E+01
 -1.3189250E+04 -1.501E+01 -1.543E+01 -5.547E+00
 -1.3188750E+04 -1.235E+01 -1.309E+01 -6.641E+00
 -1.3188250E+04 -1.611E+01 -1.561E+01 -2.598E+00
 -1.3187750E+04 -1.161E+01 -1.210E+01 -5.445E+00
 -1.3187250E+04 -7.369E+00 -8.306E+00 -6.392E+00
 -1.3186750E+04 -1.155E+01 -1.246E+01 -6.858E+00
 -1.3186250E+04 -1.274E+01 -1.332E+01 -5.943E+00
 -1.3185750E+04 -1.467E+01 -1.481E+01 -4.541E+00
 -1.3185250E+04 -1.152E+01 -1.161E+01 -4.259E+00
 -1.3184750E+04 -1.053E+01 -1.157E+01 -7.159E+00
 -1.3184250E+04 -1.449E+01 -1.487E+01 -5.433E+00
 -1.3183750E+04 -1.465E+01 -1.558E+01 -7.239E+00
 -1.3183250E+04 -1.501E+01 -1.580E+01 -6.639E+00
 -1.3182750E+04 -1.533E+01 -1.621E+01 -7.079E+00
 -1.3182250E+04 -1.242E+01 -1.263E+01 -4.530E+00
 -1.3181750E+04 -1.426E+01 -1.622E+01 -1.076E+01
 -1.3181250E+04 -1.203E+01 -1.300E+01 -7.086E+00
 -1.3180750E+04 -1.448E+01 -1.550E+01 -7.635E+00
 -1.3180250E+04 -1.333E+01 -1.523E+01 -1.069E+01
 -1.3179750E+04 -1.356E+01 -1.468E+01 -8.028E+00
 -1.3179250E+04 -1.514E+01 -1.603E+01 -7.143E+00
 -1.3178750E+04 -1.405E+01 -1.553E+01 -9.191E+00
 -1.3178250E+04 -1.644E+01 -1.791E+01 -9.569E+00
 -1.3177750E+04 -1.306E+01 -1.390E+01 -6.839E+00
 -1.3177250E+04 -1.414E+01 -1.582E+01 -9.752E+00
 -1.3176750E+04 -1.402E+01 -1.495E+01 -7.047E+00
 -1.3176250E+04 -1.418E+01 -1.412E+01 -3.610E+00
 -1.3175750E+04 -1.134E+01 -1.060E+01 -9.980E-01
 -1.3175250E+04 -1.296E+01 -1.298E+01 -3.739E+00
 -1.3174750E+04 -1.501E+01 -1.541E+01 -5.458E+00
 -1.3174250E+04 -1.702E+01 -1.778E+01 -6.826E+00
 -1.3173750E+04 -1.316E+01 -1.401E+01 -6.567E+00
 -1.3173250E+04 -1.365E+01 -1.574E+01 -1.122E+01
 -1.3172750E+04 -1.533E+01 -1.605E+01 -6.586E+00
 -1.3172250E+04 -1.377E+01 -1.519E+01 -8.769E+00
 -1.3171750E+04 -1.834E+01 -1.875E+01 -5.776E+00
 -1.3171250E+04 -1.422E+01 -1.489E+01 -5.982E+00
 -1.3170750E+04 -1.431E+01 -1.653E+01 -1.195E+01
 -1.3170250E+04 -1.231E+01 -1.475E+01 -1.231E+01
 -1.3169750E+04 -1.581E+01 -1.622E+01 -5.291E+00
 -1.3169250E+04 -1.739E+01 -1.834E+01 -7.318E+00
 -1.3168750E+04 -1.272E+01 -1.414E+01 -8.712E+00
 -1.3168250E+04 -1.273E+01 -1.376E+01 -7.408E+00
 -1.3167750E+04 -1.520E+01 -1.584E+01 -6.055E+00
 -1.3167250E+04 -1.535E+01 -1.674E+01 -8.894E+00
 -1.3166750E+04 -1.618E+01 -1.669E+01 -5.825E+00
 -1.3166250E+04 -1.761E+01 -1.803E+01 -5.836E+00
 -1.3165750E+04 -1.435E+01 -1.560E+01 -8.277E+00
 -1.3165250E+04 -1.364E+01 -1.474E+01 -7.564E+00
 -1.3164750E+04 -1.717E+01 -1.682E+01 -2.743E+00
 -1.3164250E+04 -1.439E+01 -1.582E+01 -8.551E+00
 -1.3163750E+04 -1.413E+01 -1.594E+01 -1.041E+01
 -1.3163250E+04 -1.602E+01 -1.717E+01 -8.094E+00
 -1.3162750E+04 -1.471E+01 -1.610E+01 -8.703E+00
 -1.3162250E+04 -1.333E+01 -1.551E+01 -1.117E+01
 -1.3161750E+04 -1.291E+01 -1.304E+01 -3.986E+00
 -1.3161250E+04 -1.549E+01 -1.646E+01 -7.373E+00
 -1.3160750E+04 -1.115E+01 -1.303E+01 -1.015E+01
 -1.3160250E+04 -1.422E+01 -1.589E+01 -9.506E+00
 -1.3159750E+04 -1.575E+01 -1.800E+01 -1.171E+01
 -1.3159250E+04 -1.711E+01 -1.803E+01 -7.091E+00
 -1.3158750E+04 -1.572E+01 -1.577E+01 -3.960E+00
 -1.3158250E+04 -1.603E+01 -1.628E+01 -4.669E+00
 -1.3157750E+04 -1.744E+01 -1.858E+01 -7.855E+00
 -1.3157250E+04 -1.375E+01 -1.497E+01 -8.015E+00
 -1.3156750E+04 -1.436E+01 -1.677E+01 -1.218E+01
 -1.3156250E+04 -1.219E+01 -1.509E+01 -1.375E+01
 -1.3155750E+04 -1.590E+01 -1.737E+01 -8.992E+00
 -1.3155250E+04 -1.677E+01 -1.803E+01 -8.261E+00
 -1.3154750E+04 -1.466E+01 -1.646E+01 -9.953E+00
 -1.3154250E+04 -1.415E+01 -1.492E+01 -6.509E+00
 -1.3153750E+04 -1.652E+01 -1.704E+01 -5.794E+00
 -1.3153250E+04 -1.373E+01 -1.524E+01 -8.643E+00
 -1.3152750E+04 -1.419E+01 -1.576E+01 -9.026E+00
 -1.3152250E+04 -1.618E+01 -1.644E+01 -4.729E+00
 -1.3151750E+04 -1.693E+01 -1.868E+01 -9.813E+00
 -1.3151250E+04 -1.397E+01 -1.484E+01 -6.612E+00
 -1.3150750E+04 -1.563E+01 -1.607E+01 -5.181E+00
 -1.3150250E+04 -1.249E+01 -1.432E+01 -1.013E+01
 -1.3149750E+04 -1.510E+01 -1.622E+01 -7.575E+00
 -1.3149250E+04 -1.456E+01 -1.549E+01 -6.881E+00
 -1.3148750E+04 -1.764E+01 -1.947E+01 -1.018E+01
 -1.3148250E+04 -1.588E+01 -1.663E+01 -6.365E+00
 -1.3147750E+04 -1.850E+01 -1.897E+01 -5.594E+00
 -1.3147250E+04 -1.617E+01 -1.768E+01 -9.198E+00
 -1.3146750E+04 -1.442E+01 -1.577E+01 -8.206E+00
 -1.3146250E+04 -1.715E+01 -1.841E+01 -7.981E+00
 -1.3145750E+04 -1.531E+01 -1.614E+01 -6.628E+00
 -1.3145250E+04 -1.663E+01 -1.790E+01 -8.216E+00
 -1.3144750E+04 -1.563E+01 -1.700E+01 -8.194E+00
 -1.3144250E+04 -1.233E+01 -1.340E+01 -6.826E+00
 -1.3143750E+04 -1.493E+01 -1.621E+01 -7.652E+00
 -1.3143250E+04 -1.385E+01 -1.549E+01 -9.264E+00
 -1.3142750E+04 -1.514E+01 -1.662E+01 -8.487E+00
 -1.3142250E+04 -1.680E+01 -1.778E+01 -6.929E+00
 -1.3141750E+04 -1.482E+01 -1.608E+01 -8.011E+00
 -1.3141250E+04 -1.389E+01 -1.560E+01 -9.466E+00
 -1.3140750E+04 -1.253E+01 -1.466E+01 -1.063E+01
 -1.3140250E+04 -1.235E+01 -1.372E+01 -7.831E+00
 -1.3139750E+04 -1.627E+01 -1.812E+01 -1.009E+01
 -1.3139250E+04 -1.370E+01 -1.476E+01 -7.005E+00
 -1.3138750E+04 -1.494E+01 -1.640E+01 -8.648E+00
 -1.3138250E+04 -1.684E+01 -1.792E+01 -7.480E+00
 -1.3137750E+04 -1.627E+01 -1.755E+01 -7.919E+00
 -1.3137250E+04 -1.425E+01 -1.520E+01 -6.649E+00
 -1.3136750E+04 -1.630E+01 -1.687E+01 -5.481E+00
 -1.3136250E+04 -1.503E+01 -1.627E+01 -7.711E+00
 -1.3135750E+04 -1.543E+01 -1.714E+01 -9.361E+00
 -1.3135250E+04 -1.610E+01 -1.737E+01 -7.773E+00
 -1.3134750E+04 -1.370E+01 -1.530E+01 -8.659E+00
 -1.3134250E+04 -1.133E+01 -1.280E+01 -8.532E+00
 -1.3133750E+04 -1.441E+01 -1.635E+01 -1.048E+01
 -1.3133250E+04 -1.683E+01 -1.815E+01 -8.175E+00
 -1.3132750E+04 -1.384E+01 -1.435E+01 -4.762E+00
 -1.3132250E+04 -1.349E+01 -1.456E+01 -7.070E+00
 -1.3131750E+04 -1.820E+01 -1.922E+01 -7.438E+00
 -1.3131250E+04 -1.604E+01 -1.719E+01 -7.370E+00
 -1.3130750E+04 -1.513E+01 -1.646E+01 -8.166E+00
 -1.3130250E+04 -1.415E+01 -1.596E+01 -9.642E+00
 -1.3129750E+04 -1.597E+01 -1.676E+01 -6.284E+00
 -1.3129250E+04 -1.496E+01 -1.615E+01 -7.815E+00
 -1.3128750E+04 -1.332E+01 -1.427E+01 -5.942E+00
 -1.3128250E+04 -1.440E+01 -1.650E+01 -1.057E+01
 -1.3127750E+04 -1.665E+01 -1.845E+01 -9.745E+00
 -1.3127250E+04 -1.621E+01 -1.695E+01 -6.132E+00
 -1.3126750E+04 -1.472E+01 -1.605E+01 -7.792E+00
 -1.3126250E+04 -1.582E+01 -1.686E+01 -6.911E+00
 -1.3125750E+04 -1.557E+01 -1.645E+01 -6.355E+00
 -1.3125250E+04 -1.699E+01 -1.791E+01 -6.729E+00
 -1.3124750E+04 -1.425E+01 -1.485E+01 -5.261E+00
 -1.3124250E+04 -1.623E+01 -1.727E+01 -7.043E+00
 -1.3123750E+04 -1.335E+01 -1.551E+01 -1.036E+01
 -1.3123250E+04 -1.230E+01 -1.362E+01 -7.374E+00
 -1.3122750E+04 -1.462E+01 -1.617E+01 -8.394E+00
 -1.3122250E+04 -1.359E+01 -1.526E+01 -8.731E+00
 -1.3121750E+04 -1.590E+01 -1.707E+01 -7.270E+00
 -1.3121250E+04 -1.436E+01 -1.554E+01 -7.145E+00
 -1.3120750E+04 -1.500E+01 -1.705E+01 -1.063E+01
 -1.3120250E+04 -1.230E+01 -1.353E+01 -7.404E+00
 -1.3119750E+04 -1.592E+01 -1.699E+01 -7.049E+00
 -1.3119250E+04 -1.618E+01 -1.738E+01 -7.408E+00
 -1.3118750E+04 -1.435E+01 -1.578E+01 -8.015E+00
 -1.3118250E+04 -1.533E+01 -1.603E+01 -5.524E+00
 -1.3117750E+04 -1.576E+01 -1.686E+01 -7.208E+00
 -1.3117250E+04 -1.316E+01 -1.444E+01 -7.416E+00
 -1.3116750E+04 -1.740E+01 -1.889E+01 -8.586E+00
 -1.3116250E+04 -1.563E+01 -1.726E+01 -8.821E+00
 -1.3115750E+04 -1.271E+01 -1.370E+01 -6.234E+00
 -1.3115250E+04 -1.422E+01 -1.568E+01 -8.100E+00
 -1.3114750E+04 -1.269E+01 -1.396E+01 -7.433E+00
 -1.3114250E+04 -1.479E+01 -1.605E+01 -7.567E+00
 -1.3113750E+04 -1.350E+01 -1.492E+01 -7.739E+00
 -1.3113250E+04 -1.440E+01 -1.629E+01 -9.724E+00
 -1.3112750E+04 -1.507E+01 -1.567E+01 -5.236E+00
 -1.3112250E+04 -1.408E+01 -1.532E+01 -7.212E+00
 -1.3111750E+04 -1.348E+01 -1.466E+01 -7.122E+00
 -1.3111250E+04 -1.342E+01 -1.517E+01 -9.203E+00
 -1.3110750E+04 -1.433E+01 -1.575E+01 -8.130E+00
 -1.3110250E+04 -1.423E+01 -1.590E+01 -8.533E+00
 -1.3109750E+04 -1.332E+01 -1.445E+01 -6.564E+00
 -1.3109250E+04 -1.310E+01 -1.396E+01 -6.055E+00
 -1.3108750E+04 -1.589E+01 -1.633E+01 -4.615E+00
 -1.3108250E+04 -1.436E+01 -1.588E+01 -8.254E+00
 -1.3107750E+04 -1.495E+01 -1.609E+01 -6.983E+00
 -1.3107250E+04 -1.424E+01 -1.521E+01 -6.199E+00
 -1.3106750E+04 -1.474E+01 -1.649E+01 -9.182E+00
 -1.3106250E+04 -1.277E+01 -1.401E+01 -7.439E+00
 -1.3105750E+04 -1.439E+01 -1.541E+01 -6.653E+00
 -1.3105250E+04 -1.228E+01 -1.401E+01 -8.787E+00
 -1.3104750E+04 -1.491E+01 -1.613E+01 -7.238E+00
 -1.3104250E+04 -1.415E+01 -1.442E+01 -3.799E+00
 -1.3103750E+04 -1.435E+01 -1.594E+01 -8.247E+00
 -1.3103250E+04 -1.551E+01 -1.743E+01 -9.540E+00
 -1.3102750E+04 -1.346E+01 -1.448E+01 -6.284E+00
 -1.3102250E+04 -1.384E+01 -1.542E+01 -8.685E+00
 -1.3101750E+04 -1.397E+01 -1.493E+01 -6.136E+00
 -1.3101250E+04 -1.496E+01 -1.604E+01 -6.713E+00
 -1.3100750E+04 -1.152E+01 -1.256E+01 -6.317E+00
 -1.3100250E+04 -1.231E+01 -1.403E+01 -8.692E+00
 -1.3099750E+04 -1.375E+01 -1.539E+01 -8.284E+00
 -1.3099250E+04 -1.412E+01 -1.519E+01 -6.467E+00
 -1.3098750E+04 -1.403E+01 -1.578E+01 -9.092E+00
 -1.3098250E+04 -1.291E+01 -1.427E+01 -7.412E+00
 -1.3097750E+04 -1.345E+01 -1.412E+01 -4.866E+00
 -1.3097250E+04 -1.301E+01 -1.479E+01 -8.816E+00
 -1.3096750E+04 -1.434E+01 -1.485E+01 -4.388E+00
 -1.3096250E+04 -1.343E+01 -1.461E+01 -6.721E+00
 -1.3095750E+04 -1.237E+01 -1.423E+01 -9.022E+00
 -1.3095250E+04 -1.427E+01 -1.630E+01 -9.977E+00
 -1.3094750E+04 -1.442E+01 -1.591E+01 -8.072E+00
 -1.3094250E+04 -1.395E+01 -1.568E+01 -8.954E+00
 -1.3093750E+04 -1.292E+01 -1.413E+01 -6.883E+00
 -1.3093250E+04 -1.103E+01 -1.279E+01 -8.572E+00
 -1.3092750E+04 -1.324E+01 -1.499E+01 -8.808E+00
 -1.3092250E+04 -1.399E+01 -1.475E+01 -5.472E+00
 -1.3091750E+04 -1.357E+01 -1.384E+01 -3.747E+00
 -1.3091250E+04 -1.152E+01 -1.245E+01 -5.803E+00
 -1.3090750E+04 -1.388E+01 -1.507E+01 -6.845E+00
 -1.3090250E+04 -1.279E+01 -1.397E+01 -6.565E+00
 -1.3089750E+04 -1.323E+01 -1.417E+01 -5.756E+00
 -1.3089250E+04 -1.281E+01 -1.418E+01 -7.220E+00
 -1.3088750E+04 -1.289E+01 -1.436E+01 -7.897E+00
 -1.3088250E+04 -1.134E+01 -1.280E+01 -7.297E+00
 -1.3087750E+04 -1.382E+01 -1.513E+01 -7.072E+00
 -1.3087250E+04 -1.289E+01 -1.428E+01 -7.499E+00
 -1.3086750E+04 -1.289E+01 -1.404E+01 -6.708E+00
 -1.3086250E+04 -1.204E+01 -1.298E+01 -5.682E+00
 -1.3085750E+04 -1.320E+01 -1.464E+01 -7.803E+00
 -1.3085250E+04 -1.312E+01 -1.414E+01 -6.156E+00
 -1.3084750E+04 -1.508E+01 -1.647E+01 -7.429E+00
 -1.3084250E+04 -1.205E+01 -1.290E+01 -5.406E+00
 -1.3083750E+04 -9.899E+00 -1.144E+01 -7.677E+00
 -1.3083250E+04 -1.262E+01 -1.404E+01 -7.269E+00
 -1.3082750E+04 -1.288E+01 -1.408E+01 -6.752E+00
 -1.3082250E+04 -1.247E+01 -1.389E+01 -7.566E+00
 -1.3081750E+04 -1.621E+01 -1.616E+01 -2.680E+00
 -1.3081250E+04 -1.255E+01 -1.380E+01 -6.901E+00
 -1.3080750E+04 -1.316E+01 -1.482E+01 -8.136E+00
 -1.3080250E+04 -1.205E+01 -1.393E+01 -9.050E+00
 -1.3079750E+04 -1.275E+01 -1.371E+01 -5.732E+00
 -1.3079250E+04 -1.433E+01 -1.571E+01 -7.341E+00
 -1.3078750E+04 -1.294E+01 -1.348E+01 -4.170E+00
 -1.3078250E+04 -1.232E+01 -1.411E+01 -8.515E+00
 -1.3077750E+04 -1.062E+01 -1.221E+01 -7.758E+00
 -1.3077250E+04 -1.177E+01 -1.268E+01 -5.573E+00
 -1.3076750E+04 -1.094E+01 -1.227E+01 -7.097E+00
 -1.3076250E+04 -1.517E+01 -1.619E+01 -6.154E+00
 -1.3075750E+04 -1.223E+01 -1.322E+01 -6.012E+00
 -1.3075250E+04 -1.148E+01 -1.250E+01 -5.857E+00
 -1.3074750E+04 -1.264E+01 -1.434E+01 -8.792E+00
 -1.3074250E+04 -1.087E+01 -1.289E+01 -9.215E+00
 -1.3073750E+04 -1.190E+01 -1.299E+01 -5.970E+00
 -1.3073250E+04 -1.270E+01 -1.367E+01 -5.758E+00
 -1.3072750E+04 -1.286E+01 -1.334E+01 -4.036E+00
 -1.3072250E+04 -1.140E+01 -1.295E+01 -7.495E+00
 -1.3071750E+04 -1.109E+01 -1.285E+01 -8.369E+00
 -1.3071250E+04 -1.083E+01 -1.208E+01 -6.510E+00
 -1.3070750E+04 -1.135E+01 -1.238E+01 -5.974E+00
 -1.3070250E+04 -1.355E+01 -1.447E+01 -5.543E+00
 -1.3069750E+04 -1.165E+01 -1.323E+01 -7.771E+00
 -1.3069250E+04 -1.397E+01 -1.471E+01 -5.186E+00
 -1.3068750E+04 -1.196E+01 -1.353E+01 -7.837E+00
 -1.3068250E+04 -1.173E+01 -1.297E+01 -6.714E+00
 -1.3067750E+04 -1.184E+01 -1.255E+01 -4.711E+00
 -1.3067250E+04 -1.018E+01 -1.112E+01 -5.460E+00
 -1.3066750E+04 -1.226E+01 -1.369E+01 -7.206E+00
 -1.3066250E+04 -1.288E+01 -1.398E+01 -6.016E+00
 -1.3065750E+04 -1.238E+01 -1.292E+01 -4.148E+00
 -1.3065250E+04 -1.170E+01 -1.281E+01 -6.171E+00
 -1.3064750E+04 -1.289E+01 -1.317E+01 -3.134E+00
 -1.3064250E+04 -1.291E+01 -1.429E+01 -7.168E+00
 -1.3063750E+04 -1.124E+01 -1.258E+01 -6.794E+00
 -1.3063250E+04 -1.131E+01 -1.249E+01 -6.523E+00
 -1.3062750E+04 -9.901E+00 -1.145E+01 -7.568E+00
 -1.3062250E+04 -1.102E+01 -1.172E+01 -5.022E+00
 -1.3061750E+04 -1.150E+01 -1.310E+01 -7.200E+00
 -1.3061250E+04 -1.257E+01 -1.390E+01 -6.593E+00
 -1.3060750E+04 -1.158E+01 -1.251E+01 -5.406E+00
 -1.3060250E+04 -1.013E+01 -1.118E+01 -5.813E+00
 -1.3059750E+04 -1.210E+01 -1.252E+01 -3.875E+00
 -1.3059250E+04 -1.207E+01 -1.226E+01 -3.073E+00
 -1.3058750E+04 -9.855E+00 -1.017E+01 -3.042E+00
 -1.3058250E+04 -1.145E+01 -1.285E+01 -6.898E+00
 -1.3057750E+04 -1.056E+01 -1.194E+01 -6.811E+00
 -1.3057250E+04 -1.131E+01 -1.229E+01 -5.509E+00
 -1.3056750E+04 -1.213E+01 -1.323E+01 -5.936E+00
 -1.3056250E+04 -1.243E+01 -1.347E+01 -5.919E+00
 -1.3055750E+04 -1.166E+01 -1.240E+01 -4.795E+00
 -1.3055250E+04 -1.037E+01 -1.139E+01 -5.738E+00
 -1.3054750E+04 -1.033E+01 -1.152E+01 -6.169E+00
 -1.3054250E+04 -9.953E+00 -1.120E+01 -6.452E+00
 -1.3053750E+04 -1.166E+01 -1.243E+01 -5.019E+00
 -1.3053250E+04 -1.245E+01 -1.354E+01 -6.051E+00
 -1.3052750E+04 -1.108E+01 -1.211E+01 -5.874E+00
 -1.3052250E+04 -1.056E+01 -1.185E+01 -6.528E+00
 -1.3051750E+04 -1.028E+01 -1.194E+01 -7.748E+00
 -1.3051250E+04 -1.301E+01 -1.396E+01 -5.488E+00
 -1.3050750E+04 -1.147E+01 -1.218E+01 -4.355E+00
 -1.3050250E+04 -1.131E+01 -1.234E+01 -5.499E+00
 -1.3049750E+04 -1.021E+01 -1.180E+01 -7.627E+00
 -1.3049250E+04 -1.042E+01 -1.107E+01 -4.514E+00
 -1.3048750E+04 -1.148E+01 -1.246E+01 -5.494E+00
 -1.3048250E+04 -1.096E+01 -1.226E+01 -6.425E+00
 -1.3047750E+04 -1.035E+01 -1.135E+01 -5.473E+00
 -1.3047250E+04 -9.991E+00 -1.162E+01 -7.639E+00
 -1.3046750E+04 -1.030E+01 -1.166E+01 -6.561E+00
 -1.3046250E+04 -1.025E+01 -1.131E+01 -5.660E+00
 -1.3045750E+04 -1.151E+01 -1.278E+01 -6.739E+00
 -1.3045250E+04 -1.165E+01 -1.239E+01 -4.617E+00
 -1.3044750E+04 -9.281E+00 -9.936E+00 -4.148E+00
 -1.3044250E+04 -9.459E+00 -1.044E+01 -5.137E+00
 -1.3043750E+04 -9.411E+00 -1.052E+01 -5.950E+00
 -1.3043250E+04 -1.075E+01 -1.150E+01 -4.699E+00
 -1.3042750E+04 -1.113E+01 -1.198E+01 -4.826E+00
 -1.3042250E+04 -1.052E+01 -1.240E+01 -8.078E+00
 -1.3041750E+04 -1.106E+01 -1.181E+01 -4.726E+00
 -1.3041250E+04 -1.091E+01 -1.137E+01 -3.727E+00
 -1.3040750E+04 -8.932E+00 -1.041E+01 -7.132E+00
 -1.3040250E+04 -9.260E+00 -1.050E+01 -6.020E+00
 -1.3039750E+04 -9.861E+00 -1.067E+01 -4.521E+00
 -1.3039250E+04 -1.036E+01 -1.150E+01 -5.395E+00
 -1.3038750E+04 -9.739E+00 -1.122E+01 -6.667E+00
 -1.3038250E+04 -9.890E+00 -1.128E+01 -7.003E+00
 -1.3037750E+04 -9.261E+00 -9.915E+00 -4.438E+00
 -1.3037250E+04 -8.914E+00 -9.952E+00 -6.127E+00
 -1.3036750E+04 -1.032E+01 -1.166E+01 -6.549E+00
 -1.3036250E+04 -1.188E+01 -1.305E+01 -5.931E+00
 -1.3035750E+04 -1.049E+01 -1.119E+01 -4.221E+00
 -1.3035250E+04 -1.013E+01 -1.124E+01 -5.769E+00
 -1.3034750E+04 -9.600E+00 -1.078E+01 -6.051E+00
 -1.3034250E+04 -1.004E+01 -1.117E+01 -5.845E+00
 -1.3033750E+04 -9.969E+00 -1.113E+01 -5.813E+00
 -1.3033250E+04 -9.338E+00 -1.036E+01 -5.518E+00
 -1.3032750E+04 -9.627E+00 -1.023E+01 -3.922E+00
 -1.3032250E+04 -8.697E+00 -9.296E+00 -3.689E+00
 -1.3031750E+04 -1.032E+01 -1.120E+01 -4.752E+00
 -1.3031250E+04 -1.049E+01 -1.092E+01 -3.373E+00
 -1.3030750E+04 -9.203E+00 -1.037E+01 -6.202E+00
 -1.3030250E+04 -8.688E+00 -9.616E+00 -5.123E+00
 -1.3029750E+04 -8.319E+00 -9.128E+00 -4.674E+00
 -1.3029250E+04 -9.757E+00 -1.104E+01 -6.323E+00
 -1.3028750E+04 -9.937E+00 -1.146E+01 -7.234E+00
 -1.3028250E+04 -9.745E+00 -1.071E+01 -5.215E+00
 -1.3027750E+04 -9.829E+00 -1.109E+01 -6.098E+00
 -1.3027250E+04 -1.009E+01 -1.116E+01 -5.337E+00
 -1.3026750E+04 -1.123E+01 -1.186E+01 -3.711E+00
 -1.3026250E+04 -8.986E+00 -9.716E+00 -4.941E+00
 -1.3025750E+04 -8.188E+00 -8.339E+00 -2.058E+00
 -1.3025250E+04 -9.814E+00 -1.048E+01 -3.720E+00
 -1.3024750E+04 -1.060E+01 -1.163E+01 -5.543E+00
 -1.3024250E+04 -8.287E+00 -9.332E+00 -5.437E+00
 -1.3023750E+04 -1.014E+01 -1.043E+01 -2.940E+00
 -1.3023250E+04 -9.452E+00 -1.004E+01 -3.505E+00
 -1.3022750E+04 -8.486E+00 -9.802E+00 -6.378E+00
 -1.3022250E+04 -9.524E+00 -1.016E+01 -4.210E+00
 -1.3021750E+04 -9.321E+00 -1.013E+01 -4.202E+00
 -1.3021250E+04 -1.029E+01 -1.082E+01 -3.775E+00
 -1.3020750E+04 -9.436E+00 -1.073E+01 -6.371E+00
 -1.3020250E+04 -7.207E+00 -8.303E+00 -5.421E+00
 -1.3019750E+04 -9.598E+00 -1.051E+01 -4.724E+00
 -1.3019250E+04 -1.045E+01 -1.120E+01 -4.099E+00
 -1.3018750E+04 -1.000E+01 -1.105E+01 -5.419E+00
 -1.3018250E+04 -8.125E+00 -9.420E+00 -5.920E+00
 -1.3017750E+04 -8.852E+00 -1.010E+01 -5.803E+00
 -1.3017250E+04 -9.339E+00 -9.923E+00 -3.871E+00
 -1.3016750E+04 -8.594E+00 -9.500E+00 -4.598E+00
 -1.3016250E+04 -9.199E+00 -1.027E+01 -5.635E+00
 -1.3015750E+04 -1.008E+01 -1.089E+01 -4.484E+00
 -1.3015250E+04 -9.479E+00 -1.012E+01 -3.883E+00
 -1.3014750E+04 -8.489E+00 -8.857E+00 -2.872E+00
 -1.3014250E+04 -8.766E+00 -9.828E+00 -5.461E+00
 -1.3013750E+04 -8.178E+00 -9.281E+00 -5.369E+00
 -1.3013250E+04 -1.014E+01 -1.094E+01 -4.468E+00
 -1.3012750E+04 -7.838E+00 -9.562E+00 -7.454E+00
 -1.3012250E+04 -8.637E+00 -9.761E+00 -5.403E+00
 -1.3011750E+04 -9.799E+00 -1.024E+01 -3.396E+00
 -1.3011250E+04 -8.958E+00 -9.788E+00 -4.664E+00
 -1.3010750E+04 -8.696E+00 -9.285E+00 -3.318E+00
 -1.3010250E+04 -7.623E+00 -8.345E+00 -4.532E+00
 -1.3009750E+04 -8.407E+00 -8.816E+00 -4.029E+00
 -1.3009250E+04 -8.499E+00 -9.216E+00 -3.942E+00
 -1.3008750E+04 -8.865E+00 -9.780E+00 -4.807E+00
 -1.3008250E+04 -8.364E+00 -9.266E+00 -4.620E+00
 -1.3007750E+04 -9.563E+00 -1.083E+01 -5.878E+00
 -1.3007250E+04 -8.641E+00 -9.710E+00 -5.493E+00
 -1.3006750E+04 -8.804E+00 -1.009E+01 -6.061E+00
 -1.3006250E+04 -8.228E+00 -9.424E+00 -5.855E+00
 -1.3005750E+04 -8.839E+00 -9.481E+00 -4.005E+00
 -1.3005250E+04 -9.140E+00 -1.011E+01 -5.014E+00
 -1.3004750E+04 -8.734E+00 -9.664E+00 -4.549E+00
 -1.3004250E+04 -8.338E+00 -9.072E+00 -3.922E+00
 -1.3003750E+04 -7.200E+00 -7.893E+00 -3.846E+00
 -1.3003250E+04 -7.867E+00 -8.464E+00 -3.876E+00
 -1.3002750E+04 -7.884E+00 -8.827E+00 -4.670E+00
 -1.3002250E+04 -9.194E+00 -9.908E+00 -4.050E+00
 -1.3001750E+04 -7.216E+00 -8.499E+00 -5.914E+00
 -1.3001250E+04 -7.405E+00 -8.245E+00 -4.075E+00
 -1.3000750E+04 -9.125E+00 -9.646E+00 -3.543E+00
 -1.3000250E+04 -9.137E+00 -9.258E+00 -2.691E+00
 -1.2999750E+04 -7.758E+00 -8.520E+00 -4.102E+00
 -1.2999250E+04 -8.359E+00 -1.004E+01 -7.037E+00
 -1.2998750E+04 -8.725E+00 -8.876E+00 -2.105E+00
 -1.2998250E+04 -7.921E+00 -8.402E+00 -3.429E+00
 -1.2997750E+04 -8.732E+00 -9.623E+00 -4.416E+00
 -1.2997250E+04 -7.511E+00 -8.286E+00 -4.311E+00
 -1.2996750E+04 -7.818E+00 -8.559E+00 -4.173E+00
 -1.2996250E+04 -8.196E+00 -8.875E+00 -4.072E+00
 -1.2995750E+04 -7.680E+00 -8.594E+00 -4.738E+00
 -1.2995250E+04 -9.910E+00 -1.089E+01 -5.029E+00
 -1.2994750E+04 -8.033E+00 -8.439E+00 -3.045E+00
 -1.2994250E+04 -7.743E+00 -8.417E+00 -3.921E+00
 -1.2993750E+04 -8.212E+00 -9.205E+00 -4.770E+00
 -1.2993250E+04 -7.879E+00 -8.886E+00 -4.861E+00
 -1.2992750E+04 -7.886E+00 -8.655E+00 -3.830E+00
 -1.2992250E+04 -7.088E+00 -7.777E+00 -3.624E+00
 -1.2991750E+04 -8.020E+00 -8.767E+00 -3.952E+00
 -1.2991250E+04 -8.820E+00 -9.671E+00 -4.706E+00
 -1.2990750E+04 -8.709E+00 -9.526E+00 -4.537E+00
 -1.2990250E+04 -7.105E+00 -8.170E+00 -5.081E+00
 -1.2989750E+04 -7.910E+00 -8.512E+00 -4.149E+00
 -1.2989250E+04 -9.110E+00 -9.951E+00 -3.630E+00
 -1.2988750E+04 -7.847E+00 -8.494E+00 -3.608E+00
 -1.2988250E+04 -7.296E+00 -7.800E+00 -3.698E+00
 -1.2987750E+04 -6.377E+00 -7.380E+00 -4.393E+00
 -1.2987250E+04 -6.826E+00 -8.066E+00 -5.388E+00
 -1.2986750E+04 -9.406E+00 -1.006E+01 -3.642E+00
 -1.2986250E+04 -8.155E+00 -8.578E+00 -3.097E+00
 -1.2985750E+04 -6.385E+00 -7.421E+00 -5.182E+00
 -1.2985250E+04 -8.395E+00 -8.948E+00 -3.337E+00
 -1.2984750E+04 -8.043E+00 -8.998E+00 -4.698E+00
 -1.2984250E+04 -8.079E+00 -8.949E+00 -4.669E+00
 -1.2983750E+04 -8.083E+00 -8.611E+00 -3.573E+00
 -1.2983250E+04 -7.241E+00 -7.840E+00 -3.345E+00
 -1.2982750E+04 -6.121E+00 -6.973E+00 -4.116E+00
 -1.2982250E+04 -6.847E+00 -7.537E+00 -3.430E+00
 -1.2981750E+04 -7.447E+00 -8.489E+00 -5.027E+00
 -1.2981250E+04 -6.683E+00 -7.543E+00 -4.238E+00
 -1.2980750E+04 -7.148E+00 -8.122E+00 -4.471E+00
 -1.2980250E+04 -8.513E+00 -9.308E+00 -4.501E+00
 -1.2979750E+04 -8.055E+00 -9.192E+00 -5.332E+00
 -1.2979250E+04 -6.665E+00 -7.660E+00 -4.850E+00
 -1.2978750E+04 -7.809E+00 -8.336E+00 -3.279E+00
 -1.2978250E+04 -6.864E+00 -7.730E+00 -4.346E+00
 -1.2977750E+04 -7.092E+00 -7.781E+00 -3.647E+00
 -1.2977250E+04 -7.673E+00 -8.224E+00 -3.450E+00
 -1.2976750E+04 -6.995E+00 -7.684E+00 -3.506E+00
 -1.2976250E+04 -6.762E+00 -7.342E+00 -3.588E+00
 -1.2975750E+04 -6.755E+00 -7.424E+00 -3.715E+00
 -1.2975250E+04 -8.147E+00 -8.685E+00 -3.711E+00
 -1.2974750E+04 -7.600E+00 -8.349E+00 -4.236E+00
 -1.2974250E+04 -7.025E+00 -8.098E+00 -5.218E+00
 -1.2973750E+04 -7.242E+00 -8.293E+00 -4.800E+00
 -1.2973250E+04 -6.600E+00 -7.561E+00 -4.524E+00
 -1.2972750E+04 -7.403E+00 -7.872E+00 -2.751E+00
 -1.2972250E+04 -7.393E+00 -8.047E+00 -3.579E+00
 -1.2971750E+04 -7.251E+00 -7.864E+00 -3.331E+00
 -1.2971250E+04 -7.264E+00 -7.783E+00 -3.216E+00
 -1.2970750E+04 -6.658E+00 -7.500E+00 -4.307E+00
 -1.2970250E+04 -6.331E+00 -7.144E+00 -3.956E+00
 -1.2969750E+04 -6.685E+00 -7.675E+00 -4.701E+00
 -1.2969250E+04 -7.104E+00 -7.948E+00 -4.365E+00
 -1.2968750E+04 -6.454E+00 -7.472E+00 -4.592E+00
 -1.2968250E+04 -6.568E+00 -7.139E+00 -3.305E+00
 -1.2967750E+04 -7.736E+00 -8.134E+00 -2.977E+00
 -1.2967250E+04 -6.939E+00 -7.602E+00 -3.786E+00
 -1.2966750E+04 -6.047E+00 -6.471E+00 -2.253E+00
 -1.2966250E+04 -6.996E+00 -7.444E+00 -2.626E+00
 -1.2965750E+04 -7.594E+00 -8.259E+00 -3.777E+00
 -1.2965250E+04 -6.788E+00 -7.510E+00 -3.956E+00
 -1.2964750E+04 -6.933E+00 -7.345E+00 -2.859E+00
 -1.2964250E+04 -7.126E+00 -7.965E+00 -3.935E+00
 -1.2963750E+04 -8.099E+00 -9.210E+00 -5.313E+00
 -1.2963250E+04 -6.810E+00 -7.680E+00 -4.436E+00
 -1.2962750E+04 -6.065E+00 -6.623E+00 -3.219E+00
 -1.2962250E+04 -7.130E+00 -7.579E+00 -3.370E+00
 -1.2961750E+04 -6.630E+00 -7.487E+00 -4.459E+00
 -1.2961250E+04 -5.459E+00 -6.431E+00 -4.229E+00
 -1.2960750E+04 -7.211E+00 -7.263E+00 -1.640E+00
 -1.2960250E+04 -7.452E+00 -7.794E+00 -2.445E+00
 -1.2959750E+04 -6.582E+00 -7.273E+00 -3.666E+00
 -1.2959250E+04 -6.841E+00 -7.313E+00 -2.702E+00
 -1.2958750E+04 -6.154E+00 -6.526E+00 -2.467E+00
 -1.2958250E+04 -7.253E+00 -7.854E+00 -3.419E+00
 -1.2957750E+04 -5.803E+00 -7.098E+00 -5.511E+00
 -1.2957250E+04 -7.146E+00 -8.101E+00 -4.618E+00
 -1.2956750E+04 -6.399E+00 -7.157E+00 -3.017E+00
 -1.2956250E+04 -6.087E+00 -7.308E+00 -5.459E+00
 -1.2955750E+04 -6.126E+00 -6.796E+00 -3.852E+00
 -1.2955250E+04 -6.784E+00 -7.526E+00 -3.586E+00
 -1.2954750E+04 -6.712E+00 -7.479E+00 -3.958E+00
 -1.2954250E+04 -6.693E+00 -6.723E+00 -1.547E+00
 -1.2953750E+04 -6.158E+00 -6.506E+00 -1.847E+00
 -1.2953250E+04 -5.323E+00 -5.852E+00 -3.445E+00
 -1.2952750E+04 -6.208E+00 -6.859E+00 -3.380E+00
 -1.2952250E+04 -6.030E+00 -6.987E+00 -4.237E+00
 -1.2951750E+04 -7.249E+00 -7.848E+00 -3.166E+00
 -1.2951250E+04 -6.752E+00 -7.373E+00 -3.360E+00
 -1.2950750E+04 -6.695E+00 -7.464E+00 -4.104E+00
 -1.2950250E+04 -6.480E+00 -7.028E+00 -3.196E+00
 -1.2949750E+04 -5.745E+00 -6.523E+00 -3.890E+00
 -1.2949250E+04 -5.547E+00 -6.429E+00 -3.948E+00
 -1.2948750E+04 -6.206E+00 -6.826E+00 -3.351E+00
 -1.2948250E+04 -6.446E+00 -6.716E+00 -2.095E+00
 -1.2947750E+04 -6.005E+00 -6.361E+00 -2.003E+00
 -1.2947250E+04 -6.742E+00 -6.874E+00 -1.964E+00
 -1.2946750E+04 -7.265E+00 -7.925E+00 -3.909E+00
 -1.2946250E+04 -6.282E+00 -6.974E+00 -3.694E+00
 -1.2945750E+04 -4.974E+00 -5.272E+00 -1.874E+00
 -1.2945250E+04 -5.640E+00 -6.429E+00 -3.812E+00
 -1.2944750E+04 -4.337E+00 -5.334E+00 -4.485E+00
 -1.2944250E+04 -6.633E+00 -6.984E+00 -2.371E+00
 -1.2943750E+04 -6.892E+00 -7.343E+00 -2.966E+00
 -1.2943250E+04 -7.003E+00 -7.465E+00 -2.499E+00
 -1.2942750E+04 -7.137E+00 -7.490E+00 -2.290E+00
 -1.2942250E+04 -5.715E+00 -6.638E+00 -4.420E+00
 -1.2941750E+04 -4.947E+00 -5.687E+00 -3.305E+00
 -1.2941250E+04 -5.347E+00 -6.340E+00 -4.511E+00
 -1.2940750E+04 -6.705E+00 -7.065E+00 -2.721E+00
 -1.2940250E+04 -6.494E+00 -7.171E+00 -3.409E+00
 -1.2939750E+04 -6.155E+00 -6.640E+00 -3.119E+00
 -1.2939250E+04 -5.662E+00 -6.442E+00 -3.987E+00
 -1.2938750E+04 -5.881E+00 -6.825E+00 -4.330E+00
 -1.2938250E+04 -5.870E+00 -5.937E+00 -2.157E+00
 -1.2937750E+04 -5.659E+00 -6.206E+00 -2.542E+00
 -1.2937250E+04 -5.701E+00 -6.742E+00 -4.145E+00
 -1.2936750E+04 -5.692E+00 -6.467E+00 -3.710E+00
 -1.2936250E+04 -6.122E+00 -6.547E+00 -2.755E+00
 -1.2935750E+04 -5.927E+00 -6.522E+00 -2.795E+00
 -1.2935250E+04 -5.779E+00 -6.689E+00 -4.337E+00
 -1.2934750E+04 -5.838E+00 -6.344E+00 -3.249E+00
 -1.2934250E+04 -6.385E+00 -6.866E+00 -3.137E+00
 -1.2933750E+04 -6.225E+00 -7.075E+00 -4.066E+00
 -1.2933250E+04 -6.089E+00 -6.857E+00 -3.552E+00
 -1.2932750E+04 -6.019E+00 -6.715E+00 -3.425E+00
 -1.2932250E+04 -6.250E+00 -6.583E+00 -2.151E+00
 -1.2931750E+04 -5.043E+00 -5.638E+00 -2.985E+00
 -1.2931250E+04 -5.538E+00 -5.801E+00 -2.062E+00
 -1.2930750E+04 -5.897E+00 -6.415E+00 -3.057E+00
 -1.2930250E+04 -4.921E+00 -5.715E+00 -3.821E+00
 -1.2929750E+04 -5.746E+00 -6.581E+00 -3.910E+00
 -1.2929250E+04 -6.506E+00 -6.777E+00 -1.915E+00
 -1.2928750E+04 -6.327E+00 -6.694E+00 -2.206E+00
 -1.2928250E+04 -5.490E+00 -5.987E+00 -2.555E+00
 -1.2927750E+04 -5.422E+00 -6.298E+00 -4.292E+00
 -1.2927250E+04 -4.637E+00 -4.990E+00 -2.263E+00
 -1.2926750E+04 -6.360E+00 -6.818E+00 -2.439E+00
 -1.2926250E+04 -4.818E+00 -5.498E+00 -3.363E+00
 -1.2925750E+04 -5.422E+00 -5.693E+00 -1.986E+00
 -1.2925250E+04 -5.787E+00 -6.312E+00 -2.514E+00
 -1.2924750E+04 -6.360E+00 -6.604E+00 -2.117E+00
 -1.2924250E+04 -6.062E+00 -6.940E+00 -4.112E+00
 -1.2923750E+04 -6.061E+00 -6.520E+00 -2.865E+00
 -1.2923250E+04 -5.374E+00 -6.274E+00 -3.953E+00
 -1.2922750E+04 -4.693E+00 -5.744E+00 -4.293E+00
 -1.2922250E+04 -4.673E+00 -5.396E+00 -3.322E+00
 -1.2921750E+04 -4.688E+00 -5.050E+00 -2.236E+00
 -1.2921250E+04 -4.781E+00 -5.354E+00 -2.747E+00
 -1.2920750E+04 -5.948E+00 -6.499E+00 -2.900E+00
 -1.2920250E+04 -4.799E+00 -5.565E+00 -3.479E+00
 -1.2919750E+04 -5.370E+00 -5.639E+00 -2.079E+00
 -1.2919250E+04 -5.999E+00 -6.493E+00 -2.846E+00
 -1.2918750E+04 -4.707E+00 -5.483E+00 -3.667E+00
 -1.2918250E+04 -4.862E+00 -5.475E+00 -3.231E+00
 -1.2917750E+04 -5.744E+00 -6.331E+00 -3.132E+00
 -1.2917250E+04 -6.540E+00 -7.157E+00 -3.026E+00
 -1.2916750E+04 -5.345E+00 -5.931E+00 -3.031E+00
 -1.2916250E+04 -5.375E+00 -5.859E+00 -2.704E+00
 -1.2915750E+04 -5.036E+00 -5.608E+00 -2.994E+00
 -1.2915250E+04 -5.287E+00 -6.257E+00 -3.947E+00
 -1.2914750E+04 -5.603E+00 -6.029E+00 -2.696E+00
 -1.2914250E+04 -6.104E+00 -6.657E+00 -2.712E+00
 -1.2913750E+04 -5.351E+00 -5.923E+00 -3.183E+00
 -1.2913250E+04 -5.613E+00 -6.149E+00 -2.965E+00
 -1.2912750E+04 -4.746E+00 -5.120E+00 -2.288E+00
 -1.2912250E+04 -5.415E+00 -5.717E+00 -2.804E+00
 -1.2911750E+04 -5.105E+00 -5.959E+00 -3.833E+00
 -1.2911250E+04 -4.643E+00 -5.193E+00 -2.545E+00
 -1.2910750E+04 -5.109E+00 -5.455E+00 -2.158E+00
 -1.2910250E+04 -4.941E+00 -5.471E+00 -2.614E+00
 -1.2909750E+04 -4.702E+00 -5.113E+00 -2.190E+00
 -1.2909250E+04 -5.045E+00 -5.406E+00 -2.210E+00
 -1.2908750E+04 -5.184E+00 -5.698E+00 -2.876E+00
 -1.2908250E+04 -4.960E+00 -5.452E+00 -2.532E+00
 -1.2907750E+04 -5.510E+00 -6.267E+00 -3.584E+00
 -1.2907250E+04 -5.188E+00 -5.558E+00 -2.310E+00
 -1.2906750E+04 -4.140E+00 -4.593E+00 -2.495E+00
 -1.2906250E+04 -4.678E+00 -5.229E+00 -3.036E+00
 -1.2905750E+04 -5.526E+00 -6.097E+00 -2.953E+00
 -1.2905250E+04 -5.175E+00 -5.866E+00 -3.354E+00
 -1.2904750E+04 -4.250E+00 -4.834E+00 -3.356E+00
 -1.2904250E+04 -4.338E+00 -4.692E+00 -2.141E+00
 -1.2903750E+04 -4.678E+00 -5.443E+00 -3.358E+00
 -1.2903250E+04 -4.895E+00 -5.479E+00 -2.447E+00
 -1.2902750E+04 -4.206E+00 -4.650E+00 -2.364E+00
 -1.2902250E+04 -4.562E+00 -5.294E+00 -2.915E+00
 -1.2901750E+04 -5.273E+00 -6.068E+00 -3.002E+00
 -1.2901250E+04 -3.909E+00 -4.447E+00 -2.787E+00
 -1.2900750E+04 -3.938E+00 -4.295E+00 -3.152E+00
 -1.2900250E+04 -4.894E+00 -5.189E+00 -1.956E+00
 -1.2899750E+04 -5.509E+00 -5.847E+00 -1.924E+00
 -1.2899250E+04 -4.570E+00 -5.514E+00 -3.625E+00
 -1.2898750E+04 -4.249E+00 -4.712E+00 -2.114E+00
 -1.2898250E+04 -6.385E+00 -6.210E+00 -1.398E+00
 -1.2897750E+04 -5.818E+00 -5.992E+00 -2.225E+00
 -1.2897250E+04 -4.880E+00 -5.041E+00 -1.573E+00
 -1.2896750E+04 -4.726E+00 -5.554E+00 -3.590E+00
 -1.2896250E+04 -4.687E+00 -5.390E+00 -3.127E+00
 -1.2895750E+04 -3.915E+00 -4.706E+00 -3.575E+00
 -1.2895250E+04 -5.026E+00 -5.136E+00 -1.568E+00
 -1.2894750E+04 -4.691E+00 -5.320E+00 -3.085E+00
 -1.2894250E+04 -3.788E+00 -4.549E+00 -3.244E+00
 -1.2893750E+04 -4.750E+00 -4.791E+00 -1.450E+00
 -1.2893250E+04 -5.321E+00 -5.575E+00 -1.881E+00
 -1.2892750E+04 -3.813E+00 -4.655E+00 -3.606E+00
 -1.2892250E+04 -5.033E+00 -5.894E+00 -3.744E+00
 -1.2891750E+04 -4.816E+00 -5.054E+00 -1.613E+00
 -1.2891250E+04 -4.873E+00 -5.540E+00 -3.238E+00
 -1.2890750E+04 -4.976E+00 -5.504E+00 -2.549E+00
 -1.2890250E+04 -4.142E+00 -4.773E+00 -2.945E+00
 -1.2889750E+04 -5.224E+00 -5.627E+00 -2.400E+00
 -1.2889250E+04 -4.851E+00 -5.168E+00 -2.349E+00
 -1.2888750E+04 -4.530E+00 -5.137E+00 -2.880E+00
 -1.2888250E+04 -4.999E+00 -5.577E+00 -2.829E+00
 -1.2887750E+04 -3.803E+00 -4.224E+00 -2.189E+00
 -1.2887250E+04 -4.349E+00 -4.764E+00 -2.179E+00
 -1.2886750E+04 -5.279E+00 -5.940E+00 -2.985E+00
 -1.2886250E+04 -3.911E+00 -4.262E+00 -1.996E+00
 -1.2885750E+04 -3.859E+00 -4.542E+00 -3.420E+00
 -1.2885250E+04 -4.381E+00 -4.788E+00 -2.248E+00
 -1.2884750E+04 -4.145E+00 -4.555E+00 -2.215E+00
 -1.2884250E+04 -4.251E+00 -4.591E+00 -2.129E+00
 -1.2883750E+04 -4.126E+00 -4.474E+00 -1.922E+00
 -1.2883250E+04 -4.805E+00 -5.217E+00 -2.534E+00
 -1.2882750E+04 -4.644E+00 -5.240E+00 -2.740E+00
 -1.2882250E+04 -3.943E+00 -4.053E+00 -1.189E+00
 -1.2881750E+04 -3.802E+00 -4.184E+00 -2.368E+00
 -1.2881250E+04 -4.642E+00 -5.279E+00 -2.934E+00
 -1.2880750E+04 -3.762E+00 -4.278E+00 -2.517E+00
 -1.2880250E+04 -4.553E+00 -5.146E+00 -2.874E+00
 -1.2879750E+04 -5.106E+00 -5.409E+00 -1.899E+00
 -1.2879250E+04 -4.106E+00 -4.568E+00 -2.596E+00
 -1.2878750E+04 -4.473E+00 -5.049E+00 -2.658E+00
 -1.2878250E+04 -5.163E+00 -5.561E+00 -2.263E+00
 -1.2877750E+04 -4.973E+00 -5.329E+00 -2.161E+00
 -1.2877250E+04 -5.178E+00 -5.499E+00 -1.971E+00
 -1.2876750E+04 -4.313E+00 -4.941E+00 -3.223E+00
 -1.2876250E+04 -4.113E+00 -4.853E+00 -3.274E+00
 -1.2875750E+04 -4.050E+00 -4.543E+00 -2.419E+00
 -1.2875250E+04 -3.841E+00 -4.659E+00 -3.679E+00
 -1.2874750E+04 -3.817E+00 -4.092E+00 -1.580E+00
 -1.2874250E+04 -4.673E+00 -4.756E+00 -1.280E+00
 -1.2873750E+04 -4.720E+00 -4.641E+00 -6.334E-01
 -1.2873250E+04 -4.153E+00 -4.763E+00 -2.967E+00
 -1.2872750E+04 -4.169E+00 -4.308E+00 -1.352E+00
 -1.2872250E+04 -4.082E+00 -4.601E+00 -2.591E+00
 -1.2871750E+04 -3.964E+00 -4.545E+00 -3.020E+00
 -1.2871250E+04 -4.201E+00 -4.699E+00 -2.311E+00
 -1.2870750E+04 -4.497E+00 -4.866E+00 -1.745E+00
 -1.2870250E+04 -2.785E+00 -3.407E+00 -2.966E+00
 -1.2869750E+04 -3.682E+00 -3.980E+00 -1.689E+00
 -1.2869250E+04 -3.779E+00 -4.027E+00 -1.686E+00
 -1.2868750E+04 -4.650E+00 -4.859E+00 -1.636E+00
 -1.2868250E+04 -4.859E+00 -5.461E+00 -2.716E+00
 -1.2867750E+04 -4.291E+00 -4.395E+00 -1.779E+00
 -1.2867250E+04 -4.326E+00 -4.593E+00 -1.934E+00
 -1.2866750E+04 -3.605E+00 -4.108E+00 -2.307E+00
 -1.2866250E+04 -4.883E+00 -5.480E+00 -2.890E+00
 -1.2865750E+04 -4.865E+00 -5.109E+00 -1.524E+00
 -1.2865250E+04 -3.884E+00 -4.432E+00 -2.747E+00
 -1.2864750E+04 -4.618E+00 -5.219E+00 -2.466E+00
 -1.2864250E+04 -4.057E+00 -4.689E+00 -2.694E+00
 -1.2863750E+04 -4.524E+00 -5.054E+00 -2.877E+00
 -1.2863250E+04 -3.943E+00 -4.287E+00 -2.182E+00
 -1.2862750E+04 -3.735E+00 -4.282E+00 -2.710E+00
 -1.2862250E+04 -3.612E+00 -4.057E+00 -2.081E+00
 -1.2861750E+04 -3.465E+00 -3.903E+00 -2.236E+00
 -1.2861250E+04 -3.499E+00 -4.181E+00 -3.112E+00
 -1.2860750E+04 -3.951E+00 -4.490E+00 -2.918E+00
 -1.2860250E+04 -4.026E+00 -4.447E+00 -2.366E+00
 -1.2859750E+04 -3.528E+00 -4.149E+00 -2.787E+00
 -1.2859250E+04 -3.877E+00 -4.173E+00 -1.657E+00
 -1.2858750E+04 -4.527E+00 -4.893E+00 -1.964E+00
 -1.2858250E+04 -3.965E+00 -4.281E+00 -2.058E+00
 -1.2857750E+04 -4.061E+00 -4.310E+00 -1.653E+00
 -1.2857250E+04 -3.829E+00 -4.431E+00 -2.634E+00
 -1.2856750E+04 -4.270E+00 -4.861E+00 -2.500E+00
 -1.2856250E+04 -4.765E+00 -5.425E+00 -3.094E+00
 -1.2855750E+04 -4.245E+00 -4.889E+00 -3.122E+00
 -1.2855250E+04 -3.983E+00 -4.294E+00 -1.909E+00
 -1.2854750E+04 -4.288E+00 -4.641E+00 -2.073E+00
 -1.2854250E+04 -3.976E+00 -3.997E+00 -1.347E+00
 -1.2853750E+04 -3.377E+00 -3.964E+00 -2.579E+00
 -1.2853250E+04 -4.051E+00 -4.094E+00 -8.784E-01
 -1.2852750E+04 -3.143E+00 -3.611E+00 -1.679E+00
 -1.2852250E+04 -3.535E+00 -4.082E+00 -2.604E+00
 -1.2851750E+04 -4.498E+00 -4.814E+00 -1.895E+00
 -1.2851250E+04 -4.157E+00 -4.506E+00 -1.959E+00
 -1.2850750E+04 -3.073E+00 -3.313E+00 -1.549E+00
 -1.2850250E+04 -3.147E+00 -3.633E+00 -2.361E+00
 -1.2849750E+04 -3.565E+00 -4.154E+00 -2.526E+00
 -1.2849250E+04 -4.403E+00 -4.971E+00 -2.603E+00
 -1.2848750E+04 -4.419E+00 -4.811E+00 -2.110E+00
 -1.2848250E+04 -4.663E+00 -5.012E+00 -1.989E+00
 -1.2847750E+04 -3.867E+00 -4.305E+00 -2.253E+00
 -1.2847250E+04 -3.450E+00 -3.860E+00 -2.207E+00
 -1.2846750E+04 -3.826E+00 -4.406E+00 -2.879E+00
 -1.2846250E+04 -3.315E+00 -3.911E+00 -2.846E+00
 -1.2845750E+04 -3.475E+00 -3.853E+00 -1.975E+00
 -1.2845250E+04 -4.313E+00 -4.797E+00 -2.272E+00
 -1.2844750E+04 -3.795E+00 -4.112E+00 -2.106E+00
 -1.2844250E+04 -4.295E+00 -4.712E+00 -2.192E+00
 -1.2843750E+04 -4.050E+00 -4.573E+00 -2.343E+00
 -1.2843250E+04 -3.976E+00 -4.434E+00 -2.412E+00
 -1.2842750E+04 -3.082E+00 -3.300E+00 -1.499E+00
 -1.2842250E+04 -2.964E+00 -3.324E+00 -2.049E+00
 -1.2841750E+04 -3.810E+00 -4.489E+00 -3.224E+00
 -1.2841250E+04 -4.062E+00 -4.375E+00 -1.802E+00
 -1.2840750E+04 -3.583E+00 -3.799E+00 -1.327E+00
 -1.2840250E+04 -3.127E+00 -3.416E+00 -1.434E+00
 -1.2839750E+04 -3.636E+00 -3.701E+00 -8.816E-01
 -1.2839250E+04 -3.376E+00 -3.746E+00 -2.007E+00
 -1.2838750E+04 -3.512E+00 -4.031E+00 -2.420E+00
 -1.2838250E+04 -3.651E+00 -4.050E+00 -2.090E+00
 -1.2837750E+04 -3.141E+00 -3.704E+00 -2.672E+00
 -1.2837250E+04 -3.329E+00 -3.834E+00 -2.446E+00
 -1.2836750E+04 -3.441E+00 -3.473E+00 -9.261E-01
 -1.2836250E+04 -3.615E+00 -3.505E+00 -4.923E-01
 -1.2835750E+04 -3.716E+00 -4.366E+00 -2.904E+00
 -1.2835250E+04 -3.971E+00 -4.464E+00 -2.122E+00
 -1.2834750E+04 -3.482E+00 -3.798E+00 -1.482E+00
 -1.2834250E+04 -3.347E+00 -3.681E+00 -1.980E+00
 -1.2833750E+04 -4.538E+00 -5.034E+00 -2.139E+00
 -1.2833250E+04 -3.596E+00 -4.019E+00 -2.589E+00
 -1.2832750E+04 -2.604E+00 -2.841E+00 -1.858E+00
 -1.2832250E+04 -3.044E+00 -3.322E+00 -1.297E+00
 -1.2831750E+04 -3.792E+00 -3.826E+00 -8.221E-01
 -1.2831250E+04 -3.947E+00 -3.817E+00 -5.796E-01
 -1.2830750E+04 -3.349E+00 -3.383E+00 -1.159E+00
 -1.2830250E+04 -3.213E+00 -3.677E+00 -2.340E+00
 -1.2829750E+04 -3.354E+00 -3.847E+00 -1.975E+00
 -1.2829250E+04 -2.987E+00 -3.652E+00 -2.978E+00
 -1.2828750E+04 -2.824E+00 -3.214E+00 -2.286E+00
 -1.2828250E+04 -3.364E+00 -3.695E+00 -1.562E+00
 -1.2827750E+04 -3.590E+00 -3.979E+00 -1.812E+00
 -1.2827250E+04 -2.887E+00 -3.394E+00 -2.515E+00
 -1.2826750E+04 -3.314E+00 -3.587E+00 -2.167E+00
 -1.2826250E+04 -3.873E+00 -4.290E+00 -2.060E+00
 -1.2825750E+04 -3.984E+00 -4.267E+00 -1.525E+00
 -1.2825250E+04 -3.501E+00 -3.526E+00 -6.014E-01
 -1.2824750E+04 -2.959E+00 -3.674E+00 -2.942E+00
 -1.2824250E+04 -2.520E+00 -3.317E+00 -3.336E+00
 -1.2823750E+04 -2.879E+00 -3.149E+00 -1.566E+00
 -1.2823250E+04 -4.115E+00 -4.342E+00 -1.394E+00
 -1.2822750E+04 -2.768E+00 -2.920E+00 -1.010E+00
 -1.2822250E+04 -3.536E+00 -3.697E+00 -1.278E+00
 -1.2821750E+04 -2.503E+00 -2.794E+00 -1.769E+00
 -1.2821250E+04 -2.856E+00 -3.054E+00 -1.612E+00
 -1.2820750E+04 -3.368E+00 -3.570E+00 -1.428E+00
 -1.2820250E+04 -4.016E+00 -4.404E+00 -2.051E+00
 -1.2819750E+04 -4.312E+00 -4.532E+00 -1.635E+00
 -1.2819250E+04 -4.212E+00 -4.459E+00 -1.467E+00
 -1.2818750E+04 -3.497E+00 -3.882E+00 -2.040E+00
 -1.2818250E+04 -3.082E+00 -3.314E+00 -1.196E+00
 -1.2817750E+04 -3.353E+00 -3.932E+00 -2.483E+00
 -1.2817250E+04 -4.072E+00 -4.642E+00 -2.603E+00
 -1.2816750E+04 -2.945E+00 -3.231E+00 -1.716E+00
 -1.2816250E+04 -3.751E+00 -4.419E+00 -2.688E+00
 -1.2815750E+04 -3.163E+00 -3.247E+00 -9.306E-01
 -1.2815250E+04 -2.732E+00 -3.072E+00 -1.867E+00
 -1.2814750E+04 -2.926E+00 -3.404E+00 -2.310E+00
 -1.2814250E+04 -3.076E+00 -3.418E+00 -1.781E+00
 -1.2813750E+04 -2.918E+00 -3.140E+00 -1.387E+00
 -1.2813250E+04 -3.576E+00 -3.711E+00 -1.248E+00
 -1.2812750E+04 -4.353E+00 -4.594E+00 -1.521E+00
 -1.2812250E+04 -3.316E+00 -3.534E+00 -1.430E+00
 -1.2811750E+04 -2.894E+00 -3.147E+00 -1.576E+00
 -1.2811250E+04 -2.789E+00 -3.188E+00 -2.037E+00
 -1.2810750E+04 -3.253E+00 -3.677E+00 -1.940E+00
 -1.2810250E+04 -3.757E+00 -4.250E+00 -2.137E+00
 -1.2809750E+04 -3.352E+00 -3.710E+00 -1.961E+00
 -1.2809250E+04 -3.502E+00 -3.503E+00 -6.994E-01
 -1.2808750E+04 -3.314E+00 -3.668E+00 -1.969E+00
 -1.2808250E+04 -2.698E+00 -2.997E+00 -1.649E+00
 -1.2807750E+04 -2.858E+00 -3.366E+00 -2.220E+00
 -1.2807250E+04 -3.277E+00 -3.506E+00 -1.322E+00
 -1.2806750E+04 -2.876E+00 -3.227E+00 -1.931E+00
 -1.2806250E+04 -3.004E+00 -3.665E+00 -2.719E+00
 -1.2805750E+04 -2.350E+00 -2.967E+00 -2.638E+00
 -1.2805250E+04 -3.362E+00 -3.242E+00 -4.534E-01
 -1.2804750E+04 -3.226E+00 -3.407E+00 -1.381E+00
 -1.2804250E+04 -2.960E+00 -3.405E+00 -2.044E+00
 -1.2803750E+04 -2.865E+00 -3.044E+00 -1.050E+00
 -1.2803250E+04 -2.979E+00 -3.280E+00 -1.739E+00
 -1.2802750E+04 -3.133E+00 -3.719E+00 -2.572E+00
 -1.2802250E+04 -2.691E+00 -3.159E+00 -2.150E+00
 -1.2801750E+04 -3.443E+00 -3.737E+00 -1.767E+00
 -1.2801250E+04 -3.356E+00 -3.967E+00 -2.421E+00
 -1.2800750E+04 -3.464E+00 -3.798E+00 -1.788E+00
 -1.2800250E+04 -2.254E+00 -2.470E+00 -1.227E+00
 -1.2799750E+04 -2.926E+00 -3.062E+00 -1.193E+00
 -1.2799250E+04 -2.400E+00 -2.924E+00 -2.472E+00
 -1.2798750E+04 -3.079E+00 -3.146E+00 -7.438E-01
 -1.2798250E+04 -3.306E+00 -3.470E+00 -1.063E+00
 -1.2797750E+04 -2.656E+00 -3.057E+00 -1.476E+00
 -1.2797250E+04 -2.929E+00 -3.244E+00 -1.521E+00
 -1.2796750E+04 -2.652E+00 -2.921E+00 -1.673E+00
 -1.2796250E+04 -2.518E+00 -2.960E+00 -2.071E+00
 -1.2795750E+04 -3.180E+00 -3.521E+00 -1.753E+00
 -1.2795250E+04 -3.366E+00 -3.759E+00 -1.741E+00
 -1.2794750E+04 -2.428E+00 -2.767E+00 -1.762E+00
 -1.2794250E+04 -3.072E+00 -3.396E+00 -1.652E+00
 -1.2793750E+04 -3.057E+00 -3.217E+00 -8.313E-01
 -1.2793250E+04 -3.289E+00 -3.524E+00 -1.604E+00
 -1.2792750E+04 -3.729E+00 -3.972E+00 -1.387E+00
 -1.2792250E+04 -2.754E+00 -2.940E+00 -1.443E+00
 -1.2791750E+04 -2.535E+00 -2.830E+00 -1.469E+00
 -1.2791250E+04 -2.662E+00 -2.958E+00 -1.603E+00
 -1.2790750E+04 -2.891E+00 -3.144E+00 -1.302E+00
 -1.2790250E+04 -2.658E+00 -2.629E+00 -5.518E-01
 -1.2789750E+04 -3.118E+00 -3.244E+00 -1.354E+00
 -1.2789250E+04 -3.376E+00 -3.715E+00 -1.881E+00
 -1.2788750E+04 -3.027E+00 -3.335E+00 -1.596E+00
 -1.2788250E+04 -3.030E+00 -3.496E+00 -2.067E+00
 -1.2787750E+04 -3.342E+00 -3.560E+00 -1.315E+00
 -1.2787250E+04 -3.051E+00 -3.402E+00 -1.550E+00
 -1.2786750E+04 -2.855E+00 -3.361E+00 -2.293E+00
 -1.2786250E+04 -2.878E+00 -3.259E+00 -2.003E+00
 -1.2785750E+04 -2.457E+00 -2.888E+00 -1.996E+00
 -1.2785250E+04 -2.746E+00 -3.218E+00 -2.308E+00
 -1.2784750E+04 -3.119E+00 -3.812E+00 -2.831E+00
 -1.2784250E+04 -3.205E+00 -3.094E+00 -4.385E-02
 -1.2783750E+04 -2.795E+00 -3.100E+00 -1.621E+00
 -1.2783250E+04 -2.493E+00 -2.666E+00 -9.156E-01
 -1.2782750E+04 -2.734E+00 -2.946E+00 -1.278E+00
 -1.2782250E+04 -2.304E+00 -2.665E+00 -1.711E+00
 -1.2781750E+04 -2.734E+00 -2.953E+00 -1.420E+00
 -1.2781250E+04 -3.526E+00 -3.788E+00 -1.350E+00
 -1.2780750E+04 -2.328E+00 -2.667E+00 -1.691E+00
 -1.2780250E+04 -2.789E+00 -3.255E+00 -1.894E+00
 -1.2779750E+04 -3.010E+00 -3.321E+00 -2.075E+00
 -1.2779250E+04 -2.517E+00 -3.000E+00 -2.230E+00
 -1.2778750E+04 -2.511E+00 -2.827E+00 -1.654E+00
 -1.2778250E+04 -2.726E+00 -2.916E+00 -1.259E+00
 -1.2777750E+04 -2.896E+00 -3.014E+00 -9.403E-01
 -1.2777250E+04 -3.214E+00 -3.569E+00 -1.712E+00
 -1.2776750E+04 -2.572E+00 -2.856E+00 -1.517E+00
 -1.2776250E+04 -2.953E+00 -3.041E+00 -1.197E+00
 -1.2775750E+04 -3.173E+00 -3.458E+00 -1.436E+00
 -1.2775250E+04 -2.521E+00 -2.749E+00 -1.217E+00
 -1.2774750E+04 -3.213E+00 -3.347E+00 -9.171E-01
 -1.2774250E+04 -2.751E+00 -3.065E+00 -1.429E+00
 -1.2773750E+04 -2.287E+00 -2.629E+00 -1.683E+00
 -1.2773250E+04 -2.443E+00 -2.467E+00 -8.216E-01
 -1.2772750E+04 -3.063E+00 -3.209E+00 -6.507E-01
 -1.2772250E+04 -2.742E+00 -3.065E+00 -1.608E+00
 -1.2771750E+04 -2.064E+00 -2.564E+00 -2.312E+00
 -1.2771250E+04 -2.824E+00 -2.926E+00 -1.021E+00
 -1.2770750E+04 -2.982E+00 -3.064E+00 -9.029E-01
 -1.2770250E+04 -2.706E+00 -2.993E+00 -1.451E+00
 -1.2769750E+04 -2.593E+00 -3.195E+00 -2.394E+00
 -1.2769250E+04 -2.905E+00 -3.347E+00 -1.962E+00
 -1.2768750E+04 -1.696E+00 -2.148E+00 -2.044E+00
 -1.2768250E+04 -2.538E+00 -3.083E+00 -2.557E+00
 -1.2767750E+04 -2.991E+00 -3.302E+00 -1.690E+00
 -1.2767250E+04 -2.901E+00 -3.182E+00 -1.312E+00
 -1.2766750E+04 -2.717E+00 -2.913E+00 -1.160E+00
 -1.2766250E+04 -2.591E+00 -2.479E+00 -1.979E-01
 -1.2765750E+04 -2.542E+00 -2.757E+00 -1.152E+00
 -1.2765250E+04 -2.216E+00 -2.209E+00 -6.332E-01
 -1.2764750E+04 -2.922E+00 -3.284E+00 -1.657E+00
 -1.2764250E+04 -2.703E+00 -2.913E+00 -1.174E+00
 -1.2763750E+04 -2.626E+00 -2.845E+00 -1.461E+00
 -1.2763250E+04 -2.230E+00 -2.596E+00 -1.750E+00
 -1.2762750E+04 -1.887E+00 -2.276E+00 -1.843E+00
 -1.2762250E+04 -2.199E+00 -2.561E+00 -1.470E+00
 -1.2761750E+04 -2.686E+00 -3.032E+00 -1.719E+00
 -1.2761250E+04 -2.589E+00 -2.723E+00 -1.529E+00
 -1.2760750E+04 -2.387E+00 -2.737E+00 -1.351E+00
 -1.2760250E+04 -2.250E+00 -2.334E+00 -1.154E+00
 -1.2759750E+04 -2.957E+00 -3.244E+00 -1.376E+00
 -1.2759250E+04 -2.505E+00 -3.070E+00 -1.812E+00
 -1.2758750E+04 -2.703E+00 -3.437E+00 -2.224E+00
 -1.2758250E+04 -2.443E+00 -2.584E+00 -1.071E+00
 -1.2757750E+04 -2.190E+00 -2.579E+00 -1.595E+00
 -1.2757250E+04 -2.312E+00 -2.666E+00 -1.735E+00
 -1.2756750E+04 -2.497E+00 -2.768E+00 -1.620E+00
 -1.2756250E+04 -2.743E+00 -2.942E+00 -1.516E+00
 -1.2755750E+04 -2.074E+00 -2.351E+00 -1.285E+00
 -1.2755250E+04 -2.877E+00 -3.209E+00 -1.461E+00
 -1.2754750E+04 -2.568E+00 -2.805E+00 -1.165E+00
 -1.2754250E+04 -2.422E+00 -2.545E+00 -8.741E-01
 -1.2753750E+04 -2.321E+00 -2.392E+00 -7.985E-01
 -1.2753250E+04 -3.102E+00 -3.225E+00 -5.706E-01
 -1.2752750E+04 -3.079E+00 -3.234E+00 -1.091E+00
 -1.2752250E+04 -2.967E+00 -3.170E+00 -1.418E+00
 -1.2751750E+04 -3.181E+00 -3.270E+00 -1.160E+00
 -1.2751250E+04 -3.060E+00 -3.023E+00 -6.121E-01
 -1.2750750E+04 -2.342E+00 -2.607E+00 -1.522E+00
 -1.2750250E+04 -2.483E+00 -3.076E+00 -2.005E+00
 -1.2749750E+04 -2.506E+00 -2.940E+00 -1.903E+00
 -1.2749250E+04 -2.278E+00 -2.617E+00 -1.514E+00
 -1.2748750E+04 -3.112E+00 -3.197E+00 -9.039E-01
 -1.2748250E+04 -2.588E+00 -2.513E+00 -7.962E-01
 -1.2747750E+04 -2.190E+00 -2.662E+00 -2.099E+00
 -1.2747250E+04 -1.927E+00 -2.268E+00 -1.735E+00
 -1.2746750E+04 -2.025E+00 -2.313E+00 -1.703E+00
 -1.2746250E+04 -1.840E+00 -2.231E+00 -1.675E+00
 -1.2745750E+04 -2.465E+00 -2.655E+00 -1.121E+00
 -1.2745250E+04 -2.948E+00 -3.111E+00 -9.081E-01
 -1.2744750E+04 -2.342E+00 -2.683E+00 -1.593E+00
 -1.2744250E+04 -2.640E+00 -2.746E+00 -1.220E+00
 -1.2743750E+04 -2.369E+00 -2.623E+00 -1.219E+00
 -1.2743250E+04 -2.272E+00 -2.369E+00 -6.082E-01
 -1.2742750E+04 -2.321E+00 -2.606E+00 -1.248E+00
 -1.2742250E+04 -2.150E+00 -2.258E+00 -7.497E-01
 -1.2741750E+04 -2.023E+00 -2.272E+00 -1.816E+00
 -1.2741250E+04 -2.653E+00 -2.969E+00 -1.958E+00
 -1.2740750E+04 -2.163E+00 -2.544E+00 -1.782E+00
 -1.2740250E+04 -2.277E+00 -2.616E+00 -1.581E+00
 -1.2739750E+04 -2.958E+00 -2.886E+00 -3.604E-01
 -1.2739250E+04 -2.369E+00 -2.674E+00 -1.374E+00
 -1.2738750E+04 -2.225E+00 -2.506E+00 -1.480E+00
 -1.2738250E+04 -2.629E+00 -2.973E+00 -1.313E+00
 -1.2737750E+04 -2.599E+00 -2.671E+00 -6.057E-01
 -1.2737250E+04 -2.532E+00 -2.874E+00 -1.641E+00
 -1.2736750E+04 -3.269E+00 -3.626E+00 -1.786E+00
 -1.2736250E+04 -2.240E+00 -2.411E+00 -1.115E+00
 -1.2735750E+04 -2.354E+00 -2.560E+00 -1.111E+00
 -1.2735250E+04 -1.797E+00 -2.103E+00 -1.335E+00
 -1.2734750E+04 -2.027E+00 -2.316E+00 -1.211E+00
 -1.2734250E+04 -2.153E+00 -2.244E+00 -6.576E-01
 -1.2733750E+04 -1.621E+00 -1.990E+00 -1.699E+00
 -1.2733250E+04 -1.969E+00 -2.495E+00 -2.273E+00
 -1.2732750E+04 -1.611E+00 -1.894E+00 -1.626E+00
 -1.2732250E+04 -2.241E+00 -2.587E+00 -1.550E+00
 -1.2731750E+04 -2.290E+00 -2.274E+00 -4.302E-01
 -1.2731250E+04 -2.143E+00 -2.214E+00 -6.354E-01
 -1.2730750E+04 -2.433E+00 -2.919E+00 -2.051E+00
 -1.2730250E+04 -1.945E+00 -2.121E+00 -1.068E+00
 -1.2729750E+04 -2.147E+00 -2.183E+00 -5.493E-01
 -1.2729250E+04 -2.156E+00 -2.317E+00 -1.083E+00
 -1.2728750E+04 -2.195E+00 -2.613E+00 -1.705E+00
 -1.2728250E+04 -2.326E+00 -2.656E+00 -1.509E+00
 -1.2727750E+04 -2.762E+00 -2.979E+00 -1.163E+00
 -1.2727250E+04 -1.799E+00 -2.014E+00 -1.395E+00
 -1.2726750E+04 -2.389E+00 -2.949E+00 -2.153E+00
 -1.2726250E+04 -2.149E+00 -2.568E+00 -1.885E+00
 -1.2725750E+04 -2.555E+00 -2.631E+00 -8.044E-01
 -1.2725250E+04 -2.236E+00 -2.597E+00 -1.394E+00
 -1.2724750E+04 -2.613E+00 -2.985E+00 -1.191E+00
 -1.2724250E+04 -2.748E+00 -2.740E+00 -6.366E-01
 -1.2723750E+04 -2.180E+00 -2.373E+00 -1.257E+00
 -1.2723250E+04 -1.681E+00 -2.004E+00 -1.759E+00
 -1.2722750E+04 -2.207E+00 -2.492E+00 -1.469E+00
 -1.2722250E+04 -1.903E+00 -2.104E+00 -1.426E+00
 -1.2721750E+04 -2.534E+00 -2.595E+00 -6.549E-01
 -1.2721250E+04 -2.676E+00 -2.852E+00 -1.012E+00
 -1.2720750E+04 -2.358E+00 -2.786E+00 -1.831E+00
 -1.2720250E+04 -2.192E+00 -2.473E+00 -1.375E+00
 -1.2719750E+04 -1.531E+00 -1.637E+00 -7.364E-01
 -1.2719250E+04 -2.253E+00 -2.453E+00 -1.114E+00
 -1.2718750E+04 -2.467E+00 -2.738E+00 -1.482E+00
 -1.2718250E+04 -2.190E+00 -2.543E+00 -1.557E+00
 -1.2717750E+04 -1.381E+00 -1.499E+00 -9.004E-01
 -1.2717250E+04 -1.710E+00 -1.957E+00 -1.195E+00
 -1.2716750E+04 -1.624E+00 -1.767E+00 -1.041E+00
 -1.2716250E+04 -1.945E+00 -2.038E+00 -7.588E-01
 -1.2715750E+04 -1.902E+00 -2.209E+00 -1.288E+00
 -1.2715250E+04 -2.154E+00 -2.334E+00 -1.110E+00
 -1.2714750E+04 -2.091E+00 -2.296E+00 -1.194E+00
 -1.2714250E+04 -1.928E+00 -2.282E+00 -1.698E+00
 -1.2713750E+04 -2.167E+00 -2.300E+00 -8.075E-01
 -1.2713250E+04 -2.104E+00 -2.196E+00 -7.763E-01
 -1.2712750E+04 -1.924E+00 -2.150E+00 -1.161E+00
 -1.2712250E+04 -1.990E+00 -2.500E+00 -2.101E+00
 -1.2711750E+04 -2.706E+00 -2.650E+00 -1.873E-01
 -1.2711250E+04 -2.840E+00 -2.855E+00 -2.723E-01
 -1.2710750E+04 -1.862E+00 -1.870E+00 -6.901E-01
 -1.2710250E+04 -1.922E+00 -2.310E+00 -1.572E+00
 -1.2709750E+04 -2.072E+00 -2.203E+00 -7.655E-01
 -1.2709250E+04 -1.588E+00 -1.954E+00 -1.770E+00
 -1.2708750E+04 -2.170E+00 -2.321E+00 -9.943E-01
 -1.2708250E+04 -2.468E+00 -2.659E+00 -8.988E-01
 -1.2707750E+04 -1.862E+00 -2.294E+00 -1.791E+00
 -1.2707250E+04 -2.223E+00 -2.470E+00 -1.331E+00
 -1.2706750E+04 -2.077E+00 -2.550E+00 -1.904E+00
 -1.2706250E+04 -1.725E+00 -1.862E+00 -1.275E+00
 -1.2705750E+04 -2.067E+00 -2.439E+00 -1.615E+00
 -1.2705250E+04 -2.504E+00 -2.870E+00 -1.759E+00
 -1.2704750E+04 -1.669E+00 -1.800E+00 -7.352E-01
 -1.2704250E+04 -2.690E+00 -2.927E+00 -1.138E+00
 -1.2703750E+04 -2.274E+00 -2.468E+00 -1.200E+00
 -1.2703250E+04 -1.629E+00 -1.872E+00 -1.266E+00
 -1.2702750E+04 -2.102E+00 -2.299E+00 -9.308E-01
 -1.2702250E+04 -1.755E+00 -1.895E+00 -9.212E-01
 -1.2701750E+04 -2.030E+00 -2.382E+00 -1.509E+00
 -1.2701250E+04 -1.997E+00 -2.173E+00 -9.564E-01
 -1.2700750E+04 -1.967E+00 -2.026E+00 -8.486E-01
 -1.2700250E+04 -1.234E+00 -1.401E+00 -9.029E-01
 -1.2699750E+04 -2.192E+00 -2.349E+00 -9.905E-01
 -1.2699250E+04 -2.356E+00 -2.689E+00 -1.282E+00
 -1.2698750E+04 -2.210E+00 -2.308E+00 -8.667E-01
 -1.2698250E+04 -2.213E+00 -2.553E+00 -1.479E+00
 -1.2697750E+04 -2.189E+00 -2.286E+00 -6.711E-01
 -1.2697250E+04 -2.274E+00 -2.347E+00 -4.485E-01
 -1.2696750E+04 -1.529E+00 -1.467E+00 -1.415E-01
 -1.2696250E+04 -1.602E+00 -1.759E+00 -8.747E-01
 -1.2695750E+04 -1.639E+00 -1.867E+00 -1.189E+00
 -1.2695250E+04 -2.187E+00 -2.508E+00 -1.737E+00
 -1.2694750E+04 -1.889E+00 -2.192E+00 -1.414E+00
 -1.2694250E+04 -1.585E+00 -1.686E+00 -6.822E-01
 -1.2693750E+04 -2.094E+00 -2.343E+00 -1.183E+00
 -1.2693250E+04 -1.821E+00 -1.952E+00 -6.109E-01
 -1.2692750E+04 -2.217E+00 -2.439E+00 -8.725E-01
 -1.2692250E+04 -2.015E+00 -2.133E+00 -8.593E-01
 -1.2691750E+04 -1.797E+00 -2.135E+00 -1.696E+00
 -1.2691250E+04 -1.626E+00 -1.931E+00 -1.444E+00
 -1.2690750E+04 -1.654E+00 -1.708E+00 -4.899E-01
 -1.2690250E+04 -2.287E+00 -2.556E+00 -1.202E+00
 -1.2689750E+04 -1.496E+00 -1.704E+00 -1.051E+00
 -1.2689250E+04 -1.854E+00 -1.981E+00 -8.190E-01
 -1.2688750E+04 -2.061E+00 -2.110E+00 -7.868E-01
 -1.2688250E+04 -1.539E+00 -1.742E+00 -1.281E+00
 -1.2687750E+04 -1.739E+00 -1.969E+00 -1.215E+00
 -1.2687250E+04 -2.120E+00 -2.420E+00 -1.565E+00
 -1.2686750E+04 -1.857E+00 -2.289E+00 -2.080E+00
 -1.2686250E+04 -1.865E+00 -1.944E+00 -4.999E-01
 -1.2685750E+04 -1.736E+00 -1.935E+00 -1.015E+00
 -1.2685250E+04 -2.130E+00 -2.475E+00 -1.489E+00
 -1.2684750E+04 -1.919E+00 -2.175E+00 -1.151E+00
 -1.2684250E+04 -9.423E-01 -1.285E+00 -1.745E+00
 -1.2683750E+04 -7.453E-01 -1.055E+00 -1.481E+00
 -1.2683250E+04 -1.457E+00 -1.492E+00 -4.042E-01
 -1.2682750E+04 -2.275E+00 -2.358E+00 -3.736E-01
 -1.2682250E+04 -2.011E+00 -2.319E+00 -1.276E+00
 -1.2681750E+04 -2.045E+00 -2.295E+00 -9.501E-01
 -1.2681250E+04 -1.822E+00 -2.196E+00 -1.748E+00
 -1.2680750E+04 -2.050E+00 -2.292E+00 -1.268E+00
 -1.2680250E+04 -1.787E+00 -1.915E+00 -1.077E+00
 -1.2679750E+04 -2.217E+00 -2.408E+00 -9.430E-01
 -1.2679250E+04 -2.238E+00 -2.402E+00 -8.322E-01
 -1.2678750E+04 -1.856E+00 -1.798E+00 -1.206E-01
 -1.2678250E+04 -1.913E+00 -1.957E+00 -5.703E-01
 -1.2677750E+04 -2.166E+00 -2.361E+00 -7.792E-01
 -1.2677250E+04 -1.714E+00 -1.734E+00 -7.827E-01
 -1.2676750E+04 -1.640E+00 -1.774E+00 -1.150E+00
 -1.2676250E+04 -1.898E+00 -2.157E+00 -1.315E+00
 -1.2675750E+04 -2.144E+00 -2.356E+00 -1.221E+00
 -1.2675250E+04 -2.006E+00 -2.203E+00 -1.192E+00
 -1.2674750E+04 -1.811E+00 -2.000E+00 -8.734E-01
 -1.2674250E+04 -1.605E+00 -1.826E+00 -9.675E-01
 -1.2673750E+04 -1.771E+00 -1.940E+00 -8.120E-01
 -1.2673250E+04 -1.551E+00 -1.753E+00 -1.023E+00
 -1.2672750E+04 -9.636E-01 -1.272E+00 -1.424E+00
 -1.2672250E+04 -1.816E+00 -1.931E+00 -7.556E-01
 -1.2671750E+04 -2.044E+00 -2.123E+00 -6.341E-01
 -1.2671250E+04 -1.762E+00 -1.990E+00 -1.083E+00
 -1.2670750E+04 -1.436E+00 -1.521E+00 -6.285E-01
 -1.2670250E+04 -1.545E+00 -1.697E+00 -8.591E-01
 -1.2669750E+04 -2.324E+00 -2.359E+00 -5.106E-01
 -1.2669250E+04 -1.862E+00 -2.008E+00 -8.223E-01
 -1.2668750E+04 -1.428E+00 -1.456E+00 -5.646E-01
 -1.2668250E+04 -1.864E+00 -2.007E+00 -8.387E-01
 -1.2667750E+04 -1.440E+00 -1.723E+00 -1.187E+00
 -1.2667250E+04 -1.669E+00 -1.954E+00 -1.256E+00
 -1.2666750E+04 -1.931E+00 -2.123E+00 -1.197E+00
 -1.2666250E+04 -2.088E+00 -2.264E+00 -9.052E-01
 -1.2665750E+04 -1.744E+00 -2.083E+00 -1.639E+00
 -1.2665250E+04 -1.819E+00 -1.923E+00 -1.008E+00
 -1.2664750E+04 -1.993E+00 -2.166E+00 -8.162E-01
 -1.2664250E+04 -2.053E+00 -2.211E+00 -9.096E-01
 -1.2663750E+04 -1.603E+00 -1.909E+00 -1.335E+00
 -1.2663250E+04 -7.747E-01 -9.595E-01 -7.820E-01
 -1.2662750E+04 -1.224E+00 -1.496E+00 -1.101E+00
 -1.2662250E+04 -2.243E+00 -2.572E+00 -1.442E+00
 -1.2661750E+04 -1.657E+00 -1.785E+00 -8.036E-01
 -1.2661250E+04 -1.286E+00 -1.489E+00 -8.322E-01
 -1.2660750E+04 -1.166E+00 -1.300E+00 -7.881E-01
 -1.2660250E+04 -1.569E+00 -1.809E+00 -1.303E+00
 -1.2659750E+04 -2.067E+00 -2.405E+00 -1.662E+00
 -1.2659250E+04 -1.580E+00 -1.727E+00 -1.016E+00
 -1.2658750E+04 -2.068E+00 -2.237E+00 -8.380E-01
 -1.2658250E+04 -2.066E+00 -2.323E+00 -1.221E+00
 -1.2657750E+04 -1.604E+00 -1.900E+00 -1.110E+00
 -1.2657250E+04 -1.502E+00 -1.749E+00 -9.145E-01
 -1.2656750E+04 -1.648E+00 -1.851E+00 -1.097E+00
 -1.2656250E+04 -1.523E+00 -1.574E+00 -4.408E-01
 -1.2655750E+04 -1.606E+00 -1.832E+00 -1.374E+00
 -1.2655250E+04 -1.402E+00 -1.282E+00 -2.411E-01
 -1.2654750E+04 -1.338E+00 -1.663E+00 -1.378E+00
 -1.2654250E+04 -2.084E+00 -2.362E+00 -1.279E+00
 -1.2653750E+04 -1.723E+00 -1.983E+00 -1.305E+00
 -1.2653250E+04 -2.071E+00 -2.156E+00 -8.710E-01
 -1.2652750E+04 -2.339E+00 -2.453E+00 -4.065E-01
 -1.2652250E+04 -1.786E+00 -1.956E+00 -7.747E-01
 -1.2651750E+04 -1.382E+00 -1.411E+00 -3.746E-01
 -1.2651250E+04 -1.771E+00 -1.857E+00 -8.609E-01
 -1.2650750E+04 -1.787E+00 -2.184E+00 -1.685E+00
 -1.2650250E+04 -1.993E+00 -2.172E+00 -8.356E-01
 -1.2649750E+04 -1.617E+00 -1.815E+00 -1.073E+00
 -1.2649250E+04 -1.751E+00 -1.690E+00 -2.409E-01
 -1.2648750E+04 -1.517E+00 -1.867E+00 -1.461E+00
 -1.2648250E+04 -1.905E+00 -1.904E+00 -4.400E-01
 -1.2647750E+04 -1.316E+00 -1.532E+00 -1.197E+00
 -1.2647250E+04 -9.245E-01 -9.779E-01 -7.569E-01
 -1.2646750E+04 -1.656E+00 -1.510E+00  9.534E-02
 -1.2646250E+04 -1.836E+00 -2.006E+00 -6.918E-01
 -1.2645750E+04 -1.688E+00 -1.730E+00 -5.376E-01
 -1.2645250E+04 -9.595E-01 -1.371E+00 -1.683E+00
 -1.2644750E+04 -1.520E+00 -1.875E+00 -1.452E+00
 -1.2644250E+04 -1.813E+00 -1.812E+00 -3.441E-01
 -1.2643750E+04 -1.792E+00 -1.963E+00 -9.358E-01
 -1.2643250E+04 -1.309E+00 -1.626E+00 -1.315E+00
 -1.2642750E+04 -1.201E+00 -1.416E+00 -1.096E+00
 -1.2642250E+04 -1.729E+00 -1.975E+00 -1.225E+00
 -1.2641750E+04 -1.394E+00 -1.632E+00 -1.152E+00
 -1.2641250E+04 -1.496E+00 -1.482E+00 -2.264E-01
 -1.2640750E+04 -1.072E+00 -1.307E+00 -1.028E+00
 -1.2640250E+04 -1.384E+00 -1.553E+00 -1.049E+00
 -1.2639750E+04 -1.565E+00 -1.655E+00 -6.633E-01
 -1.2639250E+04 -1.539E+00 -1.632E+00 -5.071E-01
 -1.2638750E+04 -1.690E+00 -1.772E+00 -3.685E-01
 -1.2638250E+04 -1.902E+00 -2.076E+00 -9.311E-01
 -1.2637750E+04 -1.759E+00 -2.008E+00 -1.130E+00
 -1.2637250E+04 -1.697E+00 -1.915E+00 -1.085E+00
 -1.2636750E+04 -9.312E-01 -1.245E+00 -1.371E+00
 -1.2636250E+04 -1.448E+00 -1.413E+00 -4.247E-01
 -1.2635750E+04 -1.876E+00 -1.926E+00 -2.565E-01
 -1.2635250E+04 -1.858E+00 -2.003E+00 -9.700E-01
 -1.2634750E+04 -1.088E+00 -1.151E+00 -7.629E-01
 -1.2634250E+04 -1.290E+00 -1.486E+00 -1.011E+00
 -1.2633750E+04 -1.515E+00 -1.707E+00 -9.014E-01
 -1.2633250E+04 -1.322E+00 -1.382E+00 -6.279E-01
 -1.2632750E+04 -1.430E+00 -1.547E+00 -7.259E-01
 -1.2632250E+04 -1.497E+00 -1.586E+00 -6.686E-01
 -1.2631750E+04 -1.660E+00 -1.860E+00 -1.008E+00
 -1.2631250E+04 -1.714E+00 -1.877E+00 -1.018E+00
 -1.2630750E+04 -1.479E+00 -1.553E+00 -4.867E-01
 -1.2630250E+04 -1.499E+00 -1.774E+00 -9.692E-01
 -1.2629750E+04 -1.112E+00 -1.202E+00 -6.709E-01
 -1.2629250E+04 -1.172E+00 -1.196E+00 -2.884E-01
 -1.2628750E+04 -1.974E+00 -2.024E+00 -6.189E-01
 -1.2628250E+04 -1.903E+00 -2.006E+00 -7.577E-01
 -1.2627750E+04 -1.329E+00 -1.530E+00 -1.304E+00
 -1.2627250E+04 -1.322E+00 -1.666E+00 -1.062E+00
