 -1.4187250E+04 -0.000E+00 -0.000E+00  0.000E+00
 -1.4186750E+04 -0.000E+00 -0.000E+00  0.000E+00
 -1.4186250E+04 -0.000E+00 -0.000E+00  0.000E+00
 -1.4185750E+04 -0.000E+00 -0.000E+00  0.000E+00
 -1.4185250E+04 -0.000E+00 -0.000E+00  0.000E+00
 -1.4184750E+04 -0.000E+00 -0.000E+00  0.000E+00
 -1.4184250E+04 -0.000E+00 -0.000E+00  0.000E+00
 -1.4183750E+04 -0.000E+00 -0.000E+00  0.000E+00
 -1.4183250E+04 -0.000E+00 -0.000E+00  0.000E+00
 -1.4182750E+04 -0.000E+00 -0.000E+00  0.000E+00
 -1.4182250E+04 -0.000E+00 -0.000E+00  0.000E+00
 -1.4181750E+04 -0.000E+00 -0.000E+00  0.000E+00
 -1.4181250E+04 -0.000E+00 -0.000E+00  0.000E+00
 -1.4180750E+04 -0.000E+00 -0.000E+00  0.000E+00
 -1.4180250E+04 -0.000E+00 -0.000E+00  0.000E+00
 -1.4179750E+04 -0.000E+00 -0.000E+00  0.000E+00
 -1.4179250E+04 -0.000E+00 -0.000E+00  0.000E+00
 -1.4178750E+04 -0.000E+00 -0.000E+00  0.000E+00
 -1.4178250E+04 -0.000E+00 -0.000E+00  0.000E+00
 -1.4177750E+04 -0.000E+00 -0.000E+00  0.000E+00
 -1.4177250E+04 -0.000E+00 -0.000E+00  0.000E+00
 -1.4176750E+04 -0.000E+00 -0.000E+00  0.000E+00
 -1.4176250E+04 -0.000E+00 -0.000E+00  0.000E+00
 -1.4175750E+04 -0.000E+00 -0.000E+00  0.000E+00
 -1.4175250E+04 -0.000E+00 -0.000E+00  0.000E+00
 -1.4174750E+04 -0.000E+00 -0.000E+00  0.000E+00
 -1.4174250E+04 -0.000E+00 -0.000E+00  0.000E+00
 -1.4173750E+04 -0.000E+00 -0.000E+00  0.000E+00
 -1.4173250E+04 -0.000E+00 -0.000E+00  0.000E+00
 -1.4172750E+04 -0.000E+00 -0.000E+00  0.000E+00
 -1.4172250E+04 -0.000E+00 -0.000E+00  0.000E+00
 -1.4171750E+04 -0.000E+00 -0.000E+00  0.000E+00
 -1.4171250E+04 -0.000E+00 -0.000E+00  0.000E+00
 -1.4170750E+04 -0.000E+00 -0.000E+00  0.000E+00
 -1.4170250E+04 -0.000E+00 -0.000E+00  0.000E+00
 -1.4169750E+04 -0.000E+00 -0.000E+00  0.000E+00
 -1.4169250E+04 -0.000E+00 -0.000E+00  0.000E+00
 -1.4168750E+04 -0.000E+00 -0.000E+00  0.000E+00
 -1.4168250E+04 -0.000E+00 -0.000E+00  0.000E+00
 -1.4167750E+04 -0.000E+00 -0.000E+00  0.000E+00
 -1.4167250E+04 -0.000E+00 -0.000E+00  0.000E+00
 -1.4166750E+04 -0.000E+00 -0.000E+00  0.000E+00
 -1.4166250E+04 -0.000E+00 -0.000E+00  0.000E+00
 -1.4165750E+04 -0.000E+00 -0.000E+00  0.000E+00
 -1.4165250E+04 -0.000E+00 -0.000E+00  0.000E+00
 -1.4164750E+04 -0.000E+00 -0.000E+00  0.000E+00
 -1.4164250E+04 -0.000E+00 -0.000E+00  0.000E+00
 -1.4163750E+04 -0.000E+00 -0.000E+00  0.000E+00
 -1.4163250E+04 -0.000E+00 -0.000E+00  0.000E+00
 -1.4162750E+04 -0.000E+00 -0.000E+00  0.000E+00
 -1.4162250E+04 -0.000E+00 -0.000E+00  0.000E+00
 -1.4161750E+04 -0.000E+00 -0.000E+00  0.000E+00
 -1.4161250E+04 -0.000E+00 -0.000E+00  0.000E+00
 -1.4160750E+04 -0.000E+00 -0.000E+00  0.000E+00
 -1.4160250E+04 -0.000E+00 -0.000E+00  0.000E+00
 -1.4159750E+04 -0.000E+00 -0.000E+00  0.000E+00
 -1.4159250E+04 -0.000E+00 -0.000E+00  0.000E+00
 -1.4158750E+04 -0.000E+00 -0.000E+00  0.000E+00
 -1.4158250E+04 -0.000E+00 -0.000E+00  0.000E+00
 -1.4157750E+04 -0.000E+00 -0.000E+00  0.000E+00
 -1.4157250E+04 -0.000E+00 -0.000E+00  0.000E+00
 -1.4156750E+04 -0.000E+00 -0.000E+00  0.000E+00
 -1.4156250E+04 -0.000E+00 -0.000E+00  0.000E+00
 -1.4155750E+04 -0.000E+00 -0.000E+00  0.000E+00
 -1.4155250E+04 -0.000E+00 -0.000E+00  0.000E+00
 -1.4154750E+04 -0.000E+00 -0.000E+00  0.000E+00
 -1.4154250E+04 -0.000E+00 -0.000E+00  0.000E+00
 -1.4153750E+04 -0.000E+00 -0.000E+00  0.000E+00
 -1.4153250E+04  6.669E-05  3.526E-05 -8.246E-05
 -1.4152750E+04  9.091E-07  2.585E-05  8.710E-05
 -1.4152250E+04 -5.617E-06 -2.942E-05 -8.680E-05
 -1.4151750E+04 -5.277E-06 -1.794E-05 -5.041E-05
 -1.4151250E+04 -2.039E-05  1.904E-05  1.274E-04
 -1.4150750E+04  1.652E-05  2.940E-05  5.219E-05
 -1.4150250E+04  1.283E-04  1.106E-04  2.277E-06
 -1.4149750E+04 -4.397E-05  4.648E-07  1.373E-04
 -1.4149250E+04 -9.359E-05 -9.239E-05 -4.126E-05
 -1.4148750E+04 -5.247E-05 -1.457E-05  1.047E-04
 -1.4148250E+04  9.238E-06 -8.546E-06 -5.415E-05
 -1.4147750E+04 -8.561E-05 -7.858E-05 -1.258E-05
 -1.4147250E+04  7.412E-05  7.650E-05  3.992E-05
 -1.4146750E+04 -9.179E-06  2.819E-07  2.788E-05
 -1.4146250E+04 -2.504E-05 -1.368E-04 -3.946E-04
 -1.4145750E+04  7.142E-05  6.929E-05  2.874E-05
 -1.4145250E+04  2.790E-05  2.869E-05  1.711E-05
 -1.4144750E+04  9.079E-05  5.086E-05 -1.061E-04
 -1.4144250E+04  3.407E-04  3.180E-04  9.398E-05
 -1.4143750E+04  1.711E-03  1.685E-03  7.887E-04
 -1.4143250E+04  7.287E-04  7.495E-04  4.515E-04
 -1.4142750E+04 -3.879E-04 -3.346E-04 -1.138E-05
 -1.4142250E+04 -4.148E-05 -4.024E-05 -1.635E-05
 -1.4141750E+04  3.030E-03  2.750E-03  4.568E-04
 -1.4141250E+04  3.231E-04  3.613E-04  3.183E-04
 -1.4140750E+04 -4.852E-04 -4.472E-04 -1.038E-04
 -1.4140250E+04  1.595E-03  1.759E-03  1.471E-03
 -1.4139750E+04 -1.193E-03 -1.355E-03 -1.253E-03
 -1.4139250E+04  3.078E-03  2.470E-03 -8.220E-04
 -1.4138750E+04  4.228E-04  1.231E-03  3.404E-03
 -1.4138250E+04 -4.172E-04  1.490E-03  7.268E-03
 -1.4137750E+04  1.046E-02  1.094E-02  7.258E-03
 -1.4137250E+04  2.928E-03  1.921E-03 -2.428E-03
 -1.4136750E+04 -2.385E-03 -2.980E-03 -3.560E-03
 -1.4136250E+04 -8.646E-04 -7.637E-04 -4.379E-05
 -1.4135750E+04  5.745E-02  4.694E-02 -1.301E-02
 -1.4135250E+04 -6.099E-03 -7.787E-03 -9.637E-03
 -1.4134750E+04  4.730E-03  3.416E-03 -2.724E-03
 -1.4134250E+04  3.341E-02  3.438E-02  2.046E-02
 -1.4133750E+04 -1.554E-02 -1.532E-02 -6.962E-03
 -1.4133250E+04 -8.790E-03 -9.388E-03 -6.784E-03
 -1.4132750E+04 -3.404E-03 -5.342E-04  9.501E-03
 -1.4132250E+04  4.837E-03  1.485E-03 -1.069E-02
 -1.4131750E+04  1.446E-02  1.919E-02  2.555E-02
 -1.4131250E+04  2.843E-02  2.244E-02 -8.943E-03
 -1.4130750E+04 -1.250E-03  6.759E-03  3.073E-02
 -1.4130250E+04  1.930E-02  2.186E-02  1.942E-02
 -1.4129750E+04 -1.481E-02 -1.418E-02 -4.832E-03
 -1.4129250E+04  1.206E-02  5.415E-03 -1.965E-02
 -1.4128750E+04  4.938E-02  4.656E-02  1.360E-02
 -1.4128250E+04  8.328E-03  1.077E-02  1.346E-02
 -1.4127750E+04  1.032E-01  1.202E-01  1.161E-01
 -1.4127250E+04  9.857E-03  1.980E-02  4.386E-02
 -1.4126750E+04  3.360E-02  2.564E-02 -1.485E-02
 -1.4126250E+04  1.151E-01  1.011E-01  1.705E-03
 -1.4125750E+04  2.545E-02  5.094E-03 -6.721E-02
 -1.4125250E+04  1.484E-01  1.811E-01  1.984E-01
 -1.4124750E+04  7.686E-02  9.328E-02  1.019E-01
 -1.4124250E+04  3.417E-02  1.148E-02 -7.200E-02
 -1.4123750E+04 -5.291E-02 -5.396E-02 -3.035E-02
 -1.4123250E+04  3.235E-02  4.914E-02  8.082E-02
 -1.4122750E+04  4.181E-02  4.188E-02  2.097E-02
 -1.4122250E+04  1.431E-01  1.605E-01  1.367E-01
 -1.4121750E+04  3.127E-01  3.113E-01  1.451E-01
 -1.4121250E+04  1.783E-01  1.698E-01  5.152E-02
 -1.4120750E+04  1.077E-01  9.501E-02 -4.054E-04
 -1.4120250E+04  8.687E-02  7.811E-02  7.412E-03
 -1.4119750E+04  2.679E-01  2.630E-01  1.083E-01
 -1.4119250E+04  9.698E-02  1.147E-01  1.153E-01
 -1.4118750E+04  4.980E-02  2.567E-02 -6.988E-02
 -1.4118250E+04  2.355E-02  4.312E-02  8.622E-02
 -1.4117750E+04 -9.306E-03  4.799E-03  5.096E-02
 -1.4117250E+04  6.156E-03  4.794E-02  1.646E-01
 -1.4116750E+04  2.290E-03 -1.036E-02 -4.688E-02
 -1.4116250E+04  3.119E-01  3.297E-01  2.146E-01
 -1.4115750E+04  8.785E-02  9.440E-02  6.801E-02
 -1.4115250E+04  2.707E-01  2.825E-01  1.694E-01
 -1.4114750E+04  7.967E-01  7.432E-01  1.670E-01
 -1.4114250E+04  1.728E-01  4.035E-01  9.088E-01
 -1.4113750E+04  2.409E-01  1.551E-02 -6.197E-01
 -1.4113250E+04  1.643E-01  1.610E-01  4.920E-02
 -1.4112750E+04 -3.111E-02  1.108E-01  4.910E-01
 -1.4112250E+04  2.703E-01  2.801E-01  1.659E-01
 -1.4111750E+04  6.066E-01  6.631E-01  5.061E-01
 -1.4111250E+04  7.431E-01  5.211E-01 -4.916E-01
 -1.4110750E+04  6.030E-01  6.815E-01  5.861E-01
 -1.4110250E+04  5.854E-01  5.733E-01  2.172E-01
 -1.4109750E+04  8.576E-01  8.611E-01  3.950E-01
 -1.4109250E+04  4.330E-01  3.846E-01 -1.220E-03
 -1.4108750E+04  6.950E-01  7.521E-01  5.255E-01
 -1.4108250E+04  4.231E-01  4.012E-01  1.356E-01
 -1.4107750E+04  6.644E-01  6.718E-01  3.297E-01
 -1.4107250E+04  5.014E-01  5.717E-01  5.040E-01
 -1.4106750E+04  1.027E+00  1.102E+00  7.527E-01
 -1.4106250E+04  8.795E-01  7.805E-01  1.021E-02
 -1.4105750E+04  7.696E-01  8.066E-01  4.828E-01
 -1.4105250E+04  5.600E-01  6.011E-01  4.163E-01
 -1.4104750E+04  3.988E-01  5.392E-01  7.179E-01
 -1.4104250E+04  2.630E+00  2.634E+00  1.211E+00
 -1.4103750E+04  1.265E+00  1.168E+00  1.926E-01
 -1.4103250E+04  7.687E-01  8.630E-01  7.076E-01
 -1.4102750E+04  1.303E+00  1.232E+00  3.090E-01
 -1.4102250E+04  1.228E+00  1.301E+00  8.219E-01
 -1.4101750E+04  4.485E-01  6.943E-01  1.137E+00
 -1.4101250E+04  1.739E+00  1.814E+00  1.064E+00
 -1.4100750E+04  1.838E+00  1.895E+00  1.033E+00
 -1.4100250E+04  2.271E+00  2.290E+00  1.073E+00
 -1.4099750E+04  1.816E+00  1.891E+00  1.092E+00
 -1.4099250E+04  2.044E+00  2.236E+00  1.642E+00
 -1.4098750E+04  2.151E+00  2.316E+00  1.573E+00
 -1.4098250E+04  1.828E+00  1.749E+00  5.008E-01
 -1.4097750E+04  2.197E+00  2.232E+00  1.100E+00
 -1.4097250E+04  2.346E+00  2.440E+00  1.373E+00
 -1.4096750E+04  3.327E+00  3.354E+00  1.565E+00
 -1.4096250E+04  3.100E+00  3.296E+00  2.100E+00
 -1.4095750E+04  3.074E+00  3.050E+00  1.257E+00
 -1.4095250E+04  2.496E+00  2.276E+00  2.618E-01
 -1.4094750E+04  2.403E+00  2.826E+00  2.623E+00
 -1.4094250E+04  3.808E+00  3.908E+00  2.035E+00
 -1.4093750E+04  4.483E+00  4.544E+00  2.191E+00
 -1.4093250E+04  3.919E+00  4.063E+00  2.248E+00
 -1.4092750E+04  4.123E+00  4.342E+00  2.604E+00
 -1.4092250E+04  5.486E+00  5.515E+00  2.484E+00
 -1.4091750E+04  5.573E+00  5.754E+00  3.074E+00
 -1.4091250E+04  6.021E+00  6.251E+00  3.445E+00
 -1.4090750E+04  5.461E+00  5.950E+00  4.226E+00
 -1.4090250E+04  6.434E+00  6.743E+00  3.961E+00
 -1.4089750E+04  6.841E+00  6.986E+00  3.470E+00
 -1.4089250E+04  5.983E+00  6.094E+00  2.942E+00
 -1.4088750E+04  8.008E+00  8.630E+00  5.762E+00
 -1.4088250E+04  8.339E+00  8.093E+00  2.577E+00
 -1.4087750E+04  8.091E+00  8.463E+00  4.821E+00
 -1.4087250E+04  7.611E+00  8.027E+00  4.783E+00
 -1.4086750E+04  7.532E+00  7.733E+00  3.928E+00
 -1.4086250E+04  9.313E+00  9.742E+00  5.535E+00
 -1.4085750E+04  8.801E+00  8.837E+00  3.822E+00
 -1.4085250E+04  9.805E+00  1.063E+01  7.211E+00
 -1.4084750E+04  1.241E+01  1.240E+01  5.161E+00
 -1.4084250E+04  1.194E+01  1.198E+01  5.122E+00
 -1.4083750E+04  1.145E+01  1.169E+01  5.642E+00
 -1.4083250E+04  1.009E+01  1.065E+01  6.235E+00
 -1.4082750E+04  1.535E+01  1.628E+01  9.935E+00
 -1.4082250E+04  1.243E+01  1.273E+01  6.323E+00
 -1.4081750E+04  1.315E+01  1.356E+01  6.987E+00
 -1.4081250E+04  1.440E+01  1.481E+01  7.506E+00
 -1.4080750E+04  1.343E+01  1.405E+01  7.835E+00
 -1.4080250E+04  1.539E+01  1.613E+01  9.083E+00
 -1.4079750E+04  1.511E+01  1.555E+01  7.808E+00
 -1.4079250E+04  1.782E+01  1.841E+01  9.511E+00
 -1.4078750E+04  1.685E+01  1.761E+01  9.710E+00
 -1.4078250E+04  1.846E+01  1.878E+01  8.765E+00
 -1.4077750E+04  1.860E+01  1.928E+01  1.013E+01
 -1.4077250E+04  1.974E+01  2.078E+01  1.192E+01
 -1.4076750E+04  2.139E+01  2.244E+01  1.264E+01
 -1.4076250E+04  2.312E+01  2.402E+01  1.270E+01
 -1.4075750E+04  2.238E+01  2.259E+01  9.790E+00
 -1.4075250E+04  2.594E+01  2.673E+01  1.333E+01
 -1.4074750E+04  1.965E+01  2.083E+01  1.226E+01
 -1.4074250E+04  2.431E+01  2.516E+01  1.293E+01
 -1.4073750E+04  2.680E+01  2.803E+01  1.534E+01
 -1.4073250E+04  2.415E+01  2.617E+01  1.720E+01
 -1.4072750E+04  2.595E+01  2.639E+01  1.194E+01
 -1.4072250E+04  3.170E+01  3.239E+01  1.510E+01
 -1.4071750E+04  2.662E+01  2.845E+01  1.742E+01
 -1.4071250E+04  2.814E+01  2.967E+01  1.681E+01
 -1.4070750E+04  3.450E+01  3.588E+01  1.873E+01
 -1.4070250E+04  2.993E+01  3.102E+01  1.582E+01
 -1.4069750E+04  3.397E+01  3.517E+01  1.778E+01
 -1.4069250E+04  3.576E+01  3.708E+01  1.895E+01
 -1.4068750E+04  3.201E+01  3.433E+01  2.116E+01
 -1.4068250E+04  3.449E+01  3.604E+01  1.926E+01
 -1.4067750E+04  3.835E+01  4.031E+01  2.222E+01
 -1.4067250E+04  3.710E+01  3.875E+01  2.058E+01
 -1.4066750E+04  4.194E+01  4.296E+01  2.008E+01
 -1.4066250E+04  3.448E+01  3.606E+01  1.917E+01
 -1.4065750E+04  4.036E+01  4.270E+01  2.438E+01
 -1.4065250E+04  4.378E+01  4.538E+01  2.270E+01
 -1.4064750E+04  4.555E+01  4.739E+01  2.427E+01
 -1.4064250E+04  4.749E+01  4.850E+01  2.201E+01
 -1.4063750E+04  4.506E+01  4.723E+01  2.517E+01
 -1.4063250E+04  5.084E+01  5.388E+01  3.072E+01
 -1.4062750E+04  4.762E+01  5.056E+01  2.912E+01
 -1.4062250E+04  4.871E+01  5.006E+01  2.348E+01
 -1.4061750E+04  4.486E+01  4.820E+01  2.939E+01
 -1.4061250E+04  5.346E+01  5.521E+01  2.662E+01
 -1.4060750E+04  5.113E+01  5.329E+01  2.723E+01
 -1.4060250E+04  5.467E+01  5.650E+01  2.727E+01
 -1.4059750E+04  5.341E+01  5.620E+01  3.037E+01
 -1.4059250E+04  5.343E+01  5.553E+01  2.774E+01
 -1.4058750E+04  5.545E+01  5.816E+01  3.070E+01
 -1.4058250E+04  5.749E+01  5.955E+01  2.899E+01
 -1.4057750E+04  5.659E+01  6.002E+01  3.368E+01
 -1.4057250E+04  6.383E+01  6.532E+01  2.918E+01
 -1.4056750E+04  6.148E+01  6.496E+01  3.565E+01
 -1.4056250E+04  5.724E+01  6.025E+01  3.219E+01
 -1.4055750E+04  6.053E+01  6.436E+01  3.648E+01
 -1.4055250E+04  6.517E+01  6.699E+01  3.055E+01
 -1.4054750E+04  7.019E+01  7.314E+01  3.663E+01
 -1.4054250E+04  7.043E+01  7.455E+01  4.100E+01
 -1.4053750E+04  6.716E+01  7.053E+01  3.696E+01
 -1.4053250E+04  7.299E+01  7.597E+01  3.754E+01
 -1.4052750E+04  6.318E+01  6.549E+01  3.133E+01
 -1.4052250E+04  7.107E+01  7.465E+01  3.892E+01
 -1.4051750E+04  7.192E+01  7.584E+01  4.038E+01
 -1.4051250E+04  6.751E+01  7.230E+01  4.194E+01
 -1.4050750E+04  7.594E+01  7.908E+01  3.886E+01
 -1.4050250E+04  7.585E+01  7.771E+01  3.404E+01
 -1.4049750E+04  7.301E+01  7.627E+01  3.821E+01
 -1.4049250E+04  7.374E+01  7.864E+01  4.428E+01
 -1.4048750E+04  7.066E+01  7.388E+01  3.689E+01
 -1.4048250E+04  7.656E+01  7.937E+01  3.735E+01
 -1.4047750E+04  7.245E+01  7.764E+01  4.478E+01
 -1.4047250E+04  7.955E+01  8.490E+01  4.784E+01
 -1.4046750E+04  7.253E+01  7.763E+01  4.432E+01
 -1.4046250E+04  8.160E+01  8.519E+01  4.178E+01
 -1.4045750E+04  7.682E+01  8.093E+01  4.185E+01
 -1.4045250E+04  8.450E+01  8.814E+01  4.287E+01
 -1.4044750E+04  8.160E+01  8.602E+01  4.469E+01
 -1.4044250E+04  8.049E+01  8.501E+01  4.447E+01
 -1.4043750E+04  7.610E+01  8.039E+01  4.208E+01
 -1.4043250E+04  7.787E+01  8.302E+01  4.583E+01
 -1.4042750E+04  8.933E+01  9.300E+01  4.414E+01
 -1.4042250E+04  8.464E+01  8.878E+01  4.420E+01
 -1.4041750E+04  8.016E+01  8.643E+01  5.060E+01
 -1.4041250E+04  8.908E+01  9.149E+01  3.919E+01
 -1.4040750E+04  8.498E+01  9.016E+01  4.792E+01
 -1.4040250E+04  8.625E+01  8.981E+01  4.227E+01
 -1.4039750E+04  8.015E+01  8.342E+01  3.892E+01
 -1.4039250E+04  9.190E+01  9.813E+01  5.394E+01
 -1.4038750E+04  7.831E+01  8.104E+01  3.610E+01
 -1.4038250E+04  8.588E+01  9.011E+01  4.424E+01
 -1.4037750E+04  8.644E+01  9.275E+01  5.197E+01
 -1.4037250E+04  8.288E+01  8.614E+01  3.942E+01
 -1.4036750E+04  8.811E+01  9.303E+01  4.727E+01
 -1.4036250E+04  8.998E+01  9.563E+01  5.062E+01
 -1.4035750E+04  8.170E+01  8.800E+01  5.011E+01
 -1.4035250E+04  7.704E+01  8.387E+01  5.033E+01
 -1.4034750E+04  8.511E+01  9.019E+01  4.651E+01
 -1.4034250E+04  9.073E+01  9.308E+01  3.828E+01
 -1.4033750E+04  8.635E+01  9.126E+01  4.604E+01
 -1.4033250E+04  9.153E+01  9.679E+01  4.926E+01
 -1.4032750E+04  7.998E+01  8.727E+01  5.249E+01
 -1.4032250E+04  8.607E+01  9.152E+01  4.771E+01
 -1.4031750E+04  8.752E+01  9.060E+01  3.952E+01
 -1.4031250E+04  8.081E+01  8.607E+01  4.505E+01
 -1.4030750E+04  8.679E+01  9.289E+01  5.007E+01
 -1.4030250E+04  9.314E+01  9.947E+01  5.305E+01
 -1.4029750E+04  8.668E+01  9.096E+01  4.311E+01
 -1.4029250E+04  8.445E+01  9.004E+01  4.722E+01
 -1.4028750E+04  8.652E+01  9.379E+01  5.391E+01
 -1.4028250E+04  8.898E+01  9.374E+01  4.505E+01
 -1.4027750E+04  8.245E+01  8.946E+01  5.142E+01
 -1.4027250E+04  8.904E+01  9.401E+01  4.626E+01
 -1.4026750E+04  7.949E+01  8.372E+01  4.014E+01
 -1.4026250E+04  8.002E+01  8.503E+01  4.302E+01
 -1.4025750E+04  8.005E+01  8.704E+01  5.043E+01
 -1.4025250E+04  8.353E+01  8.902E+01  4.588E+01
 -1.4024750E+04  8.657E+01  9.100E+01  4.282E+01
 -1.4024250E+04  7.655E+01  8.373E+01  4.969E+01
 -1.4023750E+04  8.118E+01  8.764E+01  4.841E+01
 -1.4023250E+04  8.344E+01  8.835E+01  4.344E+01
 -1.4022750E+04  8.039E+01  8.637E+01  4.607E+01
 -1.4022250E+04  7.508E+01  8.079E+01  4.324E+01
 -1.4021750E+04  7.841E+01  8.088E+01  3.226E+01
 -1.4021250E+04  8.279E+01  8.855E+01  4.602E+01
 -1.4020750E+04  7.308E+01  7.949E+01  4.504E+01
 -1.4020250E+04  8.076E+01  8.843E+01  5.209E+01
 -1.4019750E+04  7.706E+01  8.166E+01  3.946E+01
 -1.4019250E+04  7.439E+01  7.831E+01  3.616E+01
 -1.4018750E+04  7.113E+01  7.554E+01  3.683E+01
 -1.4018250E+04  7.265E+01  7.555E+01  3.169E+01
 -1.4017750E+04  7.241E+01  7.679E+01  3.688E+01
 -1.4017250E+04  7.180E+01  7.827E+01  4.444E+01
 -1.4016750E+04  7.460E+01  7.943E+01  3.901E+01
 -1.4016250E+04  6.130E+01  6.839E+01  4.320E+01
 -1.4015750E+04  7.216E+01  7.758E+01  4.036E+01
 -1.4015250E+04  6.972E+01  7.305E+01  3.148E+01
 -1.4014750E+04  6.217E+01  6.720E+01  3.568E+01
 -1.4014250E+04  6.944E+01  7.473E+01  3.911E+01
 -1.4013750E+04  7.087E+01  7.692E+01  4.167E+01
 -1.4013250E+04  5.785E+01  6.336E+01  3.570E+01
 -1.4012750E+04  7.617E+01  7.980E+01  3.458E+01
 -1.4012250E+04  6.583E+01  6.997E+01  3.327E+01
 -1.4011750E+04  6.981E+01  7.278E+01  3.005E+01
 -1.4011250E+04  6.269E+01  6.563E+01  2.756E+01
 -1.4010750E+04  6.236E+01  6.769E+01  3.624E+01
 -1.4010250E+04  5.703E+01  6.379E+01  3.984E+01
 -1.4009750E+04  5.236E+01  6.035E+01  4.288E+01
 -1.4009250E+04  5.826E+01  6.307E+01  3.291E+01
 -1.4008750E+04  6.003E+01  6.337E+01  2.821E+01
 -1.4008250E+04  6.134E+01  6.494E+01  2.929E+01
 -1.4007750E+04  5.864E+01  6.325E+01  3.195E+01
 -1.4007250E+04  5.389E+01  5.671E+01  2.405E+01
 -1.4006750E+04  5.423E+01  5.856E+01  2.966E+01
 -1.4006250E+04  5.225E+01  5.821E+01  3.489E+01
 -1.4005750E+04  4.361E+01  4.605E+01  1.941E+01
 -1.4005250E+04  6.002E+01  6.386E+01  2.939E+01
 -1.4004750E+04  5.201E+01  5.450E+01  2.232E+01
 -1.4004250E+04  4.932E+01  5.441E+01  3.072E+01
 -1.4003750E+04  5.026E+01  5.374E+01  2.493E+01
 -1.4003250E+04  4.929E+01  5.181E+01  2.100E+01
 -1.4002750E+04  4.279E+01  4.617E+01  2.230E+01
 -1.4002250E+04  4.305E+01  4.592E+01  2.055E+01
 -1.4001750E+04  4.567E+01  4.882E+01  2.220E+01
 -1.4001250E+04  4.023E+01  4.585E+01  2.971E+01
 -1.4000750E+04  3.937E+01  4.133E+01  1.610E+01
 -1.4000250E+04  4.207E+01  4.864E+01  3.371E+01
 -1.3999750E+04  4.787E+01  5.178E+01  2.529E+01
 -1.3999250E+04  4.197E+01  4.446E+01  1.849E+01
 -1.3998750E+04  3.615E+01  3.835E+01  1.577E+01
 -1.3998250E+04  3.049E+01  3.631E+01  2.715E+01
 -1.3997750E+04  3.240E+01  3.587E+01  1.925E+01
 -1.3997250E+04  3.906E+01  4.199E+01  1.905E+01
 -1.3996750E+04  3.686E+01  4.113E+01  2.336E+01
 -1.3996250E+04  2.991E+01  3.175E+01  1.275E+01
 -1.3995750E+04  3.938E+01  4.165E+01  1.677E+01
 -1.3995250E+04  3.353E+01  3.797E+01  2.294E+01
 -1.3994750E+04  3.044E+01  3.426E+01  1.992E+01
 -1.3994250E+04  2.383E+01  2.595E+01  1.181E+01
 -1.3993750E+04  2.711E+01  2.736E+01  5.714E+00
 -1.3993250E+04  3.336E+01  3.663E+01  1.841E+01
 -1.3992750E+04  2.767E+01  3.045E+01  1.524E+01
 -1.3992250E+04  2.886E+01  3.189E+01  1.625E+01
 -1.3991750E+04  2.846E+01  2.994E+01  1.050E+01
 -1.3991250E+04  1.577E+01  1.867E+01  1.180E+01
 -1.3990750E+04  2.335E+01  2.841E+01  2.197E+01
 -1.3990250E+04  1.519E+01  1.784E+01  1.099E+01
 -1.3989750E+04  2.140E+01  2.451E+01  1.444E+01
 -1.3989250E+04  1.977E+01  2.171E+01  9.758E+00
 -1.3988750E+04  2.402E+01  2.460E+01  5.875E+00
 -1.3988250E+04  1.165E+01  1.331E+01  6.539E+00
 -1.3987750E+04  1.899E+01  2.244E+01  1.476E+01
 -1.3987250E+04  2.248E+01  2.443E+01  1.025E+01
 -1.3986750E+04  1.414E+01  1.765E+01  1.373E+01
 -1.3986250E+04  1.291E+01  1.657E+01  1.382E+01
 -1.3985750E+04  1.802E+01  1.895E+01  5.368E+00
 -1.3985250E+04  2.066E+01  2.228E+01  8.517E+00
 -1.3984750E+04  1.645E+01  1.793E+01  6.944E+00
 -1.3984250E+04  1.545E+01  1.665E+01  5.645E+00
 -1.3983750E+04  1.022E+01  1.440E+01  1.484E+01
 -1.3983250E+04  7.710E+00  1.014E+01  7.849E+00
 -1.3982750E+04  1.433E+01  1.364E+01 -1.539E+00
 -1.3982250E+04  9.321E+00  1.169E+01  8.216E+00
 -1.3981750E+04  7.766E+00  8.778E+00  2.597E+00
 -1.3981250E+04  7.981E+00  1.126E+01  1.096E+01
 -1.3980750E+04  1.031E+01  1.098E+01  2.300E+00
 -1.3980250E+04  7.402E+00  8.446E+00  2.543E+00
 -1.3979750E+04  9.493E+00  1.173E+01  7.475E+00
 -1.3979250E+04  4.223E+00  3.461E+00 -4.670E+00
 -1.3978750E+04  6.444E+00  7.414E+00  2.533E+00
 -1.3978250E+04  2.525E+00  5.578E+00  8.593E+00
 -1.3977750E+04  8.387E+00  8.992E+00  1.392E+00
 -1.3977250E+04  7.150E+00  8.532E+00  4.041E+00
 -1.3976750E+04  4.748E-03  3.191E+00  8.676E+00
 -1.3976250E+04 -9.717E-01 -1.123E+00 -3.860E+00
 -1.3975750E+04  7.048E+00  6.917E+00 -1.686E+00
 -1.3975250E+04  9.481E-02 -5.381E-01 -5.190E+00
 -1.3974750E+04 -5.814E+00 -3.149E+00  4.729E+00
 -1.3974250E+04 -2.927E+00  1.686E+00  1.189E+01
 -1.3973750E+04  3.786E+00  3.471E+00 -2.939E+00
 -1.3973250E+04 -2.768E+00 -1.567E+00  1.462E+00
 -1.3972750E+04 -4.081E+00 -1.589E+00  5.194E+00
 -1.3972250E+04 -9.988E-01 -1.619E+00 -5.520E+00
 -1.3971750E+04 -5.797E+00 -6.680E+00 -7.740E+00
 -1.3971250E+04 -6.490E+00 -5.978E+00 -2.875E+00
 -1.3970750E+04 -6.172E+00 -5.744E+00 -3.098E+00
 -1.3970250E+04 -3.542E+00 -3.436E+00 -3.549E+00
 -1.3969750E+04 -1.123E+01 -9.928E+00 -1.391E+00
 -1.3969250E+04 -9.062E+00 -8.167E+00 -2.004E+00
 -1.3968750E+04 -5.186E+00 -4.736E+00 -2.975E+00
 -1.3968250E+04 -2.925E+00 -6.633E-01  4.398E+00
 -1.3967750E+04 -7.828E+00 -7.376E+00 -3.176E+00
 -1.3967250E+04 -1.058E+01 -1.185E+01 -1.037E+01
 -1.3966750E+04 -5.528E+00 -6.338E+00 -7.310E+00
 -1.3966250E+04 -6.938E+00 -6.983E+00 -4.928E+00
 -1.3965750E+04 -3.935E+00 -5.042E+00 -8.081E+00
 -1.3965250E+04 -1.424E+00 -2.846E+00 -8.206E+00
 -1.3964750E+04 -9.322E+00 -7.788E+00  1.063E-01
 -1.3964250E+04 -8.696E+00 -7.870E+00 -2.314E+00
 -1.3963750E+04 -9.084E+00 -9.058E+00 -5.474E+00
 -1.3963250E+04 -1.213E+01 -1.078E+01 -1.613E+00
 -1.3962750E+04 -1.658E+01 -1.470E+01 -3.257E-01
 -1.3962250E+04 -1.623E+01 -1.553E+01 -4.501E+00
 -1.3961750E+04 -1.688E+01 -1.534E+01 -1.720E+00
 -1.3961250E+04 -1.249E+01 -1.326E+01 -8.889E+00
 -1.3960750E+04 -8.566E+00 -9.062E+00 -7.090E+00
 -1.3960250E+04 -7.742E+00 -8.913E+00 -9.372E+00
 -1.3959750E+04 -1.520E+01 -1.361E+01 -1.371E+00
 -1.3959250E+04 -1.340E+01 -1.466E+01 -1.075E+01
 -1.3958750E+04 -1.416E+01 -1.489E+01 -9.014E+00
 -1.3958250E+04 -1.685E+01 -1.663E+01 -6.296E+00
 -1.3957750E+04 -1.865E+01 -1.816E+01 -6.070E+00
 -1.3957250E+04 -1.422E+01 -1.564E+01 -1.171E+01
 -1.3956750E+04 -1.239E+01 -1.388E+01 -1.140E+01
 -1.3956250E+04 -1.873E+01 -1.959E+01 -1.028E+01
 -1.3955750E+04 -1.476E+01 -1.557E+01 -9.580E+00
 -1.3955250E+04 -1.799E+01 -1.862E+01 -9.734E+00
 -1.3954750E+04 -2.354E+01 -2.449E+01 -1.235E+01
 -1.3954250E+04 -1.574E+01 -1.635E+01 -9.169E+00
 -1.3953750E+04 -1.345E+01 -1.367E+01 -7.111E+00
 -1.3953250E+04 -1.469E+01 -1.542E+01 -9.294E+00
 -1.3952750E+04 -1.927E+01 -1.925E+01 -7.504E+00
 -1.3952250E+04 -2.014E+01 -2.083E+01 -1.021E+01
 -1.3951750E+04 -1.882E+01 -1.945E+01 -9.502E+00
 -1.3951250E+04 -1.890E+01 -1.930E+01 -8.828E+00
 -1.3950750E+04 -1.905E+01 -1.865E+01 -5.822E+00
 -1.3950250E+04 -1.450E+01 -1.636E+01 -1.320E+01
 -1.3949750E+04 -1.688E+01 -1.767E+01 -9.850E+00
 -1.3949250E+04 -1.858E+01 -1.887E+01 -8.405E+00
 -1.3948750E+04 -1.806E+01 -1.924E+01 -1.144E+01
 -1.3948250E+04 -1.967E+01 -2.140E+01 -1.370E+01
 -1.3947750E+04 -1.995E+01 -2.008E+01 -7.948E+00
 -1.3947250E+04 -1.898E+01 -2.013E+01 -1.161E+01
 -1.3946750E+04 -2.151E+01 -2.026E+01 -3.482E+00
 -1.3946250E+04 -1.999E+01 -2.013E+01 -8.099E+00
 -1.3945750E+04 -2.140E+01 -2.132E+01 -7.468E+00
 -1.3945250E+04 -1.073E+01 -1.180E+01 -9.325E+00
 -1.3944750E+04 -1.914E+01 -1.992E+01 -1.045E+01
 -1.3944250E+04 -2.000E+01 -2.063E+01 -9.298E+00
 -1.3943750E+04 -2.073E+01 -2.202E+01 -1.230E+01
 -1.3943250E+04 -1.805E+01 -1.839E+01 -8.444E+00
 -1.3942750E+04 -2.275E+01 -2.244E+01 -6.813E+00
 -1.3942250E+04 -2.675E+01 -2.796E+01 -1.346E+01
 -1.3941750E+04 -2.414E+01 -2.508E+01 -1.196E+01
 -1.3941250E+04 -2.024E+01 -2.232E+01 -1.519E+01
 -1.3940750E+04 -2.226E+01 -2.328E+01 -1.174E+01
 -1.3940250E+04 -2.611E+01 -2.584E+01 -7.949E+00
 -1.3939750E+04 -2.399E+01 -2.372E+01 -7.467E+00
 -1.3939250E+04 -1.837E+01 -2.000E+01 -1.278E+01
 -1.3938750E+04 -2.210E+01 -2.385E+01 -1.437E+01
 -1.3938250E+04 -2.076E+01 -2.182E+01 -1.128E+01
 -1.3937750E+04 -2.294E+01 -2.300E+01 -8.200E+00
 -1.3937250E+04 -2.014E+01 -2.001E+01 -6.861E+00
 -1.3936750E+04 -1.942E+01 -2.259E+01 -1.856E+01
 -1.3936250E+04 -2.161E+01 -2.288E+01 -1.244E+01
 -1.3935750E+04 -1.918E+01 -2.017E+01 -1.063E+01
 -1.3935250E+04 -1.801E+01 -2.067E+01 -1.657E+01
 -1.3934750E+04 -2.212E+01 -2.361E+01 -1.341E+01
 -1.3934250E+04 -2.440E+01 -2.406E+01 -7.332E+00
 -1.3933750E+04 -2.241E+01 -2.359E+01 -1.216E+01
 -1.3933250E+04 -2.422E+01 -2.474E+01 -1.029E+01
 -1.3932750E+04 -2.615E+01 -2.694E+01 -1.147E+01
 -1.3932250E+04 -2.206E+01 -2.308E+01 -1.132E+01
 -1.3931750E+04 -1.971E+01 -2.122E+01 -1.235E+01
 -1.3931250E+04 -2.365E+01 -2.460E+01 -1.143E+01
 -1.3930750E+04 -2.288E+01 -2.421E+01 -1.280E+01
 -1.3930250E+04 -2.273E+01 -2.415E+01 -1.288E+01
 -1.3929750E+04 -2.091E+01 -2.220E+01 -1.173E+01
 -1.3929250E+04 -2.453E+01 -2.575E+01 -1.260E+01
 -1.3928750E+04 -2.189E+01 -2.300E+01 -1.174E+01
 -1.3928250E+04 -2.366E+01 -2.517E+01 -1.375E+01
 -1.3927750E+04 -2.461E+01 -2.458E+01 -7.943E+00
 -1.3927250E+04 -2.390E+01 -2.539E+01 -1.331E+01
 -1.3926750E+04 -2.084E+01 -2.383E+01 -1.812E+01
 -1.3926250E+04 -2.537E+01 -2.546E+01 -8.490E+00
 -1.3925750E+04 -2.380E+01 -2.544E+01 -1.374E+01
 -1.3925250E+04 -2.342E+01 -2.349E+01 -8.077E+00
 -1.3924750E+04 -2.095E+01 -2.253E+01 -1.279E+01
 -1.3924250E+04 -2.181E+01 -2.243E+01 -9.525E+00
 -1.3923750E+04 -2.077E+01 -2.204E+01 -1.172E+01
 -1.3923250E+04 -2.121E+01 -2.408E+01 -1.769E+01
 -1.3922750E+04 -1.979E+01 -2.099E+01 -1.129E+01
 -1.3922250E+04 -2.005E+01 -2.175E+01 -1.300E+01
 -1.3921750E+04 -2.396E+01 -2.431E+01 -9.231E+00
 -1.3921250E+04 -2.130E+01 -2.312E+01 -1.391E+01
 -1.3920750E+04 -2.386E+01 -2.507E+01 -1.232E+01
 -1.3920250E+04 -2.471E+01 -2.607E+01 -1.294E+01
 -1.3919750E+04 -2.489E+01 -2.528E+01 -9.379E+00
 -1.3919250E+04 -2.301E+01 -2.399E+01 -1.132E+01
 -1.3918750E+04 -1.986E+01 -2.070E+01 -1.051E+01
 -1.3918250E+04 -2.322E+01 -2.500E+01 -1.366E+01
 -1.3917750E+04 -2.484E+01 -2.548E+01 -9.775E+00
 -1.3917250E+04 -2.607E+01 -2.686E+01 -1.088E+01
 -1.3916750E+04 -2.068E+01 -2.262E+01 -1.410E+01
 -1.3916250E+04 -2.225E+01 -2.356E+01 -1.172E+01
 -1.3915750E+04 -2.569E+01 -2.744E+01 -1.446E+01
 -1.3915250E+04 -2.151E+01 -2.328E+01 -1.359E+01
 -1.3914750E+04 -2.140E+01 -2.297E+01 -1.263E+01
 -1.3914250E+04 -2.559E+01 -2.646E+01 -1.094E+01
 -1.3913750E+04 -2.087E+01 -2.322E+01 -1.559E+01
 -1.3913250E+04 -2.292E+01 -2.374E+01 -1.058E+01
 -1.3912750E+04 -2.344E+01 -2.615E+01 -1.732E+01
 -1.3912250E+04 -2.387E+01 -2.562E+01 -1.342E+01
 -1.3911750E+04 -2.586E+01 -2.607E+01 -9.473E+00
 -1.3911250E+04 -2.176E+01 -2.276E+01 -1.098E+01
 -1.3910750E+04 -2.240E+01 -2.427E+01 -1.394E+01
 -1.3910250E+04 -2.374E+01 -2.499E+01 -1.112E+01
 -1.3909750E+04 -2.214E+01 -2.341E+01 -1.058E+01
 -1.3909250E+04 -2.188E+01 -2.256E+01 -9.283E+00
 -1.3908750E+04 -2.262E+01 -2.286E+01 -8.427E+00
 -1.3908250E+04 -1.969E+01 -2.159E+01 -1.382E+01
 -1.3907750E+04 -2.000E+01 -2.210E+01 -1.469E+01
 -1.3907250E+04 -2.236E+01 -2.349E+01 -1.091E+01
 -1.3906750E+04 -2.052E+01 -2.244E+01 -1.311E+01
 -1.3906250E+04 -2.363E+01 -2.480E+01 -1.158E+01
 -1.3905750E+04 -2.246E+01 -2.353E+01 -1.121E+01
 -1.3905250E+04 -2.100E+01 -2.236E+01 -1.185E+01
 -1.3904750E+04 -2.107E+01 -2.255E+01 -1.196E+01
 -1.3904250E+04 -2.125E+01 -2.228E+01 -1.025E+01
 -1.3903750E+04 -2.212E+01 -2.340E+01 -1.206E+01
 -1.3903250E+04 -2.094E+01 -2.333E+01 -1.505E+01
 -1.3902750E+04 -2.254E+01 -2.512E+01 -1.645E+01
 -1.3902250E+04 -2.170E+01 -2.354E+01 -1.325E+01
 -1.3901750E+04 -2.114E+01 -2.203E+01 -1.002E+01
 -1.3901250E+04 -2.523E+01 -2.651E+01 -1.239E+01
 -1.3900750E+04 -2.341E+01 -2.511E+01 -1.335E+01
 -1.3900250E+04 -2.463E+01 -2.580E+01 -1.154E+01
 -1.3899750E+04 -1.895E+01 -1.949E+01 -8.021E+00
 -1.3899250E+04 -2.147E+01 -2.326E+01 -1.350E+01
 -1.3898750E+04 -2.180E+01 -2.257E+01 -9.581E+00
 -1.3898250E+04 -2.292E+01 -2.425E+01 -1.191E+01
 -1.3897750E+04 -2.346E+01 -2.342E+01 -7.303E+00
 -1.3897250E+04 -2.396E+01 -2.492E+01 -1.102E+01
 -1.3896750E+04 -2.165E+01 -2.217E+01 -8.783E+00
 -1.3896250E+04 -2.164E+01 -2.317E+01 -1.225E+01
 -1.3895750E+04 -2.041E+01 -2.187E+01 -1.181E+01
 -1.3895250E+04 -2.271E+01 -2.389E+01 -1.121E+01
 -1.3894750E+04 -2.036E+01 -2.077E+01 -7.718E+00
 -1.3894250E+04 -2.203E+01 -2.335E+01 -1.134E+01
 -1.3893750E+04 -2.247E+01 -2.464E+01 -1.480E+01
 -1.3893250E+04 -2.064E+01 -2.228E+01 -1.213E+01
 -1.3892750E+04 -2.036E+01 -2.227E+01 -1.321E+01
 -1.3892250E+04 -2.130E+01 -2.407E+01 -1.675E+01
 -1.3891750E+04 -2.048E+01 -2.221E+01 -1.232E+01
 -1.3891250E+04 -1.888E+01 -1.992E+01 -9.260E+00
 -1.3890750E+04 -2.052E+01 -2.135E+01 -9.166E+00
 -1.3890250E+04 -2.032E+01 -2.194E+01 -1.236E+01
 -1.3889750E+04 -2.180E+01 -2.294E+01 -1.070E+01
 -1.3889250E+04 -1.951E+01 -2.129E+01 -1.247E+01
 -1.3888750E+04 -2.215E+01 -2.297E+01 -9.623E+00
 -1.3888250E+04 -1.890E+01 -1.970E+01 -8.864E+00
 -1.3887750E+04 -1.923E+01 -2.132E+01 -1.356E+01
 -1.3887250E+04 -2.066E+01 -2.146E+01 -8.799E+00
 -1.3886750E+04 -1.986E+01 -2.107E+01 -1.081E+01
 -1.3886250E+04 -1.834E+01 -2.022E+01 -1.206E+01
 -1.3885750E+04 -1.967E+01 -2.079E+01 -1.023E+01
 -1.3885250E+04 -1.859E+01 -1.990E+01 -1.004E+01
 -1.3884750E+04 -2.030E+01 -2.140E+01 -1.047E+01
 -1.3884250E+04 -2.033E+01 -2.106E+01 -9.006E+00
 -1.3883750E+04 -1.908E+01 -2.079E+01 -1.201E+01
 -1.3883250E+04 -2.092E+01 -2.236E+01 -1.140E+01
 -1.3882750E+04 -1.995E+01 -2.113E+01 -1.027E+01
 -1.3882250E+04 -1.966E+01 -1.995E+01 -7.125E+00
 -1.3881750E+04 -2.186E+01 -2.281E+01 -9.974E+00
 -1.3881250E+04 -2.265E+01 -2.407E+01 -1.179E+01
 -1.3880750E+04 -1.968E+01 -2.155E+01 -1.288E+01
 -1.3880250E+04 -1.963E+01 -2.024E+01 -8.396E+00
 -1.3879750E+04 -1.877E+01 -1.877E+01 -6.015E+00
 -1.3879250E+04 -2.061E+01 -2.157E+01 -9.705E+00
 -1.3878750E+04 -1.913E+01 -2.108E+01 -1.277E+01
 -1.3878250E+04 -2.129E+01 -2.269E+01 -1.126E+01
 -1.3877750E+04 -2.002E+01 -2.146E+01 -1.159E+01
 -1.3877250E+04 -2.170E+01 -2.264E+01 -9.663E+00
 -1.3876750E+04 -1.940E+01 -2.098E+01 -1.151E+01
 -1.3876250E+04 -1.909E+01 -2.054E+01 -1.091E+01
 -1.3875750E+04 -1.819E+01 -2.023E+01 -1.276E+01
 -1.3875250E+04 -2.006E+01 -2.160E+01 -1.158E+01
 -1.3874750E+04 -1.888E+01 -2.028E+01 -1.067E+01
 -1.3874250E+04 -2.024E+01 -2.098E+01 -8.932E+00
 -1.3873750E+04 -1.938E+01 -2.058E+01 -1.015E+01
 -1.3873250E+04 -1.861E+01 -2.038E+01 -1.199E+01
 -1.3872750E+04 -1.636E+01 -1.827E+01 -1.211E+01
 -1.3872250E+04 -1.713E+01 -1.897E+01 -1.177E+01
 -1.3871750E+04 -1.817E+01 -1.970E+01 -1.118E+01
 -1.3871250E+04 -1.657E+01 -1.817E+01 -1.111E+01
 -1.3870750E+04 -1.694E+01 -1.903E+01 -1.304E+01
 -1.3870250E+04 -1.669E+01 -1.840E+01 -1.105E+01
 -1.3869750E+04 -1.686E+01 -1.748E+01 -7.349E+00
 -1.3869250E+04 -1.721E+01 -1.827E+01 -9.130E+00
 -1.3868750E+04 -2.003E+01 -2.105E+01 -9.599E+00
 -1.3868250E+04 -1.855E+01 -1.934E+01 -8.677E+00
 -1.3867750E+04 -1.862E+01 -1.924E+01 -8.291E+00
 -1.3867250E+04 -1.851E+01 -2.011E+01 -1.161E+01
 -1.3866750E+04 -1.805E+01 -1.953E+01 -1.086E+01
 -1.3866250E+04 -1.751E+01 -1.859E+01 -9.500E+00
 -1.3865750E+04 -1.609E+01 -1.725E+01 -9.263E+00
 -1.3865250E+04 -1.820E+01 -1.898E+01 -8.063E+00
 -1.3864750E+04 -1.861E+01 -1.899E+01 -6.888E+00
 -1.3864250E+04 -1.769E+01 -1.913E+01 -1.073E+01
 -1.3863750E+04 -1.835E+01 -1.934E+01 -8.916E+00
 -1.3863250E+04 -1.973E+01 -2.042E+01 -8.470E+00
 -1.3862750E+04 -1.700E+01 -1.800E+01 -8.682E+00
 -1.3862250E+04 -1.686E+01 -1.844E+01 -1.055E+01
 -1.3861750E+04 -1.645E+01 -1.768E+01 -9.339E+00
 -1.3861250E+04 -1.548E+01 -1.650E+01 -8.564E+00
 -1.3860750E+04 -1.686E+01 -1.811E+01 -1.001E+01
 -1.3860250E+04 -1.881E+01 -1.978E+01 -9.271E+00
 -1.3859750E+04 -1.654E+01 -1.778E+01 -9.533E+00
 -1.3859250E+04 -1.822E+01 -1.941E+01 -9.354E+00
 -1.3858750E+04 -1.886E+01 -2.052E+01 -1.165E+01
 -1.3858250E+04 -1.760E+01 -1.874E+01 -9.289E+00
 -1.3857750E+04 -1.667E+01 -1.843E+01 -1.090E+01
 -1.3857250E+04 -1.586E+01 -1.720E+01 -9.634E+00
 -1.3856750E+04 -1.980E+01 -2.155E+01 -1.177E+01
 -1.3856250E+04 -1.670E+01 -1.841E+01 -1.090E+01
 -1.3855750E+04 -1.609E+01 -1.701E+01 -7.544E+00
 -1.3855250E+04 -1.754E+01 -1.804E+01 -7.783E+00
 -1.3854750E+04 -1.601E+01 -1.684E+01 -7.714E+00
 -1.3854250E+04 -1.689E+01 -1.768E+01 -7.624E+00
 -1.3853750E+04 -1.940E+01 -1.993E+01 -7.935E+00
 -1.3853250E+04 -1.646E+01 -1.713E+01 -6.923E+00
 -1.3852750E+04 -1.786E+01 -1.939E+01 -1.060E+01
 -1.3852250E+04 -1.919E+01 -2.070E+01 -1.133E+01
 -1.3851750E+04 -1.616E+01 -1.712E+01 -8.141E+00
 -1.3851250E+04 -1.610E+01 -1.725E+01 -9.224E+00
 -1.3850750E+04 -1.466E+01 -1.543E+01 -7.246E+00
 -1.3850250E+04 -1.700E+01 -1.817E+01 -9.000E+00
 -1.3849750E+04 -1.579E+01 -1.788E+01 -1.244E+01
 -1.3849250E+04 -1.614E+01 -1.701E+01 -8.132E+00
 -1.3848750E+04 -1.682E+01 -1.828E+01 -1.011E+01
 -1.3848250E+04 -1.620E+01 -1.720E+01 -8.473E+00
 -1.3847750E+04 -1.505E+01 -1.597E+01 -8.024E+00
 -1.3847250E+04 -1.628E+01 -1.764E+01 -9.864E+00
 -1.3846750E+04 -1.611E+01 -1.654E+01 -6.802E+00
 -1.3846250E+04 -1.684E+01 -1.790E+01 -8.828E+00
 -1.3845750E+04 -1.543E+01 -1.627E+01 -7.401E+00
 -1.3845250E+04 -1.533E+01 -1.652E+01 -8.721E+00
 -1.3844750E+04 -1.503E+01 -1.613E+01 -8.752E+00
 -1.3844250E+04 -1.672E+01 -1.746E+01 -7.632E+00
 -1.3843750E+04 -1.609E+01 -1.712E+01 -8.393E+00
 -1.3843250E+04 -1.553E+01 -1.681E+01 -9.526E+00
 -1.3842750E+04 -1.580E+01 -1.732E+01 -9.942E+00
 -1.3842250E+04 -1.635E+01 -1.658E+01 -5.470E+00
 -1.3841750E+04 -1.661E+01 -1.751E+01 -7.259E+00
 -1.3841250E+04 -1.507E+01 -1.662E+01 -1.012E+01
 -1.3840750E+04 -1.659E+01 -1.721E+01 -7.442E+00
 -1.3840250E+04 -1.476E+01 -1.579E+01 -8.584E+00
 -1.3839750E+04 -1.559E+01 -1.654E+01 -7.019E+00
 -1.3839250E+04 -1.572E+01 -1.621E+01 -5.920E+00
 -1.3838750E+04 -1.611E+01 -1.715E+01 -8.664E+00
 -1.3838250E+04 -1.451E+01 -1.587E+01 -9.199E+00
 -1.3837750E+04 -1.416E+01 -1.520E+01 -8.287E+00
 -1.3837250E+04 -1.572E+01 -1.669E+01 -7.922E+00
 -1.3836750E+04 -1.464E+01 -1.614E+01 -9.869E+00
 -1.3836250E+04 -1.539E+01 -1.667E+01 -8.620E+00
 -1.3835750E+04 -1.776E+01 -1.816E+01 -6.767E+00
 -1.3835250E+04 -1.412E+01 -1.521E+01 -8.360E+00
 -1.3834750E+04 -1.210E+01 -1.387E+01 -1.060E+01
 -1.3834250E+04 -1.294E+01 -1.400E+01 -7.676E+00
 -1.3833750E+04 -1.590E+01 -1.627E+01 -5.780E+00
 -1.3833250E+04 -1.549E+01 -1.576E+01 -5.502E+00
 -1.3832750E+04 -1.583E+01 -1.635E+01 -6.439E+00
 -1.3832250E+04 -1.563E+01 -1.721E+01 -9.799E+00
 -1.3831750E+04 -1.319E+01 -1.459E+01 -8.901E+00
 -1.3831250E+04 -1.324E+01 -1.434E+01 -8.007E+00
 -1.3830750E+04 -1.558E+01 -1.638E+01 -7.253E+00
 -1.3830250E+04 -1.434E+01 -1.537E+01 -8.262E+00
 -1.3829750E+04 -1.363E+01 -1.500E+01 -9.068E+00
 -1.3829250E+04 -1.492E+01 -1.596E+01 -8.305E+00
 -1.3828750E+04 -1.515E+01 -1.575E+01 -7.013E+00
 -1.3828250E+04 -1.459E+01 -1.555E+01 -7.553E+00
 -1.3827750E+04 -1.514E+01 -1.589E+01 -7.450E+00
 -1.3827250E+04 -1.425E+01 -1.576E+01 -9.778E+00
 -1.3826750E+04 -1.390E+01 -1.482E+01 -7.039E+00
 -1.3826250E+04 -1.595E+01 -1.625E+01 -5.519E+00
 -1.3825750E+04 -1.325E+01 -1.424E+01 -7.734E+00
 -1.3825250E+04 -1.344E+01 -1.422E+01 -6.877E+00
 -1.3824750E+04 -1.304E+01 -1.422E+01 -8.106E+00
 -1.3824250E+04 -1.392E+01 -1.539E+01 -9.280E+00
 -1.3823750E+04 -1.481E+01 -1.580E+01 -7.868E+00
 -1.3823250E+04 -1.378E+01 -1.522E+01 -9.459E+00
 -1.3822750E+04 -1.408E+01 -1.449E+01 -5.461E+00
 -1.3822250E+04 -1.380E+01 -1.427E+01 -5.638E+00
 -1.3821750E+04 -1.326E+01 -1.361E+01 -5.792E+00
 -1.3821250E+04 -1.406E+01 -1.489E+01 -7.473E+00
 -1.3820750E+04 -1.454E+01 -1.502E+01 -6.493E+00
 -1.3820250E+04 -1.453E+01 -1.512E+01 -6.134E+00
 -1.3819750E+04 -1.263E+01 -1.399E+01 -8.398E+00
 -1.3819250E+04 -1.339E+01 -1.395E+01 -5.908E+00
 -1.3818750E+04 -1.251E+01 -1.300E+01 -5.675E+00
 -1.3818250E+04 -1.429E+01 -1.513E+01 -7.192E+00
 -1.3817750E+04 -1.313E+01 -1.452E+01 -9.324E+00
 -1.3817250E+04 -1.184E+01 -1.299E+01 -8.996E+00
 -1.3816750E+04 -1.367E+01 -1.457E+01 -7.331E+00
 -1.3816250E+04 -1.339E+01 -1.461E+01 -8.183E+00
 -1.3815750E+04 -1.480E+01 -1.584E+01 -7.977E+00
 -1.3815250E+04 -1.293E+01 -1.369E+01 -6.624E+00
 -1.3814750E+04 -1.248E+01 -1.381E+01 -8.311E+00
 -1.3814250E+04 -1.244E+01 -1.347E+01 -7.315E+00
 -1.3813750E+04 -1.297E+01 -1.413E+01 -7.886E+00
 -1.3813250E+04 -1.313E+01 -1.376E+01 -5.809E+00
 -1.3812750E+04 -1.253E+01 -1.339E+01 -6.926E+00
 -1.3812250E+04 -1.199E+01 -1.289E+01 -7.192E+00
 -1.3811750E+04 -1.227E+01 -1.303E+01 -6.145E+00
 -1.3811250E+04 -1.373E+01 -1.443E+01 -6.203E+00
 -1.3810750E+04 -1.365E+01 -1.469E+01 -7.862E+00
 -1.3810250E+04 -1.248E+01 -1.311E+01 -6.121E+00
 -1.3809750E+04 -1.359E+01 -1.394E+01 -6.008E+00
 -1.3809250E+04 -1.327E+01 -1.348E+01 -5.187E+00
 -1.3808750E+04 -1.271E+01 -1.402E+01 -7.756E+00
 -1.3808250E+04 -1.279E+01 -1.381E+01 -7.355E+00
 -1.3807750E+04 -1.130E+01 -1.292E+01 -9.091E+00
 -1.3807250E+04 -1.265E+01 -1.346E+01 -6.424E+00
 -1.3806750E+04 -1.204E+01 -1.313E+01 -6.754E+00
 -1.3806250E+04 -1.132E+01 -1.266E+01 -8.427E+00
 -1.3805750E+04 -1.399E+01 -1.538E+01 -9.256E+00
 -1.3805250E+04 -1.256E+01 -1.295E+01 -4.487E+00
 -1.3804750E+04 -1.254E+01 -1.303E+01 -5.400E+00
 -1.3804250E+04 -1.180E+01 -1.269E+01 -6.422E+00
 -1.3803750E+04 -1.181E+01 -1.288E+01 -6.877E+00
 -1.3803250E+04 -1.148E+01 -1.239E+01 -6.554E+00
 -1.3802750E+04 -1.272E+01 -1.268E+01 -3.778E+00
 -1.3802250E+04 -1.401E+01 -1.385E+01 -3.646E+00
 -1.3801750E+04 -1.085E+01 -1.113E+01 -5.634E+00
 -1.3801250E+04 -1.106E+01 -1.205E+01 -6.241E+00
 -1.3800750E+04 -1.208E+01 -1.348E+01 -8.173E+00
 -1.3800250E+04 -1.321E+01 -1.429E+01 -8.278E+00
 -1.3799750E+04 -1.058E+01 -1.123E+01 -5.474E+00
 -1.3799250E+04 -1.248E+01 -1.298E+01 -4.965E+00
 -1.3798750E+04 -1.220E+01 -1.272E+01 -6.342E+00
 -1.3798250E+04 -1.235E+01 -1.308E+01 -5.508E+00
 -1.3797750E+04 -1.099E+01 -1.195E+01 -7.854E+00
 -1.3797250E+04 -1.027E+01 -1.086E+01 -6.436E+00
 -1.3796750E+04 -1.324E+01 -1.414E+01 -6.704E+00
 -1.3796250E+04 -1.293E+01 -1.341E+01 -5.738E+00
 -1.3795750E+04 -1.243E+01 -1.314E+01 -6.317E+00
 -1.3795250E+04 -1.078E+01 -1.154E+01 -5.763E+00
 -1.3794750E+04 -1.327E+01 -1.377E+01 -6.024E+00
 -1.3794250E+04 -1.135E+01 -1.202E+01 -5.924E+00
 -1.3793750E+04 -1.151E+01 -1.243E+01 -6.648E+00
 -1.3793250E+04 -1.109E+01 -1.186E+01 -5.261E+00
 -1.3792750E+04 -9.451E+00 -1.052E+01 -6.736E+00
 -1.3792250E+04 -1.209E+01 -1.305E+01 -6.917E+00
 -1.3791750E+04 -1.039E+01 -1.126E+01 -6.138E+00
 -1.3791250E+04 -1.032E+01 -1.116E+01 -6.091E+00
 -1.3790750E+04 -1.259E+01 -1.309E+01 -5.103E+00
 -1.3790250E+04 -1.001E+01 -1.079E+01 -5.645E+00
 -1.3789750E+04 -1.178E+01 -1.264E+01 -6.489E+00
 -1.3789250E+04 -1.142E+01 -1.219E+01 -6.366E+00
 -1.3788750E+04 -1.075E+01 -1.158E+01 -6.044E+00
 -1.3788250E+04 -1.031E+01 -1.137E+01 -6.639E+00
 -1.3787750E+04 -9.897E+00 -1.041E+01 -4.625E+00
 -1.3787250E+04 -1.275E+01 -1.296E+01 -4.444E+00
 -1.3786750E+04 -1.274E+01 -1.340E+01 -5.792E+00
 -1.3786250E+04 -1.037E+01 -1.120E+01 -6.115E+00
 -1.3785750E+04 -1.030E+01 -1.115E+01 -6.203E+00
 -1.3785250E+04 -1.011E+01 -1.063E+01 -4.952E+00
 -1.3784750E+04 -1.195E+01 -1.281E+01 -6.592E+00
 -1.3784250E+04 -1.102E+01 -1.177E+01 -5.885E+00
 -1.3783750E+04 -1.076E+01 -1.152E+01 -6.113E+00
 -1.3783250E+04 -1.008E+01 -1.103E+01 -6.636E+00
 -1.3782750E+04 -1.117E+01 -1.225E+01 -7.447E+00
 -1.3782250E+04 -1.159E+01 -1.165E+01 -3.969E+00
 -1.3781750E+04 -1.142E+01 -1.165E+01 -4.061E+00
 -1.3781250E+04 -1.169E+01 -1.237E+01 -5.751E+00
 -1.3780750E+04 -1.005E+01 -1.121E+01 -7.155E+00
 -1.3780250E+04 -8.956E+00 -9.518E+00 -5.177E+00
 -1.3779750E+04 -1.043E+01 -1.116E+01 -5.897E+00
 -1.3779250E+04 -9.634E+00 -1.099E+01 -7.152E+00
 -1.3778750E+04 -1.185E+01 -1.249E+01 -6.402E+00
 -1.3778250E+04 -9.581E+00 -1.040E+01 -6.225E+00
 -1.3777750E+04 -1.005E+01 -1.044E+01 -4.618E+00
 -1.3777250E+04 -1.013E+01 -1.057E+01 -4.799E+00
 -1.3776750E+04 -1.089E+01 -1.126E+01 -4.186E+00
 -1.3776250E+04 -1.262E+01 -1.272E+01 -4.732E+00
 -1.3775750E+04 -9.240E+00 -1.061E+01 -7.912E+00
 -1.3775250E+04 -9.584E+00 -9.958E+00 -5.343E+00
 -1.3774750E+04 -1.056E+01 -1.111E+01 -5.737E+00
 -1.3774250E+04 -9.642E+00 -1.141E+01 -7.219E+00
 -1.3773750E+04 -1.053E+01 -1.127E+01 -6.089E+00
 -1.3773250E+04 -1.113E+01 -1.168E+01 -5.281E+00
 -1.3772750E+04 -1.057E+01 -1.146E+01 -6.265E+00
 -1.3772250E+04 -9.090E+00 -9.773E+00 -5.479E+00
 -1.3771750E+04 -1.083E+01 -1.147E+01 -5.587E+00
 -1.3771250E+04 -1.112E+01 -1.153E+01 -4.810E+00
 -1.3770750E+04 -1.014E+01 -1.034E+01 -3.664E+00
 -1.3770250E+04 -9.398E+00 -1.040E+01 -6.299E+00
 -1.3769750E+04 -9.215E+00 -1.036E+01 -6.495E+00
 -1.3769250E+04 -1.088E+01 -1.138E+01 -4.545E+00
 -1.3768750E+04 -1.087E+01 -1.124E+01 -4.632E+00
 -1.3768250E+04 -8.767E+00 -9.530E+00 -5.492E+00
 -1.3767750E+04 -9.690E+00 -1.061E+01 -5.909E+00
 -1.3767250E+04 -9.060E+00 -9.478E+00 -3.971E+00
 -1.3766750E+04 -1.031E+01 -1.087E+01 -5.046E+00
 -1.3766250E+04 -1.035E+01 -1.081E+01 -4.829E+00
 -1.3765750E+04 -9.077E+00 -9.315E+00 -3.550E+00
 -1.3765250E+04 -1.006E+01 -1.074E+01 -5.555E+00
 -1.3764750E+04 -9.914E+00 -1.085E+01 -6.060E+00
 -1.3764250E+04 -9.695E+00 -9.914E+00 -3.732E+00
 -1.3763750E+04 -8.403E+00 -9.210E+00 -5.602E+00
 -1.3763250E+04 -9.374E+00 -9.692E+00 -5.293E+00
 -1.3762750E+04 -9.805E+00 -1.003E+01 -3.847E+00
 -1.3762250E+04 -8.708E+00 -9.938E+00 -6.633E+00
 -1.3761750E+04 -8.673E+00 -9.631E+00 -5.668E+00
 -1.3761250E+04 -9.639E+00 -1.052E+01 -6.345E+00
 -1.3760750E+04 -1.005E+01 -1.080E+01 -6.032E+00
 -1.3760250E+04 -9.365E+00 -9.661E+00 -4.320E+00
 -1.3759750E+04 -9.419E+00 -9.669E+00 -2.882E+00
 -1.3759250E+04 -8.992E+00 -9.695E+00 -5.118E+00
 -1.3758750E+04 -8.633E+00 -9.437E+00 -5.527E+00
 -1.3758250E+04 -1.003E+01 -1.087E+01 -5.379E+00
 -1.3757750E+04 -9.514E+00 -1.009E+01 -4.780E+00
 -1.3757250E+04 -9.565E+00 -9.697E+00 -3.401E+00
 -1.3756750E+04 -9.752E+00 -1.041E+01 -5.720E+00
 -1.3756250E+04 -9.052E+00 -9.528E+00 -6.684E+00
 -1.3755750E+04 -8.922E+00 -1.145E+01 -9.566E+00
 -1.3755250E+04 -1.045E+01 -1.072E+01 -4.207E+00
 -1.3754750E+04 -9.491E+00 -1.029E+01 -5.791E+00
 -1.3754250E+04 -8.675E+00 -9.256E+00 -4.495E+00
 -1.3753750E+04 -8.881E+00 -9.238E+00 -4.057E+00
 -1.3753250E+04 -8.885E+00 -9.588E+00 -5.434E+00
 -1.3752750E+04 -9.185E+00 -9.796E+00 -4.871E+00
 -1.3752250E+04 -9.355E+00 -9.776E+00 -4.515E+00
 -1.3751750E+04 -9.438E+00 -9.949E+00 -4.309E+00
 -1.3751250E+04 -8.468E+00 -9.962E+00 -7.706E+00
 -1.3750750E+04 -7.972E+00 -8.766E+00 -5.483E+00
 -1.3750250E+04 -8.757E+00 -9.205E+00 -4.126E+00
 -1.3749750E+04 -7.414E+00 -7.842E+00 -4.093E+00
 -1.3749250E+04 -9.951E+00 -1.049E+01 -4.994E+00
 -1.3748750E+04 -9.412E+00 -9.863E+00 -4.265E+00
 -1.3748250E+04 -8.987E+00 -9.377E+00 -4.305E+00
 -1.3747750E+04 -8.773E+00 -9.486E+00 -4.866E+00
 -1.3747250E+04 -9.108E+00 -9.795E+00 -4.451E+00
 -1.3746750E+04 -7.530E+00 -8.502E+00 -5.716E+00
 -1.3746250E+04 -8.963E+00 -9.307E+00 -3.688E+00
 -1.3745750E+04 -9.625E+00 -1.017E+01 -4.685E+00
 -1.3745250E+04 -8.829E+00 -9.849E+00 -6.061E+00
 -1.3744750E+04 -8.149E+00 -8.769E+00 -4.535E+00
 -1.3744250E+04 -8.952E+00 -9.604E+00 -4.855E+00
 -1.3743750E+04 -8.493E+00 -9.146E+00 -4.985E+00
 -1.3743250E+04 -9.054E+00 -9.572E+00 -4.311E+00
 -1.3742750E+04 -8.699E+00 -8.840E+00 -3.066E+00
 -1.3742250E+04 -8.289E+00 -8.897E+00 -4.602E+00
 -1.3741750E+04 -9.250E+00 -9.927E+00 -5.108E+00
 -1.3741250E+04 -7.692E+00 -8.063E+00 -3.918E+00
 -1.3740750E+04 -7.702E+00 -8.630E+00 -5.496E+00
 -1.3740250E+04 -8.498E+00 -9.400E+00 -5.057E+00
 -1.3739750E+04 -7.060E+00 -7.897E+00 -5.439E+00
 -1.3739250E+04 -9.101E+00 -9.180E+00 -3.862E+00
 -1.3738750E+04 -7.687E+00 -8.623E+00 -5.926E+00
 -1.3738250E+04 -7.968E+00 -8.517E+00 -4.299E+00
 -1.3737750E+04 -8.498E+00 -8.747E+00 -3.250E+00
 -1.3737250E+04 -7.839E+00 -8.244E+00 -3.633E+00
 -1.3736750E+04 -8.445E+00 -9.473E+00 -5.867E+00
 -1.3736250E+04 -8.527E+00 -9.401E+00 -5.544E+00
 -1.3735750E+04 -7.739E+00 -8.694E+00 -5.918E+00
 -1.3735250E+04 -9.164E+00 -9.935E+00 -4.597E+00
 -1.3734750E+04 -7.733E+00 -8.384E+00 -4.222E+00
 -1.3734250E+04 -7.796E+00 -8.534E+00 -5.110E+00
 -1.3733750E+04 -8.734E+00 -9.042E+00 -4.089E+00
 -1.3733250E+04 -8.183E+00 -8.465E+00 -3.597E+00
 -1.3732750E+04 -6.813E+00 -8.060E+00 -6.204E+00
 -1.3732250E+04 -9.307E+00 -9.334E+00 -3.284E+00
 -1.3731750E+04 -8.222E+00 -8.878E+00 -4.555E+00
 -1.3731250E+04 -7.413E+00 -8.603E+00 -5.837E+00
 -1.3730750E+04 -8.314E+00 -8.787E+00 -4.529E+00
 -1.3730250E+04 -7.928E+00 -7.959E+00 -2.924E+00
 -1.3729750E+04 -8.144E+00 -8.523E+00 -3.796E+00
 -1.3729250E+04 -7.629E+00 -8.553E+00 -5.362E+00
 -1.3728750E+04 -8.733E+00 -8.839E+00 -2.868E+00
 -1.3728250E+04 -8.575E+00 -9.182E+00 -4.743E+00
 -1.3727750E+04 -7.609E+00 -8.705E+00 -6.093E+00
 -1.3727250E+04 -7.186E+00 -7.500E+00 -3.566E+00
 -1.3726750E+04 -6.687E+00 -7.205E+00 -3.937E+00
 -1.3726250E+04 -7.654E+00 -8.081E+00 -3.776E+00
 -1.3725750E+04 -8.238E+00 -8.480E+00 -3.688E+00
 -1.3725250E+04 -7.891E+00 -8.763E+00 -5.807E+00
 -1.3724750E+04 -7.962E+00 -9.002E+00 -5.925E+00
 -1.3724250E+04 -7.242E+00 -7.309E+00 -3.073E+00
 -1.3723750E+04 -7.867E+00 -8.157E+00 -3.820E+00
 -1.3723250E+04 -7.934E+00 -8.079E+00 -3.049E+00
 -1.3722750E+04 -7.305E+00 -7.733E+00 -3.556E+00
 -1.3722250E+04 -6.956E+00 -7.289E+00 -3.801E+00
 -1.3721750E+04 -8.200E+00 -9.396E+00 -5.900E+00
 -1.3721250E+04 -6.981E+00 -7.921E+00 -5.663E+00
 -1.3720750E+04 -8.221E+00 -8.730E+00 -4.018E+00
 -1.3720250E+04 -8.221E+00 -8.835E+00 -4.383E+00
 -1.3719750E+04 -6.759E+00 -7.329E+00 -3.919E+00
 -1.3719250E+04 -5.680E+00 -6.519E+00 -4.579E+00
 -1.3718750E+04 -7.347E+00 -7.915E+00 -4.110E+00
 -1.3718250E+04 -6.819E+00 -7.018E+00 -2.819E+00
 -1.3717750E+04 -7.182E+00 -7.594E+00 -3.852E+00
 -1.3717250E+04 -8.092E+00 -8.686E+00 -4.537E+00
 -1.3716750E+04 -7.595E+00 -8.508E+00 -5.167E+00
 -1.3716250E+04 -7.850E+00 -8.239E+00 -3.478E+00
 -1.3715750E+04 -7.696E+00 -7.621E+00 -1.991E+00
 -1.3715250E+04 -6.650E+00 -7.282E+00 -4.492E+00
 -1.3714750E+04 -7.290E+00 -8.000E+00 -5.263E+00
 -1.3714250E+04 -7.119E+00 -7.666E+00 -3.835E+00
 -1.3713750E+04 -7.709E+00 -8.309E+00 -4.284E+00
 -1.3713250E+04 -6.232E+00 -7.197E+00 -5.838E+00
 -1.3712750E+04 -7.943E+00 -8.534E+00 -4.118E+00
 -1.3712250E+04 -6.025E+00 -6.288E+00 -2.868E+00
 -1.3711750E+04 -6.872E+00 -7.311E+00 -3.316E+00
 -1.3711250E+04 -7.534E+00 -7.708E+00 -2.452E+00
 -1.3710750E+04 -6.755E+00 -7.495E+00 -4.735E+00
 -1.3710250E+04 -7.170E+00 -8.032E+00 -5.339E+00
 -1.3709750E+04 -7.068E+00 -7.126E+00 -3.600E+00
 -1.3709250E+04 -7.590E+00 -8.135E+00 -4.725E+00
 -1.3708750E+04 -7.449E+00 -7.495E+00 -2.765E+00
 -1.3708250E+04 -6.094E+00 -6.731E+00 -3.547E+00
 -1.3707750E+04 -7.937E+00 -8.195E+00 -3.009E+00
 -1.3707250E+04 -7.613E+00 -8.017E+00 -3.496E+00
 -1.3706750E+04 -7.124E+00 -7.524E+00 -3.551E+00
 -1.3706250E+04 -7.297E+00 -7.739E+00 -3.585E+00
 -1.3705750E+04 -6.658E+00 -7.262E+00 -4.097E+00
 -1.3705250E+04 -6.984E+00 -7.344E+00 -3.459E+00
 -1.3704750E+04 -6.685E+00 -7.468E+00 -4.933E+00
 -1.3704250E+04 -6.814E+00 -7.482E+00 -4.055E+00
 -1.3703750E+04 -6.599E+00 -7.088E+00 -3.670E+00
 -1.3703250E+04 -6.980E+00 -7.212E+00 -3.544E+00
 -1.3702750E+04 -7.376E+00 -7.671E+00 -2.984E+00
 -1.3702250E+04 -7.000E+00 -7.498E+00 -3.793E+00
 -1.3701750E+04 -6.935E+00 -7.436E+00 -3.881E+00
 -1.3701250E+04 -7.024E+00 -7.589E+00 -3.998E+00
 -1.3700750E+04 -6.562E+00 -7.203E+00 -4.191E+00
 -1.3700250E+04 -7.260E+00 -7.568E+00 -3.756E+00
 -1.3699750E+04 -6.270E+00 -6.511E+00 -3.669E+00
 -1.3699250E+04 -7.393E+00 -7.545E+00 -2.722E+00
 -1.3698750E+04 -6.611E+00 -7.093E+00 -3.419E+00
 -1.3698250E+04 -6.585E+00 -6.622E+00 -2.394E+00
 -1.3697750E+04 -6.869E+00 -7.479E+00 -3.753E+00
 -1.3697250E+04 -7.312E+00 -7.833E+00 -3.724E+00
 -1.3696750E+04 -5.943E+00 -6.260E+00 -3.412E+00
 -1.3696250E+04 -6.142E+00 -6.773E+00 -3.761E+00
 -1.3695750E+04 -6.709E+00 -7.494E+00 -4.462E+00
 -1.3695250E+04 -6.038E+00 -6.732E+00 -4.771E+00
 -1.3694750E+04 -6.045E+00 -6.682E+00 -3.802E+00
 -1.3694250E+04 -6.557E+00 -7.332E+00 -4.916E+00
 -1.3693750E+04 -7.505E+00 -7.725E+00 -2.925E+00
 -1.3693250E+04 -5.463E+00 -6.031E+00 -3.636E+00
 -1.3692750E+04 -6.479E+00 -7.293E+00 -4.572E+00
 -1.3692250E+04 -6.158E+00 -6.650E+00 -3.244E+00
 -1.3691750E+04 -7.650E+00 -7.757E+00 -2.790E+00
 -1.3691250E+04 -7.305E+00 -7.488E+00 -3.241E+00
 -1.3690750E+04 -7.064E+00 -6.704E+00 -7.787E-01
 -1.3690250E+04 -7.118E+00 -7.774E+00 -4.175E+00
 -1.3689750E+04 -5.569E+00 -6.017E+00 -3.640E+00
 -1.3689250E+04 -6.951E+00 -7.166E+00 -2.446E+00
 -1.3688750E+04 -6.577E+00 -7.029E+00 -3.403E+00
 -1.3688250E+04 -7.135E+00 -7.473E+00 -3.327E+00
 -1.3687750E+04 -6.451E+00 -6.451E+00 -2.997E+00
 -1.3687250E+04 -6.465E+00 -6.825E+00 -3.057E+00
 -1.3686750E+04 -6.325E+00 -7.104E+00 -4.055E+00
 -1.3686250E+04 -6.586E+00 -7.176E+00 -4.245E+00
 -1.3685750E+04 -5.418E+00 -6.437E+00 -5.384E+00
 -1.3685250E+04 -5.192E+00 -5.739E+00 -3.488E+00
 -1.3684750E+04 -6.349E+00 -6.750E+00 -3.318E+00
 -1.3684250E+04 -5.743E+00 -5.905E+00 -2.820E+00
 -1.3683750E+04 -6.291E+00 -6.624E+00 -2.866E+00
 -1.3683250E+04 -5.642E+00 -6.134E+00 -3.530E+00
 -1.3682750E+04 -5.980E+00 -6.831E+00 -4.824E+00
 -1.3682250E+04 -6.490E+00 -7.018E+00 -3.573E+00
 -1.3681750E+04 -6.154E+00 -6.474E+00 -2.911E+00
 -1.3681250E+04 -5.821E+00 -6.000E+00 -2.303E+00
 -1.3680750E+04 -5.963E+00 -6.365E+00 -2.826E+00
 -1.3680250E+04 -6.537E+00 -7.112E+00 -3.800E+00
 -1.3679750E+04 -5.794E+00 -5.961E+00 -2.799E+00
 -1.3679250E+04 -5.320E+00 -5.799E+00 -3.590E+00
 -1.3678750E+04 -6.374E+00 -6.887E+00 -4.049E+00
 -1.3678250E+04 -6.246E+00 -6.546E+00 -2.995E+00
 -1.3677750E+04 -6.155E+00 -6.734E+00 -3.303E+00
 -1.3677250E+04 -6.051E+00 -6.259E+00 -2.650E+00
 -1.3676750E+04 -5.759E+00 -6.526E+00 -3.608E+00
 -1.3676250E+04 -5.792E+00 -6.210E+00 -3.133E+00
 -1.3675750E+04 -6.741E+00 -7.047E+00 -2.950E+00
 -1.3675250E+04 -6.035E+00 -6.430E+00 -3.511E+00
 -1.3674750E+04 -6.516E+00 -6.698E+00 -2.696E+00
 -1.3674250E+04 -5.306E+00 -6.031E+00 -4.236E+00
 -1.3673750E+04 -5.373E+00 -5.770E+00 -2.640E+00
 -1.3673250E+04 -5.956E+00 -6.367E+00 -3.334E+00
 -1.3672750E+04 -5.619E+00 -6.127E+00 -3.274E+00
 -1.3672250E+04 -5.815E+00 -6.463E+00 -3.804E+00
 -1.3671750E+04 -5.743E+00 -6.174E+00 -3.017E+00
 -1.3671250E+04 -5.610E+00 -6.029E+00 -3.220E+00
 -1.3670750E+04 -4.458E+00 -4.829E+00 -2.867E+00
 -1.3670250E+04 -5.792E+00 -6.095E+00 -2.671E+00
 -1.3669750E+04 -5.764E+00 -6.121E+00 -3.008E+00
 -1.3669250E+04 -6.704E+00 -6.908E+00 -3.160E+00
 -1.3668750E+04 -6.100E+00 -6.490E+00 -3.125E+00
 -1.3668250E+04 -5.699E+00 -6.039E+00 -2.617E+00
 -1.3667750E+04 -5.197E+00 -5.562E+00 -3.342E+00
 -1.3667250E+04 -5.074E+00 -5.178E+00 -3.301E+00
 -1.3666750E+04 -6.027E+00 -6.574E+00 -4.254E+00
 -1.3666250E+04 -5.907E+00 -6.455E+00 -2.807E+00
 -1.3665750E+04 -5.331E+00 -6.230E+00 -4.534E+00
 -1.3665250E+04 -6.110E+00 -6.414E+00 -2.852E+00
 -1.3664750E+04 -5.944E+00 -6.255E+00 -2.856E+00
 -1.3664250E+04 -5.340E+00 -5.543E+00 -2.760E+00
 -1.3663750E+04 -5.904E+00 -6.458E+00 -3.115E+00
 -1.3663250E+04 -5.126E+00 -5.363E+00 -2.646E+00
 -1.3662750E+04 -5.681E+00 -6.238E+00 -2.660E+00
 -1.3662250E+04 -5.057E+00 -5.674E+00 -3.708E+00
 -1.3661750E+04 -5.880E+00 -6.246E+00 -2.947E+00
 -1.3661250E+04 -4.466E+00 -4.713E+00 -2.608E+00
 -1.3660750E+04 -5.318E+00 -5.274E+00 -2.015E+00
 -1.3660250E+04 -6.598E+00 -7.031E+00 -3.559E+00
 -1.3659750E+04 -5.608E+00 -6.033E+00 -3.473E+00
 -1.3659250E+04 -4.980E+00 -5.639E+00 -3.747E+00
 -1.3658750E+04 -5.462E+00 -5.836E+00 -3.312E+00
 -1.3658250E+04 -5.136E+00 -5.395E+00 -2.359E+00
 -1.3657750E+04 -5.513E+00 -5.925E+00 -2.967E+00
 -1.3657250E+04 -5.754E+00 -6.181E+00 -3.226E+00
 -1.3656750E+04 -5.070E+00 -5.214E+00 -2.237E+00
 -1.3656250E+04 -4.806E+00 -5.296E+00 -3.236E+00
 -1.3655750E+04 -5.622E+00 -6.219E+00 -3.929E+00
 -1.3655250E+04 -5.673E+00 -5.959E+00 -2.441E+00
 -1.3654750E+04 -4.956E+00 -5.615E+00 -3.399E+00
 -1.3654250E+04 -5.273E+00 -5.234E+00 -1.579E+00
 -1.3653750E+04 -5.685E+00 -6.440E+00 -4.403E+00
 -1.3653250E+04 -5.254E+00 -5.702E+00 -2.984E+00
 -1.3652750E+04 -5.163E+00 -5.745E+00 -3.874E+00
 -1.3652250E+04 -4.023E+00 -4.475E+00 -2.774E+00
 -1.3651750E+04 -4.553E+00 -4.872E+00 -2.666E+00
 -1.3651250E+04 -5.662E+00 -5.552E+00 -1.496E+00
 -1.3650750E+04 -4.687E+00 -5.100E+00 -3.317E+00
 -1.3650250E+04 -4.365E+00 -4.969E+00 -3.875E+00
 -1.3649750E+04 -5.514E+00 -5.709E+00 -2.502E+00
 -1.3649250E+04 -5.271E+00 -5.355E+00 -1.643E+00
 -1.3648750E+04 -5.101E+00 -5.701E+00 -3.575E+00
 -1.3648250E+04 -5.259E+00 -5.738E+00 -3.274E+00
 -1.3647750E+04 -5.463E+00 -5.798E+00 -2.742E+00
 -1.3647250E+04 -4.297E+00 -4.606E+00 -2.370E+00
 -1.3646750E+04 -4.658E+00 -5.059E+00 -3.344E+00
 -1.3646250E+04 -5.762E+00 -5.832E+00 -2.660E+00
 -1.3645750E+04 -5.444E+00 -5.853E+00 -3.013E+00
 -1.3645250E+04 -4.984E+00 -5.220E+00 -2.225E+00
 -1.3644750E+04 -5.456E+00 -5.845E+00 -3.087E+00
 -1.3644250E+04 -5.574E+00 -5.794E+00 -2.284E+00
 -1.3643750E+04 -5.305E+00 -5.443E+00 -1.922E+00
 -1.3643250E+04 -5.270E+00 -5.708E+00 -3.154E+00
 -1.3642750E+04 -5.870E+00 -6.218E+00 -3.298E+00
 -1.3642250E+04 -5.070E+00 -5.118E+00 -1.649E+00
 -1.3641750E+04 -4.601E+00 -4.930E+00 -2.432E+00
 -1.3641250E+04 -4.279E+00 -4.728E+00 -2.829E+00
 -1.3640750E+04 -4.524E+00 -4.947E+00 -3.210E+00
 -1.3640250E+04 -5.615E+00 -6.072E+00 -3.225E+00
 -1.3639750E+04 -5.135E+00 -5.607E+00 -3.308E+00
 -1.3639250E+04 -4.571E+00 -4.246E+00 -1.606E+00
 -1.3638750E+04 -3.950E+00 -4.427E+00 -1.777E+00
 -1.3638250E+04 -5.258E+00 -5.359E+00 -1.526E+00
 -1.3637750E+04 -5.675E+00 -5.868E+00 -2.087E+00
 -1.3637250E+04 -6.121E+00 -6.339E+00 -2.765E+00
 -1.3636750E+04 -5.389E+00 -5.949E+00 -3.982E+00
 -1.3636250E+04 -4.523E+00 -4.732E+00 -2.498E+00
 -1.3635750E+04 -4.036E+00 -4.553E+00 -2.194E+00
 -1.3635250E+04 -4.173E+00 -4.470E+00 -2.369E+00
 -1.3634750E+04 -5.444E+00 -5.775E+00 -3.097E+00
 -1.3634250E+04 -5.851E+00 -6.424E+00 -3.446E+00
 -1.3633750E+04 -3.822E+00 -4.552E+00 -3.729E+00
 -1.3633250E+04 -5.150E+00 -5.358E+00 -1.955E+00
 -1.3632750E+04 -5.716E+00 -5.673E+00 -1.803E+00
 -1.3632250E+04 -4.949E+00 -5.222E+00 -2.559E+00
 -1.3631750E+04 -4.545E+00 -5.078E+00 -3.029E+00
 -1.3631250E+04 -4.748E+00 -4.863E+00 -1.922E+00
 -1.3630750E+04 -4.525E+00 -5.317E+00 -3.803E+00
 -1.3630250E+04 -4.761E+00 -4.886E+00 -1.947E+00
 -1.3629750E+04 -5.211E+00 -5.428E+00 -2.248E+00
 -1.3629250E+04 -4.275E+00 -4.652E+00 -3.445E+00
 -1.3628750E+04 -4.746E+00 -5.229E+00 -2.974E+00
 -1.3628250E+04 -5.314E+00 -5.480E+00 -2.072E+00
 -1.3627750E+04 -4.664E+00 -5.258E+00 -3.394E+00
 -1.3627250E+04 -4.778E+00 -5.751E+00 -4.177E+00
 -1.3626750E+04 -4.416E+00 -5.031E+00 -2.902E+00
 -1.3626250E+04 -4.938E+00 -4.960E+00 -1.599E+00
 -1.3625750E+04 -4.474E+00 -4.909E+00 -3.161E+00
 -1.3625250E+04 -4.133E+00 -4.379E+00 -2.336E+00
 -1.3624750E+04 -4.300E+00 -4.759E+00 -3.075E+00
 -1.3624250E+04 -4.893E+00 -5.062E+00 -2.293E+00
 -1.3623750E+04 -5.090E+00 -5.371E+00 -2.380E+00
 -1.3623250E+04 -4.306E+00 -5.092E+00 -4.321E+00
 -1.3622750E+04 -4.894E+00 -5.100E+00 -2.528E+00
 -1.3622250E+04 -4.845E+00 -5.060E+00 -1.767E+00
 -1.3621750E+04 -4.154E+00 -4.621E+00 -2.328E+00
 -1.3621250E+04 -3.630E+00 -4.190E+00 -3.047E+00
 -1.3620750E+04 -3.599E+00 -4.217E+00 -3.337E+00
 -1.3620250E+04 -4.497E+00 -4.452E+00 -1.239E+00
 -1.3619750E+04 -4.620E+00 -4.769E+00 -2.073E+00
 -1.3619250E+04 -4.255E+00 -4.519E+00 -2.552E+00
 -1.3618750E+04 -3.904E+00 -4.099E+00 -2.322E+00
 -1.3618250E+04 -4.854E+00 -5.125E+00 -2.223E+00
 -1.3617750E+04 -5.014E+00 -5.294E+00 -2.317E+00
 -1.3617250E+04 -3.014E+00 -3.487E+00 -2.543E+00
 -1.3616750E+04 -3.862E+00 -4.308E+00 -2.701E+00
 -1.3616250E+04 -5.046E+00 -5.408E+00 -2.824E+00
 -1.3615750E+04 -4.192E+00 -4.798E+00 -3.582E+00
 -1.3615250E+04 -4.504E+00 -4.818E+00 -2.195E+00
 -1.3614750E+04 -3.886E+00 -4.442E+00 -2.929E+00
 -1.3614250E+04 -4.838E+00 -4.989E+00 -1.581E+00
 -1.3613750E+04 -3.786E+00 -4.015E+00 -2.055E+00
 -1.3613250E+04 -4.201E+00 -4.506E+00 -2.435E+00
 -1.3612750E+04 -3.541E+00 -3.932E+00 -2.687E+00
 -1.3612250E+04 -4.292E+00 -4.519E+00 -2.305E+00
 -1.3611750E+04 -4.559E+00 -4.901E+00 -2.151E+00
 -1.3611250E+04 -4.312E+00 -4.880E+00 -3.274E+00
 -1.3610750E+04 -4.189E+00 -4.310E+00 -1.693E+00
 -1.3610250E+04 -4.337E+00 -4.721E+00 -2.310E+00
 -1.3609750E+04 -4.446E+00 -4.757E+00 -2.166E+00
 -1.3609250E+04 -4.666E+00 -4.962E+00 -2.694E+00
 -1.3608750E+04 -4.202E+00 -4.520E+00 -2.727E+00
 -1.3608250E+04 -4.355E+00 -4.673E+00 -2.420E+00
 -1.3607750E+04 -5.460E+00 -5.680E+00 -2.170E+00
 -1.3607250E+04 -3.594E+00 -3.590E+00 -2.289E+00
 -1.3606750E+04 -3.396E+00 -3.590E+00 -1.412E+00
 -1.3606250E+04 -3.869E+00 -4.512E+00 -3.217E+00
 -1.3605750E+04 -4.157E+00 -4.770E+00 -3.279E+00
 -1.3605250E+04 -4.671E+00 -4.979E+00 -2.183E+00
 -1.3604750E+04 -4.259E+00 -4.630E+00 -2.395E+00
 -1.3604250E+04 -4.310E+00 -4.391E+00 -1.761E+00
 -1.3603750E+04 -4.231E+00 -4.360E+00 -1.941E+00
 -1.3603250E+04 -4.285E+00 -4.664E+00 -2.274E+00
 -1.3602750E+04 -4.389E+00 -4.875E+00 -3.079E+00
 -1.3602250E+04 -3.920E+00 -4.402E+00 -2.780E+00
 -1.3601750E+04 -3.481E+00 -3.828E+00 -1.953E+00
 -1.3601250E+04 -2.896E+00 -3.178E+00 -1.907E+00
 -1.3600750E+04 -4.125E+00 -4.577E+00 -2.828E+00
 -1.3600250E+04 -4.673E+00 -4.631E+00 -1.623E+00
 -1.3599750E+04 -4.720E+00 -4.762E+00 -1.646E+00
 -1.3599250E+04 -4.343E+00 -4.948E+00 -3.408E+00
 -1.3598750E+04 -4.183E+00 -4.243E+00 -1.428E+00
 -1.3598250E+04 -3.902E+00 -4.527E+00 -3.420E+00
 -1.3597750E+04 -4.188E+00 -4.253E+00 -1.842E+00
 -1.3597250E+04 -3.443E+00 -3.768E+00 -2.381E+00
 -1.3596750E+04 -3.618E+00 -3.988E+00 -2.744E+00
 -1.3596250E+04 -4.158E+00 -4.382E+00 -1.985E+00
 -1.3595750E+04 -3.742E+00 -4.301E+00 -2.861E+00
 -1.3595250E+04 -3.950E+00 -4.240E+00 -2.219E+00
 -1.3594750E+04 -3.681E+00 -3.860E+00 -1.918E+00
 -1.3594250E+04 -4.523E+00 -4.612E+00 -1.776E+00
 -1.3593750E+04 -4.558E+00 -4.815E+00 -2.726E+00
 -1.3593250E+04 -3.827E+00 -4.461E+00 -3.539E+00
 -1.3592750E+04 -3.129E+00 -3.560E+00 -2.481E+00
 -1.3592250E+04 -4.069E+00 -3.992E+00 -1.444E+00
 -1.3591750E+04 -4.820E+00 -5.019E+00 -1.534E+00
 -1.3591250E+04 -3.987E+00 -4.043E+00 -1.462E+00
 -1.3590750E+04 -3.639E+00 -4.173E+00 -3.171E+00
 -1.3590250E+04 -2.920E+00 -3.317E+00 -2.775E+00
 -1.3589750E+04 -4.085E+00 -4.386E+00 -2.127E+00
 -1.3589250E+04 -3.990E+00 -4.159E+00 -1.998E+00
 -1.3588750E+04 -3.461E+00 -3.754E+00 -2.029E+00
 -1.3588250E+04 -3.547E+00 -4.170E+00 -3.126E+00
 -1.3587750E+04 -4.444E+00 -4.204E+00 -7.453E-01
 -1.3587250E+04 -4.044E+00 -4.114E+00 -1.433E+00
 -1.3586750E+04 -4.916E+00 -5.109E+00 -2.067E+00
 -1.3586250E+04 -3.720E+00 -4.090E+00 -2.341E+00
 -1.3585750E+04 -3.803E+00 -4.220E+00 -2.735E+00
 -1.3585250E+04 -3.975E+00 -4.532E+00 -3.150E+00
 -1.3584750E+04 -4.014E+00 -4.357E+00 -2.433E+00
 -1.3584250E+04 -3.818E+00 -4.079E+00 -1.903E+00
 -1.3583750E+04 -4.384E+00 -4.820E+00 -2.783E+00
 -1.3583250E+04 -3.038E+00 -3.382E+00 -2.328E+00
 -1.3582750E+04 -3.675E+00 -3.664E+00 -8.806E-01
 -1.3582250E+04 -3.755E+00 -3.768E+00 -1.510E+00
 -1.3581750E+04 -4.344E+00 -4.504E+00 -1.634E+00
 -1.3581250E+04 -2.976E+00 -3.346E+00 -2.035E+00
 -1.3580750E+04 -3.834E+00 -3.963E+00 -1.872E+00
 -1.3580250E+04 -4.094E+00 -4.011E+00 -9.941E-01
 -1.3579750E+04 -3.444E+00 -3.664E+00 -1.805E+00
 -1.3579250E+04 -4.384E+00 -4.754E+00 -2.564E+00
 -1.3578750E+04 -4.421E+00 -4.477E+00 -1.862E+00
 -1.3578250E+04 -3.890E+00 -4.244E+00 -2.765E+00
 -1.3577750E+04 -4.169E+00 -4.627E+00 -2.779E+00
 -1.3577250E+04 -3.324E+00 -3.948E+00 -2.951E+00
 -1.3576750E+04 -3.516E+00 -4.115E+00 -2.963E+00
 -1.3576250E+04 -3.923E+00 -4.339E+00 -2.471E+00
 -1.3575750E+04 -3.898E+00 -3.741E+00 -1.636E+00
 -1.3575250E+04 -3.104E+00 -3.241E+00 -1.688E+00
 -1.3574750E+04 -3.108E+00 -3.347E+00 -1.486E+00
 -1.3574250E+04 -2.878E+00 -3.208E+00 -1.589E+00
 -1.3573750E+04 -3.177E+00 -3.335E+00 -1.029E+00
 -1.3573250E+04 -3.563E+00 -4.040E+00 -2.538E+00
 -1.3572750E+04 -3.923E+00 -4.290E+00 -2.017E+00
 -1.3572250E+04 -4.683E+00 -4.695E+00 -1.491E+00
 -1.3571750E+04 -3.742E+00 -4.456E+00 -3.322E+00
 -1.3571250E+04 -2.525E+00 -2.911E+00 -2.098E+00
 -1.3570750E+04 -3.637E+00 -4.070E+00 -2.938E+00
 -1.3570250E+04 -4.021E+00 -3.964E+00 -1.727E+00
 -1.3569750E+04 -2.878E+00 -3.285E+00 -1.820E+00
 -1.3569250E+04 -3.213E+00 -3.659E+00 -2.473E+00
 -1.3568750E+04 -3.703E+00 -4.213E+00 -2.684E+00
 -1.3568250E+04 -3.826E+00 -4.156E+00 -2.454E+00
 -1.3567750E+04 -4.049E+00 -4.351E+00 -2.189E+00
 -1.3567250E+04 -3.692E+00 -3.952E+00 -2.008E+00
 -1.3566750E+04 -3.134E+00 -3.187E+00 -1.279E+00
 -1.3566250E+04 -2.917E+00 -3.376E+00 -2.253E+00
 -1.3565750E+04 -4.132E+00 -4.349E+00 -2.228E+00
 -1.3565250E+04 -3.850E+00 -4.034E+00 -1.560E+00
 -1.3564750E+04 -3.475E+00 -3.773E+00 -2.170E+00
 -1.3564250E+04 -3.192E+00 -3.258E+00 -8.909E-01
 -1.3563750E+04 -2.922E+00 -2.904E+00 -9.876E-01
 -1.3563250E+04 -2.638E+00 -2.986E+00 -2.071E+00
 -1.3562750E+04 -3.562E+00 -3.677E+00 -1.622E+00
 -1.3562250E+04 -4.442E+00 -4.961E+00 -2.844E+00
 -1.3561750E+04 -3.621E+00 -3.977E+00 -2.137E+00
 -1.3561250E+04 -3.241E+00 -3.443E+00 -1.278E+00
 -1.3560750E+04 -3.958E+00 -4.128E+00 -1.748E+00
 -1.3560250E+04 -2.738E+00 -3.109E+00 -2.158E+00
 -1.3559750E+04 -3.971E+00 -4.065E+00 -1.683E+00
 -1.3559250E+04 -3.343E+00 -3.801E+00 -2.653E+00
 -1.3558750E+04 -3.016E+00 -3.469E+00 -2.523E+00
 -1.3558250E+04 -3.595E+00 -3.788E+00 -1.939E+00
 -1.3557750E+04 -3.022E+00 -3.050E+00 -1.170E+00
 -1.3557250E+04 -2.946E+00 -3.142E+00 -1.852E+00
 -1.3556750E+04 -3.314E+00 -2.959E+00 -9.248E-01
 -1.3556250E+04 -2.852E+00 -2.975E+00 -1.124E+00
 -1.3555750E+04 -3.059E+00 -3.863E+00 -2.560E+00
 -1.3555250E+04 -4.128E+00 -4.271E+00 -1.566E+00
 -1.3554750E+04 -3.573E+00 -3.685E+00 -1.444E+00
 -1.3554250E+04 -3.373E+00 -3.642E+00 -2.108E+00
 -1.3553750E+04 -2.496E+00 -2.613E+00 -1.885E+00
 -1.3553250E+04 -3.431E+00 -3.527E+00 -1.445E+00
 -1.3552750E+04 -2.630E+00 -2.935E+00 -2.145E+00
 -1.3552250E+04 -3.927E+00 -4.086E+00 -1.882E+00
 -1.3551750E+04 -3.912E+00 -3.893E+00 -1.065E+00
 -1.3551250E+04 -3.302E+00 -3.615E+00 -1.855E+00
 -1.3550750E+04 -3.638E+00 -3.807E+00 -1.446E+00
 -1.3550250E+04 -2.840E+00 -3.031E+00 -1.204E+00
 -1.3549750E+04 -3.150E+00 -3.153E+00 -1.089E+00
 -1.3549250E+04 -3.909E+00 -4.114E+00 -1.639E+00
 -1.3548750E+04 -3.402E+00 -3.739E+00 -2.487E+00
 -1.3548250E+04 -3.340E+00 -3.343E+00 -1.908E+00
 -1.3547750E+04 -3.331E+00 -3.628E+00 -1.873E+00
 -1.3547250E+04 -2.825E+00 -3.121E+00 -1.704E+00
 -1.3546750E+04 -2.618E+00 -3.116E+00 -2.595E+00
 -1.3546250E+04 -3.619E+00 -3.575E+00 -1.231E+00
 -1.3545750E+04 -3.343E+00 -3.525E+00 -1.654E+00
 -1.3545250E+04 -2.565E+00 -2.829E+00 -1.829E+00
 -1.3544750E+04 -2.945E+00 -3.223E+00 -1.969E+00
 -1.3544250E+04 -2.790E+00 -3.185E+00 -2.236E+00
 -1.3543750E+04 -2.748E+00 -2.988E+00 -1.745E+00
 -1.3543250E+04 -2.917E+00 -3.166E+00 -1.652E+00
 -1.3542750E+04 -3.430E+00 -3.810E+00 -2.293E+00
 -1.3542250E+04 -3.772E+00 -3.670E+00 -1.376E+00
 -1.3541750E+04 -2.960E+00 -3.130E+00 -1.730E+00
 -1.3541250E+04 -2.451E+00 -2.704E+00 -1.578E+00
 -1.3540750E+04 -3.349E+00 -3.605E+00 -1.544E+00
 -1.3540250E+04 -2.634E+00 -2.907E+00 -1.569E+00
 -1.3539750E+04 -3.688E+00 -4.056E+00 -1.983E+00
 -1.3539250E+04 -3.552E+00 -3.822E+00 -1.720E+00
 -1.3538750E+04 -3.255E+00 -3.463E+00 -1.672E+00
 -1.3538250E+04 -2.333E+00 -2.360E+00 -1.672E+00
 -1.3537750E+04 -3.428E+00 -3.389E+00 -1.296E+00
 -1.3537250E+04 -2.987E+00 -3.296E+00 -1.652E+00
 -1.3536750E+04 -2.757E+00 -3.175E+00 -1.840E+00
 -1.3536250E+04 -3.448E+00 -3.811E+00 -2.115E+00
 -1.3535750E+04 -2.684E+00 -2.638E+00 -7.584E-01
 -1.3535250E+04 -3.217E+00 -3.374E+00 -1.561E+00
 -1.3534750E+04 -2.625E+00 -3.089E+00 -2.556E+00
 -1.3534250E+04 -2.589E+00 -2.929E+00 -1.903E+00
 -1.3533750E+04 -3.446E+00 -3.383E+00 -1.198E+00
 -1.3533250E+04 -2.292E+00 -2.462E+00 -1.408E+00
 -1.3532750E+04 -2.949E+00 -3.469E+00 -2.640E+00
 -1.3532250E+04 -2.868E+00 -3.320E+00 -2.172E+00
 -1.3531750E+04 -2.737E+00 -3.174E+00 -2.286E+00
 -1.3531250E+04 -4.153E+00 -4.521E+00 -2.289E+00
 -1.3530750E+04 -2.877E+00 -2.834E+00 -1.044E+00
 -1.3530250E+04 -2.866E+00 -2.809E+00 -1.063E+00
 -1.3529750E+04 -2.851E+00 -2.753E+00 -1.415E+00
 -1.3529250E+04 -3.307E+00 -3.326E+00 -1.466E+00
 -1.3528750E+04 -2.630E+00 -2.491E+00 -6.208E-01
 -1.3528250E+04 -2.526E+00 -3.036E+00 -2.267E+00
 -1.3527750E+04 -2.772E+00 -3.346E+00 -2.579E+00
 -1.3527250E+04 -3.252E+00 -3.667E+00 -2.435E+00
 -1.3526750E+04 -3.570E+00 -3.630E+00 -1.263E+00
 -1.3526250E+04 -2.335E+00 -2.517E+00 -1.394E+00
 -1.3525750E+04 -3.157E+00 -3.250E+00 -1.037E+00
 -1.3525250E+04 -2.395E+00 -2.748E+00 -1.908E+00
 -1.3524750E+04 -3.185E+00 -3.019E+00 -1.959E+00
 -1.3524250E+04 -2.933E+00 -3.124E+00 -1.540E+00
 -1.3523750E+04 -3.502E+00 -3.709E+00 -1.554E+00
 -1.3523250E+04 -2.729E+00 -3.409E+00 -2.558E+00
 -1.3522750E+04 -2.106E+00 -2.599E+00 -2.708E+00
 -1.3522250E+04 -3.055E+00 -3.229E+00 -2.241E+00
 -1.3521750E+04 -3.293E+00 -2.743E+00 -8.762E-01
 -1.3521250E+04 -2.458E+00 -1.660E+00 -9.423E-01
 -1.3520750E+04 -1.947E+00 -1.670E+00 -1.074E+00
 -1.3520250E+04 -2.894E+00 -2.969E+00 -9.172E-01
 -1.3519750E+04 -3.034E+00 -4.053E+00 -7.735E-01
 -1.3519250E+04 -3.286E+00 -3.798E+00 -2.016E+00
 -1.3518750E+04 -2.825E+00 -3.421E+00 -2.412E+00
 -1.3518250E+04 -2.492E+00 -2.849E+00 -7.976E-01
 -1.3517750E+04 -2.952E+00 -3.510E+00 -1.407E+00
 -1.3517250E+04 -2.923E+00 -3.223E+00 -1.339E+00
 -1.3516750E+04 -3.328E+00 -3.765E+00 -2.060E+00
 -1.3516250E+04 -2.345E+00 -2.390E+00 -1.049E+00
 -1.3515750E+04 -2.747E+00 -3.052E+00 -1.486E+00
 -1.3515250E+04 -2.607E+00 -2.953E+00 -1.391E+00
 -1.3514750E+04 -2.402E+00 -2.809E+00 -2.069E+00
 -1.3514250E+04 -2.173E+00 -2.336E+00 -1.400E+00
 -1.3513750E+04 -3.249E+00 -3.632E+00 -2.547E+00
 -1.3513250E+04 -2.986E+00 -2.924E+00 -1.119E+00
 -1.3512750E+04 -2.342E+00 -2.375E+00 -1.222E+00
 -1.3512250E+04 -3.509E+00 -3.418E+00 -1.034E+00
 -1.3511750E+04 -3.321E+00 -3.017E+00 -7.551E-01
 -1.3511250E+04 -3.081E+00 -3.499E+00 -7.642E-01
 -1.3510750E+04 -3.115E+00 -3.215E+00 -1.505E+00
 -1.3510250E+04 -2.785E+00 -3.066E+00 -2.170E+00
 -1.3509750E+04 -2.550E+00 -2.546E+00 -1.073E+00
 -1.3509250E+04 -2.461E+00 -2.795E+00 -1.531E+00
 -1.3508750E+04 -3.546E+00 -3.807E+00 -1.807E+00
 -1.3508250E+04 -3.296E+00 -3.176E+00 -1.018E+00
 -1.3507750E+04 -2.222E+00 -2.745E+00 -2.625E+00
 -1.3507250E+04 -2.053E+00 -2.345E+00 -1.676E+00
 -1.3506750E+04 -2.318E+00 -2.477E+00 -1.064E+00
 -1.3506250E+04 -2.484E+00 -2.534E+00 -8.157E-01
 -1.3505750E+04 -2.422E+00 -2.571E+00 -1.109E+00
 -1.3505250E+04 -2.503E+00 -2.946E+00 -1.876E+00
 -1.3504750E+04 -2.974E+00 -3.370E+00 -1.975E+00
 -1.3504250E+04 -2.781E+00 -3.218E+00 -2.137E+00
 -1.3503750E+04 -2.124E+00 -2.214E+00 -9.870E-01
 -1.3503250E+04 -2.414E+00 -2.854E+00 -1.815E+00
 -1.3502750E+04 -3.067E+00 -3.371E+00 -2.083E+00
 -1.3502250E+04 -2.947E+00 -3.091E+00 -1.985E+00
 -1.3501750E+04 -2.526E+00 -2.713E+00 -1.474E+00
 -1.3501250E+04 -2.730E+00 -2.684E+00 -9.170E-01
 -1.3500750E+04 -2.050E+00 -2.411E+00 -1.825E+00
 -1.3500250E+04 -2.775E+00 -3.142E+00 -1.841E+00
 -1.3499750E+04 -2.859E+00 -2.787E+00 -6.879E-01
 -1.3499250E+04 -2.259E+00 -2.225E+00 -1.405E+00
 -1.3498750E+04 -2.847E+00 -2.651E+00 -1.682E-01
 -1.3498250E+04 -3.351E+00 -3.564E+00 -1.379E+00
 -1.3497750E+04 -2.886E+00 -3.130E+00 -1.541E+00
 -1.3497250E+04 -2.596E+00 -2.738E+00 -1.493E+00
 -1.3496750E+04 -2.769E+00 -3.102E+00 -2.270E+00
 -1.3496250E+04 -2.574E+00 -2.799E+00 -1.694E+00
 -1.3495750E+04 -2.091E+00 -2.357E+00 -1.993E+00
 -1.3495250E+04 -2.437E+00 -2.506E+00 -1.379E+00
 -1.3494750E+04 -2.337E+00 -2.413E+00 -1.575E+00
 -1.3494250E+04 -2.537E+00 -2.596E+00 -1.020E+00
 -1.3493750E+04 -2.198E+00 -2.616E+00 -2.179E+00
 -1.3493250E+04 -2.177E+00 -2.278E+00 -1.164E+00
 -1.3492750E+04 -2.763E+00 -3.023E+00 -1.489E+00
 -1.3492250E+04 -2.410E+00 -2.741E+00 -1.770E+00
 -1.3491750E+04 -1.878E+00 -2.383E+00 -2.089E+00
 -1.3491250E+04 -2.899E+00 -3.255E+00 -1.944E+00
 -1.3490750E+04 -2.881E+00 -2.848E+00 -9.737E-01
 -1.3490250E+04 -2.255E+00 -2.360E+00 -1.302E+00
 -1.3489750E+04 -2.545E+00 -2.546E+00 -7.201E-01
 -1.3489250E+04 -2.470E+00 -2.552E+00 -1.149E+00
 -1.3488750E+04 -2.603E+00 -2.915E+00 -2.389E+00
 -1.3488250E+04 -2.773E+00 -3.085E+00 -1.210E+00
 -1.3487750E+04 -1.845E+00 -2.167E+00 -1.568E+00
 -1.3487250E+04 -2.563E+00 -2.660E+00 -9.467E-01
 -1.3486750E+04 -2.433E+00 -2.484E+00 -1.173E+00
 -1.3486250E+04 -2.654E+00 -2.865E+00 -1.479E+00
 -1.3485750E+04 -3.228E+00 -3.247E+00 -8.539E-01
 -1.3485250E+04 -3.102E+00 -3.293E+00 -1.484E+00
 -1.3484750E+04 -2.390E+00 -2.689E+00 -2.173E+00
 -1.3484250E+04 -2.410E+00 -2.863E+00 -2.166E+00
 -1.3483750E+04 -2.391E+00 -2.694E+00 -1.750E+00
 -1.3483250E+04 -2.329E+00 -2.072E+00 -1.059E-01
 -1.3482750E+04 -1.457E+00 -1.649E+00 -1.122E+00
 -1.3482250E+04 -2.211E+00 -2.487E+00 -1.731E+00
 -1.3481750E+04 -2.714E+00 -2.981E+00 -1.585E+00
 -1.3481250E+04 -2.297E+00 -2.348E+00 -1.247E+00
 -1.3480750E+04 -2.682E+00 -2.562E+00 -6.946E-01
 -1.3480250E+04 -2.583E+00 -2.583E+00 -1.068E+00
 -1.3479750E+04 -2.351E+00 -2.605E+00 -1.310E+00
 -1.3479250E+04 -2.003E+00 -2.229E+00 -1.467E+00
 -1.3478750E+04 -2.082E+00 -2.371E+00 -1.678E+00
 -1.3478250E+04 -2.282E+00 -2.628E+00 -1.833E+00
 -1.3477750E+04 -2.668E+00 -2.875E+00 -1.416E+00
 -1.3477250E+04 -1.926E+00 -2.155E+00 -1.759E+00
 -1.3476750E+04 -2.352E+00 -2.614E+00 -1.687E+00
 -1.3476250E+04 -2.645E+00 -2.902E+00 -1.768E+00
 -1.3475750E+04 -2.734E+00 -2.738E+00 -5.543E-01
 -1.3475250E+04 -2.911E+00 -2.932E+00 -1.002E+00
 -1.3474750E+04 -2.619E+00 -2.571E+00 -9.573E-01
 -1.3474250E+04 -2.284E+00 -2.463E+00 -1.348E+00
 -1.3473750E+04 -2.356E+00 -2.639E+00 -1.471E+00
 -1.3473250E+04 -2.886E+00 -3.295E+00 -2.083E+00
 -1.3472750E+04 -2.582E+00 -2.823E+00 -1.566E+00
 -1.3472250E+04 -2.189E+00 -2.020E+00 -1.284E-01
 -1.3471750E+04 -2.465E+00 -2.689E+00 -1.890E+00
 -1.3471250E+04 -2.157E+00 -2.330E+00 -1.069E+00
 -1.3470750E+04 -2.132E+00 -2.423E+00 -1.563E+00
 -1.3470250E+04 -1.935E+00 -2.284E+00 -2.159E+00
 -1.3469750E+04 -2.219E+00 -2.422E+00 -1.552E+00
 -1.3469250E+04 -2.313E+00 -2.450E+00 -7.496E-01
 -1.3468750E+04 -2.399E+00 -2.341E+00 -3.832E-01
 -1.3468250E+04 -2.081E+00 -2.493E+00 -2.104E+00
 -1.3467750E+04 -1.922E+00 -2.088E+00 -1.117E+00
 -1.3467250E+04 -2.377E+00 -2.648E+00 -1.334E+00
 -1.3466750E+04 -3.172E+00 -3.182E+00 -8.963E-01
 -1.3466250E+04 -2.238E+00 -2.301E+00 -1.047E+00
 -1.3465750E+04 -2.334E+00 -2.407E+00 -1.313E+00
 -1.3465250E+04 -2.078E+00 -2.237E+00 -1.132E+00
 -1.3464750E+04 -8.982E-01 -1.429E+00 -2.077E+00
 -1.3464250E+04 -2.317E+00 -2.506E+00 -1.237E+00
 -1.3463750E+04 -2.185E+00 -2.384E+00 -1.548E+00
 -1.3463250E+04 -2.227E+00 -2.465E+00 -1.709E+00
 -1.3462750E+04 -2.156E+00 -2.260E+00 -9.586E-01
 -1.3462250E+04 -2.558E+00 -2.565E+00 -1.131E+00
 -1.3461750E+04 -2.624E+00 -2.881E+00 -9.894E-01
 -1.3461250E+04 -2.111E+00 -2.307E+00 -1.418E+00
 -1.3460750E+04 -2.429E+00 -2.360E+00 -1.295E+00
 -1.3460250E+04 -2.120E+00 -2.435E+00 -1.318E+00
 -1.3459750E+04 -2.224E+00 -2.483E+00 -1.475E+00
 -1.3459250E+04 -1.454E+00 -1.605E+00 -1.441E+00
 -1.3458750E+04 -2.535E+00 -2.658E+00 -1.217E+00
 -1.3458250E+04 -2.176E+00 -2.262E+00 -1.020E+00
 -1.3457750E+04 -1.999E+00 -2.008E+00 -7.776E-01
 -1.3457250E+04 -1.826E+00 -2.147E+00 -1.599E+00
 -1.3456750E+04 -2.243E+00 -2.386E+00 -1.297E+00
 -1.3456250E+04 -1.921E+00 -2.291E+00 -1.565E+00
 -1.3455750E+04 -1.536E+00 -1.655E+00 -1.088E+00
 -1.3455250E+04 -2.261E+00 -2.279E+00 -7.153E-01
 -1.3454750E+04 -2.075E+00 -2.217E+00 -1.181E+00
 -1.3454250E+04 -2.222E+00 -2.474E+00 -1.297E+00
 -1.3453750E+04 -2.346E+00 -2.523E+00 -1.229E+00
 -1.3453250E+04 -2.729E+00 -2.662E+00 -1.486E+00
 -1.3452750E+04 -2.124E+00 -2.221E+00 -1.018E+00
 -1.3452250E+04 -1.894E+00 -2.282E+00 -1.737E+00
 -1.3451750E+04 -2.291E+00 -2.598E+00 -1.701E+00
 -1.3451250E+04 -1.762E+00 -1.875E+00 -9.854E-01
 -1.3450750E+04 -2.348E+00 -2.458E+00 -1.220E+00
 -1.3450250E+04 -2.513E+00 -2.719E+00 -1.425E+00
 -1.3449750E+04 -2.200E+00 -2.381E+00 -1.670E+00
 -1.3449250E+04 -1.601E+00 -1.715E+00 -7.798E-01
 -1.3448750E+04 -1.917E+00 -1.814E+00 -4.772E-01
 -1.3448250E+04 -2.057E+00 -2.289E+00 -1.566E+00
 -1.3447750E+04 -2.260E+00 -2.633E+00 -2.010E+00
 -1.3447250E+04 -1.805E+00 -2.037E+00 -1.329E+00
 -1.3446750E+04 -2.487E+00 -2.163E+00  7.492E-01
 -1.3446250E+04 -2.178E+00 -2.522E+00 -1.079E+00
 -1.3445750E+04 -2.217E+00 -2.671E+00 -2.281E+00
 -1.3445250E+04 -1.670E+00 -1.827E+00 -1.547E+00
 -1.3444750E+04 -2.186E+00 -2.247E+00 -7.395E-01
 -1.3444250E+04 -2.426E+00 -2.475E+00 -9.157E-01
 -1.3443750E+04 -1.738E+00 -1.901E+00 -1.264E+00
 -1.3443250E+04 -2.038E+00 -1.909E+00 -3.520E-01
 -1.3442750E+04 -2.348E+00 -2.599E+00 -1.453E+00
 -1.3442250E+04 -1.943E+00 -2.244E+00 -1.637E+00
 -1.3441750E+04 -2.149E+00 -2.141E+00 -7.243E-01
 -1.3441250E+04 -2.447E+00 -2.355E+00 -5.790E-01
 -1.3440750E+04 -2.250E+00 -2.176E+00 -5.298E-01
 -1.3440250E+04 -2.587E+00 -2.824E+00 -1.517E+00
 -1.3439750E+04 -1.950E+00 -2.211E+00 -1.413E+00
 -1.3439250E+04 -1.948E+00 -2.232E+00 -1.421E+00
 -1.3438750E+04 -1.910E+00 -1.965E+00 -7.105E-01
 -1.3438250E+04 -2.415E+00 -2.604E+00 -1.341E+00
 -1.3437750E+04 -2.498E+00 -2.661E+00 -1.308E+00
 -1.3437250E+04 -2.058E+00 -2.343E+00 -1.739E+00
 -1.3436750E+04 -2.642E+00 -2.035E+00 -1.086E-01
 -1.3436250E+04 -2.057E+00 -1.861E+00 -6.962E-01
 -1.3435750E+04 -1.942E+00 -2.164E+00 -1.130E+00
 -1.3435250E+04 -1.749E+00 -2.058E+00 -1.457E+00
 -1.3434750E+04 -1.889E+00 -1.889E+00 -1.237E+00
 -1.3434250E+04 -1.468E+00 -1.594E+00 -1.313E+00
 -1.3433750E+04 -1.614E+00 -1.864E+00 -1.449E+00
 -1.3433250E+04 -1.837E+00 -2.191E+00 -1.448E+00
 -1.3432750E+04 -1.691E+00 -2.100E+00 -9.415E-01
 -1.3432250E+04 -2.087E+00 -2.259E+00 -9.614E-01
 -1.3431750E+04 -2.382E+00 -2.634E+00 -1.466E+00
 -1.3431250E+04 -1.924E+00 -2.053E+00 -1.134E+00
 -1.3430750E+04 -1.519E+00 -1.625E+00 -8.386E-01
 -1.3430250E+04 -1.177E+00 -1.409E+00 -9.790E-01
 -1.3429750E+04 -1.787E+00 -1.875E+00 -1.065E+00
 -1.3429250E+04 -2.076E+00 -2.215E+00 -1.302E+00
 -1.3428750E+04 -1.839E+00 -2.020E+00 -1.422E+00
 -1.3428250E+04 -1.970E+00 -2.149E+00 -1.053E+00
 -1.3427750E+04 -2.286E+00 -2.437E+00 -1.023E+00
 -1.3427250E+04 -1.875E+00 -1.901E+00 -1.019E+00
 -1.3426750E+04 -2.223E+00 -2.234E+00 -1.227E+00
 -1.3426250E+04 -1.781E+00 -1.946E+00 -1.249E+00
 -1.3425750E+04 -2.159E+00 -2.073E+00 -5.643E-01
 -1.3425250E+04 -1.977E+00 -2.366E+00 -1.997E+00
 -1.3424750E+04 -1.829E+00 -1.993E+00 -1.275E+00
 -1.3424250E+04 -2.661E+00 -2.636E+00 -6.276E-01
 -1.3423750E+04 -2.160E+00 -2.218E+00 -9.047E-01
 -1.3423250E+04 -2.423E+00 -2.640E+00 -1.092E+00
 -1.3422750E+04 -2.119E+00 -2.172E+00 -9.337E-01
 -1.3422250E+04 -1.239E+00 -1.486E+00 -9.700E-01
 -1.3421750E+04 -1.817E+00 -2.003E+00 -1.109E+00
 -1.3421250E+04 -1.811E+00 -1.657E+00 -2.983E-01
 -1.3420750E+04 -1.687E+00 -1.816E+00 -1.207E+00
 -1.3420250E+04 -1.530E+00 -1.822E+00 -1.339E+00
 -1.3419750E+04 -1.699E+00 -1.571E+00 -1.563E-01
 -1.3419250E+04 -1.737E+00 -1.441E+00  5.449E-01
 -1.3418750E+04 -1.827E+00 -2.442E+00 -2.233E+00
 -1.3418250E+04 -1.920E+00 -2.209E+00 -1.227E+00
 -1.3417750E+04 -1.773E+00 -2.125E+00 -1.697E+00
 -1.3417250E+04 -2.213E+00 -2.251E+00 -7.720E-01
 -1.3416750E+04 -1.950E+00 -2.082E+00 -1.236E+00
 -1.3416250E+04 -2.182E+00 -2.178E+00 -5.787E-01
 -1.3415750E+04 -1.644E+00 -2.085E+00 -1.963E+00
 -1.3415250E+04 -1.572E+00 -1.918E+00 -1.564E+00
 -1.3414750E+04 -1.736E+00 -1.611E+00 -3.143E-01
 -1.3414250E+04 -1.468E+00 -1.404E+00 -5.726E-01
 -1.3413750E+04 -1.598E+00 -1.635E+00 -7.429E-01
 -1.3413250E+04 -2.137E+00 -2.428E+00 -1.427E+00
 -1.3412750E+04 -2.147E+00 -2.193E+00 -6.504E-01
 -1.3412250E+04 -1.444E+00 -1.558E+00 -1.116E+00
 -1.3411750E+04 -1.785E+00 -2.072E+00 -1.417E+00
 -1.3411250E+04 -1.967E+00 -2.108E+00 -9.866E-01
 -1.3410750E+04 -1.625E+00 -1.823E+00 -1.045E+00
 -1.3410250E+04 -1.543E+00 -1.787E+00 -1.277E+00
 -1.3409750E+04 -1.568E+00 -1.799E+00 -1.199E+00
 -1.3409250E+04 -1.775E+00 -1.813E+00 -5.522E-01
 -1.3408750E+04 -2.063E+00 -2.139E+00 -8.092E-01
 -1.3408250E+04 -1.572E+00 -1.728E+00 -1.253E+00
 -1.3407750E+04 -2.194E+00 -2.267E+00 -1.098E+00
 -1.3407250E+04 -1.940E+00 -2.054E+00 -9.691E-01
 -1.3406750E+04 -2.240E+00 -2.449E+00 -1.612E+00
 -1.3406250E+04 -1.760E+00 -1.782E+00 -9.572E-01
 -1.3405750E+04 -1.732E+00 -1.985E+00 -1.359E+00
 -1.3405250E+04 -1.444E+00 -1.666E+00 -1.266E+00
 -1.3404750E+04 -2.544E+00 -2.645E+00 -1.123E+00
 -1.3404250E+04 -2.143E+00 -2.111E+00 -9.596E-01
 -1.3403750E+04 -1.448E+00 -1.592E+00 -1.033E+00
 -1.3403250E+04 -1.675E+00 -2.018E+00 -1.607E+00
 -1.3402750E+04 -2.609E+00 -2.665E+00 -5.358E-01
 -1.3402250E+04 -1.775E+00 -2.095E+00 -1.161E+00
 -1.3401750E+04 -1.306E+00 -1.419E+00 -8.463E-01
 -1.3401250E+04 -1.561E+00 -1.526E+00 -7.279E-01
 -1.3400750E+04 -2.001E+00 -1.977E+00 -7.309E-01
 -1.3400250E+04 -2.537E+00 -2.805E+00 -1.228E+00
 -1.3399750E+04 -1.970E+00 -2.027E+00 -9.466E-01
 -1.3399250E+04 -1.257E+00 -1.617E+00 -1.201E+00
 -1.3398750E+04 -2.112E+00 -2.198E+00 -7.502E-01
 -1.3398250E+04 -2.031E+00 -2.189E+00 -8.833E-01
 -1.3397750E+04 -1.828E+00 -1.969E+00 -9.892E-01
 -1.3397250E+04 -1.364E+00 -1.550E+00 -1.288E+00
 -1.3396750E+04 -1.910E+00 -1.966E+00 -9.953E-01
 -1.3396250E+04 -1.770E+00 -1.682E+00 -4.446E-01
 -1.3395750E+04 -1.791E+00 -1.656E+00 -1.860E-01
 -1.3395250E+04 -1.710E+00 -1.866E+00 -1.145E+00
 -1.3394750E+04 -1.183E+00 -1.283E+00 -7.866E-01
 -1.3394250E+04 -1.391E+00 -1.459E+00 -8.606E-01
 -1.3393750E+04 -1.907E+00 -1.909E+00 -6.308E-01
 -1.3393250E+04 -1.253E+00 -1.432E+00 -1.190E+00
 -1.3392750E+04 -1.682E+00 -1.769E+00 -8.026E-01
 -1.3392250E+04 -1.338E+00 -1.467E+00 -7.530E-01
 -1.3391750E+04 -1.609E+00 -1.605E+00 -9.237E-01
 -1.3391250E+04 -2.218E+00 -2.271E+00 -7.332E-01
 -1.3390750E+04 -1.507E+00 -1.741E+00 -8.285E-01
 -1.3390250E+04 -1.123E+00 -1.156E+00 -4.253E-01
 -1.3389750E+04 -1.428E+00 -1.726E+00 -1.669E+00
 -1.3389250E+04 -1.395E+00 -1.517E+00 -8.683E-01
 -1.3388750E+04 -2.107E+00 -2.260E+00 -1.380E+00
 -1.3388250E+04 -1.942E+00 -1.915E+00 -1.433E+00
 -1.3387750E+04 -2.179E+00 -2.055E+00 -7.190E-01
 -1.3387250E+04 -1.672E+00 -1.712E+00 -7.204E-01
 -1.3386750E+04 -1.894E+00 -1.947E+00 -9.598E-01
 -1.3386250E+04 -1.572E+00 -1.633E+00 -8.874E-01
 -1.3385750E+04 -1.226E+00 -1.178E+00 -5.100E-01
 -1.3385250E+04 -1.385E+00 -1.537E+00 -1.121E+00
 -1.3384750E+04 -1.852E+00 -1.934E+00 -6.125E-01
 -1.3384250E+04 -1.698E+00 -1.875E+00 -1.063E+00
 -1.3383750E+04 -1.410E+00 -1.540E+00 -9.629E-01
 -1.3383250E+04 -1.392E+00 -1.603E+00 -1.337E+00
 -1.3382750E+04 -1.707E+00 -1.849E+00 -1.184E+00
 -1.3382250E+04 -1.848E+00 -2.006E+00 -7.862E-01
 -1.3381750E+04 -1.995E+00 -2.176E+00 -1.452E+00
 -1.3381250E+04 -2.189E+00 -2.214E+00 -4.540E-01
 -1.3380750E+04 -1.418E+00 -1.726E+00 -1.660E+00
 -1.3380250E+04 -1.356E+00 -1.721E+00 -1.587E+00
 -1.3379750E+04 -1.387E+00 -1.496E+00 -8.841E-01
 -1.3379250E+04 -1.188E+00 -1.168E+00 -5.445E-01
 -1.3378750E+04 -1.962E+00 -1.980E+00 -8.371E-01
 -1.3378250E+04 -1.283E+00 -1.667E+00 -1.621E+00
 -1.3377750E+04 -1.699E+00 -1.480E+00 -4.704E-01
 -1.3377250E+04 -1.810E+00 -1.881E+00 -5.981E-01
 -1.3376750E+04 -1.399E+00 -1.140E+00 -3.257E-01
 -1.3376250E+04 -1.739E+00 -1.696E+00 -5.291E-01
 -1.3375750E+04 -1.601E+00 -1.828E+00 -8.854E-01
 -1.3375250E+04 -1.211E+00 -1.502E+00 -1.366E+00
 -1.3374750E+04 -1.093E+00 -1.395E+00 -1.131E+00
 -1.3374250E+04 -1.700E+00 -1.968E+00 -1.151E+00
 -1.3373750E+04 -1.907E+00 -1.893E+00 -7.814E-01
 -1.3373250E+04 -1.285E+00 -1.374E+00 -9.000E-01
 -1.3372750E+04 -1.779E+00 -1.610E+00 -2.377E-01
 -1.3372250E+04 -1.559E+00 -1.758E+00 -1.145E+00
 -1.3371750E+04 -1.305E+00 -1.581E+00 -1.450E+00
 -1.3371250E+04 -1.716E+00 -1.805E+00 -6.510E-01
 -1.3370750E+04 -1.721E+00 -1.619E+00 -3.623E-02
 -1.3370250E+04 -1.861E+00 -1.891E+00 -1.099E+00
 -1.3369750E+04 -1.412E+00 -1.275E+00 -1.127E-02
 -1.3369250E+04 -1.319E+00 -1.456E+00 -9.956E-01
 -1.3368750E+04 -1.966E+00 -2.079E+00 -7.711E-01
 -1.3368250E+04 -1.087E+00 -1.286E+00 -1.107E+00
 -1.3367750E+04 -1.043E+00 -1.006E+00 -2.388E-01
 -1.3367250E+04 -1.546E+00 -1.711E+00 -1.116E+00
 -1.3366750E+04 -1.522E+00 -1.938E+00 -2.078E+00
 -1.3366250E+04 -1.537E+00 -1.738E+00 -1.280E+00
 -1.3365750E+04 -1.633E+00 -1.743E+00 -8.658E-01
 -1.3365250E+04 -1.578E+00 -1.824E+00 -1.135E+00
 -1.3364750E+04 -1.390E+00 -1.663E+00 -1.151E+00
 -1.3364250E+04 -1.028E+00 -1.114E+00 -6.961E-01
 -1.3363750E+04 -1.578E+00 -1.567E+00 -5.123E-01
 -1.3363250E+04 -1.124E+00 -1.342E+00 -9.371E-01
 -1.3362750E+04 -1.599E+00 -1.702E+00 -7.225E-01
 -1.3362250E+04 -2.019E+00 -1.584E+00 -2.137E-01
 -1.3361750E+04 -1.478E+00 -1.396E+00 -3.167E-01
 -1.3361250E+04 -2.072E+00 -2.216E+00 -1.123E+00
 -1.3360750E+04 -2.136E+00 -2.275E+00 -1.020E+00
 -1.3360250E+04 -9.743E-01 -1.580E+00 -7.692E-01
 -1.3359750E+04 -1.521E+00 -1.864E+00 -3.867E-01
 -1.3359250E+04 -1.704E+00 -1.768E+00 -5.934E-01
 -1.3358750E+04 -1.941E+00 -1.903E+00 -5.666E-01
 -1.3358250E+04 -1.338E+00 -1.343E+00 -4.267E-01
 -1.3357750E+04 -1.479E+00 -1.751E+00 -1.272E+00
 -1.3357250E+04 -1.002E+00 -1.579E+00 -1.830E+00
 -1.3356750E+04 -1.413E+00 -1.508E+00 -9.837E-01
 -1.3356250E+04 -1.319E+00 -1.391E+00 -8.276E-01
 -1.3355750E+04 -1.250E+00 -1.602E+00 -1.320E+00
 -1.3355250E+04 -1.544E+00 -1.690E+00 -1.065E+00
 -1.3354750E+04 -1.263E+00 -1.158E+00 -4.966E-01
 -1.3354250E+04 -1.485E+00 -1.603E+00 -7.929E-01
 -1.3353750E+04 -1.712E+00 -1.758E+00 -7.716E-01
 -1.3353250E+04 -1.664E+00 -1.671E+00 -5.440E-01
 -1.3352750E+04 -1.402E+00 -1.522E+00 -8.312E-01
 -1.3352250E+04 -1.734E+00 -1.724E+00 -3.674E-01
