  6.9125000E+02  4.993E-04  4.353E-04 -3.907E-06
  6.9175000E+02  1.275E-03  1.114E-03 -4.319E-06
  6.9225000E+02  7.924E-04  6.935E-04  2.341E-06
  6.9275000E+02 -1.920E-04 -1.668E-04  2.989E-06
  6.9325000E+02 -8.072E-05 -5.699E-05  5.329E-05
  6.9375000E+02 -1.102E-04 -8.286E-05  5.318E-05
  6.9425000E+02  1.390E-04  1.418E-04  8.010E-05
  6.9475000E+02  3.431E-04  2.716E-04 -1.170E-04
  6.9525000E+02  1.958E-04  1.932E-04  8.673E-05
  6.9575000E+02  3.584E-04  3.024E-04 -4.620E-05
  6.9625000E+02  1.412E-03  1.539E-03  1.225E-03
  6.9675000E+02  1.561E-03  1.306E-03 -2.511E-04
  6.9725000E+02  1.878E-04  6.675E-04  2.022E-03
  6.9775000E+02  2.965E-04  6.426E-04  1.545E-03
  6.9825000E+02  2.298E-03  2.268E-03  1.015E-03
  6.9875000E+02  2.999E-04  5.540E-06 -1.049E-03
  6.9925000E+02 -9.237E-04 -2.043E-05  3.197E-03
  6.9975000E+02 -3.555E-03 -1.782E-03  5.379E-03
  7.0025000E+02  7.102E-03  7.171E-03  3.810E-03
  7.0075000E+02  6.477E-03  5.733E-03  2.185E-04
  7.0125000E+02  1.028E-03  1.187E-04 -3.153E-03
  7.0175000E+02 -4.034E-04 -8.954E-04 -2.181E-03
  7.0225000E+02 -3.401E-03 -3.717E-03 -2.957E-03
  7.0275000E+02  1.309E-03  1.295E-03  5.989E-04
  7.0325000E+02  2.140E-03  1.266E-03 -2.458E-03
  7.0375000E+02  5.267E-04 -1.962E-04 -2.626E-03
  7.0425000E+02 -9.002E-04  7.077E-05  3.466E-03
  7.0475000E+02  2.032E-02  1.818E-02  1.288E-03
  7.0525000E+02 -2.126E-03 -1.425E-03  1.737E-03
  7.0575000E+02  9.013E-04  9.630E-04  6.852E-04
  7.0625000E+02 -3.338E-03 -2.465E-03  1.886E-03
  7.0675000E+02 -6.746E-03 -5.874E-03  2.143E-04
  7.0725000E+02 -2.405E-03 -3.359E-03 -4.991E-03
  7.0775000E+02  1.463E-02  1.001E-02 -1.130E-02
  7.0825000E+02  5.280E-03  1.048E-02  2.332E-02
  7.0875000E+02 -2.238E-03 -2.277E-03 -1.336E-03
  7.0925000E+02  9.991E-03  1.230E-02  1.417E-02
  7.0975000E+02 -1.133E-02 -2.031E-03  3.190E-02
  7.1025000E+02  3.493E-02  3.054E-02 -9.748E-04
  7.1075000E+02 -9.011E-03 -5.942E-03  8.122E-03
  7.1125000E+02  3.589E-04 -3.434E-03 -1.516E-02
  7.1175000E+02 -6.483E-03 -6.827E-03 -4.472E-03
  7.1225000E+02 -9.585E-05  1.005E-03  4.473E-03
  7.1275000E+02  1.656E-02  1.769E-02  1.258E-02
  7.1325000E+02  1.817E-02  1.846E-02  9.730E-03
  7.1375000E+02  2.432E-02  2.068E-02 -3.102E-03
  7.1425000E+02  7.059E-02  5.120E-02 -4.451E-02
  7.1475000E+02 -1.984E-02 -1.159E-02  2.381E-02
  7.1525000E+02  6.440E-02  6.270E-02  2.328E-02
  7.1575000E+02 -1.302E-02 -9.347E-03  8.425E-03
  7.1625000E+02  1.476E-02  1.707E-02  1.658E-02
  7.1675000E+02  1.143E-02  4.971E-03 -2.063E-02
  7.1725000E+02  9.395E-02  8.013E-02 -1.306E-02
  7.1775000E+02 -6.000E-02 -2.791E-02  1.015E-01
  7.1825000E+02  1.804E-01  1.879E-01  1.150E-01
  7.1875000E+02  6.964E-02  4.295E-02 -7.481E-02
  7.1925000E+02 -1.595E-02 -1.777E-02 -1.537E-02
  7.1975000E+02  4.720E-03  3.176E-03 -3.969E-03
  7.2025000E+02 -3.163E-02 -3.476E-02 -2.768E-02
  7.2075000E+02  3.365E-03  1.683E-02  5.678E-02
  7.2125000E+02 -2.054E-02 -7.653E-03  4.223E-02
  7.2175000E+02  3.277E-02  4.335E-02  5.782E-02
  7.2225000E+02  4.686E-02  3.975E-02 -6.577E-03
  7.2275000E+02  6.738E-02  9.978E-02  1.617E-01
  7.2325000E+02  1.370E-01  1.420E-01  8.425E-02
  7.2375000E+02  9.296E-02  1.046E-01  9.064E-02
  7.2425000E+02  9.224E-02  6.321E-02 -7.389E-02
  7.2475000E+02  6.948E-02  8.433E-02  9.216E-02
  7.2525000E+02  1.227E-01  1.196E-01  4.500E-02
  7.2575000E+02  7.500E-02  7.513E-02  3.493E-02
  7.2625000E+02  4.135E-02  1.691E-02 -7.982E-02
  7.2675000E+02  2.201E-02  2.770E-02  3.188E-02
  7.2725000E+02  7.068E-02  6.178E-02 -4.165E-03
  7.2775000E+02 -1.954E-02 -8.746E-03  3.420E-02
  7.2825000E+02  4.105E-02  6.031E-02  9.705E-02
  7.2875000E+02  1.008E-01  9.340E-02  1.596E-02
  7.2925000E+02  6.748E-02  7.704E-02  6.932E-02
  7.2975000E+02  3.594E-02  2.901E-02 -1.206E-02
  7.3025000E+02  2.749E-02  4.884E-02  9.801E-02
  7.3075000E+02 -3.386E-03  2.733E-02  1.233E-01
  7.3125000E+02  2.076E-01  2.208E-01  1.455E-01
  7.3175000E+02  1.834E-01  1.757E-01  5.137E-02
  7.3225000E+02  2.657E-01  2.750E-01  1.562E-01
  7.3275000E+02  3.230E-01  2.630E-01 -9.392E-02
  7.3325000E+02  1.623E-01  2.296E-01  3.462E-01
  7.3375000E+02  1.163E-01  9.340E-02 -3.957E-02
  7.3425000E+02  2.247E-02  1.209E-02 -3.112E-02
  7.3475000E+02  2.786E-01  2.871E-01  1.589E-01
  7.3525000E+02  6.992E-02  1.272E-01  2.610E-01
  7.3575000E+02  1.179E-01  1.179E-01  5.103E-02
  7.3625000E+02 -1.232E-01 -5.549E-02  2.162E-01
  7.3675000E+02  4.270E-01  5.004E-01  4.818E-01
  7.3725000E+02  5.083E-01  4.727E-01  8.665E-02
  7.3775000E+02  5.259E-02  7.146E-02  9.931E-02
  7.3825000E+02  5.534E-01  5.007E-01  3.591E-02
  7.3875000E+02 -3.302E-03  2.467E-02  1.086E-01
  7.3925000E+02  4.818E-01  5.355E-01  4.279E-01
  7.3975000E+02  3.562E-01  3.161E-01 -5.895E-03
  7.4025000E+02  2.882E-01  2.761E-01  8.015E-02
  7.4075000E+02  4.509E-01  4.058E-01  1.676E-02
  7.4125000E+02  1.757E-01  2.047E-01  1.914E-01
  7.4175000E+02  4.497E-01  5.287E-01  5.121E-01
  7.4225000E+02  5.733E-01  5.379E-01  1.118E-01
  7.4275000E+02  6.454E-01  6.651E-01  3.640E-01
  7.4325000E+02  2.934E-01  3.392E-01  3.111E-01
  7.4375000E+02  6.793E-01  6.425E-01  1.522E-01
  7.4425000E+02  4.787E-01  4.073E-01 -7.766E-02
  7.4475000E+02  2.913E-01  3.458E-01  3.459E-01
  7.4525000E+02  3.373E-01  3.972E-01  3.842E-01
  7.4575000E+02  2.782E-01  3.221E-01  2.970E-01
  7.4625000E+02  7.373E-01  8.978E-01  9.613E-01
  7.4675000E+02  8.876E-01  8.798E-01  3.516E-01
  7.4725000E+02  4.566E-01  5.049E-01  3.926E-01
  7.4775000E+02  7.340E-01  7.382E-01  3.370E-01
  7.4825000E+02  1.194E+00  1.114E+00  1.831E-01
  7.4875000E+02  8.441E-01  8.681E-01  4.559E-01
  7.4925000E+02  8.895E-01  9.756E-01  7.246E-01
  7.4975000E+02  1.075E+00  1.135E+00  7.043E-01
  7.5025000E+02  8.276E-01  9.182E-01  7.181E-01
  7.5075000E+02  2.296E-01  3.063E-01  3.970E-01
  7.5125000E+02  1.080E+00  1.200E+00  9.430E-01
  7.5175000E+02  8.693E-01  7.872E-01  4.649E-02
  7.5225000E+02  7.758E-01  8.671E-01  6.935E-01
  7.5275000E+02  9.971E-01  1.084E+00  7.658E-01
  7.5325000E+02  1.535E+00  1.563E+00  7.636E-01
  7.5375000E+02  1.381E+00  1.304E+00  2.758E-01
  7.5425000E+02  1.495E+00  1.411E+00  2.899E-01
  7.5475000E+02  7.026E-01  9.156E-01  1.159E+00
  7.5525000E+02  1.050E+00  1.209E+00  1.078E+00
  7.5575000E+02  1.670E+00  1.803E+00  1.229E+00
  7.5625000E+02  1.885E+00  1.823E+00  5.452E-01
  7.5675000E+02  1.197E+00  1.272E+00  7.914E-01
  7.5725000E+02  1.246E+00  1.369E+00  1.001E+00
  7.5775000E+02  1.604E+00  1.586E+00  5.946E-01
  7.5825000E+02  2.050E+00  2.188E+00  1.403E+00
  7.5875000E+02  2.291E+00  2.392E+00  1.351E+00
  7.5925000E+02  2.229E+00  2.187E+00  7.635E-01
  7.5975000E+02  2.258E+00  2.242E+00  8.681E-01
  7.6025000E+02  1.728E+00  1.913E+00  1.453E+00
  7.6075000E+02  2.083E+00  2.227E+00  1.429E+00
  7.6125000E+02  1.725E+00  1.889E+00  1.355E+00
  7.6175000E+02  2.884E+00  3.059E+00  1.887E+00
  7.6225000E+02  2.224E+00  2.325E+00  1.322E+00
  7.6275000E+02  2.767E+00  3.058E+00  2.303E+00
  7.6325000E+02  2.843E+00  2.851E+00  1.196E+00
  7.6375000E+02  2.652E+00  3.034E+00  2.602E+00
  7.6425000E+02  3.944E+00  4.148E+00  2.419E+00
  7.6475000E+02  3.796E+00  3.860E+00  1.797E+00
  7.6525000E+02  3.488E+00  3.442E+00  1.219E+00
  7.6575000E+02  3.666E+00  3.851E+00  2.216E+00
  7.6625000E+02  4.722E+00  5.187E+00  3.768E+00
  7.6675000E+02  3.855E+00  3.845E+00  1.509E+00
  7.6725000E+02  4.639E+00  4.854E+00  2.735E+00
  7.6775000E+02  3.709E+00  4.184E+00  3.390E+00
  7.6825000E+02  5.101E+00  5.275E+00  2.742E+00
  7.6875000E+02  4.222E+00  4.447E+00  2.590E+00
  7.6925000E+02  4.711E+00  5.027E+00  3.141E+00
  7.6975000E+02  4.863E+00  4.913E+00  2.133E+00
  7.7025000E+02  4.968E+00  5.353E+00  3.512E+00
  7.7075000E+02  5.572E+00  5.874E+00  3.425E+00
  7.7125000E+02  5.071E+00  5.385E+00  3.267E+00
  7.7175000E+02  6.426E+00  6.553E+00  3.063E+00
  7.7225000E+02  6.812E+00  6.959E+00  3.295E+00
  7.7275000E+02  5.902E+00  6.399E+00  4.297E+00
  7.7325000E+02  6.883E+00  6.955E+00  3.000E+00
  7.7375000E+02  7.172E+00  7.393E+00  3.696E+00
  7.7425000E+02  6.700E+00  7.037E+00  3.981E+00
  7.7475000E+02  7.645E+00  7.953E+00  4.229E+00
  7.7525000E+02  5.498E+00  6.216E+00  5.002E+00
  7.7575000E+02  6.604E+00  7.529E+00  6.260E+00
  7.7625000E+02  9.481E+00  1.031E+01  7.010E+00
  7.7675000E+02  8.765E+00  9.141E+00  4.907E+00
  7.7725000E+02  1.008E+01  9.592E+00  1.974E+00
  7.7775000E+02  9.852E+00  1.078E+01  7.499E+00
  7.7825000E+02  8.956E+00  9.029E+00  3.734E+00
  7.7875000E+02  8.828E+00  9.095E+00  4.469E+00
  7.7925000E+02  9.761E+00  1.036E+01  6.173E+00
  7.7975000E+02  7.849E+00  8.294E+00  4.803E+00
  7.8025000E+02  8.875E+00  9.389E+00  5.440E+00
  7.8075000E+02  1.341E+01  1.359E+01  5.884E+00
  7.8125000E+02  1.089E+01  1.123E+01  5.483E+00
  7.8175000E+02  1.137E+01  1.203E+01  6.974E+00
  7.8225000E+02  9.211E+00  9.919E+00  6.348E+00
  7.8275000E+02  1.082E+01  1.172E+01  7.714E+00
  7.8325000E+02  1.488E+01  1.525E+01  7.114E+00
  7.8375000E+02  1.368E+01  1.431E+01  7.702E+00
  7.8425000E+02  1.377E+01  1.463E+01  8.624E+00
  7.8475000E+02  1.244E+01  1.279E+01  6.077E+00
  7.8525000E+02  1.142E+01  1.270E+01  9.385E+00
  7.8575000E+02  1.594E+01  1.633E+01  7.540E+00
  7.8625000E+02  1.463E+01  1.605E+01  1.111E+01
  7.8675000E+02  1.715E+01  1.789E+01  9.382E+00
  7.8725000E+02  1.764E+01  1.813E+01  8.525E+00
  7.8775000E+02  1.674E+01  1.742E+01  8.932E+00
  7.8825000E+02  1.770E+01  1.853E+01  9.894E+00
  7.8875000E+02  1.462E+01  1.512E+01  7.418E+00
  7.8925000E+02  1.881E+01  1.922E+01  8.604E+00
  7.8975000E+02  1.532E+01  1.650E+01  1.036E+01
  7.9025000E+02  1.823E+01  1.905E+01  9.989E+00
  7.9075000E+02  1.842E+01  1.953E+01  1.123E+01
  7.9125000E+02  1.720E+01  1.854E+01  1.166E+01
  7.9175000E+02  2.025E+01  2.112E+01  1.087E+01
  7.9225000E+02  1.949E+01  2.063E+01  1.165E+01
  7.9275000E+02  2.050E+01  2.100E+01  9.476E+00
  7.9325000E+02  1.814E+01  1.961E+01  1.246E+01
  7.9375000E+02  2.378E+01  2.496E+01  1.334E+01
  7.9425000E+02  2.354E+01  2.467E+01  1.306E+01
  7.9475000E+02  2.475E+01  2.614E+01  1.451E+01
  7.9525000E+02  2.282E+01  2.385E+01  1.238E+01
  7.9575000E+02  2.683E+01  2.734E+01  1.171E+01
  7.9625000E+02  2.278E+01  2.360E+01  1.145E+01
  7.9675000E+02  2.420E+01  2.536E+01  1.327E+01
  7.9725000E+02  2.231E+01  2.385E+01  1.410E+01
  7.9775000E+02  2.629E+01  2.715E+01  1.282E+01
  7.9825000E+02  2.687E+01  2.780E+01  1.329E+01
  7.9875000E+02  2.771E+01  2.952E+01  1.712E+01
  7.9925000E+02  2.374E+01  2.649E+01  1.933E+01
  7.9975000E+02  2.709E+01  2.824E+01  1.420E+01
  8.0025000E+02  3.355E+01  3.497E+01  1.756E+01
  8.0075000E+02  2.943E+01  3.133E+01  1.798E+01
  8.0125000E+02  3.035E+01  3.144E+01  1.503E+01
  8.0175000E+02  3.169E+01  3.345E+01  1.810E+01
  8.0225000E+02  3.386E+01  3.400E+01  1.249E+01
  8.0275000E+02  3.403E+01  3.540E+01  1.740E+01
  8.0325000E+02  3.189E+01  3.420E+01  2.037E+01
  8.0375000E+02  3.456E+01  3.639E+01  1.931E+01
  8.0425000E+02  2.987E+01  3.182E+01  1.814E+01
  8.0475000E+02  3.409E+01  3.522E+01  1.640E+01
  8.0525000E+02  3.627E+01  3.716E+01  1.610E+01
  8.0575000E+02  3.523E+01  3.678E+01  1.833E+01
  8.0625000E+02  3.687E+01  3.840E+01  1.880E+01
  8.0675000E+02  3.737E+01  3.883E+01  1.865E+01
  8.0725000E+02  3.407E+01  3.658E+01  2.168E+01
  8.0775000E+02  3.521E+01  3.742E+01  2.086E+01
  8.0825000E+02  3.437E+01  3.754E+01  2.436E+01
  8.0875000E+02  3.773E+01  3.983E+01  2.129E+01
  8.0925000E+02  4.060E+01  4.252E+01  2.148E+01
  8.0975000E+02  3.845E+01  4.032E+01  2.047E+01
  8.1025000E+02  3.943E+01  4.167E+01  2.229E+01
  8.1075000E+02  4.823E+01  4.943E+01  2.115E+01
  8.1125000E+02  4.242E+01  4.528E+01  2.570E+01
  8.1175000E+02  3.993E+01  4.162E+01  2.016E+01
  8.1225000E+02  4.196E+01  4.382E+01  2.147E+01
  8.1275000E+02  4.412E+01  4.609E+01  2.261E+01
  8.1325000E+02  3.905E+01  4.193E+01  2.444E+01
  8.1375000E+02  4.368E+01  4.571E+01  2.257E+01
  8.1425000E+02  4.762E+01  4.986E+01  2.474E+01
  8.1475000E+02  4.975E+01  5.175E+01  2.441E+01
  8.1525000E+02  4.498E+01  4.884E+01  3.024E+01
  8.1575000E+02  5.008E+01  5.268E+01  2.691E+01
  8.1625000E+02  4.635E+01  4.701E+01  1.782E+01
  8.1675000E+02  4.607E+01  4.794E+01  2.258E+01
  8.1725000E+02  4.883E+01  5.117E+01  2.539E+01
  8.1775000E+02  4.715E+01  5.037E+01  2.813E+01
  8.1825000E+02  4.831E+01  5.146E+01  2.827E+01
  8.1875000E+02  5.205E+01  5.418E+01  2.535E+01
  8.1925000E+02  4.932E+01  5.233E+01  2.798E+01
  8.1975000E+02  4.955E+01  5.184E+01  2.513E+01
  8.2025000E+02  5.057E+01  5.265E+01  2.464E+01
  8.2075000E+02  5.115E+01  5.433E+01  2.928E+01
  8.2125000E+02  5.068E+01  5.277E+01  2.460E+01
  8.2175000E+02  5.424E+01  5.739E+01  2.991E+01
  8.2225000E+02  5.204E+01  5.351E+01  2.245E+01
  8.2275000E+02  5.600E+01  5.820E+01  2.672E+01
  8.2325000E+02  5.525E+01  5.863E+01  3.101E+01
  8.2375000E+02  5.016E+01  5.320E+01  2.783E+01
  8.2425000E+02  5.050E+01  5.374E+01  2.891E+01
  8.2475000E+02  5.110E+01  5.350E+01  2.570E+01
  8.2525000E+02  5.384E+01  5.605E+01  2.578E+01
  8.2575000E+02  5.411E+01  5.483E+01  1.994E+01
  8.2625000E+02  5.095E+01  5.442E+01  2.969E+01
  8.2675000E+02  5.901E+01  6.297E+01  3.394E+01
  8.2725000E+02  5.659E+01  6.093E+01  3.488E+01
  8.2775000E+02  5.328E+01  5.674E+01  3.030E+01
  8.2825000E+02  5.889E+01  6.167E+01  2.931E+01
  8.2875000E+02  5.675E+01  5.980E+01  2.964E+01
  8.2925000E+02  5.641E+01  6.079E+01  3.474E+01
  8.2975000E+02  5.670E+01  5.927E+01  2.774E+01
  8.3025000E+02  5.279E+01  5.665E+01  3.157E+01
  8.3075000E+02  5.646E+01  5.898E+01  2.739E+01
  8.3125000E+02  5.790E+01  5.998E+01  2.593E+01
  8.3175000E+02  5.451E+01  5.703E+01  2.660E+01
  8.3225000E+02  5.937E+01  6.034E+01  2.182E+01
  8.3275000E+02  6.822E+01  7.268E+01  3.845E+01
  8.3325000E+02  6.078E+01  6.352E+01  2.931E+01
  8.3375000E+02  6.372E+01  6.719E+01  3.326E+01
  8.3425000E+02  5.787E+01  6.171E+01  3.245E+01
  8.3475000E+02  5.982E+01  6.224E+01  2.753E+01
  8.3525000E+02  5.317E+01  5.638E+01  2.843E+01
  8.3575000E+02  5.916E+01  6.028E+01  2.222E+01
  8.3625000E+02  5.872E+01  6.232E+01  3.170E+01
  8.3675000E+02  6.119E+01  6.645E+01  3.906E+01
  8.3725000E+02  6.400E+01  6.684E+01  3.023E+01
  8.3775000E+02  5.754E+01  5.916E+01  2.331E+01
  8.3825000E+02  6.169E+01  6.521E+01  3.208E+01
  8.3875000E+02  5.944E+01  6.222E+01  2.832E+01
  8.3925000E+02  6.015E+01  6.334E+01  3.028E+01
  8.3975000E+02  6.321E+01  6.639E+01  3.103E+01
  8.4025000E+02  5.755E+01  6.078E+01  2.949E+01
  8.4075000E+02  5.776E+01  6.139E+01  3.112E+01
  8.4125000E+02  6.032E+01  6.371E+01  3.073E+01
  8.4175000E+02  5.751E+01  6.294E+01  3.804E+01
  8.4225000E+02  6.165E+01  6.467E+01  2.961E+01
  8.4275000E+02  5.979E+01  6.299E+01  2.971E+01
  8.4325000E+02  5.434E+01  5.896E+01  3.363E+01
  8.4375000E+02  5.682E+01  6.413E+01  4.507E+01
  8.4425000E+02  6.314E+01  6.314E+01  1.798E+01
  8.4475000E+02  5.833E+01  6.239E+01  3.243E+01
  8.4525000E+02  6.543E+01  6.877E+01  3.162E+01
  8.4575000E+02  5.988E+01  6.340E+01  3.067E+01
  8.4625000E+02  5.852E+01  6.222E+01  3.102E+01
  8.4675000E+02  6.087E+01  6.333E+01  2.675E+01
  8.4725000E+02  6.220E+01  6.680E+01  3.554E+01
  8.4775000E+02  6.777E+01  6.972E+01  2.668E+01
  8.4825000E+02  5.967E+01  6.360E+01  3.201E+01
  8.4875000E+02  6.096E+01  6.498E+01  3.272E+01
  8.4925000E+02  6.294E+01  6.603E+01  2.958E+01
  8.4975000E+02  5.372E+01  5.778E+01  3.061E+01
  8.5025000E+02  5.543E+01  5.922E+01  3.002E+01
  8.5075000E+02  5.258E+01  5.572E+01  2.642E+01
  8.5125000E+02  5.417E+01  5.970E+01  3.641E+01
  8.5175000E+02  6.335E+01  6.753E+01  3.373E+01
  8.5225000E+02  5.601E+01  5.760E+01  2.130E+01
  8.5275000E+02  6.418E+01  6.576E+01  2.357E+01
  8.5325000E+02  4.892E+01  5.268E+01  2.761E+01
  8.5375000E+02  5.006E+01  5.690E+01  4.003E+01
  8.5425000E+02  5.406E+01  5.494E+01  1.773E+01
  8.5475000E+02  5.950E+01  6.200E+01  2.555E+01
  8.5525000E+02  5.480E+01  6.034E+01  3.622E+01
  8.5575000E+02  5.713E+01  6.180E+01  3.319E+01
  8.5625000E+02  5.794E+01  5.948E+01  2.113E+01
  8.5675000E+02  5.309E+01  5.613E+01  2.569E+01
  8.5725000E+02  5.323E+01  5.786E+01  3.201E+01
  8.5775000E+02  5.803E+01  6.039E+01  2.442E+01
  8.5825000E+02  5.154E+01  5.535E+01  2.822E+01
  8.5875000E+02  5.060E+01  5.586E+01  3.347E+01
  8.5925000E+02  5.666E+01  5.958E+01  2.595E+01
  8.5975000E+02  5.376E+01  5.697E+01  2.623E+01
  8.6025000E+02  4.965E+01  5.264E+01  2.425E+01
  8.6075000E+02  5.223E+01  5.364E+01  1.873E+01
  8.6125000E+02  4.805E+01  5.212E+01  2.793E+01
  8.6175000E+02  5.350E+01  5.646E+01  2.505E+01
  8.6225000E+02  5.084E+01  5.383E+01  2.440E+01
  8.6275000E+02  5.637E+01  5.807E+01  2.071E+01
  8.6325000E+02  4.698E+01  5.072E+01  2.606E+01
  8.6375000E+02  4.252E+01  4.610E+01  2.411E+01
  8.6425000E+02  4.465E+01  4.814E+01  2.436E+01
  8.6475000E+02  5.411E+01  5.780E+01  2.782E+01
  8.6525000E+02  4.643E+01  4.931E+01  2.243E+01
  8.6575000E+02  4.832E+01  5.050E+01  2.015E+01
  8.6625000E+02  4.396E+01  4.723E+01  2.306E+01
  8.6675000E+02  4.606E+01  4.982E+01  2.575E+01
  8.6725000E+02  4.653E+01  4.967E+01  2.324E+01
  8.6775000E+02  4.687E+01  4.981E+01  2.249E+01
  8.6825000E+02  4.663E+01  4.965E+01  2.279E+01
  8.6875000E+02  4.406E+01  4.824E+01  2.671E+01
  8.6925000E+02  4.494E+01  4.703E+01  1.862E+01
  8.6975000E+02  4.296E+01  4.487E+01  1.734E+01
  8.7025000E+02  5.205E+01  5.403E+01  1.980E+01
  8.7075000E+02  3.872E+01  4.266E+01  2.392E+01
  8.7125000E+02  3.989E+01  4.277E+01  1.999E+01
  8.7175000E+02  3.993E+01  4.192E+01  1.665E+01
  8.7225000E+02  4.472E+01  4.745E+01  2.081E+01
  8.7275000E+02  3.966E+01  4.396E+01  2.570E+01
  8.7325000E+02  3.895E+01  4.045E+01  1.431E+01
  8.7375000E+02  4.216E+01  4.550E+01  2.230E+01
  8.7425000E+02  3.665E+01  3.853E+01  1.520E+01
  8.7475000E+02  4.221E+01  4.603E+01  2.408E+01
  8.7525000E+02  4.254E+01  4.452E+01  1.703E+01
  8.7575000E+02  3.915E+01  4.190E+01  1.905E+01
  8.7625000E+02  4.064E+01  4.366E+01  2.042E+01
  8.7675000E+02  3.129E+01  3.527E+01  2.199E+01
  8.7725000E+02  3.657E+01  3.665E+01  7.907E+00
  8.7775000E+02  3.756E+01  3.898E+01  1.347E+01
  8.7825000E+02  3.770E+01  4.011E+01  1.739E+01
  8.7875000E+02  2.556E+01  2.808E+01  1.447E+01
  8.7925000E+02  3.658E+01  4.164E+01  2.738E+01
  8.7975000E+02  3.165E+01  3.427E+01  1.647E+01
  8.8025000E+02  3.374E+01  3.518E+01  1.200E+01
  8.8075000E+02  2.879E+01  3.230E+01  1.880E+01
  8.8125000E+02  2.425E+01  2.648E+01  1.299E+01
  8.8175000E+02  3.155E+01  3.274E+01  1.065E+01
  8.8225000E+02  3.061E+01  3.315E+01  1.571E+01
  8.8275000E+02  3.230E+01  3.489E+01  1.627E+01
  8.8325000E+02  2.219E+01  2.493E+01  1.431E+01
  8.8375000E+02  2.115E+01  2.403E+01  1.448E+01
  8.8425000E+02  3.538E+01  3.812E+01  1.758E+01
  8.8475000E+02  2.923E+01  2.973E+01  7.207E+00
  8.8525000E+02  2.488E+01  2.661E+01  1.082E+01
  8.8575000E+02  2.183E+01  2.257E+01  6.129E+00
  8.8625000E+02  2.711E+01  3.094E+01  1.965E+01
  8.8675000E+02  2.801E+01  2.985E+01  1.201E+01
  8.8725000E+02  2.579E+01  2.723E+01  9.774E+00
  8.8775000E+02  2.269E+01  2.584E+01  1.584E+01
  8.8825000E+02  2.783E+01  2.878E+01  8.377E+00
  8.8875000E+02  1.836E+01  2.021E+01  9.519E+00
  8.8925000E+02  2.540E+01  2.638E+01  7.998E+00
  8.8975000E+02  2.129E+01  2.275E+01  8.748E+00
  8.9025000E+02  1.801E+01  1.957E+01  8.048E+00
  8.9075000E+02  2.312E+01  2.372E+01  5.831E+00
  8.9125000E+02  1.510E+01  1.724E+01  9.748E+00
  8.9175000E+02  1.942E+01  2.112E+01  9.106E+00
  8.9225000E+02  1.557E+01  1.606E+01  3.468E+00
  8.9275000E+02  1.598E+01  1.812E+01  9.819E+00
  8.9325000E+02  2.563E+01  2.739E+01  1.075E+01
  8.9375000E+02  1.032E+01  1.277E+01  9.629E+00
  8.9425000E+02  1.776E+01  1.889E+01  6.612E+00
  8.9475000E+02  1.393E+01  1.545E+01  7.092E+00
  8.9525000E+02  1.257E+01  1.455E+01  8.583E+00
  8.9575000E+02  1.694E+01  1.775E+01  5.222E+00
  8.9625000E+02  1.675E+01  1.711E+01  3.081E+00
  8.9675000E+02  1.339E+01  1.544E+01  8.616E+00
  8.9725000E+02  1.611E+01  1.666E+01  3.224E+00
  8.9775000E+02  1.312E+01  1.542E+01  9.741E+00
  8.9825000E+02  5.263E+00  6.840E+00  4.944E+00
  8.9875000E+02  1.560E+01  1.543E+01  5.287E-01
  8.9925000E+02  9.456E+00  1.146E+01  7.678E+00
  8.9975000E+02  8.074E+00  1.056E+01  9.383E+00
  9.0025000E+02  1.150E+01  1.278E+01  5.444E+00
  9.0075000E+02  9.817E+00  1.189E+01  8.062E+00
  9.0125000E+02  9.305E+00  1.064E+01  5.002E+00
  9.0175000E+02  9.280E+00  1.130E+01  7.625E+00
  9.0225000E+02  1.336E+01  1.555E+01  9.275E+00
  9.0275000E+02  6.951E+00  8.385E+00  4.848E+00
  9.0325000E+02  9.739E+00  1.025E+01  1.740E+00
  9.0375000E+02  2.416E+00  3.283E+00  1.245E+00
  9.0425000E+02  1.090E+01  1.175E+01  3.439E+00
  9.0475000E+02  1.119E+01  1.164E+01  1.941E+00
  9.0525000E+02  1.174E+01  1.070E+01 -3.750E+00
  9.0575000E+02 -1.301E+00  3.555E-01  3.634E+00
  9.0625000E+02 -1.789E-01  7.882E-01  1.150E+00
  9.0675000E+02  5.609E+00  7.010E+00  4.395E+00
  9.0725000E+02  7.017E+00  9.414E+00  8.422E+00
  9.0775000E+02  6.464E+00  6.592E+00 -5.400E-01
  9.0825000E+02 -5.082E-01  6.704E-01  2.040E+00
  9.0875000E+02  3.155E-01  2.890E+00  7.651E+00
  9.0925000E+02  5.963E-01  2.310E+00  4.109E+00
  9.0975000E+02  4.091E+00  4.179E+00 -1.310E+00
  9.1025000E+02  5.658E+00  4.183E+00 -7.110E+00
  9.1075000E+02 -5.033E+00 -3.971E+00  8.936E-01
  9.1125000E+02 -8.784E-02  8.547E-01  1.121E+00
  9.1175000E+02 -1.934E+00 -2.068E+00 -3.402E+00
  9.1225000E+02  1.238E-01  5.390E-01 -7.421E-01
  9.1275000E+02  4.666E+00  5.126E+00  2.858E-01
  9.1325000E+02 -1.379E+00 -2.281E+00 -6.433E+00
  9.1375000E+02  5.059E-02  2.585E+00  7.326E+00
  9.1425000E+02 -2.258E+00 -2.038E+00 -2.373E+00
  9.1475000E+02 -1.146E+00 -5.936E-01 -6.100E-01
  9.1525000E+02 -3.716E+00 -3.874E+00 -3.970E+00
  9.1575000E+02 -8.956E-01  4.751E-01  2.552E+00
  9.1625000E+02 -5.129E+00 -4.593E+00 -1.443E+00
  9.1675000E+02 -1.172E+00  9.254E-01  5.448E+00
  9.1725000E+02 -4.116E+00 -4.017E+00 -2.892E+00
  9.1775000E+02 -1.635E+00 -2.810E+00 -7.512E+00
  9.1825000E+02 -5.817E+00 -4.884E+00 -3.279E-01
  9.1875000E+02 -4.146E+00 -4.196E+00 -3.785E+00
  9.1925000E+02 -3.292E+00 -3.963E+00 -5.716E+00
  9.1975000E+02 -1.117E+01 -1.085E+01 -3.837E+00
  9.2025000E+02 -6.869E+00 -6.476E+00 -2.528E+00
  9.2075000E+02 -7.658E+00 -7.429E+00 -3.445E+00
  9.2125000E+02 -1.185E+01 -9.302E+00  5.001E+00
  9.2175000E+02 -5.814E+00 -6.431E+00 -5.964E+00
  9.2225000E+02 -9.104E+00 -8.390E+00 -1.767E+00
  9.2275000E+02 -9.062E+00 -9.274E+00 -5.081E+00
  9.2325000E+02 -6.290E+00 -5.984E+00 -2.734E+00
  9.2375000E+02 -3.513E+00 -3.706E+00 -4.108E+00
  9.2425000E+02 -9.705E+00 -9.844E+00 -5.477E+00
  9.2475000E+02 -9.796E+00 -9.446E+00 -3.344E+00
  9.2525000E+02 -1.325E+01 -1.180E+01  2.341E-01
  9.2575000E+02 -6.474E+00 -5.323E+00  3.750E-01
  9.2625000E+02 -7.994E+00 -7.426E+00 -2.087E+00
  9.2675000E+02 -1.134E+01 -1.099E+01 -3.440E+00
  9.2725000E+02 -4.660E+00 -6.470E+00 -1.060E+01
  9.2775000E+02 -6.580E+00 -6.910E+00 -5.401E+00
  9.2825000E+02 -1.176E+01 -1.128E+01 -3.159E+00
  9.2875000E+02 -9.230E+00 -1.165E+01 -1.402E+01
  9.2925000E+02 -1.111E+01 -1.133E+01 -5.641E+00
  9.2975000E+02 -1.202E+01 -1.248E+01 -7.016E+00
  9.3025000E+02 -1.270E+01 -1.356E+01 -8.499E+00
  9.3075000E+02 -6.830E+00 -6.017E+00 -7.477E-01
  9.3125000E+02 -1.391E+01 -1.346E+01 -3.576E+00
  9.3175000E+02 -1.128E+01 -1.132E+01 -4.928E+00
  9.3225000E+02 -1.101E+01 -1.157E+01 -6.876E+00
  9.3275000E+02 -1.071E+01 -1.115E+01 -6.359E+00
  9.3325000E+02 -7.927E+00 -8.315E+00 -5.780E+00
  9.3375000E+02 -1.113E+01 -1.111E+01 -4.610E+00
  9.3425000E+02 -1.086E+01 -1.153E+01 -7.381E+00
  9.3475000E+02 -1.060E+01 -1.170E+01 -9.157E+00
  9.3525000E+02 -1.397E+01 -1.356E+01 -3.610E+00
  9.3575000E+02 -1.087E+01 -1.128E+01 -6.093E+00
  9.3625000E+02 -1.505E+01 -1.487E+01 -5.016E+00
  9.3675000E+02 -1.449E+01 -1.598E+01 -1.137E+01
  9.3725000E+02 -1.551E+01 -1.460E+01 -1.948E+00
  9.3775000E+02 -1.660E+01 -1.721E+01 -8.188E+00
  9.3825000E+02 -1.544E+01 -1.564E+01 -6.602E+00
  9.3875000E+02 -1.301E+01 -1.385E+01 -8.553E+00
  9.3925000E+02 -1.377E+01 -1.358E+01 -4.542E+00
  9.3975000E+02 -1.222E+01 -1.220E+01 -4.864E+00
  9.4025000E+02 -1.499E+01 -1.640E+01 -1.104E+01
  9.4075000E+02 -1.701E+01 -1.812E+01 -1.011E+01
  9.4125000E+02 -1.676E+01 -1.893E+01 -1.432E+01
  9.4175000E+02 -1.368E+01 -1.516E+01 -1.067E+01
  9.4225000E+02 -1.152E+01 -9.285E+00  3.785E+00
  9.4275000E+02 -1.705E+01 -1.704E+01 -5.902E+00
  9.4325000E+02 -1.855E+01 -1.857E+01 -6.432E+00
  9.4375000E+02 -1.917E+01 -2.053E+01 -1.164E+01
  9.4425000E+02 -1.508E+01 -1.609E+01 -9.154E+00
  9.4475000E+02 -1.577E+01 -1.632E+01 -7.719E+00
  9.4525000E+02 -1.580E+01 -1.563E+01 -4.777E+00
  9.4575000E+02 -1.421E+01 -1.527E+01 -9.041E+00
  9.4625000E+02 -1.781E+01 -1.700E+01 -2.732E+00
  9.4675000E+02 -1.724E+01 -1.756E+01 -7.140E+00
  9.4725000E+02 -1.844E+01 -1.933E+01 -9.565E+00
  9.4775000E+02 -2.009E+01 -1.999E+01 -6.318E+00
  9.4825000E+02 -1.787E+01 -1.837E+01 -7.926E+00
  9.4875000E+02 -1.619E+01 -1.739E+01 -1.013E+01
  9.4925000E+02 -1.440E+01 -1.655E+01 -1.364E+01
  9.4975000E+02 -1.647E+01 -1.734E+01 -9.002E+00
  9.5025000E+02 -1.582E+01 -1.569E+01 -4.856E+00
  9.5075000E+02 -1.616E+01 -1.631E+01 -6.373E+00
  9.5125000E+02 -1.712E+01 -1.872E+01 -1.219E+01
  9.5175000E+02 -1.865E+01 -1.947E+01 -9.097E+00
  9.5225000E+02 -2.025E+01 -2.017E+01 -5.957E+00
  9.5275000E+02 -1.534E+01 -1.583E+01 -7.201E+00
  9.5325000E+02 -1.694E+01 -1.762E+01 -8.474E+00
  9.5375000E+02 -1.769E+01 -1.839E+01 -8.382E+00
  9.5425000E+02 -1.781E+01 -1.854E+01 -8.726E+00
  9.5475000E+02 -1.697E+01 -1.862E+01 -1.177E+01
  9.5525000E+02 -1.863E+01 -1.993E+01 -1.069E+01
  9.5575000E+02 -1.701E+01 -1.773E+01 -8.484E+00
  9.5625000E+02 -2.001E+01 -1.921E+01 -2.801E+00
  9.5675000E+02 -1.336E+01 -1.476E+01 -1.013E+01
  9.5725000E+02 -1.702E+01 -1.802E+01 -9.324E+00
  9.5775000E+02 -1.846E+01 -1.908E+01 -8.324E+00
  9.5825000E+02 -1.584E+01 -1.736E+01 -1.124E+01
  9.5875000E+02 -1.918E+01 -1.949E+01 -7.176E+00
  9.5925000E+02 -1.872E+01 -1.969E+01 -9.628E+00
  9.5975000E+02 -1.408E+01 -1.507E+01 -8.818E+00
  9.6025000E+02 -2.034E+01 -2.083E+01 -7.993E+00
  9.6075000E+02 -1.939E+01 -2.050E+01 -1.047E+01
  9.6125000E+02 -2.216E+01 -2.230E+01 -6.971E+00
  9.6175000E+02 -1.942E+01 -1.929E+01 -5.429E+00
  9.6225000E+02 -1.415E+01 -1.596E+01 -1.172E+01
  9.6275000E+02 -1.757E+01 -1.861E+01 -9.862E+00
  9.6325000E+02 -1.884E+01 -2.014E+01 -1.095E+01
  9.6375000E+02 -1.833E+01 -1.896E+01 -8.193E+00
  9.6425000E+02 -1.981E+01 -1.917E+01 -3.316E+00
  9.6475000E+02 -1.818E+01 -1.884E+01 -8.137E+00
  9.6525000E+02 -1.839E+01 -1.951E+01 -9.970E+00
  9.6575000E+02 -1.735E+01 -1.924E+01 -1.301E+01
  9.6625000E+02 -1.946E+01 -1.986E+01 -7.395E+00
  9.6675000E+02 -1.893E+01 -2.087E+01 -1.333E+01
  9.6725000E+02 -1.974E+01 -2.069E+01 -9.695E+00
  9.6775000E+02 -1.979E+01 -2.094E+01 -1.060E+01
  9.6825000E+02 -1.728E+01 -1.792E+01 -7.974E+00
  9.6875000E+02 -1.630E+01 -1.788E+01 -1.141E+01
  9.6925000E+02 -1.869E+01 -2.074E+01 -1.356E+01
  9.6975000E+02 -1.749E+01 -1.805E+01 -7.617E+00
  9.7025000E+02 -1.894E+01 -2.008E+01 -9.997E+00
  9.7075000E+02 -2.032E+01 -2.142E+01 -9.920E+00
  9.7125000E+02 -1.497E+01 -1.649E+01 -1.071E+01
  9.7175000E+02 -1.838E+01 -1.960E+01 -1.028E+01
  9.7225000E+02 -1.920E+01 -2.021E+01 -9.568E+00
  9.7275000E+02 -1.873E+01 -1.948E+01 -8.432E+00
  9.7325000E+02 -1.608E+01 -1.687E+01 -8.132E+00
  9.7375000E+02 -1.746E+01 -1.793E+01 -7.032E+00
  9.7425000E+02 -2.076E+01 -2.076E+01 -6.050E+00
  9.7475000E+02 -2.217E+01 -2.289E+01 -8.780E+00
  9.7525000E+02 -2.231E+01 -2.361E+01 -1.142E+01
  9.7575000E+02 -1.632E+01 -1.675E+01 -7.027E+00
  9.7625000E+02 -1.946E+01 -1.968E+01 -6.536E+00
  9.7675000E+02 -1.656E+01 -1.813E+01 -1.101E+01
  9.7725000E+02 -1.816E+01 -1.950E+01 -1.057E+01
  9.7775000E+02 -1.968E+01 -1.983E+01 -6.394E+00
  9.7825000E+02 -1.832E+01 -1.938E+01 -9.302E+00
  9.7875000E+02 -1.797E+01 -1.774E+01 -4.472E+00
  9.7925000E+02 -1.915E+01 -2.013E+01 -9.236E+00
  9.7975000E+02 -2.163E+01 -2.327E+01 -1.233E+01
  9.8025000E+02 -1.847E+01 -1.979E+01 -1.037E+01
  9.8075000E+02 -1.903E+01 -2.014E+01 -1.023E+01
  9.8125000E+02 -1.799E+01 -1.999E+01 -1.315E+01
  9.8175000E+02 -2.130E+01 -2.244E+01 -1.010E+01
  9.8225000E+02 -1.720E+01 -1.856E+01 -1.026E+01
  9.8275000E+02 -1.606E+01 -1.752E+01 -1.040E+01
  9.8325000E+02 -1.845E+01 -1.898E+01 -7.275E+00
  9.8375000E+02 -1.984E+01 -2.053E+01 -8.321E+00
  9.8425000E+02 -1.911E+01 -1.996E+01 -8.518E+00
  9.8475000E+02 -1.792E+01 -1.893E+01 -8.794E+00
  9.8525000E+02 -1.757E+01 -1.904E+01 -1.076E+01
  9.8575000E+02 -1.653E+01 -1.803E+01 -1.093E+01
  9.8625000E+02 -1.796E+01 -1.891E+01 -9.134E+00
  9.8675000E+02 -1.673E+01 -1.787E+01 -9.247E+00
  9.8725000E+02 -1.873E+01 -1.971E+01 -8.945E+00
  9.8775000E+02 -2.086E+01 -2.139E+01 -7.724E+00
  9.8825000E+02 -2.138E+01 -2.254E+01 -1.019E+01
  9.8875000E+02 -1.914E+01 -2.030E+01 -9.796E+00
  9.8925000E+02 -1.708E+01 -1.854E+01 -1.060E+01
  9.8975000E+02 -1.860E+01 -2.024E+01 -1.154E+01
  9.9025000E+02 -1.654E+01 -1.656E+01 -4.895E+00
  9.9075000E+02 -1.776E+01 -1.866E+01 -8.624E+00
  9.9125000E+02 -1.778E+01 -1.881E+01 -9.122E+00
  9.9175000E+02 -2.040E+01 -2.168E+01 -1.049E+01
  9.9225000E+02 -1.956E+01 -2.031E+01 -8.137E+00
  9.9275000E+02 -1.725E+01 -1.809E+01 -8.051E+00
  9.9325000E+02 -1.643E+01 -1.666E+01 -5.275E+00
  9.9375000E+02 -1.830E+01 -1.952E+01 -9.920E+00
  9.9425000E+02 -1.637E+01 -1.749E+01 -9.340E+00
  9.9475000E+02 -2.020E+01 -2.056E+01 -7.007E+00
  9.9525000E+02 -1.862E+01 -1.924E+01 -7.565E+00
  9.9575000E+02 -1.859E+01 -1.998E+01 -1.058E+01
  9.9625000E+02 -1.377E+01 -1.611E+01 -1.319E+01
  9.9675000E+02 -1.672E+01 -1.808E+01 -1.006E+01
  9.9725000E+02 -1.784E+01 -1.928E+01 -1.053E+01
  9.9775000E+02 -2.120E+01 -2.197E+01 -8.642E+00
  9.9825000E+02 -1.798E+01 -1.866E+01 -7.585E+00
  9.9875000E+02 -1.829E+01 -1.952E+01 -9.844E+00
  9.9925000E+02 -1.700E+01 -1.809E+01 -8.945E+00
  9.9975000E+02 -1.703E+01 -1.781E+01 -8.005E+00
  1.0002500E+03 -1.817E+01 -1.920E+01 -8.821E+00
  1.0007500E+03 -2.021E+01 -2.146E+01 -9.986E+00
  1.0012500E+03 -1.996E+01 -2.051E+01 -7.443E+00
  1.0017500E+03 -1.618E+01 -1.719E+01 -8.424E+00
  1.0022500E+03 -1.965E+01 -2.106E+01 -1.072E+01
  1.0027500E+03 -1.630E+01 -1.717E+01 -7.843E+00
  1.0032500E+03 -1.751E+01 -1.854E+01 -8.685E+00
  1.0037500E+03 -1.703E+01 -1.765E+01 -7.109E+00
  1.0042500E+03 -1.661E+01 -1.741E+01 -7.996E+00
  1.0047500E+03 -1.805E+01 -1.885E+01 -8.102E+00
  1.0052500E+03 -1.837E+01 -1.962E+01 -9.720E+00
  1.0057500E+03 -1.709E+01 -1.877E+01 -1.097E+01
  1.0062500E+03 -1.940E+01 -2.034E+01 -8.649E+00
  1.0067500E+03 -1.790E+01 -1.846E+01 -7.039E+00
  1.0072500E+03 -1.579E+01 -1.731E+01 -1.006E+01
  1.0077500E+03 -1.665E+01 -1.810E+01 -1.010E+01
  1.0082500E+03 -1.671E+01 -1.716E+01 -6.248E+00
  1.0087500E+03 -2.021E+01 -2.080E+01 -7.607E+00
  1.0092500E+03 -1.528E+01 -1.645E+01 -8.921E+00
  1.0097500E+03 -1.636E+01 -1.777E+01 -9.963E+00
  1.0102500E+03 -1.689E+01 -1.757E+01 -7.090E+00
  1.0107500E+03 -2.012E+01 -2.062E+01 -7.001E+00
  1.0112500E+03 -1.631E+01 -1.731E+01 -8.135E+00
  1.0117500E+03 -1.633E+01 -1.708E+01 -7.127E+00
  1.0122500E+03 -1.763E+01 -1.871E+01 -8.718E+00
  1.0127500E+03 -1.554E+01 -1.751E+01 -1.181E+01
  1.0132500E+03 -1.853E+01 -1.880E+01 -6.131E+00
  1.0137500E+03 -1.756E+01 -1.819E+01 -7.270E+00
  1.0142500E+03 -1.589E+01 -1.707E+01 -8.939E+00
  1.0147500E+03 -1.665E+01 -1.782E+01 -8.594E+00
  1.0152500E+03 -1.674E+01 -1.804E+01 -9.680E+00
  1.0157500E+03 -1.760E+01 -1.774E+01 -5.129E+00
  1.0162500E+03 -1.687E+01 -1.759E+01 -7.460E+00
  1.0167500E+03 -1.535E+01 -1.687E+01 -1.018E+01
  1.0172500E+03 -1.727E+01 -1.822E+01 -8.238E+00
  1.0177500E+03 -1.678E+01 -1.749E+01 -7.148E+00
  1.0182500E+03 -1.883E+01 -2.051E+01 -1.143E+01
  1.0187500E+03 -1.606E+01 -1.720E+01 -8.925E+00
  1.0192500E+03 -1.450E+01 -1.591E+01 -9.380E+00
  1.0197500E+03 -1.620E+01 -1.677E+01 -6.217E+00
  1.0202500E+03 -1.537E+01 -1.713E+01 -1.096E+01
  1.0207500E+03 -1.584E+01 -1.709E+01 -9.241E+00
  1.0212500E+03 -1.638E+01 -1.785E+01 -1.016E+01
  1.0217500E+03 -1.511E+01 -1.629E+01 -8.772E+00
  1.0222500E+03 -1.387E+01 -1.405E+01 -4.589E+00
  1.0227500E+03 -1.654E+01 -1.767E+01 -8.820E+00
  1.0232500E+03 -1.531E+01 -1.675E+01 -9.682E+00
  1.0237500E+03 -1.656E+01 -1.716E+01 -6.602E+00
  1.0242500E+03 -1.845E+01 -1.894E+01 -6.657E+00
  1.0247500E+03 -1.663E+01 -1.720E+01 -6.616E+00
  1.0252500E+03 -1.556E+01 -1.629E+01 -6.800E+00
  1.0257500E+03 -1.653E+01 -1.751E+01 -8.287E+00
  1.0262500E+03 -1.629E+01 -1.737E+01 -8.519E+00
  1.0267500E+03 -1.521E+01 -1.614E+01 -7.827E+00
  1.0272500E+03 -1.770E+01 -1.848E+01 -7.559E+00
  1.0277500E+03 -1.530E+01 -1.678E+01 -9.542E+00
  1.0282500E+03 -1.334E+01 -1.426E+01 -7.167E+00
  1.0287500E+03 -1.601E+01 -1.689E+01 -7.738E+00
  1.0292500E+03 -1.749E+01 -1.835E+01 -7.973E+00
  1.0297500E+03 -1.463E+01 -1.556E+01 -7.721E+00
  1.0302500E+03 -1.457E+01 -1.560E+01 -7.845E+00
  1.0307500E+03 -1.507E+01 -1.628E+01 -8.442E+00
  1.0312500E+03 -1.558E+01 -1.691E+01 -9.049E+00
  1.0317500E+03 -1.684E+01 -1.772E+01 -7.677E+00
  1.0322500E+03 -1.477E+01 -1.554E+01 -7.032E+00
  1.0327500E+03 -1.477E+01 -1.480E+01 -4.263E+00
  1.0332500E+03 -1.600E+01 -1.628E+01 -5.085E+00
  1.0337500E+03 -1.492E+01 -1.653E+01 -1.043E+01
  1.0342500E+03 -1.519E+01 -1.625E+01 -7.820E+00
  1.0347500E+03 -1.436E+01 -1.581E+01 -9.276E+00
  1.0352500E+03 -1.257E+01 -1.380E+01 -8.093E+00
  1.0357500E+03 -1.522E+01 -1.608E+01 -7.331E+00
  1.0362500E+03 -1.561E+01 -1.642E+01 -7.309E+00
  1.0367500E+03 -1.555E+01 -1.669E+01 -8.678E+00
  1.0372500E+03 -1.424E+01 -1.556E+01 -8.763E+00
  1.0377500E+03 -1.397E+01 -1.469E+01 -6.526E+00
  1.0382500E+03 -1.565E+01 -1.629E+01 -6.692E+00
  1.0387500E+03 -1.493E+01 -1.505E+01 -4.554E+00
  1.0392500E+03 -1.352E+01 -1.423E+01 -6.448E+00
  1.0397500E+03 -1.609E+01 -1.693E+01 -7.327E+00
  1.0402500E+03 -1.425E+01 -1.426E+01 -4.038E+00
  1.0407500E+03 -1.443E+01 -1.565E+01 -8.527E+00
  1.0412500E+03 -1.285E+01 -1.406E+01 -8.151E+00
  1.0417500E+03 -1.466E+01 -1.610E+01 -9.312E+00
  1.0422500E+03 -1.411E+01 -1.528E+01 -8.320E+00
  1.0427500E+03 -1.316E+01 -1.472E+01 -9.547E+00
  1.0432500E+03 -1.512E+01 -1.624E+01 -7.906E+00
  1.0437500E+03 -1.418E+01 -1.517E+01 -7.740E+00
  1.0442500E+03 -1.452E+01 -1.541E+01 -7.244E+00
  1.0447500E+03 -1.377E+01 -1.499E+01 -8.283E+00
  1.0452500E+03 -1.465E+01 -1.538E+01 -6.647E+00
  1.0457500E+03 -1.421E+01 -1.479E+01 -6.093E+00
  1.0462500E+03 -1.411E+01 -1.469E+01 -5.883E+00
  1.0467500E+03 -1.506E+01 -1.605E+01 -7.588E+00
  1.0472500E+03 -1.343E+01 -1.419E+01 -6.781E+00
  1.0477500E+03 -1.517E+01 -1.569E+01 -6.073E+00
  1.0482500E+03 -1.568E+01 -1.702E+01 -8.983E+00
  1.0487500E+03 -1.631E+01 -1.667E+01 -5.163E+00
  1.0492500E+03 -1.332E+01 -1.406E+01 -6.771E+00
  1.0497500E+03 -1.513E+01 -1.563E+01 -5.733E+00
  1.0502500E+03 -1.295E+01 -1.381E+01 -6.771E+00
  1.0507500E+03 -1.312E+01 -1.406E+01 -7.072E+00
  1.0512500E+03 -1.403E+01 -1.504E+01 -7.347E+00
  1.0517500E+03 -1.275E+01 -1.393E+01 -7.926E+00
  1.0522500E+03 -1.418E+01 -1.517E+01 -7.274E+00
  1.0527500E+03 -1.491E+01 -1.601E+01 -7.555E+00
  1.0532500E+03 -1.289E+01 -1.342E+01 -5.328E+00
  1.0537500E+03 -1.400E+01 -1.482E+01 -6.551E+00
  1.0542500E+03 -1.145E+01 -1.251E+01 -7.117E+00
  1.0547500E+03 -1.467E+01 -1.537E+01 -6.656E+00
  1.0552500E+03 -1.237E+01 -1.330E+01 -6.867E+00
  1.0557500E+03 -1.349E+01 -1.432E+01 -6.671E+00
  1.0562500E+03 -1.443E+01 -1.511E+01 -6.491E+00
  1.0567500E+03 -1.279E+01 -1.338E+01 -5.610E+00
  1.0572500E+03 -1.378E+01 -1.425E+01 -5.359E+00
  1.0577500E+03 -1.148E+01 -1.260E+01 -7.264E+00
  1.0582500E+03 -1.266E+01 -1.352E+01 -6.943E+00
  1.0587500E+03 -1.191E+01 -1.314E+01 -7.614E+00
  1.0592500E+03 -1.101E+01 -1.182E+01 -5.908E+00
  1.0597500E+03 -1.274E+01 -1.325E+01 -5.353E+00
  1.0602500E+03 -1.349E+01 -1.436E+01 -6.781E+00
  1.0607500E+03 -1.436E+01 -1.522E+01 -6.749E+00
  1.0612500E+03 -1.213E+01 -1.287E+01 -6.183E+00
  1.0617500E+03 -1.278E+01 -1.317E+01 -4.990E+00
  1.0622500E+03 -1.207E+01 -1.335E+01 -7.959E+00
  1.0627500E+03 -1.185E+01 -1.277E+01 -6.563E+00
  1.0632500E+03 -1.183E+01 -1.258E+01 -6.196E+00
  1.0637500E+03 -1.122E+01 -1.241E+01 -7.416E+00
  1.0642500E+03 -1.266E+01 -1.365E+01 -6.831E+00
  1.0647500E+03 -1.359E+01 -1.403E+01 -5.186E+00
  1.0652500E+03 -1.057E+01 -1.148E+01 -6.701E+00
  1.0657500E+03 -1.161E+01 -1.239E+01 -5.950E+00
  1.0662500E+03 -1.116E+01 -1.244E+01 -7.844E+00
  1.0667500E+03 -1.252E+01 -1.335E+01 -6.584E+00
  1.0672500E+03 -1.373E+01 -1.429E+01 -5.848E+00
  1.0677500E+03 -1.474E+01 -1.544E+01 -6.438E+00
  1.0682500E+03 -1.331E+01 -1.408E+01 -6.252E+00
  1.0687500E+03 -1.264E+01 -1.337E+01 -5.941E+00
  1.0692500E+03 -1.211E+01 -1.311E+01 -6.993E+00
  1.0697500E+03 -1.157E+01 -1.219E+01 -5.404E+00
  1.0702500E+03 -1.097E+01 -1.178E+01 -6.049E+00
  1.0707500E+03 -1.266E+01 -1.310E+01 -5.094E+00
  1.0712500E+03 -1.247E+01 -1.326E+01 -6.343E+00
  1.0717500E+03 -1.270E+01 -1.391E+01 -8.143E+00
  1.0722500E+03 -1.211E+01 -1.274E+01 -5.782E+00
  1.0727500E+03 -1.177E+01 -1.249E+01 -5.623E+00
  1.0732500E+03 -9.619E+00 -1.062E+01 -6.339E+00
  1.0737500E+03 -1.202E+01 -1.302E+01 -6.982E+00
  1.0742500E+03 -1.359E+01 -1.439E+01 -6.630E+00
  1.0747500E+03 -1.225E+01 -1.282E+01 -5.256E+00
  1.0752500E+03 -1.230E+01 -1.387E+01 -9.191E+00
  1.0757500E+03 -1.144E+01 -1.187E+01 -4.488E+00
  1.0762500E+03 -1.108E+01 -1.188E+01 -5.877E+00
  1.0767500E+03 -1.124E+01 -1.208E+01 -6.488E+00
  1.0772500E+03 -1.304E+01 -1.348E+01 -4.965E+00
  1.0777500E+03 -1.249E+01 -1.263E+01 -3.749E+00
  1.0782500E+03 -1.279E+01 -1.326E+01 -5.029E+00
  1.0787500E+03 -1.199E+01 -1.255E+01 -5.101E+00
  1.0792500E+03 -1.008E+01 -1.083E+01 -5.455E+00
  1.0797500E+03 -1.095E+01 -1.179E+01 -5.975E+00
  1.0802500E+03 -1.080E+01 -1.158E+01 -5.939E+00
  1.0807500E+03 -1.148E+01 -1.243E+01 -6.494E+00
  1.0812500E+03 -1.246E+01 -1.347E+01 -7.082E+00
  1.0817500E+03 -1.205E+01 -1.272E+01 -5.778E+00
  1.0822500E+03 -1.237E+01 -1.363E+01 -8.129E+00
  1.0827500E+03 -1.141E+01 -1.200E+01 -5.331E+00
  1.0832500E+03 -1.098E+01 -1.146E+01 -4.805E+00
  1.0837500E+03 -1.139E+01 -1.174E+01 -4.331E+00
  1.0842500E+03 -1.122E+01 -1.182E+01 -5.202E+00
  1.0847500E+03 -1.076E+01 -1.152E+01 -5.814E+00
  1.0852500E+03 -9.102E+00 -9.972E+00 -5.852E+00
  1.0857500E+03 -1.110E+01 -1.219E+01 -7.196E+00
  1.0862500E+03 -1.081E+01 -1.152E+01 -5.595E+00
  1.0867500E+03 -1.125E+01 -1.201E+01 -5.897E+00
  1.0872500E+03 -1.056E+01 -1.129E+01 -5.394E+00
  1.0877500E+03 -1.145E+01 -1.195E+01 -4.820E+00
  1.0882500E+03 -1.191E+01 -1.239E+01 -4.587E+00
  1.0887500E+03 -1.147E+01 -1.199E+01 -5.077E+00
  1.0892500E+03 -1.088E+01 -1.117E+01 -4.052E+00
  1.0897500E+03 -1.091E+01 -1.156E+01 -5.189E+00
  1.0902500E+03 -1.137E+01 -1.232E+01 -6.537E+00
  1.0907500E+03 -1.066E+01 -1.149E+01 -6.077E+00
  1.0912500E+03 -1.144E+01 -1.184E+01 -4.620E+00
  1.0917500E+03 -1.076E+01 -1.135E+01 -4.981E+00
  1.0922500E+03 -1.113E+01 -1.166E+01 -5.062E+00
  1.0927500E+03 -1.169E+01 -1.196E+01 -4.163E+00
  1.0932500E+03 -1.074E+01 -1.123E+01 -4.632E+00
  1.0937500E+03 -1.077E+01 -1.112E+01 -4.023E+00
  1.0942500E+03 -1.012E+01 -1.099E+01 -6.130E+00
  1.0947500E+03 -1.066E+01 -1.115E+01 -4.664E+00
  1.0952500E+03 -1.050E+01 -1.125E+01 -5.484E+00
  1.0957500E+03 -1.034E+01 -1.167E+01 -7.705E+00
  1.0962500E+03 -1.072E+01 -1.145E+01 -5.594E+00
  1.0967500E+03 -9.412E+00 -9.962E+00 -4.524E+00
  1.0972500E+03 -1.035E+01 -1.094E+01 -5.110E+00
  1.0977500E+03 -1.001E+01 -1.059E+01 -4.785E+00
  1.0982500E+03 -1.105E+01 -1.152E+01 -4.687E+00
  1.0987500E+03 -9.370E+00 -1.016E+01 -5.537E+00
  1.0992500E+03 -1.015E+01 -1.064E+01 -4.335E+00
  1.0997500E+03 -9.590E+00 -1.072E+01 -6.956E+00
  1.1002500E+03 -1.101E+01 -1.130E+01 -3.807E+00
  1.1007500E+03 -1.171E+01 -1.209E+01 -4.151E+00
  1.1012500E+03 -1.040E+01 -1.117E+01 -5.561E+00
  1.1017500E+03 -1.024E+01 -1.049E+01 -3.680E+00
  1.1022500E+03 -1.076E+01 -1.140E+01 -5.236E+00
  1.1027500E+03 -1.047E+01 -1.112E+01 -5.264E+00
  1.1032500E+03 -1.022E+01 -1.102E+01 -5.676E+00
  1.1037500E+03 -8.980E+00 -9.633E+00 -4.962E+00
  1.1042500E+03 -8.534E+00 -9.151E+00 -4.292E+00
  1.1047500E+03 -9.859E+00 -1.044E+01 -4.643E+00
  1.1052500E+03 -8.933E+00 -9.477E+00 -4.469E+00
  1.1057500E+03 -1.023E+01 -1.129E+01 -6.593E+00
  1.1062500E+03 -9.695E+00 -1.051E+01 -5.656E+00
  1.1067500E+03 -1.006E+01 -1.052E+01 -4.533E+00
  1.1072500E+03 -9.415E+00 -1.030E+01 -5.969E+00
  1.1077500E+03 -9.412E+00 -1.058E+01 -6.741E+00
  1.1082500E+03 -1.064E+01 -1.117E+01 -4.599E+00
  1.1087500E+03 -1.017E+01 -1.094E+01 -5.689E+00
  1.1092500E+03 -9.871E+00 -1.037E+01 -4.438E+00
  1.1097500E+03 -9.813E+00 -9.981E+00 -3.238E+00
  1.1102500E+03 -8.298E+00 -8.977E+00 -4.781E+00
  1.1107500E+03 -8.558E+00 -9.218E+00 -4.793E+00
  1.1112500E+03 -1.038E+01 -1.096E+01 -4.892E+00
  1.1117500E+03 -1.009E+01 -1.049E+01 -4.112E+00
  1.1122500E+03 -9.725E+00 -1.018E+01 -4.261E+00
  1.1127500E+03 -9.979E+00 -1.049E+01 -4.477E+00
  1.1132500E+03 -8.833E+00 -9.398E+00 -4.487E+00
  1.1137500E+03 -8.797E+00 -9.511E+00 -5.227E+00
  1.1142500E+03 -1.001E+01 -1.081E+01 -5.645E+00
  1.1147500E+03 -1.006E+01 -1.009E+01 -2.651E+00
  1.1152500E+03 -8.672E+00 -9.530E+00 -5.612E+00
  1.1157500E+03 -8.729E+00 -9.427E+00 -5.088E+00
  1.1162500E+03 -1.000E+01 -1.073E+01 -5.332E+00
  1.1167500E+03 -9.353E+00 -1.017E+01 -5.393E+00
  1.1172500E+03 -8.748E+00 -9.640E+00 -5.817E+00
  1.1177500E+03 -9.763E+00 -1.045E+01 -5.141E+00
  1.1182500E+03 -9.015E+00 -9.472E+00 -4.004E+00
  1.1187500E+03 -7.467E+00 -8.149E+00 -4.918E+00
  1.1192500E+03 -8.303E+00 -8.580E+00 -3.254E+00
  1.1197500E+03 -9.779E+00 -1.020E+01 -4.129E+00
  1.1202500E+03 -9.553E+00 -1.016E+01 -4.704E+00
  1.1207500E+03 -8.462E+00 -8.875E+00 -3.605E+00
  1.1212500E+03 -7.785E+00 -7.988E+00 -2.897E+00
  1.1217500E+03 -9.510E+00 -1.025E+01 -4.978E+00
  1.1222500E+03 -9.892E+00 -1.069E+01 -5.530E+00
  1.1227500E+03 -8.896E+00 -9.767E+00 -5.793E+00
  1.1232500E+03 -8.718E+00 -9.194E+00 -4.170E+00
  1.1237500E+03 -8.951E+00 -9.285E+00 -3.618E+00
  1.1242500E+03 -8.985E+00 -9.443E+00 -4.162E+00
  1.1247500E+03 -9.445E+00 -9.828E+00 -3.735E+00
  1.1252500E+03 -9.450E+00 -9.514E+00 -2.785E+00
  1.1257500E+03 -9.063E+00 -9.173E+00 -2.829E+00
  1.1262500E+03 -8.776E+00 -9.868E+00 -6.589E+00
  1.1267500E+03 -8.817E+00 -9.208E+00 -3.815E+00
  1.1272500E+03 -7.941E+00 -8.794E+00 -5.314E+00
  1.1277500E+03 -8.194E+00 -8.490E+00 -3.255E+00
  1.1282500E+03 -8.241E+00 -9.018E+00 -5.402E+00
  1.1287500E+03 -8.207E+00 -8.832E+00 -4.667E+00
  1.1292500E+03 -8.851E+00 -9.898E+00 -6.407E+00
  1.1297500E+03 -9.002E+00 -9.524E+00 -4.272E+00
  1.1302500E+03 -8.987E+00 -9.618E+00 -4.614E+00
  1.1307500E+03 -8.113E+00 -8.665E+00 -3.935E+00
  1.1312500E+03 -7.403E+00 -8.224E+00 -5.109E+00
  1.1317500E+03 -8.518E+00 -9.247E+00 -4.920E+00
  1.1322500E+03 -7.791E+00 -8.324E+00 -4.292E+00
  1.1327500E+03 -9.228E+00 -1.007E+01 -5.590E+00
  1.1332500E+03 -5.966E+00 -6.718E+00 -4.799E+00
  1.1337500E+03 -7.404E+00 -8.183E+00 -5.064E+00
  1.1342500E+03 -9.021E+00 -9.825E+00 -5.571E+00
  1.1347500E+03 -8.530E+00 -8.920E+00 -3.726E+00
  1.1352500E+03 -8.880E+00 -9.058E+00 -2.923E+00
  1.1357500E+03 -8.298E+00 -8.637E+00 -3.635E+00
  1.1362500E+03 -9.203E+00 -9.780E+00 -4.730E+00
  1.1367500E+03 -6.768E+00 -7.873E+00 -5.927E+00
  1.1372500E+03 -7.610E+00 -8.348E+00 -4.725E+00
  1.1377500E+03 -8.135E+00 -8.522E+00 -3.596E+00
  1.1382500E+03 -7.259E+00 -7.990E+00 -4.833E+00
  1.1387500E+03 -8.734E+00 -9.151E+00 -4.041E+00
  1.1392500E+03 -8.615E+00 -8.922E+00 -3.656E+00
  1.1397500E+03 -8.531E+00 -9.014E+00 -4.013E+00
  1.1402500E+03 -7.652E+00 -8.559E+00 -5.514E+00
  1.1407500E+03 -8.150E+00 -8.653E+00 -3.931E+00
  1.1412500E+03 -8.616E+00 -9.071E+00 -3.928E+00
  1.1417500E+03 -7.604E+00 -8.169E+00 -4.101E+00
  1.1422500E+03 -7.957E+00 -8.336E+00 -3.357E+00
  1.1427500E+03 -7.970E+00 -8.773E+00 -5.259E+00
  1.1432500E+03 -7.395E+00 -7.941E+00 -3.996E+00
  1.1437500E+03 -7.530E+00 -7.829E+00 -3.049E+00
  1.1442500E+03 -7.802E+00 -8.293E+00 -3.994E+00
  1.1447500E+03 -7.669E+00 -8.139E+00 -3.832E+00
  1.1452500E+03 -7.458E+00 -8.445E+00 -5.550E+00
  1.1457500E+03 -8.109E+00 -8.743E+00 -4.411E+00
  1.1462500E+03 -7.257E+00 -7.817E+00 -4.128E+00
  1.1467500E+03 -6.458E+00 -7.174E+00 -4.672E+00
  1.1472500E+03 -7.424E+00 -8.032E+00 -4.446E+00
  1.1477500E+03 -7.366E+00 -8.335E+00 -5.640E+00
  1.1482500E+03 -6.938E+00 -7.457E+00 -3.781E+00
  1.1487500E+03 -7.114E+00 -7.530E+00 -3.555E+00
  1.1492500E+03 -7.726E+00 -8.248E+00 -3.922E+00
  1.1497500E+03 -7.836E+00 -8.257E+00 -3.715E+00
  1.1502500E+03 -7.517E+00 -7.845E+00 -3.285E+00
  1.1507500E+03 -8.180E+00 -8.526E+00 -3.226E+00
  1.1512500E+03 -8.794E+00 -9.402E+00 -4.501E+00
  1.1517500E+03 -7.726E+00 -8.204E+00 -3.691E+00
  1.1522500E+03 -7.724E+00 -8.051E+00 -3.194E+00
  1.1527500E+03 -8.085E+00 -8.519E+00 -3.635E+00
  1.1532500E+03 -7.101E+00 -7.711E+00 -4.143E+00
  1.1537500E+03 -7.602E+00 -8.228E+00 -4.343E+00
  1.1542500E+03 -7.292E+00 -7.763E+00 -3.591E+00
  1.1547500E+03 -8.117E+00 -8.710E+00 -4.650E+00
  1.1552500E+03 -7.622E+00 -8.142E+00 -3.976E+00
  1.1557500E+03 -7.059E+00 -7.229E+00 -2.705E+00
  1.1562500E+03 -8.409E+00 -8.748E+00 -3.419E+00
  1.1567500E+03 -6.688E+00 -7.120E+00 -3.371E+00
  1.1572500E+03 -6.242E+00 -6.914E+00 -4.338E+00
  1.1577500E+03 -6.532E+00 -6.956E+00 -3.446E+00
  1.1582500E+03 -7.803E+00 -8.513E+00 -4.908E+00
  1.1587500E+03 -7.466E+00 -8.026E+00 -3.896E+00
  1.1592500E+03 -7.073E+00 -7.419E+00 -2.962E+00
  1.1597500E+03 -6.770E+00 -6.996E+00 -2.733E+00
  1.1602500E+03 -7.234E+00 -7.941E+00 -4.467E+00
  1.1607500E+03 -8.494E+00 -9.232E+00 -4.837E+00
  1.1612500E+03 -7.485E+00 -7.850E+00 -3.364E+00
  1.1617500E+03 -6.495E+00 -6.654E+00 -2.444E+00
  1.1622500E+03 -7.042E+00 -7.218E+00 -2.650E+00
  1.1627500E+03 -8.004E+00 -8.399E+00 -3.407E+00
  1.1632500E+03 -7.815E+00 -8.284E+00 -3.784E+00
  1.1637500E+03 -6.365E+00 -7.554E+00 -6.374E+00
  1.1642500E+03 -6.778E+00 -7.190E+00 -3.267E+00
  1.1647500E+03 -7.150E+00 -7.622E+00 -3.345E+00
  1.1652500E+03 -6.901E+00 -7.519E+00 -4.216E+00
  1.1657500E+03 -6.010E+00 -6.609E+00 -3.803E+00
  1.1662500E+03 -7.589E+00 -7.916E+00 -3.369E+00
  1.1667500E+03 -7.218E+00 -7.313E+00 -2.449E+00
  1.1672500E+03 -6.778E+00 -6.970E+00 -2.491E+00
  1.1677500E+03 -7.058E+00 -7.637E+00 -4.309E+00
  1.1682500E+03 -6.766E+00 -7.427E+00 -4.424E+00
  1.1687500E+03 -6.912E+00 -7.579E+00 -4.080E+00
  1.1692500E+03 -7.162E+00 -7.961E+00 -4.857E+00
  1.1697500E+03 -7.367E+00 -8.032E+00 -4.256E+00
  1.1702500E+03 -7.467E+00 -7.745E+00 -3.018E+00
  1.1707500E+03 -6.829E+00 -7.172E+00 -3.079E+00
  1.1712500E+03 -7.067E+00 -7.691E+00 -4.397E+00
  1.1717500E+03 -6.300E+00 -6.832E+00 -3.926E+00
  1.1722500E+03 -6.011E+00 -6.583E+00 -3.801E+00
  1.1727500E+03 -7.132E+00 -7.577E+00 -3.483E+00
  1.1732500E+03 -7.969E+00 -8.309E+00 -3.241E+00
  1.1737500E+03 -6.910E+00 -7.480E+00 -3.844E+00
  1.1742500E+03 -7.411E+00 -7.671E+00 -2.859E+00
  1.1747500E+03 -6.710E+00 -6.834E+00 -2.182E+00
  1.1752500E+03 -7.761E+00 -7.641E+00 -1.516E+00
  1.1757500E+03 -6.996E+00 -7.573E+00 -4.087E+00
  1.1762500E+03 -5.252E+00 -6.005E+00 -4.434E+00
  1.1767500E+03 -5.971E+00 -6.536E+00 -3.777E+00
  1.1772500E+03 -7.280E+00 -7.610E+00 -2.850E+00
  1.1777500E+03 -6.383E+00 -6.734E+00 -2.959E+00
  1.1782500E+03 -6.439E+00 -6.679E+00 -2.745E+00
  1.1787500E+03 -6.328E+00 -6.933E+00 -3.818E+00
  1.1792500E+03 -6.466E+00 -6.758E+00 -2.889E+00
  1.1797500E+03 -6.304E+00 -6.445E+00 -2.276E+00
  1.1802500E+03 -6.107E+00 -6.526E+00 -3.135E+00
  1.1807500E+03 -7.137E+00 -7.440E+00 -2.886E+00
  1.1812500E+03 -6.161E+00 -6.889E+00 -4.336E+00
  1.1817500E+03 -6.069E+00 -6.663E+00 -3.812E+00
  1.1822500E+03 -6.000E+00 -6.434E+00 -3.289E+00
  1.1827500E+03 -6.599E+00 -7.089E+00 -4.006E+00
  1.1832500E+03 -6.411E+00 -6.966E+00 -3.662E+00
  1.1837500E+03 -6.507E+00 -6.590E+00 -2.055E+00
  1.1842500E+03 -5.813E+00 -6.120E+00 -2.765E+00
  1.1847500E+03 -6.733E+00 -7.286E+00 -3.799E+00
  1.1852500E+03 -7.125E+00 -7.572E+00 -3.522E+00
  1.1857500E+03 -7.048E+00 -7.131E+00 -2.100E+00
  1.1862500E+03 -6.994E+00 -7.323E+00 -3.002E+00
  1.1867500E+03 -6.341E+00 -6.858E+00 -3.788E+00
  1.1872500E+03 -6.018E+00 -6.108E+00 -2.114E+00
  1.1877500E+03 -5.416E+00 -5.894E+00 -3.352E+00
  1.1882500E+03 -6.166E+00 -6.662E+00 -3.501E+00
  1.1887500E+03 -6.467E+00 -6.855E+00 -3.236E+00
  1.1892500E+03 -6.825E+00 -7.056E+00 -2.372E+00
  1.1897500E+03 -6.354E+00 -6.836E+00 -3.070E+00
  1.1902500E+03 -5.509E+00 -5.898E+00 -3.016E+00
  1.1907500E+03 -6.113E+00 -6.054E+00 -1.447E+00
  1.1912500E+03 -5.937E+00 -6.296E+00 -2.465E+00
  1.1917500E+03 -6.462E+00 -6.543E+00 -1.967E+00
  1.1922500E+03 -6.144E+00 -6.721E+00 -3.859E+00
  1.1927500E+03 -5.830E+00 -6.453E+00 -3.930E+00
  1.1932500E+03 -6.580E+00 -6.978E+00 -3.165E+00
  1.1937500E+03 -5.338E+00 -6.118E+00 -4.308E+00
  1.1942500E+03 -6.354E+00 -6.955E+00 -4.073E+00
  1.1947500E+03 -6.221E+00 -6.786E+00 -3.531E+00
  1.1952500E+03 -4.594E+00 -5.193E+00 -3.680E+00
  1.1957500E+03 -5.235E+00 -5.628E+00 -2.929E+00
  1.1962500E+03 -6.490E+00 -6.876E+00 -3.132E+00
  1.1967500E+03 -6.390E+00 -6.894E+00 -3.822E+00
  1.1972500E+03 -6.402E+00 -6.847E+00 -3.396E+00
  1.1977500E+03 -6.493E+00 -7.042E+00 -3.623E+00
  1.1982500E+03 -6.495E+00 -6.947E+00 -3.308E+00
  1.1987500E+03 -6.201E+00 -6.537E+00 -2.862E+00
  1.1992500E+03 -6.404E+00 -6.435E+00 -1.759E+00
  1.1997500E+03 -4.961E+00 -5.557E+00 -3.626E+00
  1.2002500E+03 -5.423E+00 -5.957E+00 -3.518E+00
  1.2007500E+03 -5.772E+00 -6.361E+00 -3.916E+00
  1.2012500E+03 -5.935E+00 -6.031E+00 -1.982E+00
  1.2017500E+03 -6.225E+00 -6.517E+00 -2.661E+00
  1.2022500E+03 -6.233E+00 -6.294E+00 -1.969E+00
  1.2027500E+03 -5.756E+00 -6.236E+00 -3.360E+00
  1.2032500E+03 -5.017E+00 -5.819E+00 -4.471E+00
  1.2037500E+03 -6.243E+00 -6.511E+00 -2.721E+00
  1.2042500E+03 -5.577E+00 -5.945E+00 -3.125E+00
  1.2047500E+03 -5.502E+00 -5.904E+00 -3.184E+00
  1.2052500E+03 -5.821E+00 -5.959E+00 -1.980E+00
  1.2057500E+03 -5.297E+00 -5.504E+00 -2.246E+00
  1.2062500E+03 -5.488E+00 -6.000E+00 -3.437E+00
  1.2067500E+03 -5.407E+00 -5.872E+00 -3.556E+00
  1.2072500E+03 -5.065E+00 -5.725E+00 -3.862E+00
  1.2077500E+03 -6.233E+00 -6.847E+00 -3.655E+00
  1.2082500E+03 -4.951E+00 -5.348E+00 -2.692E+00
  1.2087500E+03 -5.395E+00 -5.614E+00 -2.239E+00
  1.2092500E+03 -5.334E+00 -5.823E+00 -3.423E+00
  1.2097500E+03 -5.485E+00 -6.022E+00 -3.506E+00
  1.2102500E+03 -5.675E+00 -6.043E+00 -2.775E+00
  1.2107500E+03 -5.970E+00 -6.570E+00 -3.736E+00
  1.2112500E+03 -5.087E+00 -5.736E+00 -3.685E+00
  1.2117500E+03 -5.442E+00 -5.648E+00 -2.506E+00
  1.2122500E+03 -5.976E+00 -6.400E+00 -3.007E+00
  1.2127500E+03 -4.973E+00 -5.375E+00 -2.955E+00
  1.2132500E+03 -5.238E+00 -5.621E+00 -2.962E+00
  1.2137500E+03 -4.992E+00 -5.349E+00 -2.770E+00
  1.2142500E+03 -5.225E+00 -5.766E+00 -3.479E+00
  1.2147500E+03 -5.642E+00 -6.175E+00 -3.317E+00
  1.2152500E+03 -5.385E+00 -5.696E+00 -2.367E+00
  1.2157500E+03 -4.886E+00 -5.212E+00 -3.042E+00
  1.2162500E+03 -4.538E+00 -4.741E+00 -2.087E+00
  1.2167500E+03 -5.321E+00 -5.636E+00 -2.591E+00
  1.2172500E+03 -5.860E+00 -6.065E+00 -2.162E+00
  1.2177500E+03 -5.301E+00 -5.471E+00 -2.116E+00
  1.2182500E+03 -5.289E+00 -5.807E+00 -3.380E+00
  1.2187500E+03 -4.958E+00 -5.315E+00 -2.663E+00
  1.2192500E+03 -5.355E+00 -5.710E+00 -2.876E+00
  1.2197500E+03 -4.839E+00 -5.109E+00 -2.452E+00
  1.2202500E+03 -4.249E+00 -4.790E+00 -3.129E+00
  1.2207500E+03 -5.131E+00 -5.543E+00 -2.738E+00
  1.2212500E+03 -4.816E+00 -4.916E+00 -1.700E+00
  1.2217500E+03 -5.943E+00 -6.278E+00 -2.814E+00
  1.2222500E+03 -6.505E+00 -6.690E+00 -2.710E+00
  1.2227500E+03 -5.564E+00 -5.759E+00 -1.687E+00
  1.2232500E+03 -4.400E+00 -4.947E+00 -3.368E+00
  1.2237500E+03 -4.784E+00 -5.031E+00 -2.355E+00
  1.2242500E+03 -4.916E+00 -4.912E+00 -1.395E+00
  1.2247500E+03 -4.574E+00 -4.728E+00 -2.334E+00
  1.2252500E+03 -5.536E+00 -6.005E+00 -3.060E+00
  1.2257500E+03 -5.709E+00 -6.246E+00 -3.264E+00
  1.2262500E+03 -6.260E+00 -6.271E+00 -1.773E+00
  1.2267500E+03 -5.236E+00 -5.747E+00 -3.201E+00
  1.2272500E+03 -5.402E+00 -6.137E+00 -4.264E+00
  1.2277500E+03 -4.233E+00 -4.869E+00 -3.617E+00
  1.2282500E+03 -4.809E+00 -5.076E+00 -2.457E+00
  1.2287500E+03 -4.611E+00 -4.840E+00 -2.149E+00
  1.2292500E+03 -4.660E+00 -4.835E+00 -1.854E+00
  1.2297500E+03 -5.294E+00 -5.620E+00 -2.630E+00
  1.2302500E+03 -5.145E+00 -5.363E+00 -1.887E+00
  1.2307500E+03 -4.096E+00 -4.299E+00 -1.837E+00
  1.2312500E+03 -4.553E+00 -5.185E+00 -3.844E+00
  1.2317500E+03 -5.032E+00 -5.403E+00 -2.659E+00
  1.2322500E+03 -4.873E+00 -5.305E+00 -2.734E+00
  1.2327500E+03 -4.421E+00 -4.831E+00 -2.851E+00
  1.2332500E+03 -4.362E+00 -4.593E+00 -2.089E+00
  1.2337500E+03 -3.481E+00 -3.820E+00 -2.407E+00
  1.2342500E+03 -5.224E+00 -5.528E+00 -2.469E+00
  1.2347500E+03 -4.986E+00 -5.204E+00 -1.944E+00
  1.2352500E+03 -5.065E+00 -5.557E+00 -3.441E+00
  1.2357500E+03 -5.401E+00 -5.887E+00 -3.004E+00
  1.2362500E+03 -5.589E+00 -5.807E+00 -2.147E+00
  1.2367500E+03 -4.820E+00 -5.008E+00 -2.000E+00
  1.2372500E+03 -3.980E+00 -4.352E+00 -2.384E+00
  1.2377500E+03 -4.672E+00 -4.971E+00 -2.445E+00
  1.2382500E+03 -4.574E+00 -4.696E+00 -1.615E+00
  1.2387500E+03 -4.716E+00 -5.207E+00 -3.081E+00
  1.2392500E+03 -4.290E+00 -4.463E+00 -1.851E+00
  1.2397500E+03 -4.950E+00 -5.363E+00 -2.922E+00
  1.2402500E+03 -4.455E+00 -4.552E+00 -1.708E+00
  1.2407500E+03 -4.395E+00 -4.693E+00 -2.132E+00
  1.2412500E+03 -4.675E+00 -5.092E+00 -2.854E+00
  1.2417500E+03 -5.399E+00 -5.580E+00 -1.794E+00
  1.2422500E+03 -4.373E+00 -4.477E+00 -1.388E+00
  1.2427500E+03 -4.742E+00 -4.923E+00 -1.929E+00
  1.2432500E+03 -5.010E+00 -5.143E+00 -2.083E+00
  1.2437500E+03 -4.686E+00 -5.052E+00 -2.626E+00
  1.2442500E+03 -4.244E+00 -4.662E+00 -2.806E+00
  1.2447500E+03 -3.754E+00 -4.282E+00 -3.264E+00
  1.2452500E+03 -4.454E+00 -4.870E+00 -2.586E+00
  1.2457500E+03 -4.542E+00 -4.794E+00 -2.316E+00
  1.2462500E+03 -4.812E+00 -4.979E+00 -1.901E+00
  1.2467500E+03 -5.141E+00 -5.484E+00 -2.749E+00
  1.2472500E+03 -4.214E+00 -4.706E+00 -2.959E+00
  1.2477500E+03 -4.176E+00 -4.428E+00 -2.110E+00
  1.2482500E+03 -4.544E+00 -5.027E+00 -2.877E+00
  1.2487500E+03 -5.436E+00 -5.792E+00 -2.698E+00
  1.2492500E+03 -4.356E+00 -4.793E+00 -2.710E+00
  1.2497500E+03 -4.226E+00 -4.869E+00 -3.660E+00
  1.2502500E+03 -4.423E+00 -4.892E+00 -2.872E+00
  1.2507500E+03 -4.443E+00 -4.642E+00 -1.808E+00
  1.2512500E+03 -4.099E+00 -4.564E+00 -2.927E+00
  1.2517500E+03 -3.764E+00 -4.228E+00 -2.998E+00
  1.2522500E+03 -4.973E+00 -5.217E+00 -2.353E+00
  1.2527500E+03 -4.973E+00 -5.080E+00 -1.955E+00
  1.2532500E+03 -4.247E+00 -4.432E+00 -1.695E+00
  1.2537500E+03 -4.395E+00 -4.825E+00 -2.773E+00
  1.2542500E+03 -5.373E+00 -5.630E+00 -2.443E+00
  1.2547500E+03 -4.415E+00 -4.486E+00 -1.606E+00
  1.2552500E+03 -4.347E+00 -4.657E+00 -2.612E+00
  1.2557500E+03 -4.103E+00 -4.514E+00 -2.455E+00
  1.2562500E+03 -4.379E+00 -4.634E+00 -2.298E+00
  1.2567500E+03 -4.002E+00 -4.553E+00 -3.166E+00
  1.2572500E+03 -5.445E+00 -5.820E+00 -2.824E+00
  1.2577500E+03 -4.648E+00 -5.190E+00 -3.046E+00
  1.2582500E+03 -3.934E+00 -4.029E+00 -1.333E+00
  1.2587500E+03 -4.043E+00 -4.171E+00 -1.505E+00
  1.2592500E+03 -4.173E+00 -4.375E+00 -1.771E+00
  1.2597500E+03 -4.857E+00 -5.012E+00 -1.761E+00
  1.2602500E+03 -3.738E+00 -4.119E+00 -2.786E+00
  1.2607500E+03 -4.200E+00 -4.561E+00 -2.609E+00
  1.2612500E+03 -3.906E+00 -4.050E+00 -1.861E+00
  1.2617500E+03 -4.064E+00 -4.265E+00 -2.005E+00
  1.2622500E+03 -3.691E+00 -3.843E+00 -1.843E+00
  1.2627500E+03 -4.035E+00 -4.426E+00 -2.386E+00
  1.2632500E+03 -5.110E+00 -5.411E+00 -2.058E+00
  1.2637500E+03 -4.575E+00 -4.975E+00 -2.617E+00
  1.2642500E+03 -4.358E+00 -4.649E+00 -2.504E+00
  1.2647500E+03 -4.331E+00 -4.328E+00 -1.057E+00
  1.2652500E+03 -4.145E+00 -4.571E+00 -2.437E+00
  1.2657500E+03 -4.421E+00 -4.644E+00 -2.003E+00
  1.2662500E+03 -4.577E+00 -4.841E+00 -2.105E+00
  1.2667500E+03 -4.777E+00 -4.980E+00 -1.930E+00
  1.2672500E+03 -3.892E+00 -4.177E+00 -2.224E+00
  1.2677500E+03 -3.278E+00 -3.661E+00 -2.412E+00
  1.2682500E+03 -4.084E+00 -4.321E+00 -1.991E+00
  1.2687500E+03 -4.077E+00 -4.420E+00 -2.243E+00
  1.2692500E+03 -3.844E+00 -4.257E+00 -2.350E+00
  1.2697500E+03 -4.585E+00 -4.764E+00 -1.779E+00
  1.2702500E+03 -4.107E+00 -4.110E+00 -1.547E+00
  1.2707500E+03 -3.388E+00 -3.631E+00 -2.103E+00
  1.2712500E+03 -4.219E+00 -4.508E+00 -2.158E+00
  1.2717500E+03 -4.431E+00 -4.704E+00 -2.166E+00
  1.2722500E+03 -3.709E+00 -4.257E+00 -2.924E+00
  1.2727500E+03 -3.438E+00 -3.882E+00 -2.525E+00
  1.2732500E+03 -4.153E+00 -4.201E+00 -1.418E+00
  1.2737500E+03 -3.975E+00 -4.068E+00 -1.573E+00
  1.2742500E+03 -3.534E+00 -3.948E+00 -2.598E+00
  1.2747500E+03 -3.617E+00 -3.889E+00 -2.273E+00
  1.2752500E+03 -4.024E+00 -4.512E+00 -3.047E+00
  1.2757500E+03 -4.193E+00 -4.529E+00 -2.896E+00
  1.2762500E+03 -4.244E+00 -4.449E+00 -1.655E+00
  1.2767500E+03 -4.164E+00 -4.105E+00 -7.530E-01
  1.2772500E+03 -3.793E+00 -3.882E+00 -1.282E+00
  1.2777500E+03 -4.064E+00 -4.249E+00 -1.757E+00
  1.2782500E+03 -3.883E+00 -4.328E+00 -2.549E+00
  1.2787500E+03 -3.014E+00 -3.511E+00 -2.557E+00
  1.2792500E+03 -4.088E+00 -4.262E+00 -1.705E+00
  1.2797500E+03 -4.197E+00 -4.655E+00 -2.885E+00
  1.2802500E+03 -3.290E+00 -3.543E+00 -1.996E+00
  1.2807500E+03 -3.450E+00 -3.600E+00 -1.623E+00
  1.2812500E+03 -4.370E+00 -4.353E+00 -1.258E+00
  1.2817500E+03 -3.933E+00 -4.486E+00 -3.076E+00
  1.2822500E+03 -2.957E+00 -3.600E+00 -3.445E+00
  1.2827500E+03 -3.599E+00 -4.043E+00 -2.735E+00
  1.2832500E+03 -4.360E+00 -4.522E+00 -1.741E+00
  1.2837500E+03 -3.793E+00 -3.863E+00 -1.256E+00
  1.2842500E+03 -3.838E+00 -4.167E+00 -2.439E+00
  1.2847500E+03 -3.936E+00 -4.183E+00 -1.923E+00
  1.2852500E+03 -4.502E+00 -4.629E+00 -1.341E+00
  1.2857500E+03 -3.732E+00 -4.367E+00 -3.430E+00
  1.2862500E+03 -4.646E+00 -4.900E+00 -2.100E+00
  1.2867500E+03 -3.656E+00 -4.001E+00 -2.156E+00
  1.2872500E+03 -3.244E+00 -3.708E+00 -2.453E+00
  1.2877500E+03 -3.781E+00 -3.991E+00 -1.836E+00
  1.2882500E+03 -4.649E+00 -4.719E+00 -1.504E+00
  1.2887500E+03 -3.363E+00 -3.841E+00 -2.995E+00
  1.2892500E+03 -3.369E+00 -3.725E+00 -2.164E+00
  1.2897500E+03 -2.956E+00 -3.430E+00 -2.219E+00
  1.2902500E+03 -4.227E+00 -4.324E+00 -1.047E+00
  1.2907500E+03 -3.839E+00 -4.148E+00 -1.914E+00
  1.2912500E+03 -4.421E+00 -4.533E+00 -1.546E+00
  1.2917500E+03 -3.451E+00 -3.581E+00 -1.673E+00
  1.2922500E+03 -3.588E+00 -3.734E+00 -1.692E+00
  1.2927500E+03 -3.763E+00 -4.125E+00 -2.443E+00
  1.2932500E+03 -3.145E+00 -3.118E+00 -8.940E-01
  1.2937500E+03 -4.051E+00 -4.113E+00 -1.082E+00
  1.2942500E+03 -3.659E+00 -4.152E+00 -2.789E+00
  1.2947500E+03 -3.966E+00 -4.460E+00 -2.992E+00
  1.2952500E+03 -3.209E+00 -3.562E+00 -2.237E+00
  1.2957500E+03 -2.772E+00 -2.997E+00 -1.962E+00
  1.2962500E+03 -3.756E+00 -4.076E+00 -2.317E+00
  1.2967500E+03 -3.594E+00 -4.088E+00 -2.861E+00
  1.2972500E+03 -3.781E+00 -4.088E+00 -2.191E+00
  1.2977500E+03 -3.731E+00 -3.999E+00 -1.872E+00
  1.2982500E+03 -3.808E+00 -3.766E+00 -1.283E+00
  1.2987500E+03 -3.195E+00 -3.154E+00 -6.348E-01
  1.2992500E+03 -3.821E+00 -4.190E+00 -2.570E+00
  1.2997500E+03 -4.181E+00 -4.505E+00 -2.273E+00
  1.3002500E+03 -4.651E+00 -4.698E+00 -1.372E+00
  1.3007500E+03 -3.445E+00 -3.435E+00 -9.310E-01
  1.3012500E+03 -2.935E+00 -3.244E+00 -2.112E+00
  1.3017500E+03 -3.571E+00 -4.113E+00 -3.246E+00
  1.3022500E+03 -3.224E+00 -3.458E+00 -1.899E+00
  1.3027500E+03 -3.276E+00 -3.435E+00 -1.319E+00
  1.3032500E+03 -3.046E+00 -3.317E+00 -1.820E+00
  1.3037500E+03 -3.737E+00 -4.090E+00 -2.163E+00
  1.3042500E+03 -3.458E+00 -3.723E+00 -1.924E+00
  1.3047500E+03 -2.867E+00 -3.076E+00 -1.628E+00
  1.3052500E+03 -3.103E+00 -3.141E+00 -9.113E-01
  1.3057500E+03 -3.319E+00 -3.218E+00 -6.813E-01
  1.3062500E+03 -3.979E+00 -4.101E+00 -1.624E+00
  1.3067500E+03 -3.733E+00 -3.953E+00 -1.727E+00
  1.3072500E+03 -3.265E+00 -3.686E+00 -2.288E+00
  1.3077500E+03 -3.839E+00 -3.945E+00 -1.294E+00
  1.3082500E+03 -2.992E+00 -3.380E+00 -2.467E+00
  1.3087500E+03 -3.472E+00 -3.705E+00 -1.839E+00
  1.3092500E+03 -4.054E+00 -4.187E+00 -1.670E+00
  1.3097500E+03 -3.181E+00 -3.522E+00 -2.265E+00
  1.3102500E+03 -2.737E+00 -2.983E+00 -1.974E+00
  1.3107500E+03 -3.409E+00 -3.760E+00 -1.831E+00
  1.3112500E+03 -2.853E+00 -2.961E+00 -1.034E+00
  1.3117500E+03 -3.880E+00 -4.200E+00 -2.249E+00
  1.3122500E+03 -3.394E+00 -3.750E+00 -1.906E+00
  1.3127500E+03 -2.801E+00 -2.927E+00 -1.070E+00
  1.3132500E+03 -2.925E+00 -3.194E+00 -1.684E+00
  1.3137500E+03 -3.056E+00 -3.280E+00 -1.555E+00
  1.3142500E+03 -2.689E+00 -3.066E+00 -2.219E+00
  1.3147500E+03 -2.931E+00 -3.415E+00 -2.580E+00
  1.3152500E+03 -3.008E+00 -3.338E+00 -1.911E+00
  1.3157500E+03 -3.345E+00 -3.365E+00 -8.938E-01
  1.3162500E+03 -3.008E+00 -3.127E+00 -1.465E+00
  1.3167500E+03 -2.913E+00 -3.235E+00 -2.123E+00
  1.3172500E+03 -3.477E+00 -3.760E+00 -2.030E+00
  1.3177500E+03 -3.139E+00 -3.448E+00 -2.227E+00
  1.3182500E+03 -3.559E+00 -3.732E+00 -1.494E+00
  1.3187500E+03 -3.466E+00 -3.575E+00 -1.210E+00
  1.3192500E+03 -3.513E+00 -3.665E+00 -1.564E+00
  1.3197500E+03 -3.498E+00 -3.703E+00 -1.653E+00
  1.3202500E+03 -3.606E+00 -3.905E+00 -1.927E+00
  1.3207500E+03 -3.705E+00 -4.044E+00 -2.483E+00
  1.3212500E+03 -2.628E+00 -2.983E+00 -2.044E+00
  1.3217500E+03 -3.104E+00 -3.429E+00 -2.026E+00
  1.3222500E+03 -3.147E+00 -3.652E+00 -2.594E+00
  1.3227500E+03 -3.807E+00 -3.782E+00 -1.067E+00
  1.3232500E+03 -3.333E+00 -3.648E+00 -2.158E+00
  1.3237500E+03 -3.663E+00 -3.565E+00 -6.702E-01
  1.3242500E+03 -3.567E+00 -4.016E+00 -2.604E+00
  1.3247500E+03 -3.059E+00 -3.371E+00 -2.020E+00
  1.3252500E+03 -2.601E+00 -2.490E+00 -2.431E-01
  1.3257500E+03 -2.915E+00 -3.305E+00 -2.339E+00
  1.3262500E+03 -2.934E+00 -3.233E+00 -1.849E+00
  1.3267500E+03 -3.127E+00 -3.479E+00 -2.040E+00
  1.3272500E+03 -2.782E+00 -2.900E+00 -1.365E+00
  1.3277500E+03 -3.495E+00 -3.776E+00 -1.985E+00
  1.3282500E+03 -3.646E+00 -3.953E+00 -1.950E+00
  1.3287500E+03 -3.191E+00 -3.408E+00 -1.795E+00
  1.3292500E+03 -2.748E+00 -2.913E+00 -1.534E+00
  1.3297500E+03 -3.204E+00 -3.226E+00 -5.870E-01
  1.3302500E+03 -2.959E+00 -3.234E+00 -1.643E+00
  1.3307500E+03 -2.712E+00 -2.836E+00 -1.222E+00
  1.3312500E+03 -2.719E+00 -3.042E+00 -2.107E+00
  1.3317500E+03 -2.829E+00 -3.028E+00 -1.697E+00
  1.3322500E+03 -3.111E+00 -3.247E+00 -1.416E+00
  1.3327500E+03 -3.730E+00 -3.915E+00 -1.718E+00
  1.3332500E+03 -3.791E+00 -3.980E+00 -1.664E+00
  1.3337500E+03 -2.552E+00 -2.917E+00 -2.336E+00
  1.3342500E+03 -2.867E+00 -3.265E+00 -2.331E+00
  1.3347500E+03 -3.282E+00 -3.489E+00 -1.487E+00
  1.3352500E+03 -2.656E+00 -2.824E+00 -1.244E+00
  1.3357500E+03 -3.303E+00 -3.408E+00 -1.283E+00
  1.3362500E+03 -3.568E+00 -3.805E+00 -1.869E+00
  1.3367500E+03 -3.244E+00 -3.391E+00 -1.493E+00
  1.3372500E+03 -2.785E+00 -3.123E+00 -1.948E+00
  1.3377500E+03 -2.301E+00 -2.621E+00 -2.005E+00
  1.3382500E+03 -2.561E+00 -2.840E+00 -1.722E+00
  1.3387500E+03 -2.994E+00 -3.159E+00 -1.556E+00
  1.3392500E+03 -2.585E+00 -2.942E+00 -1.876E+00
  1.3397500E+03 -2.767E+00 -3.079E+00 -2.167E+00
  1.3402500E+03 -3.534E+00 -3.772E+00 -2.095E+00
  1.3407500E+03 -3.388E+00 -3.403E+00 -9.312E-01
  1.3412500E+03 -3.329E+00 -3.435E+00 -9.754E-01
  1.3417500E+03 -2.846E+00 -3.067E+00 -1.568E+00
  1.3422500E+03 -2.851E+00 -3.179E+00 -2.197E+00
  1.3427500E+03 -2.679E+00 -2.770E+00 -8.695E-01
  1.3432500E+03 -2.705E+00 -3.142E+00 -2.111E+00
  1.3437500E+03 -1.887E+00 -2.150E+00 -1.499E+00
  1.3442500E+03 -2.158E+00 -2.561E+00 -2.293E+00
  1.3447500E+03 -2.708E+00 -2.934E+00 -1.572E+00
  1.3452500E+03 -2.398E+00 -2.537E+00 -1.178E+00
  1.3457500E+03 -2.606E+00 -2.780E+00 -1.336E+00
  1.3462500E+03 -3.208E+00 -3.241E+00 -6.965E-01
  1.3467500E+03 -3.059E+00 -2.992E+00 -7.260E-01
  1.3472500E+03 -3.249E+00 -3.323E+00 -1.290E+00
  1.3477500E+03 -3.253E+00 -3.453E+00 -1.614E+00
  1.3482500E+03 -3.642E+00 -3.933E+00 -1.969E+00
  1.3487500E+03 -2.758E+00 -2.899E+00 -1.454E+00
  1.3492500E+03 -1.909E+00 -1.861E+00 -5.579E-01
  1.3497500E+03 -2.922E+00 -3.061E+00 -1.309E+00
  1.3502500E+03 -3.205E+00 -3.523E+00 -1.908E+00
  1.3507500E+03 -3.479E+00 -3.640E+00 -1.350E+00
  1.3512500E+03 -1.939E+00 -2.033E+00 -1.206E+00
  1.3517500E+03 -2.180E+00 -2.309E+00 -1.112E+00
  1.3522500E+03 -3.331E+00 -3.516E+00 -1.747E+00
  1.3527500E+03 -2.913E+00 -2.996E+00 -1.164E+00
  1.3532500E+03 -2.096E+00 -2.505E+00 -1.943E+00
  1.3537500E+03 -2.946E+00 -3.121E+00 -1.421E+00
  1.3542500E+03 -2.901E+00 -2.966E+00 -9.254E-01
  1.3547500E+03 -2.968E+00 -3.014E+00 -9.264E-01
  1.3552500E+03 -2.415E+00 -2.734E+00 -2.147E+00
  1.3557500E+03 -2.865E+00 -3.233E+00 -2.080E+00
  1.3562500E+03 -2.902E+00 -2.943E+00 -1.204E+00
  1.3567500E+03 -2.359E+00 -2.751E+00 -2.192E+00
  1.3572500E+03 -2.317E+00 -2.581E+00 -1.703E+00
  1.3577500E+03 -2.627E+00 -2.681E+00 -1.009E+00
  1.3582500E+03 -2.439E+00 -2.550E+00 -1.066E+00
  1.3587500E+03 -2.416E+00 -2.738E+00 -1.775E+00
  1.3592500E+03 -3.046E+00 -3.291E+00 -1.958E+00
  1.3597500E+03 -3.348E+00 -3.648E+00 -1.798E+00
  1.3602500E+03 -2.259E+00 -2.602E+00 -1.718E+00
  1.3607500E+03 -2.678E+00 -2.971E+00 -1.687E+00
  1.3612500E+03 -3.143E+00 -3.493E+00 -2.152E+00
  1.3617500E+03 -2.719E+00 -3.089E+00 -2.129E+00
  1.3622500E+03 -2.253E+00 -2.499E+00 -1.661E+00
  1.3627500E+03 -2.457E+00 -2.511E+00 -8.056E-01
  1.3632500E+03 -2.968E+00 -3.014E+00 -7.222E-01
  1.3637500E+03 -3.124E+00 -3.099E+00 -7.665E-01
  1.3642500E+03 -3.013E+00 -3.098E+00 -1.099E+00
  1.3647500E+03 -2.957E+00 -3.132E+00 -1.418E+00
  1.3652500E+03 -2.718E+00 -2.634E+00 -3.714E-01
  1.3657500E+03 -3.050E+00 -3.245E+00 -1.370E+00
  1.3662500E+03 -2.414E+00 -2.611E+00 -1.676E+00
  1.3667500E+03 -2.752E+00 -3.014E+00 -1.566E+00
  1.3672500E+03 -2.791E+00 -2.938E+00 -1.343E+00
  1.3677500E+03 -2.638E+00 -2.814E+00 -1.387E+00
  1.3682500E+03 -2.145E+00 -2.207E+00 -9.686E-01
  1.3687500E+03 -2.972E+00 -3.059E+00 -1.113E+00
  1.3692500E+03 -2.274E+00 -2.579E+00 -1.834E+00
  1.3697500E+03 -2.613E+00 -2.861E+00 -1.538E+00
  1.3702500E+03 -2.491E+00 -2.729E+00 -1.644E+00
  1.3707500E+03 -2.392E+00 -2.386E+00 -8.183E-01
  1.3712500E+03 -3.326E+00 -3.481E+00 -1.478E+00
  1.3717500E+03 -2.339E+00 -2.612E+00 -1.565E+00
  1.3722500E+03 -2.710E+00 -2.713E+00 -5.385E-01
  1.3727500E+03 -3.029E+00 -2.964E+00 -7.486E-01
  1.3732500E+03 -3.114E+00 -3.261E+00 -1.509E+00
  1.3737500E+03 -2.095E+00 -2.457E+00 -2.151E+00
  1.3742500E+03 -2.851E+00 -3.021E+00 -1.344E+00
  1.3747500E+03 -1.772E+00 -2.013E+00 -1.400E+00
  1.3752500E+03 -2.442E+00 -2.455E+00 -4.376E-01
  1.3757500E+03 -2.924E+00 -3.022E+00 -6.999E-01
  1.3762500E+03 -2.666E+00 -2.801E+00 -1.378E+00
  1.3767500E+03 -1.894E+00 -2.265E+00 -2.352E+00
  1.3772500E+03 -2.350E+00 -2.656E+00 -1.670E+00
  1.3777500E+03 -2.446E+00 -2.700E+00 -1.694E+00
  1.3782500E+03 -2.695E+00 -2.788E+00 -1.199E+00
  1.3787500E+03 -2.971E+00 -3.307E+00 -1.917E+00
  1.3792500E+03 -2.385E+00 -2.451E+00 -8.318E-01
  1.3797500E+03 -2.675E+00 -2.760E+00 -1.272E+00
  1.3802500E+03 -2.757E+00 -2.793E+00 -8.724E-01
  1.3807500E+03 -2.559E+00 -2.678E+00 -1.321E+00
  1.3812500E+03 -2.113E+00 -2.318E+00 -1.471E+00
  1.3817500E+03 -2.474E+00 -2.703E+00 -1.442E+00
  1.3822500E+03 -2.508E+00 -2.809E+00 -1.731E+00
  1.3827500E+03 -2.455E+00 -2.569E+00 -1.071E+00
  1.3832500E+03 -2.281E+00 -2.524E+00 -1.609E+00
  1.3837500E+03 -2.539E+00 -2.735E+00 -1.515E+00
  1.3842500E+03 -2.990E+00 -3.020E+00 -6.194E-01
  1.3847500E+03 -2.364E+00 -2.538E+00 -1.179E+00
  1.3852500E+03 -2.503E+00 -2.517E+00 -5.371E-01
  1.3857500E+03 -3.244E+00 -3.314E+00 -1.198E+00
  1.3862500E+03 -2.853E+00 -2.899E+00 -7.647E-01
  1.3867500E+03 -2.657E+00 -2.864E+00 -1.404E+00
  1.3872500E+03 -2.319E+00 -2.910E+00 -2.613E+00
  1.3877500E+03 -2.232E+00 -2.707E+00 -2.469E+00
  1.3882500E+03 -2.344E+00 -2.466E+00 -1.314E+00
  1.3887500E+03 -2.028E+00 -2.084E+00 -7.959E-01
  1.3892500E+03 -2.592E+00 -2.704E+00 -1.031E+00
  1.3897500E+03 -2.356E+00 -2.597E+00 -1.548E+00
  1.3902500E+03 -2.529E+00 -2.679E+00 -1.267E+00
  1.3907500E+03 -2.333E+00 -2.404E+00 -8.316E-01
  1.3912500E+03 -1.877E+00 -2.204E+00 -1.876E+00
  1.3917500E+03 -1.825E+00 -1.965E+00 -9.267E-01
  1.3922500E+03 -2.580E+00 -2.753E+00 -1.146E+00
  1.3927500E+03 -2.608E+00 -2.719E+00 -1.088E+00
  1.3932500E+03 -2.270E+00 -2.340E+00 -6.870E-01
  1.3937500E+03 -2.430E+00 -2.597E+00 -9.859E-01
  1.3942500E+03 -2.030E+00 -2.256E+00 -1.527E+00
  1.3947500E+03 -2.765E+00 -2.945E+00 -1.284E+00
  1.3952500E+03 -2.672E+00 -2.747E+00 -1.316E+00
  1.3957500E+03 -2.089E+00 -1.955E+00 -5.185E-01
  1.3962500E+03 -2.531E+00 -2.641E+00 -9.123E-01
  1.3967500E+03 -2.183E+00 -2.283E+00 -8.736E-01
  1.3972500E+03 -2.174E+00 -2.338E+00 -9.468E-01
  1.3977500E+03 -2.020E+00 -2.207E+00 -1.353E+00
  1.3982500E+03 -2.106E+00 -2.361E+00 -1.570E+00
  1.3987500E+03 -2.071E+00 -2.300E+00 -1.378E+00
  1.3992500E+03 -2.103E+00 -2.364E+00 -1.638E+00
  1.3997500E+03 -1.850E+00 -1.885E+00 -6.963E-01
  1.4002500E+03 -2.224E+00 -2.379E+00 -1.094E+00
  1.4007500E+03 -2.526E+00 -2.663E+00 -1.342E+00
  1.4012500E+03 -2.477E+00 -2.767E+00 -1.673E+00
  1.4017500E+03 -2.476E+00 -2.463E+00 -5.350E-01
  1.4022500E+03 -2.561E+00 -2.948E+00 -2.416E+00
  1.4027500E+03 -2.144E+00 -2.312E+00 -1.058E+00
  1.4032500E+03 -2.269E+00 -2.576E+00 -1.414E+00
  1.4037500E+03 -2.223E+00 -2.477E+00 -1.554E+00
  1.4042500E+03 -2.514E+00 -2.583E+00 -8.790E-01
  1.4047500E+03 -1.574E+00 -1.732E+00 -1.198E+00
  1.4052500E+03 -1.746E+00 -1.749E+00 -5.715E-01
  1.4057500E+03 -2.113E+00 -2.470E+00 -2.356E+00
  1.4062500E+03 -2.266E+00 -2.302E+00 -8.606E-01
  1.4067500E+03 -2.660E+00 -2.954E+00 -1.774E+00
  1.4072500E+03 -2.066E+00 -2.128E+00 -8.366E-01
  1.4077500E+03 -1.895E+00 -2.041E+00 -1.055E+00
  1.4082500E+03 -2.312E+00 -2.386E+00 -6.507E-01
  1.4087500E+03 -2.157E+00 -2.343E+00 -1.329E+00
  1.4092500E+03 -2.469E+00 -2.552E+00 -1.038E+00
  1.4097500E+03 -2.939E+00 -3.125E+00 -1.401E+00
  1.4102500E+03 -1.998E+00 -2.131E+00 -1.034E+00
  1.4107500E+03 -1.572E+00 -1.681E+00 -7.898E-01
  1.4112500E+03 -1.656E+00 -1.911E+00 -1.329E+00
  1.4117500E+03 -2.011E+00 -2.110E+00 -9.847E-01
  1.4122500E+03 -1.995E+00 -2.079E+00 -9.810E-01
  1.4127500E+03 -2.109E+00 -2.237E+00 -1.042E+00
  1.4132500E+03 -2.134E+00 -2.283E+00 -1.076E+00
  1.4137500E+03 -2.822E+00 -2.887E+00 -9.112E-01
  1.4142500E+03 -2.663E+00 -2.760E+00 -9.445E-01
  1.4147500E+03 -2.104E+00 -2.164E+00 -9.936E-01
  1.4152500E+03 -1.947E+00 -2.281E+00 -1.808E+00
  1.4157500E+03 -1.946E+00 -2.188E+00 -1.400E+00
  1.4162500E+03 -1.747E+00 -1.903E+00 -9.990E-01
  1.4167500E+03 -2.269E+00 -2.319E+00 -7.070E-01
  1.4172500E+03 -2.666E+00 -2.762E+00 -1.215E+00
  1.4177500E+03 -2.212E+00 -2.365E+00 -6.312E-01
  1.4182500E+03 -1.709E+00 -1.685E+00 -7.742E-01
  1.4187500E+03 -2.635E+00 -2.813E+00 -1.003E+00
  1.4192500E+03 -2.099E+00 -2.511E+00 -2.237E+00
  1.4197500E+03 -1.692E+00 -2.044E+00 -1.999E+00
  1.4202500E+03 -2.268E+00 -2.378E+00 -1.059E+00
  1.4207500E+03 -1.894E+00 -2.066E+00 -1.109E+00
  1.4212500E+03 -1.347E+00 -1.465E+00 -1.007E+00
  1.4217500E+03 -1.985E+00 -2.105E+00 -7.173E-01
  1.4222500E+03 -2.245E+00 -2.356E+00 -9.805E-01
  1.4227500E+03 -1.862E+00 -1.969E+00 -8.607E-01
  1.4232500E+03 -2.073E+00 -2.123E+00 -9.771E-01
  1.4237500E+03 -2.563E+00 -2.659E+00 -9.374E-01
  1.4242500E+03 -2.121E+00 -2.320E+00 -1.254E+00
  1.4247500E+03 -2.137E+00 -2.261E+00 -1.002E+00
  1.4252500E+03 -2.325E+00 -2.353E+00 -9.970E-01
  1.4257500E+03 -1.969E+00 -1.900E+00 -1.305E-01
  1.4262500E+03 -2.071E+00 -2.184E+00 -9.758E-01
  1.4267500E+03 -1.798E+00 -2.180E+00 -2.141E+00
  1.4272500E+03 -2.204E+00 -2.401E+00 -1.192E+00
  1.4277500E+03 -2.108E+00 -2.254E+00 -1.076E+00
  1.4282500E+03 -1.736E+00 -1.981E+00 -1.469E+00
  1.4287500E+03 -1.753E+00 -2.102E+00 -1.669E+00
  1.4292500E+03 -2.147E+00 -2.112E+00 -2.926E-01
  1.4297500E+03 -2.391E+00 -2.413E+00 -6.729E-01
  1.4302500E+03 -2.258E+00 -2.395E+00 -1.026E+00
  1.4307500E+03 -1.872E+00 -2.001E+00 -9.842E-01
  1.4312500E+03 -1.559E+00 -1.812E+00 -1.487E+00
  1.4317500E+03 -1.549E+00 -1.778E+00 -1.352E+00
  1.4322500E+03 -1.938E+00 -2.253E+00 -1.829E+00
  1.4327500E+03 -1.945E+00 -2.214E+00 -1.681E+00
  1.4332500E+03 -2.381E+00 -2.465E+00 -7.542E-01
  1.4337500E+03 -1.582E+00 -1.615E+00 -5.301E-01
  1.4342500E+03 -1.851E+00 -1.956E+00 -8.554E-01
  1.4347500E+03 -2.110E+00 -2.186E+00 -8.933E-01
  1.4352500E+03 -2.360E+00 -2.489E+00 -1.160E+00
  1.4357500E+03 -2.012E+00 -2.283E+00 -1.573E+00
  1.4362500E+03 -2.043E+00 -2.191E+00 -1.186E+00
  1.4367500E+03 -2.136E+00 -2.459E+00 -1.889E+00
  1.4372500E+03 -2.000E+00 -2.176E+00 -1.299E+00
  1.4377500E+03 -2.178E+00 -2.223E+00 -9.494E-01
  1.4382500E+03 -2.229E+00 -2.549E+00 -1.479E+00
  1.4387500E+03 -1.918E+00 -2.013E+00 -1.019E+00
  1.4392500E+03 -1.906E+00 -2.016E+00 -8.494E-01
  1.4397500E+03 -2.103E+00 -2.208E+00 -6.359E-01
  1.4402500E+03 -1.975E+00 -1.936E+00 -3.764E-01
  1.4407500E+03 -1.891E+00 -2.061E+00 -1.165E+00
  1.4412500E+03 -1.857E+00 -2.137E+00 -1.377E+00
  1.4417500E+03 -1.884E+00 -2.035E+00 -1.131E+00
  1.4422500E+03 -2.090E+00 -2.248E+00 -8.926E-01
  1.4427500E+03 -1.933E+00 -1.922E+00 -6.045E-01
  1.4432500E+03 -1.469E+00 -1.559E+00 -7.760E-01
  1.4437500E+03 -2.303E+00 -2.418E+00 -1.005E+00
  1.4442500E+03 -1.913E+00 -2.062E+00 -1.128E+00
  1.4447500E+03 -2.267E+00 -2.467E+00 -1.463E+00
  1.4452500E+03 -1.986E+00 -2.189E+00 -1.371E+00
  1.4457500E+03 -1.748E+00 -1.970E+00 -1.231E+00
  1.4462500E+03 -1.743E+00 -1.806E+00 -8.444E-01
  1.4467500E+03 -1.550E+00 -1.681E+00 -1.040E+00
  1.4472500E+03 -1.545E+00 -1.550E+00 -4.728E-01
  1.4477500E+03 -1.657E+00 -1.830E+00 -1.180E+00
  1.4482500E+03 -1.950E+00 -2.177E+00 -1.278E+00
  1.4487500E+03 -1.651E+00 -2.006E+00 -1.578E+00
  1.4492500E+03 -1.975E+00 -2.205E+00 -1.106E+00
  1.4497500E+03 -1.894E+00 -2.124E+00 -1.256E+00
  1.4502500E+03 -1.495E+00 -1.558E+00 -6.922E-01
  1.4507500E+03 -1.724E+00 -1.919E+00 -1.282E+00
  1.4512500E+03 -2.001E+00 -2.070E+00 -6.599E-01
  1.4517500E+03 -2.252E+00 -2.297E+00 -9.000E-01
  1.4522500E+03 -2.128E+00 -2.186E+00 -1.069E+00
  1.4527500E+03 -1.577E+00 -1.764E+00 -1.232E+00
  1.4532500E+03 -1.533E+00 -1.657E+00 -9.101E-01
  1.4537500E+03 -1.696E+00 -1.760E+00 -7.829E-01
  1.4542500E+03 -1.595E+00 -1.911E+00 -1.347E+00
  1.4547500E+03 -2.259E+00 -2.466E+00 -1.304E+00
  1.4552500E+03 -1.513E+00 -1.875E+00 -1.975E+00
  1.4557500E+03 -1.840E+00 -1.905E+00 -7.980E-01
  1.4562500E+03 -1.862E+00 -1.943E+00 -3.341E-01
  1.4567500E+03 -1.334E+00 -1.529E+00 -1.061E+00
  1.4572500E+03 -1.854E+00 -2.081E+00 -1.460E+00
  1.4577500E+03 -2.292E+00 -2.431E+00 -1.284E+00
  1.4582500E+03 -2.107E+00 -2.085E+00 -4.862E-01
  1.4587500E+03 -1.655E+00 -1.698E+00 -6.984E-01
  1.4592500E+03 -1.179E+00 -1.368E+00 -1.245E+00
  1.4597500E+03 -1.472E+00 -1.491E+00 -9.276E-01
  1.4602500E+03 -1.715E+00 -1.818E+00 -6.027E-01
  1.4607500E+03 -2.052E+00 -2.362E+00 -1.576E+00
  1.4612500E+03 -1.650E+00 -1.765E+00 -1.152E+00
  1.4617500E+03 -1.439E+00 -1.632E+00 -1.159E+00
  1.4622500E+03 -1.673E+00 -1.779E+00 -9.279E-01
  1.4627500E+03 -1.723E+00 -1.876E+00 -1.125E+00
  1.4632500E+03 -2.231E+00 -2.361E+00 -9.569E-01
  1.4637500E+03 -1.281E+00 -1.478E+00 -1.053E+00
  1.4642500E+03 -1.312E+00 -1.303E+00 -3.391E-01
  1.4647500E+03 -1.813E+00 -1.996E+00 -1.241E+00
  1.4652500E+03 -1.915E+00 -2.148E+00 -1.667E+00
  1.4657500E+03 -2.435E+00 -2.473E+00 -7.355E-01
  1.4662500E+03 -1.935E+00 -2.296E+00 -1.740E+00
  1.4667500E+03 -2.277E+00 -2.280E+00 -5.651E-01
  1.4672500E+03 -2.023E+00 -2.009E+00 -5.590E-01
  1.4677500E+03 -1.942E+00 -1.890E+00 -4.128E-01
  1.4682500E+03 -2.566E+00 -2.625E+00 -6.235E-01
  1.4687500E+03 -1.770E+00 -2.087E+00 -1.650E+00
  1.4692500E+03 -1.242E+00 -1.557E+00 -1.621E+00
  1.4697500E+03 -1.555E+00 -1.690E+00 -1.070E+00
  1.4702500E+03 -1.055E+00 -1.190E+00 -7.482E-01
  1.4707500E+03 -1.959E+00 -2.005E+00 -3.825E-01
  1.4712500E+03 -1.521E+00 -1.685E+00 -1.099E+00
  1.4717500E+03 -1.814E+00 -1.992E+00 -1.358E+00
  1.4722500E+03 -1.994E+00 -2.075E+00 -7.511E-01
  1.4727500E+03 -2.198E+00 -2.331E+00 -1.061E+00
  1.4732500E+03 -1.948E+00 -2.106E+00 -9.162E-01
  1.4737500E+03 -2.121E+00 -2.040E+00 -1.458E-01
  1.4742500E+03 -1.706E+00 -1.768E+00 -6.644E-01
  1.4747500E+03 -1.128E+00 -1.492E+00 -1.817E+00
  1.4752500E+03 -1.258E+00 -1.391E+00 -7.380E-01
  1.4757500E+03 -1.447E+00 -1.586E+00 -9.775E-01
  1.4762500E+03 -1.621E+00 -1.721E+00 -8.422E-01
  1.4767500E+03 -1.709E+00 -1.654E+00 -3.881E-02
  1.4772500E+03 -1.447E+00 -1.581E+00 -1.021E+00
  1.4777500E+03 -1.572E+00 -1.729E+00 -1.062E+00
  1.4782500E+03 -1.818E+00 -1.993E+00 -9.502E-01
  1.4787500E+03 -1.380E+00 -1.614E+00 -1.434E+00
  1.4792500E+03 -1.971E+00 -2.024E+00 -6.428E-01
  1.4797500E+03 -2.126E+00 -2.240E+00 -1.043E+00
  1.4802500E+03 -2.382E+00 -2.355E+00 -6.092E-01
  1.4807500E+03 -1.936E+00 -2.043E+00 -7.894E-01
  1.4812500E+03 -1.466E+00 -1.537E+00 -5.004E-01
  1.4817500E+03 -1.445E+00 -1.558E+00 -9.085E-01
  1.4822500E+03 -1.461E+00 -1.445E+00 -3.267E-01
  1.4827500E+03 -1.155E+00 -1.262E+00 -6.746E-01
  1.4832500E+03 -1.225E+00 -1.172E+00 -4.271E-01
  1.4837500E+03 -1.870E+00 -2.066E+00 -1.319E+00
  1.4842500E+03 -1.768E+00 -1.979E+00 -1.316E+00
  1.4847500E+03 -1.164E+00 -1.302E+00 -8.627E-01
  1.4852500E+03 -1.501E+00 -1.738E+00 -1.602E+00
  1.4857500E+03 -2.408E+00 -2.534E+00 -9.648E-01
  1.4862500E+03 -2.235E+00 -2.171E+00 -5.300E-01
  1.4867500E+03 -1.877E+00 -2.049E+00 -7.538E-01
  1.4872500E+03 -1.907E+00 -1.845E+00  1.433E-01
  1.4877500E+03 -1.269E+00 -1.200E+00 -3.462E-01
  1.4882500E+03 -1.128E+00 -1.212E+00 -7.898E-01
  1.4887500E+03 -1.517E+00 -1.698E+00 -1.145E+00
  1.4892500E+03 -1.504E+00 -1.787E+00 -1.301E+00
  1.4897500E+03 -1.550E+00 -1.668E+00 -1.154E+00
  1.4902500E+03 -1.730E+00 -1.976E+00 -1.234E+00
  1.4907500E+03 -8.929E-01 -1.094E+00 -1.068E+00
  1.4912500E+03 -1.595E+00 -1.670E+00 -7.666E-01
  1.4917500E+03 -1.646E+00 -1.784E+00 -9.981E-01
  1.4922500E+03 -1.920E+00 -2.042E+00 -1.007E+00
  1.4927500E+03 -1.721E+00 -1.929E+00 -1.168E+00
  1.4932500E+03 -1.830E+00 -1.963E+00 -8.003E-01
  1.4937500E+03 -1.297E+00 -1.476E+00 -1.184E+00
  1.4942500E+03 -1.459E+00 -1.521E+00 -7.076E-01
  1.4947500E+03 -1.567E+00 -1.538E+00 -1.731E-01
  1.4952500E+03 -1.609E+00 -1.716E+00 -9.835E-01
  1.4957500E+03 -1.752E+00 -1.816E+00 -6.119E-01
  1.4962500E+03 -1.665E+00 -1.573E+00  1.271E-01
  1.4967500E+03 -1.515E+00 -1.648E+00 -8.714E-01
  1.4972500E+03 -1.188E+00 -1.352E+00 -1.173E+00
  1.4977500E+03 -1.013E+00 -1.147E+00 -9.188E-01
  1.4982500E+03 -1.497E+00 -1.612E+00 -8.574E-01
  1.4987500E+03 -1.403E+00 -1.495E+00 -5.524E-01
  1.4992500E+03 -1.519E+00 -1.762E+00 -1.085E+00
  1.4997500E+03 -1.296E+00 -1.348E+00 -7.573E-01
  1.5002500E+03 -1.079E+00 -1.022E+00 -2.111E-01
  1.5007500E+03 -1.683E+00 -1.768E+00 -7.199E-01
  1.5012500E+03 -1.808E+00 -2.029E+00 -1.360E+00
  1.5017500E+03 -1.218E+00 -1.272E+00 -6.857E-01
  1.5022500E+03 -1.320E+00 -1.360E+00 -6.541E-01
  1.5027500E+03 -1.741E+00 -1.739E+00 -3.768E-01
  1.5032500E+03 -1.147E+00 -1.345E+00 -9.716E-01
  1.5037500E+03 -9.055E-01 -1.216E+00 -1.396E+00
  1.5042500E+03 -1.367E+00 -1.415E+00 -5.946E-01
  1.5047500E+03 -1.513E+00 -1.683E+00 -1.009E+00
  1.5052500E+03 -1.249E+00 -1.216E+00 -3.211E-01
  1.5057500E+03 -1.403E+00 -1.538E+00 -8.123E-01
  1.5062500E+03 -1.696E+00 -1.895E+00 -1.274E+00
  1.5067500E+03 -1.053E+00 -1.232E+00 -1.136E+00
  1.5072500E+03 -1.652E+00 -1.848E+00 -1.153E+00
  1.5077500E+03 -1.837E+00 -1.851E+00 -4.021E-01
  1.5082500E+03 -1.754E+00 -1.889E+00 -9.767E-01
  1.5087500E+03 -1.983E+00 -1.946E+00 -4.170E-01
  1.5092500E+03 -1.449E+00 -1.526E+00 -7.048E-01
  1.5097500E+03 -1.285E+00 -1.274E+00 -3.564E-01
  1.5102500E+03 -1.221E+00 -1.178E+00 -2.652E-01
  1.5107500E+03 -1.412E+00 -1.450E+00 -6.102E-01
  1.5112500E+03 -1.316E+00 -1.488E+00 -7.693E-01
  1.5117500E+03 -1.382E+00 -1.474E+00 -9.559E-01
  1.5122500E+03 -1.627E+00 -1.799E+00 -1.029E+00
  1.5127500E+03 -1.924E+00 -2.139E+00 -1.086E+00
  1.5132500E+03 -1.617E+00 -1.754E+00 -1.161E+00
  1.5137500E+03 -1.626E+00 -1.708E+00 -8.350E-01
  1.5142500E+03 -1.749E+00 -1.909E+00 -7.574E-01
  1.5147500E+03 -1.544E+00 -1.615E+00 -6.370E-01
  1.5152500E+03 -1.320E+00 -1.389E+00 -6.350E-01
  1.5157500E+03 -1.573E+00 -1.673E+00 -8.551E-01
  1.5162500E+03 -1.433E+00 -1.421E+00 -3.825E-01
  1.5167500E+03 -1.656E+00 -1.809E+00 -7.052E-01
  1.5172500E+03 -1.808E+00 -1.701E+00 -4.080E-02
  1.5177500E+03 -1.645E+00 -1.701E+00 -6.686E-01
  1.5182500E+03 -1.041E+00 -1.158E+00 -8.050E-01
  1.5187500E+03 -1.779E+00 -1.760E+00 -3.143E-01
  1.5192500E+03 -1.692E+00 -1.931E+00 -1.181E+00
  1.5197500E+03 -1.054E+00 -1.245E+00 -1.184E+00
  1.5202500E+03 -1.480E+00 -1.665E+00 -1.118E+00
  1.5207500E+03 -1.501E+00 -1.572E+00 -7.284E-01
  1.5212500E+03 -1.119E+00 -1.155E+00 -4.071E-01
  1.5217500E+03 -1.609E+00 -1.683E+00 -5.493E-01
  1.5222500E+03 -1.037E+00 -1.260E+00 -1.132E+00
  1.5227500E+03 -1.196E+00 -1.240E+00 -4.954E-01
  1.5232500E+03 -1.422E+00 -1.534E+00 -8.516E-01
  1.5237500E+03 -1.221E+00 -1.489E+00 -1.383E+00
  1.5242500E+03 -8.657E-01 -9.021E-01 -5.709E-01
  1.5247500E+03 -1.522E+00 -1.527E+00 -5.269E-01
  1.5252500E+03 -1.427E+00 -1.550E+00 -9.487E-01
  1.5257500E+03 -1.857E+00 -1.900E+00 -5.226E-01
  1.5262500E+03 -1.266E+00 -1.363E+00 -8.114E-01
