 -3.1257500E+03 -0.000E+00 -0.000E+00  0.000E+00
 -3.1252500E+03 -0.000E+00 -0.000E+00  0.000E+00
 -3.1247500E+03 -0.000E+00 -0.000E+00  0.000E+00
 -3.1242500E+03 -0.000E+00 -0.000E+00  0.000E+00
 -3.1237500E+03 -0.000E+00 -0.000E+00  0.000E+00
 -3.1232500E+03 -0.000E+00 -0.000E+00  0.000E+00
 -3.1227500E+03 -0.000E+00 -0.000E+00  0.000E+00
 -3.1222500E+03 -0.000E+00 -0.000E+00  0.000E+00
 -3.1217500E+03 -0.000E+00 -0.000E+00  0.000E+00
 -3.1212500E+03 -0.000E+00 -0.000E+00  0.000E+00
 -3.1207500E+03 -0.000E+00 -0.000E+00  0.000E+00
 -3.1202500E+03 -0.000E+00 -0.000E+00  0.000E+00
 -3.1197500E+03 -0.000E+00 -0.000E+00  0.000E+00
 -3.1192500E+03 -0.000E+00 -0.000E+00  0.000E+00
 -3.1187500E+03 -0.000E+00 -0.000E+00  0.000E+00
 -3.1182500E+03 -0.000E+00 -0.000E+00  0.000E+00
 -3.1177500E+03 -0.000E+00 -0.000E+00  0.000E+00
 -3.1172500E+03 -0.000E+00 -0.000E+00  0.000E+00
 -3.1167500E+03 -0.000E+00 -0.000E+00  0.000E+00
 -3.1162500E+03 -0.000E+00 -0.000E+00  0.000E+00
 -3.1157500E+03 -0.000E+00 -0.000E+00  0.000E+00
 -3.1152500E+03 -0.000E+00 -0.000E+00  0.000E+00
 -3.1147500E+03 -0.000E+00 -0.000E+00  0.000E+00
 -3.1142500E+03 -0.000E+00 -0.000E+00  0.000E+00
 -3.1137500E+03 -0.000E+00 -0.000E+00  0.000E+00
 -3.1132500E+03 -0.000E+00 -0.000E+00  0.000E+00
 -3.1127500E+03 -0.000E+00 -0.000E+00  0.000E+00
 -3.1122500E+03 -0.000E+00 -0.000E+00  0.000E+00
 -3.1117500E+03 -0.000E+00 -0.000E+00  0.000E+00
 -3.1112500E+03 -0.000E+00 -0.000E+00  0.000E+00
 -3.1107500E+03 -0.000E+00 -0.000E+00  0.000E+00
 -3.1102500E+03 -0.000E+00 -0.000E+00  0.000E+00
 -3.1097500E+03 -0.000E+00 -0.000E+00  0.000E+00
 -3.1092500E+03 -0.000E+00 -0.000E+00  0.000E+00
 -3.1087500E+03 -0.000E+00 -0.000E+00  0.000E+00
 -3.1082500E+03 -0.000E+00 -0.000E+00  0.000E+00
 -3.1077500E+03 -0.000E+00 -0.000E+00  0.000E+00
 -3.1072500E+03 -0.000E+00 -0.000E+00  0.000E+00
 -3.1067500E+03 -0.000E+00 -0.000E+00  0.000E+00
 -3.1062500E+03 -0.000E+00 -0.000E+00  0.000E+00
 -3.1057500E+03 -0.000E+00 -0.000E+00  0.000E+00
 -3.1052500E+03 -0.000E+00 -0.000E+00  0.000E+00
 -3.1047500E+03 -0.000E+00 -0.000E+00  0.000E+00
 -3.1042500E+03 -0.000E+00 -0.000E+00  0.000E+00
 -3.1037500E+03 -0.000E+00 -0.000E+00  0.000E+00
 -3.1032500E+03 -0.000E+00 -0.000E+00  0.000E+00
 -3.1027500E+03 -0.000E+00 -0.000E+00  0.000E+00
 -3.1022500E+03 -0.000E+00 -0.000E+00  0.000E+00
 -3.1017500E+03 -0.000E+00 -0.000E+00  0.000E+00
 -3.1012500E+03 -0.000E+00 -0.000E+00  0.000E+00
 -3.1007500E+03 -0.000E+00 -0.000E+00  0.000E+00
 -3.1002500E+03 -0.000E+00 -0.000E+00  0.000E+00
 -3.0997500E+03 -0.000E+00 -0.000E+00  0.000E+00
 -3.0992500E+03 -0.000E+00 -0.000E+00  0.000E+00
 -3.0987500E+03 -0.000E+00 -0.000E+00  0.000E+00
 -3.0982500E+03 -0.000E+00 -0.000E+00  0.000E+00
 -3.0977500E+03 -0.000E+00 -0.000E+00  0.000E+00
 -3.0972500E+03 -0.000E+00 -0.000E+00  0.000E+00
 -3.0967500E+03 -0.000E+00 -0.000E+00  0.000E+00
 -3.0962500E+03 -0.000E+00 -0.000E+00  0.000E+00
 -3.0957500E+03 -0.000E+00 -0.000E+00  0.000E+00
 -3.0952500E+03 -0.000E+00 -0.000E+00  0.000E+00
 -3.0947500E+03 -0.000E+00 -0.000E+00  0.000E+00
 -3.0942500E+03 -0.000E+00 -0.000E+00  0.000E+00
 -3.0937500E+03 -0.000E+00 -0.000E+00  0.000E+00
 -3.0932500E+03 -0.000E+00 -0.000E+00  0.000E+00
 -3.0927500E+03 -0.000E+00 -0.000E+00  0.000E+00
 -3.0922500E+03 -0.000E+00 -0.000E+00  0.000E+00
 -3.0917500E+03 -0.000E+00 -0.000E+00  0.000E+00
 -3.0912500E+03 -0.000E+00 -0.000E+00  0.000E+00
 -3.0907500E+03 -0.000E+00 -0.000E+00  0.000E+00
 -3.0902500E+03 -0.000E+00 -0.000E+00  0.000E+00
 -3.0897500E+03 -0.000E+00 -0.000E+00  0.000E+00
 -3.0892500E+03 -0.000E+00 -0.000E+00  0.000E+00
 -3.0887500E+03 -0.000E+00 -0.000E+00  0.000E+00
 -3.0882500E+03 -0.000E+00 -0.000E+00  0.000E+00
 -3.0877500E+03 -0.000E+00 -0.000E+00  0.000E+00
 -3.0872500E+03 -0.000E+00 -0.000E+00  0.000E+00
 -3.0867500E+03 -0.000E+00 -0.000E+00  0.000E+00
 -3.0862500E+03 -0.000E+00 -0.000E+00  0.000E+00
 -3.0857500E+03 -0.000E+00 -0.000E+00  0.000E+00
 -3.0852500E+03 -0.000E+00 -0.000E+00  0.000E+00
 -3.0847500E+03 -0.000E+00 -0.000E+00  0.000E+00
 -3.0842500E+03 -0.000E+00 -0.000E+00  0.000E+00
 -3.0837500E+03 -0.000E+00 -0.000E+00  0.000E+00
 -3.0832500E+03 -0.000E+00 -0.000E+00  0.000E+00
 -3.0827500E+03 -0.000E+00 -0.000E+00  0.000E+00
 -3.0822500E+03 -0.000E+00 -0.000E+00  0.000E+00
 -3.0817500E+03 -0.000E+00 -0.000E+00  0.000E+00
 -3.0812500E+03 -0.000E+00 -0.000E+00  0.000E+00
 -3.0807500E+03 -0.000E+00 -0.000E+00  0.000E+00
 -3.0802500E+03 -0.000E+00 -0.000E+00  0.000E+00
 -3.0797500E+03 -0.000E+00 -0.000E+00  0.000E+00
 -3.0792500E+03 -0.000E+00 -0.000E+00  0.000E+00
 -3.0787500E+03 -0.000E+00 -0.000E+00  0.000E+00
 -3.0782500E+03 -0.000E+00 -0.000E+00  0.000E+00
 -3.0777500E+03 -0.000E+00 -0.000E+00  0.000E+00
 -3.0772500E+03 -0.000E+00 -0.000E+00  0.000E+00
 -3.0767500E+03 -0.000E+00 -0.000E+00  0.000E+00
 -3.0762500E+03 -0.000E+00 -0.000E+00  0.000E+00
 -3.0757500E+03 -0.000E+00 -0.000E+00  0.000E+00
 -3.0752500E+03 -0.000E+00 -0.000E+00  0.000E+00
 -3.0747500E+03 -0.000E+00 -0.000E+00  0.000E+00
 -3.0742500E+03 -0.000E+00 -0.000E+00  0.000E+00
 -3.0737500E+03 -0.000E+00 -0.000E+00  0.000E+00
 -3.0732500E+03 -0.000E+00 -0.000E+00  0.000E+00
 -3.0727500E+03 -0.000E+00 -0.000E+00  0.000E+00
 -3.0722500E+03 -0.000E+00 -0.000E+00  0.000E+00
 -3.0717500E+03 -0.000E+00 -0.000E+00  0.000E+00
 -3.0712500E+03 -0.000E+00 -0.000E+00  0.000E+00
 -3.0707500E+03 -0.000E+00 -0.000E+00  0.000E+00
 -3.0702500E+03 -0.000E+00 -0.000E+00  0.000E+00
 -3.0697500E+03 -0.000E+00 -0.000E+00  0.000E+00
 -3.0692500E+03 -0.000E+00 -0.000E+00  0.000E+00
 -3.0687500E+03 -0.000E+00 -0.000E+00  0.000E+00
 -3.0682500E+03 -0.000E+00 -0.000E+00  0.000E+00
 -3.0677500E+03 -0.000E+00 -0.000E+00  0.000E+00
 -3.0672500E+03 -0.000E+00 -0.000E+00  0.000E+00
 -3.0667500E+03 -0.000E+00 -0.000E+00  0.000E+00
 -3.0662500E+03 -0.000E+00 -0.000E+00  0.000E+00
 -3.0657500E+03 -0.000E+00 -0.000E+00  0.000E+00
 -3.0652500E+03 -0.000E+00 -0.000E+00  0.000E+00
 -3.0647500E+03 -0.000E+00 -0.000E+00  0.000E+00
 -3.0642500E+03 -0.000E+00 -0.000E+00  0.000E+00
 -3.0637500E+03 -0.000E+00 -0.000E+00  0.000E+00
 -3.0632500E+03 -0.000E+00 -0.000E+00  0.000E+00
 -3.0627500E+03 -0.000E+00 -0.000E+00  0.000E+00
 -3.0622500E+03 -0.000E+00 -0.000E+00  0.000E+00
 -3.0617500E+03 -0.000E+00 -0.000E+00  0.000E+00
 -3.0612500E+03 -0.000E+00 -0.000E+00  0.000E+00
 -3.0607500E+03 -0.000E+00 -0.000E+00  0.000E+00
 -3.0602500E+03 -0.000E+00 -0.000E+00  0.000E+00
 -3.0597500E+03 -0.000E+00 -0.000E+00  0.000E+00
 -3.0592500E+03 -0.000E+00 -0.000E+00  0.000E+00
 -3.0587500E+03 -0.000E+00 -0.000E+00  0.000E+00
 -3.0582500E+03 -0.000E+00 -0.000E+00  0.000E+00
 -3.0577500E+03 -0.000E+00 -0.000E+00  0.000E+00
 -3.0572500E+03 -0.000E+00 -0.000E+00  0.000E+00
 -3.0567500E+03 -0.000E+00 -0.000E+00  0.000E+00
 -3.0562500E+03 -0.000E+00 -0.000E+00  0.000E+00
 -3.0557500E+03 -0.000E+00 -0.000E+00  0.000E+00
 -3.0552500E+03 -0.000E+00 -0.000E+00  0.000E+00
 -3.0547500E+03 -0.000E+00 -0.000E+00  0.000E+00
 -3.0542500E+03 -0.000E+00 -0.000E+00  0.000E+00
 -3.0537500E+03 -0.000E+00 -0.000E+00  0.000E+00
 -3.0532500E+03 -0.000E+00 -0.000E+00  0.000E+00
 -3.0527500E+03 -0.000E+00 -0.000E+00  0.000E+00
 -3.0522500E+03 -0.000E+00 -0.000E+00  0.000E+00
 -3.0517500E+03 -0.000E+00 -0.000E+00  0.000E+00
 -3.0512500E+03 -0.000E+00 -0.000E+00  0.000E+00
 -3.0507500E+03 -0.000E+00 -0.000E+00  0.000E+00
 -3.0502500E+03 -0.000E+00 -0.000E+00  0.000E+00
 -3.0497500E+03 -0.000E+00 -0.000E+00  0.000E+00
 -3.0492500E+03 -0.000E+00 -0.000E+00  0.000E+00
 -3.0487500E+03 -0.000E+00 -0.000E+00  0.000E+00
 -3.0482500E+03 -0.000E+00 -0.000E+00  0.000E+00
 -3.0477500E+03 -0.000E+00 -0.000E+00  0.000E+00
 -3.0472500E+03 -0.000E+00 -0.000E+00  0.000E+00
 -3.0467500E+03 -0.000E+00 -0.000E+00  0.000E+00
 -3.0462500E+03 -0.000E+00 -0.000E+00  0.000E+00
 -3.0457500E+03 -0.000E+00 -0.000E+00  0.000E+00
 -3.0452500E+03 -0.000E+00 -0.000E+00  0.000E+00
 -3.0447500E+03 -0.000E+00 -0.000E+00  0.000E+00
 -3.0442500E+03 -0.000E+00 -0.000E+00  0.000E+00
 -3.0437500E+03 -0.000E+00 -0.000E+00  0.000E+00
 -3.0432500E+03 -0.000E+00 -0.000E+00  0.000E+00
 -3.0427500E+03 -0.000E+00 -0.000E+00  0.000E+00
 -3.0422500E+03 -0.000E+00 -0.000E+00  0.000E+00
 -3.0417500E+03 -0.000E+00 -0.000E+00  0.000E+00
 -3.0412500E+03 -0.000E+00 -0.000E+00  0.000E+00
 -3.0407500E+03 -0.000E+00 -0.000E+00  0.000E+00
 -3.0402500E+03 -0.000E+00 -0.000E+00  0.000E+00
 -3.0397500E+03 -0.000E+00 -0.000E+00  0.000E+00
 -3.0392500E+03 -0.000E+00 -0.000E+00  0.000E+00
 -3.0387500E+03 -0.000E+00 -0.000E+00  0.000E+00
 -3.0382500E+03 -0.000E+00 -0.000E+00  0.000E+00
 -3.0377500E+03 -0.000E+00 -0.000E+00  0.000E+00
 -3.0372500E+03 -0.000E+00 -0.000E+00  0.000E+00
 -3.0367500E+03 -0.000E+00 -0.000E+00  0.000E+00
 -3.0362500E+03 -0.000E+00 -0.000E+00  0.000E+00
 -3.0357500E+03 -0.000E+00 -0.000E+00  0.000E+00
 -3.0352500E+03 -0.000E+00 -0.000E+00  0.000E+00
 -3.0347500E+03 -0.000E+00 -0.000E+00  0.000E+00
 -3.0342500E+03 -0.000E+00 -0.000E+00  0.000E+00
 -3.0337500E+03 -0.000E+00 -0.000E+00  0.000E+00
 -3.0332500E+03 -0.000E+00 -0.000E+00  0.000E+00
 -3.0327500E+03 -0.000E+00 -0.000E+00  0.000E+00
 -3.0322500E+03 -0.000E+00 -0.000E+00  0.000E+00
 -3.0317500E+03 -0.000E+00 -0.000E+00  0.000E+00
 -3.0312500E+03 -0.000E+00 -0.000E+00  0.000E+00
 -3.0307500E+03 -0.000E+00 -0.000E+00  0.000E+00
 -3.0302500E+03 -0.000E+00 -0.000E+00  0.000E+00
 -3.0297500E+03 -0.000E+00 -0.000E+00  0.000E+00
 -3.0292500E+03 -0.000E+00 -0.000E+00  0.000E+00
 -3.0287500E+03 -0.000E+00 -0.000E+00  0.000E+00
 -3.0282500E+03 -0.000E+00 -0.000E+00  0.000E+00
 -3.0277500E+03 -0.000E+00 -0.000E+00  0.000E+00
 -3.0272500E+03 -0.000E+00 -0.000E+00  0.000E+00
 -3.0267500E+03 -0.000E+00 -0.000E+00  0.000E+00
 -3.0262500E+03 -0.000E+00 -0.000E+00  0.000E+00
 -3.0257500E+03 -0.000E+00 -0.000E+00  0.000E+00
 -3.0252500E+03 -0.000E+00 -0.000E+00  0.000E+00
 -3.0247500E+03 -0.000E+00 -0.000E+00  0.000E+00
 -3.0242500E+03 -0.000E+00 -0.000E+00  0.000E+00
 -3.0237500E+03 -0.000E+00 -0.000E+00  0.000E+00
 -3.0232500E+03 -0.000E+00 -0.000E+00  0.000E+00
 -3.0227500E+03 -0.000E+00 -0.000E+00  0.000E+00
 -3.0222500E+03  2.347E-03  2.779E-03  2.114E-03
 -3.0217500E+03  2.403E-03  2.571E-03  1.157E-03
 -3.0212500E+03  7.673E-04  6.167E-04 -3.146E-04
 -3.0207500E+03  1.832E-04 -1.136E-04 -1.078E-03
 -3.0202500E+03  1.599E-03  3.516E-03  5.266E-03
 -3.0197500E+03  7.633E-03  8.261E-03  3.322E-03
 -3.0192500E+03  4.457E-03  9.152E-03  1.281E-02
 -3.0187500E+03  5.550E-03 -1.192E-03 -1.583E-02
 -3.0182500E+03 -3.653E-04 -3.649E-03 -8.709E-03
 -3.0177500E+03 -2.685E-03 -4.449E-03 -7.650E-03
 -3.0172500E+03  5.144E-03  4.776E-03 -5.386E-04
 -3.0167500E+03 -1.273E-02 -6.128E-03  1.854E-02
 -3.0162500E+03  7.371E-02  5.593E-02 -3.144E-02
 -3.0157500E+03 -1.419E-02 -5.634E-03  2.659E-02
 -3.0152500E+03 -2.770E-02 -2.855E-02 -1.624E-03
 -3.0147500E+03 -1.504E-02 -8.124E-03  2.189E-02
 -3.0142500E+03  6.220E-02  5.886E-02 -1.402E-02
 -3.0137500E+03 -2.360E-02 -6.409E-03  6.642E-02
 -3.0132500E+03  1.265E-01  1.312E-01  8.492E-02
 -3.0127500E+03  1.073E-01  9.453E-02  4.382E-03
 -3.0122500E+03  4.940E-02  9.304E-02  1.393E-01
 -3.0117500E+03  1.156E-01  1.308E-01  9.757E-02
 -3.0112500E+03  6.378E-02  1.526E-02 -8.405E-02
 -3.0107500E+03  2.256E-01  2.238E-01  1.026E-01
 -3.0102500E+03  1.614E-01  1.808E-01  1.626E-01
 -3.0097500E+03  1.338E-01  1.306E-01  6.045E-02
 -3.0092500E+03 -4.575E-02 -2.491E-02  5.767E-02
 -3.0087500E+03  1.129E-01  1.758E-01  3.107E-01
 -3.0082500E+03  3.943E-01  3.847E-01  1.716E-01
 -3.0077500E+03  2.245E-01  1.839E-01 -4.354E-02
 -3.0072500E+03  1.663E-01  1.435E-01 -3.287E-03
 -3.0067500E+03  1.959E-01  2.038E-01  1.417E-01
 -3.0062500E+03  4.198E-02  5.048E-02  5.714E-02
 -3.0057500E+03  1.046E-01  1.753E-01  3.300E-01
 -3.0052500E+03  1.878E-01  1.891E-01  9.769E-02
 -3.0047500E+03  6.779E-01  6.820E-01  3.729E-01
 -3.0042500E+03  9.720E-01  8.942E-01  1.941E-01
 -3.0037500E+03  4.281E-01  4.872E-01  4.731E-01
 -3.0032500E+03  4.691E-01  5.398E-01  5.047E-01
 -3.0027500E+03  7.476E-01  7.855E-01  5.364E-01
 -3.0022500E+03  1.511E+00  1.599E+00  1.141E+00
 -3.0017500E+03  1.680E+00  1.600E+00  5.567E-01
 -3.0012500E+03  1.032E+00  1.066E+00  6.763E-01
 -3.0007500E+03  1.696E+00  1.671E+00  7.698E-01
 -3.0002500E+03  1.845E+00  1.884E+00  1.116E+00
 -2.9997500E+03  2.543E+00  2.531E+00  1.254E+00
 -2.9992500E+03  2.756E+00  2.760E+00  1.434E+00
 -2.9987500E+03  2.595E+00  2.430E+00  6.383E-01
 -2.9982500E+03  2.117E+00  2.394E+00  2.181E+00
 -2.9977500E+03  3.366E+00  3.453E+00  2.062E+00
 -2.9972500E+03  3.432E+00  3.622E+00  2.506E+00
 -2.9967500E+03  4.217E+00  4.308E+00  2.495E+00
 -2.9962500E+03  4.337E+00  4.404E+00  2.454E+00
 -2.9957500E+03  4.952E+00  4.984E+00  2.632E+00
 -2.9952500E+03  5.936E+00  6.055E+00  3.436E+00
 -2.9947500E+03  6.557E+00  6.848E+00  4.448E+00
 -2.9942500E+03  8.972E+00  9.499E+00  6.544E+00
 -2.9937500E+03  1.051E+01  1.057E+01  5.454E+00
 -2.9932500E+03  1.161E+01  1.153E+01  5.459E+00
 -2.9927500E+03  1.195E+01  1.258E+01  8.548E+00
 -2.9922500E+03  1.373E+01  1.380E+01  7.030E+00
 -2.9917500E+03  1.705E+01  1.752E+01  1.029E+01
 -2.9912500E+03  1.655E+01  1.727E+01  1.097E+01
 -2.9907500E+03  2.018E+01  1.991E+01  8.819E+00
 -2.9902500E+03  2.116E+01  2.141E+01  1.137E+01
 -2.9897500E+03  2.329E+01  2.368E+01  1.291E+01
 -2.9892500E+03  2.408E+01  2.477E+01  1.446E+01
 -2.9887500E+03  2.550E+01  2.654E+01  1.654E+01
 -2.9882500E+03  2.955E+01  3.049E+01  1.809E+01
 -2.9877500E+03  2.753E+01  2.917E+01  1.981E+01
 -2.9872500E+03  3.328E+01  3.386E+01  1.832E+01
 -2.9867500E+03  3.644E+01  3.656E+01  1.798E+01
 -2.9862500E+03  4.506E+01  4.611E+01  2.581E+01
 -2.9857500E+03  4.467E+01  4.644E+01  2.844E+01
 -2.9852500E+03  5.098E+01  5.141E+01  2.603E+01
 -2.9847500E+03  5.632E+01  5.731E+01  3.070E+01
 -2.9842500E+03  5.129E+01  5.350E+01  3.308E+01
 -2.9837500E+03  5.610E+01  5.746E+01  3.193E+01
 -2.9832500E+03  6.333E+01  6.489E+01  3.615E+01
 -2.9827500E+03  6.874E+01  7.121E+01  4.213E+01
 -2.9822500E+03  7.447E+01  7.464E+01  3.560E+01
 -2.9817500E+03  8.122E+01  8.330E+01  4.623E+01
 -2.9812500E+03  8.048E+01  8.320E+01  4.837E+01
 -2.9807500E+03  8.003E+01  8.151E+01  4.311E+01
 -2.9802500E+03  9.047E+01  9.364E+01  5.456E+01
 -2.9797500E+03  9.345E+01  9.463E+01  4.798E+01
 -2.9792500E+03  9.542E+01  9.865E+01  5.680E+01
 -2.9787500E+03  1.076E+02  1.098E+02  5.814E+01
 -2.9782500E+03  1.141E+02  1.177E+02  6.685E+01
 -2.9777500E+03  1.191E+02  1.213E+02  6.352E+01
 -2.9772500E+03  1.217E+02  1.241E+02  6.531E+01
 -2.9767500E+03  1.235E+02  1.273E+02  7.118E+01
 -2.9762500E+03  1.366E+02  1.391E+02  7.196E+01
 -2.9757500E+03  1.212E+02  1.253E+02  7.084E+01
 -2.9752500E+03  1.399E+02  1.435E+02  7.741E+01
 -2.9747500E+03  1.452E+02  1.482E+02  7.692E+01
 -2.9742500E+03  1.582E+02  1.607E+02  8.109E+01
 -2.9737500E+03  1.521E+02  1.548E+02  7.835E+01
 -2.9732500E+03  1.543E+02  1.574E+02  8.114E+01
 -2.9727500E+03  1.613E+02  1.661E+02  9.076E+01
 -2.9722500E+03  1.617E+02  1.635E+02  7.890E+01
 -2.9717500E+03  1.635E+02  1.690E+02  9.386E+01
 -2.9712500E+03  1.682E+02  1.713E+02  8.628E+01
 -2.9707500E+03  1.762E+02  1.804E+02  9.416E+01
 -2.9702500E+03  1.787E+02  1.838E+02  9.833E+01
 -2.9697500E+03  1.776E+02  1.815E+02  9.327E+01
 -2.9692500E+03  1.817E+02  1.880E+02  1.038E+02
 -2.9687500E+03  1.854E+02  1.889E+02  9.417E+01
 -2.9682500E+03  1.867E+02  1.913E+02  9.869E+01
 -2.9677500E+03  1.936E+02  1.961E+02  9.334E+01
 -2.9672500E+03  1.807E+02  1.864E+02  1.000E+02
 -2.9667500E+03  1.919E+02  1.977E+02  1.049E+02
 -2.9662500E+03  1.831E+02  1.900E+02  1.055E+02
 -2.9657500E+03  2.020E+02  2.053E+02  9.916E+01
 -2.9652500E+03  1.950E+02  1.976E+02  9.271E+01
 -2.9647500E+03  1.860E+02  1.919E+02  1.020E+02
 -2.9642500E+03  1.884E+02  1.935E+02  9.940E+01
 -2.9637500E+03  1.866E+02  1.940E+02  1.074E+02
 -2.9632500E+03  2.107E+02  2.144E+02  1.028E+02
 -2.9627500E+03  1.973E+02  2.019E+02  1.002E+02
 -2.9622500E+03  1.851E+02  1.880E+02  8.860E+01
 -2.9617500E+03  1.841E+02  1.907E+02  1.025E+02
 -2.9612500E+03  1.858E+02  1.924E+02  1.027E+02
 -2.9607500E+03  1.839E+02  1.887E+02  9.437E+01
 -2.9602500E+03  1.851E+02  1.895E+02  9.330E+01
 -2.9597500E+03  1.946E+02  2.004E+02  1.023E+02
 -2.9592500E+03  1.818E+02  1.870E+02  9.430E+01
 -2.9587500E+03  1.647E+02  1.717E+02  9.400E+01
 -2.9582500E+03  1.718E+02  1.773E+02  9.083E+01
 -2.9577500E+03  1.698E+02  1.739E+02  8.445E+01
 -2.9572500E+03  1.763E+02  1.794E+02  8.282E+01
 -2.9567500E+03  1.649E+02  1.681E+02  7.845E+01
 -2.9562500E+03  1.530E+02  1.587E+02  8.285E+01
 -2.9557500E+03  1.661E+02  1.720E+02  8.920E+01
 -2.9552500E+03  1.682E+02  1.727E+02  8.433E+01
 -2.9547500E+03  1.520E+02  1.557E+02  7.432E+01
 -2.9542500E+03  1.456E+02  1.508E+02  7.718E+01
 -2.9537500E+03  1.560E+02  1.587E+02  7.127E+01
 -2.9532500E+03  1.441E+02  1.496E+02  7.726E+01
 -2.9527500E+03  1.411E+02  1.459E+02  7.322E+01
 -2.9522500E+03  1.370E+02  1.427E+02  7.432E+01
 -2.9517500E+03  1.304E+02  1.333E+02  6.117E+01
 -2.9512500E+03  1.302E+02  1.352E+02  6.919E+01
 -2.9507500E+03  1.154E+02  1.246E+02  7.929E+01
 -2.9502500E+03  1.205E+02  1.229E+02  5.490E+01
 -2.9497500E+03  1.180E+02  1.235E+02  6.597E+01
 -2.9492500E+03  1.114E+02  1.195E+02  7.270E+01
 -2.9487500E+03  1.005E+02  1.048E+02  5.358E+01
 -2.9482500E+03  9.791E+01  1.018E+02  5.101E+01
 -2.9477500E+03  1.043E+02  1.074E+02  5.023E+01
 -2.9472500E+03  9.610E+01  9.912E+01  4.662E+01
 -2.9467500E+03  8.797E+01  9.351E+01  5.309E+01
 -2.9462500E+03  8.945E+01  8.938E+01  3.171E+01
 -2.9457500E+03  8.735E+01  8.630E+01  2.689E+01
 -2.9452500E+03  7.385E+01  7.835E+01  4.317E+01
 -2.9447500E+03  7.243E+01  7.799E+01  4.665E+01
 -2.9442500E+03  7.711E+01  7.936E+01  3.510E+01
 -2.9437500E+03  7.139E+01  7.304E+01  3.088E+01
 -2.9432500E+03  6.725E+01  6.867E+01  2.879E+01
 -2.9427500E+03  6.460E+01  6.724E+01  3.217E+01
 -2.9422500E+03  6.127E+01  6.472E+01  3.341E+01
 -2.9417500E+03  5.821E+01  5.930E+01  2.329E+01
 -2.9412500E+03  5.220E+01  5.393E+01  2.363E+01
 -2.9407500E+03  5.308E+01  5.436E+01  2.194E+01
 -2.9402500E+03  4.621E+01  4.923E+01  2.603E+01
 -2.9397500E+03  4.268E+01  4.684E+01  2.846E+01
 -2.9392500E+03  3.534E+01  3.695E+01  1.589E+01
 -2.9387500E+03  3.477E+01  3.990E+01  2.979E+01
 -2.9382500E+03  2.887E+01  3.157E+01  1.809E+01
 -2.9377500E+03  3.346E+01  3.579E+01  1.822E+01
 -2.9372500E+03  3.861E+01  3.978E+01  1.611E+01
 -2.9367500E+03  3.174E+01  3.255E+01  1.174E+01
 -2.9362500E+03  2.334E+01  2.479E+01  1.081E+01
 -2.9357500E+03  1.527E+01  1.606E+01  5.558E+00
 -2.9352500E+03  2.158E+01  2.385E+01  1.353E+01
 -2.9347500E+03  7.788E+00  1.177E+01  1.499E+01
 -2.9342500E+03  1.073E+01  1.206E+01  5.566E+00
 -2.9337500E+03  6.094E+00  5.838E+00 -2.568E+00
 -2.9332500E+03  6.665E+00  8.444E+00  5.883E+00
 -2.9327500E+03  1.073E+01  1.218E+01  6.104E+00
 -2.9322500E+03  1.696E+00  2.004E+00 -1.806E+00
 -2.9317500E+03  1.092E+01  1.110E+01  1.103E+00
 -2.9312500E+03  2.017E+00  3.531E+00  3.285E+00
 -2.9307500E+03  2.919E+00  4.608E+00  4.007E+00
 -2.9302500E+03 -1.070E+01 -1.052E+01 -6.827E+00
 -2.9297500E+03 -5.154E+00 -3.202E+00  2.250E+00
 -2.9292500E+03  3.287E+00  2.113E+00 -6.655E+00
 -2.9287500E+03 -7.287E+00 -6.069E+00 -1.147E+00
 -2.9282500E+03 -8.375E+00 -7.937E+00 -5.145E+00
 -2.9277500E+03 -2.945E+00 -5.578E+00 -1.459E+01
 -2.9272500E+03 -1.921E+01 -1.646E+01  1.294E-01
 -2.9267500E+03 -1.061E+01 -1.107E+01 -9.236E+00
 -2.9262500E+03 -9.519E+00 -8.148E+00 -1.492E+00
 -2.9257500E+03 -1.126E+01 -1.068E+01 -5.178E+00
 -2.9252500E+03 -1.384E+01 -1.343E+01 -6.441E+00
 -2.9247500E+03 -1.205E+01 -1.152E+01 -5.891E+00
 -2.9242500E+03 -2.327E+01 -2.192E+01 -6.523E+00
 -2.9237500E+03 -1.886E+01 -1.978E+01 -1.364E+01
 -2.9232500E+03 -2.138E+01 -2.168E+01 -1.243E+01
 -2.9227500E+03 -1.228E+01 -1.370E+01 -1.361E+01
 -2.9222500E+03 -2.184E+01 -2.135E+01 -9.362E+00
 -2.9217500E+03 -2.661E+01 -2.573E+01 -9.272E+00
 -2.9212500E+03 -2.030E+01 -1.826E+01 -2.658E+00
 -2.9207500E+03 -2.872E+01 -2.788E+01 -1.073E+01
 -2.9202500E+03 -2.568E+01 -2.640E+01 -1.523E+01
 -2.9197500E+03 -2.548E+01 -2.758E+01 -2.035E+01
 -2.9192500E+03 -2.402E+01 -2.491E+01 -1.536E+01
 -2.9187500E+03 -2.482E+01 -2.261E+01 -3.528E+00
 -2.9182500E+03 -2.794E+01 -2.950E+01 -1.882E+01
 -2.9177500E+03 -2.065E+01 -2.307E+01 -2.005E+01
 -2.9172500E+03 -2.961E+01 -2.934E+01 -1.276E+01
 -2.9167500E+03 -2.105E+01 -2.139E+01 -1.168E+01
 -2.9162500E+03 -3.343E+01 -3.269E+01 -1.219E+01
 -2.9157500E+03 -2.240E+01 -2.380E+01 -1.640E+01
 -2.9152500E+03 -2.580E+01 -2.627E+01 -1.387E+01
 -2.9147500E+03 -2.944E+01 -2.804E+01 -8.349E+00
 -2.9142500E+03 -3.334E+01 -3.310E+01 -1.404E+01
 -2.9137500E+03 -2.555E+01 -2.664E+01 -1.638E+01
 -2.9132500E+03 -3.231E+01 -3.284E+01 -1.628E+01
 -2.9127500E+03 -3.249E+01 -3.138E+01 -1.005E+01
 -2.9122500E+03 -2.765E+01 -2.755E+01 -1.207E+01
 -2.9117500E+03 -2.762E+01 -2.852E+01 -1.630E+01
 -2.9112500E+03 -3.181E+01 -3.260E+01 -1.766E+01
 -2.9107500E+03 -3.382E+01 -3.306E+01 -1.181E+01
 -2.9102500E+03 -3.081E+01 -3.103E+01 -1.480E+01
 -2.9097500E+03 -3.081E+01 -3.119E+01 -1.530E+01
 -2.9092500E+03 -3.154E+01 -3.275E+01 -1.836E+01
 -2.9087500E+03 -3.145E+01 -3.297E+01 -2.002E+01
 -2.9082500E+03 -2.834E+01 -2.930E+01 -1.639E+01
 -2.9077500E+03 -3.601E+01 -3.697E+01 -1.911E+01
 -2.9072500E+03 -3.384E+01 -3.550E+01 -2.110E+01
 -2.9067500E+03 -3.116E+01 -3.212E+01 -1.736E+01
 -2.9062500E+03 -3.447E+01 -3.502E+01 -1.689E+01
 -2.9057500E+03 -2.962E+01 -3.053E+01 -1.653E+01
 -2.9052500E+03 -3.164E+01 -3.326E+01 -1.966E+01
 -2.9047500E+03 -3.438E+01 -3.547E+01 -1.911E+01
 -2.9042500E+03 -3.164E+01 -3.131E+01 -1.276E+01
 -2.9037500E+03 -2.893E+01 -2.939E+01 -1.474E+01
 -2.9032500E+03 -3.372E+01 -3.478E+01 -1.860E+01
 -2.9027500E+03 -3.258E+01 -3.359E+01 -1.796E+01
 -2.9022500E+03 -3.648E+01 -3.502E+01 -9.794E+00
 -2.9017500E+03 -3.418E+01 -3.395E+01 -1.367E+01
 -2.9012500E+03 -3.170E+01 -3.346E+01 -2.055E+01
 -2.9007500E+03 -3.085E+01 -3.140E+01 -1.535E+01
 -2.9002500E+03 -3.288E+01 -3.379E+01 -1.748E+01
 -2.8997500E+03 -3.604E+01 -3.634E+01 -1.627E+01
 -2.8992500E+03 -3.101E+01 -3.104E+01 -1.334E+01
 -2.8987500E+03 -3.398E+01 -3.434E+01 -1.568E+01
 -2.8982500E+03 -3.105E+01 -3.257E+01 -1.904E+01
 -2.8977500E+03 -2.807E+01 -2.930E+01 -1.737E+01
 -2.8972500E+03 -3.662E+01 -3.601E+01 -1.291E+01
 -2.8967500E+03 -3.182E+01 -3.206E+01 -1.442E+01
 -2.8962500E+03 -3.110E+01 -3.113E+01 -1.309E+01
 -2.8957500E+03 -3.497E+01 -3.657E+01 -2.081E+01
 -2.8952500E+03 -3.289E+01 -3.310E+01 -1.479E+01
 -2.8947500E+03 -3.000E+01 -3.091E+01 -1.603E+01
 -2.8942500E+03 -2.947E+01 -3.111E+01 -1.896E+01
 -2.8937500E+03 -2.972E+01 -3.116E+01 -1.826E+01
 -2.8932500E+03 -3.269E+01 -3.494E+01 -2.212E+01
 -2.8927500E+03 -3.364E+01 -3.441E+01 -1.639E+01
 -2.8922500E+03 -3.018E+01 -3.078E+01 -1.534E+01
 -2.8917500E+03 -3.676E+01 -3.592E+01 -1.187E+01
 -2.8912500E+03 -2.817E+01 -2.861E+01 -1.370E+01
 -2.8907500E+03 -2.844E+01 -3.001E+01 -1.820E+01
 -2.8902500E+03 -3.247E+01 -3.216E+01 -1.217E+01
 -2.8897500E+03 -3.024E+01 -3.134E+01 -1.721E+01
 -2.8892500E+03 -3.357E+01 -3.484E+01 -1.863E+01
 -2.8887500E+03 -3.414E+01 -3.540E+01 -1.871E+01
 -2.8882500E+03 -2.848E+01 -2.955E+01 -1.682E+01
 -2.8877500E+03 -3.047E+01 -3.051E+01 -1.324E+01
 -2.8872500E+03 -3.250E+01 -3.356E+01 -1.751E+01
 -2.8867500E+03 -3.270E+01 -3.326E+01 -1.581E+01
 -2.8862500E+03 -3.275E+01 -3.226E+01 -1.147E+01
 -2.8857500E+03 -3.123E+01 -3.155E+01 -1.424E+01
 -2.8852500E+03 -2.912E+01 -3.013E+01 -1.562E+01
 -2.8847500E+03 -3.166E+01 -3.276E+01 -1.746E+01
 -2.8842500E+03 -3.265E+01 -3.223E+01 -1.170E+01
 -2.8837500E+03 -2.897E+01 -3.141E+01 -2.180E+01
 -2.8832500E+03 -2.981E+01 -2.962E+01 -1.159E+01
 -2.8827500E+03 -2.861E+01 -2.900E+01 -1.378E+01
 -2.8822500E+03 -3.029E+01 -3.024E+01 -1.236E+01
 -2.8817500E+03 -3.237E+01 -3.282E+01 -1.506E+01
 -2.8812500E+03 -3.146E+01 -3.262E+01 -1.716E+01
 -2.8807500E+03 -2.682E+01 -2.862E+01 -1.814E+01
 -2.8802500E+03 -2.697E+01 -2.709E+01 -1.207E+01
 -2.8797500E+03 -2.992E+01 -3.151E+01 -1.832E+01
 -2.8792500E+03 -2.820E+01 -2.947E+01 -1.658E+01
 -2.8787500E+03 -3.072E+01 -3.152E+01 -1.564E+01
 -2.8782500E+03 -3.079E+01 -3.098E+01 -1.346E+01
 -2.8777500E+03 -2.992E+01 -2.916E+01 -9.347E+00
 -2.8772500E+03 -2.881E+01 -3.029E+01 -1.793E+01
 -2.8767500E+03 -3.087E+01 -3.221E+01 -1.778E+01
 -2.8762500E+03 -3.196E+01 -3.209E+01 -1.357E+01
 -2.8757500E+03 -2.952E+01 -2.936E+01 -1.132E+01
 -2.8752500E+03 -2.887E+01 -2.936E+01 -1.386E+01
 -2.8747500E+03 -2.722E+01 -2.824E+01 -1.531E+01
 -2.8742500E+03 -3.058E+01 -3.174E+01 -1.686E+01
 -2.8737500E+03 -3.033E+01 -3.091E+01 -1.478E+01
 -2.8732500E+03 -2.790E+01 -2.793E+01 -1.186E+01
 -2.8727500E+03 -2.703E+01 -2.747E+01 -1.297E+01
 -2.8722500E+03 -2.726E+01 -2.774E+01 -1.297E+01
 -2.8717500E+03 -2.771E+01 -2.846E+01 -1.427E+01
 -2.8712500E+03 -2.734E+01 -2.828E+01 -1.487E+01
 -2.8707500E+03 -2.514E+01 -2.636E+01 -1.499E+01
 -2.8702500E+03 -2.727E+01 -2.830E+01 -1.524E+01
 -2.8697500E+03 -2.652E+01 -2.774E+01 -1.585E+01
 -2.8692500E+03 -2.490E+01 -2.599E+01 -1.456E+01
 -2.8687500E+03 -2.616E+01 -2.715E+01 -1.455E+01
 -2.8682500E+03 -2.980E+01 -3.124E+01 -1.787E+01
 -2.8677500E+03 -2.556E+01 -2.694E+01 -1.628E+01
 -2.8672500E+03 -2.912E+01 -2.915E+01 -1.193E+01
 -2.8667500E+03 -2.627E+01 -2.763E+01 -1.613E+01
 -2.8662500E+03 -2.709E+01 -2.756E+01 -1.266E+01
 -2.8657500E+03 -2.931E+01 -2.980E+01 -1.391E+01
 -2.8652500E+03 -2.708E+01 -2.812E+01 -1.503E+01
 -2.8647500E+03 -2.739E+01 -2.780E+01 -1.274E+01
 -2.8642500E+03 -2.612E+01 -2.744E+01 -1.592E+01
 -2.8637500E+03 -2.547E+01 -2.632E+01 -1.380E+01
 -2.8632500E+03 -2.663E+01 -2.726E+01 -1.333E+01
 -2.8627500E+03 -2.721E+01 -2.752E+01 -1.220E+01
 -2.8622500E+03 -2.632E+01 -2.701E+01 -1.307E+01
 -2.8617500E+03 -2.486E+01 -2.601E+01 -1.479E+01
 -2.8612500E+03 -2.863E+01 -2.890E+01 -1.235E+01
 -2.8607500E+03 -2.648E+01 -2.663E+01 -1.140E+01
 -2.8602500E+03 -2.544E+01 -2.560E+01 -1.148E+01
 -2.8597500E+03 -2.524E+01 -2.650E+01 -1.535E+01
 -2.8592500E+03 -2.331E+01 -2.364E+01 -1.090E+01
 -2.8587500E+03 -2.551E+01 -2.651E+01 -1.395E+01
 -2.8582500E+03 -2.311E+01 -2.421E+01 -1.329E+01
 -2.8577500E+03 -2.134E+01 -2.300E+01 -1.537E+01
 -2.8572500E+03 -2.587E+01 -2.607E+01 -1.174E+01
 -2.8567500E+03 -2.592E+01 -2.689E+01 -1.457E+01
 -2.8562500E+03 -2.457E+01 -2.468E+01 -1.051E+01
 -2.8557500E+03 -2.547E+01 -2.597E+01 -1.264E+01
 -2.8552500E+03 -2.557E+01 -2.610E+01 -1.204E+01
 -2.8547500E+03 -2.509E+01 -2.583E+01 -1.294E+01
 -2.8542500E+03 -2.292E+01 -2.369E+01 -1.261E+01
 -2.8537500E+03 -2.462E+01 -2.455E+01 -9.621E+00
 -2.8532500E+03 -2.388E+01 -2.455E+01 -1.232E+01
 -2.8527500E+03 -2.436E+01 -2.486E+01 -1.220E+01
 -2.8522500E+03 -2.397E+01 -2.476E+01 -1.189E+01
 -2.8517500E+03 -2.358E+01 -2.473E+01 -1.369E+01
 -2.8512500E+03 -2.457E+01 -2.505E+01 -1.197E+01
 -2.8507500E+03 -2.423E+01 -2.480E+01 -1.250E+01
 -2.8502500E+03 -2.292E+01 -2.275E+01 -9.257E+00
 -2.8497500E+03 -2.266E+01 -2.308E+01 -1.102E+01
 -2.8492500E+03 -2.239E+01 -2.322E+01 -1.220E+01
 -2.8487500E+03 -2.545E+01 -2.625E+01 -1.323E+01
 -2.8482500E+03 -2.269E+01 -2.290E+01 -1.022E+01
 -2.8477500E+03 -2.354E+01 -2.434E+01 -1.282E+01
 -2.8472500E+03 -2.278E+01 -2.407E+01 -1.413E+01
 -2.8467500E+03 -2.072E+01 -2.173E+01 -1.246E+01
 -2.8462500E+03 -2.240E+01 -2.356E+01 -1.375E+01
 -2.8457500E+03 -2.274E+01 -2.296E+01 -1.026E+01
 -2.8452500E+03 -2.419E+01 -2.454E+01 -1.144E+01
 -2.8447500E+03 -2.254E+01 -2.339E+01 -1.201E+01
 -2.8442500E+03 -2.142E+01 -2.210E+01 -1.158E+01
 -2.8437500E+03 -2.307E+01 -2.322E+01 -9.956E+00
 -2.8432500E+03 -2.400E+01 -2.425E+01 -1.088E+01
 -2.8427500E+03 -2.393E+01 -2.549E+01 -1.581E+01
 -2.8422500E+03 -2.388E+01 -2.481E+01 -1.291E+01
 -2.8417500E+03 -1.770E+01 -1.794E+01 -8.711E+00
 -2.8412500E+03 -2.360E+01 -2.422E+01 -1.218E+01
 -2.8407500E+03 -2.304E+01 -2.352E+01 -1.115E+01
 -2.8402500E+03 -2.302E+01 -2.384E+01 -1.253E+01
 -2.8397500E+03 -2.192E+01 -2.320E+01 -1.391E+01
 -2.8392500E+03 -2.202E+01 -2.385E+01 -1.570E+01
 -2.8387500E+03 -2.145E+01 -2.182E+01 -1.029E+01
 -2.8382500E+03 -2.123E+01 -2.219E+01 -1.239E+01
 -2.8377500E+03 -2.243E+01 -2.237E+01 -9.057E+00
 -2.8372500E+03 -2.123E+01 -2.194E+01 -1.112E+01
 -2.8367500E+03 -2.065E+01 -2.115E+01 -9.988E+00
 -2.8362500E+03 -2.159E+01 -2.185E+01 -1.003E+01
 -2.8357500E+03 -2.274E+01 -2.325E+01 -1.135E+01
 -2.8352500E+03 -2.039E+01 -2.128E+01 -1.139E+01
 -2.8347500E+03 -1.931E+01 -2.016E+01 -1.124E+01
 -2.8342500E+03 -2.086E+01 -2.158E+01 -1.116E+01
 -2.8337500E+03 -2.008E+01 -2.059E+01 -1.126E+01
 -2.8332500E+03 -2.024E+01 -2.070E+01 -1.003E+01
 -2.8327500E+03 -2.104E+01 -2.160E+01 -1.116E+01
 -2.8322500E+03 -2.098E+01 -2.198E+01 -1.187E+01
 -2.8317500E+03 -1.971E+01 -1.998E+01 -9.347E+00
 -2.8312500E+03 -1.907E+01 -1.965E+01 -1.031E+01
 -2.8307500E+03 -2.055E+01 -2.055E+01 -8.809E+00
 -2.8302500E+03 -2.114E+01 -2.154E+01 -9.829E+00
 -2.8297500E+03 -1.991E+01 -2.052E+01 -1.074E+01
 -2.8292500E+03 -2.103E+01 -2.162E+01 -1.033E+01
 -2.8287500E+03 -2.205E+01 -2.198E+01 -8.431E+00
 -2.8282500E+03 -1.979E+01 -2.019E+01 -9.711E+00
 -2.8277500E+03 -2.097E+01 -2.135E+01 -9.803E+00
 -2.8272500E+03 -2.066E+01 -2.091E+01 -9.549E+00
 -2.8267500E+03 -2.137E+01 -2.171E+01 -1.006E+01
 -2.8262500E+03 -1.848E+01 -1.917E+01 -1.016E+01
 -2.8257500E+03 -1.957E+01 -1.992E+01 -9.248E+00
 -2.8252500E+03 -1.992E+01 -2.081E+01 -1.151E+01
 -2.8247500E+03 -2.143E+01 -2.229E+01 -1.226E+01
 -2.8242500E+03 -2.102E+01 -2.160E+01 -1.083E+01
 -2.8237500E+03 -2.090E+01 -2.115E+01 -9.491E+00
 -2.8232500E+03 -1.923E+01 -1.974E+01 -9.579E+00
 -2.8227500E+03 -1.691E+01 -1.765E+01 -9.829E+00
 -2.8222500E+03 -1.926E+01 -1.977E+01 -9.896E+00
 -2.8217500E+03 -2.097E+01 -2.184E+01 -1.173E+01
 -2.8212500E+03 -1.847E+01 -1.929E+01 -1.061E+01
 -2.8207500E+03 -1.990E+01 -2.055E+01 -1.116E+01
 -2.8202500E+03 -2.154E+01 -2.191E+01 -9.513E+00
 -2.8197500E+03 -1.944E+01 -2.018E+01 -1.035E+01
 -2.8192500E+03 -1.726E+01 -1.851E+01 -1.186E+01
 -2.8187500E+03 -1.569E+01 -1.620E+01 -8.606E+00
 -2.8182500E+03 -1.828E+01 -1.886E+01 -9.614E+00
 -2.8177500E+03 -1.725E+01 -1.750E+01 -8.269E+00
 -2.8172500E+03 -1.827E+01 -1.789E+01 -6.333E+00
 -2.8167500E+03 -1.976E+01 -1.925E+01 -6.206E+00
 -2.8162500E+03 -1.948E+01 -2.003E+01 -1.035E+01
 -2.8157500E+03 -1.952E+01 -1.963E+01 -8.374E+00
 -2.8152500E+03 -1.712E+01 -1.795E+01 -1.026E+01
 -2.8147500E+03 -1.793E+01 -1.980E+01 -1.403E+01
 -2.8142500E+03 -1.864E+01 -1.858E+01 -7.438E+00
 -2.8137500E+03 -1.883E+01 -1.878E+01 -7.583E+00
 -2.8132500E+03 -1.737E+01 -1.815E+01 -9.763E+00
 -2.8127500E+03 -1.864E+01 -1.953E+01 -1.110E+01
 -2.8122500E+03 -1.736E+01 -1.785E+01 -9.244E+00
 -2.8117500E+03 -1.735E+01 -1.820E+01 -1.006E+01
 -2.8112500E+03 -1.764E+01 -1.874E+01 -1.161E+01
 -2.8107500E+03 -1.604E+01 -1.675E+01 -9.753E+00
 -2.8102500E+03 -1.763E+01 -1.827E+01 -9.555E+00
 -2.8097500E+03 -1.825E+01 -1.886E+01 -9.798E+00
 -2.8092500E+03 -1.722E+01 -1.765E+01 -8.587E+00
 -2.8087500E+03 -1.791E+01 -1.828E+01 -8.731E+00
 -2.8082500E+03 -1.766E+01 -1.852E+01 -1.046E+01
 -2.8077500E+03 -1.762E+01 -1.841E+01 -9.901E+00
 -2.8072500E+03 -1.760E+01 -1.797E+01 -8.417E+00
 -2.8067500E+03 -1.625E+01 -1.644E+01 -7.457E+00
 -2.8062500E+03 -1.663E+01 -1.724E+01 -9.131E+00
 -2.8057500E+03 -1.684E+01 -1.699E+01 -7.351E+00
 -2.8052500E+03 -1.900E+01 -2.014E+01 -1.162E+01
 -2.8047500E+03 -1.644E+01 -1.647E+01 -6.770E+00
 -2.8042500E+03 -1.580E+01 -1.610E+01 -8.099E+00
 -2.8037500E+03 -1.833E+01 -1.833E+01 -7.678E+00
 -2.8032500E+03 -1.814E+01 -1.821E+01 -7.665E+00
 -2.8027500E+03 -1.572E+01 -1.651E+01 -9.573E+00
 -2.8022500E+03 -1.693E+01 -1.790E+01 -1.026E+01
 -2.8017500E+03 -1.718E+01 -1.746E+01 -7.925E+00
 -2.8012500E+03 -1.562E+01 -1.604E+01 -7.807E+00
 -2.8007500E+03 -1.555E+01 -1.623E+01 -8.958E+00
 -2.8002500E+03 -1.680E+01 -1.694E+01 -7.458E+00
 -2.7997500E+03 -1.543E+01 -1.620E+01 -9.247E+00
 -2.7992500E+03 -1.783E+01 -1.889E+01 -1.095E+01
 -2.7987500E+03 -1.320E+01 -1.455E+01 -1.052E+01
 -2.7982500E+03 -1.759E+01 -1.810E+01 -8.878E+00
 -2.7977500E+03 -1.776E+01 -1.738E+01 -5.958E+00
 -2.7972500E+03 -1.453E+01 -1.543E+01 -9.574E+00
 -2.7967500E+03 -1.756E+01 -1.744E+01 -6.971E+00
 -2.7962500E+03 -1.596E+01 -1.696E+01 -1.027E+01
 -2.7957500E+03 -1.492E+01 -1.573E+01 -9.239E+00
 -2.7952500E+03 -1.570E+01 -1.636E+01 -9.048E+00
 -2.7947500E+03 -1.622E+01 -1.652E+01 -7.875E+00
 -2.7942500E+03 -1.667E+01 -1.728E+01 -8.930E+00
 -2.7937500E+03 -1.554E+01 -1.618E+01 -8.764E+00
 -2.7932500E+03 -1.454E+01 -1.498E+01 -7.906E+00
 -2.7927500E+03 -1.658E+01 -1.689E+01 -7.991E+00
 -2.7922500E+03 -1.640E+01 -1.705E+01 -8.750E+00
 -2.7917500E+03 -1.622E+01 -1.706E+01 -1.017E+01
 -2.7912500E+03 -1.388E+01 -1.483E+01 -9.638E+00
 -2.7907500E+03 -1.480E+01 -1.496E+01 -6.468E+00
 -2.7902500E+03 -1.650E+01 -1.701E+01 -8.247E+00
 -2.7897500E+03 -1.451E+01 -1.473E+01 -6.495E+00
 -2.7892500E+03 -1.251E+01 -1.291E+01 -6.591E+00
 -2.7887500E+03 -1.541E+01 -1.634E+01 -9.537E+00
 -2.7882500E+03 -1.487E+01 -1.575E+01 -9.206E+00
 -2.7877500E+03 -1.508E+01 -1.545E+01 -8.084E+00
 -2.7872500E+03 -1.703E+01 -1.709E+01 -7.248E+00
 -2.7867500E+03 -1.577E+01 -1.610E+01 -8.023E+00
 -2.7862500E+03 -1.594E+01 -1.579E+01 -6.173E+00
 -2.7857500E+03 -1.460E+01 -1.533E+01 -8.618E+00
 -2.7852500E+03 -1.564E+01 -1.660E+01 -9.723E+00
 -2.7847500E+03 -1.590E+01 -1.672E+01 -9.255E+00
 -2.7842500E+03 -1.381E+01 -1.474E+01 -9.932E+00
 -2.7837500E+03 -1.317E+01 -1.379E+01 -7.848E+00
 -2.7832500E+03 -1.300E+01 -1.340E+01 -6.034E+00
 -2.7827500E+03 -1.531E+01 -1.538E+01 -6.422E+00
 -2.7822500E+03 -1.513E+01 -1.476E+01 -5.190E+00
 -2.7817500E+03 -1.485E+01 -1.566E+01 -8.990E+00
 -2.7812500E+03 -1.412E+01 -1.484E+01 -8.376E+00
 -2.7807500E+03 -1.465E+01 -1.495E+01 -6.844E+00
 -2.7802500E+03 -1.623E+01 -1.639E+01 -7.814E+00
 -2.7797500E+03 -1.475E+01 -1.456E+01 -5.759E+00
 -2.7792500E+03 -1.406E+01 -1.447E+01 -6.788E+00
 -2.7787500E+03 -1.464E+01 -1.482E+01 -6.461E+00
 -2.7782500E+03 -1.450E+01 -1.477E+01 -6.895E+00
 -2.7777500E+03 -1.307E+01 -1.350E+01 -6.521E+00
 -2.7772500E+03 -1.322E+01 -1.391E+01 -7.822E+00
 -2.7767500E+03 -1.411E+01 -1.451E+01 -7.432E+00
 -2.7762500E+03 -1.595E+01 -1.588E+01 -6.196E+00
 -2.7757500E+03 -1.622E+01 -1.699E+01 -8.954E+00
 -2.7752500E+03 -1.333E+01 -1.370E+01 -6.647E+00
 -2.7747500E+03 -1.373E+01 -1.388E+01 -6.363E+00
 -2.7742500E+03 -1.448E+01 -1.465E+01 -6.655E+00
 -2.7737500E+03 -1.400E+01 -1.441E+01 -7.205E+00
 -2.7732500E+03 -1.328E+01 -1.394E+01 -8.225E+00
 -2.7727500E+03 -1.269E+01 -1.351E+01 -8.697E+00
 -2.7722500E+03 -1.549E+01 -1.545E+01 -5.804E+00
 -2.7717500E+03 -1.432E+01 -1.491E+01 -7.874E+00
 -2.7712500E+03 -1.327E+01 -1.417E+01 -8.712E+00
 -2.7707500E+03 -1.203E+01 -1.265E+01 -7.396E+00
 -2.7702500E+03 -1.269E+01 -1.306E+01 -6.586E+00
 -2.7697500E+03 -1.318E+01 -1.376E+01 -7.821E+00
 -2.7692500E+03 -1.335E+01 -1.358E+01 -6.382E+00
 -2.7687500E+03 -1.307E+01 -1.362E+01 -7.407E+00
 -2.7682500E+03 -1.269E+01 -1.304E+01 -6.559E+00
 -2.7677500E+03 -1.431E+01 -1.449E+01 -6.169E+00
 -2.7672500E+03 -1.530E+01 -1.547E+01 -6.626E+00
 -2.7667500E+03 -1.369E+01 -1.406E+01 -7.319E+00
 -2.7662500E+03 -1.236E+01 -1.274E+01 -6.847E+00
 -2.7657500E+03 -1.310E+01 -1.309E+01 -5.283E+00
 -2.7652500E+03 -1.148E+01 -1.165E+01 -5.218E+00
 -2.7647500E+03 -1.282E+01 -1.324E+01 -6.842E+00
 -2.7642500E+03 -1.366E+01 -1.433E+01 -9.040E+00
 -2.7637500E+03 -1.287E+01 -1.303E+01 -7.495E+00
 -2.7632500E+03 -1.383E+01 -1.427E+01 -6.547E+00
 -2.7627500E+03 -1.239E+01 -1.245E+01 -4.989E+00
 -2.7622500E+03 -1.152E+01 -1.222E+01 -7.776E+00
 -2.7617500E+03 -1.484E+01 -1.531E+01 -7.616E+00
 -2.7612500E+03 -1.396E+01 -1.412E+01 -6.388E+00
 -2.7607500E+03 -1.329E+01 -1.356E+01 -6.666E+00
 -2.7602500E+03 -1.184E+01 -1.282E+01 -8.942E+00
 -2.7597500E+03 -1.124E+01 -1.128E+01 -4.705E+00
 -2.7592500E+03 -1.254E+01 -1.287E+01 -6.402E+00
 -2.7587500E+03 -1.239E+01 -1.287E+01 -6.721E+00
 -2.7582500E+03 -1.379E+01 -1.356E+01 -4.647E+00
 -2.7577500E+03 -1.271E+01 -1.263E+01 -5.520E+00
 -2.7572500E+03 -1.238E+01 -1.262E+01 -6.590E+00
 -2.7567500E+03 -1.246E+01 -1.285E+01 -6.412E+00
 -2.7562500E+03 -1.228E+01 -1.280E+01 -5.862E+00
 -2.7557500E+03 -1.205E+01 -1.253E+01 -6.409E+00
 -2.7552500E+03 -1.251E+01 -1.288E+01 -6.593E+00
 -2.7547500E+03 -1.192E+01 -1.213E+01 -5.940E+00
 -2.7542500E+03 -1.269E+01 -1.266E+01 -5.234E+00
 -2.7537500E+03 -1.222E+01 -1.292E+01 -6.936E+00
 -2.7532500E+03 -1.105E+01 -1.309E+01 -1.034E+01
 -2.7527500E+03 -1.188E+01 -1.183E+01 -4.624E+00
 -2.7522500E+03 -9.860E+00 -1.036E+01 -5.640E+00
 -2.7517500E+03 -1.197E+01 -1.277E+01 -8.125E+00
 -2.7512500E+03 -1.295E+01 -1.290E+01 -5.394E+00
 -2.7507500E+03 -1.294E+01 -1.327E+01 -6.887E+00
 -2.7502500E+03 -1.179E+01 -1.191E+01 -5.655E+00
 -2.7497500E+03 -1.170E+01 -1.198E+01 -5.590E+00
 -2.7492500E+03 -1.160E+01 -1.132E+01 -4.017E+00
 -2.7487500E+03 -1.249E+01 -1.306E+01 -7.092E+00
 -2.7482500E+03 -1.214E+01 -1.250E+01 -5.850E+00
 -2.7477500E+03 -1.173E+01 -1.214E+01 -6.247E+00
 -2.7472500E+03 -1.131E+01 -1.207E+01 -7.414E+00
 -2.7467500E+03 -1.226E+01 -1.265E+01 -6.337E+00
 -2.7462500E+03 -1.207E+01 -1.230E+01 -5.937E+00
 -2.7457500E+03 -1.157E+01 -1.188E+01 -5.933E+00
 -2.7452500E+03 -1.087E+01 -1.104E+01 -5.330E+00
 -2.7447500E+03 -1.140E+01 -1.108E+01 -4.275E+00
 -2.7442500E+03 -1.138E+01 -1.153E+01 -5.262E+00
 -2.7437500E+03 -1.084E+01 -1.167E+01 -7.484E+00
 -2.7432500E+03 -1.137E+01 -1.148E+01 -4.733E+00
 -2.7427500E+03 -1.141E+01 -1.183E+01 -6.238E+00
 -2.7422500E+03 -1.139E+01 -1.128E+01 -4.756E+00
 -2.7417500E+03 -1.094E+01 -1.189E+01 -7.638E+00
 -2.7412500E+03 -1.008E+01 -1.102E+01 -8.060E+00
 -2.7407500E+03 -1.051E+01 -1.123E+01 -6.985E+00
 -2.7402500E+03 -1.118E+01 -1.146E+01 -5.735E+00
 -2.7397500E+03 -1.096E+01 -1.138E+01 -6.173E+00
 -2.7392500E+03 -1.214E+01 -1.222E+01 -5.189E+00
 -2.7387500E+03 -1.199E+01 -1.258E+01 -6.270E+00
 -2.7382500E+03 -1.097E+01 -1.140E+01 -5.954E+00
 -2.7377500E+03 -1.114E+01 -1.163E+01 -6.143E+00
 -2.7372500E+03 -1.116E+01 -1.106E+01 -3.860E+00
 -2.7367500E+03 -1.052E+01 -1.077E+01 -4.919E+00
 -2.7362500E+03 -1.164E+01 -1.171E+01 -5.168E+00
 -2.7357500E+03 -1.101E+01 -1.121E+01 -5.172E+00
 -2.7352500E+03 -1.132E+01 -1.180E+01 -6.551E+00
 -2.7347500E+03 -1.020E+01 -1.113E+01 -7.744E+00
 -2.7342500E+03 -9.511E+00 -1.031E+01 -6.942E+00
 -2.7337500E+03 -1.203E+01 -1.207E+01 -4.517E+00
 -2.7332500E+03 -9.658E+00 -9.376E+00 -3.689E+00
 -2.7327500E+03 -1.018E+01 -1.003E+01 -4.403E+00
 -2.7322500E+03 -8.620E+00 -8.593E+00 -4.646E+00
 -2.7317500E+03 -1.065E+01 -1.118E+01 -7.006E+00
 -2.7312500E+03 -1.318E+01 -1.354E+01 -6.510E+00
 -2.7307500E+03 -1.143E+01 -1.190E+01 -6.399E+00
 -2.7302500E+03 -1.160E+01 -1.202E+01 -6.544E+00
 -2.7297500E+03 -1.008E+01 -1.024E+01 -4.313E+00
 -2.7292500E+03 -9.397E+00 -9.844E+00 -5.560E+00
 -2.7287500E+03 -1.013E+01 -1.035E+01 -5.366E+00
 -2.7282500E+03 -9.695E+00 -1.005E+01 -5.297E+00
 -2.7277500E+03 -1.083E+01 -1.146E+01 -6.944E+00
 -2.7272500E+03 -9.985E+00 -1.012E+01 -4.658E+00
 -2.7267500E+03 -9.395E+00 -9.603E+00 -4.629E+00
 -2.7262500E+03 -9.710E+00 -1.007E+01 -4.995E+00
 -2.7257500E+03 -1.095E+01 -1.110E+01 -5.437E+00
 -2.7252500E+03 -9.792E+00 -1.067E+01 -6.508E+00
 -2.7247500E+03 -1.025E+01 -1.054E+01 -4.447E+00
 -2.7242500E+03 -1.008E+01 -1.046E+01 -5.722E+00
 -2.7237500E+03 -9.807E+00 -1.036E+01 -5.719E+00
 -2.7232500E+03 -1.035E+01 -1.063E+01 -5.223E+00
 -2.7227500E+03 -1.041E+01 -1.066E+01 -5.486E+00
 -2.7222500E+03 -9.522E+00 -9.885E+00 -5.272E+00
 -2.7217500E+03 -9.651E+00 -1.019E+01 -6.137E+00
 -2.7212500E+03 -8.910E+00 -9.410E+00 -5.521E+00
 -2.7207500E+03 -1.129E+01 -1.128E+01 -4.305E+00
 -2.7202500E+03 -9.149E+00 -9.926E+00 -6.789E+00
 -2.7197500E+03 -9.414E+00 -9.914E+00 -5.845E+00
 -2.7192500E+03 -1.069E+01 -1.124E+01 -6.650E+00
 -2.7187500E+03 -8.833E+00 -9.371E+00 -5.868E+00
 -2.7182500E+03 -1.030E+01 -1.120E+01 -7.244E+00
 -2.7177500E+03 -1.006E+01 -1.030E+01 -5.114E+00
 -2.7172500E+03 -1.054E+01 -1.007E+01 -2.773E+00
 -2.7167500E+03 -9.174E+00 -9.762E+00 -6.284E+00
 -2.7162500E+03 -9.386E+00 -9.933E+00 -5.952E+00
 -2.7157500E+03 -9.645E+00 -1.052E+01 -6.609E+00
 -2.7152500E+03 -9.930E+00 -1.013E+01 -4.616E+00
 -2.7147500E+03 -9.512E+00 -9.492E+00 -3.614E+00
 -2.7142500E+03 -8.153E+00 -8.595E+00 -4.999E+00
 -2.7137500E+03 -1.002E+01 -1.076E+01 -7.016E+00
 -2.7132500E+03 -9.183E+00 -8.999E+00 -2.737E+00
 -2.7127500E+03 -8.989E+00 -9.251E+00 -4.712E+00
 -2.7122500E+03 -1.040E+01 -1.050E+01 -4.279E+00
 -2.7117500E+03 -1.024E+01 -1.049E+01 -5.202E+00
 -2.7112500E+03 -8.346E+00 -8.513E+00 -3.932E+00
 -2.7107500E+03 -9.051E+00 -9.755E+00 -6.350E+00
 -2.7102500E+03 -9.264E+00 -9.756E+00 -5.602E+00
 -2.7097500E+03 -1.013E+01 -1.003E+01 -3.655E+00
 -2.7092500E+03 -7.754E+00 -8.515E+00 -6.254E+00
 -2.7087500E+03 -8.994E+00 -9.413E+00 -5.114E+00
 -2.7082500E+03 -9.898E+00 -1.008E+01 -4.907E+00
 -2.7077500E+03 -9.907E+00 -9.856E+00 -4.087E+00
 -2.7072500E+03 -8.136E+00 -8.661E+00 -5.458E+00
 -2.7067500E+03 -7.566E+00 -8.300E+00 -5.862E+00
 -2.7062500E+03 -9.576E+00 -9.770E+00 -4.347E+00
 -2.7057500E+03 -8.960E+00 -9.329E+00 -5.225E+00
 -2.7052500E+03 -8.637E+00 -8.886E+00 -4.707E+00
 -2.7047500E+03 -8.547E+00 -8.794E+00 -4.323E+00
 -2.7042500E+03 -8.864E+00 -9.360E+00 -5.704E+00
 -2.7037500E+03 -9.936E+00 -9.964E+00 -4.095E+00
 -2.7032500E+03 -8.708E+00 -8.963E+00 -4.603E+00
 -2.7027500E+03 -8.040E+00 -8.346E+00 -4.681E+00
 -2.7022500E+03 -9.966E+00 -1.034E+01 -5.487E+00
 -2.7017500E+03 -9.202E+00 -9.179E+00 -3.736E+00
 -2.7012500E+03 -8.635E+00 -8.690E+00 -3.745E+00
 -2.7007500E+03 -8.885E+00 -9.020E+00 -3.909E+00
 -2.7002500E+03 -7.823E+00 -8.370E+00 -5.103E+00
 -2.6997500E+03 -9.970E+00 -1.000E+01 -4.185E+00
 -2.6992500E+03 -7.792E+00 -8.361E+00 -5.646E+00
 -2.6987500E+03 -8.571E+00 -8.542E+00 -3.418E+00
 -2.6982500E+03 -8.333E+00 -8.895E+00 -4.759E+00
 -2.6977500E+03 -8.406E+00 -8.439E+00 -3.634E+00
 -2.6972500E+03 -8.138E+00 -8.219E+00 -3.853E+00
 -2.6967500E+03 -8.883E+00 -9.323E+00 -4.927E+00
 -2.6962500E+03 -9.847E+00 -1.002E+01 -4.769E+00
 -2.6957500E+03 -7.743E+00 -8.049E+00 -4.661E+00
 -2.6952500E+03 -7.999E+00 -8.392E+00 -4.377E+00
 -2.6947500E+03 -8.447E+00 -8.635E+00 -4.116E+00
 -2.6942500E+03 -7.511E+00 -7.582E+00 -3.540E+00
 -2.6937500E+03 -9.346E+00 -9.351E+00 -3.754E+00
 -2.6932500E+03 -8.107E+00 -8.389E+00 -3.895E+00
 -2.6927500E+03 -7.846E+00 -8.441E+00 -5.685E+00
 -2.6922500E+03 -8.996E+00 -8.935E+00 -3.318E+00
 -2.6917500E+03 -8.133E+00 -8.361E+00 -4.003E+00
 -2.6912500E+03 -8.625E+00 -8.769E+00 -4.392E+00
 -2.6907500E+03 -9.006E+00 -9.070E+00 -4.344E+00
 -2.6902500E+03 -8.622E+00 -8.826E+00 -4.764E+00
 -2.6897500E+03 -7.941E+00 -8.006E+00 -3.819E+00
 -2.6892500E+03 -8.052E+00 -8.223E+00 -3.875E+00
 -2.6887500E+03 -8.206E+00 -8.406E+00 -4.113E+00
 -2.6882500E+03 -6.742E+00 -6.955E+00 -4.008E+00
 -2.6877500E+03 -7.528E+00 -8.511E+00 -6.558E+00
 -2.6872500E+03 -9.016E+00 -9.253E+00 -4.670E+00
 -2.6867500E+03 -8.627E+00 -9.281E+00 -5.306E+00
 -2.6862500E+03 -7.484E+00 -8.154E+00 -5.221E+00
 -2.6857500E+03 -9.349E+00 -9.404E+00 -4.198E+00
 -2.6852500E+03 -8.220E+00 -8.378E+00 -3.968E+00
 -2.6847500E+03 -7.501E+00 -7.835E+00 -4.486E+00
 -2.6842500E+03 -7.775E+00 -8.447E+00 -5.359E+00
 -2.6837500E+03 -7.580E+00 -7.936E+00 -4.644E+00
 -2.6832500E+03 -8.848E+00 -9.186E+00 -5.001E+00
 -2.6827500E+03 -8.102E+00 -8.810E+00 -5.996E+00
 -2.6822500E+03 -7.022E+00 -7.307E+00 -3.764E+00
 -2.6817500E+03 -9.041E+00 -9.112E+00 -3.635E+00
 -2.6812500E+03 -7.873E+00 -7.785E+00 -2.616E+00
 -2.6807500E+03 -7.235E+00 -7.486E+00 -4.173E+00
 -2.6802500E+03 -8.997E+00 -9.256E+00 -4.298E+00
 -2.6797500E+03 -8.230E+00 -8.634E+00 -4.848E+00
 -2.6792500E+03 -7.861E+00 -8.064E+00 -3.850E+00
 -2.6787500E+03 -8.090E+00 -8.653E+00 -5.459E+00
 -2.6782500E+03 -7.869E+00 -8.480E+00 -5.518E+00
 -2.6777500E+03 -8.264E+00 -8.327E+00 -3.230E+00
 -2.6772500E+03 -7.619E+00 -7.597E+00 -2.740E+00
 -2.6767500E+03 -7.103E+00 -7.293E+00 -3.251E+00
 -2.6762500E+03 -8.080E+00 -8.284E+00 -4.323E+00
 -2.6757500E+03 -8.422E+00 -8.771E+00 -4.560E+00
 -2.6752500E+03 -8.477E+00 -8.613E+00 -3.967E+00
 -2.6747500E+03 -6.948E+00 -7.288E+00 -4.328E+00
 -2.6742500E+03 -7.891E+00 -7.885E+00 -3.272E+00
 -2.6737500E+03 -7.048E+00 -7.239E+00 -3.710E+00
 -2.6732500E+03 -7.806E+00 -7.981E+00 -4.138E+00
 -2.6727500E+03 -7.616E+00 -7.707E+00 -3.697E+00
 -2.6722500E+03 -8.471E+00 -8.819E+00 -4.807E+00
 -2.6717500E+03 -6.676E+00 -7.169E+00 -4.630E+00
 -2.6712500E+03 -7.029E+00 -7.539E+00 -4.988E+00
 -2.6707500E+03 -7.241E+00 -7.519E+00 -3.865E+00
 -2.6702500E+03 -8.132E+00 -7.977E+00 -2.953E+00
 -2.6697500E+03 -7.330E+00 -7.671E+00 -4.473E+00
 -2.6692500E+03 -7.337E+00 -7.643E+00 -4.270E+00
 -2.6687500E+03 -7.869E+00 -8.001E+00 -3.152E+00
 -2.6682500E+03 -7.583E+00 -7.965E+00 -4.210E+00
 -2.6677500E+03 -7.134E+00 -7.288E+00 -3.595E+00
 -2.6672500E+03 -6.109E+00 -6.483E+00 -3.871E+00
 -2.6667500E+03 -8.479E+00 -8.526E+00 -3.942E+00
 -2.6662500E+03 -7.544E+00 -7.908E+00 -4.124E+00
 -2.6657500E+03 -5.773E+00 -6.382E+00 -4.614E+00
 -2.6652500E+03 -7.353E+00 -7.582E+00 -4.037E+00
 -2.6647500E+03 -7.122E+00 -7.238E+00 -3.451E+00
 -2.6642500E+03 -6.873E+00 -6.915E+00 -3.062E+00
 -2.6637500E+03 -7.488E+00 -7.704E+00 -3.861E+00
 -2.6632500E+03 -8.167E+00 -8.812E+00 -5.408E+00
 -2.6627500E+03 -7.271E+00 -7.468E+00 -3.617E+00
 -2.6622500E+03 -7.254E+00 -7.831E+00 -4.981E+00
 -2.6617500E+03 -6.978E+00 -7.198E+00 -3.716E+00
 -2.6612500E+03 -6.714E+00 -7.131E+00 -4.192E+00
 -2.6607500E+03 -7.084E+00 -7.480E+00 -4.069E+00
 -2.6602500E+03 -7.171E+00 -7.177E+00 -2.945E+00
 -2.6597500E+03 -6.595E+00 -7.016E+00 -4.583E+00
 -2.6592500E+03 -6.280E+00 -6.632E+00 -3.860E+00
 -2.6587500E+03 -6.891E+00 -7.583E+00 -5.298E+00
 -2.6582500E+03 -7.935E+00 -8.224E+00 -4.193E+00
 -2.6577500E+03 -6.238E+00 -6.420E+00 -3.567E+00
 -2.6572500E+03 -7.423E+00 -7.410E+00 -2.856E+00
 -2.6567500E+03 -7.293E+00 -7.207E+00 -2.670E+00
 -2.6562500E+03 -7.024E+00 -7.585E+00 -4.853E+00
 -2.6557500E+03 -7.333E+00 -7.593E+00 -3.584E+00
 -2.6552500E+03 -6.563E+00 -6.905E+00 -3.892E+00
 -2.6547500E+03 -5.272E+00 -5.771E+00 -4.252E+00
 -2.6542500E+03 -6.519E+00 -6.962E+00 -4.517E+00
 -2.6537500E+03 -6.400E+00 -7.124E+00 -5.259E+00
 -2.6532500E+03 -6.899E+00 -7.269E+00 -3.986E+00
 -2.6527500E+03 -7.026E+00 -6.800E+00 -2.287E+00
 -2.6522500E+03 -7.172E+00 -7.317E+00 -3.318E+00
 -2.6517500E+03 -6.506E+00 -6.519E+00 -3.301E+00
 -2.6512500E+03 -5.458E+00 -5.930E+00 -4.166E+00
 -2.6507500E+03 -7.397E+00 -7.701E+00 -3.959E+00
 -2.6502500E+03 -6.712E+00 -7.136E+00 -4.417E+00
 -2.6497500E+03 -6.256E+00 -6.282E+00 -2.856E+00
 -2.6492500E+03 -7.136E+00 -7.334E+00 -3.885E+00
 -2.6487500E+03 -6.695E+00 -6.846E+00 -3.408E+00
 -2.6482500E+03 -5.727E+00 -6.038E+00 -3.328E+00
 -2.6477500E+03 -6.376E+00 -6.485E+00 -3.120E+00
 -2.6472500E+03 -6.070E+00 -6.100E+00 -2.588E+00
 -2.6467500E+03 -6.997E+00 -7.197E+00 -3.374E+00
 -2.6462500E+03 -6.936E+00 -7.441E+00 -4.732E+00
 -2.6457500E+03 -6.224E+00 -6.539E+00 -3.437E+00
 -2.6452500E+03 -6.373E+00 -6.554E+00 -3.246E+00
 -2.6447500E+03 -6.189E+00 -6.618E+00 -4.157E+00
 -2.6442500E+03 -7.424E+00 -7.581E+00 -3.674E+00
 -2.6437500E+03 -6.427E+00 -6.706E+00 -3.457E+00
 -2.6432500E+03 -6.881E+00 -7.048E+00 -3.374E+00
 -2.6427500E+03 -6.161E+00 -6.188E+00 -2.677E+00
 -2.6422500E+03 -6.053E+00 -5.938E+00 -1.996E+00
 -2.6417500E+03 -5.799E+00 -5.900E+00 -3.019E+00
 -2.6412500E+03 -5.832E+00 -6.230E+00 -4.304E+00
 -2.6407500E+03 -6.730E+00 -7.173E+00 -4.504E+00
 -2.6402500E+03 -5.720E+00 -5.861E+00 -2.672E+00
 -2.6397500E+03 -5.616E+00 -6.090E+00 -3.938E+00
 -2.6392500E+03 -6.086E+00 -6.183E+00 -2.751E+00
 -2.6387500E+03 -7.176E+00 -7.288E+00 -3.093E+00
 -2.6382500E+03 -7.142E+00 -7.547E+00 -4.189E+00
 -2.6377500E+03 -5.493E+00 -6.045E+00 -3.977E+00
 -2.6372500E+03 -5.558E+00 -6.056E+00 -3.966E+00
 -2.6367500E+03 -5.245E+00 -5.359E+00 -2.313E+00
 -2.6362500E+03 -6.311E+00 -6.394E+00 -2.974E+00
 -2.6357500E+03 -5.454E+00 -5.626E+00 -3.421E+00
 -2.6352500E+03 -6.834E+00 -6.876E+00 -2.862E+00
 -2.6347500E+03 -7.192E+00 -7.179E+00 -3.102E+00
 -2.6342500E+03 -6.445E+00 -6.680E+00 -4.030E+00
 -2.6337500E+03 -5.622E+00 -5.704E+00 -3.230E+00
 -2.6332500E+03 -5.875E+00 -6.131E+00 -3.228E+00
 -2.6327500E+03 -6.081E+00 -6.412E+00 -3.760E+00
 -2.6322500E+03 -7.038E+00 -6.947E+00 -2.925E+00
 -2.6317500E+03 -6.852E+00 -6.723E+00 -2.268E+00
 -2.6312500E+03 -5.898E+00 -5.829E+00 -2.693E+00
 -2.6307500E+03 -6.120E+00 -6.630E+00 -3.773E+00
 -2.6302500E+03 -5.939E+00 -6.142E+00 -2.439E+00
 -2.6297500E+03 -6.563E+00 -6.728E+00 -3.809E+00
 -2.6292500E+03 -6.194E+00 -6.820E+00 -4.176E+00
 -2.6287500E+03 -5.795E+00 -6.118E+00 -3.570E+00
 -2.6282500E+03 -5.808E+00 -5.973E+00 -2.569E+00
 -2.6277500E+03 -6.049E+00 -6.258E+00 -3.175E+00
 -2.6272500E+03 -5.977E+00 -6.152E+00 -3.415E+00
 -2.6267500E+03 -7.226E+00 -7.642E+00 -4.209E+00
 -2.6262500E+03 -5.284E+00 -5.579E+00 -3.813E+00
 -2.6257500E+03 -6.125E+00 -6.267E+00 -3.194E+00
 -2.6252500E+03 -6.047E+00 -6.042E+00 -2.376E+00
 -2.6247500E+03 -4.926E+00 -4.858E+00 -1.726E+00
 -2.6242500E+03 -6.149E+00 -5.970E+00 -1.837E+00
 -2.6237500E+03 -6.513E+00 -6.648E+00 -2.841E+00
 -2.6232500E+03 -5.565E+00 -5.522E+00 -2.119E+00
 -2.6227500E+03 -5.425E+00 -5.496E+00 -2.617E+00
 -2.6222500E+03 -6.030E+00 -5.766E+00 -2.148E+00
 -2.6217500E+03 -4.755E+00 -5.411E+00 -4.843E+00
 -2.6212500E+03 -5.264E+00 -5.648E+00 -3.333E+00
 -2.6207500E+03 -5.844E+00 -5.957E+00 -2.456E+00
 -2.6202500E+03 -5.728E+00 -6.229E+00 -4.146E+00
 -2.6197500E+03 -5.519E+00 -5.525E+00 -2.177E+00
 -2.6192500E+03 -5.360E+00 -5.715E+00 -3.099E+00
 -2.6187500E+03 -4.990E+00 -4.831E+00 -2.171E+00
 -2.6182500E+03 -5.266E+00 -5.443E+00 -2.824E+00
 -2.6177500E+03 -6.494E+00 -6.537E+00 -3.475E+00
 -2.6172500E+03 -6.253E+00 -6.233E+00 -2.566E+00
 -2.6167500E+03 -4.591E+00 -5.024E+00 -3.412E+00
 -2.6162500E+03 -5.283E+00 -5.676E+00 -3.743E+00
 -2.6157500E+03 -4.936E+00 -5.266E+00 -3.363E+00
 -2.6152500E+03 -5.517E+00 -5.962E+00 -3.982E+00
 -2.6147500E+03 -5.833E+00 -6.218E+00 -3.740E+00
 -2.6142500E+03 -6.546E+00 -6.223E+00 -1.354E+00
 -2.6137500E+03 -5.943E+00 -5.891E+00 -2.952E+00
 -2.6132500E+03 -5.011E+00 -4.992E+00 -2.389E+00
 -2.6127500E+03 -5.071E+00 -5.461E+00 -3.684E+00
 -2.6122500E+03 -5.884E+00 -6.055E+00 -2.846E+00
 -2.6117500E+03 -5.345E+00 -5.392E+00 -2.640E+00
 -2.6112500E+03 -5.694E+00 -5.928E+00 -2.938E+00
 -2.6107500E+03 -6.152E+00 -6.359E+00 -3.105E+00
 -2.6102500E+03 -4.827E+00 -5.419E+00 -3.415E+00
 -2.6097500E+03 -4.850E+00 -5.214E+00 -2.965E+00
 -2.6092500E+03 -4.998E+00 -5.424E+00 -3.808E+00
 -2.6087500E+03 -6.009E+00 -6.280E+00 -3.281E+00
 -2.6082500E+03 -5.148E+00 -5.319E+00 -2.622E+00
 -2.6077500E+03 -4.921E+00 -5.004E+00 -2.865E+00
 -2.6072500E+03 -5.967E+00 -6.488E+00 -3.726E+00
 -2.6067500E+03 -5.033E+00 -5.022E+00 -1.998E+00
 -2.6062500E+03 -5.717E+00 -5.907E+00 -2.776E+00
 -2.6057500E+03 -5.352E+00 -5.923E+00 -3.752E+00
 -2.6052500E+03 -4.698E+00 -4.676E+00 -2.374E+00
 -2.6047500E+03 -5.608E+00 -5.589E+00 -2.536E+00
 -2.6042500E+03 -6.056E+00 -6.400E+00 -3.496E+00
 -2.6037500E+03 -5.079E+00 -5.224E+00 -2.570E+00
 -2.6032500E+03 -4.167E+00 -4.572E+00 -3.907E+00
 -2.6027500E+03 -5.260E+00 -5.504E+00 -2.788E+00
 -2.6022500E+03 -5.338E+00 -5.279E+00 -2.059E+00
 -2.6017500E+03 -4.940E+00 -5.048E+00 -2.606E+00
 -2.6012500E+03 -5.450E+00 -5.677E+00 -3.058E+00
 -2.6007500E+03 -5.446E+00 -5.601E+00 -2.692E+00
 -2.6002500E+03 -5.394E+00 -5.279E+00 -1.791E+00
 -2.5997500E+03 -5.450E+00 -5.606E+00 -2.563E+00
 -2.5992500E+03 -5.177E+00 -5.526E+00 -2.782E+00
 -2.5987500E+03 -5.232E+00 -4.910E+00 -2.422E+00
 -2.5982500E+03 -5.223E+00 -5.432E+00 -3.485E+00
 -2.5977500E+03 -5.173E+00 -5.087E+00 -1.781E+00
 -2.5972500E+03 -5.399E+00 -5.814E+00 -2.720E+00
 -2.5967500E+03 -4.823E+00 -5.248E+00 -3.367E+00
 -2.5962500E+03 -3.719E+00 -3.945E+00 -2.623E+00
 -2.5957500E+03 -5.345E+00 -5.220E+00 -2.589E+00
 -2.5952500E+03 -6.292E+00 -6.430E+00 -3.297E+00
 -2.5947500E+03 -5.795E+00 -5.860E+00 -2.456E+00
 -2.5942500E+03 -4.307E+00 -4.517E+00 -2.312E+00
 -2.5937500E+03 -5.814E+00 -5.569E+00 -1.726E+00
 -2.5932500E+03 -4.518E+00 -4.749E+00 -2.589E+00
 -2.5927500E+03 -4.458E+00 -4.474E+00 -2.087E+00
 -2.5922500E+03 -5.749E+00 -5.735E+00 -2.361E+00
 -2.5917500E+03 -5.696E+00 -5.966E+00 -2.678E+00
 -2.5912500E+03 -4.457E+00 -4.767E+00 -3.296E+00
 -2.5907500E+03 -4.347E+00 -4.499E+00 -2.072E+00
 -2.5902500E+03 -5.069E+00 -5.349E+00 -2.718E+00
 -2.5897500E+03 -4.764E+00 -5.127E+00 -2.986E+00
 -2.5892500E+03 -4.785E+00 -4.943E+00 -3.307E+00
 -2.5887500E+03 -5.362E+00 -5.225E+00 -1.796E+00
 -2.5882500E+03 -4.803E+00 -4.826E+00 -2.151E+00
 -2.5877500E+03 -5.578E+00 -5.771E+00 -2.858E+00
 -2.5872500E+03 -4.777E+00 -4.631E+00 -1.763E+00
 -2.5867500E+03 -4.873E+00 -5.223E+00 -3.131E+00
 -2.5862500E+03 -3.986E+00 -4.212E+00 -2.736E+00
 -2.5857500E+03 -4.383E+00 -4.501E+00 -2.537E+00
 -2.5852500E+03 -5.045E+00 -4.995E+00 -1.893E+00
 -2.5847500E+03 -4.857E+00 -5.027E+00 -2.375E+00
 -2.5842500E+03 -4.933E+00 -5.469E+00 -4.006E+00
 -2.5837500E+03 -5.711E+00 -6.105E+00 -3.433E+00
 -2.5832500E+03 -5.046E+00 -5.083E+00 -2.446E+00
 -2.5827500E+03 -4.894E+00 -4.966E+00 -1.890E+00
 -2.5822500E+03 -4.905E+00 -5.063E+00 -2.357E+00
 -2.5817500E+03 -4.436E+00 -4.362E+00 -1.665E+00
 -2.5812500E+03 -3.934E+00 -4.246E+00 -2.226E+00
 -2.5807500E+03 -3.651E+00 -4.018E+00 -3.112E+00
 -2.5802500E+03 -4.886E+00 -5.015E+00 -2.433E+00
 -2.5797500E+03 -4.268E+00 -4.436E+00 -2.683E+00
 -2.5792500E+03 -4.946E+00 -5.082E+00 -2.585E+00
 -2.5787500E+03 -5.512E+00 -5.441E+00 -1.642E+00
 -2.5782500E+03 -4.286E+00 -4.327E+00 -1.929E+00
 -2.5777500E+03 -4.279E+00 -4.446E+00 -2.096E+00
 -2.5772500E+03 -4.366E+00 -4.890E+00 -3.225E+00
 -2.5767500E+03 -5.104E+00 -5.390E+00 -3.226E+00
 -2.5762500E+03 -4.691E+00 -5.091E+00 -2.842E+00
 -2.5757500E+03 -4.163E+00 -3.803E+00 -1.186E+00
 -2.5752500E+03 -4.358E+00 -4.363E+00 -2.353E+00
 -2.5747500E+03 -3.669E+00 -4.058E+00 -3.155E+00
 -2.5742500E+03 -4.134E+00 -4.500E+00 -2.996E+00
 -2.5737500E+03 -4.557E+00 -4.998E+00 -3.132E+00
 -2.5732500E+03 -4.085E+00 -4.160E+00 -1.805E+00
 -2.5727500E+03 -4.378E+00 -4.126E+00 -1.929E+00
 -2.5722500E+03 -4.292E+00 -4.324E+00 -2.763E+00
 -2.5717500E+03 -3.941E+00 -4.048E+00 -2.159E+00
 -2.5712500E+03 -4.253E+00 -4.698E+00 -2.832E+00
 -2.5707500E+03 -4.832E+00 -4.898E+00 -1.571E+00
 -2.5702500E+03 -3.951E+00 -3.966E+00 -2.266E+00
 -2.5697500E+03 -4.347E+00 -4.639E+00 -3.155E+00
 -2.5692500E+03 -4.884E+00 -4.748E+00 -2.185E+00
 -2.5687500E+03 -4.256E+00 -4.484E+00 -2.856E+00
 -2.5682500E+03 -5.211E+00 -5.778E+00 -3.178E+00
 -2.5677500E+03 -4.918E+00 -4.749E+00 -2.416E+00
 -2.5672500E+03 -4.455E+00 -4.811E+00 -2.973E+00
 -2.5667500E+03 -4.208E+00 -3.964E+00 -1.229E+00
 -2.5662500E+03 -4.124E+00 -4.212E+00 -2.253E+00
 -2.5657500E+03 -4.154E+00 -4.656E+00 -3.254E+00
 -2.5652500E+03 -4.331E+00 -4.636E+00 -2.415E+00
 -2.5647500E+03 -4.525E+00 -4.354E+00 -2.677E+00
 -2.5642500E+03 -4.055E+00 -4.164E+00 -2.511E+00
 -2.5637500E+03 -3.992E+00 -3.977E+00 -1.811E+00
 -2.5632500E+03 -4.732E+00 -5.055E+00 -2.795E+00
 -2.5627500E+03 -4.177E+00 -4.681E+00 -2.986E+00
 -2.5622500E+03 -4.556E+00 -4.471E+00 -2.076E+00
 -2.5617500E+03 -4.364E+00 -4.415E+00 -1.765E+00
 -2.5612500E+03 -3.119E+00 -3.365E+00 -2.707E+00
 -2.5607500E+03 -3.917E+00 -3.963E+00 -1.580E+00
 -2.5602500E+03 -4.389E+00 -4.734E+00 -2.496E+00
 -2.5597500E+03 -4.359E+00 -4.611E+00 -2.828E+00
 -2.5592500E+03 -4.236E+00 -4.179E+00 -1.797E+00
 -2.5587500E+03 -4.321E+00 -4.595E+00 -2.812E+00
 -2.5582500E+03 -4.329E+00 -4.295E+00 -1.765E+00
 -2.5577500E+03 -3.611E+00 -3.984E+00 -2.656E+00
 -2.5572500E+03 -5.184E+00 -5.332E+00 -2.685E+00
 -2.5567500E+03 -5.733E+00 -5.931E+00 -2.945E+00
 -2.5562500E+03 -4.257E+00 -4.498E+00 -2.193E+00
 -2.5557500E+03 -4.123E+00 -4.207E+00 -2.040E+00
 -2.5552500E+03 -3.795E+00 -3.916E+00 -2.069E+00
 -2.5547500E+03 -3.782E+00 -3.997E+00 -2.622E+00
 -2.5542500E+03 -4.125E+00 -4.120E+00 -1.925E+00
 -2.5537500E+03 -4.226E+00 -4.425E+00 -2.256E+00
 -2.5532500E+03 -4.327E+00 -4.439E+00 -1.762E+00
 -2.5527500E+03 -3.944E+00 -4.368E+00 -2.886E+00
 -2.5522500E+03 -3.600E+00 -3.575E+00 -1.969E+00
 -2.5517500E+03 -3.998E+00 -3.674E+00 -1.427E+00
 -2.5512500E+03 -3.327E+00 -3.528E+00 -2.315E+00
 -2.5507500E+03 -4.827E+00 -5.126E+00 -2.390E+00
 -2.5502500E+03 -3.931E+00 -4.354E+00 -2.944E+00
 -2.5497500E+03 -4.776E+00 -5.040E+00 -2.753E+00
 -2.5492500E+03 -3.330E+00 -3.228E+00 -1.447E+00
 -2.5487500E+03 -4.009E+00 -4.269E+00 -2.372E+00
 -2.5482500E+03 -4.623E+00 -4.770E+00 -1.993E+00
 -2.5477500E+03 -3.997E+00 -4.279E+00 -2.939E+00
 -2.5472500E+03 -4.026E+00 -4.021E+00 -1.732E+00
 -2.5467500E+03 -3.529E+00 -3.341E+00 -2.118E+00
 -2.5462500E+03 -4.873E+00 -5.289E+00 -2.942E+00
 -2.5457500E+03 -4.081E+00 -4.177E+00 -1.840E+00
 -2.5452500E+03 -3.683E+00 -3.690E+00 -1.546E+00
 -2.5447500E+03 -3.764E+00 -4.143E+00 -2.948E+00
 -2.5442500E+03 -3.815E+00 -4.319E+00 -2.552E+00
 -2.5437500E+03 -4.180E+00 -4.409E+00 -2.761E+00
 -2.5432500E+03 -4.489E+00 -4.552E+00 -2.138E+00
 -2.5427500E+03 -4.126E+00 -4.239E+00 -1.599E+00
 -2.5422500E+03 -3.754E+00 -3.950E+00 -2.248E+00
 -2.5417500E+03 -4.057E+00 -4.347E+00 -2.999E+00
 -2.5412500E+03 -3.873E+00 -3.879E+00 -1.919E+00
 -2.5407500E+03 -3.727E+00 -3.551E+00 -3.819E-01
 -2.5402500E+03 -4.617E+00 -4.715E+00 -2.061E+00
 -2.5397500E+03 -3.485E+00 -3.866E+00 -2.934E+00
 -2.5392500E+03 -3.921E+00 -4.087E+00 -1.933E+00
 -2.5387500E+03 -4.141E+00 -4.213E+00 -1.950E+00
 -2.5382500E+03 -4.768E+00 -4.876E+00 -2.099E+00
 -2.5377500E+03 -4.520E+00 -4.433E+00 -1.376E+00
 -2.5372500E+03 -4.402E+00 -4.377E+00 -1.982E+00
 -2.5367500E+03 -3.689E+00 -3.642E+00 -1.348E+00
 -2.5362500E+03 -3.670E+00 -3.715E+00 -1.454E+00
 -2.5357500E+03 -3.814E+00 -3.764E+00 -1.567E+00
 -2.5352500E+03 -2.988E+00 -3.102E+00 -1.943E+00
 -2.5347500E+03 -3.466E+00 -3.786E+00 -2.610E+00
 -2.5342500E+03 -4.272E+00 -4.706E+00 -3.283E+00
 -2.5337500E+03 -3.261E+00 -3.590E+00 -2.767E+00
 -2.5332500E+03 -2.526E+00 -2.445E+00 -1.089E+00
 -2.5327500E+03 -3.787E+00 -3.761E+00 -1.375E+00
 -2.5322500E+03 -3.621E+00 -3.877E+00 -2.268E+00
 -2.5317500E+03 -2.791E+00 -3.257E+00 -2.370E+00
 -2.5312500E+03 -3.720E+00 -3.858E+00 -2.059E+00
 -2.5307500E+03 -4.088E+00 -3.982E+00 -1.421E+00
 -2.5302500E+03 -4.046E+00 -4.178E+00 -2.116E+00
 -2.5297500E+03 -3.298E+00 -3.196E+00 -9.483E-01
 -2.5292500E+03 -3.432E+00 -3.487E+00 -1.554E+00
 -2.5287500E+03 -4.148E+00 -4.354E+00 -2.314E+00
 -2.5282500E+03 -3.325E+00 -3.527E+00 -2.054E+00
 -2.5277500E+03 -3.825E+00 -3.870E+00 -1.714E+00
 -2.5272500E+03 -4.238E+00 -4.521E+00 -3.208E+00
 -2.5267500E+03 -3.567E+00 -3.694E+00 -2.094E+00
 -2.5262500E+03 -3.775E+00 -3.799E+00 -1.821E+00
 -2.5257500E+03 -3.998E+00 -4.004E+00 -1.740E+00
 -2.5252500E+03 -3.775E+00 -3.928E+00 -2.117E+00
 -2.5247500E+03 -3.311E+00 -3.365E+00 -1.565E+00
 -2.5242500E+03 -2.989E+00 -3.392E+00 -2.742E+00
 -2.5237500E+03 -3.672E+00 -3.970E+00 -2.216E+00
 -2.5232500E+03 -4.114E+00 -3.931E+00 -1.275E+00
 -2.5227500E+03 -2.782E+00 -2.734E+00 -2.640E+00
 -2.5222500E+03 -2.729E+00 -3.200E+00 -2.942E+00
 -2.5217500E+03 -3.165E+00 -3.186E+00 -1.867E+00
 -2.5212500E+03 -3.523E+00 -3.664E+00 -2.026E+00
 -2.5207500E+03 -4.121E+00 -4.088E+00 -2.033E+00
 -2.5202500E+03 -3.347E+00 -3.665E+00 -2.255E+00
 -2.5197500E+03 -4.318E+00 -4.598E+00 -1.951E+00
 -2.5192500E+03 -2.949E+00 -3.385E+00 -2.157E+00
 -2.5187500E+03 -3.129E+00 -3.066E+00 -1.722E+00
 -2.5182500E+03 -3.868E+00 -3.917E+00 -1.675E+00
 -2.5177500E+03 -3.138E+00 -3.309E+00 -2.582E+00
 -2.5172500E+03 -3.616E+00 -3.460E+00 -1.555E+00
 -2.5167500E+03 -3.099E+00 -3.239E+00 -1.535E+00
 -2.5162500E+03 -3.418E+00 -3.590E+00 -1.465E+00
 -2.5157500E+03 -2.849E+00 -2.963E+00 -2.027E+00
 -2.5152500E+03 -3.736E+00 -3.916E+00 -1.240E+00
 -2.5147500E+03 -4.391E+00 -4.702E+00 -2.149E+00
 -2.5142500E+03 -3.669E+00 -3.858E+00 -1.098E+00
 -2.5137500E+03 -3.418E+00 -3.490E+00 -1.948E+00
 -2.5132500E+03 -3.686E+00 -3.805E+00 -1.933E+00
 -2.5127500E+03 -3.557E+00 -3.508E+00 -1.551E+00
 -2.5122500E+03 -3.558E+00 -3.709E+00 -2.112E+00
 -2.5117500E+03 -3.143E+00 -3.325E+00 -2.111E+00
 -2.5112500E+03 -2.946E+00 -3.068E+00 -1.793E+00
 -2.5107500E+03 -3.465E+00 -3.614E+00 -1.858E+00
 -2.5102500E+03 -2.568E+00 -3.086E+00 -1.988E+00
 -2.5097500E+03 -2.823E+00 -2.930E+00 -1.708E+00
 -2.5092500E+03 -3.410E+00 -3.468E+00 -1.584E+00
 -2.5087500E+03 -3.222E+00 -3.104E+00 -1.560E+00
 -2.5082500E+03 -4.471E+00 -4.565E+00 -1.804E+00
 -2.5077500E+03 -2.348E+00 -2.545E+00 -2.317E+00
 -2.5072500E+03 -2.642E+00 -2.690E+00 -1.896E+00
 -2.5067500E+03 -3.064E+00 -3.331E+00 -1.835E+00
 -2.5062500E+03 -4.194E+00 -4.128E+00 -1.349E+00
 -2.5057500E+03 -3.323E+00 -3.136E+00 -8.943E-01
 -2.5052500E+03 -3.245E+00 -3.259E+00 -1.634E+00
 -2.5047500E+03 -3.993E+00 -4.187E+00 -1.914E+00
 -2.5042500E+03 -4.070E+00 -4.240E+00 -2.477E+00
 -2.5037500E+03 -3.156E+00 -3.376E+00 -2.076E+00
 -2.5032500E+03 -2.714E+00 -3.033E+00 -2.468E+00
 -2.5027500E+03 -3.018E+00 -3.151E+00 -2.351E+00
 -2.5022500E+03 -2.913E+00 -3.084E+00 -1.444E+00
 -2.5017500E+03 -2.901E+00 -3.104E+00 -1.840E+00
 -2.5012500E+03 -3.334E+00 -3.594E+00 -1.999E+00
 -2.5007500E+03 -2.818E+00 -2.773E+00 -9.035E-01
 -2.5002500E+03 -3.619E+00 -3.462E+00 -1.077E+00
 -2.4997500E+03 -2.920E+00 -2.892E+00 -2.074E+00
 -2.4992500E+03 -3.763E+00 -4.058E+00 -2.169E+00
 -2.4987500E+03 -2.759E+00 -2.920E+00 -1.940E+00
 -2.4982500E+03 -2.747E+00 -2.814E+00 -1.535E+00
 -2.4977500E+03 -2.843E+00 -3.102E+00 -2.037E+00
 -2.4972500E+03 -2.833E+00 -2.996E+00 -2.245E+00
 -2.4967500E+03 -3.892E+00 -3.723E+00 -1.122E+00
 -2.4962500E+03 -3.046E+00 -3.290E+00 -2.042E+00
 -2.4957500E+03 -2.263E+00 -2.539E+00 -2.143E+00
 -2.4952500E+03 -3.521E+00 -3.861E+00 -2.822E+00
 -2.4947500E+03 -3.443E+00 -3.590E+00 -1.633E+00
 -2.4942500E+03 -2.921E+00 -3.094E+00 -1.737E+00
 -2.4937500E+03 -3.238E+00 -3.290E+00 -1.455E+00
 -2.4932500E+03 -2.866E+00 -2.876E+00 -1.253E+00
 -2.4927500E+03 -3.203E+00 -2.989E+00 -4.117E-01
 -2.4922500E+03 -2.342E+00 -2.491E+00 -1.829E+00
 -2.4917500E+03 -3.769E+00 -4.261E+00 -2.258E+00
 -2.4912500E+03 -3.486E+00 -3.440E+00 -1.211E+00
 -2.4907500E+03 -2.665E+00 -2.778E+00 -1.737E+00
 -2.4902500E+03 -3.173E+00 -3.385E+00 -2.123E+00
 -2.4897500E+03 -2.880E+00 -3.136E+00 -1.884E+00
 -2.4892500E+03 -3.193E+00 -3.512E+00 -2.325E+00
 -2.4887500E+03 -3.135E+00 -3.220E+00 -1.295E+00
 -2.4882500E+03 -3.364E+00 -3.334E+00 -1.534E+00
 -2.4877500E+03 -2.867E+00 -3.146E+00 -2.272E+00
 -2.4872500E+03 -3.276E+00 -3.818E+00 -2.114E+00
 -2.4867500E+03 -3.247E+00 -3.126E+00 -9.826E-01
 -2.4862500E+03 -2.854E+00 -3.041E+00 -1.545E+00
 -2.4857500E+03 -2.732E+00 -2.884E+00 -1.767E+00
 -2.4852500E+03 -2.919E+00 -3.088E+00 -1.543E+00
 -2.4847500E+03 -2.629E+00 -2.578E+00 -1.237E+00
 -2.4842500E+03 -2.388E+00 -2.782E+00 -3.105E+00
 -2.4837500E+03 -3.311E+00 -3.465E+00 -1.767E+00
 -2.4832500E+03 -3.371E+00 -3.589E+00 -1.810E+00
 -2.4827500E+03 -3.407E+00 -3.504E+00 -2.011E+00
 -2.4822500E+03 -3.023E+00 -3.159E+00 -2.336E+00
 -2.4817500E+03 -2.986E+00 -2.996E+00 -1.590E+00
 -2.4812500E+03 -3.486E+00 -3.461E+00 -8.380E-01
 -2.4807500E+03 -3.656E+00 -3.519E+00 -7.852E-01
 -2.4802500E+03 -2.365E+00 -2.168E+00 -1.050E+00
 -2.4797500E+03 -3.170E+00 -3.440E+00 -2.553E+00
 -2.4792500E+03 -2.763E+00 -2.969E+00 -1.594E+00
 -2.4787500E+03 -2.958E+00 -2.963E+00 -1.239E+00
 -2.4782500E+03 -2.969E+00 -3.254E+00 -1.859E+00
 -2.4777500E+03 -3.016E+00 -3.107E+00 -1.170E+00
 -2.4772500E+03 -3.048E+00 -3.193E+00 -1.591E+00
 -2.4767500E+03 -3.021E+00 -2.890E+00 -9.337E-01
 -2.4762500E+03 -2.418E+00 -2.419E+00 -9.892E-01
 -2.4757500E+03 -2.058E+00 -2.251E+00 -1.695E+00
 -2.4752500E+03 -2.995E+00 -3.134E+00 -1.800E+00
 -2.4747500E+03 -2.835E+00 -2.996E+00 -1.925E+00
 -2.4742500E+03 -1.760E+00 -2.218E+00 -2.646E+00
 -2.4737500E+03 -3.107E+00 -3.211E+00 -1.508E+00
 -2.4732500E+03 -2.733E+00 -2.895E+00 -1.640E+00
 -2.4727500E+03 -3.025E+00 -3.027E+00 -1.178E+00
 -2.4722500E+03 -3.118E+00 -3.179E+00 -1.688E+00
 -2.4717500E+03 -3.372E+00 -3.657E+00 -2.377E+00
 -2.4712500E+03 -3.315E+00 -3.125E+00 -5.441E-01
 -2.4707500E+03 -3.139E+00 -3.469E+00 -1.337E-01
 -2.4702500E+03 -2.332E+00 -2.334E+00 -2.238E+00
 -2.4697500E+03 -2.227E+00 -1.824E+00 -1.818E+00
 -2.4692500E+03 -3.423E+00 -3.557E+00 -1.716E+00
 -2.4687500E+03 -3.687E+00 -3.870E+00 -1.602E+00
 -2.4682500E+03 -2.896E+00 -2.969E+00 -1.391E+00
 -2.4677500E+03 -2.296E+00 -2.309E+00 -1.171E+00
 -2.4672500E+03 -1.924E+00 -2.208E+00 -1.799E+00
 -2.4667500E+03 -3.212E+00 -3.246E+00 -8.754E-01
 -2.4662500E+03 -3.023E+00 -2.937E+00 -9.009E-01
 -2.4657500E+03 -2.848E+00 -3.015E+00 -1.694E+00
 -2.4652500E+03 -2.487E+00 -2.578E+00 -1.180E+00
 -2.4647500E+03 -2.383E+00 -2.595E+00 -1.972E+00
 -2.4642500E+03 -2.502E+00 -2.774E+00 -2.680E+00
 -2.4637500E+03 -2.426E+00 -2.732E+00 -2.477E+00
 -2.4632500E+03 -2.709E+00 -2.744E+00 -1.251E+00
 -2.4627500E+03 -3.224E+00 -3.116E+00 -4.523E-01
 -2.4622500E+03 -2.856E+00 -3.303E+00 -1.571E+00
 -2.4617500E+03 -2.795E+00 -2.975E+00 -1.502E+00
 -2.4612500E+03 -3.037E+00 -3.104E+00 -1.368E+00
 -2.4607500E+03 -2.888E+00 -3.159E+00 -2.352E+00
 -2.4602500E+03 -2.719E+00 -2.594E+00 -1.203E+00
 -2.4597500E+03 -2.705E+00 -2.698E+00 -1.172E+00
 -2.4592500E+03 -2.387E+00 -2.337E+00 -8.561E-01
 -2.4587500E+03 -3.263E+00 -3.412E+00 -1.966E+00
 -2.4582500E+03 -3.017E+00 -3.272E+00 -1.770E+00
 -2.4577500E+03 -2.484E+00 -2.845E+00 -1.691E+00
 -2.4572500E+03 -2.455E+00 -2.464E+00 -1.487E+00
 -2.4567500E+03 -3.250E+00 -3.243E+00 -1.123E+00
 -2.4562500E+03 -2.440E+00 -2.743E+00 -2.118E+00
 -2.4557500E+03 -2.666E+00 -2.904E+00 -2.015E+00
 -2.4552500E+03 -2.167E+00 -2.315E+00 -1.267E+00
 -2.4547500E+03 -2.419E+00 -2.573E+00 -1.927E+00
 -2.4542500E+03 -2.582E+00 -2.513E+00 -7.618E-01
 -2.4537500E+03 -2.001E+00 -2.269E+00 -1.672E+00
 -2.4532500E+03 -2.580E+00 -2.962E+00 -1.771E+00
 -2.4527500E+03 -2.441E+00 -2.866E+00 -2.496E+00
 -2.4522500E+03 -2.597E+00 -2.762E+00 -1.431E+00
 -2.4517500E+03 -2.503E+00 -2.507E+00 -1.051E+00
 -2.4512500E+03 -2.463E+00 -2.646E+00 -1.596E+00
 -2.4507500E+03 -2.294E+00 -2.310E+00 -8.874E-01
 -2.4502500E+03 -2.478E+00 -2.368E+00 -7.906E-01
 -2.4497500E+03 -2.794E+00 -2.865E+00 -1.788E+00
 -2.4492500E+03 -2.691E+00 -2.794E+00 -1.543E+00
 -2.4487500E+03 -2.946E+00 -2.856E+00 -6.488E-01
 -2.4482500E+03 -2.678E+00 -2.661E+00 -9.943E-01
 -2.4477500E+03 -2.938E+00 -2.981E+00 -1.307E+00
 -2.4472500E+03 -2.884E+00 -2.722E+00 -1.124E+00
 -2.4467500E+03 -2.575E+00 -2.412E+00 -4.406E-01
 -2.4462500E+03 -1.878E+00 -2.295E+00 -2.404E+00
 -2.4457500E+03 -2.297E+00 -2.494E+00 -1.454E+00
 -2.4452500E+03 -2.486E+00 -2.730E+00 -1.409E+00
 -2.4447500E+03 -3.237E+00 -3.236E+00 -1.316E+00
 -2.4442500E+03 -2.547E+00 -2.723E+00 -2.648E+00
 -2.4437500E+03 -2.573E+00 -2.747E+00 -1.980E+00
 -2.4432500E+03 -2.266E+00 -2.425E+00 -1.429E+00
 -2.4427500E+03 -1.972E+00 -1.983E+00 -1.037E+00
 -2.4422500E+03 -2.494E+00 -2.359E+00 -5.884E-01
 -2.4417500E+03 -2.482E+00 -2.517E+00 -1.105E+00
 -2.4412500E+03 -2.403E+00 -2.289E+00 -5.083E-01
 -2.4407500E+03 -2.242E+00 -2.493E+00 -1.706E+00
 -2.4402500E+03 -2.658E+00 -2.402E+00 -7.549E-01
 -2.4397500E+03 -2.723E+00 -2.675E+00 -1.034E+00
 -2.4392500E+03 -2.060E+00 -2.267E+00 -1.870E+00
 -2.4387500E+03 -2.664E+00 -2.680E+00 -1.282E+00
 -2.4382500E+03 -2.499E+00 -2.667E+00 -1.599E+00
 -2.4377500E+03 -2.282E+00 -2.488E+00 -1.577E+00
 -2.4372500E+03 -2.835E+00 -3.022E+00 -1.949E+00
 -2.4367500E+03 -2.700E+00 -2.709E+00 -1.216E+00
 -2.4362500E+03 -3.096E+00 -3.294E+00 -1.915E+00
 -2.4357500E+03 -2.232E+00 -2.289E+00 -1.050E+00
 -2.4352500E+03 -2.491E+00 -2.680E+00 -1.585E+00
 -2.4347500E+03 -2.783E+00 -2.758E+00 -1.040E+00
 -2.4342500E+03 -2.159E+00 -2.111E+00 -1.017E+00
 -2.4337500E+03 -2.599E+00 -2.731E+00 -1.785E+00
 -2.4332500E+03 -2.381E+00 -2.398E+00 -8.139E-01
 -2.4327500E+03 -2.222E+00 -2.470E+00 -1.283E+00
 -2.4322500E+03 -2.158E+00 -2.328E+00 -1.329E+00
 -2.4317500E+03 -2.134E+00 -2.193E+00 -7.147E-01
 -2.4312500E+03 -2.824E+00 -2.907E+00 -1.377E+00
 -2.4307500E+03 -2.811E+00 -3.181E+00 -1.944E+00
 -2.4302500E+03 -2.300E+00 -2.349E+00 -1.055E+00
 -2.4297500E+03 -2.690E+00 -2.151E+00 -1.270E+00
 -2.4292500E+03 -2.312E+00 -2.283E+00 -1.231E+00
 -2.4287500E+03 -2.327E+00 -2.371E+00 -9.907E-01
 -2.4282500E+03 -2.856E+00 -2.793E+00 -9.281E-01
 -2.4277500E+03 -2.181E+00 -2.387E+00 -1.672E+00
 -2.4272500E+03 -2.182E+00 -2.449E+00 -1.716E+00
 -2.4267500E+03 -2.005E+00 -2.163E+00 -1.301E+00
 -2.4262500E+03 -1.917E+00 -2.070E+00 -8.937E-01
 -2.4257500E+03 -2.055E+00 -2.397E+00 -1.377E+00
 -2.4252500E+03 -2.070E+00 -2.240E+00 -1.666E+00
 -2.4247500E+03 -2.356E+00 -2.278E+00 -6.469E-01
 -2.4242500E+03 -2.453E+00 -2.455E+00 -1.024E+00
 -2.4237500E+03 -1.767E+00 -1.804E+00 -1.283E+00
 -2.4232500E+03 -2.165E+00 -2.384E+00 -1.411E+00
 -2.4227500E+03 -1.902E+00 -2.223E+00 -1.969E+00
 -2.4222500E+03 -1.708E+00 -1.903E+00 -1.634E+00
 -2.4217500E+03 -2.416E+00 -2.444E+00 -1.258E+00
 -2.4212500E+03 -2.785E+00 -2.604E+00 -3.226E-01
 -2.4207500E+03 -2.214E+00 -2.593E+00 -1.748E+00
 -2.4202500E+03 -2.106E+00 -2.299E+00 -1.210E+00
 -2.4197500E+03 -3.192E+00 -3.154E+00 -1.664E+00
 -2.4192500E+03 -2.293E+00 -2.846E+00 -2.598E+00
 -2.4187500E+03 -2.371E+00 -2.394E+00 -1.255E+00
 -2.4182500E+03 -2.048E+00 -2.023E+00 -7.440E-01
 -2.4177500E+03 -1.847E+00 -2.181E+00 -1.381E+00
 -2.4172500E+03 -2.094E+00 -2.350E+00 -1.920E+00
 -2.4167500E+03 -2.602E+00 -2.367E+00 -6.091E-01
 -2.4162500E+03 -2.877E+00 -2.857E+00 -1.216E+00
 -2.4157500E+03 -1.625E+00 -2.115E+00 -1.879E+00
 -2.4152500E+03 -1.711E+00 -1.901E+00 -9.848E-01
 -2.4147500E+03 -2.198E+00 -2.572E+00 -1.362E+00
 -2.4142500E+03 -2.589E+00 -2.944E+00 -1.077E+00
 -2.4137500E+03 -2.971E+00 -2.699E+00 -5.046E-01
 -2.4132500E+03 -1.950E+00 -2.458E+00 -1.149E+00
 -2.4127500E+03 -2.178E+00 -2.486E+00 -1.341E+00
 -2.4122500E+03 -2.450E+00 -2.424E+00 -1.414E+00
 -2.4117500E+03 -2.119E+00 -2.060E+00 -1.630E+00
 -2.4112500E+03 -1.864E+00 -2.013E+00 -1.333E+00
 -2.4107500E+03 -2.739E+00 -2.418E+00 -8.587E-01
 -2.4102500E+03 -2.124E+00 -2.270E+00 -9.513E-01
 -2.4097500E+03 -1.836E+00 -7.091E-01 -8.607E-01
 -2.4092500E+03 -1.970E+00 -2.042E+00 -1.799E+00
 -2.4087500E+03 -1.979E+00 -2.075E+00 -1.524E+00
 -2.4082500E+03 -2.706E+00 -3.106E+00 -3.907E-01
 -2.4077500E+03 -2.023E+00 -2.367E+00 -7.248E-01
 -2.4072500E+03 -2.145E+00 -2.284E+00 -2.034E+00
 -2.4067500E+03 -2.431E+00 -2.279E+00 -1.061E+00
 -2.4062500E+03 -2.727E+00 -2.311E+00 -4.160E-01
 -2.4057500E+03 -2.389E+00 -2.487E+00 -5.752E-01
 -2.4052500E+03 -1.891E+00 -2.089E+00 -1.230E+00
 -2.4047500E+03 -1.903E+00 -2.147E+00 -1.589E+00
 -2.4042500E+03 -1.978E+00 -2.055E+00 -1.415E+00
 -2.4037500E+03 -2.944E+00 -2.570E+00 -3.475E-01
 -2.4032500E+03 -1.779E+00 -1.774E+00 -1.245E+00
 -2.4027500E+03 -1.570E+00 -1.627E+00 -7.535E-01
 -2.4022500E+03 -2.433E+00 -2.532E+00 -1.340E+00
 -2.4017500E+03 -2.204E+00 -2.263E+00 -1.094E+00
 -2.4012500E+03 -2.185E+00 -2.482E+00 -1.809E+00
 -2.4007500E+03 -1.707E+00 -2.034E+00 -2.442E+00
 -2.4002500E+03 -1.885E+00 -2.118E+00 -1.592E+00
 -2.3997500E+03 -2.443E+00 -2.535E+00 -1.289E-01
 -2.3992500E+03 -2.104E+00 -2.335E+00 -1.726E+00
 -2.3987500E+03 -1.659E+00 -1.929E+00 -1.456E+00
 -2.3982500E+03 -1.767E+00 -1.994E+00 -7.525E-01
 -2.3977500E+03 -2.121E+00 -2.334E+00 -1.465E+00
 -2.3972500E+03 -2.633E+00 -2.779E+00 -1.527E+00
 -2.3967500E+03 -2.062E+00 -2.063E+00 -1.691E+00
 -2.3962500E+03 -2.136E+00 -2.369E+00 -1.732E+00
 -2.3957500E+03 -1.928E+00 -2.128E+00 -8.778E-01
 -2.3952500E+03 -2.251E+00 -2.214E+00 -8.975E-01
 -2.3947500E+03 -1.678E+00 -1.521E+00 -8.661E-01
 -2.3942500E+03 -2.472E+00 -2.403E+00 -5.267E-01
 -2.3937500E+03 -1.999E+00 -2.091E+00 -9.896E-01
 -2.3932500E+03 -2.010E+00 -2.298E+00 -1.443E+00
 -2.3927500E+03 -1.856E+00 -1.963E+00 -8.160E-01
 -2.3922500E+03 -2.355E+00 -2.394E+00 -7.876E-01
 -2.3917500E+03 -2.569E+00 -2.414E+00 -8.492E-01
 -2.3912500E+03 -1.947E+00 -2.002E+00 -9.254E-01
 -2.3907500E+03 -1.856E+00 -2.149E+00 -1.456E+00
 -2.3902500E+03 -2.165E+00 -2.334E+00 -1.541E+00
 -2.3897500E+03 -2.076E+00 -2.011E+00 -7.145E-01
 -2.3892500E+03 -1.541E+00 -1.462E+00 -6.283E-01
 -2.3887500E+03 -1.619E+00 -1.852E+00 -1.070E+00
 -2.3882500E+03 -1.884E+00 -2.033E+00 -1.115E+00
 -2.3877500E+03 -1.872E+00 -2.014E+00 -1.211E+00
 -2.3872500E+03 -2.039E+00 -2.252E+00 -1.355E+00
 -2.3867500E+03 -1.527E+00 -1.799E+00 -1.622E+00
 -2.3862500E+03 -2.260E+00 -2.247E+00 -8.764E-01
 -2.3857500E+03 -2.192E+00 -2.226E+00 -1.043E+00
 -2.3852500E+03 -1.586E+00 -1.671E+00 -1.262E+00
 -2.3847500E+03 -1.925E+00 -2.031E+00 -1.170E+00
 -2.3842500E+03 -1.964E+00 -1.915E+00 -8.304E-01
 -2.3837500E+03 -2.369E+00 -2.182E+00 -6.219E-01
 -2.3832500E+03 -2.383E+00 -2.307E+00 -6.976E-01
 -2.3827500E+03 -2.050E+00 -2.042E+00 -1.115E+00
 -2.3822500E+03 -1.932E+00 -1.815E+00 -6.670E-01
 -2.3817500E+03 -1.817E+00 -2.012E+00 -1.245E+00
 -2.3812500E+03 -1.778E+00 -1.759E+00 -8.109E-01
 -2.3807500E+03 -1.914E+00 -1.943E+00 -7.494E-01
 -2.3802500E+03 -1.934E+00 -2.009E+00 -1.072E+00
 -2.3797500E+03 -2.105E+00 -1.983E+00 -5.299E-01
 -2.3792500E+03 -2.417E+00 -2.426E+00 -1.015E+00
 -2.3787500E+03 -1.737E+00 -1.758E+00 -8.642E-01
 -2.3782500E+03 -2.841E+00 -2.882E+00 -1.246E+00
 -2.3777500E+03 -1.781E+00 -1.667E+00 -1.081E+00
 -2.3772500E+03 -1.995E+00 -1.881E+00 -4.614E-01
 -2.3767500E+03 -1.597E+00 -1.966E+00 -2.001E+00
 -2.3762500E+03 -1.737E+00 -1.783E+00 -9.192E-01
 -2.3757500E+03 -1.821E+00 -2.184E+00 -1.471E+00
 -2.3752500E+03 -1.886E+00 -2.056E+00 -1.362E+00
 -2.3747500E+03 -1.478E+00 -1.569E+00 -9.733E-01
 -2.3742500E+03 -1.638E+00 -1.622E+00 -7.450E-01
 -2.3737500E+03 -1.572E+00 -1.423E+00 -1.319E-01
 -2.3732500E+03 -2.012E+00 -2.064E+00 -1.101E+00
 -2.3727500E+03 -2.301E+00 -2.266E+00 -5.016E-01
 -2.3722500E+03 -1.972E+00 -2.154E+00 -1.366E+00
 -2.3717500E+03 -1.972E+00 -2.205E+00 -1.680E+00
 -2.3712500E+03 -1.794E+00 -1.954E+00 -1.896E+00
 -2.3707500E+03 -1.753E+00 -1.947E+00 -1.565E+00
 -2.3702500E+03 -2.295E+00 -2.235E+00 -7.274E-01
 -2.3697500E+03 -2.411E+00 -2.480E+00 -6.944E-01
 -2.3692500E+03 -2.246E+00 -2.286E+00 -8.525E-01
 -2.3687500E+03 -1.839E+00 -1.987E+00 -1.601E+00
 -2.3682500E+03 -1.785E+00 -1.833E+00 -1.086E+00
 -2.3677500E+03 -1.144E+00 -1.238E+00 -9.566E-01
 -2.3672500E+03 -1.715E+00 -1.913E+00 -9.427E-01
 -2.3667500E+03 -1.472E+00 -1.752E+00 -1.087E+00
 -2.3662500E+03 -1.822E+00 -1.715E+00 -9.055E-01
 -2.3657500E+03 -1.813E+00 -1.849E+00 -7.814E-01
 -2.3652500E+03 -1.911E+00 -1.928E+00 -7.279E-01
 -2.3647500E+03 -2.010E+00 -1.950E+00 -7.629E-01
 -2.3642500E+03 -1.523E+00 -1.651E+00 -7.926E-01
 -2.3637500E+03 -1.732E+00 -1.735E+00 -5.917E-01
 -2.3632500E+03 -1.820E+00 -1.930E+00 -9.498E-01
 -2.3627500E+03 -1.475E+00 -1.695E+00 -1.316E+00
 -2.3622500E+03 -2.080E+00 -1.993E+00 -7.802E-01
 -2.3617500E+03 -2.913E+00 -2.932E+00 -8.454E-01
 -2.3612500E+03 -2.075E+00 -2.325E+00 -2.175E+00
 -2.3607500E+03 -1.575E+00 -1.635E+00 -9.013E-01
 -2.3602500E+03 -1.096E+00 -1.282E+00 -1.127E+00
 -2.3597500E+03 -1.858E+00 -1.932E+00 -9.310E-01
 -2.3592500E+03 -2.592E+00 -2.454E+00 -5.516E-01
 -2.3587500E+03 -1.620E+00 -1.622E+00 -8.007E-01
 -2.3582500E+03 -1.395E+00 -1.536E+00 -1.146E+00
 -2.3577500E+03 -1.681E+00 -1.743E+00 -4.165E-01
 -2.3572500E+03 -1.959E+00 -1.985E+00 -1.223E+00
 -2.3567500E+03 -2.067E+00 -1.954E+00 -5.942E-01
 -2.3562500E+03 -2.091E+00 -2.186E+00 -1.136E+00
 -2.3557500E+03 -1.983E+00 -2.012E+00 -8.532E-01
 -2.3552500E+03 -1.730E+00 -1.738E+00 -8.983E-01
 -2.3547500E+03 -1.795E+00 -1.830E+00 -1.125E+00
 -2.3542500E+03 -1.616E+00 -1.914E+00 -1.629E+00
 -2.3537500E+03 -1.687E+00 -1.835E+00 -1.357E+00
 -2.3532500E+03 -1.430E+00 -1.505E+00 -1.179E+00
 -2.3527500E+03 -1.416E+00 -1.317E+00 -3.637E-01
 -2.3522500E+03 -1.224E+00 -1.462E+00 -1.270E+00
 -2.3517500E+03 -1.932E+00 -2.007E+00 -1.152E+00
 -2.3512500E+03 -2.256E+00 -2.070E+00 -1.545E-01
 -2.3507500E+03 -1.810E+00 -1.739E+00 -6.632E-01
 -2.3502500E+03 -1.082E+00 -1.150E+00 -8.738E-01
 -2.3497500E+03 -1.435E+00 -1.338E+00 -6.521E-01
 -2.3492500E+03 -1.632E+00 -1.959E+00 -1.638E+00
 -2.3487500E+03 -1.600E+00 -1.801E+00 -9.924E-01
 -2.3482500E+03 -1.974E+00 -2.110E+00 -1.214E+00
 -2.3477500E+03 -1.598E+00 -1.743E+00 -1.225E+00
 -2.3472500E+03 -1.497E+00 -1.511E+00 -1.064E+00
 -2.3467500E+03 -1.785E+00 -1.714E+00 -1.516E+00
 -2.3462500E+03 -1.083E+00 -1.217E+00 -1.268E+00
 -2.3457500E+03 -1.349E+00 -1.454E+00 -8.209E-01
 -2.3452500E+03 -1.468E+00 -1.609E+00 -1.175E+00
 -2.3447500E+03 -1.193E+00 -1.230E+00 -5.530E-01
 -2.3442500E+03 -2.177E+00 -2.030E+00 -5.092E-01
 -2.3437500E+03 -1.691E+00 -1.822E+00 -7.231E-01
 -2.3432500E+03 -1.730E+00 -2.012E+00 -9.394E-01
 -2.3427500E+03 -1.383E+00 -1.107E+00 -4.725E-01
 -2.3422500E+03 -1.775E+00 -1.851E+00 -1.032E+00
 -2.3417500E+03 -1.982E+00 -1.812E+00 -3.983E-01
 -2.3412500E+03 -1.951E+00 -2.014E+00 -1.015E+00
 -2.3407500E+03 -1.133E+00 -1.356E+00 -1.294E+00
 -2.3402500E+03 -1.676E+00 -1.916E+00 -1.090E+00
 -2.3397500E+03 -1.720E+00 -1.851E+00 -1.035E+00
 -2.3392500E+03 -1.584E+00 -1.599E+00 -1.161E+00
 -2.3387500E+03 -1.728E+00 -1.886E+00 -5.590E-01
 -2.3382500E+03 -1.794E+00 -2.097E+00 -1.412E+00
 -2.3377500E+03 -2.115E+00 -2.192E+00 -9.395E-01
 -2.3372500E+03 -1.739E+00 -1.504E+00 -1.218E-01
 -2.3367500E+03 -1.981E+00 -2.121E+00 -1.158E+00
 -2.3362500E+03 -9.910E-01 -1.129E+00 -6.193E-01
 -2.3357500E+03 -1.661E+00 -1.745E+00 -6.212E-01
 -2.3352500E+03 -1.359E+00 -1.439E+00 -7.441E-01
 -2.3347500E+03 -1.313E+00 -1.419E+00 -9.269E-01
 -2.3342500E+03 -1.196E+00 -1.261E+00 -6.767E-01
 -2.3337500E+03 -1.196E+00 -1.330E+00 -1.067E+00
 -2.3332500E+03 -1.636E+00 -1.691E+00 -6.850E-01
 -2.3327500E+03 -2.047E+00 -2.115E+00 -1.238E+00
 -2.3322500E+03 -1.751E+00 -1.790E+00 -7.362E-01
 -2.3317500E+03 -1.726E+00 -1.709E+00 -7.854E-01
 -2.3312500E+03 -1.643E+00 -1.868E+00 -1.415E+00
 -2.3307500E+03 -1.982E+00 -1.967E+00 -7.372E-01
 -2.3302500E+03 -2.131E+00 -2.103E+00 -6.372E-01
 -2.3297500E+03 -1.455E+00 -1.453E+00 -6.517E-01
 -2.3292500E+03 -1.104E+00 -1.152E+00 -8.199E-01
 -2.3287500E+03 -1.817E+00 -1.774E+00 -6.340E-01
 -2.3282500E+03 -1.674E+00 -1.766E+00 -9.390E-01
 -2.3277500E+03 -1.589E+00 -1.706E+00 -1.135E+00
 -2.3272500E+03 -1.224E+00 -1.375E+00 -1.185E+00
 -2.3267500E+03 -1.450E+00 -1.615E+00 -1.302E+00
 -2.3262500E+03 -1.590E+00 -1.874E+00 -1.663E+00
 -2.3257500E+03 -2.088E+00 -1.845E+00  7.663E-03
 -2.3252500E+03 -1.590E+00 -1.569E+00 -6.773E-01
 -2.3247500E+03 -1.515E+00 -1.459E+00 -6.473E-01
 -2.3242500E+03 -1.085E+00 -1.446E+00 -1.173E+00
 -2.3237500E+03 -1.827E+00 -1.984E+00 -1.582E+00
 -2.3232500E+03 -2.119E+00 -2.030E+00 -1.110E+00
 -2.3227500E+03 -1.894E+00 -2.025E+00 -9.065E-01
 -2.3222500E+03 -1.140E+00 -1.344E+00 -1.175E+00
 -2.3217500E+03 -9.427E-01 -1.071E+00 -8.027E-01
 -2.3212500E+03 -1.191E+00 -1.156E+00 -6.534E-01
 -2.3207500E+03 -1.506E+00 -1.522E+00 -8.966E-01
 -2.3202500E+03 -2.127E+00 -2.216E+00 -1.153E+00
 -2.3197500E+03 -2.093E+00 -2.165E+00 -1.121E+00
 -2.3192500E+03 -1.745E+00 -1.594E+00 -1.637E-01
 -2.3187500E+03 -1.255E+00 -1.580E+00 -1.538E+00
 -2.3182500E+03 -1.171E+00 -1.341E+00 -1.188E+00
 -2.3177500E+03 -1.379E+00 -1.489E+00 -8.382E-01
 -2.3172500E+03 -2.081E+00 -2.149E+00 -5.569E-01
 -2.3167500E+03 -1.199E+00 -1.179E+00 -4.923E-01
 -2.3162500E+03 -1.673E+00 -1.680E+00 -7.724E-01
 -2.3157500E+03 -1.746E+00 -1.921E+00 -1.330E+00
 -2.3152500E+03 -1.670E+00 -1.934E+00 -1.717E+00
 -2.3147500E+03 -1.065E+00 -1.231E+00 -1.162E+00
 -2.3142500E+03 -1.715E+00 -1.710E+00 -5.720E-01
 -2.3137500E+03 -1.909E+00 -1.955E+00 -9.448E-01
 -2.3132500E+03 -1.340E+00 -1.500E+00 -1.458E+00
 -2.3127500E+03 -1.297E+00 -1.503E+00 -1.220E+00
 -2.3122500E+03 -1.574E+00 -1.563E+00 -5.816E-01
 -2.3117500E+03 -1.516E+00 -1.707E+00 -6.580E-01
 -2.3112500E+03 -1.252E+00 -1.174E+00 -9.463E-01
 -2.3107500E+03 -1.683E+00 -1.593E+00 -6.359E-01
 -2.3102500E+03 -1.621E+00 -1.935E+00 -6.808E-01
 -2.3097500E+03 -1.864E+00 -1.735E+00 -1.475E-01
 -2.3092500E+03 -1.106E+00 -1.015E+00 -4.420E-01
 -2.3087500E+03 -1.340E+00 -1.415E+00 -1.086E+00
 -2.3082500E+03 -8.984E-01 -1.218E+00 -1.578E+00
 -2.3077500E+03 -1.554E+00 -1.437E+00 -5.033E-01
 -2.3072500E+03 -1.285E+00 -1.254E+00 -6.026E-01
 -2.3067500E+03 -1.107E+00 -1.587E+00 -1.101E+00
 -2.3062500E+03 -1.258E+00 -1.208E+00 -9.169E-01
 -2.3057500E+03 -1.532E+00 -1.850E+00 -1.713E+00
 -2.3052500E+03 -1.238E+00 -1.315E+00 -8.399E-01
 -2.3047500E+03 -1.197E+00 -1.167E+00 -5.385E-01
 -2.3042500E+03 -1.744E+00 -1.630E+00 -4.159E-01
 -2.3037500E+03 -1.618E+00 -1.613E+00 -4.396E-01
 -2.3032500E+03 -1.432E+00 -1.481E+00 -9.225E-01
 -2.3027500E+03 -1.793E+00 -1.694E+00 -5.178E-01
 -2.3022500E+03 -2.218E+00 -2.121E+00 -7.381E-01
 -2.3017500E+03 -1.793E+00 -1.928E+00 -1.062E+00
 -2.3012500E+03 -1.454E+00 -1.667E+00 -1.396E+00
 -2.3007500E+03 -9.695E-01 -1.100E+00 -9.932E-01
 -2.3002500E+03 -1.304E+00 -1.436E+00 -6.603E-01
 -2.2997500E+03 -1.337E+00 -1.353E+00 -4.673E-01
 -2.2992500E+03 -2.126E+00 -2.060E+00 -3.100E-01
 -2.2987500E+03 -1.498E+00 -1.537E+00 -7.392E-01
 -2.2982500E+03 -9.454E-01 -9.030E-01 -5.217E-01
 -2.2977500E+03 -1.485E+00 -1.395E+00 -6.735E-01
 -2.2972500E+03 -9.302E-01 -8.728E-01 -6.012E-01
 -2.2967500E+03 -1.353E+00 -1.266E+00 -9.683E-01
 -2.2962500E+03 -9.677E-01 -9.541E-01 -5.118E-01
 -2.2957500E+03 -1.172E+00 -1.308E+00 -9.706E-01
 -2.2952500E+03 -1.632E+00 -1.621E+00 -7.365E-01
 -2.2947500E+03 -1.862E+00 -1.869E+00 -8.087E-01
 -2.2942500E+03 -1.903E+00 -1.813E+00 -4.510E-01
 -2.2937500E+03 -1.454E+00 -1.379E+00 -8.106E-01
 -2.2932500E+03 -1.388E+00 -1.408E+00 -7.706E-01
 -2.2927500E+03 -1.306E+00 -1.343E+00 -8.064E-01
 -2.2922500E+03 -1.493E+00 -1.564E+00 -7.695E-01
 -2.2917500E+03 -1.315E+00 -1.863E+00 -9.559E-01
 -2.2912500E+03 -1.582E+00 -1.634E+00 -6.870E-01
 -2.2907500E+03 -1.435E+00 -1.522E+00 -7.956E-01
