 -6.8582500E+03 -0.000E+00 -0.000E+00  0.000E+00
 -6.8577500E+03 -0.000E+00 -0.000E+00  0.000E+00
 -6.8572500E+03 -0.000E+00 -0.000E+00  0.000E+00
 -6.8567500E+03 -0.000E+00 -0.000E+00  0.000E+00
 -6.8562500E+03 -0.000E+00 -0.000E+00  0.000E+00
 -6.8557500E+03 -0.000E+00 -0.000E+00  0.000E+00
 -6.8552500E+03 -0.000E+00 -0.000E+00  0.000E+00
 -6.8547500E+03 -0.000E+00 -0.000E+00  0.000E+00
 -6.8542500E+03 -0.000E+00 -0.000E+00  0.000E+00
 -6.8537500E+03 -0.000E+00 -0.000E+00  0.000E+00
 -6.8532500E+03 -0.000E+00 -0.000E+00  0.000E+00
 -6.8527500E+03 -0.000E+00 -0.000E+00  0.000E+00
 -6.8522500E+03 -0.000E+00 -0.000E+00  0.000E+00
 -6.8517500E+03 -0.000E+00 -0.000E+00  0.000E+00
 -6.8512500E+03 -0.000E+00 -0.000E+00  0.000E+00
 -6.8507500E+03 -0.000E+00 -0.000E+00  0.000E+00
 -6.8502500E+03 -0.000E+00 -0.000E+00  0.000E+00
 -6.8497500E+03 -0.000E+00 -0.000E+00  0.000E+00
 -6.8492500E+03 -0.000E+00 -0.000E+00  0.000E+00
 -6.8487500E+03 -0.000E+00 -0.000E+00  0.000E+00
 -6.8482500E+03 -0.000E+00 -0.000E+00  0.000E+00
 -6.8477500E+03 -0.000E+00 -0.000E+00  0.000E+00
 -6.8472500E+03 -0.000E+00 -0.000E+00  0.000E+00
 -6.8467500E+03 -0.000E+00 -0.000E+00  0.000E+00
 -6.8462500E+03 -0.000E+00 -0.000E+00  0.000E+00
 -6.8457500E+03 -0.000E+00 -0.000E+00  0.000E+00
 -6.8452500E+03 -0.000E+00 -0.000E+00  0.000E+00
 -6.8447500E+03 -0.000E+00 -0.000E+00  0.000E+00
 -6.8442500E+03 -0.000E+00 -0.000E+00  0.000E+00
 -6.8437500E+03 -0.000E+00 -0.000E+00  0.000E+00
 -6.8432500E+03 -0.000E+00 -0.000E+00  0.000E+00
 -6.8427500E+03 -0.000E+00 -0.000E+00  0.000E+00
 -6.8422500E+03 -0.000E+00 -0.000E+00  0.000E+00
 -6.8417500E+03 -0.000E+00 -0.000E+00  0.000E+00
 -6.8412500E+03 -0.000E+00 -0.000E+00  0.000E+00
 -6.8407500E+03 -0.000E+00 -0.000E+00  0.000E+00
 -6.8402500E+03 -0.000E+00 -0.000E+00  0.000E+00
 -6.8397500E+03 -0.000E+00 -0.000E+00  0.000E+00
 -6.8392500E+03 -0.000E+00 -0.000E+00  0.000E+00
 -6.8387500E+03 -0.000E+00 -0.000E+00  0.000E+00
 -6.8382500E+03 -0.000E+00 -0.000E+00  0.000E+00
 -6.8377500E+03 -0.000E+00 -0.000E+00  0.000E+00
 -6.8372500E+03 -0.000E+00 -0.000E+00  0.000E+00
 -6.8367500E+03 -0.000E+00 -0.000E+00  0.000E+00
 -6.8362500E+03 -0.000E+00 -0.000E+00  0.000E+00
 -6.8357500E+03 -0.000E+00 -0.000E+00  0.000E+00
 -6.8352500E+03 -0.000E+00 -0.000E+00  0.000E+00
 -6.8347500E+03 -0.000E+00 -0.000E+00  0.000E+00
 -6.8342500E+03 -0.000E+00 -0.000E+00  0.000E+00
 -6.8337500E+03 -0.000E+00 -0.000E+00  0.000E+00
 -6.8332500E+03 -0.000E+00 -0.000E+00  0.000E+00
 -6.8327500E+03 -0.000E+00 -0.000E+00  0.000E+00
 -6.8322500E+03 -0.000E+00 -0.000E+00  0.000E+00
 -6.8317500E+03 -0.000E+00 -0.000E+00  0.000E+00
 -6.8312500E+03 -0.000E+00 -0.000E+00  0.000E+00
 -6.8307500E+03 -0.000E+00 -0.000E+00  0.000E+00
 -6.8302500E+03 -0.000E+00 -0.000E+00  0.000E+00
 -6.8297500E+03 -0.000E+00 -0.000E+00  0.000E+00
 -6.8292500E+03 -0.000E+00 -0.000E+00  0.000E+00
 -6.8287500E+03 -0.000E+00 -0.000E+00  0.000E+00
 -6.8282500E+03 -0.000E+00 -0.000E+00  0.000E+00
 -6.8277500E+03 -0.000E+00 -0.000E+00  0.000E+00
 -6.8272500E+03 -0.000E+00 -0.000E+00  0.000E+00
 -6.8267500E+03 -0.000E+00 -0.000E+00  0.000E+00
 -6.8262500E+03 -0.000E+00 -0.000E+00  0.000E+00
 -6.8257500E+03 -0.000E+00 -0.000E+00  0.000E+00
 -6.8252500E+03 -0.000E+00 -0.000E+00  0.000E+00
 -6.8247500E+03 -0.000E+00 -0.000E+00  0.000E+00
 -6.8242500E+03 -0.000E+00 -0.000E+00  0.000E+00
 -6.8237500E+03 -0.000E+00 -0.000E+00  0.000E+00
 -6.8232500E+03 -0.000E+00 -0.000E+00  0.000E+00
 -6.8227500E+03 -0.000E+00 -0.000E+00  0.000E+00
 -6.8222500E+03 -0.000E+00 -0.000E+00  0.000E+00
 -6.8217500E+03 -0.000E+00 -0.000E+00  0.000E+00
 -6.8212500E+03 -0.000E+00 -0.000E+00  0.000E+00
 -6.8207500E+03 -0.000E+00 -0.000E+00  0.000E+00
 -6.8202500E+03 -0.000E+00 -0.000E+00  0.000E+00
 -6.8197500E+03 -0.000E+00 -0.000E+00  0.000E+00
 -6.8192500E+03 -0.000E+00 -0.000E+00  0.000E+00
 -6.8187500E+03 -0.000E+00 -0.000E+00  0.000E+00
 -6.8182500E+03 -0.000E+00 -0.000E+00  0.000E+00
 -6.8177500E+03 -0.000E+00 -0.000E+00  0.000E+00
 -6.8172500E+03 -0.000E+00 -0.000E+00  0.000E+00
 -6.8167500E+03 -0.000E+00 -0.000E+00  0.000E+00
 -6.8162500E+03 -0.000E+00 -0.000E+00  0.000E+00
 -6.8157500E+03 -0.000E+00 -0.000E+00  0.000E+00
 -6.8152500E+03 -0.000E+00 -0.000E+00  0.000E+00
 -6.8147500E+03 -0.000E+00 -0.000E+00  0.000E+00
 -6.8142500E+03 -0.000E+00 -0.000E+00  0.000E+00
 -6.8137500E+03 -0.000E+00 -0.000E+00  0.000E+00
 -6.8132500E+03 -0.000E+00 -0.000E+00  0.000E+00
 -6.8127500E+03 -0.000E+00 -0.000E+00  0.000E+00
 -6.8122500E+03 -0.000E+00 -0.000E+00  0.000E+00
 -6.8117500E+03 -0.000E+00 -0.000E+00  0.000E+00
 -6.8112500E+03 -0.000E+00 -0.000E+00  0.000E+00
 -6.8107500E+03 -0.000E+00 -0.000E+00  0.000E+00
 -6.8102500E+03 -0.000E+00 -0.000E+00  0.000E+00
 -6.8097500E+03 -0.000E+00 -0.000E+00  0.000E+00
 -6.8092500E+03 -0.000E+00 -0.000E+00  0.000E+00
 -6.8087500E+03 -0.000E+00 -0.000E+00  0.000E+00
 -6.8082500E+03 -0.000E+00 -0.000E+00  0.000E+00
 -6.8077500E+03 -0.000E+00 -0.000E+00  0.000E+00
 -6.8072500E+03 -0.000E+00 -0.000E+00  0.000E+00
 -6.8067500E+03 -0.000E+00 -0.000E+00  0.000E+00
 -6.8062500E+03 -0.000E+00 -0.000E+00  0.000E+00
 -6.8057500E+03 -0.000E+00 -0.000E+00  0.000E+00
 -6.8052500E+03 -0.000E+00 -0.000E+00  0.000E+00
 -6.8047500E+03 -0.000E+00 -0.000E+00  0.000E+00
 -6.8042500E+03 -0.000E+00 -0.000E+00  0.000E+00
 -6.8037500E+03 -0.000E+00 -0.000E+00  0.000E+00
 -6.8032500E+03 -0.000E+00 -0.000E+00  0.000E+00
 -6.8027500E+03 -0.000E+00 -0.000E+00  0.000E+00
 -6.8022500E+03 -0.000E+00 -0.000E+00  0.000E+00
 -6.8017500E+03 -0.000E+00 -0.000E+00  0.000E+00
 -6.8012500E+03 -0.000E+00 -0.000E+00  0.000E+00
 -6.8007500E+03 -0.000E+00 -0.000E+00  0.000E+00
 -6.8002500E+03 -0.000E+00 -0.000E+00  0.000E+00
 -6.7997500E+03 -0.000E+00 -0.000E+00  0.000E+00
 -6.7992500E+03 -0.000E+00 -0.000E+00  0.000E+00
 -6.7987500E+03 -0.000E+00 -0.000E+00  0.000E+00
 -6.7982500E+03 -0.000E+00 -0.000E+00  0.000E+00
 -6.7977500E+03 -0.000E+00 -0.000E+00  0.000E+00
 -6.7972500E+03 -0.000E+00 -0.000E+00  0.000E+00
 -6.7967500E+03 -0.000E+00 -0.000E+00  0.000E+00
 -6.7962500E+03 -0.000E+00 -0.000E+00  0.000E+00
 -6.7957500E+03 -0.000E+00 -0.000E+00  0.000E+00
 -6.7952500E+03 -0.000E+00 -0.000E+00  0.000E+00
 -6.7947500E+03 -0.000E+00 -0.000E+00  0.000E+00
 -6.7942500E+03 -0.000E+00 -0.000E+00  0.000E+00
 -6.7937500E+03 -0.000E+00 -0.000E+00  0.000E+00
 -6.7932500E+03 -0.000E+00 -0.000E+00  0.000E+00
 -6.7927500E+03 -0.000E+00 -0.000E+00  0.000E+00
 -6.7922500E+03 -0.000E+00 -0.000E+00  0.000E+00
 -6.7917500E+03 -0.000E+00 -0.000E+00  0.000E+00
 -6.7912500E+03 -0.000E+00 -0.000E+00  0.000E+00
 -6.7907500E+03 -0.000E+00 -0.000E+00  0.000E+00
 -6.7902500E+03 -0.000E+00 -0.000E+00  0.000E+00
 -6.7897500E+03 -0.000E+00 -0.000E+00  0.000E+00
 -6.7892500E+03 -0.000E+00 -0.000E+00  0.000E+00
 -6.7887500E+03 -0.000E+00 -0.000E+00  0.000E+00
 -6.7882500E+03 -0.000E+00 -0.000E+00  0.000E+00
 -6.7877500E+03 -0.000E+00 -0.000E+00  0.000E+00
 -6.7872500E+03 -0.000E+00 -0.000E+00  0.000E+00
 -6.7867500E+03 -0.000E+00 -0.000E+00  0.000E+00
 -6.7862500E+03 -0.000E+00 -0.000E+00  0.000E+00
 -6.7857500E+03 -0.000E+00 -0.000E+00  0.000E+00
 -6.7852500E+03 -0.000E+00 -0.000E+00  0.000E+00
 -6.7847500E+03 -0.000E+00 -0.000E+00  0.000E+00
 -6.7842500E+03 -0.000E+00 -0.000E+00  0.000E+00
 -6.7837500E+03 -0.000E+00 -0.000E+00  0.000E+00
 -6.7832500E+03 -0.000E+00 -0.000E+00  0.000E+00
 -6.7827500E+03 -0.000E+00 -0.000E+00  0.000E+00
 -6.7822500E+03 -0.000E+00 -0.000E+00  0.000E+00
 -6.7817500E+03 -0.000E+00 -0.000E+00  0.000E+00
 -6.7812500E+03 -0.000E+00 -0.000E+00  0.000E+00
 -6.7807500E+03 -0.000E+00 -0.000E+00  0.000E+00
 -6.7802500E+03 -0.000E+00 -0.000E+00  0.000E+00
 -6.7797500E+03 -0.000E+00 -0.000E+00  0.000E+00
 -6.7792500E+03 -0.000E+00 -0.000E+00  0.000E+00
 -6.7787500E+03 -0.000E+00 -0.000E+00  0.000E+00
 -6.7782500E+03 -0.000E+00 -0.000E+00  0.000E+00
 -6.7777500E+03 -0.000E+00 -0.000E+00  0.000E+00
 -6.7772500E+03 -0.000E+00 -0.000E+00  0.000E+00
 -6.7767500E+03 -0.000E+00 -0.000E+00  0.000E+00
 -6.7762500E+03 -0.000E+00 -0.000E+00  0.000E+00
 -6.7757500E+03 -0.000E+00 -0.000E+00  0.000E+00
 -6.7752500E+03 -0.000E+00 -0.000E+00  0.000E+00
 -6.7747500E+03 -0.000E+00 -0.000E+00  0.000E+00
 -6.7742500E+03 -0.000E+00 -0.000E+00  0.000E+00
 -6.7737500E+03 -0.000E+00 -0.000E+00  0.000E+00
 -6.7732500E+03 -0.000E+00 -0.000E+00  0.000E+00
 -6.7727500E+03 -0.000E+00 -0.000E+00  0.000E+00
 -6.7722500E+03 -0.000E+00 -0.000E+00  0.000E+00
 -6.7717500E+03 -0.000E+00 -0.000E+00  0.000E+00
 -6.7712500E+03 -0.000E+00 -0.000E+00  0.000E+00
 -6.7707500E+03 -0.000E+00 -0.000E+00  0.000E+00
 -6.7702500E+03 -0.000E+00 -0.000E+00  0.000E+00
 -6.7697500E+03 -0.000E+00 -0.000E+00  0.000E+00
 -6.7692500E+03 -0.000E+00 -0.000E+00  0.000E+00
 -6.7687500E+03 -0.000E+00 -0.000E+00  0.000E+00
 -6.7682500E+03 -0.000E+00 -0.000E+00  0.000E+00
 -6.7677500E+03 -0.000E+00 -0.000E+00  0.000E+00
 -6.7672500E+03 -0.000E+00 -0.000E+00  0.000E+00
 -6.7667500E+03 -0.000E+00 -0.000E+00  0.000E+00
 -6.7662500E+03 -0.000E+00 -0.000E+00  0.000E+00
 -6.7657500E+03 -0.000E+00 -0.000E+00  0.000E+00
 -6.7652500E+03 -0.000E+00 -0.000E+00  0.000E+00
 -6.7647500E+03 -0.000E+00 -0.000E+00  0.000E+00
 -6.7642500E+03 -0.000E+00 -0.000E+00  0.000E+00
 -6.7637500E+03 -0.000E+00 -0.000E+00  0.000E+00
 -6.7632500E+03 -0.000E+00 -0.000E+00  0.000E+00
 -6.7627500E+03 -0.000E+00 -0.000E+00  0.000E+00
 -6.7622500E+03 -0.000E+00 -0.000E+00  0.000E+00
 -6.7617500E+03 -0.000E+00 -0.000E+00  0.000E+00
 -6.7612500E+03 -0.000E+00 -0.000E+00  0.000E+00
 -6.7607500E+03 -0.000E+00 -0.000E+00  0.000E+00
 -6.7602500E+03 -0.000E+00 -0.000E+00  0.000E+00
 -6.7597500E+03 -0.000E+00 -0.000E+00  0.000E+00
 -6.7592500E+03 -0.000E+00 -0.000E+00  0.000E+00
 -6.7587500E+03 -0.000E+00 -0.000E+00  0.000E+00
 -6.7582500E+03 -0.000E+00 -0.000E+00  0.000E+00
 -6.7577500E+03 -0.000E+00 -0.000E+00  0.000E+00
 -6.7572500E+03 -0.000E+00 -0.000E+00  0.000E+00
 -6.7567500E+03 -0.000E+00 -0.000E+00  0.000E+00
 -6.7562500E+03 -0.000E+00 -0.000E+00  0.000E+00
 -6.7557500E+03 -0.000E+00 -0.000E+00  0.000E+00
 -6.7552500E+03 -0.000E+00 -0.000E+00  0.000E+00
 -6.7547500E+03 -0.000E+00 -0.000E+00  0.000E+00
 -6.7542500E+03 -0.000E+00 -0.000E+00  0.000E+00
 -6.7537500E+03 -0.000E+00 -0.000E+00  0.000E+00
 -6.7532500E+03 -0.000E+00 -0.000E+00  0.000E+00
 -6.7527500E+03 -0.000E+00 -0.000E+00  0.000E+00
 -6.7522500E+03 -0.000E+00 -0.000E+00  0.000E+00
 -6.7517500E+03 -0.000E+00 -0.000E+00  0.000E+00
 -6.7512500E+03 -0.000E+00 -0.000E+00  0.000E+00
 -6.7507500E+03 -0.000E+00 -0.000E+00  0.000E+00
 -6.7502500E+03 -0.000E+00 -0.000E+00  0.000E+00
 -6.7497500E+03 -0.000E+00 -0.000E+00  0.000E+00
 -6.7492500E+03 -0.000E+00 -0.000E+00  0.000E+00
 -6.7487500E+03 -0.000E+00 -0.000E+00  0.000E+00
 -6.7482500E+03 -0.000E+00 -0.000E+00  0.000E+00
 -6.7477500E+03 -0.000E+00 -0.000E+00  0.000E+00
 -6.7472500E+03 -0.000E+00 -0.000E+00  0.000E+00
 -6.7467500E+03 -0.000E+00 -0.000E+00  0.000E+00
 -6.7462500E+03 -0.000E+00 -0.000E+00  0.000E+00
 -6.7457500E+03 -0.000E+00 -0.000E+00  0.000E+00
 -6.7452500E+03 -0.000E+00 -0.000E+00  0.000E+00
 -6.7447500E+03 -0.000E+00 -0.000E+00  0.000E+00
 -6.7442500E+03 -0.000E+00 -0.000E+00  0.000E+00
 -6.7437500E+03 -0.000E+00 -0.000E+00  0.000E+00
 -6.7432500E+03 -0.000E+00 -0.000E+00  0.000E+00
 -6.7427500E+03 -0.000E+00 -0.000E+00  0.000E+00
 -6.7422500E+03 -0.000E+00 -0.000E+00  0.000E+00
 -6.7417500E+03 -0.000E+00 -0.000E+00  0.000E+00
 -6.7412500E+03 -0.000E+00 -0.000E+00  0.000E+00
 -6.7407500E+03 -0.000E+00 -0.000E+00  0.000E+00
 -6.7402500E+03 -0.000E+00 -0.000E+00  0.000E+00
 -6.7397500E+03 -0.000E+00 -0.000E+00  0.000E+00
 -6.7392500E+03 -0.000E+00 -0.000E+00  0.000E+00
 -6.7387500E+03 -0.000E+00 -0.000E+00  0.000E+00
 -6.7382500E+03 -0.000E+00 -0.000E+00  0.000E+00
 -6.7377500E+03 -0.000E+00 -0.000E+00  0.000E+00
 -6.7372500E+03 -0.000E+00 -0.000E+00  0.000E+00
 -6.7367500E+03 -0.000E+00 -0.000E+00  0.000E+00
 -6.7362500E+03 -0.000E+00 -0.000E+00  0.000E+00
 -6.7357500E+03 -0.000E+00 -0.000E+00  0.000E+00
 -6.7352500E+03 -0.000E+00 -0.000E+00  0.000E+00
 -6.7347500E+03 -0.000E+00 -0.000E+00  0.000E+00
 -6.7342500E+03 -0.000E+00 -0.000E+00  0.000E+00
 -6.7337500E+03 -0.000E+00 -0.000E+00  0.000E+00
 -6.7332500E+03 -0.000E+00 -0.000E+00  0.000E+00
 -6.7327500E+03 -0.000E+00 -0.000E+00  0.000E+00
 -6.7322500E+03 -0.000E+00 -0.000E+00  0.000E+00
 -6.7317500E+03 -0.000E+00 -0.000E+00  0.000E+00
 -6.7312500E+03 -0.000E+00 -0.000E+00  0.000E+00
 -6.7307500E+03 -0.000E+00 -0.000E+00  0.000E+00
 -6.7302500E+03 -0.000E+00 -0.000E+00  0.000E+00
 -6.7297500E+03 -0.000E+00 -0.000E+00  0.000E+00
 -6.7292500E+03 -0.000E+00 -0.000E+00  0.000E+00
 -6.7287500E+03 -0.000E+00 -0.000E+00  0.000E+00
 -6.7282500E+03 -0.000E+00 -0.000E+00  0.000E+00
 -6.7277500E+03 -0.000E+00 -0.000E+00  0.000E+00
 -6.7272500E+03 -0.000E+00 -0.000E+00  0.000E+00
 -6.7267500E+03 -4.506E-04 -8.109E-04 -1.792E-03
 -6.7262500E+03 -1.428E-03 -1.096E-03  3.917E-04
 -6.7257500E+03 -1.894E-03 -1.634E-03 -1.013E-04
 -6.7252500E+03  5.373E-02  4.916E-02  1.119E-02
 -6.7247500E+03 -4.320E-03 -1.001E-02 -2.819E-02
 -6.7242500E+03 -9.341E-03  7.788E-03  7.037E-02
 -6.7237500E+03  4.144E-02  3.998E-02  1.447E-02
 -6.7232500E+03 -4.227E-02 -3.413E-02  1.486E-02
 -6.7227500E+03 -1.848E-02 -1.887E-02 -6.209E-03
 -6.7222500E+03  1.102E-01  7.442E-02 -8.712E-02
 -6.7217500E+03 -8.086E-03  9.269E-03  6.464E-02
 -6.7212500E+03 -9.580E-03  5.465E-03  4.906E-02
 -6.7207500E+03 -5.198E-02  4.576E-03  1.868E-01
 -6.7202500E+03 -1.147E-01 -1.323E-01 -1.318E-01
 -6.7197500E+03 -4.020E-02 -3.196E-02 -4.641E-03
 -6.7192500E+03  1.347E-02  5.436E-02  1.578E-01
 -6.7187500E+03  4.862E-02  3.076E-02 -5.654E-02
 -6.7182500E+03 -5.069E-02 -6.040E-02 -7.498E-02
 -6.7177500E+03 -8.212E-02 -7.037E-02  5.640E-03
 -6.7172500E+03  6.666E-02  4.863E-02 -4.980E-02
 -6.7167500E+03  8.637E-02  8.753E-02  4.136E-02
 -6.7162500E+03  3.079E-02  2.787E-02  1.924E-02
 -6.7157500E+03 -6.641E-02 -6.134E-02 -4.467E-02
 -6.7152500E+03  2.174E-01  1.908E-01 -3.644E-03
 -6.7147500E+03  1.200E-01  1.574E-01  1.882E-01
 -6.7142500E+03 -4.307E-02  3.146E-02  2.414E-01
 -6.7137500E+03  4.562E-01  3.250E-01 -2.457E-01
 -6.7132500E+03 -3.377E-01  3.335E-02  1.428E+00
 -6.7127500E+03  6.589E-01  3.273E-01 -9.611E-01
 -6.7122500E+03  2.146E-01  2.981E-02 -7.412E-01
 -6.7117500E+03 -2.932E-01 -2.845E-01 -3.777E-02
 -6.7112500E+03  1.632E-01  3.362E-01  7.403E-01
 -6.7107500E+03  1.235E+00  2.747E-01 -2.763E+00
 -6.7102500E+03  6.916E-01  8.252E-01  8.463E-01
 -6.7097500E+03 -1.147E+00  2.184E-01  4.189E+00
 -6.7092500E+03  2.169E+00  1.740E+00 -4.948E-01
 -6.7087500E+03  5.242E-01  1.744E-02 -1.532E+00
 -6.7082500E+03 -7.333E-01 -4.279E-01  6.015E-01
 -6.7077500E+03  3.237E-01  1.872E-01 -3.829E-01
 -6.7072500E+03  2.838E-01  4.190E-01  6.283E-01
 -6.7067500E+03 -2.629E-01 -2.626E-01 -2.217E-01
 -6.7062500E+03 -4.611E-01 -4.856E-01 -2.487E-01
 -6.7057500E+03  2.935E-01  4.085E-01  4.688E-01
 -6.7052500E+03  3.073E-01  5.055E-01  6.901E-01
 -6.7047500E+03  1.421E+00  1.229E+00 -7.138E-02
 -6.7042500E+03  9.648E-01  8.482E-01  1.942E-01
 -6.7037500E+03  1.040E-01  4.758E-02 -8.332E-02
 -6.7032500E+03 -7.615E-01 -5.570E-01  2.235E-01
 -6.7027500E+03 -3.616E-01 -1.532E-01  7.809E-01
 -6.7022500E+03  1.361E+00  1.222E+00  1.486E-01
 -6.7017500E+03  5.402E-01  5.503E-01  1.637E-01
 -6.7012500E+03  8.130E-01  6.810E-01  1.023E-01
 -6.7007500E+03 -1.248E+00 -1.135E+00  2.356E-02
 -6.7002500E+03  1.487E+00  1.603E+00  1.267E+00
 -6.6997500E+03  2.100E-01  2.457E-01  1.123E-02
 -6.6992500E+03  9.100E-01  9.999E-01  8.489E-01
 -6.6987500E+03 -3.497E-01 -6.042E-02  9.918E-01
 -6.6982500E+03  2.161E-01 -1.100E-02 -7.070E-01
 -6.6977500E+03  1.248E+00  8.869E-01 -1.118E+00
 -6.6972500E+03  9.784E-01  1.047E+00  8.715E-01
 -6.6967500E+03  2.639E+00  2.859E+00  2.211E+00
 -6.6962500E+03  4.058E+00  3.989E+00  2.461E+00
 -6.6957500E+03  1.201E+01  1.156E+01  5.301E+00
 -6.6952500E+03  3.157E+01  3.072E+01  1.505E+01
 -6.6947500E+03  7.719E+01  7.714E+01  4.435E+01
 -6.6942500E+03  1.980E+02  1.949E+02  1.018E+02
 -6.6937500E+03  4.835E+02  4.750E+02  2.438E+02
 -6.6932500E+03  1.019E+03  1.002E+03  5.151E+02
 -6.6927500E+03  1.790E+03  1.765E+03  9.186E+02
 -6.6922500E+03  2.421E+03  2.402E+03  1.284E+03
 -6.6917500E+03  2.648E+03  2.646E+03  1.461E+03
 -6.6912500E+03  2.384E+03  2.392E+03  1.336E+03
 -6.6907500E+03  1.847E+03  1.857E+03  1.039E+03
 -6.6902500E+03  1.281E+03  1.294E+03  7.323E+02
 -6.6897500E+03  8.593E+02  8.774E+02  5.231E+02
 -6.6892500E+03  5.288E+02  5.380E+02  3.090E+02
 -6.6887500E+03  3.383E+02  3.469E+02  2.046E+02
 -6.6882500E+03  2.091E+02  2.154E+02  1.278E+02
 -6.6877500E+03  1.424E+02  1.417E+02  6.605E+01
 -6.6872500E+03  6.400E+01  6.821E+01  4.391E+01
 -6.6867500E+03  3.855E+01  3.417E+01 -2.407E+00
 -6.6862500E+03  4.016E-01  4.559E+00  1.063E+01
 -6.6857500E+03 -2.517E+01 -2.123E+01 -2.957E+00
 -6.6852500E+03 -1.748E+01 -2.159E+01 -2.928E+01
 -6.6847500E+03 -3.463E+01 -3.000E+01 -3.544E+00
 -6.6842500E+03 -4.859E+01 -4.344E+01 -1.045E+01
 -6.6837500E+03 -3.874E+01 -3.761E+01 -1.957E+01
 -6.6832500E+03 -4.726E+01 -4.528E+01 -2.047E+01
 -6.6827500E+03 -5.300E+01 -5.147E+01 -2.541E+01
 -6.6822500E+03 -4.157E+01 -4.211E+01 -2.722E+01
 -6.6817500E+03 -5.518E+01 -5.208E+01 -2.064E+01
 -6.6812500E+03 -5.269E+01 -5.464E+01 -3.795E+01
 -6.6807500E+03 -6.364E+01 -6.057E+01 -2.442E+01
 -6.6802500E+03 -5.095E+01 -5.088E+01 -2.921E+01
 -6.6797500E+03 -5.159E+01 -5.091E+01 -2.720E+01
 -6.6792500E+03 -6.332E+01 -6.279E+01 -3.292E+01
 -6.6787500E+03 -5.817E+01 -5.670E+01 -2.768E+01
 -6.6782500E+03 -5.704E+01 -5.391E+01 -2.049E+01
 -6.6777500E+03 -5.790E+01 -5.942E+01 -3.885E+01
 -6.6772500E+03 -5.678E+01 -5.587E+01 -2.903E+01
 -6.6767500E+03 -5.994E+01 -6.262E+01 -4.455E+01
 -6.6762500E+03 -6.628E+01 -6.278E+01 -2.381E+01
 -6.6757500E+03 -6.100E+01 -6.091E+01 -3.476E+01
 -6.6752500E+03 -5.815E+01 -5.765E+01 -3.093E+01
 -6.6747500E+03 -5.654E+01 -5.637E+01 -3.143E+01
 -6.6742500E+03 -5.123E+01 -5.103E+01 -2.876E+01
 -6.6737500E+03 -5.656E+01 -5.770E+01 -3.631E+01
 -6.6732500E+03 -5.286E+01 -5.283E+01 -3.043E+01
 -6.6727500E+03 -5.497E+01 -5.695E+01 -3.926E+01
 -6.6722500E+03 -5.560E+01 -5.526E+01 -2.951E+01
 -6.6717500E+03 -5.807E+01 -5.749E+01 -3.052E+01
 -6.6712500E+03 -5.882E+01 -5.749E+01 -2.815E+01
 -6.6707500E+03 -5.487E+01 -5.572E+01 -3.374E+01
 -6.6702500E+03 -5.862E+01 -5.814E+01 -3.106E+01
 -6.6697500E+03 -4.978E+01 -5.015E+01 -2.875E+01
 -6.6692500E+03 -5.863E+01 -5.682E+01 -2.571E+01
 -6.6687500E+03 -5.407E+01 -5.247E+01 -2.407E+01
 -6.6682500E+03 -5.332E+01 -5.548E+01 -3.872E+01
 -6.6677500E+03 -5.487E+01 -5.629E+01 -3.628E+01
 -6.6672500E+03 -4.800E+01 -4.785E+01 -2.636E+01
 -6.6667500E+03 -5.308E+01 -5.205E+01 -2.571E+01
 -6.6662500E+03 -5.665E+01 -5.622E+01 -3.032E+01
 -6.6657500E+03 -5.059E+01 -5.038E+01 -2.769E+01
 -6.6652500E+03 -5.308E+01 -5.382E+01 -3.279E+01
 -6.6647500E+03 -4.633E+01 -4.619E+01 -2.568E+01
 -6.6642500E+03 -4.967E+01 -4.914E+01 -2.535E+01
 -6.6637500E+03 -5.291E+01 -5.320E+01 -3.121E+01
 -6.6632500E+03 -5.056E+01 -5.096E+01 -3.050E+01
 -6.6627500E+03 -5.109E+01 -4.950E+01 -2.279E+01
 -6.6622500E+03 -4.715E+01 -4.577E+01 -2.166E+01
 -6.6617500E+03 -4.771E+01 -4.685E+01 -2.341E+01
 -6.6612500E+03 -4.993E+01 -4.901E+01 -2.338E+01
 -6.6607500E+03 -5.133E+01 -4.866E+01 -1.951E+01
 -6.6602500E+03 -5.022E+01 -5.076E+01 -3.045E+01
 -6.6597500E+03 -4.535E+01 -4.604E+01 -2.756E+01
 -6.6592500E+03 -4.412E+01 -4.508E+01 -2.861E+01
 -6.6587500E+03 -5.122E+01 -5.037E+01 -2.602E+01
 -6.6582500E+03 -4.472E+01 -4.605E+01 -2.991E+01
 -6.6577500E+03 -5.034E+01 -4.837E+01 -1.974E+01
 -6.6572500E+03 -4.491E+01 -4.555E+01 -2.643E+01
 -6.6567500E+03 -4.581E+01 -4.499E+01 -2.304E+01
 -6.6562500E+03 -4.979E+01 -4.943E+01 -2.649E+01
 -6.6557500E+03 -4.546E+01 -4.470E+01 -2.243E+01
 -6.6552500E+03 -4.524E+01 -4.513E+01 -2.474E+01
 -6.6547500E+03 -4.993E+01 -4.910E+01 -2.422E+01
 -6.6542500E+03 -4.659E+01 -4.701E+01 -2.769E+01
 -6.6537500E+03 -3.959E+01 -4.019E+01 -2.443E+01
 -6.6532500E+03 -4.818E+01 -4.799E+01 -2.593E+01
 -6.6527500E+03 -4.503E+01 -4.350E+01 -1.931E+01
 -6.6522500E+03 -4.137E+01 -4.152E+01 -2.395E+01
 -6.6517500E+03 -4.359E+01 -4.366E+01 -2.444E+01
 -6.6512500E+03 -4.698E+01 -4.513E+01 -1.890E+01
 -6.6507500E+03 -4.637E+01 -4.633E+01 -2.549E+01
 -6.6502500E+03 -4.331E+01 -4.485E+01 -3.012E+01
 -6.6497500E+03 -4.700E+01 -4.655E+01 -2.425E+01
 -6.6492500E+03 -4.468E+01 -4.408E+01 -2.225E+01
 -6.6487500E+03 -4.287E+01 -4.384E+01 -2.767E+01
 -6.6482500E+03 -4.058E+01 -4.155E+01 -2.601E+01
 -6.6477500E+03 -4.079E+01 -4.093E+01 -2.366E+01
 -6.6472500E+03 -3.996E+01 -4.043E+01 -2.371E+01
 -6.6467500E+03 -4.221E+01 -4.129E+01 -2.016E+01
 -6.6462500E+03 -4.878E+01 -4.675E+01 -1.954E+01
 -6.6457500E+03 -4.179E+01 -4.049E+01 -1.822E+01
 -6.6452500E+03 -3.681E+01 -3.740E+01 -2.295E+01
 -6.6447500E+03 -4.336E+01 -4.339E+01 -2.408E+01
 -6.6442500E+03 -4.411E+01 -4.260E+01 -1.893E+01
 -6.6437500E+03 -4.046E+01 -3.894E+01 -1.705E+01
 -6.6432500E+03 -4.238E+01 -4.180E+01 -2.069E+01
 -6.6427500E+03 -3.812E+01 -3.998E+01 -2.790E+01
 -6.6422500E+03 -3.910E+01 -4.050E+01 -2.680E+01
 -6.6417500E+03 -4.161E+01 -4.207E+01 -2.456E+01
 -6.6412500E+03 -3.480E+01 -3.661E+01 -2.632E+01
 -6.6407500E+03 -4.216E+01 -4.167E+01 -2.173E+01
 -6.6402500E+03 -4.306E+01 -4.169E+01 -1.784E+01
 -6.6397500E+03 -3.926E+01 -3.972E+01 -2.332E+01
 -6.6392500E+03 -4.187E+01 -4.172E+01 -2.299E+01
 -6.6387500E+03 -3.870E+01 -3.909E+01 -2.398E+01
 -6.6382500E+03 -3.997E+01 -4.053E+01 -2.454E+01
 -6.6377500E+03 -3.580E+01 -3.603E+01 -2.028E+01
 -6.6372500E+03 -3.513E+01 -3.512E+01 -1.976E+01
 -6.6367500E+03 -3.555E+01 -3.456E+01 -1.621E+01
 -6.6362500E+03 -3.930E+01 -3.969E+01 -2.285E+01
 -6.6357500E+03 -4.050E+01 -4.040E+01 -2.208E+01
 -6.6352500E+03 -4.141E+01 -3.944E+01 -1.524E+01
 -6.6347500E+03 -3.653E+01 -3.599E+01 -1.789E+01
 -6.6342500E+03 -3.645E+01 -3.564E+01 -1.692E+01
 -6.6337500E+03 -3.763E+01 -3.729E+01 -1.957E+01
 -6.6332500E+03 -3.789E+01 -3.795E+01 -2.100E+01
 -6.6327500E+03 -3.450E+01 -3.542E+01 -2.318E+01
 -6.6322500E+03 -3.583E+01 -3.594E+01 -2.044E+01
 -6.6317500E+03 -3.612E+01 -3.563E+01 -1.828E+01
 -6.6312500E+03 -3.704E+01 -3.756E+01 -2.197E+01
 -6.6307500E+03 -3.595E+01 -3.683E+01 -2.312E+01
 -6.6302500E+03 -3.451E+01 -3.447E+01 -1.873E+01
 -6.6297500E+03 -3.785E+01 -3.715E+01 -1.820E+01
 -6.6292500E+03 -3.604E+01 -3.483E+01 -1.507E+01
 -6.6287500E+03 -3.253E+01 -3.245E+01 -1.779E+01
 -6.6282500E+03 -3.498E+01 -3.498E+01 -1.958E+01
 -6.6277500E+03 -3.686E+01 -3.613E+01 -1.751E+01
 -6.6272500E+03 -3.661E+01 -3.648E+01 -1.964E+01
 -6.6267500E+03 -3.542E+01 -3.556E+01 -1.953E+01
 -6.6262500E+03 -3.490E+01 -3.487E+01 -1.948E+01
 -6.6257500E+03 -3.402E+01 -3.416E+01 -1.933E+01
 -6.6252500E+03 -3.168E+01 -3.171E+01 -1.798E+01
 -6.6247500E+03 -3.052E+01 -3.251E+01 -2.463E+01
 -6.6242500E+03 -3.392E+01 -3.314E+01 -1.602E+01
 -6.6237500E+03 -3.399E+01 -3.274E+01 -1.319E+01
 -6.6232500E+03 -3.219E+01 -3.292E+01 -2.050E+01
 -6.6227500E+03 -3.079E+01 -3.094E+01 -1.756E+01
 -6.6222500E+03 -3.273E+01 -3.301E+01 -1.946E+01
 -6.6217500E+03 -3.273E+01 -3.283E+01 -1.815E+01
 -6.6212500E+03 -3.068E+01 -3.018E+01 -1.480E+01
 -6.6207500E+03 -3.178E+01 -3.175E+01 -1.748E+01
 -6.6202500E+03 -3.293E+01 -3.258E+01 -1.651E+01
 -6.6197500E+03 -3.384E+01 -3.298E+01 -1.511E+01
 -6.6192500E+03 -3.311E+01 -3.323E+01 -1.828E+01
 -6.6187500E+03 -3.120E+01 -3.240E+01 -2.254E+01
 -6.6182500E+03 -3.033E+01 -2.967E+01 -1.476E+01
 -6.6177500E+03 -3.499E+01 -3.465E+01 -1.740E+01
 -6.6172500E+03 -3.219E+01 -3.195E+01 -1.691E+01
 -6.6167500E+03 -3.185E+01 -3.223E+01 -1.881E+01
 -6.6162500E+03 -3.135E+01 -3.229E+01 -2.019E+01
 -6.6157500E+03 -3.099E+01 -3.048E+01 -1.557E+01
 -6.6152500E+03 -2.930E+01 -2.994E+01 -1.904E+01
 -6.6147500E+03 -2.973E+01 -2.929E+01 -1.550E+01
 -6.6142500E+03 -2.911E+01 -2.878E+01 -1.526E+01
 -6.6137500E+03 -3.081E+01 -3.116E+01 -1.827E+01
 -6.6132500E+03 -3.255E+01 -3.163E+01 -1.476E+01
 -6.6127500E+03 -2.974E+01 -2.953E+01 -1.556E+01
 -6.6122500E+03 -3.039E+01 -3.046E+01 -1.657E+01
 -6.6117500E+03 -3.047E+01 -3.003E+01 -1.479E+01
 -6.6112500E+03 -3.003E+01 -2.908E+01 -1.278E+01
 -6.6107500E+03 -2.695E+01 -2.785E+01 -1.822E+01
 -6.6102500E+03 -2.929E+01 -2.979E+01 -1.829E+01
 -6.6097500E+03 -3.059E+01 -3.106E+01 -1.886E+01
 -6.6092500E+03 -3.065E+01 -2.958E+01 -1.300E+01
 -6.6087500E+03 -2.926E+01 -2.900E+01 -1.546E+01
 -6.6082500E+03 -2.892E+01 -2.938E+01 -1.803E+01
 -6.6077500E+03 -2.943E+01 -2.834E+01 -1.200E+01
 -6.6072500E+03 -2.798E+01 -2.820E+01 -1.590E+01
 -6.6067500E+03 -2.746E+01 -2.714E+01 -1.407E+01
 -6.6062500E+03 -2.963E+01 -2.886E+01 -1.325E+01
 -6.6057500E+03 -2.638E+01 -2.605E+01 -1.282E+01
 -6.6052500E+03 -2.597E+01 -2.579E+01 -1.374E+01
 -6.6047500E+03 -2.843E+01 -2.889E+01 -1.755E+01
 -6.6042500E+03 -2.809E+01 -2.791E+01 -1.500E+01
 -6.6037500E+03 -2.539E+01 -2.577E+01 -1.527E+01
 -6.6032500E+03 -2.909E+01 -2.881E+01 -1.451E+01
 -6.6027500E+03 -2.824E+01 -2.738E+01 -1.201E+01
 -6.6022500E+03 -2.894E+01 -2.962E+01 -1.816E+01
 -6.6017500E+03 -2.687E+01 -2.706E+01 -1.551E+01
 -6.6012500E+03 -2.842E+01 -2.755E+01 -1.222E+01
 -6.6007500E+03 -2.661E+01 -2.673E+01 -1.445E+01
 -6.6002500E+03 -2.760E+01 -2.785E+01 -1.619E+01
 -6.5997500E+03 -2.685E+01 -2.665E+01 -1.406E+01
 -6.5992500E+03 -2.861E+01 -2.866E+01 -1.570E+01
 -6.5987500E+03 -2.539E+01 -2.656E+01 -1.885E+01
 -6.5982500E+03 -2.847E+01 -2.805E+01 -1.428E+01
 -6.5977500E+03 -2.876E+01 -2.863E+01 -1.616E+01
 -6.5972500E+03 -2.847E+01 -2.758E+01 -1.181E+01
 -6.5967500E+03 -2.481E+01 -2.524E+01 -1.506E+01
 -6.5962500E+03 -2.582E+01 -2.567E+01 -1.384E+01
 -6.5957500E+03 -2.438E+01 -2.498E+01 -1.573E+01
 -6.5952500E+03 -2.757E+01 -2.681E+01 -1.262E+01
 -6.5947500E+03 -2.934E+01 -2.792E+01 -1.054E+01
 -6.5942500E+03 -2.675E+01 -2.624E+01 -1.276E+01
 -6.5937500E+03 -2.618E+01 -2.577E+01 -1.261E+01
 -6.5932500E+03 -2.286E+01 -2.312E+01 -1.297E+01
 -6.5927500E+03 -2.585E+01 -2.506E+01 -1.114E+01
 -6.5922500E+03 -2.621E+01 -2.676E+01 -1.710E+01
 -6.5917500E+03 -2.546E+01 -2.565E+01 -1.502E+01
 -6.5912500E+03 -2.261E+01 -2.418E+01 -1.796E+01
 -6.5907500E+03 -2.561E+01 -2.495E+01 -1.082E+01
 -6.5902500E+03 -2.558E+01 -2.581E+01 -1.550E+01
 -6.5897500E+03 -2.573E+01 -2.623E+01 -1.624E+01
 -6.5892500E+03 -2.440E+01 -2.423E+01 -1.361E+01
 -6.5887500E+03 -2.450E+01 -2.481E+01 -1.517E+01
 -6.5882500E+03 -2.613E+01 -2.630E+01 -1.552E+01
 -6.5877500E+03 -2.512E+01 -2.468E+01 -1.159E+01
 -6.5872500E+03 -2.345E+01 -2.414E+01 -1.511E+01
 -6.5867500E+03 -2.339E+01 -2.329E+01 -1.256E+01
 -6.5862500E+03 -2.441E+01 -2.417E+01 -1.226E+01
 -6.5857500E+03 -2.316E+01 -2.304E+01 -1.108E+01
 -6.5852500E+03 -2.285E+01 -2.380E+01 -1.549E+01
 -6.5847500E+03 -2.520E+01 -2.521E+01 -1.401E+01
 -6.5842500E+03 -2.580E+01 -2.559E+01 -1.335E+01
 -6.5837500E+03 -2.283E+01 -2.169E+01 -8.679E+00
 -6.5832500E+03 -2.441E+01 -2.505E+01 -1.631E+01
 -6.5827500E+03 -2.190E+01 -2.183E+01 -1.235E+01
 -6.5822500E+03 -2.256E+01 -2.279E+01 -1.311E+01
 -6.5817500E+03 -2.340E+01 -2.329E+01 -1.244E+01
 -6.5812500E+03 -2.411E+01 -2.405E+01 -1.270E+01
 -6.5807500E+03 -2.243E+01 -2.198E+01 -1.124E+01
 -6.5802500E+03 -2.454E+01 -2.412E+01 -1.143E+01
 -6.5797500E+03 -2.447E+01 -2.396E+01 -1.134E+01
 -6.5792500E+03 -2.254E+01 -2.222E+01 -1.155E+01
 -6.5787500E+03 -2.234E+01 -2.292E+01 -1.475E+01
 -6.5782500E+03 -2.176E+01 -2.201E+01 -1.285E+01
 -6.5777500E+03 -2.487E+01 -2.521E+01 -1.425E+01
 -6.5772500E+03 -2.130E+01 -2.157E+01 -1.182E+01
 -6.5767500E+03 -2.143E+01 -2.184E+01 -1.304E+01
 -6.5762500E+03 -2.234E+01 -2.267E+01 -1.332E+01
 -6.5757500E+03 -2.293E+01 -2.247E+01 -1.126E+01
 -6.5752500E+03 -2.152E+01 -2.193E+01 -1.363E+01
 -6.5747500E+03 -2.458E+01 -2.489E+01 -1.519E+01
 -6.5742500E+03 -2.148E+01 -2.160E+01 -1.193E+01
 -6.5737500E+03 -2.102E+01 -2.117E+01 -1.181E+01
 -6.5732500E+03 -2.194E+01 -2.126E+01 -9.718E+00
 -6.5727500E+03 -2.189E+01 -2.170E+01 -1.104E+01
 -6.5722500E+03 -2.200E+01 -2.206E+01 -1.249E+01
 -6.5717500E+03 -1.895E+01 -1.915E+01 -1.124E+01
 -6.5712500E+03 -2.125E+01 -2.148E+01 -1.218E+01
 -6.5707500E+03 -2.142E+01 -2.100E+01 -9.915E+00
 -6.5702500E+03 -2.331E+01 -2.324E+01 -1.236E+01
 -6.5697500E+03 -2.209E+01 -2.233E+01 -1.350E+01
 -6.5692500E+03 -2.124E+01 -2.082E+01 -1.004E+01
 -6.5687500E+03 -2.045E+01 -2.011E+01 -9.646E+00
 -6.5682500E+03 -2.086E+01 -2.071E+01 -1.130E+01
 -6.5677500E+03 -1.890E+01 -1.971E+01 -1.338E+01
 -6.5672500E+03 -2.264E+01 -2.184E+01 -9.290E+00
 -6.5667500E+03 -2.122E+01 -2.106E+01 -1.118E+01
 -6.5662500E+03 -2.064E+01 -2.034E+01 -1.081E+01
 -6.5657500E+03 -2.270E+01 -2.233E+01 -1.166E+01
 -6.5652500E+03 -2.222E+01 -2.205E+01 -1.150E+01
 -6.5647500E+03 -2.225E+01 -2.163E+01 -1.026E+01
 -6.5642500E+03 -2.008E+01 -2.018E+01 -1.102E+01
 -6.5637500E+03 -2.132E+01 -2.178E+01 -1.297E+01
 -6.5632500E+03 -2.002E+01 -1.952E+01 -9.217E+00
 -6.5627500E+03 -1.863E+01 -1.815E+01 -8.930E+00
 -6.5622500E+03 -2.142E+01 -2.120E+01 -1.137E+01
 -6.5617500E+03 -1.970E+01 -1.896E+01 -1.199E+01
 -6.5612500E+03 -1.938E+01 -2.059E+01 -1.258E+01
 -6.5607500E+03 -1.727E+01 -1.799E+01 -1.209E+01
 -6.5602500E+03 -1.834E+01 -1.786E+01 -1.096E+01
 -6.5597500E+03 -2.340E+01 -2.403E+01 -1.052E+01
 -6.5592500E+03 -2.181E+01 -1.920E+01 -4.965E+00
 -6.5587500E+03 -2.220E+01 -2.120E+01 -8.443E+00
 -6.5582500E+03 -1.794E+01 -1.913E+01 -1.146E+01
 -6.5577500E+03 -1.845E+01 -1.829E+01 -9.225E+00
 -6.5572500E+03 -1.843E+01 -1.862E+01 -1.184E+01
 -6.5567500E+03 -1.869E+01 -1.738E+01 -1.052E+01
 -6.5562500E+03 -2.095E+01 -2.131E+01 -9.565E+00
 -6.5557500E+03 -1.928E+01 -1.811E+01 -7.704E+00
 -6.5552500E+03 -2.006E+01 -2.085E+01 -1.263E+01
 -6.5547500E+03 -1.793E+01 -2.004E+01 -1.267E+01
 -6.5542500E+03 -1.641E+01 -1.683E+01 -9.988E+00
 -6.5537500E+03 -1.950E+01 -1.874E+01 -7.637E+00
 -6.5532500E+03 -1.921E+01 -1.955E+01 -1.210E+01
 -6.5527500E+03 -1.759E+01 -1.870E+01 -1.355E+01
 -6.5522500E+03 -1.995E+01 -2.049E+01 -1.301E+01
 -6.5517500E+03 -1.854E+01 -1.845E+01 -1.006E+01
 -6.5512500E+03 -1.938E+01 -1.974E+01 -1.232E+01
 -6.5507500E+03 -1.915E+01 -1.889E+01 -1.060E+01
 -6.5502500E+03 -1.796E+01 -1.884E+01 -1.182E+01
 -6.5497500E+03 -1.903E+01 -1.834E+01 -8.469E+00
 -6.5492500E+03 -1.791E+01 -1.780E+01 -9.842E+00
 -6.5487500E+03 -1.825E+01 -1.831E+01 -1.041E+01
 -6.5482500E+03 -1.686E+01 -1.660E+01 -8.425E+00
 -6.5477500E+03 -1.789E+01 -1.834E+01 -1.088E+01
 -6.5472500E+03 -1.764E+01 -1.914E+01 -1.350E+01
 -6.5467500E+03 -1.982E+01 -1.860E+01 -1.122E+01
 -6.5462500E+03 -1.748E+01 -1.804E+01 -1.058E+01
 -6.5457500E+03 -1.775E+01 -1.793E+01 -8.215E+00
 -6.5452500E+03 -1.790E+01 -1.735E+01 -8.019E+00
 -6.5447500E+03 -1.768E+01 -1.795E+01 -1.046E+01
 -6.5442500E+03 -1.695E+01 -1.652E+01 -7.459E+00
 -6.5437500E+03 -1.855E+01 -1.884E+01 -1.115E+01
 -6.5432500E+03 -1.873E+01 -1.870E+01 -1.010E+01
 -6.5427500E+03 -1.696E+01 -1.738E+01 -1.053E+01
 -6.5422500E+03 -1.808E+01 -1.806E+01 -9.530E+00
 -6.5417500E+03 -1.771E+01 -1.750E+01 -1.028E+01
 -6.5412500E+03 -1.941E+01 -1.876E+01 -7.707E+00
 -6.5407500E+03 -1.605E+01 -1.610E+01 -9.559E+00
 -6.5402500E+03 -1.624E+01 -1.557E+01 -6.369E+00
 -6.5397500E+03 -1.842E+01 -1.794E+01 -7.952E+00
 -6.5392500E+03 -1.683E+01 -1.669E+01 -8.819E+00
 -6.5387500E+03 -1.792E+01 -1.776E+01 -9.585E+00
 -6.5382500E+03 -1.467E+01 -1.520E+01 -1.024E+01
 -6.5377500E+03 -1.580E+01 -1.655E+01 -1.172E+01
 -6.5372500E+03 -1.687E+01 -1.708E+01 -1.122E+01
 -6.5367500E+03 -1.639E+01 -1.669E+01 -9.530E+00
 -6.5362500E+03 -1.573E+01 -1.607E+01 -8.369E+00
 -6.5357500E+03 -1.689E+01 -1.725E+01 -8.563E+00
 -6.5352500E+03 -1.710E+01 -1.680E+01 -8.318E+00
 -6.5347500E+03 -1.355E+01 -1.431E+01 -9.648E+00
 -6.5342500E+03 -1.496E+01 -1.514E+01 -7.495E+00
 -6.5337500E+03 -1.670E+01 -1.663E+01 -9.686E+00
 -6.5332500E+03 -1.789E+01 -1.737E+01 -8.677E+00
 -6.5327500E+03 -1.669E+01 -1.586E+01 -6.177E+00
 -6.5322500E+03 -1.725E+01 -1.693E+01 -8.532E+00
 -6.5317500E+03 -1.801E+01 -1.717E+01 -7.298E+00
 -6.5312500E+03 -1.667E+01 -1.662E+01 -9.782E+00
 -6.5307500E+03 -1.596E+01 -1.622E+01 -9.327E+00
 -6.5302500E+03 -1.666E+01 -1.705E+01 -1.021E+01
 -6.5297500E+03 -1.577E+01 -1.497E+01 -6.429E+00
 -6.5292500E+03 -1.564E+01 -1.498E+01 -6.716E+00
 -6.5287500E+03 -1.629E+01 -1.620E+01 -8.441E+00
 -6.5282500E+03 -1.532E+01 -1.587E+01 -9.859E+00
 -6.5277500E+03 -1.576E+01 -1.598E+01 -8.943E+00
 -6.5272500E+03 -1.485E+01 -1.562E+01 -9.943E+00
 -6.5267500E+03 -1.569E+01 -1.540E+01 -7.124E+00
 -6.5262500E+03 -1.605E+01 -1.638E+01 -9.340E+00
 -6.5257500E+03 -1.469E+01 -1.479E+01 -8.875E+00
 -6.5252500E+03 -1.491E+01 -1.563E+01 -1.053E+01
 -6.5247500E+03 -1.553E+01 -1.573E+01 -8.535E+00
 -6.5242500E+03 -1.802E+01 -1.698E+01 -5.681E+00
 -6.5237500E+03 -1.476E+01 -1.499E+01 -8.094E+00
 -6.5232500E+03 -1.540E+01 -1.561E+01 -9.169E+00
 -6.5227500E+03 -1.639E+01 -1.655E+01 -9.294E+00
 -6.5222500E+03 -1.589E+01 -1.532E+01 -6.834E+00
 -6.5217500E+03 -1.569E+01 -1.501E+01 -6.230E+00
 -6.5212500E+03 -1.536E+01 -1.576E+01 -9.178E+00
 -6.5207500E+03 -1.521E+01 -1.572E+01 -1.022E+01
 -6.5202500E+03 -1.456E+01 -1.514E+01 -9.625E+00
 -6.5197500E+03 -1.572E+01 -1.534E+01 -7.375E+00
 -6.5192500E+03 -1.340E+01 -1.351E+01 -8.011E+00
 -6.5187500E+03 -1.514E+01 -1.501E+01 -7.879E+00
 -6.5182500E+03 -1.366E+01 -1.388E+01 -7.952E+00
 -6.5177500E+03 -1.598E+01 -1.600E+01 -8.476E+00
 -6.5172500E+03 -1.391E+01 -1.434E+01 -9.346E+00
 -6.5167500E+03 -1.530E+01 -1.450E+01 -5.673E+00
 -6.5162500E+03 -1.513E+01 -1.485E+01 -7.125E+00
 -6.5157500E+03 -1.409E+01 -1.437E+01 -8.993E+00
 -6.5152500E+03 -1.390E+01 -1.365E+01 -6.720E+00
 -6.5147500E+03 -1.559E+01 -1.558E+01 -8.722E+00
 -6.5142500E+03 -1.360E+01 -1.340E+01 -7.026E+00
 -6.5137500E+03 -1.305E+01 -1.299E+01 -7.399E+00
 -6.5132500E+03 -1.474E+01 -1.449E+01 -7.079E+00
 -6.5127500E+03 -1.396E+01 -1.424E+01 -8.198E+00
 -6.5122500E+03 -1.366E+01 -1.363E+01 -6.907E+00
 -6.5117500E+03 -1.418E+01 -1.429E+01 -7.852E+00
 -6.5112500E+03 -1.570E+01 -1.508E+01 -5.993E+00
 -6.5107500E+03 -1.428E+01 -1.441E+01 -7.442E+00
 -6.5102500E+03 -1.426E+01 -1.450E+01 -8.291E+00
 -6.5097500E+03 -1.519E+01 -1.515E+01 -8.845E+00
 -6.5092500E+03 -1.469E+01 -1.483E+01 -8.239E+00
 -6.5087500E+03 -1.491E+01 -1.503E+01 -8.438E+00
 -6.5082500E+03 -1.363E+01 -1.315E+01 -5.628E+00
 -6.5077500E+03 -1.458E+01 -1.360E+01 -5.866E+00
 -6.5072500E+03 -1.327E+01 -1.344E+01 -7.893E+00
 -6.5067500E+03 -1.374E+01 -1.406E+01 -8.351E+00
 -6.5062500E+03 -1.201E+01 -1.252E+01 -8.089E+00
 -6.5057500E+03 -1.527E+01 -1.559E+01 -8.703E+00
 -6.5052500E+03 -1.299E+01 -1.289E+01 -7.106E+00
 -6.5047500E+03 -1.149E+01 -1.132E+01 -6.164E+00
 -6.5042500E+03 -1.333E+01 -1.327E+01 -7.547E+00
 -6.5037500E+03 -1.313E+01 -1.339E+01 -8.697E+00
 -6.5032500E+03 -1.308E+01 -1.305E+01 -6.393E+00
 -6.5027500E+03 -1.101E+01 -1.166E+01 -7.473E+00
 -6.5022500E+03 -1.222E+01 -1.288E+01 -8.511E+00
 -6.5017500E+03 -1.461E+01 -1.401E+01 -5.967E+00
 -6.5012500E+03 -1.312E+01 -1.272E+01 -5.815E+00
 -6.5007500E+03 -1.391E+01 -1.400E+01 -7.365E+00
 -6.5002500E+03 -1.290E+01 -1.325E+01 -8.642E+00
 -6.4997500E+03 -1.243E+01 -1.192E+01 -5.274E+00
 -6.4992500E+03 -1.212E+01 -1.211E+01 -6.045E+00
 -6.4987500E+03 -1.231E+01 -1.288E+01 -9.055E+00
 -6.4982500E+03 -1.300E+01 -1.356E+01 -8.650E+00
 -6.4977500E+03 -1.337E+01 -1.355E+01 -8.710E+00
 -6.4972500E+03 -1.294E+01 -1.265E+01 -6.213E+00
 -6.4967500E+03 -1.483E+01 -1.390E+01 -6.645E+00
 -6.4962500E+03 -1.371E+01 -1.313E+01 -5.766E+00
 -6.4957500E+03 -1.151E+01 -1.170E+01 -7.337E+00
 -6.4952500E+03 -1.276E+01 -1.238E+01 -5.622E+00
 -6.4947500E+03 -1.237E+01 -1.260E+01 -7.456E+00
 -6.4942500E+03 -1.213E+01 -1.301E+01 -9.951E+00
 -6.4937500E+03 -1.197E+01 -1.235E+01 -7.541E+00
 -6.4932500E+03 -1.255E+01 -1.265E+01 -7.038E+00
 -6.4927500E+03 -1.357E+01 -1.361E+01 -7.738E+00
 -6.4922500E+03 -1.246E+01 -1.231E+01 -6.904E+00
 -6.4917500E+03 -1.194E+01 -1.186E+01 -6.579E+00
 -6.4912500E+03 -1.212E+01 -1.148E+01 -4.488E+00
 -6.4907500E+03 -1.291E+01 -1.309E+01 -7.222E+00
 -6.4902500E+03 -1.042E+01 -1.085E+01 -8.373E+00
 -6.4897500E+03 -1.139E+01 -1.166E+01 -6.701E+00
 -6.4892500E+03 -1.364E+01 -1.314E+01 -6.620E+00
 -6.4887500E+03 -1.305E+01 -1.301E+01 -6.439E+00
 -6.4882500E+03 -1.188E+01 -1.221E+01 -7.964E+00
 -6.4877500E+03 -1.237E+01 -1.217E+01 -6.401E+00
 -6.4872500E+03 -1.513E+01 -1.450E+01 -5.699E+00
 -6.4867500E+03 -1.291E+01 -1.202E+01 -2.919E+00
 -6.4862500E+03 -1.223E+01 -1.249E+01 -7.638E+00
 -6.4857500E+03 -1.235E+01 -1.314E+01 -9.272E+00
 -6.4852500E+03 -1.141E+01 -1.147E+01 -6.290E+00
 -6.4847500E+03 -1.057E+01 -1.116E+01 -8.058E+00
 -6.4842500E+03 -1.058E+01 -1.123E+01 -7.354E+00
 -6.4837500E+03 -1.076E+01 -1.107E+01 -6.338E+00
 -6.4832500E+03 -1.189E+01 -1.171E+01 -5.682E+00
 -6.4827500E+03 -1.204E+01 -1.154E+01 -5.672E+00
 -6.4822500E+03 -1.268E+01 -1.237E+01 -6.002E+00
 -6.4817500E+03 -1.081E+01 -1.181E+01 -8.838E+00
 -6.4812500E+03 -1.171E+01 -1.168E+01 -6.498E+00
 -6.4807500E+03 -1.103E+01 -1.068E+01 -5.279E+00
 -6.4802500E+03 -1.148E+01 -1.084E+01 -4.367E+00
 -6.4797500E+03 -1.078E+01 -1.084E+01 -6.026E+00
 -6.4792500E+03 -1.299E+01 -1.211E+01 -4.412E+00
 -6.4787500E+03 -1.161E+01 -1.136E+01 -5.458E+00
 -6.4782500E+03 -1.221E+01 -1.181E+01 -5.153E+00
 -6.4777500E+03 -1.243E+01 -1.164E+01 -5.762E+00
 -6.4772500E+03 -1.098E+01 -1.097E+01 -6.642E+00
 -6.4767500E+03 -1.128E+01 -1.138E+01 -6.281E+00
 -6.4762500E+03 -1.151E+01 -1.272E+01 -8.252E+00
 -6.4757500E+03 -1.114E+01 -1.125E+01 -6.545E+00
 -6.4752500E+03 -1.172E+01 -1.210E+01 -6.968E+00
 -6.4747500E+03 -1.060E+01 -1.074E+01 -6.289E+00
 -6.4742500E+03 -1.131E+01 -1.142E+01 -7.087E+00
 -6.4737500E+03 -1.170E+01 -1.176E+01 -6.597E+00
 -6.4732500E+03 -9.891E+00 -9.970E+00 -5.927E+00
 -6.4727500E+03 -1.085E+01 -1.076E+01 -5.649E+00
 -6.4722500E+03 -1.133E+01 -1.139E+01 -6.577E+00
 -6.4717500E+03 -1.098E+01 -1.115E+01 -7.059E+00
 -6.4712500E+03 -1.083E+01 -1.116E+01 -6.769E+00
 -6.4707500E+03 -1.215E+01 -1.160E+01 -4.184E+00
 -6.4702500E+03 -1.118E+01 -1.080E+01 -4.264E+00
 -6.4697500E+03 -1.062E+01 -1.066E+01 -5.768E+00
 -6.4692500E+03 -1.050E+01 -1.054E+01 -6.909E+00
 -6.4687500E+03 -9.726E+00 -9.935E+00 -6.265E+00
 -6.4682500E+03 -1.046E+01 -1.122E+01 -7.507E+00
 -6.4677500E+03 -1.067E+01 -1.001E+01 -3.899E+00
 -6.4672500E+03 -9.979E+00 -9.960E+00 -4.541E+00
 -6.4667500E+03 -8.929E+00 -9.030E+00 -4.861E+00
 -6.4662500E+03 -1.309E+01 -1.258E+01 -5.432E+00
 -6.4657500E+03 -1.060E+01 -1.067E+01 -6.370E+00
 -6.4652500E+03 -1.108E+01 -1.062E+01 -5.124E+00
 -6.4647500E+03 -1.063E+01 -1.066E+01 -5.664E+00
 -6.4642500E+03 -1.122E+01 -1.140E+01 -7.077E+00
 -6.4637500E+03 -1.108E+01 -1.127E+01 -6.086E+00
 -6.4632500E+03 -1.066E+01 -1.075E+01 -6.045E+00
 -6.4627500E+03 -1.212E+01 -1.136E+01 -4.062E+00
 -6.4622500E+03 -8.800E+00 -8.922E+00 -5.592E+00
 -6.4617500E+03 -7.915E+00 -8.787E+00 -7.695E+00
 -6.4612500E+03 -1.035E+01 -1.061E+01 -6.420E+00
 -6.4607500E+03 -1.047E+01 -1.070E+01 -5.693E+00
 -6.4602500E+03 -9.793E+00 -1.058E+01 -7.457E+00
 -6.4597500E+03 -1.063E+01 -1.031E+01 -4.453E+00
 -6.4592500E+03 -9.658E+00 -9.933E+00 -6.498E+00
 -6.4587500E+03 -1.078E+01 -1.073E+01 -5.250E+00
 -6.4582500E+03 -9.866E+00 -1.018E+01 -5.797E+00
 -6.4577500E+03 -1.073E+01 -1.028E+01 -4.449E+00
 -6.4572500E+03 -1.003E+01 -1.012E+01 -6.129E+00
 -6.4567500E+03 -1.027E+01 -1.034E+01 -5.977E+00
 -6.4562500E+03 -1.160E+01 -1.147E+01 -5.521E+00
 -6.4557500E+03 -8.779E+00 -8.288E+00 -3.052E+00
 -6.4552500E+03 -9.606E+00 -9.604E+00 -4.971E+00
 -6.4547500E+03 -1.118E+01 -1.160E+01 -7.277E+00
 -6.4542500E+03 -9.605E+00 -9.634E+00 -5.438E+00
 -6.4537500E+03 -1.086E+01 -1.071E+01 -5.026E+00
 -6.4532500E+03 -1.014E+01 -1.052E+01 -6.636E+00
 -6.4527500E+03 -9.275E+00 -9.569E+00 -6.521E+00
 -6.4522500E+03 -9.597E+00 -9.549E+00 -5.200E+00
 -6.4517500E+03 -9.786E+00 -9.543E+00 -4.280E+00
 -6.4512500E+03 -9.855E+00 -9.906E+00 -5.661E+00
 -6.4507500E+03 -9.823E+00 -9.272E+00 -3.994E+00
 -6.4502500E+03 -1.001E+01 -9.946E+00 -5.108E+00
 -6.4497500E+03 -9.935E+00 -1.023E+01 -6.155E+00
 -6.4492500E+03 -9.296E+00 -9.481E+00 -5.081E+00
 -6.4487500E+03 -7.853E+00 -7.685E+00 -4.646E+00
 -6.4482500E+03 -1.003E+01 -9.326E+00 -3.770E+00
 -6.4477500E+03 -9.260E+00 -8.529E+00 -3.309E+00
 -6.4472500E+03 -1.044E+01 -1.113E+01 -7.806E+00
 -6.4467500E+03 -8.884E+00 -9.432E+00 -6.867E+00
 -6.4462500E+03 -9.133E+00 -9.102E+00 -5.165E+00
 -6.4457500E+03 -9.928E+00 -1.002E+01 -4.999E+00
 -6.4452500E+03 -9.220E+00 -8.960E+00 -3.819E+00
 -6.4447500E+03 -8.491E+00 -8.675E+00 -5.156E+00
 -6.4442500E+03 -9.489E+00 -9.478E+00 -5.117E+00
 -6.4437500E+03 -1.000E+01 -9.748E+00 -5.145E+00
 -6.4432500E+03 -1.018E+01 -9.818E+00 -4.550E+00
 -6.4427500E+03 -9.691E+00 -9.483E+00 -5.292E+00
 -6.4422500E+03 -9.165E+00 -9.496E+00 -5.856E+00
 -6.4417500E+03 -7.758E+00 -7.942E+00 -5.032E+00
 -6.4412500E+03 -7.970E+00 -8.159E+00 -4.370E+00
 -6.4407500E+03 -9.805E+00 -9.770E+00 -5.096E+00
 -6.4402500E+03 -8.383E+00 -8.476E+00 -4.868E+00
 -6.4397500E+03 -9.134E+00 -9.417E+00 -5.749E+00
 -6.4392500E+03 -1.029E+01 -1.015E+01 -5.709E+00
 -6.4387500E+03 -8.754E+00 -9.211E+00 -5.361E+00
 -6.4382500E+03 -8.917E+00 -9.285E+00 -5.471E+00
 -6.4377500E+03 -8.885E+00 -8.731E+00 -4.829E+00
 -6.4372500E+03 -9.364E+00 -8.977E+00 -3.734E+00
 -6.4367500E+03 -8.758E+00 -8.834E+00 -5.782E+00
 -6.4362500E+03 -8.955E+00 -8.791E+00 -4.713E+00
 -6.4357500E+03 -8.225E+00 -8.381E+00 -5.550E+00
 -6.4352500E+03 -8.569E+00 -8.697E+00 -4.871E+00
 -6.4347500E+03 -9.961E+00 -9.622E+00 -4.121E+00
 -6.4342500E+03 -8.277E+00 -8.613E+00 -4.912E+00
 -6.4337500E+03 -7.903E+00 -8.543E+00 -5.866E+00
 -6.4332500E+03 -9.185E+00 -9.657E+00 -6.419E+00
 -6.4327500E+03 -9.434E+00 -9.189E+00 -4.377E+00
 -6.4322500E+03 -8.811E+00 -9.013E+00 -6.218E+00
 -6.4317500E+03 -8.289E+00 -8.205E+00 -4.630E+00
 -6.4312500E+03 -9.291E+00 -8.934E+00 -4.081E+00
 -6.4307500E+03 -8.020E+00 -8.091E+00 -4.072E+00
 -6.4302500E+03 -9.204E+00 -9.295E+00 -4.933E+00
 -6.4297500E+03 -9.399E+00 -9.288E+00 -4.669E+00
 -6.4292500E+03 -8.134E+00 -7.673E+00 -3.231E+00
 -6.4287500E+03 -8.395E+00 -8.360E+00 -4.449E+00
 -6.4282500E+03 -8.757E+00 -9.241E+00 -6.031E+00
 -6.4277500E+03 -9.265E+00 -9.141E+00 -4.388E+00
 -6.4272500E+03 -9.158E+00 -9.044E+00 -4.625E+00
 -6.4267500E+03 -8.662E+00 -9.256E+00 -7.132E+00
 -6.4262500E+03 -7.707E+00 -7.888E+00 -4.942E+00
 -6.4257500E+03 -8.347E+00 -8.258E+00 -4.297E+00
 -6.4252500E+03 -8.825E+00 -8.809E+00 -5.513E+00
 -6.4247500E+03 -9.075E+00 -8.970E+00 -4.525E+00
 -6.4242500E+03 -6.923E+00 -7.024E+00 -4.530E+00
 -6.4237500E+03 -7.556E+00 -7.223E+00 -2.646E+00
 -6.4232500E+03 -9.008E+00 -8.799E+00 -4.033E+00
 -6.4227500E+03 -7.597E+00 -7.620E+00 -4.995E+00
 -6.4222500E+03 -8.170E+00 -8.530E+00 -5.973E+00
 -6.4217500E+03 -6.224E+00 -6.916E+00 -5.211E+00
 -6.4212500E+03 -7.694E+00 -7.709E+00 -4.530E+00
 -6.4207500E+03 -9.137E+00 -8.481E+00 -3.319E+00
 -6.4202500E+03 -9.187E+00 -9.433E+00 -5.632E+00
 -6.4197500E+03 -9.140E+00 -9.127E+00 -4.656E+00
 -6.4192500E+03 -1.009E+01 -1.002E+01 -5.733E+00
 -6.4187500E+03 -7.470E+00 -7.568E+00 -4.373E+00
 -6.4182500E+03 -7.512E+00 -7.602E+00 -4.268E+00
 -6.4177500E+03 -8.457E+00 -8.381E+00 -4.331E+00
 -6.4172500E+03 -7.799E+00 -7.767E+00 -4.690E+00
 -6.4167500E+03 -8.704E+00 -8.403E+00 -3.791E+00
 -6.4162500E+03 -7.730E+00 -7.726E+00 -3.044E+00
 -6.4157500E+03 -7.984E+00 -8.736E+00 -4.744E+00
 -6.4152500E+03 -7.639E+00 -8.005E+00 -4.973E+00
 -6.4147500E+03 -7.952E+00 -8.120E+00 -4.301E+00
 -6.4142500E+03 -8.282E+00 -7.940E+00 -3.787E+00
 -6.4137500E+03 -8.738E+00 -9.036E+00 -5.465E+00
 -6.4132500E+03 -8.643E+00 -8.684E+00 -4.453E+00
 -6.4127500E+03 -7.549E+00 -7.888E+00 -5.838E+00
 -6.4122500E+03 -7.574E+00 -7.591E+00 -3.650E+00
 -6.4117500E+03 -8.126E+00 -8.038E+00 -3.872E+00
 -6.4112500E+03 -6.973E+00 -7.404E+00 -5.347E+00
 -6.4107500E+03 -7.121E+00 -6.406E+00 -2.458E+00
 -6.4102500E+03 -6.781E+00 -6.846E+00 -4.169E+00
 -6.4097500E+03 -6.458E+00 -6.965E+00 -5.062E+00
 -6.4092500E+03 -7.957E+00 -8.568E+00 -5.175E+00
 -6.4087500E+03 -8.531E+00 -8.619E+00 -4.581E+00
 -6.4082500E+03 -7.744E+00 -7.561E+00 -3.265E+00
 -6.4077500E+03 -7.571E+00 -7.370E+00 -2.910E+00
 -6.4072500E+03 -6.904E+00 -7.042E+00 -4.295E+00
 -6.4067500E+03 -8.226E+00 -8.001E+00 -4.028E+00
 -6.4062500E+03 -8.417E+00 -8.544E+00 -4.709E+00
 -6.4057500E+03 -7.198E+00 -7.417E+00 -4.969E+00
 -6.4052500E+03 -7.669E+00 -6.843E+00 -1.873E+00
 -6.4047500E+03 -8.067E+00 -7.793E+00 -3.342E+00
 -6.4042500E+03 -7.334E+00 -7.868E+00 -5.661E+00
 -6.4037500E+03 -7.303E+00 -7.195E+00 -4.545E+00
 -6.4032500E+03 -7.605E+00 -8.007E+00 -5.130E+00
 -6.4027500E+03 -7.307E+00 -7.838E+00 -5.423E+00
 -6.4022500E+03 -7.894E+00 -7.763E+00 -3.762E+00
 -6.4017500E+03 -8.248E+00 -8.273E+00 -4.438E+00
 -6.4012500E+03 -6.633E+00 -6.439E+00 -3.190E+00
 -6.4007500E+03 -7.498E+00 -7.542E+00 -4.922E+00
 -6.4002500E+03 -6.979E+00 -7.162E+00 -4.537E+00
 -6.3997500E+03 -5.907E+00 -6.104E+00 -3.896E+00
 -6.3992500E+03 -5.970E+00 -6.582E+00 -5.254E+00
 -6.3987500E+03 -7.239E+00 -7.340E+00 -4.463E+00
 -6.3982500E+03 -6.919E+00 -6.617E+00 -2.941E+00
 -6.3977500E+03 -8.538E+00 -7.516E+00 -3.643E+00
 -6.3972500E+03 -8.911E+00 -6.840E+00 -3.196E+00
 -6.3967500E+03 -9.099E+00 -8.193E+00 -2.546E+00
 -6.3962500E+03 -7.782E+00 -7.747E+00 -3.666E+00
 -6.3957500E+03 -6.763E+00 -6.498E+00 -2.791E+00
 -6.3952500E+03 -7.679E+00 -7.556E+00 -3.105E+00
 -6.3947500E+03 -6.542E+00 -6.826E+00 -4.592E+00
 -6.3942500E+03 -7.411E+00 -7.333E+00 -3.736E+00
 -6.3937500E+03 -6.615E+00 -6.648E+00 -3.935E+00
 -6.3932500E+03 -6.329E+00 -5.987E+00 -2.251E+00
 -6.3927500E+03 -6.365E+00 -6.367E+00 -3.280E+00
 -6.3922500E+03 -6.923E+00 -6.765E+00 -3.354E+00
 -6.3917500E+03 -6.882E+00 -6.446E+00 -1.812E+00
 -6.3912500E+03 -7.026E+00 -6.949E+00 -3.435E+00
 -6.3907500E+03 -6.831E+00 -7.195E+00 -5.467E+00
 -6.3902500E+03 -7.082E+00 -7.323E+00 -4.767E+00
 -6.3897500E+03 -7.480E+00 -6.975E+00 -3.188E+00
 -6.3892500E+03 -6.856E+00 -7.227E+00 -4.479E+00
 -6.3887500E+03 -7.372E+00 -7.502E+00 -4.633E+00
 -6.3882500E+03 -7.112E+00 -6.691E+00 -2.921E+00
 -6.3877500E+03 -6.647E+00 -7.146E+00 -5.203E+00
 -6.3872500E+03 -5.509E+00 -5.625E+00 -3.872E+00
 -6.3867500E+03 -7.130E+00 -6.664E+00 -2.899E+00
 -6.3862500E+03 -7.076E+00 -7.037E+00 -3.382E+00
 -6.3857500E+03 -6.605E+00 -6.489E+00 -2.847E+00
 -6.3852500E+03 -6.484E+00 -6.950E+00 -4.388E+00
 -6.3847500E+03 -7.346E+00 -7.367E+00 -3.484E+00
 -6.3842500E+03 -6.355E+00 -6.219E+00 -3.021E+00
 -6.3837500E+03 -6.602E+00 -7.247E+00 -5.086E+00
 -6.3832500E+03 -7.288E+00 -7.257E+00 -3.927E+00
 -6.3827500E+03 -6.158E+00 -6.590E+00 -4.998E+00
 -6.3822500E+03 -6.317E+00 -6.515E+00 -3.569E+00
 -6.3817500E+03 -6.248E+00 -6.195E+00 -3.446E+00
 -6.3812500E+03 -7.219E+00 -6.726E+00 -2.547E+00
 -6.3807500E+03 -6.149E+00 -6.248E+00 -3.670E+00
 -6.3802500E+03 -7.478E+00 -7.701E+00 -4.725E+00
 -6.3797500E+03 -7.455E+00 -7.307E+00 -3.770E+00
 -6.3792500E+03 -6.345E+00 -6.666E+00 -4.677E+00
 -6.3787500E+03 -4.991E+00 -5.568E+00 -5.352E+00
 -6.3782500E+03 -6.393E+00 -6.487E+00 -2.126E+00
 -6.3777500E+03 -6.103E+00 -6.066E+00 -3.053E+00
 -6.3772500E+03 -6.538E+00 -6.178E+00 -2.447E+00
 -6.3767500E+03 -6.961E+00 -7.157E+00 -4.448E+00
 -6.3762500E+03 -5.717E+00 -5.985E+00 -3.498E+00
 -6.3757500E+03 -6.373E+00 -6.045E+00 -2.531E+00
 -6.3752500E+03 -6.421E+00 -6.877E+00 -5.012E+00
 -6.3747500E+03 -5.293E+00 -5.827E+00 -4.243E+00
 -6.3742500E+03 -6.539E+00 -6.183E+00 -2.191E+00
 -6.3737500E+03 -6.606E+00 -6.459E+00 -3.455E+00
 -6.3732500E+03 -6.405E+00 -6.462E+00 -4.085E+00
 -6.3727500E+03 -6.626E+00 -6.607E+00 -3.766E+00
 -6.3722500E+03 -6.386E+00 -6.520E+00 -4.474E+00
 -6.3717500E+03 -5.816E+00 -5.989E+00 -3.950E+00
 -6.3712500E+03 -5.509E+00 -5.545E+00 -3.037E+00
 -6.3707500E+03 -6.015E+00 -5.927E+00 -2.921E+00
 -6.3702500E+03 -6.987E+00 -6.518E+00 -1.954E+00
 -6.3697500E+03 -6.975E+00 -7.152E+00 -3.859E+00
 -6.3692500E+03 -5.935E+00 -6.239E+00 -3.961E+00
 -6.3687500E+03 -6.689E+00 -6.635E+00 -3.411E+00
 -6.3682500E+03 -6.366E+00 -6.629E+00 -4.033E+00
 -6.3677500E+03 -6.623E+00 -6.337E+00 -2.547E+00
 -6.3672500E+03 -6.989E+00 -7.071E+00 -3.765E+00
 -6.3667500E+03 -6.578E+00 -6.632E+00 -4.320E+00
 -6.3662500E+03 -5.432E+00 -5.158E+00 -1.949E+00
 -6.3657500E+03 -6.226E+00 -6.120E+00 -3.249E+00
 -6.3652500E+03 -6.660E+00 -6.627E+00 -3.184E+00
 -6.3647500E+03 -4.985E+00 -5.430E+00 -4.239E+00
 -6.3642500E+03 -6.526E+00 -6.344E+00 -2.639E+00
 -6.3637500E+03 -5.967E+00 -6.223E+00 -3.728E+00
 -6.3632500E+03 -4.580E+00 -4.718E+00 -3.751E+00
 -6.3627500E+03 -5.981E+00 -5.842E+00 -3.578E+00
 -6.3622500E+03 -5.615E+00 -5.439E+00 -2.429E+00
 -6.3617500E+03 -4.885E+00 -5.404E+00 -3.963E+00
 -6.3612500E+03 -5.877E+00 -5.930E+00 -3.728E+00
 -6.3607500E+03 -6.098E+00 -5.969E+00 -2.970E+00
 -6.3602500E+03 -6.006E+00 -6.059E+00 -3.215E+00
 -6.3597500E+03 -6.677E+00 -6.909E+00 -4.582E+00
 -6.3592500E+03 -5.518E+00 -5.727E+00 -4.304E+00
 -6.3587500E+03 -5.668E+00 -5.522E+00 -2.720E+00
 -6.3582500E+03 -5.427E+00 -5.353E+00 -2.630E+00
 -6.3577500E+03 -5.375E+00 -5.319E+00 -2.840E+00
 -6.3572500E+03 -6.418E+00 -5.789E+00 -2.053E+00
 -6.3567500E+03 -5.779E+00 -6.092E+00 -4.112E+00
 -6.3562500E+03 -5.603E+00 -5.417E+00 -2.333E+00
 -6.3557500E+03 -7.557E+00 -7.353E+00 -3.327E+00
 -6.3552500E+03 -6.026E+00 -5.553E+00 -1.831E+00
 -6.3547500E+03 -5.211E+00 -5.386E+00 -3.558E+00
 -6.3542500E+03 -5.782E+00 -6.178E+00 -4.331E+00
 -6.3537500E+03 -5.905E+00 -5.673E+00 -3.225E+00
 -6.3532500E+03 -5.731E+00 -5.137E+00 -2.445E+00
 -6.3527500E+03 -4.970E+00 -4.923E+00 -2.815E+00
 -6.3522500E+03 -6.618E+00 -6.193E+00 -1.726E+00
 -6.3517500E+03 -5.543E+00 -5.580E+00 -3.346E+00
 -6.3512500E+03 -5.539E+00 -5.458E+00 -2.680E+00
 -6.3507500E+03 -6.608E+00 -6.397E+00 -2.733E+00
 -6.3502500E+03 -5.361E+00 -5.656E+00 -3.886E+00
 -6.3497500E+03 -4.952E+00 -5.045E+00 -2.845E+00
 -6.3492500E+03 -6.076E+00 -6.167E+00 -3.731E+00
 -6.3487500E+03 -4.340E+00 -4.523E+00 -2.697E+00
 -6.3482500E+03 -4.644E+00 -4.639E+00 -3.532E+00
 -6.3477500E+03 -6.260E+00 -5.882E+00 -3.769E+00
 -6.3472500E+03 -5.835E+00 -6.256E+00 -4.603E+00
 -6.3467500E+03 -6.476E+00 -6.472E+00 -3.512E+00
 -6.3462500E+03 -5.694E+00 -5.815E+00 -3.110E+00
 -6.3457500E+03 -5.466E+00 -5.101E+00 -1.818E+00
 -6.3452500E+03 -5.061E+00 -5.146E+00 -3.008E+00
 -6.3447500E+03 -4.532E+00 -4.937E+00 -3.746E+00
 -6.3442500E+03 -5.606E+00 -5.906E+00 -2.498E+00
 -6.3437500E+03 -5.528E+00 -5.574E+00 -2.552E+00
 -6.3432500E+03 -5.076E+00 -5.174E+00 -3.320E+00
 -6.3427500E+03 -4.492E+00 -4.808E+00 -3.661E+00
 -6.3422500E+03 -4.974E+00 -4.827E+00 -2.209E+00
 -6.3417500E+03 -5.156E+00 -4.818E+00 -1.652E+00
 -6.3412500E+03 -5.853E+00 -5.816E+00 -2.820E+00
 -6.3407500E+03 -5.565E+00 -5.352E+00 -2.129E+00
 -6.3402500E+03 -5.871E+00 -5.878E+00 -3.471E+00
 -6.3397500E+03 -5.570E+00 -5.532E+00 -2.617E+00
 -6.3392500E+03 -5.521E+00 -5.799E+00 -3.586E+00
 -6.3387500E+03 -5.082E+00 -5.001E+00 -1.969E+00
 -6.3382500E+03 -5.980E+00 -5.845E+00 -3.166E+00
 -6.3377500E+03 -4.701E+00 -4.903E+00 -2.648E+00
 -6.3372500E+03 -4.949E+00 -4.820E+00 -2.306E+00
 -6.3367500E+03 -4.902E+00 -4.699E+00 -2.248E+00
 -6.3362500E+03 -5.440E+00 -5.518E+00 -3.811E+00
 -6.3357500E+03 -4.053E+00 -4.034E+00 -2.988E+00
 -6.3352500E+03 -5.393E+00 -5.488E+00 -3.369E+00
 -6.3347500E+03 -6.361E+00 -6.641E+00 -3.837E+00
 -6.3342500E+03 -5.038E+00 -4.919E+00 -2.549E+00
 -6.3337500E+03 -5.845E+00 -5.710E+00 -3.227E+00
 -6.3332500E+03 -4.615E+00 -4.989E+00 -4.133E+00
 -6.3327500E+03 -4.858E+00 -4.647E+00 -2.885E+00
 -6.3322500E+03 -4.656E+00 -4.671E+00 -2.475E+00
 -6.3317500E+03 -5.801E+00 -6.051E+00 -3.458E+00
 -6.3312500E+03 -5.908E+00 -5.555E+00 -1.533E+00
 -6.3307500E+03 -4.869E+00 -4.886E+00 -2.574E+00
 -6.3302500E+03 -5.018E+00 -4.904E+00 -1.758E+00
 -6.3297500E+03 -5.582E+00 -5.579E+00 -2.958E+00
 -6.3292500E+03 -4.145E+00 -4.453E+00 -3.178E+00
 -6.3287500E+03 -5.656E+00 -5.808E+00 -4.014E+00
 -6.3282500E+03 -4.338E+00 -4.391E+00 -3.068E+00
 -6.3277500E+03 -5.459E+00 -5.432E+00 -3.176E+00
 -6.3272500E+03 -5.435E+00 -5.560E+00 -3.209E+00
 -6.3267500E+03 -5.560E+00 -5.498E+00 -3.045E+00
 -6.3262500E+03 -4.570E+00 -4.732E+00 -2.801E+00
 -6.3257500E+03 -4.582E+00 -4.397E+00 -2.669E+00
 -6.3252500E+03 -5.279E+00 -5.057E+00 -2.747E+00
 -6.3247500E+03 -3.475E+00 -4.047E+00 -3.562E+00
 -6.3242500E+03 -3.465E+00 -3.856E+00 -2.693E+00
 -6.3237500E+03 -5.565E+00 -5.234E+00 -2.096E+00
 -6.3232500E+03 -5.296E+00 -5.138E+00 -2.646E+00
 -6.3227500E+03 -4.233E+00 -4.189E+00 -2.120E+00
 -6.3222500E+03 -4.486E+00 -4.461E+00 -2.281E+00
 -6.3217500E+03 -4.580E+00 -4.685E+00 -2.487E+00
 -6.3212500E+03 -4.714E+00 -4.563E+00 -2.508E+00
 -6.3207500E+03 -4.745E+00 -4.868E+00 -3.232E+00
 -6.3202500E+03 -4.929E+00 -5.102E+00 -3.274E+00
 -6.3197500E+03 -5.139E+00 -4.945E+00 -2.265E+00
 -6.3192500E+03 -5.134E+00 -4.805E+00 -1.976E+00
 -6.3187500E+03 -5.014E+00 -5.356E+00 -3.313E+00
 -6.3182500E+03 -3.801E+00 -4.144E+00 -3.165E+00
 -6.3177500E+03 -4.784E+00 -4.922E+00 -3.512E+00
 -6.3172500E+03 -4.712E+00 -4.280E+00 -1.484E+00
 -6.3167500E+03 -4.880E+00 -4.754E+00 -2.819E+00
 -6.3162500E+03 -5.072E+00 -5.298E+00 -3.212E+00
 -6.3157500E+03 -4.957E+00 -4.772E+00 -2.038E+00
 -6.3152500E+03 -3.772E+00 -3.797E+00 -2.210E+00
 -6.3147500E+03 -4.453E+00 -4.595E+00 -2.832E+00
 -6.3142500E+03 -5.277E+00 -5.543E+00 -3.659E+00
 -6.3137500E+03 -5.136E+00 -5.223E+00 -2.935E+00
 -6.3132500E+03 -4.823E+00 -4.591E+00 -1.692E+00
 -6.3127500E+03 -4.778E+00 -4.963E+00 -2.536E+00
 -6.3122500E+03 -4.251E+00 -4.120E+00 -2.233E+00
 -6.3117500E+03 -5.770E+00 -5.708E+00 -2.949E+00
 -6.3112500E+03 -4.678E+00 -5.034E+00 -3.430E+00
 -6.3107500E+03 -4.748E+00 -4.971E+00 -3.209E+00
 -6.3102500E+03 -4.773E+00 -4.716E+00 -2.063E+00
 -6.3097500E+03 -4.937E+00 -4.649E+00 -1.295E+00
 -6.3092500E+03 -3.831E+00 -3.472E+00 -1.500E+00
 -6.3087500E+03 -4.402E+00 -4.998E+00 -4.473E+00
 -6.3082500E+03 -4.569E+00 -4.829E+00 -2.643E+00
 -6.3077500E+03 -3.813E+00 -3.981E+00 -1.977E+00
 -6.3072500E+03 -4.059E+00 -4.141E+00 -2.379E+00
 -6.3067500E+03 -4.864E+00 -4.683E+00 -2.492E+00
 -6.3062500E+03 -4.590E+00 -4.215E+00 -1.775E+00
 -6.3057500E+03 -4.465E+00 -4.064E+00 -1.068E+00
 -6.3052500E+03 -4.603E+00 -4.366E+00 -1.603E+00
 -6.3047500E+03 -4.549E+00 -4.505E+00 -2.637E+00
 -6.3042500E+03 -4.188E+00 -4.047E+00 -2.349E+00
 -6.3037500E+03 -4.015E+00 -4.320E+00 -2.756E+00
 -6.3032500E+03 -4.088E+00 -4.410E+00 -3.190E+00
 -6.3027500E+03 -5.730E+00 -5.658E+00 -2.506E+00
 -6.3022500E+03 -4.780E+00 -4.901E+00 -2.082E+00
 -6.3017500E+03 -4.537E+00 -4.330E+00 -1.347E+00
 -6.3012500E+03 -4.855E+00 -4.889E+00 -2.759E+00
 -6.3007500E+03 -4.767E+00 -4.688E+00 -2.527E+00
 -6.3002500E+03 -2.809E+00 -3.285E+00 -3.523E+00
 -6.2997500E+03 -4.245E+00 -4.159E+00 -1.883E+00
 -6.2992500E+03 -5.005E+00 -4.618E+00 -1.416E+00
 -6.2987500E+03 -4.124E+00 -4.336E+00 -3.087E+00
 -6.2982500E+03 -4.865E+00 -4.840E+00 -2.652E+00
 -6.2977500E+03 -3.535E+00 -3.586E+00 -2.197E+00
 -6.2972500E+03 -3.985E+00 -4.400E+00 -3.497E+00
 -6.2967500E+03 -4.342E+00 -4.122E+00 -1.891E+00
 -6.2962500E+03 -4.280E+00 -4.275E+00 -2.838E+00
 -6.2957500E+03 -3.781E+00 -3.776E+00 -2.112E+00
 -6.2952500E+03 -3.598E+00 -3.698E+00 -2.547E+00
 -6.2947500E+03 -3.965E+00 -3.850E+00 -2.154E+00
 -6.2942500E+03 -4.089E+00 -3.487E+00 -1.235E+00
 -6.2937500E+03 -4.406E+00 -4.236E+00 -2.193E+00
 -6.2932500E+03 -4.409E+00 -4.134E+00 -2.290E+00
 -6.2927500E+03 -4.555E+00 -4.437E+00 -1.663E+00
 -6.2922500E+03 -4.291E+00 -4.141E+00 -1.782E+00
 -6.2917500E+03 -3.842E+00 -4.465E+00 -3.484E+00
 -6.2912500E+03 -4.481E+00 -4.455E+00 -2.309E+00
 -6.2907500E+03 -5.016E+00 -4.899E+00 -2.606E+00
 -6.2902500E+03 -5.210E+00 -4.959E+00 -2.121E+00
 -6.2897500E+03 -4.445E+00 -4.851E+00 -3.585E+00
 -6.2892500E+03 -4.515E+00 -4.484E+00 -2.251E+00
 -6.2887500E+03 -3.554E+00 -3.775E+00 -2.423E+00
 -6.2882500E+03 -2.668E+00 -2.927E+00 -2.329E+00
 -6.2877500E+03 -3.973E+00 -4.053E+00 -2.641E+00
 -6.2872500E+03 -4.878E+00 -4.709E+00 -2.308E+00
 -6.2867500E+03 -4.034E+00 -4.215E+00 -2.630E+00
 -6.2862500E+03 -4.227E+00 -4.052E+00 -1.894E+00
 -6.2857500E+03 -4.489E+00 -4.566E+00 -2.044E+00
 -6.2852500E+03 -5.250E+00 -5.163E+00 -2.540E+00
 -6.2847500E+03 -4.060E+00 -3.993E+00 -2.264E+00
 -6.2842500E+03 -3.757E+00 -3.968E+00 -3.178E+00
 -6.2837500E+03 -3.935E+00 -4.469E+00 -2.887E+00
 -6.2832500E+03 -3.044E+00 -3.313E+00 -2.210E+00
 -6.2827500E+03 -3.516E+00 -3.926E+00 -3.151E+00
 -6.2822500E+03 -4.008E+00 -4.431E+00 -3.123E+00
 -6.2817500E+03 -3.832E+00 -4.247E+00 -3.389E+00
 -6.2812500E+03 -3.321E+00 -3.547E+00 -3.579E+00
 -6.2807500E+03 -3.481E+00 -3.253E+00 -1.615E+00
 -6.2802500E+03 -4.773E+00 -4.370E+00 -1.273E+00
 -6.2797500E+03 -5.247E+00 -5.064E+00 -2.281E+00
 -6.2792500E+03 -3.800E+00 -3.917E+00 -1.770E+00
 -6.2787500E+03 -3.626E+00 -3.607E+00 -1.724E+00
 -6.2782500E+03 -3.788E+00 -3.900E+00 -1.917E+00
 -6.2777500E+03 -4.527E+00 -4.570E+00 -2.916E+00
 -6.2772500E+03 -4.018E+00 -3.717E+00 -1.790E+00
 -6.2767500E+03 -4.045E+00 -3.863E+00 -1.850E+00
 -6.2762500E+03 -3.878E+00 -3.989E+00 -2.043E+00
 -6.2757500E+03 -3.240E+00 -3.602E+00 -2.161E+00
 -6.2752500E+03 -3.177E+00 -3.304E+00 -2.635E+00
 -6.2747500E+03 -4.677E+00 -4.290E+00 -1.348E+00
 -6.2742500E+03 -3.793E+00 -3.689E+00 -1.941E+00
 -6.2737500E+03 -3.712E+00 -3.696E+00 -1.923E+00
 -6.2732500E+03 -2.843E+00 -3.097E+00 -1.743E+00
 -6.2727500E+03 -4.668E+00 -4.651E+00 -2.429E+00
 -6.2722500E+03 -3.901E+00 -3.977E+00 -2.238E+00
 -6.2717500E+03 -3.913E+00 -4.118E+00 -2.765E+00
 -6.2712500E+03 -4.289E+00 -4.264E+00 -1.837E+00
 -6.2707500E+03 -3.590E+00 -3.787E+00 -2.568E+00
 -6.2702500E+03 -2.749E+00 -3.354E+00 -3.500E+00
 -6.2697500E+03 -3.513E+00 -3.630E+00 -2.644E+00
 -6.2692500E+03 -4.661E+00 -4.160E+00 -8.820E-01
 -6.2687500E+03 -3.993E+00 -3.685E+00 -1.119E+00
 -6.2682500E+03 -4.078E+00 -4.088E+00 -2.315E+00
 -6.2677500E+03 -4.619E+00 -4.472E+00 -2.585E+00
 -6.2672500E+03 -3.804E+00 -3.794E+00 -2.716E+00
 -6.2667500E+03 -4.611E+00 -4.440E+00 -1.892E+00
 -6.2662500E+03 -3.706E+00 -3.403E+00 -1.677E+00
 -6.2657500E+03 -3.361E+00 -3.666E+00 -2.720E+00
 -6.2652500E+03 -4.134E+00 -4.030E+00 -2.463E+00
 -6.2647500E+03 -4.087E+00 -4.120E+00 -2.160E+00
 -6.2642500E+03 -4.256E+00 -3.900E+00 -8.188E-01
 -6.2637500E+03 -4.011E+00 -4.009E+00 -1.938E+00
 -6.2632500E+03 -3.546E+00 -2.954E+00 -1.008E+00
 -6.2627500E+03 -3.129E+00 -3.010E+00 -1.933E+00
 -6.2622500E+03 -2.985E+00 -3.151E+00 -2.665E+00
 -6.2617500E+03 -3.403E+00 -3.552E+00 -2.407E+00
 -6.2612500E+03 -3.383E+00 -3.447E+00 -2.073E+00
 -6.2607500E+03 -4.188E+00 -4.255E+00 -1.708E+00
 -6.2602500E+03 -3.938E+00 -4.044E+00 -2.203E+00
 -6.2597500E+03 -3.910E+00 -3.905E+00 -1.777E+00
 -6.2592500E+03 -3.990E+00 -3.870E+00 -1.749E+00
 -6.2587500E+03 -3.561E+00 -3.906E+00 -2.807E+00
 -6.2582500E+03 -3.677E+00 -3.852E+00 -2.601E+00
 -6.2577500E+03 -3.264E+00 -3.437E+00 -2.504E+00
 -6.2572500E+03 -3.940E+00 -4.144E+00 -2.085E+00
 -6.2567500E+03 -3.459E+00 -3.669E+00 -2.283E+00
 -6.2562500E+03 -3.658E+00 -3.492E+00 -1.284E+00
 -6.2557500E+03 -3.571E+00 -3.906E+00 -2.240E+00
 -6.2552500E+03 -3.122E+00 -3.271E+00 -1.944E+00
 -6.2547500E+03 -2.512E+00 -2.620E+00 -2.002E+00
 -6.2542500E+03 -3.899E+00 -3.821E+00 -2.053E+00
 -6.2537500E+03 -3.246E+00 -2.765E+00 -1.466E+00
 -6.2532500E+03 -2.992E+00 -2.619E+00 -1.145E+00
 -6.2527500E+03 -3.558E+00 -3.392E+00 -1.561E+00
 -6.2522500E+03 -3.983E+00 -3.336E+00 -1.472E+00
 -6.2517500E+03 -3.132E+00 -3.000E+00 -1.631E+00
 -6.2512500E+03 -3.153E+00 -3.231E+00 -1.640E+00
 -6.2507500E+03 -3.381E+00 -3.337E+00 -1.470E+00
 -6.2502500E+03 -3.058E+00 -2.932E+00 -3.507E-01
 -6.2497500E+03 -3.860E+00 -3.991E+00 -2.441E+00
 -6.2492500E+03 -3.723E+00 -3.910E+00 -3.015E+00
 -6.2487500E+03 -3.439E+00 -3.312E+00 -1.611E+00
 -6.2482500E+03 -4.172E+00 -3.866E+00 -1.543E+00
 -6.2477500E+03 -4.426E+00 -3.986E+00 -1.409E+00
 -6.2472500E+03 -3.869E+00 -4.146E+00 -2.222E+00
 -6.2467500E+03 -3.126E+00 -3.178E+00 -1.755E+00
 -6.2462500E+03 -3.906E+00 -3.899E+00 -2.121E+00
 -6.2457500E+03 -3.102E+00 -3.267E+00 -2.109E+00
 -6.2452500E+03 -2.561E+00 -2.704E+00 -1.859E+00
 -6.2447500E+03 -3.092E+00 -3.265E+00 -1.868E+00
 -6.2442500E+03 -3.666E+00 -3.906E+00 -2.384E+00
 -6.2437500E+03 -3.167E+00 -3.235E+00 -2.784E+00
 -6.2432500E+03 -3.424E+00 -3.530E+00 -2.356E+00
 -6.2427500E+03 -2.267E+00 -2.466E+00 -1.847E+00
 -6.2422500E+03 -3.308E+00 -3.846E+00 -2.512E+00
 -6.2417500E+03 -3.403E+00 -3.286E+00 -1.457E+00
 -6.2412500E+03 -2.568E+00 -2.656E+00 -1.610E+00
 -6.2407500E+03 -3.239E+00 -3.205E+00 -2.039E+00
 -6.2402500E+03 -3.938E+00 -3.622E+00 -1.468E+00
 -6.2397500E+03 -3.190E+00 -3.373E+00 -2.411E+00
 -6.2392500E+03 -3.671E+00 -3.729E+00 -1.798E+00
 -6.2387500E+03 -3.319E+00 -3.204E+00 -1.751E+00
 -6.2382500E+03 -3.686E+00 -3.522E+00 -1.538E+00
 -6.2377500E+03 -3.434E+00 -3.616E+00 -2.446E+00
 -6.2372500E+03 -2.295E+00 -2.420E+00 -1.850E+00
 -6.2367500E+03 -2.551E+00 -2.596E+00 -9.058E-01
 -6.2362500E+03 -2.988E+00 -3.392E+00 -2.070E+00
 -6.2357500E+03 -3.226E+00 -3.360E+00 -1.441E+00
 -6.2352500E+03 -2.655E+00 -2.850E+00 -2.729E+00
 -6.2347500E+03 -3.536E+00 -3.659E+00 -2.299E+00
 -6.2342500E+03 -3.105E+00 -2.679E+00 -1.293E+00
 -6.2337500E+03 -2.387E+00 -2.554E+00 -2.214E+00
 -6.2332500E+03 -3.455E+00 -3.583E+00 -1.728E+00
 -6.2327500E+03 -3.180E+00 -2.881E+00 -6.200E-01
 -6.2322500E+03 -4.088E+00 -3.917E+00 -2.204E+00
 -6.2317500E+03 -3.758E+00 -3.718E+00 -2.374E+00
 -6.2312500E+03 -3.265E+00 -2.950E+00 -1.021E+00
 -6.2307500E+03 -3.109E+00 -3.203E+00 -2.280E+00
 -6.2302500E+03 -3.227E+00 -3.486E+00 -2.645E+00
 -6.2297500E+03 -3.398E+00 -2.927E+00 -1.044E+00
 -6.2292500E+03 -2.658E+00 -2.392E+00 -1.192E+00
 -6.2287500E+03 -2.632E+00 -2.815E+00 -2.177E+00
 -6.2282500E+03 -3.341E+00 -3.505E+00 -1.965E+00
 -6.2277500E+03 -2.730E+00 -3.074E+00 -2.812E+00
 -6.2272500E+03 -3.416E+00 -2.939E+00 -1.460E+00
 -6.2267500E+03 -3.735E+00 -3.581E+00 -8.823E-01
 -6.2262500E+03 -3.755E+00 -3.713E+00 -1.441E+00
 -6.2257500E+03 -3.177E+00 -2.903E+00 -1.290E+00
 -6.2252500E+03 -2.994E+00 -2.783E+00 -1.426E+00
 -6.2247500E+03 -3.439E+00 -3.679E+00 -1.899E+00
 -6.2242500E+03 -3.007E+00 -2.903E+00 -1.686E+00
 -6.2237500E+03 -3.410E+00 -3.250E+00 -1.868E+00
 -6.2232500E+03 -4.002E+00 -3.916E+00 -1.916E+00
 -6.2227500E+03 -2.798E+00 -3.028E+00 -2.465E+00
 -6.2222500E+03 -2.744E+00 -3.109E+00 -2.542E+00
 -6.2217500E+03 -3.548E+00 -3.384E+00 -9.317E-01
 -6.2212500E+03 -2.954E+00 -3.299E+00 -2.531E+00
 -6.2207500E+03 -3.048E+00 -2.941E+00 -1.676E+00
 -6.2202500E+03 -3.018E+00 -2.967E+00 -1.373E+00
 -6.2197500E+03 -3.263E+00 -3.185E+00 -1.168E+00
 -6.2192500E+03 -3.658E+00 -3.477E+00 -1.439E+00
 -6.2187500E+03 -3.320E+00 -3.479E+00 -2.787E+00
 -6.2182500E+03 -2.294E+00 -2.435E+00 -1.427E+00
 -6.2177500E+03 -3.081E+00 -2.893E+00 -8.009E-01
 -6.2172500E+03 -2.279E+00 -2.937E+00 -2.274E+00
 -6.2167500E+03 -2.356E+00 -2.681E+00 -2.121E+00
 -6.2162500E+03 -3.520E+00 -3.662E+00 -2.698E+00
 -6.2157500E+03 -2.699E+00 -2.522E+00 -1.904E+00
 -6.2152500E+03 -3.507E+00 -2.971E+00 -8.822E-01
 -6.2147500E+03 -2.606E+00 -2.802E+00 -1.750E+00
 -6.2142500E+03 -2.370E+00 -3.481E+00 -2.898E+00
 -6.2137500E+03 -3.179E+00 -3.358E+00 -2.297E+00
 -6.2132500E+03 -3.064E+00 -2.795E+00 -2.519E-01
 -6.2127500E+03 -2.722E+00 -2.684E+00 -1.210E+00
 -6.2122500E+03 -3.769E+00 -3.657E+00 -1.811E+00
 -6.2117500E+03 -3.253E+00 -3.231E+00 -1.863E+00
 -6.2112500E+03 -2.566E+00 -2.514E+00 -1.461E+00
 -6.2107500E+03 -2.720E+00 -2.841E+00 -2.065E+00
 -6.2102500E+03 -3.027E+00 -3.158E+00 -1.722E+00
 -6.2097500E+03 -2.979E+00 -3.021E+00 -9.339E-01
 -6.2092500E+03 -2.973E+00 -3.332E+00 -1.703E+00
 -6.2087500E+03 -3.401E+00 -3.006E+00 -1.475E+00
 -6.2082500E+03 -2.493E+00 -2.393E+00 -2.267E+00
 -6.2077500E+03 -2.951E+00 -3.103E+00 -2.512E+00
 -6.2072500E+03 -3.362E+00 -3.504E+00 -2.043E+00
 -6.2067500E+03 -2.535E+00 -2.373E+00 -1.335E+00
 -6.2062500E+03 -2.713E+00 -2.658E+00 -1.480E+00
 -6.2057500E+03 -2.979E+00 -2.759E+00 -1.203E+00
 -6.2052500E+03 -3.097E+00 -3.259E+00 -1.412E+00
 -6.2047500E+03 -1.758E+00 -1.918E+00 -1.797E+00
 -6.2042500E+03 -2.881E+00 -3.053E+00 -2.703E+00
 -6.2037500E+03 -2.971E+00 -3.196E+00 -2.358E+00
 -6.2032500E+03 -3.072E+00 -3.072E+00 -1.240E+00
 -6.2027500E+03 -2.840E+00 -2.939E+00 -1.690E+00
 -6.2022500E+03 -2.740E+00 -2.796E+00 -1.712E+00
 -6.2017500E+03 -2.756E+00 -2.683E+00 -1.040E+00
 -6.2012500E+03 -2.865E+00 -3.244E+00 -1.254E+00
 -6.2007500E+03 -3.298E+00 -3.038E+00 -1.777E+00
 -6.2002500E+03 -2.231E+00 -1.853E+00 -1.255E+00
 -6.1997500E+03 -2.873E+00 -2.442E+00 -1.209E+00
 -6.1992500E+03 -1.900E+00 -1.758E+00 -1.142E+00
 -6.1987500E+03 -2.496E+00 -2.945E+00 -2.370E+00
 -6.1982500E+03 -2.621E+00 -2.848E+00 -1.801E+00
 -6.1977500E+03 -2.932E+00 -2.790E+00 -1.397E+00
 -6.1972500E+03 -2.721E+00 -2.662E+00 -1.385E+00
 -6.1967500E+03 -2.985E+00 -3.052E+00 -1.640E+00
 -6.1962500E+03 -2.898E+00 -2.699E+00 -8.397E-01
 -6.1957500E+03 -3.076E+00 -2.181E+00 -1.190E+00
 -6.1952500E+03 -3.861E+00 -3.950E+00 -1.287E+00
 -6.1947500E+03 -1.862E+00 -2.181E+00 -2.573E+00
 -6.1942500E+03 -2.429E+00 -3.683E+00 -2.781E+00
 -6.1937500E+03 -3.154E+00 -3.427E+00 -1.675E+00
 -6.1932500E+03 -2.672E+00 -2.328E+00 -9.946E-01
 -6.1927500E+03 -1.658E+00 -1.936E+00 -2.069E+00
 -6.1922500E+03 -2.138E+00 -1.989E+00 -1.366E+00
 -6.1917500E+03 -2.526E+00 -2.881E+00 -1.960E+00
 -6.1912500E+03 -3.410E+00 -3.138E+00 -1.319E+00
 -6.1907500E+03 -2.199E+00 -2.296E+00 -2.070E+00
 -6.1902500E+03 -2.873E+00 -2.868E+00 -1.808E+00
 -6.1897500E+03 -2.916E+00 -2.986E+00 -1.507E+00
 -6.1892500E+03 -2.664E+00 -2.806E+00 -1.464E+00
 -6.1887500E+03 -2.631E+00 -2.439E+00 -9.374E-01
 -6.1882500E+03 -2.821E+00 -2.980E+00 -1.617E+00
 -6.1877500E+03 -2.053E+00 -2.324E+00 -1.878E+00
 -6.1872500E+03 -2.029E+00 -2.481E+00 -1.454E+00
 -6.1867500E+03 -3.554E+00 -3.648E+00 -2.159E+00
 -6.1862500E+03 -3.324E+00 -3.001E+00 -1.227E+00
 -6.1857500E+03 -3.636E+00 -3.700E+00 -1.773E+00
 -6.1852500E+03 -2.680E+00 -2.663E+00 -1.858E+00
 -6.1847500E+03 -2.429E+00 -2.548E+00 -1.749E+00
 -6.1842500E+03 -2.885E+00 -2.850E+00 -6.360E-01
 -6.1837500E+03 -2.669E+00 -2.612E+00 -1.401E+00
 -6.1832500E+03 -2.609E+00 -2.421E+00 -1.009E+00
 -6.1827500E+03 -2.007E+00 -2.025E+00 -1.603E+00
 -6.1822500E+03 -2.627E+00 -2.392E+00 -1.226E+00
 -6.1817500E+03 -3.653E+00 -3.492E+00 -1.116E+00
 -6.1812500E+03 -2.528E+00 -2.615E+00 -1.391E+00
 -6.1807500E+03 -2.714E+00 -2.819E+00 -2.048E+00
 -6.1802500E+03 -2.448E+00 -2.502E+00 -1.706E+00
 -6.1797500E+03 -2.781E+00 -2.581E+00 -1.351E+00
 -6.1792500E+03 -2.801E+00 -2.914E+00 -1.298E+00
 -6.1787500E+03 -2.328E+00 -2.697E+00 -2.029E+00
 -6.1782500E+03 -2.523E+00 -2.280E+00 -6.470E-01
 -6.1777500E+03 -2.381E+00 -2.316E+00 -7.643E-01
 -6.1772500E+03 -2.497E+00 -2.636E+00 -1.425E+00
 -6.1767500E+03 -1.929E+00 -2.090E+00 -2.012E+00
 -6.1762500E+03 -2.403E+00 -2.470E+00 -1.603E+00
 -6.1757500E+03 -2.484E+00 -2.455E+00 -1.641E+00
 -6.1752500E+03 -2.402E+00 -2.534E+00 -1.668E+00
 -6.1747500E+03 -3.042E+00 -2.658E+00  2.474E-01
 -6.1742500E+03 -1.672E+00 -1.183E+00 -9.514E-01
 -6.1737500E+03 -2.718E+00 -3.090E+00 -1.481E+00
 -6.1732500E+03 -2.474E+00 -2.345E+00 -7.080E-01
 -6.1727500E+03 -2.804E+00 -2.863E+00 -1.902E+00
 -6.1722500E+03 -2.393E+00 -2.730E+00 -2.292E+00
 -6.1717500E+03 -2.211E+00 -2.406E+00 -1.557E+00
 -6.1712500E+03 -2.705E+00 -2.588E+00 -8.205E-01
 -6.1707500E+03 -1.998E+00 -2.099E+00 -1.339E+00
 -6.1702500E+03 -2.629E+00 -2.742E+00 -1.220E+00
 -6.1697500E+03 -2.778E+00 -3.127E+00 -2.179E+00
 -6.1692500E+03 -2.254E+00 -2.267E+00 -1.562E+00
 -6.1687500E+03 -2.060E+00 -2.118E+00 -1.443E+00
 -6.1682500E+03 -3.009E+00 -2.872E+00 -1.070E+00
 -6.1677500E+03 -2.943E+00 -2.727E+00 -7.938E-01
 -6.1672500E+03 -2.658E+00 -2.783E+00 -1.869E+00
 -6.1667500E+03 -1.542E+00 -1.927E+00 -1.595E+00
 -6.1662500E+03 -2.075E+00 -2.274E+00 -1.411E+00
 -6.1657500E+03 -2.721E+00 -2.774E+00 -1.176E+00
 -6.1652500E+03 -2.528E+00 -2.594E+00 -1.674E+00
 -6.1647500E+03 -2.704E+00 -2.636E+00 -1.322E+00
 -6.1642500E+03 -1.970E+00 -2.083E+00 -1.967E+00
 -6.1637500E+03 -2.146E+00 -2.476E+00 -1.622E+00
 -6.1632500E+03 -2.612E+00 -2.304E+00 -9.540E-01
 -6.1627500E+03 -2.621E+00 -2.514E+00 -1.429E+00
 -6.1622500E+03 -2.643E+00 -2.496E+00 -1.766E+00
 -6.1617500E+03 -2.839E+00 -2.503E+00 -9.964E-01
 -6.1612500E+03 -2.655E+00 -2.921E+00 -1.765E+00
 -6.1607500E+03 -1.696E+00 -1.987E+00 -1.286E+00
 -6.1602500E+03 -1.848E+00 -2.043E+00 -1.655E+00
 -6.1597500E+03 -2.196E+00 -2.105E+00 -1.560E+00
 -6.1592500E+03 -1.981E+00 -1.902E+00 -9.379E-01
 -6.1587500E+03 -2.237E+00 -1.855E+00 -4.982E-01
 -6.1582500E+03 -2.243E+00 -2.047E+00 -1.242E+00
 -6.1577500E+03 -2.711E+00 -2.720E+00 -9.776E-01
 -6.1572500E+03 -2.447E+00 -2.506E+00 -1.634E+00
 -6.1567500E+03 -2.906E+00 -2.956E+00 -1.449E+00
 -6.1562500E+03 -2.073E+00 -1.919E+00 -1.027E+00
 -6.1557500E+03 -2.616E+00 -2.604E+00 -1.679E+00
 -6.1552500E+03 -1.956E+00 -2.376E+00 -2.091E+00
 -6.1547500E+03 -2.275E+00 -2.254E+00 -1.484E+00
 -6.1542500E+03 -3.171E+00 -2.911E+00 -1.246E+00
 -6.1537500E+03 -1.944E+00 -2.076E+00 -1.459E+00
 -6.1532500E+03 -2.536E+00 -2.321E+00 -1.039E+00
 -6.1527500E+03 -2.084E+00 -2.196E+00 -1.373E+00
 -6.1522500E+03 -1.663E+00 -1.935E+00 -1.730E+00
 -6.1517500E+03 -2.602E+00 -2.419E+00 -1.095E+00
 -6.1512500E+03 -2.397E+00 -2.037E+00 -1.534E+00
 -6.1507500E+03 -2.500E+00 -2.728E+00 -1.581E+00
 -6.1502500E+03 -2.723E+00 -2.945E+00 -1.729E+00
 -6.1497500E+03 -2.315E+00 -2.687E+00 -1.873E+00
 -6.1492500E+03 -2.110E+00 -2.051E+00 -1.006E+00
 -6.1487500E+03 -2.369E+00 -2.236E+00 -7.578E-01
 -6.1482500E+03 -2.043E+00 -2.139E+00 -1.410E+00
 -6.1477500E+03 -2.606E+00 -2.656E+00 -1.526E+00
 -6.1472500E+03 -1.924E+00 -1.575E+00 -1.389E+00
 -6.1467500E+03 -1.939E+00 -2.639E+00 -8.496E-01
 -6.1462500E+03 -2.513E+00 -2.343E+00 -2.102E-01
 -6.1457500E+03 -2.049E+00 -1.952E+00 -9.303E-01
 -6.1452500E+03 -2.279E+00 -2.171E+00 -1.258E+00
 -6.1447500E+03 -2.247E+00 -2.001E+00 -1.298E+00
 -6.1442500E+03 -2.733E+00 -2.476E+00 -6.428E-01
 -6.1437500E+03 -1.936E+00 -2.082E+00 -1.090E+00
 -6.1432500E+03 -2.523E+00 -2.363E+00 -9.015E-01
 -6.1427500E+03 -2.616E+00 -2.517E+00 -1.742E+00
 -6.1422500E+03 -1.713E+00 -2.108E+00 -2.029E+00
 -6.1417500E+03 -1.303E+00 -1.598E+00 -1.265E+00
 -6.1412500E+03 -2.094E+00 -2.707E+00 -2.564E+00
 -6.1407500E+03 -1.658E+00 -1.865E+00 -2.115E+00
 -6.1402500E+03 -1.848E+00 -1.724E+00 -1.103E+00
 -6.1397500E+03 -2.323E+00 -2.282E+00 -9.583E-01
 -6.1392500E+03 -1.993E+00 -2.162E+00 -1.592E+00
 -6.1387500E+03 -2.593E+00 -2.582E+00 -8.881E-01
 -6.1382500E+03 -2.015E+00 -1.892E+00 -7.845E-01
 -6.1377500E+03 -2.195E+00 -2.095E+00 -9.731E-01
 -6.1372500E+03 -1.927E+00 -1.979E+00 -1.594E+00
 -6.1367500E+03 -1.909E+00 -2.089E+00 -1.624E+00
 -6.1362500E+03 -2.111E+00 -1.758E+00 -8.001E-01
 -6.1357500E+03 -1.990E+00 -1.887E+00 -1.605E+00
 -6.1352500E+03 -2.522E+00 -2.833E+00 -1.107E+00
 -6.1347500E+03 -2.027E+00 -2.095E+00 -6.247E-01
 -6.1342500E+03 -1.653E+00 -1.322E+00 -2.955E-01
 -6.1337500E+03 -1.908E+00 -1.907E+00 -9.775E-01
 -6.1332500E+03 -1.671E+00 -1.523E+00 -6.101E-01
 -6.1327500E+03 -2.298E+00 -2.573E+00 -1.067E+00
 -6.1322500E+03 -2.905E+00 -3.001E+00 -1.506E+00
 -6.1317500E+03 -1.712E+00 -1.806E+00 -1.455E+00
 -6.1312500E+03 -2.287E+00 -1.967E+00 -1.055E+00
 -6.1307500E+03 -2.490E+00 -2.435E+00 -1.165E+00
 -6.1302500E+03 -2.413E+00 -2.409E+00 -1.509E+00
 -6.1297500E+03 -1.777E+00 -1.724E+00 -1.190E+00
 -6.1292500E+03 -1.795E+00 -1.960E+00 -1.301E+00
 -6.1287500E+03 -2.116E+00 -1.944E+00 -1.171E+00
 -6.1282500E+03 -2.299E+00 -2.160E+00 -1.321E+00
 -6.1277500E+03 -2.337E+00 -2.145E+00 -1.016E+00
 -6.1272500E+03 -2.107E+00 -2.235E+00 -1.497E+00
 -6.1267500E+03 -2.190E+00 -2.199E+00 -1.093E+00
 -6.1262500E+03 -2.056E+00 -1.854E+00 -9.582E-01
 -6.1257500E+03 -1.894E+00 -2.121E+00 -8.897E-01
 -6.1252500E+03 -2.263E+00 -2.571E+00 -1.392E+00
 -6.1247500E+03 -1.540E+00 -2.021E+00 -2.133E+00
 -6.1242500E+03 -2.091E+00 -2.497E+00 -1.835E+00
 -6.1237500E+03 -1.864E+00 -1.805E+00 -9.436E-01
 -6.1232500E+03 -2.124E+00 -2.293E+00 -7.058E-01
 -6.1227500E+03 -2.747E+00 -2.680E+00 -3.950E-01
 -6.1222500E+03 -1.773E+00 -1.357E+00 -1.723E+00
 -6.1217500E+03 -1.873E+00 -1.794E+00 -1.290E+00
 -6.1212500E+03 -2.074E+00 -2.115E+00 -8.185E-01
 -6.1207500E+03 -2.157E+00 -1.998E+00 -4.580E-01
 -6.1202500E+03 -2.255E+00 -2.387E+00 -1.808E+00
 -6.1197500E+03 -2.070E+00 -1.598E+00 -9.324E-01
 -6.1192500E+03 -1.815E+00 -1.804E+00 -9.365E-01
 -6.1187500E+03 -2.537E+00 -2.534E+00 -1.096E+00
 -6.1182500E+03 -2.424E+00 -2.347E+00 -1.264E+00
 -6.1177500E+03 -2.197E+00 -2.457E+00 -1.602E+00
 -6.1172500E+03 -1.976E+00 -2.240E+00 -1.672E+00
 -6.1167500E+03 -1.786E+00 -1.581E+00 -6.395E-01
 -6.1162500E+03 -1.677E+00 -1.793E+00 -8.770E-01
 -6.1157500E+03 -1.828E+00 -1.632E+00 -9.181E-01
 -6.1152500E+03 -2.063E+00 -1.974E+00 -1.008E+00
 -6.1147500E+03 -2.680E+00 -2.655E+00 -1.255E+00
 -6.1142500E+03 -1.738E+00 -2.515E+00 -1.340E+00
 -6.1137500E+03 -1.770E+00 -1.278E+00 -6.775E-01
 -6.1132500E+03 -1.212E+00 -1.069E+00 -1.202E+00
 -6.1127500E+03 -1.649E+00 -1.573E+00 -1.328E-01
 -6.1122500E+03 -2.213E+00 -2.342E+00 -7.331E-01
 -6.1117500E+03 -1.640E+00 -1.595E+00 -1.571E+00
 -6.1112500E+03 -1.526E+00 -1.337E+00 -1.139E+00
 -6.1107500E+03 -2.578E+00 -1.209E+00 -1.159E+00
 -6.1102500E+03 -3.246E+00 -1.308E+00 -1.951E+00
 -6.1097500E+03  1.791E+00 -4.437E+00 -1.006E+00
 -6.1092500E+03 -1.980E+00 -3.035E+00 -1.022E+00
 -6.1087500E+03 -1.280E+00 -1.003E+00 -6.780E-01
 -6.1082500E+03 -1.555E+00 -1.394E+00 -2.989E-01
 -6.1077500E+03 -2.494E+00 -2.301E+00 -1.258E+00
 -6.1072500E+03 -2.694E+00 -1.920E+00 -9.410E-01
 -6.1067500E+03 -3.509E+00 -1.734E+00 -1.153E+00
 -6.1062500E+03 -1.897E+00 -1.817E+00 -1.052E+00
 -6.1057500E+03 -2.119E+00 -2.019E+00 -1.574E+00
 -6.1052500E+03 -2.173E+00 -2.265E+00 -1.003E+00
 -6.1047500E+03 -1.283E+00 -1.262E+00 -6.223E-01
 -6.1042500E+03 -1.528E+00 -1.701E+00 -1.290E+00
 -6.1037500E+03 -1.750E+00 -1.767E+00 -1.282E+00
 -6.1032500E+03 -1.907E+00 -1.914E+00 -9.589E-01
 -6.1027500E+03 -2.183E+00 -2.165E+00 -8.718E-01
 -6.1022500E+03 -2.294E+00 -2.073E+00 -4.691E-01
 -6.1017500E+03 -2.027E+00 -2.054E+00 -1.164E+00
 -6.1012500E+03 -1.814E+00 -2.044E+00 -1.276E+00
 -6.1007500E+03 -2.293E+00 -2.378E+00 -1.612E+00
 -6.1002500E+03 -1.911E+00 -1.799E+00 -1.126E+00
 -6.0997500E+03 -1.722E+00 -1.798E+00 -1.219E+00
 -6.0992500E+03 -1.502E+00 -1.628E+00 -1.077E+00
 -6.0987500E+03 -2.625E+00 -2.566E+00 -8.057E-01
 -6.0982500E+03 -2.117E+00 -1.768E+00  1.217E-01
 -6.0977500E+03 -2.147E+00 -1.969E+00 -5.702E-01
 -6.0972500E+03 -1.657E+00 -1.640E+00 -1.267E+00
 -6.0967500E+03 -1.520E+00 -1.788E+00 -1.567E+00
 -6.0962500E+03 -1.405E+00 -1.425E+00 -1.276E+00
 -6.0957500E+03 -2.199E+00 -2.008E+00 -1.292E+00
 -6.0952500E+03 -2.077E+00 -2.181E+00 -1.540E+00
 -6.0947500E+03 -1.606E+00 -1.866E+00 -1.187E+00
 -6.0942500E+03 -1.240E+00 -1.476E+00 -1.589E+00
 -6.0937500E+03 -1.832E+00 -1.987E+00 -1.577E+00
 -6.0932500E+03 -1.766E+00 -1.589E+00 -7.416E-01
 -6.0927500E+03 -1.992E+00 -2.040E+00 -1.148E+00
 -6.0922500E+03 -1.975E+00 -2.163E+00 -1.090E+00
 -6.0917500E+03 -1.868E+00 -1.796E+00 -7.898E-01
 -6.0912500E+03 -2.263E+00 -2.050E+00 -5.290E-01
 -6.0907500E+03 -2.285E+00 -2.279E+00 -1.299E+00
 -6.0902500E+03 -1.475E+00 -1.556E+00 -1.144E+00
 -6.0897500E+03 -2.165E+00 -1.840E+00 -4.019E-01
 -6.0892500E+03 -1.518E+00 -1.500E+00 -9.622E-01
 -6.0887500E+03 -1.704E+00 -1.786E+00 -1.186E+00
 -6.0882500E+03 -2.264E+00 -2.102E+00 -6.841E-01
 -6.0877500E+03 -1.968E+00 -2.008E+00 -8.799E-01
 -6.0872500E+03 -1.899E+00 -1.680E+00 -1.608E-02
 -6.0867500E+03 -1.063E+00 -9.790E-01 -7.619E-01
 -6.0862500E+03 -2.207E+00 -2.465E+00 -1.477E+00
 -6.0857500E+03 -2.259E+00 -2.284E+00 -1.053E+00
 -6.0852500E+03 -1.464E+00 -1.341E+00 -4.584E-01
 -6.0847500E+03 -1.912E+00 -7.657E-01  2.527E-01
 -6.0842500E+03 -2.090E+00 -2.110E+00 -1.259E+00
 -6.0837500E+03 -2.099E+00 -1.905E+00 -3.505E-01
 -6.0832500E+03 -1.218E+00 -1.650E+00 -9.640E-01
 -6.0827500E+03 -1.831E+00 -2.212E+00 -1.747E+00
 -6.0822500E+03 -1.162E+00 -1.629E+00 -1.996E+00
 -6.0817500E+03 -1.926E+00 -1.913E+00 -1.210E+00
 -6.0812500E+03 -1.674E+00 -1.724E+00 -1.133E+00
 -6.0807500E+03 -8.533E-01 -9.637E-01 -1.169E+00
 -6.0802500E+03 -1.494E+00 -1.515E+00 -3.027E-01
 -6.0797500E+03 -1.639E+00 -1.578E+00 -5.801E-01
 -6.0792500E+03 -1.739E+00 -6.916E-01 -5.913E-01
 -6.0787500E+03 -2.286E+00 -1.466E+00 -5.155E-01
 -6.0782500E+03 -2.734E+00 -2.824E+00 -7.063E-01
 -6.0777500E+03 -1.992E+00 -2.176E+00 -1.058E+00
 -6.0772500E+03 -1.522E+00 -1.603E+00 -1.004E+00
 -6.0767500E+03 -2.062E+00 -2.162E+00 -1.375E+00
 -6.0762500E+03 -1.641E+00 -1.741E+00 -1.515E+00
 -6.0757500E+03 -1.492E+00 -1.595E+00 -1.000E+00
 -6.0752500E+03 -2.047E+00 -1.863E+00 -3.137E-01
 -6.0747500E+03 -1.963E+00 -2.160E+00 -1.520E+00
 -6.0742500E+03 -1.484E+00 -1.584E+00 -4.686E-01
 -6.0737500E+03 -1.351E+00 -1.527E+00 -5.799E-01
 -6.0732500E+03 -1.410E+00 -1.346E+00 -7.667E-01
 -6.0727500E+03 -1.515E+00 -9.858E-01 -8.170E-01
 -6.0722500E+03 -1.823E+00 -1.616E+00 -8.551E-01
 -6.0717500E+03 -2.497E+00 -2.640E+00 -1.019E+00
 -6.0712500E+03 -1.384E+00 -1.203E+00 -5.848E-01
 -6.0707500E+03 -1.636E+00 -1.757E+00 -1.221E+00
 -6.0702500E+03 -1.238E+00 -1.204E+00 -8.387E-01
 -6.0697500E+03 -1.577E+00 -1.525E+00 -1.045E+00
 -6.0692500E+03 -1.151E+00 -1.083E+00 -8.119E-01
 -6.0687500E+03 -1.225E+00 -1.119E+00 -8.324E-01
 -6.0682500E+03 -1.801E+00 -1.766E+00 -1.414E+00
 -6.0677500E+03 -2.031E+00 -2.256E+00 -7.228E-01
 -6.0672500E+03 -1.463E+00 -1.759E+00 -4.625E-01
 -6.0667500E+03 -1.342E+00 -1.507E+00 -1.267E+00
 -6.0662500E+03 -1.825E+00 -1.876E+00 -1.120E+00
 -6.0657500E+03 -1.460E+00 -1.510E+00 -6.051E-01
 -6.0652500E+03 -1.923E+00 -2.011E+00 -1.279E+00
 -6.0647500E+03 -1.466E+00 -1.632E+00 -1.611E+00
 -6.0642500E+03 -1.570E+00 -1.531E+00 -8.433E-01
 -6.0637500E+03 -1.586E+00 -1.381E+00 -8.017E-01
 -6.0632500E+03 -1.164E+00 -1.155E+00 -5.863E-01
 -6.0627500E+03 -6.745E-01 -1.179E+00 -1.553E+00
 -6.0622500E+03 -1.870E+00 -1.759E+00 -6.150E-01
 -6.0617500E+03 -1.815E+00 -1.765E+00 -8.509E-01
 -6.0612500E+03 -1.607E+00 -1.584E+00 -9.126E-01
 -6.0607500E+03 -1.632E+00 -1.613E+00 -1.189E+00
 -6.0602500E+03 -1.458E+00 -1.350E+00 -5.681E-01
 -6.0597500E+03 -2.129E+00 -1.953E+00 -1.138E+00
 -6.0592500E+03 -1.740E+00 -1.643E+00 -8.642E-01
 -6.0587500E+03 -1.538E+00 -1.461E+00 -1.064E+00
 -6.0582500E+03 -1.978E+00 -1.755E+00 -2.109E-01
 -6.0577500E+03 -1.836E+00 -1.849E+00 -8.976E-01
 -6.0572500E+03 -1.747E+00 -1.938E+00 -1.337E+00
 -6.0567500E+03 -1.369E+00 -1.386E+00 -6.611E-01
 -6.0562500E+03 -1.327E+00 -1.326E+00 -4.072E-01
 -6.0557500E+03 -1.840E+00 -1.629E+00 -4.670E-01
 -6.0552500E+03 -1.833E+00 -1.712E+00 -6.683E-01
 -6.0547500E+03 -1.196E+00 -1.422E+00 -6.822E-01
 -6.0542500E+03 -2.014E+00 -1.939E+00 -6.612E-01
 -6.0537500E+03 -1.361E+00 -1.739E+00 -2.185E+00
 -6.0532500E+03 -1.047E+00 -1.513E+00 -1.688E+00
 -6.0527500E+03 -1.485E+00 -1.444E+00 -9.066E-01
 -6.0522500E+03 -1.926E+00 -1.975E+00 -1.227E+00
 -6.0517500E+03 -1.424E+00 -1.472E+00 -7.499E-01
 -6.0512500E+03 -1.472E+00 -1.146E+00  4.023E-01
 -6.0507500E+03 -1.468E+00 -1.409E+00 -6.845E-01
 -6.0502500E+03 -1.236E+00 -1.357E+00 -1.552E+00
 -6.0497500E+03 -1.678E+00 -1.763E+00 -1.106E+00
 -6.0492500E+03 -1.108E+00 -1.360E+00 -1.192E+00
 -6.0487500E+03 -1.159E+00 -1.382E+00 -1.292E+00
 -6.0482500E+03 -1.603E+00 -1.161E+00 -6.456E-01
 -6.0477500E+03 -9.303E-01 -8.233E-01 -3.799E-01
 -6.0472500E+03 -1.242E+00 -1.505E+00 -8.272E-01
 -6.0467500E+03 -1.399E+00 -9.241E-01  1.306E-01
 -6.0462500E+03 -2.044E+00 -1.967E+00 -9.361E-01
 -6.0457500E+03 -1.637E+00 -1.696E+00 -1.156E+00
 -6.0452500E+03 -1.952E+00 -1.876E+00 -5.859E-01
 -6.0447500E+03 -1.886E+00 -1.604E+00 -9.358E-01
 -6.0442500E+03 -1.522E+00 -1.559E+00 -1.693E+00
 -6.0437500E+03 -2.031E+00 -2.086E+00 -9.782E-01
 -6.0432500E+03 -1.560E+00 -1.911E+00 -1.251E+00
 -6.0427500E+03 -1.470E+00 -9.340E-01 -5.189E-01
 -6.0422500E+03 -1.274E+00 -1.272E+00 -9.124E-01
 -6.0417500E+03 -1.929E+00 -2.137E+00 -1.079E+00
 -6.0412500E+03 -1.999E+00 -2.033E+00 -1.096E+00
 -6.0407500E+03 -1.367E+00 -1.455E+00 -3.474E-01
 -6.0402500E+03 -1.245E+00 -1.001E+00 -3.126E-01
 -6.0397500E+03 -1.090E+00 -1.260E+00 -9.573E-01
 -6.0392500E+03 -1.551E+00 -1.802E+00 -8.170E-01
 -6.0387500E+03 -1.205E+00 -1.487E+00 -1.216E+00
 -6.0382500E+03 -1.401E+00 -1.730E+00 -1.482E+00
 -6.0377500E+03 -1.836E+00 -1.825E+00 -5.824E-01
 -6.0372500E+03 -1.276E+00 -1.087E+00 -2.630E-01
 -6.0367500E+03 -1.234E+00 -1.299E+00 -1.408E+00
 -6.0362500E+03 -1.547E+00 -1.349E+00 -6.000E-01
 -6.0357500E+03 -1.387E+00 -1.187E+00 -5.211E-01
 -6.0352500E+03 -1.283E+00 -1.405E+00 -9.603E-01
 -6.0347500E+03 -1.313E+00 -1.262E+00 -8.984E-01
 -6.0342500E+03 -1.963E+00 -1.745E+00 -1.107E+00
 -6.0337500E+03 -1.721E+00 -1.602E+00 -7.986E-01
 -6.0332500E+03 -1.496E+00 -1.645E+00 -1.024E+00
 -6.0327500E+03 -1.822E+00 -1.799E+00 -9.691E-01
 -6.0322500E+03 -1.426E+00 -1.296E+00 -4.433E-01
 -6.0317500E+03 -1.086E+00 -1.478E+00 -1.259E+00
 -6.0312500E+03 -1.223E+00 -1.336E+00 -8.047E-01
 -6.0307500E+03 -1.695E+00 -1.565E+00 -5.280E-01
 -6.0302500E+03 -1.484E+00 -2.193E+00 -1.038E+00
 -6.0297500E+03 -1.854E+00 -1.566E+00 -1.879E-01
 -6.0292500E+03 -1.544E+00 -1.421E+00 -4.677E-01
 -6.0287500E+03 -1.707E+00 -1.411E+00 -7.625E-02
 -6.0282500E+03 -1.162E+00 -7.337E-01 -4.803E-02
 -6.0277500E+03 -8.977E-01 -1.134E+00 -1.394E+00
 -6.0272500E+03 -1.119E+00 -1.199E+00 -1.001E+00
 -6.0267500E+03 -1.985E+00 -1.867E+00 -6.253E-01
 -6.0262500E+03 -1.436E+00 -1.585E+00 -1.004E+00
 -6.0257500E+03 -4.163E-01 -7.993E-01 -1.250E+00
 -6.0252500E+03 -1.255E+00 -1.354E+00 -1.174E+00
 -6.0247500E+03 -1.689E+00 -1.698E+00 -1.892E-01
 -6.0242500E+03 -1.772E+00 -1.907E+00 -1.056E+00
 -6.0237500E+03 -1.366E+00 -1.426E+00 -1.170E+00
 -6.0232500E+03 -9.594E-01 -1.099E+00 -8.283E-01
