  6.9532500E+03  1.210E-01  1.164E-01  3.044E-02
  6.9537500E+03  9.938E-02  1.721E-01  3.368E-01
  6.9542500E+03  2.637E-01  2.518E-01  6.028E-02
  6.9547500E+03  2.374E-01  2.328E-01  7.736E-02
  6.9552500E+03  1.093E-01  8.945E-02 -3.583E-02
  6.9557500E+03  2.038E-01  2.238E-01  1.639E-01
  6.9562500E+03  2.103E-01  2.206E-01  1.282E-01
  6.9567500E+03  9.033E-02  1.352E-01  2.209E-01
  6.9572500E+03  1.033E-01  1.686E-01  3.084E-01
  6.9577500E+03  1.754E-01  2.221E-01  2.590E-01
  6.9582500E+03  4.859E-01  4.337E-01 -1.736E-02
  6.9587500E+03  2.648E-01  2.587E-01  8.128E-02
  6.9592500E+03  4.769E-01  5.161E-01  3.510E-01
  6.9597500E+03  3.776E-01  3.652E-01  1.007E-01
  6.9602500E+03  3.050E-01  3.165E-01  1.694E-01
  6.9607500E+03  3.490E-01  3.255E-01  4.358E-02
  6.9612500E+03  3.658E-01  3.528E-01  9.337E-02
  6.9617500E+03  1.130E-01  1.105E-01  3.078E-02
  6.9622500E+03  2.818E-01  3.324E-01  3.160E-01
  6.9627500E+03  8.491E-01  7.967E-01  1.354E-01
  6.9632500E+03  2.552E-01  3.686E-01  5.658E-01
  6.9637500E+03  3.951E-01  4.373E-01  3.263E-01
  6.9642500E+03  4.819E-01  5.026E-01  2.758E-01
  6.9647500E+03  5.019E-01  5.299E-01  3.173E-01
  6.9652500E+03  2.674E-01  3.200E-01  3.212E-01
  6.9657500E+03  7.660E-01  7.919E-01  4.111E-01
  6.9662500E+03  8.828E-01  8.658E-01  2.753E-01
  6.9667500E+03  4.771E-01  4.672E-01  1.463E-01
  6.9672500E+03  1.624E-01  2.493E-01  4.146E-01
  6.9677500E+03  6.798E-01  7.126E-01  4.052E-01
  6.9682500E+03  1.291E-01  1.749E-01  2.310E-01
  6.9687500E+03  7.172E-01  7.943E-01  5.951E-01
  6.9692500E+03  5.150E-01  5.723E-01  4.327E-01
  6.9697500E+03  5.748E-01  6.444E-01  5.041E-01
  6.9702500E+03  8.437E-01  7.091E-01 -2.183E-01
  6.9707500E+03  8.138E-01  8.298E-01  3.808E-01
  6.9712500E+03  5.509E-01  5.362E-01  1.570E-01
  6.9717500E+03  3.542E-01  4.680E-01  6.018E-01
  6.9722500E+03  7.700E-01  8.673E-01  6.913E-01
  6.9727500E+03  1.014E+00  9.645E-01  1.949E-01
  6.9732500E+03  4.006E-01  4.512E-01  3.575E-01
  6.9737500E+03  4.534E-01  5.392E-01  5.212E-01
  6.9742500E+03  7.221E-01  7.831E-01  5.286E-01
  6.9747500E+03  5.371E-01  6.272E-01  5.735E-01
  6.9752500E+03  9.482E-01  1.011E+00  6.171E-01
  6.9757500E+03  9.622E-01  1.016E+00  5.908E-01
  6.9762500E+03  8.565E-01  7.806E-01  1.783E-02
  6.9767500E+03  1.412E+00  1.503E+00  9.089E-01
  6.9772500E+03  5.580E-01  6.110E-01  4.299E-01
  6.9777500E+03  8.609E-01  1.055E+00  1.120E+00
  6.9782500E+03  1.361E+00  1.366E+00  5.360E-01
  6.9787500E+03  1.054E+00  1.171E+00  8.713E-01
  6.9792500E+03  1.478E+00  1.490E+00  6.096E-01
  6.9797500E+03  1.304E+00  1.363E+00  7.330E-01
  6.9802500E+03  1.270E+00  1.240E+00  3.583E-01
  6.9807500E+03  1.389E+00  1.320E+00  2.491E-01
  6.9812500E+03  7.579E-01  9.291E-01  9.703E-01
  6.9817500E+03  1.112E+00  1.267E+00  1.046E+00
  6.9822500E+03  1.427E+00  1.468E+00  7.074E-01
  6.9827500E+03  1.378E+00  1.439E+00  7.595E-01
  6.9832500E+03  1.475E+00  1.588E+00  1.010E+00
  6.9837500E+03  1.280E+00  1.350E+00  7.656E-01
  6.9842500E+03  8.451E-01  1.015E+00  1.005E+00
  6.9847500E+03  1.394E+00  1.465E+00  8.016E-01
  6.9852500E+03  2.003E+00  2.018E+00  8.062E-01
  6.9857500E+03  1.611E+00  1.597E+00  5.388E-01
  6.9862500E+03  1.075E+00  1.161E+00  7.445E-01
  6.9867500E+03  1.422E+00  1.634E+00  1.384E+00
  6.9872500E+03  2.048E+00  2.245E+00  1.560E+00
  6.9877500E+03  2.546E+00  2.762E+00  1.811E+00
  6.9882500E+03  1.738E+00  1.932E+00  1.426E+00
  6.9887500E+03  3.303E+00  3.367E+00  1.491E+00
  6.9892500E+03  1.703E+00  1.929E+00  1.542E+00
  6.9897500E+03  2.759E+00  2.832E+00  1.320E+00
  6.9902500E+03  1.990E+00  2.052E+00  9.807E-01
  6.9907500E+03  2.068E+00  2.313E+00  1.752E+00
  6.9912500E+03  2.597E+00  2.824E+00  1.877E+00
  6.9917500E+03  2.561E+00  2.748E+00  1.691E+00
  6.9922500E+03  2.872E+00  2.911E+00  1.198E+00
  6.9927500E+03  2.946E+00  3.164E+00  1.951E+00
  6.9932500E+03  3.512E+00  3.439E+00  9.738E-01
  6.9937500E+03  2.190E+00  2.267E+00  1.107E+00
  6.9942500E+03  2.499E+00  2.886E+00  2.482E+00
  6.9947500E+03  3.788E+00  4.031E+00  2.363E+00
  6.9952500E+03  3.329E+00  3.564E+00  2.154E+00
  6.9957500E+03  3.941E+00  3.937E+00  1.402E+00
  6.9962500E+03  3.013E+00  3.084E+00  1.358E+00
  6.9967500E+03  2.713E+00  2.944E+00  1.915E+00
  6.9972500E+03  3.689E+00  4.015E+00  2.657E+00
  6.9977500E+03  2.584E+00  2.781E+00  1.722E+00
  6.9982500E+03  3.097E+00  3.371E+00  2.218E+00
  6.9987500E+03  3.606E+00  3.654E+00  1.478E+00
  6.9992500E+03  3.704E+00  3.907E+00  2.136E+00
  6.9997500E+03  3.255E+00  3.582E+00  2.490E+00
  7.0002500E+03  3.983E+00  4.450E+00  3.306E+00
  7.0007500E+03  4.331E+00  4.559E+00  2.456E+00
  7.0012500E+03  4.989E+00  5.415E+00  3.504E+00
  7.0017500E+03  4.652E+00  4.889E+00  2.604E+00
  7.0022500E+03  5.684E+00  5.729E+00  2.197E+00
  7.0027500E+03  4.985E+00  4.972E+00  1.701E+00
  7.0032500E+03  4.009E+00  4.040E+00  1.534E+00
  7.0037500E+03  3.794E+00  4.496E+00  4.167E+00
  7.0042500E+03  4.478E+00  4.865E+00  3.138E+00
  7.0047500E+03  5.230E+00  5.486E+00  2.875E+00
  7.0052500E+03  4.655E+00  5.214E+00  3.885E+00
  7.0057500E+03  5.418E+00  5.903E+00  3.849E+00
  7.0062500E+03  5.393E+00  5.869E+00  3.821E+00
  7.0067500E+03  4.891E+00  5.197E+00  2.953E+00
  7.0072500E+03  5.497E+00  5.863E+00  3.389E+00
  7.0077500E+03  7.136E+00  7.111E+00  2.384E+00
  7.0082500E+03  6.274E+00  6.824E+00  4.393E+00
  7.0087500E+03  6.972E+00  7.165E+00  3.186E+00
  7.0092500E+03  6.915E+00  6.982E+00  2.664E+00
  7.0097500E+03  5.780E+00  6.000E+00  2.902E+00
  7.0102500E+03  6.349E+00  6.767E+00  3.872E+00
  7.0107500E+03  7.044E+00  7.329E+00  3.581E+00
  7.0112500E+03  5.619E+00  5.890E+00  3.008E+00
  7.0117500E+03  6.649E+00  7.248E+00  4.694E+00
  7.0122500E+03  6.019E+00  6.674E+00  4.679E+00
  7.0127500E+03  7.657E+00  7.525E+00  2.077E+00
  7.0132500E+03  8.560E+00  8.873E+00  4.194E+00
  7.0137500E+03  6.783E+00  7.686E+00  5.972E+00
  7.0142500E+03  9.099E+00  9.539E+00  4.895E+00
  7.0147500E+03  6.144E+00  6.415E+00  3.164E+00
  7.0152500E+03  7.021E+00  7.643E+00  4.860E+00
  7.0157500E+03  7.983E+00  8.292E+00  3.929E+00
  7.0162500E+03  7.958E+00  8.917E+00  6.552E+00
  7.0167500E+03  8.603E+00  9.231E+00  5.443E+00
  7.0172500E+03  9.069E+00  9.720E+00  5.670E+00
  7.0177500E+03  8.881E+00  9.341E+00  4.828E+00
  7.0182500E+03  7.959E+00  8.103E+00  3.229E+00
  7.0187500E+03  9.666E+00  1.012E+01  5.072E+00
  7.0192500E+03  9.829E+00  1.083E+01  7.356E+00
  7.0197500E+03  9.683E+00  1.048E+01  6.438E+00
  7.0202500E+03  9.599E+00  9.921E+00  4.489E+00
  7.0207500E+03  1.184E+01  1.269E+01  7.362E+00
  7.0212500E+03  1.038E+01  1.073E+01  4.832E+00
  7.0217500E+03  1.276E+01  1.316E+01  5.823E+00
  7.0222500E+03  1.117E+01  1.165E+01  5.616E+00
  7.0227500E+03  9.793E+00  1.012E+01  4.537E+00
  7.0232500E+03  1.032E+01  1.115E+01  6.737E+00
  7.0237500E+03  1.228E+01  1.265E+01  5.504E+00
  7.0242500E+03  1.204E+01  1.289E+01  7.389E+00
  7.0247500E+03  9.546E+00  1.046E+01  6.832E+00
  7.0252500E+03  1.226E+01  1.287E+01  6.486E+00
  7.0257500E+03  1.069E+01  1.141E+01  6.395E+00
  7.0262500E+03  1.229E+01  1.321E+01  7.694E+00
  7.0267500E+03  1.339E+01  1.404E+01  6.954E+00
  7.0272500E+03  1.281E+01  1.374E+01  7.927E+00
  7.0277500E+03  1.204E+01  1.244E+01  5.518E+00
  7.0282500E+03  1.178E+01  1.261E+01  7.197E+00
  7.0287500E+03  1.311E+01  1.389E+01  7.377E+00
  7.0292500E+03  1.233E+01  1.353E+01  8.771E+00
  7.0297500E+03  1.451E+01  1.602E+01  1.074E+01
  7.0302500E+03  1.469E+01  1.542E+01  7.622E+00
  7.0307500E+03  1.590E+01  1.655E+01  7.682E+00
  7.0312500E+03  1.635E+01  1.703E+01  7.931E+00
  7.0317500E+03  1.563E+01  1.613E+01  7.028E+00
  7.0322500E+03  1.490E+01  1.597E+01  9.070E+00
  7.0327500E+03  1.593E+01  1.680E+01  8.579E+00
  7.0332500E+03  1.546E+01  1.648E+01  9.040E+00
  7.0337500E+03  1.742E+01  1.793E+01  7.557E+00
  7.0342500E+03  1.631E+01  1.741E+01  9.634E+00
  7.0347500E+03  1.486E+01  1.557E+01  7.527E+00
  7.0352500E+03  1.542E+01  1.595E+01  6.949E+00
  7.0357500E+03  1.601E+01  1.656E+01  7.273E+00
  7.0362500E+03  1.357E+01  1.495E+01  9.763E+00
  7.0367500E+03  2.030E+01  2.157E+01  1.148E+01
  7.0372500E+03  1.881E+01  2.008E+01  1.105E+01
  7.0377500E+03  1.691E+01  1.772E+01  8.485E+00
  7.0382500E+03  2.012E+01  2.090E+01  9.353E+00
  7.0387500E+03  1.820E+01  1.977E+01  1.198E+01
  7.0392500E+03  1.928E+01  2.027E+01  9.964E+00
  7.0397500E+03  1.910E+01  2.057E+01  1.184E+01
  7.0402500E+03  1.949E+01  2.094E+01  1.183E+01
  7.0407500E+03  1.896E+01  2.044E+01  1.175E+01
  7.0412500E+03  2.113E+01  2.217E+01  1.069E+01
  7.0417500E+03  2.300E+01  2.364E+01  9.620E+00
  7.0422500E+03  2.072E+01  2.144E+01  9.229E+00
  7.0427500E+03  2.265E+01  2.394E+01  1.212E+01
  7.0432500E+03  2.154E+01  2.346E+01  1.430E+01
  7.0437500E+03  2.000E+01  2.144E+01  1.187E+01
  7.0442500E+03  2.237E+01  2.282E+01  8.614E+00
  7.0447500E+03  2.238E+01  2.311E+01  9.706E+00
  7.0452500E+03  2.301E+01  2.451E+01  1.301E+01
  7.0457500E+03  2.387E+01  2.521E+01  1.261E+01
  7.0462500E+03  2.247E+01  2.340E+01  1.047E+01
  7.0467500E+03  2.050E+01  2.214E+01  1.276E+01
  7.0472500E+03  2.471E+01  2.675E+01  1.564E+01
  7.0477500E+03  2.488E+01  2.656E+01  1.424E+01
  7.0482500E+03  2.354E+01  2.435E+01  1.028E+01
  7.0487500E+03  2.150E+01  2.331E+01  1.362E+01
  7.0492500E+03  2.469E+01  2.577E+01  1.164E+01
  7.0497500E+03  2.301E+01  2.500E+01  1.481E+01
  7.0502500E+03  2.296E+01  2.533E+01  1.633E+01
  7.0507500E+03  2.216E+01  2.409E+01  1.435E+01
  7.0512500E+03  2.476E+01  2.604E+01  1.243E+01
  7.0517500E+03  2.629E+01  2.723E+01  1.153E+01
  7.0522500E+03  2.868E+01  3.078E+01  1.689E+01
  7.0527500E+03  2.318E+01  2.552E+01  1.615E+01
  7.0532500E+03  2.960E+01  3.042E+01  1.199E+01
  7.0537500E+03  2.574E+01  2.734E+01  1.388E+01
  7.0542500E+03  2.761E+01  2.885E+01  1.301E+01
  7.0547500E+03  2.761E+01  2.906E+01  1.391E+01
  7.0552500E+03  3.008E+01  3.072E+01  1.126E+01
  7.0557500E+03  2.487E+01  2.640E+01  1.328E+01
  7.0562500E+03  2.654E+01  2.888E+01  1.707E+01
  7.0567500E+03  3.162E+01  3.351E+01  1.678E+01
  7.0572500E+03  2.417E+01  2.613E+01  1.482E+01
  7.0577500E+03  2.775E+01  2.916E+01  1.360E+01
  7.0582500E+03  2.937E+01  3.095E+01  1.470E+01
  7.0587500E+03  3.159E+01  3.345E+01  1.653E+01
  7.0592500E+03  3.071E+01  3.339E+01  1.966E+01
  7.0597500E+03  2.503E+01  2.719E+01  1.565E+01
  7.0602500E+03  3.100E+01  3.264E+01  1.524E+01
  7.0607500E+03  3.554E+01  3.694E+01  1.576E+01
  7.0612500E+03  3.169E+01  3.379E+01  1.735E+01
  7.0617500E+03  3.055E+01  3.269E+01  1.717E+01
  7.0622500E+03  3.358E+01  3.471E+01  1.401E+01
  7.0627500E+03  3.560E+01  3.755E+01  1.780E+01
  7.0632500E+03  3.000E+01  3.147E+01  1.434E+01
  7.0637500E+03  3.332E+01  3.538E+01  1.767E+01
  7.0642500E+03  3.147E+01  3.351E+01  1.690E+01
  7.0647500E+03  3.189E+01  3.405E+01  1.764E+01
  7.0652500E+03  3.143E+01  3.266E+01  1.350E+01
  7.0657500E+03  3.467E+01  3.678E+01  1.802E+01
  7.0662500E+03  2.999E+01  3.164E+01  1.482E+01
  7.0667500E+03  3.266E+01  3.546E+01  2.026E+01
  7.0672500E+03  3.500E+01  3.636E+01  1.503E+01
  7.0677500E+03  3.308E+01  3.548E+01  1.870E+01
  7.0682500E+03  3.402E+01  3.538E+01  1.476E+01
  7.0687500E+03  3.330E+01  3.556E+01  1.817E+01
  7.0692500E+03  3.775E+01  3.973E+01  1.824E+01
  7.0697500E+03  3.292E+01  3.498E+01  1.716E+01
  7.0702500E+03  3.418E+01  3.631E+01  1.777E+01
  7.0707500E+03  3.486E+01  3.732E+01  1.925E+01
  7.0712500E+03  3.496E+01  3.649E+01  1.556E+01
  7.0717500E+03  3.271E+01  3.518E+01  1.877E+01
  7.0722500E+03  3.887E+01  3.997E+01  1.484E+01
  7.0727500E+03  3.401E+01  3.623E+01  1.796E+01
  7.0732500E+03  3.360E+01  3.610E+01  1.899E+01
  7.0737500E+03  3.419E+01  3.717E+01  2.104E+01
  7.0742500E+03  3.615E+01  3.754E+01  1.511E+01
  7.0747500E+03  3.455E+01  3.699E+01  1.889E+01
  7.0752500E+03  3.229E+01  3.496E+01  1.917E+01
  7.0757500E+03  3.569E+01  3.850E+01  2.065E+01
  7.0762500E+03  3.445E+01  3.625E+01  1.621E+01
  7.0767500E+03  3.858E+01  4.070E+01  1.867E+01
  7.0772500E+03  3.573E+01  3.801E+01  1.858E+01
  7.0777500E+03  3.824E+01  4.095E+01  2.083E+01
  7.0782500E+03  3.729E+01  3.973E+01  1.948E+01
  7.0787500E+03  3.597E+01  3.830E+01  1.873E+01
  7.0792500E+03  3.844E+01  3.870E+01  1.087E+01
  7.0797500E+03  3.353E+01  3.536E+01  1.591E+01
  7.0802500E+03  3.495E+01  3.832E+01  2.259E+01
  7.0807500E+03  3.949E+01  4.188E+01  1.970E+01
  7.0812500E+03  4.112E+01  4.368E+01  2.078E+01
  7.0817500E+03  3.785E+01  3.984E+01  1.760E+01
  7.0822500E+03  3.379E+01  3.729E+01  2.261E+01
  7.0827500E+03  4.032E+01  4.240E+01  1.852E+01
  7.0832500E+03  3.852E+01  4.070E+01  1.852E+01
  7.0837500E+03  3.682E+01  3.929E+01  1.913E+01
  7.0842500E+03  4.080E+01  4.205E+01  1.531E+01
  7.0847500E+03  4.272E+01  4.480E+01  1.909E+01
  7.0852500E+03  3.984E+01  4.180E+01  1.789E+01
  7.0857500E+03  4.184E+01  4.394E+01  1.885E+01
  7.0862500E+03  3.600E+01  3.925E+01  2.185E+01
  7.0867500E+03  3.681E+01  3.934E+01  1.922E+01
  7.0872500E+03  4.266E+01  4.459E+01  1.834E+01
  7.0877500E+03  3.627E+01  3.903E+01  2.004E+01
  7.0882500E+03  3.986E+01  4.087E+01  1.378E+01
  7.0887500E+03  3.820E+01  4.065E+01  1.920E+01
  7.0892500E+03  3.712E+01  4.143E+01  2.630E+01
  7.0897500E+03  3.926E+01  4.233E+01  2.186E+01
  7.0902500E+03  4.197E+01  4.371E+01  1.714E+01
  7.0907500E+03  3.563E+01  3.969E+01  2.489E+01
  7.0912500E+03  4.107E+01  4.349E+01  1.965E+01
  7.0917500E+03  3.964E+01  4.048E+01  1.293E+01
  7.0922500E+03  4.312E+01  4.520E+01  1.874E+01
  7.0927500E+03  3.267E+01  3.615E+01  2.162E+01
  7.0932500E+03  4.007E+01  4.302E+01  2.138E+01
  7.0937500E+03  3.923E+01  4.134E+01  1.775E+01
  7.0942500E+03  3.971E+01  4.226E+01  1.964E+01
  7.0947500E+03  3.870E+01  4.235E+01  2.385E+01
  7.0952500E+03  4.250E+01  4.498E+01  1.999E+01
  7.0957500E+03  4.118E+01  4.207E+01  1.324E+01
  7.0962500E+03  3.513E+01  3.899E+01  2.358E+01
  7.0967500E+03  3.707E+01  4.084E+01  2.373E+01
  7.0972500E+03  3.662E+01  3.942E+01  1.967E+01
  7.0977500E+03  3.872E+01  4.290E+01  2.573E+01
  7.0982500E+03  3.753E+01  3.959E+01  1.678E+01
  7.0987500E+03  3.333E+01  3.698E+01  2.221E+01
  7.0992500E+03  3.739E+01  3.909E+01  1.535E+01
  7.0997500E+03  4.153E+01  4.364E+01  1.791E+01
  7.1002500E+03  3.933E+01  4.210E+01  2.005E+01
  7.1007500E+03  3.936E+01  4.205E+01  1.969E+01
  7.1012500E+03  3.991E+01  4.149E+01  1.538E+01
  7.1017500E+03  4.067E+01  4.321E+01  1.932E+01
  7.1022500E+03  4.310E+01  4.545E+01  1.924E+01
  7.1027500E+03  3.751E+01  3.977E+01  1.741E+01
  7.1032500E+03  3.987E+01  4.258E+01  1.965E+01
  7.1037500E+03  3.520E+01  3.930E+01  2.419E+01
  7.1042500E+03  3.779E+01  4.112E+01  2.162E+01
  7.1047500E+03  4.272E+01  4.591E+01  2.241E+01
  7.1052500E+03  4.348E+01  4.571E+01  1.858E+01
  7.1057500E+03  4.151E+01  4.341E+01  1.682E+01
  7.1062500E+03  3.536E+01  3.743E+01  1.588E+01
  7.1067500E+03  3.948E+01  4.114E+01  1.527E+01
  7.1072500E+03  3.723E+01  3.943E+01  1.681E+01
  7.1077500E+03  3.998E+01  4.320E+01  2.157E+01
  7.1082500E+03  3.475E+01  3.764E+01  1.893E+01
  7.1087500E+03  3.515E+01  3.642E+01  1.239E+01
  7.1092500E+03  4.131E+01  4.325E+01  1.665E+01
  7.1097500E+03  3.371E+01  3.770E+01  2.303E+01
  7.1102500E+03  3.462E+01  3.730E+01  1.790E+01
  7.1107500E+03  3.622E+01  3.968E+01  2.154E+01
  7.1112500E+03  3.449E+01  3.877E+01  2.434E+01
  7.1117500E+03  3.377E+01  3.732E+01  2.113E+01
  7.1122500E+03  3.961E+01  4.095E+01  1.360E+01
  7.1127500E+03  3.937E+01  4.140E+01  1.629E+01
  7.1132500E+03  3.410E+01  3.555E+01  1.272E+01
  7.1137500E+03  3.725E+01  4.038E+01  2.022E+01
  7.1142500E+03  3.498E+01  3.737E+01  1.670E+01
  7.1147500E+03  3.623E+01  3.865E+01  1.699E+01
  7.1152500E+03  3.484E+01  3.820E+01  2.043E+01
  7.1157500E+03  3.815E+01  4.056E+01  1.747E+01
  7.1162500E+03  3.624E+01  3.939E+01  1.993E+01
  7.1167500E+03  3.671E+01  3.874E+01  1.540E+01
  7.1172500E+03  3.559E+01  3.838E+01  1.829E+01
  7.1177500E+03  4.069E+01  4.307E+01  1.781E+01
  7.1182500E+03  3.702E+01  3.997E+01  1.920E+01
  7.1187500E+03  3.108E+01  3.347E+01  1.540E+01
  7.1192500E+03  3.226E+01  3.420E+01  1.397E+01
  7.1197500E+03  3.335E+01  3.585E+01  1.643E+01
  7.1202500E+03  3.306E+01  3.441E+01  1.171E+01
  7.1207500E+03  3.213E+01  3.623E+01  2.247E+01
  7.1212500E+03  3.814E+01  4.020E+01  1.576E+01
  7.1217500E+03  3.197E+01  3.580E+01  2.136E+01
  7.1222500E+03  3.079E+01  3.405E+01  1.860E+01
  7.1227500E+03  3.349E+01  3.462E+01  1.085E+01
  7.1232500E+03  3.054E+01  3.369E+01  1.831E+01
  7.1237500E+03  3.439E+01  3.627E+01  1.395E+01
  7.1242500E+03  3.209E+01  3.323E+01  1.042E+01
  7.1247500E+03  3.064E+01  3.283E+01  1.440E+01
  7.1252500E+03  3.192E+01  3.447E+01  1.592E+01
  7.1257500E+03  2.891E+01  3.049E+01  1.139E+01
  7.1262500E+03  3.283E+01  3.624E+01  1.955E+01
  7.1267500E+03  3.192E+01  3.434E+01  1.548E+01
  7.1272500E+03  3.290E+01  3.426E+01  1.125E+01
  7.1277500E+03  2.828E+01  3.101E+01  1.569E+01
  7.1282500E+03  3.158E+01  3.475E+01  1.831E+01
  7.1287500E+03  2.886E+01  3.139E+01  1.515E+01
  7.1292500E+03  3.227E+01  3.528E+01  1.768E+01
  7.1297500E+03  3.444E+01  3.445E+01  6.105E+00
  7.1302500E+03  2.683E+01  2.893E+01  1.268E+01
  7.1307500E+03  2.961E+01  3.224E+01  1.545E+01
  7.1312500E+03  2.599E+01  2.882E+01  1.557E+01
  7.1317500E+03  2.978E+01  3.130E+01  1.105E+01
  7.1322500E+03  3.042E+01  3.192E+01  1.125E+01
  7.1327500E+03  2.651E+01  3.021E+01  1.913E+01
  7.1332500E+03  3.111E+01  3.263E+01  1.132E+01
  7.1337500E+03  2.199E+01  2.550E+01  1.739E+01
  7.1342500E+03  3.225E+01  3.439E+01  1.396E+01
  7.1347500E+03  2.621E+01  2.788E+01  1.063E+01
  7.1352500E+03  2.731E+01  2.943E+01  1.276E+01
  7.1357500E+03  3.000E+01  3.128E+01  9.981E+00
  7.1362500E+03  2.828E+01  3.171E+01  1.810E+01
  7.1367500E+03  2.962E+01  3.237E+01  1.517E+01
  7.1372500E+03  3.035E+01  3.189E+01  1.095E+01
  7.1377500E+03  2.630E+01  2.931E+01  1.606E+01
  7.1382500E+03  2.576E+01  2.694E+01  8.419E+00
  7.1387500E+03  2.267E+01  2.504E+01  1.269E+01
  7.1392500E+03  2.419E+01  2.619E+01  1.139E+01
  7.1397500E+03  2.452E+01  2.621E+01  1.024E+01
  7.1402500E+03  2.347E+01  2.428E+01  6.488E+00
  7.1407500E+03  2.516E+01  2.704E+01  1.109E+01
  7.1412500E+03  2.922E+01  3.096E+01  1.145E+01
  7.1417500E+03  2.746E+01  2.874E+01  9.181E+00
  7.1422500E+03  2.033E+01  2.294E+01  1.307E+01
  7.1427500E+03  2.076E+01  2.437E+01  1.684E+01
  7.1432500E+03  2.588E+01  2.681E+01  7.619E+00
  7.1437500E+03  2.414E+01  2.568E+01  1.093E+01
  7.1442500E+03  2.343E+01  2.573E+01  1.261E+01
  7.1447500E+03  2.047E+01  2.267E+01  1.104E+01
  7.1452500E+03  2.669E+01  2.824E+01  9.733E+00
  7.1457500E+03  2.215E+01  2.358E+01  8.179E+00
  7.1462500E+03  1.951E+01  2.064E+01  6.830E+00
  7.1467500E+03  2.170E+01  2.238E+01  5.353E+00
  7.1472500E+03  1.954E+01  2.195E+01  1.181E+01
  7.1477500E+03  1.765E+01  2.045E+01  1.291E+01
  7.1482500E+03  1.990E+01  2.166E+01  9.870E+00
  7.1487500E+03  2.062E+01  2.322E+01  1.239E+01
  7.1492500E+03  1.339E+01  1.562E+01  9.878E+00
  7.1497500E+03  1.994E+01  2.254E+01  1.267E+01
  7.1502500E+03  2.214E+01  2.313E+01  6.682E+00
  7.1507500E+03  1.503E+01  1.711E+01  9.554E+00
  7.1512500E+03  1.914E+01  2.280E+01  1.678E+01
  7.1517500E+03  2.146E+01  2.193E+01  4.350E+00
  7.1522500E+03  1.642E+01  1.678E+01  2.734E+00
  7.1527500E+03  1.272E+01  1.480E+01  9.081E+00
  7.1532500E+03  1.750E+01  1.804E+01  3.698E+00
  7.1537500E+03  1.516E+01  1.726E+01  9.392E+00
  7.1542500E+03  2.062E+01  2.204E+01  7.917E+00
  7.1547500E+03  1.361E+01  1.548E+01  8.226E+00
  7.1552500E+03  1.848E+01  1.888E+01  3.456E+00
  7.1557500E+03  1.561E+01  1.759E+01  9.108E+00
  7.1562500E+03  1.227E+01  1.411E+01  7.894E+00
  7.1567500E+03  1.439E+01  1.551E+01  5.265E+00
  7.1572500E+03  1.693E+01  1.665E+01  7.355E-02
  7.1577500E+03  1.484E+01  1.600E+01  5.639E+00
  7.1582500E+03  1.371E+01  1.700E+01  1.416E+01
  7.1587500E+03  1.327E+01  1.536E+01  9.073E+00
  7.1592500E+03  1.839E+01  1.918E+01  4.881E+00
  7.1597500E+03  2.029E+01  2.090E+01  4.302E+00
  7.1602500E+03  1.175E+01  1.307E+01  5.547E+00
  7.1607500E+03  1.071E+01  1.175E+01  4.322E+00
  7.1612500E+03  1.425E+01  1.568E+01  6.892E+00
  7.1617500E+03  6.341E+00  9.149E+00  1.030E+01
  7.1622500E+03  1.320E+01  1.348E+01  1.909E+00
  7.1627500E+03  9.919E+00  1.152E+01  6.383E+00
  7.1632500E+03  1.338E+01  1.473E+01  5.853E+00
  7.1637500E+03  1.124E+01  1.079E+01 -1.692E+00
  7.1642500E+03  3.958E+00  4.618E+00  1.650E+00
  7.1647500E+03  1.041E+01  1.084E+01  1.617E+00
  7.1652500E+03  1.254E+01  1.339E+01  3.605E+00
  7.1657500E+03  9.758E+00  1.064E+01  3.274E+00
  7.1662500E+03  1.236E+01  1.225E+01 -8.146E-02
  7.1667500E+03  6.012E+00  8.657E+00  9.780E+00
  7.1672500E+03  1.371E+01  1.523E+01  6.591E+00
  7.1677500E+03  8.514E+00  9.583E+00  4.030E+00
  7.1682500E+03  9.419E+00  1.007E+01  2.131E+00
  7.1687500E+03  5.757E+00  6.959E+00  3.910E+00
  7.1692500E+03  6.764E+00  8.532E+00  6.297E+00
  7.1697500E+03  1.093E+01  1.240E+01  5.772E+00
  7.1702500E+03  3.700E+00  4.293E+00  1.033E+00
  7.1707500E+03  6.342E+00  7.177E+00  2.484E+00
  7.1712500E+03  7.312E+00  7.924E+00  1.920E+00
  7.1717500E+03  6.578E+00  7.300E+00  1.936E+00
  7.1722500E+03  8.859E+00  1.001E+01  4.252E+00
  7.1727500E+03  7.754E+00  7.465E+00 -1.816E+00
  7.1732500E+03  3.330E+00  5.461E+00  7.196E+00
  7.1737500E+03  5.543E+00  9.021E+00  1.289E+01
  7.1742500E+03  5.339E+00  5.099E+00 -2.080E+00
  7.1747500E+03  7.568E+00  8.200E+00  1.783E+00
  7.1752500E+03  3.108E+00  4.088E+00  2.469E+00
  7.1757500E+03  3.895E+00  5.656E+00  5.635E+00
  7.1762500E+03  3.372E+00  5.249E+00  6.063E+00
  7.1767500E+03  5.362E-01  7.643E-01 -1.209E+00
  7.1772500E+03 -1.739E+00 -5.374E-01  2.344E+00
  7.1777500E+03  1.168E+00  7.472E-01 -3.483E+00
  7.1782500E+03  7.700E+00  9.482E+00  6.427E+00
  7.1787500E+03  3.971E+00  5.496E+00  4.684E+00
  7.1792500E+03  3.857E+00  2.445E+00 -6.984E+00
  7.1797500E+03  4.207E-01  2.908E+00  8.099E+00
  7.1802500E+03  4.735E-01  2.011E+00  4.076E+00
  7.1807500E+03  4.172E+00  4.894E+00  1.408E+00
  7.1812500E+03  4.389E+00  3.920E+00 -3.168E+00
  7.1817500E+03  1.986E-01  9.669E-01  1.016E+00
  7.1822500E+03  9.194E-02  1.014E+00  1.660E+00
  7.1827500E+03  3.465E+00  3.242E+00 -2.363E+00
  7.1832500E+03  3.738E+00  4.243E+00  5.756E-01
  7.1837500E+03  9.052E-01  1.135E+00 -1.009E+00
  7.1842500E+03  2.735E+00  3.009E+00 -7.016E-01
  7.1847500E+03  9.269E-01  2.116E+00  2.809E+00
  7.1852500E+03 -3.028E+00 -2.905E+00 -2.216E+00
  7.1857500E+03  1.034E+00  1.003E+00 -2.046E+00
  7.1862500E+03 -8.351E-01 -6.771E-01 -1.418E+00
  7.1867500E+03 -2.891E+00 -4.857E-01  7.102E+00
  7.1872500E+03 -6.333E-01 -1.107E+00 -4.256E+00
  7.1877500E+03  7.694E-01  1.776E+00  2.063E+00
  7.1882500E+03 -1.969E+00 -8.024E-01  2.410E+00
  7.1887500E+03 -3.252E+00 -2.576E+00  1.468E-01
  7.1892500E+03 -1.508E+00 -1.631E+00 -3.081E+00
  7.1897500E+03 -3.284E+00 -3.196E+00 -2.407E+00
  7.1902500E+03  3.586E-01  7.162E-01 -6.495E-01
  7.1907500E+03 -1.535E+00 -2.080E+00 -4.629E+00
  7.1912500E+03 -1.796E+00 -1.709E+00 -2.111E+00
  7.1917500E+03 -1.985E+00 -2.779E+00 -5.629E+00
  7.1922500E+03 -6.261E+00 -5.915E+00 -1.632E+00
  7.1927500E+03 -1.732E+00 -1.145E+00  8.957E-02
  7.1932500E+03  4.715E-01  3.447E-01 -2.592E+00
  7.1937500E+03 -3.062E+00 -1.712E+00  2.805E+00
  7.1942500E+03 -2.290E+00 -1.000E+00  2.624E+00
  7.1947500E+03 -6.908E+00 -5.815E+00  1.002E+00
  7.1952500E+03 -6.574E+00 -5.272E+00  1.957E+00
  7.1957500E+03 -2.427E+00 -1.715E+00  2.581E-01
  7.1962500E+03 -4.033E+00 -4.248E+00 -3.558E+00
  7.1967500E+03 -5.103E+00 -5.852E+00 -5.988E+00
  7.1972500E+03 -5.907E+00 -7.165E+00 -7.967E+00
  7.1977500E+03 -3.073E+00 -3.447E+00 -4.151E+00
  7.1982500E+03 -6.194E+00 -4.974E+00  1.936E+00
  7.1987500E+03 -5.922E+00 -5.333E+00 -5.389E-01
  7.1992500E+03 -4.321E+00 -4.307E+00 -2.750E+00
  7.1997500E+03 -5.823E+00 -5.893E+00 -3.309E+00
  7.2002500E+03 -4.373E+00 -5.033E+00 -5.576E+00
  7.2007500E+03 -7.223E+00 -7.404E+00 -4.007E+00
  7.2012500E+03 -5.600E+00 -6.650E+00 -7.037E+00
  7.2017500E+03 -9.646E+00 -7.697E+00  4.215E+00
  7.2022500E+03 -4.093E+00 -4.500E+00 -4.443E+00
  7.2027500E+03 -3.787E+00 -3.158E+00 -1.531E-01
  7.2032500E+03 -5.515E+00 -5.865E+00 -4.466E+00
  7.2037500E+03 -5.048E+00 -5.766E+00 -5.721E+00
  7.2042500E+03 -7.695E+00 -8.836E+00 -7.780E+00
  7.2047500E+03 -1.023E+01 -1.001E+01 -2.842E+00
  7.2052500E+03 -7.982E+00 -8.808E+00 -6.642E+00
  7.2057500E+03 -7.822E+00 -7.766E+00 -3.087E+00
  7.2062500E+03 -9.419E+00 -8.073E+00  1.691E+00
  7.2067500E+03 -8.947E+00 -8.715E+00 -2.501E+00
  7.2072500E+03 -7.053E+00 -7.035E+00 -2.982E+00
  7.2077500E+03 -1.061E+01 -1.033E+01 -2.646E+00
  7.2082500E+03 -8.277E+00 -7.609E+00 -7.468E-01
  7.2087500E+03 -6.763E+00 -6.647E+00 -2.447E+00
  7.2092500E+03 -7.582E+00 -9.141E+00 -9.529E+00
  7.2097500E+03 -5.651E+00 -6.251E+00 -5.527E+00
  7.2102500E+03 -7.123E+00 -7.783E+00 -5.792E+00
  7.2107500E+03 -7.870E+00 -8.022E+00 -3.856E+00
  7.2112500E+03 -7.898E+00 -8.315E+00 -4.776E+00
  7.2117500E+03 -9.693E+00 -9.433E+00 -2.695E+00
  7.2122500E+03 -9.508E+00 -9.624E+00 -3.986E+00
  7.2127500E+03 -8.292E+00 -9.549E+00 -8.356E+00
  7.2132500E+03 -1.059E+01 -1.088E+01 -4.924E+00
  7.2137500E+03 -8.286E+00 -8.343E+00 -3.495E+00
  7.2142500E+03 -1.031E+01 -1.080E+01 -5.685E+00
  7.2147500E+03 -1.054E+01 -1.056E+01 -3.612E+00
  7.2152500E+03 -8.494E+00 -1.016E+01 -9.997E+00
  7.2157500E+03 -1.013E+01 -1.062E+01 -5.790E+00
  7.2162500E+03 -9.563E+00 -9.853E+00 -4.534E+00
  7.2167500E+03 -8.364E+00 -9.736E+00 -8.790E+00
  7.2172500E+03 -9.919E+00 -1.033E+01 -5.173E+00
  7.2177500E+03 -5.185E+00 -6.172E+00 -6.627E+00
  7.2182500E+03 -9.961E+00 -1.016E+01 -4.481E+00
  7.2187500E+03 -7.929E+00 -8.382E+00 -5.204E+00
  7.2192500E+03 -9.705E+00 -9.955E+00 -4.382E+00
  7.2197500E+03 -1.056E+01 -9.753E+00 -1.882E-01
  7.2202500E+03 -1.448E+01 -1.530E+01 -7.501E+00
  7.2207500E+03 -1.088E+01 -1.146E+01 -6.040E+00
  7.2212500E+03 -1.032E+01 -1.143E+01 -8.218E+00
  7.2217500E+03 -9.877E+00 -1.036E+01 -5.191E+00
  7.2222500E+03 -1.219E+01 -1.291E+01 -6.747E+00
  7.2227500E+03 -1.208E+01 -1.239E+01 -5.201E+00
  7.2232500E+03 -1.314E+01 -1.387E+01 -6.663E+00
  7.2237500E+03 -1.072E+01 -1.099E+01 -4.575E+00
  7.2242500E+03 -1.021E+01 -1.039E+01 -4.592E+00
  7.2247500E+03 -1.590E+01 -1.585E+01 -4.201E+00
  7.2252500E+03 -1.303E+01 -1.308E+01 -3.982E+00
  7.2257500E+03 -1.314E+01 -1.344E+01 -5.101E+00
  7.2262500E+03 -8.431E+00 -8.828E+00 -4.911E+00
  7.2267500E+03 -1.244E+01 -1.317E+01 -6.684E+00
  7.2272500E+03 -9.851E+00 -9.862E+00 -3.478E+00
  7.2277500E+03 -1.083E+01 -1.124E+01 -5.081E+00
  7.2282500E+03 -1.388E+01 -1.401E+01 -4.430E+00
  7.2287500E+03 -1.257E+01 -1.293E+01 -5.011E+00
  7.2292500E+03 -1.325E+01 -1.370E+01 -5.648E+00
  7.2297500E+03 -1.328E+01 -1.381E+01 -5.981E+00
  7.2302500E+03 -1.425E+01 -1.390E+01 -2.479E+00
  7.2307500E+03 -1.280E+01 -1.311E+01 -4.926E+00
  7.2312500E+03 -1.202E+01 -1.212E+01 -3.791E+00
  7.2317500E+03 -1.264E+01 -1.298E+01 -4.750E+00
  7.2322500E+03 -1.398E+01 -1.501E+01 -7.996E+00
  7.2327500E+03 -1.317E+01 -1.431E+01 -8.451E+00
  7.2332500E+03 -1.006E+01 -1.091E+01 -6.951E+00
  7.2337500E+03 -1.179E+01 -1.308E+01 -8.748E+00
  7.2342500E+03 -1.392E+01 -1.493E+01 -7.996E+00
  7.2347500E+03 -1.499E+01 -1.509E+01 -4.265E+00
  7.2352500E+03 -1.425E+01 -1.430E+01 -4.065E+00
  7.2357500E+03 -1.257E+01 -1.323E+01 -6.297E+00
  7.2362500E+03 -1.121E+01 -1.248E+01 -8.566E+00
  7.2367500E+03 -1.725E+01 -1.845E+01 -9.205E+00
  7.2372500E+03 -1.399E+01 -1.486E+01 -7.365E+00
  7.2377500E+03 -1.506E+01 -1.482E+01 -3.099E+00
  7.2382500E+03 -1.471E+01 -1.475E+01 -3.944E+00
  7.2387500E+03 -1.297E+01 -1.447E+01 -9.610E+00
  7.2392500E+03 -1.125E+01 -1.269E+01 -9.219E+00
  7.2397500E+03 -1.502E+01 -1.625E+01 -8.749E+00
  7.2402500E+03 -1.547E+01 -1.524E+01 -3.194E+00
  7.2407500E+03 -1.270E+01 -1.369E+01 -7.376E+00
  7.2412500E+03 -1.328E+01 -1.390E+01 -6.176E+00
  7.2417500E+03 -1.216E+01 -1.273E+01 -5.829E+00
  7.2422500E+03 -1.160E+01 -1.275E+01 -8.141E+00
  7.2427500E+03 -1.565E+01 -1.615E+01 -6.118E+00
  7.2432500E+03 -1.681E+01 -1.647E+01 -2.508E+00
  7.2437500E+03 -1.265E+01 -1.320E+01 -5.734E+00
  7.2442500E+03 -1.432E+01 -1.549E+01 -8.412E+00
  7.2447500E+03 -1.486E+01 -1.648E+01 -1.038E+01
  7.2452500E+03 -1.317E+01 -1.379E+01 -6.132E+00
  7.2457500E+03 -1.246E+01 -1.325E+01 -6.641E+00
  7.2462500E+03 -1.490E+01 -1.535E+01 -5.731E+00
  7.2467500E+03 -1.380E+01 -1.471E+01 -7.268E+00
  7.2472500E+03 -1.205E+01 -1.354E+01 -9.422E+00
  7.2477500E+03 -1.477E+01 -1.570E+01 -7.456E+00
  7.2482500E+03 -1.557E+01 -1.547E+01 -3.444E+00
  7.2487500E+03 -1.126E+01 -1.160E+01 -4.731E+00
  7.2492500E+03 -1.451E+01 -1.519E+01 -6.439E+00
  7.2497500E+03 -1.560E+01 -1.722E+01 -1.047E+01
  7.2502500E+03 -1.434E+01 -1.429E+01 -3.517E+00
  7.2507500E+03 -1.121E+01 -1.124E+01 -3.491E+00
  7.2512500E+03 -1.380E+01 -1.496E+01 -8.395E+00
  7.2517500E+03 -1.360E+01 -1.462E+01 -7.406E+00
  7.2522500E+03 -1.313E+01 -1.540E+01 -1.260E+01
  7.2527500E+03 -1.568E+01 -1.640E+01 -6.643E+00
  7.2532500E+03 -1.678E+01 -1.719E+01 -5.572E+00
  7.2537500E+03 -1.576E+01 -1.630E+01 -5.970E+00
  7.2542500E+03 -1.282E+01 -1.404E+01 -8.442E+00
  7.2547500E+03 -1.524E+01 -1.659E+01 -8.981E+00
  7.2552500E+03 -1.545E+01 -1.560E+01 -4.299E+00
  7.2557500E+03 -1.552E+01 -1.683E+01 -8.942E+00
  7.2562500E+03 -1.301E+01 -1.424E+01 -8.117E+00
  7.2567500E+03 -1.291E+01 -1.347E+01 -5.777E+00
  7.2572500E+03 -1.363E+01 -1.420E+01 -5.977E+00
  7.2577500E+03 -1.861E+01 -1.890E+01 -5.121E+00
  7.2582500E+03 -1.284E+01 -1.431E+01 -9.187E+00
  7.2587500E+03 -1.208E+01 -1.351E+01 -8.785E+00
  7.2592500E+03 -1.467E+01 -1.555E+01 -7.079E+00
  7.2597500E+03 -1.154E+01 -1.278E+01 -8.321E+00
  7.2602500E+03 -1.349E+01 -1.414E+01 -6.122E+00
  7.2607500E+03 -1.505E+01 -1.519E+01 -4.207E+00
  7.2612500E+03 -1.702E+01 -1.783E+01 -7.200E+00
  7.2617500E+03 -1.451E+01 -1.511E+01 -5.729E+00
  7.2622500E+03 -1.375E+01 -1.434E+01 -5.848E+00
  7.2627500E+03 -1.427E+01 -1.529E+01 -7.427E+00
  7.2632500E+03 -1.535E+01 -1.602E+01 -6.271E+00
  7.2637500E+03 -1.357E+01 -1.531E+01 -1.036E+01
  7.2642500E+03 -1.427E+01 -1.492E+01 -6.204E+00
  7.2647500E+03 -1.254E+01 -1.307E+01 -5.416E+00
  7.2652500E+03 -1.500E+01 -1.565E+01 -6.100E+00
  7.2657500E+03 -1.453E+01 -1.535E+01 -6.700E+00
  7.2662500E+03 -1.552E+01 -1.622E+01 -6.328E+00
  7.2667500E+03 -1.426E+01 -1.607E+01 -1.065E+01
  7.2672500E+03 -1.702E+01 -1.710E+01 -4.202E+00
  7.2677500E+03 -1.391E+01 -1.531E+01 -8.790E+00
  7.2682500E+03 -1.237E+01 -1.453E+01 -1.199E+01
  7.2687500E+03 -1.392E+01 -1.518E+01 -8.383E+00
  7.2692500E+03 -1.305E+01 -1.388E+01 -6.399E+00
  7.2697500E+03 -1.453E+01 -1.563E+01 -7.825E+00
  7.2702500E+03 -1.612E+01 -1.618E+01 -3.889E+00
  7.2707500E+03 -1.724E+01 -1.785E+01 -6.082E+00
  7.2712500E+03 -1.315E+01 -1.414E+01 -7.236E+00
  7.2717500E+03 -1.551E+01 -1.610E+01 -5.799E+00
  7.2722500E+03 -1.633E+01 -1.715E+01 -6.599E+00
  7.2727500E+03 -1.234E+01 -1.331E+01 -6.919E+00
  7.2732500E+03 -1.323E+01 -1.427E+01 -7.438E+00
  7.2737500E+03 -1.534E+01 -1.593E+01 -5.985E+00
  7.2742500E+03 -1.655E+01 -1.705E+01 -5.729E+00
  7.2747500E+03 -1.202E+01 -1.337E+01 -8.399E+00
  7.2752500E+03 -1.136E+01 -1.257E+01 -7.913E+00
  7.2757500E+03 -1.406E+01 -1.590E+01 -1.059E+01
  7.2762500E+03 -1.511E+01 -1.686E+01 -1.025E+01
  7.2767500E+03 -1.484E+01 -1.555E+01 -6.115E+00
  7.2772500E+03 -1.396E+01 -1.416E+01 -4.011E+00
  7.2777500E+03 -1.289E+01 -1.452E+01 -9.697E+00
  7.2782500E+03 -1.576E+01 -1.701E+01 -8.450E+00
  7.2787500E+03 -1.576E+01 -1.602E+01 -4.525E+00
  7.2792500E+03 -1.295E+01 -1.448E+01 -9.495E+00
  7.2797500E+03 -1.563E+01 -1.707E+01 -8.885E+00
  7.2802500E+03 -1.407E+01 -1.442E+01 -4.563E+00
  7.2807500E+03 -1.499E+01 -1.557E+01 -5.550E+00
  7.2812500E+03 -1.280E+01 -1.338E+01 -5.365E+00
  7.2817500E+03 -1.416E+01 -1.524E+01 -7.660E+00
  7.2822500E+03 -1.603E+01 -1.664E+01 -6.012E+00
  7.2827500E+03 -1.302E+01 -1.443E+01 -8.809E+00
  7.2832500E+03 -1.494E+01 -1.607E+01 -7.800E+00
  7.2837500E+03 -1.446E+01 -1.575E+01 -8.333E+00
  7.2842500E+03 -1.522E+01 -1.546E+01 -4.248E+00
  7.2847500E+03 -1.715E+01 -1.771E+01 -5.881E+00
  7.2852500E+03 -1.478E+01 -1.576E+01 -7.088E+00
  7.2857500E+03 -1.387E+01 -1.486E+01 -7.195E+00
  7.2862500E+03 -1.514E+01 -1.538E+01 -4.083E+00
  7.2867500E+03 -1.543E+01 -1.575E+01 -4.569E+00
  7.2872500E+03 -1.575E+01 -1.658E+01 -6.567E+00
  7.2877500E+03 -1.459E+01 -1.629E+01 -9.928E+00
  7.2882500E+03 -1.412E+01 -1.502E+01 -6.782E+00
  7.2887500E+03 -1.397E+01 -1.498E+01 -7.004E+00
  7.2892500E+03 -1.445E+01 -1.480E+01 -4.437E+00
  7.2897500E+03 -1.450E+01 -1.537E+01 -6.615E+00
  7.2902500E+03 -1.220E+01 -1.410E+01 -1.048E+01
  7.2907500E+03 -1.302E+01 -1.458E+01 -9.021E+00
  7.2912500E+03 -1.402E+01 -1.503E+01 -7.235E+00
  7.2917500E+03 -1.478E+01 -1.600E+01 -8.087E+00
  7.2922500E+03 -1.566E+01 -1.687E+01 -8.072E+00
  7.2927500E+03 -1.252E+01 -1.375E+01 -7.908E+00
  7.2932500E+03 -1.224E+01 -1.307E+01 -6.049E+00
  7.2937500E+03 -1.448E+01 -1.467E+01 -3.923E+00
  7.2942500E+03 -1.373E+01 -1.463E+01 -6.527E+00
  7.2947500E+03 -1.516E+01 -1.656E+01 -8.717E+00
  7.2952500E+03 -1.437E+01 -1.562E+01 -8.133E+00
  7.2957500E+03 -1.394E+01 -1.480E+01 -6.372E+00
  7.2962500E+03 -1.379E+01 -1.415E+01 -4.412E+00
  7.2967500E+03 -1.411E+01 -1.440E+01 -4.200E+00
  7.2972500E+03 -1.343E+01 -1.417E+01 -6.071E+00
  7.2977500E+03 -1.277E+01 -1.353E+01 -5.771E+00
  7.2982500E+03 -1.630E+01 -1.714E+01 -6.656E+00
  7.2987500E+03 -1.599E+01 -1.701E+01 -7.200E+00
  7.2992500E+03 -1.164E+01 -1.320E+01 -9.024E+00
  7.2997500E+03 -1.501E+01 -1.599E+01 -7.124E+00
  7.3002500E+03 -1.529E+01 -1.615E+01 -6.554E+00
  7.3007500E+03 -1.342E+01 -1.425E+01 -6.200E+00
  7.3012500E+03 -1.212E+01 -1.385E+01 -9.625E+00
  7.3017500E+03 -1.183E+01 -1.308E+01 -7.519E+00
  7.3022500E+03 -1.139E+01 -1.214E+01 -5.538E+00
  7.3027500E+03 -1.505E+01 -1.538E+01 -4.260E+00
  7.3032500E+03 -1.368E+01 -1.498E+01 -7.939E+00
  7.3037500E+03 -1.284E+01 -1.375E+01 -6.707E+00
  7.3042500E+03 -1.360E+01 -1.428E+01 -5.635E+00
  7.3047500E+03 -1.292E+01 -1.364E+01 -5.535E+00
  7.3052500E+03 -1.305E+01 -1.409E+01 -6.936E+00
  7.3057500E+03 -1.501E+01 -1.546E+01 -4.668E+00
  7.3062500E+03 -1.305E+01 -1.419E+01 -7.352E+00
  7.3067500E+03 -1.287E+01 -1.343E+01 -5.146E+00
  7.3072500E+03 -1.509E+01 -1.570E+01 -5.449E+00
  7.3077500E+03 -1.422E+01 -1.507E+01 -6.239E+00
  7.3082500E+03 -1.357E+01 -1.432E+01 -5.604E+00
  7.3087500E+03 -1.355E+01 -1.479E+01 -7.868E+00
  7.3092500E+03 -1.517E+01 -1.591E+01 -5.886E+00
  7.3097500E+03 -1.233E+01 -1.356E+01 -7.652E+00
  7.3102500E+03 -1.191E+01 -1.312E+01 -7.504E+00
  7.3107500E+03 -1.217E+01 -1.306E+01 -6.302E+00
  7.3112500E+03 -1.364E+01 -1.473E+01 -7.132E+00
  7.3117500E+03 -1.186E+01 -1.300E+01 -7.147E+00
  7.3122500E+03 -1.329E+01 -1.467E+01 -8.142E+00
  7.3127500E+03 -1.437E+01 -1.563E+01 -7.715E+00
  7.3132500E+03 -1.243E+01 -1.328E+01 -6.009E+00
  7.3137500E+03 -1.045E+01 -1.169E+01 -7.340E+00
  7.3142500E+03 -1.393E+01 -1.455E+01 -5.262E+00
  7.3147500E+03 -1.210E+01 -1.330E+01 -7.372E+00
  7.3152500E+03 -1.408E+01 -1.438E+01 -3.865E+00
  7.3157500E+03 -1.310E+01 -1.401E+01 -6.399E+00
  7.3162500E+03 -1.269E+01 -1.365E+01 -6.455E+00
  7.3167500E+03 -1.147E+01 -1.224E+01 -5.700E+00
  7.3172500E+03 -1.463E+01 -1.521E+01 -5.052E+00
  7.3177500E+03 -1.372E+01 -1.419E+01 -4.522E+00
  7.3182500E+03 -1.425E+01 -1.498E+01 -5.696E+00
  7.3187500E+03 -1.074E+01 -1.190E+01 -6.977E+00
  7.3192500E+03 -1.251E+01 -1.338E+01 -5.925E+00
  7.3197500E+03 -1.347E+01 -1.423E+01 -5.968E+00
  7.3202500E+03 -1.155E+01 -1.253E+01 -6.219E+00
  7.3207500E+03 -1.119E+01 -1.210E+01 -6.056E+00
  7.3212500E+03 -1.273E+01 -1.375E+01 -6.656E+00
  7.3217500E+03 -1.202E+01 -1.334E+01 -7.892E+00
  7.3222500E+03 -1.221E+01 -1.297E+01 -5.428E+00
  7.3227500E+03 -1.278E+01 -1.355E+01 -5.291E+00
  7.3232500E+03 -1.279E+01 -1.375E+01 -6.396E+00
  7.3237500E+03 -1.435E+01 -1.490E+01 -5.093E+00
  7.3242500E+03 -1.153E+01 -1.283E+01 -7.578E+00
  7.3247500E+03 -1.440E+01 -1.509E+01 -5.437E+00
  7.3252500E+03 -1.427E+01 -1.484E+01 -4.986E+00
  7.3257500E+03 -1.319E+01 -1.371E+01 -4.875E+00
  7.3262500E+03 -1.436E+01 -1.504E+01 -5.466E+00
  7.3267500E+03 -1.097E+01 -1.251E+01 -8.428E+00
  7.3272500E+03 -1.080E+01 -1.165E+01 -5.591E+00
  7.3277500E+03 -1.163E+01 -1.237E+01 -5.243E+00
  7.3282500E+03 -1.216E+01 -1.319E+01 -6.611E+00
  7.3287500E+03 -1.284E+01 -1.378E+01 -6.289E+00
  7.3292500E+03 -1.212E+01 -1.313E+01 -6.472E+00
  7.3297500E+03 -1.099E+01 -1.170E+01 -4.999E+00
  7.3302500E+03 -1.148E+01 -1.248E+01 -6.356E+00
  7.3307500E+03 -1.210E+01 -1.308E+01 -6.661E+00
  7.3312500E+03 -1.130E+01 -1.194E+01 -5.024E+00
  7.3317500E+03 -1.253E+01 -1.345E+01 -6.159E+00
  7.3322500E+03 -1.118E+01 -1.263E+01 -8.082E+00
  7.3327500E+03 -1.269E+01 -1.361E+01 -5.881E+00
  7.3332500E+03 -1.140E+01 -1.235E+01 -6.056E+00
  7.3337500E+03 -1.073E+01 -1.216E+01 -7.799E+00
  7.3342500E+03 -1.270E+01 -1.298E+01 -3.670E+00
  7.3347500E+03 -1.239E+01 -1.256E+01 -3.229E+00
  7.3352500E+03 -1.203E+01 -1.290E+01 -5.858E+00
  7.3357500E+03 -1.280E+01 -1.404E+01 -7.427E+00
  7.3362500E+03 -1.246E+01 -1.372E+01 -7.382E+00
  7.3367500E+03 -1.070E+01 -1.179E+01 -6.526E+00
  7.3372500E+03 -1.073E+01 -1.159E+01 -5.803E+00
  7.3377500E+03 -9.425E+00 -1.024E+01 -5.244E+00
  7.3382500E+03 -1.136E+01 -1.205E+01 -5.225E+00
  7.3387500E+03 -1.334E+01 -1.408E+01 -5.512E+00
  7.3392500E+03 -1.289E+01 -1.381E+01 -6.121E+00
  7.3397500E+03 -1.107E+01 -1.180E+01 -5.138E+00
  7.3402500E+03 -1.187E+01 -1.265E+01 -5.285E+00
  7.3407500E+03 -1.256E+01 -1.314E+01 -4.836E+00
  7.3412500E+03 -1.250E+01 -1.313E+01 -4.626E+00
  7.3417500E+03 -1.123E+01 -1.186E+01 -4.833E+00
  7.3422500E+03 -9.721E+00 -1.082E+01 -6.688E+00
  7.3427500E+03 -1.066E+01 -1.129E+01 -4.782E+00
  7.3432500E+03 -1.180E+01 -1.204E+01 -3.241E+00
  7.3437500E+03 -1.058E+01 -1.189E+01 -7.279E+00
  7.3442500E+03 -1.242E+01 -1.325E+01 -5.528E+00
  7.3447500E+03 -1.095E+01 -1.164E+01 -4.854E+00
  7.3452500E+03 -1.085E+01 -1.174E+01 -5.864E+00
  7.3457500E+03 -1.212E+01 -1.296E+01 -5.692E+00
  7.3462500E+03 -1.214E+01 -1.314E+01 -6.142E+00
  7.3467500E+03 -1.042E+01 -1.127E+01 -5.551E+00
  7.3472500E+03 -1.054E+01 -1.129E+01 -5.156E+00
  7.3477500E+03 -1.117E+01 -1.183E+01 -4.794E+00
  7.3482500E+03 -1.160E+01 -1.266E+01 -6.569E+00
  7.3487500E+03 -1.164E+01 -1.255E+01 -5.857E+00
  7.3492500E+03 -1.181E+01 -1.275E+01 -5.776E+00
  7.3497500E+03 -1.073E+01 -1.170E+01 -5.900E+00
  7.3502500E+03 -1.088E+01 -1.164E+01 -5.196E+00
  7.3507500E+03 -9.065E+00 -1.042E+01 -7.346E+00
  7.3512500E+03 -9.353E+00 -1.026E+01 -5.522E+00
  7.3517500E+03 -1.138E+01 -1.155E+01 -2.637E+00
  7.3522500E+03 -1.100E+01 -1.144E+01 -3.901E+00
  7.3527500E+03 -1.123E+01 -1.170E+01 -4.151E+00
  7.3532500E+03 -1.095E+01 -1.172E+01 -5.128E+00
  7.3537500E+03 -1.157E+01 -1.223E+01 -4.873E+00
  7.3542500E+03 -1.118E+01 -1.188E+01 -5.079E+00
  7.3547500E+03 -1.036E+01 -1.127E+01 -5.720E+00
  7.3552500E+03 -9.761E+00 -1.088E+01 -6.449E+00
  7.3557500E+03 -1.086E+01 -1.159E+01 -5.053E+00
  7.3562500E+03 -1.220E+01 -1.252E+01 -3.678E+00
  7.3567500E+03 -1.088E+01 -1.158E+01 -5.042E+00
  7.3572500E+03 -1.076E+01 -1.155E+01 -5.225E+00
  7.3577500E+03 -1.099E+01 -1.190E+01 -5.669E+00
  7.3582500E+03 -9.610E+00 -1.016E+01 -3.979E+00
  7.3587500E+03 -9.972E+00 -1.048E+01 -4.201E+00
  7.3592500E+03 -1.169E+01 -1.277E+01 -6.550E+00
  7.3597500E+03 -9.540E+00 -1.053E+01 -5.978E+00
  7.3602500E+03 -1.082E+01 -1.142E+01 -4.577E+00
  7.3607500E+03 -1.096E+01 -1.146E+01 -4.034E+00
  7.3612500E+03 -7.952E+00 -9.063E+00 -6.315E+00
  7.3617500E+03 -8.042E+00 -8.947E+00 -5.402E+00
  7.3622500E+03 -1.018E+01 -1.064E+01 -3.733E+00
  7.3627500E+03 -1.081E+01 -1.176E+01 -5.908E+00
  7.3632500E+03 -1.081E+01 -1.169E+01 -5.751E+00
  7.3637500E+03 -1.096E+01 -1.180E+01 -5.313E+00
  7.3642500E+03 -9.895E+00 -1.104E+01 -6.455E+00
  7.3647500E+03 -8.983E+00 -1.010E+01 -6.284E+00
  7.3652500E+03 -9.885E+00 -1.089E+01 -5.939E+00
  7.3657500E+03 -1.041E+01 -1.097E+01 -4.239E+00
  7.3662500E+03 -1.149E+01 -1.206E+01 -4.285E+00
  7.3667500E+03 -1.217E+01 -1.264E+01 -4.122E+00
  7.3672500E+03 -1.006E+01 -1.137E+01 -7.020E+00
  7.3677500E+03 -9.483E+00 -1.068E+01 -6.499E+00
  7.3682500E+03 -7.674E+00 -8.634E+00 -5.376E+00
  7.3687500E+03 -1.014E+01 -1.075E+01 -4.279E+00
  7.3692500E+03 -9.226E+00 -9.468E+00 -2.588E+00
  7.3697500E+03 -1.002E+01 -1.041E+01 -3.506E+00
  7.3702500E+03 -9.640E+00 -1.029E+01 -4.514E+00
  7.3707500E+03 -9.801E+00 -1.053E+01 -4.485E+00
  7.3712500E+03 -9.719E+00 -1.019E+01 -3.827E+00
  7.3717500E+03 -1.009E+01 -1.083E+01 -5.019E+00
  7.3722500E+03 -1.014E+01 -1.125E+01 -6.433E+00
  7.3727500E+03 -9.097E+00 -9.420E+00 -3.329E+00
  7.3732500E+03 -9.905E+00 -1.066E+01 -5.036E+00
  7.3737500E+03 -9.721E+00 -1.067E+01 -5.675E+00
  7.3742500E+03 -8.795E+00 -9.571E+00 -4.858E+00
  7.3747500E+03 -9.538E+00 -1.000E+01 -3.716E+00
  7.3752500E+03 -1.088E+01 -1.090E+01 -2.120E+00
  7.3757500E+03 -9.529E+00 -1.040E+01 -5.049E+00
  7.3762500E+03 -1.017E+01 -1.091E+01 -4.821E+00
  7.3767500E+03 -9.943E+00 -1.079E+01 -5.322E+00
  7.3772500E+03 -9.987E+00 -1.082E+01 -5.278E+00
  7.3777500E+03 -9.546E+00 -1.042E+01 -5.372E+00
  7.3782500E+03 -1.011E+01 -1.060E+01 -3.835E+00
  7.3787500E+03 -9.803E+00 -1.006E+01 -2.838E+00
  7.3792500E+03 -9.562E+00 -1.028E+01 -4.589E+00
  7.3797500E+03 -9.112E+00 -9.593E+00 -3.702E+00
  7.3802500E+03 -1.095E+01 -1.117E+01 -2.768E+00
  7.3807500E+03 -9.462E+00 -1.028E+01 -4.874E+00
  7.3812500E+03 -9.079E+00 -1.016E+01 -6.080E+00
  7.3817500E+03 -8.602E+00 -9.460E+00 -5.170E+00
  7.3822500E+03 -8.192E+00 -8.696E+00 -3.531E+00
  7.3827500E+03 -8.069E+00 -8.915E+00 -5.048E+00
  7.3832500E+03 -8.700E+00 -9.241E+00 -3.922E+00
  7.3837500E+03 -9.362E+00 -1.014E+01 -4.803E+00
  7.3842500E+03 -9.198E+00 -1.002E+01 -5.021E+00
  7.3847500E+03 -8.545E+00 -9.122E+00 -4.101E+00
  7.3852500E+03 -9.150E+00 -9.409E+00 -2.914E+00
  7.3857500E+03 -9.230E+00 -9.947E+00 -4.504E+00
  7.3862500E+03 -9.045E+00 -9.711E+00 -4.177E+00
  7.3867500E+03 -8.259E+00 -9.339E+00 -6.125E+00
  7.3872500E+03 -8.787E+00 -9.787E+00 -5.723E+00
  7.3877500E+03 -9.366E+00 -9.681E+00 -3.003E+00
  7.3882500E+03 -8.696E+00 -9.034E+00 -2.898E+00
  7.3887500E+03 -1.026E+01 -1.130E+01 -5.884E+00
  7.3892500E+03 -9.462E+00 -1.014E+01 -4.532E+00
  7.3897500E+03 -7.902E+00 -8.508E+00 -4.089E+00
  7.3902500E+03 -7.979E+00 -8.815E+00 -4.934E+00
  7.3907500E+03 -1.023E+01 -1.085E+01 -4.343E+00
  7.3912500E+03 -8.403E+00 -9.280E+00 -5.187E+00
  7.3917500E+03 -8.183E+00 -8.939E+00 -4.660E+00
  7.3922500E+03 -8.746E+00 -9.171E+00 -3.366E+00
  7.3927500E+03 -8.381E+00 -8.817E+00 -3.532E+00
  7.3932500E+03 -8.413E+00 -9.090E+00 -4.261E+00
  7.3937500E+03 -7.517E+00 -8.574E+00 -5.619E+00
  7.3942500E+03 -8.673E+00 -9.168E+00 -3.542E+00
  7.3947500E+03 -9.499E+00 -1.032E+01 -4.900E+00
  7.3952500E+03 -8.006E+00 -9.213E+00 -6.406E+00
  7.3957500E+03 -9.277E+00 -1.010E+01 -4.971E+00
  7.3962500E+03 -7.653E+00 -8.387E+00 -4.390E+00
  7.3967500E+03 -8.459E+00 -9.119E+00 -4.297E+00
  7.3972500E+03 -9.904E+00 -1.056E+01 -4.249E+00
  7.3977500E+03 -8.498E+00 -8.713E+00 -2.401E+00
  7.3982500E+03 -7.339E+00 -7.739E+00 -3.138E+00
  7.3987500E+03 -7.829E+00 -8.640E+00 -4.956E+00
  7.3992500E+03 -7.841E+00 -8.493E+00 -4.009E+00
  7.3997500E+03 -8.959E+00 -9.892E+00 -5.408E+00
  7.4002500E+03 -8.552E+00 -9.495E+00 -5.646E+00
  7.4007500E+03 -8.571E+00 -9.254E+00 -4.358E+00
  7.4012500E+03 -7.559E+00 -7.975E+00 -3.234E+00
  7.4017500E+03 -8.012E+00 -8.485E+00 -3.382E+00
  7.4022500E+03 -7.128E+00 -7.979E+00 -4.900E+00
  7.4027500E+03 -8.971E+00 -9.878E+00 -5.241E+00
  7.4032500E+03 -7.699E+00 -8.277E+00 -3.624E+00
  7.4037500E+03 -7.912E+00 -8.213E+00 -2.589E+00
  7.4042500E+03 -7.698E+00 -8.084E+00 -3.095E+00
  7.4047500E+03 -8.422E+00 -9.356E+00 -5.307E+00
  7.4052500E+03 -7.799E+00 -8.495E+00 -4.246E+00
  7.4057500E+03 -7.776E+00 -8.087E+00 -2.660E+00
  7.4062500E+03 -8.126E+00 -8.857E+00 -4.528E+00
  7.4067500E+03 -9.060E+00 -9.908E+00 -5.048E+00
  7.4072500E+03 -7.802E+00 -8.286E+00 -3.493E+00
  7.4077500E+03 -7.646E+00 -8.133E+00 -3.555E+00
  7.4082500E+03 -7.502E+00 -8.214E+00 -4.084E+00
  7.4087500E+03 -8.528E+00 -9.091E+00 -3.832E+00
  7.4092500E+03 -8.367E+00 -8.894E+00 -3.579E+00
  7.4097500E+03 -7.732E+00 -8.614E+00 -4.956E+00
  7.4102500E+03 -8.383E+00 -8.746E+00 -2.958E+00
  7.4107500E+03 -8.257E+00 -9.099E+00 -5.111E+00
  7.4112500E+03 -8.220E+00 -8.496E+00 -2.753E+00
  7.4117500E+03 -7.447E+00 -8.069E+00 -3.858E+00
  7.4122500E+03 -6.697E+00 -6.915E+00 -2.025E+00
  7.4127500E+03 -8.066E+00 -8.909E+00 -4.834E+00
  7.4132500E+03 -6.835E+00 -7.283E+00 -3.386E+00
  7.4137500E+03 -7.556E+00 -7.916E+00 -2.860E+00
  7.4142500E+03 -8.832E+00 -9.391E+00 -3.857E+00
  7.4147500E+03 -7.410E+00 -8.234E+00 -4.825E+00
  7.4152500E+03 -7.913E+00 -8.761E+00 -4.962E+00
  7.4157500E+03 -8.110E+00 -8.859E+00 -4.429E+00
  7.4162500E+03 -7.758E+00 -8.098E+00 -2.772E+00
  7.4167500E+03 -7.245E+00 -8.029E+00 -4.446E+00
  7.4172500E+03 -6.348E+00 -7.260E+00 -4.952E+00
  7.4177500E+03 -7.531E+00 -8.163E+00 -4.054E+00
  7.4182500E+03 -8.363E+00 -8.705E+00 -3.031E+00
  7.4187500E+03 -6.229E+00 -6.704E+00 -3.234E+00
  7.4192500E+03 -7.676E+00 -8.404E+00 -4.286E+00
  7.4197500E+03 -8.019E+00 -8.750E+00 -4.580E+00
  7.4202500E+03 -7.482E+00 -7.974E+00 -3.567E+00
  7.4207500E+03 -6.983E+00 -7.734E+00 -4.380E+00
  7.4212500E+03 -7.158E+00 -7.895E+00 -4.212E+00
  7.4217500E+03 -8.887E+00 -9.161E+00 -2.737E+00
  7.4222500E+03 -7.206E+00 -7.557E+00 -2.558E+00
  7.4227500E+03 -6.525E+00 -7.005E+00 -3.154E+00
  7.4232500E+03 -7.559E+00 -8.269E+00 -4.174E+00
  7.4237500E+03 -8.902E+00 -9.295E+00 -3.181E+00
  7.4242500E+03 -6.828E+00 -7.845E+00 -5.634E+00
  7.4247500E+03 -6.882E+00 -7.720E+00 -4.734E+00
  7.4252500E+03 -7.465E+00 -7.862E+00 -3.000E+00
  7.4257500E+03 -7.328E+00 -7.727E+00 -2.947E+00
  7.4262500E+03 -6.836E+00 -7.265E+00 -2.923E+00
  7.4267500E+03 -7.082E+00 -7.865E+00 -4.474E+00
  7.4272500E+03 -7.569E+00 -8.081E+00 -3.444E+00
  7.4277500E+03 -6.202E+00 -6.712E+00 -3.229E+00
  7.4282500E+03 -6.907E+00 -7.445E+00 -3.606E+00
  7.4287500E+03 -6.429E+00 -7.036E+00 -3.668E+00
  7.4292500E+03 -6.814E+00 -7.310E+00 -3.335E+00
  7.4297500E+03 -7.329E+00 -7.759E+00 -3.042E+00
  7.4302500E+03 -7.034E+00 -7.606E+00 -3.588E+00
  7.4307500E+03 -7.501E+00 -8.296E+00 -4.516E+00
  7.4312500E+03 -7.580E+00 -8.158E+00 -3.826E+00
  7.4317500E+03 -7.265E+00 -8.048E+00 -4.497E+00
  7.4322500E+03 -7.962E+00 -8.599E+00 -4.124E+00
  7.4327500E+03 -6.026E+00 -6.473E+00 -2.978E+00
  7.4332500E+03 -5.847E+00 -6.390E+00 -3.279E+00
  7.4337500E+03 -6.409E+00 -6.844E+00 -3.154E+00
  7.4342500E+03 -6.901E+00 -7.408E+00 -3.333E+00
  7.4347500E+03 -7.958E+00 -8.486E+00 -3.442E+00
  7.4352500E+03 -6.900E+00 -7.578E+00 -3.938E+00
  7.4357500E+03 -8.423E+00 -8.817E+00 -3.215E+00
  7.4362500E+03 -6.992E+00 -7.521E+00 -3.383E+00
  7.4367500E+03 -5.757E+00 -6.361E+00 -3.616E+00
  7.4372500E+03 -6.522E+00 -7.130E+00 -3.490E+00
  7.4377500E+03 -6.460E+00 -7.028E+00 -3.483E+00
  7.4382500E+03 -5.947E+00 -6.374E+00 -2.875E+00
  7.4387500E+03 -6.324E+00 -7.039E+00 -4.117E+00
  7.4392500E+03 -6.446E+00 -7.018E+00 -3.679E+00
  7.4397500E+03 -7.847E+00 -7.936E+00 -1.716E+00
  7.4402500E+03 -7.089E+00 -7.203E+00 -1.706E+00
  7.4407500E+03 -6.139E+00 -6.939E+00 -4.336E+00
  7.4412500E+03 -6.056E+00 -6.791E+00 -4.150E+00
  7.4417500E+03 -7.134E+00 -7.268E+00 -2.052E+00
  7.4422500E+03 -7.641E+00 -7.635E+00 -1.387E+00
  7.4427500E+03 -6.800E+00 -7.378E+00 -3.515E+00
  7.4432500E+03 -6.943E+00 -6.903E+00 -1.210E+00
  7.4437500E+03 -6.063E+00 -6.298E+00 -2.125E+00
  7.4442500E+03 -5.760E+00 -6.615E+00 -4.346E+00
  7.4447500E+03 -6.125E+00 -6.700E+00 -3.468E+00
  7.4452500E+03 -6.939E+00 -7.369E+00 -3.289E+00
  7.4457500E+03 -7.028E+00 -7.570E+00 -3.539E+00
  7.4462500E+03 -6.128E+00 -6.490E+00 -2.753E+00
  7.4467500E+03 -7.061E+00 -7.767E+00 -4.109E+00
  7.4472500E+03 -6.952E+00 -7.692E+00 -4.300E+00
  7.4477500E+03 -7.048E+00 -7.771E+00 -4.275E+00
  7.4482500E+03 -6.733E+00 -7.166E+00 -3.133E+00
  7.4487500E+03 -7.047E+00 -7.341E+00 -2.388E+00
  7.4492500E+03 -6.472E+00 -6.981E+00 -3.401E+00
  7.4497500E+03 -6.146E+00 -6.959E+00 -4.248E+00
  7.4502500E+03 -6.226E+00 -6.620E+00 -2.583E+00
  7.4507500E+03 -6.474E+00 -6.967E+00 -2.999E+00
  7.4512500E+03 -5.647E+00 -6.353E+00 -3.987E+00
  7.4517500E+03 -6.118E+00 -6.426E+00 -2.383E+00
  7.4522500E+03 -6.341E+00 -6.577E+00 -2.219E+00
  7.4527500E+03 -5.849E+00 -6.625E+00 -4.458E+00
  7.4532500E+03 -5.559E+00 -5.846E+00 -2.356E+00
  7.4537500E+03 -6.065E+00 -6.484E+00 -2.693E+00
  7.4542500E+03 -5.767E+00 -6.341E+00 -3.718E+00
  7.4547500E+03 -6.322E+00 -6.829E+00 -2.924E+00
  7.4552500E+03 -6.009E+00 -6.169E+00 -1.819E+00
  7.4557500E+03 -5.856E+00 -6.117E+00 -2.165E+00
  7.4562500E+03 -6.660E+00 -7.192E+00 -3.243E+00
  7.4567500E+03 -6.402E+00 -6.881E+00 -2.977E+00
  7.4572500E+03 -6.894E+00 -7.555E+00 -3.802E+00
  7.4577500E+03 -5.846E+00 -6.033E+00 -2.008E+00
  7.4582500E+03 -6.311E+00 -6.699E+00 -2.511E+00
  7.4587500E+03 -5.749E+00 -6.144E+00 -2.800E+00
  7.4592500E+03 -5.217E+00 -5.979E+00 -4.098E+00
  7.4597500E+03 -6.687E+00 -7.040E+00 -2.506E+00
  7.4602500E+03 -5.768E+00 -6.431E+00 -3.631E+00
  7.4607500E+03 -6.295E+00 -6.823E+00 -3.279E+00
  7.4612500E+03 -7.054E+00 -7.428E+00 -2.871E+00
  7.4617500E+03 -5.633E+00 -6.262E+00 -3.566E+00
  7.4622500E+03 -5.926E+00 -6.545E+00 -3.625E+00
  7.4627500E+03 -6.175E+00 -6.574E+00 -2.929E+00
  7.4632500E+03 -5.121E+00 -5.666E+00 -3.256E+00
  7.4637500E+03 -5.274E+00 -5.974E+00 -3.820E+00
  7.4642500E+03 -5.743E+00 -6.143E+00 -2.659E+00
  7.4647500E+03 -6.243E+00 -6.910E+00 -3.678E+00
  7.4652500E+03 -5.763E+00 -6.381E+00 -3.653E+00
  7.4657500E+03 -6.121E+00 -6.679E+00 -3.419E+00
  7.4662500E+03 -5.679E+00 -6.262E+00 -3.506E+00
  7.4667500E+03 -6.045E+00 -5.938E+00 -8.229E-01
  7.4672500E+03 -5.945E+00 -6.144E+00 -2.026E+00
  7.4677500E+03 -5.845E+00 -6.154E+00 -2.529E+00
  7.4682500E+03 -6.404E+00 -6.873E+00 -2.910E+00
  7.4687500E+03 -5.478E+00 -6.208E+00 -3.965E+00
  7.4692500E+03 -5.947E+00 -6.260E+00 -2.279E+00
  7.4697500E+03 -5.707E+00 -6.169E+00 -2.921E+00
  7.4702500E+03 -5.286E+00 -5.403E+00 -1.696E+00
  7.4707500E+03 -5.554E+00 -6.141E+00 -3.088E+00
  7.4712500E+03 -6.104E+00 -6.697E+00 -3.309E+00
  7.4717500E+03 -5.755E+00 -6.308E+00 -3.542E+00
  7.4722500E+03 -4.656E+00 -5.270E+00 -3.309E+00
  7.4727500E+03 -5.023E+00 -5.777E+00 -4.080E+00
  7.4732500E+03 -5.197E+00 -5.652E+00 -2.687E+00
  7.4737500E+03 -6.024E+00 -6.178E+00 -1.764E+00
  7.4742500E+03 -5.300E+00 -5.599E+00 -2.191E+00
  7.4747500E+03 -6.346E+00 -6.740E+00 -2.714E+00
  7.4752500E+03 -5.114E+00 -5.584E+00 -2.856E+00
  7.4757500E+03 -5.663E+00 -5.983E+00 -2.629E+00
  7.4762500E+03 -6.076E+00 -6.831E+00 -4.095E+00
  7.4767500E+03 -6.057E+00 -6.592E+00 -3.273E+00
  7.4772500E+03 -5.801E+00 -6.105E+00 -2.307E+00
  7.4777500E+03 -4.823E+00 -5.218E+00 -2.747E+00
  7.4782500E+03 -5.389E+00 -5.896E+00 -2.900E+00
  7.4787500E+03 -4.611E+00 -4.741E+00 -1.217E+00
  7.4792500E+03 -5.177E+00 -5.691E+00 -3.004E+00
  7.4797500E+03 -5.427E+00 -5.785E+00 -2.358E+00
  7.4802500E+03 -5.208E+00 -5.625E+00 -2.782E+00
  7.4807500E+03 -5.487E+00 -5.658E+00 -2.014E+00
  7.4812500E+03 -3.874E+00 -3.966E+00 -1.508E+00
  7.4817500E+03 -5.752E+00 -6.170E+00 -2.804E+00
  7.4822500E+03 -6.382E+00 -6.543E+00 -1.656E+00
  7.4827500E+03 -4.642E+00 -5.345E+00 -3.650E+00
  7.4832500E+03 -5.664E+00 -6.152E+00 -2.845E+00
  7.4837500E+03 -6.475E+00 -6.965E+00 -3.038E+00
  7.4842500E+03 -5.871E+00 -6.388E+00 -3.262E+00
  7.4847500E+03 -5.125E+00 -5.565E+00 -2.770E+00
  7.4852500E+03 -4.687E+00 -5.279E+00 -3.245E+00
  7.4857500E+03 -4.436E+00 -5.021E+00 -3.385E+00
  7.4862500E+03 -4.543E+00 -4.896E+00 -2.294E+00
  7.4867500E+03 -5.961E+00 -6.426E+00 -3.099E+00
  7.4872500E+03 -6.089E+00 -6.509E+00 -2.644E+00
  7.4877500E+03 -5.542E+00 -6.209E+00 -3.575E+00
  7.4882500E+03 -5.228E+00 -5.929E+00 -3.921E+00
  7.4887500E+03 -5.677E+00 -5.987E+00 -2.141E+00
  7.4892500E+03 -4.753E+00 -5.193E+00 -2.635E+00
  7.4897500E+03 -5.084E+00 -5.390E+00 -2.158E+00
  7.4902500E+03 -4.735E+00 -5.185E+00 -2.760E+00
  7.4907500E+03 -4.876E+00 -5.049E+00 -1.801E+00
  7.4912500E+03 -4.762E+00 -4.773E+00 -8.513E-01
  7.4917500E+03 -4.832E+00 -5.178E+00 -2.233E+00
  7.4922500E+03 -5.484E+00 -5.851E+00 -2.471E+00
  7.4927500E+03 -5.491E+00 -6.043E+00 -3.148E+00
  7.4932500E+03 -4.571E+00 -4.887E+00 -2.288E+00
  7.4937500E+03 -4.834E+00 -5.326E+00 -2.934E+00
  7.4942500E+03 -4.055E+00 -4.622E+00 -3.223E+00
  7.4947500E+03 -5.003E+00 -5.500E+00 -2.807E+00
  7.4952500E+03 -4.986E+00 -4.997E+00 -8.268E-01
  7.4957500E+03 -4.578E+00 -5.005E+00 -2.478E+00
  7.4962500E+03 -5.148E+00 -5.412E+00 -2.241E+00
  7.4967500E+03 -4.426E+00 -4.999E+00 -3.347E+00
  7.4972500E+03 -5.475E+00 -5.951E+00 -2.743E+00
  7.4977500E+03 -5.228E+00 -5.513E+00 -2.149E+00
  7.4982500E+03 -4.619E+00 -4.775E+00 -1.526E+00
  7.4987500E+03 -3.903E+00 -4.164E+00 -1.917E+00
  7.4992500E+03 -4.231E+00 -5.044E+00 -4.173E+00
  7.4997500E+03 -5.251E+00 -5.752E+00 -3.028E+00
  7.5002500E+03 -4.828E+00 -4.974E+00 -1.602E+00
  7.5007500E+03 -4.518E+00 -4.952E+00 -2.658E+00
  7.5012500E+03 -4.798E+00 -5.171E+00 -2.393E+00
  7.5017500E+03 -5.095E+00 -5.659E+00 -3.199E+00
  7.5022500E+03 -5.482E+00 -6.272E+00 -4.248E+00
  7.5027500E+03 -4.981E+00 -5.239E+00 -2.037E+00
  7.5032500E+03 -5.494E+00 -5.751E+00 -2.100E+00
  7.5037500E+03 -4.495E+00 -4.748E+00 -1.950E+00
  7.5042500E+03 -4.929E+00 -5.128E+00 -1.710E+00
  7.5047500E+03 -5.528E+00 -5.866E+00 -2.167E+00
  7.5052500E+03 -5.407E+00 -5.840E+00 -2.692E+00
  7.5057500E+03 -4.820E+00 -5.153E+00 -2.214E+00
  7.5062500E+03 -4.729E+00 -5.085E+00 -2.183E+00
  7.5067500E+03 -4.608E+00 -4.977E+00 -2.600E+00
  7.5072500E+03 -4.129E+00 -4.485E+00 -2.318E+00
  7.5077500E+03 -4.888E+00 -5.296E+00 -2.618E+00
  7.5082500E+03 -4.632E+00 -5.153E+00 -2.961E+00
  7.5087500E+03 -3.872E+00 -4.455E+00 -2.867E+00
  7.5092500E+03 -4.749E+00 -5.218E+00 -2.725E+00
  7.5097500E+03 -5.433E+00 -5.800E+00 -2.485E+00
  7.5102500E+03 -4.437E+00 -4.655E+00 -1.694E+00
  7.5107500E+03 -3.973E+00 -4.244E+00 -1.906E+00
  7.5112500E+03 -4.510E+00 -4.938E+00 -2.598E+00
  7.5117500E+03 -4.706E+00 -5.135E+00 -2.641E+00
  7.5122500E+03 -3.859E+00 -4.489E+00 -3.216E+00
  7.5127500E+03 -3.425E+00 -3.862E+00 -2.390E+00
  7.5132500E+03 -4.656E+00 -5.022E+00 -2.316E+00
  7.5137500E+03 -4.934E+00 -5.065E+00 -1.551E+00
  7.5142500E+03 -4.086E+00 -4.339E+00 -1.990E+00
  7.5147500E+03 -3.525E+00 -4.118E+00 -3.117E+00
  7.5152500E+03 -4.749E+00 -5.125E+00 -2.435E+00
  7.5157500E+03 -4.212E+00 -4.458E+00 -1.686E+00
  7.5162500E+03 -3.970E+00 -4.394E+00 -2.389E+00
  7.5167500E+03 -4.633E+00 -5.103E+00 -2.739E+00
  7.5172500E+03 -4.998E+00 -5.590E+00 -3.398E+00
  7.5177500E+03 -4.437E+00 -4.783E+00 -2.152E+00
  7.5182500E+03 -4.243E+00 -4.690E+00 -2.306E+00
  7.5187500E+03 -4.213E+00 -4.457E+00 -1.942E+00
  7.5192500E+03 -4.303E+00 -4.339E+00 -1.342E+00
  7.5197500E+03 -5.184E+00 -5.740E+00 -2.938E+00
  7.5202500E+03 -5.206E+00 -5.454E+00 -1.773E+00
  7.5207500E+03 -4.876E+00 -4.970E+00 -1.138E+00
  7.5212500E+03 -4.759E+00 -5.170E+00 -2.632E+00
  7.5217500E+03 -3.799E+00 -4.357E+00 -3.088E+00
  7.5222500E+03 -3.187E+00 -3.551E+00 -2.322E+00
  7.5227500E+03 -4.304E+00 -4.634E+00 -2.229E+00
  7.5232500E+03 -4.028E+00 -4.083E+00 -9.919E-01
  7.5237500E+03 -4.432E+00 -4.804E+00 -2.300E+00
  7.5242500E+03 -3.998E+00 -4.638E+00 -3.454E+00
  7.5247500E+03 -3.865E+00 -4.379E+00 -2.917E+00
  7.5252500E+03 -4.109E+00 -4.574E+00 -2.553E+00
  7.5257500E+03 -4.280E+00 -4.723E+00 -2.526E+00
  7.5262500E+03 -4.351E+00 -4.599E+00 -1.716E+00
  7.5267500E+03 -4.584E+00 -4.524E+00 -7.469E-01
  7.5272500E+03 -4.508E+00 -4.668E+00 -1.540E+00
  7.5277500E+03 -4.155E+00 -4.558E+00 -2.500E+00
  7.5282500E+03 -4.300E+00 -4.681E+00 -2.440E+00
  7.5287500E+03 -4.551E+00 -4.878E+00 -2.304E+00
  7.5292500E+03 -3.698E+00 -4.009E+00 -1.817E+00
  7.5297500E+03 -3.899E+00 -4.418E+00 -2.845E+00
  7.5302500E+03 -4.547E+00 -4.709E+00 -1.627E+00
  7.5307500E+03 -3.901E+00 -4.091E+00 -1.452E+00
  7.5312500E+03 -4.259E+00 -4.636E+00 -2.152E+00
  7.5317500E+03 -4.598E+00 -4.979E+00 -2.401E+00
  7.5322500E+03 -4.810E+00 -5.041E+00 -1.681E+00
  7.5327500E+03 -4.080E+00 -4.460E+00 -2.251E+00
  7.5332500E+03 -4.463E+00 -4.774E+00 -2.049E+00
  7.5337500E+03 -3.232E+00 -3.693E+00 -2.546E+00
  7.5342500E+03 -4.309E+00 -4.529E+00 -1.950E+00
  7.5347500E+03 -4.532E+00 -4.904E+00 -2.236E+00
  7.5352500E+03 -3.759E+00 -4.388E+00 -3.185E+00
  7.5357500E+03 -4.123E+00 -4.371E+00 -1.670E+00
  7.5362500E+03 -4.076E+00 -4.267E+00 -1.515E+00
  7.5367500E+03 -3.582E+00 -3.848E+00 -1.938E+00
  7.5372500E+03 -4.090E+00 -4.407E+00 -2.048E+00
  7.5377500E+03 -4.270E+00 -4.531E+00 -1.845E+00
  7.5382500E+03 -3.470E+00 -4.002E+00 -2.791E+00
  7.5387500E+03 -4.276E+00 -4.683E+00 -2.465E+00
  7.5392500E+03 -4.536E+00 -4.881E+00 -2.116E+00
  7.5397500E+03 -3.514E+00 -3.643E+00 -1.236E+00
  7.5402500E+03 -3.814E+00 -4.103E+00 -2.031E+00
  7.5407500E+03 -4.192E+00 -4.344E+00 -1.593E+00
  7.5412500E+03 -3.236E+00 -3.611E+00 -2.236E+00
  7.5417500E+03 -3.892E+00 -4.312E+00 -2.505E+00
  7.5422500E+03 -4.523E+00 -4.898E+00 -2.290E+00
  7.5427500E+03 -4.798E+00 -5.229E+00 -2.536E+00
  7.5432500E+03 -3.584E+00 -4.121E+00 -2.870E+00
  7.5437500E+03 -3.621E+00 -3.792E+00 -1.269E+00
  7.5442500E+03 -3.897E+00 -4.066E+00 -1.456E+00
  7.5447500E+03 -3.525E+00 -3.858E+00 -2.545E+00
  7.5452500E+03 -3.748E+00 -4.253E+00 -2.727E+00
  7.5457500E+03 -3.699E+00 -3.842E+00 -1.295E+00
  7.5462500E+03 -4.125E+00 -4.303E+00 -1.479E+00
  7.5467500E+03 -3.653E+00 -4.287E+00 -3.298E+00
  7.5472500E+03 -4.300E+00 -4.647E+00 -2.143E+00
  7.5477500E+03 -4.029E+00 -4.267E+00 -1.598E+00
  7.5482500E+03 -3.694E+00 -3.963E+00 -1.723E+00
  7.5487500E+03 -3.598E+00 -3.699E+00 -1.334E+00
  7.5492500E+03 -3.397E+00 -3.704E+00 -2.032E+00
  7.5497500E+03 -4.354E+00 -4.862E+00 -2.777E+00
  7.5502500E+03 -4.060E+00 -4.242E+00 -1.456E+00
  7.5507500E+03 -3.577E+00 -3.902E+00 -1.868E+00
  7.5512500E+03 -3.648E+00 -3.811E+00 -1.257E+00
  7.5517500E+03 -3.115E+00 -3.819E+00 -3.495E+00
  7.5522500E+03 -3.950E+00 -4.208E+00 -1.820E+00
  7.5527500E+03 -3.872E+00 -4.062E+00 -1.760E+00
  7.5532500E+03 -4.054E+00 -4.668E+00 -2.807E+00
  7.5537500E+03 -3.397E+00 -3.886E+00 -2.539E+00
  7.5542500E+03 -3.804E+00 -3.923E+00 -1.148E+00
  7.5547500E+03 -4.135E+00 -4.515E+00 -2.206E+00
  7.5552500E+03 -3.626E+00 -3.797E+00 -1.469E+00
  7.5557500E+03 -3.593E+00 -3.936E+00 -2.058E+00
  7.5562500E+03 -3.845E+00 -4.098E+00 -1.768E+00
  7.5567500E+03 -3.162E+00 -3.435E+00 -1.749E+00
  7.5572500E+03 -3.313E+00 -3.558E+00 -1.573E+00
  7.5577500E+03 -3.097E+00 -3.203E+00 -7.353E-01
  7.5582500E+03 -4.060E+00 -4.202E+00 -1.492E+00
  7.5587500E+03 -3.515E+00 -3.978E+00 -2.567E+00
  7.5592500E+03 -2.263E+00 -2.746E+00 -2.633E+00
  7.5597500E+03 -2.653E+00 -2.977E+00 -2.010E+00
  7.5602500E+03 -4.320E+00 -4.526E+00 -1.627E+00
  7.5607500E+03 -4.137E+00 -4.330E+00 -1.463E+00
  7.5612500E+03 -3.753E+00 -3.904E+00 -1.284E+00
  7.5617500E+03 -3.686E+00 -3.860E+00 -1.299E+00
  7.5622500E+03 -3.068E+00 -3.504E+00 -2.232E+00
  7.5627500E+03 -3.391E+00 -3.680E+00 -1.970E+00
  7.5632500E+03 -3.722E+00 -3.980E+00 -1.714E+00
  7.5637500E+03 -3.292E+00 -3.821E+00 -2.734E+00
  7.5642500E+03 -3.548E+00 -3.948E+00 -2.313E+00
  7.5647500E+03 -3.808E+00 -3.801E+00 -6.864E-01
  7.5652500E+03 -4.017E+00 -4.307E+00 -1.814E+00
  7.5657500E+03 -3.491E+00 -3.959E+00 -2.392E+00
  7.5662500E+03 -4.657E+00 -4.720E+00 -1.207E+00
  7.5667500E+03 -3.408E+00 -3.735E+00 -2.080E+00
  7.5672500E+03 -3.346E+00 -3.707E+00 -2.033E+00
  7.5677500E+03 -2.752E+00 -3.223E+00 -2.258E+00
  7.5682500E+03 -3.000E+00 -3.413E+00 -2.200E+00
  7.5687500E+03 -3.513E+00 -3.821E+00 -1.836E+00
  7.5692500E+03 -3.614E+00 -3.828E+00 -1.590E+00
  7.5697500E+03 -4.047E+00 -4.215E+00 -1.509E+00
  7.5702500E+03 -3.610E+00 -3.705E+00 -1.159E+00
  7.5707500E+03 -3.853E+00 -4.145E+00 -1.907E+00
  7.5712500E+03 -3.508E+00 -3.677E+00 -1.546E+00
  7.5717500E+03 -3.010E+00 -3.239E+00 -1.594E+00
  7.5722500E+03 -3.869E+00 -4.103E+00 -1.485E+00
  7.5727500E+03 -3.469E+00 -3.813E+00 -2.032E+00
  7.5732500E+03 -3.327E+00 -3.736E+00 -2.326E+00
  7.5737500E+03 -2.807E+00 -3.045E+00 -1.543E+00
  7.5742500E+03 -3.673E+00 -3.695E+00 -7.823E-01
  7.5747500E+03 -2.768E+00 -2.999E+00 -1.646E+00
  7.5752500E+03 -3.147E+00 -3.306E+00 -1.260E+00
  7.5757500E+03 -3.229E+00 -3.676E+00 -2.336E+00
  7.5762500E+03 -3.253E+00 -3.623E+00 -2.094E+00
  7.5767500E+03 -3.176E+00 -3.326E+00 -1.338E+00
  7.5772500E+03 -2.883E+00 -3.096E+00 -1.151E+00
  7.5777500E+03 -3.648E+00 -3.881E+00 -1.607E+00
  7.5782500E+03 -3.068E+00 -3.294E+00 -1.601E+00
  7.5787500E+03 -3.213E+00 -3.414E+00 -1.546E+00
  7.5792500E+03 -3.621E+00 -4.109E+00 -2.694E+00
  7.5797500E+03 -3.004E+00 -3.321E+00 -1.918E+00
  7.5802500E+03 -3.528E+00 -3.831E+00 -1.937E+00
  7.5807500E+03 -3.525E+00 -3.654E+00 -1.257E+00
  7.5812500E+03 -3.063E+00 -3.294E+00 -1.516E+00
  7.5817500E+03 -3.282E+00 -3.513E+00 -1.551E+00
  7.5822500E+03 -3.611E+00 -3.855E+00 -1.614E+00
  7.5827500E+03 -3.029E+00 -3.452E+00 -2.501E+00
  7.5832500E+03 -3.344E+00 -3.708E+00 -1.906E+00
  7.5837500E+03 -2.577E+00 -2.984E+00 -2.186E+00
  7.5842500E+03 -2.697E+00 -2.838E+00 -9.891E-01
  7.5847500E+03 -3.287E+00 -3.286E+00 -6.201E-01
  7.5852500E+03 -3.305E+00 -3.526E+00 -1.573E+00
  7.5857500E+03 -2.980E+00 -3.396E+00 -2.197E+00
  7.5862500E+03 -3.083E+00 -3.525E+00 -2.494E+00
  7.5867500E+03 -3.331E+00 -3.571E+00 -1.642E+00
  7.5872500E+03 -3.194E+00 -3.466E+00 -1.621E+00
  7.5877500E+03 -3.497E+00 -3.680E+00 -1.467E+00
  7.5882500E+03 -3.448E+00 -3.678E+00 -1.579E+00
  7.5887500E+03 -2.456E+00 -2.701E+00 -1.587E+00
  7.5892500E+03 -2.786E+00 -3.329E+00 -2.685E+00
  7.5897500E+03 -2.930E+00 -3.199E+00 -1.685E+00
  7.5902500E+03 -2.333E+00 -2.597E+00 -1.521E+00
  7.5907500E+03 -2.702E+00 -2.999E+00 -1.767E+00
  7.5912500E+03 -4.191E+00 -4.358E+00 -1.450E+00
  7.5917500E+03 -2.946E+00 -3.246E+00 -1.730E+00
  7.5922500E+03 -2.780E+00 -2.767E+00 -5.929E-01
  7.5927500E+03 -3.260E+00 -3.353E+00 -1.008E+00
  7.5932500E+03 -3.494E+00 -3.608E+00 -1.134E+00
  7.5937500E+03 -2.839E+00 -3.019E+00 -1.119E+00
  7.5942500E+03 -2.327E+00 -2.440E+00 -9.620E-01
  7.5947500E+03 -2.591E+00 -2.825E+00 -1.536E+00
  7.5952500E+03 -3.260E+00 -3.624E+00 -2.071E+00
  7.5957500E+03 -2.609E+00 -2.975E+00 -2.050E+00
  7.5962500E+03 -3.154E+00 -3.559E+00 -2.162E+00
  7.5967500E+03 -4.002E+00 -4.411E+00 -2.187E+00
  7.5972500E+03 -2.957E+00 -3.170E+00 -1.501E+00
  7.5977500E+03 -3.742E+00 -3.900E+00 -1.393E+00
  7.5982500E+03 -3.567E+00 -3.607E+00 -7.683E-01
  7.5987500E+03 -3.408E+00 -3.394E+00 -6.215E-01
  7.5992500E+03 -2.658E+00 -2.830E+00 -1.263E+00
  7.5997500E+03 -2.505E+00 -2.706E+00 -1.440E+00
  7.6002500E+03 -2.791E+00 -3.279E+00 -2.518E+00
  7.6007500E+03 -2.790E+00 -3.193E+00 -2.107E+00
  7.6012500E+03 -3.091E+00 -3.307E+00 -1.355E+00
  7.6017500E+03 -3.046E+00 -3.400E+00 -2.122E+00
  7.6022500E+03 -2.839E+00 -3.127E+00 -1.891E+00
  7.6027500E+03 -3.585E+00 -3.698E+00 -1.051E+00
  7.6032500E+03 -2.419E+00 -2.717E+00 -1.539E+00
  7.6037500E+03 -1.940E+00 -2.211E+00 -1.529E+00
  7.6042500E+03 -3.298E+00 -3.565E+00 -1.765E+00
  7.6047500E+03 -3.974E+00 -4.120E+00 -1.230E+00
  7.6052500E+03 -3.403E+00 -3.621E+00 -1.547E+00
  7.6057500E+03 -3.007E+00 -3.378E+00 -2.205E+00
  7.6062500E+03 -3.010E+00 -3.391E+00 -1.826E+00
  7.6067500E+03 -3.421E+00 -3.735E+00 -1.799E+00
  7.6072500E+03 -2.956E+00 -3.384E+00 -2.172E+00
  7.6077500E+03 -2.682E+00 -2.879E+00 -1.373E+00
  7.6082500E+03 -2.867E+00 -3.182E+00 -1.938E+00
  7.6087500E+03 -3.336E+00 -3.540E+00 -1.439E+00
  7.6092500E+03 -2.782E+00 -2.861E+00 -9.667E-01
  7.6097500E+03 -2.810E+00 -3.020E+00 -1.272E+00
  7.6102500E+03 -2.845E+00 -2.787E+00 -4.857E-01
  7.6107500E+03 -2.200E+00 -2.270E+00 -8.508E-01
  7.6112500E+03 -3.069E+00 -3.526E+00 -2.244E+00
  7.6117500E+03 -3.606E+00 -3.630E+00 -7.061E-01
  7.6122500E+03 -3.301E+00 -3.522E+00 -1.421E+00
  7.6127500E+03 -3.072E+00 -3.210E+00 -1.166E+00
  7.6132500E+03 -2.349E+00 -2.649E+00 -1.749E+00
  7.6137500E+03 -2.183E+00 -2.502E+00 -1.839E+00
  7.6142500E+03 -2.144E+00 -2.413E+00 -1.623E+00
  7.6147500E+03 -3.523E+00 -3.621E+00 -8.355E-01
  7.6152500E+03 -2.534E+00 -2.753E+00 -1.411E+00
  7.6157500E+03 -2.740E+00 -2.785E+00 -7.657E-01
  7.6162500E+03 -2.523E+00 -2.624E+00 -1.056E+00
  7.6167500E+03 -2.962E+00 -3.158E+00 -1.318E+00
  7.6172500E+03 -3.263E+00 -3.622E+00 -1.880E+00
  7.6177500E+03 -2.904E+00 -3.158E+00 -1.531E+00
  7.6182500E+03 -2.349E+00 -2.932E+00 -2.622E+00
  7.6187500E+03 -2.496E+00 -2.793E+00 -1.713E+00
  7.6192500E+03 -2.819E+00 -3.061E+00 -1.510E+00
  7.6197500E+03 -3.000E+00 -3.244E+00 -1.604E+00
  7.6202500E+03 -2.854E+00 -3.198E+00 -1.748E+00
  7.6207500E+03 -2.543E+00 -2.940E+00 -2.097E+00
  7.6212500E+03 -2.496E+00 -2.437E+00 -4.301E-01
  7.6217500E+03 -2.862E+00 -3.100E+00 -1.240E+00
  7.6222500E+03 -2.968E+00 -3.431E+00 -2.385E+00
  7.6227500E+03 -3.144E+00 -3.214E+00 -8.574E-01
  7.6232500E+03 -2.703E+00 -2.999E+00 -1.756E+00
  7.6237500E+03 -2.872E+00 -2.972E+00 -9.927E-01
  7.6242500E+03 -2.117E+00 -2.477E+00 -1.752E+00
  7.6247500E+03 -2.337E+00 -2.653E+00 -1.762E+00
  7.6252500E+03 -2.650E+00 -2.698E+00 -6.067E-01
  7.6257500E+03 -2.450E+00 -2.574E+00 -1.120E+00
  7.6262500E+03 -2.823E+00 -3.093E+00 -1.482E+00
  7.6267500E+03 -2.385E+00 -2.706E+00 -1.741E+00
  7.6272500E+03 -2.661E+00 -2.800E+00 -1.013E+00
  7.6277500E+03 -2.451E+00 -2.711E+00 -1.630E+00
  7.6282500E+03 -3.183E+00 -3.441E+00 -1.599E+00
  7.6287500E+03 -2.448E+00 -2.695E+00 -1.531E+00
  7.6292500E+03 -1.822E+00 -1.999E+00 -1.188E+00
  7.6297500E+03 -2.255E+00 -2.351E+00 -8.730E-01
  7.6302500E+03 -3.064E+00 -3.156E+00 -9.261E-01
  7.6307500E+03 -2.618E+00 -3.032E+00 -2.060E+00
  7.6312500E+03 -3.062E+00 -3.265E+00 -1.441E+00
  7.6317500E+03 -2.812E+00 -2.888E+00 -8.701E-01
  7.6322500E+03 -2.285E+00 -2.277E+00 -5.331E-01
  7.6327500E+03 -2.930E+00 -3.036E+00 -1.010E+00
  7.6332500E+03 -2.373E+00 -2.650E+00 -1.635E+00
  7.6337500E+03 -2.498E+00 -2.882E+00 -2.189E+00
  7.6342500E+03 -2.429E+00 -2.847E+00 -2.247E+00
  7.6347500E+03 -2.848E+00 -3.119E+00 -1.589E+00
  7.6352500E+03 -2.646E+00 -2.827E+00 -1.251E+00
  7.6357500E+03 -2.484E+00 -2.581E+00 -7.864E-01
  7.6362500E+03 -2.584E+00 -2.903E+00 -1.666E+00
  7.6367500E+03 -3.097E+00 -3.162E+00 -8.090E-01
  7.6372500E+03 -3.220E+00 -3.410E+00 -1.359E+00
  7.6377500E+03 -1.949E+00 -2.199E+00 -1.417E+00
  7.6382500E+03 -2.496E+00 -2.717E+00 -1.289E+00
  7.6387500E+03 -2.162E+00 -2.572E+00 -2.123E+00
  7.6392500E+03 -2.757E+00 -2.938E+00 -1.283E+00
  7.6397500E+03 -2.383E+00 -2.535E+00 -1.222E+00
  7.6402500E+03 -2.604E+00 -2.860E+00 -1.373E+00
  7.6407500E+03 -2.230E+00 -2.144E+00 -1.666E-01
  7.6412500E+03 -2.352E+00 -2.417E+00 -7.100E-01
  7.6417500E+03 -2.850E+00 -3.249E+00 -1.981E+00
  7.6422500E+03 -2.619E+00 -2.864E+00 -1.407E+00
  7.6427500E+03 -2.193E+00 -2.219E+00 -6.469E-01
  7.6432500E+03 -3.021E+00 -3.026E+00 -7.525E-01
  7.6437500E+03 -1.714E+00 -1.951E+00 -1.349E+00
  7.6442500E+03 -2.567E+00 -2.860E+00 -1.571E+00
  7.6447500E+03 -2.763E+00 -2.963E+00 -1.293E+00
  7.6452500E+03 -2.056E+00 -2.307E+00 -1.419E+00
  7.6457500E+03 -2.272E+00 -2.593E+00 -1.730E+00
  7.6462500E+03 -2.560E+00 -2.896E+00 -1.935E+00
  7.6467500E+03 -2.751E+00 -3.036E+00 -1.710E+00
  7.6472500E+03 -2.066E+00 -2.196E+00 -9.767E-01
  7.6477500E+03 -2.160E+00 -2.225E+00 -8.259E-01
  7.6482500E+03 -2.332E+00 -2.565E+00 -1.311E+00
  7.6487500E+03 -2.736E+00 -3.050E+00 -1.939E+00
  7.6492500E+03 -2.294E+00 -2.522E+00 -1.426E+00
  7.6497500E+03 -2.347E+00 -2.466E+00 -3.579E-01
  7.6502500E+03 -2.730E+00 -2.808E+00 -1.277E+00
  7.6507500E+03 -2.185E+00 -2.482E+00 -1.629E+00
  7.6512500E+03 -2.976E+00 -3.240E+00 -1.683E+00
  7.6517500E+03 -2.384E+00 -2.441E+00 -8.090E-01
  7.6522500E+03 -2.494E+00 -2.501E+00 -2.876E-01
  7.6527500E+03 -2.437E+00 -2.637E+00 -1.295E+00
  7.6532500E+03 -2.386E+00 -2.490E+00 -1.034E+00
  7.6537500E+03 -2.274E+00 -2.380E+00 -9.354E-01
  7.6542500E+03 -2.945E+00 -3.056E+00 -1.118E+00
  7.6547500E+03 -2.143E+00 -2.416E+00 -1.340E+00
  7.6552500E+03 -1.842E+00 -2.032E+00 -1.057E+00
  7.6557500E+03 -2.407E+00 -2.679E+00 -1.664E+00
  7.6562500E+03 -1.830E+00 -1.954E+00 -8.459E-01
  7.6567500E+03 -2.105E+00 -2.264E+00 -1.163E+00
  7.6572500E+03 -3.331E+00 -3.377E+00 -7.838E-01
  7.6577500E+03 -2.228E+00 -2.437E+00 -1.331E+00
  7.6582500E+03 -2.461E+00 -2.587E+00 -1.018E+00
  7.6587500E+03 -2.261E+00 -2.413E+00 -9.741E-01
  7.6592500E+03 -1.927E+00 -2.149E+00 -1.153E+00
  7.6597500E+03 -2.132E+00 -2.525E+00 -2.064E+00
  7.6602500E+03 -2.012E+00 -2.145E+00 -9.134E-01
  7.6607500E+03 -1.864E+00 -1.798E+00  3.620E-02
  7.6612500E+03 -2.497E+00 -2.729E+00 -1.417E+00
  7.6617500E+03 -3.026E+00 -3.245E+00 -1.449E+00
  7.6622500E+03 -1.760E+00 -2.068E+00 -1.644E+00
  7.6627500E+03 -1.757E+00 -1.940E+00 -1.158E+00
  7.6632500E+03 -2.209E+00 -2.475E+00 -1.537E+00
  7.6637500E+03 -2.803E+00 -2.976E+00 -1.328E+00
  7.6642500E+03 -2.913E+00 -3.039E+00 -8.617E-01
  7.6647500E+03 -2.735E+00 -2.845E+00 -9.988E-01
  7.6652500E+03 -1.956E+00 -2.147E+00 -1.231E+00
  7.6657500E+03 -2.765E+00 -2.896E+00 -1.023E+00
  7.6662500E+03 -2.461E+00 -2.638E+00 -1.152E+00
  7.6667500E+03 -2.084E+00 -2.336E+00 -1.474E+00
  7.6672500E+03 -1.901E+00 -2.104E+00 -1.185E+00
  7.6677500E+03 -1.560E+00 -1.777E+00 -1.147E+00
  7.6682500E+03 -1.962E+00 -2.127E+00 -1.023E+00
  7.6687500E+03 -2.045E+00 -2.107E+00 -7.816E-01
  7.6692500E+03 -2.600E+00 -2.710E+00 -8.971E-01
  7.6697500E+03 -3.289E+00 -3.318E+00 -5.826E-01
  7.6702500E+03 -1.809E+00 -2.193E+00 -1.824E+00
  7.6707500E+03 -1.972E+00 -2.178E+00 -1.031E+00
  7.6712500E+03 -2.194E+00 -2.473E+00 -1.533E+00
  7.6717500E+03 -1.699E+00 -1.860E+00 -1.131E+00
  7.6722500E+03 -2.095E+00 -2.387E+00 -1.775E+00
  7.6727500E+03 -2.384E+00 -2.413E+00 -6.841E-01
  7.6732500E+03 -2.616E+00 -2.808E+00 -1.146E+00
  7.6737500E+03 -2.454E+00 -2.358E+00 -1.677E-01
  7.6742500E+03 -2.485E+00 -2.654E+00 -1.280E+00
  7.6747500E+03 -2.601E+00 -2.641E+00 -6.485E-01
  7.6752500E+03 -2.008E+00 -2.244E+00 -1.407E+00
  7.6757500E+03 -1.613E+00 -2.002E+00 -1.782E+00
  7.6762500E+03 -1.970E+00 -2.153E+00 -1.105E+00
  7.6767500E+03 -2.313E+00 -2.687E+00 -1.979E+00
  7.6772500E+03 -2.548E+00 -2.831E+00 -1.716E+00
  7.6777500E+03 -1.839E+00 -2.073E+00 -1.337E+00
  7.6782500E+03 -1.622E+00 -1.710E+00 -6.261E-01
  7.6787500E+03 -1.932E+00 -2.210E+00 -1.401E+00
  7.6792500E+03 -2.047E+00 -2.431E+00 -1.880E+00
  7.6797500E+03 -1.629E+00 -1.916E+00 -1.767E+00
  7.6802500E+03 -2.338E+00 -2.280E+00 -1.611E-01
  7.6807500E+03 -2.159E+00 -2.252E+00 -4.948E-01
  7.6812500E+03 -2.200E+00 -2.116E+00  5.912E-02
  7.6817500E+03 -2.186E+00 -2.321E+00 -1.182E+00
  7.6822500E+03 -2.308E+00 -2.457E+00 -9.923E-01
  7.6827500E+03 -2.727E+00 -3.000E+00 -1.213E+00
  7.6832500E+03 -2.264E+00 -2.340E+00 -9.185E-01
  7.6837500E+03 -1.817E+00 -2.013E+00 -1.239E+00
  7.6842500E+03 -1.913E+00 -2.227E+00 -1.830E+00
  7.6847500E+03 -2.188E+00 -2.212E+00 -6.437E-01
  7.6852500E+03 -1.752E+00 -1.897E+00 -8.388E-01
  7.6857500E+03 -1.912E+00 -2.094E+00 -8.708E-01
  7.6862500E+03 -1.823E+00 -2.105E+00 -1.271E+00
  7.6867500E+03 -1.631E+00 -1.748E+00 -7.720E-01
  7.6872500E+03 -1.905E+00 -2.229E+00 -1.500E+00
  7.6877500E+03 -1.737E+00 -2.056E+00 -1.641E+00
  7.6882500E+03 -2.065E+00 -2.295E+00 -1.492E+00
  7.6887500E+03 -2.280E+00 -2.479E+00 -1.426E+00
  7.6892500E+03 -1.727E+00 -1.880E+00 -8.983E-01
  7.6897500E+03 -2.312E+00 -2.427E+00 -7.134E-01
  7.6902500E+03 -2.619E+00 -2.707E+00 -8.130E-01
  7.6907500E+03 -1.795E+00 -1.941E+00 -1.184E+00
  7.6912500E+03 -2.318E+00 -2.352E+00 -8.169E-01
  7.6917500E+03 -2.076E+00 -2.328E+00 -1.425E+00
  7.6922500E+03 -2.369E+00 -2.584E+00 -1.180E+00
  7.6927500E+03 -1.866E+00 -2.083E+00 -1.307E+00
  7.6932500E+03 -1.729E+00 -1.884E+00 -1.279E+00
  7.6937500E+03 -2.007E+00 -1.974E+00 -2.828E-01
  7.6942500E+03 -2.544E+00 -2.590E+00 -6.490E-01
  7.6947500E+03 -2.005E+00 -2.284E+00 -1.467E+00
  7.6952500E+03 -1.894E+00 -2.133E+00 -1.340E+00
  7.6957500E+03 -1.740E+00 -1.817E+00 -7.252E-01
  7.6962500E+03 -2.625E+00 -2.891E+00 -1.642E+00
  7.6967500E+03 -2.008E+00 -2.382E+00 -1.816E+00
  7.6972500E+03 -2.129E+00 -2.349E+00 -1.180E+00
  7.6977500E+03 -2.128E+00 -2.123E+00 -4.203E-01
  7.6982500E+03 -1.647E+00 -1.853E+00 -1.228E+00
  7.6987500E+03 -2.436E+00 -2.712E+00 -1.543E+00
  7.6992500E+03 -1.888E+00 -2.145E+00 -1.560E+00
  7.6997500E+03 -1.449E+00 -1.646E+00 -1.162E+00
  7.7002500E+03 -1.135E+00 -1.287E+00 -8.906E-01
  7.7007500E+03 -1.744E+00 -1.869E+00 -7.768E-01
  7.7012500E+03 -2.290E+00 -2.479E+00 -1.032E+00
  7.7017500E+03 -1.641E+00 -1.811E+00 -1.213E+00
  7.7022500E+03 -1.786E+00 -2.099E+00 -1.647E+00
  7.7027500E+03 -2.121E+00 -2.221E+00 -8.737E-01
  7.7032500E+03 -2.004E+00 -2.153E+00 -8.535E-01
  7.7037500E+03 -1.670E+00 -1.728E+00 -7.658E-01
  7.7042500E+03 -1.795E+00 -1.872E+00 -7.253E-01
  7.7047500E+03 -2.557E+00 -2.447E+00 -1.327E-01
  7.7052500E+03 -1.964E+00 -2.119E+00 -1.103E+00
  7.7057500E+03 -1.687E+00 -1.850E+00 -9.415E-01
  7.7062500E+03 -2.076E+00 -2.183E+00 -7.122E-01
  7.7067500E+03 -1.765E+00 -1.964E+00 -1.236E+00
  7.7072500E+03 -1.706E+00 -1.892E+00 -1.189E+00
  7.7077500E+03 -2.261E+00 -2.422E+00 -1.068E+00
  7.7082500E+03 -1.688E+00 -1.893E+00 -1.192E+00
  7.7087500E+03 -1.885E+00 -1.966E+00 -6.277E-01
  7.7092500E+03 -2.077E+00 -2.063E+00 -3.576E-01
  7.7097500E+03 -1.883E+00 -2.046E+00 -8.648E-01
  7.7102500E+03 -1.586E+00 -1.854E+00 -1.315E+00
  7.7107500E+03 -1.840E+00 -2.019E+00 -1.071E+00
  7.7112500E+03 -2.091E+00 -2.181E+00 -9.370E-01
  7.7117500E+03 -1.857E+00 -2.054E+00 -1.205E+00
  7.7122500E+03 -1.724E+00 -1.863E+00 -8.726E-01
  7.7127500E+03 -1.786E+00 -1.983E+00 -1.094E+00
  7.7132500E+03 -1.943E+00 -2.385E+00 -1.972E+00
  7.7137500E+03 -1.252E+00 -1.369E+00 -1.062E+00
  7.7142500E+03 -1.336E+00 -1.431E+00 -6.692E-01
  7.7147500E+03 -1.867E+00 -1.897E+00 -4.060E-01
  7.7152500E+03 -2.175E+00 -2.419E+00 -1.355E+00
  7.7157500E+03 -1.749E+00 -1.874E+00 -9.637E-01
  7.7162500E+03 -1.433E+00 -1.467E+00 -5.875E-01
  7.7167500E+03 -1.601E+00 -1.820E+00 -1.106E+00
  7.7172500E+03 -1.540E+00 -1.620E+00 -5.963E-01
  7.7177500E+03 -1.498E+00 -1.621E+00 -6.829E-01
  7.7182500E+03 -2.104E+00 -2.139E+00 -5.397E-01
  7.7187500E+03 -2.023E+00 -2.073E+00 -8.590E-01
  7.7192500E+03 -1.859E+00 -2.140E+00 -1.549E+00
  7.7197500E+03 -1.711E+00 -1.918E+00 -1.125E+00
  7.7202500E+03 -1.708E+00 -1.885E+00 -1.080E+00
  7.7207500E+03 -1.612E+00 -1.836E+00 -1.230E+00
  7.7212500E+03 -1.520E+00 -1.755E+00 -1.334E+00
  7.7217500E+03 -1.507E+00 -1.729E+00 -1.139E+00
  7.7222500E+03 -2.017E+00 -2.141E+00 -9.116E-01
  7.7227500E+03 -1.719E+00 -1.935E+00 -1.117E+00
  7.7232500E+03 -1.685E+00 -1.969E+00 -1.442E+00
  7.7237500E+03 -1.615E+00 -1.946E+00 -1.800E+00
  7.7242500E+03 -1.956E+00 -2.170E+00 -1.204E+00
  7.7247500E+03 -2.090E+00 -2.245E+00 -9.376E-01
  7.7252500E+03 -1.639E+00 -1.698E+00 -5.862E-01
  7.7257500E+03 -1.643E+00 -1.785E+00 -9.276E-01
  7.7262500E+03 -1.530E+00 -1.836E+00 -1.399E+00
  7.7267500E+03 -1.709E+00 -1.865E+00 -8.228E-01
  7.7272500E+03 -1.859E+00 -1.855E+00 -3.650E-01
  7.7277500E+03 -1.994E+00 -1.976E+00 -3.059E-01
  7.7282500E+03 -1.969E+00 -2.130E+00 -1.092E+00
  7.7287500E+03 -1.616E+00 -1.682E+00 -6.350E-01
  7.7292500E+03 -1.758E+00 -1.740E+00 -2.628E-01
  7.7297500E+03 -2.173E+00 -2.096E+00 -1.155E-01
  7.7302500E+03 -1.898E+00 -2.042E+00 -1.061E+00
  7.7307500E+03 -2.125E+00 -2.324E+00 -1.105E+00
  7.7312500E+03 -1.981E+00 -2.108E+00 -7.196E-01
  7.7317500E+03 -2.131E+00 -2.283E+00 -1.172E+00
  7.7322500E+03 -1.269E+00 -1.322E+00 -7.149E-01
  7.7327500E+03 -1.705E+00 -1.825E+00 -6.947E-01
  7.7332500E+03 -1.699E+00 -1.990E+00 -1.452E+00
  7.7337500E+03 -1.600E+00 -1.792E+00 -1.066E+00
  7.7342500E+03 -1.921E+00 -2.045E+00 -1.014E+00
  7.7347500E+03 -1.622E+00 -1.936E+00 -1.617E+00
  7.7352500E+03 -1.880E+00 -2.080E+00 -1.008E+00
  7.7357500E+03 -2.071E+00 -2.265E+00 -1.095E+00
  7.7362500E+03 -1.548E+00 -1.582E+00 -4.275E-01
  7.7367500E+03 -1.356E+00 -1.536E+00 -9.967E-01
  7.7372500E+03 -1.373E+00 -1.527E+00 -9.468E-01
  7.7377500E+03 -1.707E+00 -1.824E+00 -8.712E-01
  7.7382500E+03 -1.851E+00 -1.988E+00 -8.516E-01
  7.7387500E+03 -2.040E+00 -2.090E+00 -7.170E-01
  7.7392500E+03 -1.933E+00 -2.072E+00 -8.544E-01
  7.7397500E+03 -1.765E+00 -1.840E+00 -4.629E-01
  7.7402500E+03 -1.377E+00 -1.539E+00 -1.005E+00
  7.7407500E+03 -1.418E+00 -1.537E+00 -8.980E-01
  7.7412500E+03 -1.385E+00 -1.516E+00 -7.171E-01
  7.7417500E+03 -1.569E+00 -1.648E+00 -8.078E-01
  7.7422500E+03 -1.974E+00 -1.972E+00 -5.374E-01
  7.7427500E+03 -1.185E+00 -1.333E+00 -9.213E-01
  7.7432500E+03 -1.935E+00 -1.951E+00 -2.743E-01
  7.7437500E+03 -1.597E+00 -1.593E+00 -2.640E-01
  7.7442500E+03 -1.672E+00 -1.888E+00 -1.249E+00
  7.7447500E+03 -1.438E+00 -1.626E+00 -1.099E+00
  7.7452500E+03 -2.076E+00 -2.127E+00 -5.212E-01
  7.7457500E+03 -1.651E+00 -1.805E+00 -9.577E-01
  7.7462500E+03 -1.318E+00 -1.347E+00 -6.809E-01
  7.7467500E+03 -1.433E+00 -1.646E+00 -1.199E+00
  7.7472500E+03 -1.164E+00 -1.385E+00 -9.646E-01
  7.7477500E+03 -9.951E-01 -1.059E+00 -5.052E-01
  7.7482500E+03 -1.635E+00 -1.808E+00 -9.141E-01
  7.7487500E+03 -1.606E+00 -1.868E+00 -1.266E+00
  7.7492500E+03 -1.194E+00 -1.469E+00 -1.479E+00
  7.7497500E+03 -1.542E+00 -1.586E+00 -6.569E-01
  7.7502500E+03 -1.740E+00 -1.877E+00 -7.707E-01
  7.7507500E+03 -1.628E+00 -1.677E+00 -4.056E-01
  7.7512500E+03 -1.927E+00 -1.962E+00 -3.927E-01
  7.7517500E+03 -1.439E+00 -1.635E+00 -9.981E-01
  7.7522500E+03 -1.696E+00 -1.773E+00 -4.837E-01
  7.7527500E+03 -1.281E+00 -1.383E+00 -7.333E-01
  7.7532500E+03 -1.435E+00 -1.545E+00 -9.489E-01
  7.7537500E+03 -1.865E+00 -2.062E+00 -8.573E-01
  7.7542500E+03 -1.338E+00 -1.428E+00 -6.318E-01
  7.7547500E+03 -1.446E+00 -1.497E+00 -5.747E-01
  7.7552500E+03 -1.510E+00 -1.796E+00 -1.265E+00
  7.7557500E+03 -2.257E+00 -2.464E+00 -9.251E-01
  7.7562500E+03 -1.294E+00 -1.560E+00 -1.297E+00
  7.7567500E+03 -1.561E+00 -1.680E+00 -7.870E-01
  7.7572500E+03 -1.878E+00 -2.071E+00 -1.139E+00
  7.7577500E+03 -1.289E+00 -1.544E+00 -1.478E+00
  7.7582500E+03 -1.292E+00 -1.296E+00 -4.300E-01
  7.7587500E+03 -7.929E-01 -9.022E-01 -6.482E-01
  7.7592500E+03 -1.268E+00 -1.396E+00 -7.049E-01
  7.7597500E+03 -1.517E+00 -1.631E+00 -8.691E-01
  7.7602500E+03 -1.555E+00 -1.764E+00 -1.168E+00
  7.7607500E+03 -1.924E+00 -1.876E+00 -3.132E-02
  7.7612500E+03 -1.459E+00 -1.509E+00 -5.967E-01
  7.7617500E+03 -1.414E+00 -1.439E+00 -4.350E-01
  7.7622500E+03 -1.773E+00 -1.905E+00 -9.174E-01
  7.7627500E+03 -1.658E+00 -1.695E+00 -3.020E-01
  7.7632500E+03 -1.235E+00 -1.327E+00 -7.053E-01
  7.7637500E+03 -1.349E+00 -1.396E+00 -5.209E-01
  7.7642500E+03 -1.911E+00 -1.996E+00 -8.547E-01
  7.7647500E+03 -1.628E+00 -1.619E+00 -3.987E-01
  7.7652500E+03 -1.594E+00 -1.636E+00 -3.079E-01
  7.7657500E+03 -1.346E+00 -1.493E+00 -8.837E-01
  7.7662500E+03 -1.142E+00 -1.337E+00 -1.016E+00
  7.7667500E+03 -1.148E+00 -1.203E+00 -3.693E-01
  7.7672500E+03 -1.742E+00 -1.950E+00 -1.179E+00
  7.7677500E+03 -1.643E+00 -1.782E+00 -9.151E-01
  7.7682500E+03 -1.688E+00 -1.758E+00 -6.014E-01
  7.7687500E+03 -1.351E+00 -1.431E+00 -6.163E-01
  7.7692500E+03 -1.274E+00 -1.515E+00 -1.267E+00
  7.7697500E+03 -1.170E+00 -1.147E+00 -6.910E-02
  7.7702500E+03 -1.965E+00 -2.047E+00 -8.296E-01
  7.7707500E+03 -2.005E+00 -2.318E+00 -1.602E+00
  7.7712500E+03 -1.904E+00 -2.056E+00 -7.666E-01
  7.7717500E+03 -1.852E+00 -2.029E+00 -9.740E-01
  7.7722500E+03 -1.176E+00 -1.154E+00 -1.896E-01
  7.7727500E+03 -1.622E+00 -1.622E+00 -2.373E-01
  7.7732500E+03 -1.283E+00 -1.406E+00 -8.792E-01
  7.7737500E+03 -1.197E+00 -1.404E+00 -9.945E-01
  7.7742500E+03 -1.531E+00 -1.689E+00 -8.794E-01
  7.7747500E+03 -1.625E+00 -1.891E+00 -1.192E+00
  7.7752500E+03 -1.332E+00 -1.421E+00 -6.394E-01
  7.7757500E+03 -1.486E+00 -1.670E+00 -9.955E-01
  7.7762500E+03 -9.153E-01 -1.236E+00 -1.595E+00
  7.7767500E+03 -1.759E+00 -1.733E+00 -3.852E-01
  7.7772500E+03 -1.454E+00 -1.510E+00 -5.354E-01
  7.7777500E+03 -1.108E+00 -1.325E+00 -1.148E+00
  7.7782500E+03 -1.492E+00 -1.734E+00 -1.234E+00
  7.7787500E+03 -1.458E+00 -1.677E+00 -1.051E+00
  7.7792500E+03 -1.326E+00 -1.501E+00 -1.013E+00
  7.7797500E+03 -1.448E+00 -1.567E+00 -7.122E-01
  7.7802500E+03 -8.963E-01 -9.199E-01 -3.941E-01
  7.7807500E+03 -1.719E+00 -1.816E+00 -7.765E-01
  7.7812500E+03 -1.059E+00 -1.230E+00 -9.633E-01
  7.7817500E+03 -2.092E+00 -2.033E+00 -1.067E-01
  7.7822500E+03 -1.925E+00 -1.910E+00 -1.503E-01
  7.7827500E+03 -1.624E+00 -1.650E+00 -6.718E-01
  7.7832500E+03 -1.404E+00 -1.566E+00 -1.117E+00
  7.7837500E+03 -1.274E+00 -1.479E+00 -1.296E+00
  7.7842500E+03 -1.009E+00 -1.230E+00 -1.184E+00
  7.7847500E+03 -1.578E+00 -1.711E+00 -8.551E-01
  7.7852500E+03 -1.145E+00 -1.140E+00 -2.169E-01
  7.7857500E+03 -1.595E+00 -1.568E+00 -3.016E-01
  7.7862500E+03 -1.462E+00 -1.664E+00 -1.284E+00
  7.7867500E+03 -1.240E+00 -1.343E+00 -5.850E-01
  7.7872500E+03 -1.172E+00 -1.269E+00 -6.805E-01
  7.7877500E+03 -1.502E+00 -1.791E+00 -1.305E+00
  7.7882500E+03 -1.182E+00 -1.319E+00 -7.955E-01
