  3.0947500E+03 -0.000E+00 -0.000E+00  0.000E+00
  3.0952500E+03 -0.000E+00 -0.000E+00  0.000E+00
  3.0957500E+03 -0.000E+00 -0.000E+00  0.000E+00
  3.0962500E+03 -0.000E+00 -0.000E+00  0.000E+00
  3.0967500E+03 -0.000E+00 -0.000E+00  0.000E+00
  3.0972500E+03 -0.000E+00 -0.000E+00  0.000E+00
  3.0977500E+03 -0.000E+00 -0.000E+00  0.000E+00
  3.0982500E+03 -0.000E+00 -0.000E+00  0.000E+00
  3.0987500E+03 -0.000E+00 -0.000E+00  0.000E+00
  3.0992500E+03 -0.000E+00 -0.000E+00  0.000E+00
  3.0997500E+03 -0.000E+00 -0.000E+00  0.000E+00
  3.1002500E+03 -0.000E+00 -0.000E+00  0.000E+00
  3.1007500E+03 -0.000E+00 -0.000E+00  0.000E+00
  3.1012500E+03 -0.000E+00 -0.000E+00  0.000E+00
  3.1017500E+03 -0.000E+00 -0.000E+00  0.000E+00
  3.1022500E+03 -0.000E+00 -0.000E+00  0.000E+00
  3.1027500E+03 -0.000E+00 -0.000E+00  0.000E+00
  3.1032500E+03 -0.000E+00 -0.000E+00  0.000E+00
  3.1037500E+03 -0.000E+00 -0.000E+00  0.000E+00
  3.1042500E+03 -0.000E+00 -0.000E+00  0.000E+00
  3.1047500E+03 -0.000E+00 -0.000E+00  0.000E+00
  3.1052500E+03 -0.000E+00 -0.000E+00  0.000E+00
  3.1057500E+03 -0.000E+00 -0.000E+00  0.000E+00
  3.1062500E+03 -0.000E+00 -0.000E+00  0.000E+00
  3.1067500E+03 -0.000E+00 -0.000E+00  0.000E+00
  3.1072500E+03 -0.000E+00 -0.000E+00  0.000E+00
  3.1077500E+03 -0.000E+00 -0.000E+00  0.000E+00
  3.1082500E+03 -0.000E+00 -0.000E+00  0.000E+00
  3.1087500E+03 -0.000E+00 -0.000E+00  0.000E+00
  3.1092500E+03 -0.000E+00 -0.000E+00  0.000E+00
  3.1097500E+03 -0.000E+00 -0.000E+00  0.000E+00
  3.1102500E+03 -0.000E+00 -0.000E+00  0.000E+00
  3.1107500E+03 -0.000E+00 -0.000E+00  0.000E+00
  3.1112500E+03 -0.000E+00 -0.000E+00  0.000E+00
  3.1117500E+03 -0.000E+00 -0.000E+00  0.000E+00
  3.1122500E+03 -0.000E+00 -0.000E+00  0.000E+00
  3.1127500E+03 -0.000E+00 -0.000E+00  0.000E+00
  3.1132500E+03 -0.000E+00 -0.000E+00  0.000E+00
  3.1137500E+03 -0.000E+00 -0.000E+00  0.000E+00
  3.1142500E+03 -0.000E+00 -0.000E+00  0.000E+00
  3.1147500E+03 -0.000E+00 -0.000E+00  0.000E+00
  3.1152500E+03 -0.000E+00 -0.000E+00  0.000E+00
  3.1157500E+03 -0.000E+00 -0.000E+00  0.000E+00
  3.1162500E+03 -0.000E+00 -0.000E+00  0.000E+00
  3.1167500E+03 -0.000E+00 -0.000E+00  0.000E+00
  3.1172500E+03 -0.000E+00 -0.000E+00  0.000E+00
  3.1177500E+03 -0.000E+00 -0.000E+00  0.000E+00
  3.1182500E+03 -0.000E+00 -0.000E+00  0.000E+00
  3.1187500E+03 -0.000E+00 -0.000E+00  0.000E+00
  3.1192500E+03 -0.000E+00 -0.000E+00  0.000E+00
  3.1197500E+03 -0.000E+00 -0.000E+00  0.000E+00
  3.1202500E+03 -0.000E+00 -0.000E+00  0.000E+00
  3.1207500E+03 -0.000E+00 -0.000E+00  0.000E+00
  3.1212500E+03 -0.000E+00 -0.000E+00  0.000E+00
  3.1217500E+03 -0.000E+00 -0.000E+00  0.000E+00
  3.1222500E+03 -0.000E+00 -0.000E+00  0.000E+00
  3.1227500E+03 -0.000E+00 -0.000E+00  0.000E+00
  3.1232500E+03 -0.000E+00 -0.000E+00  0.000E+00
  3.1237500E+03 -0.000E+00 -0.000E+00  0.000E+00
  3.1242500E+03 -0.000E+00 -0.000E+00  0.000E+00
  3.1247500E+03 -0.000E+00 -0.000E+00  0.000E+00
  3.1252500E+03 -0.000E+00 -0.000E+00  0.000E+00
  3.1257500E+03 -0.000E+00 -0.000E+00  0.000E+00
  3.1262500E+03 -0.000E+00 -0.000E+00  0.000E+00
  3.1267500E+03 -0.000E+00 -0.000E+00  0.000E+00
  3.1272500E+03 -0.000E+00 -0.000E+00  0.000E+00
  3.1277500E+03 -0.000E+00 -0.000E+00  0.000E+00
  3.1282500E+03 -0.000E+00 -0.000E+00  0.000E+00
  3.1287500E+03 -0.000E+00 -0.000E+00  0.000E+00
  3.1292500E+03 -0.000E+00 -0.000E+00  0.000E+00
  3.1297500E+03 -0.000E+00 -0.000E+00  0.000E+00
  3.1302500E+03 -0.000E+00 -0.000E+00  0.000E+00
  3.1307500E+03 -0.000E+00 -0.000E+00  0.000E+00
  3.1312500E+03 -0.000E+00 -0.000E+00  0.000E+00
  3.1317500E+03 -0.000E+00 -0.000E+00  0.000E+00
  3.1322500E+03 -0.000E+00 -0.000E+00  0.000E+00
  3.1327500E+03 -0.000E+00 -0.000E+00  0.000E+00
  3.1332500E+03 -0.000E+00 -0.000E+00  0.000E+00
  3.1337500E+03 -0.000E+00 -0.000E+00  0.000E+00
  3.1342500E+03 -0.000E+00 -0.000E+00  0.000E+00
  3.1347500E+03 -0.000E+00 -0.000E+00  0.000E+00
  3.1352500E+03 -0.000E+00 -0.000E+00  0.000E+00
  3.1357500E+03 -0.000E+00 -0.000E+00  0.000E+00
  3.1362500E+03 -0.000E+00 -0.000E+00  0.000E+00
  3.1367500E+03 -0.000E+00 -0.000E+00  0.000E+00
  3.1372500E+03 -0.000E+00 -0.000E+00  0.000E+00
  3.1377500E+03 -0.000E+00 -0.000E+00  0.000E+00
  3.1382500E+03 -0.000E+00 -0.000E+00  0.000E+00
  3.1387500E+03 -0.000E+00 -0.000E+00  0.000E+00
  3.1392500E+03 -0.000E+00 -0.000E+00  0.000E+00
  3.1397500E+03 -0.000E+00 -0.000E+00  0.000E+00
  3.1402500E+03 -0.000E+00 -0.000E+00  0.000E+00
  3.1407500E+03 -0.000E+00 -0.000E+00  0.000E+00
  3.1412500E+03 -0.000E+00 -0.000E+00  0.000E+00
  3.1417500E+03 -0.000E+00 -0.000E+00  0.000E+00
  3.1422500E+03 -0.000E+00 -0.000E+00  0.000E+00
  3.1427500E+03 -0.000E+00 -0.000E+00  0.000E+00
  3.1432500E+03 -0.000E+00 -0.000E+00  0.000E+00
  3.1437500E+03 -0.000E+00 -0.000E+00  0.000E+00
  3.1442500E+03 -0.000E+00 -0.000E+00  0.000E+00
  3.1447500E+03 -0.000E+00 -0.000E+00  0.000E+00
  3.1452500E+03 -0.000E+00 -0.000E+00  0.000E+00
  3.1457500E+03 -0.000E+00 -0.000E+00  0.000E+00
  3.1462500E+03 -0.000E+00 -0.000E+00  0.000E+00
  3.1467500E+03 -0.000E+00 -0.000E+00  0.000E+00
  3.1472500E+03 -0.000E+00 -0.000E+00  0.000E+00
  3.1477500E+03 -0.000E+00 -0.000E+00  0.000E+00
  3.1482500E+03 -0.000E+00 -0.000E+00  0.000E+00
  3.1487500E+03 -0.000E+00 -0.000E+00  0.000E+00
  3.1492500E+03 -0.000E+00 -0.000E+00  0.000E+00
  3.1497500E+03 -0.000E+00 -0.000E+00  0.000E+00
  3.1502500E+03 -0.000E+00 -0.000E+00  0.000E+00
  3.1507500E+03 -0.000E+00 -0.000E+00  0.000E+00
  3.1512500E+03 -0.000E+00 -0.000E+00  0.000E+00
  3.1517500E+03 -0.000E+00 -0.000E+00  0.000E+00
  3.1522500E+03 -0.000E+00 -0.000E+00  0.000E+00
  3.1527500E+03 -0.000E+00 -0.000E+00  0.000E+00
  3.1532500E+03 -0.000E+00 -0.000E+00  0.000E+00
  3.1537500E+03  8.433E-07  7.172E-07 -5.526E-08
  3.1542500E+03 -1.223E-06 -1.443E-06 -1.562E-06
  3.1547500E+03  1.355E-05  9.061E-06 -1.093E-05
  3.1552500E+03  1.114E-03  9.447E-04 -8.593E-05
  3.1557500E+03  2.167E-03  1.842E-03 -1.527E-04
  3.1562500E+03 -3.736E-04 -3.066E-04  6.893E-05
  3.1567500E+03 -1.069E-04 -5.937E-05  1.336E-04
  3.1572500E+03  4.129E-04  4.669E-04  4.391E-04
  3.1577500E+03  6.767E-04  4.395E-04 -6.049E-04
  3.1582500E+03  1.314E-04  9.105E-05 -9.716E-05
  3.1587500E+03 -2.001E-04  1.169E-04  1.185E-03
  3.1592500E+03  4.107E-03  4.091E-03  2.136E-03
  3.1597500E+03  4.566E-03  4.900E-03  3.790E-03
  3.1602500E+03 -5.804E-03 -4.623E-03  1.697E-03
  3.1607500E+03  1.070E-03  3.353E-03  9.849E-03
  3.1612500E+03  5.937E-03  4.641E-03 -2.116E-03
  3.1617500E+03  4.528E-03  3.745E-03 -7.694E-04
  3.1622500E+03 -6.068E-04 -9.282E-04 -1.622E-03
  3.1627500E+03  1.256E-03  3.818E-04 -2.864E-03
  3.1632500E+03  1.127E-02  7.130E-03 -1.083E-02
  3.1637500E+03  1.170E-02  1.159E-02  5.685E-03
  3.1642500E+03  4.912E-03  3.945E-03 -1.239E-03
  3.1647500E+03 -6.882E-03 -2.064E-03  1.586E-02
  3.1652500E+03  6.156E-03  5.534E-03  6.217E-04
  3.1657500E+03 -2.578E-03  2.258E-04  1.001E-02
  3.1662500E+03  9.531E-03  1.634E-02  3.249E-02
  3.1667500E+03  3.269E-02  2.576E-02 -1.101E-02
  3.1672500E+03  8.249E-03  1.010E-02  1.202E-02
  3.1677500E+03 -1.007E-02 -7.890E-03  3.540E-03
  3.1682500E+03 -4.374E-03 -2.103E-03  6.940E-03
  3.1687500E+03  7.308E-03  8.372E-03  8.040E-03
  3.1692500E+03  9.619E-02  7.751E-02 -2.739E-02
  3.1697500E+03  1.051E-01  9.541E-02  1.469E-02
  3.1702500E+03  1.562E-02  2.599E-02  5.004E-02
  3.1707500E+03  1.084E-03 -2.573E-03 -1.439E-02
  3.1712500E+03  2.085E-02  1.738E-02 -3.575E-03
  3.1717500E+03  1.548E-02  1.678E-02  1.308E-02
  3.1722500E+03  1.724E-01  1.918E-01  1.672E-01
  3.1727500E+03  1.193E-01  1.161E-01  4.812E-02
  3.1732500E+03 -1.505E-04 -5.520E-03 -2.235E-02
  3.1737500E+03 -1.800E-02 -2.992E-02 -5.864E-02
  3.1742500E+03  3.469E-02  5.716E-02  1.096E-01
  3.1747500E+03 -1.352E-02 -8.105E-03  1.549E-02
  3.1752500E+03  2.188E-02  5.924E-02  1.609E-01
  3.1757500E+03  1.163E-01  1.272E-01  1.053E-01
  3.1762500E+03  2.241E-01  1.772E-01 -7.891E-02
  3.1767500E+03  8.171E-02  9.449E-02  9.414E-02
  3.1772500E+03  2.163E-01  2.665E-01  3.123E-01
  3.1777500E+03  7.121E-02  4.521E-02 -6.851E-02
  3.1782500E+03  9.356E-02  8.612E-02  1.584E-02
  3.1787500E+03  7.233E-02  6.870E-02  2.139E-02
  3.1792500E+03  1.182E-01  1.076E-01  1.478E-02
  3.1797500E+03  8.066E-02  9.664E-02  1.041E-01
  3.1802500E+03  8.544E-02  1.332E-01  2.368E-01
  3.1807500E+03  1.362E-01  1.103E-01 -3.830E-02
  3.1812500E+03 -1.831E-03  3.622E-02  1.531E-01
  3.1817500E+03  5.411E-01  5.629E-01  3.564E-01
  3.1822500E+03  4.771E-01  4.158E-01 -1.229E-02
  3.1827500E+03  2.091E-01  2.263E-01  1.731E-01
  3.1832500E+03  2.858E-01  2.404E-01 -4.281E-02
  3.1837500E+03  4.640E-01  4.724E-01  2.620E-01
  3.1842500E+03  4.272E-02  1.735E-01  5.498E-01
  3.1847500E+03  3.287E-01  4.027E-01  4.639E-01
  3.1852500E+03  3.394E-01  3.841E-01  3.484E-01
  3.1857500E+03  6.793E-01  5.962E-01 -6.665E-03
  3.1862500E+03  4.609E-01  4.625E-01  2.335E-01
  3.1867500E+03  5.856E-01  5.447E-01  1.205E-01
  3.1872500E+03  3.575E-01  4.246E-01  4.424E-01
  3.1877500E+03  4.181E-01  4.352E-01  2.710E-01
  3.1882500E+03  8.031E-01  8.221E-01  4.664E-01
  3.1887500E+03  7.085E-01  7.629E-01  5.674E-01
  3.1892500E+03  1.027E+00  1.007E+00  4.177E-01
  3.1897500E+03  1.461E+00  1.414E+00  5.131E-01
  3.1902500E+03  7.582E-01  7.626E-01  3.792E-01
  3.1907500E+03  6.027E-01  8.260E-01  1.194E+00
  3.1912500E+03  1.436E+00  1.465E+00  8.028E-01
  3.1917500E+03  1.313E+00  1.225E+00  2.726E-01
  3.1922500E+03  1.128E+00  1.170E+00  7.102E-01
  3.1927500E+03  1.311E+00  1.338E+00  7.387E-01
  3.1932500E+03  1.464E+00  1.557E+00  1.073E+00
  3.1937500E+03  9.646E-01  1.140E+00  1.170E+00
  3.1942500E+03  1.801E+00  1.797E+00  8.409E-01
  3.1947500E+03  1.610E+00  1.719E+00  1.199E+00
  3.1952500E+03  2.411E+00  2.509E+00  1.534E+00
  3.1957500E+03  1.660E+00  1.628E+00  6.558E-01
  3.1962500E+03  2.068E+00  2.151E+00  1.316E+00
  3.1967500E+03  2.393E+00  2.431E+00  1.283E+00
  3.1972500E+03  2.275E+00  2.390E+00  1.535E+00
  3.1977500E+03  2.672E+00  2.836E+00  1.909E+00
  3.1982500E+03  2.568E+00  2.547E+00  1.105E+00
  3.1987500E+03  3.316E+00  3.378E+00  1.784E+00
  3.1992500E+03  3.693E+00  3.846E+00  2.336E+00
  3.1997500E+03  3.342E+00  3.581E+00  2.524E+00
  3.2002500E+03  4.606E+00  4.755E+00  2.747E+00
  3.2007500E+03  3.585E+00  3.744E+00  2.301E+00
  3.2012500E+03  4.867E+00  5.150E+00  3.398E+00
  3.2017500E+03  4.685E+00  4.940E+00  3.197E+00
  3.2022500E+03  5.858E+00  6.037E+00  3.412E+00
  3.2027500E+03  6.631E+00  6.508E+00  2.547E+00
  3.2032500E+03  6.092E+00  6.669E+00  5.132E+00
  3.2037500E+03  6.741E+00  6.734E+00  3.047E+00
  3.2042500E+03  6.810E+00  7.407E+00  5.527E+00
  3.2047500E+03  8.063E+00  8.354E+00  4.849E+00
  3.2052500E+03  8.189E+00  8.036E+00  3.096E+00
  3.2057500E+03  6.341E+00  6.979E+00  5.465E+00
  3.2062500E+03  8.293E+00  8.942E+00  6.369E+00
  3.2067500E+03  9.973E+00  1.022E+01  5.522E+00
  3.2072500E+03  1.088E+01  1.113E+01  5.924E+00
  3.2077500E+03  1.031E+01  1.069E+01  6.167E+00
  3.2082500E+03  1.250E+01  1.295E+01  7.411E+00
  3.2087500E+03  1.162E+01  1.187E+01  6.192E+00
  3.2092500E+03  1.366E+01  1.390E+01  7.055E+00
  3.2097500E+03  1.288E+01  1.396E+01  1.014E+01
  3.2102500E+03  1.374E+01  1.461E+01  9.635E+00
  3.2107500E+03  1.497E+01  1.511E+01  7.225E+00
  3.2112500E+03  1.346E+01  1.367E+01  6.808E+00
  3.2117500E+03  1.493E+01  1.570E+01  9.729E+00
  3.2122500E+03  1.626E+01  1.717E+01  1.088E+01
  3.2127500E+03  1.889E+01  1.876E+01  7.811E+00
  3.2132500E+03  1.708E+01  1.849E+01  1.323E+01
  3.2137500E+03  1.770E+01  1.868E+01  1.173E+01
  3.2142500E+03  2.109E+01  2.181E+01  1.214E+01
  3.2147500E+03  2.193E+01  2.279E+01  1.310E+01
  3.2152500E+03  2.167E+01  2.212E+01  1.126E+01
  3.2157500E+03  2.563E+01  2.633E+01  1.404E+01
  3.2162500E+03  2.729E+01  2.749E+01  1.265E+01
  3.2167500E+03  2.575E+01  2.671E+01  1.502E+01
  3.2172500E+03  2.778E+01  2.861E+01  1.538E+01
  3.2177500E+03  2.753E+01  2.871E+01  1.665E+01
  3.2182500E+03  2.639E+01  2.749E+01  1.583E+01
  3.2187500E+03  3.055E+01  3.144E+01  1.673E+01
  3.2192500E+03  2.882E+01  3.051E+01  1.918E+01
  3.2197500E+03  3.165E+01  3.249E+01  1.698E+01
  3.2202500E+03  3.474E+01  3.559E+01  1.827E+01
  3.2207500E+03  3.287E+01  3.502E+01  2.273E+01
  3.2212500E+03  3.948E+01  3.988E+01  1.845E+01
  3.2217500E+03  3.751E+01  3.956E+01  2.425E+01
  3.2222500E+03  3.885E+01  3.932E+01  1.836E+01
  3.2227500E+03  3.849E+01  4.045E+01  2.421E+01
  3.2232500E+03  4.205E+01  4.476E+01  2.872E+01
  3.2237500E+03  4.088E+01  4.192E+01  2.141E+01
  3.2242500E+03  4.018E+01  4.169E+01  2.302E+01
  3.2247500E+03  4.890E+01  4.997E+01  2.485E+01
  3.2252500E+03  5.193E+01  5.325E+01  2.709E+01
  3.2257500E+03  5.241E+01  5.386E+01  2.778E+01
  3.2262500E+03  4.775E+01  4.983E+01  2.830E+01
  3.2267500E+03  5.720E+01  5.858E+01  2.935E+01
  3.2272500E+03  5.385E+01  5.617E+01  3.177E+01
  3.2277500E+03  5.394E+01  5.602E+01  3.076E+01
  3.2282500E+03  5.762E+01  5.863E+01  2.787E+01
  3.2287500E+03  5.803E+01  5.990E+01  3.145E+01
  3.2292500E+03  6.221E+01  6.458E+01  3.513E+01
  3.2297500E+03  6.025E+01  6.143E+01  2.951E+01
  3.2302500E+03  6.205E+01  6.510E+01  3.774E+01
  3.2307500E+03  6.147E+01  6.217E+01  2.789E+01
  3.2312500E+03  6.286E+01  6.651E+01  4.039E+01
  3.2317500E+03  7.209E+01  7.410E+01  3.742E+01
  3.2322500E+03  6.900E+01  7.013E+01  3.248E+01
  3.2327500E+03  6.899E+01  7.326E+01  4.524E+01
  3.2332500E+03  7.558E+01  7.912E+01  4.485E+01
  3.2337500E+03  7.277E+01  7.484E+01  3.766E+01
  3.2342500E+03  7.330E+01  7.563E+01  3.891E+01
  3.2347500E+03  7.890E+01  8.111E+01  4.059E+01
  3.2352500E+03  8.072E+01  8.292E+01  4.108E+01
  3.2357500E+03  7.833E+01  8.182E+01  4.527E+01
  3.2362500E+03  7.890E+01  8.128E+01  4.097E+01
  3.2367500E+03  8.115E+01  8.329E+01  4.094E+01
  3.2372500E+03  8.377E+01  8.558E+01  4.052E+01
  3.2377500E+03  8.401E+01  8.698E+01  4.512E+01
  3.2382500E+03  8.724E+01  8.993E+01  4.531E+01
  3.2387500E+03  8.321E+01  8.512E+01  4.040E+01
  3.2392500E+03  9.204E+01  9.306E+01  4.028E+01
  3.2397500E+03  8.250E+01  8.583E+01  4.565E+01
  3.2402500E+03  8.647E+01  8.969E+01  4.684E+01
  3.2407500E+03  8.008E+01  8.411E+01  4.728E+01
  3.2412500E+03  9.216E+01  9.518E+01  4.796E+01
  3.2417500E+03  9.596E+01  9.965E+01  5.207E+01
  3.2422500E+03  9.358E+01  9.798E+01  5.397E+01
  3.2427500E+03  9.750E+01  9.976E+01  4.682E+01
  3.2432500E+03  9.105E+01  9.525E+01  5.193E+01
  3.2437500E+03  9.499E+01  9.745E+01  4.628E+01
  3.2442500E+03  9.801E+01  1.025E+02  5.578E+01
  3.2447500E+03  9.212E+01  9.563E+01  4.923E+01
  3.2452500E+03  1.004E+02  1.036E+02  5.109E+01
  3.2457500E+03  1.033E+02  1.052E+02  4.720E+01
  3.2462500E+03  9.845E+01  1.028E+02  5.495E+01
  3.2467500E+03  9.868E+01  1.006E+02  4.519E+01
  3.2472500E+03  9.514E+01  9.823E+01  4.823E+01
  3.2477500E+03  9.816E+01  1.009E+02  4.807E+01
  3.2482500E+03  1.040E+02  1.056E+02  4.550E+01
  3.2487500E+03  9.760E+01  1.040E+02  6.212E+01
  3.2492500E+03  1.026E+02  1.067E+02  5.468E+01
  3.2497500E+03  1.025E+02  1.043E+02  4.540E+01
  3.2502500E+03  1.009E+02  1.053E+02  5.509E+01
  3.2507500E+03  1.016E+02  1.049E+02  5.069E+01
  3.2512500E+03  1.056E+02  1.068E+02  4.393E+01
  3.2517500E+03  1.008E+02  1.036E+02  4.815E+01
  3.2522500E+03  9.854E+01  1.028E+02  5.338E+01
  3.2527500E+03  9.628E+01  1.016E+02  5.645E+01
  3.2532500E+03  9.975E+01  1.048E+02  5.660E+01
  3.2537500E+03  1.026E+02  1.059E+02  5.049E+01
  3.2542500E+03  1.037E+02  1.066E+02  4.928E+01
  3.2547500E+03  1.052E+02  1.108E+02  6.049E+01
  3.2552500E+03  1.095E+02  1.109E+02  4.509E+01
  3.2557500E+03  9.684E+01  1.002E+02  4.803E+01
  3.2562500E+03  1.054E+02  1.076E+02  4.639E+01
  3.2567500E+03  1.013E+02  1.044E+02  4.864E+01
  3.2572500E+03  9.223E+01  9.770E+01  5.465E+01
  3.2577500E+03  9.928E+01  1.060E+02  6.208E+01
  3.2582500E+03  1.016E+02  1.024E+02  3.926E+01
  3.2587500E+03  9.631E+01  1.015E+02  5.476E+01
  3.2592500E+03  9.126E+01  9.422E+01  4.365E+01
  3.2597500E+03  9.703E+01  1.013E+02  5.130E+01
  3.2602500E+03  9.670E+01  1.002E+02  4.758E+01
  3.2607500E+03  9.654E+01  1.013E+02  5.249E+01
  3.2612500E+03  9.862E+01  9.908E+01  3.620E+01
  3.2617500E+03  9.376E+01  9.885E+01  5.281E+01
  3.2622500E+03  9.643E+01  1.011E+02  5.225E+01
  3.2627500E+03  9.387E+01  9.838E+01  5.033E+01
  3.2632500E+03  8.741E+01  9.121E+01  4.500E+01
  3.2637500E+03  8.968E+01  9.206E+01  4.009E+01
  3.2642500E+03  8.980E+01  9.274E+01  4.231E+01
  3.2647500E+03  8.524E+01  9.000E+01  4.804E+01
  3.2652500E+03  8.449E+01  8.909E+01  4.682E+01
  3.2657500E+03  8.690E+01  8.889E+01  3.715E+01
  3.2662500E+03  9.405E+01  9.854E+01  4.954E+01
  3.2667500E+03  7.902E+01  8.209E+01  3.834E+01
  3.2672500E+03  8.397E+01  8.661E+01  3.847E+01
  3.2677500E+03  8.705E+01  9.109E+01  4.513E+01
  3.2682500E+03  8.252E+01  8.692E+01  4.466E+01
  3.2687500E+03  8.218E+01  8.617E+01  4.288E+01
  3.2692500E+03  8.433E+01  8.629E+01  3.564E+01
  3.2697500E+03  7.428E+01  7.683E+01  3.414E+01
  3.2702500E+03  7.456E+01  7.773E+01  3.657E+01
  3.2707500E+03  7.759E+01  8.447E+01  5.281E+01
  3.2712500E+03  8.021E+01  8.178E+01  3.208E+01
  3.2717500E+03  7.122E+01  7.495E+01  3.766E+01
  3.2722500E+03  7.350E+01  7.678E+01  3.641E+01
  3.2727500E+03  6.797E+01  7.141E+01  3.527E+01
  3.2732500E+03  7.502E+01  7.657E+01  2.987E+01
  3.2737500E+03  6.953E+01  7.109E+01  2.803E+01
  3.2742500E+03  6.094E+01  6.426E+01  3.198E+01
  3.2747500E+03  6.418E+01  6.608E+01  2.741E+01
  3.2752500E+03  5.964E+01  6.322E+01  3.250E+01
  3.2757500E+03  6.064E+01  6.522E+01  3.682E+01
  3.2762500E+03  6.132E+01  6.658E+01  3.970E+01
  3.2767500E+03  5.803E+01  6.129E+01  3.043E+01
  3.2772500E+03  6.185E+01  6.177E+01  1.819E+01
  3.2777500E+03  5.725E+01  5.899E+01  2.411E+01
  3.2782500E+03  5.153E+01  5.459E+01  2.722E+01
  3.2787500E+03  6.155E+01  6.523E+01  3.314E+01
  3.2792500E+03  5.281E+01  5.360E+01  1.869E+01
  3.2797500E+03  4.889E+01  5.309E+01  3.105E+01
  3.2802500E+03  4.638E+01  4.889E+01  2.313E+01
  3.2807500E+03  4.712E+01  5.023E+01  2.569E+01
  3.2812500E+03  5.284E+01  5.450E+01  2.183E+01
  3.2817500E+03  4.409E+01  4.566E+01  1.844E+01
  3.2822500E+03  4.905E+01  5.124E+01  2.258E+01
  3.2827500E+03  4.219E+01  4.397E+01  1.842E+01
  3.2832500E+03  3.980E+01  4.031E+01  1.227E+01
  3.2837500E+03  3.399E+01  3.622E+01  1.756E+01
  3.2842500E+03  4.813E+01  4.956E+01  1.874E+01
  3.2847500E+03  3.749E+01  3.935E+01  1.773E+01
  3.2852500E+03  2.717E+01  3.051E+01  1.971E+01
  3.2857500E+03  3.432E+01  3.586E+01  1.447E+01
  3.2862500E+03  3.403E+01  3.575E+01  1.479E+01
  3.2867500E+03  3.523E+01  3.637E+01  1.382E+01
  3.2872500E+03  3.116E+01  3.228E+01  1.169E+01
  3.2877500E+03  2.381E+01  2.555E+01  1.195E+01
  3.2882500E+03  3.161E+01  3.239E+01  1.073E+01
  3.2887500E+03  3.075E+01  3.074E+01  7.160E+00
  3.2892500E+03  2.719E+01  2.949E+01  1.550E+01
  3.2897500E+03  2.728E+01  2.828E+01  1.049E+01
  3.2902500E+03  2.255E+01  2.560E+01  1.658E+01
  3.2907500E+03  2.408E+01  2.404E+01  4.612E+00
  3.2912500E+03  2.277E+01  2.414E+01  9.802E+00
  3.2917500E+03  2.362E+01  2.479E+01  9.597E+00
  3.2922500E+03  2.656E+01  2.780E+01  1.053E+01
  3.2927500E+03  1.403E+01  1.665E+01  1.211E+01
  3.2932500E+03  1.886E+01  2.146E+01  1.391E+01
  3.2937500E+03  1.901E+01  2.097E+01  1.124E+01
  3.2942500E+03  1.699E+01  1.792E+01  6.350E+00
  3.2947500E+03  1.552E+01  1.803E+01  1.265E+01
  3.2952500E+03  1.116E+01  1.396E+01  1.192E+01
  3.2957500E+03  1.442E+01  1.617E+01  8.140E+00
  3.2962500E+03  4.992E+00  6.887E+00  6.430E+00
  3.2967500E+03  6.431E+00  7.666E+00  4.255E+00
  3.2972500E+03  9.382E+00  1.012E+01  3.018E+00
  3.2977500E+03  1.479E+01  1.381E+01 -2.165E+00
  3.2982500E+03  4.139E+00  4.326E+00 -4.562E-01
  3.2987500E+03  5.910E+00  8.569E+00  9.429E+00
  3.2992500E+03  8.345E+00  7.903E+00 -2.205E+00
  3.2997500E+03  9.436E+00  1.051E+01  4.387E+00
  3.3002500E+03  5.501E+00  5.208E+00 -2.187E+00
  3.3007500E+03 -4.335E+00 -1.666E+00  6.611E+00
  3.3012500E+03 -1.072E-02  1.672E-01 -2.233E+00
  3.3017500E+03 -4.567E+00 -2.363E+00  4.971E+00
  3.3022500E+03  2.056E+00  2.731E+00  7.474E-01
  3.3027500E+03  3.090E-01  1.659E-01 -3.241E+00
  3.3032500E+03 -9.156E-01 -1.178E+00 -4.201E+00
  3.3037500E+03 -1.331E+00 -2.237E+00 -7.100E+00
  3.3042500E+03 -5.798E+00 -5.440E+00 -3.357E+00
  3.3047500E+03  5.234E-01  1.361E+00  7.771E-01
  3.3052500E+03 -4.812E+00 -3.817E+00 -3.348E-01
  3.3057500E+03 -3.346E+00 -2.032E+00  1.386E+00
  3.3062500E+03 -4.751E+00 -5.928E+00 -9.020E+00
  3.3067500E+03 -6.442E+00 -6.868E+00 -6.475E+00
  3.3072500E+03  4.907E+00  4.151E+00 -3.971E+00
  3.3077500E+03 -3.934E+00 -3.329E+00 -1.974E+00
  3.3082500E+03 -1.130E+01 -9.447E+00  5.508E-01
  3.3087500E+03 -8.837E+00 -8.005E+00 -2.547E+00
  3.3092500E+03 -9.862E+00 -1.069E+01 -9.146E+00
  3.3097500E+03 -4.652E+00 -5.426E+00 -7.278E+00
  3.3102500E+03 -1.190E+01 -1.148E+01 -4.632E+00
  3.3107500E+03 -1.263E+01 -1.107E+01 -3.504E-01
  3.3112500E+03 -1.477E+01 -1.428E+01 -5.221E+00
  3.3117500E+03 -7.184E+00 -8.294E+00 -9.465E+00
  3.3122500E+03 -1.203E+01 -1.294E+01 -1.017E+01
  3.3127500E+03 -1.052E+01 -1.043E+01 -5.378E+00
  3.3132500E+03 -1.285E+01 -1.440E+01 -1.270E+01
  3.3137500E+03 -9.904E+00 -1.003E+01 -6.474E+00
  3.3142500E+03 -1.694E+01 -1.518E+01 -5.762E-01
  3.3147500E+03 -1.556E+01 -1.458E+01 -3.478E+00
  3.3152500E+03 -1.617E+01 -1.779E+01 -1.411E+01
  3.3157500E+03 -1.903E+01 -1.813E+01 -4.839E+00
  3.3162500E+03 -1.427E+01 -1.356E+01 -4.355E+00
  3.3167500E+03 -2.013E+01 -1.966E+01 -6.918E+00
  3.3172500E+03 -1.619E+01 -1.710E+01 -1.115E+01
  3.3177500E+03 -1.539E+01 -1.623E+01 -1.040E+01
  3.3182500E+03 -1.997E+01 -1.830E+01 -1.828E+00
  3.3187500E+03 -2.018E+01 -2.009E+01 -8.294E+00
  3.3192500E+03 -1.768E+01 -1.907E+01 -1.333E+01
  3.3197500E+03 -1.423E+01 -1.554E+01 -1.216E+01
  3.3202500E+03 -2.365E+01 -2.361E+01 -9.372E+00
  3.3207500E+03 -1.725E+01 -1.825E+01 -1.203E+01
  3.3212500E+03 -1.741E+01 -1.700E+01 -6.442E+00
  3.3217500E+03 -2.396E+01 -2.380E+01 -9.114E+00
  3.3222500E+03 -2.134E+01 -1.957E+01 -1.973E+00
  3.3227500E+03 -2.104E+01 -2.061E+01 -7.198E+00
  3.3232500E+03 -1.840E+01 -1.957E+01 -1.296E+01
  3.3237500E+03 -1.696E+01 -1.814E+01 -1.223E+01
  3.3242500E+03 -1.836E+01 -1.864E+01 -9.319E+00
  3.3247500E+03 -2.153E+01 -2.164E+01 -9.268E+00
  3.3252500E+03 -2.221E+01 -2.181E+01 -7.532E+00
  3.3257500E+03 -2.712E+01 -2.705E+01 -1.023E+01
  3.3262500E+03 -2.027E+01 -2.054E+01 -9.397E+00
  3.3267500E+03 -1.915E+01 -2.003E+01 -1.164E+01
  3.3272500E+03 -1.997E+01 -2.118E+01 -1.327E+01
  3.3277500E+03 -2.315E+01 -2.196E+01 -4.666E+00
  3.3282500E+03 -2.574E+01 -2.556E+01 -9.297E+00
  3.3287500E+03 -1.835E+01 -1.843E+01 -7.823E+00
  3.3292500E+03 -2.632E+01 -2.568E+01 -7.532E+00
  3.3297500E+03 -2.416E+01 -2.399E+01 -8.955E+00
  3.3302500E+03 -2.270E+01 -2.376E+01 -1.337E+01
  3.3307500E+03 -1.764E+01 -1.934E+01 -1.428E+01
  3.3312500E+03 -2.280E+01 -2.487E+01 -1.708E+01
  3.3317500E+03 -2.252E+01 -2.291E+01 -1.069E+01
  3.3322500E+03 -2.041E+01 -2.201E+01 -1.464E+01
  3.3327500E+03 -2.521E+01 -2.549E+01 -1.077E+01
  3.3332500E+03 -2.355E+01 -2.397E+01 -1.113E+01
  3.3337500E+03 -2.335E+01 -2.380E+01 -1.104E+01
  3.3342500E+03 -2.100E+01 -2.136E+01 -9.808E+00
  3.3347500E+03 -2.489E+01 -2.572E+01 -1.262E+01
  3.3352500E+03 -2.307E+01 -2.362E+01 -1.125E+01
  3.3357500E+03 -2.742E+01 -2.752E+01 -1.078E+01
  3.3362500E+03 -2.387E+01 -2.444E+01 -1.145E+01
  3.3367500E+03 -2.592E+01 -2.646E+01 -1.175E+01
  3.3372500E+03 -2.241E+01 -2.315E+01 -1.166E+01
  3.3377500E+03 -2.206E+01 -2.254E+01 -1.069E+01
  3.3382500E+03 -2.484E+01 -2.514E+01 -1.066E+01
  3.3387500E+03 -2.448E+01 -2.449E+01 -9.363E+00
  3.3392500E+03 -2.186E+01 -2.308E+01 -1.336E+01
  3.3397500E+03 -2.598E+01 -2.712E+01 -1.427E+01
  3.3402500E+03 -2.857E+01 -2.833E+01 -9.567E+00
  3.3407500E+03 -2.525E+01 -2.626E+01 -1.346E+01
  3.3412500E+03 -2.214E+01 -2.344E+01 -1.368E+01
  3.3417500E+03 -2.358E+01 -2.532E+01 -1.598E+01
  3.3422500E+03 -2.803E+01 -2.810E+01 -1.060E+01
  3.3427500E+03 -2.625E+01 -2.645E+01 -1.075E+01
  3.3432500E+03 -2.470E+01 -2.544E+01 -1.201E+01
  3.3437500E+03 -2.341E+01 -2.485E+01 -1.459E+01
  3.3442500E+03 -2.467E+01 -2.511E+01 -1.126E+01
  3.3447500E+03 -2.455E+01 -2.454E+01 -9.177E+00
  3.3452500E+03 -2.573E+01 -2.610E+01 -1.070E+01
  3.3457500E+03 -2.234E+01 -2.383E+01 -1.444E+01
  3.3462500E+03 -2.337E+01 -2.301E+01 -7.173E+00
  3.3467500E+03 -2.493E+01 -2.559E+01 -1.178E+01
  3.3472500E+03 -2.255E+01 -2.249E+01 -8.336E+00
  3.3477500E+03 -2.400E+01 -2.578E+01 -1.596E+01
  3.3482500E+03 -2.490E+01 -2.550E+01 -1.157E+01
  3.3487500E+03 -2.709E+01 -2.717E+01 -9.860E+00
  3.3492500E+03 -2.145E+01 -2.267E+01 -1.307E+01
  3.3497500E+03 -2.475E+01 -2.638E+01 -1.571E+01
  3.3502500E+03 -2.682E+01 -2.657E+01 -8.870E+00
  3.3507500E+03 -2.309E+01 -2.398E+01 -1.209E+01
  3.3512500E+03 -2.418E+01 -2.532E+01 -1.345E+01
  3.3517500E+03 -2.262E+01 -2.386E+01 -1.318E+01
  3.3522500E+03 -2.606E+01 -2.624E+01 -9.822E+00
  3.3527500E+03 -2.654E+01 -2.649E+01 -9.378E+00
  3.3532500E+03 -2.351E+01 -2.487E+01 -1.420E+01
  3.3537500E+03 -2.392E+01 -2.604E+01 -1.734E+01
  3.3542500E+03 -2.467E+01 -2.634E+01 -1.572E+01
  3.3547500E+03 -2.407E+01 -2.567E+01 -1.510E+01
  3.3552500E+03 -2.335E+01 -2.395E+01 -1.092E+01
  3.3557500E+03 -2.449E+01 -2.446E+01 -8.747E+00
  3.3562500E+03 -2.179E+01 -2.297E+01 -1.266E+01
  3.3567500E+03 -2.629E+01 -2.705E+01 -1.211E+01
  3.3572500E+03 -2.500E+01 -2.536E+01 -1.018E+01
  3.3577500E+03 -2.210E+01 -2.367E+01 -1.450E+01
  3.3582500E+03 -2.537E+01 -2.615E+01 -1.219E+01
  3.3587500E+03 -2.487E+01 -2.538E+01 -1.089E+01
  3.3592500E+03 -2.411E+01 -2.459E+01 -1.028E+01
  3.3597500E+03 -2.354E+01 -2.426E+01 -1.137E+01
  3.3602500E+03 -2.444E+01 -2.451E+01 -9.137E+00
  3.3607500E+03 -2.647E+01 -2.712E+01 -1.200E+01
  3.3612500E+03 -2.428E+01 -2.484E+01 -1.096E+01
  3.3617500E+03 -2.289E+01 -2.306E+01 -8.817E+00
  3.3622500E+03 -2.667E+01 -2.674E+01 -9.804E+00
  3.3627500E+03 -2.476E+01 -2.530E+01 -1.095E+01
  3.3632500E+03 -2.352E+01 -2.500E+01 -1.438E+01
  3.3637500E+03 -2.756E+01 -2.732E+01 -8.309E+00
  3.3642500E+03 -2.502E+01 -2.572E+01 -1.155E+01
  3.3647500E+03 -2.371E+01 -2.423E+01 -1.069E+01
  3.3652500E+03 -2.173E+01 -2.278E+01 -1.216E+01
  3.3657500E+03 -2.284E+01 -2.321E+01 -9.893E+00
  3.3662500E+03 -2.253E+01 -2.326E+01 -1.098E+01
  3.3667500E+03 -2.381E+01 -2.559E+01 -1.553E+01
  3.3672500E+03 -2.239E+01 -2.282E+01 -9.736E+00
  3.3677500E+03 -2.395E+01 -2.492E+01 -1.218E+01
  3.3682500E+03 -2.438E+01 -2.499E+01 -1.113E+01
  3.3687500E+03 -2.342E+01 -2.395E+01 -9.957E+00
  3.3692500E+03 -2.125E+01 -2.291E+01 -1.437E+01
  3.3697500E+03 -2.452E+01 -2.544E+01 -1.269E+01
  3.3702500E+03 -2.152E+01 -2.244E+01 -1.188E+01
  3.3707500E+03 -2.117E+01 -2.247E+01 -1.264E+01
  3.3712500E+03 -2.509E+01 -2.581E+01 -1.111E+01
  3.3717500E+03 -2.344E+01 -2.438E+01 -1.214E+01
  3.3722500E+03 -2.169E+01 -2.248E+01 -1.078E+01
  3.3727500E+03 -2.302E+01 -2.375E+01 -1.073E+01
  3.3732500E+03 -2.421E+01 -2.507E+01 -1.205E+01
  3.3737500E+03 -2.088E+01 -2.213E+01 -1.258E+01
  3.3742500E+03 -1.940E+01 -2.031E+01 -1.068E+01
  3.3747500E+03 -2.200E+01 -2.260E+01 -9.981E+00
  3.3752500E+03 -2.355E+01 -2.438E+01 -1.140E+01
  3.3757500E+03 -2.252E+01 -2.337E+01 -1.130E+01
  3.3762500E+03 -2.406E+01 -2.504E+01 -1.232E+01
  3.3767500E+03 -2.267E+01 -2.364E+01 -1.151E+01
  3.3772500E+03 -2.474E+01 -2.495E+01 -9.306E+00
  3.3777500E+03 -2.268E+01 -2.342E+01 -1.092E+01
  3.3782500E+03 -1.802E+01 -2.006E+01 -1.490E+01
  3.3787500E+03 -2.150E+01 -2.225E+01 -1.060E+01
  3.3792500E+03 -2.104E+01 -2.210E+01 -1.165E+01
  3.3797500E+03 -2.038E+01 -2.142E+01 -1.126E+01
  3.3802500E+03 -2.270E+01 -2.343E+01 -1.075E+01
  3.3807500E+03 -2.349E+01 -2.412E+01 -1.056E+01
  3.3812500E+03 -2.151E+01 -2.251E+01 -1.110E+01
  3.3817500E+03 -2.089E+01 -2.193E+01 -1.165E+01
  3.3822500E+03 -2.374E+01 -2.385E+01 -8.807E+00
  3.3827500E+03 -2.125E+01 -2.188E+01 -1.009E+01
  3.3832500E+03 -1.986E+01 -2.047E+01 -9.347E+00
  3.3837500E+03 -2.055E+01 -2.151E+01 -1.110E+01
  3.3842500E+03 -2.021E+01 -2.135E+01 -1.127E+01
  3.3847500E+03 -2.084E+01 -2.144E+01 -1.124E+01
  3.3852500E+03 -2.007E+01 -2.100E+01 -9.959E+00
  3.3857500E+03 -2.137E+01 -2.132E+01 -6.946E+00
  3.3862500E+03 -2.126E+01 -2.192E+01 -1.010E+01
  3.3867500E+03 -2.102E+01 -2.163E+01 -9.601E+00
  3.3872500E+03 -2.082E+01 -2.171E+01 -1.095E+01
  3.3877500E+03 -1.949E+01 -2.016E+01 -9.751E+00
  3.3882500E+03 -2.017E+01 -2.107E+01 -1.053E+01
  3.3887500E+03 -2.122E+01 -2.150E+01 -8.148E+00
  3.3892500E+03 -2.258E+01 -2.365E+01 -1.106E+01
  3.3897500E+03 -1.902E+01 -1.948E+01 -9.953E+00
  3.3902500E+03 -1.875E+01 -2.031E+01 -1.264E+01
  3.3907500E+03 -1.862E+01 -1.943E+01 -9.689E+00
  3.3912500E+03 -1.809E+01 -1.906E+01 -1.023E+01
  3.3917500E+03 -2.013E+01 -2.132E+01 -1.178E+01
  3.3922500E+03 -2.116E+01 -2.224E+01 -1.114E+01
  3.3927500E+03 -2.142E+01 -2.232E+01 -1.082E+01
  3.3932500E+03 -1.939E+01 -1.982E+01 -8.203E+00
  3.3937500E+03 -1.894E+01 -2.009E+01 -1.092E+01
  3.3942500E+03 -1.924E+01 -2.013E+01 -1.010E+01
  3.3947500E+03 -1.927E+01 -1.990E+01 -9.091E+00
  3.3952500E+03 -1.880E+01 -1.977E+01 -1.035E+01
  3.3957500E+03 -1.939E+01 -1.956E+01 -7.510E+00
  3.3962500E+03 -1.909E+01 -1.927E+01 -7.665E+00
  3.3967500E+03 -1.847E+01 -1.955E+01 -1.082E+01
  3.3972500E+03 -1.884E+01 -1.939E+01 -8.987E+00
  3.3977500E+03 -1.842E+01 -1.860E+01 -7.266E+00
  3.3982500E+03 -1.941E+01 -2.094E+01 -1.279E+01
  3.3987500E+03 -2.096E+01 -2.200E+01 -1.119E+01
  3.3992500E+03 -2.019E+01 -2.097E+01 -9.939E+00
  3.3997500E+03 -1.841E+01 -1.953E+01 -1.077E+01
  3.4002500E+03 -1.832E+01 -1.927E+01 -1.019E+01
  3.4007500E+03 -1.756E+01 -1.882E+01 -1.132E+01
  3.4012500E+03 -2.020E+01 -2.143E+01 -1.196E+01
  3.4017500E+03 -1.761E+01 -1.777E+01 -6.932E+00
  3.4022500E+03 -2.016E+01 -2.060E+01 -8.703E+00
  3.4027500E+03 -1.982E+01 -2.012E+01 -7.923E+00
  3.4032500E+03 -1.985E+01 -2.045E+01 -9.038E+00
  3.4037500E+03 -1.725E+01 -1.859E+01 -1.126E+01
  3.4042500E+03 -1.845E+01 -1.965E+01 -1.102E+01
  3.4047500E+03 -1.823E+01 -1.858E+01 -7.531E+00
  3.4052500E+03 -1.814E+01 -1.876E+01 -8.683E+00
  3.4057500E+03 -1.890E+01 -1.939E+01 -8.491E+00
  3.4062500E+03 -1.758E+01 -1.863E+01 -1.067E+01
  3.4067500E+03 -1.935E+01 -1.978E+01 -7.476E+00
  3.4072500E+03 -1.965E+01 -2.027E+01 -9.783E+00
  3.4077500E+03 -1.878E+01 -1.923E+01 -9.204E+00
  3.4082500E+03 -1.884E+01 -1.884E+01 -6.713E+00
  3.4087500E+03 -1.860E+01 -1.943E+01 -9.310E+00
  3.4092500E+03 -1.642E+01 -1.708E+01 -8.063E+00
  3.4097500E+03 -1.772E+01 -1.843E+01 -9.160E+00
  3.4102500E+03 -1.867E+01 -1.932E+01 -9.246E+00
  3.4107500E+03 -1.755E+01 -1.788E+01 -7.099E+00
  3.4112500E+03 -1.633E+01 -1.718E+01 -8.955E+00
  3.4117500E+03 -1.843E+01 -1.933E+01 -9.970E+00
  3.4122500E+03 -1.846E+01 -1.889E+01 -8.158E+00
  3.4127500E+03 -1.581E+01 -1.576E+01 -5.305E+00
  3.4132500E+03 -1.767E+01 -1.849E+01 -9.407E+00
  3.4137500E+03 -1.803E+01 -1.871E+01 -8.885E+00
  3.4142500E+03 -1.712E+01 -1.797E+01 -9.194E+00
  3.4147500E+03 -1.591E+01 -1.701E+01 -1.001E+01
  3.4152500E+03 -1.765E+01 -1.801E+01 -7.630E+00
  3.4157500E+03 -1.739E+01 -1.709E+01 -4.816E+00
  3.4162500E+03 -1.794E+01 -1.838E+01 -7.924E+00
  3.4167500E+03 -1.600E+01 -1.724E+01 -1.045E+01
  3.4172500E+03 -1.592E+01 -1.674E+01 -8.574E+00
  3.4177500E+03 -1.668E+01 -1.688E+01 -6.512E+00
  3.4182500E+03 -1.725E+01 -1.825E+01 -9.758E+00
  3.4187500E+03 -1.472E+01 -1.617E+01 -1.107E+01
  3.4192500E+03 -1.712E+01 -1.820E+01 -1.027E+01
  3.4197500E+03 -1.739E+01 -1.771E+01 -7.235E+00
  3.4202500E+03 -1.881E+01 -1.927E+01 -8.153E+00
  3.4207500E+03 -1.726E+01 -1.839E+01 -1.017E+01
  3.4212500E+03 -1.602E+01 -1.691E+01 -8.850E+00
  3.4217500E+03 -1.536E+01 -1.621E+01 -8.781E+00
  3.4222500E+03 -1.591E+01 -1.631E+01 -7.037E+00
  3.4227500E+03 -1.635E+01 -1.663E+01 -6.816E+00
  3.4232500E+03 -1.734E+01 -1.693E+01 -4.353E+00
  3.4237500E+03 -1.589E+01 -1.704E+01 -1.010E+01
  3.4242500E+03 -1.604E+01 -1.743E+01 -1.110E+01
  3.4247500E+03 -1.559E+01 -1.612E+01 -7.556E+00
  3.4252500E+03 -1.615E+01 -1.696E+01 -8.591E+00
  3.4257500E+03 -1.615E+01 -1.683E+01 -8.208E+00
  3.4262500E+03 -1.534E+01 -1.577E+01 -7.152E+00
  3.4267500E+03 -1.445E+01 -1.504E+01 -7.687E+00
  3.4272500E+03 -1.782E+01 -1.815E+01 -7.354E+00
  3.4277500E+03 -1.672E+01 -1.739E+01 -8.426E+00
  3.4282500E+03 -1.580E+01 -1.633E+01 -7.396E+00
  3.4287500E+03 -1.519E+01 -1.587E+01 -7.871E+00
  3.4292500E+03 -1.358E+01 -1.441E+01 -7.915E+00
  3.4297500E+03 -1.371E+01 -1.401E+01 -6.108E+00
  3.4302500E+03 -1.598E+01 -1.571E+01 -4.646E+00
  3.4307500E+03 -1.726E+01 -1.781E+01 -7.934E+00
  3.4312500E+03 -1.402E+01 -1.514E+01 -9.493E+00
  3.4317500E+03 -1.519E+01 -1.657E+01 -1.077E+01
  3.4322500E+03 -1.579E+01 -1.664E+01 -8.776E+00
  3.4327500E+03 -1.534E+01 -1.541E+01 -5.342E+00
  3.4332500E+03 -1.489E+01 -1.516E+01 -6.207E+00
  3.4337500E+03 -1.533E+01 -1.562E+01 -6.477E+00
  3.4342500E+03 -1.350E+01 -1.413E+01 -7.294E+00
  3.4347500E+03 -1.576E+01 -1.672E+01 -9.370E+00
  3.4352500E+03 -1.562E+01 -1.608E+01 -7.374E+00
  3.4357500E+03 -1.525E+01 -1.571E+01 -7.005E+00
  3.4362500E+03 -1.463E+01 -1.549E+01 -8.578E+00
  3.4367500E+03 -1.472E+01 -1.531E+01 -7.849E+00
  3.4372500E+03 -1.486E+01 -1.543E+01 -7.433E+00
  3.4377500E+03 -1.513E+01 -1.584E+01 -7.900E+00
  3.4382500E+03 -1.308E+01 -1.424E+01 -9.008E+00
  3.4387500E+03 -1.416E+01 -1.512E+01 -8.661E+00
  3.4392500E+03 -1.659E+01 -1.687E+01 -6.298E+00
  3.4397500E+03 -1.540E+01 -1.574E+01 -6.787E+00
  3.4402500E+03 -1.361E+01 -1.404E+01 -6.490E+00
  3.4407500E+03 -1.471E+01 -1.492E+01 -5.983E+00
  3.4412500E+03 -1.438E+01 -1.520E+01 -8.109E+00
  3.4417500E+03 -1.357E+01 -1.438E+01 -8.132E+00
  3.4422500E+03 -1.222E+01 -1.333E+01 -8.776E+00
  3.4427500E+03 -1.636E+01 -1.691E+01 -7.700E+00
  3.4432500E+03 -1.367E+01 -1.488E+01 -9.524E+00
  3.4437500E+03 -1.379E+01 -1.429E+01 -6.559E+00
  3.4442500E+03 -1.351E+01 -1.398E+01 -6.548E+00
  3.4447500E+03 -1.439E+01 -1.514E+01 -7.757E+00
  3.4452500E+03 -1.501E+01 -1.522E+01 -5.930E+00
  3.4457500E+03 -1.318E+01 -1.388E+01 -7.395E+00
  3.4462500E+03 -1.417E+01 -1.533E+01 -9.468E+00
  3.4467500E+03 -1.365E+01 -1.466E+01 -8.963E+00
  3.4472500E+03 -1.396E+01 -1.431E+01 -6.169E+00
  3.4477500E+03 -1.335E+01 -1.427E+01 -7.976E+00
  3.4482500E+03 -1.320E+01 -1.363E+01 -6.271E+00
  3.4487500E+03 -1.327E+01 -1.379E+01 -6.714E+00
  3.4492500E+03 -1.241E+01 -1.291E+01 -6.654E+00
  3.4497500E+03 -1.420E+01 -1.446E+01 -5.995E+00
  3.4502500E+03 -1.618E+01 -1.637E+01 -6.432E+00
  3.4507500E+03 -1.501E+01 -1.535E+01 -6.173E+00
  3.4512500E+03 -1.530E+01 -1.514E+01 -4.424E+00
  3.4517500E+03 -1.281E+01 -1.371E+01 -7.779E+00
  3.4522500E+03 -1.393E+01 -1.441E+01 -6.556E+00
  3.4527500E+03 -1.164E+01 -1.250E+01 -7.569E+00
  3.4532500E+03 -1.232E+01 -1.274E+01 -6.033E+00
  3.4537500E+03 -1.387E+01 -1.400E+01 -5.667E+00
  3.4542500E+03 -1.355E+01 -1.406E+01 -6.988E+00
  3.4547500E+03 -1.509E+01 -1.501E+01 -4.827E+00
  3.4552500E+03 -1.412E+01 -1.457E+01 -6.573E+00
  3.4557500E+03 -1.378E+01 -1.441E+01 -7.210E+00
  3.4562500E+03 -1.329E+01 -1.373E+01 -6.498E+00
  3.4567500E+03 -1.309E+01 -1.339E+01 -5.819E+00
  3.4572500E+03 -1.312E+01 -1.366E+01 -6.661E+00
  3.4577500E+03 -1.278E+01 -1.347E+01 -6.492E+00
  3.4582500E+03 -1.323E+01 -1.380E+01 -6.345E+00
  3.4587500E+03 -1.317E+01 -1.409E+01 -8.251E+00
  3.4592500E+03 -1.223E+01 -1.273E+01 -6.920E+00
  3.4597500E+03 -1.327E+01 -1.360E+01 -5.866E+00
  3.4602500E+03 -1.152E+01 -1.211E+01 -6.288E+00
  3.4607500E+03 -1.136E+01 -1.171E+01 -5.476E+00
  3.4612500E+03 -1.197E+01 -1.228E+01 -5.400E+00
  3.4617500E+03 -1.316E+01 -1.323E+01 -4.770E+00
  3.4622500E+03 -1.283E+01 -1.368E+01 -7.793E+00
  3.4627500E+03 -1.293E+01 -1.330E+01 -5.961E+00
  3.4632500E+03 -1.274E+01 -1.308E+01 -5.832E+00
  3.4637500E+03 -1.329E+01 -1.341E+01 -5.321E+00
  3.4642500E+03 -1.206E+01 -1.288E+01 -7.403E+00
  3.4647500E+03 -1.108E+01 -1.151E+01 -5.552E+00
  3.4652500E+03 -1.321E+01 -1.358E+01 -6.148E+00
  3.4657500E+03 -1.145E+01 -1.274E+01 -8.800E+00
  3.4662500E+03 -1.160E+01 -1.254E+01 -7.649E+00
  3.4667500E+03 -1.408E+01 -1.409E+01 -4.687E+00
  3.4672500E+03 -1.279E+01 -1.305E+01 -5.251E+00
  3.4677500E+03 -1.197E+01 -1.243E+01 -5.918E+00
  3.4682500E+03 -1.075E+01 -1.124E+01 -5.818E+00
  3.4687500E+03 -1.187E+01 -1.219E+01 -5.209E+00
  3.4692500E+03 -1.204E+01 -1.254E+01 -6.065E+00
  3.4697500E+03 -1.174E+01 -1.238E+01 -6.608E+00
  3.4702500E+03 -1.149E+01 -1.193E+01 -5.505E+00
  3.4707500E+03 -1.191E+01 -1.271E+01 -7.369E+00
  3.4712500E+03 -1.143E+01 -1.162E+01 -4.848E+00
  3.4717500E+03 -1.187E+01 -1.302E+01 -8.388E+00
  3.4722500E+03 -1.195E+01 -1.261E+01 -6.543E+00
  3.4727500E+03 -1.277E+01 -1.300E+01 -5.266E+00
  3.4732500E+03 -1.298E+01 -1.352E+01 -6.556E+00
  3.4737500E+03 -1.129E+01 -1.225E+01 -7.908E+00
  3.4742500E+03 -1.142E+01 -1.213E+01 -6.319E+00
  3.4747500E+03 -1.130E+01 -1.170E+01 -5.319E+00
  3.4752500E+03 -1.264E+01 -1.300E+01 -5.787E+00
  3.4757500E+03 -1.168E+01 -1.176E+01 -4.462E+00
  3.4762500E+03 -1.149E+01 -1.170E+01 -4.913E+00
  3.4767500E+03 -1.003E+01 -1.010E+01 -3.536E+00
  3.4772500E+03 -1.059E+01 -1.105E+01 -5.530E+00
  3.4777500E+03 -1.179E+01 -1.260E+01 -7.186E+00
  3.4782500E+03 -1.148E+01 -1.194E+01 -5.786E+00
  3.4787500E+03 -1.003E+01 -1.085E+01 -6.871E+00
  3.4792500E+03 -9.705E+00 -1.001E+01 -4.828E+00
  3.4797500E+03 -1.353E+01 -1.416E+01 -7.231E+00
  3.4802500E+03 -1.106E+01 -1.144E+01 -5.177E+00
  3.4807500E+03 -1.079E+01 -1.082E+01 -3.937E+00
  3.4812500E+03 -1.190E+01 -1.224E+01 -5.411E+00
  3.4817500E+03 -1.084E+01 -1.137E+01 -5.970E+00
  3.4822500E+03 -1.060E+01 -1.118E+01 -5.944E+00
  3.4827500E+03 -1.125E+01 -1.180E+01 -5.914E+00
  3.4832500E+03 -1.170E+01 -1.193E+01 -4.950E+00
  3.4837500E+03 -9.997E+00 -1.045E+01 -5.165E+00
  3.4842500E+03 -1.139E+01 -1.191E+01 -5.920E+00
  3.4847500E+03 -1.117E+01 -1.191E+01 -6.841E+00
  3.4852500E+03 -1.070E+01 -1.119E+01 -5.640E+00
  3.4857500E+03 -1.122E+01 -1.128E+01 -4.015E+00
  3.4862500E+03 -1.028E+01 -1.070E+01 -4.890E+00
  3.4867500E+03 -1.071E+01 -1.101E+01 -4.986E+00
  3.4872500E+03 -9.601E+00 -1.002E+01 -5.310E+00
  3.4877500E+03 -1.122E+01 -1.166E+01 -5.620E+00
  3.4882500E+03 -9.807E+00 -1.074E+01 -7.341E+00
  3.4887500E+03 -1.035E+01 -1.074E+01 -5.230E+00
  3.4892500E+03 -1.087E+01 -1.094E+01 -3.767E+00
  3.4897500E+03 -1.175E+01 -1.213E+01 -5.476E+00
  3.4902500E+03 -1.118E+01 -1.189E+01 -6.543E+00
  3.4907500E+03 -1.095E+01 -1.160E+01 -6.696E+00
  3.4912500E+03 -1.063E+01 -1.066E+01 -3.626E+00
  3.4917500E+03 -1.191E+01 -1.229E+01 -5.370E+00
  3.4922500E+03 -1.006E+01 -1.046E+01 -5.064E+00
  3.4927500E+03 -1.048E+01 -1.093E+01 -5.331E+00
  3.4932500E+03 -9.926E+00 -1.036E+01 -5.500E+00
  3.4937500E+03 -1.019E+01 -1.080E+01 -5.952E+00
  3.4942500E+03 -1.078E+01 -1.129E+01 -5.860E+00
  3.4947500E+03 -1.104E+01 -1.135E+01 -4.723E+00
  3.4952500E+03 -9.131E+00 -9.571E+00 -4.730E+00
  3.4957500E+03 -1.036E+01 -1.029E+01 -3.319E+00
  3.4962500E+03 -1.138E+01 -1.190E+01 -5.866E+00
  3.4967500E+03 -1.008E+01 -1.067E+01 -5.732E+00
  3.4972500E+03 -9.746E+00 -1.029E+01 -5.390E+00
  3.4977500E+03 -9.893E+00 -1.048E+01 -5.784E+00
  3.4982500E+03 -1.056E+01 -1.094E+01 -5.218E+00
  3.4987500E+03 -9.351E+00 -9.859E+00 -5.344E+00
  3.4992500E+03 -8.152E+00 -8.801E+00 -5.396E+00
  3.4997500E+03 -9.907E+00 -1.044E+01 -5.498E+00
  3.5002500E+03 -1.094E+01 -1.107E+01 -4.275E+00
  3.5007500E+03 -9.566E+00 -9.707E+00 -3.995E+00
  3.5012500E+03 -1.127E+01 -1.145E+01 -4.532E+00
  3.5017500E+03 -8.862E+00 -9.189E+00 -4.676E+00
  3.5022500E+03 -9.122E+00 -9.669E+00 -4.980E+00
  3.5027500E+03 -9.498E+00 -1.033E+01 -6.576E+00
  3.5032500E+03 -1.001E+01 -1.053E+01 -5.230E+00
  3.5037500E+03 -1.024E+01 -1.035E+01 -4.127E+00
  3.5042500E+03 -9.084E+00 -9.540E+00 -4.983E+00
  3.5047500E+03 -9.195E+00 -9.938E+00 -5.834E+00
  3.5052500E+03 -1.029E+01 -1.097E+01 -6.113E+00
  3.5057500E+03 -1.003E+01 -1.074E+01 -6.176E+00
  3.5062500E+03 -9.044E+00 -9.533E+00 -5.340E+00
  3.5067500E+03 -9.286E+00 -9.849E+00 -5.482E+00
  3.5072500E+03 -9.726E+00 -9.859E+00 -3.747E+00
  3.5077500E+03 -9.168E+00 -9.626E+00 -5.198E+00
  3.5082500E+03 -8.356E+00 -8.963E+00 -5.130E+00
  3.5087500E+03 -8.937E+00 -9.392E+00 -4.824E+00
  3.5092500E+03 -9.307E+00 -1.008E+01 -6.629E+00
  3.5097500E+03 -8.762E+00 -9.182E+00 -5.060E+00
  3.5102500E+03 -8.401E+00 -8.656E+00 -4.182E+00
  3.5107500E+03 -9.587E+00 -9.798E+00 -4.148E+00
  3.5112500E+03 -9.704E+00 -9.912E+00 -3.752E+00
  3.5117500E+03 -9.594E+00 -9.761E+00 -3.614E+00
  3.5122500E+03 -8.458E+00 -8.923E+00 -4.626E+00
  3.5127500E+03 -9.471E+00 -9.659E+00 -4.150E+00
  3.5132500E+03 -8.440E+00 -8.753E+00 -4.499E+00
  3.5137500E+03 -9.932E+00 -1.033E+01 -4.740E+00
  3.5142500E+03 -1.024E+01 -1.042E+01 -4.426E+00
  3.5147500E+03 -8.850E+00 -9.199E+00 -4.699E+00
  3.5152500E+03 -8.843E+00 -9.149E+00 -3.983E+00
  3.5157500E+03 -8.187E+00 -8.408E+00 -3.368E+00
  3.5162500E+03 -8.722E+00 -9.076E+00 -4.566E+00
  3.5167500E+03 -9.749E+00 -1.042E+01 -6.030E+00
  3.5172500E+03 -8.500E+00 -9.122E+00 -5.299E+00
  3.5177500E+03 -8.669E+00 -9.050E+00 -4.612E+00
  3.5182500E+03 -9.692E+00 -9.920E+00 -4.188E+00
  3.5187500E+03 -8.830E+00 -9.300E+00 -4.549E+00
  3.5192500E+03 -7.228E+00 -8.017E+00 -5.777E+00
  3.5197500E+03 -9.395E+00 -1.005E+01 -5.745E+00
  3.5202500E+03 -9.435E+00 -9.660E+00 -4.436E+00
  3.5207500E+03 -9.171E+00 -8.831E+00 -1.809E+00
  3.5212500E+03 -9.009E+00 -9.320E+00 -4.273E+00
  3.5217500E+03 -7.226E+00 -7.583E+00 -4.133E+00
  3.5222500E+03 -8.331E+00 -8.728E+00 -4.481E+00
  3.5227500E+03 -8.638E+00 -8.637E+00 -3.276E+00
  3.5232500E+03 -9.364E+00 -9.539E+00 -3.839E+00
  3.5237500E+03 -8.818E+00 -9.450E+00 -5.154E+00
  3.5242500E+03 -8.675E+00 -9.490E+00 -6.531E+00
  3.5247500E+03 -8.085E+00 -8.407E+00 -4.147E+00
  3.5252500E+03 -7.719E+00 -8.117E+00 -4.069E+00
  3.5257500E+03 -8.318E+00 -8.873E+00 -5.079E+00
  3.5262500E+03 -8.063E+00 -8.210E+00 -3.314E+00
  3.5267500E+03 -8.908E+00 -9.066E+00 -3.641E+00
  3.5272500E+03 -9.640E+00 -1.042E+01 -6.295E+00
  3.5277500E+03 -9.034E+00 -9.250E+00 -3.836E+00
  3.5282500E+03 -9.243E+00 -9.680E+00 -4.785E+00
  3.5287500E+03 -7.866E+00 -8.449E+00 -5.130E+00
  3.5292500E+03 -8.813E+00 -8.970E+00 -3.901E+00
  3.5297500E+03 -7.980E+00 -8.269E+00 -3.691E+00
  3.5302500E+03 -7.072E+00 -7.701E+00 -5.075E+00
  3.5307500E+03 -7.478E+00 -8.236E+00 -5.776E+00
  3.5312500E+03 -1.000E+01 -1.027E+01 -4.380E+00
  3.5317500E+03 -8.847E+00 -9.049E+00 -3.812E+00
  3.5322500E+03 -8.355E+00 -9.271E+00 -5.747E+00
  3.5327500E+03 -8.282E+00 -8.713E+00 -4.793E+00
  3.5332500E+03 -7.446E+00 -7.480E+00 -2.666E+00
  3.5337500E+03 -7.003E+00 -7.473E+00 -4.243E+00
  3.5342500E+03 -8.587E+00 -8.988E+00 -4.244E+00
  3.5347500E+03 -8.343E+00 -8.440E+00 -3.616E+00
  3.5352500E+03 -8.256E+00 -8.653E+00 -4.206E+00
  3.5357500E+03 -8.727E+00 -9.069E+00 -4.335E+00
  3.5362500E+03 -7.030E+00 -7.419E+00 -3.949E+00
  3.5367500E+03 -7.462E+00 -7.856E+00 -4.206E+00
  3.5372500E+03 -7.705E+00 -8.413E+00 -5.229E+00
  3.5377500E+03 -7.951E+00 -8.316E+00 -4.634E+00
  3.5382500E+03 -8.205E+00 -8.403E+00 -3.615E+00
  3.5387500E+03 -7.564E+00 -7.929E+00 -4.107E+00
  3.5392500E+03 -8.742E+00 -8.867E+00 -3.264E+00
  3.5397500E+03 -9.051E+00 -9.323E+00 -4.200E+00
  3.5402500E+03 -7.629E+00 -7.989E+00 -4.209E+00
  3.5407500E+03 -7.806E+00 -8.384E+00 -4.672E+00
  3.5412500E+03 -8.137E+00 -8.554E+00 -4.186E+00
  3.5417500E+03 -7.282E+00 -7.620E+00 -4.157E+00
  3.5422500E+03 -6.937E+00 -7.475E+00 -4.708E+00
  3.5427500E+03 -8.093E+00 -8.499E+00 -4.467E+00
  3.5432500E+03 -7.878E+00 -8.236E+00 -4.289E+00
  3.5437500E+03 -6.317E+00 -6.879E+00 -4.680E+00
  3.5442500E+03 -6.559E+00 -6.991E+00 -3.673E+00
  3.5447500E+03 -7.607E+00 -7.585E+00 -2.540E+00
  3.5452500E+03 -7.926E+00 -8.205E+00 -3.799E+00
  3.5457500E+03 -8.079E+00 -8.109E+00 -2.961E+00
  3.5462500E+03 -8.136E+00 -8.599E+00 -4.885E+00
  3.5467500E+03 -7.197E+00 -7.525E+00 -3.714E+00
  3.5472500E+03 -7.354E+00 -7.774E+00 -4.170E+00
  3.5477500E+03 -7.664E+00 -8.187E+00 -4.801E+00
  3.5482500E+03 -6.548E+00 -7.258E+00 -5.045E+00
  3.5487500E+03 -8.501E+00 -8.619E+00 -3.501E+00
  3.5492500E+03 -7.979E+00 -8.201E+00 -3.446E+00
  3.5497500E+03 -8.580E+00 -8.736E+00 -3.479E+00
  3.5502500E+03 -8.903E+00 -9.126E+00 -3.795E+00
  3.5507500E+03 -7.133E+00 -7.676E+00 -4.652E+00
  3.5512500E+03 -6.925E+00 -7.378E+00 -4.155E+00
  3.5517500E+03 -7.438E+00 -7.743E+00 -3.622E+00
  3.5522500E+03 -6.989E+00 -7.638E+00 -4.998E+00
  3.5527500E+03 -6.981E+00 -7.436E+00 -3.963E+00
  3.5532500E+03 -7.147E+00 -7.486E+00 -3.648E+00
  3.5537500E+03 -7.043E+00 -7.326E+00 -3.392E+00
  3.5542500E+03 -7.112E+00 -7.713E+00 -4.760E+00
  3.5547500E+03 -6.986E+00 -7.277E+00 -4.549E+00
  3.5552500E+03 -6.687E+00 -7.170E+00 -4.243E+00
  3.5557500E+03 -7.483E+00 -7.950E+00 -4.264E+00
  3.5562500E+03 -6.289E+00 -6.440E+00 -3.067E+00
  3.5567500E+03 -6.687E+00 -7.145E+00 -4.092E+00
  3.5572500E+03 -8.036E+00 -8.019E+00 -2.878E+00
  3.5577500E+03 -7.007E+00 -7.091E+00 -3.010E+00
  3.5582500E+03 -7.267E+00 -7.460E+00 -3.224E+00
  3.5587500E+03 -6.913E+00 -7.004E+00 -2.734E+00
  3.5592500E+03 -7.103E+00 -7.683E+00 -4.867E+00
  3.5597500E+03 -7.595E+00 -8.168E+00 -4.819E+00
  3.5602500E+03 -6.476E+00 -6.836E+00 -3.721E+00
  3.5607500E+03 -7.051E+00 -7.170E+00 -2.881E+00
  3.5612500E+03 -6.571E+00 -6.566E+00 -2.258E+00
  3.5617500E+03 -8.205E+00 -8.060E+00 -2.194E+00
  3.5622500E+03 -7.084E+00 -7.194E+00 -2.744E+00
  3.5627500E+03 -7.408E+00 -7.838E+00 -4.007E+00
  3.5632500E+03 -7.418E+00 -7.481E+00 -2.876E+00
  3.5637500E+03 -5.978E+00 -6.526E+00 -4.171E+00
  3.5642500E+03 -7.093E+00 -7.405E+00 -3.725E+00
  3.5647500E+03 -7.196E+00 -7.484E+00 -4.290E+00
  3.5652500E+03 -7.346E+00 -7.473E+00 -3.002E+00
  3.5657500E+03 -6.607E+00 -7.137E+00 -4.286E+00
  3.5662500E+03 -6.727E+00 -7.068E+00 -3.535E+00
  3.5667500E+03 -6.509E+00 -7.121E+00 -4.516E+00
  3.5672500E+03 -6.665E+00 -7.257E+00 -4.852E+00
  3.5677500E+03 -8.020E+00 -8.159E+00 -3.513E+00
  3.5682500E+03 -7.096E+00 -7.453E+00 -3.935E+00
  3.5687500E+03 -5.264E+00 -5.535E+00 -2.770E+00
  3.5692500E+03 -6.869E+00 -7.281E+00 -3.629E+00
  3.5697500E+03 -6.543E+00 -6.627E+00 -2.231E+00
  3.5702500E+03 -7.349E+00 -7.638E+00 -3.642E+00
  3.5707500E+03 -6.810E+00 -7.142E+00 -3.817E+00
  3.5712500E+03 -6.433E+00 -6.983E+00 -4.310E+00
  3.5717500E+03 -6.451E+00 -6.426E+00 -2.067E+00
  3.5722500E+03 -6.578E+00 -6.784E+00 -3.189E+00
  3.5727500E+03 -6.586E+00 -7.078E+00 -4.178E+00
  3.5732500E+03 -7.222E+00 -7.753E+00 -4.590E+00
  3.5737500E+03 -6.405E+00 -6.443E+00 -2.285E+00
  3.5742500E+03 -6.748E+00 -6.967E+00 -3.110E+00
  3.5747500E+03 -6.743E+00 -6.820E+00 -2.961E+00
  3.5752500E+03 -6.472E+00 -6.639E+00 -2.658E+00
  3.5757500E+03 -5.172E+00 -5.583E+00 -4.066E+00
  3.5762500E+03 -6.372E+00 -6.866E+00 -4.125E+00
  3.5767500E+03 -6.421E+00 -7.154E+00 -5.077E+00
  3.5772500E+03 -6.923E+00 -7.232E+00 -3.429E+00
  3.5777500E+03 -5.327E+00 -5.842E+00 -3.773E+00
  3.5782500E+03 -5.783E+00 -6.301E+00 -3.855E+00
  3.5787500E+03 -6.542E+00 -6.663E+00 -3.016E+00
  3.5792500E+03 -7.126E+00 -7.136E+00 -2.432E+00
  3.5797500E+03 -7.213E+00 -6.992E+00 -1.591E+00
  3.5802500E+03 -6.735E+00 -7.191E+00 -3.945E+00
  3.5807500E+03 -6.719E+00 -7.039E+00 -3.833E+00
  3.5812500E+03 -6.415E+00 -6.939E+00 -4.201E+00
  3.5817500E+03 -6.172E+00 -6.180E+00 -2.355E+00
  3.5822500E+03 -5.500E+00 -6.085E+00 -4.305E+00
  3.5827500E+03 -6.550E+00 -6.701E+00 -2.814E+00
  3.5832500E+03 -6.587E+00 -6.876E+00 -3.729E+00
  3.5837500E+03 -5.538E+00 -5.578E+00 -2.231E+00
  3.5842500E+03 -5.731E+00 -5.915E+00 -2.708E+00
  3.5847500E+03 -6.219E+00 -6.597E+00 -3.310E+00
  3.5852500E+03 -5.527E+00 -5.880E+00 -3.420E+00
  3.5857500E+03 -6.523E+00 -6.484E+00 -2.121E+00
  3.5862500E+03 -7.303E+00 -7.242E+00 -2.176E+00
  3.5867500E+03 -6.603E+00 -6.695E+00 -2.548E+00
  3.5872500E+03 -6.813E+00 -7.350E+00 -4.418E+00
  3.5877500E+03 -6.757E+00 -6.919E+00 -2.763E+00
  3.5882500E+03 -6.058E+00 -6.388E+00 -3.571E+00
  3.5887500E+03 -5.499E+00 -6.065E+00 -4.220E+00
  3.5892500E+03 -4.669E+00 -5.104E+00 -3.612E+00
  3.5897500E+03 -6.004E+00 -6.512E+00 -4.004E+00
  3.5902500E+03 -5.562E+00 -5.995E+00 -3.317E+00
  3.5907500E+03 -5.517E+00 -5.812E+00 -3.018E+00
  3.5912500E+03 -6.961E+00 -7.172E+00 -3.094E+00
  3.5917500E+03 -6.092E+00 -5.993E+00 -1.982E+00
  3.5922500E+03 -6.896E+00 -7.100E+00 -3.084E+00
  3.5927500E+03 -5.390E+00 -5.897E+00 -3.828E+00
  3.5932500E+03 -5.757E+00 -6.205E+00 -3.724E+00
  3.5937500E+03 -4.627E+00 -4.900E+00 -2.662E+00
  3.5942500E+03 -5.968E+00 -6.336E+00 -3.314E+00
  3.5947500E+03 -5.213E+00 -5.490E+00 -3.150E+00
  3.5952500E+03 -6.460E+00 -6.480E+00 -2.110E+00
  3.5957500E+03 -6.477E+00 -6.794E+00 -3.036E+00
  3.5962500E+03 -4.808E+00 -5.097E+00 -3.036E+00
  3.5967500E+03 -5.920E+00 -6.204E+00 -3.289E+00
  3.5972500E+03 -6.118E+00 -6.289E+00 -2.866E+00
  3.5977500E+03 -6.122E+00 -6.377E+00 -3.179E+00
  3.5982500E+03 -5.623E+00 -5.713E+00 -2.068E+00
  3.5987500E+03 -5.255E+00 -5.676E+00 -3.585E+00
  3.5992500E+03 -5.662E+00 -6.044E+00 -3.319E+00
  3.5997500E+03 -5.302E+00 -5.717E+00 -3.110E+00
  3.6002500E+03 -5.960E+00 -6.325E+00 -3.360E+00
  3.6007500E+03 -6.208E+00 -6.159E+00 -1.942E+00
  3.6012500E+03 -6.148E+00 -6.255E+00 -2.406E+00
  3.6017500E+03 -4.831E+00 -5.207E+00 -3.267E+00
  3.6022500E+03 -5.186E+00 -5.657E+00 -3.739E+00
  3.6027500E+03 -5.955E+00 -6.312E+00 -3.476E+00
  3.6032500E+03 -5.192E+00 -5.608E+00 -3.336E+00
  3.6037500E+03 -6.143E+00 -6.323E+00 -2.943E+00
  3.6042500E+03 -5.375E+00 -5.666E+00 -2.849E+00
  3.6047500E+03 -5.112E+00 -5.437E+00 -3.176E+00
  3.6052500E+03 -5.560E+00 -5.844E+00 -2.876E+00
  3.6057500E+03 -5.299E+00 -5.774E+00 -3.612E+00
  3.6062500E+03 -5.206E+00 -5.505E+00 -2.902E+00
  3.6067500E+03 -5.613E+00 -5.674E+00 -2.185E+00
  3.6072500E+03 -5.551E+00 -5.622E+00 -2.425E+00
  3.6077500E+03 -6.285E+00 -6.510E+00 -3.277E+00
  3.6082500E+03 -5.772E+00 -5.835E+00 -1.968E+00
  3.6087500E+03 -5.028E+00 -5.474E+00 -3.499E+00
  3.6092500E+03 -4.388E+00 -4.593E+00 -2.467E+00
  3.6097500E+03 -4.854E+00 -5.143E+00 -2.734E+00
  3.6102500E+03 -5.264E+00 -5.494E+00 -2.351E+00
  3.6107500E+03 -4.546E+00 -5.104E+00 -3.555E+00
  3.6112500E+03 -5.193E+00 -5.406E+00 -3.211E+00
  3.6117500E+03 -4.736E+00 -4.859E+00 -2.398E+00
  3.6122500E+03 -5.241E+00 -5.413E+00 -2.714E+00
  3.6127500E+03 -6.120E+00 -6.555E+00 -3.850E+00
  3.6132500E+03 -6.004E+00 -5.994E+00 -1.876E+00
  3.6137500E+03 -6.803E+00 -6.753E+00 -1.971E+00
  3.6142500E+03 -6.107E+00 -6.234E+00 -2.905E+00
  3.6147500E+03 -5.529E+00 -5.990E+00 -3.561E+00
  3.6152500E+03 -4.878E+00 -5.082E+00 -2.378E+00
  3.6157500E+03 -5.493E+00 -5.496E+00 -2.016E+00
  3.6162500E+03 -5.924E+00 -5.986E+00 -2.256E+00
  3.6167500E+03 -5.614E+00 -5.644E+00 -1.968E+00
  3.6172500E+03 -4.830E+00 -5.076E+00 -2.878E+00
  3.6177500E+03 -4.525E+00 -4.705E+00 -2.333E+00
  3.6182500E+03 -5.369E+00 -5.508E+00 -2.146E+00
  3.6187500E+03 -4.919E+00 -5.015E+00 -2.025E+00
  3.6192500E+03 -4.793E+00 -4.981E+00 -2.182E+00
  3.6197500E+03 -4.052E+00 -4.418E+00 -3.257E+00
  3.6202500E+03 -4.771E+00 -4.979E+00 -2.613E+00
  3.6207500E+03 -5.980E+00 -6.480E+00 -3.892E+00
  3.6212500E+03 -5.689E+00 -5.783E+00 -2.301E+00
  3.6217500E+03 -5.508E+00 -5.660E+00 -2.202E+00
  3.6222500E+03 -5.131E+00 -5.542E+00 -2.988E+00
  3.6227500E+03 -5.351E+00 -5.417E+00 -2.332E+00
  3.6232500E+03 -4.355E+00 -4.625E+00 -2.282E+00
  3.6237500E+03 -4.082E+00 -4.377E+00 -2.718E+00
  3.6242500E+03 -4.643E+00 -4.760E+00 -2.750E+00
  3.6247500E+03 -5.002E+00 -4.798E+00 -1.448E+00
  3.6252500E+03 -4.363E+00 -4.706E+00 -2.820E+00
  3.6257500E+03 -5.695E+00 -6.213E+00 -3.892E+00
  3.6262500E+03 -4.606E+00 -4.745E+00 -2.299E+00
  3.6267500E+03 -5.377E+00 -5.585E+00 -2.370E+00
  3.6272500E+03 -5.055E+00 -5.394E+00 -2.958E+00
  3.6277500E+03 -5.114E+00 -5.146E+00 -2.015E+00
  3.6282500E+03 -5.131E+00 -5.303E+00 -2.354E+00
  3.6287500E+03 -5.214E+00 -5.369E+00 -2.552E+00
  3.6292500E+03 -5.385E+00 -5.435E+00 -2.091E+00
  3.6297500E+03 -4.891E+00 -5.063E+00 -2.314E+00
  3.6302500E+03 -4.829E+00 -5.558E+00 -3.088E+00
  3.6307500E+03 -5.072E+00 -5.309E+00 -2.567E+00
  3.6312500E+03 -4.023E+00 -4.346E+00 -2.907E+00
  3.6317500E+03 -4.095E+00 -4.264E+00 -2.219E+00
  3.6322500E+03 -5.042E+00 -4.960E+00 -1.633E+00
  3.6327500E+03 -5.183E+00 -5.595E+00 -3.410E+00
  3.6332500E+03 -4.609E+00 -4.952E+00 -3.242E+00
  3.6337500E+03 -4.836E+00 -5.037E+00 -2.589E+00
  3.6342500E+03 -4.401E+00 -4.745E+00 -2.906E+00
  3.6347500E+03 -4.567E+00 -5.049E+00 -3.524E+00
  3.6352500E+03 -4.931E+00 -4.877E+00 -1.264E+00
  3.6357500E+03 -3.911E+00 -4.051E+00 -2.221E+00
  3.6362500E+03 -4.859E+00 -5.109E+00 -2.953E+00
  3.6367500E+03 -5.316E+00 -5.535E+00 -2.549E+00
  3.6372500E+03 -4.055E+00 -4.248E+00 -2.515E+00
  3.6377500E+03 -4.407E+00 -4.618E+00 -2.357E+00
  3.6382500E+03 -5.104E+00 -5.228E+00 -2.108E+00
  3.6387500E+03 -5.210E+00 -5.450E+00 -2.674E+00
  3.6392500E+03 -5.021E+00 -5.100E+00 -2.047E+00
  3.6397500E+03 -4.183E+00 -4.705E+00 -3.624E+00
  3.6402500E+03 -4.281E+00 -4.603E+00 -2.885E+00
  3.6407500E+03 -4.857E+00 -5.245E+00 -3.550E+00
  3.6412500E+03 -4.360E+00 -4.774E+00 -2.923E+00
  3.6417500E+03 -4.372E+00 -5.245E+00 -2.403E+00
  3.6422500E+03 -4.347E+00 -4.848E+00 -3.402E+00
  3.6427500E+03 -4.494E+00 -4.419E+00 -1.206E+00
  3.6432500E+03 -5.422E+00 -5.715E+00 -3.102E+00
  3.6437500E+03 -4.686E+00 -4.836E+00 -2.101E+00
  3.6442500E+03 -3.650E+00 -3.737E+00 -1.633E+00
  3.6447500E+03 -4.124E+00 -4.402E+00 -2.751E+00
  3.6452500E+03 -4.218E+00 -4.346E+00 -1.984E+00
  3.6457500E+03 -4.648E+00 -4.781E+00 -2.219E+00
  3.6462500E+03 -4.604E+00 -5.020E+00 -3.506E+00
  3.6467500E+03 -4.766E+00 -4.910E+00 -2.100E+00
  3.6472500E+03 -4.469E+00 -5.213E+00 -4.100E+00
  3.6477500E+03 -3.984E+00 -4.338E+00 -2.929E+00
  3.6482500E+03 -5.068E+00 -5.173E+00 -2.527E+00
  3.6487500E+03 -4.103E+00 -4.367E+00 -2.491E+00
  3.6492500E+03 -5.164E+00 -5.258E+00 -2.136E+00
  3.6497500E+03 -4.068E+00 -4.117E+00 -1.886E+00
  3.6502500E+03 -4.390E+00 -4.711E+00 -2.500E+00
  3.6507500E+03 -4.306E+00 -4.360E+00 -1.781E+00
  3.6512500E+03 -3.723E+00 -4.071E+00 -2.639E+00
  3.6517500E+03 -4.754E+00 -4.883E+00 -2.149E+00
  3.6522500E+03 -4.030E+00 -4.044E+00 -1.558E+00
  3.6527500E+03 -4.134E+00 -4.291E+00 -2.188E+00
  3.6532500E+03 -4.953E+00 -4.910E+00 -1.826E+00
  3.6537500E+03 -5.734E+00 -5.982E+00 -2.573E+00
  3.6542500E+03 -4.501E+00 -4.612E+00 -1.824E+00
  3.6547500E+03 -3.682E+00 -3.839E+00 -1.947E+00
  3.6552500E+03 -3.823E+00 -4.207E+00 -2.918E+00
  3.6557500E+03 -3.760E+00 -3.835E+00 -1.557E+00
  3.6562500E+03 -4.265E+00 -4.655E+00 -2.605E+00
  3.6567500E+03 -4.229E+00 -4.446E+00 -2.182E+00
  3.6572500E+03 -3.878E+00 -4.047E+00 -2.179E+00
  3.6577500E+03 -4.150E+00 -4.448E+00 -2.672E+00
  3.6582500E+03 -3.907E+00 -4.178E+00 -2.853E+00
  3.6587500E+03 -5.319E+00 -4.876E+00 -1.726E+00
  3.6592500E+03 -3.973E+00 -4.237E+00 -3.087E+00
  3.6597500E+03 -4.480E+00 -4.443E+00 -2.977E+00
  3.6602500E+03 -4.583E+00 -4.568E+00 -1.849E+00
  3.6607500E+03 -4.865E+00 -5.050E+00 -1.989E+00
  3.6612500E+03 -5.175E+00 -5.251E+00 -1.957E+00
  3.6617500E+03 -4.106E+00 -4.378E+00 -2.676E+00
  3.6622500E+03 -4.571E+00 -5.127E+00 -3.240E+00
  3.6627500E+03 -4.281E+00 -4.616E+00 -2.533E+00
  3.6632500E+03 -4.084E+00 -4.609E+00 -4.109E+00
  3.6637500E+03 -4.037E+00 -3.861E+00 -1.485E+00
  3.6642500E+03 -4.281E+00 -4.198E+00 -8.032E-01
  3.6647500E+03 -3.986E+00 -4.165E+00 -1.654E+00
  3.6652500E+03 -5.154E+00 -5.218E+00 -1.744E+00
  3.6657500E+03 -4.542E+00 -4.967E+00 -3.130E+00
  3.6662500E+03 -4.242E+00 -4.281E+00 -1.589E+00
  3.6667500E+03 -3.882E+00 -4.039E+00 -1.827E+00
  3.6672500E+03 -3.690E+00 -3.938E+00 -2.149E+00
  3.6677500E+03 -3.827E+00 -3.914E+00 -2.007E+00
  3.6682500E+03 -4.323E+00 -4.520E+00 -2.472E+00
  3.6687500E+03 -3.519E+00 -3.863E+00 -2.523E+00
  3.6692500E+03 -3.242E+00 -3.542E+00 -2.401E+00
  3.6697500E+03 -3.722E+00 -3.908E+00 -2.150E+00
  3.6702500E+03 -4.189E+00 -4.499E+00 -2.389E+00
  3.6707500E+03 -4.203E+00 -4.245E+00 -2.602E+00
  3.6712500E+03 -4.189E+00 -4.223E+00 -1.912E+00
  3.6717500E+03 -4.094E+00 -4.147E+00 -1.554E+00
  3.6722500E+03 -3.529E+00 -3.511E+00 -1.911E+00
  3.6727500E+03 -4.537E+00 -4.766E+00 -2.017E+00
  3.6732500E+03 -4.510E+00 -4.663E+00 -2.183E+00
  3.6737500E+03 -4.320E+00 -4.633E+00 -2.371E+00
  3.6742500E+03 -3.911E+00 -3.815E+00 -1.884E+00
  3.6747500E+03 -4.075E+00 -4.329E+00 -2.145E+00
  3.6752500E+03 -3.951E+00 -4.126E+00 -2.305E+00
  3.6757500E+03 -3.264E+00 -3.720E+00 -2.687E+00
  3.6762500E+03 -3.460E+00 -3.525E+00 -1.356E+00
  3.6767500E+03 -3.828E+00 -3.667E+00 -5.674E-01
  3.6772500E+03 -3.685E+00 -3.839E+00 -1.136E+00
  3.6777500E+03 -3.953E+00 -4.398E+00 -2.875E+00
  3.6782500E+03 -4.206E+00 -4.381E+00 -2.051E+00
  3.6787500E+03 -3.910E+00 -4.214E+00 -2.182E+00
  3.6792500E+03 -4.255E+00 -4.342E+00 -1.453E+00
  3.6797500E+03 -4.374E+00 -4.569E+00 -2.292E+00
  3.6802500E+03 -4.066E+00 -4.384E+00 -2.646E+00
  3.6807500E+03 -3.855E+00 -4.085E+00 -2.028E+00
  3.6812500E+03 -3.310E+00 -3.467E+00 -2.049E+00
  3.6817500E+03 -4.028E+00 -4.112E+00 -1.907E+00
  3.6822500E+03 -3.680E+00 -3.944E+00 -2.163E+00
  3.6827500E+03 -3.839E+00 -3.924E+00 -1.549E+00
  3.6832500E+03 -3.859E+00 -3.990E+00 -1.770E+00
  3.6837500E+03 -3.923E+00 -4.276E+00 -2.408E+00
  3.6842500E+03 -4.587E+00 -4.607E+00 -1.332E+00
  3.6847500E+03 -3.791E+00 -3.921E+00 -1.941E+00
  3.6852500E+03 -3.332E+00 -3.715E+00 -2.693E+00
  3.6857500E+03 -3.022E+00 -3.067E+00 -8.546E-01
  3.6862500E+03 -3.520E+00 -3.673E+00 -1.987E+00
  3.6867500E+03 -4.089E+00 -4.213E+00 -1.965E+00
  3.6872500E+03 -3.763E+00 -4.028E+00 -2.538E+00
  3.6877500E+03 -3.429E+00 -3.912E+00 -3.165E+00
  3.6882500E+03 -4.204E+00 -4.463E+00 -2.435E+00
  3.6887500E+03 -4.481E+00 -4.564E+00 -1.529E+00
  3.6892500E+03 -3.359E+00 -3.491E+00 -1.966E+00
  3.6897500E+03 -3.091E+00 -2.971E+00 -1.111E+00
  3.6902500E+03 -4.397E+00 -4.422E+00 -1.642E+00
  3.6907500E+03 -3.606E+00 -3.901E+00 -2.482E+00
  3.6912500E+03 -2.770E+00 -3.171E+00 -2.560E+00
  3.6917500E+03 -3.215E+00 -3.357E+00 -1.520E+00
  3.6922500E+03 -3.204E+00 -3.638E+00 -2.961E+00
  3.6927500E+03 -3.547E+00 -3.854E+00 -1.541E+00
  3.6932500E+03 -3.452E+00 -3.555E+00 -1.521E+00
  3.6937500E+03 -3.505E+00 -3.815E+00 -2.081E+00
  3.6942500E+03 -4.333E+00 -4.640E+00 -2.493E+00
  3.6947500E+03 -3.621E+00 -3.903E+00 -2.166E+00
  3.6952500E+03 -3.208E+00 -3.142E+00 -8.818E-01
  3.6957500E+03 -3.316E+00 -3.496E+00 -1.995E+00
  3.6962500E+03 -4.218E+00 -4.374E+00 -2.105E+00
  3.6967500E+03 -3.462E+00 -3.664E+00 -1.881E+00
  3.6972500E+03 -3.385E+00 -3.427E+00 -3.005E+00
  3.6977500E+03 -2.590E+00 -2.940E+00 -2.806E+00
  3.6982500E+03 -3.135E+00 -3.111E+00 -1.188E+00
  3.6987500E+03 -3.785E+00 -3.694E+00 -6.938E-01
  3.6992500E+03 -3.217E+00 -3.474E+00 -2.265E+00
  3.6997500E+03 -3.105E+00 -3.278E+00 -1.832E+00
  3.7002500E+03 -3.285E+00 -3.332E+00 -1.272E+00
  3.7007500E+03 -3.302E+00 -3.318E+00 -1.245E+00
  3.7012500E+03 -3.280E+00 -3.514E+00 -1.925E+00
  3.7017500E+03 -2.952E+00 -3.343E+00 -2.499E+00
  3.7022500E+03 -3.923E+00 -4.147E+00 -2.270E+00
  3.7027500E+03 -3.297E+00 -3.217E+00 -8.859E-01
  3.7032500E+03 -3.673E+00 -3.572E+00 -6.941E-01
  3.7037500E+03 -3.074E+00 -3.365E+00 -2.214E+00
  3.7042500E+03 -4.110E+00 -4.011E+00 -9.133E-01
  3.7047500E+03 -3.345E+00 -3.605E+00 -1.979E+00
  3.7052500E+03 -4.054E+00 -4.207E+00 -1.767E+00
  3.7057500E+03 -3.020E+00 -2.971E+00 -9.895E-01
  3.7062500E+03 -3.540E+00 -3.798E+00 -2.303E+00
  3.7067500E+03 -3.281E+00 -3.687E+00 -2.843E+00
  3.7072500E+03 -2.910E+00 -3.080E+00 -1.318E+00
  3.7077500E+03 -2.928E+00 -3.118E+00 -1.933E+00
  3.7082500E+03 -2.791E+00 -3.115E+00 -2.485E+00
  3.7087500E+03 -3.723E+00 -3.890E+00 -1.864E+00
  3.7092500E+03 -2.983E+00 -3.012E+00 -1.351E+00
  3.7097500E+03 -3.117E+00 -3.342E+00 -1.994E+00
  3.7102500E+03 -2.933E+00 -3.124E+00 -1.737E+00
  3.7107500E+03 -3.699E+00 -3.652E+00 -1.050E+00
  3.7112500E+03 -3.505E+00 -3.744E+00 -2.261E+00
  3.7117500E+03 -3.051E+00 -3.233E+00 -1.939E+00
  3.7122500E+03 -3.177E+00 -3.515E+00 -2.525E+00
  3.7127500E+03 -3.500E+00 -3.475E+00 -1.040E+00
  3.7132500E+03 -3.118E+00 -3.205E+00 -1.290E+00
  3.7137500E+03 -3.084E+00 -3.229E+00 -1.724E+00
  3.7142500E+03 -3.142E+00 -3.295E+00 -1.664E+00
  3.7147500E+03 -3.949E+00 -3.911E+00 -1.218E+00
  3.7152500E+03 -2.629E+00 -2.812E+00 -1.952E+00
  3.7157500E+03 -3.928E+00 -4.091E+00 -1.746E+00
  3.7162500E+03 -3.239E+00 -3.496E+00 -2.061E+00
  3.7167500E+03 -3.557E+00 -3.798E+00 -2.302E+00
  3.7172500E+03 -3.300E+00 -3.606E+00 -2.133E+00
  3.7177500E+03 -2.972E+00 -3.321E+00 -2.404E+00
  3.7182500E+03 -3.252E+00 -3.210E+00 -1.107E+00
  3.7187500E+03 -3.101E+00 -3.218E+00 -1.502E+00
  3.7192500E+03 -2.978E+00 -3.096E+00 -1.376E+00
  3.7197500E+03 -3.031E+00 -3.444E+00 -2.601E+00
  3.7202500E+03 -2.895E+00 -2.916E+00 -1.431E+00
  3.7207500E+03 -3.642E+00 -3.676E+00 -1.295E+00
  3.7212500E+03 -2.840E+00 -3.108E+00 -2.043E+00
  3.7217500E+03 -3.026E+00 -3.191E+00 -1.416E+00
  3.7222500E+03 -2.735E+00 -2.708E+00 -9.068E-01
  3.7227500E+03 -3.510E+00 -3.424E+00 -8.632E-01
  3.7232500E+03 -3.142E+00 -3.250E+00 -1.872E+00
  3.7237500E+03 -2.779E+00 -2.994E+00 -1.664E+00
  3.7242500E+03 -2.983E+00 -3.177E+00 -1.951E+00
  3.7247500E+03 -3.657E+00 -3.748E+00 -1.831E+00
  3.7252500E+03 -2.839E+00 -2.945E+00 -1.509E+00
  3.7257500E+03 -3.073E+00 -3.222E+00 -1.607E+00
  3.7262500E+03 -3.138E+00 -3.392E+00 -2.071E+00
  3.7267500E+03 -3.402E+00 -3.566E+00 -1.828E+00
  3.7272500E+03 -4.099E+00 -4.206E+00 -1.833E+00
  3.7277500E+03 -2.967E+00 -2.946E+00 -1.571E+00
  3.7282500E+03 -2.718E+00 -2.895E+00 -1.503E+00
  3.7287500E+03 -2.977E+00 -3.240E+00 -1.072E+00
  3.7292500E+03 -3.500E+00 -3.822E+00 -2.371E+00
  3.7297500E+03 -3.603E+00 -4.019E+00 -2.725E+00
  3.7302500E+03 -3.122E+00 -3.251E+00 -1.645E+00
  3.7307500E+03 -2.581E+00 -2.733E+00 -1.406E+00
  3.7312500E+03 -3.100E+00 -3.094E+00 -1.194E+00
  3.7317500E+03 -2.900E+00 -2.925E+00 -9.223E-01
  3.7322500E+03 -2.584E+00 -2.880E+00 -2.187E+00
  3.7327500E+03 -2.744E+00 -2.975E+00 -1.813E+00
  3.7332500E+03 -2.673E+00 -2.814E+00 -1.320E+00
  3.7337500E+03 -3.330E+00 -3.387E+00 -1.560E+00
  3.7342500E+03 -2.962E+00 -2.876E+00 -1.140E+00
  3.7347500E+03 -2.376E+00 -2.589E+00 -2.186E+00
  3.7352500E+03 -3.700E+00 -3.949E+00 -2.242E+00
  3.7357500E+03 -2.861E+00 -2.981E+00 -1.551E+00
  3.7362500E+03 -3.240E+00 -3.464E+00 -2.003E+00
  3.7367500E+03 -3.269E+00 -3.340E+00 -1.174E+00
  3.7372500E+03 -2.642E+00 -2.867E+00 -1.836E+00
  3.7377500E+03 -3.620E+00 -3.700E+00 -1.459E+00
  3.7382500E+03 -3.116E+00 -3.467E+00 -2.375E+00
  3.7387500E+03 -3.023E+00 -2.948E+00 -5.209E-01
  3.7392500E+03 -2.841E+00 -2.932E+00 -1.306E+00
  3.7397500E+03 -3.114E+00 -3.116E+00 -1.238E+00
  3.7402500E+03 -3.011E+00 -3.172E+00 -1.384E+00
  3.7407500E+03 -3.279E+00 -3.303E+00 -8.955E-01
  3.7412500E+03 -3.205E+00 -3.297E+00 -1.911E+00
  3.7417500E+03 -2.398E+00 -2.418E+00 -1.075E+00
  3.7422500E+03 -3.067E+00 -3.170E+00 -1.543E+00
  3.7427500E+03 -3.013E+00 -2.925E+00 -6.814E-01
  3.7432500E+03 -2.271E+00 -2.363E+00 -9.769E-01
  3.7437500E+03 -2.410E+00 -2.758E+00 -2.109E+00
  3.7442500E+03 -3.108E+00 -3.246E+00 -1.575E+00
  3.7447500E+03 -3.576E+00 -3.588E+00 -1.307E+00
  3.7452500E+03 -2.823E+00 -3.118E+00 -2.304E+00
  3.7457500E+03 -2.983E+00 -3.120E+00 -1.431E+00
  3.7462500E+03 -2.485E+00 -2.841E+00 -2.451E+00
  3.7467500E+03 -2.141E+00 -2.378E+00 -1.935E+00
  3.7472500E+03 -3.572E+00 -3.554E+00 -1.494E+00
  3.7477500E+03 -3.063E+00 -3.299E+00 -1.800E+00
  3.7482500E+03 -2.093E+00 -2.399E+00 -1.963E+00
  3.7487500E+03 -2.498E+00 -2.515E+00 -8.296E-01
  3.7492500E+03 -2.786E+00 -2.806E+00 -1.123E+00
  3.7497500E+03 -2.566E+00 -2.811E+00 -1.926E+00
  3.7502500E+03 -2.129E+00 -2.549E+00 -2.131E+00
  3.7507500E+03 -2.584E+00 -2.934E+00 -2.307E+00
  3.7512500E+03 -2.808E+00 -2.962E+00 -1.563E+00
  3.7517500E+03 -3.201E+00 -3.305E+00 -1.344E+00
  3.7522500E+03 -3.144E+00 -3.152E+00 -9.138E-01
  3.7527500E+03 -2.490E+00 -2.470E+00 -9.421E-01
  3.7532500E+03 -2.948E+00 -2.747E+00 -5.089E-01
  3.7537500E+03 -2.945E+00 -3.079E+00 -1.491E+00
  3.7542500E+03 -2.714E+00 -2.728E+00 -1.206E+00
  3.7547500E+03 -2.561E+00 -2.702E+00 -1.365E+00
  3.7552500E+03 -2.337E+00 -2.415E+00 -1.272E+00
  3.7557500E+03 -2.622E+00 -2.782E+00 -1.520E+00
  3.7562500E+03 -2.385E+00 -2.508E+00 -1.417E+00
  3.7567500E+03 -3.045E+00 -3.278E+00 -2.174E+00
  3.7572500E+03 -3.103E+00 -3.399E+00 -1.875E+00
  3.7577500E+03 -2.552E+00 -2.793E+00 -1.609E+00
  3.7582500E+03 -2.374E+00 -2.322E+00 -8.104E-01
  3.7587500E+03 -2.266E+00 -2.463E+00 -1.507E+00
  3.7592500E+03 -3.531E+00 -3.647E+00 -1.137E+00
  3.7597500E+03 -2.844E+00 -3.248E+00 -2.314E+00
  3.7602500E+03 -2.122E+00 -2.257E+00 -1.286E+00
  3.7607500E+03 -2.449E+00 -2.772E+00 -2.393E+00
  3.7612500E+03 -2.579E+00 -2.627E+00 -1.076E+00
  3.7617500E+03 -3.001E+00 -3.078E+00 -1.352E+00
  3.7622500E+03 -2.632E+00 -2.655E+00 -1.176E+00
  3.7627500E+03 -2.611E+00 -2.896E+00 -1.967E+00
  3.7632500E+03 -2.691E+00 -2.795E+00 -1.399E+00
  3.7637500E+03 -2.676E+00 -2.762E+00 -1.383E+00
  3.7642500E+03 -3.427E+00 -3.506E+00 -7.765E-01
  3.7647500E+03 -2.335E+00 -2.356E+00 -7.608E-01
  3.7652500E+03 -2.305E+00 -2.435E+00 -1.413E+00
  3.7657500E+03 -2.715E+00 -2.876E+00 -1.487E+00
  3.7662500E+03 -2.251E+00 -2.482E+00 -1.775E+00
  3.7667500E+03 -2.608E+00 -2.744E+00 -1.429E+00
  3.7672500E+03 -3.456E+00 -3.595E+00 -1.451E+00
  3.7677500E+03 -2.458E+00 -2.606E+00 -1.557E+00
  3.7682500E+03 -2.143E+00 -2.270E+00 -1.415E+00
  3.7687500E+03 -2.581E+00 -2.486E+00 -5.162E-01
  3.7692500E+03 -3.039E+00 -2.965E+00 -6.557E-01
  3.7697500E+03 -2.263E+00 -2.386E+00 -1.376E+00
  3.7702500E+03 -2.921E+00 -3.173E+00 -1.865E+00
  3.7707500E+03 -2.680E+00 -2.869E+00 -1.460E+00
  3.7712500E+03 -2.798E+00 -3.008E+00 -1.775E+00
  3.7717500E+03 -1.954E+00 -2.295E+00 -2.291E+00
  3.7722500E+03 -1.824E+00 -1.904E+00 -1.106E+00
  3.7727500E+03 -2.582E+00 -2.520E+00 -7.895E-01
  3.7732500E+03 -2.403E+00 -2.393E+00 -7.765E-01
  3.7737500E+03 -2.564E+00 -2.663E+00 -1.367E+00
  3.7742500E+03 -3.284E+00 -3.366E+00 -1.308E+00
  3.7747500E+03 -2.347E+00 -2.707E+00 -2.328E+00
  3.7752500E+03 -2.552E+00 -2.720E+00 -1.563E+00
  3.7757500E+03 -2.147E+00 -2.388E+00 -1.687E+00
  3.7762500E+03 -2.240E+00 -2.343E+00 -1.299E+00
  3.7767500E+03 -2.174E+00 -2.284E+00 -1.406E+00
  3.7772500E+03 -3.025E+00 -3.087E+00 -1.168E+00
  3.7777500E+03 -2.151E+00 -2.336E+00 -1.466E+00
  3.7782500E+03 -2.533E+00 -2.659E+00 -1.589E+00
  3.7787500E+03 -2.147E+00 -2.269E+00 -9.775E-01
  3.7792500E+03 -2.517E+00 -2.505E+00 -1.266E+00
  3.7797500E+03 -2.374E+00 -2.462E+00 -1.371E+00
  3.7802500E+03 -3.212E+00 -3.421E+00 -1.442E+00
  3.7807500E+03 -2.800E+00 -2.762E+00 -7.665E-01
  3.7812500E+03 -1.834E+00 -2.188E+00 -1.917E+00
  3.7817500E+03 -2.780E+00 -2.876E+00 -1.242E+00
  3.7822500E+03 -2.739E+00 -2.828E+00 -1.585E+00
  3.7827500E+03 -1.824E+00 -2.081E+00 -1.554E+00
  3.7832500E+03 -1.945E+00 -2.193E+00 -1.666E+00
  3.7837500E+03 -1.714E+00 -2.047E+00 -1.882E+00
  3.7842500E+03 -2.194E+00 -2.456E+00 -1.739E+00
  3.7847500E+03 -2.289E+00 -2.316E+00 -1.213E+00
  3.7852500E+03 -2.738E+00 -2.675E+00 -7.471E-01
  3.7857500E+03 -2.748E+00 -2.731E+00 -8.634E-01
  3.7862500E+03 -2.849E+00 -2.875E+00 -1.132E+00
  3.7867500E+03 -1.854E+00 -2.163E+00 -2.062E+00
  3.7872500E+03 -2.691E+00 -2.714E+00 -1.019E+00
  3.7877500E+03 -3.267E+00 -3.316E+00 -1.352E+00
  3.7882500E+03 -2.098E+00 -2.131E+00 -8.548E-01
  3.7887500E+03 -1.879E+00 -1.966E+00 -9.297E-01
  3.7892500E+03 -2.517E+00 -2.854E+00 -2.277E+00
  3.7897500E+03 -2.694E+00 -2.805E+00 -1.116E+00
  3.7902500E+03 -2.415E+00 -2.385E+00 -5.755E-01
  3.7907500E+03 -2.224E+00 -2.445E+00 -1.511E+00
  3.7912500E+03 -3.229E+00 -3.421E+00 -1.630E+00
  3.7917500E+03 -2.462E+00 -2.323E+00 -6.488E-01
  3.7922500E+03 -2.475E+00 -2.366E+00 -2.198E-01
  3.7927500E+03 -2.767E+00 -2.828E+00 -1.311E+00
  3.7932500E+03 -2.408E+00 -2.586E+00 -1.697E+00
  3.7937500E+03 -2.317E+00 -2.478E+00 -1.540E+00
  3.7942500E+03 -1.762E+00 -1.767E+00 -1.638E+00
  3.7947500E+03 -2.074E+00 -1.917E+00 -1.626E+00
  3.7952500E+03 -2.208E+00 -2.062E+00 -5.960E-01
  3.7957500E+03 -1.875E+00 -2.022E+00 -1.230E+00
  3.7962500E+03 -2.592E+00 -2.978E+00 -7.611E-01
  3.7967500E+03 -2.127E+00 -2.590E+00 -1.203E+00
  3.7972500E+03 -2.583E+00 -2.692E+00 -1.482E+00
  3.7977500E+03 -2.348E+00 -2.408E+00 -7.559E-01
  3.7982500E+03 -1.975E+00 -1.933E+00 -8.743E-01
  3.7987500E+03 -3.133E+00 -3.178E+00 -1.337E+00
  3.7992500E+03 -1.980E+00 -2.176E+00 -1.334E+00
  3.7997500E+03 -1.921E+00 -2.153E+00 -1.508E+00
  3.8002500E+03 -1.980E+00 -2.195E+00 -1.518E+00
  3.8007500E+03 -2.984E+00 -2.989E+00 -1.117E+00
  3.8012500E+03 -2.703E+00 -2.669E+00 -2.837E-01
  3.8017500E+03 -1.538E+00 -1.727E+00 -1.498E+00
  3.8022500E+03 -1.938E+00 -2.205E+00 -1.807E+00
  3.8027500E+03 -1.737E+00 -1.901E+00 -1.364E+00
  3.8032500E+03 -2.153E+00 -2.357E+00 -1.532E+00
  3.8037500E+03 -2.429E+00 -2.708E+00 -1.860E+00
  3.8042500E+03 -2.346E+00 -2.395E+00 -1.182E+00
  3.8047500E+03 -2.000E+00 -2.003E+00 -5.724E-01
  3.8052500E+03 -1.895E+00 -1.896E+00 -1.032E+00
  3.8057500E+03 -2.035E+00 -2.171E+00 -1.175E+00
  3.8062500E+03 -1.837E+00 -1.880E+00 -7.750E-01
  3.8067500E+03 -1.959E+00 -1.984E+00 -8.882E-01
  3.8072500E+03 -2.156E+00 -2.204E+00 -1.171E+00
  3.8077500E+03 -2.739E+00 -3.022E+00 -2.032E+00
  3.8082500E+03 -2.108E+00 -2.343E+00 -1.475E+00
  3.8087500E+03 -1.895E+00 -2.165E+00 -1.530E+00
  3.8092500E+03 -2.644E+00 -2.579E+00 -8.191E-01
  3.8097500E+03 -2.254E+00 -2.166E+00 -7.587E-01
  3.8102500E+03 -2.805E+00 -2.846E+00 -1.091E+00
  3.8107500E+03 -2.621E+00 -2.868E+00 -2.201E+00
  3.8112500E+03 -2.378E+00 -2.266E+00 -2.819E-01
  3.8117500E+03 -2.110E+00 -2.102E+00 -5.292E-01
  3.8122500E+03 -1.755E+00 -1.861E+00 -1.006E+00
  3.8127500E+03 -1.857E+00 -1.788E+00 -5.083E-01
  3.8132500E+03 -1.854E+00 -2.139E+00 -1.425E+00
  3.8137500E+03 -2.285E+00 -2.300E+00 -8.557E-01
  3.8142500E+03 -2.262E+00 -2.479E+00 -1.485E+00
  3.8147500E+03 -2.341E+00 -2.478E+00 -1.306E+00
  3.8152500E+03 -1.995E+00 -2.432E+00 -2.254E+00
  3.8157500E+03 -1.900E+00 -1.971E+00 -1.268E+00
  3.8162500E+03 -2.161E+00 -2.151E+00 -8.327E-01
  3.8167500E+03 -2.061E+00 -2.043E+00 -5.627E-01
  3.8172500E+03 -1.286E+00 -1.425E+00 -1.100E+00
  3.8177500E+03 -1.818E+00 -1.912E+00 -9.791E-01
  3.8182500E+03 -1.426E+00 -1.698E+00 -1.617E+00
  3.8187500E+03 -2.183E+00 -2.359E+00 -1.305E+00
  3.8192500E+03 -2.296E+00 -2.221E+00 -4.702E-01
  3.8197500E+03 -1.819E+00 -2.032E+00 -1.539E+00
  3.8202500E+03 -1.960E+00 -2.006E+00 -9.332E-01
  3.8207500E+03 -2.593E+00 -2.739E+00 -1.425E+00
  3.8212500E+03 -2.118E+00 -2.234E+00 -1.082E+00
  3.8217500E+03 -2.394E+00 -2.363E+00 -5.745E-01
  3.8222500E+03 -1.640E+00 -1.833E+00 -1.427E+00
  3.8227500E+03 -1.624E+00 -1.919E+00 -1.660E+00
  3.8232500E+03 -2.645E+00 -2.658E+00 -9.306E-01
  3.8237500E+03 -2.504E+00 -2.763E+00 -1.972E+00
  3.8242500E+03 -1.948E+00 -2.001E+00 -1.091E+00
  3.8247500E+03 -2.049E+00 -2.261E+00 -1.173E+00
  3.8252500E+03 -1.967E+00 -1.908E+00 -5.419E-01
  3.8257500E+03 -2.168E+00 -2.133E+00 -9.197E-01
  3.8262500E+03 -1.910E+00 -2.000E+00 -1.055E+00
  3.8267500E+03 -1.794E+00 -1.735E+00 -4.025E-01
  3.8272500E+03 -2.190E+00 -2.108E+00 -4.110E-01
  3.8277500E+03 -2.503E+00 -2.699E+00 -1.825E+00
  3.8282500E+03 -2.297E+00 -2.474E+00 -1.438E+00
  3.8287500E+03 -1.864E+00 -1.777E+00 -1.996E-01
  3.8292500E+03 -1.946E+00 -1.971E+00 -1.209E+00
  3.8297500E+03 -2.285E+00 -2.253E+00 -7.844E-01
  3.8302500E+03 -2.160E+00 -2.230E+00 -7.227E-01
  3.8307500E+03 -1.978E+00 -2.122E+00 -1.012E+00
  3.8312500E+03 -1.793E+00 -1.977E+00 -1.421E+00
  3.8317500E+03 -2.352E+00 -2.446E+00 -1.041E+00
  3.8322500E+03 -2.052E+00 -2.243E+00 -1.149E+00
  3.8327500E+03 -2.125E+00 -2.202E+00 -7.109E-01
  3.8332500E+03 -2.106E+00 -2.081E+00 -6.388E-01
  3.8337500E+03 -2.132E+00 -2.258E+00 -1.135E+00
  3.8342500E+03 -2.514E+00 -2.694E+00 -1.368E+00
  3.8347500E+03 -2.002E+00 -2.158E+00 -1.501E+00
  3.8352500E+03 -1.370E+00 -1.522E+00 -9.714E-01
  3.8357500E+03 -2.253E+00 -2.263E+00 -7.103E-01
  3.8362500E+03 -2.449E+00 -2.624E+00 -1.387E+00
  3.8367500E+03 -9.710E-01 -1.032E+00 -9.099E-01
  3.8372500E+03 -1.946E+00 -1.960E+00 -7.773E-01
  3.8377500E+03 -1.772E+00 -2.109E+00 -1.813E+00
  3.8382500E+03 -1.665E+00 -1.722E+00 -1.145E+00
  3.8387500E+03 -1.803E+00 -1.844E+00 -6.376E-01
  3.8392500E+03 -2.161E+00 -2.243E+00 -1.106E+00
  3.8397500E+03 -1.664E+00 -1.846E+00 -1.061E+00
  3.8402500E+03 -2.056E+00 -2.189E+00 -1.386E+00
  3.8407500E+03 -1.644E+00 -1.710E+00 -1.084E+00
  3.8412500E+03 -1.927E+00 -2.221E+00 -1.969E+00
  3.8417500E+03 -2.225E+00 -2.306E+00 -1.068E+00
  3.8422500E+03 -2.038E+00 -1.955E+00 -4.098E-01
  3.8427500E+03 -1.870E+00 -1.911E+00 -1.034E+00
  3.8432500E+03 -2.061E+00 -2.257E+00 -1.732E+00
  3.8437500E+03 -1.827E+00 -1.924E+00 -1.005E+00
  3.8442500E+03 -1.917E+00 -2.029E+00 -1.214E+00
  3.8447500E+03 -1.349E+00 -1.400E+00 -8.470E-01
  3.8452500E+03 -2.395E+00 -2.375E+00 -7.012E-01
  3.8457500E+03 -1.954E+00 -1.999E+00 -7.855E-01
  3.8462500E+03 -1.504E+00 -1.505E+00 -5.957E-01
  3.8467500E+03 -1.736E+00 -1.934E+00 -1.367E+00
  3.8472500E+03 -1.845E+00 -2.018E+00 -8.494E-01
  3.8477500E+03 -1.532E+00 -1.697E+00 -1.028E+00
  3.8482500E+03 -2.000E+00 -2.037E+00 -9.226E-01
  3.8487500E+03 -2.087E+00 -2.015E+00 -3.184E-01
  3.8492500E+03 -1.424E+00 -1.365E+00 -2.465E-01
  3.8497500E+03 -1.679E+00 -1.661E+00 -6.363E-01
  3.8502500E+03 -1.662E+00 -1.692E+00 -7.935E-01
  3.8507500E+03 -2.397E+00 -2.616E+00 -1.497E+00
  3.8512500E+03 -2.227E+00 -2.360E+00 -1.455E+00
  3.8517500E+03 -1.776E+00 -1.899E+00 -1.058E+00
  3.8522500E+03 -1.426E+00 -1.515E+00 -1.020E+00
  3.8527500E+03 -2.196E+00 -2.034E+00  5.058E-02
  3.8532500E+03 -1.760E+00 -1.835E+00 -9.310E-01
  3.8537500E+03 -1.834E+00 -1.782E+00 -6.152E-01
  3.8542500E+03 -2.063E+00 -2.179E+00 -1.235E+00
  3.8547500E+03 -1.380E+00 -1.612E+00 -1.204E+00
  3.8552500E+03 -1.303E+00 -1.624E+00 -1.366E+00
  3.8557500E+03 -1.579E+00 -1.666E+00 -8.550E-01
  3.8562500E+03 -1.585E+00 -1.815E+00 -1.477E+00
  3.8567500E+03 -1.100E+00 -1.214E+00 -9.414E-01
  3.8572500E+03 -1.437E+00 -1.509E+00 -8.890E-01
  3.8577500E+03 -1.768E+00 -1.933E+00 -1.126E+00
  3.8582500E+03 -2.477E+00 -2.425E+00 -6.674E-01
  3.8587500E+03 -1.527E+00 -1.714E+00 -1.172E+00
  3.8592500E+03 -1.421E+00 -1.462E+00 -6.963E-01
  3.8597500E+03 -2.395E+00 -2.356E+00 -2.459E-01
  3.8602500E+03 -1.771E+00 -2.040E+00 -2.003E+00
  3.8607500E+03 -1.598E+00 -1.750E+00 -1.261E+00
  3.8612500E+03 -1.702E+00 -1.711E+00 -5.430E-01
  3.8617500E+03 -1.713E+00 -1.806E+00 -7.659E-01
  3.8622500E+03 -1.701E+00 -1.755E+00 -1.104E+00
  3.8627500E+03 -2.087E+00 -2.210E+00 -1.122E+00
  3.8632500E+03 -1.444E+00 -1.581E+00 -1.338E+00
  3.8637500E+03 -1.327E+00 -1.432E+00 -9.897E-01
  3.8642500E+03 -1.232E+00 -1.331E+00 -8.194E-01
  3.8647500E+03 -1.872E+00 -1.933E+00 -8.028E-01
  3.8652500E+03 -1.919E+00 -2.082E+00 -1.377E+00
  3.8657500E+03 -1.628E+00 -1.819E+00 -1.408E+00
  3.8662500E+03 -2.142E+00 -2.205E+00 -8.571E-01
  3.8667500E+03 -1.602E+00 -1.506E+00  7.412E-02
  3.8672500E+03 -1.309E+00 -1.576E+00 -1.083E+00
  3.8677500E+03 -1.904E+00 -2.034E+00 -1.278E+00
  3.8682500E+03 -1.488E+00 -1.414E+00 -4.396E-01
  3.8687500E+03 -1.803E+00 -1.944E+00 -1.315E+00
  3.8692500E+03 -2.359E+00 -2.301E+00 -5.161E-01
  3.8697500E+03 -1.852E+00 -1.951E+00 -1.157E+00
  3.8702500E+03 -1.289E+00 -1.369E+00 -7.486E-01
  3.8707500E+03 -1.721E+00 -1.775E+00 -6.261E-01
  3.8712500E+03 -2.141E+00 -2.191E+00 -9.614E-01
  3.8717500E+03 -1.626E+00 -1.706E+00 -9.838E-01
  3.8722500E+03 -1.786E+00 -1.847E+00 -5.479E-01
  3.8727500E+03 -1.969E+00 -2.157E+00 -1.596E+00
  3.8732500E+03 -1.584E+00 -1.537E+00 -7.111E-01
  3.8737500E+03 -1.532E+00 -1.619E+00 -7.678E-01
  3.8742500E+03 -1.686E+00 -1.821E+00 -8.503E-01
  3.8747500E+03 -8.326E-01 -8.388E-01 -6.622E-01
  3.8752500E+03 -1.628E+00 -1.528E+00 -3.561E-01
  3.8757500E+03 -1.604E+00 -1.488E+00 -9.486E-02
  3.8762500E+03 -1.972E+00 -2.187E+00 -1.751E+00
  3.8767500E+03 -2.090E+00 -2.159E+00 -1.101E+00
  3.8772500E+03 -1.738E+00 -1.854E+00 -1.163E+00
  3.8777500E+03 -1.751E+00 -1.955E+00 -1.366E+00
  3.8782500E+03 -2.004E+00 -2.039E+00 -8.170E-01
  3.8787500E+03 -2.255E+00 -2.331E+00 -1.020E+00
  3.8792500E+03 -1.357E+00 -1.509E+00 -1.042E+00
  3.8797500E+03 -1.351E+00 -1.604E+00 -1.160E+00
  3.8802500E+03 -1.155E+00 -1.138E+00 -3.481E-01
  3.8807500E+03 -1.410E+00 -1.474E+00 -1.158E+00
  3.8812500E+03 -1.941E+00 -2.016E+00 -1.050E+00
  3.8817500E+03 -1.119E+00 -1.280E+00 -1.090E+00
  3.8822500E+03 -1.211E+00 -1.325E+00 -1.571E+00
  3.8827500E+03 -2.065E+00 -2.059E+00 -6.089E-01
  3.8832500E+03 -1.541E+00 -1.641E+00 -7.046E-01
  3.8837500E+03 -1.595E+00 -1.802E+00 -1.309E+00
  3.8842500E+03 -1.908E+00 -2.152E+00 -1.054E+00
  3.8847500E+03 -1.553E+00 -1.495E+00 -4.660E-01
  3.8852500E+03 -1.378E+00 -1.214E+00  1.899E-01
  3.8857500E+03 -1.442E+00 -1.612E+00 -1.020E+00
  3.8862500E+03 -1.385E+00 -1.491E+00 -6.506E-01
  3.8867500E+03 -2.093E+00 -2.189E+00 -1.284E+00
  3.8872500E+03 -1.463E+00 -1.515E+00 -1.181E+00
  3.8877500E+03 -1.912E+00 -2.027E+00 -1.420E+00
  3.8882500E+03 -1.525E+00 -1.586E+00 -5.664E-01
  3.8887500E+03 -1.344E+00 -1.456E+00 -3.737E-01
  3.8892500E+03 -1.312E+00 -1.517E+00 -7.120E-01
  3.8897500E+03 -1.688E+00 -1.593E+00 -8.862E-01
  3.8902500E+03 -1.346E+00 -1.577E+00 -1.041E+00
  3.8907500E+03 -1.392E+00 -1.718E+00 -1.788E+00
  3.8912500E+03 -1.843E+00 -1.881E+00 -2.954E-01
  3.8917500E+03 -2.016E+00 -2.165E+00 -1.110E+00
  3.8922500E+03 -1.524E+00 -1.488E+00 -5.614E-01
  3.8927500E+03 -1.777E+00 -1.712E+00 -5.926E-01
  3.8932500E+03 -1.245E+00 -1.313E+00 -1.160E+00
  3.8937500E+03 -1.650E+00 -1.779E+00 -1.153E+00
  3.8942500E+03 -1.658E+00 -1.982E+00 -1.720E+00
  3.8947500E+03 -1.292E+00 -1.410E+00 -1.060E+00
  3.8952500E+03 -1.398E+00 -1.530E+00 -1.003E+00
  3.8957500E+03 -1.540E+00 -1.685E+00 -1.010E+00
  3.8962500E+03 -1.664E+00 -1.754E+00 -6.889E-01
  3.8967500E+03 -1.277E+00 -1.501E+00 -1.564E+00
  3.8972500E+03 -1.432E+00 -1.653E+00 -1.406E+00
  3.8977500E+03 -1.766E+00 -1.813E+00 -6.187E-01
  3.8982500E+03 -1.504E+00 -1.456E+00 -3.059E-01
  3.8987500E+03 -1.673E+00 -1.604E+00 -1.845E-01
  3.8992500E+03 -1.755E+00 -1.881E+00 -1.155E+00
  3.8997500E+03 -1.818E+00 -1.783E+00 -5.393E-01
  3.9002500E+03 -1.269E+00 -1.436E+00 -1.033E+00
  3.9007500E+03 -1.526E+00 -1.487E+00 -6.434E-01
  3.9012500E+03 -1.425E+00 -1.515E+00 -9.001E-01
  3.9017500E+03 -1.533E+00 -1.476E+00 -5.103E-01
  3.9022500E+03 -1.089E+00 -1.109E+00 -5.505E-01
  3.9027500E+03 -1.319E+00 -1.452E+00 -6.930E-01
  3.9032500E+03 -1.032E+00 -1.205E+00 -1.048E+00
  3.9037500E+03 -1.893E+00 -1.998E+00 -7.107E-01
  3.9042500E+03 -1.517E+00 -1.416E+00 -1.936E-01
  3.9047500E+03 -1.119E+00 -1.289E+00 -1.076E+00
  3.9052500E+03 -1.601E+00 -1.671E+00 -6.721E-01
  3.9057500E+03 -1.937E+00 -1.975E+00 -7.223E-01
  3.9062500E+03 -1.793E+00 -1.759E+00 -4.240E-01
  3.9067500E+03 -1.615E+00 -1.595E+00 -5.996E-01
  3.9072500E+03 -1.041E+00 -1.231E+00 -1.228E+00
  3.9077500E+03 -1.206E+00 -1.246E+00 -6.752E-01
  3.9082500E+03 -1.867E+00 -1.814E+00 -2.198E-01
  3.9087500E+03 -1.593E+00 -1.526E+00 -3.581E-01
  3.9092500E+03 -1.457E+00 -1.756E+00 -1.609E+00
  3.9097500E+03 -1.842E+00 -1.988E+00 -9.920E-01
  3.9102500E+03 -1.629E+00 -1.684E+00 -7.622E-01
  3.9107500E+03 -1.359E+00 -1.475E+00 -1.161E+00
  3.9112500E+03 -1.207E+00 -1.329E+00 -9.694E-01
  3.9117500E+03 -7.922E-01 -9.335E-01 -1.145E+00
  3.9122500E+03 -1.686E+00 -1.692E+00 -6.578E-01
  3.9127500E+03 -2.164E+00 -2.204E+00 -8.370E-01
  3.9132500E+03 -1.058E+00 -1.186E+00 -7.477E-01
  3.9137500E+03 -1.777E+00 -1.959E+00 -1.138E+00
  3.9142500E+03 -1.784E+00 -1.859E+00 -7.501E-01
  3.9147500E+03 -1.191E+00 -1.427E+00 -1.181E+00
  3.9152500E+03 -8.710E-01 -1.058E+00 -1.228E+00
  3.9157500E+03 -1.806E+00 -1.737E+00 -3.566E-01
  3.9162500E+03 -1.636E+00 -1.662E+00 -7.064E-01
  3.9167500E+03 -1.516E+00 -1.785E+00 -1.415E+00
  3.9172500E+03 -9.896E-01 -9.103E-01 -1.552E-01
  3.9177500E+03 -1.352E+00 -1.481E+00 -1.125E+00
  3.9182500E+03 -1.047E+00 -1.046E+00 -4.341E-01
  3.9187500E+03 -1.492E+00 -1.486E+00 -5.005E-01
  3.9192500E+03 -1.856E+00 -2.066E+00 -1.240E+00
  3.9197500E+03 -1.106E+00 -1.271E+00 -9.288E-01
  3.9202500E+03 -1.123E+00 -1.215E+00 -8.692E-01
  3.9207500E+03 -1.270E+00 -1.213E+00 -2.855E-01
  3.9212500E+03 -1.832E+00 -1.851E+00 -7.215E-01
  3.9217500E+03 -1.202E+00 -1.281E+00 -6.773E-01
  3.9222500E+03 -1.583E+00 -1.616E+00 -3.163E-01
  3.9227500E+03 -1.479E+00 -1.459E+00 -2.610E-01
  3.9232500E+03 -1.165E+00 -1.240E+00 -7.603E-01
  3.9237500E+03 -1.243E+00 -1.490E+00 -1.348E+00
  3.9242500E+03 -1.458E+00 -1.525E+00 -7.194E-01
  3.9247500E+03 -1.018E+00 -1.174E+00 -1.011E+00
  3.9252500E+03 -1.767E+00 -1.903E+00 -1.038E+00
  3.9257500E+03 -1.478E+00 -1.488E+00 -6.885E-01
  3.9262500E+03 -1.972E+00 -1.856E+00 -4.855E-02
  3.9267500E+03 -1.563E+00 -1.465E+00 -2.725E-01
  3.9272500E+03 -1.077E+00 -1.238E+00 -1.127E+00
  3.9277500E+03 -1.417E+00 -1.439E+00 -5.689E-01
  3.9282500E+03 -1.384E+00 -1.438E+00 -8.127E-01
  3.9287500E+03 -1.570E+00 -1.833E+00 -1.417E+00
  3.9292500E+03 -1.068E+00 -1.139E+00 -7.879E-01
  3.9297500E+03 -9.545E-01 -1.018E+00 -5.301E-01
