 -6.7975000E+02 -0.000E+00 -0.000E+00  0.000E+00
 -6.7925000E+02 -0.000E+00 -0.000E+00  0.000E+00
 -6.7875000E+02 -0.000E+00 -0.000E+00  0.000E+00
 -6.7825000E+02 -0.000E+00 -0.000E+00  0.000E+00
 -6.7775000E+02 -0.000E+00 -0.000E+00  0.000E+00
 -6.7725000E+02 -0.000E+00 -0.000E+00  0.000E+00
 -6.7675000E+02 -0.000E+00 -0.000E+00  0.000E+00
 -6.7625000E+02 -0.000E+00 -0.000E+00  0.000E+00
 -6.7575000E+02 -0.000E+00 -0.000E+00  0.000E+00
 -6.7525000E+02 -0.000E+00 -0.000E+00  0.000E+00
 -6.7475000E+02 -0.000E+00 -0.000E+00  0.000E+00
 -6.7425000E+02 -0.000E+00 -0.000E+00  0.000E+00
 -6.7375000E+02 -0.000E+00 -0.000E+00  0.000E+00
 -6.7325000E+02 -0.000E+00 -0.000E+00  0.000E+00
 -6.7275000E+02 -0.000E+00 -0.000E+00  0.000E+00
 -6.7225000E+02 -0.000E+00 -0.000E+00  0.000E+00
 -6.7175000E+02 -0.000E+00 -0.000E+00  0.000E+00
 -6.7125000E+02 -0.000E+00 -0.000E+00  0.000E+00
 -6.7075000E+02 -0.000E+00 -0.000E+00  0.000E+00
 -6.7025000E+02 -0.000E+00 -0.000E+00  0.000E+00
 -6.6975000E+02 -0.000E+00 -0.000E+00  0.000E+00
 -6.6925000E+02 -0.000E+00 -0.000E+00  0.000E+00
 -6.6875000E+02 -0.000E+00 -0.000E+00  0.000E+00
 -6.6825000E+02 -0.000E+00 -0.000E+00  0.000E+00
 -6.6775000E+02 -0.000E+00 -0.000E+00  0.000E+00
 -6.6725000E+02 -0.000E+00 -0.000E+00  0.000E+00
 -6.6675000E+02 -0.000E+00 -0.000E+00  0.000E+00
 -6.6625000E+02 -0.000E+00 -0.000E+00  0.000E+00
 -6.6575000E+02 -0.000E+00 -0.000E+00  0.000E+00
 -6.6525000E+02 -0.000E+00 -0.000E+00  0.000E+00
 -6.6475000E+02 -0.000E+00 -0.000E+00  0.000E+00
 -6.6425000E+02 -0.000E+00 -0.000E+00  0.000E+00
 -6.6375000E+02 -0.000E+00 -0.000E+00  0.000E+00
 -6.6325000E+02 -0.000E+00 -0.000E+00  0.000E+00
 -6.6275000E+02 -0.000E+00 -0.000E+00  0.000E+00
 -6.6225000E+02 -0.000E+00 -0.000E+00  0.000E+00
 -6.6175000E+02 -0.000E+00 -0.000E+00  0.000E+00
 -6.6125000E+02 -0.000E+00 -0.000E+00  0.000E+00
 -6.6075000E+02 -0.000E+00 -0.000E+00  0.000E+00
 -6.6025000E+02 -0.000E+00 -0.000E+00  0.000E+00
 -6.5975000E+02 -0.000E+00 -0.000E+00  0.000E+00
 -6.5925000E+02 -0.000E+00 -0.000E+00  0.000E+00
 -6.5875000E+02 -0.000E+00 -0.000E+00  0.000E+00
 -6.5825000E+02 -0.000E+00 -0.000E+00  0.000E+00
 -6.5775000E+02 -0.000E+00 -0.000E+00  0.000E+00
 -6.5725000E+02 -0.000E+00 -0.000E+00  0.000E+00
 -6.5675000E+02 -0.000E+00 -0.000E+00  0.000E+00
 -6.5625000E+02 -0.000E+00 -0.000E+00  0.000E+00
 -6.5575000E+02 -0.000E+00 -0.000E+00  0.000E+00
 -6.5525000E+02 -0.000E+00 -0.000E+00  0.000E+00
 -6.5475000E+02 -0.000E+00 -0.000E+00  0.000E+00
 -6.5425000E+02 -0.000E+00 -0.000E+00  0.000E+00
 -6.5375000E+02 -0.000E+00 -0.000E+00  0.000E+00
 -6.5325000E+02 -0.000E+00 -0.000E+00  0.000E+00
 -6.5275000E+02 -0.000E+00 -0.000E+00  0.000E+00
 -6.5225000E+02 -0.000E+00 -0.000E+00  0.000E+00
 -6.5175000E+02 -0.000E+00 -0.000E+00  0.000E+00
 -6.5125000E+02 -0.000E+00 -0.000E+00  0.000E+00
 -6.5075000E+02 -0.000E+00 -0.000E+00  0.000E+00
 -6.5025000E+02 -0.000E+00 -0.000E+00  0.000E+00
 -6.4975000E+02 -0.000E+00 -0.000E+00  0.000E+00
 -6.4925000E+02 -0.000E+00 -0.000E+00  0.000E+00
 -6.4875000E+02 -0.000E+00 -0.000E+00  0.000E+00
 -6.4825000E+02 -0.000E+00 -0.000E+00  0.000E+00
 -6.4775000E+02 -0.000E+00 -0.000E+00  0.000E+00
 -6.4725000E+02 -0.000E+00 -0.000E+00  0.000E+00
 -6.4675000E+02 -0.000E+00 -0.000E+00  0.000E+00
 -6.4625000E+02 -0.000E+00 -0.000E+00  0.000E+00
 -6.4575000E+02 -0.000E+00 -0.000E+00  0.000E+00
 -6.4525000E+02 -0.000E+00 -0.000E+00  0.000E+00
 -6.4475000E+02 -0.000E+00 -0.000E+00  0.000E+00
 -6.4425000E+02 -0.000E+00 -0.000E+00  0.000E+00
 -6.4375000E+02 -0.000E+00 -0.000E+00  0.000E+00
 -6.4325000E+02 -0.000E+00 -0.000E+00  0.000E+00
 -6.4275000E+02 -0.000E+00 -0.000E+00  0.000E+00
 -6.4225000E+02 -0.000E+00 -0.000E+00  0.000E+00
 -6.4175000E+02 -0.000E+00 -0.000E+00  0.000E+00
 -6.4125000E+02 -0.000E+00 -0.000E+00  0.000E+00
 -6.4075000E+02 -0.000E+00 -0.000E+00  0.000E+00
 -6.4025000E+02 -0.000E+00 -0.000E+00  0.000E+00
 -6.3975000E+02 -0.000E+00 -0.000E+00  0.000E+00
 -6.3925000E+02 -0.000E+00 -0.000E+00  0.000E+00
 -6.3875000E+02 -0.000E+00 -0.000E+00  0.000E+00
 -6.3825000E+02 -0.000E+00 -0.000E+00  0.000E+00
 -6.3775000E+02 -0.000E+00 -0.000E+00  0.000E+00
 -6.3725000E+02 -0.000E+00 -0.000E+00  0.000E+00
 -6.3675000E+02 -0.000E+00 -0.000E+00  0.000E+00
 -6.3625000E+02 -0.000E+00 -0.000E+00  0.000E+00
 -6.3575000E+02 -0.000E+00 -0.000E+00  0.000E+00
 -6.3525000E+02 -0.000E+00 -0.000E+00  0.000E+00
 -6.3475000E+02 -0.000E+00 -0.000E+00  0.000E+00
 -6.3425000E+02 -0.000E+00 -0.000E+00  0.000E+00
 -6.3375000E+02 -0.000E+00 -0.000E+00  0.000E+00
 -6.3325000E+02 -0.000E+00 -0.000E+00  0.000E+00
 -6.3275000E+02 -0.000E+00 -0.000E+00  0.000E+00
 -6.3225000E+02 -0.000E+00 -0.000E+00  0.000E+00
 -6.3175000E+02 -0.000E+00 -0.000E+00  0.000E+00
 -6.3125000E+02 -0.000E+00 -0.000E+00  0.000E+00
 -6.3075000E+02 -0.000E+00 -0.000E+00  0.000E+00
 -6.3025000E+02 -0.000E+00 -0.000E+00  0.000E+00
 -6.2975000E+02 -0.000E+00 -0.000E+00  0.000E+00
 -6.2925000E+02 -0.000E+00 -0.000E+00  0.000E+00
 -6.2875000E+02 -0.000E+00 -0.000E+00  0.000E+00
 -6.2825000E+02 -0.000E+00 -0.000E+00  0.000E+00
 -6.2775000E+02 -0.000E+00 -0.000E+00  0.000E+00
 -6.2725000E+02 -0.000E+00 -0.000E+00  0.000E+00
 -6.2675000E+02 -0.000E+00 -0.000E+00  0.000E+00
 -6.2625000E+02 -0.000E+00 -0.000E+00  0.000E+00
 -6.2575000E+02 -0.000E+00 -0.000E+00  0.000E+00
 -6.2525000E+02 -0.000E+00 -0.000E+00  0.000E+00
 -6.2475000E+02 -0.000E+00 -0.000E+00  0.000E+00
 -6.2425000E+02 -0.000E+00 -0.000E+00  0.000E+00
 -6.2375000E+02 -0.000E+00 -0.000E+00  0.000E+00
 -6.2325000E+02 -0.000E+00 -0.000E+00  0.000E+00
 -6.2275000E+02 -0.000E+00 -0.000E+00  0.000E+00
 -6.2225000E+02 -0.000E+00 -0.000E+00  0.000E+00
 -6.2175000E+02 -0.000E+00 -0.000E+00  0.000E+00
 -6.2125000E+02 -0.000E+00 -0.000E+00  0.000E+00
 -6.2075000E+02 -0.000E+00 -0.000E+00  0.000E+00
 -6.2025000E+02 -0.000E+00 -0.000E+00  0.000E+00
 -6.1975000E+02 -0.000E+00 -0.000E+00  0.000E+00
 -6.1925000E+02 -0.000E+00 -0.000E+00  0.000E+00
 -6.1875000E+02 -0.000E+00 -0.000E+00  0.000E+00
 -6.1825000E+02 -0.000E+00 -0.000E+00  0.000E+00
 -6.1775000E+02 -0.000E+00 -0.000E+00  0.000E+00
 -6.1725000E+02 -0.000E+00 -0.000E+00  0.000E+00
 -6.1675000E+02 -0.000E+00 -0.000E+00  0.000E+00
 -6.1625000E+02 -0.000E+00 -0.000E+00  0.000E+00
 -6.1575000E+02 -0.000E+00 -0.000E+00  0.000E+00
 -6.1525000E+02 -0.000E+00 -0.000E+00  0.000E+00
 -6.1475000E+02 -0.000E+00 -0.000E+00  0.000E+00
 -6.1425000E+02 -0.000E+00 -0.000E+00  0.000E+00
 -6.1375000E+02 -0.000E+00 -0.000E+00  0.000E+00
 -6.1325000E+02 -0.000E+00 -0.000E+00  0.000E+00
 -6.1275000E+02 -0.000E+00 -0.000E+00  0.000E+00
 -6.1225000E+02 -0.000E+00 -0.000E+00  0.000E+00
 -6.1175000E+02 -0.000E+00 -0.000E+00  0.000E+00
 -6.1125000E+02 -0.000E+00 -0.000E+00  0.000E+00
 -6.1075000E+02 -0.000E+00 -0.000E+00  0.000E+00
 -6.1025000E+02 -0.000E+00 -0.000E+00  0.000E+00
 -6.0975000E+02 -0.000E+00 -0.000E+00  0.000E+00
 -6.0925000E+02 -0.000E+00 -0.000E+00  0.000E+00
 -6.0875000E+02 -0.000E+00 -0.000E+00  0.000E+00
 -6.0825000E+02 -0.000E+00 -0.000E+00  0.000E+00
 -6.0775000E+02 -0.000E+00 -0.000E+00  0.000E+00
 -6.0725000E+02 -0.000E+00 -0.000E+00  0.000E+00
 -6.0675000E+02 -0.000E+00 -0.000E+00  0.000E+00
 -6.0625000E+02 -0.000E+00 -0.000E+00  0.000E+00
 -6.0575000E+02 -0.000E+00 -0.000E+00  0.000E+00
 -6.0525000E+02 -0.000E+00 -0.000E+00  0.000E+00
 -6.0475000E+02 -0.000E+00 -0.000E+00  0.000E+00
 -6.0425000E+02 -0.000E+00 -0.000E+00  0.000E+00
 -6.0375000E+02 -0.000E+00 -0.000E+00  0.000E+00
 -6.0325000E+02 -0.000E+00 -0.000E+00  0.000E+00
 -6.0275000E+02 -0.000E+00 -0.000E+00  0.000E+00
 -6.0225000E+02 -0.000E+00 -0.000E+00  0.000E+00
 -6.0175000E+02 -0.000E+00 -0.000E+00  0.000E+00
 -6.0125000E+02 -0.000E+00 -0.000E+00  0.000E+00
 -6.0075000E+02 -0.000E+00 -0.000E+00  0.000E+00
 -6.0025000E+02 -0.000E+00 -0.000E+00  0.000E+00
 -5.9975000E+02 -0.000E+00 -0.000E+00  0.000E+00
 -5.9925000E+02 -0.000E+00 -0.000E+00  0.000E+00
 -5.9875000E+02 -0.000E+00 -0.000E+00  0.000E+00
 -5.9825000E+02 -0.000E+00 -0.000E+00  0.000E+00
 -5.9775000E+02 -0.000E+00 -0.000E+00  0.000E+00
 -5.9725000E+02 -0.000E+00 -0.000E+00  0.000E+00
 -5.9675000E+02 -0.000E+00 -0.000E+00  0.000E+00
 -5.9625000E+02 -0.000E+00 -0.000E+00  0.000E+00
 -5.9575000E+02 -0.000E+00 -0.000E+00  0.000E+00
 -5.9525000E+02 -0.000E+00 -0.000E+00  0.000E+00
 -5.9475000E+02 -0.000E+00 -0.000E+00  0.000E+00
 -5.9425000E+02 -0.000E+00 -0.000E+00  0.000E+00
 -5.9375000E+02 -0.000E+00 -0.000E+00  0.000E+00
 -5.9325000E+02 -0.000E+00 -0.000E+00  0.000E+00
 -5.9275000E+02 -0.000E+00 -0.000E+00  0.000E+00
 -5.9225000E+02 -0.000E+00 -0.000E+00  0.000E+00
 -5.9175000E+02 -0.000E+00 -0.000E+00  0.000E+00
 -5.9125000E+02 -0.000E+00 -0.000E+00  0.000E+00
 -5.9075000E+02 -0.000E+00 -0.000E+00  0.000E+00
 -5.9025000E+02 -0.000E+00 -0.000E+00  0.000E+00
 -5.8975000E+02 -0.000E+00 -0.000E+00  0.000E+00
 -5.8925000E+02 -0.000E+00 -0.000E+00  0.000E+00
 -5.8875000E+02 -0.000E+00 -0.000E+00  0.000E+00
 -5.8825000E+02 -0.000E+00 -0.000E+00  0.000E+00
 -5.8775000E+02 -0.000E+00 -0.000E+00  0.000E+00
 -5.8725000E+02 -0.000E+00 -0.000E+00  0.000E+00
 -5.8675000E+02 -0.000E+00 -0.000E+00  0.000E+00
 -5.8625000E+02 -0.000E+00 -0.000E+00  0.000E+00
 -5.8575000E+02 -0.000E+00 -0.000E+00  0.000E+00
 -5.8525000E+02 -0.000E+00 -0.000E+00  0.000E+00
 -5.8475000E+02 -0.000E+00 -0.000E+00  0.000E+00
 -5.8425000E+02 -0.000E+00 -0.000E+00  0.000E+00
 -5.8375000E+02 -0.000E+00 -0.000E+00  0.000E+00
 -5.8325000E+02 -0.000E+00 -0.000E+00  0.000E+00
 -5.8275000E+02 -0.000E+00 -0.000E+00  0.000E+00
 -5.8225000E+02 -0.000E+00 -0.000E+00  0.000E+00
 -5.8175000E+02 -0.000E+00 -0.000E+00  0.000E+00
 -5.8125000E+02 -0.000E+00 -0.000E+00  0.000E+00
 -5.8075000E+02 -0.000E+00 -0.000E+00  0.000E+00
 -5.8025000E+02 -0.000E+00 -0.000E+00  0.000E+00
 -5.7975000E+02 -0.000E+00 -0.000E+00  0.000E+00
 -5.7925000E+02 -0.000E+00 -0.000E+00  0.000E+00
 -5.7875000E+02 -0.000E+00 -0.000E+00  0.000E+00
 -5.7825000E+02 -0.000E+00 -0.000E+00  0.000E+00
 -5.7775000E+02 -0.000E+00 -0.000E+00  0.000E+00
 -5.7725000E+02 -0.000E+00 -0.000E+00  0.000E+00
 -5.7675000E+02 -0.000E+00 -0.000E+00  0.000E+00
 -5.7625000E+02 -0.000E+00 -0.000E+00  0.000E+00
 -5.7575000E+02 -0.000E+00 -0.000E+00  0.000E+00
 -5.7525000E+02 -0.000E+00 -0.000E+00  0.000E+00
 -5.7475000E+02 -0.000E+00 -0.000E+00  0.000E+00
 -5.7425000E+02 -0.000E+00 -0.000E+00  0.000E+00
 -5.7375000E+02 -0.000E+00 -0.000E+00  0.000E+00
 -5.7325000E+02 -0.000E+00 -0.000E+00  0.000E+00
 -5.7275000E+02 -0.000E+00 -0.000E+00  0.000E+00
 -5.7225000E+02 -0.000E+00 -0.000E+00  0.000E+00
 -5.7175000E+02 -0.000E+00 -0.000E+00  0.000E+00
 -5.7125000E+02 -0.000E+00 -0.000E+00  0.000E+00
 -5.7075000E+02 -0.000E+00 -0.000E+00  0.000E+00
 -5.7025000E+02 -0.000E+00 -0.000E+00  0.000E+00
 -5.6975000E+02 -0.000E+00 -0.000E+00  0.000E+00
 -5.6925000E+02 -0.000E+00 -0.000E+00  0.000E+00
 -5.6875000E+02 -0.000E+00 -0.000E+00  0.000E+00
 -5.6825000E+02 -0.000E+00 -0.000E+00  0.000E+00
 -5.6775000E+02 -0.000E+00 -0.000E+00  0.000E+00
 -5.6725000E+02 -0.000E+00 -0.000E+00  0.000E+00
 -5.6675000E+02 -0.000E+00 -0.000E+00  0.000E+00
 -5.6625000E+02 -0.000E+00 -0.000E+00  0.000E+00
 -5.6575000E+02 -0.000E+00 -0.000E+00  0.000E+00
 -5.6525000E+02 -0.000E+00 -0.000E+00  0.000E+00
 -5.6475000E+02 -0.000E+00 -0.000E+00  0.000E+00
 -5.6425000E+02 -0.000E+00 -0.000E+00  0.000E+00
 -5.6375000E+02 -0.000E+00 -0.000E+00  0.000E+00
 -5.6325000E+02 -0.000E+00 -0.000E+00  0.000E+00
 -5.6275000E+02 -0.000E+00 -0.000E+00  0.000E+00
 -5.6225000E+02 -5.066E-06 -3.389E-05 -1.295E-04
 -5.6175000E+02 -2.537E-04 -2.785E-04 -2.318E-04
 -5.6125000E+02  5.136E-04  4.601E-04  3.107E-05
 -5.6075000E+02  3.805E-06  2.022E-04  8.845E-04
 -5.6025000E+02 -5.733E-05 -5.233E-05  2.400E-05
 -5.5975000E+02  3.476E-05  8.823E-05  2.708E-04
 -5.5925000E+02 -2.232E-04 -2.246E-04 -1.195E-04
 -5.5875000E+02  6.431E-05  5.972E-05 -5.231E-06
 -5.5825000E+02 -9.529E-05 -9.092E-05 -3.702E-05
 -5.5775000E+02 -7.771E-03 -7.630E-03 -4.619E-03
 -5.5725000E+02 -5.527E-03 -1.407E-03  1.334E-02
 -5.5675000E+02 -1.114E-03 -1.671E-03 -3.217E-03
 -5.5625000E+02  1.046E-02  9.240E-03  3.279E-03
 -5.5575000E+02  2.864E-03 -3.271E-05 -1.014E-02
 -5.5525000E+02  8.498E-03  4.148E-03 -1.283E-02
 -5.5475000E+02  6.355E-03  5.456E-03 -1.241E-03
 -5.5425000E+02 -5.515E-03 -6.303E-03 -7.367E-03
 -5.5375000E+02 -5.268E-03 -2.821E-03  7.015E-03
 -5.5325000E+02 -2.078E-03 -1.610E-03  1.283E-03
 -5.5275000E+02 -9.372E-04 -9.953E-05  2.518E-03
 -5.5225000E+02  1.741E-04  3.359E-06  9.224E-05
 -5.5175000E+02 -3.490E-03 -7.960E-04  8.539E-03
 -5.5125000E+02  4.374E-03  1.475E-03 -1.058E-02
 -5.5075000E+02  3.289E-03  1.738E-03 -2.838E-03
 -5.5025000E+02  6.439E-03  4.376E-03 -1.018E-03
 -5.4975000E+02  3.205E-04  9.126E-04  4.467E-03
 -5.4925000E+02  8.417E-03 -8.812E-04 -3.202E-02
 -5.4875000E+02  8.153E-02  7.899E-02  2.577E-02
 -5.4825000E+02 -7.337E-02 -6.494E-02  2.920E-03
 -5.4775000E+02  3.227E-04  1.352E-02  4.410E-02
 -5.4725000E+02  7.345E-02  1.177E-01  1.459E-01
 -5.4675000E+02  7.341E-02  2.943E-02 -1.150E-01
 -5.4625000E+02  1.913E-04 -1.133E-02 -3.235E-02
 -5.4575000E+02  1.639E-01  2.125E-01  2.069E-01
 -5.4525000E+02  1.803E-03  2.482E-02  7.959E-02
 -5.4475000E+02 -8.727E-03 -5.965E-02 -1.772E-01
 -5.4425000E+02 -2.330E-03 -1.020E-02 -2.391E-02
 -5.4375000E+02  2.801E-01  2.225E-01 -8.478E-02
 -5.4325000E+02 -1.282E-01 -1.107E-01 -7.083E-03
 -5.4275000E+02 -1.543E-01 -1.366E-01 -3.156E-03
 -5.4225000E+02 -1.440E-02  3.636E-02  2.357E-01
 -5.4175000E+02  6.733E-02  9.327E-02  1.430E-01
 -5.4125000E+02 -9.696E-03 -5.945E-03  1.070E-02
 -5.4075000E+02 -4.101E-02 -6.537E-02 -1.270E-01
 -5.4025000E+02 -6.721E-02 -8.988E-02 -1.746E-01
 -5.3975000E+02  9.071E-03  5.930E-02  1.802E-01
 -5.3925000E+02  3.568E-02  5.448E-02  1.013E-01
 -5.3875000E+02 -8.063E-02 -1.726E-02  2.369E-01
 -5.3825000E+02  1.485E-02  6.324E-02  1.796E-01
 -5.3775000E+02  7.489E-02  6.952E-02  1.959E-04
 -5.3725000E+02  5.259E-02  3.069E-02 -7.671E-02
 -5.3675000E+02 -2.393E-02 -3.553E-02 -6.267E-02
 -5.3625000E+02 -7.051E-02 -9.378E-02 -1.505E-01
 -5.3575000E+02  2.651E-01  2.632E-01  8.827E-02
 -5.3525000E+02  1.612E-01  2.648E-01  4.871E-01
 -5.3475000E+02  1.329E-01  1.197E-01  2.515E-01
 -5.3425000E+02  2.381E-02  1.296E-01  6.775E-01
 -5.3375000E+02  1.177E+00  9.674E-01 -2.830E-01
 -5.3325000E+02  6.814E-01  6.945E-01  5.110E-01
 -5.3275000E+02 -5.322E-01 -2.045E-01  1.287E+00
 -5.3225000E+02  4.822E-01  4.672E-01 -1.183E-01
 -5.3175000E+02  2.402E+00  2.334E+00  1.180E+00
 -5.3125000E+02  3.173E+00  3.065E+00  1.324E+00
 -5.3075000E+02  3.205E+00  3.237E+00  1.908E+00
 -5.3025000E+02  4.670E+00  4.503E+00  1.889E+00
 -5.2975000E+02  5.233E+00  5.181E+00  2.711E+00
 -5.2925000E+02  6.598E+00  7.040E+00  5.416E+00
 -5.2875000E+02  1.030E+01  1.027E+01  5.658E+00
 -5.2825000E+02  1.301E+01  1.310E+01  7.414E+00
 -5.2775000E+02  2.017E+01  2.071E+01  1.324E+01
 -5.2725000E+02  2.875E+01  2.925E+01  1.789E+01
 -5.2675000E+02  3.581E+01  3.633E+01  2.164E+01
 -5.2625000E+02  4.619E+01  4.728E+01  2.982E+01
 -5.2575000E+02  6.241E+01  6.251E+01  3.414E+01
 -5.2525000E+02  7.240E+01  7.369E+01  4.497E+01
 -5.2475000E+02  9.152E+01  9.289E+01  5.435E+01
 -5.2425000E+02  1.083E+02  1.100E+02  6.530E+01
 -5.2375000E+02  1.332E+02  1.355E+02  8.049E+01
 -5.2325000E+02  1.564E+02  1.565E+02  8.389E+01
 -5.2275000E+02  1.769E+02  1.817E+02  1.132E+02
 -5.2225000E+02  2.111E+02  2.126E+02  1.177E+02
 -5.2175000E+02  2.346E+02  2.372E+02  1.340E+02
 -5.2125000E+02  2.744E+02  2.776E+02  1.571E+02
 -5.2075000E+02  3.121E+02  3.136E+02  1.695E+02
 -5.2025000E+02  3.265E+02  3.314E+02  1.899E+02
 -5.1975000E+02  3.633E+02  3.656E+02  1.976E+02
 -5.1925000E+02  3.960E+02  3.991E+02  2.170E+02
 -5.1875000E+02  4.188E+02  4.216E+02  2.267E+02
 -5.1825000E+02  4.332E+02  4.347E+02  2.277E+02
 -5.1775000E+02  4.440E+02  4.486E+02  2.448E+02
 -5.1725000E+02  4.752E+02  4.787E+02  2.553E+02
 -5.1675000E+02  4.883E+02  4.920E+02  2.622E+02
 -5.1625000E+02  4.920E+02  4.979E+02  2.717E+02
 -5.1575000E+02  5.062E+02  5.032E+02  2.417E+02
 -5.1525000E+02  5.060E+02  5.093E+02  2.662E+02
 -5.1475000E+02  4.967E+02  5.023E+02  2.691E+02
 -5.1425000E+02  4.819E+02  4.842E+02  2.475E+02
 -5.1375000E+02  4.981E+02  4.989E+02  2.487E+02
 -5.1325000E+02  4.886E+02  4.884E+02  2.392E+02
 -5.1275000E+02  4.485E+02  4.535E+02  2.391E+02
 -5.1225000E+02  4.317E+02  4.409E+02  2.463E+02
 -5.1175000E+02  4.275E+02  4.274E+02  2.058E+02
 -5.1125000E+02  3.923E+02  3.965E+02  2.054E+02
 -5.1075000E+02  3.996E+02  4.025E+02  2.032E+02
 -5.1025000E+02  3.628E+02  3.642E+02  1.785E+02
 -5.0975000E+02  3.202E+02  3.264E+02  1.761E+02
 -5.0925000E+02  3.078E+02  3.108E+02  1.571E+02
 -5.0875000E+02  2.883E+02  2.890E+02  1.371E+02
 -5.0825000E+02  2.845E+02  2.856E+02  1.369E+02
 -5.0775000E+02  2.634E+02  2.631E+02  1.206E+02
 -5.0725000E+02  2.286E+02  2.322E+02  1.193E+02
 -5.0675000E+02  2.099E+02  2.068E+02  8.328E+01
 -5.0625000E+02  1.892E+02  1.957E+02  1.113E+02
 -5.0575000E+02  1.518E+02  1.547E+02  7.890E+01
 -5.0525000E+02  1.411E+02  1.455E+02  7.996E+01
 -5.0475000E+02  1.275E+02  1.309E+02  6.877E+01
 -5.0425000E+02  1.314E+02  1.325E+02  6.122E+01
 -5.0375000E+02  9.319E+01  9.668E+01  5.364E+01
 -5.0325000E+02  1.087E+02  1.069E+02  3.908E+01
 -5.0275000E+02  7.407E+01  7.582E+01  3.707E+01
 -5.0225000E+02  7.032E+01  7.466E+01  4.576E+01
 -5.0175000E+02  4.868E+01  4.943E+01  2.142E+01
 -5.0125000E+02  4.310E+01  4.565E+01  2.609E+01
 -5.0075000E+02  3.171E+01  3.285E+01  1.452E+01
 -5.0025000E+02  3.122E+01  3.252E+01  1.523E+01
 -4.9975000E+02  2.832E+01  2.961E+01  1.428E+01
 -4.9925000E+02  1.083E+01  1.229E+01  6.621E+00
 -4.9875000E+02  1.316E+01  1.346E+01  3.358E+00
 -4.9825000E+02  4.336E+00  4.968E+00  5.935E-01
 -4.9775000E+02 -8.754E-01 -8.448E-01 -4.461E+00
 -4.9725000E+02 -1.343E+01 -1.415E+01 -1.332E+01
 -4.9675000E+02 -1.301E+01 -1.197E+01 -5.015E+00
 -4.9625000E+02 -1.303E+01 -1.236E+01 -6.994E+00
 -4.9575000E+02 -1.897E+01 -1.866E+01 -1.160E+01
 -4.9525000E+02 -1.901E+01 -1.775E+01 -7.598E+00
 -4.9475000E+02 -2.708E+01 -2.457E+01 -5.815E+00
 -4.9425000E+02 -3.152E+01 -2.922E+01 -9.067E+00
 -4.9375000E+02 -2.667E+01 -2.487E+01 -8.587E+00
 -4.9325000E+02 -3.430E+01 -3.706E+01 -3.005E+01
 -4.9275000E+02 -3.055E+01 -3.218E+01 -2.349E+01
 -4.9225000E+02 -3.077E+01 -3.084E+01 -1.732E+01
 -4.9175000E+02 -3.647E+01 -3.589E+01 -1.710E+01
 -4.9125000E+02 -3.350E+01 -3.201E+01 -1.205E+01
 -4.9075000E+02 -4.466E+01 -4.249E+01 -1.480E+01
 -4.9025000E+02 -4.255E+01 -4.352E+01 -2.584E+01
 -4.8975000E+02 -4.014E+01 -3.953E+01 -1.888E+01
 -4.8925000E+02 -4.516E+01 -4.781E+01 -3.452E+01
 -4.8875000E+02 -4.016E+01 -3.986E+01 -2.015E+01
 -4.8825000E+02 -4.396E+01 -4.327E+01 -2.037E+01
 -4.8775000E+02 -3.595E+01 -3.611E+01 -1.969E+01
 -4.8725000E+02 -3.970E+01 -4.012E+01 -2.237E+01
 -4.8675000E+02 -3.725E+01 -3.976E+01 -3.002E+01
 -4.8625000E+02 -3.951E+01 -3.836E+01 -1.590E+01
 -4.8575000E+02 -4.443E+01 -4.358E+01 -1.937E+01
 -4.8525000E+02 -4.182E+01 -4.077E+01 -1.765E+01
 -4.8475000E+02 -4.608E+01 -4.731E+01 -2.860E+01
 -4.8425000E+02 -4.462E+01 -4.231E+01 -1.286E+01
 -4.8375000E+02 -4.822E+01 -4.647E+01 -1.738E+01
 -4.8325000E+02 -3.968E+01 -3.979E+01 -2.105E+01
 -4.8275000E+02 -4.335E+01 -4.405E+01 -2.521E+01
 -4.8225000E+02 -4.480E+01 -4.566E+01 -2.632E+01
 -4.8175000E+02 -4.579E+01 -4.699E+01 -2.793E+01
 -4.8125000E+02 -4.238E+01 -4.143E+01 -1.790E+01
 -4.8075000E+02 -4.475E+01 -4.460E+01 -2.218E+01
 -4.8025000E+02 -4.549E+01 -4.395E+01 -1.674E+01
 -4.7975000E+02 -4.457E+01 -4.392E+01 -1.986E+01
 -4.7925000E+02 -4.994E+01 -4.914E+01 -2.176E+01
 -4.7875000E+02 -4.054E+01 -3.999E+01 -1.813E+01
 -4.7825000E+02 -4.179E+01 -4.104E+01 -1.860E+01
 -4.7775000E+02 -3.923E+01 -4.037E+01 -2.436E+01
 -4.7725000E+02 -4.177E+01 -4.056E+01 -1.586E+01
 -4.7675000E+02 -4.653E+01 -4.644E+01 -2.279E+01
 -4.7625000E+02 -4.101E+01 -4.026E+01 -1.733E+01
 -4.7575000E+02 -4.067E+01 -4.239E+01 -2.777E+01
 -4.7525000E+02 -4.053E+01 -3.944E+01 -1.652E+01
 -4.7475000E+02 -4.467E+01 -4.508E+01 -2.413E+01
 -4.7425000E+02 -4.193E+01 -4.254E+01 -2.430E+01
 -4.7375000E+02 -4.318E+01 -4.263E+01 -1.973E+01
 -4.7325000E+02 -4.402E+01 -4.359E+01 -1.988E+01
 -4.7275000E+02 -3.967E+01 -4.047E+01 -2.312E+01
 -4.7225000E+02 -3.811E+01 -3.974E+01 -2.601E+01
 -4.7175000E+02 -3.964E+01 -4.001E+01 -2.129E+01
 -4.7125000E+02 -4.503E+01 -4.434E+01 -1.952E+01
 -4.7075000E+02 -4.443E+01 -4.407E+01 -2.060E+01
 -4.7025000E+02 -4.611E+01 -4.614E+01 -2.312E+01
 -4.6975000E+02 -3.812E+01 -3.976E+01 -2.497E+01
 -4.6925000E+02 -3.897E+01 -3.905E+01 -1.939E+01
 -4.6875000E+02 -4.158E+01 -4.064E+01 -1.685E+01
 -4.6825000E+02 -4.422E+01 -4.324E+01 -1.828E+01
 -4.6775000E+02 -3.808E+01 -3.752E+01 -1.702E+01
 -4.6725000E+02 -4.020E+01 -3.985E+01 -1.883E+01
 -4.6675000E+02 -4.053E+01 -4.164E+01 -2.482E+01
 -4.6625000E+02 -4.003E+01 -4.015E+01 -2.043E+01
 -4.6575000E+02 -3.616E+01 -3.620E+01 -1.828E+01
 -4.6525000E+02 -4.193E+01 -4.340E+01 -2.650E+01
 -4.6475000E+02 -4.205E+01 -4.146E+01 -1.853E+01
 -4.6425000E+02 -3.561E+01 -3.577E+01 -1.834E+01
 -4.6375000E+02 -3.633E+01 -3.694E+01 -2.066E+01
 -4.6325000E+02 -3.734E+01 -3.724E+01 -1.799E+01
 -4.6275000E+02 -3.836E+01 -3.800E+01 -1.787E+01
 -4.6225000E+02 -3.799E+01 -3.729E+01 -1.647E+01
 -4.6175000E+02 -4.039E+01 -4.055E+01 -2.001E+01
 -4.6125000E+02 -3.899E+01 -3.940E+01 -2.081E+01
 -4.6075000E+02 -3.799E+01 -3.796E+01 -1.936E+01
 -4.6025000E+02 -3.619E+01 -3.736E+01 -2.256E+01
 -4.5975000E+02 -3.678E+01 -3.771E+01 -2.181E+01
 -4.5925000E+02 -3.710E+01 -3.813E+01 -2.272E+01
 -4.5875000E+02 -3.994E+01 -3.957E+01 -1.857E+01
 -4.5825000E+02 -4.002E+01 -3.950E+01 -1.752E+01
 -4.5775000E+02 -4.179E+01 -3.945E+01 -1.115E+01
 -4.5725000E+02 -3.826E+01 -3.656E+01 -1.208E+01
 -4.5675000E+02 -3.851E+01 -3.899E+01 -2.087E+01
 -4.5625000E+02 -3.326E+01 -3.488E+01 -2.323E+01
 -4.5575000E+02 -3.462E+01 -3.604E+01 -2.298E+01
 -4.5525000E+02 -3.593E+01 -3.463E+01 -1.257E+01
 -4.5475000E+02 -3.469E+01 -3.565E+01 -2.119E+01
 -4.5425000E+02 -3.587E+01 -3.743E+01 -2.390E+01
 -4.5375000E+02 -3.236E+01 -3.258E+01 -1.701E+01
 -4.5325000E+02 -3.349E+01 -3.464E+01 -2.165E+01
 -4.5275000E+02 -3.511E+01 -3.487E+01 -1.659E+01
 -4.5225000E+02 -3.378E+01 -3.404E+01 -1.751E+01
 -4.5175000E+02 -3.523E+01 -3.591E+01 -2.024E+01
 -4.5125000E+02 -3.524E+01 -3.552E+01 -1.851E+01
 -4.5075000E+02 -3.522E+01 -3.523E+01 -1.747E+01
 -4.5025000E+02 -3.083E+01 -3.068E+01 -1.449E+01
 -4.4975000E+02 -3.282E+01 -3.210E+01 -1.377E+01
 -4.4925000E+02 -3.488E+01 -3.453E+01 -1.527E+01
 -4.4875000E+02 -3.297E+01 -3.335E+01 -1.804E+01
 -4.4825000E+02 -3.750E+01 -3.810E+01 -2.107E+01
 -4.4775000E+02 -3.418E+01 -3.469E+01 -1.898E+01
 -4.4725000E+02 -3.356E+01 -3.323E+01 -1.575E+01
 -4.4675000E+02 -3.027E+01 -3.060E+01 -1.589E+01
 -4.4625000E+02 -3.458E+01 -3.365E+01 -1.244E+01
 -4.4575000E+02 -3.041E+01 -3.138E+01 -1.935E+01
 -4.4525000E+02 -3.239E+01 -3.286E+01 -1.828E+01
 -4.4475000E+02 -3.545E+01 -3.503E+01 -1.602E+01
 -4.4425000E+02 -2.874E+01 -2.921E+01 -1.649E+01
 -4.4375000E+02 -3.128E+01 -3.181E+01 -1.749E+01
 -4.4325000E+02 -3.256E+01 -3.221E+01 -1.474E+01
 -4.4275000E+02 -3.467E+01 -3.477E+01 -1.758E+01
 -4.4225000E+02 -2.999E+01 -3.140E+01 -2.063E+01
 -4.4175000E+02 -3.238E+01 -3.153E+01 -1.285E+01
 -4.4125000E+02 -3.292E+01 -3.396E+01 -2.027E+01
 -4.4075000E+02 -3.289E+01 -3.272E+01 -1.569E+01
 -4.4025000E+02 -2.734E+01 -2.768E+01 -1.537E+01
 -4.3975000E+02 -3.303E+01 -3.397E+01 -1.975E+01
 -4.3925000E+02 -3.067E+01 -3.083E+01 -1.592E+01
 -4.3875000E+02 -2.607E+01 -2.633E+01 -1.432E+01
 -4.3825000E+02 -3.328E+01 -3.311E+01 -1.591E+01
 -4.3775000E+02 -3.226E+01 -3.210E+01 -1.497E+01
 -4.3725000E+02 -3.027E+01 -3.053E+01 -1.600E+01
 -4.3675000E+02 -3.097E+01 -3.162E+01 -1.790E+01
 -4.3625000E+02 -2.782E+01 -2.870E+01 -1.683E+01
 -4.3575000E+02 -3.030E+01 -3.072E+01 -1.686E+01
 -4.3525000E+02 -3.119E+01 -3.101E+01 -1.427E+01
 -4.3475000E+02 -2.887E+01 -2.851E+01 -1.309E+01
 -4.3425000E+02 -3.082E+01 -3.072E+01 -1.498E+01
 -4.3375000E+02 -3.110E+01 -3.090E+01 -1.469E+01
 -4.3325000E+02 -2.747E+01 -2.826E+01 -1.696E+01
 -4.3275000E+02 -3.170E+01 -3.203E+01 -1.630E+01
 -4.3225000E+02 -2.752E+01 -2.786E+01 -1.494E+01
 -4.3175000E+02 -2.606E+01 -2.644E+01 -1.444E+01
 -4.3125000E+02 -2.963E+01 -2.932E+01 -1.326E+01
 -4.3075000E+02 -3.058E+01 -3.055E+01 -1.502E+01
 -4.3025000E+02 -2.729E+01 -2.727E+01 -1.373E+01
 -4.2975000E+02 -2.875E+01 -2.968E+01 -1.801E+01
 -4.2925000E+02 -2.754E+01 -2.709E+01 -1.181E+01
 -4.2875000E+02 -2.666E+01 -2.704E+01 -1.489E+01
 -4.2825000E+02 -2.932E+01 -2.934E+01 -1.394E+01
 -4.2775000E+02 -2.643E+01 -2.653E+01 -1.353E+01
 -4.2725000E+02 -2.584E+01 -2.552E+01 -1.144E+01
 -4.2675000E+02 -2.952E+01 -2.919E+01 -1.329E+01
 -4.2625000E+02 -2.902E+01 -3.032E+01 -1.920E+01
 -4.2575000E+02 -2.608E+01 -2.670E+01 -1.533E+01
 -4.2525000E+02 -2.624E+01 -2.641E+01 -1.333E+01
 -4.2475000E+02 -2.975E+01 -2.918E+01 -1.278E+01
 -4.2425000E+02 -2.550E+01 -2.559E+01 -1.331E+01
 -4.2375000E+02 -2.850E+01 -2.791E+01 -1.148E+01
 -4.2325000E+02 -2.387E+01 -2.544E+01 -1.794E+01
 -4.2275000E+02 -2.886E+01 -2.924E+01 -1.530E+01
 -4.2225000E+02 -3.035E+01 -3.024E+01 -1.532E+01
 -4.2175000E+02 -2.668E+01 -2.665E+01 -1.311E+01
 -4.2125000E+02 -2.694E+01 -2.628E+01 -9.993E+00
 -4.2075000E+02 -2.510E+01 -2.542E+01 -1.354E+01
 -4.2025000E+02 -2.288E+01 -2.368E+01 -1.453E+01
 -4.1975000E+02 -2.546E+01 -2.574E+01 -1.326E+01
 -4.1925000E+02 -2.450E+01 -2.413E+01 -1.029E+01
 -4.1875000E+02 -2.559E+01 -2.525E+01 -1.219E+01
 -4.1825000E+02 -2.610E+01 -2.691E+01 -1.515E+01
 -4.1775000E+02 -2.576E+01 -2.616E+01 -1.435E+01
 -4.1725000E+02 -2.490E+01 -2.495E+01 -1.203E+01
 -4.1675000E+02 -2.734E+01 -2.737E+01 -1.352E+01
 -4.1625000E+02 -2.651E+01 -2.707E+01 -1.592E+01
 -4.1575000E+02 -2.916E+01 -2.889E+01 -1.378E+01
 -4.1525000E+02 -2.609E+01 -2.601E+01 -1.204E+01
 -4.1475000E+02 -2.546E+01 -2.549E+01 -1.255E+01
 -4.1425000E+02 -2.441E+01 -2.471E+01 -1.271E+01
 -4.1375000E+02 -2.425E+01 -2.481E+01 -1.411E+01
 -4.1325000E+02 -2.323E+01 -2.428E+01 -1.511E+01
 -4.1275000E+02 -2.520E+01 -2.545E+01 -1.405E+01
 -4.1225000E+02 -2.524E+01 -2.577E+01 -1.468E+01
 -4.1175000E+02 -2.369E+01 -2.442E+01 -1.470E+01
 -4.1125000E+02 -2.453E+01 -2.392E+01 -1.009E+01
 -4.1075000E+02 -2.508E+01 -2.479E+01 -1.190E+01
 -4.1025000E+02 -2.257E+01 -2.257E+01 -1.056E+01
 -4.0975000E+02 -2.431E+01 -2.520E+01 -1.514E+01
 -4.0925000E+02 -2.227E+01 -2.292E+01 -1.341E+01
 -4.0875000E+02 -2.753E+01 -2.698E+01 -1.126E+01
 -4.0825000E+02 -2.595E+01 -2.596E+01 -1.326E+01
 -4.0775000E+02 -2.382E+01 -2.369E+01 -1.185E+01
 -4.0725000E+02 -2.578E+01 -2.490E+01 -8.827E+00
 -4.0675000E+02 -2.448E+01 -2.422E+01 -1.083E+01
 -4.0625000E+02 -2.309E+01 -2.323E+01 -1.179E+01
 -4.0575000E+02 -2.299E+01 -2.388E+01 -1.440E+01
 -4.0525000E+02 -2.326E+01 -2.308E+01 -1.084E+01
 -4.0475000E+02 -2.322E+01 -2.440E+01 -1.565E+01
 -4.0425000E+02 -2.226E+01 -2.290E+01 -1.333E+01
 -4.0375000E+02 -2.340E+01 -2.292E+01 -9.527E+00
 -4.0325000E+02 -2.512E+01 -2.486E+01 -1.110E+01
 -4.0275000E+02 -2.463E+01 -2.400E+01 -9.065E+00
 -4.0225000E+02 -2.216E+01 -2.301E+01 -1.293E+01
 -4.0175000E+02 -2.213E+01 -2.229E+01 -1.188E+01
 -4.0125000E+02 -2.032E+01 -2.043E+01 -1.099E+01
 -4.0075000E+02 -2.277E+01 -2.278E+01 -1.170E+01
 -4.0025000E+02 -2.334E+01 -2.311E+01 -1.007E+01
 -3.9975000E+02 -2.405E+01 -2.326E+01 -9.040E+00
 -3.9925000E+02 -2.429E+01 -2.388E+01 -1.031E+01
 -3.9875000E+02 -2.130E+01 -2.217E+01 -1.408E+01
 -3.9825000E+02 -2.220E+01 -2.243E+01 -1.210E+01
 -3.9775000E+02 -2.151E+01 -2.074E+01 -7.058E+00
 -3.9725000E+02 -2.116E+01 -2.182E+01 -1.179E+01
 -3.9675000E+02 -2.188E+01 -2.266E+01 -1.389E+01
 -3.9625000E+02 -2.265E+01 -2.261E+01 -1.085E+01
 -3.9575000E+02 -2.338E+01 -2.347E+01 -1.166E+01
 -3.9525000E+02 -2.111E+01 -2.111E+01 -1.056E+01
 -3.9475000E+02 -1.941E+01 -1.983E+01 -1.165E+01
 -3.9425000E+02 -2.053E+01 -2.035E+01 -9.771E+00
 -3.9375000E+02 -2.190E+01 -2.210E+01 -1.158E+01
 -3.9325000E+02 -2.264E+01 -2.289E+01 -1.218E+01
 -3.9275000E+02 -2.027E+01 -2.115E+01 -1.320E+01
 -3.9225000E+02 -2.122E+01 -2.164E+01 -1.178E+01
 -3.9175000E+02 -2.038E+01 -2.115E+01 -1.291E+01
 -3.9125000E+02 -2.197E+01 -2.168E+01 -9.642E+00
 -3.9075000E+02 -1.946E+01 -1.987E+01 -1.099E+01
 -3.9025000E+02 -1.771E+01 -1.827E+01 -1.109E+01
 -3.8975000E+02 -2.080E+01 -2.059E+01 -9.381E+00
 -3.8925000E+02 -2.346E+01 -2.401E+01 -1.351E+01
 -3.8875000E+02 -2.043E+01 -2.111E+01 -1.262E+01
 -3.8825000E+02 -1.981E+01 -1.981E+01 -9.498E+00
 -3.8775000E+02 -1.938E+01 -2.036E+01 -1.306E+01
 -3.8725000E+02 -2.282E+01 -2.269E+01 -1.088E+01
 -3.8675000E+02 -2.093E+01 -2.055E+01 -9.617E+00
 -3.8625000E+02 -2.056E+01 -2.068E+01 -1.028E+01
 -3.8575000E+02 -1.912E+01 -1.902E+01 -9.700E+00
 -3.8525000E+02 -2.007E+01 -2.007E+01 -9.999E+00
 -3.8475000E+02 -2.057E+01 -2.070E+01 -1.014E+01
 -3.8425000E+02 -1.985E+01 -1.969E+01 -9.250E+00
 -3.8375000E+02 -1.930E+01 -1.941E+01 -9.865E+00
 -3.8325000E+02 -2.144E+01 -2.107E+01 -8.751E+00
 -3.8275000E+02 -1.772E+01 -1.761E+01 -8.263E+00
 -3.8225000E+02 -1.848E+01 -1.897E+01 -1.101E+01
 -3.8175000E+02 -2.020E+01 -2.034E+01 -1.027E+01
 -3.8125000E+02 -2.131E+01 -2.151E+01 -1.074E+01
 -3.8075000E+02 -2.068E+01 -2.078E+01 -1.044E+01
 -3.8025000E+02 -1.720E+01 -1.774E+01 -1.037E+01
 -3.7975000E+02 -1.892E+01 -1.904E+01 -1.008E+01
 -3.7925000E+02 -1.939E+01 -2.010E+01 -1.244E+01
 -3.7875000E+02 -1.761E+01 -1.773E+01 -9.252E+00
 -3.7825000E+02 -1.669E+01 -1.740E+01 -1.101E+01
 -3.7775000E+02 -1.958E+01 -2.029E+01 -1.165E+01
 -3.7725000E+02 -1.870E+01 -1.922E+01 -1.086E+01
 -3.7675000E+02 -1.843E+01 -1.858E+01 -9.718E+00
 -3.7625000E+02 -1.870E+01 -1.882E+01 -9.573E+00
 -3.7575000E+02 -2.113E+01 -2.052E+01 -8.151E+00
 -3.7525000E+02 -1.941E+01 -1.907E+01 -8.770E+00
 -3.7475000E+02 -1.823E+01 -1.815E+01 -8.686E+00
 -3.7425000E+02 -1.561E+01 -1.648E+01 -1.096E+01
 -3.7375000E+02 -1.882E+01 -1.872E+01 -9.146E+00
 -3.7325000E+02 -1.738E+01 -1.737E+01 -8.501E+00
 -3.7275000E+02 -1.897E+01 -1.940E+01 -1.110E+01
 -3.7225000E+02 -1.878E+01 -1.861E+01 -8.214E+00
 -3.7175000E+02 -1.611E+01 -1.648E+01 -9.599E+00
 -3.7125000E+02 -1.919E+01 -1.875E+01 -7.533E+00
 -3.7075000E+02 -1.754E+01 -1.778E+01 -9.135E+00
 -3.7025000E+02 -1.893E+01 -1.892E+01 -8.876E+00
 -3.6975000E+02 -1.699E+01 -1.770E+01 -1.161E+01
 -3.6925000E+02 -1.870E+01 -1.834E+01 -7.947E+00
 -3.6875000E+02 -1.649E+01 -1.631E+01 -7.240E+00
 -3.6825000E+02 -1.877E+01 -1.894E+01 -9.617E+00
 -3.6775000E+02 -1.841E+01 -1.885E+01 -1.084E+01
 -3.6725000E+02 -1.589E+01 -1.653E+01 -1.013E+01
 -3.6675000E+02 -1.823E+01 -1.846E+01 -9.606E+00
 -3.6625000E+02 -1.816E+01 -1.804E+01 -8.327E+00
 -3.6575000E+02 -1.872E+01 -1.890E+01 -9.798E+00
 -3.6525000E+02 -1.758E+01 -1.857E+01 -1.272E+01
 -3.6475000E+02 -1.756E+01 -1.766E+01 -8.592E+00
 -3.6425000E+02 -1.749E+01 -1.771E+01 -9.878E+00
 -3.6375000E+02 -1.728E+01 -1.729E+01 -8.383E+00
 -3.6325000E+02 -1.721E+01 -1.780E+01 -1.083E+01
 -3.6275000E+02 -1.717E+01 -1.691E+01 -7.369E+00
 -3.6225000E+02 -1.628E+01 -1.662E+01 -9.527E+00
 -3.6175000E+02 -1.649E+01 -1.650E+01 -8.042E+00
 -3.6125000E+02 -1.741E+01 -1.775E+01 -8.675E+00
 -3.6075000E+02 -1.705E+01 -1.669E+01 -7.623E+00
 -3.6025000E+02 -1.641E+01 -1.654E+01 -9.662E+00
 -3.5975000E+02 -1.791E+01 -1.797E+01 -9.389E+00
 -3.5925000E+02 -1.512E+01 -1.557E+01 -8.808E+00
 -3.5875000E+02 -1.580E+01 -1.612E+01 -8.821E+00
 -3.5825000E+02 -1.815E+01 -1.793E+01 -7.418E+00
 -3.5775000E+02 -1.733E+01 -1.718E+01 -8.151E+00
 -3.5725000E+02 -1.453E+01 -1.547E+01 -1.066E+01
 -3.5675000E+02 -1.485E+01 -1.530E+01 -8.906E+00
 -3.5625000E+02 -1.729E+01 -1.735E+01 -8.551E+00
 -3.5575000E+02 -1.539E+01 -1.606E+01 -9.841E+00
 -3.5525000E+02 -1.652E+01 -1.688E+01 -9.979E+00
 -3.5475000E+02 -1.742E+01 -1.700E+01 -7.013E+00
 -3.5425000E+02 -1.681E+01 -1.606E+01 -5.474E+00
 -3.5375000E+02 -1.757E+01 -1.732E+01 -7.743E+00
 -3.5325000E+02 -1.648E+01 -1.657E+01 -8.257E+00
 -3.5275000E+02 -1.519E+01 -1.538E+01 -7.755E+00
 -3.5225000E+02 -1.466E+01 -1.492E+01 -8.393E+00
 -3.5175000E+02 -1.582E+01 -1.604E+01 -9.060E+00
 -3.5125000E+02 -1.552E+01 -1.577E+01 -8.464E+00
 -3.5075000E+02 -1.445E+01 -1.452E+01 -7.461E+00
 -3.5025000E+02 -1.649E+01 -1.659E+01 -8.231E+00
 -3.4975000E+02 -1.591E+01 -1.535E+01 -7.162E+00
 -3.4925000E+02 -1.611E+01 -1.627E+01 -8.762E+00
 -3.4875000E+02 -1.469E+01 -1.508E+01 -8.442E+00
 -3.4825000E+02 -1.651E+01 -1.603E+01 -6.139E+00
 -3.4775000E+02 -1.624E+01 -1.627E+01 -8.179E+00
 -3.4725000E+02 -1.543E+01 -1.584E+01 -9.561E+00
 -3.4675000E+02 -1.524E+01 -1.597E+01 -1.045E+01
 -3.4625000E+02 -1.607E+01 -1.627E+01 -8.203E+00
 -3.4575000E+02 -1.538E+01 -1.570E+01 -8.830E+00
 -3.4525000E+02 -1.535E+01 -1.576E+01 -8.678E+00
 -3.4475000E+02 -1.664E+01 -1.631E+01 -7.108E+00
 -3.4425000E+02 -1.485E+01 -1.528E+01 -8.708E+00
 -3.4375000E+02 -1.570E+01 -1.546E+01 -6.714E+00
 -3.4325000E+02 -1.521E+01 -1.478E+01 -5.666E+00
 -3.4275000E+02 -1.472E+01 -1.487E+01 -7.673E+00
 -3.4225000E+02 -1.451E+01 -1.460E+01 -7.644E+00
 -3.4175000E+02 -1.336E+01 -1.354E+01 -7.048E+00
 -3.4125000E+02 -1.506E+01 -1.473E+01 -5.984E+00
 -3.4075000E+02 -1.426E+01 -1.455E+01 -7.850E+00
 -3.4025000E+02 -1.476E+01 -1.440E+01 -5.759E+00
 -3.3975000E+02 -1.440E+01 -1.440E+01 -7.623E+00
 -3.3925000E+02 -1.278E+01 -1.374E+01 -1.051E+01
 -3.3875000E+02 -1.403E+01 -1.462E+01 -9.005E+00
 -3.3825000E+02 -1.574E+01 -1.572E+01 -7.907E+00
 -3.3775000E+02 -1.582E+01 -1.574E+01 -6.876E+00
 -3.3725000E+02 -1.574E+01 -1.606E+01 -8.771E+00
 -3.3675000E+02 -1.311E+01 -1.400E+01 -9.923E+00
 -3.3625000E+02 -1.465E+01 -1.448E+01 -7.389E+00
 -3.3575000E+02 -1.421E+01 -1.383E+01 -5.484E+00
 -3.3525000E+02 -1.295E+01 -1.321E+01 -8.208E+00
 -3.3475000E+02 -1.409E+01 -1.439E+01 -7.475E+00
 -3.3425000E+02 -1.437E+01 -1.487E+01 -8.786E+00
 -3.3375000E+02 -1.393E+01 -1.366E+01 -7.322E+00
 -3.3325000E+02 -1.268E+01 -1.310E+01 -6.798E+00
 -3.3275000E+02 -1.340E+01 -1.378E+01 -7.063E+00
 -3.3225000E+02 -1.416E+01 -1.424E+01 -6.923E+00
 -3.3175000E+02 -1.234E+01 -1.358E+01 -9.791E+00
 -3.3125000E+02 -1.313E+01 -1.320E+01 -6.702E+00
 -3.3075000E+02 -1.361E+01 -1.321E+01 -5.871E+00
 -3.3025000E+02 -1.372E+01 -1.356E+01 -6.516E+00
 -3.2975000E+02 -1.343E+01 -1.367E+01 -7.852E+00
 -3.2925000E+02 -1.297E+01 -1.344E+01 -7.981E+00
 -3.2875000E+02 -1.300E+01 -1.321E+01 -7.074E+00
 -3.2825000E+02 -1.269E+01 -1.271E+01 -6.292E+00
 -3.2775000E+02 -1.389E+01 -1.403E+01 -7.113E+00
 -3.2725000E+02 -1.393E+01 -1.346E+01 -5.129E+00
 -3.2675000E+02 -1.416E+01 -1.381E+01 -6.096E+00
 -3.2625000E+02 -1.367E+01 -1.382E+01 -7.323E+00
 -3.2575000E+02 -1.423E+01 -1.436E+01 -7.650E+00
 -3.2525000E+02 -1.271E+01 -1.287E+01 -7.323E+00
 -3.2475000E+02 -1.349E+01 -1.357E+01 -6.497E+00
 -3.2425000E+02 -1.322E+01 -1.327E+01 -6.144E+00
 -3.2375000E+02 -1.296E+01 -1.348E+01 -7.962E+00
 -3.2325000E+02 -1.194E+01 -1.249E+01 -8.552E+00
 -3.2275000E+02 -1.191E+01 -1.250E+01 -8.102E+00
 -3.2225000E+02 -1.362E+01 -1.385E+01 -7.550E+00
 -3.2175000E+02 -1.329E+01 -1.318E+01 -5.754E+00
 -3.2125000E+02 -1.353E+01 -1.364E+01 -6.875E+00
 -3.2075000E+02 -1.377E+01 -1.388E+01 -6.796E+00
 -3.2025000E+02 -1.322E+01 -1.307E+01 -6.609E+00
 -3.1975000E+02 -1.089E+01 -1.130E+01 -7.359E+00
 -3.1925000E+02 -1.304E+01 -1.302E+01 -6.458E+00
 -3.1875000E+02 -1.321E+01 -1.319E+01 -5.716E+00
 -3.1825000E+02 -1.255E+01 -1.290E+01 -7.658E+00
 -3.1775000E+02 -1.299E+01 -1.300E+01 -6.074E+00
 -3.1725000E+02 -1.136E+01 -1.152E+01 -6.039E+00
 -3.1675000E+02 -1.117E+01 -1.117E+01 -5.661E+00
 -3.1625000E+02 -1.378E+01 -1.382E+01 -6.333E+00
 -3.1575000E+02 -1.173E+01 -1.186E+01 -6.607E+00
 -3.1525000E+02 -1.309E+01 -1.303E+01 -6.453E+00
 -3.1475000E+02 -1.103E+01 -1.146E+01 -6.967E+00
 -3.1425000E+02 -1.099E+01 -1.141E+01 -7.103E+00
 -3.1375000E+02 -1.237E+01 -1.277E+01 -6.998E+00
 -3.1325000E+02 -1.328E+01 -1.327E+01 -6.648E+00
 -3.1275000E+02 -1.183E+01 -1.217E+01 -6.887E+00
 -3.1225000E+02 -1.193E+01 -1.151E+01 -3.844E+00
 -3.1175000E+02 -1.379E+01 -1.352E+01 -5.896E+00
 -3.1125000E+02 -1.351E+01 -1.311E+01 -4.983E+00
 -3.1075000E+02 -1.261E+01 -1.230E+01 -4.447E+00
 -3.1025000E+02 -1.190E+01 -1.216E+01 -6.959E+00
 -3.0975000E+02 -1.232E+01 -1.269E+01 -7.391E+00
 -3.0925000E+02 -1.174E+01 -1.244E+01 -7.479E+00
 -3.0875000E+02 -1.226E+01 -1.200E+01 -4.575E+00
 -3.0825000E+02 -1.173E+01 -1.149E+01 -4.975E+00
 -3.0775000E+02 -1.035E+01 -1.084E+01 -6.936E+00
 -3.0725000E+02 -1.221E+01 -1.235E+01 -7.414E+00
 -3.0675000E+02 -1.141E+01 -1.131E+01 -5.566E+00
 -3.0625000E+02 -1.127E+01 -1.122E+01 -6.277E+00
 -3.0575000E+02 -1.120E+01 -1.117E+01 -4.685E+00
 -3.0525000E+02 -1.183E+01 -1.179E+01 -5.099E+00
 -3.0475000E+02 -1.210E+01 -1.223E+01 -6.442E+00
 -3.0425000E+02 -1.226E+01 -1.245E+01 -6.583E+00
 -3.0375000E+02 -1.372E+01 -1.337E+01 -5.063E+00
 -3.0325000E+02 -1.092E+01 -1.115E+01 -5.861E+00
 -3.0275000E+02 -1.074E+01 -1.106E+01 -6.742E+00
 -3.0225000E+02 -1.036E+01 -1.099E+01 -7.296E+00
 -3.0175000E+02 -1.122E+01 -1.116E+01 -5.298E+00
 -3.0125000E+02 -1.085E+01 -1.101E+01 -6.355E+00
 -3.0075000E+02 -1.201E+01 -1.188E+01 -4.977E+00
 -3.0025000E+02 -1.206E+01 -1.228E+01 -6.504E+00
 -2.9975000E+02 -1.206E+01 -1.228E+01 -6.987E+00
 -2.9925000E+02 -1.161E+01 -1.159E+01 -4.905E+00
 -2.9875000E+02 -1.033E+01 -1.088E+01 -6.065E+00
 -2.9825000E+02 -1.003E+01 -9.871E+00 -4.660E+00
 -2.9775000E+02 -1.030E+01 -1.096E+01 -7.876E+00
 -2.9725000E+02 -1.235E+01 -1.195E+01 -5.439E+00
 -2.9675000E+02 -1.177E+01 -1.170E+01 -6.352E+00
 -2.9625000E+02 -9.953E+00 -1.024E+01 -6.455E+00
 -2.9575000E+02 -9.880E+00 -1.026E+01 -6.746E+00
 -2.9525000E+02 -1.212E+01 -1.212E+01 -5.911E+00
 -2.9475000E+02 -1.098E+01 -1.143E+01 -6.784E+00
 -2.9425000E+02 -1.048E+01 -1.067E+01 -5.889E+00
 -2.9375000E+02 -1.051E+01 -1.101E+01 -7.327E+00
 -2.9325000E+02 -1.156E+01 -1.172E+01 -6.059E+00
 -2.9275000E+02 -1.027E+01 -1.051E+01 -5.797E+00
 -2.9225000E+02 -1.029E+01 -1.058E+01 -6.088E+00
 -2.9175000E+02 -9.791E+00 -1.003E+01 -6.120E+00
 -2.9125000E+02 -9.934E+00 -1.006E+01 -6.284E+00
 -2.9075000E+02 -9.328E+00 -9.214E+00 -4.822E+00
 -2.9025000E+02 -1.175E+01 -1.170E+01 -5.162E+00
 -2.8975000E+02 -1.191E+01 -1.203E+01 -6.093E+00
 -2.8925000E+02 -1.182E+01 -1.128E+01 -3.353E+00
 -2.8875000E+02 -1.128E+01 -1.151E+01 -6.219E+00
 -2.8825000E+02 -9.997E+00 -1.016E+01 -5.743E+00
 -2.8775000E+02 -9.529E+00 -9.280E+00 -4.247E+00
 -2.8725000E+02 -1.027E+01 -1.017E+01 -4.820E+00
 -2.8675000E+02 -1.158E+01 -1.110E+01 -3.862E+00
 -2.8625000E+02 -1.009E+01 -1.069E+01 -6.852E+00
 -2.8575000E+02 -8.837E+00 -9.298E+00 -5.942E+00
 -2.8525000E+02 -9.614E+00 -9.572E+00 -4.289E+00
 -2.8475000E+02 -1.055E+01 -1.036E+01 -4.779E+00
 -2.8425000E+02 -9.612E+00 -1.022E+01 -6.883E+00
 -2.8375000E+02 -1.084E+01 -1.110E+01 -5.926E+00
 -2.8325000E+02 -9.865E+00 -9.726E+00 -4.250E+00
 -2.8275000E+02 -8.697E+00 -9.015E+00 -5.576E+00
 -2.8225000E+02 -1.019E+01 -1.070E+01 -6.528E+00
 -2.8175000E+02 -1.046E+01 -1.099E+01 -6.991E+00
 -2.8125000E+02 -1.124E+01 -1.110E+01 -4.994E+00
 -2.8075000E+02 -1.104E+01 -1.086E+01 -4.706E+00
 -2.8025000E+02 -1.047E+01 -1.022E+01 -4.166E+00
 -2.7975000E+02 -1.025E+01 -9.733E+00 -4.302E+00
 -2.7925000E+02 -9.350E+00 -9.638E+00 -5.726E+00
 -2.7875000E+02 -9.022E+00 -9.309E+00 -4.851E+00
 -2.7825000E+02 -9.196E+00 -9.390E+00 -5.624E+00
 -2.7775000E+02 -1.037E+01 -1.042E+01 -4.991E+00
 -2.7725000E+02 -9.919E+00 -9.661E+00 -5.447E+00
 -2.7675000E+02 -1.016E+01 -1.048E+01 -7.146E+00
 -2.7625000E+02 -9.886E+00 -1.005E+01 -5.552E+00
 -2.7575000E+02 -9.088E+00 -9.084E+00 -4.947E+00
 -2.7525000E+02 -8.822E+00 -9.167E+00 -5.646E+00
 -2.7475000E+02 -9.503E+00 -9.586E+00 -5.491E+00
 -2.7425000E+02 -8.632E+00 -9.045E+00 -6.936E+00
 -2.7375000E+02 -9.921E+00 -1.015E+01 -5.754E+00
 -2.7325000E+02 -9.221E+00 -9.672E+00 -6.073E+00
 -2.7275000E+02 -9.614E+00 -1.014E+01 -5.788E+00
 -2.7225000E+02 -1.053E+01 -1.070E+01 -5.084E+00
 -2.7175000E+02 -1.083E+01 -1.117E+01 -5.515E+00
 -2.7125000E+02 -8.969E+00 -9.001E+00 -5.166E+00
 -2.7075000E+02 -8.722E+00 -8.597E+00 -4.088E+00
 -2.7025000E+02 -8.752E+00 -8.385E+00 -2.661E+00
 -2.6975000E+02 -9.172E+00 -9.147E+00 -4.792E+00
 -2.6925000E+02 -9.353E+00 -9.270E+00 -5.459E+00
 -2.6875000E+02 -9.661E+00 -1.007E+01 -6.269E+00
 -2.6825000E+02 -1.060E+01 -1.062E+01 -4.620E+00
 -2.6775000E+02 -8.713E+00 -8.963E+00 -5.249E+00
 -2.6725000E+02 -8.097E+00 -8.726E+00 -5.635E+00
 -2.6675000E+02 -8.330E+00 -8.495E+00 -4.987E+00
 -2.6625000E+02 -9.692E+00 -9.697E+00 -4.955E+00
 -2.6575000E+02 -9.768E+00 -1.030E+01 -4.677E+00
 -2.6525000E+02 -9.626E+00 -1.003E+01 -5.090E+00
 -2.6475000E+02 -9.713E+00 -9.471E+00 -4.389E+00
 -2.6425000E+02 -8.864E+00 -8.568E+00 -3.306E+00
 -2.6375000E+02 -9.136E+00 -9.627E+00 -6.690E+00
 -2.6325000E+02 -9.594E+00 -1.026E+01 -6.575E+00
 -2.6275000E+02 -9.041E+00 -9.704E+00 -6.672E+00
 -2.6225000E+02 -9.299E+00 -8.990E+00 -4.242E+00
 -2.6175000E+02 -9.186E+00 -8.927E+00 -3.545E+00
 -2.6125000E+02 -9.275E+00 -9.547E+00 -5.363E+00
 -2.6075000E+02 -8.388E+00 -9.037E+00 -3.712E+00
 -2.6025000E+02 -8.910E+00 -8.846E+00 -3.491E+00
 -2.5975000E+02 -7.638E+00 -7.758E+00 -4.616E+00
 -2.5925000E+02 -9.105E+00 -9.353E+00 -5.160E+00
 -2.5875000E+02 -8.583E+00 -8.923E+00 -5.500E+00
 -2.5825000E+02 -8.791E+00 -8.563E+00 -3.809E+00
 -2.5775000E+02 -8.039E+00 -8.165E+00 -4.708E+00
 -2.5725000E+02 -8.764E+00 -8.879E+00 -4.726E+00
 -2.5675000E+02 -9.803E+00 -9.711E+00 -4.526E+00
 -2.5625000E+02 -9.962E+00 -9.714E+00 -4.188E+00
 -2.5575000E+02 -7.996E+00 -8.338E+00 -4.785E+00
 -2.5525000E+02 -8.494E+00 -8.814E+00 -5.238E+00
 -2.5475000E+02 -8.828E+00 -8.936E+00 -5.372E+00
 -2.5425000E+02 -7.955E+00 -7.890E+00 -3.863E+00
 -2.5375000E+02 -9.188E+00 -9.265E+00 -4.895E+00
 -2.5325000E+02 -9.031E+00 -8.726E+00 -3.014E+00
 -2.5275000E+02 -8.564E+00 -8.669E+00 -4.186E+00
 -2.5225000E+02 -8.239E+00 -8.270E+00 -3.960E+00
 -2.5175000E+02 -8.743E+00 -8.909E+00 -5.300E+00
 -2.5125000E+02 -8.869E+00 -9.379E+00 -6.355E+00
 -2.5075000E+02 -8.067E+00 -8.708E+00 -6.326E+00
 -2.5025000E+02 -8.581E+00 -8.549E+00 -4.317E+00
 -2.4975000E+02 -8.199E+00 -8.270E+00 -5.141E+00
 -2.4925000E+02 -8.318E+00 -8.505E+00 -4.890E+00
 -2.4875000E+02 -8.551E+00 -8.863E+00 -6.186E+00
 -2.4825000E+02 -8.180E+00 -7.821E+00 -2.266E+00
 -2.4775000E+02 -7.393E+00 -7.407E+00 -3.510E+00
 -2.4725000E+02 -8.136E+00 -8.284E+00 -4.799E+00
 -2.4675000E+02 -8.648E+00 -8.637E+00 -4.669E+00
 -2.4625000E+02 -8.279E+00 -8.365E+00 -4.097E+00
 -2.4575000E+02 -8.233E+00 -8.291E+00 -3.751E+00
 -2.4525000E+02 -7.735E+00 -7.918E+00 -3.938E+00
 -2.4475000E+02 -8.538E+00 -8.536E+00 -4.284E+00
 -2.4425000E+02 -7.840E+00 -7.963E+00 -5.114E+00
 -2.4375000E+02 -8.816E+00 -8.766E+00 -4.286E+00
 -2.4325000E+02 -9.435E+00 -9.135E+00 -3.390E+00
 -2.4275000E+02 -8.540E+00 -8.595E+00 -4.129E+00
 -2.4225000E+02 -6.710E+00 -6.967E+00 -3.422E+00
 -2.4175000E+02 -7.073E+00 -7.251E+00 -3.437E+00
 -2.4125000E+02 -7.263E+00 -7.679E+00 -4.146E+00
 -2.4075000E+02 -8.486E+00 -8.245E+00 -3.940E+00
 -2.4025000E+02 -8.377E+00 -8.138E+00 -3.764E+00
 -2.3975000E+02 -8.353E+00 -8.422E+00 -4.066E+00
 -2.3925000E+02 -7.834E+00 -7.817E+00 -4.224E+00
 -2.3875000E+02 -7.316E+00 -7.678E+00 -5.104E+00
 -2.3825000E+02 -7.934E+00 -8.074E+00 -4.456E+00
 -2.3775000E+02 -8.349E+00 -8.846E+00 -5.411E+00
 -2.3725000E+02 -8.168E+00 -8.087E+00 -3.988E+00
 -2.3675000E+02 -8.538E+00 -8.625E+00 -4.947E+00
 -2.3625000E+02 -7.632E+00 -7.951E+00 -4.797E+00
 -2.3575000E+02 -7.467E+00 -7.576E+00 -4.583E+00
 -2.3525000E+02 -7.941E+00 -8.175E+00 -4.429E+00
 -2.3475000E+02 -7.873E+00 -8.095E+00 -4.030E+00
 -2.3425000E+02 -7.394E+00 -7.513E+00 -3.803E+00
 -2.3375000E+02 -6.342E+00 -6.659E+00 -4.819E+00
 -2.3325000E+02 -7.676E+00 -7.849E+00 -4.111E+00
 -2.3275000E+02 -8.063E+00 -8.075E+00 -4.291E+00
 -2.3225000E+02 -8.729E+00 -8.460E+00 -3.435E+00
 -2.3175000E+02 -7.205E+00 -7.391E+00 -4.092E+00
 -2.3125000E+02 -7.654E+00 -7.991E+00 -5.120E+00
 -2.3075000E+02 -6.336E+00 -6.571E+00 -4.107E+00
 -2.3025000E+02 -7.350E+00 -7.599E+00 -4.214E+00
 -2.2975000E+02 -8.105E+00 -8.079E+00 -4.221E+00
 -2.2925000E+02 -7.100E+00 -7.379E+00 -4.129E+00
 -2.2875000E+02 -7.627E+00 -7.792E+00 -4.386E+00
 -2.2825000E+02 -7.838E+00 -7.940E+00 -3.941E+00
 -2.2775000E+02 -6.558E+00 -7.047E+00 -4.688E+00
 -2.2725000E+02 -6.738E+00 -6.913E+00 -3.834E+00
 -2.2675000E+02 -7.324E+00 -7.246E+00 -3.431E+00
 -2.2625000E+02 -7.741E+00 -8.012E+00 -4.571E+00
 -2.2575000E+02 -6.758E+00 -7.086E+00 -4.406E+00
 -2.2525000E+02 -7.716E+00 -7.666E+00 -3.383E+00
 -2.2475000E+02 -6.735E+00 -6.988E+00 -3.429E+00
 -2.2425000E+02 -8.210E+00 -8.169E+00 -3.729E+00
 -2.2375000E+02 -7.316E+00 -7.270E+00 -3.566E+00
 -2.2325000E+02 -6.547E+00 -6.689E+00 -4.061E+00
 -2.2275000E+02 -7.950E+00 -7.511E+00 -2.434E+00
 -2.2225000E+02 -6.896E+00 -7.095E+00 -4.034E+00
 -2.2175000E+02 -6.111E+00 -6.440E+00 -4.555E+00
 -2.2125000E+02 -6.734E+00 -6.982E+00 -4.124E+00
 -2.2075000E+02 -7.263E+00 -7.086E+00 -3.003E+00
 -2.2025000E+02 -6.475E+00 -6.792E+00 -4.511E+00
 -2.1975000E+02 -7.262E+00 -7.205E+00 -2.968E+00
 -2.1925000E+02 -7.052E+00 -6.874E+00 -2.987E+00
 -2.1875000E+02 -7.183E+00 -7.308E+00 -4.162E+00
 -2.1825000E+02 -6.594E+00 -6.780E+00 -3.876E+00
 -2.1775000E+02 -7.397E+00 -7.522E+00 -4.244E+00
 -2.1725000E+02 -7.207E+00 -6.897E+00 -2.308E+00
 -2.1675000E+02 -7.950E+00 -8.455E+00 -6.202E+00
 -2.1625000E+02 -6.435E+00 -6.516E+00 -3.329E+00
 -2.1575000E+02 -7.990E+00 -7.940E+00 -3.742E+00
 -2.1525000E+02 -7.133E+00 -7.223E+00 -3.740E+00
 -2.1475000E+02 -7.430E+00 -7.260E+00 -2.940E+00
 -2.1425000E+02 -7.076E+00 -7.223E+00 -4.192E+00
 -2.1375000E+02 -6.419E+00 -6.825E+00 -4.142E+00
 -2.1325000E+02 -6.818E+00 -6.949E+00 -3.530E+00
 -2.1275000E+02 -7.509E+00 -7.532E+00 -3.383E+00
 -2.1225000E+02 -7.225E+00 -7.155E+00 -3.191E+00
 -2.1175000E+02 -6.032E+00 -6.046E+00 -3.475E+00
 -2.1125000E+02 -6.118E+00 -6.256E+00 -3.434E+00
 -2.1075000E+02 -6.691E+00 -6.938E+00 -4.021E+00
 -2.1025000E+02 -6.037E+00 -6.194E+00 -4.196E+00
 -2.0975000E+02 -6.774E+00 -6.836E+00 -3.883E+00
 -2.0925000E+02 -7.657E+00 -7.552E+00 -3.354E+00
 -2.0875000E+02 -7.358E+00 -7.268E+00 -2.594E+00
 -2.0825000E+02 -6.599E+00 -6.564E+00 -2.655E+00
 -2.0775000E+02 -6.554E+00 -6.731E+00 -3.838E+00
 -2.0725000E+02 -6.687E+00 -6.786E+00 -3.763E+00
 -2.0675000E+02 -7.906E+00 -7.591E+00 -2.441E+00
 -2.0625000E+02 -6.505E+00 -6.567E+00 -3.734E+00
 -2.0575000E+02 -6.904E+00 -7.068E+00 -4.141E+00
 -2.0525000E+02 -5.824E+00 -6.248E+00 -4.380E+00
 -2.0475000E+02 -6.548E+00 -6.529E+00 -3.566E+00
 -2.0425000E+02 -6.247E+00 -6.527E+00 -4.511E+00
 -2.0375000E+02 -6.526E+00 -6.602E+00 -3.480E+00
 -2.0325000E+02 -6.128E+00 -6.424E+00 -4.193E+00
 -2.0275000E+02 -6.138E+00 -6.313E+00 -3.685E+00
 -2.0225000E+02 -5.757E+00 -6.017E+00 -4.062E+00
 -2.0175000E+02 -6.449E+00 -6.212E+00 -2.695E+00
 -2.0125000E+02 -5.980E+00 -6.126E+00 -3.007E+00
 -2.0075000E+02 -6.310E+00 -6.207E+00 -2.325E+00
 -2.0025000E+02 -6.735E+00 -6.790E+00 -3.714E+00
 -1.9975000E+02 -7.096E+00 -7.076E+00 -3.353E+00
 -1.9925000E+02 -6.785E+00 -6.860E+00 -3.662E+00
 -1.9875000E+02 -6.560E+00 -6.813E+00 -3.786E+00
 -1.9825000E+02 -5.962E+00 -6.009E+00 -3.364E+00
 -1.9775000E+02 -5.528E+00 -5.331E+00 -2.129E+00
 -1.9725000E+02 -5.410E+00 -5.300E+00 -2.598E+00
 -1.9675000E+02 -5.707E+00 -5.761E+00 -2.878E+00
 -1.9625000E+02 -5.997E+00 -6.279E+00 -4.193E+00
 -1.9575000E+02 -7.511E+00 -7.046E+00 -2.220E+00
 -1.9525000E+02 -6.861E+00 -6.772E+00 -2.660E+00
 -1.9475000E+02 -6.059E+00 -6.370E+00 -4.216E+00
 -1.9425000E+02 -6.476E+00 -5.952E+00 -1.978E+00
 -1.9375000E+02 -7.040E+00 -6.755E+00 -3.122E+00
 -1.9325000E+02 -6.661E+00 -6.523E+00 -2.880E+00
 -1.9275000E+02 -7.283E+00 -7.221E+00 -3.605E+00
 -1.9225000E+02 -7.096E+00 -7.233E+00 -3.922E+00
 -1.9175000E+02 -6.198E+00 -6.611E+00 -3.794E+00
 -1.9125000E+02 -5.530E+00 -5.946E+00 -3.300E+00
 -1.9075000E+02 -5.607E+00 -5.774E+00 -3.639E+00
 -1.9025000E+02 -5.417E+00 -5.626E+00 -3.548E+00
 -1.8975000E+02 -5.880E+00 -6.142E+00 -4.061E+00
 -1.8925000E+02 -6.305E+00 -6.673E+00 -3.774E+00
 -1.8875000E+02 -6.158E+00 -6.148E+00 -2.515E+00
 -1.8825000E+02 -5.493E+00 -5.599E+00 -2.684E+00
 -1.8775000E+02 -6.192E+00 -6.184E+00 -3.079E+00
 -1.8725000E+02 -5.514E+00 -5.867E+00 -4.180E+00
 -1.8675000E+02 -6.040E+00 -6.317E+00 -3.277E+00
 -1.8625000E+02 -5.853E+00 -6.117E+00 -3.899E+00
 -1.8575000E+02 -6.140E+00 -5.992E+00 -2.416E+00
 -1.8525000E+02 -5.813E+00 -5.952E+00 -3.142E+00
 -1.8475000E+02 -6.420E+00 -6.330E+00 -2.813E+00
 -1.8425000E+02 -5.064E+00 -5.290E+00 -3.192E+00
 -1.8375000E+02 -6.162E+00 -5.878E+00 -1.986E+00
 -1.8325000E+02 -6.762E+00 -6.518E+00 -2.565E+00
 -1.8275000E+02 -5.570E+00 -5.778E+00 -3.511E+00
 -1.8225000E+02 -5.525E+00 -6.035E+00 -4.286E+00
 -1.8175000E+02 -4.303E+00 -5.001E+00 -4.580E+00
 -1.8125000E+02 -5.787E+00 -5.944E+00 -3.187E+00
 -1.8075000E+02 -6.145E+00 -6.076E+00 -2.536E+00
 -1.8025000E+02 -5.995E+00 -6.172E+00 -3.199E+00
 -1.7975000E+02 -6.342E+00 -6.463E+00 -3.615E+00
 -1.7925000E+02 -5.311E+00 -5.712E+00 -4.331E+00
 -1.7875000E+02 -5.109E+00 -5.348E+00 -3.337E+00
 -1.7825000E+02 -4.429E+00 -4.600E+00 -2.973E+00
 -1.7775000E+02 -5.547E+00 -5.264E+00 -2.085E+00
 -1.7725000E+02 -6.690E+00 -6.691E+00 -2.964E+00
 -1.7675000E+02 -5.814E+00 -5.850E+00 -3.034E+00
 -1.7625000E+02 -5.493E+00 -5.590E+00 -3.315E+00
 -1.7575000E+02 -4.928E+00 -5.174E+00 -3.301E+00
 -1.7525000E+02 -5.847E+00 -5.568E+00 -1.938E+00
 -1.7475000E+02 -5.626E+00 -5.665E+00 -3.881E+00
 -1.7425000E+02 -5.542E+00 -5.561E+00 -3.200E+00
 -1.7375000E+02 -5.375E+00 -5.277E+00 -2.207E+00
 -1.7325000E+02 -6.462E+00 -6.643E+00 -3.464E+00
 -1.7275000E+02 -5.576E+00 -5.611E+00 -3.163E+00
 -1.7225000E+02 -5.384E+00 -5.518E+00 -2.813E+00
 -1.7175000E+02 -5.929E+00 -6.155E+00 -3.575E+00
 -1.7125000E+02 -5.852E+00 -5.970E+00 -3.272E+00
 -1.7075000E+02 -6.009E+00 -5.855E+00 -2.275E+00
 -1.7025000E+02 -5.848E+00 -5.795E+00 -2.756E+00
 -1.6975000E+02 -5.493E+00 -5.704E+00 -3.363E+00
 -1.6925000E+02 -5.467E+00 -5.765E+00 -3.496E+00
 -1.6875000E+02 -4.495E+00 -4.399E+00 -1.687E+00
 -1.6825000E+02 -4.745E+00 -4.745E+00 -2.319E+00
 -1.6775000E+02 -4.902E+00 -5.422E+00 -4.426E+00
 -1.6725000E+02 -4.757E+00 -5.080E+00 -3.358E+00
 -1.6675000E+02 -4.841E+00 -5.009E+00 -3.193E+00
 -1.6625000E+02 -6.580E+00 -6.214E+00 -2.083E+00
 -1.6575000E+02 -5.467E+00 -5.356E+00 -2.610E+00
 -1.6525000E+02 -5.678E+00 -5.978E+00 -3.469E+00
 -1.6475000E+02 -5.355E+00 -5.322E+00 -2.643E+00
 -1.6425000E+02 -5.375E+00 -5.574E+00 -3.661E+00
 -1.6375000E+02 -5.019E+00 -5.036E+00 -3.197E+00
 -1.6325000E+02 -5.261E+00 -5.296E+00 -2.781E+00
 -1.6275000E+02 -5.366E+00 -5.152E+00 -2.646E+00
 -1.6225000E+02 -4.804E+00 -4.978E+00 -3.586E+00
 -1.6175000E+02 -6.065E+00 -6.597E+00 -4.395E+00
 -1.6125000E+02 -6.346E+00 -7.064E+00 -3.802E+00
 -1.6075000E+02 -5.300E+00 -5.129E+00 -2.197E+00
 -1.6025000E+02 -5.122E+00 -5.028E+00 -2.487E+00
 -1.5975000E+02 -4.741E+00 -4.803E+00 -2.220E+00
 -1.5925000E+02 -4.821E+00 -4.868E+00 -3.485E+00
 -1.5875000E+02 -5.044E+00 -5.011E+00 -1.122E+00
 -1.5825000E+02 -4.926E+00 -5.035E+00 -3.318E+00
 -1.5775000E+02 -5.888E+00 -5.610E+00 -2.536E+00
 -1.5725000E+02 -5.883E+00 -6.135E+00 -3.221E+00
 -1.5675000E+02 -4.419E+00 -5.258E+00 -3.645E+00
 -1.5625000E+02 -5.203E+00 -5.302E+00 -2.868E+00
 -1.5575000E+02 -4.669E+00 -4.823E+00 -2.765E+00
 -1.5525000E+02 -4.500E+00 -4.253E+00 -1.625E+00
 -1.5475000E+02 -5.886E+00 -4.992E+00 -9.655E-01
 -1.5425000E+02 -4.777E+00 -4.728E+00 -2.239E+00
 -1.5375000E+02 -5.211E+00 -5.437E+00 -3.447E+00
 -1.5325000E+02 -5.061E+00 -5.084E+00 -2.426E+00
 -1.5275000E+02 -4.168E+00 -4.269E+00 -2.428E+00
 -1.5225000E+02 -4.872E+00 -4.755E+00 -2.215E+00
 -1.5175000E+02 -4.998E+00 -4.910E+00 -2.003E+00
 -1.5125000E+02 -4.870E+00 -4.998E+00 -2.809E+00
 -1.5075000E+02 -4.620E+00 -5.020E+00 -3.730E+00
 -1.5025000E+02 -5.293E+00 -5.387E+00 -3.089E+00
 -1.4975000E+02 -4.899E+00 -4.979E+00 -2.297E+00
 -1.4925000E+02 -4.645E+00 -4.590E+00 -1.472E+00
 -1.4875000E+02 -4.496E+00 -4.616E+00 -2.578E+00
 -1.4825000E+02 -4.514E+00 -4.527E+00 -1.461E+00
 -1.4775000E+02 -5.064E+00 -5.517E+00 -3.973E+00
 -1.4725000E+02 -4.523E+00 -4.813E+00 -3.764E+00
 -1.4675000E+02 -4.924E+00 -4.722E+00 -2.258E+00
 -1.4625000E+02 -5.603E+00 -5.666E+00 -2.772E+00
 -1.4575000E+02 -4.319E+00 -4.333E+00 -2.271E+00
 -1.4525000E+02 -5.158E+00 -5.256E+00 -2.982E+00
 -1.4475000E+02 -4.713E+00 -4.930E+00 -3.281E+00
 -1.4425000E+02 -4.807E+00 -5.073E+00 -3.670E+00
 -1.4375000E+02 -4.074E+00 -4.088E+00 -2.154E+00
 -1.4325000E+02 -4.596E+00 -4.707E+00 -2.829E+00
 -1.4275000E+02 -4.039E+00 -4.379E+00 -3.070E+00
 -1.4225000E+02 -4.453E+00 -4.746E+00 -3.212E+00
 -1.4175000E+02 -5.219E+00 -5.150E+00 -2.306E+00
 -1.4125000E+02 -5.826E+00 -5.688E+00 -2.083E+00
 -1.4075000E+02 -5.574E+00 -5.214E+00 -1.586E+00
 -1.4025000E+02 -4.804E+00 -4.665E+00 -1.660E+00
 -1.3975000E+02 -4.525E+00 -4.755E+00 -2.836E+00
 -1.3925000E+02 -4.894E+00 -4.950E+00 -2.991E+00
 -1.3875000E+02 -4.587E+00 -4.945E+00 -2.911E+00
 -1.3825000E+02 -4.728E+00 -4.800E+00 -2.439E+00
 -1.3775000E+02 -5.083E+00 -4.801E+00 -1.759E+00
 -1.3725000E+02 -5.073E+00 -4.844E+00 -1.600E+00
 -1.3675000E+02 -5.126E+00 -5.167E+00 -2.725E+00
 -1.3625000E+02 -4.386E+00 -4.621E+00 -3.407E+00
 -1.3575000E+02 -4.849E+00 -5.038E+00 -2.959E+00
 -1.3525000E+02 -4.174E+00 -4.746E+00 -4.255E+00
 -1.3475000E+02 -4.446E+00 -4.607E+00 -2.855E+00
 -1.3425000E+02 -4.630E+00 -4.874E+00 -3.071E+00
 -1.3375000E+02 -5.192E+00 -5.155E+00 -2.175E+00
 -1.3325000E+02 -4.992E+00 -4.878E+00 -1.787E+00
 -1.3275000E+02 -4.422E+00 -4.642E+00 -2.674E+00
 -1.3225000E+02 -4.516E+00 -4.565E+00 -2.278E+00
 -1.3175000E+02 -4.370E+00 -4.476E+00 -2.465E+00
 -1.3125000E+02 -4.333E+00 -4.492E+00 -2.958E+00
 -1.3075000E+02 -3.996E+00 -3.914E+00 -1.750E+00
 -1.3025000E+02 -4.829E+00 -4.664E+00 -1.721E+00
 -1.2975000E+02 -4.809E+00 -4.528E+00 -1.424E+00
 -1.2925000E+02 -3.997E+00 -4.170E+00 -2.505E+00
 -1.2875000E+02 -4.985E+00 -5.232E+00 -3.475E+00
 -1.2825000E+02 -4.057E+00 -4.175E+00 -2.286E+00
 -1.2775000E+02 -4.451E+00 -4.412E+00 -1.861E+00
 -1.2725000E+02 -4.644E+00 -4.697E+00 -2.827E+00
 -1.2675000E+02 -3.397E+00 -3.156E+00 -1.253E+00
 -1.2625000E+02 -4.524E+00 -4.740E+00 -2.764E+00
 -1.2575000E+02 -5.536E+00 -5.294E+00 -1.392E+00
 -1.2525000E+02 -4.672E+00 -4.562E+00 -1.905E+00
 -1.2475000E+02 -3.718E+00 -3.665E+00 -1.681E+00
 -1.2425000E+02 -5.019E+00 -4.790E+00 -2.129E+00
 -1.2375000E+02 -4.555E+00 -4.753E+00 -2.685E+00
 -1.2325000E+02 -4.575E+00 -4.541E+00 -1.685E+00
 -1.2275000E+02 -3.492E+00 -3.887E+00 -2.941E+00
 -1.2225000E+02 -4.148E+00 -4.406E+00 -3.104E+00
 -1.2175000E+02 -4.915E+00 -5.164E+00 -3.120E+00
 -1.2125000E+02 -3.749E+00 -3.882E+00 -2.599E+00
 -1.2075000E+02 -3.966E+00 -4.036E+00 -2.400E+00
 -1.2025000E+02 -4.215E+00 -4.142E+00 -2.053E+00
 -1.1975000E+02 -4.696E+00 -4.701E+00 -2.293E+00
 -1.1925000E+02 -4.321E+00 -4.482E+00 -2.487E+00
 -1.1875000E+02 -3.885E+00 -3.652E+00 -1.300E+00
 -1.1825000E+02 -4.113E+00 -3.919E+00 -2.150E+00
 -1.1775000E+02 -4.627E+00 -4.563E+00 -2.766E+00
 -1.1725000E+02 -5.468E+00 -5.689E+00 -2.480E+00
 -1.1675000E+02 -4.834E+00 -4.923E+00 -2.213E+00
 -1.1625000E+02 -4.210E+00 -4.126E+00 -3.108E+00
 -1.1575000E+02 -4.435E+00 -4.531E+00 -2.195E+00
 -1.1525000E+02 -4.181E+00 -4.267E+00 -2.421E+00
 -1.1475000E+02 -3.778E+00 -4.078E+00 -2.992E+00
 -1.1425000E+02 -4.742E+00 -4.705E+00 -1.479E+00
 -1.1375000E+02 -3.573E+00 -3.520E+00 -1.556E+00
 -1.1325000E+02 -3.536E+00 -3.843E+00 -1.890E+00
 -1.1275000E+02 -4.249E+00 -4.346E+00 -2.891E+00
 -1.1225000E+02 -3.817E+00 -4.156E+00 -1.931E+00
 -1.1175000E+02 -4.282E+00 -4.349E+00 -2.508E+00
 -1.1125000E+02 -3.965E+00 -3.782E+00 -2.819E+00
 -1.1075000E+02 -4.245E+00 -3.924E+00 -1.695E+00
 -1.1025000E+02 -4.759E+00 -4.798E+00 -2.137E+00
 -1.0975000E+02 -3.684E+00 -3.848E+00 -2.645E+00
 -1.0925000E+02 -3.766E+00 -3.815E+00 -2.094E+00
 -1.0875000E+02 -3.405E+00 -3.615E+00 -2.421E+00
 -1.0825000E+02 -4.349E+00 -4.408E+00 -2.130E+00
 -1.0775000E+02 -4.609E+00 -4.756E+00 -2.526E+00
 -1.0725000E+02 -4.324E+00 -4.236E+00 -1.576E+00
 -1.0675000E+02 -3.541E+00 -3.717E+00 -2.617E+00
 -1.0625000E+02 -3.773E+00 -3.694E+00 -1.220E+00
 -1.0575000E+02 -5.036E+00 -4.906E+00 -1.593E+00
 -1.0525000E+02 -3.625E+00 -3.682E+00 -1.977E+00
 -1.0475000E+02 -4.191E+00 -3.903E+00 -1.706E+00
 -1.0425000E+02 -4.056E+00 -4.154E+00 -2.803E+00
 -1.0375000E+02 -4.365E+00 -4.366E+00 -1.590E+00
 -1.0325000E+02 -3.353E+00 -3.611E+00 -2.077E+00
 -1.0275000E+02 -2.994E+00 -3.333E+00 -2.726E+00
 -1.0225000E+02 -3.376E+00 -3.465E+00 -2.234E+00
 -1.0175000E+02 -3.761E+00 -4.073E+00 -2.883E+00
 -1.0125000E+02 -4.310E+00 -4.144E+00 -1.305E+00
 -1.0075000E+02 -4.467E+00 -4.322E+00 -1.706E+00
 -1.0025000E+02 -3.696E+00 -3.988E+00 -2.742E+00
 -9.9750000E+01 -3.498E+00 -3.769E+00 -2.635E+00
 -9.9250000E+01 -3.638E+00 -3.845E+00 -2.269E+00
 -9.8750000E+01 -3.020E+00 -3.233E+00 -2.505E+00
 -9.8250000E+01 -4.151E+00 -4.207E+00 -2.040E+00
 -9.7750000E+01 -4.694E+00 -4.519E+00 -1.244E+00
 -9.7250000E+01 -3.008E+00 -2.564E+00 -9.759E-01
 -9.6750000E+01 -4.403E+00 -4.253E+00 -1.656E+00
 -9.6250000E+01 -3.349E+00 -3.555E+00 -2.147E+00
 -9.5750000E+01 -3.032E+00 -3.253E+00 -2.455E+00
 -9.5250000E+01 -3.359E+00 -3.396E+00 -1.844E+00
 -9.4750000E+01 -3.603E+00 -3.802E+00 -2.491E+00
 -9.4250000E+01 -3.539E+00 -3.141E+00 -1.397E+00
 -9.3750000E+01 -3.242E+00 -3.390E+00 -2.578E+00
 -9.3250000E+01 -3.670E+00 -3.671E+00 -1.640E+00
 -9.2750000E+01 -3.797E+00 -4.029E+00 -2.887E+00
 -9.2250000E+01 -3.277E+00 -3.453E+00 -3.062E+00
 -9.1750000E+01 -2.840E+00 -3.037E+00 -2.260E+00
 -9.1250000E+01 -3.991E+00 -4.060E+00 -2.133E+00
 -9.0750000E+01 -4.062E+00 -4.094E+00 -2.132E+00
 -9.0250000E+01 -4.113E+00 -4.253E+00 -1.748E+00
 -8.9750000E+01 -3.761E+00 -3.737E+00 -1.750E+00
 -8.9250000E+01 -4.312E+00 -4.179E+00 -1.461E+00
 -8.8750000E+01 -3.841E+00 -3.817E+00 -1.585E+00
 -8.8250000E+01 -3.939E+00 -4.048E+00 -2.504E+00
 -8.7750000E+01 -3.841E+00 -3.858E+00 -1.900E+00
 -8.7250000E+01 -3.747E+00 -3.983E+00 -2.743E+00
 -8.6750000E+01 -2.807E+00 -2.863E+00 -1.051E+00
 -8.6250000E+01 -3.307E+00 -3.550E+00 -2.548E+00
 -8.5750000E+01 -3.543E+00 -3.470E+00 -1.897E+00
 -8.5250000E+01 -2.896E+00 -2.986E+00 -2.059E+00
 -8.4750000E+01 -3.657E+00 -3.963E+00 -2.900E+00
 -8.4250000E+01 -3.414E+00 -3.597E+00 -2.012E+00
 -8.3750000E+01 -3.913E+00 -3.839E+00 -1.844E+00
 -8.3250000E+01 -3.517E+00 -3.697E+00 -1.642E+00
 -8.2750000E+01 -2.910E+00 -3.253E+00 -2.238E+00
 -8.2250000E+01 -3.624E+00 -3.793E+00 -2.422E+00
 -8.1750000E+01 -3.721E+00 -4.128E+00 -3.256E+00
 -8.1250000E+01 -3.830E+00 -3.561E+00 -1.586E+00
 -8.0750000E+01 -4.091E+00 -4.067E+00 -2.124E+00
 -8.0250000E+01 -3.442E+00 -3.680E+00 -2.108E+00
 -7.9750000E+01 -2.594E+00 -2.633E+00 -1.920E+00
 -7.9250000E+01 -3.719E+00 -3.542E+00 -1.489E+00
 -7.8750000E+01 -4.340E+00 -4.346E+00 -1.308E+00
 -7.8250000E+01 -3.534E+00 -3.529E+00 -1.257E+00
 -7.7750000E+01 -2.936E+00 -3.252E+00 -2.646E+00
 -7.7250000E+01 -3.480E+00 -3.742E+00 -2.627E+00
 -7.6750000E+01 -4.101E+00 -3.855E+00 -1.316E+00
 -7.6250000E+01 -3.138E+00 -3.422E+00 -2.409E+00
 -7.5750000E+01 -4.226E+00 -4.016E+00 -1.392E+00
 -7.5250000E+01 -3.635E+00 -3.714E+00 -1.938E+00
 -7.4750000E+01 -3.013E+00 -3.226E+00 -2.325E+00
 -7.4250000E+01 -3.326E+00 -3.284E+00 -1.382E+00
 -7.3750000E+01 -3.495E+00 -4.537E+00 -2.212E+00
 -7.3250000E+01 -5.544E+00 -3.624E+00 -1.254E+00
 -7.2750000E+01 -3.777E+00 -4.076E+00 -3.082E+00
 -7.2250000E+01 -3.048E+00 -3.459E+00 -2.019E+00
 -7.1750000E+01 -3.199E+00 -3.326E+00 -1.289E+00
 -7.1250000E+01 -3.053E+00 -3.164E+00 -2.618E+00
 -7.0750000E+01 -3.302E+00 -3.194E+00 -1.154E+00
 -7.0250000E+01 -3.207E+00 -3.291E+00 -1.860E+00
 -6.9750000E+01 -3.045E+00 -3.516E+00 -2.950E+00
 -6.9250000E+01 -3.221E+00 -2.972E+00 -6.496E-01
 -6.8750000E+01 -2.608E+00 -2.640E+00 -1.704E+00
 -6.8250000E+01 -2.786E+00 -3.054E+00 -2.024E+00
 -6.7750000E+01 -3.287E+00 -3.233E+00 -1.122E+00
 -6.7250000E+01 -3.959E+00 -3.836E+00 -1.979E+00
 -6.6750000E+01 -3.838E+00 -3.601E+00 -8.507E-01
 -6.6250000E+01 -3.332E+00 -3.398E+00 -2.355E+00
 -6.5750000E+01 -3.389E+00 -3.432E+00 -1.863E+00
 -6.5250000E+01 -3.442E+00 -3.334E+00 -1.254E+00
 -6.4750000E+01 -3.630E+00 -3.845E+00 -2.292E+00
 -6.4250000E+01 -3.006E+00 -3.259E+00 -1.998E+00
 -6.3750000E+01 -3.153E+00 -3.374E+00 -1.759E+00
 -6.3250000E+01 -3.479E+00 -3.119E+00 -4.558E-01
 -6.2750000E+01 -3.550E+00 -3.683E+00 -1.899E+00
 -6.2250000E+01 -2.840E+00 -2.886E+00 -1.630E+00
 -6.1750000E+01 -3.181E+00 -3.333E+00 -2.421E+00
 -6.1250000E+01 -3.594E+00 -3.395E+00 -1.835E+00
 -6.0750000E+01 -2.775E+00 -2.850E+00 -1.475E+00
 -6.0250000E+01 -2.444E+00 -3.035E+00 -2.475E+00
 -5.9750000E+01 -3.558E+00 -3.435E+00 -1.233E+00
 -5.9250000E+01 -3.444E+00 -3.594E+00 -2.667E+00
 -5.8750000E+01 -3.558E+00 -3.582E+00 -1.706E+00
 -5.8250000E+01 -3.235E+00 -3.210E+00 -1.550E+00
 -5.7750000E+01 -2.611E+00 -2.671E+00 -1.518E+00
 -5.7250000E+01 -3.174E+00 -3.318E+00 -1.975E+00
 -5.6750000E+01 -3.415E+00 -3.468E+00 -1.931E+00
 -5.6250000E+01 -2.878E+00 -3.051E+00 -2.021E+00
 -5.5750000E+01 -3.288E+00 -3.334E+00 -1.445E+00
 -5.5250000E+01 -3.357E+00 -3.499E+00 -2.058E+00
 -5.4750000E+01 -2.332E+00 -2.425E+00 -1.854E+00
 -5.4250000E+01 -3.659E+00 -3.608E+00 -1.665E+00
 -5.3750000E+01 -3.511E+00 -3.728E+00 -2.194E+00
 -5.3250000E+01 -3.799E+00 -3.853E+00 -2.002E+00
 -5.2750000E+01 -3.247E+00 -2.934E+00 -9.381E-01
 -5.2250000E+01 -2.784E+00 -2.989E+00 -2.495E+00
 -5.1750000E+01 -2.867E+00 -2.824E+00 -1.770E+00
 -5.1250000E+01 -2.921E+00 -3.049E+00 -1.917E+00
 -5.0750000E+01 -3.529E+00 -3.599E+00 -1.482E+00
 -5.0250000E+01 -3.917E+00 -3.848E+00 -1.801E+00
 -4.9750000E+01 -3.203E+00 -3.092E+00 -1.192E+00
 -4.9250000E+01 -2.767E+00 -2.753E+00 -1.516E+00
 -4.8750000E+01 -4.004E+00 -3.679E+00 -1.089E+00
 -4.8250000E+01 -3.192E+00 -3.195E+00 -1.198E+00
 -4.7750000E+01 -2.891E+00 -3.118E+00 -1.863E+00
 -4.7250000E+01 -3.634E+00 -3.550E+00 -1.586E+00
 -4.6750000E+01 -3.136E+00 -3.260E+00 -1.681E+00
 -4.6250000E+01 -2.177E+00 -2.302E+00 -1.310E+00
 -4.5750000E+01 -2.778E+00 -2.917E+00 -2.151E+00
 -4.5250000E+01 -3.909E+00 -3.844E+00 -1.246E+00
 -4.4750000E+01 -2.951E+00 -3.059E+00 -1.682E+00
 -4.4250000E+01 -2.298E+00 -2.402E+00 -1.795E+00
 -4.3750000E+01 -2.709E+00 -2.768E+00 -1.410E+00
 -4.3250000E+01 -3.265E+00 -3.381E+00 -1.820E+00
 -4.2750000E+01 -3.410E+00 -3.447E+00 -1.511E+00
 -4.2250000E+01 -3.561E+00 -3.473E+00 -1.434E+00
 -4.1750000E+01 -2.426E+00 -2.434E+00 -1.299E+00
 -4.1250000E+01 -2.662E+00 -2.609E+00 -1.387E+00
 -4.0750000E+01 -2.927E+00 -2.874E+00 -1.699E+00
 -4.0250000E+01 -3.808E+00 -3.907E+00 -2.019E+00
 -3.9750000E+01 -2.538E+00 -2.683E+00 -1.983E+00
 -3.9250000E+01 -3.088E+00 -3.158E+00 -2.185E+00
 -3.8750000E+01 -2.512E+00 -2.753E+00 -2.169E+00
 -3.8250000E+01 -2.285E+00 -2.373E+00 -9.911E-01
 -3.7750000E+01 -2.359E+00 -2.517E+00 -2.221E+00
 -3.7250000E+01 -2.932E+00 -3.109E+00 -2.457E+00
 -3.6750000E+01 -3.440E+00 -3.439E+00 -1.713E+00
 -3.6250000E+01 -2.764E+00 -2.819E+00 -1.500E+00
 -3.5750000E+01 -3.181E+00 -3.238E+00 -1.389E+00
 -3.5250000E+01 -3.102E+00 -3.282E+00 -1.516E+00
 -3.4750000E+01 -2.718E+00 -2.854E+00 -1.611E+00
 -3.4250000E+01 -2.639E+00 -2.609E+00 -1.706E+00
 -3.3750000E+01 -3.188E+00 -3.062E+00 -1.083E+00
 -3.3250000E+01 -3.472E+00 -3.429E+00 -1.260E+00
 -3.2750000E+01 -3.143E+00 -3.183E+00 -1.524E+00
 -3.2250000E+01 -2.866E+00 -3.020E+00 -1.968E+00
 -3.1750000E+01 -3.021E+00 -3.259E+00 -1.977E+00
 -3.1250000E+01 -3.119E+00 -3.016E+00 -1.267E+00
 -3.0750000E+01 -2.124E+00 -2.201E+00 -1.671E+00
 -3.0250000E+01 -2.165E+00 -2.305E+00 -1.541E+00
 -2.9750000E+01 -2.568E+00 -2.647E+00 -1.060E+00
 -2.9250000E+01 -3.153E+00 -3.092E+00 -1.522E+00
 -2.8750000E+01 -2.531E+00 -2.420E+00 -9.951E-01
 -2.8250000E+01 -2.682E+00 -2.714E+00 -1.269E+00
 -2.7750000E+01 -3.137E+00 -3.131E+00 -1.785E+00
 -2.7250000E+01 -2.810E+00 -3.039E+00 -2.269E+00
 -2.6750000E+01 -2.857E+00 -2.930E+00 -1.557E+00
 -2.6250000E+01 -2.890E+00 -2.846E+00 -1.364E+00
 -2.5750000E+01 -2.852E+00 -2.915E+00 -1.660E+00
 -2.5250000E+01 -2.673E+00 -2.684E+00 -1.152E+00
 -2.4750000E+01 -2.961E+00 -3.122E+00 -1.796E+00
 -2.4250000E+01 -3.023E+00 -2.925E+00 -1.483E+00
 -2.3750000E+01 -2.551E+00 -2.650E+00 -1.846E+00
 -2.3250000E+01 -2.928E+00 -2.637E+00 -1.104E+00
 -2.2750000E+01 -1.662E+00 -2.052E+00 -2.134E+00
 -2.2250000E+01 -2.774E+00 -2.792E+00 -1.816E+00
 -2.1750000E+01 -2.941E+00 -2.933E+00 -1.758E+00
 -2.1250000E+01 -3.113E+00 -3.260E+00 -1.788E+00
 -2.0750000E+01 -3.386E+00 -3.656E+00 -2.093E+00
 -2.0250000E+01 -2.814E+00 -2.654E+00 -1.071E+00
 -1.9750000E+01 -2.913E+00 -2.888E+00 -1.352E+00
 -1.9250000E+01 -1.873E+00 -1.987E+00 -1.521E+00
 -1.8750000E+01 -2.475E+00 -2.643E+00 -1.777E+00
 -1.8250000E+01 -3.240E+00 -2.925E+00 -7.960E-01
 -1.7750000E+01 -3.156E+00 -3.165E+00 -1.512E+00
 -1.7250000E+01 -3.607E+00 -3.795E+00 -2.020E+00
 -1.6750000E+01 -2.191E+00 -2.206E+00 -2.090E+00
 -1.6250000E+01 -2.645E+00 -2.898E+00 -1.714E+00
 -1.5750000E+01 -3.045E+00 -3.140E+00 -1.639E+00
 -1.5250000E+01 -2.559E+00 -2.676E+00 -1.748E+00
 -1.4750000E+01 -2.547E+00 -2.397E+00 -1.118E+00
 -1.4250000E+01 -2.394E+00 -2.514E+00 -1.649E+00
 -1.3750000E+01 -2.370E+00 -2.412E+00 -1.608E+00
 -1.3250000E+01 -2.035E+00 -2.059E+00 -1.175E+00
 -1.2750000E+01 -2.516E+00 -2.651E+00 -1.265E+00
 -1.2250000E+01 -2.579E+00 -2.707E+00 -1.919E+00
 -1.1750000E+01 -2.139E+00 -2.135E+00 -1.499E+00
 -1.1250000E+01 -2.756E+00 -2.917E+00 -1.951E+00
 -1.0750000E+01 -2.757E+00 -2.833E+00 -1.392E+00
 -1.0250000E+01 -2.640E+00 -2.803E+00 -1.552E+00
 -9.7500000E+00 -2.717E+00 -2.676E+00 -1.433E+00
 -9.2500000E+00 -2.382E+00 -2.363E+00 -1.304E+00
 -8.7500000E+00 -2.660E+00 -2.352E+00 -5.088E-01
 -8.2500000E+00 -2.035E+00 -2.035E+00 -9.913E-01
 -7.7500000E+00 -2.307E+00 -2.361E+00 -1.675E+00
 -7.2500000E+00 -3.279E+00 -3.548E+00 -2.338E+00
 -6.7500000E+00 -3.127E+00 -3.206E+00 -1.877E+00
 -6.2500000E+00 -2.241E+00 -2.248E+00 -1.160E+00
 -5.7500000E+00 -2.217E+00 -2.148E+00 -2.544E-01
 -5.2500000E+00 -2.937E+00 -2.929E+00 -7.041E-01
 -4.7500000E+00 -2.178E+00 -2.264E+00 -1.517E+00
 -4.2500000E+00 -2.179E+00 -2.195E+00 -1.119E+00
 -3.7500000E+00 -2.166E+00 -2.366E+00 -1.509E+00
 -3.2500000E+00 -2.615E+00 -2.511E+00 -8.859E-01
 -2.7500000E+00 -2.873E+00 -2.873E+00 -1.160E+00
 -2.2500000E+00 -2.194E+00 -2.298E+00 -1.588E+00
 -1.7500000E+00 -1.755E+00 -1.902E+00 -1.115E+00
 -1.2500000E+00 -2.002E+00 -2.045E+00 -1.511E+00
 -7.5000000E-01 -3.039E+00 -2.907E+00 -9.351E-01
 -2.5000000E-01 -3.115E+00 -3.015E+00 -1.307E+00
  2.5000000E-01 -2.792E+00 -2.704E+00 -1.208E+00
  7.5000000E-01 -2.974E+00 -3.093E+00 -1.342E+00
  1.2500000E+00 -2.645E+00 -2.750E+00 -1.803E+00
  1.7500000E+00 -2.528E+00 -2.773E+00 -1.784E+00
  2.2500000E+00 -1.791E+00 -2.101E+00 -1.676E+00
  2.7500000E+00 -1.719E+00 -1.594E+00 -1.004E+00
  3.2500000E+00 -2.441E+00 -2.386E+00 -9.091E-01
  3.7500000E+00 -3.001E+00 -2.986E+00 -1.105E+00
  4.2500000E+00 -2.341E+00 -2.439E+00 -1.523E+00
  4.7500000E+00 -2.419E+00 -2.278E+00 -7.738E-01
  5.2500000E+00 -2.152E+00 -2.323E+00 -1.792E+00
  5.7500000E+00 -2.445E+00 -2.648E+00 -1.632E+00
  6.2500000E+00 -2.690E+00 -2.697E+00 -2.052E+00
  6.7500000E+00 -2.090E+00 -1.805E+00 -8.862E-01
  7.2500000E+00 -2.638E+00 -3.090E+00 -1.708E+00
  7.7500000E+00 -2.257E+00 -2.417E+00 -1.719E+00
  8.2500000E+00 -2.288E+00 -2.114E+00 -5.565E-01
  8.7500000E+00 -2.684E+00 -2.374E+00 -3.184E-01
  9.2500000E+00 -2.935E+00 -3.004E+00 -1.445E+00
  9.7500000E+00 -1.723E+00 -1.832E+00 -1.570E+00
  1.0250000E+01 -1.750E+00 -1.988E+00 -2.187E+00
  1.0750000E+01 -2.507E+00 -2.754E+00 -1.845E+00
  1.1250000E+01 -2.293E+00 -2.569E+00 -1.726E+00
  1.1750000E+01 -2.079E+00 -2.146E+00 -1.250E+00
  1.2250000E+01 -2.159E+00 -2.103E+00 -9.417E-01
  1.2750000E+01 -2.444E+00 -2.545E+00 -1.055E+00
  1.3250000E+01 -2.487E+00 -2.412E+00 -1.161E+00
  1.3750000E+01 -1.953E+00 -1.976E+00 -1.387E+00
  1.4250000E+01 -2.333E+00 -2.659E+00 -1.724E+00
  1.4750000E+01 -2.979E+00 -3.242E+00 -1.642E+00
  1.5250000E+01 -2.713E+00 -2.498E+00 -8.368E-01
  1.5750000E+01 -2.299E+00 -2.212E+00 -1.330E+00
  1.6250000E+01 -2.232E+00 -2.220E+00 -9.874E-01
  1.6750000E+01 -2.565E+00 -2.698E+00 -1.705E+00
  1.7250000E+01 -2.018E+00 -2.152E+00 -1.667E+00
  1.7750000E+01 -2.897E+00 -2.884E+00 -1.416E+00
  1.8250000E+01 -2.597E+00 -2.579E+00 -1.313E+00
  1.8750000E+01 -1.545E+00 -1.582E+00 -1.237E+00
  1.9250000E+01 -2.390E+00 -2.508E+00 -1.187E+00
  1.9750000E+01 -2.140E+00 -2.377E+00 -1.883E+00
  2.0250000E+01 -2.645E+00 -2.462E+00 -1.807E+00
  2.0750000E+01 -2.024E+00 -2.184E+00 -1.748E+00
  2.1250000E+01 -2.054E+00 -2.024E+00 -9.388E-01
  2.1750000E+01 -2.701E+00 -3.017E+00 -1.531E+00
  2.2250000E+01 -2.563E+00 -2.511E+00 -1.005E+00
  2.2750000E+01 -2.420E+00 -2.112E+00 -2.850E-01
  2.3250000E+01 -2.891E+00 -2.755E+00 -8.015E-01
  2.3750000E+01 -2.412E+00 -2.276E+00 -1.359E+00
  2.4250000E+01 -1.622E+00 -1.813E+00 -1.808E+00
  2.4750000E+01 -2.114E+00 -2.065E+00 -5.577E-01
  2.5250000E+01 -2.488E+00 -2.528E+00 -9.441E-01
  2.5750000E+01 -2.564E+00 -2.564E+00 -1.099E+00
  2.6250000E+01 -2.246E+00 -2.284E+00 -1.333E+00
  2.6750000E+01 -2.285E+00 -2.558E+00 -2.173E+00
  2.7250000E+01 -2.266E+00 -2.281E+00 -8.807E-01
  2.7750000E+01 -2.490E+00 -2.173E+00  2.618E-01
  2.8250000E+01 -2.700E+00 -2.508E+00 -8.581E-01
  2.8750000E+01 -2.346E+00 -2.600E+00 -1.853E+00
  2.9250000E+01 -1.958E+00 -2.014E+00 -1.627E+00
  2.9750000E+01 -2.292E+00 -2.160E+00 -3.899E-01
  3.0250000E+01 -1.695E+00 -1.234E+00 -6.958E-01
  3.0750000E+01 -2.430E+00 -2.604E+00 -8.805E-01
  3.1250000E+01 -2.145E+00 -2.155E+00 -7.648E-01
  3.1750000E+01 -2.346E+00 -2.286E+00 -8.623E-01
  3.2250000E+01 -2.494E+00 -2.894E+00 -2.174E+00
  3.2750000E+01 -2.128E+00 -2.154E+00 -1.254E+00
  3.3250000E+01 -2.450E+00 -2.540E+00 -1.783E+00
  3.3750000E+01 -2.318E+00 -2.377E+00 -1.594E+00
  3.4250000E+01 -2.662E+00 -2.311E+00 -9.433E-01
  3.4750000E+01 -2.171E+00 -2.227E+00 -1.652E+00
  3.5250000E+01 -2.325E+00 -2.527E+00 -9.954E-01
  3.5750000E+01 -2.335E+00 -2.360E+00 -8.587E-01
  3.6250000E+01 -2.183E+00 -2.511E+00 -1.866E+00
  3.6750000E+01 -2.156E+00 -2.443E+00 -1.658E+00
  3.7250000E+01 -2.254E+00 -2.487E+00 -1.895E+00
  3.7750000E+01 -2.236E+00 -2.300E+00 -1.456E+00
  3.8250000E+01 -1.893E+00 -1.865E+00 -1.051E+00
  3.8750000E+01 -1.784E+00 -1.769E+00 -8.684E-01
  3.9250000E+01 -1.277E+00 -1.473E+00 -1.707E+00
  3.9750000E+01 -2.017E+00 -2.144E+00 -1.619E+00
  4.0250000E+01 -1.878E+00 -1.885E+00 -8.443E-01
  4.0750000E+01 -2.221E+00 -2.227E+00 -8.780E-01
  4.1250000E+01 -2.269E+00 -1.895E+00  4.201E-02
  4.1750000E+01 -2.064E+00 -1.931E+00 -3.524E-01
  4.2250000E+01 -2.035E+00 -2.161E+00 -1.730E+00
  4.2750000E+01 -1.947E+00 -2.057E+00 -1.660E+00
  4.3250000E+01 -2.296E+00 -2.420E+00 -1.751E+00
  4.3750000E+01 -2.894E+00 -3.161E+00 -1.484E+00
  4.4250000E+01 -1.691E+00 -1.653E+00 -4.539E-01
  4.4750000E+01 -2.141E+00 -2.057E+00 -8.444E-01
  4.5250000E+01 -2.029E+00 -2.113E+00 -8.315E-01
  4.5750000E+01 -2.205E+00 -2.325E+00 -1.560E+00
  4.6250000E+01 -2.025E+00 -2.124E+00 -8.797E-01
  4.6750000E+01 -1.869E+00 -1.992E+00 -1.718E+00
  4.7250000E+01 -1.504E+00 -1.699E+00 -1.609E+00
  4.7750000E+01 -2.014E+00 -2.111E+00 -1.214E+00
  4.8250000E+01 -1.497E+00 -1.572E+00 -8.501E-01
  4.8750000E+01 -2.078E+00 -2.180E+00 -8.184E-01
  4.9250000E+01 -2.212E+00 -1.996E+00  5.181E-01
  4.9750000E+01 -2.328E+00 -2.150E+00 -5.118E-01
  5.0250000E+01 -1.980E+00 -2.224E+00 -1.648E+00
  5.0750000E+01 -1.681E+00 -1.890E+00 -1.379E+00
  5.1250000E+01 -1.957E+00 -1.636E+00 -7.789E-01
  5.1750000E+01 -1.660E+00 -1.881E+00 -1.589E+00
  5.2250000E+01 -1.974E+00 -1.872E+00 -1.242E+00
  5.2750000E+01 -1.922E+00 -1.782E+00 -1.122E+00
  5.3250000E+01 -1.944E+00 -1.976E+00 -1.676E+00
  5.3750000E+01 -1.741E+00 -1.726E+00 -8.325E-01
  5.4250000E+01 -2.007E+00 -1.963E+00 -8.013E-01
  5.4750000E+01 -1.933E+00 -1.927E+00 -1.284E+00
  5.5250000E+01 -1.900E+00 -2.107E+00 -1.522E+00
  5.5750000E+01 -2.329E+00 -2.482E+00 -1.552E+00
  5.6250000E+01 -2.304E+00 -2.249E+00 -8.863E-01
  5.6750000E+01 -2.026E+00 -1.826E+00 -5.107E-01
  5.7250000E+01 -1.966E+00 -2.181E+00 -1.401E+00
  5.7750000E+01 -1.953E+00 -2.154E+00 -1.599E+00
  5.8250000E+01 -1.882E+00 -1.605E+00 -3.764E-02
  5.8750000E+01 -2.227E+00 -2.403E+00 -1.246E+00
  5.9250000E+01 -2.278E+00 -2.372E+00 -1.281E+00
  5.9750000E+01 -1.877E+00 -2.066E+00 -1.226E+00
  6.0250000E+01 -1.952E+00 -1.996E+00 -1.463E+00
  6.0750000E+01 -2.330E+00 -2.457E+00 -1.235E+00
  6.1250000E+01 -2.140E+00 -2.216E+00 -1.112E+00
  6.1750000E+01 -1.589E+00 -1.517E+00 -1.261E+00
  6.2250000E+01 -2.123E+00 -2.202E+00 -7.535E-01
  6.2750000E+01 -1.717E+00 -1.657E+00 -5.142E-01
  6.3250000E+01 -1.697E+00 -1.740E+00 -1.403E+00
  6.3750000E+01 -2.083E+00 -2.269E+00 -1.438E+00
  6.4250000E+01 -2.105E+00 -2.409E+00 -1.423E+00
  6.4750000E+01 -1.619E+00 -1.656E+00 -1.050E+00
  6.5250000E+01 -1.738E+00 -1.765E+00 -1.381E+00
  6.5750000E+01 -1.647E+00 -1.658E+00 -1.265E+00
  6.6250000E+01 -1.494E+00 -1.574E+00 -1.166E+00
  6.6750000E+01 -1.948E+00 -2.005E+00 -1.300E+00
  6.7250000E+01 -2.691E+00 -2.351E+00 -2.157E-01
  6.7750000E+01 -1.347E+00 -1.223E+00 -2.451E-01
  6.8250000E+01 -1.549E+00 -1.617E+00 -1.085E+00
  6.8750000E+01 -1.951E+00 -1.841E+00 -7.021E-01
  6.9250000E+01 -2.332E+00 -2.249E+00 -8.294E-01
  6.9750000E+01 -1.971E+00 -1.971E+00 -1.137E+00
  7.0250000E+01 -1.743E+00 -1.680E+00 -8.570E-01
  7.0750000E+01 -2.080E+00 -2.061E+00 -8.266E-01
  7.1250000E+01 -1.759E+00 -1.823E+00 -7.878E-01
  7.1750000E+01 -2.124E+00 -2.197E+00 -1.170E+00
  7.2250000E+01 -1.911E+00 -1.945E+00 -1.294E+00
  7.2750000E+01 -1.806E+00 -1.848E+00 -8.884E-01
  7.3250000E+01 -1.838E+00 -1.839E+00 -1.219E+00
  7.3750000E+01 -1.679E+00 -1.738E+00 -1.362E+00
  7.4250000E+01 -2.187E+00 -2.143E+00 -8.410E-01
  7.4750000E+01 -1.322E+00 -1.208E+00 -1.091E+00
  7.5250000E+01 -2.076E+00 -2.096E+00 -1.084E+00
  7.5750000E+01 -2.475E+00 -2.448E+00 -5.210E-01
  7.6250000E+01 -2.157E+00 -2.213E+00 -1.142E+00
  7.6750000E+01 -1.671E+00 -1.843E+00 -1.723E+00
  7.7250000E+01 -1.912E+00 -1.988E+00 -1.847E+00
  7.7750000E+01 -1.314E+00 -1.324E+00 -9.610E-01
  7.8250000E+01 -1.488E+00 -1.492E+00 -2.399E-01
  7.8750000E+01 -2.285E+00 -2.350E+00 -1.918E-01
  7.9250000E+01 -1.649E+00 -1.508E+00 -8.807E-01
  7.9750000E+01 -1.622E+00 -1.649E+00 -1.062E+00
  8.0250000E+01 -1.846E+00 -2.073E+00 -1.496E+00
  8.0750000E+01 -1.595E+00 -1.544E+00 -6.502E-01
  8.1250000E+01 -1.694E+00 -1.597E+00 -7.759E-01
  8.1750000E+01 -1.684E+00 -1.725E+00 -6.538E-01
  8.2250000E+01 -1.604E+00 -1.590E+00 -8.095E-01
  8.2750000E+01 -1.984E+00 -2.063E+00 -1.101E+00
  8.3250000E+01 -1.990E+00 -2.156E+00 -1.214E+00
  8.3750000E+01 -1.167E+00 -1.604E+00 -1.225E+00
  8.4250000E+01 -1.993E+00 -1.900E+00 -1.473E+00
  8.4750000E+01 -1.727E+00 -1.652E+00 -4.976E-01
  8.5250000E+01 -2.334E+00 -2.574E+00 -1.049E+00
  8.5750000E+01 -2.019E+00 -2.305E+00 -1.932E+00
  8.6250000E+01 -1.394E+00 -1.613E+00 -1.578E+00
  8.6750000E+01 -1.858E+00 -1.878E+00 -1.161E+00
  8.7250000E+01 -1.180E+00 -1.279E+00 -8.208E-01
  8.7750000E+01 -1.675E+00 -1.796E+00 -8.274E-01
  8.8250000E+01 -1.913E+00 -1.511E+00  3.051E-01
  8.8750000E+01 -1.209E+00 -1.157E+00 -8.101E-01
  8.9250000E+01 -1.222E+00 -1.315E+00 -5.015E-01
  8.9750000E+01 -2.195E+00 -2.113E+00 -9.139E-01
  9.0250000E+01 -2.273E+00 -2.161E+00 -3.532E-01
  9.0750000E+01 -1.572E+00 -1.542E+00 -4.799E-01
  9.1250000E+01 -2.073E+00 -2.020E+00 -8.117E-01
  9.1750000E+01 -2.204E+00 -2.165E+00 -9.949E-01
  9.2250000E+01 -1.920E+00 -2.105E+00 -1.262E+00
  9.2750000E+01 -1.901E+00 -1.972E+00 -7.938E-01
  9.3250000E+01 -1.578E+00 -1.587E+00 -7.458E-01
  9.3750000E+01 -1.353E+00 -1.475E+00 -9.971E-01
  9.4250000E+01 -1.662E+00 -1.795E+00 -1.564E+00
  9.4750000E+01 -1.854E+00 -1.954E+00 -1.299E+00
  9.5250000E+01 -1.359E+00 -1.411E+00 -1.134E+00
  9.5750000E+01 -1.128E+00 -1.249E+00 -1.434E+00
  9.6250000E+01 -1.989E+00 -1.930E+00 -6.141E-01
  9.6750000E+01 -1.944E+00 -2.178E+00 -1.758E+00
  9.7250000E+01 -2.002E+00 -2.217E+00 -1.536E+00
  9.7750000E+01 -1.846E+00 -1.754E+00 -4.176E-01
  9.8250000E+01 -1.808E+00 -1.764E+00 -5.159E-01
  9.8750000E+01 -1.753E+00 -1.823E+00 -1.334E+00
  9.9250000E+01 -8.345E-01 -1.198E+00 -1.680E+00
  9.9750000E+01 -1.354E+00 -1.297E+00 -5.143E-01
  1.0025000E+02 -2.265E+00 -2.150E+00 -1.189E+00
  1.0075000E+02 -1.519E+00 -1.404E+00 -1.185E+00
  1.0125000E+02 -1.918E+00 -1.792E+00 -2.792E-01
  1.0175000E+02 -1.885E+00 -1.705E+00 -6.661E-01
  1.0225000E+02 -1.457E+00 -1.267E+00 -2.714E-01
  1.0275000E+02 -1.677E+00 -1.851E+00 -4.163E-01
  1.0325000E+02 -1.494E+00 -1.513E+00 -5.575E-01
  1.0375000E+02 -1.787E+00 -1.772E+00 -7.213E-01
  1.0425000E+02 -1.797E+00 -1.608E+00 -5.290E-01
  1.0475000E+02 -1.594E+00 -1.674E+00 -1.269E+00
  1.0525000E+02 -1.249E+00 -1.639E+00 -2.133E+00
  1.0575000E+02 -1.172E+00 -1.393E+00 -1.548E+00
  1.0625000E+02 -1.919E+00 -1.781E+00 -1.250E+00
  1.0675000E+02 -1.245E+00 -1.251E+00 -3.661E-01
  1.0725000E+02 -2.163E+00 -2.250E+00 -1.421E+00
  1.0775000E+02 -2.010E+00 -2.071E+00 -1.301E+00
  1.0825000E+02 -1.533E+00 -1.689E+00 -1.499E+00
  1.0875000E+02 -1.291E+00 -1.457E+00 -8.859E-01
  1.0925000E+02 -1.174E+00 -1.559E+00 -1.682E+00
  1.0975000E+02 -2.755E+00 -2.711E+00 -5.721E-01
  1.1025000E+02 -1.538E+00 -1.380E+00 -9.458E-01
  1.1075000E+02 -1.571E+00 -1.607E+00 -7.338E-01
  1.1125000E+02 -1.204E+00 -9.164E-01 -2.301E-01
  1.1175000E+02 -2.241E+00 -1.908E+00  2.707E-01
  1.1225000E+02 -1.853E+00 -1.764E+00 -2.409E-01
  1.1275000E+02 -1.116E+00 -1.251E+00 -8.080E-01
  1.1325000E+02 -1.708E+00 -2.002E+00 -1.747E+00
  1.1375000E+02 -1.774E+00 -1.921E+00 -1.187E+00
  1.1425000E+02 -1.398E+00 -1.273E+00 -1.308E-01
  1.1475000E+02 -1.548E+00 -1.760E+00 -1.311E+00
  1.1525000E+02 -1.236E+00 -1.139E+00 -3.638E-01
  1.1575000E+02 -1.722E+00 -1.553E+00  3.268E-01
  1.1625000E+02 -1.506E+00 -1.541E+00 -5.779E-01
  1.1675000E+02 -1.628E+00 -1.678E+00 -1.092E+00
  1.1725000E+02 -1.780E+00 -1.854E+00 -1.520E+00
  1.1775000E+02 -2.263E+00 -2.406E+00 -1.140E+00
  1.1825000E+02 -1.411E+00 -1.518E+00 -1.383E+00
  1.1875000E+02 -1.566E+00 -1.465E+00 -5.709E-01
  1.1925000E+02 -1.302E+00 -1.325E+00 -5.839E-01
  1.1975000E+02 -1.301E+00 -1.241E+00 -6.807E-01
  1.2025000E+02 -1.425E+00 -1.522E+00 -7.255E-01
  1.2075000E+02 -1.690E+00 -1.665E+00 -5.772E-01
  1.2125000E+02 -9.621E-01 -9.810E-01 -4.084E-01
  1.2175000E+02 -1.558E+00 -1.495E+00 -9.238E-01
  1.2225000E+02 -1.566E+00 -1.590E+00 -9.222E-01
  1.2275000E+02 -1.468E+00 -1.531E+00 -7.620E-01
  1.2325000E+02 -1.361E+00 -1.446E+00 -7.199E-01
  1.2375000E+02 -1.123E+00 -1.298E+00 -9.568E-01
  1.2425000E+02 -1.356E+00 -1.242E+00 -8.383E-01
  1.2475000E+02 -1.701E+00 -1.760E+00 -1.094E+00
  1.2525000E+02 -1.683E+00 -1.452E+00 -3.840E-01
  1.2575000E+02 -2.338E+00 -2.182E+00 -8.277E-01
  1.2625000E+02 -1.504E+00 -2.025E+00 -1.261E+00
  1.2675000E+02 -9.529E-01 -1.142E+00 -1.323E+00
  1.2725000E+02 -1.169E+00 -1.192E+00 -7.511E-01
  1.2775000E+02 -1.416E+00 -1.536E+00 -1.514E+00
  1.2825000E+02 -1.494E+00 -1.701E+00 -1.002E+00
  1.2875000E+02 -1.733E+00 -1.692E+00 -7.907E-01
  1.2925000E+02 -1.465E+00 -1.352E+00 -6.966E-01
  1.2975000E+02 -1.549E+00 -1.762E+00 -1.225E+00
  1.3025000E+02 -2.010E+00 -2.233E+00 -1.074E+00
  1.3075000E+02 -1.936E+00 -1.863E+00 -2.963E-01
  1.3125000E+02 -1.441E+00 -1.519E+00 -9.045E-01
  1.3175000E+02 -1.371E+00 -1.368E+00 -6.172E-01
  1.3225000E+02 -9.842E-01 -8.379E-01 -7.129E-01
  1.3275000E+02 -1.413E+00 -1.321E+00 -2.597E-01
  1.3325000E+02 -1.562E+00 -1.517E+00 -4.845E-01
  1.3375000E+02 -1.418E+00 -1.498E+00 -1.312E+00
  1.3425000E+02 -1.319E+00 -1.297E+00 -9.265E-01
  1.3475000E+02 -1.536E+00 -1.576E+00 -7.587E-01
  1.3525000E+02 -1.424E+00 -1.184E+00 -3.953E-01
  1.3575000E+02 -1.584E+00 -1.628E+00 -1.695E-01
  1.3625000E+02 -8.671E-01 -1.213E+00 -1.635E+00
  1.3675000E+02 -1.410E+00 -1.435E+00 -8.423E-01
  1.3725000E+02 -1.275E+00 -1.609E+00 -8.686E-01
  1.3775000E+02 -2.067E+00 -1.982E+00 -2.425E-01
  1.3825000E+02 -1.241E+00 -1.282E+00 -8.874E-01
  1.3875000E+02 -1.191E+00 -1.275E+00 -1.285E+00
  1.3925000E+02 -1.274E+00 -1.342E+00 -1.515E+00
  1.3975000E+02 -1.566E+00 -1.625E+00 -9.943E-01
  1.4025000E+02 -1.640E+00 -1.662E+00 -8.929E-01
  1.4075000E+02 -1.407E+00 -1.588E+00 -9.308E-01
  1.4125000E+02 -1.273E+00 -1.261E+00 -7.247E-01
  1.4175000E+02 -1.693E+00 -1.670E+00 -7.591E-01
  1.4225000E+02 -1.780E+00 -1.902E+00 -1.149E+00
  1.4275000E+02 -1.572E+00 -1.443E+00 -6.234E-01
  1.4325000E+02 -1.587E+00 -1.768E+00 -1.662E-01
  1.4375000E+02 -1.539E+00 -1.685E+00 -1.208E+00
  1.4425000E+02 -9.035E-01 -1.144E+00 -1.148E+00
  1.4475000E+02 -1.263E+00 -1.590E+00 -1.288E+00
  1.4525000E+02 -1.168E+00 -1.119E+00 -6.666E-01
  1.4575000E+02 -9.290E-01 -1.004E+00 -7.485E-01
  1.4625000E+02 -1.259E+00 -1.288E+00 -7.593E-01
  1.4675000E+02 -1.671E+00 -1.721E+00 -4.640E-01
  1.4725000E+02 -1.518E+00 -1.581E+00 -8.566E-01
  1.4775000E+02 -1.665E+00 -1.648E+00 -7.062E-01
  1.4825000E+02 -1.326E+00 -9.508E-01  2.160E-01
  1.4875000E+02 -1.682E+00 -1.779E+00 -7.740E-01
  1.4925000E+02 -1.257E+00 -1.265E+00 -1.565E+00
  1.4975000E+02 -1.263E+00 -1.209E+00 -6.984E-01
  1.5025000E+02 -1.523E+00 -1.706E+00 -1.541E+00
  1.5075000E+02 -1.238E+00 -1.398E+00 -1.055E+00
  1.5125000E+02 -1.139E+00 -1.327E+00 -6.839E-01
  1.5175000E+02 -1.466E+00 -1.244E+00 -4.554E-01
  1.5225000E+02 -1.748E+00 -1.363E+00 -3.359E-01
  1.5275000E+02 -7.332E-01 -8.409E-01 -1.240E+00
  1.5325000E+02 -8.079E-01 -1.526E+00 -1.049E+00
  1.5375000E+02 -1.474E+00 -1.802E+00 -1.840E+00
  1.5425000E+02 -1.354E+00 -1.707E+00 -5.192E-01
  1.5475000E+02 -1.594E+00 -1.579E+00 -4.772E-01
  1.5525000E+02 -1.524E+00 -1.550E+00 -9.085E-01
