 -4.3707500E+03 -0.000E+00 -0.000E+00  0.000E+00
 -4.3702500E+03 -0.000E+00 -0.000E+00  0.000E+00
 -4.3697500E+03 -0.000E+00 -0.000E+00  0.000E+00
 -4.3692500E+03 -0.000E+00 -0.000E+00  0.000E+00
 -4.3687500E+03 -0.000E+00 -0.000E+00  0.000E+00
 -4.3682500E+03 -0.000E+00 -0.000E+00  0.000E+00
 -4.3677500E+03 -0.000E+00 -0.000E+00  0.000E+00
 -4.3672500E+03 -0.000E+00 -0.000E+00  0.000E+00
 -4.3667500E+03 -0.000E+00 -0.000E+00  0.000E+00
 -4.3662500E+03 -0.000E+00 -0.000E+00  0.000E+00
 -4.3657500E+03 -0.000E+00 -0.000E+00  0.000E+00
 -4.3652500E+03 -0.000E+00 -0.000E+00  0.000E+00
 -4.3647500E+03 -0.000E+00 -0.000E+00  0.000E+00
 -4.3642500E+03 -0.000E+00 -0.000E+00  0.000E+00
 -4.3637500E+03 -0.000E+00 -0.000E+00  0.000E+00
 -4.3632500E+03 -0.000E+00 -0.000E+00  0.000E+00
 -4.3627500E+03 -0.000E+00 -0.000E+00  0.000E+00
 -4.3622500E+03 -0.000E+00 -0.000E+00  0.000E+00
 -4.3617500E+03 -0.000E+00 -0.000E+00  0.000E+00
 -4.3612500E+03 -0.000E+00 -0.000E+00  0.000E+00
 -4.3607500E+03 -0.000E+00 -0.000E+00  0.000E+00
 -4.3602500E+03 -0.000E+00 -0.000E+00  0.000E+00
 -4.3597500E+03 -0.000E+00 -0.000E+00  0.000E+00
 -4.3592500E+03 -0.000E+00 -0.000E+00  0.000E+00
 -4.3587500E+03 -0.000E+00 -0.000E+00  0.000E+00
 -4.3582500E+03 -0.000E+00 -0.000E+00  0.000E+00
 -4.3577500E+03 -0.000E+00 -0.000E+00  0.000E+00
 -4.3572500E+03 -0.000E+00 -0.000E+00  0.000E+00
 -4.3567500E+03 -0.000E+00 -0.000E+00  0.000E+00
 -4.3562500E+03 -0.000E+00 -0.000E+00  0.000E+00
 -4.3557500E+03 -0.000E+00 -0.000E+00  0.000E+00
 -4.3552500E+03 -0.000E+00 -0.000E+00  0.000E+00
 -4.3547500E+03 -0.000E+00 -0.000E+00  0.000E+00
 -4.3542500E+03 -0.000E+00 -0.000E+00  0.000E+00
 -4.3537500E+03 -0.000E+00 -0.000E+00  0.000E+00
 -4.3532500E+03 -0.000E+00 -0.000E+00  0.000E+00
 -4.3527500E+03 -0.000E+00 -0.000E+00  0.000E+00
 -4.3522500E+03 -0.000E+00 -0.000E+00  0.000E+00
 -4.3517500E+03 -0.000E+00 -0.000E+00  0.000E+00
 -4.3512500E+03 -0.000E+00 -0.000E+00  0.000E+00
 -4.3507500E+03 -0.000E+00 -0.000E+00  0.000E+00
 -4.3502500E+03 -0.000E+00 -0.000E+00  0.000E+00
 -4.3497500E+03 -0.000E+00 -0.000E+00  0.000E+00
 -4.3492500E+03 -0.000E+00 -0.000E+00  0.000E+00
 -4.3487500E+03 -0.000E+00 -0.000E+00  0.000E+00
 -4.3482500E+03 -0.000E+00 -0.000E+00  0.000E+00
 -4.3477500E+03 -0.000E+00 -0.000E+00  0.000E+00
 -4.3472500E+03 -0.000E+00 -0.000E+00  0.000E+00
 -4.3467500E+03 -0.000E+00 -0.000E+00  0.000E+00
 -4.3462500E+03 -0.000E+00 -0.000E+00  0.000E+00
 -4.3457500E+03 -0.000E+00 -0.000E+00  0.000E+00
 -4.3452500E+03 -0.000E+00 -0.000E+00  0.000E+00
 -4.3447500E+03 -0.000E+00 -0.000E+00  0.000E+00
 -4.3442500E+03 -0.000E+00 -0.000E+00  0.000E+00
 -4.3437500E+03 -0.000E+00 -0.000E+00  0.000E+00
 -4.3432500E+03 -0.000E+00 -0.000E+00  0.000E+00
 -4.3427500E+03 -0.000E+00 -0.000E+00  0.000E+00
 -4.3422500E+03 -0.000E+00 -0.000E+00  0.000E+00
 -4.3417500E+03 -0.000E+00 -0.000E+00  0.000E+00
 -4.3412500E+03 -0.000E+00 -0.000E+00  0.000E+00
 -4.3407500E+03 -0.000E+00 -0.000E+00  0.000E+00
 -4.3402500E+03 -0.000E+00 -0.000E+00  0.000E+00
 -4.3397500E+03 -0.000E+00 -0.000E+00  0.000E+00
 -4.3392500E+03 -0.000E+00 -0.000E+00  0.000E+00
 -4.3387500E+03 -0.000E+00 -0.000E+00  0.000E+00
 -4.3382500E+03 -0.000E+00 -0.000E+00  0.000E+00
 -4.3377500E+03 -0.000E+00 -0.000E+00  0.000E+00
 -4.3372500E+03 -0.000E+00 -0.000E+00  0.000E+00
 -4.3367500E+03 -0.000E+00 -0.000E+00  0.000E+00
 -4.3362500E+03 -0.000E+00 -0.000E+00  0.000E+00
 -4.3357500E+03 -0.000E+00 -0.000E+00  0.000E+00
 -4.3352500E+03 -0.000E+00 -0.000E+00  0.000E+00
 -4.3347500E+03 -0.000E+00 -0.000E+00  0.000E+00
 -4.3342500E+03 -0.000E+00 -0.000E+00  0.000E+00
 -4.3337500E+03 -0.000E+00 -0.000E+00  0.000E+00
 -4.3332500E+03 -0.000E+00 -0.000E+00  0.000E+00
 -4.3327500E+03 -0.000E+00 -0.000E+00  0.000E+00
 -4.3322500E+03 -0.000E+00 -0.000E+00  0.000E+00
 -4.3317500E+03 -0.000E+00 -0.000E+00  0.000E+00
 -4.3312500E+03 -0.000E+00 -0.000E+00  0.000E+00
 -4.3307500E+03 -0.000E+00 -0.000E+00  0.000E+00
 -4.3302500E+03 -0.000E+00 -0.000E+00  0.000E+00
 -4.3297500E+03 -0.000E+00 -0.000E+00  0.000E+00
 -4.3292500E+03 -0.000E+00 -0.000E+00  0.000E+00
 -4.3287500E+03 -0.000E+00 -0.000E+00  0.000E+00
 -4.3282500E+03 -0.000E+00 -0.000E+00  0.000E+00
 -4.3277500E+03 -0.000E+00 -0.000E+00  0.000E+00
 -4.3272500E+03 -0.000E+00 -0.000E+00  0.000E+00
 -4.3267500E+03 -0.000E+00 -0.000E+00  0.000E+00
 -4.3262500E+03 -0.000E+00 -0.000E+00  0.000E+00
 -4.3257500E+03 -0.000E+00 -0.000E+00  0.000E+00
 -4.3252500E+03 -0.000E+00 -0.000E+00  0.000E+00
 -4.3247500E+03 -0.000E+00 -0.000E+00  0.000E+00
 -4.3242500E+03 -0.000E+00 -0.000E+00  0.000E+00
 -4.3237500E+03 -0.000E+00 -0.000E+00  0.000E+00
 -4.3232500E+03 -0.000E+00 -0.000E+00  0.000E+00
 -4.3227500E+03 -0.000E+00 -0.000E+00  0.000E+00
 -4.3222500E+03 -0.000E+00 -0.000E+00  0.000E+00
 -4.3217500E+03 -0.000E+00 -0.000E+00  0.000E+00
 -4.3212500E+03 -0.000E+00 -0.000E+00  0.000E+00
 -4.3207500E+03 -0.000E+00 -0.000E+00  0.000E+00
 -4.3202500E+03 -0.000E+00 -0.000E+00  0.000E+00
 -4.3197500E+03 -0.000E+00 -0.000E+00  0.000E+00
 -4.3192500E+03 -0.000E+00 -0.000E+00  0.000E+00
 -4.3187500E+03 -0.000E+00 -0.000E+00  0.000E+00
 -4.3182500E+03 -0.000E+00 -0.000E+00  0.000E+00
 -4.3177500E+03 -0.000E+00 -0.000E+00  0.000E+00
 -4.3172500E+03 -0.000E+00 -0.000E+00  0.000E+00
 -4.3167500E+03 -0.000E+00 -0.000E+00  0.000E+00
 -4.3162500E+03 -0.000E+00 -0.000E+00  0.000E+00
 -4.3157500E+03 -0.000E+00 -0.000E+00  0.000E+00
 -4.3152500E+03 -0.000E+00 -0.000E+00  0.000E+00
 -4.3147500E+03 -0.000E+00 -0.000E+00  0.000E+00
 -4.3142500E+03 -0.000E+00 -0.000E+00  0.000E+00
 -4.3137500E+03 -0.000E+00 -0.000E+00  0.000E+00
 -4.3132500E+03 -0.000E+00 -0.000E+00  0.000E+00
 -4.3127500E+03 -0.000E+00 -0.000E+00  0.000E+00
 -4.3122500E+03 -0.000E+00 -0.000E+00  0.000E+00
 -4.3117500E+03 -0.000E+00 -0.000E+00  0.000E+00
 -4.3112500E+03 -0.000E+00 -0.000E+00  0.000E+00
 -4.3107500E+03 -0.000E+00 -0.000E+00  0.000E+00
 -4.3102500E+03 -0.000E+00 -0.000E+00  0.000E+00
 -4.3097500E+03 -0.000E+00 -0.000E+00  0.000E+00
 -4.3092500E+03 -0.000E+00 -0.000E+00  0.000E+00
 -4.3087500E+03 -0.000E+00 -0.000E+00  0.000E+00
 -4.3082500E+03 -0.000E+00 -0.000E+00  0.000E+00
 -4.3077500E+03 -0.000E+00 -0.000E+00  0.000E+00
 -4.3072500E+03 -0.000E+00 -0.000E+00  0.000E+00
 -4.3067500E+03 -0.000E+00 -0.000E+00  0.000E+00
 -4.3062500E+03 -0.000E+00 -0.000E+00  0.000E+00
 -4.3057500E+03 -0.000E+00 -0.000E+00  0.000E+00
 -4.3052500E+03 -0.000E+00 -0.000E+00  0.000E+00
 -4.3047500E+03 -0.000E+00 -0.000E+00  0.000E+00
 -4.3042500E+03 -0.000E+00 -0.000E+00  0.000E+00
 -4.3037500E+03 -0.000E+00 -0.000E+00  0.000E+00
 -4.3032500E+03 -0.000E+00 -0.000E+00  0.000E+00
 -4.3027500E+03 -0.000E+00 -0.000E+00  0.000E+00
 -4.3022500E+03 -0.000E+00 -0.000E+00  0.000E+00
 -4.3017500E+03 -0.000E+00 -0.000E+00  0.000E+00
 -4.3012500E+03 -0.000E+00 -0.000E+00  0.000E+00
 -4.3007500E+03 -0.000E+00 -0.000E+00  0.000E+00
 -4.3002500E+03 -0.000E+00 -0.000E+00  0.000E+00
 -4.2997500E+03 -0.000E+00 -0.000E+00  0.000E+00
 -4.2992500E+03 -0.000E+00 -0.000E+00  0.000E+00
 -4.2987500E+03 -0.000E+00 -0.000E+00  0.000E+00
 -4.2982500E+03 -0.000E+00 -0.000E+00  0.000E+00
 -4.2977500E+03 -0.000E+00 -0.000E+00  0.000E+00
 -4.2972500E+03 -0.000E+00 -0.000E+00  0.000E+00
 -4.2967500E+03 -0.000E+00 -0.000E+00  0.000E+00
 -4.2962500E+03 -0.000E+00 -0.000E+00  0.000E+00
 -4.2957500E+03 -0.000E+00 -0.000E+00  0.000E+00
 -4.2952500E+03 -0.000E+00 -0.000E+00  0.000E+00
 -4.2947500E+03 -0.000E+00 -0.000E+00  0.000E+00
 -4.2942500E+03 -0.000E+00 -0.000E+00  0.000E+00
 -4.2937500E+03 -0.000E+00 -0.000E+00  0.000E+00
 -4.2932500E+03 -0.000E+00 -0.000E+00  0.000E+00
 -4.2927500E+03 -0.000E+00 -0.000E+00  0.000E+00
 -4.2922500E+03 -0.000E+00 -0.000E+00  0.000E+00
 -4.2917500E+03 -0.000E+00 -0.000E+00  0.000E+00
 -4.2912500E+03 -0.000E+00 -0.000E+00  0.000E+00
 -4.2907500E+03 -0.000E+00 -0.000E+00  0.000E+00
 -4.2902500E+03 -0.000E+00 -0.000E+00  0.000E+00
 -4.2897500E+03 -0.000E+00 -0.000E+00  0.000E+00
 -4.2892500E+03 -0.000E+00 -0.000E+00  0.000E+00
 -4.2887500E+03 -0.000E+00 -0.000E+00  0.000E+00
 -4.2882500E+03 -0.000E+00 -0.000E+00  0.000E+00
 -4.2877500E+03 -0.000E+00 -0.000E+00  0.000E+00
 -4.2872500E+03 -0.000E+00 -0.000E+00  0.000E+00
 -4.2867500E+03 -0.000E+00 -0.000E+00  0.000E+00
 -4.2862500E+03 -0.000E+00 -0.000E+00  0.000E+00
 -4.2857500E+03 -0.000E+00 -0.000E+00  0.000E+00
 -4.2852500E+03 -0.000E+00 -0.000E+00  0.000E+00
 -4.2847500E+03 -0.000E+00 -0.000E+00  0.000E+00
 -4.2842500E+03 -0.000E+00 -0.000E+00  0.000E+00
 -4.2837500E+03 -0.000E+00 -0.000E+00  0.000E+00
 -4.2832500E+03 -0.000E+00 -0.000E+00  0.000E+00
 -4.2827500E+03 -0.000E+00 -0.000E+00  0.000E+00
 -4.2822500E+03 -0.000E+00 -0.000E+00  0.000E+00
 -4.2817500E+03 -0.000E+00 -0.000E+00  0.000E+00
 -4.2812500E+03 -0.000E+00 -0.000E+00  0.000E+00
 -4.2807500E+03 -0.000E+00 -0.000E+00  0.000E+00
 -4.2802500E+03 -0.000E+00 -0.000E+00  0.000E+00
 -4.2797500E+03 -0.000E+00 -0.000E+00  0.000E+00
 -4.2792500E+03 -0.000E+00 -0.000E+00  0.000E+00
 -4.2787500E+03 -0.000E+00 -0.000E+00  0.000E+00
 -4.2782500E+03 -0.000E+00 -0.000E+00  0.000E+00
 -4.2777500E+03 -0.000E+00 -0.000E+00  0.000E+00
 -4.2772500E+03 -0.000E+00 -0.000E+00  0.000E+00
 -4.2767500E+03 -0.000E+00 -0.000E+00  0.000E+00
 -4.2762500E+03 -0.000E+00 -0.000E+00  0.000E+00
 -4.2757500E+03 -0.000E+00 -0.000E+00  0.000E+00
 -4.2752500E+03 -0.000E+00 -0.000E+00  0.000E+00
 -4.2747500E+03 -0.000E+00 -0.000E+00  0.000E+00
 -4.2742500E+03 -0.000E+00 -0.000E+00  0.000E+00
 -4.2737500E+03 -0.000E+00 -0.000E+00  0.000E+00
 -4.2732500E+03 -0.000E+00 -0.000E+00  0.000E+00
 -4.2727500E+03 -0.000E+00 -0.000E+00  0.000E+00
 -4.2722500E+03 -0.000E+00 -0.000E+00  0.000E+00
 -4.2717500E+03 -0.000E+00 -0.000E+00  0.000E+00
 -4.2712500E+03 -0.000E+00 -0.000E+00  0.000E+00
 -4.2707500E+03 -0.000E+00 -0.000E+00  0.000E+00
 -4.2702500E+03 -0.000E+00 -0.000E+00  0.000E+00
 -4.2697500E+03 -0.000E+00 -0.000E+00  0.000E+00
 -4.2692500E+03 -0.000E+00 -0.000E+00  0.000E+00
 -4.2687500E+03 -0.000E+00 -0.000E+00  0.000E+00
 -4.2682500E+03 -0.000E+00 -0.000E+00  0.000E+00
 -4.2677500E+03 -0.000E+00 -0.000E+00  0.000E+00
 -4.2672500E+03 -0.000E+00 -0.000E+00  0.000E+00
 -4.2667500E+03 -0.000E+00 -0.000E+00  0.000E+00
 -4.2662500E+03 -0.000E+00 -0.000E+00  0.000E+00
 -4.2657500E+03 -0.000E+00 -0.000E+00  0.000E+00
 -4.2652500E+03 -0.000E+00 -0.000E+00  0.000E+00
 -4.2647500E+03 -0.000E+00 -0.000E+00  0.000E+00
 -4.2642500E+03 -0.000E+00 -0.000E+00  0.000E+00
 -4.2637500E+03 -0.000E+00 -0.000E+00  0.000E+00
 -4.2632500E+03 -0.000E+00 -0.000E+00  0.000E+00
 -4.2627500E+03 -0.000E+00 -0.000E+00  0.000E+00
 -4.2622500E+03 -0.000E+00 -0.000E+00  0.000E+00
 -4.2617500E+03 -0.000E+00 -0.000E+00  0.000E+00
 -4.2612500E+03 -0.000E+00 -0.000E+00  0.000E+00
 -4.2607500E+03 -0.000E+00 -0.000E+00  0.000E+00
 -4.2602500E+03 -0.000E+00 -0.000E+00  0.000E+00
 -4.2597500E+03 -0.000E+00 -0.000E+00  0.000E+00
 -4.2592500E+03 -0.000E+00 -0.000E+00  0.000E+00
 -4.2587500E+03 -0.000E+00 -0.000E+00  0.000E+00
 -4.2582500E+03 -0.000E+00 -0.000E+00  0.000E+00
 -4.2577500E+03 -0.000E+00 -0.000E+00  0.000E+00
 -4.2572500E+03 -0.000E+00 -0.000E+00  0.000E+00
 -4.2567500E+03 -0.000E+00 -0.000E+00  0.000E+00
 -4.2562500E+03 -0.000E+00 -0.000E+00  0.000E+00
 -4.2557500E+03 -0.000E+00 -0.000E+00  0.000E+00
 -4.2552500E+03 -0.000E+00 -0.000E+00  0.000E+00
 -4.2547500E+03 -0.000E+00 -0.000E+00  0.000E+00
 -4.2542500E+03 -0.000E+00 -0.000E+00  0.000E+00
 -4.2537500E+03 -0.000E+00 -0.000E+00  0.000E+00
 -4.2532500E+03 -0.000E+00 -0.000E+00  0.000E+00
 -4.2527500E+03 -0.000E+00 -0.000E+00  0.000E+00
 -4.2522500E+03 -0.000E+00 -0.000E+00  0.000E+00
 -4.2517500E+03 -0.000E+00 -0.000E+00  0.000E+00
 -4.2512500E+03 -0.000E+00 -0.000E+00  0.000E+00
 -4.2507500E+03 -0.000E+00 -0.000E+00  0.000E+00
 -4.2502500E+03 -0.000E+00 -0.000E+00  0.000E+00
 -4.2497500E+03 -0.000E+00 -0.000E+00  0.000E+00
 -4.2492500E+03 -0.000E+00 -0.000E+00  0.000E+00
 -4.2487500E+03 -0.000E+00 -0.000E+00  0.000E+00
 -4.2482500E+03 -0.000E+00 -0.000E+00  0.000E+00
 -4.2477500E+03 -0.000E+00 -0.000E+00  0.000E+00
 -4.2472500E+03 -0.000E+00 -0.000E+00  0.000E+00
 -4.2467500E+03 -0.000E+00 -0.000E+00  0.000E+00
 -4.2462500E+03 -0.000E+00 -0.000E+00  0.000E+00
 -4.2457500E+03 -0.000E+00 -0.000E+00  0.000E+00
 -4.2452500E+03 -0.000E+00 -0.000E+00  0.000E+00
 -4.2447500E+03 -0.000E+00 -0.000E+00  0.000E+00
 -4.2442500E+03 -0.000E+00 -0.000E+00  0.000E+00
 -4.2437500E+03 -0.000E+00 -0.000E+00  0.000E+00
 -4.2432500E+03 -0.000E+00 -0.000E+00  0.000E+00
 -4.2427500E+03 -0.000E+00 -0.000E+00  0.000E+00
 -4.2422500E+03 -0.000E+00 -0.000E+00  0.000E+00
 -4.2417500E+03 -0.000E+00 -0.000E+00  0.000E+00
 -4.2412500E+03 -0.000E+00 -0.000E+00  0.000E+00
 -4.2407500E+03 -0.000E+00 -0.000E+00  0.000E+00
 -4.2402500E+03 -0.000E+00 -0.000E+00  0.000E+00
 -4.2397500E+03 -0.000E+00 -0.000E+00  0.000E+00
 -4.2392500E+03 -0.000E+00 -0.000E+00  0.000E+00
 -4.2387500E+03 -0.000E+00 -0.000E+00  0.000E+00
 -4.2382500E+03 -0.000E+00 -0.000E+00  0.000E+00
 -4.2377500E+03 -0.000E+00 -0.000E+00  0.000E+00
 -4.2372500E+03 -0.000E+00 -0.000E+00  0.000E+00
 -4.2367500E+03 -0.000E+00 -0.000E+00  0.000E+00
 -4.2362500E+03 -0.000E+00 -0.000E+00  0.000E+00
 -4.2357500E+03 -0.000E+00 -0.000E+00  0.000E+00
 -4.2352500E+03 -0.000E+00 -0.000E+00  0.000E+00
 -4.2347500E+03 -0.000E+00 -0.000E+00  0.000E+00
 -4.2342500E+03 -1.938E-03 -2.102E-03 -1.813E-03
 -4.2337500E+03 -2.656E-03 -2.462E-03 -8.962E-04
 -4.2332500E+03  3.684E-04 -6.985E-04 -4.407E-03
 -4.2327500E+03  9.755E-04 -1.476E-03 -9.755E-03
 -4.2322500E+03  4.186E-01  6.000E-01  1.167E+00
 -4.2317500E+03  1.476E+00  1.352E+00  5.541E-01
 -4.2312500E+03 -5.495E-02 -4.699E-01 -1.892E+00
 -4.2307500E+03 -3.434E-02 -6.572E-02 -1.490E-01
 -4.2302500E+03 -5.435E-01 -3.178E-01  5.760E-01
 -4.2297500E+03 -7.917E-02  3.735E-03  3.105E-01
 -4.2292500E+03 -3.999E-01 -2.920E-01  1.083E-01
 -4.2287500E+03  2.379E-01  1.740E-01 -1.234E-01
 -4.2282500E+03  1.499E-02 -1.558E-01 -6.249E-01
 -4.2277500E+03  6.471E-01  6.569E-01  3.757E-01
 -4.2272500E+03 -4.957E-01 -2.990E-01  2.285E-01
 -4.2267500E+03  5.108E-01  3.175E-01 -3.219E-01
 -4.2262500E+03  2.408E-02  5.795E-02  1.892E-01
 -4.2257500E+03  1.752E-01  2.433E-01  4.605E-01
 -4.2252500E+03  4.566E-03 -2.900E-01 -1.149E+00
 -4.2247500E+03 -2.119E-01 -1.032E-01  2.009E-01
 -4.2242500E+03  1.070E-01  2.931E-01  7.087E-01
 -4.2237500E+03  9.688E-01  7.535E-01 -2.380E-01
 -4.2232500E+03  3.335E-01  2.427E-01 -1.545E-01
 -4.2227500E+03 -3.248E-03  2.816E-01  8.737E-01
 -4.2222500E+03  9.258E-01  7.147E-01 -2.567E-02
 -4.2217500E+03 -9.391E-01 -6.951E-01  2.743E-01
 -4.2212500E+03  4.276E-01  3.820E-01 -3.730E-02
 -4.2207500E+03  1.012E+00  9.357E-01  3.340E-01
 -4.2202500E+03  7.487E-03 -9.643E-02 -3.637E-01
 -4.2197500E+03 -4.726E-01 -7.076E-01 -9.909E-01
 -4.2192500E+03  5.106E-01  6.524E-01  1.011E+00
 -4.2187500E+03 -6.970E-01 -4.515E-01  2.737E-02
 -4.2182500E+03 -5.275E-02  2.292E-01  7.364E-01
 -4.2177500E+03 -6.154E-01 -4.887E-01  3.592E-01
 -4.2172500E+03  4.716E-02  2.776E-01  8.125E-01
 -4.2167500E+03 -5.871E-02  3.338E-01  1.235E+00
 -4.2162500E+03  1.395E-02  2.464E-01  1.052E+00
 -4.2157500E+03  1.072E+00  1.077E+00  7.335E-01
 -4.2152500E+03  3.232E+00  1.945E+00 -2.156E+00
 -4.2147500E+03 -3.281E-01 -7.768E-02  2.305E-01
 -4.2142500E+03  1.615E+00  1.040E+00 -8.517E-01
 -4.2137500E+03 -2.053E+00 -1.196E+00  1.692E+00
 -4.2132500E+03  3.571E-01  1.105E+00  2.826E+00
 -4.2127500E+03  5.104E-01  1.181E-01 -1.154E+00
 -4.2122500E+03  1.824E+00  1.635E+00  4.160E-01
 -4.2117500E+03  1.745E+00  1.511E+00  2.745E-01
 -4.2112500E+03  3.058E-01  5.685E-01  1.252E+00
 -4.2107500E+03  1.316E+00  1.575E+00  1.464E+00
 -4.2102500E+03  2.630E+00  2.309E+00  3.045E-01
 -4.2097500E+03  5.481E+00  5.883E+00  4.997E+00
 -4.2092500E+03  9.550E+00  8.773E+00  2.752E+00
 -4.2087500E+03  1.903E+01  1.898E+01  1.114E+01
 -4.2082500E+03  3.321E+01  3.253E+01  1.775E+01
 -4.2077500E+03  6.767E+01  6.686E+01  3.810E+01
 -4.2072500E+03  1.246E+02  1.219E+02  6.579E+01
 -4.2067500E+03  2.221E+02  2.197E+02  1.271E+02
 -4.2062500E+03  3.643E+02  3.613E+02  2.134E+02
 -4.2057500E+03  6.083E+02  5.917E+02  3.108E+02
 -4.2052500E+03  8.986E+02  8.807E+02  4.877E+02
 -4.2047500E+03  1.272E+03  1.249E+03  6.993E+02
 -4.2042500E+03  1.664E+03  1.635E+03  9.242E+02
 -4.2037500E+03  2.051E+03  2.011E+03  1.124E+03
 -4.2032500E+03  2.279E+03  2.237E+03  1.262E+03
 -4.2027500E+03  2.280E+03  2.237E+03  1.262E+03
 -4.2022500E+03  2.013E+03  1.968E+03  1.088E+03
 -4.2017500E+03  1.586E+03  1.555E+03  8.758E+02
 -4.2012500E+03  1.107E+03  1.088E+03  6.228E+02
 -4.2007500E+03  5.545E+02  5.450E+02  3.131E+02
 -4.2002500E+03  1.570E+02  1.598E+02  1.107E+02
 -4.1997500E+03 -4.080E+01 -3.712E+01 -1.146E+01
 -4.1992500E+03 -1.437E+02 -1.394E+02 -7.408E+01
 -4.1987500E+03 -1.446E+02 -1.422E+02 -8.316E+01
 -4.1982500E+03 -1.330E+02 -1.279E+02 -6.545E+01
 -4.1977500E+03 -1.075E+02 -1.058E+02 -6.215E+01
 -4.1972500E+03 -9.314E+01 -9.407E+01 -6.403E+01
 -4.1967500E+03 -9.672E+01 -9.643E+01 -6.060E+01
 -4.1962500E+03 -9.782E+01 -9.105E+01 -3.575E+01
 -4.1957500E+03 -8.964E+01 -8.837E+01 -5.243E+01
 -4.1952500E+03 -8.656E+01 -8.378E+01 -4.452E+01
 -4.1947500E+03 -8.356E+01 -8.182E+01 -4.678E+01
 -4.1942500E+03 -8.091E+01 -7.760E+01 -3.887E+01
 -4.1937500E+03 -6.530E+01 -6.638E+01 -4.656E+01
 -4.1932500E+03 -6.937E+01 -6.943E+01 -4.511E+01
 -4.1927500E+03 -6.795E+01 -6.599E+01 -3.591E+01
 -4.1922500E+03 -7.449E+01 -7.112E+01 -3.415E+01
 -4.1917500E+03 -6.649E+01 -6.267E+01 -2.751E+01
 -4.1912500E+03 -7.029E+01 -6.733E+01 -3.300E+01
 -4.1907500E+03 -6.810E+01 -6.390E+01 -2.690E+01
 -4.1902500E+03 -6.387E+01 -6.311E+01 -3.856E+01
 -4.1897500E+03 -6.816E+01 -6.920E+01 -4.761E+01
 -4.1892500E+03 -6.827E+01 -6.785E+01 -4.201E+01
 -4.1887500E+03 -6.881E+01 -6.670E+01 -3.563E+01
 -4.1882500E+03 -6.575E+01 -6.404E+01 -3.499E+01
 -4.1877500E+03 -6.368E+01 -6.243E+01 -3.564E+01
 -4.1872500E+03 -6.445E+01 -6.246E+01 -3.338E+01
 -4.1867500E+03 -5.966E+01 -5.766E+01 -3.023E+01
 -4.1862500E+03 -7.083E+01 -6.972E+01 -4.135E+01
 -4.1857500E+03 -5.981E+01 -5.976E+01 -3.803E+01
 -4.1852500E+03 -6.311E+01 -6.140E+01 -3.334E+01
 -4.1847500E+03 -5.817E+01 -5.555E+01 -2.669E+01
 -4.1842500E+03 -6.237E+01 -6.040E+01 -3.244E+01
 -4.1837500E+03 -6.344E+01 -6.045E+01 -2.879E+01
 -4.1832500E+03 -5.518E+01 -5.559E+01 -3.730E+01
 -4.1827500E+03 -5.212E+01 -5.272E+01 -3.527E+01
 -4.1822500E+03 -5.824E+01 -5.569E+01 -2.662E+01
 -4.1817500E+03 -5.748E+01 -5.619E+01 -3.161E+01
 -4.1812500E+03 -5.898E+01 -5.633E+01 -2.727E+01
 -4.1807500E+03 -5.116E+01 -5.162E+01 -3.460E+01
 -4.1802500E+03 -5.283E+01 -5.244E+01 -3.184E+01
 -4.1797500E+03 -5.415E+01 -5.424E+01 -3.446E+01
 -4.1792500E+03 -5.368E+01 -5.263E+01 -2.968E+01
 -4.1787500E+03 -5.806E+01 -5.609E+01 -2.843E+01
 -4.1782500E+03 -5.248E+01 -5.096E+01 -2.854E+01
 -4.1777500E+03 -5.578E+01 -5.256E+01 -2.240E+01
 -4.1772500E+03 -5.562E+01 -5.294E+01 -2.394E+01
 -4.1767500E+03 -4.986E+01 -4.890E+01 -2.678E+01
 -4.1762500E+03 -4.950E+01 -4.868E+01 -2.838E+01
 -4.1757500E+03 -5.036E+01 -4.950E+01 -2.942E+01
 -4.1752500E+03 -5.077E+01 -5.091E+01 -3.295E+01
 -4.1747500E+03 -5.250E+01 -5.107E+01 -2.787E+01
 -4.1742500E+03 -4.917E+01 -4.852E+01 -2.957E+01
 -4.1737500E+03 -4.934E+01 -4.891E+01 -2.938E+01
 -4.1732500E+03 -4.970E+01 -4.833E+01 -2.565E+01
 -4.1727500E+03 -5.047E+01 -4.959E+01 -2.932E+01
 -4.1722500E+03 -5.371E+01 -5.051E+01 -2.145E+01
 -4.1717500E+03 -5.342E+01 -5.177E+01 -2.690E+01
 -4.1712500E+03 -5.277E+01 -5.173E+01 -3.022E+01
 -4.1707500E+03 -4.929E+01 -4.827E+01 -2.719E+01
 -4.1702500E+03 -4.512E+01 -4.535E+01 -2.981E+01
 -4.1697500E+03 -4.382E+01 -4.240E+01 -2.299E+01
 -4.1692500E+03 -4.779E+01 -4.688E+01 -2.686E+01
 -4.1687500E+03 -4.777E+01 -4.686E+01 -2.703E+01
 -4.1682500E+03 -4.517E+01 -4.495E+01 -2.770E+01
 -4.1677500E+03 -4.622E+01 -4.512E+01 -2.457E+01
 -4.1672500E+03 -4.757E+01 -4.671E+01 -2.760E+01
 -4.1667500E+03 -4.517E+01 -4.341E+01 -2.392E+01
 -4.1662500E+03 -4.889E+01 -4.982E+01 -3.333E+01
 -4.1657500E+03 -4.619E+01 -4.549E+01 -2.703E+01
 -4.1652500E+03 -4.042E+01 -3.907E+01 -2.103E+01
 -4.1647500E+03 -4.276E+01 -4.301E+01 -2.734E+01
 -4.1642500E+03 -5.145E+01 -4.979E+01 -2.554E+01
 -4.1637500E+03 -4.591E+01 -4.431E+01 -2.442E+01
 -4.1632500E+03 -4.479E+01 -4.505E+01 -2.792E+01
 -4.1627500E+03 -4.332E+01 -4.341E+01 -2.857E+01
 -4.1622500E+03 -4.039E+01 -3.937E+01 -2.126E+01
 -4.1617500E+03 -3.848E+01 -3.810E+01 -2.078E+01
 -4.1612500E+03 -4.262E+01 -4.259E+01 -2.634E+01
 -4.1607500E+03 -4.602E+01 -4.509E+01 -2.607E+01
 -4.1602500E+03 -4.597E+01 -4.328E+01 -1.869E+01
 -4.1597500E+03 -4.604E+01 -4.506E+01 -2.386E+01
 -4.1592500E+03 -4.169E+01 -3.891E+01 -1.531E+01
 -4.1587500E+03 -3.815E+01 -3.753E+01 -2.216E+01
 -4.1582500E+03 -3.975E+01 -4.038E+01 -2.691E+01
 -4.1577500E+03 -3.632E+01 -3.708E+01 -2.619E+01
 -4.1572500E+03 -4.298E+01 -4.162E+01 -2.137E+01
 -4.1567500E+03 -4.415E+01 -4.300E+01 -2.359E+01
 -4.1562500E+03 -4.140E+01 -4.034E+01 -2.269E+01
 -4.1557500E+03 -4.092E+01 -3.894E+01 -1.746E+01
 -4.1552500E+03 -4.224E+01 -4.082E+01 -2.136E+01
 -4.1547500E+03 -4.141E+01 -4.150E+01 -2.625E+01
 -4.1542500E+03 -4.199E+01 -4.113E+01 -2.377E+01
 -4.1537500E+03 -3.926E+01 -3.872E+01 -2.248E+01
 -4.1532500E+03 -3.855E+01 -3.795E+01 -2.136E+01
 -4.1527500E+03 -4.230E+01 -4.152E+01 -2.423E+01
 -4.1522500E+03 -3.758E+01 -3.732E+01 -2.253E+01
 -4.1517500E+03 -3.910E+01 -3.819E+01 -2.127E+01
 -4.1512500E+03 -3.710E+01 -3.674E+01 -2.258E+01
 -4.1507500E+03 -3.873E+01 -3.799E+01 -2.213E+01
 -4.1502500E+03 -4.105E+01 -3.925E+01 -1.793E+01
 -4.1497500E+03 -4.310E+01 -4.112E+01 -1.927E+01
 -4.1492500E+03 -3.986E+01 -3.811E+01 -1.922E+01
 -4.1487500E+03 -3.902E+01 -3.811E+01 -2.060E+01
 -4.1482500E+03 -4.066E+01 -3.965E+01 -2.124E+01
 -4.1477500E+03 -3.676E+01 -3.547E+01 -1.798E+01
 -4.1472500E+03 -3.408E+01 -3.310E+01 -1.819E+01
 -4.1467500E+03 -3.553E+01 -3.519E+01 -2.072E+01
 -4.1462500E+03 -3.503E+01 -3.405E+01 -1.807E+01
 -4.1457500E+03 -4.092E+01 -4.057E+01 -2.538E+01
 -4.1452500E+03 -3.231E+01 -3.283E+01 -2.182E+01
 -4.1447500E+03 -3.739E+01 -3.635E+01 -1.977E+01
 -4.1442500E+03 -4.074E+01 -3.969E+01 -2.215E+01
 -4.1437500E+03 -3.627E+01 -3.524E+01 -1.734E+01
 -4.1432500E+03 -3.253E+01 -3.137E+01 -1.606E+01
 -4.1427500E+03 -3.041E+01 -2.930E+01 -1.603E+01
 -4.1422500E+03 -3.731E+01 -3.533E+01 -1.554E+01
 -4.1417500E+03 -4.225E+01 -4.023E+01 -1.780E+01
 -4.1412500E+03 -3.421E+01 -3.391E+01 -2.125E+01
 -4.1407500E+03 -3.296E+01 -3.250E+01 -2.030E+01
 -4.1402500E+03 -3.131E+01 -3.067E+01 -1.723E+01
 -4.1397500E+03 -3.401E+01 -3.322E+01 -1.778E+01
 -4.1392500E+03 -3.359E+01 -3.432E+01 -2.467E+01
 -4.1387500E+03 -3.013E+01 -2.985E+01 -1.831E+01
 -4.1382500E+03 -3.591E+01 -3.376E+01 -1.386E+01
 -4.1377500E+03 -3.233E+01 -3.148E+01 -1.664E+01
 -4.1372500E+03 -3.185E+01 -3.092E+01 -1.621E+01
 -4.1367500E+03 -3.363E+01 -3.310E+01 -1.862E+01
 -4.1362500E+03 -3.433E+01 -3.364E+01 -1.898E+01
 -4.1357500E+03 -3.259E+01 -3.173E+01 -1.721E+01
 -4.1352500E+03 -3.087E+01 -3.111E+01 -2.023E+01
 -4.1347500E+03 -2.935E+01 -2.989E+01 -2.053E+01
 -4.1342500E+03 -3.135E+01 -3.090E+01 -1.798E+01
 -4.1337500E+03 -3.146E+01 -3.106E+01 -1.800E+01
 -4.1332500E+03 -3.556E+01 -3.460E+01 -1.854E+01
 -4.1327500E+03 -3.373E+01 -3.295E+01 -1.869E+01
 -4.1322500E+03 -3.371E+01 -3.271E+01 -1.702E+01
 -4.1317500E+03 -2.810E+01 -2.766E+01 -1.600E+01
 -4.1312500E+03 -3.288E+01 -3.185E+01 -1.652E+01
 -4.1307500E+03 -3.380E+01 -3.270E+01 -1.757E+01
 -4.1302500E+03 -3.273E+01 -3.120E+01 -1.454E+01
 -4.1297500E+03 -3.095E+01 -2.974E+01 -1.412E+01
 -4.1292500E+03 -3.068E+01 -3.062E+01 -1.816E+01
 -4.1287500E+03 -3.204E+01 -3.161E+01 -1.905E+01
 -4.1282500E+03 -3.295E+01 -3.035E+01 -1.198E+01
 -4.1277500E+03 -2.993E+01 -2.918E+01 -1.613E+01
 -4.1272500E+03 -3.080E+01 -3.006E+01 -1.817E+01
 -4.1267500E+03 -2.843E+01 -2.864E+01 -1.783E+01
 -4.1262500E+03 -3.396E+01 -3.082E+01 -8.661E+00
 -4.1257500E+03 -2.911E+01 -2.843E+01 -1.525E+01
 -4.1252500E+03 -2.984E+01 -2.969E+01 -1.765E+01
 -4.1247500E+03 -3.042E+01 -3.045E+01 -1.841E+01
 -4.1242500E+03 -3.062E+01 -2.993E+01 -1.701E+01
 -4.1237500E+03 -2.861E+01 -2.852E+01 -1.776E+01
 -4.1232500E+03 -2.898E+01 -2.911E+01 -1.841E+01
 -4.1227500E+03 -2.855E+01 -2.849E+01 -1.766E+01
 -4.1222500E+03 -2.930E+01 -2.851E+01 -1.513E+01
 -4.1217500E+03 -3.022E+01 -2.899E+01 -1.423E+01
 -4.1212500E+03 -2.840E+01 -2.858E+01 -1.789E+01
 -4.1207500E+03 -2.852E+01 -2.838E+01 -1.648E+01
 -4.1202500E+03 -2.716E+01 -2.738E+01 -1.780E+01
 -4.1197500E+03 -2.740E+01 -2.739E+01 -1.578E+01
 -4.1192500E+03 -2.744E+01 -2.655E+01 -1.379E+01
 -4.1187500E+03 -2.747E+01 -2.680E+01 -1.496E+01
 -4.1182500E+03 -2.833E+01 -2.728E+01 -1.440E+01
 -4.1177500E+03 -2.905E+01 -2.901E+01 -1.781E+01
 -4.1172500E+03 -2.688E+01 -2.668E+01 -1.666E+01
 -4.1167500E+03 -2.923E+01 -2.885E+01 -1.654E+01
 -4.1162500E+03 -2.826E+01 -2.825E+01 -1.752E+01
 -4.1157500E+03 -2.843E+01 -2.714E+01 -1.258E+01
 -4.1152500E+03 -2.919E+01 -2.779E+01 -1.278E+01
 -4.1147500E+03 -2.627E+01 -2.582E+01 -1.561E+01
 -4.1142500E+03 -2.789E+01 -2.776E+01 -1.693E+01
 -4.1137500E+03 -2.701E+01 -2.656E+01 -1.516E+01
 -4.1132500E+03 -2.902E+01 -2.670E+01 -1.017E+01
 -4.1127500E+03 -2.540E+01 -2.504E+01 -1.469E+01
 -4.1122500E+03 -3.013E+01 -2.891E+01 -1.365E+01
 -4.1117500E+03 -2.547E+01 -2.445E+01 -1.164E+01
 -4.1112500E+03 -2.434E+01 -2.476E+01 -1.723E+01
 -4.1107500E+03 -2.714E+01 -2.648E+01 -1.513E+01
 -4.1102500E+03 -2.715E+01 -2.680E+01 -1.545E+01
 -4.1097500E+03 -2.555E+01 -2.502E+01 -1.323E+01
 -4.1092500E+03 -2.344E+01 -2.370E+01 -1.490E+01
 -4.1087500E+03 -2.507E+01 -2.485E+01 -1.474E+01
 -4.1082500E+03 -2.646E+01 -2.626E+01 -1.618E+01
 -4.1077500E+03 -2.693E+01 -2.567E+01 -1.276E+01
 -4.1072500E+03 -2.309E+01 -2.314E+01 -1.424E+01
 -4.1067500E+03 -2.435E+01 -2.358E+01 -1.232E+01
 -4.1062500E+03 -2.517E+01 -2.530E+01 -1.720E+01
 -4.1057500E+03 -2.491E+01 -2.498E+01 -1.646E+01
 -4.1052500E+03 -2.601E+01 -2.521E+01 -1.317E+01
 -4.1047500E+03 -2.463E+01 -2.331E+01 -1.011E+01
 -4.1042500E+03 -2.685E+01 -2.570E+01 -1.203E+01
 -4.1037500E+03 -2.614E+01 -2.509E+01 -1.282E+01
 -4.1032500E+03 -2.326E+01 -2.258E+01 -1.255E+01
 -4.1027500E+03 -2.392E+01 -2.354E+01 -1.293E+01
 -4.1022500E+03 -2.474E+01 -2.405E+01 -1.272E+01
 -4.1017500E+03 -2.239E+01 -2.216E+01 -1.338E+01
 -4.1012500E+03 -2.708E+01 -2.642E+01 -1.430E+01
 -4.1007500E+03 -2.559E+01 -2.466E+01 -1.248E+01
 -4.1002500E+03 -2.396E+01 -2.371E+01 -1.429E+01
 -4.0997500E+03 -2.319E+01 -2.314E+01 -1.385E+01
 -4.0992500E+03 -2.511E+01 -2.424E+01 -1.195E+01
 -4.0987500E+03 -2.224E+01 -2.171E+01 -1.245E+01
 -4.0982500E+03 -2.591E+01 -2.618E+01 -1.694E+01
 -4.0977500E+03 -2.371E+01 -2.339E+01 -1.435E+01
 -4.0972500E+03 -2.451E+01 -2.415E+01 -1.409E+01
 -4.0967500E+03 -2.475E+01 -2.346E+01 -1.080E+01
 -4.0962500E+03 -2.465E+01 -2.406E+01 -1.302E+01
 -4.0957500E+03 -2.210E+01 -2.174E+01 -1.225E+01
 -4.0952500E+03 -2.181E+01 -2.204E+01 -1.426E+01
 -4.0947500E+03 -2.217E+01 -2.153E+01 -1.165E+01
 -4.0942500E+03 -2.239E+01 -2.177E+01 -1.124E+01
 -4.0937500E+03 -2.465E+01 -2.500E+01 -1.668E+01
 -4.0932500E+03 -2.402E+01 -2.402E+01 -1.545E+01
 -4.0927500E+03 -2.458E+01 -2.367E+01 -1.263E+01
 -4.0922500E+03 -2.042E+01 -2.031E+01 -1.194E+01
 -4.0917500E+03 -2.277E+01 -2.264E+01 -1.331E+01
 -4.0912500E+03 -2.267E+01 -2.231E+01 -1.340E+01
 -4.0907500E+03 -2.369E+01 -2.273E+01 -1.138E+01
 -4.0902500E+03 -2.356E+01 -2.297E+01 -1.240E+01
 -4.0897500E+03 -2.192E+01 -2.126E+01 -1.132E+01
 -4.0892500E+03 -2.288E+01 -2.138E+01 -8.061E+00
 -4.0887500E+03 -2.024E+01 -2.054E+01 -1.314E+01
 -4.0882500E+03 -2.202E+01 -2.103E+01 -1.106E+01
 -4.0877500E+03 -2.098E+01 -2.024E+01 -1.075E+01
 -4.0872500E+03 -2.272E+01 -2.210E+01 -1.272E+01
 -4.0867500E+03 -2.454E+01 -2.355E+01 -1.116E+01
 -4.0862500E+03 -2.349E+01 -2.300E+01 -1.240E+01
 -4.0857500E+03 -2.034E+01 -1.991E+01 -1.172E+01
 -4.0852500E+03 -2.029E+01 -1.995E+01 -1.117E+01
 -4.0847500E+03 -2.230E+01 -2.159E+01 -1.085E+01
 -4.0842500E+03 -2.092E+01 -2.062E+01 -1.151E+01
 -4.0837500E+03 -2.192E+01 -2.090E+01 -1.114E+01
 -4.0832500E+03 -2.151E+01 -2.168E+01 -1.392E+01
 -4.0827500E+03 -2.426E+01 -2.381E+01 -1.370E+01
 -4.0822500E+03 -2.222E+01 -2.178E+01 -1.268E+01
 -4.0817500E+03 -2.168E+01 -2.118E+01 -1.162E+01
 -4.0812500E+03 -2.157E+01 -2.169E+01 -1.394E+01
 -4.0807500E+03 -1.983E+01 -1.971E+01 -1.163E+01
 -4.0802500E+03 -2.067E+01 -2.020E+01 -1.099E+01
 -4.0797500E+03 -2.038E+01 -2.008E+01 -1.159E+01
 -4.0792500E+03 -2.186E+01 -2.080E+01 -9.493E+00
 -4.0787500E+03 -1.866E+01 -1.890E+01 -1.219E+01
 -4.0782500E+03 -1.959E+01 -1.940E+01 -1.050E+01
 -4.0777500E+03 -1.953E+01 -1.895E+01 -9.835E+00
 -4.0772500E+03 -2.023E+01 -1.957E+01 -1.186E+01
 -4.0767500E+03 -2.089E+01 -2.035E+01 -1.131E+01
 -4.0762500E+03 -2.025E+01 -2.012E+01 -1.206E+01
 -4.0757500E+03 -1.895E+01 -1.835E+01 -9.474E+00
 -4.0752500E+03 -1.864E+01 -1.896E+01 -1.270E+01
 -4.0747500E+03 -2.026E+01 -1.999E+01 -1.215E+01
 -4.0742500E+03 -1.756E+01 -1.813E+01 -1.354E+01
 -4.0737500E+03 -2.047E+01 -1.923E+01 -9.589E+00
 -4.0732500E+03 -1.906E+01 -1.876E+01 -1.047E+01
 -4.0727500E+03 -2.093E+01 -2.078E+01 -1.220E+01
 -4.0722500E+03 -1.912E+01 -1.884E+01 -1.107E+01
 -4.0717500E+03 -1.942E+01 -1.875E+01 -9.876E+00
 -4.0712500E+03 -2.037E+01 -1.972E+01 -1.053E+01
 -4.0707500E+03 -2.009E+01 -1.947E+01 -1.050E+01
 -4.0702500E+03 -1.883E+01 -1.841E+01 -1.037E+01
 -4.0697500E+03 -1.846E+01 -1.774E+01 -6.858E+00
 -4.0692500E+03 -1.767E+01 -1.817E+01 -9.566E+00
 -4.0687500E+03 -2.066E+01 -1.999E+01 -1.170E+01
 -4.0682500E+03 -1.890E+01 -1.897E+01 -1.090E+01
 -4.0677500E+03 -2.018E+01 -1.895E+01 -9.012E+00
 -4.0672500E+03 -1.868E+01 -1.824E+01 -9.539E+00
 -4.0667500E+03 -1.917E+01 -1.851E+01 -9.819E+00
 -4.0662500E+03 -1.901E+01 -1.916E+01 -1.172E+01
 -4.0657500E+03 -1.853E+01 -1.847E+01 -1.137E+01
 -4.0652500E+03 -1.627E+01 -1.573E+01 -8.017E+00
 -4.0647500E+03 -1.887E+01 -1.852E+01 -1.013E+01
 -4.0642500E+03 -1.991E+01 -1.941E+01 -9.640E+00
 -4.0637500E+03 -1.909E+01 -1.820E+01 -1.015E+01
 -4.0632500E+03 -1.774E+01 -1.793E+01 -1.185E+01
 -4.0627500E+03 -1.779E+01 -1.792E+01 -1.136E+01
 -4.0622500E+03 -1.894E+01 -1.890E+01 -1.167E+01
 -4.0617500E+03 -1.939E+01 -1.893E+01 -1.045E+01
 -4.0612500E+03 -1.683E+01 -1.681E+01 -9.739E+00
 -4.0607500E+03 -1.745E+01 -1.692E+01 -1.006E+01
 -4.0602500E+03 -1.776E+01 -1.735E+01 -1.050E+01
 -4.0597500E+03 -1.842E+01 -1.761E+01 -9.130E+00
 -4.0592500E+03 -1.834E+01 -1.772E+01 -9.458E+00
 -4.0587500E+03 -2.052E+01 -1.936E+01 -8.556E+00
 -4.0582500E+03 -1.563E+01 -1.614E+01 -1.108E+01
 -4.0577500E+03 -1.791E+01 -1.740E+01 -1.015E+01
 -4.0572500E+03 -1.725E+01 -1.659E+01 -8.271E+00
 -4.0567500E+03 -1.598E+01 -1.628E+01 -1.081E+01
 -4.0562500E+03 -1.875E+01 -1.812E+01 -9.528E+00
 -4.0557500E+03 -1.633E+01 -1.695E+01 -1.155E+01
 -4.0552500E+03 -1.729E+01 -1.677E+01 -9.014E+00
 -4.0547500E+03 -1.670E+01 -1.680E+01 -9.974E+00
 -4.0542500E+03 -1.781E+01 -1.696E+01 -8.686E+00
 -4.0537500E+03 -1.830E+01 -1.761E+01 -8.024E+00
 -4.0532500E+03 -1.698E+01 -1.605E+01 -6.964E+00
 -4.0527500E+03 -1.737E+01 -1.641E+01 -7.682E+00
 -4.0522500E+03 -1.663E+01 -1.572E+01 -6.798E+00
 -4.0517500E+03 -1.791E+01 -1.762E+01 -9.521E+00
 -4.0512500E+03 -1.584E+01 -1.542E+01 -1.060E+01
 -4.0507500E+03 -1.790E+01 -1.685E+01 -7.875E+00
 -4.0502500E+03 -1.735E+01 -1.611E+01 -6.728E+00
 -4.0497500E+03 -1.596E+01 -1.628E+01 -1.095E+01
 -4.0492500E+03 -1.616E+01 -1.639E+01 -9.581E+00
 -4.0487500E+03 -1.697E+01 -1.622E+01 -8.014E+00
 -4.0482500E+03 -1.748E+01 -1.658E+01 -7.968E+00
 -4.0477500E+03 -1.676E+01 -1.628E+01 -8.278E+00
 -4.0472500E+03 -1.722E+01 -1.643E+01 -8.408E+00
 -4.0467500E+03 -1.477E+01 -1.510E+01 -1.079E+01
 -4.0462500E+03 -1.368E+01 -1.415E+01 -1.089E+01
 -4.0457500E+03 -1.674E+01 -1.606E+01 -8.550E+00
 -4.0452500E+03 -1.660E+01 -1.641E+01 -9.341E+00
 -4.0447500E+03 -1.509E+01 -1.518E+01 -9.072E+00
 -4.0442500E+03 -1.638E+01 -1.537E+01 -7.822E+00
 -4.0437500E+03 -1.596E+01 -1.638E+01 -1.086E+01
 -4.0432500E+03 -1.805E+01 -1.857E+01 -1.162E+01
 -4.0427500E+03 -1.561E+01 -1.513E+01 -8.208E+00
 -4.0422500E+03 -1.706E+01 -1.548E+01 -6.298E+00
 -4.0417500E+03 -1.655E+01 -1.660E+01 -1.005E+01
 -4.0412500E+03 -1.507E+01 -1.470E+01 -8.474E+00
 -4.0407500E+03 -1.559E+01 -1.560E+01 -8.045E+00
 -4.0402500E+03 -1.756E+01 -1.609E+01 -7.008E+00
 -4.0397500E+03 -1.618E+01 -1.511E+01 -6.097E+00
 -4.0392500E+03 -1.636E+01 -1.665E+01 -1.020E+01
 -4.0387500E+03 -1.349E+01 -1.425E+01 -9.937E+00
 -4.0382500E+03 -1.458E+01 -1.423E+01 -7.609E+00
 -4.0377500E+03 -1.534E+01 -1.454E+01 -6.249E+00
 -4.0372500E+03 -1.465E+01 -1.492E+01 -1.026E+01
 -4.0367500E+03 -1.459E+01 -1.413E+01 -6.524E+00
 -4.0362500E+03 -1.557E+01 -1.461E+01 -6.338E+00
 -4.0357500E+03 -1.643E+01 -1.550E+01 -8.027E+00
 -4.0352500E+03 -1.498E+01 -1.459E+01 -8.760E+00
 -4.0347500E+03 -1.492E+01 -1.461E+01 -8.170E+00
 -4.0342500E+03 -1.317E+01 -1.430E+01 -1.071E+01
 -4.0337500E+03 -1.413E+01 -1.434E+01 -9.560E+00
 -4.0332500E+03 -1.518E+01 -1.433E+01 -7.473E+00
 -4.0327500E+03 -1.607E+01 -1.526E+01 -6.778E+00
 -4.0322500E+03 -1.596E+01 -1.447E+01 -5.688E+00
 -4.0317500E+03 -1.667E+01 -1.663E+01 -1.037E+01
 -4.0312500E+03 -1.476E+01 -1.475E+01 -8.775E+00
 -4.0307500E+03 -1.510E+01 -1.463E+01 -6.487E+00
 -4.0302500E+03 -1.420E+01 -1.436E+01 -9.327E+00
 -4.0297500E+03 -1.450E+01 -1.473E+01 -8.856E+00
 -4.0292500E+03 -1.419E+01 -1.354E+01 -7.422E+00
 -4.0287500E+03 -1.298E+01 -1.287E+01 -8.009E+00
 -4.0282500E+03 -1.313E+01 -1.313E+01 -9.230E+00
 -4.0277500E+03 -1.503E+01 -1.356E+01 -5.751E+00
 -4.0272500E+03 -1.418E+01 -1.434E+01 -8.405E+00
 -4.0267500E+03 -1.403E+01 -1.320E+01 -6.218E+00
 -4.0262500E+03 -1.519E+01 -1.421E+01 -5.666E+00
 -4.0257500E+03 -1.499E+01 -1.449E+01 -7.088E+00
 -4.0252500E+03 -1.394E+01 -1.402E+01 -8.979E+00
 -4.0247500E+03 -1.388E+01 -1.381E+01 -8.224E+00
 -4.0242500E+03 -1.533E+01 -1.433E+01 -6.739E+00
 -4.0237500E+03 -1.351E+01 -1.410E+01 -9.089E+00
 -4.0232500E+03 -1.267E+01 -1.310E+01 -8.807E+00
 -4.0227500E+03 -1.351E+01 -1.261E+01 -6.411E+00
 -4.0222500E+03 -1.462E+01 -1.447E+01 -9.196E+00
 -4.0217500E+03 -1.309E+01 -1.298E+01 -7.422E+00
 -4.0212500E+03 -1.373E+01 -1.346E+01 -6.674E+00
 -4.0207500E+03 -1.353E+01 -1.316E+01 -7.358E+00
 -4.0202500E+03 -1.338E+01 -1.314E+01 -7.679E+00
 -4.0197500E+03 -1.223E+01 -1.202E+01 -6.457E+00
 -4.0192500E+03 -1.307E+01 -1.294E+01 -8.055E+00
 -4.0187500E+03 -1.344E+01 -1.324E+01 -7.224E+00
 -4.0182500E+03 -1.260E+01 -1.279E+01 -8.648E+00
 -4.0177500E+03 -1.324E+01 -1.282E+01 -6.629E+00
 -4.0172500E+03 -1.368E+01 -1.366E+01 -8.123E+00
 -4.0167500E+03 -1.262E+01 -1.273E+01 -8.456E+00
 -4.0162500E+03 -1.303E+01 -1.271E+01 -5.998E+00
 -4.0157500E+03 -1.273E+01 -1.239E+01 -6.273E+00
 -4.0152500E+03 -1.239E+01 -1.246E+01 -6.786E+00
 -4.0147500E+03 -1.420E+01 -1.392E+01 -8.490E+00
 -4.0142500E+03 -1.448E+01 -1.386E+01 -7.255E+00
 -4.0137500E+03 -1.289E+01 -1.313E+01 -7.920E+00
 -4.0132500E+03 -1.270E+01 -1.309E+01 -9.086E+00
 -4.0127500E+03 -1.309E+01 -1.297E+01 -8.120E+00
 -4.0122500E+03 -1.388E+01 -1.341E+01 -7.734E+00
 -4.0117500E+03 -1.304E+01 -1.262E+01 -6.681E+00
 -4.0112500E+03 -1.289E+01 -1.252E+01 -6.092E+00
 -4.0107500E+03 -1.264E+01 -1.189E+01 -4.507E+00
 -4.0102500E+03 -1.343E+01 -1.293E+01 -6.531E+00
 -4.0097500E+03 -1.305E+01 -1.246E+01 -6.322E+00
 -4.0092500E+03 -1.278E+01 -1.277E+01 -8.551E+00
 -4.0087500E+03 -1.207E+01 -1.232E+01 -7.636E+00
 -4.0082500E+03 -1.386E+01 -1.356E+01 -6.430E+00
 -4.0077500E+03 -1.320E+01 -1.264E+01 -6.903E+00
 -4.0072500E+03 -1.228E+01 -1.161E+01 -5.651E+00
 -4.0067500E+03 -1.337E+01 -1.279E+01 -7.012E+00
 -4.0062500E+03 -1.420E+01 -1.288E+01 -4.643E+00
 -4.0057500E+03 -1.360E+01 -1.274E+01 -6.496E+00
 -4.0052500E+03 -1.214E+01 -1.194E+01 -6.396E+00
 -4.0047500E+03 -1.105E+01 -1.139E+01 -7.665E+00
 -4.0042500E+03 -1.201E+01 -1.227E+01 -7.782E+00
 -4.0037500E+03 -1.118E+01 -1.094E+01 -6.254E+00
 -4.0032500E+03 -1.214E+01 -1.175E+01 -5.854E+00
 -4.0027500E+03 -1.160E+01 -1.188E+01 -7.552E+00
 -4.0022500E+03 -1.228E+01 -1.208E+01 -6.644E+00
 -4.0017500E+03 -1.123E+01 -1.137E+01 -7.377E+00
 -4.0012500E+03 -1.138E+01 -1.128E+01 -7.106E+00
 -4.0007500E+03 -1.206E+01 -1.143E+01 -6.584E+00
 -4.0002500E+03 -1.380E+01 -1.365E+01 -6.311E+00
 -3.9997500E+03 -1.121E+01 -1.136E+01 -6.106E+00
 -3.9992500E+03 -1.157E+01 -1.083E+01 -6.179E+00
 -3.9987500E+03 -1.192E+01 -1.236E+01 -8.393E+00
 -3.9982500E+03 -1.199E+01 -1.196E+01 -7.498E+00
 -3.9977500E+03 -1.069E+01 -1.120E+01 -8.569E+00
 -3.9972500E+03 -1.250E+01 -1.254E+01 -6.573E+00
 -3.9967500E+03 -1.262E+01 -1.175E+01 -4.124E+00
 -3.9962500E+03 -1.155E+01 -1.129E+01 -6.794E+00
 -3.9957500E+03 -1.212E+01 -1.207E+01 -7.401E+00
 -3.9952500E+03 -1.247E+01 -1.209E+01 -5.684E+00
 -3.9947500E+03 -1.196E+01 -1.173E+01 -7.620E+00
 -3.9942500E+03 -1.075E+01 -1.079E+01 -6.592E+00
 -3.9937500E+03 -1.089E+01 -1.040E+01 -3.994E+00
 -3.9932500E+03 -1.267E+01 -1.211E+01 -6.067E+00
 -3.9927500E+03 -1.289E+01 -1.214E+01 -5.943E+00
 -3.9922500E+03 -1.123E+01 -1.095E+01 -6.938E+00
 -3.9917500E+03 -8.775E+00 -1.004E+01 -9.028E+00
 -3.9912500E+03 -1.244E+01 -1.203E+01 -7.018E+00
 -3.9907500E+03 -1.056E+01 -1.052E+01 -5.201E+00
 -3.9902500E+03 -1.205E+01 -1.189E+01 -7.556E+00
 -3.9897500E+03 -1.225E+01 -1.225E+01 -7.510E+00
 -3.9892500E+03 -1.182E+01 -1.143E+01 -6.638E+00
 -3.9887500E+03 -1.085E+01 -1.080E+01 -6.964E+00
 -3.9882500E+03 -1.236E+01 -1.218E+01 -6.874E+00
 -3.9877500E+03 -9.202E+00 -9.013E+00 -5.113E+00
 -3.9872500E+03 -1.006E+01 -9.841E+00 -4.732E+00
 -3.9867500E+03 -1.181E+01 -1.159E+01 -6.397E+00
 -3.9862500E+03 -1.057E+01 -9.991E+00 -4.314E+00
 -3.9857500E+03 -1.010E+01 -9.980E+00 -4.934E+00
 -3.9852500E+03 -1.062E+01 -1.108E+01 -6.503E+00
 -3.9847500E+03 -1.174E+01 -1.150E+01 -7.179E+00
 -3.9842500E+03 -1.013E+01 -9.895E+00 -5.958E+00
 -3.9837500E+03 -9.512E+00 -9.308E+00 -6.390E+00
 -3.9832500E+03 -1.089E+01 -1.138E+01 -7.945E+00
 -3.9827500E+03 -1.058E+01 -1.001E+01 -5.696E+00
 -3.9822500E+03 -1.003E+01 -9.965E+00 -5.953E+00
 -3.9817500E+03 -1.141E+01 -1.108E+01 -5.329E+00
 -3.9812500E+03 -1.171E+01 -1.121E+01 -7.309E+00
 -3.9807500E+03 -1.091E+01 -1.030E+01 -4.809E+00
 -3.9802500E+03 -1.047E+01 -1.022E+01 -5.197E+00
 -3.9797500E+03 -1.065E+01 -1.010E+01 -5.665E+00
 -3.9792500E+03 -1.094E+01 -1.074E+01 -5.478E+00
 -3.9787500E+03 -1.144E+01 -1.107E+01 -5.261E+00
 -3.9782500E+03 -1.032E+01 -9.870E+00 -4.735E+00
 -3.9777500E+03 -9.418E+00 -9.464E+00 -6.141E+00
 -3.9772500E+03 -9.977E+00 -9.963E+00 -5.947E+00
 -3.9767500E+03 -1.125E+01 -1.009E+01 -4.675E+00
 -3.9762500E+03 -1.096E+01 -1.078E+01 -6.328E+00
 -3.9757500E+03 -1.066E+01 -1.046E+01 -6.015E+00
 -3.9752500E+03 -1.092E+01 -1.075E+01 -6.374E+00
 -3.9747500E+03 -1.049E+01 -1.028E+01 -5.477E+00
 -3.9742500E+03 -1.005E+01 -1.027E+01 -5.201E+00
 -3.9737500E+03 -9.744E+00 -9.306E+00 -4.672E+00
 -3.9732500E+03 -1.039E+01 -9.762E+00 -4.488E+00
 -3.9727500E+03 -1.038E+01 -1.035E+01 -6.644E+00
 -3.9722500E+03 -1.076E+01 -1.033E+01 -6.231E+00
 -3.9717500E+03 -1.052E+01 -9.726E+00 -4.195E+00
 -3.9712500E+03 -9.824E+00 -9.508E+00 -6.074E+00
 -3.9707500E+03 -9.931E+00 -9.745E+00 -5.701E+00
 -3.9702500E+03 -1.046E+01 -1.066E+01 -5.115E+00
 -3.9697500E+03 -9.944E+00 -9.438E+00 -4.887E+00
 -3.9692500E+03 -8.698E+00 -9.653E+00 -7.464E+00
 -3.9687500E+03 -9.034E+00 -9.210E+00 -5.257E+00
 -3.9682500E+03 -8.331E+00 -8.777E+00 -4.944E+00
 -3.9677500E+03 -9.773E+00 -9.119E+00 -4.833E+00
 -3.9672500E+03 -1.075E+01 -9.953E+00 -5.858E+00
 -3.9667500E+03 -1.096E+01 -1.030E+01 -4.750E+00
 -3.9662500E+03 -8.585E+00 -8.912E+00 -6.223E+00
 -3.9657500E+03 -8.850E+00 -9.721E+00 -7.550E+00
 -3.9652500E+03 -1.076E+01 -9.542E+00 -2.750E+00
 -3.9647500E+03 -1.048E+01 -9.759E+00 -4.142E+00
 -3.9642500E+03 -9.651E+00 -1.008E+01 -6.973E+00
 -3.9637500E+03 -8.521E+00 -8.561E+00 -4.684E+00
 -3.9632500E+03 -1.034E+01 -1.032E+01 -6.431E+00
 -3.9627500E+03 -1.206E+01 -1.091E+01 -4.039E+00
 -3.9622500E+03 -9.578E+00 -9.365E+00 -4.575E+00
 -3.9617500E+03 -1.028E+01 -1.005E+01 -4.513E+00
 -3.9612500E+03 -8.308E+00 -8.957E+00 -6.245E+00
 -3.9607500E+03 -8.465E+00 -8.279E+00 -4.963E+00
 -3.9602500E+03 -8.582E+00 -8.634E+00 -5.767E+00
 -3.9597500E+03 -1.067E+01 -9.913E+00 -3.515E+00
 -3.9592500E+03 -9.498E+00 -9.475E+00 -5.125E+00
 -3.9587500E+03 -9.590E+00 -9.181E+00 -5.316E+00
 -3.9582500E+03 -9.933E+00 -1.003E+01 -5.003E+00
 -3.9577500E+03 -1.045E+01 -1.086E+01 -6.211E+00
 -3.9572500E+03 -9.995E+00 -9.124E+00 -3.804E+00
 -3.9567500E+03 -5.862E+00 -7.138E+00 -5.305E+00
 -3.9562500E+03 -8.575E+00 -8.510E+00 -5.436E+00
 -3.9557500E+03 -8.622E+00 -8.284E+00 -5.314E+00
 -3.9552500E+03 -9.899E+00 -9.799E+00 -4.863E+00
 -3.9547500E+03 -9.128E+00 -8.995E+00 -4.664E+00
 -3.9542500E+03 -8.682E+00 -9.093E+00 -6.790E+00
 -3.9537500E+03 -9.671E+00 -8.622E+00 -3.521E+00
 -3.9532500E+03 -8.918E+00 -8.660E+00 -4.669E+00
 -3.9527500E+03 -9.403E+00 -1.014E+01 -7.897E+00
 -3.9522500E+03 -8.223E+00 -8.441E+00 -5.543E+00
 -3.9517500E+03 -7.854E+00 -8.275E+00 -4.753E+00
 -3.9512500E+03 -7.437E+00 -8.276E+00 -6.294E+00
 -3.9507500E+03 -9.925E+00 -8.008E+00 -3.055E+00
 -3.9502500E+03 -9.120E+00 -9.588E+00 -5.997E+00
 -3.9497500E+03 -8.342E+00 -8.307E+00 -5.126E+00
 -3.9492500E+03 -7.805E+00 -8.275E+00 -5.958E+00
 -3.9487500E+03 -9.821E+00 -9.446E+00 -6.668E+00
 -3.9482500E+03 -9.637E+00 -8.615E+00 -3.833E+00
 -3.9477500E+03 -9.272E+00 -8.611E+00 -3.322E+00
 -3.9472500E+03 -8.357E+00 -8.942E+00 -5.460E+00
 -3.9467500E+03 -9.051E+00 -9.354E+00 -6.243E+00
 -3.9462500E+03 -8.265E+00 -8.010E+00 -4.018E+00
 -3.9457500E+03 -7.260E+00 -7.351E+00 -4.935E+00
 -3.9452500E+03 -8.387E+00 -7.733E+00 -4.868E+00
 -3.9447500E+03 -1.022E+01 -9.211E+00 -5.743E+00
 -3.9442500E+03 -9.132E+00 -8.508E+00 -3.779E+00
 -3.9437500E+03 -7.551E+00 -7.833E+00 -5.513E+00
 -3.9432500E+03 -9.161E+00 -9.011E+00 -5.605E+00
 -3.9427500E+03 -6.803E+00 -6.946E+00 -4.562E+00
 -3.9422500E+03 -8.476E+00 -8.238E+00 -4.422E+00
 -3.9417500E+03 -9.050E+00 -9.181E+00 -5.618E+00
 -3.9412500E+03 -9.155E+00 -8.927E+00 -4.562E+00
 -3.9407500E+03 -7.737E+00 -8.532E+00 -4.381E+00
 -3.9402500E+03 -8.332E+00 -8.039E+00 -3.347E+00
 -3.9397500E+03 -8.586E+00 -8.307E+00 -4.102E+00
 -3.9392500E+03 -8.453E+00 -8.585E+00 -5.593E+00
 -3.9387500E+03 -8.199E+00 -8.693E+00 -6.266E+00
 -3.9382500E+03 -8.507E+00 -8.433E+00 -4.298E+00
 -3.9377500E+03 -9.708E+00 -8.116E+00 -3.556E+00
 -3.9372500E+03 -7.437E+00 -7.162E+00 -5.839E+00
 -3.9367500E+03 -5.681E+00 -6.361E+00 -4.596E+00
 -3.9362500E+03 -8.886E+00 -8.255E+00 -2.608E+00
 -3.9357500E+03 -9.673E+00 -8.463E+00 -4.646E+00
 -3.9352500E+03 -9.897E+00 -8.619E+00 -3.891E+00
 -3.9347500E+03 -8.952E+00 -8.186E+00 -1.779E+00
 -3.9342500E+03 -9.259E+00 -9.352E+00 -3.465E+00
 -3.9337500E+03 -8.060E+00 -7.803E+00 -4.986E+00
 -3.9332500E+03 -8.770E+00 -8.434E+00 -4.567E+00
 -3.9327500E+03 -6.802E+00 -7.193E+00 -4.639E+00
 -3.9322500E+03 -7.886E+00 -8.204E+00 -5.659E+00
 -3.9317500E+03 -8.023E+00 -8.248E+00 -5.040E+00
 -3.9312500E+03 -6.993E+00 -7.312E+00 -5.616E+00
 -3.9307500E+03 -7.383E+00 -7.269E+00 -4.123E+00
 -3.9302500E+03 -7.782E+00 -7.331E+00 -2.986E+00
 -3.9297500E+03 -8.684E+00 -8.885E+00 -4.852E+00
 -3.9292500E+03 -8.962E+00 -8.360E+00 -3.483E+00
 -3.9287500E+03 -7.842E+00 -7.611E+00 -3.962E+00
 -3.9282500E+03 -8.762E+00 -8.735E+00 -5.578E+00
 -3.9277500E+03 -9.009E+00 -8.386E+00 -3.968E+00
 -3.9272500E+03 -6.718E+00 -7.572E+00 -5.370E+00
 -3.9267500E+03 -5.967E+00 -5.857E+00 -3.286E+00
 -3.9262500E+03 -8.346E+00 -8.280E+00 -4.442E+00
 -3.9257500E+03 -8.627E+00 -8.340E+00 -4.840E+00
 -3.9252500E+03 -8.067E+00 -7.664E+00 -3.756E+00
 -3.9247500E+03 -9.368E+00 -8.979E+00 -4.110E+00
 -3.9242500E+03 -7.490E+00 -7.626E+00 -4.734E+00
 -3.9237500E+03 -5.758E+00 -6.225E+00 -4.645E+00
 -3.9232500E+03 -7.672E+00 -7.618E+00 -5.461E+00
 -3.9227500E+03 -6.502E+00 -6.883E+00 -4.906E+00
 -3.9222500E+03 -7.709E+00 -7.712E+00 -4.410E+00
 -3.9217500E+03 -7.798E+00 -7.396E+00 -3.638E+00
 -3.9212500E+03 -7.681E+00 -7.125E+00 -3.194E+00
 -3.9207500E+03 -7.683E+00 -8.029E+00 -5.024E+00
 -3.9202500E+03 -7.844E+00 -7.564E+00 -3.877E+00
 -3.9197500E+03 -7.710E+00 -7.816E+00 -6.090E+00
 -3.9192500E+03 -6.601E+00 -6.578E+00 -4.009E+00
 -3.9187500E+03 -7.306E+00 -6.954E+00 -3.379E+00
 -3.9182500E+03 -7.471E+00 -7.386E+00 -3.531E+00
 -3.9177500E+03 -7.561E+00 -7.911E+00 -5.448E+00
 -3.9172500E+03 -8.243E+00 -7.533E+00 -3.554E+00
 -3.9167500E+03 -7.824E+00 -7.434E+00 -3.724E+00
 -3.9162500E+03 -7.980E+00 -7.613E+00 -2.705E+00
 -3.9157500E+03 -6.354E+00 -7.144E+00 -5.298E+00
 -3.9152500E+03 -7.900E+00 -7.015E+00 -4.385E+00
 -3.9147500E+03 -7.029E+00 -6.969E+00 -4.468E+00
 -3.9142500E+03 -6.062E+00 -6.233E+00 -4.115E+00
 -3.9137500E+03 -7.002E+00 -6.864E+00 -4.036E+00
 -3.9132500E+03 -7.569E+00 -7.156E+00 -2.902E+00
 -3.9127500E+03 -7.882E+00 -7.676E+00 -4.287E+00
 -3.9122500E+03 -8.883E+00 -8.407E+00 -3.908E+00
 -3.9117500E+03 -7.301E+00 -7.073E+00 -4.113E+00
 -3.9112500E+03 -6.024E+00 -6.076E+00 -4.015E+00
 -3.9107500E+03 -6.796E+00 -6.604E+00 -2.870E+00
 -3.9102500E+03 -6.720E+00 -6.752E+00 -3.310E+00
 -3.9097500E+03 -7.676E+00 -7.109E+00 -3.401E+00
 -3.9092500E+03 -6.299E+00 -6.354E+00 -4.429E+00
 -3.9087500E+03 -8.601E+00 -8.209E+00 -3.367E+00
 -3.9082500E+03 -6.508E+00 -6.522E+00 -4.158E+00
 -3.9077500E+03 -7.882E+00 -7.766E+00 -3.860E+00
 -3.9072500E+03 -7.275E+00 -7.181E+00 -4.133E+00
 -3.9067500E+03 -6.968E+00 -7.020E+00 -4.586E+00
 -3.9062500E+03 -7.240E+00 -6.843E+00 -4.662E+00
 -3.9057500E+03 -6.354E+00 -6.436E+00 -3.897E+00
 -3.9052500E+03 -6.821E+00 -6.785E+00 -4.023E+00
 -3.9047500E+03 -6.392E+00 -6.758E+00 -4.429E+00
 -3.9042500E+03 -7.104E+00 -7.030E+00 -4.092E+00
 -3.9037500E+03 -8.559E+00 -8.336E+00 -3.584E+00
 -3.9032500E+03 -5.720E+00 -6.109E+00 -4.322E+00
 -3.9027500E+03 -6.509E+00 -6.814E+00 -4.444E+00
 -3.9022500E+03 -6.487E+00 -6.263E+00 -3.570E+00
 -3.9017500E+03 -6.727E+00 -6.602E+00 -4.208E+00
 -3.9012500E+03 -6.887E+00 -6.388E+00 -2.613E+00
 -3.9007500E+03 -6.689E+00 -5.987E+00 -3.140E+00
 -3.9002500E+03 -7.416E+00 -7.195E+00 -3.464E+00
 -3.8997500E+03 -7.846E+00 -7.349E+00 -3.094E+00
 -3.8992500E+03 -7.483E+00 -7.291E+00 -4.315E+00
 -3.8987500E+03 -6.748E+00 -6.698E+00 -4.412E+00
 -3.8982500E+03 -5.004E+00 -4.658E+00 -4.194E+00
 -3.8977500E+03 -7.348E+00 -6.283E+00 -2.056E+00
 -3.8972500E+03 -6.932E+00 -7.067E+00 -4.841E+00
 -3.8967500E+03 -5.587E+00 -5.863E+00 -4.486E+00
 -3.8962500E+03 -6.322E+00 -6.425E+00 -3.040E+00
 -3.8957500E+03 -7.119E+00 -6.921E+00 -3.678E+00
 -3.8952500E+03 -6.175E+00 -7.113E+00 -4.952E+00
 -3.8947500E+03 -6.936E+00 -6.456E+00 -2.609E+00
 -3.8942500E+03 -6.893E+00 -6.364E+00 -3.390E+00
 -3.8937500E+03 -6.312E+00 -6.443E+00 -4.629E+00
 -3.8932500E+03 -5.108E+00 -5.673E+00 -5.054E+00
 -3.8927500E+03 -5.648E+00 -6.326E+00 -5.523E+00
 -3.8922500E+03 -5.942E+00 -5.886E+00 -2.839E+00
 -3.8917500E+03 -7.150E+00 -6.041E+00 -1.387E+00
 -3.8912500E+03 -6.842E+00 -6.120E+00 -1.785E+00
 -3.8907500E+03 -6.546E+00 -6.353E+00 -3.137E+00
 -3.8902500E+03 -5.962E+00 -6.094E+00 -4.059E+00
 -3.8897500E+03 -4.777E+00 -5.198E+00 -4.605E+00
 -3.8892500E+03 -6.498E+00 -6.490E+00 -3.830E+00
 -3.8887500E+03 -7.786E+00 -6.463E+00 -2.611E+00
 -3.8882500E+03 -7.103E+00 -6.769E+00 -3.821E+00
 -3.8877500E+03 -5.836E+00 -6.032E+00 -4.141E+00
 -3.8872500E+03 -7.444E+00 -6.655E+00 -2.799E+00
 -3.8867500E+03 -7.314E+00 -6.469E+00 -2.178E+00
 -3.8862500E+03 -5.593E+00 -5.834E+00 -3.539E+00
 -3.8857500E+03 -5.730E+00 -5.166E+00 -1.601E+00
 -3.8852500E+03 -6.187E+00 -6.361E+00 -4.334E+00
 -3.8847500E+03 -6.403E+00 -6.580E+00 -4.104E+00
 -3.8842500E+03 -6.793E+00 -6.497E+00 -2.586E+00
 -3.8837500E+03 -5.923E+00 -5.945E+00 -3.649E+00
 -3.8832500E+03 -6.178E+00 -5.838E+00 -2.922E+00
 -3.8827500E+03 -7.302E+00 -6.125E+00 -2.765E+00
 -3.8822500E+03 -5.584E+00 -5.287E+00 -3.013E+00
 -3.8817500E+03 -5.676E+00 -6.157E+00 -4.819E+00
 -3.8812500E+03 -6.114E+00 -6.260E+00 -3.410E+00
 -3.8807500E+03 -4.971E+00 -4.778E+00 -2.113E+00
 -3.8802500E+03 -5.130E+00 -5.335E+00 -3.357E+00
 -3.8797500E+03 -6.166E+00 -6.009E+00 -3.842E+00
 -3.8792500E+03 -7.177E+00 -6.760E+00 -2.696E+00
 -3.8787500E+03 -5.759E+00 -5.404E+00 -2.720E+00
 -3.8782500E+03 -6.789E+00 -7.526E+00 -5.656E+00
 -3.8777500E+03 -6.598E+00 -6.642E+00 -5.066E+00
 -3.8772500E+03 -6.117E+00 -5.959E+00 -3.412E+00
 -3.8767500E+03 -5.151E+00 -5.056E+00 -3.070E+00
 -3.8762500E+03 -5.062E+00 -4.980E+00 -3.029E+00
 -3.8757500E+03 -5.911E+00 -5.745E+00 -2.847E+00
 -3.8752500E+03 -5.981E+00 -6.163E+00 -4.111E+00
 -3.8747500E+03 -5.130E+00 -5.399E+00 -3.937E+00
 -3.8742500E+03 -6.822E+00 -6.998E+00 -4.902E+00
 -3.8737500E+03 -5.954E+00 -5.308E+00 -2.479E+00
 -3.8732500E+03 -5.810E+00 -5.435E+00 -2.367E+00
 -3.8727500E+03 -6.593E+00 -5.878E+00 -2.692E+00
 -3.8722500E+03 -5.226E+00 -5.958E+00 -2.443E+00
 -3.8717500E+03 -5.968E+00 -5.876E+00 -4.171E+00
 -3.8712500E+03 -5.217E+00 -5.355E+00 -3.409E+00
 -3.8707500E+03 -6.724E+00 -6.213E+00 -2.557E+00
 -3.8702500E+03 -6.743E+00 -6.604E+00 -4.555E+00
 -3.8697500E+03 -6.587E+00 -6.486E+00 -4.049E+00
 -3.8692500E+03 -5.816E+00 -5.749E+00 -3.187E+00
 -3.8687500E+03 -6.897E+00 -6.185E+00 -1.956E+00
 -3.8682500E+03 -5.345E+00 -5.361E+00 -3.028E+00
 -3.8677500E+03 -5.863E+00 -5.794E+00 -3.810E+00
 -3.8672500E+03 -5.275E+00 -5.445E+00 -3.375E+00
 -3.8667500E+03 -5.206E+00 -5.232E+00 -3.017E+00
 -3.8662500E+03 -5.255E+00 -5.309E+00 -2.786E+00
 -3.8657500E+03 -4.781E+00 -4.469E+00 -2.216E+00
 -3.8652500E+03 -3.637E+00 -4.180E+00 -2.999E+00
 -3.8647500E+03 -5.942E+00 -5.563E+00 -3.463E+00
 -3.8642500E+03 -5.794E+00 -5.385E+00 -2.252E+00
 -3.8637500E+03 -5.590E+00 -5.535E+00 -3.374E+00
 -3.8632500E+03 -6.076E+00 -5.776E+00 -3.475E+00
 -3.8627500E+03 -5.596E+00 -5.546E+00 -2.296E+00
 -3.8622500E+03 -5.335E+00 -5.161E+00 -1.988E+00
 -3.8617500E+03 -6.475E+00 -5.392E+00 -2.678E+00
 -3.8612500E+03 -6.761E+00 -5.522E+00 -1.962E+00
 -3.8607500E+03 -4.363E+00 -4.910E+00 -3.505E+00
 -3.8602500E+03 -3.754E+00 -5.476E+00 -4.761E+00
 -3.8597500E+03 -5.799E+00 -6.197E+00 -4.812E+00
 -3.8592500E+03 -6.984E+00 -6.452E+00 -3.441E+00
 -3.8587500E+03 -4.921E+00 -4.591E+00 -2.590E+00
 -3.8582500E+03 -4.737E+00 -4.991E+00 -3.740E+00
 -3.8577500E+03 -5.791E+00 -4.879E+00 -1.201E+00
 -3.8572500E+03 -5.852E+00 -5.755E+00 -2.433E+00
 -3.8567500E+03 -5.859E+00 -6.140E+00 -3.805E+00
 -3.8562500E+03 -5.636E+00 -4.941E+00 -2.777E+00
 -3.8557500E+03 -5.176E+00 -5.100E+00 -2.810E+00
 -3.8552500E+03 -4.787E+00 -5.186E+00 -3.780E+00
 -3.8547500E+03 -5.520E+00 -5.739E+00 -3.651E+00
 -3.8542500E+03 -5.218E+00 -4.936E+00 -2.280E+00
 -3.8537500E+03 -4.976E+00 -4.861E+00 -2.426E+00
 -3.8532500E+03 -4.899E+00 -5.454E+00 -3.098E+00
 -3.8527500E+03 -5.579E+00 -5.115E+00 -2.434E+00
 -3.8522500E+03 -5.258E+00 -5.318E+00 -3.727E+00
 -3.8517500E+03 -4.986E+00 -4.852E+00 -2.805E+00
 -3.8512500E+03 -4.498E+00 -4.830E+00 -3.595E+00
 -3.8507500E+03 -5.518E+00 -5.000E+00 -1.626E+00
 -3.8502500E+03 -5.545E+00 -4.803E+00 -1.207E+00
 -3.8497500E+03 -4.704E+00 -4.758E+00 -3.375E+00
 -3.8492500E+03 -4.484E+00 -4.909E+00 -3.742E+00
 -3.8487500E+03 -5.196E+00 -5.585E+00 -3.583E+00
 -3.8482500E+03 -5.860E+00 -6.050E+00 -3.769E+00
 -3.8477500E+03 -3.731E+00 -3.836E+00 -1.894E+00
 -3.8472500E+03 -4.949E+00 -5.153E+00 -3.498E+00
 -3.8467500E+03 -4.559E+00 -4.664E+00 -2.422E+00
 -3.8462500E+03 -5.295E+00 -5.124E+00 -3.099E+00
 -3.8457500E+03 -5.716E+00 -5.425E+00 -2.245E+00
 -3.8452500E+03 -4.506E+00 -4.934E+00 -3.368E+00
 -3.8447500E+03 -5.560E+00 -5.663E+00 -3.229E+00
 -3.8442500E+03 -6.059E+00 -5.339E+00 -1.966E+00
 -3.8437500E+03 -5.888E+00 -4.700E+00 -1.642E+00
 -3.8432500E+03 -4.661E+00 -4.287E+00 -2.386E+00
 -3.8427500E+03 -3.747E+00 -4.299E+00 -4.714E+00
 -3.8422500E+03 -5.538E+00 -5.886E+00 -4.296E+00
 -3.8417500E+03 -4.708E+00 -4.399E+00 -1.629E+00
 -3.8412500E+03 -4.540E+00 -4.495E+00 -2.368E+00
 -3.8407500E+03 -4.748E+00 -5.015E+00 -3.707E+00
 -3.8402500E+03 -5.617E+00 -5.206E+00 -2.118E+00
 -3.8397500E+03 -5.305E+00 -4.815E+00 -2.063E+00
 -3.8392500E+03 -5.342E+00 -4.757E+00 -1.608E+00
 -3.8387500E+03 -5.249E+00 -5.203E+00 -4.550E+00
 -3.8382500E+03 -4.481E+00 -4.880E+00 -4.129E+00
 -3.8377500E+03 -3.911E+00 -3.822E+00 -2.749E+00
 -3.8372500E+03 -5.992E+00 -5.866E+00 -3.217E+00
 -3.8367500E+03 -5.030E+00 -4.802E+00 -2.114E+00
 -3.8362500E+03 -4.115E+00 -3.964E+00 -1.974E+00
 -3.8357500E+03 -5.123E+00 -4.680E+00 -2.483E+00
 -3.8352500E+03 -4.742E+00 -4.640E+00 -3.201E+00
 -3.8347500E+03 -4.194E+00 -4.154E+00 -2.402E+00
 -3.8342500E+03 -4.303E+00 -4.565E+00 -2.375E+00
 -3.8337500E+03 -4.924E+00 -4.851E+00 -2.738E+00
 -3.8332500E+03 -4.887E+00 -4.862E+00 -2.813E+00
 -3.8327500E+03 -4.440E+00 -4.284E+00 -1.951E+00
 -3.8322500E+03 -4.156E+00 -4.314E+00 -3.229E+00
 -3.8317500E+03 -3.807E+00 -4.449E+00 -4.310E+00
 -3.8312500E+03 -5.521E+00 -5.266E+00 -3.064E+00
 -3.8307500E+03 -5.131E+00 -4.958E+00 -2.208E+00
 -3.8302500E+03 -6.018E+00 -5.887E+00 -2.227E+00
 -3.8297500E+03 -3.892E+00 -4.224E+00 -2.342E+00
 -3.8292500E+03 -4.185E+00 -4.184E+00 -2.082E+00
 -3.8287500E+03 -4.778E+00 -3.877E+00 -2.327E+00
 -3.8282500E+03 -4.059E+00 -4.073E+00 -2.806E+00
 -3.8277500E+03 -5.162E+00 -5.160E+00 -2.809E+00
 -3.8272500E+03 -5.416E+00 -5.532E+00 -3.018E+00
 -3.8267500E+03 -4.658E+00 -4.716E+00 -3.041E+00
 -3.8262500E+03 -4.807E+00 -4.758E+00 -2.296E+00
 -3.8257500E+03 -4.062E+00 -4.305E+00 -2.514E+00
 -3.8252500E+03 -5.311E+00 -5.031E+00 -3.348E+00
 -3.8247500E+03 -5.784E+00 -4.865E+00 -2.677E+00
 -3.8242500E+03 -4.395E+00 -3.645E+00 -1.309E+00
 -3.8237500E+03 -5.037E+00 -4.531E+00 -9.845E-01
 -3.8232500E+03 -4.148E+00 -4.016E+00 -2.105E+00
 -3.8227500E+03 -4.063E+00 -4.229E+00 -2.718E+00
 -3.8222500E+03 -4.420E+00 -5.344E+00 -2.984E+00
 -3.8217500E+03 -4.813E+00 -4.170E+00 -2.250E+00
 -3.8212500E+03 -4.447E+00 -4.153E+00 -1.594E+00
 -3.8207500E+03 -4.689E+00 -4.373E+00 -2.247E+00
 -3.8202500E+03 -5.035E+00 -4.574E+00 -3.026E+00
 -3.8197500E+03 -5.123E+00 -4.648E+00 -2.418E+00
 -3.8192500E+03 -3.057E+00 -3.219E+00 -1.606E+00
 -3.8187500E+03 -1.856E+00 -3.162E+00 -1.426E+00
 -3.8182500E+03 -4.854E+00 -4.819E+00 -2.598E+00
 -3.8177500E+03 -4.451E+00 -4.426E+00 -3.119E+00
 -3.8172500E+03 -3.651E+00 -4.115E+00 -3.660E+00
 -3.8167500E+03 -5.154E+00 -4.637E+00 -3.168E+00
 -3.8162500E+03 -4.206E+00 -3.961E+00 -2.143E+00
 -3.8157500E+03 -4.156E+00 -4.173E+00 -1.636E+00
 -3.8152500E+03 -5.425E+00 -5.186E+00 -3.320E+00
 -3.8147500E+03 -4.320E+00 -4.994E+00 -5.108E+00
 -3.8142500E+03 -4.567E+00 -4.331E+00 -2.523E+00
 -3.8137500E+03 -4.060E+00 -3.981E+00 -1.666E+00
 -3.8132500E+03 -4.596E+00 -4.312E+00 -1.874E+00
 -3.8127500E+03 -4.093E+00 -4.503E+00 -3.302E+00
 -3.8122500E+03 -4.049E+00 -4.166E+00 -2.060E+00
 -3.8117500E+03 -4.113E+00 -4.235E+00 -2.894E+00
 -3.8112500E+03 -4.659E+00 -4.482E+00 -2.533E+00
 -3.8107500E+03 -5.384E+00 -4.909E+00 -2.524E+00
 -3.8102500E+03 -3.970E+00 -4.685E+00 -3.313E+00
 -3.8097500E+03 -4.496E+00 -5.221E+00 -3.370E+00
 -3.8092500E+03 -4.419E+00 -4.117E+00 -1.392E+00
 -3.8087500E+03 -2.841E+00 -2.995E+00 -2.467E+00
 -3.8082500E+03 -4.298E+00 -4.027E+00 -2.196E+00
 -3.8077500E+03 -4.305E+00 -4.415E+00 -2.915E+00
 -3.8072500E+03 -4.726E+00 -4.595E+00 -2.720E+00
 -3.8067500E+03 -4.068E+00 -4.080E+00 -2.302E+00
 -3.8062500E+03 -4.474E+00 -4.703E+00 -2.159E+00
 -3.8057500E+03 -4.251E+00 -4.342E+00 -3.024E+00
 -3.8052500E+03 -3.530E+00 -3.322E+00 -1.563E+00
 -3.8047500E+03 -4.187E+00 -3.649E+00 -1.937E+00
 -3.8042500E+03 -4.503E+00 -4.164E+00 -1.484E+00
 -3.8037500E+03 -4.019E+00 -3.480E+00 -1.692E+00
 -3.8032500E+03 -4.211E+00 -3.849E+00 -1.742E+00
 -3.8027500E+03 -4.162E+00 -3.956E+00 -2.347E+00
 -3.8022500E+03 -4.444E+00 -4.059E+00 -2.552E+00
 -3.8017500E+03 -3.423E+00 -3.177E+00 -2.136E+00
 -3.8012500E+03 -3.658E+00 -3.794E+00 -2.532E+00
 -3.8007500E+03 -3.005E+00 -4.239E+00 -3.070E+00
 -3.8002500E+03 -3.879E+00 -4.004E+00 -1.881E+00
 -3.7997500E+03 -4.198E+00 -4.422E+00 -2.194E+00
 -3.7992500E+03 -3.689E+00 -3.637E+00 -1.847E+00
 -3.7987500E+03 -4.469E+00 -4.310E+00 -2.705E+00
 -3.7982500E+03 -4.240E+00 -4.430E+00 -2.971E+00
 -3.7977500E+03 -3.550E+00 -3.980E+00 -2.351E+00
 -3.7972500E+03 -3.960E+00 -3.888E+00 -2.548E+00
 -3.7967500E+03 -3.719E+00 -3.938E+00 -2.303E+00
 -3.7962500E+03 -3.975E+00 -4.386E+00 -2.513E+00
 -3.7957500E+03 -4.092E+00 -4.230E+00 -2.500E+00
 -3.7952500E+03 -4.302E+00 -3.840E+00 -1.737E+00
 -3.7947500E+03 -3.876E+00 -3.606E+00 -2.788E+00
 -3.7942500E+03 -4.210E+00 -3.631E+00 -1.726E+00
 -3.7937500E+03 -3.223E+00 -2.902E+00 -1.769E+00
 -3.7932500E+03 -4.128E+00 -3.974E+00 -2.237E+00
 -3.7927500E+03 -4.085E+00 -3.411E+00 -1.048E+00
 -3.7922500E+03 -3.646E+00 -3.545E+00 -2.463E+00
 -3.7917500E+03 -4.538E+00 -4.344E+00 -1.636E+00
 -3.7912500E+03 -4.226E+00 -4.072E+00 -2.687E+00
 -3.7907500E+03 -3.761E+00 -3.627E+00 -2.569E+00
 -3.7902500E+03 -3.657E+00 -3.608E+00 -2.563E+00
 -3.7897500E+03 -3.615E+00 -3.550E+00 -2.449E+00
 -3.7892500E+03 -4.379E+00 -3.779E+00 -9.714E-01
 -3.7887500E+03 -4.916E+00 -4.716E+00 -2.181E+00
 -3.7882500E+03 -3.596E+00 -3.436E+00 -2.280E+00
 -3.7877500E+03 -3.813E+00 -3.771E+00 -1.460E+00
 -3.7872500E+03 -2.650E+00 -2.391E+00 -1.336E+00
 -3.7867500E+03 -3.819E+00 -3.700E+00 -2.346E+00
 -3.7862500E+03 -4.749E+00 -4.482E+00 -1.908E+00
 -3.7857500E+03 -4.888E+00 -4.377E+00 -1.919E+00
 -3.7852500E+03 -3.948E+00 -3.886E+00 -2.033E+00
 -3.7847500E+03 -3.531E+00 -3.991E+00 -2.866E+00
 -3.7842500E+03 -3.985E+00 -3.601E+00 -2.124E+00
 -3.7837500E+03 -4.435E+00 -4.083E+00 -2.031E+00
 -3.7832500E+03 -3.968E+00 -4.047E+00 -2.437E+00
 -3.7827500E+03 -3.707E+00 -3.854E+00 -1.988E+00
 -3.7822500E+03 -4.006E+00 -3.924E+00 -1.908E+00
 -3.7817500E+03 -3.516E+00 -3.618E+00 -2.222E+00
 -3.7812500E+03 -3.835E+00 -3.549E+00 -1.816E+00
 -3.7807500E+03 -3.176E+00 -3.184E+00 -2.109E+00
 -3.7802500E+03 -3.587E+00 -3.643E+00 -2.631E+00
 -3.7797500E+03 -4.668E+00 -4.319E+00 -2.605E+00
 -3.7792500E+03 -4.066E+00 -4.107E+00 -2.105E+00
 -3.7787500E+03 -4.114E+00 -3.583E+00 -1.177E+00
 -3.7782500E+03 -3.422E+00 -3.419E+00 -1.285E+00
 -3.7777500E+03 -4.000E+00 -3.852E+00 -1.738E+00
 -3.7772500E+03 -2.268E+00 -2.324E+00 -2.419E+00
 -3.7767500E+03 -3.352E+00 -3.768E+00 -3.420E+00
 -3.7762500E+03 -2.710E+00 -3.079E+00 -2.047E+00
 -3.7757500E+03 -2.701E+00 -3.311E+00 -2.119E+00
 -3.7752500E+03 -3.386E+00 -3.667E+00 -2.985E+00
 -3.7747500E+03 -4.214E+00 -4.202E+00 -2.259E+00
 -3.7742500E+03 -3.461E+00 -3.523E+00 -2.046E+00
 -3.7737500E+03 -3.665E+00 -3.336E+00 -1.195E+00
 -3.7732500E+03 -4.006E+00 -4.134E+00 -1.364E+00
 -3.7727500E+03 -3.366E+00 -3.301E+00 -2.263E+00
 -3.7722500E+03 -3.310E+00 -3.118E+00 -1.544E+00
 -3.7717500E+03 -3.516E+00 -3.353E+00 -1.333E+00
 -3.7712500E+03 -3.555E+00 -3.403E+00 -1.655E+00
 -3.7707500E+03 -3.447E+00 -3.695E+00 -2.338E+00
 -3.7702500E+03 -3.374E+00 -3.492E+00 -2.324E+00
 -3.7697500E+03 -3.048E+00 -3.137E+00 -1.748E+00
 -3.7692500E+03 -3.696E+00 -3.340E+00 -1.347E+00
 -3.7687500E+03 -4.338E+00 -3.812E+00 -1.954E+00
 -3.7682500E+03 -3.955E+00 -3.837E+00 -2.815E+00
 -3.7677500E+03 -3.680E+00 -3.739E+00 -2.730E+00
 -3.7672500E+03 -4.103E+00 -3.531E+00 -1.911E+00
 -3.7667500E+03 -2.913E+00 -3.386E+00 -2.548E+00
 -3.7662500E+03 -3.234E+00 -3.583E+00 -2.085E+00
 -3.7657500E+03 -3.113E+00 -2.634E+00 -2.578E+00
 -3.7652500E+03 -3.973E+00 -3.979E+00 -1.643E+00
 -3.7647500E+03 -3.855E+00 -3.953E+00 -2.609E+00
 -3.7642500E+03 -3.364E+00 -3.462E+00 -2.035E+00
 -3.7637500E+03 -3.294E+00 -3.849E+00 -1.586E+00
 -3.7632500E+03 -2.996E+00 -2.803E+00 -1.899E+00
 -3.7627500E+03 -3.731E+00 -3.662E+00 -2.197E+00
 -3.7622500E+03 -3.554E+00 -3.484E+00 -1.991E+00
 -3.7617500E+03 -2.930E+00 -3.451E+00 -1.999E+00
 -3.7612500E+03 -3.776E+00 -3.256E+00 -1.831E+00
 -3.7607500E+03 -3.465E+00 -3.305E+00 -1.484E+00
 -3.7602500E+03 -3.983E+00 -3.848E+00 -1.864E+00
 -3.7597500E+03 -3.171E+00 -3.370E+00 -2.125E+00
 -3.7592500E+03 -3.042E+00 -3.041E+00 -2.263E+00
 -3.7587500E+03 -3.968E+00 -3.975E+00 -2.463E+00
 -3.7582500E+03 -3.633E+00 -3.738E+00 -2.258E+00
 -3.7577500E+03 -3.366E+00 -3.298E+00 -1.558E+00
 -3.7572500E+03 -3.370E+00 -3.451E+00 -1.324E+00
 -3.7567500E+03 -3.537E+00 -3.676E+00 -1.914E+00
 -3.7562500E+03 -3.256E+00 -3.018E+00 -1.417E+00
 -3.7557500E+03 -3.734E+00 -3.828E+00 -2.432E+00
 -3.7552500E+03 -3.341E+00 -3.235E+00 -1.522E+00
 -3.7547500E+03 -1.960E+00 -2.294E+00 -2.128E+00
 -3.7542500E+03 -3.402E+00 -3.187E+00 -1.314E+00
 -3.7537500E+03 -3.415E+00 -3.006E+00 -1.186E+00
 -3.7532500E+03 -3.711E+00 -3.326E+00 -1.983E+00
 -3.7527500E+03 -3.206E+00 -3.155E+00 -2.230E+00
 -3.7522500E+03 -3.707E+00 -3.669E+00 -1.981E+00
 -3.7517500E+03 -4.476E+00 -4.113E+00 -1.191E+00
 -3.7512500E+03 -3.137E+00 -2.996E+00 -1.409E+00
 -3.7507500E+03 -2.168E+00 -2.464E+00 -2.758E+00
 -3.7502500E+03 -3.410E+00 -3.518E+00 -1.475E+00
 -3.7497500E+03 -3.079E+00 -3.094E+00 -9.337E-01
 -3.7492500E+03 -2.700E+00 -2.690E+00 -1.286E+00
 -3.7487500E+03 -2.413E+00 -2.807E+00 -1.652E+00
 -3.7482500E+03 -3.677E+00 -3.568E+00 -1.805E+00
 -3.7477500E+03 -3.336E+00 -3.186E+00 -2.347E+00
 -3.7472500E+03 -2.907E+00 -2.808E+00 -2.040E+00
 -3.7467500E+03 -2.235E+00 -2.414E+00 -2.474E+00
 -3.7462500E+03 -2.528E+00 -2.503E+00 -1.532E+00
 -3.7457500E+03 -2.983E+00 -2.644E+00 -8.495E-01
 -3.7452500E+03 -2.650E+00 -2.792E+00 -1.841E+00
 -3.7447500E+03 -2.874E+00 -2.767E+00 -1.838E+00
 -3.7442500E+03 -3.539E+00 -3.588E+00 -2.569E+00
 -3.7437500E+03 -3.737E+00 -3.641E+00 -2.026E+00
 -3.7432500E+03 -3.425E+00 -3.285E+00 -1.553E+00
 -3.7427500E+03 -3.541E+00 -3.383E+00 -1.384E+00
 -3.7422500E+03 -3.205E+00 -3.100E+00 -1.813E+00
 -3.7417500E+03 -3.924E+00 -3.581E+00 -1.836E+00
 -3.7412500E+03 -2.899E+00 -3.164E+00 -1.939E+00
 -3.7407500E+03 -3.383E+00 -3.346E+00 -2.416E+00
 -3.7402500E+03 -3.785E+00 -3.481E+00 -1.656E+00
 -3.7397500E+03 -3.796E+00 -3.643E+00 -1.818E+00
 -3.7392500E+03 -3.791E+00 -3.723E+00 -1.696E+00
 -3.7387500E+03 -2.540E+00 -2.576E+00 -1.035E+00
 -3.7382500E+03 -3.153E+00 -3.151E+00 -1.932E+00
 -3.7377500E+03 -2.658E+00 -2.810E+00 -2.304E+00
 -3.7372500E+03 -2.851E+00 -2.876E+00 -1.750E+00
 -3.7367500E+03 -2.550E+00 -2.598E+00 -9.577E-01
 -3.7362500E+03 -2.380E+00 -2.386E+00 -1.633E+00
 -3.7357500E+03 -2.874E+00 -2.775E+00 -1.510E+00
 -3.7352500E+03 -3.290E+00 -3.130E+00 -1.836E+00
 -3.7347500E+03 -2.749E+00 -2.988E+00 -2.218E+00
 -3.7342500E+03 -3.189E+00 -3.261E+00 -1.948E+00
 -3.7337500E+03 -3.210E+00 -2.741E+00 -1.641E+00
 -3.7332500E+03 -3.613E+00 -3.182E+00 -6.031E-01
 -3.7327500E+03 -2.607E+00 -2.883E+00 -2.181E+00
 -3.7322500E+03 -3.192E+00 -2.847E+00 -9.417E-01
 -3.7317500E+03 -2.519E+00 -2.690E+00 -1.983E+00
 -3.7312500E+03 -3.746E+00 -3.822E+00 -1.970E+00
 -3.7307500E+03 -3.828E+00 -3.587E+00 -1.651E+00
 -3.7302500E+03 -2.878E+00 -2.655E+00 -1.364E+00
 -3.7297500E+03 -2.827E+00 -3.131E+00 -1.866E+00
 -3.7292500E+03 -3.504E+00 -3.162E+00 -1.328E+00
 -3.7287500E+03 -2.942E+00 -3.048E+00 -2.394E+00
 -3.7282500E+03 -2.470E+00 -2.568E+00 -1.952E+00
 -3.7277500E+03 -3.248E+00 -3.159E+00 -2.064E+00
 -3.7272500E+03 -2.675E+00 -2.779E+00 -2.614E+00
 -3.7267500E+03 -3.103E+00 -3.033E+00 -2.426E+00
 -3.7262500E+03 -2.599E+00 -2.494E+00 -1.008E+00
 -3.7257500E+03 -2.790E+00 -2.853E+00 -1.727E+00
 -3.7252500E+03 -2.554E+00 -2.702E+00 -1.847E+00
 -3.7247500E+03 -2.604E+00 -2.467E+00 -7.986E-01
 -3.7242500E+03 -3.616E+00 -3.026E+00 -4.753E-01
 -3.7237500E+03 -3.848E+00 -3.201E+00 -1.278E+00
 -3.7232500E+03 -2.746E+00 -2.393E+00 -1.932E+00
 -3.7227500E+03 -2.919E+00 -3.196E+00 -1.800E+00
 -3.7222500E+03 -3.001E+00 -3.025E+00 -2.001E+00
 -3.7217500E+03 -3.476E+00 -3.064E+00 -8.236E-01
 -3.7212500E+03 -3.289E+00 -2.890E+00 -1.728E+00
 -3.7207500E+03 -2.914E+00 -2.907E+00 -2.136E+00
 -3.7202500E+03 -2.929E+00 -2.719E+00 -1.923E+00
 -3.7197500E+03 -2.799E+00 -2.458E+00 -1.853E+00
 -3.7192500E+03 -2.158E+00 -2.475E+00 -2.049E+00
 -3.7187500E+03 -2.989E+00 -2.931E+00 -1.749E+00
 -3.7182500E+03 -2.382E+00 -2.310E+00 -1.444E+00
 -3.7177500E+03 -2.975E+00 -2.854E+00 -1.275E+00
 -3.7172500E+03 -4.207E+00 -3.271E+00  4.174E-01
 -3.7167500E+03 -3.040E+00 -2.972E+00 -1.616E+00
 -3.7162500E+03 -2.887E+00 -2.711E+00 -1.476E+00
 -3.7157500E+03 -3.227E+00 -3.293E+00 -1.759E+00
 -3.7152500E+03 -2.483E+00 -2.543E+00 -1.709E+00
 -3.7147500E+03 -2.612E+00 -2.645E+00 -2.276E+00
 -3.7142500E+03 -3.071E+00 -3.201E+00 -1.901E+00
 -3.7137500E+03 -2.337E+00 -2.526E+00 -1.905E+00
 -3.7132500E+03 -2.717E+00 -2.412E+00 -9.315E-01
 -3.7127500E+03 -2.123E+00 -2.451E+00 -6.161E-01
 -3.7122500E+03 -3.250E+00 -2.964E+00 -1.067E+00
 -3.7117500E+03 -2.872E+00 -2.875E+00 -2.576E+00
 -3.7112500E+03 -1.810E+00 -2.169E+00 -1.660E+00
 -3.7107500E+03 -3.255E+00 -2.731E+00 -7.707E-01
 -3.7102500E+03 -3.605E+00 -3.126E+00 -1.923E+00
 -3.7097500E+03 -2.617E+00 -2.611E+00 -1.698E+00
 -3.7092500E+03 -2.971E+00 -3.035E+00 -1.612E+00
 -3.7087500E+03 -3.296E+00 -3.002E+00 -1.004E+00
 -3.7082500E+03 -3.249E+00 -2.377E+00 -1.572E+00
 -3.7077500E+03 -2.127E+00 -2.172E+00 -1.920E+00
 -3.7072500E+03 -2.597E+00 -2.195E+00 -9.652E-01
 -3.7067500E+03 -1.584E+00 -2.510E+00 -1.326E+00
 -3.7062500E+03 -2.806E+00 -3.080E+00 -1.740E+00
 -3.7057500E+03 -1.806E+00 -2.068E+00 -1.734E+00
 -3.7052500E+03 -2.348E+00 -3.001E+00 -1.629E+00
 -3.7047500E+03 -3.380E+00 -2.858E+00 -1.446E+00
 -3.7042500E+03 -2.933E+00 -2.881E+00 -1.813E+00
 -3.7037500E+03 -2.955E+00 -2.999E+00 -2.091E+00
 -3.7032500E+03 -2.089E+00 -2.299E+00 -1.934E+00
 -3.7027500E+03 -2.866E+00 -2.916E+00 -1.883E+00
 -3.7022500E+03 -2.647E+00 -2.545E+00 -1.275E+00
 -3.7017500E+03 -2.662E+00 -2.509E+00 -1.326E+00
 -3.7012500E+03 -2.665E+00 -2.545E+00 -1.234E+00
 -3.7007500E+03 -2.823E+00 -2.672E+00 -1.166E+00
 -3.7002500E+03 -2.949E+00 -2.836E+00 -9.174E-01
 -3.6997500E+03 -2.474E+00 -3.072E+00 -2.823E+00
 -3.6992500E+03 -3.331E+00 -3.093E+00 -1.656E+00
 -3.6987500E+03 -3.148E+00 -3.069E+00 -1.812E+00
 -3.6982500E+03 -2.268E+00 -2.284E+00 -9.088E-01
 -3.6977500E+03 -2.190E+00 -2.410E+00 -1.973E+00
 -3.6972500E+03 -2.907E+00 -3.017E+00 -1.157E+00
 -3.6967500E+03 -2.440E+00 -2.508E+00 -1.604E+00
 -3.6962500E+03 -3.051E+00 -2.761E+00 -1.143E+00
 -3.6957500E+03 -2.836E+00 -2.756E+00 -1.574E+00
 -3.6952500E+03 -1.972E+00 -2.279E+00 -1.074E+00
 -3.6947500E+03 -2.509E+00 -2.653E+00 -1.240E+00
 -3.6942500E+03 -2.363E+00 -2.560E+00 -2.149E+00
 -3.6937500E+03 -2.396E+00 -2.454E+00 -1.592E+00
 -3.6932500E+03 -2.094E+00 -2.465E+00 -1.859E+00
 -3.6927500E+03 -2.789E+00 -2.591E+00 -1.462E+00
 -3.6922500E+03 -2.744E+00 -2.603E+00 -1.341E+00
 -3.6917500E+03 -2.702E+00 -2.410E+00 -4.845E-01
 -3.6912500E+03 -2.167E+00 -2.097E+00 -7.322E-01
 -3.6907500E+03 -2.267E+00 -2.264E+00 -1.364E+00
 -3.6902500E+03 -2.378E+00 -2.544E+00 -1.250E+00
 -3.6897500E+03 -2.854E+00 -2.620E+00 -7.820E-01
 -3.6892500E+03 -2.693E+00 -2.394E+00 -6.494E-01
 -3.6887500E+03 -2.132E+00 -1.982E+00 -9.877E-01
 -3.6882500E+03 -2.195E+00 -2.289E+00 -1.867E+00
 -3.6877500E+03 -2.534E+00 -2.723E+00 -1.134E+00
 -3.6872500E+03 -3.355E+00 -2.914E+00 -1.267E+00
 -3.6867500E+03 -2.705E+00 -2.331E+00 -1.479E+00
 -3.6862500E+03 -2.742E+00 -2.652E+00 -2.051E+00
 -3.6857500E+03 -1.503E+00 -1.625E+00 -1.483E+00
 -3.6852500E+03 -2.393E+00 -2.407E+00 -1.951E+00
 -3.6847500E+03 -3.241E+00 -3.292E+00 -1.702E+00
 -3.6842500E+03 -2.266E+00 -2.398E+00 -1.625E+00
 -3.6837500E+03 -2.181E+00 -1.985E+00 -1.821E+00
 -3.6832500E+03 -2.583E+00 -2.433E+00 -1.195E+00
 -3.6827500E+03 -2.786E+00 -2.844E+00 -1.537E+00
 -3.6822500E+03 -2.455E+00 -2.660E+00 -1.746E+00
 -3.6817500E+03 -2.171E+00 -2.009E+00 -9.333E-01
 -3.6812500E+03 -2.773E+00 -2.526E+00 -7.680E-01
 -3.6807500E+03 -2.706E+00 -2.425E+00 -7.187E-01
 -3.6802500E+03 -1.803E+00 -1.968E+00 -1.313E+00
 -3.6797500E+03 -2.299E+00 -2.496E+00 -2.033E+00
 -3.6792500E+03 -3.140E+00 -3.176E+00 -1.990E+00
 -3.6787500E+03 -2.815E+00 -2.459E+00 -1.540E+00
 -3.6782500E+03 -1.858E+00 -1.984E+00 -1.196E+00
 -3.6777500E+03 -1.990E+00 -2.376E+00 -1.820E+00
 -3.6772500E+03 -2.076E+00 -2.066E+00 -1.097E+00
 -3.6767500E+03 -3.075E+00 -2.794E+00 -2.017E+00
 -3.6762500E+03 -2.189E+00 -2.360E+00 -1.565E+00
 -3.6757500E+03 -2.117E+00 -1.899E+00 -9.681E-01
 -3.6752500E+03 -2.101E+00 -2.149E+00 -1.304E+00
 -3.6747500E+03 -1.850E+00 -2.190E+00 -1.075E+00
 -3.6742500E+03 -1.878E+00 -2.052E+00 -1.128E+00
 -3.6737500E+03 -2.585E+00 -1.671E+00 -8.736E-01
 -3.6732500E+03 -2.125E+00 -2.267E+00 -2.092E+00
 -3.6727500E+03 -2.800E+00 -2.869E+00 -1.879E+00
 -3.6722500E+03 -1.939E+00 -2.374E+00 -2.347E+00
 -3.6717500E+03 -2.126E+00 -2.109E+00 -1.005E+00
 -3.6712500E+03 -2.691E+00 -3.106E+00 -1.513E+00
 -3.6707500E+03 -2.254E+00 -2.286E+00 -8.488E-01
 -3.6702500E+03 -2.965E+00 -2.705E+00 -9.357E-01
 -3.6697500E+03 -2.738E+00 -2.596E+00 -1.381E+00
 -3.6692500E+03 -2.069E+00 -2.054E+00 -1.120E+00
 -3.6687500E+03 -1.951E+00 -2.583E+00 -1.904E+00
 -3.6682500E+03 -1.319E+00 -2.065E+00 -1.745E+00
 -3.6677500E+03 -2.237E+00 -2.512E+00 -2.425E+00
 -3.6672500E+03 -2.907E+00 -2.700E+00 -1.201E+00
 -3.6667500E+03 -2.345E+00 -2.464E+00 -1.517E+00
 -3.6662500E+03 -2.040E+00 -1.944E+00 -9.179E-01
 -3.6657500E+03 -2.090E+00 -2.194E+00 -1.249E+00
 -3.6652500E+03 -2.650E+00 -2.882E+00 -1.568E+00
 -3.6647500E+03 -2.022E+00 -1.661E+00 -6.158E-01
 -3.6642500E+03 -1.109E+00 -1.482E+00 -1.910E+00
 -3.6637500E+03 -2.260E+00 -1.816E+00 -1.358E+00
 -3.6632500E+03 -2.780E+00 -2.604E+00 -1.910E+00
 -3.6627500E+03 -2.226E+00 -2.518E+00 -1.426E+00
 -3.6622500E+03 -1.970E+00 -1.803E+00 -8.775E-01
 -3.6617500E+03 -2.237E+00 -2.256E+00 -7.148E-01
 -3.6612500E+03 -1.812E+00 -2.188E+00 -1.594E+00
 -3.6607500E+03 -2.632E+00 -2.547E+00 -1.698E+00
 -3.6602500E+03 -2.279E+00 -2.173E+00 -1.423E+00
 -3.6597500E+03 -2.182E+00 -1.961E+00 -9.497E-01
 -3.6592500E+03 -2.583E+00 -2.057E+00 -2.100E-01
 -3.6587500E+03 -2.722E+00 -2.105E+00 -9.333E-01
 -3.6582500E+03 -2.396E+00 -1.944E+00 -1.069E+00
 -3.6577500E+03 -1.815E+00 -2.273E+00 -1.594E+00
 -3.6572500E+03 -2.313E+00 -2.406E+00 -8.519E-01
 -3.6567500E+03 -1.995E+00 -2.011E+00 -1.230E+00
 -3.6562500E+03 -1.686E+00 -1.990E+00 -1.581E+00
 -3.6557500E+03 -2.266E+00 -2.108E+00 -1.546E+00
 -3.6552500E+03 -1.708E+00 -1.794E+00 -2.279E+00
 -3.6547500E+03 -1.734E+00 -1.924E+00 -1.938E+00
 -3.6542500E+03 -2.184E+00 -2.357E+00 -1.265E+00
 -3.6537500E+03 -2.041E+00 -2.124E+00 -9.951E-01
 -3.6532500E+03 -2.189E+00 -2.213E+00 -1.105E+00
 -3.6527500E+03 -2.272E+00 -2.240E+00 -8.951E-01
 -3.6522500E+03 -2.055E+00 -2.087E+00 -8.109E-01
 -3.6517500E+03 -2.306E+00 -2.427E+00 -1.593E+00
 -3.6512500E+03 -2.154E+00 -2.075E+00 -1.595E+00
 -3.6507500E+03 -2.443E+00 -2.156E+00 -4.531E-01
 -3.6502500E+03 -2.403E+00 -2.322E+00 -1.338E+00
 -3.6497500E+03 -2.257E+00 -2.228E+00 -1.294E+00
 -3.6492500E+03 -2.156E+00 -2.171E+00 -9.223E-01
 -3.6487500E+03 -2.091E+00 -2.137E+00 -1.229E+00
 -3.6482500E+03 -1.686E+00 -1.683E+00 -1.027E+00
 -3.6477500E+03 -2.233E+00 -2.085E+00 -9.926E-01
 -3.6472500E+03 -1.880E+00 -2.026E+00 -1.482E+00
 -3.6467500E+03 -1.591E+00 -2.026E+00 -7.334E-01
 -3.6462500E+03 -1.478E+00 -1.737E+00 -1.449E+00
 -3.6457500E+03 -2.277E+00 -2.371E+00 -1.299E+00
 -3.6452500E+03 -2.969E+00 -2.330E+00 -2.087E-01
 -3.6447500E+03 -2.399E+00 -2.121E+00 -1.087E+00
 -3.6442500E+03 -1.929E+00 -1.980E+00 -1.708E+00
 -3.6437500E+03 -2.478E+00 -2.727E+00 -2.095E+00
 -3.6432500E+03 -2.592E+00 -2.620E+00 -1.475E+00
 -3.6427500E+03 -1.887E+00 -1.569E+00 -5.162E-01
 -3.6422500E+03 -2.505E+00 -2.106E+00 -9.656E-01
 -3.6417500E+03 -2.081E+00 -1.876E+00 -1.422E+00
 -3.6412500E+03 -1.658E+00 -2.279E+00 -2.104E+00
 -3.6407500E+03 -1.493E+00 -2.222E+00 -1.137E+00
 -3.6402500E+03 -2.300E+00 -2.243E+00 -1.127E+00
 -3.6397500E+03 -1.980E+00 -1.975E+00 -1.433E+00
 -3.6392500E+03 -2.080E+00 -2.323E+00 -1.915E+00
 -3.6387500E+03 -2.262E+00 -2.171E+00 -1.406E+00
 -3.6382500E+03 -1.644E+00 -1.806E+00 -1.524E+00
 -3.6377500E+03 -1.757E+00 -1.395E+00 -1.160E-01
 -3.6372500E+03 -1.540E+00 -1.652E+00 -1.164E+00
 -3.6367500E+03 -1.819E+00 -1.805E+00 -8.140E-01
 -3.6362500E+03 -2.282E+00 -1.969E+00 -1.864E-01
 -3.6357500E+03 -1.971E+00 -1.844E+00 -6.332E-01
 -3.6352500E+03 -2.493E+00 -2.638E+00 -1.963E+00
 -3.6347500E+03 -2.295E+00 -2.324E+00 -1.711E+00
 -3.6342500E+03 -3.133E+00 -2.608E+00 -1.096E+00
 -3.6337500E+03 -1.611E+00 -1.808E+00 -1.285E+00
 -3.6332500E+03 -1.125E+00 -1.594E+00 -1.763E+00
 -3.6327500E+03 -2.112E+00 -1.981E+00 -5.525E-01
 -3.6322500E+03 -1.650E+00 -1.660E+00 -1.252E+00
 -3.6317500E+03 -1.502E+00 -1.664E+00 -1.339E+00
 -3.6312500E+03 -1.556E+00 -1.630E+00 -1.118E+00
 -3.6307500E+03 -2.649E+00 -2.637E+00 -1.824E+00
 -3.6302500E+03 -2.196E+00 -2.190E+00 -1.245E+00
 -3.6297500E+03 -2.067E+00 -1.970E+00 -6.232E-01
 -3.6292500E+03 -2.666E+00 -2.157E+00 -3.365E-01
 -3.6287500E+03 -2.427E+00 -1.889E+00 -6.179E-02
 -3.6282500E+03 -1.353E+00 -1.575E+00 -1.283E+00
 -3.6277500E+03 -1.431E+00 -1.550E+00 -2.025E+00
 -3.6272500E+03 -1.192E+00 -1.240E+00 -4.910E-01
 -3.6267500E+03 -1.565E+00 -1.666E+00 -1.377E+00
 -3.6262500E+03 -2.251E+00 -1.685E+00 -1.626E+00
 -3.6257500E+03 -2.781E+00 -2.285E+00 -1.251E-01
 -3.6252500E+03 -2.652E+00 -2.073E+00 -3.205E-01
 -3.6247500E+03 -1.284E+00 -1.588E+00 -1.328E+00
 -3.6242500E+03 -1.902E+00 -1.904E+00 -1.291E+00
 -3.6237500E+03 -1.093E+00 -1.370E+00 -1.354E+00
 -3.6232500E+03 -1.379E+00 -1.536E+00 -1.082E+00
 -3.6227500E+03 -1.844E+00 -1.984E+00 -1.374E+00
 -3.6222500E+03 -1.763E+00 -2.085E+00 -1.451E+00
 -3.6217500E+03 -3.233E+00 -2.920E+00 -6.021E-01
 -3.6212500E+03 -1.644E+00 -1.667E+00 -1.162E+00
 -3.6207500E+03 -1.791E+00 -1.590E+00 -8.749E-01
 -3.6202500E+03 -1.753E+00 -1.625E+00 -6.941E-01
 -3.6197500E+03 -2.169E+00 -1.780E+00 -1.630E+00
 -3.6192500E+03 -2.484E+00 -2.211E+00 -1.090E+00
 -3.6187500E+03 -1.833E+00 -1.935E+00 -1.239E+00
 -3.6182500E+03 -2.042E+00 -2.001E+00 -9.994E-01
 -3.6177500E+03 -1.944E+00 -1.715E+00 -8.709E-01
 -3.6172500E+03 -2.024E+00 -1.854E+00 -7.365E-01
 -3.6167500E+03 -1.805E+00 -1.556E+00 -4.851E-01
 -3.6162500E+03 -1.754E+00 -1.726E+00 -1.237E+00
 -3.6157500E+03 -2.200E+00 -1.754E+00 -3.991E-01
 -3.6152500E+03 -1.723E+00 -1.700E+00 -1.226E+00
 -3.6147500E+03 -1.670E+00 -1.651E+00 -1.159E+00
 -3.6142500E+03 -1.551E+00 -1.749E+00 -1.020E+00
 -3.6137500E+03 -2.039E+00 -1.719E+00 -1.270E-01
 -3.6132500E+03 -2.202E+00 -2.221E+00 -8.617E-01
 -3.6127500E+03 -2.194E+00 -1.898E+00 -3.163E-01
 -3.6122500E+03 -1.703E+00 -1.665E+00 -7.202E-01
 -3.6117500E+03 -2.235E+00 -2.447E+00 -1.311E+00
 -3.6112500E+03 -1.712E+00 -1.407E+00 -1.706E-01
 -3.6107500E+03 -2.020E+00 -1.699E+00 -1.225E+00
 -3.6102500E+03 -1.845E+00 -1.825E+00 -1.994E+00
 -3.6097500E+03 -1.740E+00 -1.943E+00 -1.257E+00
 -3.6092500E+03 -1.711E+00 -1.707E+00 -9.260E-01
 -3.6087500E+03 -1.255E+00 -1.651E+00 -1.668E+00
 -3.6082500E+03 -1.868E+00 -1.966E+00 -9.348E-01
 -3.6077500E+03 -2.841E+00 -2.571E+00 -1.341E+00
 -3.6072500E+03 -1.936E+00 -1.995E+00 -1.981E+00
 -3.6067500E+03 -1.487E+00 -1.843E+00 -1.382E+00
 -3.6062500E+03 -1.503E+00 -1.536E+00 -8.507E-01
 -3.6057500E+03 -1.981E+00 -1.723E+00 -9.654E-01
 -3.6052500E+03 -1.520E+00 -1.606E+00 -1.003E+00
 -3.6047500E+03 -1.718E+00 -1.563E+00 -9.546E-01
 -3.6042500E+03 -2.265E+00 -2.070E+00 -5.120E-01
 -3.6037500E+03 -1.730E+00 -1.666E+00 -8.921E-01
 -3.6032500E+03 -1.216E+00 -9.235E-01 -2.486E-01
 -3.6027500E+03 -2.408E+00 -2.281E+00 -8.883E-01
 -3.6022500E+03 -1.900E+00 -2.261E+00 -2.410E+00
 -3.6017500E+03 -1.807E+00 -1.932E+00 -2.189E+00
 -3.6012500E+03 -2.070E+00 -1.728E+00 -5.928E-01
 -3.6007500E+03 -1.285E+00 -1.061E+00 -3.169E-01
 -3.6002500E+03 -1.897E+00 -1.465E+00 -1.652E-01
 -3.5997500E+03 -1.146E+00 -1.379E+00 -5.075E-01
 -3.5992500E+03 -1.515E+00 -1.766E+00 -1.489E+00
 -3.5987500E+03 -1.362E+00 -1.334E+00 -4.105E-01
 -3.5982500E+03 -1.369E+00 -1.493E+00 -7.975E-01
 -3.5977500E+03 -1.974E+00 -2.090E+00 -1.346E+00
 -3.5972500E+03 -1.800E+00 -1.989E+00 -1.478E+00
 -3.5967500E+03 -1.243E+00 -1.479E+00 -1.361E+00
 -3.5962500E+03 -1.777E+00 -1.793E+00 -1.357E+00
 -3.5957500E+03 -1.968E+00 -1.611E+00 -2.288E-01
 -3.5952500E+03 -2.346E+00 -1.447E+00  8.821E-01
 -3.5947500E+03 -1.433E+00 -1.701E+00 -1.410E+00
 -3.5942500E+03 -1.705E+00 -1.798E+00 -1.150E+00
 -3.5937500E+03 -2.269E+00 -1.519E+00 -8.300E-01
 -3.5932500E+03 -2.339E+00 -1.917E+00 -1.851E+00
 -3.5927500E+03 -1.541E+00 -1.310E+00 -9.447E-01
 -3.5922500E+03 -1.071E+00 -2.596E+00 -1.176E+00
 -3.5917500E+03 -1.859E+00 -2.387E+00 -1.064E+00
 -3.5912500E+03 -1.527E+00 -1.491E+00 -7.493E-01
 -3.5907500E+03 -8.871E-01 -9.728E-01 -9.199E-01
 -3.5902500E+03 -1.610E+00 -1.488E+00 -2.246E-01
 -3.5897500E+03 -2.137E+00 -1.831E+00  3.131E-01
 -3.5892500E+03 -1.539E+00 -1.303E+00 -9.251E-02
 -3.5887500E+03 -1.626E+00 -2.243E+00 -1.254E+00
 -3.5882500E+03 -1.278E+00 -2.191E+00 -1.140E+00
 -3.5877500E+03 -1.372E+00 -1.450E+00 -1.090E+00
 -3.5872500E+03 -1.556E+00 -1.476E+00 -9.028E-01
 -3.5867500E+03 -1.157E+00 -1.223E+00 -1.215E+00
 -3.5862500E+03 -1.391E+00 -2.258E+00 -1.141E+00
 -3.5857500E+03 -1.486E+00 -1.474E+00 -6.292E-01
 -3.5852500E+03 -2.075E+00 -1.632E+00 -8.905E-01
 -3.5847500E+03 -2.104E+00 -1.542E+00 -2.087E+00
 -3.5842500E+03 -1.837E+00 -1.756E+00 -8.792E-01
 -3.5837500E+03 -2.047E+00 -2.043E+00 -1.514E+00
 -3.5832500E+03 -1.631E+00 -1.639E+00 -1.154E+00
 -3.5827500E+03 -1.076E+00 -1.188E+00 -1.072E+00
 -3.5822500E+03 -1.505E+00 -1.357E+00 -4.291E-01
 -3.5817500E+03 -9.933E-01 -8.852E-01 -6.454E-01
 -3.5812500E+03 -2.194E+00 -1.102E+00 -9.103E-01
 -3.5807500E+03 -1.767E+00 -1.567E+00 -8.932E-01
 -3.5802500E+03 -1.926E+00 -1.710E+00 -9.556E-01
 -3.5797500E+03 -1.573E+00 -1.551E+00 -7.820E-01
 -3.5792500E+03 -1.759E+00 -1.676E+00 -4.186E-01
 -3.5787500E+03 -1.727E+00 -1.600E+00 -2.690E-01
 -3.5782500E+03 -1.670E+00 -1.889E+00 -1.652E+00
 -3.5777500E+03 -1.356E+00 -1.275E+00 -8.738E-01
 -3.5772500E+03 -1.488E+00 -1.698E+00 -1.743E+00
 -3.5767500E+03 -1.552E+00 -1.590E+00 -1.080E+00
 -3.5762500E+03 -1.985E+00 -1.654E+00 -9.276E-01
 -3.5757500E+03 -1.326E+00 -1.175E+00 -2.723E-01
 -3.5752500E+03 -1.871E+00 -1.948E+00 -9.982E-01
 -3.5747500E+03 -1.633E+00 -1.818E+00 -1.248E+00
 -3.5742500E+03 -1.546E+00 -1.592E+00 -9.058E-01
 -3.5737500E+03 -1.535E+00 -1.186E+00 -5.654E-01
 -3.5732500E+03 -1.323E+00 -1.459E+00 -9.744E-01
 -3.5727500E+03 -1.410E+00 -1.537E+00 -1.498E+00
 -3.5722500E+03 -1.883E+00 -1.626E+00 -7.210E-01
 -3.5717500E+03 -1.364E+00 -1.551E+00 -1.162E+00
 -3.5712500E+03 -1.331E+00 -1.171E+00 -8.409E-01
 -3.5707500E+03 -1.819E+00 -1.494E+00 -4.702E-01
 -3.5702500E+03 -1.615E+00 -1.900E+00 -1.269E+00
 -3.5697500E+03 -1.469E+00 -1.541E+00 -1.015E+00
 -3.5692500E+03 -1.672E+00 -1.573E+00 -4.403E-01
 -3.5687500E+03 -2.102E+00 -2.267E+00 -1.280E+00
 -3.5682500E+03 -2.435E+00 -2.313E+00 -9.371E-01
 -3.5677500E+03 -1.971E+00 -2.155E+00 -1.410E+00
 -3.5672500E+03 -1.388E+00 -1.389E+00 -8.211E-01
 -3.5667500E+03 -1.534E+00 -1.475E+00 -9.798E-01
 -3.5662500E+03 -2.138E+00 -1.839E+00 -2.896E-01
 -3.5657500E+03 -1.607E+00 -1.074E+00  1.447E-01
 -3.5652500E+03 -1.371E+00 -1.207E+00 -6.934E-01
 -3.5647500E+03 -2.431E+00 -1.995E+00 -4.502E-01
 -3.5642500E+03 -1.082E+00 -1.353E+00 -8.435E-01
 -3.5637500E+03  2.220E-02 -6.475E-01 -1.649E+00
 -3.5632500E+03 -1.675E+00 -1.653E+00 -1.208E+00
 -3.5627500E+03 -1.572E+00 -1.445E+00 -9.904E-01
 -3.5622500E+03 -1.808E+00 -1.815E+00 -9.796E-01
 -3.5617500E+03 -1.478E+00 -1.465E+00  1.770E-02
 -3.5612500E+03 -1.510E+00 -1.598E+00 -1.270E+00
 -3.5607500E+03 -2.638E+00 -2.150E+00 -7.505E-01
 -3.5602500E+03 -1.144E+00 -1.262E+00 -8.891E-01
 -3.5597500E+03 -1.603E+00 -1.738E+00 -8.035E-01
 -3.5592500E+03 -8.735E-01 -1.132E+00 -6.942E-01
 -3.5587500E+03 -1.085E+00 -1.264E+00 -8.741E-01
 -3.5582500E+03 -1.836E+00 -1.693E+00 -8.590E-01
 -3.5577500E+03 -1.156E+00 -1.460E+00 -1.402E+00
 -3.5572500E+03 -1.305E+00 -1.477E+00 -8.462E-01
 -3.5567500E+03 -1.394E+00 -1.335E+00 -6.398E-01
 -3.5562500E+03 -1.631E+00 -1.410E+00 -4.235E-01
 -3.5557500E+03 -1.393E+00 -1.543E+00 -9.110E-01
 -3.5552500E+03 -1.393E+00 -1.762E+00 -1.326E+00
 -3.5547500E+03 -1.692E+00 -1.768E+00 -9.308E-01
 -3.5542500E+03 -1.021E+00 -1.052E+00 -1.108E+00
 -3.5537500E+03 -1.768E+00 -1.785E+00 -1.583E+00
 -3.5532500E+03 -1.643E+00 -1.554E+00 -5.110E-01
 -3.5527500E+03 -1.245E+00 -1.318E+00 -1.148E+00
 -3.5522500E+03 -1.134E+00 -1.119E+00 -7.214E-01
 -3.5517500E+03 -1.437E+00 -1.104E+00 -1.928E-01
 -3.5512500E+03 -1.411E+00 -1.197E+00 -6.116E-01
 -3.5507500E+03 -1.157E+00 -1.347E+00 -1.404E+00
 -3.5502500E+03 -1.234E+00 -1.096E+00 -4.628E-01
 -3.5497500E+03 -1.577E+00 -1.448E+00 -5.450E-01
 -3.5492500E+03 -1.466E+00 -1.488E+00 -5.962E-01
 -3.5487500E+03 -1.453E+00 -1.572E+00 -1.139E+00
 -3.5482500E+03 -1.246E+00 -1.158E+00 -6.338E-01
 -3.5477500E+03 -1.754E+00 -1.480E+00  1.340E-01
 -3.5472500E+03 -1.364E+00 -1.543E+00 -1.199E+00
 -3.5467500E+03 -2.037E+00 -1.750E+00 -8.582E-01
 -3.5462500E+03 -2.113E+00 -1.644E+00 -2.290E-02
 -3.5457500E+03 -9.986E-01 -1.295E+00 -1.150E+00
 -3.5452500E+03 -1.490E+00 -1.389E+00 -7.775E-01
 -3.5447500E+03 -1.067E+00 -1.062E+00 -9.763E-01
 -3.5442500E+03 -1.271E+00 -1.395E+00 -8.639E-01
 -3.5437500E+03 -1.544E+00 -1.574E+00 -9.754E-01
 -3.5432500E+03 -1.841E+00 -1.538E+00 -7.943E-01
 -3.5427500E+03 -1.663E+00 -1.614E+00 -1.277E+00
 -3.5422500E+03 -1.537E+00 -1.685E+00 -1.208E+00
 -3.5417500E+03 -9.082E-01 -1.244E+00 -1.310E+00
 -3.5412500E+03 -1.320E+00 -1.203E+00 -4.643E-01
 -3.5407500E+03 -1.392E+00 -1.189E+00 -4.614E-01
 -3.5402500E+03 -1.925E+00 -1.851E+00 -5.587E-01
 -3.5397500E+03 -1.953E+00 -1.775E+00 -6.967E-01
 -3.5392500E+03 -1.001E+00 -1.201E+00 -1.197E+00
 -3.5387500E+03 -9.394E-01 -1.235E+00 -8.709E-01
 -3.5382500E+03 -1.636E+00 -1.526E+00 -1.246E+00
 -3.5377500E+03 -1.268E+00 -1.251E+00 -8.413E-01
 -3.5372500E+03 -2.270E+00 -2.248E+00 -1.428E+00
 -3.5367500E+03 -1.205E+00 -1.349E+00 -1.373E+00
 -3.5362500E+03 -1.113E+00 -1.064E+00 -8.863E-01
 -3.5357500E+03 -1.075E+00 -8.421E-01 -4.642E-01
