  6.2142500E+03 -0.000E+00 -0.000E+00  0.000E+00
  6.2147500E+03 -0.000E+00 -0.000E+00  0.000E+00
  6.2152500E+03 -0.000E+00 -0.000E+00  0.000E+00
  6.2157500E+03 -0.000E+00 -0.000E+00  0.000E+00
  6.2162500E+03 -0.000E+00 -0.000E+00  0.000E+00
  6.2167500E+03 -0.000E+00 -0.000E+00  0.000E+00
  6.2172500E+03 -0.000E+00 -0.000E+00  0.000E+00
  6.2177500E+03 -0.000E+00 -0.000E+00  0.000E+00
  6.2182500E+03 -0.000E+00 -0.000E+00  0.000E+00
  6.2187500E+03 -0.000E+00 -0.000E+00  0.000E+00
  6.2192500E+03 -0.000E+00 -0.000E+00  0.000E+00
  6.2197500E+03 -0.000E+00 -0.000E+00  0.000E+00
  6.2202500E+03 -0.000E+00 -0.000E+00  0.000E+00
  6.2207500E+03 -0.000E+00 -0.000E+00  0.000E+00
  6.2212500E+03 -0.000E+00 -0.000E+00  0.000E+00
  6.2217500E+03 -0.000E+00 -0.000E+00  0.000E+00
  6.2222500E+03 -0.000E+00 -0.000E+00  0.000E+00
  6.2227500E+03 -0.000E+00 -0.000E+00  0.000E+00
  6.2232500E+03 -0.000E+00 -0.000E+00  0.000E+00
  6.2237500E+03 -0.000E+00 -0.000E+00  0.000E+00
  6.2242500E+03 -0.000E+00 -0.000E+00  0.000E+00
  6.2247500E+03 -0.000E+00 -0.000E+00  0.000E+00
  6.2252500E+03 -0.000E+00 -0.000E+00  0.000E+00
  6.2257500E+03 -0.000E+00 -0.000E+00  0.000E+00
  6.2262500E+03 -0.000E+00 -0.000E+00  0.000E+00
  6.2267500E+03 -0.000E+00 -0.000E+00  0.000E+00
  6.2272500E+03 -0.000E+00 -0.000E+00  0.000E+00
  6.2277500E+03 -0.000E+00 -0.000E+00  0.000E+00
  6.2282500E+03 -0.000E+00 -0.000E+00  0.000E+00
  6.2287500E+03 -0.000E+00 -0.000E+00  0.000E+00
  6.2292500E+03 -0.000E+00 -0.000E+00  0.000E+00
  6.2297500E+03 -0.000E+00 -0.000E+00  0.000E+00
  6.2302500E+03 -0.000E+00 -0.000E+00  0.000E+00
  6.2307500E+03 -0.000E+00 -0.000E+00  0.000E+00
  6.2312500E+03 -0.000E+00 -0.000E+00  0.000E+00
  6.2317500E+03 -0.000E+00 -0.000E+00  0.000E+00
  6.2322500E+03 -0.000E+00 -0.000E+00  0.000E+00
  6.2327500E+03 -0.000E+00 -0.000E+00  0.000E+00
  6.2332500E+03 -0.000E+00 -0.000E+00  0.000E+00
  6.2337500E+03 -0.000E+00 -0.000E+00  0.000E+00
  6.2342500E+03 -0.000E+00 -0.000E+00  0.000E+00
  6.2347500E+03 -0.000E+00 -0.000E+00  0.000E+00
  6.2352500E+03 -0.000E+00 -0.000E+00  0.000E+00
  6.2357500E+03 -0.000E+00 -0.000E+00  0.000E+00
  6.2362500E+03 -0.000E+00 -0.000E+00  0.000E+00
  6.2367500E+03 -0.000E+00 -0.000E+00  0.000E+00
  6.2372500E+03 -0.000E+00 -0.000E+00  0.000E+00
  6.2377500E+03 -0.000E+00 -0.000E+00  0.000E+00
  6.2382500E+03 -0.000E+00 -0.000E+00  0.000E+00
  6.2387500E+03 -0.000E+00 -0.000E+00  0.000E+00
  6.2392500E+03 -0.000E+00 -0.000E+00  0.000E+00
  6.2397500E+03 -0.000E+00 -0.000E+00  0.000E+00
  6.2402500E+03 -0.000E+00 -0.000E+00  0.000E+00
  6.2407500E+03 -0.000E+00 -0.000E+00  0.000E+00
  6.2412500E+03 -0.000E+00 -0.000E+00  0.000E+00
  6.2417500E+03 -0.000E+00 -0.000E+00  0.000E+00
  6.2422500E+03 -0.000E+00 -0.000E+00  0.000E+00
  6.2427500E+03 -0.000E+00 -0.000E+00  0.000E+00
  6.2432500E+03 -0.000E+00 -0.000E+00  0.000E+00
  6.2437500E+03 -0.000E+00 -0.000E+00  0.000E+00
  6.2442500E+03  1.315E-06  1.098E-06 -1.854E-07
  6.2447500E+03 -2.362E-06 -1.970E-06  3.491E-07
  6.2452500E+03  3.360E-06  1.262E-06 -6.795E-06
  6.2457500E+03  5.421E-05  4.408E-05 -1.269E-05
  6.2462500E+03  6.850E-04  5.716E-04 -1.008E-04
  6.2467500E+03  2.240E-03  1.873E-03 -3.160E-04
  6.2472500E+03 -2.893E-04 -2.399E-04  4.693E-05
  6.2477500E+03 -1.378E-04 -9.860E-05  8.573E-05
  6.2482500E+03 -9.421E-05 -5.660E-05  1.023E-04
  6.2487500E+03  3.503E-04  3.224E-04  6.820E-05
  6.2492500E+03  4.333E-04  4.029E-04  1.015E-04
  6.2497500E+03  1.706E-04  2.870E-05 -4.934E-04
  6.2502500E+03  2.079E-04  2.609E-04  3.195E-04
  6.2507500E+03 -1.617E-04 -3.175E-05  4.440E-04
  6.2512500E+03  4.935E-03  5.260E-03  3.929E-03
  6.2517500E+03  2.190E-03  2.354E-03  1.802E-03
  6.2522500E+03 -2.178E-03 -1.490E-03  1.674E-03
  6.2527500E+03 -1.751E-03 -1.455E-03  2.894E-04
  6.2532500E+03 -2.122E-03 -6.070E-06  7.534E-03
  6.2537500E+03  6.569E-03  5.765E-03  1.157E-04
  6.2542500E+03  5.771E-03  4.659E-03 -1.529E-03
  6.2547500E+03  2.150E-03  1.412E-03 -1.866E-03
  6.2552500E+03 -1.321E-03 -2.205E-03 -4.287E-03
  6.2557500E+03  4.111E-03  2.758E-03 -3.387E-03
  6.2562500E+03 -2.922E-03 -1.940E-03  2.501E-03
  6.2567500E+03  3.021E-02  2.323E-02 -1.300E-02
  6.2572500E+03  1.778E-03  6.569E-03  2.034E-02
  6.2577500E+03 -5.462E-03 -4.058E-03  2.897E-03
  6.2582500E+03 -8.358E-03 -7.049E-03  1.069E-03
  6.2587500E+03 -2.479E-03 -2.117E-03  2.252E-04
  6.2592500E+03 -2.190E-04  6.228E-04  3.319E-03
  6.2597500E+03  3.235E-03  2.902E-03  2.914E-04
  6.2602500E+03 -2.345E-03  1.930E-03  1.616E-02
  6.2607500E+03 -4.862E-03 -1.959E-03  9.373E-03
  6.2612500E+03  3.851E-02  3.477E-02  4.209E-03
  6.2617500E+03 -7.228E-03 -4.422E-03  7.916E-03
  6.2622500E+03  1.614E-02  1.322E-02 -3.693E-03
  6.2627500E+03 -6.976E-03 -3.257E-03  1.170E-02
  6.2632500E+03 -4.564E-03 -3.627E-03  1.523E-03
  6.2637500E+03  9.690E-03  7.190E-03 -5.344E-03
  6.2642500E+03  9.526E-03  9.057E-03  2.980E-03
  6.2647500E+03  2.919E-02  2.834E-02  1.120E-02
  6.2652500E+03  4.238E-02  3.888E-02  7.106E-03
  6.2657500E+03  6.524E-02  5.070E-02 -2.729E-02
  6.2662500E+03  2.366E-03  1.385E-02  4.822E-02
  6.2667500E+03  1.291E-02  1.145E-02  2.558E-04
  6.2672500E+03  2.660E-02  2.231E-02 -4.514E-03
  6.2677500E+03  4.640E-02  6.351E-02  9.262E-02
  6.2682500E+03  1.255E-01  1.382E-01  1.147E-01
  6.2687500E+03  1.425E-01  1.065E-01 -7.760E-02
  6.2692500E+03 -6.524E-02 -6.432E-02 -2.877E-02
  6.2697500E+03 -2.144E-02 -1.313E-03  7.128E-02
  6.2702500E+03  8.838E-03  3.560E-03 -1.699E-02
  6.2707500E+03 -1.089E-02  1.224E-03  4.400E-02
  6.2712500E+03 -5.735E-03 -2.227E-03  1.144E-02
  6.2717500E+03  1.139E-01  9.453E-02 -2.424E-02
  6.2722500E+03  8.053E-02  1.141E-01  1.770E-01
  6.2727500E+03  1.290E-01  1.197E-01  2.676E-02
  6.2732500E+03  5.838E-02  4.530E-02 -2.438E-02
  6.2737500E+03  6.800E-02  8.207E-02  9.086E-02
  6.2742500E+03  1.067E-01  9.588E-02  7.451E-03
  6.2747500E+03  4.016E-02  2.789E-02 -3.096E-02
  6.2752500E+03  1.924E-02  5.280E-02  1.472E-01
  6.2757500E+03  1.880E-01  1.529E-01 -5.234E-02
  6.2762500E+03  7.515E-02  9.163E-02  1.034E-01
  6.2767500E+03  4.614E-02  6.008E-02  7.851E-02
  6.2772500E+03 -9.048E-02 -4.795E-02  1.329E-01
  6.2777500E+03  9.194E-02  8.340E-02  8.857E-03
  6.2782500E+03  4.520E-02  9.931E-02  2.422E-01
  6.2787500E+03  3.194E-01  3.095E-01  1.132E-01
  6.2792500E+03  1.294E-01  1.245E-01  4.253E-02
  6.2797500E+03  1.539E-01  1.896E-01  2.200E-01
  6.2802500E+03  3.903E-01  3.766E-01  1.332E-01
  6.2807500E+03  2.576E-01  2.450E-01  7.136E-02
  6.2812500E+03  1.216E-01  1.204E-01  5.348E-02
  6.2817500E+03  3.194E-01  2.712E-01 -4.559E-02
  6.2822500E+03  4.837E-04  7.309E-02  2.956E-01
  6.2827500E+03  4.930E-02  1.088E-01  2.667E-01
  6.2832500E+03  2.278E-01  2.645E-01  2.564E-01
  6.2837500E+03  5.568E-01  5.412E-01  1.994E-01
  6.2842500E+03  1.300E-01  1.875E-01  2.972E-01
  6.2847500E+03  4.597E-01  4.048E-01 -4.187E-03
  6.2852500E+03  2.296E-01  2.412E-01  1.558E-01
  6.2857500E+03  4.690E-01  4.452E-01  1.232E-01
  6.2862500E+03  4.023E-01  4.294E-01  3.016E-01
  6.2867500E+03  3.611E-01  3.305E-01  4.629E-02
  6.2872500E+03  1.551E-01  1.873E-01  2.017E-01
  6.2877500E+03  3.514E-01  4.310E-01  4.899E-01
  6.2882500E+03  5.923E-01  6.045E-01  3.253E-01
  6.2887500E+03  4.739E-01  5.138E-01  3.868E-01
  6.2892500E+03  8.736E-01  8.076E-01  1.417E-01
  6.2897500E+03  8.655E-01  8.494E-01  3.357E-01
  6.2902500E+03  8.337E-01  8.337E-01  3.881E-01
  6.2907500E+03  4.984E-01  5.484E-01  4.357E-01
  6.2912500E+03  5.251E-01  6.116E-01  5.986E-01
  6.2917500E+03  6.946E-01  7.202E-01  4.258E-01
  6.2922500E+03  1.015E+00  1.116E+00  8.794E-01
  6.2927500E+03  1.168E+00  1.106E+00  2.867E-01
  6.2932500E+03  1.367E+00  1.320E+00  4.391E-01
  6.2937500E+03  8.958E-01  9.092E-01  4.653E-01
  6.2942500E+03  6.696E-01  7.912E-01  8.048E-01
  6.2947500E+03  5.908E-01  7.227E-01  8.065E-01
  6.2952500E+03  1.039E+00  1.219E+00  1.209E+00
  6.2957500E+03  1.287E+00  1.231E+00  3.623E-01
  6.2962500E+03  8.649E-01  9.749E-01  8.442E-01
  6.2967500E+03  1.740E+00  1.784E+00  9.656E-01
  6.2972500E+03  1.616E+00  1.512E+00  3.084E-01
  6.2977500E+03  1.450E+00  1.492E+00  8.269E-01
  6.2982500E+03  1.067E+00  1.243E+00  1.199E+00
  6.2987500E+03  1.722E+00  1.836E+00  1.247E+00
  6.2992500E+03  2.144E+00  2.127E+00  9.021E-01
  6.2997500E+03  1.987E+00  2.025E+00  1.055E+00
  6.3002500E+03  1.194E+00  1.327E+00  1.080E+00
  6.3007500E+03  1.704E+00  1.832E+00  1.284E+00
  6.3012500E+03  3.018E+00  3.026E+00  1.386E+00
  6.3017500E+03  2.940E+00  2.908E+00  1.188E+00
  6.3022500E+03  2.378E+00  2.488E+00  1.516E+00
  6.3027500E+03  2.742E+00  2.781E+00  1.384E+00
  6.3032500E+03  2.993E+00  3.203E+00  2.192E+00
  6.3037500E+03  2.527E+00  2.770E+00  2.116E+00
  6.3042500E+03  2.658E+00  2.809E+00  1.790E+00
  6.3047500E+03  2.860E+00  2.939E+00  1.594E+00
  6.3052500E+03  3.696E+00  4.083E+00  3.220E+00
  6.3057500E+03  5.031E+00  5.326E+00  3.421E+00
  6.3062500E+03  4.598E+00  4.665E+00  2.302E+00
  6.3067500E+03  4.511E+00  4.567E+00  2.214E+00
  6.3072500E+03  4.499E+00  4.884E+00  3.534E+00
  6.3077500E+03  4.919E+00  4.989E+00  2.435E+00
  6.3082500E+03  4.407E+00  4.608E+00  2.753E+00
  6.3087500E+03  6.082E+00  6.590E+00  4.732E+00
  6.3092500E+03  5.965E+00  5.939E+00  2.499E+00
  6.3097500E+03  5.309E+00  5.671E+00  3.782E+00
  6.3102500E+03  6.226E+00  6.208E+00  2.633E+00
  6.3107500E+03  5.207E+00  5.839E+00  4.853E+00
  6.3112500E+03  6.535E+00  7.042E+00  4.900E+00
  6.3117500E+03  6.775E+00  7.152E+00  4.465E+00
  6.3122500E+03  7.858E+00  7.845E+00  3.341E+00
  6.3127500E+03  7.741E+00  8.169E+00  5.082E+00
  6.3132500E+03  9.354E+00  9.376E+00  4.117E+00
  6.3137500E+03  9.073E+00  9.214E+00  4.475E+00
  6.3142500E+03  8.655E+00  8.955E+00  4.929E+00
  6.3147500E+03  9.159E+00  9.624E+00  5.816E+00
  6.3152500E+03  8.763E+00  9.863E+00  8.216E+00
  6.3157500E+03  1.040E+01  1.107E+01  7.174E+00
  6.3162500E+03  1.163E+01  1.182E+01  5.723E+00
  6.3167500E+03  1.199E+01  1.240E+01  6.799E+00
  6.3172500E+03  1.164E+01  1.163E+01  4.866E+00
  6.3177500E+03  1.013E+01  1.082E+01  7.074E+00
  6.3182500E+03  9.478E+00  1.009E+01  6.510E+00
  6.3187500E+03  1.244E+01  1.345E+01  9.392E+00
  6.3192500E+03  1.527E+01  1.536E+01  6.775E+00
  6.3197500E+03  1.243E+01  1.240E+01  5.085E+00
  6.3202500E+03  1.328E+01  1.405E+01  8.708E+00
  6.3207500E+03  1.426E+01  1.504E+01  9.115E+00
  6.3212500E+03  1.497E+01  1.600E+01  1.044E+01
  6.3217500E+03  1.628E+01  1.664E+01  8.237E+00
  6.3222500E+03  1.699E+01  1.806E+01  1.141E+01
  6.3227500E+03  1.574E+01  1.594E+01  7.331E+00
  6.3232500E+03  1.855E+01  1.922E+01  1.042E+01
  6.3237500E+03  2.223E+01  2.295E+01  1.215E+01
  6.3242500E+03  2.065E+01  2.118E+01  1.067E+01
  6.3247500E+03  1.995E+01  2.034E+01  9.804E+00
  6.3252500E+03  2.120E+01  2.236E+01  1.342E+01
  6.3257500E+03  1.979E+01  2.084E+01  1.236E+01
  6.3262500E+03  1.990E+01  2.055E+01  1.084E+01
  6.3267500E+03  2.123E+01  2.238E+01  1.339E+01
  6.3272500E+03  2.322E+01  2.440E+01  1.429E+01
  6.3277500E+03  2.255E+01  2.351E+01  1.309E+01
  6.3282500E+03  2.312E+01  2.388E+01  1.247E+01
  6.3287500E+03  2.596E+01  2.701E+01  1.481E+01
  6.3292500E+03  2.335E+01  2.436E+01  1.355E+01
  6.3297500E+03  2.830E+01  2.978E+01  1.750E+01
  6.3302500E+03  2.845E+01  2.963E+01  1.630E+01
  6.3307500E+03  2.974E+01  3.070E+01  1.587E+01
  6.3312500E+03  3.027E+01  3.154E+01  1.735E+01
  6.3317500E+03  3.224E+01  3.283E+01  1.538E+01
  6.3322500E+03  3.035E+01  3.188E+01  1.841E+01
  6.3327500E+03  2.761E+01  2.945E+01  1.848E+01
  6.3332500E+03  3.389E+01  3.442E+01  1.566E+01
  6.3337500E+03  3.192E+01  3.350E+01  1.910E+01
  6.3342500E+03  3.486E+01  3.567E+01  1.714E+01
  6.3347500E+03  3.461E+01  3.606E+01  1.962E+01
  6.3352500E+03  3.941E+01  4.100E+01  2.207E+01
  6.3357500E+03  4.036E+01  4.157E+01  2.091E+01
  6.3362500E+03  3.768E+01  3.998E+01  2.419E+01
  6.3367500E+03  4.437E+01  4.496E+01  1.990E+01
  6.3372500E+03  3.937E+01  4.133E+01  2.344E+01
  6.3377500E+03  4.433E+01  4.540E+01  2.178E+01
  6.3382500E+03  3.853E+01  4.085E+01  2.450E+01
  6.3387500E+03  4.340E+01  4.442E+01  2.108E+01
  6.3392500E+03  4.522E+01  4.571E+01  1.959E+01
  6.3397500E+03  4.548E+01  4.768E+01  2.665E+01
  6.3402500E+03  4.873E+01  4.968E+01  2.276E+01
  6.3407500E+03  4.285E+01  4.540E+01  2.692E+01
  6.3412500E+03  4.660E+01  4.857E+01  2.601E+01
  6.3417500E+03  4.279E+01  4.575E+01  2.848E+01
  6.3422500E+03  4.925E+01  5.070E+01  2.482E+01
  6.3427500E+03  4.877E+01  5.092E+01  2.746E+01
  6.3432500E+03  5.040E+01  5.349E+01  3.182E+01
  6.3437500E+03  5.411E+01  5.495E+01  2.407E+01
  6.3442500E+03  5.437E+01  5.610E+01  2.778E+01
  6.3447500E+03  5.464E+01  5.750E+01  3.242E+01
  6.3452500E+03  5.788E+01  5.979E+01  2.979E+01
  6.3457500E+03  5.227E+01  5.454E+01  2.904E+01
  6.3462500E+03  5.646E+01  5.916E+01  3.234E+01
  6.3467500E+03  6.065E+01  6.240E+01  3.001E+01
  6.3472500E+03  5.964E+01  6.184E+01  3.143E+01
  6.3477500E+03  6.308E+01  6.500E+01  3.150E+01
  6.3482500E+03  5.748E+01  5.971E+01  3.059E+01
  6.3487500E+03  6.167E+01  6.295E+01  2.826E+01
  6.3492500E+03  5.881E+01  6.203E+01  3.503E+01
  6.3497500E+03  6.296E+01  6.455E+01  2.987E+01
  6.3502500E+03  6.054E+01  6.335E+01  3.386E+01
  6.3507500E+03  6.474E+01  6.706E+01  3.335E+01
  6.3512500E+03  6.433E+01  6.637E+01  3.205E+01
  6.3517500E+03  6.289E+01  6.424E+01  2.872E+01
  6.3522500E+03  6.853E+01  7.104E+01  3.546E+01
  6.3527500E+03  6.761E+01  7.122E+01  3.947E+01
  6.3532500E+03  6.709E+01  7.002E+01  3.653E+01
  6.3537500E+03  7.002E+01  7.107E+01  2.984E+01
  6.3542500E+03  6.010E+01  6.284E+01  3.304E+01
  6.3547500E+03  6.949E+01  7.238E+01  3.707E+01
  6.3552500E+03  6.779E+01  7.036E+01  3.502E+01
  6.3557500E+03  6.710E+01  7.006E+01  3.633E+01
  6.3562500E+03  7.209E+01  7.542E+01  3.954E+01
  6.3567500E+03  7.359E+01  7.640E+01  3.794E+01
  6.3572500E+03  6.938E+01  7.286E+01  3.908E+01
  6.3577500E+03  7.006E+01  7.238E+01  3.450E+01
  6.3582500E+03  7.636E+01  7.915E+01  3.875E+01
  6.3587500E+03  7.293E+01  7.555E+01  3.665E+01
  6.3592500E+03  6.827E+01  7.262E+01  4.195E+01
  6.3597500E+03  7.674E+01  7.860E+01  3.484E+01
  6.3602500E+03  7.023E+01  7.345E+01  3.784E+01
  6.3607500E+03  7.842E+01  7.955E+01  3.226E+01
  6.3612500E+03  7.760E+01  7.904E+01  3.321E+01
  6.3617500E+03  7.430E+01  7.678E+01  3.621E+01
  6.3622500E+03  7.751E+01  8.151E+01  4.352E+01
  6.3627500E+03  7.580E+01  7.796E+01  3.523E+01
  6.3632500E+03  7.387E+01  7.769E+01  4.141E+01
  6.3637500E+03  7.774E+01  7.930E+01  3.339E+01
  6.3642500E+03  7.757E+01  8.147E+01  4.287E+01
  6.3647500E+03  7.574E+01  8.001E+01  4.360E+01
  6.3652500E+03  7.535E+01  7.857E+01  3.897E+01
  6.3657500E+03  7.492E+01  7.624E+01  3.115E+01
  6.3662500E+03  7.746E+01  7.966E+01  3.550E+01
  6.3667500E+03  7.388E+01  7.880E+01  4.519E+01
  6.3672500E+03  8.377E+01  8.623E+01  3.875E+01
  6.3677500E+03  8.219E+01  8.460E+01  3.780E+01
  6.3682500E+03  7.809E+01  8.002E+01  3.443E+01
  6.3687500E+03  6.955E+01  7.456E+01  4.385E+01
  6.3692500E+03  8.024E+01  8.291E+01  3.807E+01
  6.3697500E+03  6.769E+01  7.225E+01  4.114E+01
  6.3702500E+03  7.961E+01  8.377E+01  4.373E+01
  6.3707500E+03  8.032E+01  8.432E+01  4.317E+01
  6.3712500E+03  7.384E+01  7.858E+01  4.384E+01
  6.3717500E+03  7.488E+01  7.668E+01  3.211E+01
  6.3722500E+03  8.598E+01  8.862E+01  3.944E+01
  6.3727500E+03  7.829E+01  8.050E+01  3.495E+01
  6.3732500E+03  8.021E+01  8.222E+01  3.472E+01
  6.3737500E+03  7.998E+01  8.079E+01  2.965E+01
  6.3742500E+03  8.066E+01  8.409E+01  4.049E+01
  6.3747500E+03  7.483E+01  7.891E+01  4.103E+01
  6.3752500E+03  6.766E+01  7.204E+01  3.968E+01
  6.3757500E+03  7.359E+01  7.772E+01  4.070E+01
  6.3762500E+03  7.215E+01  7.621E+01  3.976E+01
  6.3767500E+03  7.755E+01  7.955E+01  3.324E+01
  6.3772500E+03  7.689E+01  8.018E+01  3.818E+01
  6.3777500E+03  6.919E+01  7.296E+01  3.738E+01
  6.3782500E+03  7.305E+01  7.605E+01  3.554E+01
  6.3787500E+03  7.356E+01  7.601E+01  3.341E+01
  6.3792500E+03  6.696E+01  7.245E+01  4.339E+01
  6.3797500E+03  7.521E+01  7.680E+01  3.033E+01
  6.3802500E+03  8.097E+01  8.142E+01  2.763E+01
  6.3807500E+03  6.689E+01  7.130E+01  3.877E+01
  6.3812500E+03  6.817E+01  7.292E+01  4.071E+01
  6.3817500E+03  6.572E+01  6.974E+01  3.666E+01
  6.3822500E+03  7.019E+01  7.210E+01  2.957E+01
  6.3827500E+03  7.210E+01  7.550E+01  3.625E+01
  6.3832500E+03  6.784E+01  7.121E+01  3.477E+01
  6.3837500E+03  7.313E+01  7.515E+01  3.087E+01
  6.3842500E+03  6.162E+01  6.535E+01  3.394E+01
  6.3847500E+03  6.357E+01  6.627E+01  3.029E+01
  6.3852500E+03  6.750E+01  6.988E+01  3.017E+01
  6.3857500E+03  6.489E+01  7.049E+01  4.239E+01
  6.3862500E+03  6.010E+01  6.247E+01  2.764E+01
  6.3867500E+03  6.911E+01  7.199E+01  3.261E+01
  6.3872500E+03  6.620E+01  6.915E+01  3.203E+01
  6.3877500E+03  6.172E+01  6.416E+01  2.822E+01
  6.3882500E+03  6.286E+01  6.510E+01  2.774E+01
  6.3887500E+03  5.867E+01  6.248E+01  3.279E+01
  6.3892500E+03  6.281E+01  6.705E+01  3.572E+01
  6.3897500E+03  6.026E+01  6.313E+01  2.938E+01
  6.3902500E+03  6.364E+01  6.562E+01  2.678E+01
  6.3907500E+03  6.420E+01  6.614E+01  2.670E+01
  6.3912500E+03  5.874E+01  6.224E+01  3.128E+01
  6.3917500E+03  5.649E+01  5.741E+01  1.996E+01
  6.3922500E+03  5.675E+01  5.987E+01  2.887E+01
  6.3927500E+03  5.393E+01  5.624E+01  2.463E+01
  6.3932500E+03  5.295E+01  5.703E+01  3.145E+01
  6.3937500E+03  5.186E+01  5.561E+01  2.962E+01
  6.3942500E+03  5.681E+01  5.955E+01  2.720E+01
  6.3947500E+03  5.289E+01  5.542E+01  2.495E+01
  6.3952500E+03  5.146E+01  5.274E+01  1.942E+01
  6.3957500E+03  5.247E+01  5.609E+01  2.931E+01
  6.3962500E+03  4.954E+01  5.100E+01  1.944E+01
  6.3967500E+03  4.495E+01  4.681E+01  1.951E+01
  6.3972500E+03  4.550E+01  4.819E+01  2.310E+01
  6.3977500E+03  4.334E+01  4.544E+01  2.014E+01
  6.3982500E+03  4.539E+01  4.830E+01  2.392E+01
  6.3987500E+03  4.498E+01  4.823E+01  2.512E+01
  6.3992500E+03  4.856E+01  4.815E+01  1.124E+01
  6.3997500E+03  3.589E+01  3.995E+01  2.540E+01
  6.4002500E+03  4.059E+01  4.207E+01  1.640E+01
  6.4007500E+03  4.139E+01  4.330E+01  1.814E+01
  6.4012500E+03  4.247E+01  4.431E+01  1.842E+01
  6.4017500E+03  4.090E+01  4.359E+01  2.144E+01
  6.4022500E+03  3.575E+01  3.900E+01  2.189E+01
  6.4027500E+03  3.787E+01  4.060E+01  2.051E+01
  6.4032500E+03  4.129E+01  4.154E+01  1.159E+01
  6.4037500E+03  3.461E+01  3.765E+01  2.097E+01
  6.4042500E+03  4.016E+01  4.245E+01  1.931E+01
  6.4047500E+03  3.353E+01  3.629E+01  1.907E+01
  6.4052500E+03  3.261E+01  3.416E+01  1.382E+01
  6.4057500E+03  3.790E+01  3.906E+01  1.387E+01
  6.4062500E+03  3.053E+01  3.193E+01  1.274E+01
  6.4067500E+03  2.369E+01  2.567E+01  1.278E+01
  6.4072500E+03  3.114E+01  3.322E+01  1.549E+01
  6.4077500E+03  3.271E+01  3.140E+01  1.924E+00
  6.4082500E+03  2.284E+01  2.320E+01  6.142E+00
  6.4087500E+03  3.011E+01  3.159E+01  1.264E+01
  6.4092500E+03  2.786E+01  2.995E+01  1.439E+01
  6.4097500E+03  2.473E+01  2.570E+01  9.029E+00
  6.4102500E+03  2.285E+01  2.471E+01  1.193E+01
  6.4107500E+03  1.946E+01  2.068E+01  8.330E+00
  6.4112500E+03  2.314E+01  2.411E+01  8.400E+00
  6.4117500E+03  2.425E+01  2.505E+01  8.017E+00
  6.4122500E+03  3.084E+01  3.108E+01  7.468E+00
  6.4127500E+03  1.945E+01  2.218E+01  1.455E+01
  6.4132500E+03  1.605E+01  1.744E+01  7.996E+00
  6.4137500E+03  2.036E+01  2.032E+01  3.384E+00
  6.4142500E+03  1.906E+01  2.197E+01  1.511E+01
  6.4147500E+03  2.374E+01  2.524E+01  1.050E+01
  6.4152500E+03  1.357E+01  1.551E+01  9.220E+00
  6.4157500E+03  1.694E+01  1.934E+01  1.232E+01
  6.4162500E+03  1.666E+01  1.532E+01 -3.062E+00
  6.4167500E+03  1.277E+01  1.521E+01  1.122E+01
  6.4172500E+03  1.732E+01  2.009E+01  1.368E+01
  6.4177500E+03  1.496E+01  1.527E+01  3.017E+00
  6.4182500E+03  1.786E+01  1.858E+01  5.609E+00
  6.4187500E+03  1.332E+01  1.551E+01  1.034E+01
  6.4192500E+03  1.496E+01  1.590E+01  5.571E+00
  6.4197500E+03  9.879E+00  1.113E+01  5.424E+00
  6.4202500E+03 -4.767E-01  2.095E+00  7.690E+00
  6.4207500E+03  1.087E+01  1.250E+01  7.163E+00
  6.4212500E+03  1.299E+01  1.325E+01  2.087E+00
  6.4217500E+03  1.196E+00  3.314E+00  6.140E+00
  6.4222500E+03  9.172E+00  9.380E+00  9.316E-01
  6.4227500E+03  1.206E+01  1.196E+01  4.526E-01
  6.4232500E+03  5.734E+00  6.446E+00  2.063E+00
  6.4237500E+03  4.196E-01  1.764E+00  2.969E+00
  6.4242500E+03  2.974E+00  2.603E+00 -3.087E+00
  6.4247500E+03  5.421E+00  5.509E+00 -5.711E-01
  6.4252500E+03  2.159E+00  4.100E+00  6.065E+00
  6.4257500E+03  7.327E+00  7.650E+00  7.578E-01
  6.4262500E+03  4.536E-01  8.550E-01 -9.578E-01
  6.4267500E+03  1.978E+00  2.985E+00  2.036E+00
  6.4272500E+03 -1.542E-01  9.113E-01  1.443E+00
  6.4277500E+03  1.805E+00  1.059E+00 -5.001E+00
  6.4282500E+03  1.202E+00  1.944E+00  8.191E-01
  6.4287500E+03 -2.170E+00  3.734E-01  7.037E+00
  6.4292500E+03 -1.937E+00 -1.739E+00 -2.560E+00
  6.4297500E+03  3.175E-02  8.382E-01  9.623E-01
  6.4302500E+03 -3.389E+00 -4.847E+00 -9.217E+00
  6.4307500E+03 -4.636E+00 -2.818E+00  3.330E+00
  6.4312500E+03 -3.828E+00 -3.261E+00 -1.218E+00
  6.4317500E+03 -3.428E+00 -4.049E+00 -6.085E+00
  6.4322500E+03 -2.942E+00 -2.586E+00 -1.826E+00
  6.4327500E+03 -8.494E+00 -8.106E+00 -3.414E+00
  6.4332500E+03 -1.756E+00 -8.612E-01  5.066E-01
  6.4337500E+03 -7.163E+00 -6.849E+00 -3.382E+00
  6.4342500E+03  5.257E-01 -4.631E-01 -6.601E+00
  6.4347500E+03 -6.185E+00 -5.652E+00 -2.060E+00
  6.4352500E+03 -7.951E+00 -7.681E+00 -3.847E+00
  6.4357500E+03 -1.220E+01 -1.137E+01 -2.475E+00
  6.4362500E+03 -3.490E+00 -4.647E+00 -8.091E+00
  6.4367500E+03 -6.114E+00 -6.264E+00 -4.915E+00
  6.4372500E+03 -6.918E+00 -7.602E+00 -7.400E+00
  6.4377500E+03 -9.880E+00 -8.773E+00 -7.758E-01
  6.4382500E+03 -9.602E+00 -9.033E+00 -2.836E+00
  6.4387500E+03 -1.422E+01 -1.390E+01 -5.100E+00
  6.4392500E+03 -1.317E+01 -1.299E+01 -5.530E+00
  6.4397500E+03 -1.032E+01 -1.018E+01 -5.042E+00
  6.4402500E+03 -1.166E+01 -1.160E+01 -5.369E+00
  6.4407500E+03 -7.820E+00 -7.244E+00 -2.287E+00
  6.4412500E+03 -1.246E+01 -1.300E+01 -8.180E+00
  6.4417500E+03 -1.011E+01 -1.121E+01 -9.799E+00
  6.4422500E+03 -1.526E+01 -1.444E+01 -3.384E+00
  6.4427500E+03 -1.423E+01 -1.426E+01 -6.430E+00
  6.4432500E+03 -1.244E+01 -1.141E+01 -1.772E+00
  6.4437500E+03 -1.017E+01 -1.082E+01 -7.729E+00
  6.4442500E+03 -1.537E+01 -1.551E+01 -7.100E+00
  6.4447500E+03 -1.453E+01 -1.509E+01 -9.139E+00
  6.4452500E+03 -1.541E+01 -1.465E+01 -3.507E+00
  6.4457500E+03 -1.756E+01 -1.769E+01 -7.719E+00
  6.4462500E+03 -1.553E+01 -1.622E+01 -9.254E+00
  6.4467500E+03 -1.642E+01 -1.467E+01  2.704E-01
  6.4472500E+03 -1.535E+01 -1.512E+01 -5.394E+00
  6.4477500E+03 -1.129E+01 -1.274E+01 -1.144E+01
  6.4482500E+03 -1.295E+01 -1.250E+01 -4.160E+00
  6.4487500E+03 -1.279E+01 -1.196E+01 -2.413E+00
  6.4492500E+03 -1.625E+01 -1.683E+01 -9.263E+00
  6.4497500E+03 -1.685E+01 -1.698E+01 -7.412E+00
  6.4502500E+03 -1.591E+01 -1.610E+01 -7.472E+00
  6.4507500E+03 -1.305E+01 -1.339E+01 -6.826E+00
  6.4512500E+03 -1.472E+01 -1.502E+01 -7.686E+00
  6.4517500E+03 -1.720E+01 -1.772E+01 -8.959E+00
  6.4522500E+03 -1.953E+01 -1.985E+01 -8.854E+00
  6.4527500E+03 -1.843E+01 -1.899E+01 -9.466E+00
  6.4532500E+03 -2.033E+01 -2.062E+01 -8.977E+00
  6.4537500E+03 -1.498E+01 -1.449E+01 -4.442E+00
  6.4542500E+03 -1.776E+01 -1.913E+01 -1.239E+01
  6.4547500E+03 -1.927E+01 -1.982E+01 -9.723E+00
  6.4552500E+03 -2.100E+01 -2.193E+01 -1.164E+01
  6.4557500E+03 -2.071E+01 -2.093E+01 -8.602E+00
  6.4562500E+03 -2.014E+01 -2.022E+01 -8.061E+00
  6.4567500E+03 -1.828E+01 -1.743E+01 -3.670E+00
  6.4572500E+03 -1.488E+01 -1.542E+01 -8.436E+00
  6.4577500E+03 -1.606E+01 -1.636E+01 -7.726E+00
  6.4582500E+03 -1.814E+01 -1.907E+01 -1.067E+01
  6.4587500E+03 -1.705E+01 -1.832E+01 -1.210E+01
  6.4592500E+03 -2.373E+01 -2.300E+01 -5.603E+00
  6.4597500E+03 -1.991E+01 -2.065E+01 -1.041E+01
  6.4602500E+03 -1.637E+01 -1.753E+01 -1.135E+01
  6.4607500E+03 -2.076E+01 -2.120E+01 -9.214E+00
  6.4612500E+03 -1.967E+01 -2.114E+01 -1.324E+01
  6.4617500E+03 -1.963E+01 -2.073E+01 -1.192E+01
  6.4622500E+03 -1.994E+01 -1.950E+01 -5.766E+00
  6.4627500E+03 -2.107E+01 -2.015E+01 -3.785E+00
  6.4632500E+03 -2.279E+01 -2.314E+01 -9.515E+00
  6.4637500E+03 -2.197E+01 -2.126E+01 -5.221E+00
  6.4642500E+03 -2.555E+01 -2.618E+01 -1.124E+01
  6.4647500E+03 -2.074E+01 -2.231E+01 -1.376E+01
  6.4652500E+03 -1.668E+01 -1.801E+01 -1.189E+01
  6.4657500E+03 -2.229E+01 -2.305E+01 -1.112E+01
  6.4662500E+03 -1.834E+01 -1.894E+01 -9.493E+00
  6.4667500E+03 -2.359E+01 -2.334E+01 -7.145E+00
  6.4672500E+03 -2.080E+01 -2.136E+01 -9.998E+00
  6.4677500E+03 -1.890E+01 -1.984E+01 -1.082E+01
  6.4682500E+03 -1.962E+01 -2.134E+01 -1.425E+01
  6.4687500E+03 -2.206E+01 -2.303E+01 -1.167E+01
  6.4692500E+03 -2.118E+01 -2.159E+01 -8.977E+00
  6.4697500E+03 -2.130E+01 -2.103E+01 -6.621E+00
  6.4702500E+03 -2.032E+01 -2.180E+01 -1.317E+01
  6.4707500E+03 -2.118E+01 -2.280E+01 -1.407E+01
  6.4712500E+03 -2.139E+01 -2.213E+01 -1.047E+01
  6.4717500E+03 -1.851E+01 -1.933E+01 -1.032E+01
  6.4722500E+03 -2.085E+01 -2.120E+01 -8.817E+00
  6.4727500E+03 -2.091E+01 -2.222E+01 -1.257E+01
  6.4732500E+03 -2.164E+01 -2.221E+01 -9.881E+00
  6.4737500E+03 -2.114E+01 -2.213E+01 -1.172E+01
  6.4742500E+03 -1.972E+01 -1.944E+01 -5.912E+00
  6.4747500E+03 -2.328E+01 -2.331E+01 -7.905E+00
  6.4752500E+03 -2.226E+01 -2.203E+01 -6.810E+00
  6.4757500E+03 -2.085E+01 -2.093E+01 -7.754E+00
  6.4762500E+03 -1.912E+01 -2.110E+01 -1.503E+01
  6.4767500E+03 -2.245E+01 -2.470E+01 -1.669E+01
  6.4772500E+03 -1.781E+01 -1.879E+01 -1.034E+01
  6.4777500E+03 -2.069E+01 -2.104E+01 -8.625E+00
  6.4782500E+03 -2.178E+01 -2.238E+01 -9.729E+00
  6.4787500E+03 -2.165E+01 -2.232E+01 -1.001E+01
  6.4792500E+03 -1.920E+01 -2.085E+01 -1.358E+01
  6.4797500E+03 -2.632E+01 -2.575E+01 -6.220E+00
  6.4802500E+03 -1.733E+01 -1.833E+01 -1.035E+01
  6.4807500E+03 -2.293E+01 -2.223E+01 -4.913E+00
  6.4812500E+03 -2.099E+01 -2.236E+01 -1.270E+01
  6.4817500E+03 -1.989E+01 -2.125E+01 -1.259E+01
  6.4822500E+03 -2.399E+01 -2.469E+01 -1.075E+01
  6.4827500E+03 -2.222E+01 -2.175E+01 -5.611E+00
  6.4832500E+03 -2.207E+01 -2.331E+01 -1.224E+01
  6.4837500E+03 -2.316E+01 -2.370E+01 -9.653E+00
  6.4842500E+03 -2.151E+01 -2.266E+01 -1.189E+01
  6.4847500E+03 -1.866E+01 -2.003E+01 -1.249E+01
  6.4852500E+03 -2.406E+01 -2.441E+01 -9.493E+00
  6.4857500E+03 -2.116E+01 -2.065E+01 -5.084E+00
  6.4862500E+03 -1.817E+01 -1.942E+01 -1.099E+01
  6.4867500E+03 -2.060E+01 -2.285E+01 -1.598E+01
  6.4872500E+03 -1.928E+01 -1.991E+01 -9.442E+00
  6.4877500E+03 -2.035E+01 -2.069E+01 -8.182E+00
  6.4882500E+03 -2.238E+01 -2.356E+01 -1.208E+01
  6.4887500E+03 -2.349E+01 -2.411E+01 -1.021E+01
  6.4892500E+03 -2.018E+01 -2.105E+01 -1.030E+01
  6.4897500E+03 -2.034E+01 -2.065E+01 -8.068E+00
  6.4902500E+03 -2.047E+01 -2.204E+01 -1.325E+01
  6.4907500E+03 -2.340E+01 -2.434E+01 -1.154E+01
  6.4912500E+03 -2.620E+01 -2.592E+01 -7.104E+00
  6.4917500E+03 -1.985E+01 -2.091E+01 -1.125E+01
  6.4922500E+03 -2.001E+01 -2.103E+01 -1.066E+01
  6.4927500E+03 -2.088E+01 -2.103E+01 -7.470E+00
  6.4932500E+03 -2.226E+01 -2.372E+01 -1.314E+01
  6.4937500E+03 -2.221E+01 -2.304E+01 -1.059E+01
  6.4942500E+03 -2.286E+01 -2.326E+01 -9.086E+00
  6.4947500E+03 -2.523E+01 -2.573E+01 -1.042E+01
  6.4952500E+03 -2.211E+01 -2.280E+01 -1.019E+01
  6.4957500E+03 -1.875E+01 -1.999E+01 -1.126E+01
  6.4962500E+03 -2.166E+01 -2.220E+01 -9.268E+00
  6.4967500E+03 -1.953E+01 -2.054E+01 -1.076E+01
  6.4972500E+03 -2.185E+01 -2.234E+01 -9.032E+00
  6.4977500E+03 -2.113E+01 -2.182E+01 -9.414E+00
  6.4982500E+03 -2.175E+01 -2.328E+01 -1.311E+01
  6.4987500E+03 -2.246E+01 -2.314E+01 -9.870E+00
  6.4992500E+03 -2.118E+01 -2.169E+01 -8.822E+00
  6.4997500E+03 -2.235E+01 -2.245E+01 -7.832E+00
  6.5002500E+03 -1.985E+01 -2.092E+01 -1.102E+01
  6.5007500E+03 -1.890E+01 -2.038E+01 -1.195E+01
  6.5012500E+03 -2.106E+01 -2.286E+01 -1.393E+01
  6.5017500E+03 -1.988E+01 -2.128E+01 -1.170E+01
  6.5022500E+03 -1.785E+01 -1.864E+01 -9.311E+00
  6.5027500E+03 -2.025E+01 -2.040E+01 -7.236E+00
  6.5032500E+03 -1.913E+01 -2.017E+01 -1.026E+01
  6.5037500E+03 -1.974E+01 -2.065E+01 -1.007E+01
  6.5042500E+03 -1.824E+01 -1.922E+01 -1.015E+01
  6.5047500E+03 -2.103E+01 -2.181E+01 -9.833E+00
  6.5052500E+03 -2.138E+01 -2.150E+01 -7.302E+00
  6.5057500E+03 -2.182E+01 -2.177E+01 -6.790E+00
  6.5062500E+03 -1.812E+01 -1.920E+01 -1.039E+01
  6.5067500E+03 -1.985E+01 -2.058E+01 -9.694E+00
  6.5072500E+03 -2.051E+01 -2.166E+01 -1.103E+01
  6.5077500E+03 -1.992E+01 -2.121E+01 -1.141E+01
  6.5082500E+03 -2.206E+01 -2.225E+01 -7.559E+00
  6.5087500E+03 -1.488E+01 -1.587E+01 -9.167E+00
  6.5092500E+03 -1.770E+01 -1.896E+01 -1.093E+01
  6.5097500E+03 -1.962E+01 -2.074E+01 -1.106E+01
  6.5102500E+03 -1.875E+01 -1.947E+01 -9.109E+00
  6.5107500E+03 -1.928E+01 -2.079E+01 -1.226E+01
  6.5112500E+03 -1.955E+01 -2.074E+01 -1.116E+01
  6.5117500E+03 -1.973E+01 -2.048E+01 -9.318E+00
  6.5122500E+03 -1.847E+01 -1.891E+01 -7.550E+00
  6.5127500E+03 -2.148E+01 -2.215E+01 -9.371E+00
  6.5132500E+03 -1.875E+01 -1.944E+01 -8.695E+00
  6.5137500E+03 -1.963E+01 -2.075E+01 -1.095E+01
  6.5142500E+03 -2.001E+01 -2.046E+01 -8.143E+00
  6.5147500E+03 -1.845E+01 -1.941E+01 -9.845E+00
  6.5152500E+03 -1.854E+01 -1.896E+01 -8.008E+00
  6.5157500E+03 -1.919E+01 -2.074E+01 -1.283E+01
  6.5162500E+03 -1.931E+01 -1.985E+01 -8.253E+00
  6.5167500E+03 -2.006E+01 -2.048E+01 -8.129E+00
  6.5172500E+03 -1.868E+01 -1.965E+01 -1.021E+01
  6.5177500E+03 -1.877E+01 -2.005E+01 -1.183E+01
  6.5182500E+03 -2.039E+01 -2.130E+01 -9.727E+00
  6.5187500E+03 -1.913E+01 -1.985E+01 -8.548E+00
  6.5192500E+03 -1.905E+01 -1.926E+01 -6.686E+00
  6.5197500E+03 -1.839E+01 -1.931E+01 -9.543E+00
  6.5202500E+03 -1.819E+01 -1.916E+01 -9.651E+00
  6.5207500E+03 -1.705E+01 -1.776E+01 -8.464E+00
  6.5212500E+03 -1.771E+01 -1.830E+01 -8.123E+00
  6.5217500E+03 -1.992E+01 -2.035E+01 -8.230E+00
  6.5222500E+03 -1.831E+01 -1.955E+01 -1.036E+01
  6.5227500E+03 -1.805E+01 -1.843E+01 -7.186E+00
  6.5232500E+03 -1.753E+01 -1.781E+01 -6.897E+00
  6.5237500E+03 -1.797E+01 -1.934E+01 -1.106E+01
  6.5242500E+03 -1.988E+01 -2.089E+01 -1.025E+01
  6.5247500E+03 -1.841E+01 -1.939E+01 -9.639E+00
  6.5252500E+03 -2.033E+01 -2.066E+01 -7.513E+00
  6.5257500E+03 -1.728E+01 -1.827E+01 -9.372E+00
  6.5262500E+03 -1.606E+01 -1.716E+01 -9.892E+00
  6.5267500E+03 -1.685E+01 -1.704E+01 -6.363E+00
  6.5272500E+03 -1.975E+01 -2.018E+01 -7.800E+00
  6.5277500E+03 -1.788E+01 -1.904E+01 -1.032E+01
  6.5282500E+03 -1.846E+01 -1.911E+01 -8.770E+00
  6.5287500E+03 -2.007E+01 -2.059E+01 -8.176E+00
  6.5292500E+03 -1.760E+01 -1.848E+01 -9.120E+00
  6.5297500E+03 -1.534E+01 -1.691E+01 -1.118E+01
  6.5302500E+03 -1.686E+01 -1.748E+01 -7.580E+00
  6.5307500E+03 -1.866E+01 -1.885E+01 -6.573E+00
  6.5312500E+03 -1.869E+01 -1.917E+01 -7.740E+00
  6.5317500E+03 -1.637E+01 -1.753E+01 -1.012E+01
  6.5322500E+03 -1.631E+01 -1.734E+01 -9.412E+00
  6.5327500E+03 -1.514E+01 -1.647E+01 -1.021E+01
  6.5332500E+03 -1.699E+01 -1.729E+01 -6.740E+00
  6.5337500E+03 -1.823E+01 -1.899E+01 -8.481E+00
  6.5342500E+03 -1.549E+01 -1.617E+01 -7.584E+00
  6.5347500E+03 -1.678E+01 -1.753E+01 -8.466E+00
  6.5352500E+03 -1.590E+01 -1.681E+01 -8.861E+00
  6.5357500E+03 -1.872E+01 -1.941E+01 -8.678E+00
  6.5362500E+03 -1.852E+01 -1.954E+01 -9.826E+00
  6.5367500E+03 -1.593E+01 -1.654E+01 -7.610E+00
  6.5372500E+03 -1.863E+01 -1.864E+01 -5.901E+00
  6.5377500E+03 -1.673E+01 -1.779E+01 -9.778E+00
  6.5382500E+03 -1.633E+01 -1.672E+01 -6.487E+00
  6.5387500E+03 -1.588E+01 -1.727E+01 -1.059E+01
  6.5392500E+03 -1.570E+01 -1.606E+01 -6.356E+00
  6.5397500E+03 -1.716E+01 -1.764E+01 -7.215E+00
  6.5402500E+03 -1.801E+01 -1.868E+01 -8.165E+00
  6.5407500E+03 -1.572E+01 -1.635E+01 -7.867E+00
  6.5412500E+03 -1.580E+01 -1.703E+01 -9.814E+00
  6.5417500E+03 -1.604E+01 -1.695E+01 -8.821E+00
  6.5422500E+03 -1.630E+01 -1.693E+01 -7.800E+00
  6.5427500E+03 -1.570E+01 -1.601E+01 -6.156E+00
  6.5432500E+03 -1.658E+01 -1.703E+01 -7.085E+00
  6.5437500E+03 -1.572E+01 -1.643E+01 -7.661E+00
  6.5442500E+03 -1.640E+01 -1.720E+01 -8.191E+00
  6.5447500E+03 -1.620E+01 -1.672E+01 -7.197E+00
  6.5452500E+03 -1.744E+01 -1.824E+01 -8.652E+00
  6.5457500E+03 -1.399E+01 -1.527E+01 -9.613E+00
  6.5462500E+03 -1.465E+01 -1.565E+01 -8.583E+00
  6.5467500E+03 -1.549E+01 -1.649E+01 -8.961E+00
  6.5472500E+03 -1.666E+01 -1.699E+01 -6.635E+00
  6.5477500E+03 -1.644E+01 -1.707E+01 -7.664E+00
  6.5482500E+03 -1.570E+01 -1.647E+01 -8.033E+00
  6.5487500E+03 -1.621E+01 -1.645E+01 -6.007E+00
  6.5492500E+03 -1.520E+01 -1.616E+01 -8.551E+00
  6.5497500E+03 -1.497E+01 -1.602E+01 -9.055E+00
  6.5502500E+03 -1.758E+01 -1.828E+01 -8.244E+00
  6.5507500E+03 -1.385E+01 -1.417E+01 -5.663E+00
  6.5512500E+03 -1.331E+01 -1.402E+01 -6.952E+00
  6.5517500E+03 -1.548E+01 -1.624E+01 -8.195E+00
  6.5522500E+03 -1.654E+01 -1.701E+01 -7.071E+00
  6.5527500E+03 -1.404E+01 -1.479E+01 -7.127E+00
  6.5532500E+03 -1.592E+01 -1.659E+01 -7.378E+00
  6.5537500E+03 -1.583E+01 -1.665E+01 -8.588E+00
  6.5542500E+03 -1.414E+01 -1.478E+01 -7.101E+00
  6.5547500E+03 -1.537E+01 -1.614E+01 -7.998E+00
  6.5552500E+03 -1.568E+01 -1.634E+01 -7.668E+00
  6.5557500E+03 -1.601E+01 -1.678E+01 -7.835E+00
  6.5562500E+03 -1.361E+01 -1.430E+01 -6.998E+00
  6.5567500E+03 -1.397E+01 -1.448E+01 -6.393E+00
  6.5572500E+03 -1.605E+01 -1.632E+01 -6.434E+00
  6.5577500E+03 -1.389E+01 -1.439E+01 -6.589E+00
  6.5582500E+03 -1.483E+01 -1.562E+01 -7.868E+00
  6.5587500E+03 -1.496E+01 -1.553E+01 -6.981E+00
  6.5592500E+03 -1.700E+01 -1.726E+01 -6.236E+00
  6.5597500E+03 -1.434E+01 -1.484E+01 -6.366E+00
  6.5602500E+03 -1.377E+01 -1.441E+01 -6.776E+00
  6.5607500E+03 -1.440E+01 -1.475E+01 -6.132E+00
  6.5612500E+03 -1.452E+01 -1.537E+01 -7.912E+00
  6.5617500E+03 -1.392E+01 -1.490E+01 -8.248E+00
  6.5622500E+03 -1.308E+01 -1.357E+01 -6.169E+00
  6.5627500E+03 -1.397E+01 -1.451E+01 -6.695E+00
  6.5632500E+03 -1.475E+01 -1.507E+01 -6.063E+00
  6.5637500E+03 -1.569E+01 -1.662E+01 -8.309E+00
  6.5642500E+03 -1.444E+01 -1.574E+01 -9.774E+00
  6.5647500E+03 -1.294E+01 -1.389E+01 -7.874E+00
  6.5652500E+03 -1.585E+01 -1.605E+01 -5.515E+00
  6.5657500E+03 -1.391E+01 -1.390E+01 -4.240E+00
  6.5662500E+03 -1.282E+01 -1.327E+01 -5.988E+00
  6.5667500E+03 -1.554E+01 -1.618E+01 -7.362E+00
  6.5672500E+03 -1.438E+01 -1.525E+01 -8.141E+00
  6.5677500E+03 -1.417E+01 -1.467E+01 -6.333E+00
  6.5682500E+03 -1.331E+01 -1.411E+01 -7.485E+00
  6.5687500E+03 -1.322E+01 -1.447E+01 -9.421E+00
  6.5692500E+03 -1.330E+01 -1.475E+01 -9.963E+00
  6.5697500E+03 -1.353E+01 -1.394E+01 -5.856E+00
  6.5702500E+03 -1.346E+01 -1.398E+01 -6.365E+00
  6.5707500E+03 -1.360E+01 -1.422E+01 -6.664E+00
  6.5712500E+03 -1.246E+01 -1.339E+01 -7.527E+00
  6.5717500E+03 -1.422E+01 -1.494E+01 -6.931E+00
  6.5722500E+03 -1.348E+01 -1.415E+01 -6.934E+00
  6.5727500E+03 -1.381E+01 -1.441E+01 -6.963E+00
  6.5732500E+03 -1.461E+01 -1.490E+01 -5.599E+00
  6.5737500E+03 -1.375E+01 -1.414E+01 -5.742E+00
  6.5742500E+03 -1.403E+01 -1.469E+01 -7.099E+00
  6.5747500E+03 -1.182E+01 -1.218E+01 -5.203E+00
  6.5752500E+03 -1.235E+01 -1.297E+01 -6.507E+00
  6.5757500E+03 -1.187E+01 -1.269E+01 -7.242E+00
  6.5762500E+03 -1.376E+01 -1.395E+01 -5.008E+00
  6.5767500E+03 -1.207E+01 -1.228E+01 -4.543E+00
  6.5772500E+03 -1.141E+01 -1.261E+01 -8.510E+00
  6.5777500E+03 -1.379E+01 -1.447E+01 -6.972E+00
  6.5782500E+03 -1.263E+01 -1.330E+01 -6.511E+00
  6.5787500E+03 -1.328E+01 -1.344E+01 -4.894E+00
  6.5792500E+03 -1.211E+01 -1.272E+01 -6.573E+00
  6.5797500E+03 -1.221E+01 -1.280E+01 -6.368E+00
  6.5802500E+03 -1.233E+01 -1.290E+01 -6.007E+00
  6.5807500E+03 -1.248E+01 -1.354E+01 -7.824E+00
  6.5812500E+03 -1.210E+01 -1.271E+01 -6.180E+00
  6.5817500E+03 -1.351E+01 -1.366E+01 -4.863E+00
  6.5822500E+03 -1.391E+01 -1.405E+01 -4.605E+00
  6.5827500E+03 -1.364E+01 -1.440E+01 -7.149E+00
  6.5832500E+03 -1.441E+01 -1.472E+01 -5.790E+00
  6.5837500E+03 -1.310E+01 -1.343E+01 -5.602E+00
  6.5842500E+03 -1.270E+01 -1.336E+01 -6.560E+00
  6.5847500E+03 -1.178E+01 -1.235E+01 -5.878E+00
  6.5852500E+03 -1.147E+01 -1.243E+01 -7.191E+00
  6.5857500E+03 -1.179E+01 -1.251E+01 -6.667E+00
  6.5862500E+03 -1.205E+01 -1.285E+01 -7.065E+00
  6.5867500E+03 -1.161E+01 -1.242E+01 -6.890E+00
  6.5872500E+03 -1.254E+01 -1.286E+01 -5.114E+00
  6.5877500E+03 -1.120E+01 -1.149E+01 -4.704E+00
  6.5882500E+03 -1.154E+01 -1.221E+01 -6.355E+00
  6.5887500E+03 -1.341E+01 -1.411E+01 -7.014E+00
  6.5892500E+03 -1.228E+01 -1.280E+01 -5.958E+00
  6.5897500E+03 -1.137E+01 -1.194E+01 -5.962E+00
  6.5902500E+03 -9.272E+00 -1.016E+01 -6.596E+00
  6.5907500E+03 -1.252E+01 -1.291E+01 -5.553E+00
  6.5912500E+03 -1.353E+01 -1.403E+01 -6.067E+00
  6.5917500E+03 -1.203E+01 -1.305E+01 -7.719E+00
  6.5922500E+03 -1.065E+01 -1.112E+01 -5.209E+00
  6.5927500E+03 -1.155E+01 -1.169E+01 -4.143E+00
  6.5932500E+03 -1.114E+01 -1.188E+01 -6.441E+00
  6.5937500E+03 -1.005E+01 -1.122E+01 -8.026E+00
  6.5942500E+03 -1.278E+01 -1.312E+01 -5.203E+00
  6.5947500E+03 -1.080E+01 -1.138E+01 -5.728E+00
  6.5952500E+03 -1.092E+01 -1.144E+01 -5.621E+00
  6.5957500E+03 -1.019E+01 -1.083E+01 -5.836E+00
  6.5962500E+03 -1.226E+01 -1.276E+01 -5.655E+00
  6.5967500E+03 -1.295E+01 -1.353E+01 -6.349E+00
  6.5972500E+03 -1.033E+01 -1.134E+01 -7.307E+00
  6.5977500E+03 -1.151E+01 -1.180E+01 -4.593E+00
  6.5982500E+03 -1.147E+01 -1.159E+01 -3.880E+00
  6.5987500E+03 -1.134E+01 -1.174E+01 -5.264E+00
  6.5992500E+03 -1.214E+01 -1.249E+01 -5.321E+00
  6.5997500E+03 -1.195E+01 -1.278E+01 -7.111E+00
  6.6002500E+03 -1.107E+01 -1.208E+01 -7.327E+00
  6.6007500E+03 -1.011E+01 -1.066E+01 -5.215E+00
  6.6012500E+03 -1.213E+01 -1.277E+01 -6.107E+00
  6.6017500E+03 -1.186E+01 -1.206E+01 -4.662E+00
  6.6022500E+03 -1.147E+01 -1.175E+01 -4.521E+00
  6.6027500E+03 -1.113E+01 -1.151E+01 -5.092E+00
  6.6032500E+03 -1.152E+01 -1.195E+01 -5.461E+00
  6.6037500E+03 -1.179E+01 -1.211E+01 -5.053E+00
  6.6042500E+03 -1.039E+01 -1.094E+01 -5.417E+00
  6.6047500E+03 -1.009E+01 -1.038E+01 -4.278E+00
  6.6052500E+03 -1.042E+01 -1.063E+01 -4.165E+00
  6.6057500E+03 -1.034E+01 -1.088E+01 -5.378E+00
  6.6062500E+03 -1.172E+01 -1.219E+01 -5.402E+00
  6.6067500E+03 -1.188E+01 -1.218E+01 -4.886E+00
  6.6072500E+03 -1.154E+01 -1.185E+01 -4.933E+00
  6.6077500E+03 -1.074E+01 -1.133E+01 -5.544E+00
  6.6082500E+03 -1.083E+01 -1.142E+01 -5.668E+00
  6.6087500E+03 -1.041E+01 -1.094E+01 -5.456E+00
  6.6092500E+03 -1.060E+01 -1.087E+01 -4.501E+00
  6.6097500E+03 -1.120E+01 -1.131E+01 -3.884E+00
  6.6102500E+03 -9.600E+00 -1.008E+01 -4.875E+00
  6.6107500E+03 -1.151E+01 -1.188E+01 -4.976E+00
  6.6112500E+03 -9.620E+00 -1.072E+01 -7.482E+00
  6.6117500E+03 -9.922E+00 -1.071E+01 -6.228E+00
  6.6122500E+03 -1.009E+01 -1.055E+01 -4.929E+00
  6.6127500E+03 -1.109E+01 -1.172E+01 -5.959E+00
  6.6132500E+03 -1.033E+01 -1.026E+01 -2.718E+00
  6.6137500E+03 -1.028E+01 -1.065E+01 -4.784E+00
  6.6142500E+03 -1.082E+01 -1.100E+01 -4.154E+00
  6.6147500E+03 -1.151E+01 -1.174E+01 -4.532E+00
  6.6152500E+03 -1.026E+01 -1.097E+01 -6.356E+00
  6.6157500E+03 -1.123E+01 -1.195E+01 -6.437E+00
  6.6162500E+03 -1.118E+01 -1.136E+01 -4.259E+00
  6.6167500E+03 -1.008E+01 -1.069E+01 -5.564E+00
  6.6172500E+03 -9.683E+00 -1.034E+01 -5.736E+00
  6.6177500E+03 -9.593E+00 -1.037E+01 -5.946E+00
  6.6182500E+03 -8.629E+00 -8.957E+00 -4.084E+00
  6.6187500E+03 -1.094E+01 -1.134E+01 -4.959E+00
  6.6192500E+03 -9.744E+00 -9.867E+00 -3.544E+00
  6.6197500E+03 -9.238E+00 -9.684E+00 -4.606E+00
  6.6202500E+03 -9.894E+00 -1.085E+01 -6.942E+00
  6.6207500E+03 -1.147E+01 -1.143E+01 -3.505E+00
  6.6212500E+03 -9.962E+00 -1.094E+01 -7.043E+00
  6.6217500E+03 -9.253E+00 -1.026E+01 -6.950E+00
  6.6222500E+03 -1.013E+01 -1.055E+01 -4.844E+00
  6.6227500E+03 -9.131E+00 -9.651E+00 -4.985E+00
  6.6232500E+03 -1.011E+01 -1.051E+01 -4.539E+00
  6.6237500E+03 -9.049E+00 -9.598E+00 -5.142E+00
  6.6242500E+03 -1.048E+01 -1.105E+01 -5.655E+00
  6.6247500E+03 -9.208E+00 -9.191E+00 -2.951E+00
  6.6252500E+03 -9.949E+00 -1.039E+01 -4.771E+00
  6.6257500E+03 -9.491E+00 -9.788E+00 -4.245E+00
  6.6262500E+03 -9.693E+00 -1.016E+01 -4.925E+00
  6.6267500E+03 -9.876E+00 -1.027E+01 -4.741E+00
  6.6272500E+03 -8.419E+00 -8.809E+00 -4.253E+00
  6.6277500E+03 -1.002E+01 -1.036E+01 -4.553E+00
  6.6282500E+03 -1.021E+01 -1.068E+01 -5.085E+00
  6.6287500E+03 -9.559E+00 -1.010E+01 -5.058E+00
  6.6292500E+03 -8.687E+00 -9.121E+00 -4.473E+00
  6.6297500E+03 -8.886E+00 -9.568E+00 -5.553E+00
  6.6302500E+03 -9.949E+00 -1.048E+01 -5.219E+00
  6.6307500E+03 -9.355E+00 -9.728E+00 -4.250E+00
  6.6312500E+03 -9.383E+00 -9.654E+00 -3.977E+00
  6.6317500E+03 -9.288E+00 -9.571E+00 -4.153E+00
  6.6322500E+03 -7.647E+00 -8.339E+00 -5.346E+00
  6.6327500E+03 -1.033E+01 -1.054E+01 -3.897E+00
  6.6332500E+03 -9.563E+00 -9.910E+00 -4.420E+00
  6.6337500E+03 -8.173E+00 -8.630E+00 -4.500E+00
  6.6342500E+03 -1.027E+01 -1.085E+01 -5.229E+00
  6.6347500E+03 -8.681E+00 -9.570E+00 -6.409E+00
  6.6352500E+03 -8.106E+00 -8.538E+00 -4.299E+00
  6.6357500E+03 -8.145E+00 -8.816E+00 -5.163E+00
  6.6362500E+03 -8.904E+00 -8.986E+00 -3.178E+00
  6.6367500E+03 -9.301E+00 -9.628E+00 -4.214E+00
  6.6372500E+03 -8.831E+00 -9.310E+00 -4.862E+00
  6.6377500E+03 -9.038E+00 -9.582E+00 -4.887E+00
  6.6382500E+03 -8.515E+00 -9.088E+00 -4.786E+00
  6.6387500E+03 -8.201E+00 -8.720E+00 -4.689E+00
  6.6392500E+03 -9.228E+00 -9.691E+00 -4.741E+00
  6.6397500E+03 -9.406E+00 -9.843E+00 -4.520E+00
  6.6402500E+03 -8.683E+00 -9.246E+00 -4.924E+00
  6.6407500E+03 -8.358E+00 -8.667E+00 -4.029E+00
  6.6412500E+03 -8.529E+00 -9.062E+00 -4.804E+00
  6.6417500E+03 -7.992E+00 -8.821E+00 -5.780E+00
  6.6422500E+03 -9.268E+00 -9.596E+00 -4.281E+00
  6.6427500E+03 -8.731E+00 -9.003E+00 -3.808E+00
  6.6432500E+03 -7.997E+00 -8.376E+00 -4.152E+00
  6.6437500E+03 -8.835E+00 -9.409E+00 -4.937E+00
  6.6442500E+03 -8.665E+00 -9.050E+00 -4.410E+00
  6.6447500E+03 -9.265E+00 -9.694E+00 -4.595E+00
  6.6452500E+03 -8.936E+00 -9.055E+00 -3.298E+00
  6.6457500E+03 -8.553E+00 -9.101E+00 -4.871E+00
  6.6462500E+03 -8.748E+00 -9.287E+00 -4.866E+00
  6.6467500E+03 -7.549E+00 -7.752E+00 -3.372E+00
  6.6472500E+03 -8.397E+00 -8.858E+00 -4.321E+00
  6.6477500E+03 -7.781E+00 -7.824E+00 -2.550E+00
  6.6482500E+03 -7.827E+00 -8.118E+00 -3.690E+00
  6.6487500E+03 -7.748E+00 -8.182E+00 -4.218E+00
  6.6492500E+03 -8.149E+00 -8.586E+00 -4.205E+00
  6.6497500E+03 -8.268E+00 -8.550E+00 -3.813E+00
  6.6502500E+03 -7.965E+00 -8.376E+00 -4.084E+00
  6.6507500E+03 -9.152E+00 -9.444E+00 -3.784E+00
  6.6512500E+03 -8.204E+00 -8.554E+00 -4.028E+00
  6.6517500E+03 -8.939E+00 -9.459E+00 -4.827E+00
  6.6522500E+03 -8.347E+00 -8.987E+00 -5.269E+00
  6.6527500E+03 -7.274E+00 -7.908E+00 -4.909E+00
  6.6532500E+03 -7.661E+00 -8.182E+00 -4.581E+00
  6.6537500E+03 -8.901E+00 -9.217E+00 -4.009E+00
  6.6542500E+03 -8.311E+00 -8.887E+00 -4.934E+00
  6.6547500E+03 -8.505E+00 -8.765E+00 -3.677E+00
  6.6552500E+03 -8.057E+00 -8.520E+00 -4.582E+00
  6.6557500E+03 -9.480E+00 -9.799E+00 -4.086E+00
  6.6562500E+03 -7.836E+00 -8.341E+00 -4.395E+00
  6.6567500E+03 -8.534E+00 -8.909E+00 -4.116E+00
  6.6572500E+03 -8.038E+00 -8.505E+00 -4.463E+00
  6.6577500E+03 -8.182E+00 -8.775E+00 -4.850E+00
  6.6582500E+03 -7.835E+00 -8.511E+00 -5.105E+00
  6.6587500E+03 -8.046E+00 -8.662E+00 -4.845E+00
  6.6592500E+03 -8.574E+00 -8.617E+00 -2.783E+00
  6.6597500E+03 -7.740E+00 -7.833E+00 -2.639E+00
  6.6602500E+03 -7.380E+00 -7.845E+00 -4.116E+00
  6.6607500E+03 -7.529E+00 -8.017E+00 -4.568E+00
  6.6612500E+03 -7.839E+00 -8.270E+00 -4.335E+00
  6.6617500E+03 -7.449E+00 -7.941E+00 -4.465E+00
  6.6622500E+03 -7.841E+00 -8.378E+00 -4.740E+00
  6.6627500E+03 -8.211E+00 -8.835E+00 -5.061E+00
  6.6632500E+03 -6.847E+00 -7.569E+00 -5.059E+00
  6.6637500E+03 -6.936E+00 -7.288E+00 -3.553E+00
  6.6642500E+03 -8.488E+00 -8.891E+00 -4.267E+00
  6.6647500E+03 -7.139E+00 -7.421E+00 -3.395E+00
  6.6652500E+03 -7.913E+00 -8.229E+00 -3.647E+00
  6.6657500E+03 -5.873E+00 -6.551E+00 -4.628E+00
  6.6662500E+03 -8.246E+00 -8.511E+00 -3.763E+00
  6.6667500E+03 -8.431E+00 -8.529E+00 -2.894E+00
  6.6672500E+03 -7.267E+00 -7.896E+00 -4.852E+00
  6.6677500E+03 -6.563E+00 -6.859E+00 -3.419E+00
  6.6682500E+03 -6.542E+00 -6.889E+00 -3.586E+00
  6.6687500E+03 -7.631E+00 -8.125E+00 -4.432E+00
  6.6692500E+03 -7.732E+00 -8.279E+00 -4.626E+00
  6.6697500E+03 -7.393E+00 -7.684E+00 -3.504E+00
  6.6702500E+03 -7.640E+00 -8.351E+00 -5.039E+00
  6.6707500E+03 -6.504E+00 -6.771E+00 -3.166E+00
  6.6712500E+03 -6.899E+00 -6.980E+00 -2.405E+00
  6.6717500E+03 -6.752E+00 -7.226E+00 -4.117E+00
  6.6722500E+03 -6.287E+00 -6.768E+00 -3.831E+00
  6.6727500E+03 -7.390E+00 -7.680E+00 -3.363E+00
  6.6732500E+03 -6.532E+00 -7.078E+00 -4.325E+00
  6.6737500E+03 -7.333E+00 -7.990E+00 -5.199E+00
  6.6742500E+03 -8.300E+00 -8.637E+00 -3.901E+00
  6.6747500E+03 -7.301E+00 -7.245E+00 -2.024E+00
  6.6752500E+03 -7.969E+00 -8.175E+00 -3.424E+00
  6.6757500E+03 -7.171E+00 -7.559E+00 -3.774E+00
  6.6762500E+03 -8.422E+00 -8.781E+00 -3.958E+00
  6.6767500E+03 -6.940E+00 -7.574E+00 -4.731E+00
  6.6772500E+03 -6.999E+00 -7.604E+00 -4.429E+00
  6.6777500E+03 -7.026E+00 -7.331E+00 -3.509E+00
  6.6782500E+03 -7.632E+00 -7.767E+00 -2.755E+00
  6.6787500E+03 -6.339E+00 -6.537E+00 -2.775E+00
  6.6792500E+03 -7.715E+00 -7.985E+00 -3.137E+00
  6.6797500E+03 -7.378E+00 -7.633E+00 -3.373E+00
  6.6802500E+03 -7.266E+00 -7.798E+00 -4.367E+00
  6.6807500E+03 -6.059E+00 -6.456E+00 -3.579E+00
  6.6812500E+03 -6.515E+00 -6.833E+00 -3.591E+00
  6.6817500E+03 -7.719E+00 -7.788E+00 -2.821E+00
  6.6822500E+03 -7.584E+00 -7.805E+00 -3.312E+00
  6.6827500E+03 -6.539E+00 -6.819E+00 -3.185E+00
  6.6832500E+03 -6.338E+00 -7.000E+00 -4.545E+00
  6.6837500E+03 -6.349E+00 -6.776E+00 -4.339E+00
  6.6842500E+03 -7.262E+00 -7.465E+00 -2.858E+00
  6.6847500E+03 -7.184E+00 -7.134E+00 -1.871E+00
  6.6852500E+03 -7.815E+00 -7.951E+00 -3.116E+00
  6.6857500E+03 -6.329E+00 -6.537E+00 -2.931E+00
  6.6862500E+03 -6.647E+00 -7.178E+00 -4.069E+00
  6.6867500E+03 -6.387E+00 -6.744E+00 -3.262E+00
  6.6872500E+03 -7.083E+00 -7.601E+00 -4.178E+00
  6.6877500E+03 -6.564E+00 -6.750E+00 -2.853E+00
  6.6882500E+03 -8.042E+00 -8.278E+00 -3.571E+00
  6.6887500E+03 -7.088E+00 -7.328E+00 -2.691E+00
  6.6892500E+03 -7.069E+00 -7.663E+00 -4.508E+00
  6.6897500E+03 -7.644E+00 -7.464E+00 -2.172E+00
  6.6902500E+03 -6.573E+00 -6.346E+00 -1.511E+00
  6.6907500E+03 -5.668E+00 -6.241E+00 -4.316E+00
  6.6912500E+03 -7.112E+00 -7.538E+00 -4.099E+00
  6.6917500E+03 -6.513E+00 -6.663E+00 -2.810E+00
  6.6922500E+03 -7.481E+00 -8.065E+00 -4.691E+00
  6.6927500E+03 -6.771E+00 -6.983E+00 -2.690E+00
  6.6932500E+03 -6.887E+00 -7.445E+00 -4.137E+00
  6.6937500E+03 -6.195E+00 -6.585E+00 -3.669E+00
  6.6942500E+03 -6.319E+00 -6.680E+00 -3.297E+00
  6.6947500E+03 -6.995E+00 -7.361E+00 -3.634E+00
  6.6952500E+03 -6.338E+00 -6.650E+00 -3.424E+00
  6.6957500E+03 -6.817E+00 -7.001E+00 -2.742E+00
  6.6962500E+03 -6.404E+00 -6.567E+00 -2.792E+00
  6.6967500E+03 -6.243E+00 -6.439E+00 -2.559E+00
  6.6972500E+03 -6.771E+00 -7.077E+00 -3.332E+00
  6.6977500E+03 -6.523E+00 -6.932E+00 -3.641E+00
  6.6982500E+03 -6.923E+00 -7.448E+00 -4.225E+00
  6.6987500E+03 -5.807E+00 -6.440E+00 -4.403E+00
  6.6992500E+03 -6.373E+00 -6.840E+00 -3.723E+00
  6.6997500E+03 -6.137E+00 -6.620E+00 -3.976E+00
  6.7002500E+03 -6.898E+00 -7.115E+00 -2.969E+00
  6.7007500E+03 -6.474E+00 -6.678E+00 -2.923E+00
  6.7012500E+03 -6.165E+00 -6.504E+00 -3.308E+00
  6.7017500E+03 -5.689E+00 -6.317E+00 -4.342E+00
  6.7022500E+03 -6.618E+00 -6.720E+00 -2.479E+00
  6.7027500E+03 -6.262E+00 -6.662E+00 -3.634E+00
  6.7032500E+03 -6.912E+00 -7.006E+00 -2.610E+00
  6.7037500E+03 -6.398E+00 -6.905E+00 -4.116E+00
  6.7042500E+03 -6.377E+00 -6.603E+00 -2.721E+00
  6.7047500E+03 -6.406E+00 -6.522E+00 -2.457E+00
  6.7052500E+03 -6.449E+00 -6.658E+00 -2.738E+00
  6.7057500E+03 -5.924E+00 -6.308E+00 -3.452E+00
  6.7062500E+03 -5.814E+00 -6.232E+00 -3.451E+00
  6.7067500E+03 -5.920E+00 -6.459E+00 -4.094E+00
  6.7072500E+03 -6.283E+00 -6.563E+00 -3.075E+00
  6.7077500E+03 -7.102E+00 -7.121E+00 -2.220E+00
  6.7082500E+03 -5.549E+00 -5.856E+00 -2.679E+00
  6.7087500E+03 -5.850E+00 -6.052E+00 -2.690E+00
  6.7092500E+03 -6.072E+00 -6.319E+00 -2.898E+00
  6.7097500E+03 -5.561E+00 -5.685E+00 -2.398E+00
  6.7102500E+03 -5.603E+00 -5.980E+00 -3.057E+00
  6.7107500E+03 -4.766E+00 -5.246E+00 -3.420E+00
  6.7112500E+03 -5.657E+00 -6.442E+00 -5.068E+00
  6.7117500E+03 -5.351E+00 -5.459E+00 -1.821E+00
  6.7122500E+03 -6.583E+00 -7.123E+00 -4.554E+00
  6.7127500E+03 -4.892E+00 -5.541E+00 -4.158E+00
  6.7132500E+03 -6.121E+00 -6.192E+00 -2.091E+00
  6.7137500E+03 -6.315E+00 -6.374E+00 -2.325E+00
  6.7142500E+03 -5.958E+00 -6.317E+00 -3.290E+00
  6.7147500E+03 -5.632E+00 -5.810E+00 -2.382E+00
  6.7152500E+03 -5.653E+00 -5.756E+00 -2.321E+00
  6.7157500E+03 -6.507E+00 -6.687E+00 -3.006E+00
  6.7162500E+03 -5.245E+00 -5.647E+00 -3.182E+00
  6.7167500E+03 -6.179E+00 -6.583E+00 -3.546E+00
  6.7172500E+03 -5.938E+00 -6.264E+00 -3.141E+00
  6.7177500E+03 -5.288E+00 -5.684E+00 -3.403E+00
  6.7182500E+03 -6.298E+00 -6.268E+00 -1.627E+00
  6.7187500E+03 -5.322E+00 -5.553E+00 -2.861E+00
  6.7192500E+03 -6.251E+00 -6.395E+00 -2.484E+00
  6.7197500E+03 -5.305E+00 -5.454E+00 -2.293E+00
  6.7202500E+03 -5.918E+00 -6.272E+00 -3.374E+00
  6.7207500E+03 -6.440E+00 -7.147E+00 -4.637E+00
  6.7212500E+03 -5.570E+00 -6.239E+00 -4.260E+00
  6.7217500E+03 -5.608E+00 -5.977E+00 -3.030E+00
  6.7222500E+03 -5.206E+00 -5.628E+00 -3.281E+00
  6.7227500E+03 -5.118E+00 -5.620E+00 -3.546E+00
  6.7232500E+03 -5.830E+00 -6.029E+00 -2.511E+00
  6.7237500E+03 -5.526E+00 -5.990E+00 -3.586E+00
  6.7242500E+03 -5.235E+00 -5.475E+00 -2.743E+00
  6.7247500E+03 -4.929E+00 -5.005E+00 -2.105E+00
  6.7252500E+03 -4.978E+00 -4.874E+00 -1.217E+00
  6.7257500E+03 -5.121E+00 -5.483E+00 -3.254E+00
  6.7262500E+03 -4.646E+00 -4.766E+00 -2.389E+00
  6.7267500E+03 -6.271E+00 -6.475E+00 -2.612E+00
  6.7272500E+03 -5.545E+00 -5.623E+00 -2.103E+00
  6.7277500E+03 -5.918E+00 -5.958E+00 -2.045E+00
  6.7282500E+03 -5.004E+00 -5.322E+00 -3.044E+00
  6.7287500E+03 -4.420E+00 -4.838E+00 -2.969E+00
  6.7292500E+03 -4.569E+00 -4.952E+00 -3.081E+00
  6.7297500E+03 -5.261E+00 -5.811E+00 -3.807E+00
  6.7302500E+03 -6.335E+00 -6.662E+00 -3.180E+00
  6.7307500E+03 -4.286E+00 -4.611E+00 -2.812E+00
  6.7312500E+03 -5.439E+00 -5.573E+00 -2.035E+00
  6.7317500E+03 -5.549E+00 -5.678E+00 -2.049E+00
  6.7322500E+03 -5.301E+00 -5.395E+00 -1.999E+00
  6.7327500E+03 -5.413E+00 -5.800E+00 -3.329E+00
  6.7332500E+03 -4.587E+00 -4.969E+00 -2.877E+00
  6.7337500E+03 -5.054E+00 -5.473E+00 -3.370E+00
  6.7342500E+03 -5.311E+00 -5.471E+00 -2.452E+00
  6.7347500E+03 -6.022E+00 -6.061E+00 -2.142E+00
  6.7352500E+03 -5.858E+00 -6.033E+00 -2.434E+00
  6.7357500E+03 -4.768E+00 -4.966E+00 -2.591E+00
  6.7362500E+03 -5.790E+00 -6.290E+00 -3.720E+00
  6.7367500E+03 -5.582E+00 -5.848E+00 -2.864E+00
  6.7372500E+03 -4.120E+00 -4.395E+00 -2.605E+00
  6.7377500E+03 -5.177E+00 -5.368E+00 -2.258E+00
  6.7382500E+03 -5.891E+00 -5.898E+00 -2.135E+00
  6.7387500E+03 -4.889E+00 -5.010E+00 -1.459E+00
  6.7392500E+03 -5.212E+00 -5.389E+00 -2.258E+00
  6.7397500E+03 -4.863E+00 -5.183E+00 -2.657E+00
  6.7402500E+03 -5.843E+00 -6.335E+00 -3.569E+00
  6.7407500E+03 -5.219E+00 -5.479E+00 -2.763E+00
  6.7412500E+03 -5.178E+00 -5.425E+00 -2.782E+00
  6.7417500E+03 -4.962E+00 -5.358E+00 -3.414E+00
  6.7422500E+03 -4.647E+00 -4.984E+00 -2.745E+00
  6.7427500E+03 -5.783E+00 -5.973E+00 -2.512E+00
  6.7432500E+03 -5.826E+00 -6.228E+00 -3.354E+00
  6.7437500E+03 -5.056E+00 -5.221E+00 -2.313E+00
  6.7442500E+03 -4.711E+00 -4.757E+00 -1.653E+00
  6.7447500E+03 -4.926E+00 -5.069E+00 -2.141E+00
  6.7452500E+03 -4.903E+00 -5.107E+00 -2.170E+00
  6.7457500E+03 -4.671E+00 -5.037E+00 -3.057E+00
  6.7462500E+03 -5.862E+00 -6.049E+00 -2.678E+00
  6.7467500E+03 -5.597E+00 -6.045E+00 -3.377E+00
  6.7472500E+03 -4.685E+00 -5.053E+00 -2.824E+00
  6.7477500E+03 -4.911E+00 -5.035E+00 -2.049E+00
  6.7482500E+03 -3.918E+00 -4.258E+00 -2.767E+00
  6.7487500E+03 -4.742E+00 -5.046E+00 -2.712E+00
  6.7492500E+03 -5.287E+00 -5.336E+00 -1.872E+00
  6.7497500E+03 -5.153E+00 -5.366E+00 -2.405E+00
  6.7502500E+03 -5.208E+00 -5.214E+00 -1.502E+00
  6.7507500E+03 -4.608E+00 -4.578E+00 -1.762E+00
  6.7512500E+03 -4.229E+00 -4.545E+00 -2.574E+00
  6.7517500E+03 -4.933E+00 -5.037E+00 -2.031E+00
  6.7522500E+03 -4.371E+00 -4.553E+00 -2.447E+00
  6.7527500E+03 -4.522E+00 -4.807E+00 -2.742E+00
  6.7532500E+03 -4.553E+00 -4.898E+00 -2.858E+00
  6.7537500E+03 -5.027E+00 -5.228E+00 -2.333E+00
  6.7542500E+03 -4.590E+00 -5.042E+00 -3.319E+00
  6.7547500E+03 -4.205E+00 -4.738E+00 -3.571E+00
  6.7552500E+03 -4.546E+00 -5.135E+00 -3.871E+00
  6.7557500E+03 -4.664E+00 -5.262E+00 -3.702E+00
  6.7562500E+03 -4.262E+00 -4.532E+00 -2.475E+00
  6.7567500E+03 -4.706E+00 -5.090E+00 -3.088E+00
  6.7572500E+03 -5.078E+00 -5.187E+00 -2.023E+00
  6.7577500E+03 -5.468E+00 -5.559E+00 -2.091E+00
  6.7582500E+03 -4.742E+00 -4.866E+00 -2.156E+00
  6.7587500E+03 -5.148E+00 -5.193E+00 -1.562E+00
  6.7592500E+03 -4.727E+00 -5.018E+00 -3.156E+00
  6.7597500E+03 -4.976E+00 -5.283E+00 -2.692E+00
  6.7602500E+03 -3.696E+00 -4.013E+00 -2.492E+00
  6.7607500E+03 -3.735E+00 -4.271E+00 -3.233E+00
  6.7612500E+03 -4.644E+00 -4.914E+00 -2.250E+00
  6.7617500E+03 -5.346E+00 -5.338E+00 -1.671E+00
  6.7622500E+03 -5.110E+00 -5.182E+00 -1.936E+00
  6.7627500E+03 -4.808E+00 -5.135E+00 -2.683E+00
  6.7632500E+03 -4.485E+00 -4.904E+00 -2.968E+00
  6.7637500E+03 -5.078E+00 -5.172E+00 -1.690E+00
  6.7642500E+03 -4.215E+00 -4.460E+00 -2.340E+00
  6.7647500E+03 -4.190E+00 -4.328E+00 -2.065E+00
  6.7652500E+03 -5.008E+00 -4.922E+00 -1.233E+00
  6.7657500E+03 -5.046E+00 -5.453E+00 -3.302E+00
  6.7662500E+03 -4.536E+00 -4.794E+00 -2.324E+00
  6.7667500E+03 -4.560E+00 -4.756E+00 -2.213E+00
  6.7672500E+03 -4.510E+00 -4.727E+00 -2.189E+00
  6.7677500E+03 -4.694E+00 -4.857E+00 -2.022E+00
  6.7682500E+03 -5.017E+00 -5.240E+00 -2.768E+00
  6.7687500E+03 -5.517E+00 -5.723E+00 -2.371E+00
  6.7692500E+03 -4.442E+00 -4.897E+00 -3.307E+00
  6.7697500E+03 -3.499E+00 -3.737E+00 -2.067E+00
  6.7702500E+03 -3.514E+00 -3.922E+00 -2.634E+00
  6.7707500E+03 -3.974E+00 -4.368E+00 -3.063E+00
  6.7712500E+03 -4.222E+00 -4.544E+00 -2.720E+00
  6.7717500E+03 -4.410E+00 -4.464E+00 -1.782E+00
  6.7722500E+03 -3.129E+00 -3.397E+00 -2.175E+00
  6.7727500E+03 -3.799E+00 -3.943E+00 -1.778E+00
  6.7732500E+03 -3.745E+00 -3.922E+00 -2.362E+00
  6.7737500E+03 -4.538E+00 -4.707E+00 -1.868E+00
  6.7742500E+03 -4.909E+00 -4.932E+00 -1.395E+00
  6.7747500E+03 -4.029E+00 -4.505E+00 -3.291E+00
  6.7752500E+03 -4.299E+00 -4.581E+00 -2.543E+00
  6.7757500E+03 -4.611E+00 -4.758E+00 -2.100E+00
  6.7762500E+03 -3.323E+00 -3.764E+00 -2.651E+00
  6.7767500E+03 -4.168E+00 -4.185E+00 -1.641E+00
  6.7772500E+03 -3.959E+00 -3.984E+00 -1.566E+00
  6.7777500E+03 -4.410E+00 -4.359E+00 -1.195E+00
  6.7782500E+03 -4.061E+00 -4.174E+00 -1.498E+00
  6.7787500E+03 -3.941E+00 -4.407E+00 -3.304E+00
  6.7792500E+03 -2.955E+00 -2.988E+00 -1.788E+00
  6.7797500E+03 -4.623E+00 -4.906E+00 -2.561E+00
  6.7802500E+03 -4.841E+00 -5.029E+00 -2.158E+00
  6.7807500E+03 -4.164E+00 -4.535E+00 -2.774E+00
  6.7812500E+03 -3.525E+00 -3.840E+00 -2.440E+00
  6.7817500E+03 -4.190E+00 -4.552E+00 -2.925E+00
  6.7822500E+03 -3.983E+00 -4.229E+00 -2.067E+00
  6.7827500E+03 -4.328E+00 -4.449E+00 -1.706E+00
  6.7832500E+03 -4.045E+00 -4.408E+00 -2.471E+00
  6.7837500E+03 -4.078E+00 -4.396E+00 -2.424E+00
  6.7842500E+03 -3.501E+00 -3.842E+00 -2.563E+00
  6.7847500E+03 -4.461E+00 -4.593E+00 -2.177E+00
  6.7852500E+03 -3.777E+00 -3.865E+00 -1.439E+00
  6.7857500E+03 -4.004E+00 -4.075E+00 -1.492E+00
  6.7862500E+03 -4.221E+00 -4.549E+00 -2.389E+00
  6.7867500E+03 -4.813E+00 -4.902E+00 -1.749E+00
  6.7872500E+03 -4.762E+00 -5.045E+00 -2.364E+00
  6.7877500E+03 -4.025E+00 -4.200E+00 -1.744E+00
  6.7882500E+03 -3.964E+00 -4.385E+00 -2.859E+00
  6.7887500E+03 -4.240E+00 -4.431E+00 -2.044E+00
  6.7892500E+03 -3.525E+00 -3.634E+00 -1.603E+00
  6.7897500E+03 -4.315E+00 -4.493E+00 -1.963E+00
  6.7902500E+03 -4.365E+00 -4.628E+00 -2.396E+00
  6.7907500E+03 -3.730E+00 -4.381E+00 -3.985E+00
  6.7912500E+03 -3.552E+00 -3.937E+00 -2.719E+00
  6.7917500E+03 -4.421E+00 -4.398E+00 -1.218E+00
  6.7922500E+03 -3.939E+00 -3.942E+00 -1.263E+00
  6.7927500E+03 -4.327E+00 -4.414E+00 -1.736E+00
  6.7932500E+03 -3.900E+00 -4.118E+00 -1.903E+00
  6.7937500E+03 -4.000E+00 -4.211E+00 -2.459E+00
  6.7942500E+03 -4.045E+00 -4.191E+00 -1.843E+00
  6.7947500E+03 -4.055E+00 -4.142E+00 -1.540E+00
  6.7952500E+03 -4.287E+00 -4.398E+00 -1.814E+00
  6.7957500E+03 -4.164E+00 -4.297E+00 -1.843E+00
  6.7962500E+03 -3.853E+00 -4.033E+00 -1.710E+00
  6.7967500E+03 -4.007E+00 -4.379E+00 -2.413E+00
  6.7972500E+03 -4.073E+00 -4.316E+00 -2.220E+00
  6.7977500E+03 -3.825E+00 -4.123E+00 -2.361E+00
  6.7982500E+03 -3.903E+00 -4.222E+00 -2.467E+00
  6.7987500E+03 -4.574E+00 -4.714E+00 -2.013E+00
  6.7992500E+03 -3.693E+00 -3.920E+00 -2.189E+00
  6.7997500E+03 -3.735E+00 -3.919E+00 -2.021E+00
  6.8002500E+03 -3.075E+00 -3.233E+00 -1.714E+00
  6.8007500E+03 -3.912E+00 -4.040E+00 -1.623E+00
  6.8012500E+03 -4.269E+00 -4.304E+00 -1.412E+00
  6.8017500E+03 -3.362E+00 -3.699E+00 -2.467E+00
  6.8022500E+03 -3.777E+00 -4.072E+00 -2.291E+00
  6.8027500E+03 -3.868E+00 -3.930E+00 -1.513E+00
  6.8032500E+03 -4.380E+00 -4.369E+00 -1.272E+00
  6.8037500E+03 -3.565E+00 -3.655E+00 -1.586E+00
  6.8042500E+03 -3.419E+00 -3.706E+00 -2.204E+00
  6.8047500E+03 -3.460E+00 -3.677E+00 -1.921E+00
  6.8052500E+03 -3.923E+00 -4.248E+00 -2.590E+00
  6.8057500E+03 -3.391E+00 -3.699E+00 -2.253E+00
  6.8062500E+03 -4.133E+00 -4.085E+00 -9.783E-01
  6.8067500E+03 -4.267E+00 -4.385E+00 -1.737E+00
  6.8072500E+03 -3.924E+00 -4.127E+00 -2.011E+00
  6.8077500E+03 -4.044E+00 -4.026E+00 -1.227E+00
  6.8082500E+03 -3.005E+00 -3.140E+00 -1.887E+00
  6.8087500E+03 -3.751E+00 -3.857E+00 -2.540E+00
  6.8092500E+03 -4.226E+00 -4.300E+00 -2.024E+00
  6.8097500E+03 -3.475E+00 -3.772E+00 -2.418E+00
  6.8102500E+03 -3.374E+00 -3.700E+00 -2.028E+00
  6.8107500E+03 -3.279E+00 -3.366E+00 -1.196E+00
  6.8112500E+03 -3.377E+00 -3.623E+00 -2.184E+00
  6.8117500E+03 -3.697E+00 -3.929E+00 -1.769E+00
  6.8122500E+03 -3.808E+00 -4.054E+00 -2.123E+00
  6.8127500E+03 -3.156E+00 -3.462E+00 -2.657E+00
  6.8132500E+03 -3.254E+00 -3.637E+00 -2.127E+00
  6.8137500E+03 -3.572E+00 -3.807E+00 -1.134E+00
  6.8142500E+03 -4.480E+00 -4.794E+00 -2.303E+00
  6.8147500E+03 -4.288E+00 -4.638E+00 -2.898E+00
  6.8152500E+03 -3.483E+00 -3.593E+00 -1.715E+00
  6.8157500E+03 -3.862E+00 -4.002E+00 -1.713E+00
  6.8162500E+03 -2.877E+00 -3.161E+00 -2.256E+00
  6.8167500E+03 -2.742E+00 -3.155E+00 -2.499E+00
  6.8172500E+03 -3.682E+00 -3.690E+00 -1.107E+00
  6.8177500E+03 -3.352E+00 -3.674E+00 -2.655E+00
  6.8182500E+03 -3.478E+00 -3.726E+00 -2.102E+00
  6.8187500E+03 -2.888E+00 -3.201E+00 -2.545E+00
  6.8192500E+03 -3.865E+00 -3.872E+00 -1.084E+00
  6.8197500E+03 -4.318E+00 -4.367E+00 -1.390E+00
  6.8202500E+03 -3.587E+00 -3.771E+00 -1.779E+00
  6.8207500E+03 -3.000E+00 -3.222E+00 -1.801E+00
  6.8212500E+03 -3.684E+00 -3.651E+00 -9.415E-01
  6.8217500E+03 -3.796E+00 -3.975E+00 -1.839E+00
  6.8222500E+03 -2.918E+00 -3.202E+00 -1.948E+00
  6.8227500E+03 -3.271E+00 -3.469E+00 -1.656E+00
  6.8232500E+03 -3.358E+00 -3.321E+00 -8.950E-01
  6.8237500E+03 -3.004E+00 -3.053E+00 -1.329E+00
  6.8242500E+03 -2.816E+00 -3.177E+00 -2.430E+00
  6.8247500E+03 -3.024E+00 -3.276E+00 -2.046E+00
  6.8252500E+03 -3.919E+00 -4.237E+00 -2.237E+00
  6.8257500E+03 -4.221E+00 -4.365E+00 -1.735E+00
  6.8262500E+03 -3.213E+00 -3.189E+00 -1.232E+00
  6.8267500E+03 -3.682E+00 -3.886E+00 -1.761E+00
  6.8272500E+03 -3.850E+00 -4.048E+00 -1.722E+00
  6.8277500E+03 -2.775E+00 -3.184E+00 -2.600E+00
  6.8282500E+03 -3.640E+00 -3.856E+00 -2.098E+00
  6.8287500E+03 -3.252E+00 -3.646E+00 -2.593E+00
  6.8292500E+03 -3.262E+00 -3.397E+00 -1.725E+00
  6.8297500E+03 -3.115E+00 -3.288E+00 -1.728E+00
  6.8302500E+03 -2.772E+00 -2.813E+00 -1.200E+00
  6.8307500E+03 -3.385E+00 -3.429E+00 -1.544E+00
  6.8312500E+03 -3.959E+00 -4.148E+00 -1.804E+00
  6.8317500E+03 -3.336E+00 -3.810E+00 -2.979E+00
  6.8322500E+03 -3.476E+00 -3.449E+00 -9.139E-01
  6.8327500E+03 -2.686E+00 -2.924E+00 -1.830E+00
  6.8332500E+03 -3.139E+00 -3.495E+00 -2.275E+00
  6.8337500E+03 -3.026E+00 -3.233E+00 -1.740E+00
  6.8342500E+03 -3.158E+00 -3.143E+00 -1.013E+00
  6.8347500E+03 -3.837E+00 -3.967E+00 -1.625E+00
  6.8352500E+03 -3.118E+00 -3.373E+00 -2.295E+00
  6.8357500E+03 -2.845E+00 -2.997E+00 -1.525E+00
  6.8362500E+03 -3.404E+00 -3.464E+00 -1.335E+00
  6.8367500E+03 -3.072E+00 -3.247E+00 -1.648E+00
  6.8372500E+03 -3.135E+00 -3.347E+00 -1.782E+00
  6.8377500E+03 -3.262E+00 -3.621E+00 -2.434E+00
  6.8382500E+03 -3.296E+00 -3.369E+00 -1.188E+00
  6.8387500E+03 -2.406E+00 -2.638E+00 -1.688E+00
  6.8392500E+03 -2.911E+00 -3.137E+00 -1.768E+00
  6.8397500E+03 -3.420E+00 -3.512E+00 -1.193E+00
  6.8402500E+03 -3.167E+00 -3.378E+00 -1.939E+00
  6.8407500E+03 -3.862E+00 -3.863E+00 -1.211E+00
  6.8412500E+03 -3.784E+00 -3.851E+00 -1.439E+00
  6.8417500E+03 -3.085E+00 -3.341E+00 -2.058E+00
  6.8422500E+03 -2.457E+00 -2.673E+00 -1.836E+00
  6.8427500E+03 -2.253E+00 -2.374E+00 -1.487E+00
  6.8432500E+03 -2.805E+00 -2.988E+00 -1.535E+00
  6.8437500E+03 -3.328E+00 -3.475E+00 -1.625E+00
  6.8442500E+03 -2.811E+00 -2.819E+00 -9.165E-01
  6.8447500E+03 -2.796E+00 -2.936E+00 -1.605E+00
  6.8452500E+03 -3.614E+00 -3.741E+00 -1.580E+00
  6.8457500E+03 -3.277E+00 -3.399E+00 -1.497E+00
  6.8462500E+03 -3.000E+00 -3.377E+00 -2.381E+00
  6.8467500E+03 -2.551E+00 -2.846E+00 -1.938E+00
  6.8472500E+03 -3.025E+00 -2.951E+00 -6.651E-01
  6.8477500E+03 -3.637E+00 -3.717E+00 -1.349E+00
  6.8482500E+03 -3.437E+00 -3.498E+00 -1.203E+00
  6.8487500E+03 -2.836E+00 -3.079E+00 -1.843E+00
  6.8492500E+03 -3.303E+00 -3.378E+00 -1.582E+00
  6.8497500E+03 -3.205E+00 -3.346E+00 -1.598E+00
  6.8502500E+03 -3.318E+00 -3.441E+00 -1.586E+00
  6.8507500E+03 -3.736E+00 -3.793E+00 -1.120E+00
  6.8512500E+03 -2.959E+00 -3.021E+00 -1.190E+00
  6.8517500E+03 -2.177E+00 -2.389E+00 -1.689E+00
  6.8522500E+03 -3.302E+00 -3.444E+00 -1.604E+00
  6.8527500E+03 -2.875E+00 -3.213E+00 -2.242E+00
  6.8532500E+03 -3.175E+00 -3.201E+00 -9.970E-01
  6.8537500E+03 -2.415E+00 -2.631E+00 -1.572E+00
  6.8542500E+03 -2.894E+00 -3.110E+00 -1.917E+00
  6.8547500E+03 -2.519E+00 -2.941E+00 -2.572E+00
  6.8552500E+03 -2.729E+00 -2.785E+00 -9.199E-01
  6.8557500E+03 -4.006E+00 -3.982E+00 -1.156E+00
  6.8562500E+03 -2.917E+00 -3.236E+00 -2.371E+00
  6.8567500E+03 -3.001E+00 -3.060E+00 -1.175E+00
  6.8572500E+03 -2.739E+00 -2.776E+00 -9.191E-01
  6.8577500E+03 -2.426E+00 -2.749E+00 -2.027E+00
  6.8582500E+03 -2.851E+00 -3.102E+00 -2.054E+00
  6.8587500E+03 -3.224E+00 -3.470E+00 -2.020E+00
  6.8592500E+03 -2.844E+00 -3.017E+00 -1.512E+00
  6.8597500E+03 -3.315E+00 -3.399E+00 -1.272E+00
  6.8602500E+03 -2.551E+00 -2.642E+00 -1.313E+00
  6.8607500E+03 -3.129E+00 -3.473E+00 -2.356E+00
  6.8612500E+03 -2.756E+00 -3.044E+00 -1.750E+00
  6.8617500E+03 -2.904E+00 -2.841E+00 -1.109E+00
  6.8622500E+03 -3.072E+00 -3.362E+00 -2.096E+00
  6.8627500E+03 -2.864E+00 -2.843E+00 -8.180E-01
  6.8632500E+03 -2.859E+00 -2.874E+00 -9.955E-01
  6.8637500E+03 -3.219E+00 -3.151E+00 -6.664E-01
  6.8642500E+03 -2.586E+00 -2.565E+00 -5.951E-01
  6.8647500E+03 -2.785E+00 -2.930E+00 -1.470E+00
  6.8652500E+03 -2.561E+00 -2.723E+00 -1.332E+00
  6.8657500E+03 -2.718E+00 -2.947E+00 -1.995E+00
  6.8662500E+03 -3.282E+00 -3.453E+00 -1.852E+00
  6.8667500E+03 -2.132E+00 -2.238E+00 -1.227E+00
  6.8672500E+03 -2.344E+00 -2.585E+00 -1.658E+00
  6.8677500E+03 -2.684E+00 -2.908E+00 -2.043E+00
  6.8682500E+03 -2.800E+00 -2.951E+00 -1.432E+00
  6.8687500E+03 -2.785E+00 -3.098E+00 -2.280E+00
  6.8692500E+03 -2.644E+00 -2.790E+00 -1.438E+00
  6.8697500E+03 -2.933E+00 -2.973E+00 -1.078E+00
  6.8702500E+03 -2.764E+00 -2.845E+00 -9.073E-01
  6.8707500E+03 -3.132E+00 -3.075E+00 -1.143E+00
  6.8712500E+03 -2.463E+00 -2.599E+00 -1.486E+00
  6.8717500E+03 -2.573E+00 -2.960E+00 -1.607E+00
  6.8722500E+03 -2.982E+00 -2.923E+00 -7.873E-01
  6.8727500E+03 -2.531E+00 -2.672E+00 -1.602E+00
  6.8732500E+03 -2.388E+00 -2.538E+00 -1.460E+00
  6.8737500E+03 -2.811E+00 -3.020E+00 -1.700E+00
  6.8742500E+03 -2.540E+00 -2.746E+00 -1.513E+00
  6.8747500E+03 -2.545E+00 -2.794E+00 -1.790E+00
  6.8752500E+03 -1.981E+00 -2.183E+00 -1.528E+00
  6.8757500E+03 -2.580E+00 -2.780E+00 -1.627E+00
  6.8762500E+03 -2.803E+00 -2.997E+00 -1.552E+00
  6.8767500E+03 -2.735E+00 -2.881E+00 -1.274E+00
  6.8772500E+03 -2.561E+00 -2.570E+00 -9.227E-01
  6.8777500E+03 -2.567E+00 -2.616E+00 -1.103E+00
  6.8782500E+03 -3.011E+00 -3.240E+00 -1.598E+00
  6.8787500E+03 -2.350E+00 -2.687E+00 -2.377E+00
  6.8792500E+03 -2.017E+00 -2.119E+00 -1.021E+00
  6.8797500E+03 -3.226E+00 -3.431E+00 -1.275E+00
  6.8802500E+03 -3.028E+00 -3.163E+00 -1.663E+00
  6.8807500E+03 -2.584E+00 -2.784E+00 -1.817E+00
  6.8812500E+03 -2.670E+00 -2.904E+00 -1.595E+00
  6.8817500E+03 -2.834E+00 -3.059E+00 -1.570E+00
  6.8822500E+03 -2.654E+00 -2.618E+00 -7.449E-01
  6.8827500E+03 -2.584E+00 -2.666E+00 -1.285E+00
  6.8832500E+03 -2.598E+00 -2.958E+00 -2.507E+00
  6.8837500E+03 -2.712E+00 -2.825E+00 -1.176E+00
  6.8842500E+03 -2.851E+00 -2.903E+00 -1.308E+00
  6.8847500E+03 -2.629E+00 -2.580E+00 -6.354E-01
  6.8852500E+03 -2.539E+00 -2.663E+00 -1.356E+00
  6.8857500E+03 -2.225E+00 -2.395E+00 -1.106E+00
  6.8862500E+03 -2.409E+00 -2.577E+00 -1.624E+00
  6.8867500E+03 -2.747E+00 -2.843E+00 -1.491E+00
  6.8872500E+03 -2.609E+00 -2.569E+00 -5.642E-01
  6.8877500E+03 -2.522E+00 -2.627E+00 -1.198E+00
  6.8882500E+03 -2.275E+00 -2.460E+00 -1.674E+00
  6.8887500E+03 -3.262E+00 -3.279E+00 -1.121E+00
  6.8892500E+03 -2.310E+00 -2.430E+00 -1.335E+00
  6.8897500E+03 -2.766E+00 -2.879E+00 -1.313E+00
  6.8902500E+03 -2.550E+00 -2.829E+00 -1.993E+00
  6.8907500E+03 -2.574E+00 -2.774E+00 -1.946E+00
  6.8912500E+03 -2.673E+00 -2.791E+00 -1.555E+00
  6.8917500E+03 -3.195E+00 -3.292E+00 -1.213E+00
  6.8922500E+03 -3.017E+00 -3.195E+00 -1.642E+00
  6.8927500E+03 -2.585E+00 -2.745E+00 -1.540E+00
  6.8932500E+03 -1.845E+00 -1.981E+00 -8.017E-01
  6.8937500E+03 -1.631E+00 -1.796E+00 -1.604E+00
  6.8942500E+03 -2.563E+00 -2.803E+00 -1.724E+00
  6.8947500E+03 -2.506E+00 -2.585E+00 -1.180E+00
  6.8952500E+03 -3.003E+00 -2.932E+00 -5.645E-01
  6.8957500E+03 -2.110E+00 -2.255E+00 -1.095E+00
  6.8962500E+03 -2.921E+00 -3.076E+00 -1.215E+00
  6.8967500E+03 -2.480E+00 -2.587E+00 -1.518E+00
  6.8972500E+03 -2.532E+00 -2.655E+00 -1.342E+00
  6.8977500E+03 -2.382E+00 -2.490E+00 -1.215E+00
  6.8982500E+03 -1.771E+00 -1.829E+00 -5.884E-01
  6.8987500E+03 -2.012E+00 -2.205E+00 -1.298E+00
  6.8992500E+03 -2.115E+00 -2.573E+00 -2.575E+00
  6.8997500E+03 -2.564E+00 -2.857E+00 -1.845E+00
  6.9002500E+03 -3.003E+00 -2.963E+00 -6.228E-01
  6.9007500E+03 -2.535E+00 -2.586E+00 -1.215E+00
  6.9012500E+03 -2.660E+00 -2.913E+00 -1.879E+00
  6.9017500E+03 -2.620E+00 -2.735E+00 -1.253E+00
  6.9022500E+03 -2.479E+00 -2.593E+00 -1.135E+00
  6.9027500E+03 -2.433E+00 -2.667E+00 -1.959E+00
  6.9032500E+03 -2.490E+00 -2.650E+00 -1.703E+00
  6.9037500E+03 -2.376E+00 -2.472E+00 -1.123E+00
  6.9042500E+03 -2.386E+00 -2.412E+00 -8.086E-01
  6.9047500E+03 -2.378E+00 -2.529E+00 -1.174E+00
  6.9052500E+03 -2.599E+00 -2.756E+00 -1.295E+00
  6.9057500E+03 -2.296E+00 -2.380E+00 -9.021E-01
  6.9062500E+03 -2.331E+00 -2.357E+00 -8.613E-01
  6.9067500E+03 -2.051E+00 -2.361E+00 -1.590E+00
  6.9072500E+03 -2.066E+00 -2.290E+00 -1.741E+00
  6.9077500E+03 -1.958E+00 -2.033E+00 -1.163E+00
  6.9082500E+03 -2.402E+00 -2.445E+00 -1.007E+00
  6.9087500E+03 -2.978E+00 -3.207E+00 -1.982E+00
  6.9092500E+03 -2.740E+00 -2.817E+00 -1.208E+00
  6.9097500E+03 -2.419E+00 -2.582E+00 -1.218E+00
  6.9102500E+03 -2.077E+00 -2.063E+00 -6.488E-01
  6.9107500E+03 -1.957E+00 -2.221E+00 -1.710E+00
  6.9112500E+03 -2.455E+00 -2.734E+00 -1.714E+00
  6.9117500E+03 -2.934E+00 -2.954E+00 -9.675E-01
  6.9122500E+03 -2.593E+00 -2.401E+00 -4.361E-01
  6.9127500E+03 -2.393E+00 -2.525E+00 -1.334E+00
  6.9132500E+03 -1.929E+00 -2.076E+00 -1.516E+00
  6.9137500E+03 -2.286E+00 -2.521E+00 -1.735E+00
  6.9142500E+03 -2.370E+00 -2.466E+00 -9.838E-01
  6.9147500E+03 -2.430E+00 -2.606E+00 -1.676E+00
  6.9152500E+03 -1.938E+00 -2.176E+00 -1.438E+00
  6.9157500E+03 -2.089E+00 -2.111E+00 -8.824E-01
  6.9162500E+03 -2.600E+00 -2.782E+00 -1.293E+00
  6.9167500E+03 -2.627E+00 -2.751E+00 -1.063E+00
  6.9172500E+03 -1.885E+00 -2.042E+00 -1.190E+00
  6.9177500E+03 -2.444E+00 -2.655E+00 -1.430E+00
  6.9182500E+03 -2.085E+00 -2.089E+00 -7.208E-01
  6.9187500E+03 -1.630E+00 -1.776E+00 -1.233E+00
  6.9192500E+03 -2.094E+00 -2.175E+00 -6.590E-01
  6.9197500E+03 -2.423E+00 -2.359E+00 -8.566E-01
  6.9202500E+03 -3.060E+00 -3.031E+00 -1.108E+00
  6.9207500E+03 -2.747E+00 -2.756E+00 -1.217E+00
  6.9212500E+03 -2.509E+00 -2.763E+00 -1.540E+00
  6.9217500E+03 -1.450E+00 -1.704E+00 -1.527E+00
  6.9222500E+03 -2.210E+00 -2.194E+00 -4.401E-01
  6.9227500E+03 -2.145E+00 -2.339E+00 -1.408E+00
  6.9232500E+03 -1.936E+00 -2.272E+00 -1.668E+00
  6.9237500E+03 -2.638E+00 -2.698E+00 -5.307E-01
  6.9242500E+03 -1.600E+00 -1.631E+00 -9.711E-01
  6.9247500E+03 -2.084E+00 -2.339E+00 -2.050E+00
  6.9252500E+03 -2.635E+00 -2.666E+00 -9.139E-01
  6.9257500E+03 -2.393E+00 -2.377E+00 -5.890E-01
  6.9262500E+03 -2.107E+00 -2.204E+00 -9.281E-01
  6.9267500E+03 -2.422E+00 -2.552E+00 -1.132E+00
  6.9272500E+03 -2.283E+00 -2.377E+00 -1.041E+00
  6.9277500E+03 -2.595E+00 -2.707E+00 -1.349E+00
  6.9282500E+03 -1.937E+00 -2.081E+00 -1.234E+00
  6.9287500E+03 -2.290E+00 -2.403E+00 -1.177E+00
  6.9292500E+03 -1.888E+00 -1.940E+00 -1.223E+00
  6.9297500E+03 -1.847E+00 -1.988E+00 -1.303E+00
  6.9302500E+03 -2.345E+00 -2.323E+00 -6.926E-01
  6.9307500E+03 -2.906E+00 -2.915E+00 -6.829E-01
  6.9312500E+03 -2.089E+00 -2.082E+00 -6.794E-01
  6.9317500E+03 -2.151E+00 -2.395E+00 -1.418E+00
  6.9322500E+03 -2.303E+00 -2.446E+00 -1.486E+00
  6.9327500E+03 -1.635E+00 -1.761E+00 -1.376E+00
  6.9332500E+03 -1.629E+00 -1.906E+00 -1.411E+00
  6.9337500E+03 -2.153E+00 -2.237E+00 -1.030E+00
  6.9342500E+03 -1.963E+00 -2.189E+00 -1.458E+00
  6.9347500E+03 -1.744E+00 -2.037E+00 -1.640E+00
  6.9352500E+03 -1.872E+00 -2.104E+00 -1.433E+00
  6.9357500E+03 -1.874E+00 -1.926E+00 -8.535E-01
  6.9362500E+03 -1.855E+00 -1.891E+00 -8.056E-01
  6.9367500E+03 -1.798E+00 -1.976E+00 -1.262E+00
  6.9372500E+03 -2.457E+00 -2.576E+00 -1.259E+00
  6.9377500E+03 -1.778E+00 -2.058E+00 -1.571E+00
  6.9382500E+03 -2.295E+00 -2.422E+00 -1.281E+00
  6.9387500E+03 -1.731E+00 -1.753E+00 -6.605E-01
  6.9392500E+03 -1.270E+00 -1.494E+00 -1.320E+00
  6.9397500E+03 -1.939E+00 -1.971E+00 -7.992E-01
  6.9402500E+03 -1.986E+00 -2.140E+00 -1.336E+00
  6.9407500E+03 -1.849E+00 -1.945E+00 -9.291E-01
  6.9412500E+03 -1.695E+00 -1.890E+00 -1.615E+00
  6.9417500E+03 -2.501E+00 -2.577E+00 -1.124E+00
  6.9422500E+03 -2.295E+00 -2.419E+00 -1.273E+00
  6.9427500E+03 -1.636E+00 -1.707E+00 -7.804E-01
  6.9432500E+03 -1.979E+00 -2.064E+00 -7.485E-01
  6.9437500E+03 -2.082E+00 -2.219E+00 -1.046E+00
  6.9442500E+03 -2.043E+00 -2.192E+00 -1.542E+00
  6.9447500E+03 -2.018E+00 -2.081E+00 -1.082E+00
  6.9452500E+03 -2.043E+00 -2.090E+00 -1.026E+00
  6.9457500E+03 -1.655E+00 -1.782E+00 -1.223E+00
  6.9462500E+03 -1.709E+00 -1.706E+00 -3.948E-01
  6.9467500E+03 -2.419E+00 -2.583E+00 -1.199E+00
  6.9472500E+03 -1.977E+00 -1.995E+00 -6.939E-01
  6.9477500E+03 -2.131E+00 -2.218E+00 -9.691E-01
  6.9482500E+03 -2.253E+00 -2.205E+00 -3.883E-01
  6.9487500E+03 -2.595E+00 -2.334E+00  6.101E-02
  6.9492500E+03 -2.076E+00 -2.089E+00 -7.759E-01
  6.9497500E+03 -1.926E+00 -2.121E+00 -1.555E+00
  6.9502500E+03 -2.076E+00 -2.192E+00 -9.591E-01
  6.9507500E+03 -2.250E+00 -2.495E+00 -1.582E+00
  6.9512500E+03 -1.848E+00 -1.862E+00 -3.606E-01
  6.9517500E+03 -1.351E+00 -1.475E+00 -9.579E-01
  6.9522500E+03 -2.022E+00 -2.055E+00 -8.168E-01
  6.9527500E+03 -2.258E+00 -2.129E+00 -1.085E-01
  6.9532500E+03 -2.437E+00 -2.493E+00 -7.513E-01
  6.9537500E+03 -1.725E+00 -1.969E+00 -1.588E+00
  6.9542500E+03 -1.965E+00 -2.263E+00 -1.869E+00
  6.9547500E+03 -1.777E+00 -1.994E+00 -1.339E+00
  6.9552500E+03 -1.768E+00 -1.801E+00 -8.703E-01
  6.9557500E+03 -2.203E+00 -2.324E+00 -1.052E+00
  6.9562500E+03 -1.846E+00 -2.150E+00 -1.570E+00
  6.9567500E+03 -1.821E+00 -1.971E+00 -1.817E+00
  6.9572500E+03 -2.080E+00 -2.006E+00 -2.376E-01
  6.9577500E+03 -1.794E+00 -1.895E+00 -9.677E-01
  6.9582500E+03 -1.547E+00 -1.743E+00 -1.295E+00
  6.9587500E+03 -1.905E+00 -1.933E+00 -6.595E-01
  6.9592500E+03 -1.965E+00 -2.034E+00 -5.819E-01
  6.9597500E+03 -2.052E+00 -2.292E+00 -1.428E+00
  6.9602500E+03 -1.821E+00 -1.797E+00 -5.947E-01
  6.9607500E+03 -2.121E+00 -2.302E+00 -1.294E+00
  6.9612500E+03 -1.781E+00 -2.126E+00 -2.074E+00
  6.9617500E+03 -1.602E+00 -1.791E+00 -1.603E+00
  6.9622500E+03 -1.833E+00 -1.949E+00 -9.477E-01
  6.9627500E+03 -2.418E+00 -2.473E+00 -8.582E-01
  6.9632500E+03 -1.790E+00 -1.936E+00 -1.080E+00
  6.9637500E+03 -2.207E+00 -2.377E+00 -1.190E+00
  6.9642500E+03 -1.414E+00 -1.667E+00 -1.526E+00
  6.9647500E+03 -1.979E+00 -2.051E+00 -8.977E-01
  6.9652500E+03 -2.356E+00 -2.498E+00 -9.411E-01
  6.9657500E+03 -1.574E+00 -1.661E+00 -1.297E+00
  6.9662500E+03 -2.098E+00 -2.082E+00 -8.502E-01
  6.9667500E+03 -2.049E+00 -2.258E+00 -1.474E+00
  6.9672500E+03 -1.686E+00 -1.811E+00 -8.730E-01
  6.9677500E+03 -1.642E+00 -1.490E+00 -2.213E-02
  6.9682500E+03 -1.062E+00 -1.124E+00 -7.904E-01
  6.9687500E+03 -2.463E+00 -2.611E+00 -1.320E+00
  6.9692500E+03 -1.699E+00 -1.974E+00 -1.472E+00
  6.9697500E+03 -2.265E+00 -2.312E+00 -7.251E-01
  6.9702500E+03 -1.891E+00 -1.944E+00 -9.295E-01
  6.9707500E+03 -1.960E+00 -1.739E+00  1.680E-01
  6.9712500E+03 -1.437E+00 -1.440E+00 -5.621E-01
  6.9717500E+03 -2.023E+00 -2.248E+00 -1.425E+00
  6.9722500E+03 -1.682E+00 -1.818E+00 -1.038E+00
  6.9727500E+03 -1.488E+00 -1.656E+00 -1.268E+00
  6.9732500E+03 -1.846E+00 -1.895E+00 -7.794E-01
  6.9737500E+03 -1.176E+00 -1.165E+00 -6.424E-01
  6.9742500E+03 -2.094E+00 -2.243E+00 -1.243E+00
  6.9747500E+03 -2.305E+00 -2.370E+00 -6.219E-01
  6.9752500E+03 -1.814E+00 -2.000E+00 -1.175E+00
  6.9757500E+03 -1.564E+00 -1.783E+00 -1.309E+00
  6.9762500E+03 -1.752E+00 -1.930E+00 -1.254E+00
  6.9767500E+03 -1.652E+00 -1.738E+00 -8.421E-01
  6.9772500E+03 -2.093E+00 -2.236E+00 -1.224E+00
  6.9777500E+03 -1.717E+00 -1.798E+00 -9.085E-01
  6.9782500E+03 -1.469E+00 -1.663E+00 -1.376E+00
  6.9787500E+03 -1.720E+00 -1.805E+00 -9.948E-01
  6.9792500E+03 -2.255E+00 -2.215E+00 -3.434E-01
  6.9797500E+03 -2.163E+00 -2.083E+00 -4.905E-01
  6.9802500E+03 -2.123E+00 -2.029E+00 -3.362E-01
  6.9807500E+03 -1.894E+00 -2.128E+00 -1.694E+00
  6.9812500E+03 -1.549E+00 -1.459E+00 -1.030E+00
  6.9817500E+03 -1.708E+00 -1.797E+00 -3.914E-01
  6.9822500E+03 -1.460E+00 -1.626E+00 -1.180E+00
  6.9827500E+03 -1.601E+00 -1.638E+00 -8.582E-01
  6.9832500E+03 -1.713E+00 -1.852E+00 -9.638E-01
  6.9837500E+03 -1.446E+00 -1.498E+00 -4.622E-01
  6.9842500E+03 -1.581E+00 -1.713E+00 -9.790E-01
  6.9847500E+03 -2.029E+00 -2.479E+00 -2.107E+00
  6.9852500E+03 -1.287E+00 -1.535E+00 -1.405E+00
  6.9857500E+03 -1.713E+00 -1.587E+00 -3.213E-01
  6.9862500E+03 -1.509E+00 -1.509E+00 -6.265E-01
  6.9867500E+03 -2.169E+00 -2.382E+00 -1.307E+00
  6.9872500E+03 -2.080E+00 -2.279E+00 -1.075E+00
  6.9877500E+03 -1.855E+00 -1.937E+00 -1.144E+00
  6.9882500E+03 -1.484E+00 -1.606E+00 -8.447E-01
  6.9887500E+03 -1.863E+00 -2.043E+00 -1.086E+00
  6.9892500E+03 -1.466E+00 -1.600E+00 -1.062E+00
  6.9897500E+03 -1.208E+00 -1.377E+00 -9.050E-01
  6.9902500E+03 -1.333E+00 -1.495E+00 -1.281E+00
  6.9907500E+03 -1.545E+00 -1.514E+00 -3.662E-01
  6.9912500E+03 -1.330E+00 -1.470E+00 -7.981E-01
  6.9917500E+03 -1.605E+00 -1.710E+00 -1.223E+00
  6.9922500E+03 -1.594E+00 -1.734E+00 -9.311E-01
  6.9927500E+03 -2.058E+00 -2.181E+00 -1.170E+00
  6.9932500E+03 -2.233E+00 -2.355E+00 -1.198E+00
  6.9937500E+03 -1.833E+00 -1.819E+00 -4.161E-01
  6.9942500E+03 -1.891E+00 -1.927E+00 -1.005E+00
  6.9947500E+03 -1.713E+00 -1.810E+00 -5.586E-01
  6.9952500E+03 -1.992E+00 -2.034E+00 -6.958E-01
  6.9957500E+03 -1.420E+00 -1.536E+00 -1.054E+00
  6.9962500E+03 -1.288E+00 -1.383E+00 -4.602E-01
  6.9967500E+03 -1.747E+00 -1.739E+00 -4.601E-01
  6.9972500E+03 -1.441E+00 -1.487E+00 -6.569E-01
  6.9977500E+03 -1.567E+00 -1.584E+00 -5.425E-01
  6.9982500E+03 -2.098E+00 -1.883E+00  1.920E-01
  6.9987500E+03 -1.362E+00 -1.384E+00 -9.408E-01
  6.9992500E+03 -1.625E+00 -1.898E+00 -1.650E+00
  6.9997500E+03 -1.842E+00 -1.917E+00 -8.998E-01
  7.0002500E+03 -2.449E+00 -2.520E+00 -1.012E+00
  7.0007500E+03 -1.914E+00 -1.877E+00 -4.895E-01
  7.0012500E+03 -1.924E+00 -2.026E+00 -1.203E+00
  7.0017500E+03 -1.349E+00 -1.535E+00 -1.276E+00
  7.0022500E+03 -1.628E+00 -1.692E+00 -8.487E-01
  7.0027500E+03 -1.733E+00 -1.775E+00 -8.873E-01
  7.0032500E+03 -2.048E+00 -2.122E+00 -6.016E-01
  7.0037500E+03 -1.695E+00 -1.718E+00 -6.318E-01
  7.0042500E+03 -1.773E+00 -1.850E+00 -8.047E-01
  7.0047500E+03 -1.798E+00 -1.855E+00 -8.809E-01
  7.0052500E+03 -1.503E+00 -1.468E+00 -5.012E-01
  7.0057500E+03 -1.161E+00 -1.274E+00 -8.227E-01
  7.0062500E+03 -7.095E-01 -8.705E-01 -8.864E-01
  7.0067500E+03 -1.703E+00 -1.729E+00 -6.730E-01
  7.0072500E+03 -1.571E+00 -1.577E+00 -5.117E-01
  7.0077500E+03 -1.681E+00 -1.823E+00 -7.733E-01
  7.0082500E+03 -1.992E+00 -2.178E+00 -1.140E+00
  7.0087500E+03 -1.059E+00 -1.243E+00 -1.342E+00
  7.0092500E+03 -1.843E+00 -1.835E+00 -5.835E-01
  7.0097500E+03 -1.541E+00 -1.682E+00 -1.127E+00
  7.0102500E+03 -9.200E-01 -1.191E+00 -1.439E+00
  7.0107500E+03 -7.889E-01 -8.877E-01 -6.511E-01
  7.0112500E+03 -1.709E+00 -1.665E+00 -3.023E-01
  7.0117500E+03 -1.911E+00 -2.066E+00 -1.253E+00
  7.0122500E+03 -1.684E+00 -1.700E+00 -7.840E-01
  7.0127500E+03 -1.746E+00 -1.738E+00 -4.975E-01
  7.0132500E+03 -1.209E+00 -1.357E+00 -8.635E-01
  7.0137500E+03 -1.539E+00 -1.645E+00 -9.568E-01
  7.0142500E+03 -1.429E+00 -1.433E+00 -6.852E-01
  7.0147500E+03 -1.733E+00 -1.961E+00 -1.172E+00
  7.0152500E+03 -1.878E+00 -2.144E+00 -1.296E+00
  7.0157500E+03 -1.504E+00 -1.515E+00 -6.440E-01
  7.0162500E+03 -1.032E+00 -1.148E+00 -1.004E+00
  7.0167500E+03 -1.786E+00 -1.901E+00 -7.639E-01
  7.0172500E+03 -1.726E+00 -1.741E+00 -5.489E-01
  7.0177500E+03 -1.229E+00 -1.299E+00 -7.230E-01
  7.0182500E+03 -1.132E+00 -1.219E+00 -9.712E-01
  7.0187500E+03 -1.473E+00 -1.569E+00 -8.047E-01
  7.0192500E+03 -1.684E+00 -1.738E+00 -8.308E-01
  7.0197500E+03 -2.073E+00 -1.959E+00 -5.698E-01
  7.0202500E+03 -1.503E+00 -1.509E+00 -9.000E-01
  7.0207500E+03 -1.263E+00 -1.437E+00 -9.927E-01
  7.0212500E+03 -1.673E+00 -1.891E+00 -1.178E+00
  7.0217500E+03 -1.756E+00 -1.788E+00 -5.584E-01
  7.0222500E+03 -1.019E+00 -1.046E+00 -3.794E-01
  7.0227500E+03 -1.189E+00 -1.390E+00 -1.133E+00
  7.0232500E+03 -1.655E+00 -1.748E+00 -7.868E-01
  7.0237500E+03 -1.141E+00 -1.175E+00 -5.926E-01
  7.0242500E+03 -1.605E+00 -1.671E+00 -6.961E-01
  7.0247500E+03 -1.539E+00 -1.752E+00 -1.185E+00
  7.0252500E+03 -1.529E+00 -1.641E+00 -1.074E+00
  7.0257500E+03 -1.446E+00 -1.417E+00 -5.545E-01
  7.0262500E+03 -1.489E+00 -1.579E+00 -8.997E-01
  7.0267500E+03 -1.351E+00 -1.472E+00 -1.009E+00
  7.0272500E+03 -1.461E+00 -1.560E+00 -3.340E-01
  7.0277500E+03 -1.433E+00 -1.438E+00 -8.446E-01
  7.0282500E+03 -1.487E+00 -1.600E+00 -9.174E-01
  7.0287500E+03 -1.095E+00 -1.210E+00 -8.078E-01
  7.0292500E+03 -1.327E+00 -1.481E+00 -8.917E-01
  7.0297500E+03 -1.276E+00 -1.377E+00 -6.916E-01
  7.0302500E+03 -1.274E+00 -1.376E+00 -9.097E-01
  7.0307500E+03 -1.178E+00 -1.299E+00 -9.890E-01
  7.0312500E+03 -1.167E+00 -1.200E+00 -5.278E-01
  7.0317500E+03 -1.581E+00 -1.574E+00 -5.405E-01
  7.0322500E+03 -1.466E+00 -1.539E+00 -1.009E+00
  7.0327500E+03 -1.053E+00 -1.158E+00 -7.158E-01
  7.0332500E+03 -1.544E+00 -1.458E+00  8.046E-02
  7.0337500E+03 -1.443E+00 -1.377E+00 -4.959E-01
  7.0342500E+03 -1.978E+00 -2.039E+00 -7.850E-01
  7.0347500E+03 -1.472E+00 -1.557E+00 -5.133E-01
  7.0352500E+03 -1.179E+00 -1.348E+00 -9.575E-01
  7.0357500E+03 -1.226E+00 -1.367E+00 -1.150E+00
  7.0362500E+03 -1.788E+00 -1.805E+00 -7.323E-01
  7.0367500E+03 -1.392E+00 -1.599E+00 -8.762E-01
  7.0372500E+03 -1.110E+00 -1.264E+00 -7.613E-01
  7.0377500E+03 -1.742E+00 -1.738E+00 -5.063E-01
  7.0382500E+03 -1.729E+00 -1.934E+00 -1.365E+00
  7.0387500E+03 -1.769E+00 -1.852E+00 -7.879E-01
  7.0392500E+03 -9.992E-01 -9.560E-01 -5.464E-01
  7.0397500E+03 -9.879E-01 -1.134E+00 -8.717E-01
  7.0402500E+03 -1.244E+00 -1.358E+00 -5.868E-01
  7.0407500E+03 -1.846E+00 -2.012E+00 -1.312E+00
  7.0412500E+03 -1.178E+00 -1.269E+00 -1.163E+00
  7.0417500E+03 -1.466E+00 -1.542E+00 -3.803E-01
  7.0422500E+03 -1.416E+00 -1.416E+00 -7.082E-01
  7.0427500E+03 -1.386E+00 -1.476E+00 -7.238E-01
  7.0432500E+03 -1.063E+00 -1.244E+00 -1.175E+00
  7.0437500E+03 -1.557E+00 -1.662E+00 -6.544E-01
  7.0442500E+03 -1.644E+00 -1.707E+00 -5.212E-01
  7.0447500E+03 -1.260E+00 -1.262E+00 -5.281E-01
  7.0452500E+03 -1.189E+00 -1.400E+00 -1.173E+00
  7.0457500E+03 -1.266E+00 -1.378E+00 -9.338E-01
  7.0462500E+03 -1.742E+00 -1.785E+00 -7.335E-01
  7.0467500E+03 -1.527E+00 -1.507E+00 -4.637E-01
  7.0472500E+03 -1.350E+00 -1.469E+00 -1.051E+00
  7.0477500E+03 -1.575E+00 -1.735E+00 -9.206E-01
  7.0482500E+03 -1.545E+00 -1.672E+00 -6.384E-01
  7.0487500E+03 -1.824E+00 -1.817E+00 -6.639E-01
  7.0492500E+03 -1.292E+00 -1.357E+00 -9.265E-01
