  2.4202500E+03 -0.000E+00 -0.000E+00  0.000E+00
  2.4207500E+03 -0.000E+00 -0.000E+00  0.000E+00
  2.4212500E+03 -0.000E+00 -0.000E+00  0.000E+00
  2.4217500E+03 -0.000E+00 -0.000E+00  0.000E+00
  2.4222500E+03 -0.000E+00 -0.000E+00  0.000E+00
  2.4227500E+03 -0.000E+00 -0.000E+00  0.000E+00
  2.4232500E+03 -0.000E+00 -0.000E+00  0.000E+00
  2.4237500E+03 -0.000E+00 -0.000E+00  0.000E+00
  2.4242500E+03 -0.000E+00 -0.000E+00  0.000E+00
  2.4247500E+03 -0.000E+00 -0.000E+00  0.000E+00
  2.4252500E+03 -0.000E+00 -0.000E+00  0.000E+00
  2.4257500E+03 -0.000E+00 -0.000E+00  0.000E+00
  2.4262500E+03 -0.000E+00 -0.000E+00  0.000E+00
  2.4267500E+03 -0.000E+00 -0.000E+00  0.000E+00
  2.4272500E+03 -0.000E+00 -0.000E+00  0.000E+00
  2.4277500E+03 -0.000E+00 -0.000E+00  0.000E+00
  2.4282500E+03 -0.000E+00 -0.000E+00  0.000E+00
  2.4287500E+03 -0.000E+00 -0.000E+00  0.000E+00
  2.4292500E+03 -0.000E+00 -0.000E+00  0.000E+00
  2.4297500E+03 -0.000E+00 -0.000E+00  0.000E+00
  2.4302500E+03 -0.000E+00 -0.000E+00  0.000E+00
  2.4307500E+03 -0.000E+00 -0.000E+00  0.000E+00
  2.4312500E+03 -0.000E+00 -0.000E+00  0.000E+00
  2.4317500E+03 -0.000E+00 -0.000E+00  0.000E+00
  2.4322500E+03 -0.000E+00 -0.000E+00  0.000E+00
  2.4327500E+03 -0.000E+00 -0.000E+00  0.000E+00
  2.4332500E+03 -0.000E+00 -0.000E+00  0.000E+00
  2.4337500E+03 -0.000E+00 -0.000E+00  0.000E+00
  2.4342500E+03 -0.000E+00 -0.000E+00  0.000E+00
  2.4347500E+03 -0.000E+00 -0.000E+00  0.000E+00
  2.4352500E+03 -0.000E+00 -0.000E+00  0.000E+00
  2.4357500E+03 -0.000E+00 -0.000E+00  0.000E+00
  2.4362500E+03 -0.000E+00 -0.000E+00  0.000E+00
  2.4367500E+03 -0.000E+00 -0.000E+00  0.000E+00
  2.4372500E+03 -0.000E+00 -0.000E+00  0.000E+00
  2.4377500E+03 -0.000E+00 -0.000E+00  0.000E+00
  2.4382500E+03 -0.000E+00 -0.000E+00  0.000E+00
  2.4387500E+03 -0.000E+00 -0.000E+00  0.000E+00
  2.4392500E+03 -0.000E+00 -0.000E+00  0.000E+00
  2.4397500E+03 -0.000E+00 -0.000E+00  0.000E+00
  2.4402500E+03 -0.000E+00 -0.000E+00  0.000E+00
  2.4407500E+03 -0.000E+00 -0.000E+00  0.000E+00
  2.4412500E+03 -0.000E+00 -0.000E+00  0.000E+00
  2.4417500E+03 -0.000E+00 -0.000E+00  0.000E+00
  2.4422500E+03 -0.000E+00 -0.000E+00  0.000E+00
  2.4427500E+03 -0.000E+00 -0.000E+00  0.000E+00
  2.4432500E+03 -0.000E+00 -0.000E+00  0.000E+00
  2.4437500E+03 -0.000E+00 -0.000E+00  0.000E+00
  2.4442500E+03 -0.000E+00 -0.000E+00  0.000E+00
  2.4447500E+03 -0.000E+00 -0.000E+00  0.000E+00
  2.4452500E+03 -0.000E+00 -0.000E+00  0.000E+00
  2.4457500E+03 -0.000E+00 -0.000E+00  0.000E+00
  2.4462500E+03 -0.000E+00 -0.000E+00  0.000E+00
  2.4467500E+03 -0.000E+00 -0.000E+00  0.000E+00
  2.4472500E+03 -0.000E+00 -0.000E+00  0.000E+00
  2.4477500E+03 -0.000E+00 -0.000E+00  0.000E+00
  2.4482500E+03 -0.000E+00 -0.000E+00  0.000E+00
  2.4487500E+03 -0.000E+00 -0.000E+00  0.000E+00
  2.4492500E+03 -0.000E+00 -0.000E+00  0.000E+00
  2.4497500E+03 -0.000E+00 -0.000E+00  0.000E+00
  2.4502500E+03 -0.000E+00 -0.000E+00  0.000E+00
  2.4507500E+03 -0.000E+00 -0.000E+00  0.000E+00
  2.4512500E+03 -0.000E+00 -0.000E+00  0.000E+00
  2.4517500E+03 -0.000E+00 -0.000E+00  0.000E+00
  2.4522500E+03 -0.000E+00 -0.000E+00  0.000E+00
  2.4527500E+03 -0.000E+00 -0.000E+00  0.000E+00
  2.4532500E+03 -0.000E+00 -0.000E+00  0.000E+00
  2.4537500E+03 -0.000E+00 -0.000E+00  0.000E+00
  2.4542500E+03 -0.000E+00 -0.000E+00  0.000E+00
  2.4547500E+03 -0.000E+00 -0.000E+00  0.000E+00
  2.4552500E+03 -0.000E+00 -0.000E+00  0.000E+00
  2.4557500E+03 -0.000E+00 -0.000E+00  0.000E+00
  2.4562500E+03 -0.000E+00 -0.000E+00  0.000E+00
  2.4567500E+03 -0.000E+00 -0.000E+00  0.000E+00
  2.4572500E+03 -0.000E+00 -0.000E+00  0.000E+00
  2.4577500E+03 -0.000E+00 -0.000E+00  0.000E+00
  2.4582500E+03 -0.000E+00 -0.000E+00  0.000E+00
  2.4587500E+03 -0.000E+00 -0.000E+00  0.000E+00
  2.4592500E+03 -0.000E+00 -0.000E+00  0.000E+00
  2.4597500E+03 -0.000E+00 -0.000E+00  0.000E+00
  2.4602500E+03 -0.000E+00 -0.000E+00  0.000E+00
  2.4607500E+03 -0.000E+00 -0.000E+00  0.000E+00
  2.4612500E+03 -0.000E+00 -0.000E+00  0.000E+00
  2.4617500E+03 -0.000E+00 -0.000E+00  0.000E+00
  2.4622500E+03 -0.000E+00 -0.000E+00  0.000E+00
  2.4627500E+03 -0.000E+00 -0.000E+00  0.000E+00
  2.4632500E+03 -0.000E+00 -0.000E+00  0.000E+00
  2.4637500E+03 -0.000E+00 -0.000E+00  0.000E+00
  2.4642500E+03 -0.000E+00 -0.000E+00  0.000E+00
  2.4647500E+03 -0.000E+00 -0.000E+00  0.000E+00
  2.4652500E+03 -0.000E+00 -0.000E+00  0.000E+00
  2.4657500E+03 -0.000E+00 -0.000E+00  0.000E+00
  2.4662500E+03 -0.000E+00 -0.000E+00  0.000E+00
  2.4667500E+03 -0.000E+00 -0.000E+00  0.000E+00
  2.4672500E+03 -0.000E+00 -0.000E+00  0.000E+00
  2.4677500E+03 -0.000E+00 -0.000E+00  0.000E+00
  2.4682500E+03 -0.000E+00 -0.000E+00  0.000E+00
  2.4687500E+03 -0.000E+00 -0.000E+00  0.000E+00
  2.4692500E+03 -0.000E+00 -0.000E+00  0.000E+00
  2.4697500E+03 -0.000E+00 -0.000E+00  0.000E+00
  2.4702500E+03 -0.000E+00 -0.000E+00  0.000E+00
  2.4707500E+03 -0.000E+00 -0.000E+00  0.000E+00
  2.4712500E+03 -0.000E+00 -0.000E+00  0.000E+00
  2.4717500E+03 -0.000E+00 -0.000E+00  0.000E+00
  2.4722500E+03 -0.000E+00 -0.000E+00  0.000E+00
  2.4727500E+03 -0.000E+00 -0.000E+00  0.000E+00
  2.4732500E+03 -0.000E+00 -0.000E+00  0.000E+00
  2.4737500E+03 -0.000E+00 -0.000E+00  0.000E+00
  2.4742500E+03 -0.000E+00 -0.000E+00  0.000E+00
  2.4747500E+03 -0.000E+00 -0.000E+00  0.000E+00
  2.4752500E+03 -0.000E+00 -0.000E+00  0.000E+00
  2.4757500E+03 -0.000E+00 -0.000E+00  0.000E+00
  2.4762500E+03 -0.000E+00 -0.000E+00  0.000E+00
  2.4767500E+03 -0.000E+00 -0.000E+00  0.000E+00
  2.4772500E+03 -0.000E+00 -0.000E+00  0.000E+00
  2.4777500E+03 -0.000E+00 -0.000E+00  0.000E+00
  2.4782500E+03 -0.000E+00 -0.000E+00  0.000E+00
  2.4787500E+03 -0.000E+00 -0.000E+00  0.000E+00
  2.4792500E+03 -0.000E+00 -0.000E+00  0.000E+00
  2.4797500E+03 -0.000E+00 -0.000E+00  0.000E+00
  2.4802500E+03 -0.000E+00 -0.000E+00  0.000E+00
  2.4807500E+03 -0.000E+00 -0.000E+00  0.000E+00
  2.4812500E+03 -0.000E+00 -0.000E+00  0.000E+00
  2.4817500E+03 -0.000E+00 -0.000E+00  0.000E+00
  2.4822500E+03 -0.000E+00 -0.000E+00  0.000E+00
  2.4827500E+03 -0.000E+00 -0.000E+00  0.000E+00
  2.4832500E+03 -0.000E+00 -0.000E+00  0.000E+00
  2.4837500E+03 -0.000E+00 -0.000E+00  0.000E+00
  2.4842500E+03 -0.000E+00 -0.000E+00  0.000E+00
  2.4847500E+03 -0.000E+00 -0.000E+00  0.000E+00
  2.4852500E+03 -0.000E+00 -0.000E+00  0.000E+00
  2.4857500E+03 -0.000E+00 -0.000E+00  0.000E+00
  2.4862500E+03 -0.000E+00 -0.000E+00  0.000E+00
  2.4867500E+03 -0.000E+00 -0.000E+00  0.000E+00
  2.4872500E+03 -0.000E+00 -0.000E+00  0.000E+00
  2.4877500E+03 -0.000E+00 -0.000E+00  0.000E+00
  2.4882500E+03 -0.000E+00 -0.000E+00  0.000E+00
  2.4887500E+03 -0.000E+00 -0.000E+00  0.000E+00
  2.4892500E+03 -0.000E+00 -0.000E+00  0.000E+00
  2.4897500E+03 -0.000E+00 -0.000E+00  0.000E+00
  2.4902500E+03 -0.000E+00 -0.000E+00  0.000E+00
  2.4907500E+03 -0.000E+00 -0.000E+00  0.000E+00
  2.4912500E+03 -0.000E+00 -0.000E+00  0.000E+00
  2.4917500E+03 -0.000E+00 -0.000E+00  0.000E+00
  2.4922500E+03 -0.000E+00 -0.000E+00  0.000E+00
  2.4927500E+03 -0.000E+00 -0.000E+00  0.000E+00
  2.4932500E+03 -0.000E+00 -0.000E+00  0.000E+00
  2.4937500E+03 -0.000E+00 -0.000E+00  0.000E+00
  2.4942500E+03 -0.000E+00 -0.000E+00  0.000E+00
  2.4947500E+03 -0.000E+00 -0.000E+00  0.000E+00
  2.4952500E+03 -0.000E+00 -0.000E+00  0.000E+00
  2.4957500E+03 -0.000E+00 -0.000E+00  0.000E+00
  2.4962500E+03 -0.000E+00 -0.000E+00  0.000E+00
  2.4967500E+03 -0.000E+00 -0.000E+00  0.000E+00
  2.4972500E+03 -0.000E+00 -0.000E+00  0.000E+00
  2.4977500E+03 -0.000E+00 -0.000E+00  0.000E+00
  2.4982500E+03 -0.000E+00 -0.000E+00  0.000E+00
  2.4987500E+03 -0.000E+00 -0.000E+00  0.000E+00
  2.4992500E+03 -0.000E+00 -0.000E+00  0.000E+00
  2.4997500E+03 -0.000E+00 -0.000E+00  0.000E+00
  2.5002500E+03 -0.000E+00 -0.000E+00  0.000E+00
  2.5007500E+03 -0.000E+00 -0.000E+00  0.000E+00
  2.5012500E+03 -0.000E+00 -0.000E+00  0.000E+00
  2.5017500E+03 -0.000E+00 -0.000E+00  0.000E+00
  2.5022500E+03 -0.000E+00 -0.000E+00  0.000E+00
  2.5027500E+03 -0.000E+00 -0.000E+00  0.000E+00
  2.5032500E+03 -0.000E+00 -0.000E+00  0.000E+00
  2.5037500E+03 -0.000E+00 -0.000E+00  0.000E+00
  2.5042500E+03 -0.000E+00 -0.000E+00  0.000E+00
  2.5047500E+03 -0.000E+00 -0.000E+00  0.000E+00
  2.5052500E+03 -0.000E+00 -0.000E+00  0.000E+00
  2.5057500E+03 -0.000E+00 -0.000E+00  0.000E+00
  2.5062500E+03 -0.000E+00 -0.000E+00  0.000E+00
  2.5067500E+03 -0.000E+00 -0.000E+00  0.000E+00
  2.5072500E+03 -0.000E+00 -0.000E+00  0.000E+00
  2.5077500E+03 -0.000E+00 -0.000E+00  0.000E+00
  2.5082500E+03 -0.000E+00 -0.000E+00  0.000E+00
  2.5087500E+03 -0.000E+00 -0.000E+00  0.000E+00
  2.5092500E+03 -0.000E+00 -0.000E+00  0.000E+00
  2.5097500E+03 -0.000E+00 -0.000E+00  0.000E+00
  2.5102500E+03 -0.000E+00 -0.000E+00  0.000E+00
  2.5107500E+03 -0.000E+00 -0.000E+00  0.000E+00
  2.5112500E+03 -0.000E+00 -0.000E+00  0.000E+00
  2.5117500E+03 -0.000E+00 -0.000E+00  0.000E+00
  2.5122500E+03 -0.000E+00 -0.000E+00  0.000E+00
  2.5127500E+03 -0.000E+00 -0.000E+00  0.000E+00
  2.5132500E+03 -0.000E+00 -0.000E+00  0.000E+00
  2.5137500E+03 -0.000E+00 -0.000E+00  0.000E+00
  2.5142500E+03 -0.000E+00 -0.000E+00  0.000E+00
  2.5147500E+03 -0.000E+00 -0.000E+00  0.000E+00
  2.5152500E+03 -0.000E+00 -0.000E+00  0.000E+00
  2.5157500E+03 -0.000E+00 -0.000E+00  0.000E+00
  2.5162500E+03 -0.000E+00 -0.000E+00  0.000E+00
  2.5167500E+03 -0.000E+00 -0.000E+00  0.000E+00
  2.5172500E+03 -0.000E+00 -0.000E+00  0.000E+00
  2.5177500E+03 -0.000E+00 -0.000E+00  0.000E+00
  2.5182500E+03 -0.000E+00 -0.000E+00  0.000E+00
  2.5187500E+03 -0.000E+00 -0.000E+00  0.000E+00
  2.5192500E+03 -0.000E+00 -0.000E+00  0.000E+00
  2.5197500E+03 -0.000E+00 -0.000E+00  0.000E+00
  2.5202500E+03 -0.000E+00 -0.000E+00  0.000E+00
  2.5207500E+03 -0.000E+00 -0.000E+00  0.000E+00
  2.5212500E+03 -0.000E+00 -0.000E+00  0.000E+00
  2.5217500E+03 -0.000E+00 -0.000E+00  0.000E+00
  2.5222500E+03 -0.000E+00 -0.000E+00  0.000E+00
  2.5227500E+03 -0.000E+00 -0.000E+00  0.000E+00
  2.5232500E+03 -0.000E+00 -0.000E+00  0.000E+00
  2.5237500E+03 -0.000E+00 -0.000E+00  0.000E+00
  2.5242500E+03 -0.000E+00 -0.000E+00  0.000E+00
  2.5247500E+03 -0.000E+00 -0.000E+00  0.000E+00
  2.5252500E+03 -0.000E+00 -0.000E+00  0.000E+00
  2.5257500E+03 -0.000E+00 -0.000E+00  0.000E+00
  2.5262500E+03 -0.000E+00 -0.000E+00  0.000E+00
  2.5267500E+03 -0.000E+00 -0.000E+00  0.000E+00
  2.5272500E+03 -0.000E+00 -0.000E+00  0.000E+00
  2.5277500E+03 -0.000E+00 -0.000E+00  0.000E+00
  2.5282500E+03 -0.000E+00 -0.000E+00  0.000E+00
  2.5287500E+03 -0.000E+00 -0.000E+00  0.000E+00
  2.5292500E+03 -0.000E+00 -0.000E+00  0.000E+00
  2.5297500E+03 -0.000E+00 -0.000E+00  0.000E+00
  2.5302500E+03 -0.000E+00 -0.000E+00  0.000E+00
  2.5307500E+03 -0.000E+00 -0.000E+00  0.000E+00
  2.5312500E+03 -0.000E+00 -0.000E+00  0.000E+00
  2.5317500E+03 -0.000E+00 -0.000E+00  0.000E+00
  2.5322500E+03 -0.000E+00 -0.000E+00  0.000E+00
  2.5327500E+03 -0.000E+00 -0.000E+00  0.000E+00
  2.5332500E+03 -0.000E+00 -0.000E+00  0.000E+00
  2.5337500E+03  3.507E-03  1.976E-04 -1.170E-02
  2.5342500E+03  2.330E-02  1.955E-02 -1.645E-03
  2.5347500E+03 -1.957E-02 -1.065E-02  2.021E-02
  2.5352500E+03  1.083E-02  8.800E-03 -1.933E-04
  2.5357500E+03 -3.379E-03 -2.961E-03  8.020E-04
  2.5362500E+03 -1.484E-02 -1.399E-02 -5.535E-03
  2.5367500E+03 -7.605E-03 -6.508E-03 -3.067E-04
  2.5372500E+03 -7.925E-03 -5.031E-03  3.960E-03
  2.5377500E+03 -1.800E-02 -9.621E-03  1.803E-02
  2.5382500E+03  3.784E-04  4.960E-04  1.005E-03
  2.5387500E+03  1.557E-03  3.568E-03  6.793E-03
  2.5392500E+03 -2.266E-02 -1.537E-02  3.791E-03
  2.5397500E+03 -3.289E-03 -2.799E-03  2.674E-04
  2.5402500E+03  1.827E-03  6.083E-04 -4.399E-03
  2.5407500E+03 -4.162E-02 -2.792E-02  7.552E-03
  2.5412500E+03  5.735E-02  2.703E-02 -7.158E-02
  2.5417500E+03  1.087E-02  6.494E-03  2.998E-03
  2.5422500E+03  1.881E-02  1.705E-02  1.763E-02
  2.5427500E+03 -9.907E-03 -1.053E-03  3.029E-02
  2.5432500E+03  2.432E-02  2.180E-02  4.588E-03
  2.5437500E+03 -9.237E-03 -6.885E-03  3.997E-03
  2.5442500E+03 -1.704E-02 -1.409E-02  8.963E-04
  2.5447500E+03  3.628E-03  1.256E-03 -8.412E-03
  2.5452500E+03  6.985E-03  6.800E-03  2.887E-03
  2.5457500E+03 -6.168E-04  2.863E-04  3.622E-03
  2.5462500E+03  2.041E-03  3.984E-03  8.030E-03
  2.5467500E+03  2.905E-02  2.643E-02  2.413E-03
  2.5472500E+03 -3.642E-03 -4.214E-03 -5.002E-03
  2.5477500E+03 -3.164E-03 -7.492E-03 -2.152E-02
  2.5482500E+03  4.535E-02  5.447E-02  5.901E-02
  2.5487500E+03 -1.141E-02 -2.867E-03  2.554E-02
  2.5492500E+03  2.431E-02  2.010E-02 -5.339E-03
  2.5497500E+03  7.749E-02  7.057E-02  1.543E-02
  2.5502500E+03  3.232E-02  4.008E-02  5.234E-02
  2.5507500E+03  1.042E-01  9.957E-02  3.732E-02
  2.5512500E+03  1.047E-01  1.133E-01  9.410E-02
  2.5517500E+03  7.264E-02  4.933E-02 -4.805E-02
  2.5522500E+03 -1.640E-02 -2.535E-02 -5.187E-02
  2.5527500E+03  2.920E-01  2.917E-01  1.615E-01
  2.5532500E+03  2.264E-01  3.145E-01  4.986E-01
  2.5537500E+03  1.899E-01  1.823E-01  8.460E-02
  2.5542500E+03  4.559E-01  4.452E-01  2.241E-01
  2.5547500E+03  1.923E-01  1.554E-01 -6.054E-02
  2.5552500E+03  3.175E-01  3.772E-01  4.239E-01
  2.5557500E+03  3.127E-01  2.511E-01 -7.582E-02
  2.5562500E+03  1.728E-01  2.092E-01  2.373E-01
  2.5567500E+03  1.170E+00  1.112E+00  4.051E-01
  2.5572500E+03  1.450E+00  1.455E+00  8.184E-01
  2.5577500E+03  4.593E-01  6.183E-01  9.031E-01
  2.5582500E+03  2.037E+00  2.112E+00  1.428E+00
  2.5587500E+03  2.574E+00  2.551E+00  1.318E+00
  2.5592500E+03  1.758E+00  1.822E+00  1.216E+00
  2.5597500E+03  2.572E+00  2.591E+00  1.472E+00
  2.5602500E+03  3.323E+00  3.386E+00  2.058E+00
  2.5607500E+03  3.691E+00  3.602E+00  1.627E+00
  2.5612500E+03  4.275E+00  4.497E+00  3.206E+00
  2.5617500E+03  5.743E+00  5.860E+00  3.555E+00
  2.5622500E+03  5.878E+00  5.862E+00  3.099E+00
  2.5627500E+03  7.027E+00  7.530E+00  5.819E+00
  2.5632500E+03  8.590E+00  8.751E+00  5.238E+00
  2.5637500E+03  1.381E+01  1.426E+01  9.174E+00
  2.5642500E+03  1.574E+01  1.604E+01  9.623E+00
  2.5647500E+03  1.813E+01  1.854E+01  1.127E+01
  2.5652500E+03  2.228E+01  2.294E+01  1.448E+01
  2.5657500E+03  2.626E+01  2.660E+01  1.524E+01
  2.5662500E+03  3.225E+01  3.240E+01  1.759E+01
  2.5667500E+03  3.571E+01  3.586E+01  1.933E+01
  2.5672500E+03  3.456E+01  3.655E+01  2.615E+01
  2.5677500E+03  4.051E+01  4.144E+01  2.487E+01
  2.5682500E+03  4.756E+01  4.916E+01  3.121E+01
  2.5687500E+03  5.562E+01  5.584E+01  2.973E+01
  2.5692500E+03  6.695E+01  6.814E+01  3.945E+01
  2.5697500E+03  7.074E+01  7.216E+01  4.226E+01
  2.5702500E+03  8.098E+01  8.256E+01  4.799E+01
  2.5707500E+03  8.371E+01  8.550E+01  5.020E+01
  2.5712500E+03  9.768E+01  9.927E+01  5.629E+01
  2.5717500E+03  1.077E+02  1.104E+02  6.588E+01
  2.5722500E+03  1.219E+02  1.232E+02  6.731E+01
  2.5727500E+03  1.221E+02  1.231E+02  6.582E+01
  2.5732500E+03  1.357E+02  1.388E+02  8.105E+01
  2.5737500E+03  1.425E+02  1.453E+02  8.306E+01
  2.5742500E+03  1.650E+02  1.680E+02  9.497E+01
  2.5747500E+03  1.791E+02  1.812E+02  9.829E+01
  2.5752500E+03  1.792E+02  1.822E+02  1.013E+02
  2.5757500E+03  1.999E+02  2.014E+02  1.055E+02
  2.5762500E+03  1.951E+02  1.999E+02  1.164E+02
  2.5767500E+03  2.207E+02  2.239E+02  1.222E+02
  2.5772500E+03  2.277E+02  2.297E+02  1.201E+02
  2.5777500E+03  2.412E+02  2.420E+02  1.220E+02
  2.5782500E+03  2.399E+02  2.428E+02  1.293E+02
  2.5787500E+03  2.393E+02  2.411E+02  1.240E+02
  2.5792500E+03  2.586E+02  2.622E+02  1.405E+02
  2.5797500E+03  2.748E+02  2.769E+02  1.419E+02
  2.5802500E+03  2.615E+02  2.664E+02  1.461E+02
  2.5807500E+03  2.886E+02  2.911E+02  1.492E+02
  2.5812500E+03  2.948E+02  2.979E+02  1.543E+02
  2.5817500E+03  2.865E+02  2.892E+02  1.480E+02
  2.5822500E+03  2.752E+02  2.800E+02  1.505E+02
  2.5827500E+03  2.940E+02  2.963E+02  1.488E+02
  2.5832500E+03  3.005E+02  3.036E+02  1.550E+02
  2.5837500E+03  2.934E+02  2.975E+02  1.551E+02
  2.5842500E+03  2.923E+02  2.968E+02  1.556E+02
  2.5847500E+03  3.089E+02  3.103E+02  1.504E+02
  2.5852500E+03  2.949E+02  2.960E+02  1.425E+02
  2.5857500E+03  2.843E+02  2.899E+02  1.549E+02
  2.5862500E+03  2.827E+02  2.850E+02  1.405E+02
  2.5867500E+03  2.997E+02  3.002E+02  1.402E+02
  2.5872500E+03  2.794E+02  2.852E+02  1.520E+02
  2.5877500E+03  2.610E+02  2.630E+02  1.277E+02
  2.5882500E+03  2.528E+02  2.575E+02  1.341E+02
  2.5887500E+03  2.771E+02  2.805E+02  1.402E+02
  2.5892500E+03  2.527E+02  2.562E+02  1.285E+02
  2.5897500E+03  2.477E+02  2.514E+02  1.266E+02
  2.5902500E+03  2.385E+02  2.391E+02  1.094E+02
  2.5907500E+03  2.386E+02  2.410E+02  1.166E+02
  2.5912500E+03  2.276E+02  2.288E+02  1.063E+02
  2.5917500E+03  2.136E+02  2.155E+02  1.023E+02
  2.5922500E+03  2.026E+02  2.046E+02  9.713E+01
  2.5927500E+03  1.931E+02  1.952E+02  9.339E+01
  2.5932500E+03  1.896E+02  1.945E+02  1.028E+02
  2.5937500E+03  1.751E+02  1.796E+02  9.463E+01
  2.5942500E+03  1.801E+02  1.841E+02  9.448E+01
  2.5947500E+03  1.721E+02  1.737E+02  8.053E+01
  2.5952500E+03  1.549E+02  1.592E+02  8.356E+01
  2.5957500E+03  1.470E+02  1.472E+02  6.362E+01
  2.5962500E+03  1.357E+02  1.381E+02  6.675E+01
  2.5967500E+03  1.268E+02  1.260E+02  4.961E+01
  2.5972500E+03  1.210E+02  1.238E+02  6.129E+01
  2.5977500E+03  1.154E+02  1.195E+02  6.385E+01
  2.5982500E+03  1.135E+02  1.127E+02  4.295E+01
  2.5987500E+03  9.431E+01  9.575E+01  4.433E+01
  2.5992500E+03  8.800E+01  9.129E+01  4.896E+01
  2.5997500E+03  9.200E+01  9.631E+01  5.471E+01
  2.6002500E+03  8.244E+01  8.215E+01  3.137E+01
  2.6007500E+03  6.591E+01  6.804E+01  3.341E+01
  2.6012500E+03  6.174E+01  6.462E+01  3.497E+01
  2.6017500E+03  6.469E+01  6.490E+01  2.550E+01
  2.6022500E+03  5.373E+01  5.598E+01  2.842E+01
  2.6027500E+03  5.388E+01  5.418E+01  2.082E+01
  2.6032500E+03  3.234E+01  3.439E+01  1.871E+01
  2.6037500E+03  4.043E+01  4.229E+01  2.165E+01
  2.6042500E+03  2.906E+01  3.149E+01  1.882E+01
  2.6047500E+03  2.666E+01  2.877E+01  1.627E+01
  2.6052500E+03  2.231E+01  2.063E+01 -1.086E+00
  2.6057500E+03  2.375E+01  2.488E+01  1.132E+01
  2.6062500E+03  8.506E+00  8.990E+00  2.285E+00
  2.6067500E+03  9.391E+00  1.058E+01  5.081E+00
  2.6072500E+03  9.433E+00  1.062E+01  5.344E+00
  2.6077500E+03  1.142E+01  9.883E+00 -5.161E+00
  2.6082500E+03 -1.061E+00  2.490E+00  1.007E+01
  2.6087500E+03  4.239E+00  6.222E+00  6.738E+00
  2.6092500E+03 -8.178E+00 -9.442E+00 -1.179E+01
  2.6097500E+03 -1.055E+01 -7.193E+00  5.409E+00
  2.6102500E+03 -1.385E+01 -1.391E+01 -9.844E+00
  2.6107500E+03 -6.145E+00 -6.169E+00 -6.013E+00
  2.6112500E+03 -1.038E-01 -3.909E+00 -1.876E+01
  2.6117500E+03 -1.468E+01 -1.373E+01 -5.637E+00
  2.6122500E+03 -1.875E+01 -1.665E+01 -4.094E+00
  2.6127500E+03 -2.078E+01 -2.153E+01 -1.521E+01
  2.6132500E+03 -2.054E+01 -1.942E+01 -7.538E+00
  2.6137500E+03 -2.125E+01 -2.099E+01 -1.121E+01
  2.6142500E+03 -2.382E+01 -2.216E+01 -6.430E+00
  2.6147500E+03 -2.346E+01 -2.368E+01 -1.390E+01
  2.6152500E+03 -2.447E+01 -2.482E+01 -1.470E+01
  2.6157500E+03 -2.587E+01 -2.469E+01 -9.245E+00
  2.6162500E+03 -2.584E+01 -2.651E+01 -1.661E+01
  2.6167500E+03 -3.099E+01 -2.972E+01 -1.091E+01
  2.6172500E+03 -3.474E+01 -3.357E+01 -1.311E+01
  2.6177500E+03 -3.065E+01 -3.120E+01 -1.785E+01
  2.6182500E+03 -2.935E+01 -2.985E+01 -1.672E+01
  2.6187500E+03 -3.259E+01 -3.226E+01 -1.564E+01
  2.6192500E+03 -4.093E+01 -3.891E+01 -1.187E+01
  2.6197500E+03 -3.079E+01 -3.104E+01 -1.621E+01
  2.6202500E+03 -3.029E+01 -3.116E+01 -1.914E+01
  2.6207500E+03 -2.891E+01 -3.017E+01 -1.994E+01
  2.6212500E+03 -4.076E+01 -3.814E+01 -9.532E+00
  2.6217500E+03 -3.722E+01 -3.665E+01 -1.612E+01
  2.6222500E+03 -3.565E+01 -3.430E+01 -1.198E+01
  2.6227500E+03 -4.172E+01 -4.194E+01 -2.112E+01
  2.6232500E+03 -3.355E+01 -3.468E+01 -2.091E+01
  2.6237500E+03 -3.329E+01 -3.353E+01 -1.733E+01
  2.6242500E+03 -3.291E+01 -3.393E+01 -2.051E+01
  2.6247500E+03 -4.084E+01 -3.939E+01 -1.463E+01
  2.6252500E+03 -3.718E+01 -3.871E+01 -2.435E+01
  2.6257500E+03 -3.688E+01 -3.758E+01 -2.077E+01
  2.6262500E+03 -3.708E+01 -3.661E+01 -1.616E+01
  2.6267500E+03 -3.813E+01 -3.685E+01 -1.282E+01
  2.6272500E+03 -4.116E+01 -4.056E+01 -1.749E+01
  2.6277500E+03 -3.512E+01 -3.629E+01 -2.176E+01
  2.6282500E+03 -3.634E+01 -3.613E+01 -1.679E+01
  2.6287500E+03 -4.232E+01 -4.177E+01 -1.768E+01
  2.6292500E+03 -3.391E+01 -3.484E+01 -2.019E+01
  2.6297500E+03 -3.794E+01 -3.831E+01 -1.974E+01
  2.6302500E+03 -3.586E+01 -3.579E+01 -1.706E+01
  2.6307500E+03 -3.742E+01 -3.710E+01 -1.647E+01
  2.6312500E+03 -3.326E+01 -3.445E+01 -2.041E+01
  2.6317500E+03 -3.863E+01 -3.809E+01 -1.620E+01
  2.6322500E+03 -3.777E+01 -3.797E+01 -1.866E+01
  2.6327500E+03 -4.009E+01 -4.046E+01 -2.049E+01
  2.6332500E+03 -3.697E+01 -3.775E+01 -2.086E+01
  2.6337500E+03 -3.459E+01 -3.619E+01 -2.348E+01
  2.6342500E+03 -3.853E+01 -4.029E+01 -2.536E+01
  2.6347500E+03 -4.307E+01 -4.335E+01 -2.123E+01
  2.6352500E+03 -3.605E+01 -3.514E+01 -1.304E+01
  2.6357500E+03 -3.511E+01 -3.475E+01 -1.565E+01
  2.6362500E+03 -3.539E+01 -3.642E+01 -2.103E+01
  2.6367500E+03 -3.677E+01 -3.522E+01 -1.097E+01
  2.6372500E+03 -3.579E+01 -3.576E+01 -1.679E+01
  2.6377500E+03 -3.691E+01 -3.688E+01 -1.719E+01
  2.6382500E+03 -3.910E+01 -3.992E+01 -2.165E+01
  2.6387500E+03 -3.724E+01 -3.761E+01 -1.930E+01
  2.6392500E+03 -3.856E+01 -3.700E+01 -1.184E+01
  2.6397500E+03 -3.937E+01 -3.809E+01 -1.340E+01
  2.6402500E+03 -3.751E+01 -3.782E+01 -1.880E+01
  2.6407500E+03 -3.545E+01 -3.586E+01 -1.860E+01
  2.6412500E+03 -3.608E+01 -3.656E+01 -1.881E+01
  2.6417500E+03 -3.793E+01 -3.763E+01 -1.673E+01
  2.6422500E+03 -3.400E+01 -3.496E+01 -1.978E+01
  2.6427500E+03 -3.098E+01 -3.305E+01 -2.320E+01
  2.6432500E+03 -3.779E+01 -3.796E+01 -1.823E+01
  2.6437500E+03 -3.373E+01 -3.394E+01 -1.703E+01
  2.6442500E+03 -3.209E+01 -3.313E+01 -1.944E+01
  2.6447500E+03 -3.952E+01 -3.923E+01 -1.708E+01
  2.6452500E+03 -3.610E+01 -3.548E+01 -1.401E+01
  2.6457500E+03 -3.599E+01 -3.533E+01 -1.406E+01
  2.6462500E+03 -3.371E+01 -3.413E+01 -1.723E+01
  2.6467500E+03 -3.610E+01 -3.613E+01 -1.705E+01
  2.6472500E+03 -3.276E+01 -3.452E+01 -2.267E+01
  2.6477500E+03 -3.421E+01 -3.498E+01 -1.905E+01
  2.6482500E+03 -3.545E+01 -3.587E+01 -1.848E+01
  2.6487500E+03 -3.446E+01 -3.423E+01 -1.520E+01
  2.6492500E+03 -3.260E+01 -3.301E+01 -1.704E+01
  2.6497500E+03 -3.675E+01 -3.553E+01 -1.207E+01
  2.6502500E+03 -3.637E+01 -3.572E+01 -1.418E+01
  2.6507500E+03 -3.294E+01 -3.340E+01 -1.738E+01
  2.6512500E+03 -3.322E+01 -3.387E+01 -1.785E+01
  2.6517500E+03 -2.878E+01 -3.019E+01 -1.916E+01
  2.6522500E+03 -3.038E+01 -3.104E+01 -1.691E+01
  2.6527500E+03 -3.271E+01 -3.373E+01 -1.913E+01
  2.6532500E+03 -2.963E+01 -2.992E+01 -1.514E+01
  2.6537500E+03 -3.166E+01 -3.237E+01 -1.756E+01
  2.6542500E+03 -3.203E+01 -3.189E+01 -1.440E+01
  2.6547500E+03 -3.411E+01 -3.358E+01 -1.362E+01
  2.6552500E+03 -3.375E+01 -3.389E+01 -1.630E+01
  2.6557500E+03 -3.360E+01 -3.368E+01 -1.594E+01
  2.6562500E+03 -3.177E+01 -3.169E+01 -1.454E+01
  2.6567500E+03 -3.587E+01 -3.538E+01 -1.461E+01
  2.6572500E+03 -3.004E+01 -3.171E+01 -2.034E+01
  2.6577500E+03 -3.078E+01 -3.149E+01 -1.740E+01
  2.6582500E+03 -3.225E+01 -3.163E+01 -1.243E+01
  2.6587500E+03 -3.221E+01 -3.154E+01 -1.291E+01
  2.6592500E+03 -3.172E+01 -3.138E+01 -1.362E+01
  2.6597500E+03 -2.843E+01 -2.921E+01 -1.630E+01
  2.6602500E+03 -2.950E+01 -3.025E+01 -1.662E+01
  2.6607500E+03 -2.935E+01 -2.908E+01 -1.225E+01
  2.6612500E+03 -2.978E+01 -3.024E+01 -1.529E+01
  2.6617500E+03 -2.911E+01 -3.048E+01 -1.943E+01
  2.6622500E+03 -3.474E+01 -3.412E+01 -1.352E+01
  2.6627500E+03 -3.019E+01 -3.079E+01 -1.646E+01
  2.6632500E+03 -3.123E+01 -3.152E+01 -1.568E+01
  2.6637500E+03 -2.659E+01 -2.764E+01 -1.678E+01
  2.6642500E+03 -3.079E+01 -3.149E+01 -1.753E+01
  2.6647500E+03 -3.136E+01 -3.194E+01 -1.680E+01
  2.6652500E+03 -2.904E+01 -2.897E+01 -1.307E+01
  2.6657500E+03 -3.094E+01 -3.139E+01 -1.531E+01
  2.6662500E+03 -2.925E+01 -2.931E+01 -1.355E+01
  2.6667500E+03 -3.045E+01 -2.997E+01 -1.211E+01
  2.6672500E+03 -2.996E+01 -3.099E+01 -1.825E+01
  2.6677500E+03 -2.972E+01 -2.984E+01 -1.377E+01
  2.6682500E+03 -2.861E+01 -2.922E+01 -1.593E+01
  2.6687500E+03 -2.755E+01 -2.825E+01 -1.583E+01
  2.6692500E+03 -2.914E+01 -2.919E+01 -1.345E+01
  2.6697500E+03 -2.908E+01 -3.080E+01 -2.018E+01
  2.6702500E+03 -2.876E+01 -2.971E+01 -1.716E+01
  2.6707500E+03 -2.889E+01 -2.907E+01 -1.406E+01
  2.6712500E+03 -2.553E+01 -2.672E+01 -1.674E+01
  2.6717500E+03 -2.748E+01 -2.815E+01 -1.575E+01
  2.6722500E+03 -2.813E+01 -2.777E+01 -1.320E+01
  2.6727500E+03 -2.937E+01 -3.028E+01 -1.691E+01
  2.6732500E+03 -2.957E+01 -2.914E+01 -1.183E+01
  2.6737500E+03 -2.717E+01 -2.776E+01 -1.430E+01
  2.6742500E+03 -2.505E+01 -2.516E+01 -1.187E+01
  2.6747500E+03 -2.688E+01 -2.661E+01 -1.146E+01
  2.6752500E+03 -2.588E+01 -2.519E+01 -9.474E+00
  2.6757500E+03 -2.986E+01 -2.974E+01 -1.329E+01
  2.6762500E+03 -2.807E+01 -2.859E+01 -1.496E+01
  2.6767500E+03 -2.792E+01 -2.750E+01 -1.122E+01
  2.6772500E+03 -2.882E+01 -2.852E+01 -1.189E+01
  2.6777500E+03 -2.222E+01 -2.302E+01 -1.379E+01
  2.6782500E+03 -2.588E+01 -2.595E+01 -1.249E+01
  2.6787500E+03 -2.709E+01 -2.765E+01 -1.462E+01
  2.6792500E+03 -2.663E+01 -2.715E+01 -1.427E+01
  2.6797500E+03 -2.653E+01 -2.636E+01 -1.143E+01
  2.6802500E+03 -2.638E+01 -2.609E+01 -1.054E+01
  2.6807500E+03 -2.473E+01 -2.518E+01 -1.326E+01
  2.6812500E+03 -2.598E+01 -2.676E+01 -1.537E+01
  2.6817500E+03 -2.445E+01 -2.478E+01 -1.250E+01
  2.6822500E+03 -2.545E+01 -2.493E+01 -9.546E+00
  2.6827500E+03 -2.383E+01 -2.472E+01 -1.458E+01
  2.6832500E+03 -2.485E+01 -2.577E+01 -1.557E+01
  2.6837500E+03 -2.691E+01 -2.712E+01 -1.383E+01
  2.6842500E+03 -2.396E+01 -2.395E+01 -1.119E+01
  2.6847500E+03 -2.344E+01 -2.386E+01 -1.248E+01
  2.6852500E+03 -2.433E+01 -2.528E+01 -1.512E+01
  2.6857500E+03 -2.505E+01 -2.570E+01 -1.435E+01
  2.6862500E+03 -2.522E+01 -2.516E+01 -1.143E+01
  2.6867500E+03 -2.551E+01 -2.601E+01 -1.388E+01
  2.6872500E+03 -2.628E+01 -2.605E+01 -1.133E+01
  2.6877500E+03 -2.478E+01 -2.588E+01 -1.562E+01
  2.6882500E+03 -2.541E+01 -2.506E+01 -1.024E+01
  2.6887500E+03 -2.283E+01 -2.321E+01 -1.222E+01
  2.6892500E+03 -2.314E+01 -2.335E+01 -1.159E+01
  2.6897500E+03 -2.377E+01 -2.386E+01 -1.116E+01
  2.6902500E+03 -2.461E+01 -2.356E+01 -7.612E+00
  2.6907500E+03 -2.582E+01 -2.585E+01 -1.194E+01
  2.6912500E+03 -2.328E+01 -2.429E+01 -1.490E+01
  2.6917500E+03 -2.625E+01 -2.631E+01 -1.256E+01
  2.6922500E+03 -2.309E+01 -2.354E+01 -1.222E+01
  2.6927500E+03 -2.470E+01 -2.555E+01 -1.482E+01
  2.6932500E+03 -2.418E+01 -2.491E+01 -1.373E+01
  2.6937500E+03 -2.283E+01 -2.361E+01 -1.356E+01
  2.6942500E+03 -2.528E+01 -2.438E+01 -8.166E+00
  2.6947500E+03 -2.292E+01 -2.352E+01 -1.315E+01
  2.6952500E+03 -2.190E+01 -2.247E+01 -1.234E+01
  2.6957500E+03 -2.543E+01 -2.538E+01 -1.122E+01
  2.6962500E+03 -2.478E+01 -2.451E+01 -1.041E+01
  2.6967500E+03 -2.326E+01 -2.334E+01 -1.101E+01
  2.6972500E+03 -2.158E+01 -2.188E+01 -1.077E+01
  2.6977500E+03 -2.199E+01 -2.180E+01 -9.086E+00
  2.6982500E+03 -2.219E+01 -2.228E+01 -1.077E+01
  2.6987500E+03 -2.372E+01 -2.396E+01 -1.201E+01
  2.6992500E+03 -2.195E+01 -2.285E+01 -1.363E+01
  2.6997500E+03 -2.482E+01 -2.478E+01 -1.098E+01
  2.7002500E+03 -2.277E+01 -2.317E+01 -1.237E+01
  2.7007500E+03 -2.139E+01 -2.218E+01 -1.313E+01
  2.7012500E+03 -2.162E+01 -2.112E+01 -7.662E+00
  2.7017500E+03 -2.279E+01 -2.294E+01 -1.119E+01
  2.7022500E+03 -2.362E+01 -2.395E+01 -1.217E+01
  2.7027500E+03 -2.136E+01 -2.102E+01 -8.707E+00
  2.7032500E+03 -1.916E+01 -2.009E+01 -1.268E+01
  2.7037500E+03 -2.203E+01 -2.196E+01 -9.790E+00
  2.7042500E+03 -2.199E+01 -2.205E+01 -1.046E+01
  2.7047500E+03 -2.320E+01 -2.359E+01 -1.204E+01
  2.7052500E+03 -2.063E+01 -2.124E+01 -1.205E+01
  2.7057500E+03 -2.177E+01 -2.231E+01 -1.232E+01
  2.7062500E+03 -2.135E+01 -2.153E+01 -1.071E+01
  2.7067500E+03 -2.074E+01 -2.142E+01 -1.228E+01
  2.7072500E+03 -2.130E+01 -2.150E+01 -1.049E+01
  2.7077500E+03 -2.247E+01 -2.238E+01 -9.770E+00
  2.7082500E+03 -2.277E+01 -2.247E+01 -9.440E+00
  2.7087500E+03 -2.173E+01 -2.213E+01 -1.177E+01
  2.7092500E+03 -2.089E+01 -2.101E+01 -9.826E+00
  2.7097500E+03 -1.975E+01 -2.014E+01 -1.080E+01
  2.7102500E+03 -2.135E+01 -2.091E+01 -7.923E+00
  2.7107500E+03 -1.971E+01 -1.996E+01 -9.826E+00
  2.7112500E+03 -2.050E+01 -2.036E+01 -8.867E+00
  2.7117500E+03 -2.064E+01 -2.119E+01 -1.181E+01
  2.7122500E+03 -1.948E+01 -2.004E+01 -1.159E+01
  2.7127500E+03 -1.889E+01 -1.912E+01 -9.788E+00
  2.7132500E+03 -1.948E+01 -2.037E+01 -1.225E+01
  2.7137500E+03 -1.891E+01 -1.983E+01 -1.267E+01
  2.7142500E+03 -1.967E+01 -2.030E+01 -1.175E+01
  2.7147500E+03 -2.143E+01 -2.114E+01 -8.593E+00
  2.7152500E+03 -2.235E+01 -2.243E+01 -1.031E+01
  2.7157500E+03 -1.807E+01 -1.935E+01 -1.339E+01
  2.7162500E+03 -1.924E+01 -1.945E+01 -1.044E+01
  2.7167500E+03 -2.134E+01 -2.165E+01 -9.653E+00
  2.7172500E+03 -2.000E+01 -2.070E+01 -1.161E+01
  2.7177500E+03 -1.998E+01 -2.000E+01 -9.237E+00
  2.7182500E+03 -2.052E+01 -2.048E+01 -9.000E+00
  2.7187500E+03 -2.025E+01 -1.982E+01 -8.149E+00
  2.7192500E+03 -2.105E+01 -2.065E+01 -8.690E+00
  2.7197500E+03 -1.760E+01 -1.841E+01 -1.171E+01
  2.7202500E+03 -1.805E+01 -1.827E+01 -9.367E+00
  2.7207500E+03 -1.836E+01 -1.895E+01 -1.057E+01
  2.7212500E+03 -1.847E+01 -1.843E+01 -8.292E+00
  2.7217500E+03 -1.823E+01 -1.819E+01 -8.236E+00
  2.7222500E+03 -1.876E+01 -1.925E+01 -1.028E+01
  2.7227500E+03 -1.944E+01 -1.921E+01 -8.289E+00
  2.7232500E+03 -1.862E+01 -1.903E+01 -1.000E+01
  2.7237500E+03 -1.916E+01 -1.916E+01 -8.881E+00
  2.7242500E+03 -1.839E+01 -1.856E+01 -9.266E+00
  2.7247500E+03 -1.900E+01 -1.960E+01 -1.150E+01
  2.7252500E+03 -1.892E+01 -1.965E+01 -1.179E+01
  2.7257500E+03 -1.710E+01 -1.759E+01 -9.505E+00
  2.7262500E+03 -1.791E+01 -1.801E+01 -8.593E+00
  2.7267500E+03 -1.766E+01 -1.786E+01 -8.844E+00
  2.7272500E+03 -1.749E+01 -1.698E+01 -6.102E+00
  2.7277500E+03 -1.873E+01 -1.906E+01 -9.412E+00
  2.7282500E+03 -1.894E+01 -1.901E+01 -9.263E+00
  2.7287500E+03 -1.832E+01 -1.905E+01 -1.082E+01
  2.7292500E+03 -1.924E+01 -1.966E+01 -1.063E+01
  2.7297500E+03 -1.658E+01 -1.718E+01 -9.747E+00
  2.7302500E+03 -1.779E+01 -1.830E+01 -1.034E+01
  2.7307500E+03 -1.698E+01 -1.681E+01 -7.921E+00
  2.7312500E+03 -1.726E+01 -1.752E+01 -9.419E+00
  2.7317500E+03 -1.712E+01 -1.741E+01 -9.314E+00
  2.7322500E+03 -1.821E+01 -1.876E+01 -1.059E+01
  2.7327500E+03 -1.731E+01 -1.744E+01 -8.488E+00
  2.7332500E+03 -1.678E+01 -1.733E+01 -9.881E+00
  2.7337500E+03 -1.866E+01 -1.905E+01 -1.037E+01
  2.7342500E+03 -1.700E+01 -1.691E+01 -7.240E+00
  2.7347500E+03 -1.625E+01 -1.633E+01 -7.425E+00
  2.7352500E+03 -1.650E+01 -1.725E+01 -1.059E+01
  2.7357500E+03 -1.808E+01 -1.817E+01 -8.462E+00
  2.7362500E+03 -1.840E+01 -1.853E+01 -9.060E+00
  2.7367500E+03 -1.796E+01 -1.782E+01 -7.949E+00
  2.7372500E+03 -1.852E+01 -1.863E+01 -9.091E+00
  2.7377500E+03 -1.837E+01 -1.832E+01 -8.531E+00
  2.7382500E+03 -1.636E+01 -1.668E+01 -8.404E+00
  2.7387500E+03 -1.725E+01 -1.777E+01 -9.872E+00
  2.7392500E+03 -1.494E+01 -1.592E+01 -1.076E+01
  2.7397500E+03 -1.511E+01 -1.523E+01 -7.843E+00
  2.7402500E+03 -1.804E+01 -1.771E+01 -7.173E+00
  2.7407500E+03 -1.641E+01 -1.730E+01 -1.077E+01
  2.7412500E+03 -1.661E+01 -1.694E+01 -8.746E+00
  2.7417500E+03 -1.598E+01 -1.666E+01 -9.728E+00
  2.7422500E+03 -1.689E+01 -1.668E+01 -7.035E+00
  2.7427500E+03 -1.753E+01 -1.704E+01 -6.082E+00
  2.7432500E+03 -1.747E+01 -1.749E+01 -8.064E+00
  2.7437500E+03 -1.546E+01 -1.631E+01 -1.047E+01
  2.7442500E+03 -1.629E+01 -1.619E+01 -7.227E+00
  2.7447500E+03 -1.603E+01 -1.601E+01 -7.477E+00
  2.7452500E+03 -1.602E+01 -1.568E+01 -6.215E+00
  2.7457500E+03 -1.662E+01 -1.667E+01 -7.802E+00
  2.7462500E+03 -1.492E+01 -1.550E+01 -9.217E+00
  2.7467500E+03 -1.549E+01 -1.581E+01 -8.119E+00
  2.7472500E+03 -1.492E+01 -1.509E+01 -8.084E+00
  2.7477500E+03 -1.556E+01 -1.575E+01 -8.081E+00
  2.7482500E+03 -1.623E+01 -1.720E+01 -1.111E+01
  2.7487500E+03 -1.801E+01 -1.764E+01 -6.990E+00
  2.7492500E+03 -1.608E+01 -1.621E+01 -7.928E+00
  2.7497500E+03 -1.620E+01 -1.631E+01 -7.350E+00
  2.7502500E+03 -1.507E+01 -1.556E+01 -9.169E+00
  2.7507500E+03 -1.360E+01 -1.449E+01 -9.611E+00
  2.7512500E+03 -1.530E+01 -1.553E+01 -7.857E+00
  2.7517500E+03 -1.689E+01 -1.686E+01 -7.939E+00
  2.7522500E+03 -1.585E+01 -1.619E+01 -8.220E+00
  2.7527500E+03 -1.512E+01 -1.541E+01 -7.563E+00
  2.7532500E+03 -1.511E+01 -1.535E+01 -7.702E+00
  2.7537500E+03 -1.589E+01 -1.581E+01 -6.954E+00
  2.7542500E+03 -1.617E+01 -1.599E+01 -6.558E+00
  2.7547500E+03 -1.470E+01 -1.540E+01 -9.630E+00
  2.7552500E+03 -1.429E+01 -1.518E+01 -1.008E+01
  2.7557500E+03 -1.595E+01 -1.558E+01 -6.644E+00
  2.7562500E+03 -1.239E+01 -1.292E+01 -8.355E+00
  2.7567500E+03 -1.427E+01 -1.468E+01 -8.160E+00
  2.7572500E+03 -1.572E+01 -1.607E+01 -8.679E+00
  2.7577500E+03 -1.515E+01 -1.534E+01 -7.835E+00
  2.7582500E+03 -1.505E+01 -1.504E+01 -6.652E+00
  2.7587500E+03 -1.452E+01 -1.501E+01 -8.462E+00
  2.7592500E+03 -1.356E+01 -1.410E+01 -7.768E+00
  2.7597500E+03 -1.410E+01 -1.425E+01 -7.910E+00
  2.7602500E+03 -1.445E+01 -1.415E+01 -5.332E+00
  2.7607500E+03 -1.467E+01 -1.497E+01 -7.900E+00
  2.7612500E+03 -1.420E+01 -1.472E+01 -8.485E+00
  2.7617500E+03 -1.676E+01 -1.700E+01 -8.387E+00
  2.7622500E+03 -1.362E+01 -1.337E+01 -5.069E+00
  2.7627500E+03 -1.529E+01 -1.520E+01 -6.514E+00
  2.7632500E+03 -1.363E+01 -1.430E+01 -8.926E+00
  2.7637500E+03 -1.461E+01 -1.461E+01 -7.065E+00
  2.7642500E+03 -1.332E+01 -1.348E+01 -6.504E+00
  2.7647500E+03 -1.470E+01 -1.437E+01 -5.413E+00
  2.7652500E+03 -1.538E+01 -1.555E+01 -7.879E+00
  2.7657500E+03 -1.374E+01 -1.425E+01 -8.519E+00
  2.7662500E+03 -1.406E+01 -1.464E+01 -8.466E+00
  2.7667500E+03 -1.421E+01 -1.449E+01 -7.582E+00
  2.7672500E+03 -1.277E+01 -1.320E+01 -7.437E+00
  2.7677500E+03 -1.294E+01 -1.342E+01 -7.741E+00
  2.7682500E+03 -1.608E+01 -1.575E+01 -5.880E+00
  2.7687500E+03 -1.368E+01 -1.374E+01 -6.645E+00
  2.7692500E+03 -1.401E+01 -1.419E+01 -6.998E+00
  2.7697500E+03 -1.427E+01 -1.458E+01 -7.842E+00
  2.7702500E+03 -1.218E+01 -1.259E+01 -7.451E+00
  2.7707500E+03 -1.122E+01 -1.173E+01 -7.121E+00
  2.7712500E+03 -1.427E+01 -1.426E+01 -6.390E+00
  2.7717500E+03 -1.288E+01 -1.327E+01 -7.707E+00
  2.7722500E+03 -1.322E+01 -1.375E+01 -8.479E+00
  2.7727500E+03 -1.424E+01 -1.405E+01 -6.112E+00
  2.7732500E+03 -1.419E+01 -1.379E+01 -4.710E+00
  2.7737500E+03 -1.327E+01 -1.337E+01 -6.470E+00
  2.7742500E+03 -1.210E+01 -1.231E+01 -6.526E+00
  2.7747500E+03 -1.176E+01 -1.214E+01 -7.097E+00
  2.7752500E+03 -1.368E+01 -1.369E+01 -5.932E+00
  2.7757500E+03 -1.352E+01 -1.351E+01 -5.919E+00
  2.7762500E+03 -1.271E+01 -1.356E+01 -9.341E+00
  2.7767500E+03 -1.202E+01 -1.223E+01 -6.715E+00
  2.7772500E+03 -1.196E+01 -1.220E+01 -6.524E+00
  2.7777500E+03 -1.297E+01 -1.330E+01 -7.096E+00
  2.7782500E+03 -1.276E+01 -1.232E+01 -4.458E+00
  2.7787500E+03 -1.388E+01 -1.364E+01 -5.093E+00
  2.7792500E+03 -1.476E+01 -1.457E+01 -5.837E+00
  2.7797500E+03 -1.327E+01 -1.311E+01 -5.794E+00
  2.7802500E+03 -1.333E+01 -1.373E+01 -7.448E+00
  2.7807500E+03 -1.185E+01 -1.253E+01 -7.959E+00
  2.7812500E+03 -1.259E+01 -1.289E+01 -6.907E+00
  2.7817500E+03 -1.309E+01 -1.325E+01 -6.443E+00
  2.7822500E+03 -1.316E+01 -1.349E+01 -7.674E+00
  2.7827500E+03 -1.343E+01 -1.323E+01 -6.498E+00
  2.7832500E+03 -1.129E+01 -1.138E+01 -5.184E+00
  2.7837500E+03 -1.259E+01 -1.253E+01 -5.142E+00
  2.7842500E+03 -1.128E+01 -1.195E+01 -7.943E+00
  2.7847500E+03 -1.277E+01 -1.278E+01 -5.485E+00
  2.7852500E+03 -1.159E+01 -1.198E+01 -7.038E+00
  2.7857500E+03 -1.143E+01 -1.199E+01 -7.542E+00
  2.7862500E+03 -1.154E+01 -1.185E+01 -6.372E+00
  2.7867500E+03 -1.196E+01 -1.167E+01 -4.538E+00
  2.7872500E+03 -1.205E+01 -1.215E+01 -5.712E+00
  2.7877500E+03 -1.092E+01 -1.136E+01 -6.964E+00
  2.7882500E+03 -1.228E+01 -1.219E+01 -5.323E+00
  2.7887500E+03 -1.020E+01 -1.038E+01 -5.846E+00
  2.7892500E+03 -1.268E+01 -1.308E+01 -7.188E+00
  2.7897500E+03 -1.382E+01 -1.368E+01 -5.500E+00
  2.7902500E+03 -1.193E+01 -1.201E+01 -5.767E+00
  2.7907500E+03 -1.273E+01 -1.268E+01 -5.549E+00
  2.7912500E+03 -1.137E+01 -1.145E+01 -5.852E+00
  2.7917500E+03 -1.142E+01 -1.139E+01 -5.138E+00
  2.7922500E+03 -1.245E+01 -1.276E+01 -6.205E+00
  2.7927500E+03 -1.190E+01 -1.210E+01 -5.836E+00
  2.7932500E+03 -1.094E+01 -1.133E+01 -6.517E+00
  2.7937500E+03 -1.208E+01 -1.194E+01 -5.645E+00
  2.7942500E+03 -1.347E+01 -1.345E+01 -5.852E+00
  2.7947500E+03 -1.175E+01 -1.182E+01 -5.673E+00
  2.7952500E+03 -1.181E+01 -1.183E+01 -5.078E+00
  2.7957500E+03 -1.118E+01 -1.149E+01 -6.426E+00
  2.7962500E+03 -1.121E+01 -1.158E+01 -6.165E+00
  2.7967500E+03 -1.171E+01 -1.157E+01 -4.958E+00
  2.7972500E+03 -1.135E+01 -1.132E+01 -5.369E+00
  2.7977500E+03 -1.039E+01 -1.112E+01 -7.965E+00
  2.7982500E+03 -1.231E+01 -1.257E+01 -6.503E+00
  2.7987500E+03 -1.141E+01 -1.145E+01 -5.185E+00
  2.7992500E+03 -1.099E+01 -1.149E+01 -7.108E+00
  2.7997500E+03 -1.145E+01 -1.167E+01 -6.124E+00
  2.8002500E+03 -1.147E+01 -1.181E+01 -6.383E+00
  2.8007500E+03 -1.142E+01 -1.135E+01 -4.990E+00
  2.8012500E+03 -1.025E+01 -1.025E+01 -4.729E+00
  2.8017500E+03 -1.066E+01 -1.089E+01 -6.295E+00
  2.8022500E+03 -1.207E+01 -1.222E+01 -6.134E+00
  2.8027500E+03 -9.970E+00 -1.024E+01 -5.872E+00
  2.8032500E+03 -9.821E+00 -1.023E+01 -5.934E+00
  2.8037500E+03 -1.250E+01 -1.244E+01 -5.112E+00
  2.8042500E+03 -1.213E+01 -1.212E+01 -5.662E+00
  2.8047500E+03 -1.064E+01 -1.094E+01 -6.427E+00
  2.8052500E+03 -1.207E+01 -1.200E+01 -5.249E+00
  2.8057500E+03 -1.097E+01 -1.120E+01 -5.665E+00
  2.8062500E+03 -1.084E+01 -1.113E+01 -5.801E+00
  2.8067500E+03 -1.059E+01 -1.094E+01 -6.262E+00
  2.8072500E+03 -1.013E+01 -1.058E+01 -6.650E+00
  2.8077500E+03 -1.151E+01 -1.129E+01 -4.355E+00
  2.8082500E+03 -1.114E+01 -1.107E+01 -4.699E+00
  2.8087500E+03 -1.116E+01 -1.142E+01 -6.087E+00
  2.8092500E+03 -1.031E+01 -1.043E+01 -5.357E+00
  2.8097500E+03 -1.047E+01 -1.060E+01 -5.364E+00
  2.8102500E+03 -1.052E+01 -1.060E+01 -5.387E+00
  2.8107500E+03 -1.099E+01 -1.134E+01 -6.259E+00
  2.8112500E+03 -1.034E+01 -1.076E+01 -5.970E+00
  2.8117500E+03 -9.764E+00 -1.028E+01 -6.585E+00
  2.8122500E+03 -1.022E+01 -1.044E+01 -5.615E+00
  2.8127500E+03 -1.004E+01 -9.992E+00 -4.685E+00
  2.8132500E+03 -9.770E+00 -9.970E+00 -5.128E+00
  2.8137500E+03 -1.035E+01 -1.044E+01 -4.744E+00
  2.8142500E+03 -9.726E+00 -9.862E+00 -5.204E+00
  2.8147500E+03 -1.190E+01 -1.212E+01 -5.922E+00
  2.8152500E+03 -1.093E+01 -1.096E+01 -4.963E+00
  2.8157500E+03 -9.771E+00 -9.960E+00 -5.499E+00
  2.8162500E+03 -1.008E+01 -1.037E+01 -6.004E+00
  2.8167500E+03 -9.635E+00 -9.894E+00 -5.513E+00
  2.8172500E+03 -9.809E+00 -1.028E+01 -6.272E+00
  2.8177500E+03 -1.097E+01 -1.076E+01 -3.765E+00
  2.8182500E+03 -1.119E+01 -1.102E+01 -4.468E+00
  2.8187500E+03 -9.227E+00 -9.422E+00 -5.207E+00
  2.8192500E+03 -8.623E+00 -9.101E+00 -5.780E+00
  2.8197500E+03 -9.151E+00 -9.593E+00 -6.235E+00
  2.8202500E+03 -9.979E+00 -1.031E+01 -5.991E+00
  2.8207500E+03 -9.531E+00 -9.781E+00 -5.283E+00
  2.8212500E+03 -9.875E+00 -9.857E+00 -4.486E+00
  2.8217500E+03 -1.049E+01 -1.076E+01 -5.778E+00
  2.8222500E+03 -9.720E+00 -1.005E+01 -5.617E+00
  2.8227500E+03 -9.354E+00 -9.781E+00 -6.166E+00
  2.8232500E+03 -9.623E+00 -9.931E+00 -5.363E+00
  2.8237500E+03 -9.065E+00 -8.892E+00 -3.810E+00
  2.8242500E+03 -8.990E+00 -9.326E+00 -5.378E+00
  2.8247500E+03 -9.134E+00 -9.631E+00 -6.116E+00
  2.8252500E+03 -9.657E+00 -1.000E+01 -6.302E+00
  2.8257500E+03 -9.365E+00 -9.721E+00 -5.993E+00
  2.8262500E+03 -1.055E+01 -1.113E+01 -7.210E+00
  2.8267500E+03 -1.074E+01 -1.033E+01 -2.863E+00
  2.8272500E+03 -1.040E+01 -1.053E+01 -5.198E+00
  2.8277500E+03 -9.325E+00 -9.711E+00 -5.866E+00
  2.8282500E+03 -8.289E+00 -8.379E+00 -4.387E+00
  2.8287500E+03 -1.030E+01 -1.015E+01 -4.258E+00
  2.8292500E+03 -8.823E+00 -9.509E+00 -6.916E+00
  2.8297500E+03 -9.735E+00 -9.899E+00 -4.729E+00
  2.8302500E+03 -9.670E+00 -9.364E+00 -3.063E+00
  2.8307500E+03 -9.585E+00 -9.356E+00 -3.530E+00
  2.8312500E+03 -9.459E+00 -9.746E+00 -5.376E+00
  2.8317500E+03 -9.489E+00 -1.001E+01 -6.506E+00
  2.8322500E+03 -9.314E+00 -9.683E+00 -5.710E+00
  2.8327500E+03 -8.992E+00 -9.290E+00 -5.520E+00
  2.8332500E+03 -8.767E+00 -9.056E+00 -5.190E+00
  2.8337500E+03 -8.902E+00 -9.223E+00 -5.102E+00
  2.8342500E+03 -8.371E+00 -8.398E+00 -4.111E+00
  2.8347500E+03 -9.806E+00 -9.729E+00 -4.362E+00
  2.8352500E+03 -9.148E+00 -9.245E+00 -4.362E+00
  2.8357500E+03 -8.764E+00 -9.174E+00 -6.171E+00
  2.8362500E+03 -9.386E+00 -9.828E+00 -6.237E+00
  2.8367500E+03 -9.797E+00 -9.697E+00 -4.156E+00
  2.8372500E+03 -8.755E+00 -8.702E+00 -3.790E+00
  2.8377500E+03 -8.361E+00 -8.463E+00 -4.426E+00
  2.8382500E+03 -9.254E+00 -9.175E+00 -3.996E+00
  2.8387500E+03 -9.276E+00 -9.199E+00 -4.143E+00
  2.8392500E+03 -8.776E+00 -8.897E+00 -4.276E+00
  2.8397500E+03 -9.085E+00 -9.168E+00 -4.478E+00
  2.8402500E+03 -8.801E+00 -8.966E+00 -4.714E+00
  2.8407500E+03 -8.048E+00 -8.165E+00 -4.200E+00
  2.8412500E+03 -9.177E+00 -9.243E+00 -4.216E+00
  2.8417500E+03 -7.753E+00 -8.064E+00 -5.132E+00
  2.8422500E+03 -8.241E+00 -8.390E+00 -4.741E+00
  2.8427500E+03 -9.134E+00 -8.970E+00 -3.383E+00
  2.8432500E+03 -9.263E+00 -9.636E+00 -5.501E+00
  2.8437500E+03 -9.465E+00 -9.632E+00 -4.890E+00
  2.8442500E+03 -8.063E+00 -8.438E+00 -5.031E+00
  2.8447500E+03 -8.109E+00 -8.096E+00 -3.332E+00
  2.8452500E+03 -8.364E+00 -8.767E+00 -5.555E+00
  2.8457500E+03 -8.053E+00 -8.240E+00 -4.220E+00
  2.8462500E+03 -7.729E+00 -8.048E+00 -5.352E+00
  2.8467500E+03 -7.683E+00 -7.778E+00 -4.776E+00
  2.8472500E+03 -8.212E+00 -8.414E+00 -4.373E+00
  2.8477500E+03 -8.670E+00 -8.673E+00 -4.263E+00
  2.8482500E+03 -9.655E+00 -9.703E+00 -4.502E+00
  2.8487500E+03 -7.969E+00 -8.341E+00 -5.132E+00
  2.8492500E+03 -6.611E+00 -6.940E+00 -4.313E+00
  2.8497500E+03 -7.720E+00 -7.850E+00 -4.394E+00
  2.8502500E+03 -9.216E+00 -9.109E+00 -3.754E+00
  2.8507500E+03 -9.191E+00 -8.897E+00 -2.720E+00
  2.8512500E+03 -8.667E+00 -8.924E+00 -4.819E+00
  2.8517500E+03 -9.382E+00 -9.462E+00 -4.523E+00
  2.8522500E+03 -7.318E+00 -7.652E+00 -4.659E+00
  2.8527500E+03 -7.098E+00 -7.188E+00 -3.505E+00
  2.8532500E+03 -8.923E+00 -9.337E+00 -5.747E+00
  2.8537500E+03 -7.282E+00 -7.515E+00 -3.977E+00
  2.8542500E+03 -8.645E+00 -8.450E+00 -3.159E+00
  2.8547500E+03 -8.288E+00 -8.320E+00 -4.137E+00
  2.8552500E+03 -7.746E+00 -8.174E+00 -5.276E+00
  2.8557500E+03 -7.968E+00 -8.173E+00 -4.689E+00
  2.8562500E+03 -8.127E+00 -8.210E+00 -4.155E+00
  2.8567500E+03 -8.002E+00 -8.255E+00 -4.517E+00
  2.8572500E+03 -8.079E+00 -8.182E+00 -3.825E+00
  2.8577500E+03 -7.903E+00 -7.768E+00 -2.864E+00
  2.8582500E+03 -8.276E+00 -8.420E+00 -4.557E+00
  2.8587500E+03 -8.271E+00 -8.395E+00 -4.192E+00
  2.8592500E+03 -7.361E+00 -7.754E+00 -5.137E+00
  2.8597500E+03 -8.428E+00 -8.388E+00 -3.882E+00
  2.8602500E+03 -8.608E+00 -8.832E+00 -4.826E+00
  2.8607500E+03 -8.372E+00 -8.479E+00 -4.690E+00
  2.8612500E+03 -7.527E+00 -7.821E+00 -4.810E+00
  2.8617500E+03 -7.079E+00 -7.348E+00 -4.018E+00
  2.8622500E+03 -7.804E+00 -8.202E+00 -5.191E+00
  2.8627500E+03 -7.344E+00 -7.442E+00 -3.874E+00
  2.8632500E+03 -7.286E+00 -7.117E+00 -2.428E+00
  2.8637500E+03 -7.417E+00 -7.686E+00 -4.572E+00
  2.8642500E+03 -8.304E+00 -8.517E+00 -4.669E+00
  2.8647500E+03 -8.398E+00 -8.580E+00 -4.359E+00
  2.8652500E+03 -7.432E+00 -7.735E+00 -4.485E+00
  2.8657500E+03 -8.513E+00 -8.703E+00 -4.853E+00
  2.8662500E+03 -7.480E+00 -7.409E+00 -3.436E+00
  2.8667500E+03 -7.366E+00 -8.239E+00 -4.723E+00
  2.8672500E+03 -7.190E+00 -7.039E+00 -1.648E+00
  2.8677500E+03 -8.307E+00 -8.149E+00 -2.790E+00
  2.8682500E+03 -8.152E+00 -8.081E+00 -3.181E+00
  2.8687500E+03 -6.727E+00 -7.427E+00 -6.078E+00
  2.8692500E+03 -6.755E+00 -6.811E+00 -3.363E+00
  2.8697500E+03 -7.418E+00 -7.283E+00 -2.801E+00
  2.8702500E+03 -7.289E+00 -7.701E+00 -5.072E+00
  2.8707500E+03 -7.889E+00 -8.178E+00 -4.596E+00
  2.8712500E+03 -6.793E+00 -7.351E+00 -5.404E+00
  2.8717500E+03 -7.209E+00 -7.539E+00 -4.570E+00
  2.8722500E+03 -7.277E+00 -7.180E+00 -3.315E+00
  2.8727500E+03 -7.207E+00 -6.991E+00 -3.397E+00
  2.8732500E+03 -8.792E+00 -8.841E+00 -3.604E+00
  2.8737500E+03 -7.830E+00 -8.024E+00 -4.093E+00
  2.8742500E+03 -6.435E+00 -6.243E+00 -2.310E+00
  2.8747500E+03 -6.985E+00 -7.112E+00 -3.550E+00
  2.8752500E+03 -6.866E+00 -7.110E+00 -4.080E+00
  2.8757500E+03 -7.827E+00 -7.843E+00 -2.937E+00
  2.8762500E+03 -7.149E+00 -7.064E+00 -3.109E+00
  2.8767500E+03 -7.951E+00 -8.261E+00 -5.266E+00
  2.8772500E+03 -7.231E+00 -7.253E+00 -3.793E+00
  2.8777500E+03 -6.676E+00 -6.980E+00 -4.108E+00
  2.8782500E+03 -7.751E+00 -7.927E+00 -4.328E+00
  2.8787500E+03 -6.632E+00 -6.908E+00 -4.219E+00
  2.8792500E+03 -6.736E+00 -7.157E+00 -4.889E+00
  2.8797500E+03 -6.785E+00 -7.148E+00 -4.325E+00
  2.8802500E+03 -8.223E+00 -8.216E+00 -3.684E+00
  2.8807500E+03 -7.758E+00 -7.606E+00 -2.696E+00
  2.8812500E+03 -7.355E+00 -7.562E+00 -4.606E+00
  2.8817500E+03 -7.002E+00 -6.907E+00 -3.446E+00
  2.8822500E+03 -6.473E+00 -6.980E+00 -4.534E+00
  2.8827500E+03 -7.137E+00 -7.452E+00 -4.326E+00
  2.8832500E+03 -7.227E+00 -7.555E+00 -4.094E+00
  2.8837500E+03 -6.833E+00 -6.871E+00 -3.469E+00
  2.8842500E+03 -5.837E+00 -5.971E+00 -3.639E+00
  2.8847500E+03 -6.736E+00 -6.902E+00 -3.701E+00
  2.8852500E+03 -7.747E+00 -8.051E+00 -4.501E+00
  2.8857500E+03 -7.031E+00 -6.978E+00 -3.119E+00
  2.8862500E+03 -7.790E+00 -7.829E+00 -3.371E+00
  2.8867500E+03 -6.441E+00 -6.408E+00 -2.856E+00
  2.8872500E+03 -6.200E+00 -6.402E+00 -3.937E+00
  2.8877500E+03 -6.635E+00 -6.536E+00 -2.627E+00
  2.8882500E+03 -6.232E+00 -6.123E+00 -2.574E+00
  2.8887500E+03 -6.231E+00 -6.378E+00 -3.541E+00
  2.8892500E+03 -4.876E+00 -5.579E+00 -5.625E+00
  2.8897500E+03 -6.526E+00 -6.834E+00 -4.138E+00
  2.8902500E+03 -7.870E+00 -8.023E+00 -3.384E+00
  2.8907500E+03 -7.921E+00 -7.419E+00 -1.576E+00
  2.8912500E+03 -7.396E+00 -7.281E+00 -3.195E+00
  2.8917500E+03 -6.249E+00 -6.461E+00 -3.372E+00
  2.8922500E+03 -6.887E+00 -7.106E+00 -3.858E+00
  2.8927500E+03 -6.250E+00 -6.333E+00 -3.357E+00
  2.8932500E+03 -7.481E+00 -7.660E+00 -4.269E+00
  2.8937500E+03 -6.757E+00 -6.992E+00 -4.560E+00
  2.8942500E+03 -5.618E+00 -5.799E+00 -3.860E+00
  2.8947500E+03 -7.147E+00 -7.288E+00 -2.935E+00
  2.8952500E+03 -6.694E+00 -6.712E+00 -3.266E+00
  2.8957500E+03 -6.084E+00 -6.309E+00 -3.879E+00
  2.8962500E+03 -6.067E+00 -6.416E+00 -4.134E+00
  2.8967500E+03 -6.594E+00 -6.765E+00 -3.601E+00
  2.8972500E+03 -6.305E+00 -6.403E+00 -3.460E+00
  2.8977500E+03 -7.774E+00 -7.663E+00 -3.229E+00
  2.8982500E+03 -6.793E+00 -6.756E+00 -2.991E+00
  2.8987500E+03 -5.957E+00 -6.121E+00 -2.655E+00
  2.8992500E+03 -6.143E+00 -6.396E+00 -3.769E+00
  2.8997500E+03 -5.898E+00 -5.896E+00 -2.888E+00
  2.9002500E+03 -6.965E+00 -6.927E+00 -2.852E+00
  2.9007500E+03 -6.780E+00 -6.962E+00 -3.636E+00
  2.9012500E+03 -6.013E+00 -6.200E+00 -3.500E+00
  2.9017500E+03 -6.464E+00 -6.670E+00 -3.966E+00
  2.9022500E+03 -6.638E+00 -6.574E+00 -2.973E+00
  2.9027500E+03 -5.854E+00 -5.978E+00 -3.396E+00
  2.9032500E+03 -5.448E+00 -6.052E+00 -5.115E+00
  2.9037500E+03 -6.526E+00 -6.375E+00 -2.499E+00
  2.9042500E+03 -6.241E+00 -6.209E+00 -3.178E+00
  2.9047500E+03 -5.974E+00 -6.099E+00 -2.978E+00
  2.9052500E+03 -6.083E+00 -6.233E+00 -3.447E+00
  2.9057500E+03 -5.722E+00 -5.451E+00 -1.828E+00
  2.9062500E+03 -5.494E+00 -5.653E+00 -3.460E+00
  2.9067500E+03 -6.374E+00 -6.548E+00 -3.491E+00
  2.9072500E+03 -6.125E+00 -6.049E+00 -2.509E+00
  2.9077500E+03 -5.567E+00 -5.822E+00 -3.467E+00
  2.9082500E+03 -5.497E+00 -5.834E+00 -4.009E+00
  2.9087500E+03 -6.251E+00 -6.180E+00 -2.989E+00
  2.9092500E+03 -7.030E+00 -6.633E+00 -1.889E+00
  2.9097500E+03 -6.188E+00 -6.849E+00 -4.037E+00
  2.9102500E+03 -5.846E+00 -5.952E+00 -3.265E+00
  2.9107500E+03 -5.622E+00 -5.641E+00 -3.175E+00
  2.9112500E+03 -5.433E+00 -5.962E+00 -5.256E+00
  2.9117500E+03 -5.696E+00 -6.119E+00 -3.697E+00
  2.9122500E+03 -5.842E+00 -6.091E+00 -3.234E+00
  2.9127500E+03 -5.752E+00 -5.827E+00 -2.990E+00
  2.9132500E+03 -5.973E+00 -6.321E+00 -3.650E+00
  2.9137500E+03 -5.892E+00 -6.140E+00 -3.327E+00
  2.9142500E+03 -6.508E+00 -6.512E+00 -2.935E+00
  2.9147500E+03 -6.744E+00 -6.701E+00 -2.737E+00
  2.9152500E+03 -5.655E+00 -5.849E+00 -3.475E+00
  2.9157500E+03 -6.188E+00 -5.987E+00 -2.239E+00
  2.9162500E+03 -5.438E+00 -5.604E+00 -2.766E+00
  2.9167500E+03 -6.559E+00 -6.495E+00 -2.856E+00
  2.9172500E+03 -5.897E+00 -5.800E+00 -2.456E+00
  2.9177500E+03 -6.331E+00 -6.323E+00 -3.065E+00
  2.9182500E+03 -5.503E+00 -5.745E+00 -3.534E+00
  2.9187500E+03 -5.521E+00 -5.772E+00 -3.388E+00
  2.9192500E+03 -5.958E+00 -6.018E+00 -3.098E+00
  2.9197500E+03 -6.263E+00 -6.417E+00 -3.287E+00
  2.9202500E+03 -4.984E+00 -5.193E+00 -3.199E+00
  2.9207500E+03 -6.907E+00 -6.828E+00 -2.577E+00
  2.9212500E+03 -6.225E+00 -6.167E+00 -2.158E+00
  2.9217500E+03 -4.661E+00 -4.581E+00 -2.090E+00
  2.9222500E+03 -5.764E+00 -5.742E+00 -2.455E+00
  2.9227500E+03 -5.403E+00 -5.894E+00 -4.516E+00
  2.9232500E+03 -5.181E+00 -5.574E+00 -4.068E+00
  2.9237500E+03 -6.455E+00 -6.182E+00 -2.037E+00
  2.9242500E+03 -5.793E+00 -6.105E+00 -4.079E+00
  2.9247500E+03 -5.280E+00 -5.581E+00 -3.525E+00
  2.9252500E+03 -5.282E+00 -5.053E+00 -1.745E+00
  2.9257500E+03 -5.292E+00 -5.389E+00 -2.855E+00
  2.9262500E+03 -5.883E+00 -5.845E+00 -2.345E+00
  2.9267500E+03 -5.368E+00 -5.668E+00 -3.778E+00
  2.9272500E+03 -5.377E+00 -5.532E+00 -2.736E+00
  2.9277500E+03 -5.977E+00 -6.215E+00 -3.561E+00
  2.9282500E+03 -5.048E+00 -5.369E+00 -3.480E+00
  2.9287500E+03 -4.809E+00 -4.972E+00 -3.019E+00
  2.9292500E+03 -5.391E+00 -5.700E+00 -3.089E+00
  2.9297500E+03 -4.979E+00 -5.342E+00 -3.595E+00
  2.9302500E+03 -5.719E+00 -5.800E+00 -3.101E+00
  2.9307500E+03 -5.915E+00 -5.936E+00 -2.791E+00
  2.9312500E+03 -6.040E+00 -6.072E+00 -2.746E+00
  2.9317500E+03 -5.286E+00 -5.252E+00 -2.232E+00
  2.9322500E+03 -5.596E+00 -5.708E+00 -3.150E+00
  2.9327500E+03 -5.770E+00 -5.756E+00 -2.432E+00
  2.9332500E+03 -5.148E+00 -4.884E+00 -1.754E+00
  2.9337500E+03 -5.837E+00 -5.817E+00 -2.460E+00
  2.9342500E+03 -4.793E+00 -4.994E+00 -2.919E+00
  2.9347500E+03 -5.435E+00 -5.559E+00 -2.675E+00
  2.9352500E+03 -5.429E+00 -5.406E+00 -2.703E+00
  2.9357500E+03 -5.515E+00 -5.532E+00 -2.905E+00
  2.9362500E+03 -6.349E+00 -6.337E+00 -2.947E+00
  2.9367500E+03 -5.323E+00 -5.169E+00 -1.977E+00
  2.9372500E+03 -4.764E+00 -5.053E+00 -3.308E+00
  2.9377500E+03 -4.608E+00 -4.835E+00 -2.798E+00
  2.9382500E+03 -5.431E+00 -5.428E+00 -1.751E+00
  2.9387500E+03 -4.491E+00 -5.159E+00 -4.841E+00
  2.9392500E+03 -5.422E+00 -5.682E+00 -3.839E+00
  2.9397500E+03 -5.652E+00 -5.628E+00 -2.563E+00
  2.9402500E+03 -5.407E+00 -5.273E+00 -1.690E+00
  2.9407500E+03 -5.061E+00 -5.086E+00 -2.270E+00
  2.9412500E+03 -5.456E+00 -5.384E+00 -2.408E+00
  2.9417500E+03 -4.398E+00 -4.252E+00 -1.594E+00
  2.9422500E+03 -4.433E+00 -4.387E+00 -2.124E+00
  2.9427500E+03 -5.378E+00 -5.717E+00 -3.869E+00
  2.9432500E+03 -4.946E+00 -4.997E+00 -2.108E+00
  2.9437500E+03 -4.946E+00 -5.251E+00 -3.318E+00
  2.9442500E+03 -4.496E+00 -4.761E+00 -3.300E+00
  2.9447500E+03 -5.356E+00 -5.424E+00 -2.534E+00
  2.9452500E+03 -4.874E+00 -4.895E+00 -2.413E+00
  2.9457500E+03 -4.740E+00 -4.714E+00 -1.990E+00
  2.9462500E+03 -4.397E+00 -4.743E+00 -3.787E+00
  2.9467500E+03 -5.670E+00 -5.618E+00 -2.248E+00
  2.9472500E+03 -5.574E+00 -5.636E+00 -2.783E+00
  2.9477500E+03 -5.236E+00 -5.179E+00 -1.952E+00
  2.9482500E+03 -4.149E+00 -4.191E+00 -2.418E+00
  2.9487500E+03 -5.065E+00 -5.256E+00 -3.212E+00
  2.9492500E+03 -5.944E+00 -5.899E+00 -2.418E+00
  2.9497500E+03 -4.653E+00 -4.870E+00 -2.358E+00
  2.9502500E+03 -4.214E+00 -4.336E+00 -2.326E+00
  2.9507500E+03 -4.613E+00 -4.813E+00 -2.916E+00
  2.9512500E+03 -5.328E+00 -5.499E+00 -3.243E+00
  2.9517500E+03 -4.666E+00 -4.930E+00 -3.096E+00
  2.9522500E+03 -4.177E+00 -4.148E+00 -1.568E+00
  2.9527500E+03 -5.402E+00 -5.428E+00 -2.656E+00
  2.9532500E+03 -4.814E+00 -4.871E+00 -2.386E+00
  2.9537500E+03 -4.842E+00 -4.968E+00 -2.623E+00
  2.9542500E+03 -4.588E+00 -4.915E+00 -3.504E+00
  2.9547500E+03 -5.499E+00 -5.797E+00 -3.157E+00
  2.9552500E+03 -4.632E+00 -4.655E+00 -2.367E+00
  2.9557500E+03 -5.428E+00 -5.416E+00 -2.231E+00
  2.9562500E+03 -4.100E+00 -4.209E+00 -2.399E+00
  2.9567500E+03 -4.573E+00 -4.910E+00 -3.425E+00
  2.9572500E+03 -4.608E+00 -4.500E+00 -1.898E+00
  2.9577500E+03 -4.443E+00 -4.475E+00 -2.240E+00
  2.9582500E+03 -4.560E+00 -4.421E+00 -1.742E+00
  2.9587500E+03 -5.099E+00 -5.182E+00 -3.026E+00
  2.9592500E+03 -4.570E+00 -4.739E+00 -2.323E+00
  2.9597500E+03 -5.065E+00 -4.836E+00 -1.271E+00
  2.9602500E+03 -5.661E+00 -5.832E+00 -3.044E+00
  2.9607500E+03 -5.484E+00 -5.567E+00 -2.832E+00
  2.9612500E+03 -4.485E+00 -4.660E+00 -2.916E+00
  2.9617500E+03 -4.627E+00 -4.897E+00 -3.245E+00
  2.9622500E+03 -3.643E+00 -3.798E+00 -2.325E+00
  2.9627500E+03 -4.443E+00 -4.607E+00 -3.050E+00
  2.9632500E+03 -4.927E+00 -5.086E+00 -3.122E+00
  2.9637500E+03 -4.504E+00 -4.586E+00 -2.774E+00
  2.9642500E+03 -5.013E+00 -4.965E+00 -1.890E+00
  2.9647500E+03 -4.755E+00 -5.059E+00 -2.907E+00
  2.9652500E+03 -5.345E+00 -5.175E+00 -1.870E+00
  2.9657500E+03 -4.347E+00 -4.186E+00 -1.579E+00
  2.9662500E+03 -4.894E+00 -4.982E+00 -2.423E+00
  2.9667500E+03 -4.419E+00 -4.393E+00 -1.978E+00
  2.9672500E+03 -4.303E+00 -4.340E+00 -2.145E+00
  2.9677500E+03 -3.793E+00 -4.173E+00 -2.975E+00
  2.9682500E+03 -4.107E+00 -4.110E+00 -2.081E+00
  2.9687500E+03 -4.473E+00 -4.629E+00 -2.943E+00
  2.9692500E+03 -4.620E+00 -4.826E+00 -2.676E+00
  2.9697500E+03 -5.227E+00 -5.233E+00 -2.282E+00
  2.9702500E+03 -4.657E+00 -4.565E+00 -1.762E+00
  2.9707500E+03 -4.270E+00 -4.237E+00 -1.764E+00
  2.9712500E+03 -3.808E+00 -3.675E+00 -1.206E+00
  2.9717500E+03 -5.168E+00 -5.175E+00 -2.215E+00
  2.9722500E+03 -5.284E+00 -5.405E+00 -3.033E+00
  2.9727500E+03 -4.313E+00 -4.533E+00 -2.969E+00
  2.9732500E+03 -3.980E+00 -4.197E+00 -2.668E+00
  2.9737500E+03 -4.582E+00 -4.562E+00 -2.380E+00
  2.9742500E+03 -4.263E+00 -4.413E+00 -2.673E+00
  2.9747500E+03 -4.241E+00 -4.634E+00 -3.626E+00
  2.9752500E+03 -4.126E+00 -4.246E+00 -2.361E+00
  2.9757500E+03 -4.930E+00 -4.786E+00 -1.665E+00
  2.9762500E+03 -3.893E+00 -3.867E+00 -1.876E+00
  2.9767500E+03 -4.029E+00 -4.317E+00 -2.734E+00
  2.9772500E+03 -4.831E+00 -4.937E+00 -2.583E+00
  2.9777500E+03 -5.323E+00 -4.820E+00 -1.360E+00
  2.9782500E+03 -3.815E+00 -3.896E+00 -2.280E+00
  2.9787500E+03 -4.137E+00 -4.257E+00 -1.807E+00
  2.9792500E+03 -4.944E+00 -4.928E+00 -2.011E+00
  2.9797500E+03 -3.879E+00 -4.292E+00 -3.913E+00
  2.9802500E+03 -4.514E+00 -4.719E+00 -3.209E+00
  2.9807500E+03 -4.452E+00 -4.621E+00 -2.447E+00
  2.9812500E+03 -4.685E+00 -4.548E+00 -1.836E+00
  2.9817500E+03 -3.668E+00 -3.793E+00 -1.820E+00
  2.9822500E+03 -4.660E+00 -4.556E+00 -2.174E+00
  2.9827500E+03 -4.949E+00 -4.885E+00 -1.589E+00
  2.9832500E+03 -4.130E+00 -4.724E+00 -3.451E+00
  2.9837500E+03 -3.575E+00 -3.818E+00 -2.577E+00
  2.9842500E+03 -3.853E+00 -3.950E+00 -2.199E+00
  2.9847500E+03 -3.103E+00 -3.374E+00 -2.538E+00
  2.9852500E+03 -4.480E+00 -4.673E+00 -2.402E+00
  2.9857500E+03 -3.722E+00 -4.045E+00 -2.404E+00
  2.9862500E+03 -3.750E+00 -4.090E+00 -1.982E+00
  2.9867500E+03 -3.990E+00 -3.862E+00 -1.527E+00
  2.9872500E+03 -4.759E+00 -4.639E+00 -1.710E+00
  2.9877500E+03 -4.343E+00 -4.514E+00 -2.601E+00
  2.9882500E+03 -3.808E+00 -3.670E+00 -1.509E+00
  2.9887500E+03 -4.434E+00 -4.557E+00 -2.774E+00
  2.9892500E+03 -4.297E+00 -4.489E+00 -2.670E+00
  2.9897500E+03 -3.486E+00 -3.638E+00 -2.231E+00
  2.9902500E+03 -3.310E+00 -3.258E+00 -1.149E+00
  2.9907500E+03 -4.078E+00 -4.095E+00 -2.135E+00
  2.9912500E+03 -3.880E+00 -4.142E+00 -2.938E+00
  2.9917500E+03 -3.797E+00 -4.063E+00 -2.964E+00
  2.9922500E+03 -4.284E+00 -4.331E+00 -2.415E+00
  2.9927500E+03 -3.805E+00 -3.726E+00 -1.874E+00
  2.9932500E+03 -3.158E+00 -3.368E+00 -2.254E+00
  2.9937500E+03 -3.373E+00 -3.332E+00 -1.788E+00
  2.9942500E+03 -3.543E+00 -3.532E+00 -1.602E+00
  2.9947500E+03 -4.560E+00 -4.373E+00 -7.478E-01
  2.9952500E+03 -3.895E+00 -3.918E+00 -1.715E+00
  2.9957500E+03 -3.957E+00 -4.187E+00 -2.387E+00
  2.9962500E+03 -3.917E+00 -3.998E+00 -1.615E+00
  2.9967500E+03 -3.993E+00 -4.042E+00 -2.143E+00
  2.9972500E+03 -3.968E+00 -3.988E+00 -1.977E+00
  2.9977500E+03 -3.892E+00 -4.095E+00 -2.337E+00
  2.9982500E+03 -4.038E+00 -4.376E+00 -3.162E+00
  2.9987500E+03 -3.674E+00 -3.817E+00 -2.228E+00
  2.9992500E+03 -3.434E+00 -3.664E+00 -2.714E+00
  2.9997500E+03 -3.472E+00 -3.546E+00 -1.925E+00
  3.0002500E+03 -3.713E+00 -3.643E+00 -1.467E+00
  3.0007500E+03 -4.430E+00 -4.332E+00 -1.611E+00
  3.0012500E+03 -4.339E+00 -4.256E+00 -1.246E+00
  3.0017500E+03 -3.248E+00 -3.692E+00 -3.306E+00
  3.0022500E+03 -3.466E+00 -3.763E+00 -2.581E+00
  3.0027500E+03 -4.493E+00 -4.514E+00 -2.239E+00
  3.0032500E+03 -4.209E+00 -3.876E+00 -8.309E-01
  3.0037500E+03 -3.925E+00 -3.991E+00 -2.228E+00
  3.0042500E+03 -3.936E+00 -4.219E+00 -3.069E+00
  3.0047500E+03 -4.026E+00 -3.936E+00 -1.687E+00
  3.0052500E+03 -4.033E+00 -3.968E+00 -1.603E+00
  3.0057500E+03 -3.929E+00 -3.979E+00 -1.831E+00
  3.0062500E+03 -3.606E+00 -3.678E+00 -1.812E+00
  3.0067500E+03 -3.933E+00 -4.442E+00 -3.398E+00
  3.0072500E+03 -4.092E+00 -4.174E+00 -2.077E+00
  3.0077500E+03 -3.511E+00 -3.433E+00 -1.096E+00
  3.0082500E+03 -3.833E+00 -3.788E+00 -1.525E+00
  3.0087500E+03 -3.580E+00 -3.664E+00 -2.088E+00
  3.0092500E+03 -3.881E+00 -3.553E+00 -8.946E-01
  3.0097500E+03 -4.141E+00 -4.143E+00 -1.707E+00
  3.0102500E+03 -3.069E+00 -3.517E+00 -3.107E+00
  3.0107500E+03 -3.140E+00 -3.364E+00 -2.506E+00
  3.0112500E+03 -4.486E+00 -4.680E+00 -2.976E+00
  3.0117500E+03 -3.270E+00 -3.524E+00 -2.637E+00
  3.0122500E+03 -2.944E+00 -2.970E+00 -1.498E+00
  3.0127500E+03 -2.965E+00 -3.094E+00 -2.370E+00
  3.0132500E+03 -3.184E+00 -3.471E+00 -2.290E+00
  3.0137500E+03 -3.695E+00 -3.770E+00 -1.766E+00
  3.0142500E+03 -3.365E+00 -3.484E+00 -1.825E+00
  3.0147500E+03 -3.733E+00 -3.758E+00 -1.773E+00
  3.0152500E+03 -3.456E+00 -3.435E+00 -1.526E+00
  3.0157500E+03 -4.362E+00 -4.402E+00 -2.411E+00
  3.0162500E+03 -3.358E+00 -3.428E+00 -1.998E+00
  3.0167500E+03 -4.830E+00 -4.497E+00 -9.513E-01
  3.0172500E+03 -3.676E+00 -3.726E+00 -1.538E+00
  3.0177500E+03 -3.211E+00 -3.743E+00 -3.411E+00
  3.0182500E+03 -2.965E+00 -3.273E+00 -2.502E+00
  3.0187500E+03 -3.894E+00 -3.877E+00 -1.706E+00
  3.0192500E+03 -3.058E+00 -3.183E+00 -2.071E+00
  3.0197500E+03 -3.952E+00 -4.232E+00 -2.679E+00
  3.0202500E+03 -3.594E+00 -3.770E+00 -2.408E+00
  3.0207500E+03 -3.208E+00 -3.249E+00 -2.104E+00
  3.0212500E+03 -3.925E+00 -3.643E+00 -4.842E-01
  3.0217500E+03 -2.959E+00 -3.098E+00 -1.631E+00
  3.0222500E+03 -4.088E+00 -3.820E+00 -9.614E-01
  3.0227500E+03 -3.833E+00 -3.668E+00 -1.202E+00
  3.0232500E+03 -3.025E+00 -3.473E+00 -3.393E+00
  3.0237500E+03 -3.316E+00 -3.567E+00 -2.498E+00
  3.0242500E+03 -3.291E+00 -3.454E+00 -2.176E+00
  3.0247500E+03 -2.738E+00 -3.186E+00 -2.712E+00
  3.0252500E+03 -3.534E+00 -3.493E+00 -1.140E+00
  3.0257500E+03 -3.535E+00 -3.871E+00 -2.541E+00
  3.0262500E+03 -2.731E+00 -2.777E+00 -2.509E+00
  3.0267500E+03 -2.847E+00 -2.667E+00 -1.226E+00
  3.0272500E+03 -3.554E+00 -3.426E+00 -1.412E+00
  3.0277500E+03 -4.097E+00 -3.837E+00 -1.075E+00
  3.0282500E+03 -3.941E+00 -3.846E+00 -1.472E+00
  3.0287500E+03 -3.186E+00 -3.423E+00 -2.452E+00
  3.0292500E+03 -2.734E+00 -2.939E+00 -1.872E+00
  3.0297500E+03 -3.542E+00 -3.767E+00 -2.358E+00
  3.0302500E+03 -3.829E+00 -3.937E+00 -1.806E+00
  3.0307500E+03 -3.526E+00 -3.444E+00 -1.241E+00
  3.0312500E+03 -3.467E+00 -3.427E+00 -1.018E+00
  3.0317500E+03 -2.949E+00 -3.007E+00 -1.767E+00
  3.0322500E+03 -2.717E+00 -2.921E+00 -2.267E+00
  3.0327500E+03 -3.147E+00 -3.105E+00 -1.224E+00
  3.0332500E+03 -2.925E+00 -3.080E+00 -1.971E+00
  3.0337500E+03 -3.723E+00 -3.845E+00 -2.116E+00
  3.0342500E+03 -3.421E+00 -3.254E+00 -7.003E-01
  3.0347500E+03 -3.636E+00 -3.755E+00 -1.744E+00
  3.0352500E+03 -3.159E+00 -3.040E+00 -8.178E-01
  3.0357500E+03 -3.195E+00 -3.145E+00 -1.239E+00
  3.0362500E+03 -3.176E+00 -3.283E+00 -1.794E+00
  3.0367500E+03 -2.766E+00 -3.113E+00 -2.906E+00
  3.0372500E+03 -2.656E+00 -3.056E+00 -2.871E+00
  3.0377500E+03 -3.034E+00 -3.195E+00 -1.881E+00
  3.0382500E+03 -3.594E+00 -3.684E+00 -2.019E+00
  3.0387500E+03 -3.395E+00 -3.348E+00 -1.617E+00
  3.0392500E+03 -2.867E+00 -3.109E+00 -2.429E+00
  3.0397500E+03 -3.141E+00 -3.273E+00 -1.638E+00
  3.0402500E+03 -3.401E+00 -3.005E+00 -2.107E-01
  3.0407500E+03 -3.710E+00 -3.473E+00 -8.092E-01
  3.0412500E+03 -4.212E+00 -4.117E+00 -1.609E+00
  3.0417500E+03 -3.470E+00 -3.748E+00 -2.618E+00
  3.0422500E+03 -2.696E+00 -2.922E+00 -2.278E+00
  3.0427500E+03 -3.091E+00 -3.238E+00 -1.833E+00
  3.0432500E+03 -3.840E+00 -4.007E+00 -2.176E+00
  3.0437500E+03 -2.852E+00 -2.919E+00 -1.768E+00
  3.0442500E+03 -2.629E+00 -2.498E+00 -1.223E+00
  3.0447500E+03 -2.464E+00 -2.500E+00 -2.286E+00
  3.0452500E+03 -3.148E+00 -3.225E+00 -1.768E+00
  3.0457500E+03 -2.996E+00 -3.028E+00 -1.908E+00
  3.0462500E+03 -3.498E+00 -3.454E+00 -1.552E+00
  3.0467500E+03 -3.393E+00 -3.458E+00 -1.560E+00
  3.0472500E+03 -3.084E+00 -2.957E+00 -1.335E+00
  3.0477500E+03 -3.194E+00 -3.289E+00 -1.777E+00
  3.0482500E+03 -2.935E+00 -3.097E+00 -2.282E+00
  3.0487500E+03 -2.950E+00 -2.881E+00 -1.912E+00
  3.0492500E+03 -3.042E+00 -3.004E+00 -1.057E+00
  3.0497500E+03 -2.801E+00 -2.979E+00 -2.152E+00
  3.0502500E+03 -2.824E+00 -3.153E+00 -2.504E+00
  3.0507500E+03 -3.137E+00 -3.356E+00 -2.112E+00
  3.0512500E+03 -3.410E+00 -3.445E+00 -1.080E+00
  3.0517500E+03 -1.974E+00 -2.341E+00 -2.915E+00
  3.0522500E+03 -3.613E+00 -3.749E+00 -1.662E+00
  3.0527500E+03 -3.294E+00 -3.595E+00 -2.361E+00
  3.0532500E+03 -3.170E+00 -3.209E+00 -1.315E+00
  3.0537500E+03 -3.483E+00 -3.260E+00 -6.033E-01
  3.0542500E+03 -3.535E+00 -3.438E+00 -1.050E+00
  3.0547500E+03 -3.440E+00 -3.395E+00 -1.356E+00
  3.0552500E+03 -3.042E+00 -3.127E+00 -1.861E+00
  3.0557500E+03 -3.317E+00 -3.259E+00 -1.011E+00
  3.0562500E+03 -2.850E+00 -2.597E+00 -9.150E-01
  3.0567500E+03 -3.614E+00 -3.662E+00 -1.077E+00
  3.0572500E+03 -3.328E+00 -3.471E+00 -1.875E+00
  3.0577500E+03 -3.166E+00 -3.267E+00 -1.289E+00
  3.0582500E+03 -2.582E+00 -2.608E+00 -1.361E+00
  3.0587500E+03 -2.326E+00 -2.273E+00 -1.252E+00
  3.0592500E+03 -2.844E+00 -2.787E+00 -1.316E+00
  3.0597500E+03 -2.891E+00 -2.969E+00 -1.878E+00
  3.0602500E+03 -2.752E+00 -2.939E+00 -2.366E+00
  3.0607500E+03 -3.049E+00 -3.145E+00 -1.005E+00
  3.0612500E+03 -2.697E+00 -2.616E+00 -6.939E-01
  3.0617500E+03 -2.503E+00 -2.711E+00 -1.527E+00
  3.0622500E+03 -2.232E+00 -2.180E+00 -1.123E+00
  3.0627500E+03 -3.363E+00 -3.285E+00 -1.628E+00
  3.0632500E+03 -2.786E+00 -2.575E+00 -1.236E+00
  3.0637500E+03 -3.197E+00 -3.188E+00  9.364E-02
  3.0642500E+03 -3.466E+00 -3.553E+00 -1.863E+00
  3.0647500E+03 -2.890E+00 -3.072E+00 -2.618E+00
  3.0652500E+03 -2.750E+00 -2.804E+00 -1.584E+00
  3.0657500E+03 -2.396E+00 -2.489E+00 -1.712E+00
  3.0662500E+03 -3.212E+00 -3.377E+00 -2.247E+00
  3.0667500E+03 -2.322E+00 -2.797E+00 -1.928E+00
  3.0672500E+03 -3.207E+00 -3.198E+00 -1.967E+00
  3.0677500E+03 -2.852E+00 -3.045E+00 -1.915E+00
  3.0682500E+03 -2.595E+00 -2.760E+00 -1.754E+00
  3.0687500E+03 -3.125E+00 -3.370E+00 -2.456E+00
  3.0692500E+03 -2.563E+00 -2.709E+00 -1.563E+00
  3.0697500E+03 -3.217E+00 -3.372E+00 -1.902E+00
  3.0702500E+03 -3.163E+00 -2.859E+00 -5.434E-01
  3.0707500E+03 -2.970E+00 -2.678E+00 -3.405E-01
  3.0712500E+03 -2.969E+00 -2.978E+00 -1.624E+00
  3.0717500E+03 -2.910E+00 -3.072E+00 -1.751E+00
  3.0722500E+03 -2.493E+00 -2.679E+00 -2.041E+00
  3.0727500E+03 -3.128E+00 -3.213E+00 -1.842E+00
  3.0732500E+03 -3.286E+00 -3.313E+00 -1.526E+00
  3.0737500E+03 -2.495E+00 -2.377E+00 -8.108E-01
  3.0742500E+03 -2.768E+00 -3.047E+00 -1.850E+00
  3.0747500E+03 -2.899E+00 -2.941E+00 -1.404E+00
  3.0752500E+03 -2.182E+00 -2.371E+00 -1.997E+00
  3.0757500E+03 -2.763E+00 -2.849E+00 -1.463E+00
  3.0762500E+03 -2.350E+00 -2.463E+00 -1.472E+00
  3.0767500E+03 -3.139E+00 -3.102E+00 -1.470E+00
  3.0772500E+03 -2.754E+00 -2.720E+00 -1.175E+00
  3.0777500E+03 -2.183E+00 -2.402E+00 -1.875E+00
  3.0782500E+03 -2.872E+00 -2.935E+00 -1.788E+00
  3.0787500E+03 -2.764E+00 -2.853E+00 -1.648E+00
  3.0792500E+03 -2.565E+00 -2.587E+00 -1.566E+00
  3.0797500E+03 -3.445E+00 -3.515E+00 -1.671E+00
  3.0802500E+03 -2.635E+00 -2.693E+00 -1.470E+00
  3.0807500E+03 -3.066E+00 -3.068E+00 -1.275E+00
  3.0812500E+03 -3.223E+00 -3.133E+00 -7.576E-01
  3.0817500E+03 -2.574E+00 -2.629E+00 -1.171E+00
  3.0822500E+03 -2.720E+00 -2.868E+00 -1.506E+00
  3.0827500E+03 -2.646E+00 -2.871E+00 -1.357E+00
  3.0832500E+03 -2.078E+00 -2.285E+00 -2.201E+00
  3.0837500E+03 -2.408E+00 -2.589E+00 -1.881E+00
  3.0842500E+03 -3.492E+00 -3.448E+00 -1.451E+00
  3.0847500E+03 -2.811E+00 -2.881E+00 -1.512E+00
  3.0852500E+03 -2.480E+00 -2.485E+00 -2.077E+00
  3.0857500E+03 -2.332E+00 -2.402E+00 -1.372E+00
  3.0862500E+03 -2.372E+00 -2.367E+00 -1.365E+00
  3.0867500E+03 -3.110E+00 -3.210E+00 -1.685E+00
  3.0872500E+03 -2.975E+00 -2.911E+00 -1.089E+00
  3.0877500E+03 -2.432E+00 -2.499E+00 -1.206E+00
  3.0882500E+03 -2.462E+00 -2.330E+00 -7.334E-01
  3.0887500E+03 -1.692E+00 -1.810E+00 -1.720E+00
  3.0892500E+03 -2.193E+00 -2.464E+00 -1.712E+00
  3.0897500E+03 -2.251E+00 -2.574E+00 -1.317E+00
  3.0902500E+03 -2.762E+00 -2.805E+00 -1.185E+00
  3.0907500E+03 -3.057E+00 -3.346E+00 -2.593E+00
  3.0912500E+03 -2.486E+00 -2.612E+00 -1.209E+00
  3.0917500E+03 -2.715E+00 -2.842E+00 -2.123E+00
  3.0922500E+03 -2.256E+00 -2.319E+00 -1.454E+00
  3.0927500E+03 -2.689E+00 -2.757E+00 -1.665E+00
  3.0932500E+03 -2.707E+00 -2.594E+00 -8.678E-01
  3.0937500E+03 -2.424E+00 -2.192E+00 -5.299E-01
  3.0942500E+03 -2.160E+00 -2.391E+00 -1.720E+00
  3.0947500E+03 -2.117E+00 -2.436E+00 -1.888E+00
  3.0952500E+03 -2.294E+00 -2.499E+00 -1.340E+00
  3.0957500E+03 -2.672E+00 -2.770E+00 -1.998E+00
  3.0962500E+03 -2.742E+00 -2.771E+00 -1.479E+00
  3.0967500E+03 -2.345E+00 -2.517E+00 -1.588E+00
  3.0972500E+03 -2.430E+00 -2.432E+00 -1.207E+00
  3.0977500E+03 -2.224E+00 -2.336E+00 -1.348E+00
  3.0982500E+03 -2.322E+00 -2.328E+00 -1.322E+00
  3.0987500E+03 -2.448E+00 -2.552E+00 -1.708E+00
  3.0992500E+03 -2.760E+00 -2.733E+00 -1.015E+00
  3.0997500E+03 -2.747E+00 -2.724E+00 -1.266E+00
  3.1002500E+03 -2.318E+00 -2.447E+00 -1.475E+00
  3.1007500E+03 -2.383E+00 -2.482E+00 -1.459E+00
  3.1012500E+03 -2.285E+00 -2.294E+00 -8.664E-01
  3.1017500E+03 -2.170E+00 -2.243E+00 -1.077E+00
  3.1022500E+03 -2.198E+00 -2.212E+00 -1.372E+00
  3.1027500E+03 -2.639E+00 -2.847E+00 -2.054E+00
  3.1032500E+03 -2.807E+00 -2.992E+00 -1.734E+00
  3.1037500E+03 -2.434E+00 -2.386E+00 -9.465E-01
  3.1042500E+03 -2.590E+00 -2.638E+00 -1.309E+00
  3.1047500E+03 -2.544E+00 -2.507E+00 -1.145E+00
  3.1052500E+03 -3.235E+00 -3.207E+00 -1.160E+00
  3.1057500E+03 -2.464E+00 -2.393E+00 -8.309E-01
  3.1062500E+03 -1.979E+00 -1.997E+00 -1.050E+00
  3.1067500E+03 -2.803E+00 -2.791E+00 -1.351E+00
  3.1072500E+03 -2.952E+00 -2.845E+00 -8.462E-01
  3.1077500E+03 -2.088E+00 -2.280E+00 -1.810E+00
  3.1082500E+03 -2.084E+00 -2.405E+00 -2.185E+00
  3.1087500E+03 -2.495E+00 -2.527E+00 -1.232E+00
  3.1092500E+03 -2.470E+00 -2.322E+00 -4.492E-01
  3.1097500E+03 -2.343E+00 -2.224E+00 -8.876E-01
  3.1102500E+03 -2.540E+00 -2.601E+00 -1.607E+00
  3.1107500E+03 -2.499E+00 -2.607E+00 -2.356E+00
  3.1112500E+03 -2.483E+00 -2.545E+00 -1.426E+00
  3.1117500E+03 -2.486E+00 -2.756E+00 -1.869E+00
  3.1122500E+03 -2.826E+00 -2.894E+00 -1.539E+00
  3.1127500E+03 -2.475E+00 -2.224E+00  9.176E-02
  3.1132500E+03 -2.076E+00 -2.143E+00 -1.061E+00
  3.1137500E+03 -1.453E+00 -1.550E+00 -1.346E+00
  3.1142500E+03 -2.389E+00 -2.304E+00 -9.812E-01
  3.1147500E+03 -2.441E+00 -2.494E+00 -1.046E+00
  3.1152500E+03 -2.212E+00 -2.310E+00 -1.254E+00
  3.1157500E+03 -2.738E+00 -2.793E+00 -1.387E+00
  3.1162500E+03 -2.184E+00 -2.238E+00 -1.678E+00
  3.1167500E+03 -3.061E+00 -2.830E+00 -5.816E-01
  3.1172500E+03 -2.717E+00 -2.727E+00 -1.584E+00
  3.1177500E+03 -2.403E+00 -2.371E+00 -1.133E+00
  3.1182500E+03 -1.929E+00 -1.979E+00 -1.437E+00
  3.1187500E+03 -2.045E+00 -2.039E+00 -1.031E+00
  3.1192500E+03 -1.905E+00 -1.949E+00 -9.664E-01
  3.1197500E+03 -3.080E+00 -3.307E+00 -1.975E+00
  3.1202500E+03 -2.296E+00 -2.245E+00 -9.194E-01
  3.1207500E+03 -2.495E+00 -2.464E+00 -1.027E+00
  3.1212500E+03 -2.460E+00 -2.663E+00 -1.992E+00
  3.1217500E+03 -1.997E+00 -2.074E+00 -1.162E+00
  3.1222500E+03 -2.410E+00 -2.480E+00 -1.326E+00
  3.1227500E+03 -1.293E+00 -1.193E+00 -9.026E-02
  3.1232500E+03 -1.659E+00 -1.686E+00 -1.190E+00
  3.1237500E+03 -2.115E+00 -2.132E+00 -1.008E+00
  3.1242500E+03 -2.467E+00 -2.563E+00 -1.782E+00
  3.1247500E+03 -2.508E+00 -2.555E+00 -1.465E+00
  3.1252500E+03 -2.283E+00 -2.301E+00 -8.626E-01
  3.1257500E+03 -2.056E+00 -2.105E+00 -8.150E-01
  3.1262500E+03 -2.485E+00 -2.563E+00 -1.372E+00
  3.1267500E+03 -2.194E+00 -2.451E+00 -1.892E+00
  3.1272500E+03 -2.082E+00 -2.068E+00 -8.511E-01
  3.1277500E+03 -2.268E+00 -2.448E+00 -1.985E+00
  3.1282500E+03 -2.514E+00 -2.525E+00 -8.963E-01
  3.1287500E+03 -2.210E+00 -1.858E+00  3.859E-01
  3.1292500E+03 -2.242E+00 -2.341E+00 -1.405E+00
  3.1297500E+03 -1.740E+00 -1.868E+00 -1.690E+00
  3.1302500E+03 -1.925E+00 -2.162E+00 -1.587E+00
  3.1307500E+03 -2.372E+00 -2.348E+00 -9.022E-01
  3.1312500E+03 -2.424E+00 -2.502E+00 -8.374E-01
  3.1317500E+03 -1.711E+00 -1.941E+00 -1.685E+00
  3.1322500E+03 -2.053E+00 -1.877E+00 -6.241E-01
  3.1327500E+03 -1.797E+00 -1.816E+00 -9.017E-01
  3.1332500E+03 -2.655E+00 -2.737E+00 -1.323E+00
  3.1337500E+03 -1.963E+00 -2.127E+00 -1.437E+00
  3.1342500E+03 -1.466E+00 -1.699E+00 -1.668E+00
  3.1347500E+03 -2.429E+00 -2.290E+00 -8.841E-01
  3.1352500E+03 -2.222E+00 -2.033E+00 -4.521E-01
  3.1357500E+03 -2.167E+00 -2.205E+00 -1.096E+00
  3.1362500E+03 -3.055E+00 -2.949E+00 -1.072E+00
  3.1367500E+03 -1.318E+00 -1.451E+00 -1.260E+00
  3.1372500E+03 -1.938E+00 -2.113E+00 -1.126E+00
  3.1377500E+03 -1.853E+00 -2.021E+00 -1.343E+00
  3.1382500E+03 -1.612E+00 -1.909E+00 -2.182E+00
  3.1387500E+03 -1.668E+00 -1.998E+00 -1.966E+00
  3.1392500E+03 -2.787E+00 -2.768E+00 -9.608E-01
  3.1397500E+03 -2.711E+00 -2.550E+00 -5.785E-01
  3.1402500E+03 -2.253E+00 -2.193E+00 -9.075E-01
  3.1407500E+03 -2.366E+00 -2.317E+00 -7.345E-01
  3.1412500E+03 -2.390E+00 -2.470E+00 -1.720E+00
  3.1417500E+03 -2.376E+00 -2.318E+00 -9.058E-01
  3.1422500E+03 -1.417E+00 -1.405E+00 -7.867E-01
  3.1427500E+03 -2.070E+00 -2.180E+00 -1.504E+00
  3.1432500E+03 -1.203E+00 -1.305E+00 -1.071E+00
  3.1437500E+03 -2.355E+00 -2.393E+00 -1.333E+00
  3.1442500E+03 -2.295E+00 -2.314E+00 -1.435E+00
  3.1447500E+03 -1.834E+00 -1.829E+00 -7.653E-01
  3.1452500E+03 -2.486E+00 -2.600E+00 -1.523E+00
  3.1457500E+03 -1.944E+00 -1.868E+00 -6.635E-01
  3.1462500E+03 -2.522E+00 -2.192E+00 -3.730E-01
  3.1467500E+03 -2.218E+00 -2.272E+00 -1.065E+00
  3.1472500E+03 -2.151E+00 -2.211E+00 -1.284E+00
  3.1477500E+03 -1.585E+00 -1.588E+00 -1.232E+00
  3.1482500E+03 -1.485E+00 -1.831E+00 -1.619E+00
  3.1487500E+03 -1.330E+00 -1.481E+00 -1.271E+00
  3.1492500E+03 -1.759E+00 -1.853E+00 -1.245E+00
  3.1497500E+03 -2.037E+00 -2.096E+00 -8.349E-01
  3.1502500E+03 -2.332E+00 -2.315E+00 -9.807E-01
  3.1507500E+03 -2.594E+00 -2.381E+00 -4.046E-01
  3.1512500E+03 -1.756E+00 -1.750E+00 -9.878E-01
  3.1517500E+03 -2.274E+00 -2.248E+00 -1.012E+00
  3.1522500E+03 -2.142E+00 -2.280E+00 -1.609E+00
  3.1527500E+03 -2.342E+00 -2.423E+00 -8.302E-01
  3.1532500E+03 -2.144E+00 -2.110E+00 -5.770E-01
  3.1537500E+03 -1.635E+00 -1.749E+00 -1.554E+00
  3.1542500E+03 -2.169E+00 -2.198E+00 -1.037E+00
  3.1547500E+03 -2.001E+00 -2.076E+00 -1.411E+00
  3.1552500E+03 -2.266E+00 -2.494E+00 -1.852E+00
  3.1557500E+03 -1.758E+00 -1.801E+00 -1.009E+00
  3.1562500E+03 -1.671E+00 -1.625E+00 -4.783E-01
  3.1567500E+03 -1.652E+00 -1.859E+00 -1.477E+00
  3.1572500E+03 -2.132E+00 -2.266E+00 -1.169E+00
  3.1577500E+03 -1.401E+00 -1.614E+00 -1.926E+00
  3.1582500E+03 -2.690E+00 -2.564E+00 -7.684E-01
  3.1587500E+03 -2.151E+00 -2.229E+00 -1.116E+00
  3.1592500E+03 -2.329E+00 -2.468E+00 -1.737E+00
  3.1597500E+03 -2.286E+00 -2.443E+00 -1.505E+00
  3.1602500E+03 -1.209E+00 -1.303E+00 -1.126E+00
  3.1607500E+03 -1.855E+00 -1.841E+00 -6.942E-01
  3.1612500E+03 -1.559E+00 -1.696E+00 -1.428E+00
  3.1617500E+03 -1.964E+00 -1.937E+00 -9.105E-01
  3.1622500E+03 -2.501E+00 -2.335E+00 -3.518E-01
  3.1627500E+03 -2.545E+00 -2.602E+00 -9.923E-01
  3.1632500E+03 -1.544E+00 -1.647E+00 -1.230E+00
  3.1637500E+03 -1.975E+00 -1.920E+00 -5.159E-01
  3.1642500E+03 -1.944E+00 -1.841E+00 -2.752E-01
  3.1647500E+03 -1.867E+00 -1.916E+00 -1.058E+00
  3.1652500E+03 -1.688E+00 -1.593E+00 -5.880E-01
  3.1657500E+03 -1.907E+00 -2.054E+00 -1.551E+00
  3.1662500E+03 -1.813E+00 -1.860E+00 -1.301E+00
  3.1667500E+03 -1.931E+00 -1.951E+00 -8.614E-01
  3.1672500E+03 -1.789E+00 -1.804E+00 -1.035E+00
  3.1677500E+03 -1.690E+00 -2.047E+00 -1.626E+00
  3.1682500E+03 -2.419E+00 -2.355E+00 -2.816E-01
  3.1687500E+03 -2.147E+00 -2.071E+00 -7.175E-01
  3.1692500E+03 -1.609E+00 -1.607E+00 -1.498E+00
  3.1697500E+03 -1.529E+00 -1.627E+00 -1.224E+00
  3.1702500E+03 -2.144E+00 -2.181E+00 -1.286E+00
  3.1707500E+03 -1.680E+00 -1.587E+00 -6.633E-01
  3.1712500E+03 -1.818E+00 -1.826E+00 -8.488E-01
  3.1717500E+03 -1.602E+00 -1.730E+00 -1.117E+00
  3.1722500E+03 -1.441E+00 -1.711E+00 -1.675E+00
  3.1727500E+03 -1.896E+00 -1.843E+00 -6.100E-01
  3.1732500E+03 -1.795E+00 -1.710E+00 -3.915E-01
  3.1737500E+03 -2.430E+00 -2.265E+00 -4.235E-01
  3.1742500E+03 -1.438E+00 -1.584E+00 -1.701E+00
  3.1747500E+03 -2.126E+00 -2.119E+00 -5.611E-01
  3.1752500E+03 -2.189E+00 -2.252E+00 -9.801E-01
  3.1757500E+03 -1.724E+00 -1.685E+00 -4.834E-01
  3.1762500E+03 -1.454E+00 -1.588E+00 -1.202E+00
  3.1767500E+03 -2.009E+00 -2.162E+00 -1.060E+00
  3.1772500E+03 -1.859E+00 -2.051E+00 -1.997E+00
  3.1777500E+03 -1.927E+00 -1.938E+00 -1.103E+00
  3.1782500E+03 -1.703E+00 -1.798E+00 -1.095E+00
  3.1787500E+03 -1.630E+00 -1.651E+00 -6.799E-01
  3.1792500E+03 -2.028E+00 -2.049E+00 -5.824E-01
  3.1797500E+03 -1.800E+00 -1.752E+00 -5.637E-01
  3.1802500E+03 -1.665E+00 -1.501E+00 -4.053E-01
  3.1807500E+03 -1.766E+00 -1.892E+00 -1.041E+00
  3.1812500E+03 -2.007E+00 -2.127E+00 -1.474E+00
  3.1817500E+03 -2.073E+00 -2.266E+00 -1.487E+00
  3.1822500E+03 -1.814E+00 -1.696E+00 -6.948E-02
  3.1827500E+03 -1.482E+00 -1.530E+00 -9.944E-01
  3.1832500E+03 -1.468E+00 -1.434E+00 -8.614E-01
  3.1837500E+03 -1.465E+00 -1.396E+00 -1.017E+00
  3.1842500E+03 -1.998E+00 -1.887E+00 -6.517E-01
  3.1847500E+03 -1.976E+00 -1.896E+00 -9.766E-01
  3.1852500E+03 -1.738E+00 -1.920E+00 -1.630E+00
  3.1857500E+03 -1.798E+00 -1.821E+00 -1.056E+00
  3.1862500E+03 -1.311E+00 -1.310E+00 -3.467E-01
  3.1867500E+03 -1.854E+00 -1.925E+00 -1.158E+00
  3.1872500E+03 -1.647E+00 -1.673E+00 -8.774E-01
  3.1877500E+03 -1.640E+00 -1.702E+00 -8.706E-01
  3.1882500E+03 -1.754E+00 -1.735E+00 -1.321E+00
  3.1887500E+03 -1.534E+00 -1.715E+00 -1.348E+00
  3.1892500E+03 -1.814E+00 -1.802E+00 -5.740E-01
  3.1897500E+03 -9.589E-01 -1.052E+00 -1.001E+00
  3.1902500E+03 -1.141E+00 -1.482E+00 -1.546E+00
  3.1907500E+03 -2.218E+00 -2.246E+00 -8.171E-01
  3.1912500E+03 -2.054E+00 -2.043E+00 -6.811E-01
  3.1917500E+03 -1.606E+00 -1.622E+00 -7.767E-01
  3.1922500E+03 -1.505E+00 -1.559E+00 -8.944E-01
  3.1927500E+03 -1.879E+00 -1.931E+00 -7.839E-01
  3.1932500E+03 -1.970E+00 -2.193E+00 -1.518E+00
  3.1937500E+03 -1.542E+00 -1.838E+00 -1.727E+00
  3.1942500E+03 -1.481E+00 -1.382E+00 -5.415E-01
  3.1947500E+03 -1.808E+00 -1.883E+00 -8.074E-01
  3.1952500E+03 -1.415E+00 -1.400E+00 -4.550E-01
  3.1957500E+03 -1.719E+00 -1.632E+00 -5.573E-01
  3.1962500E+03 -2.022E+00 -1.975E+00 -8.605E-01
  3.1967500E+03 -1.973E+00 -1.786E+00 -3.995E-01
  3.1972500E+03 -1.693E+00 -1.645E+00 -7.248E-01
  3.1977500E+03 -1.473E+00 -1.770E+00 -2.101E+00
  3.1982500E+03 -1.928E+00 -1.984E+00 -8.089E-01
  3.1987500E+03 -2.258E+00 -2.267E+00 -3.188E-01
  3.1992500E+03 -1.643E+00 -1.612E+00 -9.800E-01
  3.1997500E+03 -1.659E+00 -1.755E+00 -1.132E+00
  3.2002500E+03 -1.382E+00 -1.414E+00 -1.229E+00
  3.2007500E+03 -2.015E+00 -2.024E+00 -8.348E-01
  3.2012500E+03 -1.955E+00 -2.001E+00 -7.549E-01
  3.2017500E+03 -1.618E+00 -1.824E+00 -1.211E+00
  3.2022500E+03 -2.246E+00 -2.175E+00 -6.336E-01
  3.2027500E+03 -1.579E+00 -1.394E+00 -3.507E-01
  3.2032500E+03 -1.565E+00 -1.780E+00 -1.539E+00
  3.2037500E+03 -1.824E+00 -1.691E+00 -5.295E-01
  3.2042500E+03 -2.065E+00 -1.994E+00 -7.327E-01
  3.2047500E+03 -1.257E+00 -1.308E+00 -9.339E-01
  3.2052500E+03 -1.120E+00 -1.079E+00 -3.338E-01
  3.2057500E+03 -1.696E+00 -1.694E+00 -4.775E-01
  3.2062500E+03 -1.674E+00 -1.605E+00 -7.001E-01
  3.2067500E+03 -1.625E+00 -1.595E+00 -7.532E-01
  3.2072500E+03 -1.246E+00 -1.445E+00 -1.408E+00
  3.2077500E+03 -1.552E+00 -1.553E+00 -7.624E-01
  3.2082500E+03 -2.124E+00 -2.163E+00 -7.832E-01
  3.2087500E+03 -1.109E+00 -1.171E+00 -8.287E-01
  3.2092500E+03 -1.120E+00 -1.320E+00 -9.841E-01
  3.2097500E+03 -1.660E+00 -1.678E+00 -4.621E-01
  3.2102500E+03 -1.928E+00 -1.896E+00 -8.820E-01
  3.2107500E+03 -1.455E+00 -1.396E+00 -7.067E-01
  3.2112500E+03 -1.406E+00 -1.473E+00 -1.014E+00
  3.2117500E+03 -1.334E+00 -1.420E+00 -1.128E+00
  3.2122500E+03 -1.492E+00 -1.826E+00 -1.681E+00
  3.2127500E+03 -1.593E+00 -1.765E+00 -1.114E+00
  3.2132500E+03 -2.002E+00 -2.032E+00 -8.827E-01
  3.2137500E+03 -1.675E+00 -1.495E+00 -2.347E-01
  3.2142500E+03 -1.478E+00 -1.456E+00 -5.999E-01
  3.2147500E+03 -1.436E+00 -1.624E+00 -1.184E+00
  3.2152500E+03 -1.235E+00 -1.372E+00 -1.306E+00
  3.2157500E+03 -1.424E+00 -1.601E+00 -1.463E+00
  3.2162500E+03 -1.716E+00 -1.908E+00 -1.389E+00
  3.2167500E+03 -1.198E+00 -1.488E+00 -1.555E+00
  3.2172500E+03 -1.686E+00 -1.666E+00 -7.579E-01
  3.2177500E+03 -1.233E+00 -1.321E+00 -1.544E+00
  3.2182500E+03 -1.179E+00 -1.419E+00 -5.004E-01
  3.2187500E+03 -1.989E+00 -1.812E+00 -4.147E-01
  3.2192500E+03 -1.322E+00 -1.150E+00 -4.534E-01
  3.2197500E+03 -1.224E+00 -1.249E+00 -5.723E-01
  3.2202500E+03 -2.064E+00 -1.929E+00 -5.846E-01
  3.2207500E+03 -9.125E-01 -1.153E+00 -1.335E+00
  3.2212500E+03 -1.428E+00 -1.510E+00 -9.765E-01
  3.2217500E+03 -1.442E+00 -1.463E+00 -9.163E-01
  3.2222500E+03 -1.549E+00 -1.464E+00 -8.100E-01
  3.2227500E+03 -1.278E+00 -1.346E+00 -1.173E+00
  3.2232500E+03 -1.641E+00 -1.755E+00 -8.654E-01
  3.2237500E+03 -1.583E+00 -1.748E+00 -9.079E-01
  3.2242500E+03 -1.843E+00 -1.881E+00 -8.879E-01
  3.2247500E+03 -1.556E+00 -1.367E+00 -5.557E-01
  3.2252500E+03 -1.140E+00 -1.351E+00 -1.337E+00
  3.2257500E+03 -1.602E+00 -1.773E+00 -1.500E+00
  3.2262500E+03 -1.892E+00 -1.979E+00 -8.971E-01
  3.2267500E+03 -1.447E+00 -1.313E+00 -5.769E-01
  3.2272500E+03 -1.480E+00 -1.274E+00  1.148E-01
  3.2277500E+03 -1.900E+00 -1.900E+00 -9.190E-01
  3.2282500E+03 -1.705E+00 -1.718E+00 -8.587E-01
  3.2287500E+03 -1.511E+00 -1.633E+00 -1.010E+00
  3.2292500E+03 -1.777E+00 -1.834E+00 -8.604E-01
  3.2297500E+03 -1.455E+00 -1.599E+00 -1.271E+00
  3.2302500E+03 -1.290E+00 -1.192E+00 -3.143E-01
  3.2307500E+03 -1.661E+00 -1.506E+00 -2.999E-01
  3.2312500E+03 -1.339E+00 -1.353E+00 -6.660E-01
  3.2317500E+03 -1.779E+00 -1.751E+00 -4.988E-01
  3.2322500E+03 -1.592E+00 -1.830E+00 -1.569E+00
  3.2327500E+03 -1.271E+00 -1.428E+00 -3.545E-01
  3.2332500E+03 -1.392E+00 -1.456E+00 -6.170E-01
  3.2337500E+03 -1.009E+00 -1.004E+00 -6.421E-01
  3.2342500E+03 -1.426E+00 -1.545E+00 -1.345E+00
  3.2347500E+03 -8.488E-01 -1.012E+00 -1.499E+00
  3.2352500E+03 -1.236E+00 -1.367E+00 -7.900E-01
  3.2357500E+03 -1.558E+00 -1.432E+00 -5.239E-01
  3.2362500E+03 -1.383E+00 -1.429E+00 -4.754E-01
  3.2367500E+03 -1.438E+00 -1.523E+00 -6.703E-01
  3.2372500E+03 -1.493E+00 -1.352E+00 -7.471E-02
  3.2377500E+03 -1.365E+00 -1.433E+00 -1.197E+00
  3.2382500E+03 -1.298E+00 -1.242E+00 -4.368E-01
  3.2387500E+03 -1.136E+00 -1.190E+00 -1.259E+00
  3.2392500E+03 -1.547E+00 -1.399E+00 -5.617E-01
  3.2397500E+03 -1.367E+00 -1.547E+00 -9.978E-01
  3.2402500E+03 -1.580E+00 -1.676E+00 -1.088E+00
  3.2407500E+03 -1.279E+00 -1.397E+00 -1.239E+00
  3.2412500E+03 -1.419E+00 -1.348E+00 -6.393E-01
  3.2417500E+03 -1.832E+00 -1.668E+00 -1.415E-01
  3.2422500E+03 -1.747E+00 -1.669E+00 -6.563E-01
  3.2427500E+03 -1.280E+00 -1.386E+00 -8.475E-01
  3.2432500E+03 -1.173E+00 -1.243E+00 -1.094E+00
  3.2437500E+03 -1.099E+00 -1.170E+00 -4.102E-01
  3.2442500E+03 -1.318E+00 -1.226E+00 -2.993E-01
  3.2447500E+03 -1.129E+00 -1.291E+00 -8.932E-01
  3.2452500E+03 -1.307E+00 -1.429E+00 -1.185E+00
  3.2457500E+03 -1.749E+00 -1.922E+00 -1.428E+00
  3.2462500E+03 -1.653E+00 -1.579E+00 -5.868E-01
  3.2467500E+03 -1.220E+00 -1.336E+00 -1.045E+00
  3.2472500E+03 -1.352E+00 -1.321E+00 -6.995E-01
  3.2477500E+03 -1.109E+00 -1.022E+00 -3.775E-01
  3.2482500E+03 -1.430E+00 -1.478E+00 -1.008E+00
  3.2487500E+03 -1.895E+00 -1.826E+00 -5.002E-01
  3.2492500E+03 -1.385E+00 -1.500E+00 -7.741E-01
  3.2497500E+03 -1.423E+00 -1.469E+00 -1.674E-01
  3.2502500E+03 -1.569E+00 -1.583E+00 -6.114E-01
  3.2507500E+03 -1.655E+00 -1.699E+00 -9.256E-01
  3.2512500E+03 -1.055E+00 -1.025E+00 -4.807E-01
  3.2517500E+03 -1.404E+00 -1.595E+00 -1.222E+00
  3.2522500E+03 -1.613E+00 -1.565E+00 -2.063E-01
  3.2527500E+03 -1.490E+00 -1.553E+00 -6.934E-01
  3.2532500E+03 -1.625E+00 -1.677E+00 -4.322E-01
  3.2537500E+03 -1.094E+00 -1.299E+00 -1.137E+00
  3.2542500E+03 -1.234E+00 -1.353E+00 -1.425E+00
  3.2547500E+03 -1.311E+00 -1.276E+00 -1.547E-01
  3.2552500E+03 -1.126E+00 -1.143E+00 -7.964E-01
