 -1.2972500E+03 -0.000E+00 -0.000E+00  0.000E+00
 -1.2967500E+03 -0.000E+00 -0.000E+00  0.000E+00
 -1.2962500E+03 -0.000E+00 -0.000E+00  0.000E+00
 -1.2957500E+03 -0.000E+00 -0.000E+00  0.000E+00
 -1.2952500E+03 -0.000E+00 -0.000E+00  0.000E+00
 -1.2947500E+03 -0.000E+00 -0.000E+00  0.000E+00
 -1.2942500E+03 -0.000E+00 -0.000E+00  0.000E+00
 -1.2937500E+03 -0.000E+00 -0.000E+00  0.000E+00
 -1.2932500E+03 -0.000E+00 -0.000E+00  0.000E+00
 -1.2927500E+03 -0.000E+00 -0.000E+00  0.000E+00
 -1.2922500E+03 -0.000E+00 -0.000E+00  0.000E+00
 -1.2917500E+03 -0.000E+00 -0.000E+00  0.000E+00
 -1.2912500E+03 -0.000E+00 -0.000E+00  0.000E+00
 -1.2907500E+03 -0.000E+00 -0.000E+00  0.000E+00
 -1.2902500E+03 -0.000E+00 -0.000E+00  0.000E+00
 -1.2897500E+03 -0.000E+00 -0.000E+00  0.000E+00
 -1.2892500E+03 -0.000E+00 -0.000E+00  0.000E+00
 -1.2887500E+03 -0.000E+00 -0.000E+00  0.000E+00
 -1.2882500E+03 -0.000E+00 -0.000E+00  0.000E+00
 -1.2877500E+03 -0.000E+00 -0.000E+00  0.000E+00
 -1.2872500E+03 -0.000E+00 -0.000E+00  0.000E+00
 -1.2867500E+03 -0.000E+00 -0.000E+00  0.000E+00
 -1.2862500E+03 -0.000E+00 -0.000E+00  0.000E+00
 -1.2857500E+03 -0.000E+00 -0.000E+00  0.000E+00
 -1.2852500E+03 -0.000E+00 -0.000E+00  0.000E+00
 -1.2847500E+03 -0.000E+00 -0.000E+00  0.000E+00
 -1.2842500E+03 -0.000E+00 -0.000E+00  0.000E+00
 -1.2837500E+03 -0.000E+00 -0.000E+00  0.000E+00
 -1.2832500E+03 -0.000E+00 -0.000E+00  0.000E+00
 -1.2827500E+03 -0.000E+00 -0.000E+00  0.000E+00
 -1.2822500E+03 -0.000E+00 -0.000E+00  0.000E+00
 -1.2817500E+03 -0.000E+00 -0.000E+00  0.000E+00
 -1.2812500E+03 -0.000E+00 -0.000E+00  0.000E+00
 -1.2807500E+03 -0.000E+00 -0.000E+00  0.000E+00
 -1.2802500E+03 -0.000E+00 -0.000E+00  0.000E+00
 -1.2797500E+03 -0.000E+00 -0.000E+00  0.000E+00
 -1.2792500E+03 -0.000E+00 -0.000E+00  0.000E+00
 -1.2787500E+03 -0.000E+00 -0.000E+00  0.000E+00
 -1.2782500E+03 -0.000E+00 -0.000E+00  0.000E+00
 -1.2777500E+03 -0.000E+00 -0.000E+00  0.000E+00
 -1.2772500E+03 -0.000E+00 -0.000E+00  0.000E+00
 -1.2767500E+03 -0.000E+00 -0.000E+00  0.000E+00
 -1.2762500E+03 -0.000E+00 -0.000E+00  0.000E+00
 -1.2757500E+03 -0.000E+00 -0.000E+00  0.000E+00
 -1.2752500E+03 -0.000E+00 -0.000E+00  0.000E+00
 -1.2747500E+03 -0.000E+00 -0.000E+00  0.000E+00
 -1.2742500E+03 -0.000E+00 -0.000E+00  0.000E+00
 -1.2737500E+03 -0.000E+00 -0.000E+00  0.000E+00
 -1.2732500E+03 -0.000E+00 -0.000E+00  0.000E+00
 -1.2727500E+03 -0.000E+00 -0.000E+00  0.000E+00
 -1.2722500E+03 -0.000E+00 -0.000E+00  0.000E+00
 -1.2717500E+03 -0.000E+00 -0.000E+00  0.000E+00
 -1.2712500E+03 -0.000E+00 -0.000E+00  0.000E+00
 -1.2707500E+03 -0.000E+00 -0.000E+00  0.000E+00
 -1.2702500E+03 -0.000E+00 -0.000E+00  0.000E+00
 -1.2697500E+03 -0.000E+00 -0.000E+00  0.000E+00
 -1.2692500E+03 -0.000E+00 -0.000E+00  0.000E+00
 -1.2687500E+03 -0.000E+00 -0.000E+00  0.000E+00
 -1.2682500E+03 -0.000E+00 -0.000E+00  0.000E+00
 -1.2677500E+03 -0.000E+00 -0.000E+00  0.000E+00
 -1.2672500E+03 -0.000E+00 -0.000E+00  0.000E+00
 -1.2667500E+03 -0.000E+00 -0.000E+00  0.000E+00
 -1.2662500E+03 -0.000E+00 -0.000E+00  0.000E+00
 -1.2657500E+03 -0.000E+00 -0.000E+00  0.000E+00
 -1.2652500E+03 -0.000E+00 -0.000E+00  0.000E+00
 -1.2647500E+03 -0.000E+00 -0.000E+00  0.000E+00
 -1.2642500E+03 -0.000E+00 -0.000E+00  0.000E+00
 -1.2637500E+03 -0.000E+00 -0.000E+00  0.000E+00
 -1.2632500E+03 -0.000E+00 -0.000E+00  0.000E+00
 -1.2627500E+03 -0.000E+00 -0.000E+00  0.000E+00
 -1.2622500E+03 -0.000E+00 -0.000E+00  0.000E+00
 -1.2617500E+03 -0.000E+00 -0.000E+00  0.000E+00
 -1.2612500E+03 -0.000E+00 -0.000E+00  0.000E+00
 -1.2607500E+03 -0.000E+00 -0.000E+00  0.000E+00
 -1.2602500E+03 -0.000E+00 -0.000E+00  0.000E+00
 -1.2597500E+03 -0.000E+00 -0.000E+00  0.000E+00
 -1.2592500E+03 -0.000E+00 -0.000E+00  0.000E+00
 -1.2587500E+03 -0.000E+00 -0.000E+00  0.000E+00
 -1.2582500E+03 -0.000E+00 -0.000E+00  0.000E+00
 -1.2577500E+03 -0.000E+00 -0.000E+00  0.000E+00
 -1.2572500E+03 -0.000E+00 -0.000E+00  0.000E+00
 -1.2567500E+03 -0.000E+00 -0.000E+00  0.000E+00
 -1.2562500E+03 -0.000E+00 -0.000E+00  0.000E+00
 -1.2557500E+03 -0.000E+00 -0.000E+00  0.000E+00
 -1.2552500E+03 -0.000E+00 -0.000E+00  0.000E+00
 -1.2547500E+03 -0.000E+00 -0.000E+00  0.000E+00
 -1.2542500E+03 -0.000E+00 -0.000E+00  0.000E+00
 -1.2537500E+03 -0.000E+00 -0.000E+00  0.000E+00
 -1.2532500E+03 -0.000E+00 -0.000E+00  0.000E+00
 -1.2527500E+03 -0.000E+00 -0.000E+00  0.000E+00
 -1.2522500E+03 -0.000E+00 -0.000E+00  0.000E+00
 -1.2517500E+03 -0.000E+00 -0.000E+00  0.000E+00
 -1.2512500E+03 -0.000E+00 -0.000E+00  0.000E+00
 -1.2507500E+03 -0.000E+00 -0.000E+00  0.000E+00
 -1.2502500E+03 -0.000E+00 -0.000E+00  0.000E+00
 -1.2497500E+03 -0.000E+00 -0.000E+00  0.000E+00
 -1.2492500E+03 -0.000E+00 -0.000E+00  0.000E+00
 -1.2487500E+03 -0.000E+00 -0.000E+00  0.000E+00
 -1.2482500E+03 -0.000E+00 -0.000E+00  0.000E+00
 -1.2477500E+03 -0.000E+00 -0.000E+00  0.000E+00
 -1.2472500E+03 -0.000E+00 -0.000E+00  0.000E+00
 -1.2467500E+03 -0.000E+00 -0.000E+00  0.000E+00
 -1.2462500E+03 -0.000E+00 -0.000E+00  0.000E+00
 -1.2457500E+03 -0.000E+00 -0.000E+00  0.000E+00
 -1.2452500E+03 -0.000E+00 -0.000E+00  0.000E+00
 -1.2447500E+03 -0.000E+00 -0.000E+00  0.000E+00
 -1.2442500E+03 -0.000E+00 -0.000E+00  0.000E+00
 -1.2437500E+03 -0.000E+00 -0.000E+00  0.000E+00
 -1.2432500E+03 -0.000E+00 -0.000E+00  0.000E+00
 -1.2427500E+03 -0.000E+00 -0.000E+00  0.000E+00
 -1.2422500E+03 -0.000E+00 -0.000E+00  0.000E+00
 -1.2417500E+03 -0.000E+00 -0.000E+00  0.000E+00
 -1.2412500E+03 -0.000E+00 -0.000E+00  0.000E+00
 -1.2407500E+03 -0.000E+00 -0.000E+00  0.000E+00
 -1.2402500E+03 -0.000E+00 -0.000E+00  0.000E+00
 -1.2397500E+03 -0.000E+00 -0.000E+00  0.000E+00
 -1.2392500E+03 -0.000E+00 -0.000E+00  0.000E+00
 -1.2387500E+03 -0.000E+00 -0.000E+00  0.000E+00
 -1.2382500E+03 -0.000E+00 -0.000E+00  0.000E+00
 -1.2377500E+03 -0.000E+00 -0.000E+00  0.000E+00
 -1.2372500E+03 -0.000E+00 -0.000E+00  0.000E+00
 -1.2367500E+03 -0.000E+00 -0.000E+00  0.000E+00
 -1.2362500E+03 -0.000E+00 -0.000E+00  0.000E+00
 -1.2357500E+03 -0.000E+00 -0.000E+00  0.000E+00
 -1.2352500E+03 -0.000E+00 -0.000E+00  0.000E+00
 -1.2347500E+03 -0.000E+00 -0.000E+00  0.000E+00
 -1.2342500E+03 -0.000E+00 -0.000E+00  0.000E+00
 -1.2337500E+03 -0.000E+00 -0.000E+00  0.000E+00
 -1.2332500E+03 -0.000E+00 -0.000E+00  0.000E+00
 -1.2327500E+03 -0.000E+00 -0.000E+00  0.000E+00
 -1.2322500E+03 -0.000E+00 -0.000E+00  0.000E+00
 -1.2317500E+03 -0.000E+00 -0.000E+00  0.000E+00
 -1.2312500E+03 -0.000E+00 -0.000E+00  0.000E+00
 -1.2307500E+03 -0.000E+00 -0.000E+00  0.000E+00
 -1.2302500E+03 -0.000E+00 -0.000E+00  0.000E+00
 -1.2297500E+03 -0.000E+00 -0.000E+00  0.000E+00
 -1.2292500E+03 -0.000E+00 -0.000E+00  0.000E+00
 -1.2287500E+03 -0.000E+00 -0.000E+00  0.000E+00
 -1.2282500E+03 -0.000E+00 -0.000E+00  0.000E+00
 -1.2277500E+03 -0.000E+00 -0.000E+00  0.000E+00
 -1.2272500E+03 -0.000E+00 -0.000E+00  0.000E+00
 -1.2267500E+03 -0.000E+00 -0.000E+00  0.000E+00
 -1.2262500E+03 -0.000E+00 -0.000E+00  0.000E+00
 -1.2257500E+03 -0.000E+00 -0.000E+00  0.000E+00
 -1.2252500E+03 -0.000E+00 -0.000E+00  0.000E+00
 -1.2247500E+03 -0.000E+00 -0.000E+00  0.000E+00
 -1.2242500E+03 -0.000E+00 -0.000E+00  0.000E+00
 -1.2237500E+03 -0.000E+00 -0.000E+00  0.000E+00
 -1.2232500E+03 -0.000E+00 -0.000E+00  0.000E+00
 -1.2227500E+03 -0.000E+00 -0.000E+00  0.000E+00
 -1.2222500E+03 -0.000E+00 -0.000E+00  0.000E+00
 -1.2217500E+03 -0.000E+00 -0.000E+00  0.000E+00
 -1.2212500E+03 -0.000E+00 -0.000E+00  0.000E+00
 -1.2207500E+03 -0.000E+00 -0.000E+00  0.000E+00
 -1.2202500E+03 -0.000E+00 -0.000E+00  0.000E+00
 -1.2197500E+03 -0.000E+00 -0.000E+00  0.000E+00
 -1.2192500E+03 -0.000E+00 -0.000E+00  0.000E+00
 -1.2187500E+03 -0.000E+00 -0.000E+00  0.000E+00
 -1.2182500E+03 -0.000E+00 -0.000E+00  0.000E+00
 -1.2177500E+03 -0.000E+00 -0.000E+00  0.000E+00
 -1.2172500E+03 -0.000E+00 -0.000E+00  0.000E+00
 -1.2167500E+03 -0.000E+00 -0.000E+00  0.000E+00
 -1.2162500E+03 -0.000E+00 -0.000E+00  0.000E+00
 -1.2157500E+03 -0.000E+00 -0.000E+00  0.000E+00
 -1.2152500E+03 -0.000E+00 -0.000E+00  0.000E+00
 -1.2147500E+03 -0.000E+00 -0.000E+00  0.000E+00
 -1.2142500E+03 -0.000E+00 -0.000E+00  0.000E+00
 -1.2137500E+03 -0.000E+00 -0.000E+00  0.000E+00
 -1.2132500E+03 -0.000E+00 -0.000E+00  0.000E+00
 -1.2127500E+03 -0.000E+00 -0.000E+00  0.000E+00
 -1.2122500E+03 -0.000E+00 -0.000E+00  0.000E+00
 -1.2117500E+03 -0.000E+00 -0.000E+00  0.000E+00
 -1.2112500E+03 -0.000E+00 -0.000E+00  0.000E+00
 -1.2107500E+03 -0.000E+00 -0.000E+00  0.000E+00
 -1.2102500E+03 -0.000E+00 -0.000E+00  0.000E+00
 -1.2097500E+03 -0.000E+00 -0.000E+00  0.000E+00
 -1.2092500E+03 -0.000E+00 -0.000E+00  0.000E+00
 -1.2087500E+03 -0.000E+00 -0.000E+00  0.000E+00
 -1.2082500E+03 -0.000E+00 -0.000E+00  0.000E+00
 -1.2077500E+03 -0.000E+00 -0.000E+00  0.000E+00
 -1.2072500E+03 -0.000E+00 -0.000E+00  0.000E+00
 -1.2067500E+03 -0.000E+00 -0.000E+00  0.000E+00
 -1.2062500E+03 -0.000E+00 -0.000E+00  0.000E+00
 -1.2057500E+03 -0.000E+00 -0.000E+00  0.000E+00
 -1.2052500E+03 -0.000E+00 -0.000E+00  0.000E+00
 -1.2047500E+03 -0.000E+00 -0.000E+00  0.000E+00
 -1.2042500E+03 -0.000E+00 -0.000E+00  0.000E+00
 -1.2037500E+03 -0.000E+00 -0.000E+00  0.000E+00
 -1.2032500E+03 -0.000E+00 -0.000E+00  0.000E+00
 -1.2027500E+03 -0.000E+00 -0.000E+00  0.000E+00
 -1.2022500E+03 -0.000E+00 -0.000E+00  0.000E+00
 -1.2017500E+03 -0.000E+00 -0.000E+00  0.000E+00
 -1.2012500E+03 -0.000E+00 -0.000E+00  0.000E+00
 -1.2007500E+03 -0.000E+00 -0.000E+00  0.000E+00
 -1.2002500E+03 -0.000E+00 -0.000E+00  0.000E+00
 -1.1997500E+03 -0.000E+00 -0.000E+00  0.000E+00
 -1.1992500E+03 -0.000E+00 -0.000E+00  0.000E+00
 -1.1987500E+03 -0.000E+00 -0.000E+00  0.000E+00
 -1.1982500E+03 -0.000E+00 -0.000E+00  0.000E+00
 -1.1977500E+03 -0.000E+00 -0.000E+00  0.000E+00
 -1.1972500E+03 -0.000E+00 -0.000E+00  0.000E+00
 -1.1967500E+03 -0.000E+00 -0.000E+00  0.000E+00
 -1.1962500E+03 -0.000E+00 -0.000E+00  0.000E+00
 -1.1957500E+03 -0.000E+00 -0.000E+00  0.000E+00
 -1.1952500E+03 -0.000E+00 -0.000E+00  0.000E+00
 -1.1947500E+03 -0.000E+00 -0.000E+00  0.000E+00
 -1.1942500E+03 -0.000E+00 -0.000E+00  0.000E+00
 -1.1937500E+03 -0.000E+00 -0.000E+00  0.000E+00
 -1.1932500E+03 -0.000E+00 -0.000E+00  0.000E+00
 -1.1927500E+03 -0.000E+00 -0.000E+00  0.000E+00
 -1.1922500E+03 -0.000E+00 -0.000E+00  0.000E+00
 -1.1917500E+03 -0.000E+00 -0.000E+00  0.000E+00
 -1.1912500E+03 -0.000E+00 -0.000E+00  0.000E+00
 -1.1907500E+03 -0.000E+00 -0.000E+00  0.000E+00
 -1.1902500E+03 -0.000E+00 -0.000E+00  0.000E+00
 -1.1897500E+03 -0.000E+00 -0.000E+00  0.000E+00
 -1.1892500E+03 -0.000E+00 -0.000E+00  0.000E+00
 -1.1887500E+03 -0.000E+00 -0.000E+00  0.000E+00
 -1.1882500E+03 -0.000E+00 -0.000E+00  0.000E+00
 -1.1877500E+03 -0.000E+00 -0.000E+00  0.000E+00
 -1.1872500E+03 -0.000E+00 -0.000E+00  0.000E+00
 -1.1867500E+03 -0.000E+00 -0.000E+00  0.000E+00
 -1.1862500E+03 -0.000E+00 -0.000E+00  0.000E+00
 -1.1857500E+03 -0.000E+00 -0.000E+00  0.000E+00
 -1.1852500E+03 -0.000E+00 -0.000E+00  0.000E+00
 -1.1847500E+03 -0.000E+00 -0.000E+00  0.000E+00
 -1.1842500E+03 -0.000E+00 -0.000E+00  0.000E+00
 -1.1837500E+03 -0.000E+00 -0.000E+00  0.000E+00
 -1.1832500E+03 -0.000E+00 -0.000E+00  0.000E+00
 -1.1827500E+03 -0.000E+00 -0.000E+00  0.000E+00
 -1.1822500E+03 -0.000E+00 -0.000E+00  0.000E+00
 -1.1817500E+03 -0.000E+00 -0.000E+00  0.000E+00
 -1.1812500E+03 -0.000E+00 -0.000E+00  0.000E+00
 -1.1807500E+03 -0.000E+00 -0.000E+00  0.000E+00
 -1.1802500E+03 -0.000E+00 -0.000E+00  0.000E+00
 -1.1797500E+03 -0.000E+00 -0.000E+00  0.000E+00
 -1.1792500E+03 -0.000E+00 -0.000E+00  0.000E+00
 -1.1787500E+03 -0.000E+00 -0.000E+00  0.000E+00
 -1.1782500E+03 -0.000E+00 -0.000E+00  0.000E+00
 -1.1777500E+03 -0.000E+00 -0.000E+00  0.000E+00
 -1.1772500E+03 -0.000E+00 -0.000E+00  0.000E+00
 -1.1767500E+03 -0.000E+00 -0.000E+00  0.000E+00
 -1.1762500E+03 -0.000E+00 -0.000E+00  0.000E+00
 -1.1757500E+03 -0.000E+00 -0.000E+00  0.000E+00
 -1.1752500E+03 -0.000E+00 -0.000E+00  0.000E+00
 -1.1747500E+03 -0.000E+00 -0.000E+00  0.000E+00
 -1.1742500E+03 -0.000E+00 -0.000E+00  0.000E+00
 -1.1737500E+03 -0.000E+00 -0.000E+00  0.000E+00
 -1.1732500E+03 -0.000E+00 -0.000E+00  0.000E+00
 -1.1727500E+03 -0.000E+00 -0.000E+00  0.000E+00
 -1.1722500E+03 -0.000E+00 -0.000E+00  0.000E+00
 -1.1717500E+03 -0.000E+00 -0.000E+00  0.000E+00
 -1.1712500E+03 -0.000E+00 -0.000E+00  0.000E+00
 -1.1707500E+03 -0.000E+00 -0.000E+00  0.000E+00
 -1.1702500E+03 -0.000E+00 -0.000E+00  0.000E+00
 -1.1697500E+03 -0.000E+00 -0.000E+00  0.000E+00
 -1.1692500E+03 -0.000E+00 -0.000E+00  0.000E+00
 -1.1687500E+03 -0.000E+00 -0.000E+00  0.000E+00
 -1.1682500E+03 -0.000E+00 -0.000E+00  0.000E+00
 -1.1677500E+03 -0.000E+00 -0.000E+00  0.000E+00
 -1.1672500E+03 -0.000E+00 -0.000E+00  0.000E+00
 -1.1667500E+03 -0.000E+00 -0.000E+00  0.000E+00
 -1.1662500E+03 -0.000E+00 -0.000E+00  0.000E+00
 -1.1657500E+03 -0.000E+00 -0.000E+00  0.000E+00
 -1.1652500E+03 -0.000E+00 -0.000E+00  0.000E+00
 -1.1647500E+03 -0.000E+00 -0.000E+00  0.000E+00
 -1.1642500E+03  2.046E-04 -2.919E-04 -1.892E-03
 -1.1637500E+03  2.726E-03  2.906E-05 -8.897E-03
 -1.1632500E+03  3.750E-03  1.978E-03 -3.879E-03
 -1.1627500E+03  6.044E-04 -1.355E-03 -8.489E-03
 -1.1622500E+03 -2.153E-02 -1.831E-02  1.768E-03
 -1.1617500E+03  6.213E-02  4.892E-02 -2.206E-02
 -1.1612500E+03 -3.030E-02  1.494E-03  1.016E-01
 -1.1607500E+03 -1.284E-01 -1.013E-01  2.967E-02
 -1.1602500E+03 -9.047E-02 -1.033E-01 -1.243E-01
 -1.1597500E+03  1.062E-01  9.703E-02  1.787E-02
 -1.1592500E+03  3.343E-02  4.191E-02  4.479E-02
 -1.1587500E+03  1.480E-01  1.194E-01 -4.385E-02
 -1.1582500E+03  1.627E-01  2.366E-01  3.479E-01
 -1.1577500E+03  5.397E-01  4.103E-01 -2.641E-01
 -1.1572500E+03  8.037E-01  8.173E-01  3.031E-01
 -1.1567500E+03 -5.109E-01 -3.556E-01  2.788E-01
 -1.1562500E+03 -2.530E-01 -3.600E-01 -5.672E-01
 -1.1557500E+03  8.373E-01  3.682E-01 -1.449E+00
 -1.1552500E+03 -1.678E-02  3.735E-01  1.776E+00
 -1.1547500E+03  3.373E-02  8.501E-02  1.261E-01
 -1.1542500E+03  4.422E-01  4.412E-01  3.263E-01
 -1.1537500E+03  1.728E-01  1.420E-01  5.205E-02
 -1.1532500E+03  1.192E-01  1.008E-01 -1.097E-01
 -1.1527500E+03  3.328E-01  4.252E-01  4.543E-01
 -1.1522500E+03 -5.704E-01 -4.412E-01  2.968E-01
 -1.1517500E+03 -4.592E-01 -9.279E-01 -2.931E+00
 -1.1512500E+03  1.218E+00  8.516E-01 -9.899E-01
 -1.1507500E+03  4.275E-01  2.657E-01  1.217E-01
 -1.1502500E+03 -3.469E-01 -4.248E-01 -6.973E-01
 -1.1497500E+03 -8.703E-01 -6.231E-01  4.623E-01
 -1.1492500E+03  6.453E-01  9.104E-01  6.920E-01
 -1.1487500E+03  3.582E-01 -3.762E-03 -2.368E+00
 -1.1482500E+03  1.807E-01  5.513E-01  1.363E+00
 -1.1477500E+03 -4.254E-01 -9.648E-02  1.607E+00
 -1.1472500E+03  3.212E-02 -2.467E-01 -1.243E+00
 -1.1467500E+03 -1.083E+00 -2.944E-01  2.572E+00
 -1.1462500E+03  9.724E-01  1.009E+00 -4.204E-01
 -1.1457500E+03  8.385E-02 -1.405E-01  2.905E-01
 -1.1452500E+03  1.573E+00  7.952E-01 -1.338E+00
 -1.1447500E+03  2.047E+00  1.447E+00 -1.570E+00
 -1.1442500E+03  1.222E+00  1.814E+00  1.518E+00
 -1.1437500E+03  8.371E-01  1.202E+00  1.931E+00
 -1.1432500E+03  3.436E-01  2.974E-01 -7.762E-02
 -1.1427500E+03 -4.176E-01  5.118E-02  3.374E-01
 -1.1422500E+03  8.005E-01  6.812E-01 -4.280E-01
 -1.1417500E+03 -2.933E-01  3.192E-01  2.957E+00
 -1.1412500E+03  1.041E+00  5.324E-01 -6.787E-01
 -1.1407500E+03  1.019E+00  1.334E+00  3.291E+00
 -1.1402500E+03  9.776E-01  8.921E-01 -7.823E-01
 -1.1397500E+03  1.630E-01  1.890E-01  6.836E-01
 -1.1392500E+03  2.376E-01  9.124E-01  3.845E+00
 -1.1387500E+03  1.340E+00  1.139E+00 -8.797E-01
 -1.1382500E+03 -3.814E-01 -4.809E-01 -1.174E+00
 -1.1377500E+03 -4.487E-02 -8.255E-01 -2.484E+00
 -1.1372500E+03  1.445E+00  1.440E+00  5.557E-01
 -1.1367500E+03  1.013E+00  1.241E+00  1.323E+00
 -1.1362500E+03 -1.509E+00 -1.252E+00 -2.251E-01
 -1.1357500E+03  1.636E+00  1.678E+00  2.741E+00
 -1.1352500E+03  1.042E+00  1.114E+00  1.617E+00
 -1.1347500E+03  3.780E+00  3.066E+00 -1.899E+00
 -1.1342500E+03  6.067E+00  6.153E+00  2.946E+00
 -1.1337500E+03  1.909E+01  1.836E+01  7.407E+00
 -1.1332500E+03  5.260E+01  5.280E+01  3.212E+01
 -1.1327500E+03  1.360E+02  1.361E+02  7.792E+01
 -1.1322500E+03  3.734E+02  3.691E+02  1.997E+02
 -1.1317500E+03  7.772E+02  7.750E+02  4.473E+02
 -1.1312500E+03  1.521E+03  1.506E+03  8.355E+02
 -1.1307500E+03  2.413E+03  2.380E+03  1.304E+03
 -1.1302500E+03  3.232E+03  3.189E+03  1.760E+03
 -1.1297500E+03  3.418E+03  3.371E+03  1.871E+03
 -1.1292500E+03  2.838E+03  2.784E+03  1.503E+03
 -1.1287500E+03  1.809E+03  1.766E+03  9.183E+02
 -1.1282500E+03  6.684E+02  6.517E+02  3.491E+02
 -1.1277500E+03  2.726E+01  2.476E+01  6.602E+00
 -1.1272500E+03 -1.578E+02 -1.535E+02 -8.008E+01
 -1.1267500E+03 -1.636E+02 -1.554E+02 -6.861E+01
 -1.1262500E+03 -1.585E+02 -1.541E+02 -8.036E+01
 -1.1257500E+03 -1.013E+02 -1.005E+02 -6.208E+01
 -1.1252500E+03 -9.163E+01 -9.183E+01 -5.898E+01
 -1.1247500E+03 -9.023E+01 -9.364E+01 -6.804E+01
 -1.1242500E+03 -9.402E+01 -8.843E+01 -3.509E+01
 -1.1237500E+03 -9.135E+01 -8.228E+01 -2.018E+01
 -1.1232500E+03 -7.120E+01 -6.828E+01 -3.439E+01
 -1.1227500E+03 -7.708E+01 -7.584E+01 -4.308E+01
 -1.1222500E+03 -7.544E+01 -7.474E+01 -4.416E+01
 -1.1217500E+03 -7.658E+01 -7.654E+01 -4.668E+01
 -1.1212500E+03 -7.981E+01 -7.962E+01 -4.713E+01
 -1.1207500E+03 -7.452E+01 -7.250E+01 -3.841E+01
 -1.1202500E+03 -6.926E+01 -6.589E+01 -2.918E+01
 -1.1197500E+03 -7.105E+01 -6.931E+01 -3.706E+01
 -1.1192500E+03 -6.874E+01 -6.706E+01 -3.571E+01
 -1.1187500E+03 -5.538E+01 -5.685E+01 -4.123E+01
 -1.1182500E+03 -6.454E+01 -6.284E+01 -3.385E+01
 -1.1177500E+03 -6.923E+01 -6.501E+01 -2.478E+01
 -1.1172500E+03 -7.576E+01 -6.979E+01 -2.157E+01
 -1.1167500E+03 -6.977E+01 -6.565E+01 -2.941E+01
 -1.1162500E+03 -5.690E+01 -5.475E+01 -3.103E+01
 -1.1157500E+03 -5.435E+01 -5.429E+01 -3.372E+01
 -1.1152500E+03 -6.820E+01 -6.798E+01 -4.012E+01
 -1.1147500E+03 -6.123E+01 -6.234E+01 -4.235E+01
 -1.1142500E+03 -5.528E+01 -5.254E+01 -2.195E+01
 -1.1137500E+03 -6.968E+01 -6.901E+01 -3.937E+01
 -1.1132500E+03 -6.047E+01 -5.892E+01 -3.002E+01
 -1.1127500E+03 -5.752E+01 -5.844E+01 -3.969E+01
 -1.1122500E+03 -5.860E+01 -5.552E+01 -2.374E+01
 -1.1117500E+03 -6.444E+01 -6.359E+01 -3.617E+01
 -1.1112500E+03 -5.617E+01 -5.590E+01 -3.281E+01
 -1.1107500E+03 -6.471E+01 -6.133E+01 -2.627E+01
 -1.1102500E+03 -5.782E+01 -5.764E+01 -3.482E+01
 -1.1097500E+03 -5.287E+01 -5.324E+01 -3.352E+01
 -1.1092500E+03 -6.107E+01 -5.943E+01 -2.988E+01
 -1.1087500E+03 -4.848E+01 -4.763E+01 -2.710E+01
 -1.1082500E+03 -5.805E+01 -5.746E+01 -3.334E+01
 -1.1077500E+03 -5.934E+01 -5.909E+01 -3.510E+01
 -1.1072500E+03 -5.548E+01 -5.311E+01 -2.372E+01
 -1.1067500E+03 -5.378E+01 -5.174E+01 -2.478E+01
 -1.1062500E+03 -5.713E+01 -5.449E+01 -2.491E+01
 -1.1057500E+03 -5.393E+01 -5.402E+01 -2.993E+01
 -1.1052500E+03 -5.458E+01 -5.539E+01 -3.423E+01
 -1.1047500E+03 -5.238E+01 -5.134E+01 -2.731E+01
 -1.1042500E+03 -4.677E+01 -4.652E+01 -2.645E+01
 -1.1037500E+03 -5.341E+01 -5.188E+01 -2.650E+01
 -1.1032500E+03 -5.328E+01 -5.169E+01 -2.713E+01
 -1.1027500E+03 -5.420E+01 -5.103E+01 -2.011E+01
 -1.1022500E+03 -4.756E+01 -4.620E+01 -2.421E+01
 -1.1017500E+03 -5.214E+01 -5.143E+01 -2.958E+01
 -1.1012500E+03 -4.375E+01 -4.416E+01 -2.840E+01
 -1.1007500E+03 -5.419E+01 -5.202E+01 -2.418E+01
 -1.1002500E+03 -4.964E+01 -5.032E+01 -3.280E+01
 -1.0997500E+03 -4.462E+01 -4.413E+01 -2.584E+01
 -1.0992500E+03 -4.963E+01 -4.805E+01 -2.373E+01
 -1.0987500E+03 -5.507E+01 -5.480E+01 -3.245E+01
 -1.0982500E+03 -5.130E+01 -5.005E+01 -2.587E+01
 -1.0977500E+03 -4.508E+01 -4.307E+01 -1.929E+01
 -1.0972500E+03 -4.525E+01 -4.546E+01 -2.859E+01
 -1.0967500E+03 -4.516E+01 -4.274E+01 -1.803E+01
 -1.0962500E+03 -4.458E+01 -4.476E+01 -2.778E+01
 -1.0957500E+03 -4.814E+01 -4.754E+01 -2.743E+01
 -1.0952500E+03 -4.687E+01 -4.534E+01 -2.329E+01
 -1.0947500E+03 -4.678E+01 -4.597E+01 -2.504E+01
 -1.0942500E+03 -4.752E+01 -4.652E+01 -2.438E+01
 -1.0937500E+03 -4.314E+01 -4.118E+01 -1.865E+01
 -1.0932500E+03 -4.667E+01 -4.664E+01 -2.850E+01
 -1.0927500E+03 -4.723E+01 -4.624E+01 -2.384E+01
 -1.0922500E+03 -4.370E+01 -4.329E+01 -2.575E+01
 -1.0917500E+03 -4.229E+01 -3.996E+01 -1.639E+01
 -1.0912500E+03 -5.014E+01 -4.909E+01 -2.489E+01
 -1.0907500E+03 -4.588E+01 -4.481E+01 -2.341E+01
 -1.0902500E+03 -4.410E+01 -4.357E+01 -2.444E+01
 -1.0897500E+03 -4.243E+01 -4.304E+01 -2.762E+01
 -1.0892500E+03 -4.023E+01 -4.002E+01 -2.434E+01
 -1.0887500E+03 -4.457E+01 -4.344E+01 -2.345E+01
 -1.0882500E+03 -4.098E+01 -4.131E+01 -2.651E+01
 -1.0877500E+03 -4.038E+01 -3.971E+01 -2.116E+01
 -1.0872500E+03 -4.269E+01 -4.262E+01 -2.531E+01
 -1.0867500E+03 -4.165E+01 -4.114E+01 -2.281E+01
 -1.0862500E+03 -4.149E+01 -4.034E+01 -2.101E+01
 -1.0857500E+03 -4.365E+01 -4.260E+01 -2.291E+01
 -1.0852500E+03 -4.319E+01 -4.170E+01 -2.122E+01
 -1.0847500E+03 -4.117E+01 -4.009E+01 -1.971E+01
 -1.0842500E+03 -3.808E+01 -3.723E+01 -1.997E+01
 -1.0837500E+03 -4.057E+01 -4.113E+01 -2.649E+01
 -1.0832500E+03 -4.337E+01 -4.229E+01 -2.169E+01
 -1.0827500E+03 -3.749E+01 -3.811E+01 -2.545E+01
 -1.0822500E+03 -4.288E+01 -4.084E+01 -1.723E+01
 -1.0817500E+03 -4.482E+01 -4.452E+01 -2.533E+01
 -1.0812500E+03 -3.934E+01 -3.894E+01 -2.120E+01
 -1.0807500E+03 -3.869E+01 -3.804E+01 -2.114E+01
 -1.0802500E+03 -3.706E+01 -3.640E+01 -2.024E+01
 -1.0797500E+03 -3.943E+01 -3.807E+01 -1.893E+01
 -1.0792500E+03 -3.841E+01 -3.840E+01 -2.328E+01
 -1.0787500E+03 -3.937E+01 -3.952E+01 -2.433E+01
 -1.0782500E+03 -4.125E+01 -4.018E+01 -2.119E+01
 -1.0777500E+03 -4.180E+01 -4.036E+01 -1.938E+01
 -1.0772500E+03 -3.842E+01 -3.828E+01 -2.136E+01
 -1.0767500E+03 -3.626E+01 -3.704E+01 -2.470E+01
 -1.0762500E+03 -3.940E+01 -3.722E+01 -1.473E+01
 -1.0757500E+03 -4.127E+01 -3.932E+01 -1.725E+01
 -1.0752500E+03 -3.569E+01 -3.439E+01 -1.692E+01
 -1.0747500E+03 -3.517E+01 -3.498E+01 -2.059E+01
 -1.0742500E+03 -3.802E+01 -3.703E+01 -1.812E+01
 -1.0737500E+03 -3.607E+01 -3.555E+01 -2.047E+01
 -1.0732500E+03 -4.144E+01 -3.939E+01 -1.776E+01
 -1.0727500E+03 -3.738E+01 -3.622E+01 -1.844E+01
 -1.0722500E+03 -3.499E+01 -3.327E+01 -1.618E+01
 -1.0717500E+03 -3.312E+01 -3.318E+01 -2.089E+01
 -1.0712500E+03 -3.266E+01 -3.274E+01 -1.997E+01
 -1.0707500E+03 -3.485E+01 -3.433E+01 -1.798E+01
 -1.0702500E+03 -3.300E+01 -3.290E+01 -1.899E+01
 -1.0697500E+03 -4.101E+01 -4.083E+01 -2.395E+01
 -1.0692500E+03 -3.371E+01 -3.356E+01 -2.033E+01
 -1.0687500E+03 -3.248E+01 -3.176E+01 -1.616E+01
 -1.0682500E+03 -3.585E+01 -3.354E+01 -1.315E+01
 -1.0677500E+03 -3.096E+01 -2.986E+01 -1.681E+01
 -1.0672500E+03 -3.208E+01 -3.178E+01 -1.999E+01
 -1.0667500E+03 -3.179E+01 -3.167E+01 -1.714E+01
 -1.0662500E+03 -3.561E+01 -3.528E+01 -1.917E+01
 -1.0657500E+03 -3.713E+01 -3.593E+01 -1.707E+01
 -1.0652500E+03 -3.336E+01 -3.244E+01 -1.700E+01
 -1.0647500E+03 -3.492E+01 -3.414E+01 -1.841E+01
 -1.0642500E+03 -3.648E+01 -3.610E+01 -2.004E+01
 -1.0637500E+03 -3.669E+01 -3.610E+01 -1.938E+01
 -1.0632500E+03 -3.213E+01 -3.161E+01 -1.739E+01
 -1.0627500E+03 -2.833E+01 -2.782E+01 -1.521E+01
 -1.0622500E+03 -3.255E+01 -3.261E+01 -2.093E+01
 -1.0617500E+03 -3.294E+01 -3.229E+01 -1.688E+01
 -1.0612500E+03 -3.228E+01 -3.236E+01 -1.839E+01
 -1.0607500E+03 -3.018E+01 -2.984E+01 -1.805E+01
 -1.0602500E+03 -3.068E+01 -3.029E+01 -1.715E+01
 -1.0597500E+03 -3.552E+01 -3.467E+01 -1.583E+01
 -1.0592500E+03 -3.115E+01 -3.022E+01 -1.464E+01
 -1.0587500E+03 -3.159E+01 -3.051E+01 -1.541E+01
 -1.0582500E+03 -3.087E+01 -2.941E+01 -1.265E+01
 -1.0577500E+03 -2.948E+01 -2.987E+01 -1.805E+01
 -1.0572500E+03 -3.265E+01 -3.025E+01 -1.369E+01
 -1.0567500E+03 -3.221E+01 -3.010E+01 -1.741E+01
 -1.0562500E+03 -3.120E+01 -3.113E+01 -2.046E+01
 -1.0557500E+03 -2.934E+01 -2.974E+01 -1.918E+01
 -1.0552500E+03 -3.305E+01 -3.132E+01 -1.296E+01
 -1.0547500E+03 -3.102E+01 -2.901E+01 -1.273E+01
 -1.0542500E+03 -2.882E+01 -2.700E+01 -1.209E+01
 -1.0537500E+03 -3.091E+01 -2.954E+01 -1.546E+01
 -1.0532500E+03 -3.066E+01 -3.090E+01 -1.863E+01
 -1.0527500E+03 -2.585E+01 -2.643E+01 -1.384E+01
 -1.0522500E+03 -2.695E+01 -2.751E+01 -1.646E+01
 -1.0517500E+03 -3.089E+01 -3.087E+01 -1.819E+01
 -1.0512500E+03 -2.973E+01 -2.898E+01 -1.526E+01
 -1.0507500E+03 -2.854E+01 -2.859E+01 -1.686E+01
 -1.0502500E+03 -3.357E+01 -3.264E+01 -1.628E+01
 -1.0497500E+03 -3.059E+01 -3.004E+01 -1.626E+01
 -1.0492500E+03 -2.798E+01 -2.824E+01 -1.801E+01
 -1.0487500E+03 -3.040E+01 -2.991E+01 -1.557E+01
 -1.0482500E+03 -3.152E+01 -3.019E+01 -1.445E+01
 -1.0477500E+03 -2.695E+01 -2.717E+01 -1.956E+01
 -1.0472500E+03 -2.700E+01 -2.657E+01 -1.680E+01
 -1.0467500E+03 -2.562E+01 -2.532E+01 -1.395E+01
 -1.0462500E+03 -2.858E+01 -2.791E+01 -1.440E+01
 -1.0457500E+03 -2.969E+01 -2.882E+01 -1.424E+01
 -1.0452500E+03 -2.763E+01 -2.654E+01 -1.127E+01
 -1.0447500E+03 -2.976E+01 -2.883E+01 -1.388E+01
 -1.0442500E+03 -2.944E+01 -2.853E+01 -1.442E+01
 -1.0437500E+03 -2.486E+01 -2.461E+01 -1.556E+01
 -1.0432500E+03 -2.492E+01 -2.630E+01 -1.459E+01
 -1.0427500E+03 -2.728E+01 -2.876E+01 -1.477E+01
 -1.0422500E+03 -2.641E+01 -2.518E+01 -1.019E+01
 -1.0417500E+03 -2.645E+01 -2.626E+01 -1.536E+01
 -1.0412500E+03 -2.604E+01 -2.659E+01 -1.758E+01
 -1.0407500E+03 -2.857E+01 -2.619E+01 -1.394E+01
 -1.0402500E+03 -2.606E+01 -2.597E+01 -1.544E+01
 -1.0397500E+03 -2.849E+01 -2.824E+01 -1.604E+01
 -1.0392500E+03 -2.803E+01 -2.760E+01 -1.503E+01
 -1.0387500E+03 -2.655E+01 -2.575E+01 -1.298E+01
 -1.0382500E+03 -2.715E+01 -2.616E+01 -1.282E+01
 -1.0377500E+03 -2.538E+01 -2.422E+01 -1.283E+01
 -1.0372500E+03 -2.639E+01 -2.541E+01 -1.240E+01
 -1.0367500E+03 -2.580E+01 -2.526E+01 -1.295E+01
 -1.0362500E+03 -2.611E+01 -2.533E+01 -1.248E+01
 -1.0357500E+03 -2.558E+01 -2.548E+01 -1.498E+01
 -1.0352500E+03 -2.627E+01 -2.573E+01 -1.364E+01
 -1.0347500E+03 -2.444E+01 -2.481E+01 -1.449E+01
 -1.0342500E+03 -2.609E+01 -2.559E+01 -1.281E+01
 -1.0337500E+03 -2.429E+01 -2.445E+01 -1.533E+01
 -1.0332500E+03 -2.202E+01 -2.208E+01 -1.394E+01
 -1.0327500E+03 -2.567E+01 -2.544E+01 -1.449E+01
 -1.0322500E+03 -2.548E+01 -2.448E+01 -1.135E+01
 -1.0317500E+03 -2.442E+01 -2.417E+01 -1.392E+01
 -1.0312500E+03 -2.463E+01 -2.411E+01 -1.253E+01
 -1.0307500E+03 -2.701E+01 -2.651E+01 -1.359E+01
 -1.0302500E+03 -2.442E+01 -2.324E+01 -1.055E+01
 -1.0297500E+03 -2.485E+01 -2.447E+01 -1.306E+01
 -1.0292500E+03 -2.347E+01 -2.394E+01 -1.513E+01
 -1.0287500E+03 -2.247E+01 -2.357E+01 -1.633E+01
 -1.0282500E+03 -2.620E+01 -2.530E+01 -1.191E+01
 -1.0277500E+03 -2.411E+01 -2.341E+01 -1.149E+01
 -1.0272500E+03 -2.473E+01 -2.451E+01 -1.408E+01
 -1.0267500E+03 -2.511E+01 -2.437E+01 -1.222E+01
 -1.0262500E+03 -2.407E+01 -2.416E+01 -1.492E+01
 -1.0257500E+03 -2.405E+01 -2.385E+01 -1.327E+01
 -1.0252500E+03 -2.166E+01 -2.183E+01 -1.342E+01
 -1.0247500E+03 -2.578E+01 -2.487E+01 -1.196E+01
 -1.0242500E+03 -2.493E+01 -2.417E+01 -1.240E+01
 -1.0237500E+03 -2.243E+01 -2.187E+01 -1.099E+01
 -1.0232500E+03 -2.188E+01 -2.199E+01 -1.377E+01
 -1.0227500E+03 -2.371E+01 -2.313E+01 -1.178E+01
 -1.0222500E+03 -2.560E+01 -2.482E+01 -1.246E+01
 -1.0217500E+03 -2.255E+01 -2.193E+01 -1.113E+01
 -1.0212500E+03 -2.188E+01 -2.187E+01 -1.362E+01
 -1.0207500E+03 -2.180E+01 -2.222E+01 -1.477E+01
 -1.0202500E+03 -2.513E+01 -2.468E+01 -1.282E+01
 -1.0197500E+03 -2.566E+01 -2.520E+01 -1.337E+01
 -1.0192500E+03 -2.225E+01 -2.176E+01 -1.124E+01
 -1.0187500E+03 -2.304E+01 -2.225E+01 -1.061E+01
 -1.0182500E+03 -2.269E+01 -2.248E+01 -1.337E+01
 -1.0177500E+03 -2.226E+01 -2.206E+01 -1.226E+01
 -1.0172500E+03 -2.182E+01 -2.103E+01 -9.660E+00
 -1.0167500E+03 -1.920E+01 -1.915E+01 -1.137E+01
 -1.0162500E+03 -1.986E+01 -1.933E+01 -9.223E+00
 -1.0157500E+03 -2.360E+01 -2.290E+01 -1.225E+01
 -1.0152500E+03 -2.267E+01 -2.181E+01 -1.236E+01
 -1.0147500E+03 -2.195E+01 -2.082E+01 -8.612E+00
 -1.0142500E+03 -2.178E+01 -2.114E+01 -1.131E+01
 -1.0137500E+03 -2.030E+01 -2.239E+01 -1.363E+01
 -1.0132500E+03 -2.346E+01 -2.346E+01 -1.259E+01
 -1.0127500E+03 -2.202E+01 -2.242E+01 -1.392E+01
 -1.0122500E+03 -2.292E+01 -2.251E+01 -1.174E+01
 -1.0117500E+03 -2.045E+01 -2.025E+01 -1.150E+01
 -1.0112500E+03 -2.028E+01 -1.976E+01 -1.014E+01
 -1.0107500E+03 -2.041E+01 -2.027E+01 -1.248E+01
 -1.0102500E+03 -2.289E+01 -2.247E+01 -1.242E+01
 -1.0097500E+03 -2.284E+01 -2.196E+01 -9.837E+00
 -1.0092500E+03 -2.010E+01 -1.976E+01 -1.114E+01
 -1.0087500E+03 -2.160E+01 -2.112E+01 -1.093E+01
 -1.0082500E+03 -2.075E+01 -2.074E+01 -1.175E+01
 -1.0077500E+03 -1.939E+01 -1.964E+01 -1.270E+01
 -1.0072500E+03 -2.093E+01 -2.024E+01 -9.919E+00
 -1.0067500E+03 -2.040E+01 -1.968E+01 -1.005E+01
 -1.0062500E+03 -2.266E+01 -2.226E+01 -1.206E+01
 -1.0057500E+03 -2.000E+01 -2.062E+01 -1.343E+01
 -1.0052500E+03 -1.940E+01 -1.956E+01 -1.161E+01
 -1.0047500E+03 -2.107E+01 -2.072E+01 -1.140E+01
 -1.0042500E+03 -1.821E+01 -1.793E+01 -9.561E+00
 -1.0037500E+03 -1.996E+01 -1.983E+01 -1.166E+01
 -1.0032500E+03 -2.168E+01 -2.043E+01 -7.585E+00
 -1.0027500E+03 -2.105E+01 -2.000E+01 -7.918E+00
 -1.0022500E+03 -1.871E+01 -1.903E+01 -1.231E+01
 -1.0017500E+03 -2.022E+01 -2.048E+01 -1.217E+01
 -1.0012500E+03 -1.919E+01 -1.847E+01 -8.918E+00
 -1.0007500E+03 -1.956E+01 -1.870E+01 -8.791E+00
 -1.0002500E+03 -1.855E+01 -1.877E+01 -1.183E+01
 -9.9975000E+02 -1.864E+01 -1.843E+01 -1.048E+01
 -9.9925000E+02 -1.894E+01 -1.859E+01 -1.086E+01
 -9.9875000E+02 -1.938E+01 -1.932E+01 -1.148E+01
 -9.9825000E+02 -1.870E+01 -1.875E+01 -1.131E+01
 -9.9775000E+02 -2.049E+01 -2.027E+01 -1.154E+01
 -9.9725000E+02 -1.920E+01 -1.890E+01 -1.077E+01
 -9.9675000E+02 -2.028E+01 -2.003E+01 -1.100E+01
 -9.9625000E+02 -1.747E+01 -1.741E+01 -9.269E+00
 -9.9575000E+02 -2.009E+01 -1.943E+01 -9.780E+00
 -9.9525000E+02 -1.838E+01 -1.856E+01 -1.206E+01
 -9.9475000E+02 -1.889E+01 -1.892E+01 -1.178E+01
 -9.9425000E+02 -1.796E+01 -1.824E+01 -1.193E+01
 -9.9375000E+02 -1.991E+01 -1.945E+01 -9.891E+00
 -9.9325000E+02 -1.943E+01 -1.898E+01 -9.396E+00
 -9.9275000E+02 -2.002E+01 -1.934E+01 -9.019E+00
 -9.9225000E+02 -1.955E+01 -1.869E+01 -7.658E+00
 -9.9175000E+02 -1.713E+01 -1.749E+01 -1.227E+01
 -9.9125000E+02 -1.774E+01 -1.728E+01 -8.946E+00
 -9.9075000E+02 -1.655E+01 -1.603E+01 -8.074E+00
 -9.9025000E+02 -1.596E+01 -1.548E+01 -7.774E+00
 -9.8975000E+02 -1.891E+01 -1.866E+01 -9.549E+00
 -9.8925000E+02 -1.771E+01 -1.755E+01 -9.846E+00
 -9.8875000E+02 -1.932E+01 -1.885E+01 -9.825E+00
 -9.8825000E+02 -1.736E+01 -1.699E+01 -9.424E+00
 -9.8775000E+02 -1.634E+01 -1.680E+01 -1.182E+01
 -9.8725000E+02 -1.742E+01 -1.750E+01 -1.084E+01
 -9.8675000E+02 -1.950E+01 -1.861E+01 -7.686E+00
 -9.8625000E+02 -1.777E+01 -1.756E+01 -9.318E+00
 -9.8575000E+02 -1.690E+01 -1.681E+01 -9.430E+00
 -9.8525000E+02 -1.852E+01 -1.795E+01 -8.956E+00
 -9.8475000E+02 -1.770E+01 -1.731E+01 -9.479E+00
 -9.8425000E+02 -1.665E+01 -1.668E+01 -1.011E+01
 -9.8375000E+02 -1.577E+01 -1.540E+01 -8.331E+00
 -9.8325000E+02 -1.723E+01 -1.695E+01 -9.338E+00
 -9.8275000E+02 -1.800E+01 -1.746E+01 -8.753E+00
 -9.8225000E+02 -1.808E+01 -1.732E+01 -8.266E+00
 -9.8175000E+02 -1.829E+01 -1.779E+01 -8.190E+00
 -9.8125000E+02 -1.724E+01 -1.615E+01 -6.940E+00
 -9.8075000E+02 -1.654E+01 -1.633E+01 -8.781E+00
 -9.8025000E+02 -1.631E+01 -1.573E+01 -8.976E+00
 -9.7975000E+02 -1.589E+01 -1.613E+01 -1.093E+01
 -9.7925000E+02 -1.741E+01 -1.746E+01 -1.051E+01
 -9.7875000E+02 -1.847E+01 -1.803E+01 -9.055E+00
 -9.7825000E+02 -1.733E+01 -1.729E+01 -9.833E+00
 -9.7775000E+02 -1.613E+01 -1.564E+01 -7.729E+00
 -9.7725000E+02 -1.553E+01 -1.554E+01 -9.558E+00
 -9.7675000E+02 -1.557E+01 -1.578E+01 -1.045E+01
 -9.7625000E+02 -1.743E+01 -1.687E+01 -8.185E+00
 -9.7575000E+02 -1.863E+01 -1.747E+01 -7.417E+00
 -9.7525000E+02 -1.705E+01 -1.712E+01 -9.430E+00
 -9.7475000E+02 -1.817E+01 -1.818E+01 -1.017E+01
 -9.7425000E+02 -1.665E+01 -1.675E+01 -9.503E+00
 -9.7375000E+02 -1.489E+01 -1.508E+01 -9.744E+00
 -9.7325000E+02 -1.519E+01 -1.468E+01 -7.282E+00
 -9.7275000E+02 -1.669E+01 -1.591E+01 -6.925E+00
 -9.7225000E+02 -1.738E+01 -1.690E+01 -8.508E+00
 -9.7175000E+02 -1.335E+01 -1.457E+01 -1.040E+01
 -9.7125000E+02 -1.533E+01 -1.523E+01 -8.883E+00
 -9.7075000E+02 -1.636E+01 -1.646E+01 -8.703E+00
 -9.7025000E+02 -1.534E+01 -1.535E+01 -9.127E+00
 -9.6975000E+02 -1.397E+01 -1.387E+01 -8.223E+00
 -9.6925000E+02 -1.613E+01 -1.524E+01 -5.325E+00
 -9.6875000E+02 -1.420E+01 -1.410E+01 -7.774E+00
 -9.6825000E+02 -1.416E+01 -1.374E+01 -8.157E+00
 -9.6775000E+02 -1.751E+01 -1.749E+01 -1.050E+01
 -9.6725000E+02 -1.793E+01 -1.748E+01 -8.818E+00
 -9.6675000E+02 -1.492E+01 -1.459E+01 -7.040E+00
 -9.6625000E+02 -1.575E+01 -1.559E+01 -9.116E+00
 -9.6575000E+02 -1.524E+01 -1.509E+01 -9.159E+00
 -9.6525000E+02 -1.642E+01 -1.636E+01 -9.230E+00
 -9.6475000E+02 -1.387E+01 -1.382E+01 -7.943E+00
 -9.6425000E+02 -1.435E+01 -1.390E+01 -7.440E+00
 -9.6375000E+02 -1.568E+01 -1.553E+01 -8.744E+00
 -9.6325000E+02 -1.551E+01 -1.526E+01 -7.976E+00
 -9.6275000E+02 -1.423E+01 -1.446E+01 -1.048E+01
 -9.6225000E+02 -1.399E+01 -1.370E+01 -6.728E+00
 -9.6175000E+02 -1.727E+01 -1.641E+01 -6.854E+00
 -9.6125000E+02 -1.385E+01 -1.379E+01 -8.188E+00
 -9.6075000E+02 -1.372E+01 -1.343E+01 -7.646E+00
 -9.6025000E+02 -1.354E+01 -1.430E+01 -1.042E+01
 -9.5975000E+02 -1.515E+01 -1.483E+01 -7.306E+00
 -9.5925000E+02 -1.500E+01 -1.451E+01 -7.691E+00
 -9.5875000E+02 -1.398E+01 -1.368E+01 -7.282E+00
 -9.5825000E+02 -1.448E+01 -1.403E+01 -6.352E+00
 -9.5775000E+02 -1.545E+01 -1.525E+01 -8.751E+00
 -9.5725000E+02 -1.598E+01 -1.541E+01 -7.073E+00
 -9.5675000E+02 -1.459E+01 -1.425E+01 -7.495E+00
 -9.5625000E+02 -1.346E+01 -1.378E+01 -8.550E+00
 -9.5575000E+02 -1.394E+01 -1.322E+01 -5.541E+00
 -9.5525000E+02 -1.421E+01 -1.379E+01 -6.411E+00
 -9.5475000E+02 -1.632E+01 -1.610E+01 -9.042E+00
 -9.5425000E+02 -1.505E+01 -1.450E+01 -7.042E+00
 -9.5375000E+02 -1.361E+01 -1.371E+01 -7.811E+00
 -9.5325000E+02 -1.361E+01 -1.396E+01 -9.270E+00
 -9.5275000E+02 -1.499E+01 -1.497E+01 -9.842E+00
 -9.5225000E+02 -1.513E+01 -1.488E+01 -7.875E+00
 -9.5175000E+02 -1.395E+01 -1.342E+01 -6.717E+00
 -9.5125000E+02 -1.470E+01 -1.408E+01 -6.060E+00
 -9.5075000E+02 -1.356E+01 -1.347E+01 -7.841E+00
 -9.5025000E+02 -1.351E+01 -1.314E+01 -6.269E+00
 -9.4975000E+02 -1.351E+01 -1.319E+01 -7.051E+00
 -9.4925000E+02 -1.390E+01 -1.355E+01 -6.928E+00
 -9.4875000E+02 -1.352E+01 -1.302E+01 -6.054E+00
 -9.4825000E+02 -1.359E+01 -1.338E+01 -7.092E+00
 -9.4775000E+02 -1.345E+01 -1.357E+01 -9.024E+00
 -9.4725000E+02 -1.359E+01 -1.321E+01 -7.664E+00
 -9.4675000E+02 -1.190E+01 -1.240E+01 -8.175E+00
 -9.4625000E+02 -1.296E+01 -1.276E+01 -6.229E+00
 -9.4575000E+02 -1.438E+01 -1.330E+01 -5.111E+00
 -9.4525000E+02 -1.350E+01 -1.310E+01 -6.829E+00
 -9.4475000E+02 -1.289E+01 -1.260E+01 -6.902E+00
 -9.4425000E+02 -1.244E+01 -1.309E+01 -7.574E+00
 -9.4375000E+02 -1.186E+01 -1.168E+01 -6.253E+00
 -9.4325000E+02 -1.232E+01 -1.226E+01 -6.786E+00
 -9.4275000E+02 -1.381E+01 -1.365E+01 -6.859E+00
 -9.4225000E+02 -1.340E+01 -1.277E+01 -5.460E+00
 -9.4175000E+02 -1.396E+01 -1.318E+01 -4.969E+00
 -9.4125000E+02 -1.319E+01 -1.373E+01 -9.066E+00
 -9.4075000E+02 -1.255E+01 -1.296E+01 -8.402E+00
 -9.4025000E+02 -1.273E+01 -1.287E+01 -8.308E+00
 -9.3975000E+02 -1.414E+01 -1.198E+01 -6.236E+00
 -9.3925000E+02 -1.121E+01 -1.134E+01 -7.675E+00
 -9.3875000E+02 -1.129E+01 -1.179E+01 -8.389E+00
 -9.3825000E+02 -1.261E+01 -1.229E+01 -5.539E+00
 -9.3775000E+02 -1.385E+01 -1.318E+01 -6.074E+00
 -9.3725000E+02 -1.400E+01 -1.358E+01 -5.625E+00
 -9.3675000E+02 -1.295E+01 -1.036E+01 -3.786E+00
 -9.3625000E+02 -1.137E+01 -8.778E+00 -7.213E+00
 -9.3575000E+02 -1.219E+01 -1.258E+01 -8.440E+00
 -9.3525000E+02 -1.372E+01 -1.462E+01 -6.021E+00
 -9.3475000E+02 -1.203E+01 -1.159E+01 -4.010E+00
 -9.3425000E+02 -1.268E+01 -1.245E+01 -5.903E+00
 -9.3375000E+02 -1.178E+01 -1.289E+01 -7.629E+00
 -9.3325000E+02 -1.215E+01 -1.227E+01 -7.508E+00
 -9.3275000E+02 -1.254E+01 -1.269E+01 -8.326E+00
 -9.3225000E+02 -1.275E+01 -1.241E+01 -6.336E+00
 -9.3175000E+02 -1.271E+01 -1.267E+01 -8.570E+00
 -9.3125000E+02 -1.318E+01 -1.332E+01 -8.369E+00
 -9.3075000E+02 -1.236E+01 -1.223E+01 -6.999E+00
 -9.3025000E+02 -1.186E+01 -1.167E+01 -6.633E+00
 -9.2975000E+02 -1.150E+01 -1.115E+01 -5.262E+00
 -9.2925000E+02 -1.266E+01 -1.232E+01 -6.040E+00
 -9.2875000E+02 -1.241E+01 -1.164E+01 -6.391E+00
 -9.2825000E+02 -1.143E+01 -1.111E+01 -7.215E+00
 -9.2775000E+02 -1.305E+01 -1.352E+01 -8.554E+00
 -9.2725000E+02 -1.178E+01 -1.204E+01 -6.873E+00
 -9.2675000E+02 -1.067E+01 -1.035E+01 -5.084E+00
 -9.2625000E+02 -1.057E+01 -1.047E+01 -6.038E+00
 -9.2575000E+02 -1.176E+01 -1.188E+01 -7.606E+00
 -9.2525000E+02 -1.060E+01 -1.035E+01 -5.335E+00
 -9.2475000E+02 -1.167E+01 -1.137E+01 -6.272E+00
 -9.2425000E+02 -1.255E+01 -1.262E+01 -7.638E+00
 -9.2375000E+02 -1.138E+01 -1.147E+01 -6.477E+00
 -9.2325000E+02 -1.252E+01 -1.227E+01 -6.544E+00
 -9.2275000E+02 -1.356E+01 -1.314E+01 -5.639E+00
 -9.2225000E+02 -1.126E+01 -1.103E+01 -5.507E+00
 -9.2175000E+02 -1.027E+01 -1.077E+01 -6.911E+00
 -9.2125000E+02 -1.269E+01 -1.324E+01 -8.378E+00
 -9.2075000E+02 -1.119E+01 -1.109E+01 -6.500E+00
 -9.2025000E+02 -1.052E+01 -1.045E+01 -6.814E+00
 -9.1975000E+02 -1.198E+01 -1.134E+01 -4.658E+00
 -9.1925000E+02 -1.113E+01 -1.094E+01 -5.680E+00
 -9.1875000E+02 -1.169E+01 -1.105E+01 -4.841E+00
 -9.1825000E+02 -1.100E+01 -1.115E+01 -6.926E+00
 -9.1775000E+02 -1.055E+01 -1.072E+01 -7.261E+00
 -9.1725000E+02 -1.106E+01 -1.068E+01 -5.701E+00
 -9.1675000E+02 -1.074E+01 -1.090E+01 -7.400E+00
 -9.1625000E+02 -1.126E+01 -1.130E+01 -7.000E+00
 -9.1575000E+02 -1.092E+01 -1.071E+01 -5.516E+00
 -9.1525000E+02 -1.011E+01 -1.018E+01 -6.361E+00
 -9.1475000E+02 -1.330E+01 -1.286E+01 -6.504E+00
 -9.1425000E+02 -1.138E+01 -1.105E+01 -5.271E+00
 -9.1375000E+02 -1.134E+01 -1.082E+01 -5.341E+00
 -9.1325000E+02 -1.149E+01 -1.131E+01 -6.227E+00
 -9.1275000E+02 -1.021E+01 -9.992E+00 -5.630E+00
 -9.1225000E+02 -1.093E+01 -1.068E+01 -6.182E+00
 -9.1175000E+02 -1.276E+01 -1.205E+01 -5.297E+00
 -9.1125000E+02 -1.133E+01 -1.090E+01 -5.898E+00
 -9.1075000E+02 -1.031E+01 -1.037E+01 -6.618E+00
 -9.1025000E+02 -1.001E+01 -1.040E+01 -7.794E+00
 -9.0975000E+02 -1.054E+01 -1.016E+01 -4.776E+00
 -9.0925000E+02 -1.022E+01 -9.891E+00 -4.415E+00
 -9.0875000E+02 -1.127E+01 -1.116E+01 -5.189E+00
 -9.0825000E+02 -1.108E+01 -1.058E+01 -4.262E+00
 -9.0775000E+02 -9.627E+00 -9.699E+00 -5.550E+00
 -9.0725000E+02 -1.098E+01 -1.074E+01 -5.704E+00
 -9.0675000E+02 -1.106E+01 -1.058E+01 -4.834E+00
 -9.0625000E+02 -9.717E+00 -9.925E+00 -6.108E+00
 -9.0575000E+02 -9.221E+00 -9.547E+00 -6.342E+00
 -9.0525000E+02 -1.250E+01 -1.202E+01 -5.581E+00
 -9.0475000E+02 -1.131E+01 -1.123E+01 -5.770E+00
 -9.0425000E+02 -9.610E+00 -9.482E+00 -5.913E+00
 -9.0375000E+02 -1.051E+01 -1.041E+01 -5.874E+00
 -9.0325000E+02 -1.052E+01 -9.830E+00 -3.832E+00
 -9.0275000E+02 -1.032E+01 -9.973E+00 -4.828E+00
 -9.0225000E+02 -9.035E+00 -9.421E+00 -6.891E+00
 -9.0175000E+02 -9.571E+00 -9.424E+00 -5.833E+00
 -9.0125000E+02 -1.091E+01 -1.044E+01 -4.522E+00
 -9.0075000E+02 -1.032E+01 -1.021E+01 -4.960E+00
 -9.0025000E+02 -1.097E+01 -1.082E+01 -6.304E+00
 -8.9975000E+02 -9.787E+00 -9.710E+00 -6.330E+00
 -8.9925000E+02 -9.266E+00 -9.118E+00 -6.099E+00
 -8.9875000E+02 -1.075E+01 -9.537E+00 -4.427E+00
 -8.9825000E+02 -1.007E+01 -9.731E+00 -4.490E+00
 -8.9775000E+02 -9.140E+00 -8.649E+00 -4.036E+00
 -8.9725000E+02 -1.114E+01 -1.070E+01 -4.953E+00
 -8.9675000E+02 -9.851E+00 -1.007E+01 -6.460E+00
 -8.9625000E+02 -1.076E+01 -1.019E+01 -4.603E+00
 -8.9575000E+02 -8.676E+00 -9.132E+00 -6.957E+00
 -8.9525000E+02 -9.181E+00 -9.247E+00 -6.131E+00
 -8.9475000E+02 -9.755E+00 -9.654E+00 -5.834E+00
 -8.9425000E+02 -9.245E+00 -9.711E+00 -5.621E+00
 -8.9375000E+02 -1.051E+01 -1.033E+01 -4.701E+00
 -8.9325000E+02 -1.058E+01 -9.939E+00 -4.687E+00
 -8.9275000E+02 -1.005E+01 -9.470E+00 -4.296E+00
 -8.9225000E+02 -1.036E+01 -1.003E+01 -5.214E+00
 -8.9175000E+02 -8.925E+00 -8.587E+00 -4.046E+00
 -8.9125000E+02 -8.404E+00 -8.668E+00 -5.489E+00
 -8.9075000E+02 -7.897E+00 -8.460E+00 -5.354E+00
 -8.9025000E+02 -9.388E+00 -9.478E+00 -5.785E+00
 -8.8975000E+02 -8.505E+00 -8.773E+00 -4.265E+00
 -8.8925000E+02 -7.666E+00 -8.238E+00 -5.183E+00
 -8.8875000E+02 -8.988E+00 -9.008E+00 -5.840E+00
 -8.8825000E+02 -8.940E+00 -8.831E+00 -5.037E+00
 -8.8775000E+02 -9.264E+00 -9.827E+00 -7.327E+00
 -8.8725000E+02 -8.857E+00 -9.269E+00 -5.844E+00
 -8.8675000E+02 -9.588E+00 -9.618E+00 -5.693E+00
 -8.8625000E+02 -9.009E+00 -9.127E+00 -4.224E+00
 -8.8575000E+02 -1.077E+01 -1.030E+01 -3.706E+00
 -8.8525000E+02 -9.039E+00 -9.443E+00 -4.018E+00
 -8.8475000E+02 -1.008E+01 -9.159E+00 -3.682E+00
 -8.8425000E+02 -9.766E+00 -1.018E+01 -7.067E+00
 -8.8375000E+02 -9.173E+00 -9.063E+00 -5.070E+00
 -8.8325000E+02 -9.590E+00 -9.445E+00 -4.870E+00
 -8.8275000E+02 -8.045E+00 -8.949E+00 -6.008E+00
 -8.8225000E+02 -7.684E+00 -8.060E+00 -6.091E+00
 -8.8175000E+02 -8.611E+00 -8.137E+00 -6.756E+00
 -8.8125000E+02 -9.439E+00 -9.308E+00 -5.600E+00
 -8.8075000E+02 -9.370E+00 -9.106E+00 -3.898E+00
 -8.8025000E+02 -8.797E+00 -8.426E+00 -4.041E+00
 -8.7975000E+02 -9.332E+00 -8.961E+00 -4.155E+00
 -8.7925000E+02 -8.434E+00 -8.307E+00 -4.511E+00
 -8.7875000E+02 -9.466E+00 -9.523E+00 -5.896E+00
 -8.7825000E+02 -9.323E+00 -9.190E+00 -5.300E+00
 -8.7775000E+02 -8.743E+00 -8.967E+00 -5.596E+00
 -8.7725000E+02 -9.201E+00 -9.186E+00 -4.640E+00
 -8.7675000E+02 -9.087E+00 -8.855E+00 -4.724E+00
 -8.7625000E+02 -9.615E+00 -9.235E+00 -4.673E+00
 -8.7575000E+02 -7.947E+00 -7.656E+00 -3.607E+00
 -8.7525000E+02 -7.308E+00 -7.381E+00 -4.604E+00
 -8.7475000E+02 -8.342E+00 -8.090E+00 -3.731E+00
 -8.7425000E+02 -8.004E+00 -8.502E+00 -5.780E+00
 -8.7375000E+02 -8.696E+00 -8.511E+00 -5.586E+00
 -8.7325000E+02 -9.850E+00 -9.727E+00 -5.111E+00
 -8.7275000E+02 -8.769E+00 -8.378E+00 -3.824E+00
 -8.7225000E+02 -8.522E+00 -8.603E+00 -4.807E+00
 -8.7175000E+02 -8.357E+00 -7.976E+00 -2.965E+00
 -8.7125000E+02 -7.097E+00 -7.003E+00 -2.989E+00
 -8.7075000E+02 -8.329E+00 -8.077E+00 -4.510E+00
 -8.7025000E+02 -8.748E+00 -8.303E+00 -5.192E+00
 -8.6975000E+02 -7.431E+00 -7.489E+00 -4.939E+00
 -8.6925000E+02 -1.022E+01 -9.742E+00 -3.792E+00
 -8.6875000E+02 -8.236E+00 -8.274E+00 -5.280E+00
 -8.6825000E+02 -8.861E+00 -8.788E+00 -4.418E+00
 -8.6775000E+02 -8.212E+00 -8.229E+00 -4.942E+00
 -8.6725000E+02 -7.672E+00 -8.031E+00 -6.269E+00
 -8.6675000E+02 -8.206E+00 -8.395E+00 -6.073E+00
 -8.6625000E+02 -9.154E+00 -8.837E+00 -4.587E+00
 -8.6575000E+02 -8.774E+00 -9.003E+00 -3.920E+00
 -8.6525000E+02 -8.107E+00 -8.273E+00 -4.978E+00
 -8.6475000E+02 -7.711E+00 -7.898E+00 -5.035E+00
 -8.6425000E+02 -8.474E+00 -8.217E+00 -3.522E+00
 -8.6375000E+02 -9.571E+00 -9.284E+00 -4.479E+00
 -8.6325000E+02 -8.065E+00 -7.807E+00 -3.704E+00
 -8.6275000E+02 -7.696E+00 -7.751E+00 -5.609E+00
 -8.6225000E+02 -8.982E+00 -8.810E+00 -4.566E+00
 -8.6175000E+02 -8.550E+00 -8.318E+00 -3.346E+00
 -8.6125000E+02 -7.530E+00 -7.446E+00 -3.956E+00
 -8.6075000E+02 -8.531E+00 -8.448E+00 -4.823E+00
 -8.6025000E+02 -8.248E+00 -7.963E+00 -3.191E+00
 -8.5975000E+02 -9.610E+00 -9.046E+00 -3.731E+00
 -8.5925000E+02 -7.715E+00 -7.291E+00 -2.955E+00
 -8.5875000E+02 -7.304E+00 -7.431E+00 -4.773E+00
 -8.5825000E+02 -7.009E+00 -6.949E+00 -4.006E+00
 -8.5775000E+02 -7.781E+00 -7.974E+00 -5.007E+00
 -8.5725000E+02 -8.320E+00 -8.517E+00 -6.075E+00
 -8.5675000E+02 -7.002E+00 -7.339E+00 -5.214E+00
 -8.5625000E+02 -7.802E+00 -7.666E+00 -4.282E+00
 -8.5575000E+02 -8.194E+00 -7.625E+00 -2.894E+00
 -8.5525000E+02 -7.777E+00 -7.653E+00 -3.933E+00
 -8.5475000E+02 -8.106E+00 -7.564E+00 -2.118E+00
 -8.5425000E+02 -8.430E+00 -8.139E+00 -3.562E+00
 -8.5375000E+02 -7.536E+00 -7.540E+00 -5.063E+00
 -8.5325000E+02 -8.166E+00 -8.122E+00 -5.015E+00
 -8.5275000E+02 -7.387E+00 -7.315E+00 -4.293E+00
 -8.5225000E+02 -7.491E+00 -7.185E+00 -2.982E+00
 -8.5175000E+02 -8.458E+00 -8.340E+00 -4.119E+00
 -8.5125000E+02 -9.013E+00 -8.747E+00 -4.200E+00
 -8.5075000E+02 -7.475E+00 -7.689E+00 -4.667E+00
 -8.5025000E+02 -6.953E+00 -7.218E+00 -4.368E+00
 -8.4975000E+02 -7.391E+00 -7.435E+00 -4.393E+00
 -8.4925000E+02 -6.506E+00 -7.227E+00 -6.629E+00
 -8.4875000E+02 -8.409E+00 -7.963E+00 -4.105E+00
 -8.4825000E+02 -6.523E+00 -6.345E+00 -3.872E+00
 -8.4775000E+02 -7.151E+00 -7.224E+00 -3.795E+00
 -8.4725000E+02 -7.792E+00 -7.907E+00 -5.461E+00
 -8.4675000E+02 -6.595E+00 -6.610E+00 -4.512E+00
 -8.4625000E+02 -7.894E+00 -7.524E+00 -3.372E+00
 -8.4575000E+02 -6.821E+00 -6.702E+00 -3.511E+00
 -8.4525000E+02 -6.480E+00 -6.674E+00 -3.777E+00
 -8.4475000E+02 -6.978E+00 -7.008E+00 -3.826E+00
 -8.4425000E+02 -7.556E+00 -7.361E+00 -3.087E+00
 -8.4375000E+02 -8.142E+00 -8.075E+00 -5.031E+00
 -8.4325000E+02 -7.504E+00 -7.464E+00 -4.355E+00
 -8.4275000E+02 -8.601E+00 -8.236E+00 -4.941E+00
 -8.4225000E+02 -7.017E+00 -6.340E+00 -3.262E+00
 -8.4175000E+02 -6.605E+00 -6.126E+00 -2.923E+00
 -8.4125000E+02 -7.127E+00 -6.971E+00 -3.616E+00
 -8.4075000E+02 -6.963E+00 -7.164E+00 -4.651E+00
 -8.4025000E+02 -7.316E+00 -7.372E+00 -4.191E+00
 -8.3975000E+02 -7.177E+00 -7.065E+00 -3.788E+00
 -8.3925000E+02 -6.722E+00 -6.861E+00 -4.390E+00
 -8.3875000E+02 -6.669E+00 -7.172E+00 -5.385E+00
 -8.3825000E+02 -8.051E+00 -7.753E+00 -4.348E+00
 -8.3775000E+02 -7.778E+00 -7.937E+00 -4.896E+00
 -8.3725000E+02 -7.293E+00 -6.804E+00 -3.192E+00
 -8.3675000E+02 -7.691E+00 -7.298E+00 -3.193E+00
 -8.3625000E+02 -5.765E+00 -6.039E+00 -4.642E+00
 -8.3575000E+02 -7.101E+00 -7.415E+00 -4.635E+00
 -8.3525000E+02 -6.395E+00 -6.365E+00 -3.226E+00
 -8.3475000E+02 -7.522E+00 -7.464E+00 -4.173E+00
 -8.3425000E+02 -7.362E+00 -7.098E+00 -3.701E+00
 -8.3375000E+02 -6.967E+00 -6.664E+00 -3.728E+00
 -8.3325000E+02 -6.862E+00 -7.122E+00 -4.745E+00
 -8.3275000E+02 -6.053E+00 -6.382E+00 -4.433E+00
 -8.3225000E+02 -7.427E+00 -6.830E+00 -2.684E+00
 -8.3175000E+02 -6.986E+00 -6.808E+00 -3.545E+00
 -8.3125000E+02 -5.840E+00 -5.872E+00 -3.591E+00
 -8.3075000E+02 -6.222E+00 -6.095E+00 -3.200E+00
 -8.3025000E+02 -7.318E+00 -7.176E+00 -3.362E+00
 -8.2975000E+02 -7.452E+00 -7.170E+00 -3.697E+00
 -8.2925000E+02 -7.567E+00 -7.177E+00 -3.045E+00
 -8.2875000E+02 -7.449E+00 -7.026E+00 -3.244E+00
 -8.2825000E+02 -6.104E+00 -6.369E+00 -4.623E+00
 -8.2775000E+02 -5.489E+00 -5.886E+00 -4.638E+00
 -8.2725000E+02 -6.754E+00 -6.772E+00 -4.042E+00
 -8.2675000E+02 -5.710E+00 -5.694E+00 -3.222E+00
 -8.2625000E+02 -5.933E+00 -6.222E+00 -4.389E+00
 -8.2575000E+02 -6.144E+00 -6.329E+00 -4.809E+00
 -8.2525000E+02 -7.497E+00 -7.306E+00 -3.260E+00
 -8.2475000E+02 -6.704E+00 -6.428E+00 -3.406E+00
 -8.2425000E+02 -6.361E+00 -6.254E+00 -3.390E+00
 -8.2375000E+02 -6.589E+00 -6.306E+00 -2.734E+00
 -8.2325000E+02 -7.391E+00 -7.121E+00 -3.433E+00
 -8.2275000E+02 -6.967E+00 -7.171E+00 -4.668E+00
 -8.2225000E+02 -6.274E+00 -6.144E+00 -2.950E+00
 -8.2175000E+02 -6.700E+00 -6.275E+00 -2.536E+00
 -8.2125000E+02 -6.443E+00 -6.237E+00 -3.057E+00
 -8.2075000E+02 -6.150E+00 -6.558E+00 -4.746E+00
 -8.2025000E+02 -6.611E+00 -6.700E+00 -3.927E+00
 -8.1975000E+02 -6.669E+00 -6.446E+00 -3.353E+00
 -8.1925000E+02 -6.284E+00 -5.464E+00 -8.762E-01
 -8.1875000E+02 -6.190E+00 -6.075E+00 -2.393E+00
 -8.1825000E+02 -6.528E+00 -6.637E+00 -4.389E+00
 -8.1775000E+02 -6.725E+00 -6.497E+00 -3.466E+00
 -8.1725000E+02 -6.743E+00 -6.728E+00 -4.016E+00
 -8.1675000E+02 -5.916E+00 -6.241E+00 -4.606E+00
 -8.1625000E+02 -6.196E+00 -5.876E+00 -2.712E+00
 -8.1575000E+02 -5.704E+00 -5.452E+00 -2.413E+00
 -8.1525000E+02 -6.628E+00 -6.535E+00 -4.030E+00
 -8.1475000E+02 -6.907E+00 -7.030E+00 -4.269E+00
 -8.1425000E+02 -5.674E+00 -5.655E+00 -3.368E+00
 -8.1375000E+02 -6.566E+00 -6.584E+00 -4.317E+00
 -8.1325000E+02 -6.834E+00 -6.176E+00 -2.340E+00
 -8.1275000E+02 -6.249E+00 -6.194E+00 -2.359E+00
 -8.1225000E+02 -5.534E+00 -5.605E+00 -3.765E+00
 -8.1175000E+02 -6.270E+00 -6.722E+00 -5.096E+00
 -8.1125000E+02 -5.864E+00 -6.045E+00 -3.834E+00
 -8.1075000E+02 -5.737E+00 -5.457E+00 -3.048E+00
 -8.1025000E+02 -6.395E+00 -5.993E+00 -1.940E+00
 -8.0975000E+02 -7.917E+00 -7.648E+00 -4.048E+00
 -8.0925000E+02 -5.962E+00 -5.907E+00 -3.808E+00
 -8.0875000E+02 -5.327E+00 -5.443E+00 -3.754E+00
 -8.0825000E+02 -5.359E+00 -5.685E+00 -3.566E+00
 -8.0775000E+02 -5.506E+00 -5.408E+00 -2.739E+00
 -8.0725000E+02 -6.085E+00 -5.417E+00 -1.549E+00
 -8.0675000E+02 -5.738E+00 -5.740E+00 -3.044E+00
 -8.0625000E+02 -5.581E+00 -5.464E+00 -2.501E+00
 -8.0575000E+02 -5.852E+00 -5.678E+00 -2.776E+00
 -8.0525000E+02 -6.276E+00 -6.033E+00 -2.969E+00
 -8.0475000E+02 -6.080E+00 -6.171E+00 -4.016E+00
 -8.0425000E+02 -6.733E+00 -6.759E+00 -3.006E+00
 -8.0375000E+02 -6.909E+00 -6.686E+00 -3.173E+00
 -8.0325000E+02 -6.577E+00 -6.095E+00 -2.448E+00
 -8.0275000E+02 -5.512E+00 -5.412E+00 -2.824E+00
 -8.0225000E+02 -6.425E+00 -6.318E+00 -3.075E+00
 -8.0175000E+02 -6.113E+00 -5.800E+00 -2.122E+00
 -8.0125000E+02 -6.157E+00 -6.173E+00 -3.262E+00
 -8.0075000E+02 -5.955E+00 -6.131E+00 -4.051E+00
 -8.0025000E+02 -4.431E+00 -4.637E+00 -3.114E+00
 -7.9975000E+02 -4.540E+00 -4.847E+00 -3.265E+00
 -7.9925000E+02 -5.635E+00 -5.773E+00 -3.387E+00
 -7.9875000E+02 -6.191E+00 -6.195E+00 -3.994E+00
 -7.9825000E+02 -6.576E+00 -6.277E+00 -2.617E+00
 -7.9775000E+02 -5.438E+00 -5.507E+00 -4.106E+00
 -7.9725000E+02 -3.821E+00 -4.188E+00 -4.134E+00
 -7.9675000E+02 -4.922E+00 -4.953E+00 -3.607E+00
 -7.9625000E+02 -5.302E+00 -5.630E+00 -3.666E+00
 -7.9575000E+02 -6.409E+00 -5.986E+00 -2.923E+00
 -7.9525000E+02 -6.526E+00 -6.312E+00 -4.113E+00
 -7.9475000E+02 -5.695E+00 -5.515E+00 -3.241E+00
 -7.9425000E+02 -5.521E+00 -5.653E+00 -3.041E+00
 -7.9375000E+02 -4.927E+00 -4.736E+00 -2.537E+00
 -7.9325000E+02 -5.578E+00 -5.424E+00 -2.762E+00
 -7.9275000E+02 -6.521E+00 -6.429E+00 -3.676E+00
 -7.9225000E+02 -4.826E+00 -5.005E+00 -3.574E+00
 -7.9175000E+02 -6.531E+00 -5.935E+00 -1.581E+00
 -7.9125000E+02 -5.354E+00 -5.280E+00 -3.221E+00
 -7.9075000E+02 -5.525E+00 -5.734E+00 -3.582E+00
 -7.9025000E+02 -6.157E+00 -5.960E+00 -2.683E+00
 -7.8975000E+02 -5.300E+00 -5.440E+00 -3.481E+00
 -7.8925000E+02 -5.225E+00 -5.534E+00 -3.968E+00
 -7.8875000E+02 -5.034E+00 -5.046E+00 -2.768E+00
 -7.8825000E+02 -6.776E+00 -6.298E+00 -1.876E+00
 -7.8775000E+02 -5.627E+00 -5.292E+00 -1.931E+00
 -7.8725000E+02 -5.536E+00 -5.423E+00 -2.886E+00
 -7.8675000E+02 -5.993E+00 -5.826E+00 -3.350E+00
 -7.8625000E+02 -4.925E+00 -4.933E+00 -3.234E+00
 -7.8575000E+02 -5.458E+00 -5.632E+00 -3.975E+00
 -7.8525000E+02 -5.419E+00 -5.173E+00 -2.394E+00
 -7.8475000E+02 -5.481E+00 -5.266E+00 -2.880E+00
 -7.8425000E+02 -5.841E+00 -5.667E+00 -2.937E+00
 -7.8375000E+02 -5.001E+00 -5.365E+00 -3.292E+00
 -7.8325000E+02 -4.806E+00 -4.829E+00 -2.902E+00
 -7.8275000E+02 -5.095E+00 -5.136E+00 -3.096E+00
 -7.8225000E+02 -5.020E+00 -4.918E+00 -2.858E+00
 -7.8175000E+02 -5.033E+00 -5.040E+00 -3.122E+00
 -7.8125000E+02 -4.149E+00 -4.322E+00 -3.753E+00
 -7.8075000E+02 -5.060E+00 -4.995E+00 -2.299E+00
 -7.8025000E+02 -5.227E+00 -5.092E+00 -2.363E+00
 -7.7975000E+02 -5.608E+00 -5.621E+00 -3.365E+00
 -7.7925000E+02 -5.288E+00 -5.834E+00 -4.645E+00
 -7.7875000E+02 -4.768E+00 -4.515E+00 -1.748E+00
 -7.7825000E+02 -5.625E+00 -5.401E+00 -2.196E+00
 -7.7775000E+02 -6.134E+00 -6.066E+00 -3.420E+00
 -7.7725000E+02 -4.248E+00 -4.442E+00 -3.455E+00
 -7.7675000E+02 -4.160E+00 -4.556E+00 -3.426E+00
 -7.7625000E+02 -4.679E+00 -4.497E+00 -2.490E+00
 -7.7575000E+02 -5.328E+00 -5.002E+00 -2.159E+00
 -7.7525000E+02 -4.982E+00 -4.597E+00 -1.626E+00
 -7.7475000E+02 -5.383E+00 -4.876E+00 -1.807E+00
 -7.7425000E+02 -5.136E+00 -5.280E+00 -3.910E+00
 -7.7375000E+02 -4.532E+00 -4.673E+00 -2.516E+00
 -7.7325000E+02 -5.528E+00 -5.505E+00 -3.778E+00
 -7.7275000E+02 -5.424E+00 -5.272E+00 -2.610E+00
 -7.7225000E+02 -4.297E+00 -4.290E+00 -2.704E+00
 -7.7175000E+02 -5.162E+00 -5.168E+00 -2.806E+00
 -7.7125000E+02 -3.863E+00 -3.854E+00 -2.031E+00
 -7.7075000E+02 -4.980E+00 -4.628E+00 -2.308E+00
 -7.7025000E+02 -5.156E+00 -5.313E+00 -3.825E+00
 -7.6975000E+02 -4.674E+00 -4.967E+00 -3.822E+00
 -7.6925000E+02 -4.545E+00 -4.373E+00 -2.035E+00
 -7.6875000E+02 -4.715E+00 -5.032E+00 -3.772E+00
 -7.6825000E+02 -5.150E+00 -5.273E+00 -2.685E+00
 -7.6775000E+02 -5.806E+00 -5.639E+00 -2.515E+00
 -7.6725000E+02 -5.271E+00 -5.042E+00 -2.337E+00
 -7.6675000E+02 -4.437E+00 -4.391E+00 -2.390E+00
 -7.6625000E+02 -4.591E+00 -4.817E+00 -3.292E+00
 -7.6575000E+02 -5.285E+00 -4.790E+00 -1.440E+00
 -7.6525000E+02 -5.380E+00 -4.966E+00 -2.240E+00
 -7.6475000E+02 -4.985E+00 -4.796E+00 -1.955E+00
 -7.6425000E+02 -5.229E+00 -5.206E+00 -3.108E+00
 -7.6375000E+02 -4.536E+00 -4.669E+00 -3.512E+00
 -7.6325000E+02 -4.233E+00 -4.399E+00 -2.765E+00
 -7.6275000E+02 -4.433E+00 -4.055E+00 -1.002E+00
 -7.6225000E+02 -5.582E+00 -5.213E+00 -1.804E+00
 -7.6175000E+02 -5.061E+00 -4.852E+00 -1.995E+00
 -7.6125000E+02 -5.170E+00 -5.252E+00 -3.738E+00
 -7.6075000E+02 -4.763E+00 -4.486E+00 -2.456E+00
 -7.6025000E+02 -5.043E+00 -4.815E+00 -2.375E+00
 -7.5975000E+02 -4.751E+00 -4.908E+00 -3.073E+00
 -7.5925000E+02 -5.251E+00 -5.468E+00 -4.159E+00
 -7.5875000E+02 -3.976E+00 -4.072E+00 -2.816E+00
 -7.5825000E+02 -3.559E+00 -3.441E+00 -1.936E+00
 -7.5775000E+02 -4.516E+00 -4.329E+00 -1.756E+00
 -7.5725000E+02 -4.998E+00 -4.954E+00 -3.123E+00
 -7.5675000E+02 -4.055E+00 -4.315E+00 -3.409E+00
 -7.5625000E+02 -4.773E+00 -4.975E+00 -3.340E+00
 -7.5575000E+02 -5.023E+00 -4.669E+00 -1.813E+00
 -7.5525000E+02 -5.660E+00 -5.460E+00 -2.362E+00
 -7.5475000E+02 -4.095E+00 -4.012E+00 -2.029E+00
 -7.5425000E+02 -4.078E+00 -4.161E+00 -2.326E+00
 -7.5375000E+02 -4.732E+00 -4.692E+00 -2.417E+00
 -7.5325000E+02 -4.603E+00 -4.760E+00 -3.269E+00
 -7.5275000E+02 -5.187E+00 -4.946E+00 -2.123E+00
 -7.5225000E+02 -5.072E+00 -5.039E+00 -2.673E+00
 -7.5175000E+02 -4.986E+00 -5.057E+00 -2.560E+00
 -7.5125000E+02 -4.091E+00 -4.339E+00 -3.265E+00
 -7.5075000E+02 -4.239E+00 -4.140E+00 -2.211E+00
 -7.5025000E+02 -3.574E+00 -3.396E+00 -1.421E+00
 -7.4975000E+02 -3.936E+00 -3.841E+00 -1.999E+00
 -7.4925000E+02 -4.195E+00 -4.141E+00 -2.609E+00
 -7.4875000E+02 -4.490E+00 -4.459E+00 -2.109E+00
 -7.4825000E+02 -4.112E+00 -4.173E+00 -2.360E+00
 -7.4775000E+02 -4.915E+00 -5.050E+00 -3.269E+00
 -7.4725000E+02 -4.426E+00 -4.430E+00 -2.474E+00
 -7.4675000E+02 -4.206E+00 -4.196E+00 -2.196E+00
 -7.4625000E+02 -4.684E+00 -4.735E+00 -1.936E+00
 -7.4575000E+02 -4.488E+00 -4.124E+00 -1.450E+00
 -7.4525000E+02 -4.101E+00 -4.300E+00 -3.018E+00
 -7.4475000E+02 -5.078E+00 -5.123E+00 -3.475E+00
 -7.4425000E+02 -4.534E+00 -4.741E+00 -3.553E+00
 -7.4375000E+02 -3.821E+00 -3.784E+00 -1.697E+00
 -7.4325000E+02 -3.500E+00 -3.597E+00 -2.411E+00
 -7.4275000E+02 -4.613E+00 -4.538E+00 -2.216E+00
 -7.4225000E+02 -4.541E+00 -4.343E+00 -1.803E+00
 -7.4175000E+02 -4.363E+00 -4.313E+00 -2.353E+00
 -7.4125000E+02 -4.109E+00 -4.269E+00 -3.260E+00
 -7.4075000E+02 -4.266E+00 -4.162E+00 -1.890E+00
 -7.4025000E+02 -5.079E+00 -4.809E+00 -1.790E+00
 -7.3975000E+02 -5.476E+00 -5.246E+00 -2.481E+00
 -7.3925000E+02 -3.996E+00 -3.937E+00 -2.439E+00
 -7.3875000E+02 -3.942E+00 -4.208E+00 -3.266E+00
 -7.3825000E+02 -4.384E+00 -4.260E+00 -1.745E+00
 -7.3775000E+02 -3.797E+00 -3.962E+00 -2.732E+00
 -7.3725000E+02 -3.858E+00 -4.010E+00 -2.406E+00
 -7.3675000E+02 -3.748E+00 -3.952E+00 -3.239E+00
 -7.3625000E+02 -3.965E+00 -3.951E+00 -2.448E+00
 -7.3575000E+02 -4.058E+00 -4.063E+00 -2.836E+00
 -7.3525000E+02 -4.009E+00 -3.973E+00 -2.080E+00
 -7.3475000E+02 -3.880E+00 -3.947E+00 -2.770E+00
 -7.3425000E+02 -4.857E+00 -2.964E+00 -1.627E+00
 -7.3375000E+02 -3.932E+00 -3.546E+00 -1.150E+00
 -7.3325000E+02 -4.409E+00 -4.327E+00 -2.095E+00
 -7.3275000E+02 -3.410E+00 -3.463E+00 -2.468E+00
 -7.3225000E+02 -4.048E+00 -4.105E+00 -2.782E+00
 -7.3175000E+02 -4.942E+00 -5.137E+00 -3.338E+00
 -7.3125000E+02 -4.775E+00 -4.680E+00 -2.688E+00
 -7.3075000E+02 -4.280E+00 -4.471E+00 -2.739E+00
 -7.3025000E+02 -3.584E+00 -3.671E+00 -2.123E+00
 -7.2975000E+02 -4.584E+00 -4.285E+00 -1.767E+00
 -7.2925000E+02 -4.246E+00 -4.063E+00 -1.400E+00
 -7.2875000E+02 -4.126E+00 -4.248E+00 -2.874E+00
 -7.2825000E+02 -4.348E+00 -4.156E+00 -1.706E+00
 -7.2775000E+02 -4.061E+00 -4.058E+00 -2.148E+00
 -7.2725000E+02 -4.647E+00 -4.281E+00 -7.765E-01
 -7.2675000E+02 -3.930E+00 -4.102E+00 -3.191E+00
 -7.2625000E+02 -3.477E+00 -3.353E+00 -1.413E+00
 -7.2575000E+02 -4.663E+00 -4.270E+00 -1.760E+00
 -7.2525000E+02 -3.556E+00 -3.756E+00 -3.239E+00
 -7.2475000E+02 -3.786E+00 -4.110E+00 -3.461E+00
 -7.2425000E+02 -3.792E+00 -3.811E+00 -2.130E+00
 -7.2375000E+02 -4.820E+00 -4.625E+00 -1.617E+00
 -7.2325000E+02 -4.411E+00 -4.550E+00 -2.452E+00
 -7.2275000E+02 -4.094E+00 -4.099E+00 -1.960E+00
 -7.2225000E+02 -5.131E+00 -4.972E+00 -1.949E+00
 -7.2175000E+02 -3.547E+00 -3.427E+00 -1.921E+00
 -7.2125000E+02 -3.821E+00 -3.672E+00 -2.583E+00
 -7.2075000E+02 -3.786E+00 -3.745E+00 -2.385E+00
 -7.2025000E+02 -3.837E+00 -4.097E+00 -2.433E+00
 -7.1975000E+02 -4.614E+00 -4.357E+00 -1.840E+00
 -7.1925000E+02 -4.984E+00 -4.483E+00 -1.769E+00
 -7.1875000E+02 -3.031E+00 -3.114E+00 -2.431E+00
 -7.1825000E+02 -4.373E+00 -4.497E+00 -2.862E+00
 -7.1775000E+02 -4.488E+00 -4.525E+00 -2.010E+00
 -7.1725000E+02 -3.195E+00 -3.252E+00 -1.728E+00
 -7.1675000E+02 -3.532E+00 -3.699E+00 -2.694E+00
 -7.1625000E+02 -2.868E+00 -3.164E+00 -1.218E+00
 -7.1575000E+02 -4.172E+00 -3.866E+00 -1.676E+00
 -7.1525000E+02 -2.493E+00 -2.637E+00 -3.102E+00
 -7.1475000E+02 -3.538E+00 -3.757E+00 -2.887E+00
 -7.1425000E+02 -4.054E+00 -3.731E+00 -1.736E+00
 -7.1375000E+02 -3.849E+00 -3.919E+00 -2.264E+00
 -7.1325000E+02 -3.887E+00 -3.916E+00 -1.682E+00
 -7.1275000E+02 -4.064E+00 -3.927E+00 -2.289E+00
 -7.1225000E+02 -2.894E+00 -3.211E+00 -2.819E+00
 -7.1175000E+02 -4.201E+00 -4.370E+00 -3.347E+00
 -7.1125000E+02 -3.776E+00 -4.268E+00 -2.807E+00
 -7.1075000E+02 -3.764E+00 -3.983E+00 -2.296E+00
 -7.1025000E+02 -3.690E+00 -4.044E+00 -1.927E+00
 -7.0975000E+02 -3.391E+00 -3.547E+00 -2.250E+00
 -7.0925000E+02 -3.336E+00 -3.485E+00 -2.888E+00
 -7.0875000E+02 -4.191E+00 -4.031E+00 -2.123E+00
 -7.0825000E+02 -3.645E+00 -3.599E+00 -2.250E+00
 -7.0775000E+02 -3.556E+00 -3.230E+00 -1.799E+00
 -7.0725000E+02 -3.448E+00 -3.229E+00 -1.633E+00
 -7.0675000E+02 -3.675E+00 -3.742E+00 -2.217E+00
 -7.0625000E+02 -3.573E+00 -3.553E+00 -2.232E+00
 -7.0575000E+02 -3.779E+00 -3.740E+00 -2.148E+00
 -7.0525000E+02 -3.026E+00 -3.517E+00 -1.890E+00
 -7.0475000E+02 -4.002E+00 -3.573E+00 -1.070E+00
 -7.0425000E+02 -3.928E+00 -3.499E+00 -1.535E+00
 -7.0375000E+02 -4.551E+00 -4.550E+00 -9.576E-01
 -7.0325000E+02 -3.442E+00 -3.591E+00 -1.862E+00
 -7.0275000E+02 -3.371E+00 -3.395E+00 -1.804E+00
 -7.0225000E+02 -3.723E+00 -3.705E+00 -2.500E+00
 -7.0175000E+02 -3.692E+00 -3.531E+00 -1.600E+00
 -7.0125000E+02 -3.330E+00 -3.100E+00 -1.503E+00
 -7.0075000E+02 -3.657E+00 -3.284E+00 -1.060E+00
 -7.0025000E+02 -3.854E+00 -3.843E+00 -2.369E+00
 -6.9975000E+02 -3.151E+00 -2.839E+00 -2.147E+00
 -6.9925000E+02 -3.395E+00 -3.742E+00 -2.287E+00
 -6.9875000E+02 -3.902E+00 -3.744E+00 -1.977E+00
 -6.9825000E+02 -3.155E+00 -3.117E+00 -1.725E+00
 -6.9775000E+02 -3.224E+00 -3.306E+00 -1.480E+00
 -6.9725000E+02 -3.861E+00 -3.484E+00 -1.026E+00
 -6.9675000E+02 -4.459E+00 -4.241E+00 -1.433E+00
 -6.9625000E+02 -3.199E+00 -3.587E+00 -2.329E+00
 -6.9575000E+02 -3.135E+00 -3.344E+00 -2.734E+00
 -6.9525000E+02 -2.949E+00 -2.918E+00 -1.696E+00
 -6.9475000E+02 -3.420E+00 -3.347E+00 -1.386E+00
 -6.9425000E+02 -3.988E+00 -3.729E+00 -1.339E+00
 -6.9375000E+02 -4.014E+00 -3.717E+00 -1.590E+00
 -6.9325000E+02 -3.259E+00 -2.983E+00 -1.233E+00
 -6.9275000E+02 -3.821E+00 -3.754E+00 -2.268E+00
 -6.9225000E+02 -3.389E+00 -3.426E+00 -1.869E+00
 -6.9175000E+02 -2.802E+00 -2.902E+00 -2.178E+00
 -6.9125000E+02 -2.689E+00 -3.095E+00 -2.597E+00
 -6.9075000E+02 -4.026E+00 -3.688E+00 -1.658E+00
 -6.9025000E+02 -4.073E+00 -3.797E+00 -1.478E+00
 -6.8975000E+02 -4.421E+00 -4.212E+00 -1.289E+00
 -6.8925000E+02 -3.487E+00 -3.620E+00 -2.640E+00
 -6.8875000E+02 -2.738E+00 -2.832E+00 -1.971E+00
 -6.8825000E+02 -3.088E+00 -3.158E+00 -2.329E+00
 -6.8775000E+02 -2.721E+00 -2.807E+00 -1.875E+00
 -6.8725000E+02 -3.421E+00 -3.573E+00 -2.383E+00
 -6.8675000E+02 -2.320E+00 -2.453E+00 -2.350E+00
 -6.8625000E+02 -3.376E+00 -3.446E+00 -2.137E+00
 -6.8575000E+02 -3.172E+00 -3.009E+00 -1.318E+00
 -6.8525000E+02 -2.576E+00 -2.685E+00 -2.430E+00
 -6.8475000E+02 -3.208E+00 -3.359E+00 -1.991E+00
 -6.8425000E+02 -3.086E+00 -3.124E+00 -1.951E+00
 -6.8375000E+02 -3.892E+00 -3.805E+00 -1.642E+00
 -6.8325000E+02 -3.457E+00 -3.573E+00 -2.198E+00
 -6.8275000E+02 -3.852E+00 -3.714E+00 -1.751E+00
 -6.8225000E+02 -3.761E+00 -3.679E+00 -2.000E+00
 -6.8175000E+02 -2.792E+00 -2.541E+00 -9.535E-01
 -6.8125000E+02 -3.540E+00 -3.509E+00 -2.014E+00
 -6.8075000E+02 -3.656E+00 -3.435E+00 -1.418E+00
 -6.8025000E+02 -3.202E+00 -3.495E+00 -2.365E+00
 -6.7975000E+02 -2.928E+00 -3.168E+00 -2.499E+00
 -6.7925000E+02 -2.844E+00 -2.958E+00 -1.272E+00
 -6.7875000E+02 -2.885E+00 -2.656E+00 -1.377E+00
 -6.7825000E+02 -3.333E+00 -3.578E+00 -3.350E+00
 -6.7775000E+02 -3.032E+00 -3.172E+00 -2.181E+00
 -6.7725000E+02 -3.272E+00 -3.237E+00 -1.966E+00
 -6.7675000E+02 -3.256E+00 -3.153E+00 -1.484E+00
 -6.7625000E+02 -3.487E+00 -2.875E+00 -3.629E-01
 -6.7575000E+02 -3.453E+00 -3.301E+00 -1.879E+00
 -6.7525000E+02 -3.137E+00 -3.281E+00 -2.546E+00
 -6.7475000E+02 -4.035E+00 -4.044E+00 -2.286E+00
 -6.7425000E+02 -3.070E+00 -3.309E+00 -1.827E+00
 -6.7375000E+02 -2.740E+00 -2.427E+00 -1.164E+00
 -6.7325000E+02 -2.825E+00 -2.729E+00 -1.509E+00
 -6.7275000E+02 -3.075E+00 -3.118E+00 -2.135E+00
 -6.7225000E+02 -2.906E+00 -2.683E+00 -1.482E+00
 -6.7175000E+02 -3.111E+00 -2.988E+00  3.855E-01
 -6.7125000E+02 -3.545E+00 -3.506E+00 -1.897E+00
 -6.7075000E+02 -3.128E+00 -3.229E+00 -2.323E+00
 -6.7025000E+02 -3.171E+00 -3.321E+00 -2.822E+00
 -6.6975000E+02 -3.913E+00 -3.641E+00 -8.245E-01
 -6.6925000E+02 -2.572E+00 -2.455E+00 -1.837E+00
 -6.6875000E+02 -2.386E+00 -2.692E+00 -2.788E+00
 -6.6825000E+02 -2.498E+00 -2.694E+00 -1.974E+00
 -6.6775000E+02 -3.171E+00 -3.140E+00 -1.849E+00
 -6.6725000E+02 -3.208E+00 -2.798E+00 -7.752E-01
 -6.6675000E+02 -3.442E+00 -3.091E+00 -5.508E-01
 -6.6625000E+02 -3.645E+00 -3.576E+00 -2.269E+00
 -6.6575000E+02 -3.000E+00 -2.978E+00 -1.450E+00
 -6.6525000E+02 -3.302E+00 -2.962E+00 -6.571E-01
 -6.6475000E+02 -3.034E+00 -3.002E+00 -1.610E+00
 -6.6425000E+02 -2.840E+00 -2.787E+00 -1.870E+00
 -6.6375000E+02 -2.600E+00 -2.529E+00 -1.737E+00
 -6.6325000E+02 -2.793E+00 -3.068E+00 -2.528E+00
 -6.6275000E+02 -2.676E+00 -2.461E+00 -6.601E-01
 -6.6225000E+02 -3.408E+00 -3.392E+00 -1.393E+00
 -6.6175000E+02 -3.673E+00 -3.712E+00 -1.514E+00
 -6.6125000E+02 -2.866E+00 -2.969E+00 -1.960E+00
 -6.6075000E+02 -2.742E+00 -3.033E+00 -1.785E+00
 -6.6025000E+02 -3.485E+00 -2.711E+00 -9.120E-01
 -6.5975000E+02 -3.605E+00 -3.114E+00 -9.424E-01
 -6.5925000E+02 -2.853E+00 -2.784E+00 -1.920E+00
 -6.5875000E+02 -2.850E+00 -3.004E+00 -2.383E+00
 -6.5825000E+02 -3.729E+00 -3.836E+00 -1.859E+00
 -6.5775000E+02 -2.694E+00 -2.934E+00 -1.803E+00
 -6.5725000E+02 -2.675E+00 -2.614E+00 -1.182E+00
 -6.5675000E+02 -2.948E+00 -2.818E+00 -1.587E+00
 -6.5625000E+02 -3.370E+00 -3.350E+00 -1.779E+00
 -6.5575000E+02 -2.898E+00 -2.760E+00 -1.710E+00
 -6.5525000E+02 -2.901E+00 -2.867E+00 -1.898E+00
 -6.5475000E+02 -2.860E+00 -2.897E+00 -1.510E+00
 -6.5425000E+02 -2.574E+00 -2.770E+00 -1.719E+00
 -6.5375000E+02 -2.983E+00 -3.047E+00 -2.194E+00
 -6.5325000E+02 -2.761E+00 -3.086E+00 -2.986E+00
 -6.5275000E+02 -3.012E+00 -2.879E+00 -1.604E+00
 -6.5225000E+02 -2.570E+00 -2.524E+00 -1.429E+00
 -6.5175000E+02 -3.038E+00 -2.949E+00 -1.203E+00
 -6.5125000E+02 -3.432E+00 -3.321E+00 -1.226E+00
 -6.5075000E+02 -3.151E+00 -3.006E+00 -1.262E+00
 -6.5025000E+02 -3.128E+00 -3.048E+00 -1.532E+00
 -6.4975000E+02 -1.997E+00 -1.896E+00 -8.232E-01
 -6.4925000E+02 -2.495E+00 -2.184E+00 -1.218E+00
 -6.4875000E+02 -1.966E+00 -1.635E+00 -1.024E+00
 -6.4825000E+02 -2.851E+00 -3.127E+00 -2.320E+00
 -6.4775000E+02 -3.748E+00 -3.736E+00 -1.677E+00
 -6.4725000E+02 -2.925E+00 -2.875E+00 -1.964E+00
 -6.4675000E+02 -2.701E+00 -2.820E+00 -2.656E+00
 -6.4625000E+02 -2.668E+00 -2.678E+00 -1.583E+00
 -6.4575000E+02 -2.858E+00 -2.798E+00 -1.557E+00
 -6.4525000E+02 -2.582E+00 -2.722E+00 -1.826E+00
 -6.4475000E+02 -2.544E+00 -2.596E+00 -1.801E+00
 -6.4425000E+02 -2.953E+00 -2.805E+00 -9.767E-01
 -6.4375000E+02 -2.835E+00 -2.549E+00 -1.316E+00
 -6.4325000E+02 -3.090E+00 -2.719E+00 -6.724E-01
 -6.4275000E+02 -3.522E+00 -3.668E+00 -1.025E+00
 -6.4225000E+02 -2.939E+00 -2.883E+00 -1.832E+00
 -6.4175000E+02 -2.900E+00 -4.189E+00 -2.093E+00
 -6.4125000E+02 -3.323E+00 -2.835E+00 -1.496E+00
 -6.4075000E+02 -2.146E+00 -1.730E+00 -2.364E+00
 -6.4025000E+02 -2.059E+00 -1.844E+00 -8.514E-01
 -6.3975000E+02 -2.758E+00 -2.719E+00 -1.324E+00
 -6.3925000E+02 -2.139E+00 -2.334E+00 -1.947E+00
 -6.3875000E+02 -2.305E+00 -2.382E+00 -1.429E+00
 -6.3825000E+02 -2.598E+00 -2.617E+00 -1.579E+00
 -6.3775000E+02 -2.683E+00 -2.683E+00 -1.411E+00
 -6.3725000E+02 -3.034E+00 -3.074E+00 -1.718E+00
 -6.3675000E+02 -3.132E+00 -2.919E+00 -1.236E+00
 -6.3625000E+02 -3.186E+00 -3.340E+00 -2.438E+00
 -6.3575000E+02 -2.745E+00 -2.922E+00 -1.951E+00
 -6.3525000E+02 -2.551E+00 -2.635E+00 -1.555E+00
 -6.3475000E+02 -2.939E+00 -2.699E+00 -6.347E-01
 -6.3425000E+02 -3.152E+00 -2.846E+00 -7.088E-01
 -6.3375000E+02 -2.849E+00 -2.902E+00 -1.770E+00
 -6.3325000E+02 -2.355E+00 -2.588E+00 -2.414E+00
 -6.3275000E+02 -2.716E+00 -2.708E+00 -1.786E+00
 -6.3225000E+02 -2.708E+00 -2.661E+00 -1.633E+00
 -6.3175000E+02 -2.958E+00 -2.730E+00 -1.541E+00
 -6.3125000E+02 -2.877E+00 -2.647E+00 -1.705E+00
 -6.3075000E+02 -2.704E+00 -3.127E+00 -2.912E+00
 -6.3025000E+02 -2.762E+00 -2.791E+00 -2.408E+00
 -6.2975000E+02 -2.947E+00 -2.767E+00 -1.290E+00
 -6.2925000E+02 -2.375E+00 -2.312E+00 -1.312E+00
 -6.2875000E+02 -2.441E+00 -2.359E+00 -4.128E-01
 -6.2825000E+02 -2.847E+00 -2.712E+00 -1.360E+00
 -6.2775000E+02 -2.711E+00 -2.783E+00 -1.038E+00
 -6.2725000E+02 -2.686E+00 -3.123E+00 -2.680E+00
 -6.2675000E+02 -2.929E+00 -2.913E+00 -1.420E+00
 -6.2625000E+02 -3.785E+00 -3.476E+00 -8.224E-01
 -6.2575000E+02 -2.452E+00 -2.494E+00 -1.497E+00
 -6.2525000E+02 -2.245E+00 -2.243E+00 -1.646E+00
 -6.2475000E+02 -2.692E+00 -2.934E+00 -2.100E+00
 -6.2425000E+02 -3.157E+00 -3.185E+00 -1.877E+00
 -6.2375000E+02 -2.098E+00 -2.054E+00 -1.249E+00
 -6.2325000E+02 -2.264E+00 -2.201E+00 -1.178E+00
 -6.2275000E+02 -2.000E+00 -2.591E+00 -2.239E+00
 -6.2225000E+02 -2.790E+00 -2.661E+00 -1.132E+00
 -6.2175000E+02 -2.667E+00 -2.519E+00 -1.146E+00
 -6.2125000E+02 -1.886E+00 -1.890E+00 -1.383E+00
 -6.2075000E+02 -1.864E+00 -1.930E+00 -1.734E+00
 -6.2025000E+02 -2.817E+00 -2.571E+00 -1.176E+00
 -6.1975000E+02 -2.448E+00 -2.580E+00 -1.226E+00
 -6.1925000E+02 -2.285E+00 -2.166E+00 -1.160E+00
 -6.1875000E+02 -2.428E+00 -2.362E+00 -1.251E+00
 -6.1825000E+02 -2.436E+00 -2.152E+00 -1.129E+00
 -6.1775000E+02 -3.177E+00 -3.102E+00 -1.466E+00
 -6.1725000E+02 -2.172E+00 -2.070E+00 -1.010E+00
 -6.1675000E+02 -2.225E+00 -2.274E+00 -2.037E+00
 -6.1625000E+02 -1.649E+00 -2.173E+00 -1.834E+00
 -6.1575000E+02 -2.566E+00 -2.689E+00 -1.841E+00
 -6.1525000E+02 -2.076E+00 -2.213E+00 -1.727E+00
 -6.1475000E+02 -1.935E+00 -2.063E+00 -1.804E+00
 -6.1425000E+02 -2.397E+00 -2.113E+00 -1.188E+00
 -6.1375000E+02 -2.571E+00 -2.822E+00 -2.423E+00
 -6.1325000E+02 -1.950E+00 -1.875E+00 -1.123E+00
 -6.1275000E+02 -2.818E+00 -2.819E+00 -1.142E+00
 -6.1225000E+02 -2.445E+00 -2.491E+00 -8.431E-01
 -6.1175000E+02 -2.837E+00 -2.857E+00 -1.124E+00
 -6.1125000E+02 -2.569E+00 -2.272E+00 -1.328E+00
 -6.1075000E+02 -2.364E+00 -2.276E+00 -1.447E+00
 -6.1025000E+02 -2.006E+00 -2.064E+00 -1.326E+00
 -6.0975000E+02 -2.527E+00 -2.261E+00 -1.154E+00
 -6.0925000E+02 -2.366E+00 -2.324E+00 -1.253E+00
 -6.0875000E+02 -2.376E+00 -2.270E+00 -1.784E+00
 -6.0825000E+02 -2.225E+00 -2.284E+00 -1.597E+00
 -6.0775000E+02 -2.680E+00 -2.533E+00 -8.492E-01
 -6.0725000E+02 -2.574E+00 -2.259E+00 -6.357E-01
 -6.0675000E+02 -3.032E+00 -2.669E+00 -1.178E+00
 -6.0625000E+02 -2.686E+00 -2.522E+00 -1.064E+00
 -6.0575000E+02 -2.823E+00 -3.057E+00 -1.798E+00
 -6.0525000E+02 -2.331E+00 -2.401E+00 -1.168E+00
 -6.0475000E+02 -1.646E+00 -1.783E+00 -6.704E-01
 -6.0425000E+02 -2.073E+00 -1.900E+00 -8.399E-01
 -6.0375000E+02 -1.724E+00 -1.936E+00 -1.953E+00
 -6.0325000E+02 -2.122E+00 -1.989E+00 -9.487E-01
 -6.0275000E+02 -2.305E+00 -2.061E+00 -2.369E+00
 -6.0225000E+02 -2.519E+00 -2.579E+00 -1.209E+00
 -6.0175000E+02 -2.637E+00 -2.308E+00 -4.974E-01
 -6.0125000E+02 -2.792E+00 -2.361E+00 -6.631E-03
 -6.0075000E+02 -2.009E+00 -2.315E+00 -1.460E+00
 -6.0025000E+02 -2.098E+00 -2.332E+00 -1.675E+00
 -5.9975000E+02 -2.466E+00 -2.649E+00 -1.747E+00
 -5.9925000E+02 -2.772E+00 -2.373E+00 -6.874E-01
 -5.9875000E+02 -2.668E+00 -2.317E+00 -3.121E-01
 -5.9825000E+02 -1.394E+00 -1.597E+00 -1.428E+00
 -5.9775000E+02 -2.380E+00 -2.225E+00 -7.525E-01
 -5.9725000E+02 -2.797E+00 -2.688E+00 -1.694E+00
 -5.9675000E+02 -2.536E+00 -2.535E+00 -1.555E+00
 -5.9625000E+02 -2.428E+00 -2.470E+00 -1.599E+00
 -5.9575000E+02 -2.863E+00 -2.534E+00 -1.350E+00
 -5.9525000E+02 -2.166E+00 -2.250E+00 -1.244E+00
 -5.9475000E+02 -2.630E+00 -3.040E+00 -2.440E+00
 -5.9425000E+02 -1.776E+00 -1.892E+00 -1.799E+00
 -5.9375000E+02 -2.222E+00 -2.590E+00 -2.105E+00
 -5.9325000E+02 -2.461E+00 -2.360E+00 -9.167E-01
 -5.9275000E+02 -3.154E+00 -2.958E+00 -1.632E+00
 -5.9225000E+02 -1.709E+00 -1.740E+00 -8.105E-01
 -5.9175000E+02 -1.748E+00 -1.814E+00 -1.157E+00
 -5.9125000E+02 -2.044E+00 -2.106E+00 -1.094E+00
 -5.9075000E+02 -1.989E+00 -1.916E+00 -1.360E+00
 -5.9025000E+02 -2.189E+00 -2.341E+00 -1.506E+00
 -5.8975000E+02 -2.683E+00 -2.337E+00 -1.082E+00
 -5.8925000E+02 -2.433E+00 -2.279E+00 -1.224E+00
 -5.8875000E+02 -2.549E+00 -2.678E+00 -1.352E+00
 -5.8825000E+02 -1.909E+00 -1.899E+00 -6.842E-01
 -5.8775000E+02 -2.144E+00 -2.040E+00 -5.917E-01
 -5.8725000E+02 -2.706E+00 -2.615E+00 -1.067E+00
 -5.8675000E+02 -1.794E+00 -2.009E+00 -1.837E+00
 -5.8625000E+02 -2.418E+00 -2.334E+00 -1.260E+00
 -5.8575000E+02 -1.885E+00 -1.652E+00 -1.459E-01
 -5.8525000E+02 -1.490E+00 -1.493E+00 -6.390E-01
 -5.8475000E+02 -2.161E+00 -2.104E+00 -1.087E+00
 -5.8425000E+02 -2.083E+00 -2.261E+00 -1.803E+00
 -5.8375000E+02 -2.155E+00 -2.161E+00 -1.469E+00
 -5.8325000E+02 -2.241E+00 -2.108E+00 -5.419E-01
 -5.8275000E+02 -2.081E+00 -1.807E+00 -6.027E-01
 -5.8225000E+02 -2.077E+00 -2.398E+00 -1.878E+00
 -5.8175000E+02 -2.154E+00 -1.972E+00 -6.271E-01
 -5.8125000E+02 -1.940E+00 -1.915E+00 -1.232E+00
 -5.8075000E+02 -2.368E+00 -2.317E+00 -2.176E-01
 -5.8025000E+02 -1.442E+00 -2.040E+00 -2.308E+00
 -5.7975000E+02 -1.542E+00 -1.397E+00 -1.804E+00
 -5.7925000E+02 -2.227E+00 -2.224E+00 -8.955E-01
 -5.7875000E+02 -2.553E+00 -2.378E+00 -1.060E+00
 -5.7825000E+02 -2.518E+00 -2.146E+00 -7.450E-01
 -5.7775000E+02 -2.165E+00 -2.141E+00 -6.275E-01
 -5.7725000E+02 -2.121E+00 -1.718E+00 -1.080E+00
 -5.7675000E+02 -2.142E+00 -2.123E+00 -1.302E+00
 -5.7625000E+02 -2.572E+00 -2.295E+00 -9.741E-01
 -5.7575000E+02 -1.594E+00 -1.894E+00 -2.848E+00
 -5.7525000E+02 -2.352E+00 -2.454E+00 -1.727E+00
 -5.7475000E+02 -2.292E+00 -2.187E+00 -1.381E+00
 -5.7425000E+02 -1.952E+00 -1.900E+00 -7.499E-01
 -5.7375000E+02 -1.836E+00 -2.009E+00 -1.623E+00
 -5.7325000E+02 -2.554E+00 -2.700E+00 -1.112E+00
 -5.7275000E+02 -2.123E+00 -2.112E+00 -8.166E-01
 -5.7225000E+02 -2.067E+00 -1.967E+00 -6.521E-01
 -5.7175000E+02 -1.707E+00 -1.961E+00 -1.597E+00
 -5.7125000E+02 -1.637E+00 -1.740E+00 -1.419E+00
 -5.7075000E+02 -1.960E+00 -1.737E+00 -6.696E-01
 -5.7025000E+02 -2.185E+00 -2.211E+00 -1.347E+00
 -5.6975000E+02 -2.279E+00 -2.348E+00 -1.793E+00
 -5.6925000E+02 -2.284E+00 -2.525E+00 -1.543E+00
 -5.6875000E+02 -1.978E+00 -1.865E+00 -8.442E-01
 -5.6825000E+02 -1.789E+00 -1.893E+00 -1.126E+00
 -5.6775000E+02 -2.173E+00 -2.085E+00 -9.511E-01
 -5.6725000E+02 -2.087E+00 -2.152E+00 -1.053E+00
 -5.6675000E+02 -1.759E+00 -1.697E+00 -1.202E+00
 -5.6625000E+02 -1.425E+00 -1.501E+00 -1.491E+00
 -5.6575000E+02 -2.148E+00 -2.234E+00 -1.494E+00
 -5.6525000E+02 -2.097E+00 -1.951E+00 -8.434E-01
 -5.6475000E+02 -1.634E+00 -1.845E+00 -1.465E+00
 -5.6425000E+02 -1.982E+00 -2.182E+00 -1.583E+00
 -5.6375000E+02 -1.928E+00 -2.327E+00 -2.347E+00
 -5.6325000E+02 -2.296E+00 -2.387E+00 -1.366E+00
 -5.6275000E+02 -2.053E+00 -1.949E+00 -1.230E+00
 -5.6225000E+02 -2.695E+00 -2.232E+00 -8.000E-01
 -5.6175000E+02 -2.966E+00 -2.827E+00 -1.728E+00
 -5.6125000E+02 -1.938E+00 -2.195E+00 -1.572E+00
 -5.6075000E+02 -2.618E+00 -2.488E+00 -8.396E-01
 -5.6025000E+02 -2.838E+00 -2.561E+00 -8.611E-01
 -5.5975000E+02 -2.520E+00 -2.471E+00 -6.379E-01
 -5.5925000E+02 -1.989E+00 -2.073E+00 -1.274E+00
 -5.5875000E+02 -2.037E+00 -1.963E+00 -6.115E-01
 -5.5825000E+02 -1.936E+00 -1.536E+00 -1.049E+00
 -5.5775000E+02 -1.666E+00 -1.397E+00 -3.208E-01
 -5.5725000E+02 -1.355E+00 -1.596E+00 -1.423E+00
 -5.5675000E+02 -2.150E+00 -2.161E+00 -1.303E+00
 -5.5625000E+02 -1.666E+00 -1.788E+00 -1.402E+00
 -5.5575000E+02 -2.501E+00 -2.365E+00 -1.232E+00
 -5.5525000E+02 -2.046E+00 -1.811E+00 -2.834E-01
 -5.5475000E+02 -1.435E+00 -1.569E+00 -1.340E+00
 -5.5425000E+02 -1.486E+00 -1.657E+00 -1.605E+00
 -5.5375000E+02 -1.588E+00 -1.733E+00 -1.314E+00
 -5.5325000E+02 -1.952E+00 -1.998E+00 -9.462E-01
 -5.5275000E+02 -1.880E+00 -1.924E+00 -1.261E+00
 -5.5225000E+02 -1.856E+00 -1.595E+00 -4.249E-01
 -5.5175000E+02 -2.096E+00 -1.758E+00 -5.737E-01
 -5.5125000E+02 -1.063E+00 -1.045E+00 -1.196E+00
 -5.5075000E+02 -1.861E+00 -2.186E+00 -1.595E+00
 -5.5025000E+02 -2.031E+00 -2.176E+00 -1.191E+00
 -5.4975000E+02 -1.669E+00 -2.074E+00 -2.173E+00
 -5.4925000E+02 -1.848E+00 -1.758E+00 -8.336E-01
 -5.4875000E+02 -1.902E+00 -1.701E+00 -5.472E-01
 -5.4825000E+02 -1.729E+00 -1.693E+00 -9.513E-01
 -5.4775000E+02 -1.501E+00 -1.481E+00 -7.947E-01
 -5.4725000E+02 -2.498E+00 -2.081E+00 -9.601E-01
 -5.4675000E+02 -2.009E+00 -1.955E+00 -7.544E-01
 -5.4625000E+02 -1.994E+00 -2.056E+00 -9.894E-01
 -5.4575000E+02 -2.222E+00 -2.152E+00 -7.085E-01
 -5.4525000E+02 -1.287E+00 -1.463E+00 -9.186E-01
 -5.4475000E+02 -2.076E+00 -2.099E+00 -1.240E+00
 -5.4425000E+02 -2.286E+00 -2.356E+00 -1.355E+00
 -5.4375000E+02 -1.993E+00 -2.090E+00 -1.659E+00
 -5.4325000E+02 -1.699E+00 -1.784E+00 -1.138E+00
 -5.4275000E+02 -1.568E+00 -1.746E+00 -8.953E-01
 -5.4225000E+02 -2.413E+00 -2.306E+00 -8.787E-01
 -5.4175000E+02 -2.259E+00 -2.015E+00 -4.705E-01
 -5.4125000E+02 -1.931E+00 -1.863E+00 -8.056E-01
 -5.4075000E+02 -1.586E+00 -1.437E+00 -7.887E-01
 -5.4025000E+02 -1.500E+00 -1.451E+00 -9.548E-01
 -5.3975000E+02 -1.882E+00 -1.723E+00 -9.169E-01
 -5.3925000E+02 -2.006E+00 -2.121E+00 -1.187E+00
 -5.3875000E+02 -1.430E+00 -1.503E+00 -9.997E-01
 -5.3825000E+02 -1.858E+00 -1.567E+00 -8.761E-01
 -5.3775000E+02 -1.340E+00 -1.526E+00 -1.398E+00
 -5.3725000E+02 -1.519E+00 -1.791E+00 -1.313E+00
 -5.3675000E+02 -1.872E+00 -1.736E+00 -1.095E+00
 -5.3625000E+02 -1.807E+00 -2.001E+00 -8.087E-01
 -5.3575000E+02 -2.158E+00 -1.870E+00  1.506E-01
 -5.3525000E+02 -2.028E+00 -2.164E+00 -9.857E-01
 -5.3475000E+02 -1.850E+00 -2.057E+00 -1.044E+00
 -5.3425000E+02 -1.995E+00 -1.869E+00 -7.102E-01
 -5.3375000E+02 -9.571E-01 -9.522E-01 -1.422E+00
 -5.3325000E+02 -1.733E+00 -1.684E+00 -1.066E+00
 -5.3275000E+02 -1.452E+00 -1.347E+00 -5.884E-01
 -5.3225000E+02 -1.728E+00 -1.472E+00 -3.922E-01
 -5.3175000E+02 -2.112E+00 -1.741E+00 -6.941E-01
 -5.3125000E+02 -1.845E+00 -2.056E+00 -1.206E+00
 -5.3075000E+02 -1.859E+00 -1.512E+00 -6.638E-01
 -5.3025000E+02 -2.702E+00 -2.457E+00 -1.103E+00
 -5.2975000E+02 -1.267E+00 -1.383E+00 -1.434E+00
 -5.2925000E+02 -1.598E+00 -1.683E+00 -9.761E-01
 -5.2875000E+02 -1.604E+00 -1.686E+00 -1.215E+00
 -5.2825000E+02 -1.767E+00 -1.902E+00 -1.170E+00
 -5.2775000E+02 -2.055E+00 -2.038E+00 -1.145E+00
 -5.2725000E+02 -1.713E+00 -1.934E+00 -1.374E+00
 -5.2675000E+02 -1.293E+00 -1.689E+00 -1.275E+00
 -5.2625000E+02 -1.756E+00 -1.391E+00 -3.082E-01
 -5.2575000E+02 -2.175E+00 -1.804E+00 -5.259E-01
 -5.2525000E+02 -1.926E+00 -1.919E+00 -2.464E-01
 -5.2475000E+02 -1.924E+00 -2.147E+00 -1.364E+00
 -5.2425000E+02 -1.571E+00 -1.558E+00 -1.223E+00
 -5.2375000E+02 -1.450E+00 -1.369E+00  1.200E-01
 -5.2325000E+02 -1.736E+00 -1.672E+00 -8.571E-01
 -5.2275000E+02 -2.018E+00 -2.059E+00 -1.152E+00
 -5.2225000E+02 -1.901E+00 -1.727E+00 -8.767E-01
 -5.2175000E+02 -1.364E+00 -1.231E+00 -5.412E-01
 -5.2125000E+02 -1.806E+00 -1.908E+00 -1.320E+00
 -5.2075000E+02 -1.987E+00 -1.750E+00 -3.187E-01
 -5.2025000E+02 -1.777E+00 -1.653E+00 -9.562E-01
 -5.1975000E+02 -1.768E+00 -1.770E+00 -6.863E-01
 -5.1925000E+02 -1.437E+00 -1.416E+00 -6.949E-01
 -5.1875000E+02 -1.368E+00 -1.486E+00 -1.477E+00
 -5.1825000E+02 -1.768E+00 -1.501E+00 -1.287E-01
 -5.1775000E+02 -1.940E+00 -2.160E+00 -1.019E+00
 -5.1725000E+02 -1.781E+00 -1.773E+00 -1.196E+00
 -5.1675000E+02 -1.450E+00 -1.675E+00 -1.625E+00
 -5.1625000E+02 -1.112E+00 -1.429E+00 -1.269E+00
 -5.1575000E+02 -2.028E+00 -1.933E+00 -7.641E-01
 -5.1525000E+02 -1.745E+00 -1.584E+00 -2.342E-01
 -5.1475000E+02 -1.525E+00 -1.649E+00 -1.525E+00
 -5.1425000E+02 -1.832E+00 -1.788E+00 -9.146E-01
 -5.1375000E+02 -1.852E+00 -1.642E+00 -5.302E-01
 -5.1325000E+02 -1.125E+00 -1.146E+00 -8.924E-01
 -5.1275000E+02 -1.867E+00 -1.773E+00 -5.290E-01
 -5.1225000E+02 -1.160E+00 -1.284E+00 -8.937E-01
 -5.1175000E+02 -1.303E+00 -1.296E+00 -8.146E-01
 -5.1125000E+02 -1.674E+00 -1.564E+00 -6.191E-01
 -5.1075000E+02 -1.822E+00 -1.832E+00 -1.179E+00
 -5.1025000E+02 -1.975E+00 -1.773E+00 -1.451E+00
 -5.0975000E+02 -1.661E+00 -1.570E+00 -4.740E-01
 -5.0925000E+02 -1.474E+00 -1.520E+00 -6.470E-01
 -5.0875000E+02 -1.376E+00 -1.289E+00 -7.355E-01
 -5.0825000E+02 -1.684E+00 -1.502E+00 -9.430E-01
 -5.0775000E+02 -1.821E+00 -1.901E+00 -1.204E+00
 -5.0725000E+02 -1.528E+00 -1.799E+00 -9.940E-01
 -5.0675000E+02 -1.617E+00 -1.797E+00 -9.918E-01
 -5.0625000E+02 -1.886E+00 -1.719E+00 -4.767E-01
 -5.0575000E+02 -1.757E+00 -1.675E+00 -6.867E-01
 -5.0525000E+02 -2.045E+00 -1.972E+00 -1.041E+00
 -5.0475000E+02 -1.652E+00 -1.497E+00 -1.031E+00
 -5.0425000E+02 -7.954E-01 -8.882E-01 -1.477E+00
 -5.0375000E+02 -1.550E+00 -1.319E+00 -3.339E-01
 -5.0325000E+02 -1.712E+00 -1.686E+00 -6.174E-01
 -5.0275000E+02 -1.509E+00 -1.599E+00 -5.609E-01
 -5.0225000E+02 -8.268E-01 -1.155E+00 -1.228E+00
 -5.0175000E+02 -1.696E+00 -1.641E+00 -5.751E-01
 -5.0125000E+02 -1.277E+00 -1.344E+00 -1.012E+00
 -5.0075000E+02 -1.731E+00 -1.600E+00 -4.820E-01
 -5.0025000E+02 -1.559E+00 -1.563E+00 -8.934E-01
 -4.9975000E+02 -1.472E+00 -1.512E+00 -1.110E+00
 -4.9925000E+02 -1.320E+00 -1.432E+00 -1.108E+00
 -4.9875000E+02 -1.646E+00 -1.380E+00 -8.007E-01
 -4.9825000E+02 -1.501E+00 -1.783E+00 -1.117E+00
 -4.9775000E+02 -1.562E+00 -1.598E+00 -5.422E-01
 -4.9725000E+02 -1.179E+00 -1.357E+00 -1.067E+00
 -4.9675000E+02 -1.849E+00 -1.913E+00 -1.579E+00
 -4.9625000E+02 -1.644E+00 -1.549E+00 -1.727E+00
 -4.9575000E+02 -1.518E+00 -1.562E+00 -1.458E+00
 -4.9525000E+02 -1.875E+00 -1.663E+00 -5.878E-01
 -4.9475000E+02 -1.901E+00 -1.504E+00 -3.956E-01
 -4.9425000E+02 -1.831E+00 -1.727E+00 -5.583E-01
 -4.9375000E+02 -1.016E+00 -7.957E-01 -8.668E-01
 -4.9325000E+02 -2.082E+00 -2.129E+00 -3.721E-01
 -4.9275000E+02 -2.190E+00 -2.145E+00 -1.088E+00
 -4.9225000E+02 -1.725E+00 -1.593E+00 -1.061E+00
 -4.9175000E+02 -1.790E+00 -1.913E+00 -1.051E+00
 -4.9125000E+02 -1.913E+00 -1.751E+00 -5.830E-01
 -4.9075000E+02 -1.991E+00 -1.877E+00 -9.965E-01
 -4.9025000E+02 -1.375E+00 -1.546E+00 -1.334E+00
 -4.8975000E+02 -1.320E+00 -1.416E+00 -1.196E+00
 -4.8925000E+02 -1.400E+00 -1.262E+00 -3.696E-01
 -4.8875000E+02 -1.772E+00 -1.616E+00 -4.311E-01
 -4.8825000E+02 -1.553E+00 -1.439E+00 -3.972E-01
 -4.8775000E+02 -1.311E+00 -1.502E+00 -1.124E+00
 -4.8725000E+02 -1.183E+00 -8.110E-01 -6.329E-01
 -4.8675000E+02 -1.377E+00 -1.297E+00 -5.000E-01
 -4.8625000E+02 -8.855E-01 -1.075E+00 -1.404E+00
 -4.8575000E+02 -1.273E+00 -1.761E+00 -1.273E+00
 -4.8525000E+02 -1.163E+00 -1.408E+00 -1.072E+00
 -4.8475000E+02 -2.123E+00 -2.043E+00 -8.129E-01
 -4.8425000E+02 -9.364E-01 -1.265E+00 -1.657E+00
 -4.8375000E+02 -1.192E+00 -1.364E+00 -1.058E+00
 -4.8325000E+02 -1.722E+00 -1.363E+00 -1.838E-01
 -4.8275000E+02 -1.119E+00 -1.015E+00 -3.592E-01
 -4.8225000E+02 -1.126E+00 -1.091E+00 -6.366E-01
 -4.8175000E+02 -1.848E+00 -1.870E+00 -1.122E+00
 -4.8125000E+02 -1.665E+00 -1.676E+00 -6.736E-01
 -4.8075000E+02 -1.202E+00 -1.440E+00 -1.819E+00
 -4.8025000E+02 -1.332E+00 -1.359E+00 -9.350E-01
 -4.7975000E+02 -1.631E+00 -1.584E+00 -7.335E-01
 -4.7925000E+02 -2.539E+00 -2.226E+00 -4.752E-01
 -4.7875000E+02 -1.241E+00 -1.136E+00 -4.305E-01
 -4.7825000E+02 -1.358E+00 -1.444E+00 -9.478E-01
 -4.7775000E+02 -1.870E+00 -1.706E+00 -5.050E-01
 -4.7725000E+02 -9.561E-01 -1.039E+00 -6.241E-01
 -4.7675000E+02 -1.549E+00 -1.552E+00 -9.889E-01
 -4.7625000E+02 -1.625E+00 -1.533E+00 -6.297E-01
 -4.7575000E+02 -1.494E+00 -1.309E+00 -3.137E-01
 -4.7525000E+02 -1.301E+00 -1.238E+00 -7.798E-01
 -4.7475000E+02 -1.387E+00 -1.319E+00 -6.659E-01
 -4.7425000E+02 -1.190E+00 -1.156E+00 -1.025E+00
 -4.7375000E+02 -1.397E+00 -1.277E+00 -1.153E+00
 -4.7325000E+02 -1.735E+00 -1.499E+00 -7.854E-01
 -4.7275000E+02 -1.734E+00 -1.757E+00 -2.491E-01
 -4.7225000E+02 -7.876E-01 -1.098E+00 -1.103E+00
 -4.7175000E+02 -1.442E+00 -1.440E+00 -8.041E-01
 -4.7125000E+02 -1.540E+00 -1.624E+00 -1.108E+00
 -4.7075000E+02 -1.069E+00 -1.361E+00 -1.158E+00
 -4.7025000E+02 -1.335E+00 -1.526E+00 -1.234E+00
 -4.6975000E+02 -1.482E+00 -1.572E+00 -1.281E+00
 -4.6925000E+02 -1.675E+00 -1.566E+00 -5.304E-01
 -4.6875000E+02 -1.293E+00 -1.202E+00 -9.956E-01
 -4.6825000E+02 -1.610E+00 -1.550E+00 -9.029E-01
 -4.6775000E+02 -1.369E+00 -1.317E+00 -3.491E-01
 -4.6725000E+02 -1.175E+00 -1.214E+00 -5.318E-01
 -4.6675000E+02 -1.633E+00 -1.677E+00 -9.420E-01
 -4.6625000E+02 -1.590E+00 -1.419E+00 -5.354E-01
 -4.6575000E+02 -1.635E+00 -1.623E+00 -1.255E+00
 -4.6525000E+02 -1.495E+00 -1.750E+00 -1.205E+00
 -4.6475000E+02 -1.369E+00 -1.226E+00 -3.373E-01
 -4.6425000E+02 -6.601E-01 -6.400E-01 -6.483E-01
 -4.6375000E+02 -7.836E-01 -8.697E-01 -5.521E-01
 -4.6325000E+02 -1.193E+00 -1.204E+00 -6.663E-01
 -4.6275000E+02 -1.603E+00 -1.686E+00 -7.144E-01
 -4.6225000E+02 -1.521E+00 -1.502E+00 -6.312E-01
