 -7.9527500E+03  9.793E-03  9.764E-03  4.669E-03
 -7.9522500E+03  6.415E-03  4.771E-03 -3.379E-03
 -7.9517500E+03 -8.007E-04 -1.353E-03 -2.583E-03
 -7.9512500E+03 -6.742E-04 -6.447E-04 -2.103E-04
 -7.9507500E+03 -8.556E-04 -6.854E-04  2.661E-04
 -7.9502500E+03 -1.054E-03 -9.953E-04 -2.814E-04
 -7.9497500E+03  2.244E-03  1.771E-03 -7.843E-04
 -7.9492500E+03 -4.733E-04 -7.247E-04 -1.222E-03
 -7.9487500E+03 -5.502E-05 -7.502E-04 -2.797E-03
 -7.9482500E+03  3.089E-03  2.119E-03 -2.369E-03
 -7.9477500E+03 -5.559E-04 -6.427E-04 -5.850E-04
 -7.9472500E+03 -1.906E-04 -2.947E-04 -4.755E-04
 -7.9467500E+03  1.826E-02  1.703E-02  3.836E-03
 -7.9462500E+03  2.595E-03  3.736E-03  5.729E-03
 -7.9457500E+03 -2.848E-03 -3.055E-04  8.707E-03
 -7.9452500E+03  1.546E-02  1.553E-02  7.499E-03
 -7.9447500E+03 -1.385E-02 -1.416E-02 -7.807E-03
 -7.9442500E+03 -6.172E-03 -6.339E-03 -3.623E-03
 -7.9437500E+03 -2.908E-04 -4.192E-04 -6.588E-04
 -7.9432500E+03  1.305E-03  3.781E-03  1.039E-02
 -7.9427500E+03  1.703E-02  2.289E-02  3.116E-02
 -7.9422500E+03  2.122E-02  1.604E-02 -1.060E-02
 -7.9417500E+03  4.446E-04  1.346E-03  3.614E-03
 -7.9412500E+03 -8.459E-03 -9.153E-03 -6.700E-03
 -7.9407500E+03 -8.084E-03 -1.023E-02 -1.217E-02
 -7.9402500E+03  9.382E-02  8.465E-02  7.903E-03
 -7.9397500E+03  2.017E-02  1.548E-02 -8.928E-03
 -7.9392500E+03  7.379E-02  6.447E-02 -4.287E-03
 -7.9387500E+03  2.013E-02  2.000E-02  9.665E-03
 -7.9382500E+03 -7.972E-03  1.814E-03  3.507E-02
 -7.9377500E+03 -6.674E-03 -4.755E-03  4.359E-03
 -7.9372500E+03  2.754E-02  3.010E-02  2.257E-02
 -7.9367500E+03  7.742E-03  1.524E-02  3.293E-02
 -7.9362500E+03  4.315E-03  2.957E-03 -3.679E-03
 -7.9357500E+03  1.211E-02  1.342E-02  1.076E-02
 -7.9352500E+03  3.398E-03 -6.244E-03 -3.649E-02
 -7.9347500E+03 -6.373E-03  9.596E-03  6.005E-02
 -7.9342500E+03  2.779E-01  2.762E-01  1.206E-01
 -7.9337500E+03 -6.154E-03 -3.072E-03  9.642E-03
 -7.9332500E+03 -4.153E-02 -4.544E-02 -3.468E-02
 -7.9327500E+03  1.807E-02  1.322E-02 -1.041E-02
 -7.9322500E+03 -5.208E-02 -4.527E-02  2.932E-03
 -7.9317500E+03  4.475E-02  5.054E-02  4.264E-02
 -7.9312500E+03  1.229E-02  2.006E-02  3.622E-02
 -7.9307500E+03  4.296E-02  5.362E-02  6.125E-02
 -7.9302500E+03  1.656E-01  1.621E-01  5.991E-02
 -7.9297500E+03 -4.698E-02 -6.668E-03  1.381E-01
 -7.9292500E+03  1.997E-01  1.790E-01  9.420E-03
 -7.9287500E+03  3.650E-03 -8.852E-03 -4.741E-02
 -7.9282500E+03  7.819E-02  8.914E-02  7.913E-02
 -7.9277500E+03  9.274E-02  9.800E-02  6.240E-02
 -7.9272500E+03  1.386E-01  1.213E-01 -6.730E-03
 -7.9267500E+03  5.201E-02  5.429E-02  3.231E-02
 -7.9262500E+03  8.501E-02  7.649E-02  3.795E-03
 -7.9257500E+03  2.332E-02  1.346E-03 -7.754E-02
 -7.9252500E+03  2.826E-03 -7.157E-04 -1.300E-02
 -7.9247500E+03  8.308E-02  9.247E-02  7.343E-02
 -7.9242500E+03  1.175E-02  3.359E-02  9.119E-02
 -7.9237500E+03  1.598E-01  1.573E-01  6.195E-02
 -7.9232500E+03  4.246E-02  5.219E-02  5.689E-02
 -7.9227500E+03 -2.479E-02 -1.012E-02  4.698E-02
 -7.9222500E+03  5.431E-02  5.792E-02  3.837E-02
 -7.9217500E+03  1.391E-01  1.645E-01  1.621E-01
 -7.9212500E+03  2.342E-01  2.034E-01 -1.730E-02
 -7.9207500E+03  5.757E-02  7.188E-02  8.139E-02
 -7.9202500E+03  2.442E-02  2.508E-02  1.362E-02
 -7.9197500E+03  1.857E-01  2.413E-01  3.000E-01
 -7.9192500E+03  2.227E-01  1.889E-01 -3.628E-02
 -7.9187500E+03  4.313E-01  4.017E-01  7.327E-02
 -7.9182500E+03  2.765E-02  1.792E-02 -2.407E-02
 -7.9177500E+03  4.318E-02  6.271E-02  9.717E-02
 -7.9172500E+03  2.696E-01  2.621E-01  8.579E-02
 -7.9167500E+03  3.249E-01  3.220E-01  1.281E-01
 -7.9162500E+03  9.313E-02  1.880E-01  4.151E-01
 -7.9157500E+03  1.129E-02  6.310E-02  2.032E-01
 -7.9152500E+03  8.564E-03  5.671E-02  1.915E-01
 -7.9147500E+03  6.242E-01  5.911E-01  1.395E-01
 -7.9142500E+03  5.527E-01  5.720E-01  3.103E-01
 -7.9137500E+03  1.933E-01  1.690E-01 -1.253E-02
 -7.9132500E+03  3.424E-01  3.365E-01  1.234E-01
 -7.9127500E+03  2.522E-01  2.790E-01  2.168E-01
 -7.9122500E+03  3.985E-01  4.587E-01  4.092E-01
 -7.9117500E+03  1.899E-01  1.893E-01  8.165E-02
 -7.9112500E+03  6.204E-01  5.931E-01  1.615E-01
 -7.9107500E+03  3.957E-01  3.208E-01 -1.285E-01
 -7.9102500E+03  4.580E-01  4.286E-01  7.704E-02
 -7.9097500E+03  3.145E-01  4.437E-01  6.329E-01
 -7.9092500E+03  6.359E-01  6.225E-01  2.196E-01
 -7.9087500E+03  3.869E-01  3.938E-01  1.988E-01
 -7.9082500E+03  3.754E-01  4.538E-01  4.588E-01
 -7.9077500E+03  5.268E-01  4.956E-01  1.022E-01
 -7.9072500E+03  4.811E-01  5.029E-01  2.882E-01
 -7.9067500E+03  3.564E-01  3.609E-01  1.723E-01
 -7.9062500E+03  4.409E-01  4.682E-01  2.891E-01
 -7.9057500E+03  2.496E-01  2.280E-01  1.441E-02
 -7.9052500E+03  4.363E-01  6.132E-01  8.737E-01
 -7.9047500E+03  5.701E-01  7.119E-01  7.924E-01
 -7.9042500E+03  7.511E-01  6.556E-01 -6.337E-02
 -7.9037500E+03  9.158E-01  8.833E-01  2.575E-01
 -7.9032500E+03  9.736E-01  9.440E-01  2.873E-01
 -7.9027500E+03  1.066E+00  1.216E+00  1.033E+00
 -7.9022500E+03  1.190E+00  1.113E+00  1.934E-01
 -7.9017500E+03  8.180E-01  8.902E-01  6.179E-01
 -7.9012500E+03  3.278E-01  3.961E-01  3.997E-01
 -7.9007500E+03  7.980E-01  7.989E-01  3.275E-01
 -7.9002500E+03  5.208E-01  6.685E-01  7.870E-01
 -7.8997500E+03  1.305E+00  1.341E+00  6.760E-01
 -7.8992500E+03  9.640E-01  1.064E+00  7.820E-01
 -7.8987500E+03  7.553E-01  7.411E-01  2.532E-01
 -7.8982500E+03  1.228E+00  1.323E+00  8.646E-01
 -7.8977500E+03  1.723E+00  1.861E+00  1.242E+00
 -7.8972500E+03  1.056E+00  1.066E+00  4.776E-01
 -7.8967500E+03  1.348E+00  1.249E+00  1.642E-01
 -7.8962500E+03  1.203E+00  1.170E+00  3.606E-01
 -7.8957500E+03  8.769E-01  1.136E+00  1.362E+00
 -7.8952500E+03  1.397E+00  1.459E+00  8.053E-01
 -7.8947500E+03  1.968E+00  1.971E+00  8.031E-01
 -7.8942500E+03  1.259E+00  1.297E+00  6.590E-01
 -7.8937500E+03  1.364E+00  1.583E+00  1.394E+00
 -7.8932500E+03  1.703E+00  1.854E+00  1.270E+00
 -7.8927500E+03  1.971E+00  1.903E+00  5.294E-01
 -7.8922500E+03  2.687E+00  2.815E+00  1.613E+00
 -7.8917500E+03  2.442E+00  2.301E+00  4.070E-01
 -7.8912500E+03  1.241E+00  1.224E+00  4.246E-01
 -7.8907500E+03  1.489E+00  1.681E+00  1.345E+00
 -7.8902500E+03  2.115E+00  2.061E+00  6.463E-01
 -7.8897500E+03  1.498E+00  1.773E+00  1.665E+00
 -7.8892500E+03  2.320E+00  2.742E+00  2.536E+00
 -7.8887500E+03  3.046E+00  3.186E+00  1.740E+00
 -7.8882500E+03  2.689E+00  2.905E+00  1.900E+00
 -7.8877500E+03  3.058E+00  3.137E+00  1.507E+00
 -7.8872500E+03  2.785E+00  2.825E+00  1.253E+00
 -7.8867500E+03  4.056E+00  4.005E+00  1.362E+00
 -7.8862500E+03  3.712E+00  3.881E+00  2.125E+00
 -7.8857500E+03  3.024E+00  3.266E+00  2.123E+00
 -7.8852500E+03  4.437E+00  4.507E+00  2.009E+00
 -7.8847500E+03  3.564E+00  3.932E+00  2.807E+00
 -7.8842500E+03  4.237E+00  4.422E+00  2.366E+00
 -7.8837500E+03  4.329E+00  4.541E+00  2.505E+00
 -7.8832500E+03  2.519E+00  2.810E+00  2.098E+00
 -7.8827500E+03  5.157E+00  5.428E+00  3.055E+00
 -7.8822500E+03  5.366E+00  5.639E+00  3.128E+00
 -7.8817500E+03  3.743E+00  3.878E+00  1.949E+00
 -7.8812500E+03  5.193E+00  5.131E+00  1.755E+00
 -7.8807500E+03  4.965E+00  5.397E+00  3.572E+00
 -7.8802500E+03  4.401E+00  4.592E+00  2.414E+00
 -7.8797500E+03  6.146E+00  6.569E+00  3.998E+00
 -7.8792500E+03  3.980E+00  4.329E+00  2.871E+00
 -7.8787500E+03  6.612E+00  6.918E+00  3.699E+00
 -7.8782500E+03  5.821E+00  5.523E+00  1.057E+00
 -7.8777500E+03  5.976E+00  6.525E+00  4.397E+00
 -7.8772500E+03  6.045E+00  6.919E+00  5.672E+00
 -7.8767500E+03  7.306E+00  7.518E+00  3.602E+00
 -7.8762500E+03  7.788E+00  7.756E+00  2.805E+00
 -7.8757500E+03  6.478E+00  6.849E+00  3.870E+00
 -7.8752500E+03  6.593E+00  7.135E+00  4.578E+00
 -7.8747500E+03  6.024E+00  6.546E+00  4.272E+00
 -7.8742500E+03  6.627E+00  7.141E+00  4.453E+00
 -7.8737500E+03  9.482E+00  1.015E+01  6.155E+00
 -7.8732500E+03  1.005E+01  1.020E+01  4.320E+00
 -7.8727500E+03  8.716E+00  8.844E+00  3.713E+00
 -7.8722500E+03  9.805E+00  1.037E+01  5.817E+00
 -7.8717500E+03  8.874E+00  9.443E+00  5.472E+00
 -7.8712500E+03  8.986E+00  9.467E+00  5.194E+00
 -7.8707500E+03  8.348E+00  8.342E+00  3.035E+00
 -7.8702500E+03  7.113E+00  7.853E+00  5.460E+00
 -7.8697500E+03  8.678E+00  9.308E+00  5.618E+00
 -7.8692500E+03  1.193E+01  1.280E+01  7.747E+00
 -7.8687500E+03  1.513E+01  1.480E+01  4.283E+00
 -7.8682500E+03  8.616E+00  9.117E+00  5.062E+00
 -7.8677500E+03  1.069E+01  1.123E+01  5.964E+00
 -7.8672500E+03  9.903E+00  1.046E+01  5.730E+00
 -7.8667500E+03  1.110E+01  1.250E+01  9.434E+00
 -7.8662500E+03  1.385E+01  1.484E+01  8.847E+00
 -7.8657500E+03  1.336E+01  1.361E+01  5.834E+00
 -7.8652500E+03  1.384E+01  1.438E+01  7.067E+00
 -7.8647500E+03  1.010E+01  1.074E+01  6.117E+00
 -7.8642500E+03  1.496E+01  1.621E+01  1.020E+01
 -7.8637500E+03  1.548E+01  1.576E+01  6.611E+00
 -7.8632500E+03  1.533E+01  1.574E+01  7.044E+00
 -7.8627500E+03  1.513E+01  1.681E+01  1.186E+01
 -7.8622500E+03  1.747E+01  1.836E+01  9.702E+00
 -7.8617500E+03  1.601E+01  1.632E+01  6.891E+00
 -7.8612500E+03  1.929E+01  2.022E+01  1.042E+01
 -7.8607500E+03  1.371E+01  1.473E+01  8.765E+00
 -7.8602500E+03  1.444E+01  1.480E+01  6.441E+00
 -7.8597500E+03  1.631E+01  1.707E+01  8.673E+00
 -7.8592500E+03  1.660E+01  1.776E+01  1.031E+01
 -7.8587500E+03  1.723E+01  1.866E+01  1.156E+01
 -7.8582500E+03  1.986E+01  2.074E+01  1.038E+01
 -7.8577500E+03  1.824E+01  1.947E+01  1.110E+01
 -7.8572500E+03  1.774E+01  1.853E+01  9.242E+00
 -7.8567500E+03  1.679E+01  1.802E+01  1.055E+01
 -7.8562500E+03  2.209E+01  2.290E+01  1.085E+01
 -7.8557500E+03  2.158E+01  2.242E+01  1.074E+01
 -7.8552500E+03  2.097E+01  2.249E+01  1.313E+01
 -7.8547500E+03  2.362E+01  2.508E+01  1.382E+01
 -7.8542500E+03  2.495E+01  2.597E+01  1.249E+01
 -7.8537500E+03  2.282E+01  2.420E+01  1.316E+01
 -7.8532500E+03  2.132E+01  2.225E+01  1.087E+01
 -7.8527500E+03  2.517E+01  2.646E+01  1.360E+01
 -7.8522500E+03  2.055E+01  2.188E+01  1.210E+01
 -7.8517500E+03  2.537E+01  2.752E+01  1.694E+01
 -7.8512500E+03  2.384E+01  2.477E+01  1.167E+01
 -7.8507500E+03  2.695E+01  2.735E+01  1.072E+01
 -7.8502500E+03  2.086E+01  2.287E+01  1.483E+01
 -7.8497500E+03  2.481E+01  2.712E+01  1.724E+01
 -7.8492500E+03  2.762E+01  2.878E+01  1.379E+01
 -7.8487500E+03  2.808E+01  2.945E+01  1.469E+01
 -7.8482500E+03  3.185E+01  3.408E+01  1.926E+01
 -7.8477500E+03  3.235E+01  3.360E+01  1.563E+01
 -7.8472500E+03  2.978E+01  3.174E+01  1.756E+01
 -7.8467500E+03  2.935E+01  3.158E+01  1.836E+01
 -7.8462500E+03  3.189E+01  3.310E+01  1.525E+01
 -7.8457500E+03  3.151E+01  3.244E+01  1.404E+01
 -7.8452500E+03  3.143E+01  3.292E+01  1.614E+01
 -7.8447500E+03  3.173E+01  3.315E+01  1.596E+01
 -7.8442500E+03  3.058E+01  3.311E+01  1.980E+01
 -7.8437500E+03  3.188E+01  3.386E+01  1.808E+01
 -7.8432500E+03  3.720E+01  3.839E+01  1.682E+01
 -7.8427500E+03  3.333E+01  3.377E+01  1.251E+01
 -7.8422500E+03  3.163E+01  3.401E+01  1.947E+01
 -7.8417500E+03  3.797E+01  3.987E+01  1.966E+01
 -7.8412500E+03  3.597E+01  3.764E+01  1.813E+01
 -7.8407500E+03  3.427E+01  3.742E+01  2.322E+01
 -7.8402500E+03  3.231E+01  3.507E+01  2.101E+01
 -7.8397500E+03  3.194E+01  3.393E+01  1.800E+01
 -7.8392500E+03  3.686E+01  3.842E+01  1.785E+01
 -7.8387500E+03  3.938E+01  4.155E+01  2.099E+01
 -7.8382500E+03  4.207E+01  4.494E+01  2.452E+01
 -7.8377500E+03  3.869E+01  4.047E+01  1.921E+01
 -7.8372500E+03  4.045E+01  4.277E+01  2.178E+01
 -7.8367500E+03  4.097E+01  4.345E+01  2.254E+01
 -7.8362500E+03  3.768E+01  4.032E+01  2.199E+01
 -7.8357500E+03  3.848E+01  4.121E+01  2.266E+01
 -7.8352500E+03  3.936E+01  4.079E+01  1.782E+01
 -7.8347500E+03  4.008E+01  4.330E+01  2.500E+01
 -7.8342500E+03  4.485E+01  4.772E+01  2.515E+01
 -7.8337500E+03  4.453E+01  4.579E+01  1.879E+01
 -7.8332500E+03  4.346E+01  4.687E+01  2.658E+01
 -7.8327500E+03  4.432E+01  4.726E+01  2.509E+01
 -7.8322500E+03  4.297E+01  4.675E+01  2.778E+01
 -7.8317500E+03  4.873E+01  5.017E+01  2.068E+01
 -7.8312500E+03  4.655E+01  4.818E+01  2.070E+01
 -7.8307500E+03  4.390E+01  4.692E+01  2.508E+01
 -7.8302500E+03  4.498E+01  4.863E+01  2.781E+01
 -7.8297500E+03  4.505E+01  4.886E+01  2.846E+01
 -7.8292500E+03  4.839E+01  5.079E+01  2.403E+01
 -7.8287500E+03  5.218E+01  5.504E+01  2.697E+01
 -7.8282500E+03  5.284E+01  5.448E+01  2.247E+01
 -7.8277500E+03  4.514E+01  4.910E+01  2.873E+01
 -7.8272500E+03  4.449E+01  4.798E+01  2.683E+01
 -7.8267500E+03  4.384E+01  4.639E+01  2.295E+01
 -7.8262500E+03  5.013E+01  5.240E+01  2.385E+01
 -7.8257500E+03  4.808E+01  5.095E+01  2.540E+01
 -7.8252500E+03  5.202E+01  5.490E+01  2.666E+01
 -7.8247500E+03  5.551E+01  5.725E+01  2.337E+01
 -7.8242500E+03  5.151E+01  5.385E+01  2.432E+01
 -7.8237500E+03  4.925E+01  5.347E+01  3.074E+01
 -7.8232500E+03  5.180E+01  5.428E+01  2.497E+01
 -7.8227500E+03  4.722E+01  5.144E+01  3.007E+01
 -7.8222500E+03  5.006E+01  5.226E+01  2.323E+01
 -7.8217500E+03  5.279E+01  5.720E+01  3.244E+01
 -7.8212500E+03  5.200E+01  5.371E+01  2.186E+01
 -7.8207500E+03  4.756E+01  5.181E+01  3.014E+01
 -7.8202500E+03  4.935E+01  5.314E+01  2.885E+01
 -7.8197500E+03  5.849E+01  6.094E+01  2.647E+01
 -7.8192500E+03  5.136E+01  5.627E+01  3.354E+01
 -7.8187500E+03  5.485E+01  5.887E+01  3.113E+01
 -7.8182500E+03  5.003E+01  5.325E+01  2.667E+01
 -7.8177500E+03  4.923E+01  5.389E+01  3.182E+01
 -7.8172500E+03  5.050E+01  5.332E+01  2.523E+01
 -7.8167500E+03  5.804E+01  6.166E+01  3.052E+01
 -7.8162500E+03  6.098E+01  6.330E+01  2.641E+01
 -7.8157500E+03  5.424E+01  5.654E+01  2.431E+01
 -7.8152500E+03  5.557E+01  5.846E+01  2.677E+01
 -7.8147500E+03  5.271E+01  5.529E+01  2.481E+01
 -7.8142500E+03  5.677E+01  5.959E+01  2.675E+01
 -7.8137500E+03  6.170E+01  6.537E+01  3.150E+01
 -7.8132500E+03  5.474E+01  5.822E+01  2.870E+01
 -7.8127500E+03  5.842E+01  6.245E+01  3.178E+01
 -7.8122500E+03  6.182E+01  6.614E+01  3.388E+01
 -7.8117500E+03  5.346E+01  5.671E+01  2.710E+01
 -7.8112500E+03  4.890E+01  5.352E+01  3.102E+01
 -7.8107500E+03  5.388E+01  5.598E+01  2.285E+01
 -7.8102500E+03  5.489E+01  5.750E+01  2.499E+01
 -7.8097500E+03  5.186E+01  5.769E+01  3.636E+01
 -7.8092500E+03  6.079E+01  6.464E+01  3.143E+01
 -7.8087500E+03  6.106E+01  6.445E+01  2.962E+01
 -7.8082500E+03  5.130E+01  5.556E+01  3.014E+01
 -7.8077500E+03  5.995E+01  6.311E+01  2.828E+01
 -7.8072500E+03  6.086E+01  6.552E+01  3.412E+01
 -7.8067500E+03  5.554E+01  5.855E+01  2.642E+01
 -7.8062500E+03  5.667E+01  5.990E+01  2.769E+01
 -7.8057500E+03  5.458E+01  5.999E+01  3.526E+01
 -7.8052500E+03  5.472E+01  5.558E+01  1.766E+01
 -7.8047500E+03  5.642E+01  6.113E+01  3.310E+01
 -7.8042500E+03  5.888E+01  6.490E+01  3.859E+01
 -7.8037500E+03  5.542E+01  6.112E+01  3.624E+01
 -7.8032500E+03  5.520E+01  5.854E+01  2.725E+01
 -7.8027500E+03  5.518E+01  6.037E+01  3.414E+01
 -7.8022500E+03  5.183E+01  5.600E+01  2.930E+01
 -7.8017500E+03  6.132E+01  6.339E+01  2.400E+01
 -7.8012500E+03  5.887E+01  6.263E+01  2.960E+01
 -7.8007500E+03  5.507E+01  6.052E+01  3.492E+01
 -7.8002500E+03  5.709E+01  6.131E+01  3.076E+01
 -7.7997500E+03  5.980E+01  6.301E+01  2.773E+01
 -7.7992500E+03  5.483E+01  5.724E+01  2.317E+01
 -7.7987500E+03  5.348E+01  5.885E+01  3.405E+01
 -7.7982500E+03  5.923E+01  6.239E+01  2.708E+01
 -7.7977500E+03  5.684E+01  6.289E+01  3.727E+01
 -7.7972500E+03  5.234E+01  5.730E+01  3.207E+01
 -7.7967500E+03  6.287E+01  6.573E+01  2.694E+01
 -7.7962500E+03  5.729E+01  6.133E+01  2.959E+01
 -7.7957500E+03  5.373E+01  5.823E+01  3.040E+01
 -7.7952500E+03  5.063E+01  5.433E+01  2.647E+01
 -7.7947500E+03  5.141E+01  5.556E+01  2.840E+01
 -7.7942500E+03  5.567E+01  5.939E+01  2.800E+01
 -7.7937500E+03  5.115E+01  5.564E+01  2.949E+01
 -7.7932500E+03  5.128E+01  5.706E+01  3.427E+01
 -7.7927500E+03  5.505E+01  5.711E+01  2.114E+01
 -7.7922500E+03  5.306E+01  5.689E+01  2.740E+01
 -7.7917500E+03  4.965E+01  5.499E+01  3.211E+01
 -7.7912500E+03  5.123E+01  5.645E+01  3.180E+01
 -7.7907500E+03  5.566E+01  5.825E+01  2.337E+01
 -7.7902500E+03  4.998E+01  5.434E+01  2.829E+01
 -7.7897500E+03  5.402E+01  5.794E+01  2.774E+01
 -7.7892500E+03  5.812E+01  6.063E+01  2.346E+01
 -7.7887500E+03  5.167E+01  5.589E+01  2.811E+01
 -7.7882500E+03  5.005E+01  5.330E+01  2.399E+01
 -7.7877500E+03  5.166E+01  5.485E+01  2.421E+01
 -7.7872500E+03  4.701E+01  5.183E+01  2.888E+01
 -7.7867500E+03  4.941E+01  5.439E+01  3.007E+01
 -7.7862500E+03  4.279E+01  4.799E+01  2.926E+01
 -7.7857500E+03  4.896E+01  5.278E+01  2.568E+01
 -7.7852500E+03  5.506E+01  5.818E+01  2.470E+01
 -7.7847500E+03  5.421E+01  5.588E+01  1.878E+01
 -7.7842500E+03  4.484E+01  4.949E+01  2.762E+01
 -7.7837500E+03  4.389E+01  4.762E+01  2.393E+01
 -7.7832500E+03  4.902E+01  5.223E+01  2.315E+01
 -7.7827500E+03  5.021E+01  5.426E+01  2.661E+01
 -7.7822500E+03  4.644E+01  4.907E+01  2.020E+01
 -7.7817500E+03  3.984E+01  4.285E+01  1.985E+01
 -7.7812500E+03  4.908E+01  5.422E+01  3.035E+01
 -7.7807500E+03  5.066E+01  5.286E+01  1.936E+01
 -7.7802500E+03  3.749E+01  4.131E+01  2.227E+01
 -7.7797500E+03  4.530E+01  4.871E+01  2.256E+01
 -7.7792500E+03  4.278E+01  4.731E+01  2.623E+01
 -7.7787500E+03  4.763E+01  5.080E+01  2.217E+01
 -7.7782500E+03  4.604E+01  4.889E+01  2.070E+01
 -7.7777500E+03  4.141E+01  4.263E+01  1.335E+01
 -7.7772500E+03  3.979E+01  4.486E+01  2.723E+01
 -7.7767500E+03  4.598E+01  4.970E+01  2.350E+01
 -7.7762500E+03  3.498E+01  3.860E+01  2.041E+01
 -7.7757500E+03  4.623E+01  4.912E+01  2.062E+01
 -7.7752500E+03  4.459E+01  4.814E+01  2.270E+01
 -7.7747500E+03  3.639E+01  3.953E+01  1.909E+01
 -7.7742500E+03  4.423E+01  4.811E+01  2.363E+01
 -7.7737500E+03  4.346E+01  4.645E+01  2.000E+01
 -7.7732500E+03  4.152E+01  4.416E+01  1.810E+01
 -7.7727500E+03  3.765E+01  4.003E+01  1.632E+01
 -7.7722500E+03  4.050E+01  4.418E+01  2.189E+01
 -7.7717500E+03  3.577E+01  3.946E+01  2.061E+01
 -7.7712500E+03  3.917E+01  4.286E+01  2.163E+01
 -7.7707500E+03  3.429E+01  3.868E+01  2.272E+01
 -7.7702500E+03  3.342E+01  3.674E+01  1.859E+01
 -7.7697500E+03  4.092E+01  4.367E+01  1.821E+01
 -7.7692500E+03  3.847E+01  3.986E+01  1.255E+01
 -7.7687500E+03  3.441E+01  3.613E+01  1.285E+01
 -7.7682500E+03  3.463E+01  3.925E+01  2.354E+01
 -7.7677500E+03  4.021E+01  4.487E+01  2.502E+01
 -7.7672500E+03  3.512E+01  3.994E+01  2.420E+01
 -7.7667500E+03  3.526E+01  3.930E+01  2.144E+01
 -7.7662500E+03  3.043E+01  3.308E+01  1.513E+01
 -7.7657500E+03  2.972E+01  3.119E+01  1.065E+01
 -7.7652500E+03  3.228E+01  3.501E+01  1.578E+01
 -7.7647500E+03  3.011E+01  3.336E+01  1.732E+01
 -7.7642500E+03  2.929E+01  3.152E+01  1.308E+01
 -7.7637500E+03  2.578E+01  2.952E+01  1.780E+01
 -7.7632500E+03  2.590E+01  3.005E+01  1.953E+01
 -7.7627500E+03  3.559E+01  3.673E+01  1.055E+01
 -7.7622500E+03  2.714E+01  2.957E+01  1.336E+01
 -7.7617500E+03  2.943E+01  3.287E+01  1.747E+01
 -7.7612500E+03  2.514E+01  2.683E+01  1.006E+01
 -7.7607500E+03  2.857E+01  3.206E+01  1.746E+01
 -7.7602500E+03  2.870E+01  3.020E+01  1.004E+01
 -7.7597500E+03  2.475E+01  2.552E+01  6.604E+00
 -7.7592500E+03  2.331E+01  2.753E+01  1.889E+01
 -7.7587500E+03  2.564E+01  2.786E+01  1.199E+01
 -7.7582500E+03  2.484E+01  2.809E+01  1.560E+01
 -7.7577500E+03  2.172E+01  2.442E+01  1.281E+01
 -7.7572500E+03  2.697E+01  2.813E+01  8.210E+00
 -7.7567500E+03  1.899E+01  2.137E+01  1.100E+01
 -7.7562500E+03  2.198E+01  2.298E+01  6.386E+00
 -7.7557500E+03  2.020E+01  2.288E+01  1.236E+01
 -7.7552500E+03  2.349E+01  2.647E+01  1.414E+01
 -7.7547500E+03  1.871E+01  2.141E+01  1.185E+01
 -7.7542500E+03  2.688E+01  2.793E+01  7.605E+00
 -7.7537500E+03  1.654E+01  1.984E+01  1.386E+01
 -7.7532500E+03  2.044E+01  2.371E+01  1.446E+01
 -7.7527500E+03  2.656E+01  2.649E+01  3.192E+00
 -7.7522500E+03  2.089E+01  2.161E+01  5.122E+00
 -7.7517500E+03  2.006E+01  2.332E+01  1.437E+01
 -7.7512500E+03  1.508E+01  1.717E+01  8.823E+00
 -7.7507500E+03  1.233E+01  1.376E+01  5.613E+00
 -7.7502500E+03  1.475E+01  1.799E+01  1.292E+01
 -7.7497500E+03  1.664E+01  1.554E+01 -2.888E+00
 -7.7492500E+03  1.867E+01  2.001E+01  6.568E+00
 -7.7487500E+03  1.855E+01  2.079E+01  1.012E+01
 -7.7482500E+03  1.472E+01  1.687E+01  8.863E+00
 -7.7477500E+03  1.256E+01  1.566E+01  1.187E+01
 -7.7472500E+03  7.800E+00  9.861E+00  7.132E+00
 -7.7467500E+03  9.333E+00  1.056E+01  4.123E+00
 -7.7462500E+03  1.394E+01  1.616E+01  8.814E+00
 -7.7457500E+03  1.137E+01  1.407E+01  1.004E+01
 -7.7452500E+03  1.199E+01  1.350E+01  5.516E+00
 -7.7447500E+03  1.537E+01  1.766E+01  9.312E+00
 -7.7442500E+03  6.424E+00  8.084E+00  5.025E+00
 -7.7437500E+03  1.176E+01  1.308E+01  4.968E+00
 -7.7432500E+03  7.445E+00  7.883E+00  7.745E-01
 -7.7427500E+03  1.450E+01  1.529E+01  3.819E+00
 -7.7422500E+03  1.065E+01  1.121E+01  1.824E+00
 -7.7417500E+03  5.947E+00  8.436E+00  7.860E+00
 -7.7412500E+03  5.624E+00  7.266E+00  4.805E+00
 -7.7407500E+03  8.642E+00  1.054E+01  6.569E+00
 -7.7402500E+03  9.141E+00  1.067E+01  5.036E+00
 -7.7397500E+03  5.118E+00  6.773E+00  4.731E+00
 -7.7392500E+03  1.582E+01  1.637E+01  2.959E+00
 -7.7387500E+03  6.407E+00  7.131E+00  1.377E+00
 -7.7382500E+03  7.104E+00  9.691E+00  8.534E+00
 -7.7377500E+03  3.101E+00  6.045E+00  8.908E+00
 -7.7372500E+03  5.926E+00  8.302E+00  7.392E+00
 -7.7367500E+03  1.106E+01  9.535E+00 -5.906E+00
 -7.7362500E+03  8.398E+00  8.876E+00  9.929E-01
 -7.7357500E+03  6.587E+00  8.307E+00  4.814E+00
 -7.7352500E+03 -2.036E+00 -8.507E-01  1.456E+00
 -7.7347500E+03  2.392E+00  3.482E+00  2.227E+00
 -7.7342500E+03  6.471E+00  6.935E+00  6.178E-01
 -7.7337500E+03  3.745E+00  5.133E+00  3.364E+00
 -7.7332500E+03  1.337E+00  2.445E+00  1.733E+00
 -7.7327500E+03 -2.209E+00 -8.060E-01  2.346E+00
 -7.7322500E+03  3.485E+00  2.816E+00 -4.314E+00
 -7.7317500E+03 -2.205E+00 -4.759E-01  3.386E+00
 -7.7312500E+03  1.858E+00  5.014E+00  9.487E+00
 -7.7307500E+03 -2.960E+00 -1.384E+00  2.751E+00
 -7.7302500E+03  4.285E+00  3.054E+00 -6.566E+00
 -7.7297500E+03  5.382E-02  1.753E+00  3.351E+00
 -7.7292500E+03 -3.519E+00 -3.068E+00 -1.585E+00
 -7.7287500E+03 -6.068E-01 -8.133E-01 -3.216E+00
 -7.7282500E+03  8.767E-01  5.659E-01 -3.813E+00
 -7.7277500E+03 -5.399E+00 -3.662E+00  2.768E+00
 -7.7272500E+03 -2.664E+00 -1.621E+00  7.689E-01
 -7.7267500E+03 -1.908E-01 -5.767E-01 -4.125E+00
 -7.7262500E+03 -8.209E-01  5.069E-02  5.885E-01
 -7.7257500E+03 -2.260E+00 -1.463E+00 -6.901E-02
 -7.7252500E+03 -3.905E+00 -4.155E+00 -4.380E+00
 -7.7247500E+03 -3.649E+00 -3.168E+00 -1.742E+00
 -7.7242500E+03 -4.627E+00 -3.660E+00  1.599E-01
 -7.7237500E+03 -2.698E+00 -2.744E+00 -3.284E+00
 -7.7232500E+03 -6.137E+00 -4.816E+00  8.936E-01
 -7.7227500E+03 -2.450E+00 -2.110E+00 -1.886E+00
 -7.7222500E+03 -2.591E+00 -2.066E+00 -1.099E+00
 -7.7217500E+03 -6.905E+00 -7.525E+00 -6.263E+00
 -7.7212500E+03 -1.304E+01 -1.138E+01  9.659E-01
 -7.7207500E+03 -1.887E-01  9.971E-01  1.700E+00
 -7.7202500E+03 -7.714E+00 -8.612E+00 -7.522E+00
 -7.7197500E+03 -9.811E+00 -1.045E+01 -7.012E+00
 -7.7192500E+03 -4.677E+00 -5.064E+00 -5.099E+00
 -7.7187500E+03 -4.498E+00 -4.795E+00 -4.296E+00
 -7.7182500E+03 -5.372E+00 -4.530E+00 -1.826E-01
 -7.7177500E+03 -1.230E+01 -1.080E+01  5.096E-01
 -7.7172500E+03 -1.033E+01 -1.040E+01 -4.782E+00
 -7.7167500E+03 -1.246E+01 -1.243E+01 -4.914E+00
 -7.7162500E+03 -6.148E+00 -7.459E+00 -8.798E+00
 -7.7157500E+03 -1.100E+01 -1.114E+01 -5.271E+00
 -7.7152500E+03 -6.338E+00 -6.829E+00 -5.744E+00
 -7.7147500E+03 -6.490E+00 -7.329E+00 -6.843E+00
 -7.7142500E+03 -9.321E+00 -9.579E+00 -5.210E+00
 -7.7137500E+03 -8.180E+00 -6.283E+00  2.885E+00
 -7.7132500E+03 -1.004E+01 -7.285E+00  5.626E+00
 -7.7127500E+03 -8.917E+00 -1.029E+01 -9.342E+00
 -7.7122500E+03 -1.027E+01 -1.011E+01 -3.946E+00
 -7.7117500E+03 -1.042E+01 -1.057E+01 -5.202E+00
 -7.7112500E+03 -8.089E+00 -8.118E+00 -4.261E+00
 -7.7107500E+03 -1.064E+01 -1.118E+01 -6.510E+00
 -7.7102500E+03 -8.750E+00 -9.231E+00 -6.318E+00
 -7.7097500E+03 -6.910E+00 -8.574E+00 -1.021E+01
 -7.7092500E+03 -1.070E+01 -1.003E+01 -2.168E+00
 -7.7087500E+03 -1.026E+01 -1.041E+01 -5.044E+00
 -7.7082500E+03 -1.149E+01 -1.257E+01 -8.607E+00
 -7.7077500E+03 -1.238E+01 -1.401E+01 -1.091E+01
 -7.7072500E+03 -1.276E+01 -1.175E+01 -1.221E+00
 -7.7067500E+03 -8.941E+00 -8.412E+00 -2.129E+00
 -7.7062500E+03 -1.482E+01 -1.537E+01 -7.285E+00
 -7.7057500E+03 -1.452E+01 -1.487E+01 -6.572E+00
 -7.7052500E+03 -9.753E+00 -9.905E+00 -4.751E+00
 -7.7047500E+03 -1.039E+01 -1.065E+01 -5.627E+00
 -7.7042500E+03 -9.892E+00 -1.127E+01 -9.135E+00
 -7.7037500E+03 -1.380E+01 -1.411E+01 -6.288E+00
 -7.7032500E+03 -1.359E+01 -1.435E+01 -7.739E+00
 -7.7027500E+03 -8.535E+00 -9.041E+00 -6.076E+00
 -7.7022500E+03 -1.511E+01 -1.572E+01 -7.590E+00
 -7.7017500E+03 -1.405E+01 -1.558E+01 -1.083E+01
 -7.7012500E+03 -1.426E+01 -1.424E+01 -5.010E+00
 -7.7007500E+03 -1.445E+01 -1.498E+01 -7.020E+00
 -7.7002500E+03 -1.675E+01 -1.755E+01 -8.536E+00
 -7.6997500E+03 -1.308E+01 -1.310E+01 -5.075E+00
 -7.6992500E+03 -1.380E+01 -1.460E+01 -8.088E+00
 -7.6987500E+03 -1.329E+01 -1.467E+01 -9.806E+00
 -7.6982500E+03 -1.437E+01 -1.570E+01 -9.968E+00
 -7.6977500E+03 -1.480E+01 -1.508E+01 -6.455E+00
 -7.6972500E+03 -1.402E+01 -1.556E+01 -1.081E+01
 -7.6967500E+03 -1.534E+01 -1.618E+01 -8.296E+00
 -7.6962500E+03 -1.908E+01 -1.845E+01 -3.576E+00
 -7.6957500E+03 -1.809E+01 -1.763E+01 -4.051E+00
 -7.6952500E+03 -1.705E+01 -1.741E+01 -7.061E+00
 -7.6947500E+03 -1.352E+01 -1.440E+01 -8.186E+00
 -7.6942500E+03 -1.505E+01 -1.553E+01 -6.832E+00
 -7.6937500E+03 -1.476E+01 -1.477E+01 -5.078E+00
 -7.6932500E+03 -1.720E+01 -1.730E+01 -5.949E+00
 -7.6927500E+03 -1.564E+01 -1.811E+01 -1.413E+01
 -7.6922500E+03 -1.601E+01 -1.643E+01 -6.828E+00
 -7.6917500E+03 -1.618E+01 -1.703E+01 -8.533E+00
 -7.6912500E+03 -1.590E+01 -1.621E+01 -6.335E+00
 -7.6907500E+03 -1.785E+01 -1.829E+01 -6.961E+00
 -7.6902500E+03 -1.998E+01 -1.988E+01 -5.480E+00
 -7.6897500E+03 -1.683E+01 -1.820E+01 -1.051E+01
 -7.6892500E+03 -1.602E+01 -1.740E+01 -1.030E+01
 -7.6887500E+03 -1.536E+01 -1.582E+01 -7.070E+00
 -7.6882500E+03 -1.993E+01 -2.061E+01 -8.476E+00
 -7.6877500E+03 -1.424E+01 -1.447E+01 -5.447E+00
 -7.6872500E+03 -1.403E+01 -1.599E+01 -1.195E+01
 -7.6867500E+03 -1.536E+01 -1.745E+01 -1.258E+01
 -7.6862500E+03 -1.425E+01 -1.503E+01 -7.755E+00
 -7.6857500E+03 -1.859E+01 -1.876E+01 -6.381E+00
 -7.6852500E+03 -1.767E+01 -1.836E+01 -7.996E+00
 -7.6847500E+03 -1.440E+01 -1.605E+01 -1.078E+01
 -7.6842500E+03 -1.757E+01 -1.942E+01 -1.192E+01
 -7.6837500E+03 -1.943E+01 -1.985E+01 -7.414E+00
 -7.6832500E+03 -1.824E+01 -1.884E+01 -7.742E+00
 -7.6827500E+03 -1.772E+01 -1.783E+01 -5.776E+00
 -7.6822500E+03 -1.778E+01 -1.780E+01 -5.496E+00
 -7.6817500E+03 -1.497E+01 -1.705E+01 -1.258E+01
 -7.6812500E+03 -1.436E+01 -1.446E+01 -5.092E+00
 -7.6807500E+03 -1.927E+01 -1.958E+01 -6.953E+00
 -7.6802500E+03 -1.987E+01 -2.137E+01 -1.113E+01
 -7.6797500E+03 -1.808E+01 -1.975E+01 -1.173E+01
 -7.6792500E+03 -1.834E+01 -1.849E+01 -5.773E+00
 -7.6787500E+03 -1.750E+01 -1.744E+01 -4.704E+00
 -7.6782500E+03 -1.730E+01 -1.853E+01 -9.481E+00
 -7.6777500E+03 -1.541E+01 -1.649E+01 -8.996E+00
 -7.6772500E+03 -1.946E+01 -2.040E+01 -9.145E+00
 -7.6767500E+03 -1.840E+01 -1.844E+01 -5.190E+00
 -7.6762500E+03 -1.348E+01 -1.541E+01 -1.163E+01
 -7.6757500E+03 -1.754E+01 -1.941E+01 -1.218E+01
 -7.6752500E+03 -2.002E+01 -2.014E+01 -6.439E+00
 -7.6747500E+03 -1.672E+01 -1.859E+01 -1.179E+01
 -7.6742500E+03 -1.914E+01 -1.988E+01 -8.229E+00
 -7.6737500E+03 -1.527E+01 -1.778E+01 -1.390E+01
 -7.6732500E+03 -1.549E+01 -1.708E+01 -1.069E+01
 -7.6727500E+03 -1.755E+01 -1.873E+01 -9.947E+00
 -7.6722500E+03 -1.629E+01 -1.752E+01 -9.338E+00
 -7.6717500E+03 -1.897E+01 -2.002E+01 -9.225E+00
 -7.6712500E+03 -2.035E+01 -2.135E+01 -9.280E+00
 -7.6707500E+03 -1.844E+01 -1.941E+01 -8.935E+00
 -7.6702500E+03 -2.080E+01 -2.198E+01 -1.002E+01
 -7.6697500E+03 -1.747E+01 -1.859E+01 -9.262E+00
 -7.6692500E+03 -1.514E+01 -1.672E+01 -1.004E+01
 -7.6687500E+03 -1.520E+01 -1.648E+01 -9.128E+00
 -7.6682500E+03 -1.852E+01 -1.850E+01 -5.222E+00
 -7.6677500E+03 -1.985E+01 -2.064E+01 -8.074E+00
 -7.6672500E+03 -1.455E+01 -1.601E+01 -9.720E+00
 -7.6667500E+03 -1.854E+01 -2.069E+01 -1.329E+01
 -7.6662500E+03 -1.971E+01 -2.065E+01 -8.999E+00
 -7.6657500E+03 -1.861E+01 -1.973E+01 -9.356E+00
 -7.6652500E+03 -2.064E+01 -2.218E+01 -1.129E+01
 -7.6647500E+03 -1.831E+01 -1.838E+01 -5.339E+00
 -7.6642500E+03 -1.711E+01 -1.847E+01 -1.006E+01
 -7.6637500E+03 -2.088E+01 -2.228E+01 -1.067E+01
 -7.6632500E+03 -1.676E+01 -1.767E+01 -8.113E+00
 -7.6627500E+03 -1.842E+01 -2.031E+01 -1.208E+01
 -7.6622500E+03 -1.642E+01 -1.753E+01 -8.777E+00
 -7.6617500E+03 -1.699E+01 -1.877E+01 -1.124E+01
 -7.6612500E+03 -2.000E+01 -2.119E+01 -9.773E+00
 -7.6607500E+03 -1.868E+01 -1.963E+01 -8.625E+00
 -7.6602500E+03 -1.760E+01 -1.790E+01 -5.946E+00
 -7.6597500E+03 -1.885E+01 -1.935E+01 -7.243E+00
 -7.6592500E+03 -2.127E+01 -2.195E+01 -8.048E+00
 -7.6587500E+03 -1.789E+01 -1.890E+01 -8.559E+00
 -7.6582500E+03 -1.748E+01 -1.874E+01 -9.272E+00
 -7.6577500E+03 -1.687E+01 -1.738E+01 -6.717E+00
 -7.6572500E+03 -2.030E+01 -2.124E+01 -8.799E+00
 -7.6567500E+03 -1.839E+01 -2.027E+01 -1.198E+01
 -7.6562500E+03 -1.824E+01 -2.002E+01 -1.132E+01
 -7.6557500E+03 -1.798E+01 -1.934E+01 -9.976E+00
 -7.6552500E+03 -1.638E+01 -1.804E+01 -1.080E+01
 -7.6547500E+03 -1.750E+01 -1.891E+01 -9.751E+00
 -7.6542500E+03 -1.635E+01 -1.836E+01 -1.173E+01
 -7.6537500E+03 -1.549E+01 -1.649E+01 -8.227E+00
 -7.6532500E+03 -1.660E+01 -1.780E+01 -9.067E+00
 -7.6527500E+03 -1.606E+01 -1.798E+01 -1.176E+01
 -7.6522500E+03 -1.967E+01 -2.194E+01 -1.356E+01
 -7.6517500E+03 -1.592E+01 -1.721E+01 -9.340E+00
 -7.6512500E+03 -1.811E+01 -1.912E+01 -8.449E+00
 -7.6507500E+03 -1.832E+01 -1.937E+01 -8.671E+00
 -7.6502500E+03 -1.860E+01 -1.926E+01 -7.154E+00
 -7.6497500E+03 -1.875E+01 -1.887E+01 -5.353E+00
 -7.6492500E+03 -1.769E+01 -1.922E+01 -1.007E+01
 -7.6487500E+03 -1.953E+01 -2.134E+01 -1.207E+01
 -7.6482500E+03 -1.555E+01 -1.733E+01 -1.095E+01
 -7.6477500E+03 -1.497E+01 -1.640E+01 -9.336E+00
 -7.6472500E+03 -1.647E+01 -1.835E+01 -1.149E+01
 -7.6467500E+03 -2.088E+01 -2.175E+01 -8.459E+00
 -7.6462500E+03 -1.848E+01 -1.961E+01 -8.728E+00
 -7.6457500E+03 -1.963E+01 -2.112E+01 -1.029E+01
 -7.6452500E+03 -1.695E+01 -1.800E+01 -8.348E+00
 -7.6447500E+03 -1.678E+01 -1.813E+01 -9.564E+00
 -7.6442500E+03 -1.785E+01 -1.904E+01 -9.138E+00
 -7.6437500E+03 -1.871E+01 -1.859E+01 -4.180E+00
 -7.6432500E+03 -1.654E+01 -1.761E+01 -8.440E+00
 -7.6427500E+03 -1.769E+01 -1.858E+01 -7.731E+00
 -7.6422500E+03 -1.473E+01 -1.562E+01 -7.595E+00
 -7.6417500E+03 -1.881E+01 -1.982E+01 -8.532E+00
 -7.6412500E+03 -1.794E+01 -1.945E+01 -1.023E+01
 -7.6407500E+03 -1.734E+01 -1.881E+01 -9.980E+00
 -7.6402500E+03 -1.837E+01 -1.962E+01 -9.235E+00
 -7.6397500E+03 -1.719E+01 -1.841E+01 -9.005E+00
 -7.6392500E+03 -1.933E+01 -2.078E+01 -9.953E+00
 -7.6387500E+03 -1.529E+01 -1.655E+01 -8.547E+00
 -7.6382500E+03 -1.805E+01 -1.895E+01 -8.016E+00
 -7.6377500E+03 -1.917E+01 -2.021E+01 -8.652E+00
 -7.6372500E+03 -1.578E+01 -1.728E+01 -9.783E+00
 -7.6367500E+03 -1.660E+01 -1.727E+01 -6.857E+00
 -7.6362500E+03 -1.662E+01 -1.744E+01 -7.289E+00
 -7.6357500E+03 -1.662E+01 -1.856E+01 -1.147E+01
 -7.6352500E+03 -1.659E+01 -1.764E+01 -8.313E+00
 -7.6347500E+03 -1.813E+01 -2.013E+01 -1.187E+01
 -7.6342500E+03 -1.831E+01 -1.916E+01 -7.747E+00
 -7.6337500E+03 -1.664E+01 -1.736E+01 -7.197E+00
 -7.6332500E+03 -1.699E+01 -1.747E+01 -6.180E+00
 -7.6327500E+03 -1.902E+01 -2.020E+01 -8.946E+00
 -7.6322500E+03 -1.797E+01 -1.867E+01 -6.927E+00
 -7.6317500E+03 -1.826E+01 -1.939E+01 -8.523E+00
 -7.6312500E+03 -1.742E+01 -1.766E+01 -5.296E+00
 -7.6307500E+03 -1.599E+01 -1.734E+01 -9.047E+00
 -7.6302500E+03 -1.388E+01 -1.503E+01 -8.330E+00
 -7.6297500E+03 -1.740E+01 -1.929E+01 -1.103E+01
 -7.6292500E+03 -1.874E+01 -2.112E+01 -1.310E+01
 -7.6287500E+03 -1.584E+01 -1.667E+01 -7.080E+00
 -7.6282500E+03 -1.714E+01 -1.816E+01 -8.256E+00
 -7.6277500E+03 -2.047E+01 -2.093E+01 -6.470E+00
 -7.6272500E+03 -1.697E+01 -1.850E+01 -9.622E+00
 -7.6267500E+03 -1.737E+01 -1.910E+01 -1.067E+01
 -7.6262500E+03 -1.750E+01 -1.793E+01 -6.107E+00
 -7.6257500E+03 -1.531E+01 -1.680E+01 -9.277E+00
 -7.6252500E+03 -1.737E+01 -1.837E+01 -7.649E+00
 -7.6247500E+03 -1.655E+01 -1.852E+01 -1.123E+01
 -7.6242500E+03 -1.575E+01 -1.623E+01 -5.920E+00
 -7.6237500E+03 -1.515E+01 -1.672E+01 -9.612E+00
 -7.6232500E+03 -1.626E+01 -1.775E+01 -9.521E+00
 -7.6227500E+03 -1.598E+01 -1.706E+01 -8.054E+00
 -7.6222500E+03 -1.690E+01 -1.841E+01 -9.459E+00
 -7.6217500E+03 -1.669E+01 -1.804E+01 -9.270E+00
 -7.6212500E+03 -1.732E+01 -1.835E+01 -7.960E+00
 -7.6207500E+03 -1.582E+01 -1.728E+01 -9.381E+00
 -7.6202500E+03 -1.736E+01 -1.884E+01 -9.478E+00
 -7.6197500E+03 -1.660E+01 -1.730E+01 -6.559E+00
 -7.6192500E+03 -1.575E+01 -1.679E+01 -7.835E+00
 -7.6187500E+03 -1.462E+01 -1.661E+01 -1.140E+01
 -7.6182500E+03 -1.689E+01 -1.746E+01 -6.347E+00
 -7.6177500E+03 -1.498E+01 -1.657E+01 -9.598E+00
 -7.6172500E+03 -1.586E+01 -1.677E+01 -7.356E+00
 -7.6167500E+03 -1.477E+01 -1.564E+01 -6.879E+00
 -7.6162500E+03 -1.878E+01 -2.003E+01 -8.964E+00
 -7.6157500E+03 -1.664E+01 -1.829E+01 -9.979E+00
 -7.6152500E+03 -1.537E+01 -1.646E+01 -7.682E+00
 -7.6147500E+03 -1.288E+01 -1.406E+01 -7.821E+00
 -7.6142500E+03 -1.432E+01 -1.512E+01 -6.834E+00
 -7.6137500E+03 -1.840E+01 -1.899E+01 -6.444E+00
 -7.6132500E+03 -1.519E+01 -1.722E+01 -1.115E+01
 -7.6127500E+03 -1.486E+01 -1.644E+01 -9.418E+00
 -7.6122500E+03 -1.537E+01 -1.652E+01 -7.875E+00
 -7.6117500E+03 -1.506E+01 -1.696E+01 -1.057E+01
 -7.6112500E+03 -1.670E+01 -1.741E+01 -6.534E+00
 -7.6107500E+03 -1.505E+01 -1.590E+01 -6.822E+00
 -7.6102500E+03 -1.700E+01 -1.815E+01 -8.059E+00
 -7.6097500E+03 -1.568E+01 -1.711E+01 -9.016E+00
 -7.6092500E+03 -1.599E+01 -1.752E+01 -9.334E+00
 -7.6087500E+03 -1.481E+01 -1.605E+01 -8.193E+00
 -7.6082500E+03 -1.525E+01 -1.659E+01 -8.655E+00
 -7.6077500E+03 -1.678E+01 -1.776E+01 -7.656E+00
 -7.6072500E+03 -1.547E+01 -1.725E+01 -1.009E+01
 -7.6067500E+03 -1.679E+01 -1.712E+01 -5.504E+00
 -7.6062500E+03 -1.284E+01 -1.410E+01 -8.074E+00
 -7.6057500E+03 -1.358E+01 -1.473E+01 -7.730E+00
 -7.6052500E+03 -1.512E+01 -1.624E+01 -7.560E+00
 -7.6047500E+03 -1.304E+01 -1.408E+01 -7.157E+00
 -7.6042500E+03 -1.496E+01 -1.664E+01 -9.625E+00
 -7.6037500E+03 -1.428E+01 -1.524E+01 -7.090E+00
 -7.6032500E+03 -1.426E+01 -1.554E+01 -8.105E+00
 -7.6027500E+03 -1.588E+01 -1.691E+01 -7.892E+00
 -7.6022500E+03 -1.569E+01 -1.673E+01 -7.586E+00
 -7.6017500E+03 -1.660E+01 -1.750E+01 -7.123E+00
 -7.6012500E+03 -1.451E+01 -1.519E+01 -6.088E+00
 -7.6007500E+03 -1.425E+01 -1.521E+01 -6.828E+00
 -7.6002500E+03 -1.324E+01 -1.445E+01 -7.711E+00
 -7.5997500E+03 -1.417E+01 -1.513E+01 -7.201E+00
 -7.5992500E+03 -1.654E+01 -1.691E+01 -5.227E+00
 -7.5987500E+03 -1.350E+01 -1.465E+01 -7.469E+00
 -7.5982500E+03 -1.462E+01 -1.609E+01 -9.059E+00
 -7.5977500E+03 -1.387E+01 -1.528E+01 -8.580E+00
 -7.5972500E+03 -1.319E+01 -1.436E+01 -7.579E+00
 -7.5967500E+03 -1.472E+01 -1.541E+01 -5.994E+00
 -7.5962500E+03 -1.725E+01 -1.810E+01 -7.254E+00
 -7.5957500E+03 -1.440E+01 -1.563E+01 -7.792E+00
 -7.5952500E+03 -1.318E+01 -1.440E+01 -7.880E+00
 -7.5947500E+03 -1.414E+01 -1.467E+01 -5.405E+00
 -7.5942500E+03 -1.443E+01 -1.511E+01 -5.933E+00
 -7.5937500E+03 -1.166E+01 -1.317E+01 -8.336E+00
 -7.5932500E+03 -1.319E+01 -1.477E+01 -9.215E+00
 -7.5927500E+03 -1.360E+01 -1.467E+01 -7.422E+00
 -7.5922500E+03 -1.334E+01 -1.461E+01 -7.917E+00
 -7.5917500E+03 -1.329E+01 -1.390E+01 -5.819E+00
 -7.5912500E+03 -1.462E+01 -1.567E+01 -7.329E+00
 -7.5907500E+03 -1.219E+01 -1.361E+01 -8.435E+00
 -7.5902500E+03 -1.342E+01 -1.431E+01 -6.398E+00
 -7.5897500E+03 -1.646E+01 -1.736E+01 -6.860E+00
 -7.5892500E+03 -1.512E+01 -1.688E+01 -9.992E+00
 -7.5887500E+03 -1.442E+01 -1.525E+01 -6.440E+00
 -7.5882500E+03 -1.282E+01 -1.371E+01 -6.090E+00
 -7.5877500E+03 -1.295E+01 -1.450E+01 -9.047E+00
 -7.5872500E+03 -1.422E+01 -1.539E+01 -7.855E+00
 -7.5867500E+03 -1.446E+01 -1.520E+01 -5.985E+00
 -7.5862500E+03 -1.456E+01 -1.573E+01 -7.563E+00
 -7.5857500E+03 -1.416E+01 -1.534E+01 -7.546E+00
 -7.5852500E+03 -1.197E+01 -1.348E+01 -8.346E+00
 -7.5847500E+03 -1.364E+01 -1.494E+01 -8.295E+00
 -7.5842500E+03 -1.280E+01 -1.366E+01 -6.333E+00
 -7.5837500E+03 -1.294E+01 -1.407E+01 -7.502E+00
 -7.5832500E+03 -1.246E+01 -1.396E+01 -8.854E+00
 -7.5827500E+03 -1.430E+01 -1.558E+01 -7.731E+00
 -7.5822500E+03 -1.263E+01 -1.345E+01 -6.098E+00
 -7.5817500E+03 -1.200E+01 -1.316E+01 -7.189E+00
 -7.5812500E+03 -1.298E+01 -1.366E+01 -5.586E+00
 -7.5807500E+03 -1.212E+01 -1.318E+01 -7.085E+00
 -7.5802500E+03 -1.260E+01 -1.330E+01 -5.030E+00
 -7.5797500E+03 -1.237E+01 -1.295E+01 -4.991E+00
 -7.5792500E+03 -1.323E+01 -1.438E+01 -7.423E+00
 -7.5787500E+03 -1.256E+01 -1.330E+01 -6.021E+00
 -7.5782500E+03 -1.360E+01 -1.441E+01 -5.945E+00
 -7.5777500E+03 -1.314E+01 -1.408E+01 -6.527E+00
 -7.5772500E+03 -1.428E+01 -1.492E+01 -5.527E+00
 -7.5767500E+03 -1.203E+01 -1.366E+01 -9.064E+00
 -7.5762500E+03 -1.263E+01 -1.346E+01 -6.195E+00
 -7.5757500E+03 -1.234E+01 -1.321E+01 -5.934E+00
 -7.5752500E+03 -1.340E+01 -1.412E+01 -5.508E+00
 -7.5747500E+03 -1.458E+01 -1.558E+01 -6.527E+00
 -7.5742500E+03 -1.157E+01 -1.287E+01 -7.967E+00
 -7.5737500E+03 -1.443E+01 -1.484E+01 -4.792E+00
 -7.5732500E+03 -1.261E+01 -1.352E+01 -6.344E+00
 -7.5727500E+03 -1.214E+01 -1.329E+01 -7.210E+00
 -7.5722500E+03 -1.240E+01 -1.342E+01 -6.499E+00
 -7.5717500E+03 -1.335E+01 -1.395E+01 -5.608E+00
 -7.5712500E+03 -1.189E+01 -1.325E+01 -7.941E+00
 -7.5707500E+03 -1.529E+01 -1.622E+01 -6.672E+00
 -7.5702500E+03 -1.302E+01 -1.409E+01 -6.991E+00
 -7.5697500E+03 -1.163E+01 -1.304E+01 -8.164E+00
 -7.5692500E+03 -1.140E+01 -1.230E+01 -5.917E+00
 -7.5687500E+03 -1.239E+01 -1.273E+01 -4.267E+00
 -7.5682500E+03 -1.255E+01 -1.307E+01 -5.033E+00
 -7.5677500E+03 -1.101E+01 -1.191E+01 -6.077E+00
 -7.5672500E+03 -1.125E+01 -1.204E+01 -5.583E+00
 -7.5667500E+03 -1.170E+01 -1.276E+01 -6.571E+00
 -7.5662500E+03 -1.220E+01 -1.316E+01 -6.487E+00
 -7.5657500E+03 -1.170E+01 -1.279E+01 -6.827E+00
 -7.5652500E+03 -1.091E+01 -1.219E+01 -7.640E+00
 -7.5647500E+03 -1.203E+01 -1.321E+01 -7.068E+00
 -7.5642500E+03 -1.196E+01 -1.260E+01 -5.132E+00
 -7.5637500E+03 -1.289E+01 -1.336E+01 -5.081E+00
 -7.5632500E+03 -1.217E+01 -1.275E+01 -4.806E+00
 -7.5627500E+03 -1.071E+01 -1.256E+01 -9.097E+00
 -7.5622500E+03 -1.103E+01 -1.200E+01 -6.300E+00
 -7.5617500E+03 -1.203E+01 -1.325E+01 -7.348E+00
 -7.5612500E+03 -9.567E+00 -1.065E+01 -6.389E+00
 -7.5607500E+03 -1.199E+01 -1.283E+01 -5.868E+00
 -7.5602500E+03 -1.212E+01 -1.264E+01 -4.745E+00
 -7.5597500E+03 -1.233E+01 -1.292E+01 -4.987E+00
 -7.5592500E+03 -1.244E+01 -1.329E+01 -5.991E+00
 -7.5587500E+03 -1.127E+01 -1.169E+01 -4.610E+00
 -7.5582500E+03 -1.227E+01 -1.304E+01 -5.434E+00
 -7.5577500E+03 -1.181E+01 -1.266E+01 -5.655E+00
 -7.5572500E+03 -1.349E+01 -1.396E+01 -4.916E+00
 -7.5567500E+03 -1.239E+01 -1.298E+01 -4.951E+00
 -7.5562500E+03 -1.216E+01 -1.346E+01 -7.217E+00
 -7.5557500E+03 -1.095E+01 -1.230E+01 -7.896E+00
 -7.5552500E+03 -1.069E+01 -1.169E+01 -5.794E+00
 -7.5547500E+03 -9.465E+00 -1.049E+01 -5.155E+00
 -7.5542500E+03 -1.087E+01 -1.226E+01 -7.969E+00
 -7.5537500E+03 -1.021E+01 -1.090E+01 -5.279E+00
 -7.5532500E+03 -1.175E+01 -1.266E+01 -6.396E+00
 -7.5527500E+03 -1.115E+01 -1.207E+01 -5.981E+00
 -7.5522500E+03 -1.099E+01 -1.179E+01 -5.325E+00
 -7.5517500E+03 -1.177E+01 -1.290E+01 -7.122E+00
 -7.5512500E+03 -1.234E+01 -1.317E+01 -5.953E+00
 -7.5507500E+03 -9.817E+00 -1.056E+01 -5.291E+00
 -7.5502500E+03 -1.023E+01 -1.099E+01 -5.393E+00
 -7.5497500E+03 -1.173E+01 -1.212E+01 -4.118E+00
 -7.5492500E+03 -1.000E+01 -1.020E+01 -3.074E+00
 -7.5487500E+03 -1.069E+01 -1.125E+01 -4.964E+00
 -7.5482500E+03 -1.075E+01 -1.204E+01 -7.274E+00
 -7.5477500E+03 -1.079E+01 -1.201E+01 -6.819E+00
 -7.5472500E+03 -1.091E+01 -1.139E+01 -4.260E+00
 -7.5467500E+03 -1.034E+01 -1.141E+01 -6.213E+00
 -7.5462500E+03 -1.058E+01 -1.147E+01 -5.668E+00
 -7.5457500E+03 -1.110E+01 -1.168E+01 -5.186E+00
 -7.5452500E+03 -1.176E+01 -1.230E+01 -4.806E+00
 -7.5447500E+03 -1.081E+01 -1.180E+01 -6.247E+00
 -7.5442500E+03 -9.771E+00 -1.074E+01 -6.023E+00
 -7.5437500E+03 -1.046E+01 -1.137E+01 -5.774E+00
 -7.5432500E+03 -1.057E+01 -1.151E+01 -5.931E+00
 -7.5427500E+03 -1.219E+01 -1.247E+01 -3.805E+00
 -7.5422500E+03 -1.088E+01 -1.165E+01 -5.499E+00
 -7.5417500E+03 -1.063E+01 -1.157E+01 -5.741E+00
 -7.5412500E+03 -9.848E+00 -1.025E+01 -3.626E+00
 -7.5407500E+03 -9.064E+00 -9.824E+00 -4.984E+00
 -7.5402500E+03 -1.190E+01 -1.241E+01 -4.300E+00
 -7.5397500E+03 -9.224E+00 -1.072E+01 -7.844E+00
 -7.5392500E+03 -1.013E+01 -1.114E+01 -5.913E+00
 -7.5387500E+03 -1.046E+01 -1.158E+01 -6.362E+00
 -7.5382500E+03 -1.033E+01 -1.106E+01 -5.142E+00
 -7.5377500E+03 -9.321E+00 -1.042E+01 -6.214E+00
 -7.5372500E+03 -1.067E+01 -1.116E+01 -4.568E+00
 -7.5367500E+03 -1.066E+01 -1.108E+01 -3.899E+00
 -7.5362500E+03 -1.031E+01 -1.107E+01 -5.248E+00
 -7.5357500E+03 -1.043E+01 -1.079E+01 -4.076E+00
 -7.5352500E+03 -9.915E+00 -1.099E+01 -6.074E+00
 -7.5347500E+03 -8.510E+00 -9.610E+00 -6.023E+00
 -7.5342500E+03 -9.414E+00 -1.026E+01 -5.586E+00
 -7.5337500E+03 -1.069E+01 -1.129E+01 -4.524E+00
 -7.5332500E+03 -1.084E+01 -1.133E+01 -4.231E+00
 -7.5327500E+03 -9.891E+00 -1.059E+01 -4.997E+00
 -7.5322500E+03 -1.024E+01 -1.059E+01 -3.594E+00
 -7.5317500E+03 -1.007E+01 -1.126E+01 -6.663E+00
 -7.5312500E+03 -1.114E+01 -1.201E+01 -5.848E+00
 -7.5307500E+03 -1.041E+01 -1.126E+01 -5.573E+00
 -7.5302500E+03 -1.031E+01 -1.104E+01 -5.204E+00
 -7.5297500E+03 -8.624E+00 -9.461E+00 -5.044E+00
 -7.5292500E+03 -1.019E+01 -1.092E+01 -5.564E+00
 -7.5287500E+03 -9.341E+00 -9.785E+00 -3.682E+00
 -7.5282500E+03 -8.879E+00 -9.908E+00 -5.652E+00
 -7.5277500E+03 -9.376E+00 -1.065E+01 -6.725E+00
 -7.5272500E+03 -1.074E+01 -1.129E+01 -4.462E+00
 -7.5267500E+03 -9.180E+00 -9.674E+00 -4.331E+00
 -7.5262500E+03 -1.011E+01 -1.059E+01 -4.104E+00
 -7.5257500E+03 -8.825E+00 -9.593E+00 -4.921E+00
 -7.5252500E+03 -9.078E+00 -9.695E+00 -4.388E+00
 -7.5247500E+03 -9.085E+00 -1.006E+01 -5.692E+00
 -7.5242500E+03 -1.009E+01 -1.112E+01 -5.987E+00
 -7.5237500E+03 -9.316E+00 -9.770E+00 -3.956E+00
 -7.5232500E+03 -9.004E+00 -9.416E+00 -3.802E+00
 -7.5227500E+03 -8.671E+00 -9.566E+00 -5.224E+00
 -7.5222500E+03 -8.414E+00 -9.348E+00 -5.554E+00
 -7.5217500E+03 -1.001E+01 -1.066E+01 -4.701E+00
 -7.5212500E+03 -9.219E+00 -9.723E+00 -4.336E+00
 -7.5207500E+03 -8.867E+00 -9.923E+00 -5.955E+00
 -7.5202500E+03 -8.469E+00 -9.777E+00 -6.897E+00
 -7.5197500E+03 -9.097E+00 -1.044E+01 -6.270E+00
 -7.5192500E+03 -1.000E+01 -1.108E+01 -5.735E+00
 -7.5187500E+03 -1.018E+01 -1.091E+01 -5.192E+00
 -7.5182500E+03 -9.267E+00 -1.008E+01 -5.224E+00
 -7.5177500E+03 -8.494E+00 -9.149E+00 -4.751E+00
 -7.5172500E+03 -7.932E+00 -8.344E+00 -3.858E+00
 -7.5167500E+03 -8.920E+00 -9.354E+00 -3.743E+00
 -7.5162500E+03 -8.395E+00 -9.195E+00 -4.760E+00
 -7.5157500E+03 -9.251E+00 -9.905E+00 -4.476E+00
 -7.5152500E+03 -9.010E+00 -9.506E+00 -3.986E+00
 -7.5147500E+03 -8.300E+00 -8.942E+00 -4.344E+00
 -7.5142500E+03 -9.397E+00 -1.017E+01 -5.217E+00
 -7.5137500E+03 -8.895E+00 -9.490E+00 -4.434E+00
 -7.5132500E+03 -9.342E+00 -1.056E+01 -6.431E+00
 -7.5127500E+03 -8.457E+00 -9.719E+00 -6.493E+00
 -7.5122500E+03 -8.608E+00 -8.872E+00 -2.550E+00
 -7.5117500E+03 -7.677E+00 -8.518E+00 -4.887E+00
 -7.5112500E+03 -8.731E+00 -9.397E+00 -4.438E+00
 -7.5107500E+03 -8.708E+00 -9.041E+00 -3.468E+00
 -7.5102500E+03 -7.918E+00 -8.369E+00 -3.726E+00
 -7.5097500E+03 -9.332E+00 -1.010E+01 -5.140E+00
 -7.5092500E+03 -9.855E+00 -1.060E+01 -5.007E+00
 -7.5087500E+03 -8.868E+00 -9.306E+00 -3.990E+00
 -7.5082500E+03 -9.959E+00 -1.048E+01 -4.340E+00
 -7.5077500E+03 -9.158E+00 -9.568E+00 -3.277E+00
 -7.5072500E+03 -7.510E+00 -7.932E+00 -3.103E+00
 -7.5067500E+03 -8.083E+00 -9.046E+00 -5.226E+00
 -7.5062500E+03 -9.762E+00 -1.045E+01 -4.568E+00
 -7.5057500E+03 -8.946E+00 -9.429E+00 -3.774E+00
 -7.5052500E+03 -8.286E+00 -8.948E+00 -4.441E+00
 -7.5047500E+03 -8.511E+00 -9.805E+00 -6.902E+00
 -7.5042500E+03 -8.879E+00 -9.326E+00 -3.430E+00
 -7.5037500E+03 -7.874E+00 -8.403E+00 -4.097E+00
 -7.5032500E+03 -7.775E+00 -8.539E+00 -4.751E+00
 -7.5027500E+03 -7.249E+00 -7.894E+00 -4.459E+00
 -7.5022500E+03 -7.190E+00 -7.861E+00 -4.070E+00
 -7.5017500E+03 -9.355E+00 -9.921E+00 -4.082E+00
 -7.5012500E+03 -9.879E+00 -1.050E+01 -4.677E+00
 -7.5007500E+03 -9.056E+00 -9.935E+00 -5.159E+00
 -7.5002500E+03 -8.002E+00 -8.734E+00 -4.528E+00
 -7.4997500E+03 -8.044E+00 -9.145E+00 -5.997E+00
 -7.4992500E+03 -7.115E+00 -8.053E+00 -4.920E+00
 -7.4987500E+03 -8.206E+00 -8.701E+00 -3.697E+00
 -7.4982500E+03 -7.790E+00 -7.961E+00 -2.488E+00
 -7.4977500E+03 -8.081E+00 -8.741E+00 -4.046E+00
 -7.4972500E+03 -7.836E+00 -8.519E+00 -4.545E+00
 -7.4967500E+03 -7.933E+00 -8.778E+00 -5.018E+00
 -7.4962500E+03 -8.160E+00 -8.726E+00 -3.800E+00
 -7.4957500E+03 -6.876E+00 -7.806E+00 -5.080E+00
 -7.4952500E+03 -6.798E+00 -7.535E+00 -4.495E+00
 -7.4947500E+03 -7.656E+00 -8.547E+00 -5.062E+00
 -7.4942500E+03 -7.439E+00 -8.137E+00 -4.349E+00
 -7.4937500E+03 -7.567E+00 -7.967E+00 -3.331E+00
 -7.4932500E+03 -8.394E+00 -8.765E+00 -3.214E+00
 -7.4927500E+03 -8.253E+00 -8.978E+00 -4.645E+00
 -7.4922500E+03 -8.321E+00 -9.312E+00 -5.687E+00
 -7.4917500E+03 -7.559E+00 -8.131E+00 -3.961E+00
 -7.4912500E+03 -6.929E+00 -7.230E+00 -2.740E+00
 -7.4907500E+03 -7.606E+00 -8.203E+00 -4.137E+00
 -7.4902500E+03 -7.137E+00 -8.032E+00 -5.177E+00
 -7.4897500E+03 -8.237E+00 -8.612E+00 -3.311E+00
 -7.4892500E+03 -7.492E+00 -8.232E+00 -4.217E+00
 -7.4887500E+03 -7.699E+00 -8.375E+00 -4.334E+00
 -7.4882500E+03 -9.216E+00 -9.705E+00 -3.829E+00
 -7.4877500E+03 -7.835E+00 -8.717E+00 -5.048E+00
 -7.4872500E+03 -6.992E+00 -7.718E+00 -4.398E+00
 -7.4867500E+03 -7.821E+00 -8.260E+00 -3.437E+00
 -7.4862500E+03 -8.321E+00 -8.750E+00 -3.254E+00
 -7.4857500E+03 -7.907E+00 -8.484E+00 -4.137E+00
 -7.4852500E+03 -7.899E+00 -8.586E+00 -4.488E+00
 -7.4847500E+03 -8.372E+00 -8.343E+00 -1.591E+00
 -7.4842500E+03 -7.722E+00 -8.149E+00 -3.541E+00
 -7.4837500E+03 -6.848E+00 -7.525E+00 -4.126E+00
 -7.4832500E+03 -6.846E+00 -7.942E+00 -5.762E+00
 -7.4827500E+03 -6.855E+00 -7.591E+00 -4.447E+00
 -7.4822500E+03 -6.937E+00 -7.493E+00 -3.804E+00
 -7.4817500E+03 -7.662E+00 -8.474E+00 -4.543E+00
 -7.4812500E+03 -7.127E+00 -8.140E+00 -5.319E+00
 -7.4807500E+03 -7.557E+00 -8.192E+00 -4.121E+00
 -7.4802500E+03 -8.192E+00 -8.868E+00 -4.203E+00
 -7.4797500E+03 -7.455E+00 -8.035E+00 -3.962E+00
 -7.4792500E+03 -7.673E+00 -7.719E+00 -2.368E+00
 -7.4787500E+03 -8.426E+00 -8.754E+00 -2.953E+00
 -7.4782500E+03 -6.575E+00 -7.404E+00 -4.641E+00
 -7.4777500E+03 -7.771E+00 -8.424E+00 -4.220E+00
 -7.4772500E+03 -6.454E+00 -7.047E+00 -3.686E+00
 -7.4767500E+03 -6.697E+00 -7.677E+00 -4.872E+00
 -7.4762500E+03 -7.484E+00 -7.730E+00 -2.674E+00
 -7.4757500E+03 -7.449E+00 -7.865E+00 -3.114E+00
 -7.4752500E+03 -6.817E+00 -7.163E+00 -2.740E+00
 -7.4747500E+03 -7.877E+00 -8.268E+00 -3.126E+00
 -7.4742500E+03 -6.190E+00 -6.784E+00 -3.979E+00
 -7.4737500E+03 -8.095E+00 -8.520E+00 -3.380E+00
 -7.4732500E+03 -6.655E+00 -7.031E+00 -2.880E+00
 -7.4727500E+03 -7.529E+00 -7.796E+00 -2.752E+00
 -7.4722500E+03 -7.462E+00 -8.015E+00 -3.597E+00
 -7.4717500E+03 -7.750E+00 -8.302E+00 -3.868E+00
 -7.4712500E+03 -6.857E+00 -7.830E+00 -5.026E+00
 -7.4707500E+03 -7.296E+00 -7.808E+00 -3.655E+00
 -7.4702500E+03 -6.584E+00 -7.389E+00 -4.935E+00
 -7.4697500E+03 -6.630E+00 -7.061E+00 -3.084E+00
 -7.4692500E+03 -6.667E+00 -7.231E+00 -3.681E+00
 -7.4687500E+03 -6.590E+00 -7.249E+00 -3.928E+00
 -7.4682500E+03 -7.773E+00 -8.230E+00 -3.367E+00
 -7.4677500E+03 -8.250E+00 -8.533E+00 -3.076E+00
 -7.4672500E+03 -6.487E+00 -7.049E+00 -3.684E+00
 -7.4667500E+03 -5.967E+00 -6.529E+00 -3.645E+00
 -7.4662500E+03 -6.114E+00 -6.686E+00 -3.687E+00
 -7.4657500E+03 -5.664E+00 -6.451E+00 -4.102E+00
 -7.4652500E+03 -6.404E+00 -7.345E+00 -4.875E+00
 -7.4647500E+03 -7.371E+00 -7.977E+00 -4.264E+00
 -7.4642500E+03 -6.361E+00 -6.441E+00 -1.811E+00
 -7.4637500E+03 -7.213E+00 -7.858E+00 -4.413E+00
 -7.4632500E+03 -6.458E+00 -7.158E+00 -4.090E+00
 -7.4627500E+03 -6.976E+00 -7.820E+00 -4.750E+00
 -7.4622500E+03 -6.752E+00 -7.723E+00 -5.546E+00
 -7.4617500E+03 -6.439E+00 -7.077E+00 -4.042E+00
 -7.4612500E+03 -6.469E+00 -6.886E+00 -2.987E+00
 -7.4607500E+03 -7.122E+00 -7.457E+00 -2.848E+00
 -7.4602500E+03 -7.282E+00 -7.645E+00 -3.056E+00
 -7.4597500E+03 -6.222E+00 -6.875E+00 -3.551E+00
 -7.4592500E+03 -6.554E+00 -6.964E+00 -2.964E+00
 -7.4587500E+03 -6.358E+00 -7.094E+00 -4.544E+00
 -7.4582500E+03 -6.520E+00 -6.666E+00 -2.057E+00
 -7.4577500E+03 -7.027E+00 -7.365E+00 -2.881E+00
 -7.4572500E+03 -5.868E+00 -6.456E+00 -3.653E+00
 -7.4567500E+03 -6.364E+00 -6.930E+00 -3.500E+00
 -7.4562500E+03 -6.513E+00 -7.145E+00 -3.691E+00
 -7.4557500E+03 -6.165E+00 -7.056E+00 -4.598E+00
 -7.4552500E+03 -6.756E+00 -7.158E+00 -2.996E+00
 -7.4547500E+03 -6.735E+00 -7.544E+00 -4.494E+00
 -7.4542500E+03 -7.474E+00 -7.664E+00 -2.500E+00
 -7.4537500E+03 -7.079E+00 -7.321E+00 -2.435E+00
 -7.4532500E+03 -6.596E+00 -7.091E+00 -3.359E+00
 -7.4527500E+03 -5.839E+00 -6.299E+00 -3.075E+00
 -7.4522500E+03 -5.362E+00 -6.116E+00 -4.055E+00
 -7.4517500E+03 -6.316E+00 -6.840E+00 -3.447E+00
 -7.4512500E+03 -4.817E+00 -5.484E+00 -3.940E+00
 -7.4507500E+03 -6.715E+00 -7.364E+00 -3.959E+00
 -7.4502500E+03 -6.586E+00 -7.110E+00 -3.661E+00
 -7.4497500E+03 -5.898E+00 -6.425E+00 -3.550E+00
 -7.4492500E+03 -6.743E+00 -7.437E+00 -4.016E+00
 -7.4487500E+03 -6.979E+00 -7.609E+00 -3.797E+00
 -7.4482500E+03 -6.078E+00 -7.050E+00 -4.043E+00
 -7.4477500E+03 -5.557E+00 -6.133E+00 -3.054E+00
 -7.4472500E+03 -6.102E+00 -6.177E+00 -1.870E+00
 -7.4467500E+03 -6.011E+00 -6.448E+00 -3.074E+00
 -7.4462500E+03 -6.485E+00 -6.847E+00 -2.852E+00
 -7.4457500E+03 -5.778E+00 -6.438E+00 -3.861E+00
 -7.4452500E+03 -6.777E+00 -7.058E+00 -2.885E+00
 -7.4447500E+03 -6.263E+00 -7.139E+00 -4.550E+00
 -7.4442500E+03 -5.374E+00 -5.895E+00 -3.140E+00
 -7.4437500E+03 -6.037E+00 -6.621E+00 -3.511E+00
 -7.4432500E+03 -6.175E+00 -6.288E+00 -1.681E+00
 -7.4427500E+03 -6.122E+00 -6.443E+00 -2.668E+00
 -7.4422500E+03 -6.015E+00 -6.894E+00 -4.405E+00
 -7.4417500E+03 -5.741E+00 -6.186E+00 -3.489E+00
 -7.4412500E+03 -5.773E+00 -6.266E+00 -3.436E+00
 -7.4407500E+03 -6.180E+00 -6.438E+00 -2.301E+00
 -7.4402500E+03 -5.290E+00 -5.824E+00 -3.274E+00
 -7.4397500E+03 -5.309E+00 -5.658E+00 -2.387E+00
 -7.4392500E+03 -5.904E+00 -6.343E+00 -3.052E+00
 -7.4387500E+03 -5.980E+00 -6.555E+00 -3.515E+00
 -7.4382500E+03 -5.867E+00 -6.378E+00 -2.616E+00
 -7.4377500E+03 -5.811E+00 -6.112E+00 -2.794E+00
 -7.4372500E+03 -5.810E+00 -6.143E+00 -2.596E+00
 -7.4367500E+03 -4.988E+00 -5.570E+00 -3.394E+00
 -7.4362500E+03 -5.744E+00 -6.093E+00 -2.738E+00
 -7.4357500E+03 -6.177E+00 -6.602E+00 -3.006E+00
 -7.4352500E+03 -5.929E+00 -6.283E+00 -2.687E+00
 -7.4347500E+03 -6.631E+00 -7.172E+00 -3.529E+00
 -7.4342500E+03 -6.096E+00 -6.542E+00 -3.155E+00
 -7.4337500E+03 -5.165E+00 -5.808E+00 -3.662E+00
 -7.4332500E+03 -5.830E+00 -6.607E+00 -4.166E+00
 -7.4327500E+03 -5.846E+00 -6.066E+00 -2.076E+00
 -7.4322500E+03 -5.864E+00 -6.097E+00 -2.350E+00
 -7.4317500E+03 -6.049E+00 -6.343E+00 -2.679E+00
 -7.4312500E+03 -6.500E+00 -7.158E+00 -4.013E+00
 -7.4307500E+03 -5.051E+00 -5.407E+00 -2.426E+00
 -7.4302500E+03 -5.142E+00 -5.802E+00 -3.780E+00
 -7.4297500E+03 -5.134E+00 -5.747E+00 -3.575E+00
 -7.4292500E+03 -6.005E+00 -6.188E+00 -2.119E+00
 -7.4287500E+03 -6.174E+00 -6.593E+00 -2.772E+00
 -7.4282500E+03 -6.623E+00 -6.928E+00 -2.398E+00
 -7.4277500E+03 -5.599E+00 -6.010E+00 -2.706E+00
 -7.4272500E+03 -4.228E+00 -4.871E+00 -3.679E+00
 -7.4267500E+03 -5.918E+00 -6.434E+00 -3.258E+00
 -7.4262500E+03 -5.004E+00 -5.535E+00 -2.977E+00
 -7.4257500E+03 -5.855E+00 -6.186E+00 -2.623E+00
 -7.4252500E+03 -4.959E+00 -5.719E+00 -3.796E+00
 -7.4247500E+03 -5.353E+00 -5.828E+00 -3.114E+00
 -7.4242500E+03 -5.853E+00 -6.366E+00 -2.993E+00
 -7.4237500E+03 -5.826E+00 -6.245E+00 -2.900E+00
 -7.4232500E+03 -4.855E+00 -5.363E+00 -3.353E+00
 -7.4227500E+03 -5.384E+00 -5.868E+00 -3.164E+00
 -7.4222500E+03 -6.420E+00 -6.702E+00 -2.488E+00
 -7.4217500E+03 -5.413E+00 -5.859E+00 -2.877E+00
 -7.4212500E+03 -5.778E+00 -6.132E+00 -2.640E+00
 -7.4207500E+03 -4.906E+00 -5.286E+00 -2.501E+00
 -7.4202500E+03 -5.876E+00 -6.183E+00 -2.451E+00
 -7.4197500E+03 -6.293E+00 -6.450E+00 -2.267E+00
 -7.4192500E+03 -5.095E+00 -5.700E+00 -2.806E+00
 -7.4187500E+03 -4.527E+00 -4.841E+00 -2.196E+00
 -7.4182500E+03 -5.142E+00 -5.521E+00 -2.707E+00
 -7.4177500E+03 -5.488E+00 -5.987E+00 -3.304E+00
 -7.4172500E+03 -6.014E+00 -6.511E+00 -3.459E+00
 -7.4167500E+03 -5.534E+00 -5.712E+00 -2.057E+00
 -7.4162500E+03 -5.027E+00 -5.493E+00 -2.878E+00
 -7.4157500E+03 -4.595E+00 -4.974E+00 -2.517E+00
 -7.4152500E+03 -5.816E+00 -6.222E+00 -2.852E+00
 -7.4147500E+03 -5.538E+00 -5.758E+00 -1.953E+00
 -7.4142500E+03 -4.550E+00 -5.249E+00 -3.799E+00
 -7.4137500E+03 -4.711E+00 -5.081E+00 -2.870E+00
 -7.4132500E+03 -5.097E+00 -5.575E+00 -3.295E+00
 -7.4127500E+03 -5.168E+00 -5.559E+00 -2.686E+00
 -7.4122500E+03 -5.969E+00 -6.338E+00 -2.336E+00
 -7.4117500E+03 -5.013E+00 -5.372E+00 -2.500E+00
 -7.4112500E+03 -5.163E+00 -5.398E+00 -2.078E+00
 -7.4107500E+03 -4.903E+00 -5.362E+00 -2.545E+00
 -7.4102500E+03 -5.445E+00 -6.109E+00 -3.706E+00
 -7.4097500E+03 -4.988E+00 -5.592E+00 -3.193E+00
 -7.4092500E+03 -5.068E+00 -5.258E+00 -2.056E+00
 -7.4087500E+03 -4.888E+00 -5.367E+00 -3.361E+00
 -7.4082500E+03 -4.709E+00 -5.188E+00 -2.762E+00
 -7.4077500E+03 -3.768E+00 -4.051E+00 -1.902E+00
 -7.4072500E+03 -5.682E+00 -6.139E+00 -2.914E+00
 -7.4067500E+03 -5.070E+00 -5.649E+00 -3.403E+00
 -7.4062500E+03 -4.617E+00 -4.954E+00 -2.433E+00
 -7.4057500E+03 -5.172E+00 -5.622E+00 -2.853E+00
 -7.4052500E+03 -4.663E+00 -5.225E+00 -3.169E+00
 -7.4047500E+03 -4.086E+00 -4.348E+00 -1.689E+00
 -7.4042500E+03 -3.964E+00 -4.178E+00 -2.003E+00
 -7.4037500E+03 -4.611E+00 -5.196E+00 -3.496E+00
 -7.4032500E+03 -4.480E+00 -5.104E+00 -3.381E+00
 -7.4027500E+03 -5.298E+00 -5.622E+00 -2.572E+00
 -7.4022500E+03 -5.230E+00 -5.655E+00 -2.690E+00
 -7.4017500E+03 -3.775E+00 -4.091E+00 -2.086E+00
 -7.4012500E+03 -4.396E+00 -4.779E+00 -2.308E+00
 -7.4007500E+03 -6.416E+00 -6.602E+00 -2.237E+00
 -7.4002500E+03 -4.358E+00 -4.710E+00 -2.732E+00
 -7.3997500E+03 -4.710E+00 -5.200E+00 -3.092E+00
 -7.3992500E+03 -4.316E+00 -4.922E+00 -3.046E+00
 -7.3987500E+03 -4.416E+00 -4.934E+00 -2.982E+00
 -7.3982500E+03 -3.824E+00 -4.202E+00 -2.573E+00
 -7.3977500E+03 -4.910E+00 -5.063E+00 -1.558E+00
 -7.3972500E+03 -4.539E+00 -4.778E+00 -2.082E+00
 -7.3967500E+03 -5.102E+00 -5.697E+00 -3.196E+00
 -7.3962500E+03 -4.883E+00 -5.169E+00 -2.701E+00
 -7.3957500E+03 -5.347E+00 -5.549E+00 -1.635E+00
 -7.3952500E+03 -4.879E+00 -4.981E+00 -1.942E+00
 -7.3947500E+03 -5.549E+00 -5.733E+00 -2.140E+00
 -7.3942500E+03 -3.391E+00 -4.271E+00 -3.133E+00
 -7.3937500E+03 -5.022E+00 -5.826E+00 -3.947E+00
 -7.3932500E+03 -4.877E+00 -5.060E+00 -1.995E+00
 -7.3927500E+03 -4.963E+00 -5.228E+00 -2.263E+00
 -7.3922500E+03 -4.973E+00 -5.085E+00 -1.718E+00
 -7.3917500E+03 -4.699E+00 -5.166E+00 -2.784E+00
 -7.3912500E+03 -4.668E+00 -4.998E+00 -2.708E+00
 -7.3907500E+03 -4.412E+00 -4.716E+00 -2.620E+00
 -7.3902500E+03 -5.128E+00 -5.615E+00 -2.587E+00
 -7.3897500E+03 -4.626E+00 -5.146E+00 -2.889E+00
 -7.3892500E+03 -4.311E+00 -4.887E+00 -2.927E+00
 -7.3887500E+03 -3.704E+00 -4.021E+00 -2.133E+00
 -7.3882500E+03 -3.978E+00 -4.229E+00 -2.073E+00
 -7.3877500E+03 -4.739E+00 -5.190E+00 -2.396E+00
 -7.3872500E+03 -3.957E+00 -4.561E+00 -2.973E+00
 -7.3867500E+03 -4.427E+00 -4.850E+00 -3.062E+00
 -7.3862500E+03 -3.792E+00 -4.535E+00 -3.577E+00
 -7.3857500E+03 -4.916E+00 -5.279E+00 -2.498E+00
 -7.3852500E+03 -4.123E+00 -4.372E+00 -1.812E+00
 -7.3847500E+03 -5.091E+00 -5.062E+00 -9.007E-01
 -7.3842500E+03 -5.889E+00 -6.223E+00 -2.541E+00
 -7.3837500E+03 -3.992E+00 -4.559E+00 -3.002E+00
 -7.3832500E+03 -4.242E+00 -4.944E+00 -3.485E+00
 -7.3827500E+03 -3.256E+00 -3.332E+00 -1.360E+00
 -7.3822500E+03 -3.927E+00 -4.076E+00 -1.332E+00
 -7.3817500E+03 -4.498E+00 -4.821E+00 -2.318E+00
 -7.3812500E+03 -4.711E+00 -4.870E+00 -1.790E+00
 -7.3807500E+03 -4.326E+00 -4.589E+00 -1.871E+00
 -7.3802500E+03 -4.083E+00 -4.449E+00 -2.285E+00
 -7.3797500E+03 -4.622E+00 -4.956E+00 -2.372E+00
 -7.3792500E+03 -4.938E+00 -5.177E+00 -1.822E+00
 -7.3787500E+03 -4.510E+00 -4.782E+00 -1.987E+00
 -7.3782500E+03 -4.462E+00 -4.829E+00 -2.452E+00
 -7.3777500E+03 -4.955E+00 -5.377E+00 -2.470E+00
 -7.3772500E+03 -3.948E+00 -4.658E+00 -3.674E+00
 -7.3767500E+03 -4.016E+00 -4.612E+00 -3.140E+00
 -7.3762500E+03 -4.460E+00 -4.838E+00 -2.625E+00
 -7.3757500E+03 -4.039E+00 -4.429E+00 -2.522E+00
 -7.3752500E+03 -3.978E+00 -4.412E+00 -2.468E+00
 -7.3747500E+03 -4.596E+00 -5.033E+00 -2.585E+00
 -7.3742500E+03 -4.461E+00 -4.535E+00 -1.292E+00
 -7.3737500E+03 -4.030E+00 -4.505E+00 -3.067E+00
 -7.3732500E+03 -3.864E+00 -4.318E+00 -2.317E+00
 -7.3727500E+03 -5.061E+00 -5.171E+00 -1.535E+00
 -7.3722500E+03 -4.788E+00 -4.809E+00 -1.339E+00
 -7.3717500E+03 -3.622E+00 -4.142E+00 -3.132E+00
 -7.3712500E+03 -3.871E+00 -4.083E+00 -1.702E+00
 -7.3707500E+03 -4.008E+00 -4.195E+00 -1.613E+00
 -7.3702500E+03 -4.084E+00 -4.425E+00 -2.549E+00
 -7.3697500E+03 -4.223E+00 -4.855E+00 -3.168E+00
 -7.3692500E+03 -4.589E+00 -4.659E+00 -1.332E+00
 -7.3687500E+03 -4.325E+00 -4.683E+00 -2.284E+00
 -7.3682500E+03 -4.243E+00 -4.688E+00 -2.838E+00
 -7.3677500E+03 -4.503E+00 -4.881E+00 -2.310E+00
 -7.3672500E+03 -4.160E+00 -4.410E+00 -2.222E+00
 -7.3667500E+03 -3.876E+00 -4.028E+00 -1.708E+00
 -7.3662500E+03 -4.000E+00 -4.332E+00 -2.000E+00
 -7.3657500E+03 -4.945E+00 -5.451E+00 -2.890E+00
 -7.3652500E+03 -3.966E+00 -4.624E+00 -3.344E+00
 -7.3647500E+03 -3.744E+00 -4.374E+00 -3.260E+00
 -7.3642500E+03 -3.673E+00 -3.864E+00 -1.568E+00
 -7.3637500E+03 -4.242E+00 -4.674E+00 -2.574E+00
 -7.3632500E+03 -4.127E+00 -4.376E+00 -1.884E+00
 -7.3627500E+03 -4.066E+00 -4.466E+00 -2.293E+00
 -7.3622500E+03 -3.493E+00 -3.950E+00 -2.471E+00
 -7.3617500E+03 -3.696E+00 -3.890E+00 -1.701E+00
 -7.3612500E+03 -4.211E+00 -4.096E+00 -8.834E-01
 -7.3607500E+03 -3.674E+00 -4.217E+00 -3.130E+00
 -7.3602500E+03 -4.250E+00 -4.852E+00 -3.015E+00
 -7.3597500E+03 -3.379E+00 -3.567E+00 -1.794E+00
 -7.3592500E+03 -4.347E+00 -4.732E+00 -2.504E+00
 -7.3587500E+03 -4.330E+00 -4.540E+00 -1.748E+00
 -7.3582500E+03 -4.172E+00 -4.257E+00 -1.194E+00
 -7.3577500E+03 -4.134E+00 -4.273E+00 -1.818E+00
 -7.3572500E+03 -3.968E+00 -4.191E+00 -2.247E+00
 -7.3567500E+03 -3.784E+00 -4.312E+00 -2.827E+00
 -7.3562500E+03 -3.427E+00 -3.613E+00 -1.719E+00
 -7.3557500E+03 -3.456E+00 -3.888E+00 -2.067E+00
 -7.3552500E+03 -4.291E+00 -4.584E+00 -2.031E+00
 -7.3547500E+03 -3.681E+00 -4.226E+00 -2.450E+00
 -7.3542500E+03 -3.216E+00 -3.742E+00 -2.197E+00
 -7.3537500E+03 -3.680E+00 -4.056E+00 -2.352E+00
 -7.3532500E+03 -3.043E+00 -3.291E+00 -1.738E+00
 -7.3527500E+03 -3.317E+00 -3.672E+00 -2.331E+00
 -7.3522500E+03 -4.443E+00 -4.750E+00 -2.163E+00
 -7.3517500E+03 -3.828E+00 -4.230E+00 -2.321E+00
 -7.3512500E+03 -4.224E+00 -4.347E+00 -1.763E+00
 -7.3507500E+03 -3.785E+00 -3.990E+00 -1.498E+00
 -7.3502500E+03 -3.487E+00 -3.954E+00 -2.384E+00
 -7.3497500E+03 -3.544E+00 -3.967E+00 -2.613E+00
 -7.3492500E+03 -4.209E+00 -4.387E+00 -1.584E+00
 -7.3487500E+03 -3.571E+00 -3.932E+00 -2.191E+00
 -7.3482500E+03 -3.835E+00 -4.323E+00 -2.668E+00
 -7.3477500E+03 -3.483E+00 -3.676E+00 -1.782E+00
 -7.3472500E+03 -4.474E+00 -4.796E+00 -2.149E+00
 -7.3467500E+03 -4.252E+00 -4.442E+00 -1.626E+00
 -7.3462500E+03 -3.853E+00 -4.123E+00 -1.789E+00
 -7.3457500E+03 -4.197E+00 -4.601E+00 -2.376E+00
 -7.3452500E+03 -3.463E+00 -3.573E+00 -1.156E+00
 -7.3447500E+03 -2.828E+00 -3.119E+00 -1.737E+00
 -7.3442500E+03 -3.696E+00 -4.041E+00 -2.060E+00
 -7.3437500E+03 -3.286E+00 -3.946E+00 -3.306E+00
 -7.3432500E+03 -3.493E+00 -3.800E+00 -2.015E+00
 -7.3427500E+03 -4.222E+00 -4.500E+00 -1.880E+00
 -7.3422500E+03 -4.251E+00 -4.747E+00 -2.431E+00
 -7.3417500E+03 -3.583E+00 -4.149E+00 -2.386E+00
 -7.3412500E+03 -4.030E+00 -4.032E+00 -1.305E+00
 -7.3407500E+03 -3.379E+00 -3.363E+00 -1.393E+00
 -7.3402500E+03 -3.772E+00 -4.071E+00 -2.309E+00
 -7.3397500E+03 -3.167E+00 -3.571E+00 -2.115E+00
 -7.3392500E+03 -3.485E+00 -3.758E+00 -2.053E+00
 -7.3387500E+03 -2.863E+00 -3.517E+00 -3.216E+00
 -7.3382500E+03 -3.363E+00 -3.731E+00 -1.636E+00
 -7.3377500E+03 -4.440E+00 -4.648E+00 -1.589E+00
 -7.3372500E+03 -3.627E+00 -3.882E+00 -1.879E+00
 -7.3367500E+03 -3.002E+00 -3.478E+00 -2.353E+00
 -7.3362500E+03 -3.097E+00 -3.242E+00 -1.513E+00
 -7.3357500E+03 -3.329E+00 -3.719E+00 -2.189E+00
 -7.3352500E+03 -3.018E+00 -3.460E+00 -2.722E+00
 -7.3347500E+03 -2.903E+00 -3.270E+00 -2.116E+00
 -7.3342500E+03 -3.426E+00 -3.674E+00 -1.705E+00
 -7.3337500E+03 -3.854E+00 -3.762E+00 -3.942E-01
 -7.3332500E+03 -3.802E+00 -4.222E+00 -2.322E+00
 -7.3327500E+03 -3.546E+00 -3.954E+00 -2.590E+00
 -7.3322500E+03 -4.072E+00 -4.397E+00 -2.073E+00
 -7.3317500E+03 -3.560E+00 -4.016E+00 -2.750E+00
 -7.3312500E+03 -3.293E+00 -3.396E+00 -9.667E-01
 -7.3307500E+03 -3.429E+00 -3.738E+00 -1.997E+00
 -7.3302500E+03 -3.194E+00 -3.574E+00 -2.397E+00
 -7.3297500E+03 -4.209E+00 -4.599E+00 -1.890E+00
 -7.3292500E+03 -2.916E+00 -3.537E+00 -2.621E+00
 -7.3287500E+03 -3.412E+00 -3.650E+00 -1.801E+00
 -7.3282500E+03 -3.512E+00 -3.645E+00 -1.206E+00
 -7.3277500E+03 -3.210E+00 -3.599E+00 -2.122E+00
 -7.3272500E+03 -3.472E+00 -3.728E+00 -2.085E+00
 -7.3267500E+03 -3.558E+00 -3.932E+00 -2.081E+00
 -7.3262500E+03 -3.776E+00 -4.117E+00 -2.073E+00
 -7.3257500E+03 -2.801E+00 -3.048E+00 -1.473E+00
 -7.3252500E+03 -2.884E+00 -3.156E+00 -1.917E+00
 -7.3247500E+03 -3.303E+00 -3.585E+00 -1.793E+00
 -7.3242500E+03 -3.222E+00 -3.486E+00 -1.809E+00
 -7.3237500E+03 -3.470E+00 -3.722E+00 -1.912E+00
 -7.3232500E+03 -3.367E+00 -3.470E+00 -1.476E+00
 -7.3227500E+03 -3.433E+00 -3.655E+00 -1.580E+00
 -7.3222500E+03 -3.365E+00 -3.515E+00 -1.635E+00
 -7.3217500E+03 -3.425E+00 -3.750E+00 -1.927E+00
 -7.3212500E+03 -3.120E+00 -3.255E+00 -1.394E+00
 -7.3207500E+03 -2.548E+00 -2.629E+00 -1.310E+00
 -7.3202500E+03 -3.286E+00 -3.455E+00 -1.517E+00
 -7.3197500E+03 -3.361E+00 -3.727E+00 -2.260E+00
 -7.3192500E+03 -3.280E+00 -3.556E+00 -1.638E+00
 -7.3187500E+03 -3.191E+00 -3.581E+00 -2.025E+00
 -7.3182500E+03 -3.192E+00 -3.420E+00 -1.526E+00
 -7.3177500E+03 -2.787E+00 -3.184E+00 -2.100E+00
 -7.3172500E+03 -3.373E+00 -3.632E+00 -1.771E+00
 -7.3167500E+03 -3.484E+00 -3.948E+00 -2.384E+00
 -7.3162500E+03 -3.190E+00 -3.513E+00 -2.045E+00
 -7.3157500E+03 -3.501E+00 -3.845E+00 -2.030E+00
 -7.3152500E+03 -3.294E+00 -3.399E+00 -1.110E+00
 -7.3147500E+03 -3.747E+00 -3.902E+00 -1.326E+00
 -7.3142500E+03 -3.736E+00 -3.951E+00 -1.934E+00
 -7.3137500E+03 -3.960E+00 -4.223E+00 -1.884E+00
 -7.3132500E+03 -2.939E+00 -3.190E+00 -1.635E+00
 -7.3127500E+03 -3.372E+00 -3.525E+00 -1.306E+00
 -7.3122500E+03 -3.185E+00 -3.430E+00 -1.555E+00
 -7.3117500E+03 -3.249E+00 -3.750E+00 -2.649E+00
 -7.3112500E+03 -2.659E+00 -3.010E+00 -2.132E+00
 -7.3107500E+03 -1.965E+00 -2.154E+00 -1.136E+00
 -7.3102500E+03 -3.264E+00 -3.300E+00 -8.129E-01
 -7.3097500E+03 -3.635E+00 -3.886E+00 -1.385E+00
 -7.3092500E+03 -3.372E+00 -3.359E+00 -5.987E-01
 -7.3087500E+03 -3.230E+00 -3.543E+00 -1.468E+00
 -7.3082500E+03 -3.130E+00 -3.493E+00 -2.116E+00
 -7.3077500E+03 -2.787E+00 -3.000E+00 -1.670E+00
 -7.3072500E+03 -3.392E+00 -3.675E+00 -1.810E+00
 -7.3067500E+03 -3.440E+00 -3.864E+00 -2.495E+00
 -7.3062500E+03 -2.436E+00 -2.879E+00 -2.236E+00
 -7.3057500E+03 -3.356E+00 -3.765E+00 -2.173E+00
 -7.3052500E+03 -3.544E+00 -3.669E+00 -1.359E+00
 -7.3047500E+03 -3.412E+00 -3.540E+00 -1.294E+00
 -7.3042500E+03 -3.409E+00 -3.678E+00 -1.864E+00
 -7.3037500E+03 -2.705E+00 -2.778E+00 -9.405E-01
 -7.3032500E+03 -2.584E+00 -2.780E+00 -1.413E+00
 -7.3027500E+03 -2.771E+00 -2.898E+00 -1.383E+00
 -7.3022500E+03 -2.848E+00 -3.106E+00 -1.699E+00
 -7.3017500E+03 -2.711E+00 -2.996E+00 -1.465E+00
 -7.3012500E+03 -3.092E+00 -3.265E+00 -1.365E+00
 -7.3007500E+03 -3.005E+00 -3.011E+00 -1.008E+00
 -7.3002500E+03 -3.999E+00 -4.084E+00 -1.298E+00
 -7.2997500E+03 -3.312E+00 -3.744E+00 -2.446E+00
 -7.2992500E+03 -2.122E+00 -2.394E+00 -1.704E+00
 -7.2987500E+03 -3.012E+00 -3.381E+00 -2.079E+00
 -7.2982500E+03 -2.992E+00 -2.946E+00 -5.601E-01
 -7.2977500E+03 -3.025E+00 -3.404E+00 -2.089E+00
 -7.2972500E+03 -3.100E+00 -3.410E+00 -1.951E+00
 -7.2967500E+03 -2.933E+00 -3.038E+00 -7.400E-01
 -7.2962500E+03 -2.877E+00 -3.222E+00 -2.043E+00
 -7.2957500E+03 -3.129E+00 -3.234E+00 -1.505E+00
 -7.2952500E+03 -3.152E+00 -3.718E+00 -2.729E+00
 -7.2947500E+03 -2.966E+00 -3.559E+00 -2.817E+00
 -7.2942500E+03 -3.091E+00 -3.265E+00 -1.384E+00
 -7.2937500E+03 -2.583E+00 -2.577E+00 -9.146E-01
 -7.2932500E+03 -2.303E+00 -2.309E+00 -6.003E-01
 -7.2927500E+03 -2.506E+00 -3.041E+00 -2.541E+00
 -7.2922500E+03 -2.943E+00 -3.155E+00 -1.137E+00
 -7.2917500E+03 -2.940E+00 -3.288E+00 -1.865E+00
 -7.2912500E+03 -3.616E+00 -3.794E+00 -1.210E+00
 -7.2907500E+03 -3.179E+00 -3.368E+00 -1.420E+00
 -7.2902500E+03 -3.085E+00 -3.288E+00 -1.591E+00
 -7.2897500E+03 -3.136E+00 -3.395E+00 -1.633E+00
 -7.2892500E+03 -2.565E+00 -2.957E+00 -1.978E+00
 -7.2887500E+03 -2.548E+00 -3.077E+00 -2.592E+00
 -7.2882500E+03 -2.557E+00 -2.730E+00 -1.314E+00
 -7.2877500E+03 -3.868E+00 -4.185E+00 -2.070E+00
 -7.2872500E+03 -2.919E+00 -3.416E+00 -2.516E+00
 -7.2867500E+03 -2.488E+00 -2.503E+00 -7.941E-01
 -7.2862500E+03 -3.522E+00 -3.791E+00 -1.713E+00
 -7.2857500E+03 -3.578E+00 -3.916E+00 -1.860E+00
 -7.2852500E+03 -2.651E+00 -2.746E+00 -8.620E-01
 -7.2847500E+03 -2.849E+00 -3.247E+00 -1.889E+00
 -7.2842500E+03 -2.790E+00 -3.196E+00 -2.135E+00
 -7.2837500E+03 -2.745E+00 -3.016E+00 -1.613E+00
 -7.2832500E+03 -2.744E+00 -3.027E+00 -1.923E+00
 -7.2827500E+03 -2.047E+00 -2.286E+00 -1.520E+00
 -7.2822500E+03 -2.706E+00 -2.758E+00 -1.119E+00
 -7.2817500E+03 -3.264E+00 -3.306E+00 -7.298E-01
 -7.2812500E+03 -2.562E+00 -2.813E+00 -1.611E+00
 -7.2807500E+03 -2.408E+00 -2.789E+00 -1.906E+00
 -7.2802500E+03 -3.305E+00 -3.202E+00 -4.726E-01
 -7.2797500E+03 -2.918E+00 -3.140E+00 -1.580E+00
 -7.2792500E+03 -2.617E+00 -2.899E+00 -1.506E+00
 -7.2787500E+03 -2.690E+00 -2.990E+00 -1.786E+00
 -7.2782500E+03 -2.528E+00 -2.870E+00 -2.072E+00
 -7.2777500E+03 -3.286E+00 -3.376E+00 -1.142E+00
 -7.2772500E+03 -2.274E+00 -2.661E+00 -2.107E+00
 -7.2767500E+03 -2.568E+00 -2.926E+00 -1.897E+00
 -7.2762500E+03 -3.356E+00 -3.364E+00 -6.066E-01
 -7.2757500E+03 -2.525E+00 -2.596E+00 -8.831E-01
 -7.2752500E+03 -2.130E+00 -2.115E+00 -6.566E-01
 -7.2747500E+03 -3.036E+00 -3.023E+00 -6.849E-01
 -7.2742500E+03 -3.021E+00 -3.246E+00 -1.236E+00
 -7.2737500E+03 -2.906E+00 -3.213E+00 -1.795E+00
 -7.2732500E+03 -2.502E+00 -3.029E+00 -2.673E+00
 -7.2727500E+03 -2.292E+00 -2.521E+00 -1.454E+00
 -7.2722500E+03 -2.532E+00 -2.700E+00 -1.260E+00
 -7.2717500E+03 -2.844E+00 -2.890E+00 -9.145E-01
 -7.2712500E+03 -2.118E+00 -2.530E+00 -2.085E+00
 -7.2707500E+03 -2.036E+00 -2.314E+00 -1.839E+00
 -7.2702500E+03 -3.196E+00 -3.401E+00 -1.594E+00
 -7.2697500E+03 -2.241E+00 -2.521E+00 -1.819E+00
 -7.2692500E+03 -2.215E+00 -2.371E+00 -1.040E+00
 -7.2687500E+03 -2.830E+00 -2.974E+00 -1.174E+00
 -7.2682500E+03 -2.479E+00 -2.603E+00 -1.043E+00
 -7.2677500E+03 -2.349E+00 -2.936E+00 -2.247E+00
 -7.2672500E+03 -2.883E+00 -3.031E+00 -1.298E+00
 -7.2667500E+03 -3.296E+00 -3.413E+00 -1.252E+00
 -7.2662500E+03 -1.962E+00 -2.292E+00 -1.610E+00
 -7.2657500E+03 -2.598E+00 -2.737E+00 -1.323E+00
 -7.2652500E+03 -2.436E+00 -2.696E+00 -1.342E+00
 -7.2647500E+03 -3.108E+00 -3.440E+00 -1.669E+00
 -7.2642500E+03 -2.227E+00 -2.507E+00 -1.271E+00
 -7.2637500E+03 -2.293E+00 -2.682E+00 -2.429E+00
 -7.2632500E+03 -2.737E+00 -2.918E+00 -1.255E+00
 -7.2627500E+03 -2.399E+00 -2.544E+00 -1.266E+00
 -7.2622500E+03 -2.330E+00 -2.715E+00 -2.086E+00
 -7.2617500E+03 -2.694E+00 -2.814E+00 -8.841E-01
 -7.2612500E+03 -2.419E+00 -2.575E+00 -1.159E+00
 -7.2607500E+03 -2.195E+00 -2.543E+00 -2.000E+00
 -7.2602500E+03 -2.560E+00 -2.684E+00 -1.190E+00
 -7.2597500E+03 -2.649E+00 -2.628E+00 -8.026E-01
 -7.2592500E+03 -2.960E+00 -2.932E+00 -8.516E-01
 -7.2587500E+03 -2.790E+00 -2.926E+00 -1.249E+00
 -7.2582500E+03 -2.220E+00 -2.537E+00 -1.857E+00
 -7.2577500E+03 -2.577E+00 -2.529E+00 -3.629E-01
 -7.2572500E+03 -2.396E+00 -2.685E+00 -1.670E+00
 -7.2567500E+03 -2.510E+00 -2.817E+00 -1.587E+00
 -7.2562500E+03 -2.797E+00 -2.924E+00 -9.788E-01
 -7.2557500E+03 -3.018E+00 -3.024E+00 -7.186E-01
 -7.2552500E+03 -2.469E+00 -2.804E+00 -1.762E+00
 -7.2547500E+03 -2.228E+00 -2.401E+00 -1.330E+00
 -7.2542500E+03 -2.648E+00 -2.808E+00 -1.255E+00
 -7.2537500E+03 -2.213E+00 -2.343E+00 -1.263E+00
 -7.2532500E+03 -2.699E+00 -2.976E+00 -1.447E+00
 -7.2527500E+03 -1.727E+00 -2.043E+00 -1.530E+00
 -7.2522500E+03 -2.627E+00 -2.612E+00 -5.612E-01
 -7.2517500E+03 -2.675E+00 -2.711E+00 -8.057E-01
 -7.2512500E+03 -2.244E+00 -2.514E+00 -1.397E+00
 -7.2507500E+03 -2.362E+00 -2.363E+00 -6.369E-01
 -7.2502500E+03 -2.609E+00 -2.890E+00 -1.676E+00
 -7.2497500E+03 -2.984E+00 -3.300E+00 -1.828E+00
 -7.2492500E+03 -2.379E+00 -2.719E+00 -1.895E+00
 -7.2487500E+03 -1.948E+00 -2.238E+00 -1.490E+00
 -7.2482500E+03 -2.177E+00 -2.122E+00 -4.760E-01
 -7.2477500E+03 -2.210E+00 -2.206E+00 -5.690E-01
 -7.2472500E+03 -2.612E+00 -2.902E+00 -1.569E+00
 -7.2467500E+03 -2.670E+00 -3.006E+00 -1.772E+00
 -7.2462500E+03 -3.058E+00 -3.259E+00 -1.465E+00
 -7.2457500E+03 -2.458E+00 -2.596E+00 -1.104E+00
 -7.2452500E+03 -3.207E+00 -3.356E+00 -1.571E+00
 -7.2447500E+03 -2.202E+00 -2.225E+00 -6.914E-01
 -7.2442500E+03 -2.372E+00 -2.556E+00 -8.547E-01
 -7.2437500E+03 -2.285E+00 -2.569E+00 -1.613E+00
 -7.2432500E+03 -2.583E+00 -2.868E+00 -1.339E+00
 -7.2427500E+03 -2.039E+00 -2.126E+00 -1.086E+00
 -7.2422500E+03 -1.713E+00 -2.005E+00 -1.614E+00
 -7.2417500E+03 -2.580E+00 -2.796E+00 -1.119E+00
 -7.2412500E+03 -2.412E+00 -2.686E+00 -1.462E+00
 -7.2407500E+03 -2.229E+00 -2.427E+00 -1.213E+00
 -7.2402500E+03 -2.130E+00 -2.207E+00 -7.385E-01
 -7.2397500E+03 -2.336E+00 -2.448E+00 -9.269E-01
 -7.2392500E+03 -2.342E+00 -2.524E+00 -1.323E+00
 -7.2387500E+03 -2.529E+00 -2.674E+00 -1.351E+00
 -7.2382500E+03 -2.605E+00 -2.857E+00 -1.447E+00
 -7.2377500E+03 -2.368E+00 -2.526E+00 -1.270E+00
 -7.2372500E+03 -2.059E+00 -2.168E+00 -9.282E-01
 -7.2367500E+03 -2.195E+00 -2.409E+00 -1.264E+00
 -7.2362500E+03 -2.860E+00 -3.119E+00 -1.642E+00
 -7.2357500E+03 -2.323E+00 -2.512E+00 -1.262E+00
 -7.2352500E+03 -2.125E+00 -2.257E+00 -9.048E-01
 -7.2347500E+03 -2.371E+00 -2.559E+00 -1.341E+00
 -7.2342500E+03 -2.286E+00 -2.539E+00 -1.796E+00
 -7.2337500E+03 -1.787E+00 -1.814E+00 -6.671E-01
 -7.2332500E+03 -2.327E+00 -2.563E+00 -1.402E+00
 -7.2327500E+03 -2.726E+00 -3.069E+00 -1.863E+00
 -7.2322500E+03 -2.432E+00 -2.769E+00 -1.669E+00
 -7.2317500E+03 -2.238E+00 -2.162E+00 -3.044E-01
 -7.2312500E+03 -2.281E+00 -2.474E+00 -1.558E+00
 -7.2307500E+03 -2.223E+00 -2.445E+00 -1.280E+00
 -7.2302500E+03 -2.060E+00 -2.050E+00 -5.792E-01
 -7.2297500E+03 -2.686E+00 -2.802E+00 -1.044E+00
 -7.2292500E+03 -2.473E+00 -2.453E+00 -5.188E-01
 -7.2287500E+03 -1.972E+00 -2.187E+00 -1.366E+00
 -7.2282500E+03 -1.892E+00 -2.240E+00 -1.676E+00
 -7.2277500E+03 -1.854E+00 -1.978E+00 -1.016E+00
 -7.2272500E+03 -2.375E+00 -2.490E+00 -9.462E-01
 -7.2267500E+03 -1.928E+00 -2.172E+00 -1.379E+00
 -7.2262500E+03 -7.277E-01 -1.195E+00 -2.228E+00
 -7.2257500E+03 -1.421E+00 -1.754E+00 -1.447E+00
 -7.2252500E+03 -1.815E+00 -2.069E+00 -1.356E+00
 -7.2247500E+03 -2.860E+00 -3.059E+00 -1.465E+00
 -7.2242500E+03 -2.465E+00 -2.736E+00 -1.797E+00
 -7.2237500E+03 -2.493E+00 -2.702E+00 -1.045E+00
 -7.2232500E+03 -2.597E+00 -2.627E+00 -5.121E-01
 -7.2227500E+03 -2.565E+00 -2.577E+00 -6.952E-01
 -7.2222500E+03 -2.460E+00 -2.662E+00 -1.446E+00
 -7.2217500E+03 -1.930E+00 -2.221E+00 -1.348E+00
 -7.2212500E+03 -1.886E+00 -2.057E+00 -1.095E+00
 -7.2207500E+03 -2.390E+00 -2.450E+00 -9.721E-01
 -7.2202500E+03 -2.727E+00 -2.953E+00 -1.465E+00
 -7.2197500E+03 -2.009E+00 -2.192E+00 -1.086E+00
 -7.2192500E+03 -2.257E+00 -2.507E+00 -1.185E+00
 -7.2187500E+03 -1.676E+00 -1.888E+00 -1.391E+00
 -7.2182500E+03 -1.690E+00 -2.046E+00 -1.791E+00
 -7.2177500E+03 -1.488E+00 -1.942E+00 -1.828E+00
 -7.2172500E+03 -2.195E+00 -2.599E+00 -1.794E+00
 -7.2167500E+03 -2.362E+00 -2.532E+00 -1.121E+00
 -7.2162500E+03 -1.353E+00 -1.279E+00 -7.329E-01
 -7.2157500E+03 -2.311E+00 -2.342E+00 -5.047E-01
 -7.2152500E+03 -2.178E+00 -2.472E+00 -1.829E+00
 -7.2147500E+03 -2.454E+00 -2.473E+00 -4.743E-01
 -7.2142500E+03 -1.849E+00 -2.062E+00 -9.519E-01
 -7.2137500E+03 -2.391E+00 -2.701E+00 -1.484E+00
 -7.2132500E+03 -2.115E+00 -2.123E+00 -7.961E-01
 -7.2127500E+03 -1.980E+00 -2.065E+00 -9.038E-01
 -7.2122500E+03 -2.409E+00 -2.759E+00 -1.521E+00
 -7.2117500E+03 -2.714E+00 -2.589E+00 -5.201E-01
 -7.2112500E+03 -1.771E+00 -2.053E+00 -1.841E+00
 -7.2107500E+03 -1.502E+00 -1.854E+00 -1.698E+00
 -7.2102500E+03 -1.693E+00 -1.907E+00 -1.189E+00
 -7.2097500E+03 -1.982E+00 -1.979E+00 -5.392E-01
 -7.2092500E+03 -2.296E+00 -2.297E+00 -6.988E-01
 -7.2087500E+03 -2.066E+00 -2.133E+00 -1.018E+00
 -7.2082500E+03 -2.243E+00 -2.323E+00 -7.274E-01
 -7.2077500E+03 -1.933E+00 -2.112E+00 -1.075E+00
 -7.2072500E+03 -2.112E+00 -1.895E+00 -2.397E-01
 -7.2067500E+03 -1.952E+00 -2.388E+00 -2.081E+00
 -7.2062500E+03 -1.628E+00 -1.823E+00 -1.293E+00
 -7.2057500E+03 -2.016E+00 -2.128E+00 -8.381E-01
 -7.2052500E+03 -2.097E+00 -2.386E+00 -1.466E+00
 -7.2047500E+03 -2.092E+00 -2.224E+00 -9.486E-01
 -7.2042500E+03 -1.948E+00 -2.033E+00 -7.891E-01
 -7.2037500E+03 -2.105E+00 -2.077E+00 -6.123E-01
 -7.2032500E+03 -1.821E+00 -1.844E+00 -8.431E-01
 -7.2027500E+03 -2.252E+00 -2.439E+00 -1.132E+00
 -7.2022500E+03 -2.425E+00 -2.528E+00 -9.870E-01
 -7.2017500E+03 -2.109E+00 -2.394E+00 -1.311E+00
 -7.2012500E+03 -1.973E+00 -2.479E+00 -1.665E+00
 -7.2007500E+03 -1.343E+00 -1.557E+00 -1.513E+00
 -7.2002500E+03 -2.253E+00 -2.367E+00 -1.013E+00
 -7.1997500E+03 -2.394E+00 -2.587E+00 -1.090E+00
 -7.1992500E+03 -1.863E+00 -2.168E+00 -1.561E+00
 -7.1987500E+03 -2.261E+00 -2.495E+00 -1.396E+00
 -7.1982500E+03 -1.649E+00 -1.683E+00 -1.156E+00
 -7.1977500E+03 -1.892E+00 -2.105E+00 -1.509E+00
 -7.1972500E+03 -2.354E+00 -2.486E+00 -1.343E+00
 -7.1967500E+03 -1.380E+00 -1.866E+00 -1.903E+00
 -7.1962500E+03 -1.603E+00 -1.932E+00 -1.543E+00
 -7.1957500E+03 -1.730E+00 -2.024E+00 -1.127E+00
 -7.1952500E+03 -1.882E+00 -2.421E+00 -1.510E+00
 -7.1947500E+03 -2.124E+00 -2.247E+00 -8.174E-01
 -7.1942500E+03 -1.640E+00 -1.963E+00 -1.482E+00
 -7.1937500E+03 -2.013E+00 -2.202E+00 -1.143E+00
 -7.1932500E+03 -1.530E+00 -1.707E+00 -1.181E+00
 -7.1927500E+03 -1.731E+00 -1.580E+00 -6.358E-02
 -7.1922500E+03 -2.441E+00 -2.406E+00 -7.166E-01
 -7.1917500E+03 -1.737E+00 -1.748E+00 -6.820E-01
 -7.1912500E+03 -1.796E+00 -1.988E+00 -9.276E-01
 -7.1907500E+03 -1.415E+00 -1.653E+00 -1.382E+00
 -7.1902500E+03 -2.051E+00 -2.160E+00 -1.179E+00
 -7.1897500E+03 -1.768E+00 -1.948E+00 -8.476E-01
 -7.1892500E+03 -2.118E+00 -2.303E+00 -1.178E+00
 -7.1887500E+03 -1.939E+00 -2.070E+00 -9.072E-01
 -7.1882500E+03 -2.042E+00 -2.204E+00 -1.263E+00
 -7.1877500E+03 -2.013E+00 -2.425E+00 -1.678E+00
 -7.1872500E+03 -1.674E+00 -1.842E+00 -1.182E+00
 -7.1867500E+03 -2.375E+00 -2.318E+00 -6.350E-01
 -7.1862500E+03 -2.436E+00 -2.446E+00 -7.170E-01
 -7.1857500E+03 -1.853E+00 -2.005E+00 -8.755E-01
 -7.1852500E+03 -1.838E+00 -2.164E+00 -1.336E+00
 -7.1847500E+03 -1.947E+00 -1.886E+00 -3.093E-01
 -7.1842500E+03 -1.697E+00 -1.709E+00 -4.828E-01
 -7.1837500E+03 -1.898E+00 -1.948E+00 -4.289E-01
 -7.1832500E+03 -1.589E+00 -1.891E+00 -1.428E+00
 -7.1827500E+03 -1.927E+00 -2.027E+00 -8.676E-01
 -7.1822500E+03 -1.206E+00 -1.500E+00 -1.335E+00
 -7.1817500E+03 -1.468E+00 -1.636E+00 -1.049E+00
 -7.1812500E+03 -1.787E+00 -1.999E+00 -1.050E+00
 -7.1807500E+03 -1.980E+00 -2.184E+00 -1.281E+00
 -7.1802500E+03 -1.663E+00 -1.725E+00 -7.384E-01
 -7.1797500E+03 -1.564E+00 -1.680E+00 -9.374E-01
 -7.1792500E+03 -1.902E+00 -2.242E+00 -1.770E+00
 -7.1787500E+03 -2.628E+00 -2.809E+00 -1.130E+00
 -7.1782500E+03 -2.076E+00 -2.258E+00 -1.199E+00
 -7.1777500E+03 -1.539E+00 -1.636E+00 -6.215E-01
 -7.1772500E+03 -1.817E+00 -2.117E+00 -1.648E+00
 -7.1767500E+03 -1.884E+00 -2.239E+00 -1.846E+00
 -7.1762500E+03 -1.616E+00 -1.770E+00 -9.613E-01
 -7.1757500E+03 -1.467E+00 -1.668E+00 -1.109E+00
 -7.1752500E+03 -1.832E+00 -1.857E+00 -8.508E-01
 -7.1747500E+03 -2.174E+00 -2.357E+00 -9.916E-01
 -7.1742500E+03 -1.921E+00 -2.039E+00 -8.037E-01
 -7.1737500E+03 -1.694E+00 -1.769E+00 -5.270E-01
 -7.1732500E+03 -1.303E+00 -1.542E+00 -1.327E+00
 -7.1727500E+03 -1.455E+00 -1.608E+00 -8.524E-01
 -7.1722500E+03 -1.652E+00 -1.919E+00 -1.299E+00
 -7.1717500E+03 -1.972E+00 -2.249E+00 -1.506E+00
 -7.1712500E+03 -1.941E+00 -1.926E+00 -4.386E-01
 -7.1707500E+03 -1.730E+00 -1.929E+00 -1.164E+00
 -7.1702500E+03 -1.502E+00 -1.578E+00 -5.885E-01
 -7.1697500E+03 -2.163E+00 -2.178E+00 -5.453E-01
 -7.1692500E+03 -2.109E+00 -2.114E+00 -4.092E-01
 -7.1687500E+03 -1.961E+00 -2.193E+00 -1.341E+00
 -7.1682500E+03 -2.161E+00 -2.212E+00 -7.130E-01
 -7.1677500E+03 -1.738E+00 -1.777E+00 -3.802E-01
 -7.1672500E+03 -1.638E+00 -1.737E+00 -8.351E-01
 -7.1667500E+03 -1.697E+00 -2.052E+00 -1.449E+00
 -7.1662500E+03 -1.817E+00 -1.915E+00 -7.212E-01
 -7.1657500E+03 -1.832E+00 -1.785E+00 -4.288E-01
 -7.1652500E+03 -1.603E+00 -1.757E+00 -1.055E+00
 -7.1647500E+03 -1.908E+00 -2.316E+00 -1.848E+00
 -7.1642500E+03 -1.941E+00 -2.060E+00 -8.465E-01
 -7.1637500E+03 -1.383E+00 -1.439E+00 -6.271E-01
 -7.1632500E+03 -1.724E+00 -2.008E+00 -1.622E+00
 -7.1627500E+03 -1.488E+00 -1.641E+00 -1.276E+00
 -7.1622500E+03 -1.618E+00 -1.822E+00 -1.082E+00
 -7.1617500E+03 -1.078E+00 -1.050E+00 -2.206E-01
 -7.1612500E+03 -1.425E+00 -1.558E+00 -7.880E-01
 -7.1607500E+03 -1.535E+00 -1.622E+00 -8.665E-01
 -7.1602500E+03 -1.946E+00 -1.834E+00 -1.841E-01
 -7.1597500E+03 -1.935E+00 -2.180E+00 -1.205E+00
 -7.1592500E+03 -1.697E+00 -2.049E+00 -1.580E+00
 -7.1587500E+03 -1.064E+00 -1.144E+00 -8.282E-01
 -7.1582500E+03 -1.223E+00 -1.292E+00 -5.572E-01
 -7.1577500E+03 -1.884E+00 -1.990E+00 -8.363E-01
 -7.1572500E+03 -2.109E+00 -2.164E+00 -7.340E-01
 -7.1567500E+03 -2.189E+00 -2.199E+00 -7.166E-01
 -7.1562500E+03 -1.844E+00 -2.000E+00 -9.096E-01
 -7.1557500E+03 -1.954E+00 -2.061E+00 -3.356E-01
 -7.1552500E+03 -1.475E+00 -1.743E+00 -1.247E+00
 -7.1547500E+03 -1.393E+00 -1.698E+00 -1.384E+00
 -7.1542500E+03 -1.847E+00 -2.048E+00 -1.172E+00
 -7.1537500E+03 -1.694E+00 -1.863E+00 -9.925E-01
 -7.1532500E+03 -2.070E+00 -2.267E+00 -9.182E-01
 -7.1527500E+03 -1.733E+00 -1.711E+00 -4.923E-01
 -7.1522500E+03 -2.293E+00 -2.310E+00 -7.087E-01
 -7.1517500E+03 -2.484E+00 -2.519E+00 -8.387E-01
 -7.1512500E+03 -1.915E+00 -2.017E+00 -7.685E-01
 -7.1507500E+03 -1.017E+00 -1.304E+00 -1.411E+00
 -7.1502500E+03 -1.388E+00 -1.537E+00 -9.942E-01
 -7.1497500E+03 -1.791E+00 -1.774E+00 -3.024E-01
 -7.1492500E+03 -1.788E+00 -1.940E+00 -9.375E-01
 -7.1487500E+03 -1.454E+00 -1.575E+00 -8.449E-01
 -7.1482500E+03 -1.766E+00 -1.982E+00 -1.046E+00
 -7.1477500E+03 -1.358E+00 -1.365E+00 -3.591E-01
 -7.1472500E+03 -1.698E+00 -1.768E+00 -6.863E-01
 -7.1467500E+03 -1.635E+00 -1.921E+00 -1.488E+00
 -7.1462500E+03 -2.063E+00 -2.195E+00 -8.875E-01
 -7.1457500E+03 -1.509E+00 -1.575E+00 -6.275E-01
 -7.1452500E+03 -1.393E+00 -1.571E+00 -9.643E-01
 -7.1447500E+03 -1.178E+00 -1.568E+00 -1.738E+00
 -7.1442500E+03 -1.008E+00 -9.630E-01 -3.375E-02
 -7.1437500E+03 -1.556E+00 -1.748E+00 -9.245E-01
 -7.1432500E+03 -1.315E+00 -1.565E+00 -1.410E+00
 -7.1427500E+03 -1.218E+00 -1.475E+00 -1.326E+00
 -7.1422500E+03 -1.339E+00 -1.437E+00 -8.683E-01
 -7.1417500E+03 -1.627E+00 -1.774E+00 -7.993E-01
 -7.1412500E+03 -1.915E+00 -2.139E+00 -1.278E+00
 -7.1407500E+03 -1.918E+00 -1.931E+00 -2.896E-01
 -7.1402500E+03 -1.584E+00 -1.477E+00 -1.356E-01
 -7.1397500E+03 -1.402E+00 -1.577E+00 -9.857E-01
 -7.1392500E+03 -1.474E+00 -1.697E+00 -1.251E+00
 -7.1387500E+03 -1.673E+00 -1.860E+00 -9.533E-01
 -7.1382500E+03 -1.700E+00 -1.843E+00 -1.035E+00
 -7.1377500E+03 -1.827E+00 -1.859E+00 -5.804E-01
 -7.1372500E+03 -1.390E+00 -1.409E+00 -2.456E-01
 -7.1367500E+03 -1.677E+00 -1.652E+00 -2.079E-01
 -7.1362500E+03 -1.186E+00 -1.360E+00 -1.316E+00
 -7.1357500E+03 -1.638E+00 -1.867E+00 -1.364E+00
 -7.1352500E+03 -1.642E+00 -1.853E+00 -1.072E+00
 -7.1347500E+03 -1.438E+00 -1.490E+00 -5.928E-01
 -7.1342500E+03 -1.363E+00 -1.586E+00 -1.333E+00
 -7.1337500E+03 -1.093E+00 -1.208E+00 -9.073E-01
 -7.1332500E+03 -1.507E+00 -1.666E+00 -7.585E-01
 -7.1327500E+03 -1.352E+00 -1.727E+00 -1.429E+00
 -7.1322500E+03 -1.538E+00 -1.829E+00 -1.209E+00
 -7.1317500E+03 -1.750E+00 -1.710E+00 -2.451E-01
 -7.1312500E+03 -1.325E+00 -1.275E+00 -2.134E-01
 -7.1307500E+03 -1.792E+00 -1.879E+00 -6.506E-01
 -7.1302500E+03 -1.314E+00 -1.391E+00 -6.179E-01
 -7.1297500E+03 -1.587E+00 -1.639E+00 -8.744E-01
 -7.1292500E+03 -1.538E+00 -1.678E+00 -6.910E-01
 -7.1287500E+03 -1.544E+00 -1.712E+00 -7.845E-01
 -7.1282500E+03 -1.823E+00 -1.801E+00 -2.033E-01
 -7.1277500E+03 -9.937E-01 -1.185E+00 -1.019E+00
 -7.1272500E+03 -1.302E+00 -1.600E+00 -1.453E+00
 -7.1267500E+03 -1.508E+00 -1.663E+00 -8.120E-01
 -7.1262500E+03 -1.386E+00 -1.654E+00 -1.325E+00
 -7.1257500E+03 -1.395E+00 -1.590E+00 -1.266E+00
 -7.1252500E+03 -1.536E+00 -1.515E+00 -4.562E-01
 -7.1247500E+03 -1.213E+00 -1.276E+00 -5.522E-01
 -7.1242500E+03 -1.173E+00 -1.406E+00 -1.007E+00
 -7.1237500E+03 -1.371E+00 -1.346E+00 -3.166E-01
 -7.1232500E+03 -2.183E+00 -2.351E+00 -9.198E-01
 -7.1227500E+03 -1.885E+00 -2.003E+00 -1.013E+00
 -7.1222500E+03 -1.500E+00 -1.567E+00 -6.092E-01
 -7.1217500E+03 -1.004E+00 -1.108E+00 -6.223E-01
 -7.1212500E+03 -7.458E-01 -8.663E-01 -8.359E-01
 -7.1207500E+03 -1.581E+00 -1.718E+00 -9.316E-01
 -7.1202500E+03 -1.053E+00 -1.234E+00 -1.080E+00
 -7.1197500E+03 -1.193E+00 -1.436E+00 -1.189E+00
 -7.1192500E+03 -1.131E+00 -1.168E+00 -3.961E-01
 -7.1187500E+03 -1.389E+00 -1.374E+00 -1.511E-01
 -7.1182500E+03 -1.709E+00 -1.808E+00 -8.523E-01
 -7.1177500E+03 -1.117E+00 -1.296E+00 -9.829E-01
