  1.2479750E+04  7.881E-02  1.177E-01  1.972E-01
  1.2480250E+04  1.806E-01  1.433E-01 -7.015E-02
  1.2480750E+04 -5.270E-02 -7.040E-02 -9.793E-02
  1.2481250E+04 -3.110E-02 -2.326E-02  1.801E-02
  1.2481750E+04 -3.756E-03  3.723E-03  2.944E-02
  1.2482250E+04  1.999E-02  1.329E-02 -1.883E-02
  1.2482750E+04  2.330E-02  3.402E-02  5.606E-02
  1.2483250E+04 -3.084E-03 -5.098E-03 -9.777E-03
  1.2483750E+04  3.126E-02  2.886E-02  4.923E-03
  1.2484250E+04  1.187E-02  1.982E-02  3.812E-02
  1.2484750E+04  2.138E-02  3.732E-02  7.560E-02
  1.2485250E+04  8.754E-03  1.604E-02  3.499E-02
  1.2485750E+04 -9.994E-03  1.490E-02  9.789E-02
  1.2486250E+04  7.183E-02  6.475E-02  3.267E-03
  1.2486750E+04  3.040E-02  2.891E-02  8.046E-03
  1.2487250E+04  1.248E-01  1.222E-01  4.670E-02
  1.2487750E+04  1.142E-02  7.082E-04 -3.947E-02
  1.2488250E+04  7.033E-02  6.421E-02  6.874E-03
  1.2488750E+04 -1.642E-03 -1.241E-02 -4.550E-02
  1.2489250E+04  8.055E-02  6.300E-02 -3.621E-02
  1.2489750E+04  9.048E-02  9.785E-02  7.181E-02
  1.2490250E+04  6.297E-02  6.157E-02  2.404E-02
  1.2490750E+04  6.046E-03  4.156E-03 -5.147E-03
  1.2491250E+04  6.635E-02  6.770E-02  3.417E-02
  1.2491750E+04 -5.445E-02 -1.727E-02  1.299E-01
  1.2492250E+04  5.599E-02  4.605E-02 -1.599E-02
  1.2492750E+04  6.906E-02  8.891E-02  1.137E-01
  1.2493250E+04  7.692E-02  9.501E-02  1.096E-01
  1.2493750E+04  6.439E-02  6.208E-02  1.940E-02
  1.2494250E+04  1.114E-02  1.578E-02  2.416E-02
  1.2494750E+04  1.730E-01  1.727E-01  7.786E-02
  1.2495250E+04  1.187E-01  1.009E-01 -1.901E-02
  1.2495750E+04  3.399E-02  5.501E-02  1.025E-01
  1.2496250E+04  5.568E-02  7.947E-02  1.230E-01
  1.2496750E+04  1.054E-01  1.127E-01  7.737E-02
  1.2497250E+04  8.219E-02  6.511E-02 -3.589E-02
  1.2497750E+04  2.811E-01  2.514E-01  4.533E-03
  1.2498250E+04  1.285E-01  1.468E-01  1.350E-01
  1.2498750E+04  1.718E-01  2.192E-01  2.731E-01
  1.2499250E+04  6.419E-02  5.803E-02  3.485E-03
  1.2499750E+04  6.169E-02  4.183E-02 -5.384E-02
  1.2500250E+04 -7.869E-04  2.674E-02  1.129E-01
  1.2500750E+04  4.782E-02  1.087E-01  2.734E-01
  1.2501250E+04  4.058E-02  3.933E-02  1.259E-02
  1.2501750E+04  1.085E-01  1.374E-01  1.683E-01
  1.2502250E+04  2.860E-01  2.826E-01  1.114E-01
  1.2502750E+04  2.066E-01  1.859E-01  6.035E-03
  1.2503250E+04  2.625E-01  2.963E-01  2.549E-01
  1.2503750E+04  3.184E-01  3.450E-01  2.526E-01
  1.2504250E+04  2.238E-01  1.851E-01 -6.172E-02
  1.2504750E+04  1.246E-01  1.135E-01  1.002E-02
  1.2505250E+04  2.661E-01  2.932E-01  2.274E-01
  1.2505750E+04  1.695E-01  1.808E-01  1.219E-01
  1.2506250E+04  1.102E-01  1.281E-01  1.216E-01
  1.2506750E+04  1.905E-01  1.852E-01  6.307E-02
  1.2507250E+04  4.221E-01  4.115E-01  1.429E-01
  1.2507750E+04  1.729E-01  1.856E-01  1.259E-01
  1.2508250E+04  7.936E-03  6.733E-02  2.495E-01
  1.2508750E+04  2.122E-01  2.495E-01  2.453E-01
  1.2509250E+04  3.141E-01  3.185E-01  1.559E-01
  1.2509750E+04  5.800E-01  5.494E-01  1.256E-01
  1.2510250E+04  2.929E-01  2.875E-01  1.051E-01
  1.2510750E+04  3.173E-01  3.982E-01  4.733E-01
  1.2511250E+04  4.860E-01  4.728E-01  1.573E-01
  1.2511750E+04  3.643E-01  3.423E-01  6.575E-02
  1.2512250E+04  2.977E-01  3.671E-01  4.132E-01
  1.2512750E+04  3.507E-01  3.137E-01 -3.087E-03
  1.2513250E+04  5.169E-01  5.498E-01  3.570E-01
  1.2513750E+04  4.341E-01  4.063E-01  6.861E-02
  1.2514250E+04  3.911E-01  3.843E-01  1.426E-01
  1.2514750E+04  5.691E-01  6.314E-01  5.004E-01
  1.2515250E+04  7.364E-01  7.504E-01  3.709E-01
  1.2515750E+04  6.712E-01  6.281E-01  1.079E-01
  1.2516250E+04  3.432E-01  3.466E-01  1.581E-01
  1.2516750E+04  5.389E-01  7.007E-01  9.033E-01
  1.2517250E+04  5.471E-01  6.145E-01  5.137E-01
  1.2517750E+04  7.349E-01  7.444E-01  3.463E-01
  1.2518250E+04  5.359E-01  5.708E-01  3.743E-01
  1.2518750E+04  6.171E-01  6.425E-01  3.647E-01
  1.2519250E+04 -1.001E-01  3.070E-02  4.960E-01
  1.2519750E+04  1.179E+00  1.189E+00  5.436E-01
  1.2520250E+04  1.166E+00  1.108E+00  2.571E-01
  1.2520750E+04  6.598E-01  7.325E-01  5.778E-01
  1.2521250E+04  9.191E-01  8.758E-01  2.101E-01
  1.2521750E+04  9.128E-01  9.014E-01  3.360E-01
  1.2522250E+04  7.285E-01  7.305E-01  3.127E-01
  1.2522750E+04  5.972E-01  6.771E-01  5.864E-01
  1.2523250E+04  7.974E-01  8.419E-01  5.150E-01
  1.2523750E+04  7.697E-01  8.462E-01  6.363E-01
  1.2524250E+04  1.004E+00  1.078E+00  7.273E-01
  1.2524750E+04  1.095E+00  1.175E+00  7.824E-01
  1.2525250E+04  1.380E+00  1.417E+00  7.269E-01
  1.2525750E+04  7.832E-01  7.155E-01  4.190E-02
  1.2526250E+04  7.916E-01  1.023E+00  1.292E+00
  1.2526750E+04  1.175E+00  1.216E+00  6.571E-01
  1.2527250E+04  1.640E+00  1.749E+00  1.129E+00
  1.2527750E+04  1.450E+00  1.473E+00  6.862E-01
  1.2528250E+04  1.233E+00  1.240E+00  5.413E-01
  1.2528750E+04  1.580E+00  1.517E+00  3.854E-01
  1.2529250E+04  1.491E+00  1.732E+00  1.611E+00
  1.2529750E+04  1.336E+00  1.448E+00  1.009E+00
  1.2530250E+04  1.092E+00  1.148E+00  6.786E-01
  1.2530750E+04  1.809E+00  1.911E+00  1.168E+00
  1.2531250E+04  2.026E+00  2.053E+00  9.451E-01
  1.2531750E+04  1.067E+00  1.263E+00  1.236E+00
  1.2532250E+04  1.334E+00  1.386E+00  7.569E-01
  1.2532750E+04  2.146E+00  2.215E+00  1.159E+00
  1.2533250E+04  1.948E+00  1.958E+00  8.377E-01
  1.2533750E+04  2.036E+00  1.973E+00  5.651E-01
  1.2534250E+04  1.889E+00  2.243E+00  2.227E+00
  1.2534750E+04  2.100E+00  2.318E+00  1.752E+00
  1.2535250E+04  2.676E+00  2.701E+00  1.187E+00
  1.2535750E+04  2.346E+00  2.478E+00  1.491E+00
  1.2536250E+04  2.931E+00  3.254E+00  2.517E+00
  1.2536750E+04  2.926E+00  3.080E+00  1.819E+00
  1.2537250E+04  2.199E+00  2.361E+00  1.549E+00
  1.2537750E+04  3.492E+00  3.581E+00  1.764E+00
  1.2538250E+04  2.603E+00  2.582E+00  9.601E-01
  1.2538750E+04  2.503E+00  2.696E+00  1.794E+00
  1.2539250E+04  3.440E+00  3.749E+00  2.654E+00
  1.2539750E+04  4.163E+00  4.276E+00  2.136E+00
  1.2540250E+04  3.261E+00  3.330E+00  1.578E+00
  1.2540750E+04  3.261E+00  3.404E+00  1.882E+00
  1.2541250E+04  4.321E+00  4.550E+00  2.658E+00
  1.2541750E+04  4.212E+00  4.273E+00  1.918E+00
  1.2542250E+04  3.115E+00  3.397E+00  2.407E+00
  1.2542750E+04  3.299E+00  3.729E+00  3.091E+00
  1.2543250E+04  3.924E+00  4.223E+00  2.795E+00
  1.2543750E+04  3.386E+00  3.817E+00  3.108E+00
  1.2544250E+04  4.108E+00  4.216E+00  2.059E+00
  1.2544750E+04  5.263E+00  5.374E+00  2.515E+00
  1.2545250E+04  3.631E+00  3.898E+00  2.519E+00
  1.2545750E+04  4.422E+00  4.571E+00  2.349E+00
  1.2546250E+04  4.880E+00  4.973E+00  2.288E+00
  1.2546750E+04  6.385E+00  6.627E+00  3.494E+00
  1.2547250E+04  5.807E+00  6.115E+00  3.548E+00
  1.2547750E+04  5.964E+00  6.040E+00  2.633E+00
  1.2548250E+04  4.891E+00  5.008E+00  2.386E+00
  1.2548750E+04  5.335E+00  5.830E+00  4.117E+00
  1.2549250E+04  5.897E+00  6.361E+00  4.193E+00
  1.2549750E+04  6.322E+00  7.008E+00  5.274E+00
  1.2550250E+04  4.856E+00  5.334E+00  3.842E+00
  1.2550750E+04  6.178E+00  6.306E+00  2.909E+00
  1.2551250E+04  6.329E+00  6.614E+00  3.613E+00
  1.2551750E+04  7.604E+00  8.232E+00  5.515E+00
  1.2552250E+04  7.032E+00  7.467E+00  4.503E+00
  1.2552750E+04  7.521E+00  7.647E+00  3.399E+00
  1.2553250E+04  7.062E+00  6.852E+00  1.826E+00
  1.2553750E+04  7.432E+00  7.617E+00  3.587E+00
  1.2554250E+04  7.237E+00  7.683E+00  4.609E+00
  1.2554750E+04  8.015E+00  8.205E+00  3.832E+00
  1.2555250E+04  7.784E+00  8.287E+00  5.032E+00
  1.2555750E+04  7.477E+00  7.862E+00  4.421E+00
  1.2556250E+04  9.179E+00  9.603E+00  5.231E+00
  1.2556750E+04  6.705E+00  7.069E+00  4.019E+00
  1.2557250E+04  9.668E+00  1.030E+01  6.258E+00
  1.2557750E+04  9.350E+00  9.931E+00  5.929E+00
  1.2558250E+04  9.168E+00  9.827E+00  6.193E+00
  1.2558750E+04  1.006E+01  1.047E+01  5.496E+00
  1.2559250E+04  9.195E+00  9.748E+00  5.731E+00
  1.2559750E+04  1.064E+01  1.138E+01  7.028E+00
  1.2560250E+04  1.190E+01  1.238E+01  6.446E+00
  1.2560750E+04  9.615E+00  9.650E+00  3.714E+00
  1.2561250E+04  9.872E+00  1.069E+01  7.050E+00
  1.2561750E+04  1.162E+01  1.238E+01  7.436E+00
  1.2562250E+04  1.108E+01  1.166E+01  6.529E+00
  1.2562750E+04  1.270E+01  1.312E+01  6.456E+00
  1.2563250E+04  1.186E+01  1.262E+01  7.511E+00
  1.2563750E+04  1.444E+01  1.462E+01  6.063E+00
  1.2564250E+04  1.288E+01  1.370E+01  8.171E+00
  1.2564750E+04  1.176E+01  1.224E+01  6.298E+00
  1.2565250E+04  1.318E+01  1.351E+01  6.203E+00
  1.2565750E+04  1.433E+01  1.458E+01  6.315E+00
  1.2566250E+04  1.147E+01  1.265E+01  9.071E+00
  1.2566750E+04  1.323E+01  1.371E+01  6.818E+00
  1.2567250E+04  1.331E+01  1.428E+01  8.853E+00
  1.2567750E+04  1.433E+01  1.532E+01  9.272E+00
  1.2568250E+04  1.644E+01  1.662E+01  6.712E+00
  1.2568750E+04  1.551E+01  1.675E+01  1.078E+01
  1.2569250E+04  1.507E+01  1.529E+01  6.362E+00
  1.2569750E+04  1.404E+01  1.491E+01  8.702E+00
  1.2570250E+04  1.687E+01  1.782E+01  1.003E+01
  1.2570750E+04  1.538E+01  1.674E+01  1.115E+01
  1.2571250E+04  1.788E+01  1.851E+01  9.045E+00
  1.2571750E+04  1.880E+01  1.980E+01  1.090E+01
  1.2572250E+04  1.788E+01  1.844E+01  8.743E+00
  1.2572750E+04  1.695E+01  1.776E+01  9.427E+00
  1.2573250E+04  1.928E+01  2.038E+01  1.145E+01
  1.2573750E+04  1.926E+01  1.970E+01  8.674E+00
  1.2574250E+04  2.060E+01  2.182E+01  1.240E+01
  1.2574750E+04  1.612E+01  1.732E+01  1.070E+01
  1.2575250E+04  2.067E+01  2.077E+01  7.756E+00
  1.2575750E+04  1.930E+01  1.944E+01  7.391E+00
  1.2576250E+04  1.746E+01  1.920E+01  1.341E+01
  1.2576750E+04  2.364E+01  2.456E+01  1.216E+01
  1.2577250E+04  2.068E+01  2.099E+01  8.594E+00
  1.2577750E+04  2.057E+01  2.239E+01  1.477E+01
  1.2578250E+04  2.204E+01  2.359E+01  1.415E+01
  1.2578750E+04  2.437E+01  2.491E+01  1.074E+01
  1.2579250E+04  2.546E+01  2.608E+01  1.149E+01
  1.2579750E+04  2.298E+01  2.415E+01  1.285E+01
  1.2580250E+04  2.539E+01  2.705E+01  1.575E+01
  1.2580750E+04  2.602E+01  2.699E+01  1.309E+01
  1.2581250E+04  2.417E+01  2.477E+01  1.083E+01
  1.2581750E+04  2.504E+01  2.665E+01  1.530E+01
  1.2582250E+04  2.469E+01  2.609E+01  1.431E+01
  1.2582750E+04  2.276E+01  2.446E+01  1.491E+01
  1.2583250E+04  2.384E+01  2.441E+01  1.059E+01
  1.2583750E+04  2.832E+01  2.964E+01  1.518E+01
  1.2584250E+04  2.999E+01  3.102E+01  1.460E+01
  1.2584750E+04  2.912E+01  2.980E+01  1.279E+01
  1.2585250E+04  2.641E+01  2.822E+01  1.656E+01
  1.2585750E+04  2.883E+01  2.996E+01  1.454E+01
  1.2586250E+04  2.866E+01  2.921E+01  1.201E+01
  1.2586750E+04  2.751E+01  3.001E+01  1.968E+01
  1.2587250E+04  3.016E+01  3.191E+01  1.750E+01
  1.2587750E+04  2.978E+01  3.108E+01  1.545E+01
  1.2588250E+04  2.807E+01  2.950E+01  1.537E+01
  1.2588750E+04  2.825E+01  2.937E+01  1.412E+01
  1.2589250E+04  2.760E+01  2.962E+01  1.763E+01
  1.2589750E+04  2.892E+01  3.115E+01  1.895E+01
  1.2590250E+04  3.321E+01  3.410E+01  1.482E+01
  1.2590750E+04  3.234E+01  3.321E+01  1.437E+01
  1.2591250E+04  3.249E+01  3.409E+01  1.751E+01
  1.2591750E+04  3.402E+01  3.553E+01  1.762E+01
  1.2592250E+04  3.485E+01  3.535E+01  1.368E+01
  1.2592750E+04  3.193E+01  3.330E+01  1.623E+01
  1.2593250E+04  3.535E+01  3.841E+01  2.439E+01
  1.2593750E+04  3.237E+01  3.407E+01  1.773E+01
  1.2594250E+04  3.013E+01  3.205E+01  1.786E+01
  1.2594750E+04  3.455E+01  3.682E+01  2.079E+01
  1.2595250E+04  3.594E+01  3.767E+01  1.897E+01
  1.2595750E+04  3.648E+01  3.838E+01  1.985E+01
  1.2596250E+04  3.976E+01  4.068E+01  1.689E+01
  1.2596750E+04  3.737E+01  3.881E+01  1.815E+01
  1.2597250E+04  3.984E+01  4.136E+01  1.928E+01
  1.2597750E+04  3.591E+01  3.808E+01  2.062E+01
  1.2598250E+04  3.726E+01  3.967E+01  2.204E+01
  1.2598750E+04  3.983E+01  4.098E+01  1.770E+01
  1.2599250E+04  3.646E+01  3.919E+01  2.306E+01
  1.2599750E+04  3.980E+01  4.082E+01  1.696E+01
  1.2600250E+04  3.493E+01  3.839E+01  2.556E+01
  1.2600750E+04  4.253E+01  4.281E+01  1.485E+01
  1.2601250E+04  3.743E+01  3.890E+01  1.809E+01
  1.2601750E+04  4.284E+01  4.480E+01  2.187E+01
  1.2602250E+04  3.946E+01  4.162E+01  2.153E+01
  1.2602750E+04  3.834E+01  4.006E+01  1.924E+01
  1.2603250E+04  4.257E+01  4.390E+01  1.903E+01
  1.2603750E+04  4.150E+01  4.323E+01  2.029E+01
  1.2604250E+04  4.096E+01  4.299E+01  2.139E+01
  1.2604750E+04  3.863E+01  4.123E+01  2.295E+01
  1.2605250E+04  4.185E+01  4.302E+01  1.805E+01
  1.2605750E+04  4.066E+01  4.216E+01  1.899E+01
  1.2606250E+04  4.247E+01  4.429E+01  2.084E+01
  1.2606750E+04  4.545E+01  4.686E+01  2.010E+01
  1.2607250E+04  4.063E+01  4.158E+01  1.653E+01
  1.2607750E+04  4.115E+01  4.408E+01  2.498E+01
  1.2608250E+04  4.341E+01  4.582E+01  2.353E+01
  1.2608750E+04  4.480E+01  4.729E+01  2.429E+01
  1.2609250E+04  4.485E+01  4.715E+01  2.340E+01
  1.2609750E+04  3.904E+01  4.172E+01  2.312E+01
  1.2610250E+04  4.339E+01  4.560E+01  2.244E+01
  1.2610750E+04  4.159E+01  4.414E+01  2.326E+01
  1.2611250E+04  4.411E+01  4.652E+01  2.345E+01
  1.2611750E+04  4.795E+01  4.913E+01  1.961E+01
  1.2612250E+04  4.357E+01  4.591E+01  2.299E+01
  1.2612750E+04  4.545E+01  4.693E+01  1.995E+01
  1.2613250E+04  3.990E+01  4.208E+01  2.107E+01
  1.2613750E+04  4.409E+01  4.699E+01  2.534E+01
  1.2614250E+04  5.020E+01  5.158E+01  2.102E+01
  1.2614750E+04  4.671E+01  4.873E+01  2.248E+01
  1.2615250E+04  4.416E+01  4.672E+01  2.389E+01
  1.2615750E+04  4.612E+01  4.860E+01  2.411E+01
  1.2616250E+04  4.237E+01  4.398E+01  1.933E+01
  1.2616750E+04  4.994E+01  5.269E+01  2.637E+01
  1.2617250E+04  5.034E+01  5.225E+01  2.289E+01
  1.2617750E+04  4.812E+01  4.929E+01  1.914E+01
  1.2618250E+04  4.880E+01  5.139E+01  2.528E+01
  1.2618750E+04  4.901E+01  5.028E+01  1.984E+01
  1.2619250E+04  4.720E+01  5.018E+01  2.624E+01
  1.2619750E+04  4.811E+01  4.994E+01  2.176E+01
  1.2620250E+04  4.923E+01  4.998E+01  1.757E+01
  1.2620750E+04  4.676E+01  4.988E+01  2.658E+01
  1.2621250E+04  4.711E+01  4.991E+01  2.525E+01
  1.2621750E+04  4.697E+01  4.949E+01  2.414E+01
  1.2622250E+04  5.055E+01  5.297E+01  2.469E+01
  1.2622750E+04  4.534E+01  4.848E+01  2.605E+01
  1.2623250E+04  5.092E+01  5.227E+01  2.036E+01
  1.2623750E+04  4.135E+01  4.475E+01  2.586E+01
  1.2624250E+04  4.886E+01  4.999E+01  1.873E+01
  1.2624750E+04  4.923E+01  5.277E+01  2.886E+01
  1.2625250E+04  5.034E+01  5.152E+01  1.931E+01
  1.2625750E+04  4.787E+01  5.134E+01  2.797E+01
  1.2626250E+04  4.459E+01  4.732E+01  2.388E+01
  1.2626750E+04  4.674E+01  4.966E+01  2.528E+01
  1.2627250E+04  4.683E+01  4.922E+01  2.306E+01
  1.2627750E+04  4.385E+01  4.723E+01  2.618E+01
  1.2628250E+04  4.861E+01  5.086E+01  2.301E+01
  1.2628750E+04  4.884E+01  5.201E+01  2.684E+01
  1.2629250E+04  4.310E+01  4.607E+01  2.432E+01
  1.2629750E+04  4.920E+01  5.161E+01  2.378E+01
  1.2630250E+04  4.664E+01  4.968E+01  2.555E+01
  1.2630750E+04  5.248E+01  5.433E+01  2.230E+01
  1.2631250E+04  4.422E+01  4.633E+01  2.093E+01
  1.2631750E+04  4.621E+01  4.815E+01  2.065E+01
  1.2632250E+04  5.315E+01  5.446E+01  2.008E+01
  1.2632750E+04  4.931E+01  5.221E+01  2.564E+01
  1.2633250E+04  4.381E+01  4.762E+01  2.761E+01
  1.2633750E+04  4.860E+01  4.973E+01  1.797E+01
  1.2634250E+04  5.718E+01  5.874E+01  2.211E+01
  1.2634750E+04  4.744E+01  5.003E+01  2.355E+01
  1.2635250E+04  4.461E+01  4.645E+01  1.970E+01
  1.2635750E+04  4.993E+01  5.230E+01  2.321E+01
  1.2636250E+04  4.657E+01  4.888E+01  2.194E+01
  1.2636750E+04  4.679E+01  4.883E+01  2.103E+01
  1.2637250E+04  4.824E+01  5.075E+01  2.336E+01
  1.2637750E+04  4.608E+01  4.917E+01  2.497E+01
  1.2638250E+04  4.218E+01  4.570E+01  2.569E+01
  1.2638750E+04  4.476E+01  4.842E+01  2.689E+01
  1.2639250E+04  4.469E+01  4.729E+01  2.254E+01
  1.2639750E+04  4.300E+01  4.491E+01  1.914E+01
  1.2640250E+04  4.568E+01  4.838E+01  2.304E+01
  1.2640750E+04  4.842E+01  4.992E+01  1.886E+01
  1.2641250E+04  4.283E+01  4.581E+01  2.346E+01
  1.2641750E+04  4.738E+01  4.987E+01  2.265E+01
  1.2642250E+04  4.094E+01  4.334E+01  2.040E+01
  1.2642750E+04  4.239E+01  4.546E+01  2.347E+01
  1.2643250E+04  4.516E+01  4.727E+01  2.022E+01
  1.2643750E+04  4.663E+01  4.706E+01  1.372E+01
  1.2644250E+04  4.456E+01  4.838E+01  2.715E+01
  1.2644750E+04  4.476E+01  4.687E+01  2.003E+01
  1.2645250E+04  4.115E+01  4.363E+01  2.052E+01
  1.2645750E+04  4.485E+01  4.714E+01  2.074E+01
  1.2646250E+04  3.960E+01  4.300E+01  2.384E+01
  1.2646750E+04  4.115E+01  4.420E+01  2.283E+01
  1.2647250E+04  4.162E+01  4.429E+01  2.133E+01
  1.2647750E+04  4.352E+01  4.584E+01  2.043E+01
  1.2648250E+04  4.396E+01  4.549E+01  1.720E+01
  1.2648750E+04  4.279E+01  4.450E+01  1.761E+01
  1.2649250E+04  3.973E+01  4.223E+01  2.007E+01
  1.2649750E+04  4.471E+01  4.812E+01  2.513E+01
  1.2650250E+04  3.718E+01  3.936E+01  1.793E+01
  1.2650750E+04  3.903E+01  3.993E+01  1.302E+01
  1.2651250E+04  4.443E+01  4.603E+01  1.732E+01
  1.2651750E+04  3.580E+01  3.909E+01  2.209E+01
  1.2652250E+04  4.078E+01  4.323E+01  1.999E+01
  1.2652750E+04  4.026E+01  4.284E+01  2.020E+01
  1.2653250E+04  3.687E+01  3.966E+01  2.023E+01
  1.2653750E+04  3.652E+01  3.833E+01  1.596E+01
  1.2654250E+04  3.928E+01  4.049E+01  1.413E+01
  1.2654750E+04  4.018E+01  4.218E+01  1.770E+01
  1.2655250E+04  4.189E+01  4.301E+01  1.451E+01
  1.2655750E+04  3.485E+01  3.821E+01  2.195E+01
  1.2656250E+04  3.487E+01  3.585E+01  1.182E+01
  1.2656750E+04  3.747E+01  4.016E+01  1.958E+01
  1.2657250E+04  3.717E+01  4.056E+01  2.253E+01
  1.2657750E+04  3.624E+01  3.829E+01  1.667E+01
  1.2658250E+04  3.486E+01  3.815E+01  2.145E+01
  1.2658750E+04  3.344E+01  3.493E+01  1.335E+01
  1.2659250E+04  3.600E+01  3.752E+01  1.420E+01
  1.2659750E+04  3.929E+01  4.078E+01  1.504E+01
  1.2660250E+04  3.354E+01  3.627E+01  1.854E+01
  1.2660750E+04  3.761E+01  3.947E+01  1.591E+01
  1.2661250E+04  3.251E+01  3.394E+01  1.281E+01
  1.2661750E+04  3.161E+01  3.476E+01  1.980E+01
  1.2662250E+04  3.400E+01  3.496E+01  1.132E+01
  1.2662750E+04  3.118E+01  3.295E+01  1.388E+01
  1.2663250E+04  3.336E+01  3.518E+01  1.474E+01
  1.2663750E+04  3.463E+01  3.714E+01  1.774E+01
  1.2664250E+04  3.387E+01  3.641E+01  1.789E+01
  1.2664750E+04  3.686E+01  3.798E+01  1.246E+01
  1.2665250E+04  2.907E+01  3.056E+01  1.200E+01
  1.2665750E+04  3.250E+01  3.444E+01  1.464E+01
  1.2666250E+04  2.918E+01  3.123E+01  1.431E+01
  1.2666750E+04  2.761E+01  2.852E+01  9.152E+00
  1.2667250E+04  2.847E+01  3.132E+01  1.742E+01
  1.2667750E+04  3.374E+01  3.475E+01  1.121E+01
  1.2668250E+04  3.225E+01  3.313E+01  9.973E+00
  1.2668750E+04  2.497E+01  2.651E+01  1.116E+01
  1.2669250E+04  3.001E+01  3.233E+01  1.560E+01
  1.2669750E+04  2.664E+01  2.893E+01  1.452E+01
  1.2670250E+04  2.187E+01  2.431E+01  1.391E+01
  1.2670750E+04  2.265E+01  2.421E+01  1.038E+01
  1.2671250E+04  2.355E+01  2.626E+01  1.556E+01
  1.2671750E+04  2.882E+01  2.926E+01  7.252E+00
  1.2672250E+04  2.680E+01  2.888E+01  1.350E+01
  1.2672750E+04  2.822E+01  2.910E+01  8.926E+00
  1.2673250E+04  1.728E+01  1.966E+01  1.243E+01
  1.2673750E+04  2.163E+01  2.312E+01  9.731E+00
  1.2674250E+04  1.950E+01  2.112E+01  9.685E+00
  1.2674750E+04  2.625E+01  2.770E+01  1.068E+01
  1.2675250E+04  2.020E+01  2.222E+01  1.160E+01
  1.2675750E+04  2.347E+01  2.550E+01  1.245E+01
  1.2676250E+04  1.862E+01  2.126E+01  1.368E+01
  1.2676750E+04  1.871E+01  2.064E+01  1.070E+01
  1.2677250E+04  2.188E+01  2.312E+01  8.622E+00
  1.2677750E+04  1.998E+01  2.090E+01  6.931E+00
  1.2678250E+04  2.346E+01  2.384E+01  5.622E+00
  1.2678750E+04  2.053E+01  2.010E+01  1.340E+00
  1.2679250E+04  1.746E+01  1.838E+01  6.200E+00
  1.2679750E+04  2.335E+01  2.350E+01  4.478E+00
  1.2680250E+04  2.182E+01  2.339E+01  9.856E+00
  1.2680750E+04  1.900E+01  2.013E+01  7.386E+00
  1.2681250E+04  1.502E+01  1.653E+01  7.986E+00
  1.2681750E+04  1.574E+01  1.846E+01  1.320E+01
  1.2682250E+04  2.300E+01  2.362E+01  6.266E+00
  1.2682750E+04  1.690E+01  1.720E+01  3.422E+00
  1.2683250E+04  1.046E+01  1.226E+01  7.984E+00
  1.2683750E+04  1.432E+01  1.462E+01  2.738E+00
  1.2684250E+04  1.323E+01  1.464E+01  7.038E+00
  1.2684750E+04  1.244E+01  1.458E+01  9.751E+00
  1.2685250E+04  1.539E+01  1.650E+01  6.131E+00
  1.2685750E+04  1.450E+01  1.674E+01  1.073E+01
  1.2686250E+04  1.411E+01  1.524E+01  6.222E+00
  1.2686750E+04  1.499E+01  1.464E+01  1.061E-01
  1.2687250E+04  1.703E+01  1.768E+01  4.657E+00
  1.2687750E+04  1.244E+01  1.356E+01  5.545E+00
  1.2688250E+04  1.016E+01  1.000E+01 -3.113E-01
  1.2688750E+04  1.411E+01  1.385E+01  1.887E-01
  1.2689250E+04  5.954E+00  8.219E+00  8.823E+00
  1.2689750E+04  9.032E+00  1.186E+01  1.213E+01
  1.2690250E+04  1.511E+01  1.497E+01  8.456E-01
  1.2690750E+04  1.118E+01  1.115E+01  3.103E-01
  1.2691250E+04  1.015E+01  1.166E+01  6.600E+00
  1.2691750E+04  6.751E+00  8.761E+00  7.939E+00
  1.2692250E+04  1.140E+01  1.193E+01  2.944E+00
  1.2692750E+04  9.226E+00  1.038E+01  5.040E+00
  1.2693250E+04  6.575E+00  7.912E+00  4.937E+00
  1.2693750E+04  5.165E+00  6.494E+00  4.532E+00
  1.2694250E+04  7.797E+00  7.981E+00  6.422E-01
  1.2694750E+04  8.447E+00  8.766E+00  1.379E+00
  1.2695250E+04  9.481E+00  1.007E+01  2.478E+00
  1.2695750E+04  9.561E-01  2.967E+00  6.304E+00
  1.2696250E+04  3.694E+00  5.564E+00  6.526E+00
  1.2696750E+04  9.591E+00  9.528E+00 -1.540E-01
  1.2697250E+04  5.076E+00  6.286E+00  3.899E+00
  1.2697750E+04  5.606E+00  5.787E+00 -2.176E-01
  1.2698250E+04  8.087E+00  8.355E+00  7.385E-01
  1.2698750E+04  4.061E+00  5.807E+00  6.160E+00
  1.2699250E+04  2.556E+00  3.169E+00  9.112E-01
  1.2699750E+04  2.754E+00  2.433E+00 -3.029E+00
  1.2700250E+04  3.133E+00  4.572E+00  4.490E+00
  1.2700750E+04  6.401E+00  7.500E+00  3.955E+00
  1.2701250E+04  4.115E+00  4.017E+00 -1.555E+00
  1.2701750E+04  3.448E+00  5.113E+00  5.560E+00
  1.2702250E+04  1.902E+00  2.943E+00  2.479E+00
  1.2702750E+04 -2.519E+00 -1.116E+00  3.061E+00
  1.2703250E+04  3.797E-01  9.421E-01  4.301E-01
  1.2703750E+04  1.823E+00  2.978E+00  3.153E+00
  1.2704250E+04 -1.680E+00 -1.373E-01  3.947E+00
  1.2704750E+04  5.048E+00  4.432E+00 -3.712E+00
  1.2705250E+04  5.440E-01  1.881E+00  3.617E+00
  1.2705750E+04  2.682E+00  2.822E+00 -8.578E-01
  1.2706250E+04  1.219E+00  1.334E+00 -1.395E+00
  1.2706750E+04 -1.182E+00 -1.424E+00 -3.527E+00
  1.2707250E+04 -2.008E+00 -1.612E+00 -9.499E-01
  1.2707750E+04 -1.488E+00 -1.781E+00 -3.685E+00
  1.2708250E+04 -5.911E+00 -5.098E+00 -1.272E-01
  1.2708750E+04 -1.998E+00 -8.201E-01  2.325E+00
  1.2709250E+04 -1.435E+00 -1.948E+00 -4.679E+00
  1.2709750E+04 -3.297E+00 -1.603E+00  4.276E+00
  1.2710250E+04 -6.280E+00 -6.441E+00 -4.167E+00
  1.2710750E+04 -9.658E-01 -1.633E+00 -5.408E+00
  1.2711250E+04 -3.489E+00 -3.924E+00 -4.973E+00
  1.2711750E+04 -1.062E+00 -3.563E-01  6.084E-01
  1.2712250E+04 -3.395E+00 -1.350E+00  5.634E+00
  1.2712750E+04 -6.313E+00 -5.778E+00 -1.256E+00
  1.2713250E+04 -3.306E+00 -2.225E+00  1.632E+00
  1.2713750E+04 -3.067E+00 -1.531E+00  3.597E+00
  1.2714250E+04 -5.712E+00 -4.998E+00 -2.957E-01
  1.2714750E+04 -3.453E+00 -4.510E+00 -7.454E+00
  1.2715250E+04 -1.060E+01 -1.030E+01 -3.040E+00
  1.2715750E+04 -3.211E+00 -3.954E+00 -5.909E+00
  1.2716250E+04 -6.687E-01 -8.364E-01 -3.134E+00
  1.2716750E+04 -2.790E+00 -3.775E+00 -6.683E+00
  1.2717250E+04 -6.036E+00 -5.828E+00 -2.500E+00
  1.2717750E+04 -8.593E+00 -8.201E+00 -2.649E+00
  1.2718250E+04 -5.291E+00 -5.218E+00 -2.842E+00
  1.2718750E+04 -8.289E+00 -7.856E+00 -2.007E+00
  1.2719250E+04 -7.468E+00 -8.089E+00 -6.282E+00
  1.2719750E+04 -8.533E+00 -9.466E+00 -7.824E+00
  1.2720250E+04 -6.401E+00 -6.402E+00 -3.688E+00
  1.2720750E+04 -8.151E+00 -8.723E+00 -6.146E+00
  1.2721250E+04 -9.681E+00 -9.457E+00 -3.275E+00
  1.2721750E+04 -6.968E+00 -6.451E+00 -1.528E+00
  1.2722250E+04 -9.109E+00 -8.954E+00 -3.481E+00
  1.2722750E+04 -9.695E+00 -8.124E+00  2.367E+00
  1.2723250E+04 -4.719E+00 -4.991E+00 -4.167E+00
  1.2723750E+04 -7.176E+00 -8.129E+00 -7.670E+00
  1.2724250E+04 -6.758E+00 -6.632E+00 -3.034E+00
  1.2724750E+04 -8.172E+00 -7.815E+00 -2.461E+00
  1.2725250E+04 -1.049E+01 -1.065E+01 -4.906E+00
  1.2725750E+04 -1.378E+01 -1.342E+01 -3.528E+00
  1.2726250E+04 -1.101E+01 -1.171E+01 -7.307E+00
  1.2726750E+04 -1.159E+01 -1.145E+01 -4.028E+00
  1.2727250E+04 -6.267E+00 -5.834E+00 -1.702E+00
  1.2727750E+04 -7.122E+00 -8.457E+00 -8.965E+00
  1.2728250E+04 -6.846E+00 -8.122E+00 -8.572E+00
  1.2728750E+04 -7.938E+00 -8.403E+00 -5.698E+00
  1.2729250E+04 -9.100E+00 -9.186E+00 -4.358E+00
  1.2729750E+04 -1.049E+01 -1.077E+01 -5.458E+00
  1.2730250E+04 -1.115E+01 -1.057E+01 -2.081E+00
  1.2730750E+04 -1.137E+01 -1.097E+01 -2.896E+00
  1.2731250E+04 -1.248E+01 -1.241E+01 -4.251E+00
  1.2731750E+04 -1.076E+01 -1.154E+01 -7.657E+00
  1.2732250E+04 -1.406E+01 -1.466E+01 -7.448E+00
  1.2732750E+04 -1.144E+01 -1.101E+01 -2.539E+00
  1.2733250E+04 -1.283E+01 -1.429E+01 -1.077E+01
  1.2733750E+04 -1.171E+01 -1.173E+01 -4.636E+00
  1.2734250E+04 -1.083E+01 -1.162E+01 -7.544E+00
  1.2734750E+04 -1.046E+01 -1.201E+01 -1.057E+01
  1.2735250E+04 -1.025E+01 -9.668E+00 -1.647E+00
  1.2735750E+04 -1.242E+01 -1.243E+01 -4.620E+00
  1.2736250E+04 -1.551E+01 -1.612E+01 -7.601E+00
  1.2736750E+04 -1.185E+01 -1.244E+01 -6.901E+00
  1.2737250E+04 -1.082E+01 -1.127E+01 -5.940E+00
  1.2737750E+04 -1.203E+01 -1.224E+01 -5.319E+00
  1.2738250E+04 -1.454E+01 -1.500E+01 -6.901E+00
  1.2738750E+04 -1.444E+01 -1.444E+01 -4.999E+00
  1.2739250E+04 -1.420E+01 -1.357E+01 -2.491E+00
  1.2739750E+04 -1.311E+01 -1.375E+01 -7.218E+00
  1.2740250E+04 -1.369E+01 -1.401E+01 -5.984E+00
  1.2740750E+04 -1.463E+01 -1.526E+01 -7.643E+00
  1.2741250E+04 -1.435E+01 -1.507E+01 -7.958E+00
  1.2741750E+04 -1.134E+01 -1.288E+01 -1.074E+01
  1.2742250E+04 -1.413E+01 -1.422E+01 -4.996E+00
  1.2742750E+04 -1.220E+01 -1.238E+01 -5.163E+00
  1.2743250E+04 -1.409E+01 -1.457E+01 -6.735E+00
  1.2743750E+04 -1.598E+01 -1.521E+01 -2.055E+00
  1.2744250E+04 -1.554E+01 -1.600E+01 -6.925E+00
  1.2744750E+04 -1.548E+01 -1.536E+01 -4.379E+00
  1.2745250E+04 -1.250E+01 -1.338E+01 -7.982E+00
  1.2745750E+04 -1.502E+01 -1.606E+01 -9.264E+00
  1.2746250E+04 -1.172E+01 -1.279E+01 -8.879E+00
  1.2746750E+04 -1.816E+01 -1.784E+01 -4.244E+00
  1.2747250E+04 -1.603E+01 -1.530E+01 -2.273E+00
  1.2747750E+04 -1.532E+01 -1.681E+01 -1.104E+01
  1.2748250E+04 -1.356E+01 -1.307E+01 -2.372E+00
  1.2748750E+04 -1.564E+01 -1.524E+01 -3.289E+00
  1.2749250E+04 -1.410E+01 -1.466E+01 -6.945E+00
  1.2749750E+04 -1.372E+01 -1.502E+01 -1.005E+01
  1.2750250E+04 -1.711E+01 -1.772E+01 -7.867E+00
  1.2750750E+04 -1.965E+01 -2.027E+01 -8.173E+00
  1.2751250E+04 -1.682E+01 -1.800E+01 -9.940E+00
  1.2751750E+04 -1.225E+01 -1.309E+01 -8.045E+00
  1.2752250E+04 -1.580E+01 -1.575E+01 -4.767E+00
  1.2752750E+04 -1.401E+01 -1.468E+01 -7.410E+00
  1.2753250E+04 -1.501E+01 -1.501E+01 -4.776E+00
  1.2753750E+04 -1.568E+01 -1.538E+01 -3.668E+00
  1.2754250E+04 -1.414E+01 -1.460E+01 -6.856E+00
  1.2754750E+04 -1.589E+01 -1.614E+01 -5.972E+00
  1.2755250E+04 -1.647E+01 -1.764E+01 -9.582E+00
  1.2755750E+04 -1.454E+01 -1.588E+01 -1.018E+01
  1.2756250E+04 -1.463E+01 -1.603E+01 -1.066E+01
  1.2756750E+04 -1.376E+01 -1.461E+01 -8.141E+00
  1.2757250E+04 -1.536E+01 -1.627E+01 -8.585E+00
  1.2757750E+04 -1.570E+01 -1.670E+01 -9.074E+00
  1.2758250E+04 -1.793E+01 -1.823E+01 -6.236E+00
  1.2758750E+04 -1.363E+01 -1.493E+01 -9.733E+00
  1.2759250E+04 -1.708E+01 -1.764E+01 -7.568E+00
  1.2759750E+04 -1.507E+01 -1.618E+01 -9.083E+00
  1.2760250E+04 -1.442E+01 -1.533E+01 -8.310E+00
  1.2760750E+04 -1.411E+01 -1.457E+01 -6.174E+00
  1.2761250E+04 -1.340E+01 -1.410E+01 -7.218E+00
  1.2761750E+04 -1.744E+01 -1.863E+01 -9.801E+00
  1.2762250E+04 -1.934E+01 -1.940E+01 -5.584E+00
  1.2762750E+04 -1.773E+01 -1.753E+01 -4.566E+00
  1.2763250E+04 -1.464E+01 -1.521E+01 -7.032E+00
  1.2763750E+04 -1.758E+01 -1.823E+01 -7.879E+00
  1.2764250E+04 -1.867E+01 -1.901E+01 -6.304E+00
  1.2764750E+04 -1.624E+01 -1.691E+01 -7.689E+00
  1.2765250E+04 -1.567E+01 -1.629E+01 -7.552E+00
  1.2765750E+04 -1.534E+01 -1.595E+01 -7.195E+00
  1.2766250E+04 -1.657E+01 -1.769E+01 -9.545E+00
  1.2766750E+04 -1.479E+01 -1.575E+01 -8.639E+00
  1.2767250E+04 -1.726E+01 -1.738E+01 -5.367E+00
  1.2767750E+04 -1.663E+01 -1.719E+01 -7.211E+00
  1.2768250E+04 -1.660E+01 -1.700E+01 -6.746E+00
  1.2768750E+04 -1.735E+01 -1.806E+01 -7.726E+00
  1.2769250E+04 -1.512E+01 -1.598E+01 -7.988E+00
  1.2769750E+04 -1.461E+01 -1.518E+01 -6.798E+00
  1.2770250E+04 -1.625E+01 -1.701E+01 -7.922E+00
  1.2770750E+04 -1.797E+01 -1.965E+01 -1.216E+01
  1.2771250E+04 -1.530E+01 -1.647E+01 -9.579E+00
  1.2771750E+04 -1.514E+01 -1.598E+01 -8.082E+00
  1.2772250E+04 -1.750E+01 -1.753E+01 -4.965E+00
  1.2772750E+04 -1.555E+01 -1.704E+01 -1.084E+01
  1.2773250E+04 -1.551E+01 -1.655E+01 -8.892E+00
  1.2773750E+04 -1.635E+01 -1.691E+01 -6.931E+00
  1.2774250E+04 -1.397E+01 -1.531E+01 -9.734E+00
  1.2774750E+04 -1.749E+01 -1.762E+01 -5.483E+00
  1.2775250E+04 -1.805E+01 -1.811E+01 -5.149E+00
  1.2775750E+04 -1.742E+01 -1.759E+01 -5.693E+00
  1.2776250E+04 -1.680E+01 -1.787E+01 -9.219E+00
  1.2776750E+04 -1.601E+01 -1.720E+01 -9.549E+00
  1.2777250E+04 -1.886E+01 -1.984E+01 -8.997E+00
  1.2777750E+04 -1.645E+01 -1.664E+01 -5.312E+00
  1.2778250E+04 -1.684E+01 -1.712E+01 -6.202E+00
  1.2778750E+04 -1.544E+01 -1.635E+01 -8.187E+00
  1.2779250E+04 -1.636E+01 -1.778E+01 -1.059E+01
  1.2779750E+04 -1.642E+01 -1.737E+01 -8.412E+00
  1.2780250E+04 -1.421E+01 -1.526E+01 -8.996E+00
  1.2780750E+04 -1.555E+01 -1.594E+01 -5.960E+00
  1.2781250E+04 -1.585E+01 -1.691E+01 -8.826E+00
  1.2781750E+04 -1.564E+01 -1.736E+01 -1.149E+01
  1.2782250E+04 -1.565E+01 -1.613E+01 -6.425E+00
  1.2782750E+04 -1.758E+01 -1.820E+01 -7.261E+00
  1.2783250E+04 -1.476E+01 -1.561E+01 -7.407E+00
  1.2783750E+04 -1.747E+01 -1.752E+01 -5.224E+00
  1.2784250E+04 -1.660E+01 -1.730E+01 -7.483E+00
  1.2784750E+04 -1.774E+01 -1.850E+01 -7.841E+00
  1.2785250E+04 -1.607E+01 -1.667E+01 -7.022E+00
  1.2785750E+04 -1.610E+01 -1.664E+01 -6.637E+00
  1.2786250E+04 -1.628E+01 -1.741E+01 -8.795E+00
  1.2786750E+04 -1.745E+01 -1.856E+01 -9.420E+00
  1.2787250E+04 -1.561E+01 -1.703E+01 -1.033E+01
  1.2787750E+04 -1.707E+01 -1.793E+01 -8.188E+00
  1.2788250E+04 -1.732E+01 -1.824E+01 -8.377E+00
  1.2788750E+04 -1.792E+01 -1.823E+01 -5.913E+00
  1.2789250E+04 -1.554E+01 -1.680E+01 -9.648E+00
  1.2789750E+04 -1.541E+01 -1.642E+01 -8.527E+00
  1.2790250E+04 -1.522E+01 -1.599E+01 -7.241E+00
  1.2790750E+04 -1.578E+01 -1.640E+01 -6.876E+00
  1.2791250E+04 -1.892E+01 -1.950E+01 -7.486E+00
  1.2791750E+04 -1.708E+01 -1.766E+01 -7.014E+00
  1.2792250E+04 -1.501E+01 -1.567E+01 -6.746E+00
  1.2792750E+04 -1.332E+01 -1.456E+01 -8.902E+00
  1.2793250E+04 -1.726E+01 -1.789E+01 -7.270E+00
  1.2793750E+04 -1.544E+01 -1.575E+01 -5.486E+00
  1.2794250E+04 -1.549E+01 -1.664E+01 -8.797E+00
  1.2794750E+04 -1.971E+01 -1.997E+01 -5.948E+00
  1.2795250E+04 -1.622E+01 -1.687E+01 -7.124E+00
  1.2795750E+04 -1.445E+01 -1.547E+01 -8.286E+00
  1.2796250E+04 -1.647E+01 -1.696E+01 -6.353E+00
  1.2796750E+04 -1.552E+01 -1.566E+01 -5.059E+00
  1.2797250E+04 -1.468E+01 -1.567E+01 -8.353E+00
  1.2797750E+04 -1.597E+01 -1.699E+01 -8.430E+00
  1.2798250E+04 -1.498E+01 -1.570E+01 -7.111E+00
  1.2798750E+04 -1.631E+01 -1.683E+01 -6.008E+00
  1.2799250E+04 -1.349E+01 -1.482E+01 -9.372E+00
  1.2799750E+04 -1.722E+01 -1.837E+01 -8.964E+00
  1.2800250E+04 -1.685E+01 -1.812E+01 -9.671E+00
  1.2800750E+04 -1.782E+01 -1.853E+01 -7.796E+00
  1.2801250E+04 -1.638E+01 -1.696E+01 -6.799E+00
  1.2801750E+04 -1.422E+01 -1.520E+01 -8.013E+00
  1.2802250E+04 -1.538E+01 -1.628E+01 -7.676E+00
  1.2802750E+04 -1.589E+01 -1.620E+01 -5.414E+00
  1.2803250E+04 -1.579E+01 -1.629E+01 -6.279E+00
  1.2803750E+04 -1.596E+01 -1.732E+01 -9.659E+00
  1.2804250E+04 -1.581E+01 -1.678E+01 -8.207E+00
  1.2804750E+04 -1.703E+01 -1.736E+01 -5.786E+00
  1.2805250E+04 -1.729E+01 -1.805E+01 -7.399E+00
  1.2805750E+04 -1.428E+01 -1.517E+01 -7.507E+00
  1.2806250E+04 -1.435E+01 -1.515E+01 -7.352E+00
  1.2806750E+04 -1.530E+01 -1.577E+01 -5.979E+00
  1.2807250E+04 -1.687E+01 -1.811E+01 -9.422E+00
  1.2807750E+04 -1.480E+01 -1.569E+01 -7.628E+00
  1.2808250E+04 -1.405E+01 -1.521E+01 -8.611E+00
  1.2808750E+04 -1.670E+01 -1.778E+01 -8.738E+00
  1.2809250E+04 -1.628E+01 -1.742E+01 -8.743E+00
  1.2809750E+04 -1.435E+01 -1.505E+01 -6.854E+00
  1.2810250E+04 -1.711E+01 -1.781E+01 -7.248E+00
  1.2810750E+04 -1.591E+01 -1.658E+01 -6.808E+00
  1.2811250E+04 -1.274E+01 -1.343E+01 -6.444E+00
  1.2811750E+04 -1.491E+01 -1.541E+01 -6.090E+00
  1.2812250E+04 -1.546E+01 -1.671E+01 -9.081E+00
  1.2812750E+04 -1.417E+01 -1.537E+01 -8.877E+00
  1.2813250E+04 -1.554E+01 -1.603E+01 -5.872E+00
  1.2813750E+04 -1.491E+01 -1.546E+01 -5.882E+00
  1.2814250E+04 -1.483E+01 -1.536E+01 -5.975E+00
  1.2814750E+04 -1.490E+01 -1.560E+01 -6.736E+00
  1.2815250E+04 -1.362E+01 -1.418E+01 -5.818E+00
  1.2815750E+04 -1.655E+01 -1.699E+01 -5.763E+00
  1.2816250E+04 -1.405E+01 -1.546E+01 -9.337E+00
  1.2816750E+04 -1.228E+01 -1.358E+01 -8.838E+00
  1.2817250E+04 -1.545E+01 -1.631E+01 -7.788E+00
  1.2817750E+04 -1.515E+01 -1.570E+01 -6.142E+00
  1.2818250E+04 -1.464E+01 -1.525E+01 -6.316E+00
  1.2818750E+04 -1.483E+01 -1.560E+01 -7.063E+00
  1.2819250E+04 -1.615E+01 -1.634E+01 -4.649E+00
  1.2819750E+04 -1.422E+01 -1.477E+01 -5.872E+00
  1.2820250E+04 -1.769E+01 -1.857E+01 -8.070E+00
  1.2820750E+04 -1.317E+01 -1.363E+01 -5.572E+00
  1.2821250E+04 -1.352E+01 -1.437E+01 -6.987E+00
  1.2821750E+04 -1.459E+01 -1.559E+01 -7.966E+00
  1.2822250E+04 -1.429E+01 -1.516E+01 -7.327E+00
  1.2822750E+04 -1.382E+01 -1.433E+01 -5.749E+00
  1.2823250E+04 -1.646E+01 -1.683E+01 -5.399E+00
  1.2823750E+04 -1.539E+01 -1.564E+01 -4.860E+00
  1.2824250E+04 -1.278E+01 -1.375E+01 -7.557E+00
  1.2824750E+04 -1.452E+01 -1.546E+01 -7.582E+00
  1.2825250E+04 -1.454E+01 -1.555E+01 -7.979E+00
  1.2825750E+04 -1.410E+01 -1.525E+01 -8.329E+00
  1.2826250E+04 -1.507E+01 -1.609E+01 -7.853E+00
  1.2826750E+04 -1.282E+01 -1.385E+01 -7.579E+00
  1.2827250E+04 -1.291E+01 -1.343E+01 -5.518E+00
  1.2827750E+04 -1.360E+01 -1.438E+01 -6.733E+00
  1.2828250E+04 -1.448E+01 -1.503E+01 -6.059E+00
  1.2828750E+04 -1.416E+01 -1.536E+01 -8.480E+00
  1.2829250E+04 -1.502E+01 -1.621E+01 -8.547E+00
  1.2829750E+04 -1.179E+01 -1.270E+01 -7.104E+00
  1.2830250E+04 -1.434E+01 -1.454E+01 -4.326E+00
  1.2830750E+04 -1.238E+01 -1.288E+01 -5.319E+00
  1.2831250E+04 -1.410E+01 -1.451E+01 -5.251E+00
  1.2831750E+04 -1.442E+01 -1.577E+01 -9.359E+00
  1.2832250E+04 -1.402E+01 -1.511E+01 -7.933E+00
  1.2832750E+04 -1.378E+01 -1.445E+01 -6.208E+00
  1.2833250E+04 -1.325E+01 -1.403E+01 -6.642E+00
  1.2833750E+04 -1.360E+01 -1.409E+01 -5.440E+00
  1.2834250E+04 -1.310E+01 -1.409E+01 -7.234E+00
  1.2834750E+04 -1.266E+01 -1.276E+01 -3.616E+00
  1.2835250E+04 -1.370E+01 -1.463E+01 -7.304E+00
  1.2835750E+04 -1.416E+01 -1.537E+01 -8.490E+00
  1.2836250E+04 -1.269E+01 -1.321E+01 -5.321E+00
  1.2836750E+04 -1.279E+01 -1.348E+01 -6.230E+00
  1.2837250E+04 -1.434E+01 -1.465E+01 -5.103E+00
  1.2837750E+04 -1.612E+01 -1.675E+01 -6.531E+00
  1.2838250E+04 -1.310E+01 -1.398E+01 -6.875E+00
  1.2838750E+04 -1.276E+01 -1.313E+01 -4.887E+00
  1.2839250E+04 -1.415E+01 -1.454E+01 -5.174E+00
  1.2839750E+04 -1.287E+01 -1.380E+01 -7.079E+00
  1.2840250E+04 -1.243E+01 -1.312E+01 -5.944E+00
  1.2840750E+04 -1.404E+01 -1.433E+01 -4.823E+00
  1.2841250E+04 -1.231E+01 -1.313E+01 -6.495E+00
  1.2841750E+04 -1.104E+01 -1.202E+01 -6.910E+00
  1.2842250E+04 -1.260E+01 -1.350E+01 -6.789E+00
  1.2842750E+04 -1.380E+01 -1.463E+01 -6.930E+00
  1.2843250E+04 -1.353E+01 -1.411E+01 -5.764E+00
  1.2843750E+04 -1.128E+01 -1.186E+01 -5.405E+00
  1.2844250E+04 -1.368E+01 -1.450E+01 -6.615E+00
  1.2844750E+04 -1.171E+01 -1.275E+01 -7.495E+00
  1.2845250E+04 -1.260E+01 -1.313E+01 -5.304E+00
  1.2845750E+04 -1.161E+01 -1.266E+01 -7.276E+00
  1.2846250E+04 -1.347E+01 -1.356E+01 -3.420E+00
  1.2846750E+04 -1.214E+01 -1.275E+01 -5.512E+00
  1.2847250E+04 -1.280E+01 -1.370E+01 -7.050E+00
  1.2847750E+04 -1.466E+01 -1.550E+01 -7.013E+00
  1.2848250E+04 -1.207E+01 -1.330E+01 -8.112E+00
  1.2848750E+04 -1.227E+01 -1.299E+01 -6.089E+00
  1.2849250E+04 -1.163E+01 -1.213E+01 -5.159E+00
  1.2849750E+04 -1.145E+01 -1.211E+01 -5.752E+00
  1.2850250E+04 -1.193E+01 -1.220E+01 -4.155E+00
  1.2850750E+04 -1.259E+01 -1.350E+01 -6.981E+00
  1.2851250E+04 -1.393E+01 -1.434E+01 -4.861E+00
  1.2851750E+04 -1.166E+01 -1.241E+01 -6.147E+00
  1.2852250E+04 -1.235E+01 -1.284E+01 -5.187E+00
  1.2852750E+04 -1.281E+01 -1.384E+01 -7.379E+00
  1.2853250E+04 -1.230E+01 -1.316E+01 -6.547E+00
  1.2853750E+04 -1.242E+01 -1.350E+01 -7.605E+00
  1.2854250E+04 -1.281E+01 -1.354E+01 -6.283E+00
  1.2854750E+04 -1.219E+01 -1.314E+01 -7.038E+00
  1.2855250E+04 -1.302E+01 -1.341E+01 -4.866E+00
  1.2855750E+04 -1.235E+01 -1.289E+01 -5.181E+00
  1.2856250E+04 -1.136E+01 -1.233E+01 -6.724E+00
  1.2856750E+04 -1.031E+01 -1.106E+01 -5.621E+00
  1.2857250E+04 -1.200E+01 -1.228E+01 -4.250E+00
  1.2857750E+04 -1.201E+01 -1.264E+01 -5.527E+00
  1.2858250E+04 -1.206E+01 -1.270E+01 -5.625E+00
  1.2858750E+04 -1.187E+01 -1.288E+01 -7.135E+00
  1.2859250E+04 -1.239E+01 -1.304E+01 -5.856E+00
  1.2859750E+04 -1.178E+01 -1.206E+01 -4.370E+00
  1.2860250E+04 -1.244E+01 -1.291E+01 -5.199E+00
  1.2860750E+04 -1.091E+01 -1.184E+01 -6.608E+00
  1.2861250E+04 -1.253E+01 -1.292E+01 -4.704E+00
  1.2861750E+04 -1.032E+01 -1.133E+01 -6.956E+00
  1.2862250E+04 -9.818E+00 -1.064E+01 -6.094E+00
  1.2862750E+04 -1.151E+01 -1.235E+01 -6.182E+00
  1.2863250E+04 -1.260E+01 -1.286E+01 -4.069E+00
  1.2863750E+04 -1.399E+01 -1.445E+01 -5.202E+00
  1.2864250E+04 -1.093E+01 -1.187E+01 -6.446E+00
  1.2864750E+04 -1.025E+01 -1.074E+01 -4.737E+00
  1.2865250E+04 -1.130E+01 -1.221E+01 -6.816E+00
  1.2865750E+04 -1.118E+01 -1.217E+01 -6.896E+00
  1.2866250E+04 -1.167E+01 -1.261E+01 -6.853E+00
  1.2866750E+04 -1.245E+01 -1.298E+01 -5.133E+00
  1.2867250E+04 -1.133E+01 -1.168E+01 -4.253E+00
  1.2867750E+04 -9.672E+00 -1.020E+01 -4.579E+00
  1.2868250E+04 -1.119E+01 -1.162E+01 -4.715E+00
  1.2868750E+04 -1.196E+01 -1.250E+01 -5.369E+00
  1.2869250E+04 -1.017E+01 -1.059E+01 -3.806E+00
  1.2869750E+04 -9.583E+00 -1.075E+01 -6.331E+00
  1.2870250E+04 -1.162E+01 -1.251E+01 -7.229E+00
  1.2870750E+04 -1.157E+01 -1.228E+01 -5.812E+00
  1.2871250E+04 -1.144E+01 -1.189E+01 -4.978E+00
  1.2871750E+04 -1.214E+01 -1.223E+01 -3.385E+00
  1.2872250E+04 -1.082E+01 -1.201E+01 -7.638E+00
  1.2872750E+04 -1.146E+01 -1.207E+01 -5.251E+00
  1.2873250E+04 -9.926E+00 -1.064E+01 -5.498E+00
  1.2873750E+04 -1.037E+01 -1.107E+01 -5.655E+00
  1.2874250E+04 -1.075E+01 -1.162E+01 -5.999E+00
  1.2874750E+04 -1.098E+01 -1.149E+01 -4.717E+00
  1.2875250E+04 -1.107E+01 -1.151E+01 -4.422E+00
  1.2875750E+04 -1.087E+01 -1.103E+01 -3.464E+00
  1.2876250E+04 -9.858E+00 -1.038E+01 -4.416E+00
  1.2876750E+04 -1.056E+01 -1.133E+01 -5.717E+00
  1.2877250E+04 -1.095E+01 -1.176E+01 -6.083E+00
  1.2877750E+04 -1.036E+01 -1.040E+01 -2.734E+00
  1.2878250E+04 -1.119E+01 -1.193E+01 -5.919E+00
  1.2878750E+04 -1.091E+01 -1.163E+01 -5.684E+00
  1.2879250E+04 -1.057E+01 -1.150E+01 -6.617E+00
  1.2879750E+04 -1.061E+01 -1.124E+01 -4.961E+00
  1.2880250E+04 -1.082E+01 -1.121E+01 -4.187E+00
  1.2880750E+04 -1.053E+01 -1.126E+01 -5.459E+00
  1.2881250E+04 -9.315E+00 -1.015E+01 -5.799E+00
  1.2881750E+04 -1.047E+01 -1.112E+01 -5.192E+00
  1.2882250E+04 -1.123E+01 -1.120E+01 -4.467E+00
  1.2882750E+04 -1.027E+01 -1.079E+01 -5.111E+00
  1.2883250E+04 -9.268E+00 -1.019E+01 -6.155E+00
  1.2883750E+04 -1.121E+01 -1.195E+01 -5.651E+00
  1.2884250E+04 -1.050E+01 -1.134E+01 -6.126E+00
  1.2884750E+04 -1.146E+01 -1.189E+01 -4.482E+00
  1.2885250E+04 -9.912E+00 -1.043E+01 -4.769E+00
  1.2885750E+04 -9.945E+00 -1.018E+01 -3.493E+00
  1.2886250E+04 -1.026E+01 -1.051E+01 -3.608E+00
  1.2886750E+04 -1.055E+01 -1.077E+01 -3.546E+00
  1.2887250E+04 -1.009E+01 -1.038E+01 -3.651E+00
  1.2887750E+04 -1.081E+01 -1.087E+01 -3.076E+00
  1.2888250E+04 -9.896E+00 -1.019E+01 -3.790E+00
  1.2888750E+04 -9.367E+00 -1.010E+01 -5.271E+00
  1.2889250E+04 -9.581E+00 -1.024E+01 -4.897E+00
  1.2889750E+04 -1.052E+01 -1.073E+01 -3.423E+00
  1.2890250E+04 -9.220E+00 -9.433E+00 -3.371E+00
  1.2890750E+04 -9.045E+00 -9.656E+00 -4.779E+00
  1.2891250E+04 -9.141E+00 -9.559E+00 -3.877E+00
  1.2891750E+04 -9.739E+00 -1.065E+01 -5.867E+00
  1.2892250E+04 -8.923E+00 -9.286E+00 -3.822E+00
  1.2892750E+04 -9.724E+00 -1.055E+01 -5.610E+00
  1.2893250E+04 -9.430E+00 -1.040E+01 -6.406E+00
  1.2893750E+04 -9.621E+00 -1.034E+01 -5.590E+00
  1.2894250E+04 -9.713E+00 -1.032E+01 -4.947E+00
  1.2894750E+04 -9.642E+00 -1.040E+01 -5.558E+00
  1.2895250E+04 -1.004E+01 -1.046E+01 -4.205E+00
  1.2895750E+04 -9.055E+00 -9.995E+00 -6.162E+00
  1.2896250E+04 -8.567E+00 -8.954E+00 -3.549E+00
  1.2896750E+04 -8.661E+00 -9.459E+00 -5.386E+00
  1.2897250E+04 -1.104E+01 -1.109E+01 -2.921E+00
  1.2897750E+04 -8.640E+00 -9.412E+00 -5.375E+00
  1.2898250E+04 -8.846E+00 -9.849E+00 -6.321E+00
  1.2898750E+04 -1.019E+01 -1.083E+01 -5.055E+00
  1.2899250E+04 -1.026E+01 -1.048E+01 -3.267E+00
  1.2899750E+04 -1.001E+01 -1.027E+01 -3.544E+00
  1.2900250E+04 -9.405E+00 -1.026E+01 -5.902E+00
  1.2900750E+04 -9.786E+00 -1.021E+01 -4.171E+00
  1.2901250E+04 -9.710E+00 -1.035E+01 -4.873E+00
  1.2901750E+04 -9.913E+00 -1.079E+01 -5.905E+00
  1.2902250E+04 -8.523E+00 -8.664E+00 -2.865E+00
  1.2902750E+04 -8.696E+00 -9.456E+00 -5.339E+00
  1.2903250E+04 -7.712E+00 -8.120E+00 -3.771E+00
  1.2903750E+04 -8.592E+00 -9.267E+00 -4.990E+00
  1.2904250E+04 -9.284E+00 -9.546E+00 -3.391E+00
  1.2904750E+04 -1.029E+01 -1.055E+01 -3.727E+00
  1.2905250E+04 -9.705E+00 -9.988E+00 -3.520E+00
  1.2905750E+04 -7.917E+00 -8.418E+00 -4.412E+00
  1.2906250E+04 -9.313E+00 -9.882E+00 -4.657E+00
  1.2906750E+04 -9.048E+00 -9.427E+00 -3.595E+00
  1.2907250E+04 -9.420E+00 -9.891E+00 -4.357E+00
  1.2907750E+04 -9.611E+00 -1.033E+01 -5.156E+00
  1.2908250E+04 -7.488E+00 -7.711E+00 -2.645E+00
  1.2908750E+04 -8.094E+00 -8.838E+00 -4.929E+00
  1.2909250E+04 -9.977E+00 -1.054E+01 -4.760E+00
  1.2909750E+04 -1.021E+01 -1.044E+01 -3.534E+00
  1.2910250E+04 -8.771E+00 -9.447E+00 -5.167E+00
  1.2910750E+04 -7.994E+00 -8.680E+00 -4.762E+00
  1.2911250E+04 -8.723E+00 -9.177E+00 -4.087E+00
  1.2911750E+04 -9.660E+00 -9.720E+00 -2.532E+00
  1.2912250E+04 -8.059E+00 -8.437E+00 -3.531E+00
  1.2912750E+04 -7.820E+00 -8.417E+00 -4.566E+00
  1.2913250E+04 -8.941E+00 -9.686E+00 -5.127E+00
  1.2913750E+04 -9.132E+00 -9.584E+00 -3.761E+00
  1.2914250E+04 -9.080E+00 -9.235E+00 -2.822E+00
  1.2914750E+04 -8.250E+00 -9.116E+00 -5.693E+00
  1.2915250E+04 -7.886E+00 -8.500E+00 -4.574E+00
  1.2915750E+04 -9.319E+00 -9.565E+00 -3.183E+00
  1.2916250E+04 -8.539E+00 -9.142E+00 -4.691E+00
  1.2916750E+04 -8.210E+00 -9.068E+00 -5.787E+00
  1.2917250E+04 -8.370E+00 -8.769E+00 -3.635E+00
  1.2917750E+04 -7.396E+00 -8.156E+00 -4.962E+00
  1.2918250E+04 -9.297E+00 -9.589E+00 -3.479E+00
  1.2918750E+04 -7.460E+00 -8.018E+00 -4.217E+00
  1.2919250E+04 -8.465E+00 -8.819E+00 -3.467E+00
  1.2919750E+04 -8.780E+00 -9.391E+00 -4.609E+00
  1.2920250E+04 -9.183E+00 -9.827E+00 -4.895E+00
  1.2920750E+04 -7.735E+00 -8.485E+00 -5.119E+00
  1.2921250E+04 -8.719E+00 -9.273E+00 -4.334E+00
  1.2921750E+04 -8.238E+00 -8.814E+00 -4.351E+00
  1.2922250E+04 -7.822E+00 -8.153E+00 -3.259E+00
  1.2922750E+04 -7.230E+00 -7.573E+00 -3.237E+00
  1.2923250E+04 -8.632E+00 -9.068E+00 -3.921E+00
  1.2923750E+04 -8.435E+00 -8.876E+00 -3.831E+00
  1.2924250E+04 -8.136E+00 -8.508E+00 -3.414E+00
  1.2924750E+04 -7.458E+00 -8.130E+00 -4.648E+00
  1.2925250E+04 -8.325E+00 -8.804E+00 -4.008E+00
  1.2925750E+04 -7.251E+00 -7.913E+00 -4.531E+00
  1.2926250E+04 -7.240E+00 -8.220E+00 -5.676E+00
  1.2926750E+04 -7.619E+00 -8.283E+00 -4.631E+00
  1.2927250E+04 -8.125E+00 -8.320E+00 -2.868E+00
  1.2927750E+04 -7.345E+00 -7.736E+00 -3.312E+00
  1.2928250E+04 -7.580E+00 -8.228E+00 -4.402E+00
  1.2928750E+04 -7.334E+00 -7.760E+00 -3.677E+00
  1.2929250E+04 -7.827E+00 -8.467E+00 -4.598E+00
  1.2929750E+04 -7.980E+00 -8.210E+00 -3.008E+00
  1.2930250E+04 -8.018E+00 -8.733E+00 -5.317E+00
  1.2930750E+04 -7.201E+00 -7.761E+00 -4.153E+00
  1.2931250E+04 -7.876E+00 -8.509E+00 -4.471E+00
  1.2931750E+04 -7.752E+00 -8.507E+00 -4.888E+00
  1.2932250E+04 -7.541E+00 -7.771E+00 -2.950E+00
  1.2932750E+04 -7.785E+00 -8.175E+00 -3.564E+00
  1.2933250E+04 -7.859E+00 -7.987E+00 -2.454E+00
  1.2933750E+04 -7.833E+00 -8.323E+00 -3.821E+00
  1.2934250E+04 -6.452E+00 -7.008E+00 -3.898E+00
  1.2934750E+04 -6.403E+00 -6.852E+00 -3.430E+00
  1.2935250E+04 -8.151E+00 -8.396E+00 -3.025E+00
  1.2935750E+04 -8.236E+00 -8.779E+00 -4.130E+00
  1.2936250E+04 -7.876E+00 -8.629E+00 -4.954E+00
  1.2936750E+04 -7.278E+00 -7.771E+00 -3.734E+00
  1.2937250E+04 -7.181E+00 -7.337E+00 -2.524E+00
  1.2937750E+04 -7.031E+00 -7.649E+00 -4.367E+00
  1.2938250E+04 -7.155E+00 -7.643E+00 -3.874E+00
  1.2938750E+04 -7.075E+00 -7.437E+00 -2.992E+00
  1.2939250E+04 -7.263E+00 -7.546E+00 -3.040E+00
  1.2939750E+04 -7.404E+00 -8.037E+00 -4.422E+00
  1.2940250E+04 -7.877E+00 -8.196E+00 -3.221E+00
  1.2940750E+04 -7.335E+00 -7.760E+00 -3.777E+00
  1.2941250E+04 -8.079E+00 -8.333E+00 -3.200E+00
  1.2941750E+04 -7.504E+00 -7.702E+00 -2.705E+00
  1.2942250E+04 -7.696E+00 -7.781E+00 -2.381E+00
  1.2942750E+04 -6.856E+00 -7.379E+00 -3.610E+00
  1.2943250E+04 -7.160E+00 -7.461E+00 -3.087E+00
  1.2943750E+04 -6.655E+00 -7.069E+00 -3.552E+00
  1.2944250E+04 -6.826E+00 -7.484E+00 -4.310E+00
  1.2944750E+04 -6.585E+00 -7.219E+00 -4.124E+00
  1.2945250E+04 -7.146E+00 -7.815E+00 -4.614E+00
  1.2945750E+04 -6.694E+00 -7.204E+00 -3.851E+00
  1.2946250E+04 -7.548E+00 -8.406E+00 -5.398E+00
  1.2946750E+04 -6.975E+00 -7.180E+00 -2.666E+00
  1.2947250E+04 -8.010E+00 -8.551E+00 -4.189E+00
  1.2947750E+04 -7.103E+00 -7.743E+00 -4.234E+00
  1.2948250E+04 -6.742E+00 -7.393E+00 -4.393E+00
  1.2948750E+04 -6.687E+00 -6.953E+00 -3.008E+00
  1.2949250E+04 -6.503E+00 -6.963E+00 -3.203E+00
  1.2949750E+04 -6.625E+00 -7.319E+00 -4.367E+00
  1.2950250E+04 -6.933E+00 -7.377E+00 -3.470E+00
  1.2950750E+04 -7.818E+00 -8.252E+00 -3.874E+00
  1.2951250E+04 -7.759E+00 -7.857E+00 -2.330E+00
  1.2951750E+04 -7.081E+00 -7.289E+00 -2.542E+00
  1.2952250E+04 -6.677E+00 -7.596E+00 -5.425E+00
  1.2952750E+04 -6.535E+00 -6.954E+00 -3.252E+00
  1.2953250E+04 -6.927E+00 -7.502E+00 -4.151E+00
  1.2953750E+04 -7.136E+00 -7.480E+00 -3.184E+00
  1.2954250E+04 -6.140E+00 -6.515E+00 -3.151E+00
  1.2954750E+04 -7.203E+00 -7.592E+00 -3.284E+00
  1.2955250E+04 -7.221E+00 -7.247E+00 -1.879E+00
  1.2955750E+04 -7.254E+00 -7.946E+00 -4.750E+00
  1.2956250E+04 -6.605E+00 -6.973E+00 -3.039E+00
  1.2956750E+04 -7.068E+00 -7.709E+00 -4.550E+00
  1.2957250E+04 -6.989E+00 -7.365E+00 -3.273E+00
  1.2957750E+04 -6.245E+00 -6.647E+00 -3.235E+00
  1.2958250E+04 -7.356E+00 -7.424E+00 -2.507E+00
  1.2958750E+04 -6.117E+00 -6.357E+00 -2.713E+00
  1.2959250E+04 -7.104E+00 -7.433E+00 -3.123E+00
  1.2959750E+04 -6.136E+00 -6.396E+00 -2.646E+00
  1.2960250E+04 -6.934E+00 -7.261E+00 -3.084E+00
  1.2960750E+04 -7.119E+00 -7.325E+00 -2.719E+00
  1.2961250E+04 -7.089E+00 -7.345E+00 -2.833E+00
  1.2961750E+04 -6.661E+00 -7.257E+00 -4.017E+00
  1.2962250E+04 -6.118E+00 -6.619E+00 -3.450E+00
  1.2962750E+04 -6.032E+00 -6.528E+00 -3.376E+00
  1.2963250E+04 -6.520E+00 -6.928E+00 -3.211E+00
  1.2963750E+04 -7.229E+00 -7.549E+00 -3.150E+00
  1.2964250E+04 -6.512E+00 -7.164E+00 -4.391E+00
  1.2964750E+04 -5.239E+00 -5.695E+00 -3.489E+00
  1.2965250E+04 -6.326E+00 -6.699E+00 -2.932E+00
  1.2965750E+04 -6.278E+00 -6.398E+00 -2.001E+00
  1.2966250E+04 -7.100E+00 -7.343E+00 -2.582E+00
  1.2966750E+04 -6.937E+00 -7.257E+00 -2.965E+00
  1.2967250E+04 -6.514E+00 -6.657E+00 -2.216E+00
  1.2967750E+04 -6.617E+00 -7.035E+00 -3.406E+00
  1.2968250E+04 -5.472E+00 -5.642E+00 -2.189E+00
  1.2968750E+04 -5.720E+00 -6.197E+00 -3.550E+00
  1.2969250E+04 -6.407E+00 -6.954E+00 -3.964E+00
  1.2969750E+04 -6.940E+00 -7.090E+00 -2.415E+00
  1.2970250E+04 -6.629E+00 -7.164E+00 -4.426E+00
  1.2970750E+04 -5.691E+00 -6.227E+00 -2.775E+00
  1.2971250E+04 -5.977E+00 -6.361E+00 -3.062E+00
  1.2971750E+04 -7.036E+00 -7.380E+00 -3.033E+00
  1.2972250E+04 -5.818E+00 -6.097E+00 -2.499E+00
  1.2972750E+04 -6.340E+00 -6.873E+00 -3.749E+00
  1.2973250E+04 -5.823E+00 -6.141E+00 -2.835E+00
  1.2973750E+04 -6.211E+00 -6.574E+00 -3.022E+00
  1.2974250E+04 -6.139E+00 -6.759E+00 -3.985E+00
  1.2974750E+04 -6.255E+00 -6.691E+00 -3.251E+00
  1.2975250E+04 -6.221E+00 -6.360E+00 -2.117E+00
  1.2975750E+04 -6.277E+00 -6.670E+00 -3.274E+00
  1.2976250E+04 -5.903E+00 -6.570E+00 -4.151E+00
  1.2976750E+04 -5.513E+00 -5.899E+00 -2.942E+00
  1.2977250E+04 -6.104E+00 -6.570E+00 -3.668E+00
  1.2977750E+04 -6.088E+00 -6.417E+00 -2.799E+00
  1.2978250E+04 -6.905E+00 -7.104E+00 -2.522E+00
  1.2978750E+04 -6.827E+00 -7.256E+00 -3.418E+00
  1.2979250E+04 -5.853E+00 -6.364E+00 -3.545E+00
  1.2979750E+04 -5.984E+00 -6.350E+00 -3.132E+00
  1.2980250E+04 -5.241E+00 -5.621E+00 -3.056E+00
  1.2980750E+04 -4.909E+00 -5.242E+00 -2.527E+00
  1.2981250E+04 -5.730E+00 -6.244E+00 -3.457E+00
  1.2981750E+04 -5.867E+00 -6.031E+00 -2.080E+00
  1.2982250E+04 -6.118E+00 -6.157E+00 -1.593E+00
  1.2982750E+04 -6.464E+00 -6.747E+00 -2.752E+00
  1.2983250E+04 -6.166E+00 -6.455E+00 -2.724E+00
  1.2983750E+04 -5.833E+00 -6.240E+00 -3.171E+00
  1.2984250E+04 -5.819E+00 -6.258E+00 -3.349E+00
  1.2984750E+04 -6.373E+00 -6.690E+00 -2.788E+00
  1.2985250E+04 -6.011E+00 -6.223E+00 -2.328E+00
  1.2985750E+04 -5.523E+00 -5.780E+00 -2.630E+00
  1.2986250E+04 -5.511E+00 -5.737E+00 -2.294E+00
  1.2986750E+04 -5.588E+00 -6.036E+00 -2.973E+00
  1.2987250E+04 -5.520E+00 -6.370E+00 -4.894E+00
  1.2987750E+04 -6.001E+00 -6.555E+00 -3.654E+00
  1.2988250E+04 -5.470E+00 -5.915E+00 -3.180E+00
  1.2988750E+04 -5.796E+00 -5.922E+00 -1.942E+00
  1.2989250E+04 -5.108E+00 -5.338E+00 -2.272E+00
  1.2989750E+04 -5.511E+00 -5.720E+00 -2.375E+00
  1.2990250E+04 -5.378E+00 -5.564E+00 -2.143E+00
  1.2990750E+04 -5.682E+00 -5.817E+00 -2.112E+00
  1.2991250E+04 -5.889E+00 -6.131E+00 -2.696E+00
  1.2991750E+04 -5.417E+00 -5.623E+00 -2.286E+00
  1.2992250E+04 -5.048E+00 -5.528E+00 -3.251E+00
  1.2992750E+04 -5.894E+00 -6.366E+00 -3.277E+00
  1.2993250E+04 -5.025E+00 -5.707E+00 -4.013E+00
  1.2993750E+04 -6.496E+00 -6.796E+00 -2.739E+00
  1.2994250E+04 -4.989E+00 -5.486E+00 -3.135E+00
  1.2994750E+04 -5.804E+00 -6.261E+00 -3.353E+00
  1.2995250E+04 -4.295E+00 -4.763E+00 -2.922E+00
  1.2995750E+04 -4.731E+00 -5.227E+00 -3.393E+00
  1.2996250E+04 -5.940E+00 -6.229E+00 -2.599E+00
  1.2996750E+04 -6.113E+00 -6.287E+00 -2.096E+00
  1.2997250E+04 -5.646E+00 -6.016E+00 -2.962E+00
  1.2997750E+04 -6.153E+00 -6.623E+00 -3.349E+00
  1.2998250E+04 -5.304E+00 -5.607E+00 -2.637E+00
  1.2998750E+04 -4.644E+00 -5.268E+00 -3.728E+00
  1.2999250E+04 -4.884E+00 -5.265E+00 -2.858E+00
  1.2999750E+04 -5.541E+00 -5.763E+00 -2.170E+00
  1.3000250E+04 -5.485E+00 -5.902E+00 -3.020E+00
  1.3000750E+04 -5.433E+00 -5.819E+00 -3.014E+00
  1.3001250E+04 -5.541E+00 -5.636E+00 -1.681E+00
  1.3001750E+04 -4.997E+00 -5.710E+00 -4.391E+00
  1.3002250E+04 -5.784E+00 -6.158E+00 -3.017E+00
  1.3002750E+04 -5.767E+00 -5.943E+00 -2.011E+00
  1.3003250E+04 -5.240E+00 -5.551E+00 -2.711E+00
  1.3003750E+04 -6.329E+00 -6.244E+00 -1.273E+00
  1.3004250E+04 -5.044E+00 -5.330E+00 -2.443E+00
  1.3004750E+04 -3.964E+00 -4.619E+00 -3.889E+00
  1.3005250E+04 -4.533E+00 -4.598E+00 -1.461E+00
  1.3005750E+04 -5.209E+00 -5.408E+00 -1.881E+00
  1.3006250E+04 -5.142E+00 -5.423E+00 -2.295E+00
  1.3006750E+04 -5.415E+00 -5.590E+00 -1.968E+00
  1.3007250E+04 -5.077E+00 -5.599E+00 -3.333E+00
  1.3007750E+04 -5.109E+00 -5.346E+00 -2.277E+00
  1.3008250E+04 -4.953E+00 -5.215E+00 -2.151E+00
  1.3008750E+04 -5.479E+00 -5.774E+00 -2.718E+00
  1.3009250E+04 -5.085E+00 -5.328E+00 -2.295E+00
  1.3009750E+04 -5.172E+00 -5.502E+00 -2.894E+00
  1.3010250E+04 -5.025E+00 -5.288E+00 -2.241E+00
  1.3010750E+04 -4.344E+00 -4.632E+00 -2.321E+00
  1.3011250E+04 -4.614E+00 -4.926E+00 -2.439E+00
  1.3011750E+04 -4.844E+00 -5.294E+00 -2.897E+00
  1.3012250E+04 -5.420E+00 -5.637E+00 -2.081E+00
  1.3012750E+04 -5.220E+00 -5.687E+00 -3.072E+00
  1.3013250E+04 -5.738E+00 -5.865E+00 -1.951E+00
  1.3013750E+04 -5.615E+00 -5.698E+00 -1.790E+00
  1.3014250E+04 -4.642E+00 -4.934E+00 -2.549E+00
  1.3014750E+04 -5.250E+00 -5.637E+00 -2.801E+00
  1.3015250E+04 -5.669E+00 -5.854E+00 -2.236E+00
  1.3015750E+04 -5.039E+00 -5.187E+00 -1.977E+00
  1.3016250E+04 -4.264E+00 -4.576E+00 -2.372E+00
  1.3016750E+04 -4.624E+00 -4.921E+00 -2.457E+00
  1.3017250E+04 -4.999E+00 -5.238E+00 -2.237E+00
  1.3017750E+04 -4.951E+00 -5.236E+00 -2.383E+00
  1.3018250E+04 -4.644E+00 -4.998E+00 -2.497E+00
  1.3018750E+04 -4.048E+00 -4.508E+00 -3.069E+00
  1.3019250E+04 -5.085E+00 -5.480E+00 -3.025E+00
  1.3019750E+04 -4.221E+00 -4.696E+00 -3.038E+00
  1.3020250E+04 -4.541E+00 -4.817E+00 -2.353E+00
  1.3020750E+04 -5.546E+00 -5.771E+00 -2.355E+00
  1.3021250E+04 -5.328E+00 -5.537E+00 -2.209E+00
  1.3021750E+04 -4.680E+00 -5.003E+00 -2.510E+00
  1.3022250E+04 -4.288E+00 -4.646E+00 -2.510E+00
  1.3022750E+04 -4.563E+00 -4.716E+00 -1.792E+00
  1.3023250E+04 -4.232E+00 -4.629E+00 -2.811E+00
  1.3023750E+04 -4.237E+00 -4.459E+00 -2.207E+00
  1.3024250E+04 -4.304E+00 -4.481E+00 -1.740E+00
  1.3024750E+04 -4.413E+00 -5.093E+00 -3.757E+00
  1.3025250E+04 -4.052E+00 -4.666E+00 -3.502E+00
  1.3025750E+04 -5.047E+00 -5.140E+00 -1.629E+00
  1.3026250E+04 -4.287E+00 -4.691E+00 -2.524E+00
  1.3026750E+04 -5.277E+00 -5.495E+00 -2.020E+00
  1.3027250E+04 -4.657E+00 -4.963E+00 -2.515E+00
  1.3027750E+04 -4.613E+00 -4.939E+00 -2.334E+00
  1.3028250E+04 -4.365E+00 -4.759E+00 -2.680E+00
  1.3028750E+04 -4.828E+00 -5.384E+00 -3.412E+00
  1.3029250E+04 -5.029E+00 -5.243E+00 -2.186E+00
  1.3029750E+04 -4.770E+00 -4.729E+00 -9.995E-01
  1.3030250E+04 -4.286E+00 -4.489E+00 -1.827E+00
  1.3030750E+04 -3.906E+00 -4.250E+00 -2.498E+00
  1.3031250E+04 -4.419E+00 -4.967E+00 -3.256E+00
  1.3031750E+04 -5.097E+00 -5.393E+00 -2.491E+00
  1.3032250E+04 -4.619E+00 -4.887E+00 -2.474E+00
  1.3032750E+04 -4.264E+00 -4.684E+00 -2.944E+00
  1.3033250E+04 -4.784E+00 -5.123E+00 -2.710E+00
  1.3033750E+04 -4.450E+00 -4.553E+00 -1.600E+00
  1.3034250E+04 -4.826E+00 -4.948E+00 -1.725E+00
  1.3034750E+04 -3.858E+00 -4.342E+00 -3.002E+00
  1.3035250E+04 -4.140E+00 -4.414E+00 -2.165E+00
  1.3035750E+04 -4.181E+00 -4.410E+00 -1.853E+00
  1.3036250E+04 -4.700E+00 -4.854E+00 -1.729E+00
  1.3036750E+04 -4.010E+00 -4.344E+00 -2.319E+00
  1.3037250E+04 -4.312E+00 -4.363E+00 -1.327E+00
  1.3037750E+04 -4.041E+00 -4.124E+00 -1.353E+00
  1.3038250E+04 -4.093E+00 -4.432E+00 -2.378E+00
  1.3038750E+04 -4.065E+00 -4.481E+00 -2.849E+00
  1.3039250E+04 -4.464E+00 -4.895E+00 -2.778E+00
  1.3039750E+04 -4.397E+00 -4.425E+00 -1.156E+00
  1.3040250E+04 -4.673E+00 -4.819E+00 -1.766E+00
  1.3040750E+04 -4.468E+00 -4.903E+00 -2.996E+00
  1.3041250E+04 -4.637E+00 -4.837E+00 -1.788E+00
  1.3041750E+04 -4.156E+00 -4.316E+00 -1.659E+00
  1.3042250E+04 -4.285E+00 -4.488E+00 -2.039E+00
  1.3042750E+04 -3.854E+00 -4.179E+00 -2.629E+00
  1.3043250E+04 -4.824E+00 -4.957E+00 -1.731E+00
  1.3043750E+04 -4.784E+00 -5.005E+00 -2.061E+00
  1.3044250E+04 -4.380E+00 -4.938E+00 -3.219E+00
  1.3044750E+04 -3.636E+00 -4.112E+00 -2.811E+00
  1.3045250E+04 -4.401E+00 -4.505E+00 -1.536E+00
  1.3045750E+04 -3.980E+00 -4.287E+00 -2.466E+00
  1.3046250E+04 -3.792E+00 -4.176E+00 -2.641E+00
  1.3046750E+04 -4.029E+00 -4.421E+00 -2.430E+00
  1.3047250E+04 -3.837E+00 -4.232E+00 -2.706E+00
  1.3047750E+04 -3.620E+00 -3.765E+00 -1.571E+00
  1.3048250E+04 -4.101E+00 -4.426E+00 -2.536E+00
  1.3048750E+04 -4.333E+00 -4.476E+00 -1.786E+00
  1.3049250E+04 -4.241E+00 -4.477E+00 -1.776E+00
  1.3049750E+04 -4.269E+00 -4.619E+00 -2.290E+00
  1.3050250E+04 -3.582E+00 -3.802E+00 -1.747E+00
  1.3050750E+04 -4.547E+00 -4.703E+00 -1.971E+00
  1.3051250E+04 -4.560E+00 -4.823E+00 -2.222E+00
  1.3051750E+04 -4.392E+00 -4.552E+00 -1.785E+00
  1.3052250E+04 -4.029E+00 -4.083E+00 -1.231E+00
  1.3052750E+04 -4.455E+00 -4.628E+00 -1.885E+00
  1.3053250E+04 -3.611E+00 -3.951E+00 -2.295E+00
  1.3053750E+04 -4.176E+00 -4.589E+00 -2.792E+00
  1.3054250E+04 -4.470E+00 -4.773E+00 -2.173E+00
  1.3054750E+04 -4.197E+00 -4.197E+00 -1.148E+00
  1.3055250E+04 -4.092E+00 -4.241E+00 -1.708E+00
  1.3055750E+04 -4.304E+00 -4.615E+00 -2.350E+00
  1.3056250E+04 -4.394E+00 -4.583E+00 -1.975E+00
  1.3056750E+04 -3.571E+00 -3.772E+00 -1.518E+00
  1.3057250E+04 -3.760E+00 -4.099E+00 -2.178E+00
  1.3057750E+04 -3.347E+00 -3.853E+00 -2.999E+00
  1.3058250E+04 -4.294E+00 -4.659E+00 -2.759E+00
  1.3058750E+04 -3.910E+00 -4.405E+00 -2.772E+00
  1.3059250E+04 -3.685E+00 -3.849E+00 -1.617E+00
  1.3059750E+04 -4.384E+00 -4.602E+00 -2.056E+00
  1.3060250E+04 -3.765E+00 -3.872E+00 -1.715E+00
  1.3060750E+04 -3.002E+00 -3.280E+00 -1.839E+00
  1.3061250E+04 -3.544E+00 -3.657E+00 -1.045E+00
  1.3061750E+04 -4.131E+00 -4.235E+00 -1.725E+00
  1.3062250E+04 -4.339E+00 -4.563E+00 -2.126E+00
  1.3062750E+04 -4.079E+00 -4.521E+00 -2.842E+00
  1.3063250E+04 -3.826E+00 -4.265E+00 -2.841E+00
  1.3063750E+04 -3.711E+00 -3.996E+00 -2.015E+00
  1.3064250E+04 -3.556E+00 -3.784E+00 -1.476E+00
  1.3064750E+04 -3.281E+00 -3.451E+00 -1.659E+00
  1.3065250E+04 -4.349E+00 -4.582E+00 -1.930E+00
  1.3065750E+04 -4.189E+00 -4.357E+00 -1.816E+00
  1.3066250E+04 -3.366E+00 -3.685E+00 -2.244E+00
  1.3066750E+04 -4.115E+00 -4.207E+00 -1.326E+00
  1.3067250E+04 -4.029E+00 -4.087E+00 -1.265E+00
  1.3067750E+04 -3.807E+00 -3.937E+00 -1.476E+00
  1.3068250E+04 -4.100E+00 -4.424E+00 -2.346E+00
  1.3068750E+04 -3.635E+00 -3.783E+00 -1.567E+00
  1.3069250E+04 -3.058E+00 -3.435E+00 -2.473E+00
  1.3069750E+04 -3.590E+00 -3.876E+00 -1.899E+00
  1.3070250E+04 -3.941E+00 -4.173E+00 -1.906E+00
  1.3070750E+04 -3.945E+00 -4.223E+00 -2.102E+00
  1.3071250E+04 -3.898E+00 -4.208E+00 -2.096E+00
  1.3071750E+04 -4.071E+00 -4.404E+00 -2.375E+00
  1.3072250E+04 -4.459E+00 -4.519E+00 -1.416E+00
  1.3072750E+04 -3.975E+00 -4.238E+00 -2.198E+00
  1.3073250E+04 -2.798E+00 -2.979E+00 -1.660E+00
  1.3073750E+04 -3.363E+00 -3.610E+00 -2.019E+00
  1.3074250E+04 -3.307E+00 -3.815E+00 -2.708E+00
  1.3074750E+04 -3.720E+00 -3.863E+00 -1.433E+00
  1.3075250E+04 -3.269E+00 -3.755E+00 -2.814E+00
  1.3075750E+04 -3.129E+00 -3.328E+00 -1.665E+00
  1.3076250E+04 -4.010E+00 -4.296E+00 -2.218E+00
  1.3076750E+04 -3.283E+00 -3.761E+00 -2.990E+00
  1.3077250E+04 -4.103E+00 -4.233E+00 -1.609E+00
  1.3077750E+04 -4.209E+00 -4.155E+00 -5.618E-01
  1.3078250E+04 -3.558E+00 -3.933E+00 -2.366E+00
  1.3078750E+04 -3.290E+00 -3.566E+00 -2.004E+00
  1.3079250E+04 -4.055E+00 -4.105E+00 -1.228E+00
  1.3079750E+04 -3.136E+00 -3.130E+00 -7.373E-01
  1.3080250E+04 -4.176E+00 -4.223E+00 -1.118E+00
  1.3080750E+04 -3.334E+00 -3.587E+00 -1.699E+00
  1.3081250E+04 -3.264E+00 -3.492E+00 -1.826E+00
  1.3081750E+04 -3.203E+00 -3.510E+00 -2.146E+00
  1.3082250E+04 -4.261E+00 -4.405E+00 -1.895E+00
  1.3082750E+04 -3.291E+00 -3.429E+00 -1.512E+00
  1.3083250E+04 -3.398E+00 -3.810E+00 -2.553E+00
  1.3083750E+04 -3.434E+00 -3.805E+00 -2.268E+00
  1.3084250E+04 -3.748E+00 -3.995E+00 -2.071E+00
  1.3084750E+04 -2.841E+00 -3.289E+00 -2.686E+00
  1.3085250E+04 -3.052E+00 -3.260E+00 -1.780E+00
  1.3085750E+04 -4.134E+00 -4.237E+00 -1.368E+00
  1.3086250E+04 -3.692E+00 -3.768E+00 -1.240E+00
  1.3086750E+04 -3.522E+00 -3.823E+00 -2.195E+00
  1.3087250E+04 -2.905E+00 -3.092E+00 -1.646E+00
  1.3087750E+04 -3.099E+00 -3.502E+00 -2.361E+00
  1.3088250E+04 -2.788E+00 -2.890E+00 -1.102E+00
  1.3088750E+04 -3.665E+00 -3.949E+00 -2.110E+00
  1.3089250E+04 -3.225E+00 -3.573E+00 -2.262E+00
  1.3089750E+04 -3.406E+00 -3.724E+00 -2.198E+00
  1.3090250E+04 -3.110E+00 -3.366E+00 -1.840E+00
  1.3090750E+04 -3.528E+00 -3.713E+00 -1.425E+00
  1.3091250E+04 -4.057E+00 -4.190E+00 -1.368E+00
  1.3091750E+04 -3.483E+00 -3.775E+00 -2.077E+00
  1.3092250E+04 -3.857E+00 -4.032E+00 -1.608E+00
  1.3092750E+04 -3.078E+00 -3.208E+00 -1.355E+00
  1.3093250E+04 -3.187E+00 -3.116E+00 -6.654E-01
  1.3093750E+04 -3.837E+00 -3.903E+00 -1.064E+00
  1.3094250E+04 -3.374E+00 -3.752E+00 -2.473E+00
  1.3094750E+04 -3.832E+00 -4.004E+00 -1.745E+00
  1.3095250E+04 -3.106E+00 -3.167E+00 -1.207E+00
  1.3095750E+04 -3.394E+00 -3.717E+00 -2.157E+00
  1.3096250E+04 -3.895E+00 -3.961E+00 -1.272E+00
  1.3096750E+04 -3.399E+00 -3.627E+00 -1.808E+00
  1.3097250E+04 -3.275E+00 -3.544E+00 -1.672E+00
  1.3097750E+04 -3.663E+00 -3.865E+00 -1.599E+00
  1.3098250E+04 -3.218E+00 -3.368E+00 -1.375E+00
  1.3098750E+04 -3.150E+00 -3.314E+00 -1.486E+00
  1.3099250E+04 -3.387E+00 -3.618E+00 -1.661E+00
  1.3099750E+04 -3.149E+00 -3.594E+00 -2.729E+00
  1.3100250E+04 -2.801E+00 -3.102E+00 -2.022E+00
  1.3100750E+04 -2.602E+00 -2.651E+00 -8.930E-01
  1.3101250E+04 -3.583E+00 -3.736E+00 -1.228E+00
  1.3101750E+04 -3.107E+00 -3.384E+00 -1.822E+00
  1.3102250E+04 -3.843E+00 -4.219E+00 -2.491E+00
  1.3102750E+04 -3.378E+00 -3.664E+00 -1.875E+00
  1.3103250E+04 -2.377E+00 -2.612E+00 -1.773E+00
  1.3103750E+04 -3.207E+00 -2.940E+00  1.032E-01
  1.3104250E+04 -3.408E+00 -3.650E+00 -1.982E+00
  1.3104750E+04 -3.183E+00 -3.460E+00 -1.926E+00
  1.3105250E+04 -3.290E+00 -3.435E+00 -1.180E+00
  1.3105750E+04 -2.959E+00 -3.031E+00 -7.999E-01
  1.3106250E+04 -3.069E+00 -3.134E+00 -1.076E+00
  1.3106750E+04 -3.173E+00 -3.328E+00 -1.351E+00
  1.3107250E+04 -2.734E+00 -2.917E+00 -1.514E+00
  1.3107750E+04 -3.720E+00 -3.795E+00 -1.230E+00
  1.3108250E+04 -3.113E+00 -3.346E+00 -1.837E+00
  1.3108750E+04 -2.708E+00 -2.938E+00 -1.629E+00
  1.3109250E+04 -3.488E+00 -3.767E+00 -1.981E+00
  1.3109750E+04 -2.844E+00 -3.112E+00 -1.854E+00
  1.3110250E+04 -2.630E+00 -2.904E+00 -1.855E+00
  1.3110750E+04 -3.028E+00 -3.631E+00 -3.482E+00
  1.3111250E+04 -2.914E+00 -3.174E+00 -1.753E+00
  1.3111750E+04 -2.943E+00 -3.281E+00 -2.137E+00
  1.3112250E+04 -3.024E+00 -3.360E+00 -1.983E+00
  1.3112750E+04 -3.251E+00 -3.378E+00 -1.222E+00
  1.3113250E+04 -2.936E+00 -3.032E+00 -1.157E+00
  1.3113750E+04 -3.347E+00 -3.473E+00 -1.259E+00
  1.3114250E+04 -2.525E+00 -2.802E+00 -1.773E+00
  1.3114750E+04 -3.673E+00 -3.808E+00 -1.407E+00
  1.3115250E+04 -2.847E+00 -3.250E+00 -2.398E+00
  1.3115750E+04 -2.632E+00 -2.619E+00 -9.139E-01
  1.3116250E+04 -3.346E+00 -3.325E+00 -9.884E-01
  1.3116750E+04 -3.376E+00 -3.618E+00 -1.986E+00
  1.3117250E+04 -2.315E+00 -2.747E+00 -2.455E+00
  1.3117750E+04 -2.235E+00 -2.620E+00 -2.086E+00
  1.3118250E+04 -3.030E+00 -3.062E+00 -8.694E-01
  1.3118750E+04 -3.777E+00 -3.837E+00 -1.099E+00
  1.3119250E+04 -3.276E+00 -3.405E+00 -1.160E+00
  1.3119750E+04 -3.011E+00 -3.047E+00 -9.055E-01
  1.3120250E+04 -2.539E+00 -2.650E+00 -1.039E+00
  1.3120750E+04 -2.427E+00 -2.610E+00 -1.558E+00
  1.3121250E+04 -2.977E+00 -3.355E+00 -2.332E+00
  1.3121750E+04 -2.311E+00 -2.578E+00 -1.765E+00
  1.3122250E+04 -2.924E+00 -3.294E+00 -2.315E+00
  1.3122750E+04 -2.802E+00 -3.036E+00 -1.718E+00
  1.3123250E+04 -2.882E+00 -3.075E+00 -1.546E+00
  1.3123750E+04 -3.527E+00 -3.539E+00 -9.758E-01
  1.3124250E+04 -2.869E+00 -3.048E+00 -1.112E+00
  1.3124750E+04 -3.214E+00 -3.129E+00 -3.889E-01
  1.3125250E+04 -2.710E+00 -2.693E+00 -6.850E-01
  1.3125750E+04 -3.532E+00 -3.587E+00 -9.305E-01
  1.3126250E+04 -2.714E+00 -3.113E+00 -2.481E+00
  1.3126750E+04 -3.029E+00 -3.394E+00 -2.409E+00
  1.3127250E+04 -3.791E+00 -3.848E+00 -1.143E+00
  1.3127750E+04 -2.826E+00 -3.139E+00 -1.999E+00
  1.3128250E+04 -2.649E+00 -2.740E+00 -1.038E+00
  1.3128750E+04 -2.176E+00 -2.384E+00 -1.394E+00
  1.3129250E+04 -2.436E+00 -2.621E+00 -1.605E+00
  1.3129750E+04 -3.069E+00 -3.227E+00 -1.309E+00
  1.3130250E+04 -2.884E+00 -3.014E+00 -1.217E+00
  1.3130750E+04 -2.700E+00 -2.909E+00 -1.502E+00
  1.3131250E+04 -3.034E+00 -3.198E+00 -1.391E+00
  1.3131750E+04 -2.144E+00 -2.404E+00 -1.495E+00
  1.3132250E+04 -2.770E+00 -2.843E+00 -1.008E+00
  1.3132750E+04 -2.677E+00 -2.963E+00 -1.869E+00
  1.3133250E+04 -2.851E+00 -3.086E+00 -1.443E+00
  1.3133750E+04 -2.702E+00 -2.715E+00 -8.380E-01
  1.3134250E+04 -2.453E+00 -2.502E+00 -1.014E+00
  1.3134750E+04 -2.808E+00 -2.963E+00 -1.414E+00
  1.3135250E+04 -3.335E+00 -3.431E+00 -1.240E+00
  1.3135750E+04 -2.756E+00 -3.106E+00 -2.096E+00
  1.3136250E+04 -1.932E+00 -2.185E+00 -1.587E+00
  1.3136750E+04 -2.624E+00 -2.862E+00 -1.579E+00
  1.3137250E+04 -2.970E+00 -3.205E+00 -1.677E+00
  1.3137750E+04 -2.675E+00 -2.795E+00 -1.261E+00
  1.3138250E+04 -3.024E+00 -3.132E+00 -1.344E+00
  1.3138750E+04 -2.600E+00 -2.735E+00 -1.353E+00
  1.3139250E+04 -3.016E+00 -3.028E+00 -8.885E-01
  1.3139750E+04 -2.624E+00 -2.817E+00 -1.434E+00
  1.3140250E+04 -3.220E+00 -3.428E+00 -1.753E+00
  1.3140750E+04 -2.786E+00 -3.022E+00 -1.472E+00
  1.3141250E+04 -2.388E+00 -2.857E+00 -2.334E+00
  1.3141750E+04 -2.296E+00 -2.474E+00 -1.419E+00
  1.3142250E+04 -2.745E+00 -2.907E+00 -1.389E+00
  1.3142750E+04 -2.396E+00 -2.649E+00 -1.676E+00
  1.3143250E+04 -2.600E+00 -2.820E+00 -1.629E+00
  1.3143750E+04 -2.616E+00 -2.792E+00 -1.403E+00
  1.3144250E+04 -3.126E+00 -3.164E+00 -8.367E-01
  1.3144750E+04 -3.284E+00 -3.416E+00 -1.289E+00
  1.3145250E+04 -2.898E+00 -3.027E+00 -1.241E+00
  1.3145750E+04 -3.470E+00 -3.825E+00 -2.111E+00
  1.3146250E+04 -2.386E+00 -2.638E+00 -1.698E+00
  1.3146750E+04 -2.477E+00 -2.471E+00 -7.133E-01
  1.3147250E+04 -1.426E+00 -1.558E+00 -1.270E+00
  1.3147750E+04 -2.507E+00 -2.726E+00 -1.685E+00
  1.3148250E+04 -2.349E+00 -2.507E+00 -1.161E+00
  1.3148750E+04 -2.375E+00 -2.598E+00 -1.558E+00
  1.3149250E+04 -2.885E+00 -2.920E+00 -9.490E-01
  1.3149750E+04 -2.650E+00 -2.827E+00 -1.473E+00
  1.3150250E+04 -2.039E+00 -2.225E+00 -1.316E+00
  1.3150750E+04 -2.743E+00 -3.023E+00 -1.710E+00
  1.3151250E+04 -2.806E+00 -3.114E+00 -1.932E+00
  1.3151750E+04 -2.625E+00 -2.893E+00 -1.701E+00
  1.3152250E+04 -2.365E+00 -2.748E+00 -2.075E+00
  1.3152750E+04 -2.701E+00 -2.831E+00 -1.226E+00
  1.3153250E+04 -2.702E+00 -2.772E+00 -9.018E-01
  1.3153750E+04 -2.507E+00 -2.711E+00 -1.732E+00
  1.3154250E+04 -2.744E+00 -2.894E+00 -1.430E+00
  1.3154750E+04 -2.771E+00 -2.734E+00 -9.455E-01
  1.3155250E+04 -2.460E+00 -2.737E+00 -2.021E+00
  1.3155750E+04 -2.167E+00 -2.345E+00 -1.076E+00
  1.3156250E+04 -2.003E+00 -2.257E+00 -1.626E+00
  1.3156750E+04 -2.135E+00 -2.435E+00 -1.716E+00
  1.3157250E+04 -2.903E+00 -3.017E+00 -9.484E-01
  1.3157750E+04 -2.527E+00 -2.614E+00 -7.576E-01
  1.3158250E+04 -2.401E+00 -2.496E+00 -1.099E+00
  1.3158750E+04 -2.517E+00 -2.621E+00 -1.181E+00
  1.3159250E+04 -2.909E+00 -3.112E+00 -1.638E+00
  1.3159750E+04 -2.591E+00 -2.785E+00 -1.553E+00
  1.3160250E+04 -2.447E+00 -2.734E+00 -1.726E+00
  1.3160750E+04 -2.383E+00 -2.363E+00 -3.303E-01
  1.3161250E+04 -2.779E+00 -2.953E+00 -1.394E+00
  1.3161750E+04 -3.432E+00 -3.554E+00 -1.257E+00
  1.3162250E+04 -2.933E+00 -3.203E+00 -2.070E+00
  1.3162750E+04 -2.317E+00 -2.350E+00 -8.368E-01
  1.3163250E+04 -2.031E+00 -2.078E+00 -7.372E-01
  1.3163750E+04 -1.843E+00 -2.004E+00 -1.209E+00
  1.3164250E+04 -2.214E+00 -2.369E+00 -1.180E+00
  1.3164750E+04 -2.682E+00 -2.867E+00 -1.408E+00
  1.3165250E+04 -2.450E+00 -2.619E+00 -1.225E+00
  1.3165750E+04 -2.563E+00 -2.495E+00 -3.457E-01
  1.3166250E+04 -2.844E+00 -2.920E+00 -1.009E+00
  1.3166750E+04 -1.901E+00 -2.078E+00 -1.299E+00
  1.3167250E+04 -2.652E+00 -2.811E+00 -1.373E+00
  1.3167750E+04 -1.986E+00 -2.141E+00 -1.273E+00
  1.3168250E+04 -2.469E+00 -2.787E+00 -1.728E+00
  1.3168750E+04 -2.713E+00 -2.746E+00 -7.784E-01
  1.3169250E+04 -2.270E+00 -2.418E+00 -8.968E-01
  1.3169750E+04 -1.891E+00 -2.047E+00 -1.169E+00
  1.3170250E+04 -2.177E+00 -2.316E+00 -1.215E+00
  1.3170750E+04 -2.313E+00 -2.378E+00 -1.011E+00
  1.3171250E+04 -2.294E+00 -2.335E+00 -8.435E-01
  1.3171750E+04 -2.436E+00 -2.541E+00 -1.071E+00
  1.3172250E+04 -2.072E+00 -2.303E+00 -1.455E+00
  1.3172750E+04 -2.290E+00 -2.443E+00 -1.132E+00
  1.3173250E+04 -1.998E+00 -2.302E+00 -1.762E+00
  1.3173750E+04 -2.898E+00 -3.309E+00 -2.146E+00
  1.3174250E+04 -1.991E+00 -2.372E+00 -2.083E+00
  1.3174750E+04 -2.226E+00 -2.440E+00 -1.487E+00
  1.3175250E+04 -2.743E+00 -2.665E+00 -3.611E-01
  1.3175750E+04 -2.560E+00 -2.690E+00 -1.167E+00
  1.3176250E+04 -2.376E+00 -2.445E+00 -8.820E-01
  1.3176750E+04 -2.447E+00 -2.621E+00 -1.213E+00
  1.3177250E+04 -2.572E+00 -2.764E+00 -1.515E+00
  1.3177750E+04 -1.765E+00 -2.090E+00 -1.835E+00
  1.3178250E+04 -2.806E+00 -2.883E+00 -1.036E+00
  1.3178750E+04 -2.457E+00 -2.457E+00 -7.127E-01
  1.3179250E+04 -2.409E+00 -2.480E+00 -7.304E-01
  1.3179750E+04 -2.583E+00 -2.803E+00 -1.696E+00
  1.3180250E+04 -2.299E+00 -2.392E+00 -9.520E-01
  1.3180750E+04 -2.585E+00 -2.718E+00 -1.198E+00
  1.3181250E+04 -2.748E+00 -2.877E+00 -9.701E-01
  1.3181750E+04 -1.976E+00 -2.051E+00 -9.360E-01
  1.3182250E+04 -2.176E+00 -2.357E+00 -1.380E+00
  1.3182750E+04 -2.216E+00 -2.269E+00 -8.447E-01
  1.3183250E+04 -2.376E+00 -2.333E+00 -4.826E-01
  1.3183750E+04 -2.236E+00 -2.227E+00 -6.595E-01
  1.3184250E+04 -2.689E+00 -2.888E+00 -1.344E+00
  1.3184750E+04 -2.212E+00 -2.498E+00 -1.752E+00
  1.3185250E+04 -2.261E+00 -2.428E+00 -1.325E+00
  1.3185750E+04 -1.884E+00 -1.867E+00 -6.186E-01
  1.3186250E+04 -1.597E+00 -1.732E+00 -1.000E+00
  1.3186750E+04 -2.383E+00 -2.448E+00 -8.377E-01
  1.3187250E+04 -2.250E+00 -2.219E+00 -2.721E-01
  1.3187750E+04 -2.000E+00 -2.110E+00 -1.108E+00
  1.3188250E+04 -1.769E+00 -1.865E+00 -1.634E+00
  1.3188750E+04 -2.288E+00 -2.365E+00 -7.437E-01
  1.3189250E+04 -1.477E+00 -1.993E+00 -2.276E+00
  1.3189750E+04 -2.094E+00 -2.145E+00 -7.195E-01
  1.3190250E+04 -2.783E+00 -2.872E+00 -8.811E-01
  1.3190750E+04 -2.217E+00 -2.300E+00 -8.306E-01
  1.3191250E+04 -1.923E+00 -2.165E+00 -1.514E+00
  1.3191750E+04 -1.898E+00 -1.956E+00 -9.218E-01
  1.3192250E+04 -1.796E+00 -1.942E+00 -1.294E+00
  1.3192750E+04 -2.124E+00 -2.279E+00 -1.260E+00
  1.3193250E+04 -2.111E+00 -2.191E+00 -9.265E-01
  1.3193750E+04 -2.285E+00 -2.387E+00 -1.039E+00
  1.3194250E+04 -2.821E+00 -3.051E+00 -1.633E+00
  1.3194750E+04 -2.878E+00 -2.943E+00 -7.779E-01
  1.3195250E+04 -1.512E+00 -1.795E+00 -1.569E+00
  1.3195750E+04 -2.096E+00 -2.242E+00 -1.343E+00
  1.3196250E+04 -2.241E+00 -2.524E+00 -1.711E+00
  1.3196750E+04 -2.180E+00 -2.366E+00 -1.316E+00
  1.3197250E+04 -1.736E+00 -1.719E+00 -3.359E-01
  1.3197750E+04 -2.385E+00 -2.433E+00 -6.475E-01
  1.3198250E+04 -2.202E+00 -2.246E+00 -7.960E-01
  1.3198750E+04 -2.108E+00 -2.259E+00 -9.854E-01
  1.3199250E+04 -1.857E+00 -2.027E+00 -1.065E+00
  1.3199750E+04 -2.122E+00 -2.097E+00 -4.661E-01
  1.3200250E+04 -2.566E+00 -2.656E+00 -1.048E+00
  1.3200750E+04 -1.785E+00 -1.946E+00 -1.272E+00
  1.3201250E+04 -2.206E+00 -2.455E+00 -1.624E+00
  1.3201750E+04 -2.352E+00 -2.495E+00 -1.031E+00
  1.3202250E+04 -2.294E+00 -2.542E+00 -1.496E+00
  1.3202750E+04 -1.558E+00 -1.899E+00 -1.944E+00
  1.3203250E+04 -2.547E+00 -2.636E+00 -9.755E-01
  1.3203750E+04 -2.125E+00 -2.233E+00 -1.058E+00
  1.3204250E+04 -2.790E+00 -2.933E+00 -1.018E+00
  1.3204750E+04 -2.317E+00 -2.411E+00 -8.303E-01
  1.3205250E+04 -1.785E+00 -2.008E+00 -1.392E+00
  1.3205750E+04 -1.914E+00 -2.098E+00 -1.351E+00
  1.3206250E+04 -1.795E+00 -1.893E+00 -8.576E-01
  1.3206750E+04 -1.790E+00 -1.926E+00 -1.048E+00
  1.3207250E+04 -1.951E+00 -2.209E+00 -1.590E+00
  1.3207750E+04 -1.784E+00 -1.833E+00 -6.636E-01
  1.3208250E+04 -1.998E+00 -2.187E+00 -1.329E+00
  1.3208750E+04 -2.175E+00 -2.287E+00 -7.689E-01
  1.3209250E+04 -2.061E+00 -2.261E+00 -1.290E+00
  1.3209750E+04 -1.942E+00 -2.014E+00 -6.606E-01
  1.3210250E+04 -2.368E+00 -2.365E+00 -6.442E-01
  1.3210750E+04 -2.233E+00 -2.484E+00 -1.751E+00
  1.3211250E+04 -2.024E+00 -1.945E+00 -5.255E-01
  1.3211750E+04 -1.754E+00 -2.011E+00 -1.645E+00
  1.3212250E+04 -1.773E+00 -2.015E+00 -1.465E+00
  1.3212750E+04 -2.231E+00 -2.375E+00 -1.078E+00
  1.3213250E+04 -2.717E+00 -2.664E+00 -2.141E-01
  1.3213750E+04 -2.163E+00 -2.371E+00 -1.257E+00
  1.3214250E+04 -1.914E+00 -2.045E+00 -1.071E+00
  1.3214750E+04 -1.496E+00 -1.589E+00 -6.699E-01
  1.3215250E+04 -1.852E+00 -1.897E+00 -7.808E-01
  1.3215750E+04 -1.515E+00 -1.784E+00 -1.553E+00
  1.3216250E+04 -1.309E+00 -1.550E+00 -1.496E+00
  1.3216750E+04 -2.083E+00 -2.159E+00 -7.592E-01
  1.3217250E+04 -2.239E+00 -2.344E+00 -1.039E+00
  1.3217750E+04 -2.122E+00 -2.232E+00 -1.095E+00
  1.3218250E+04 -1.971E+00 -2.009E+00 -8.069E-01
  1.3218750E+04 -2.055E+00 -1.982E+00 -2.324E-01
  1.3219250E+04 -2.040E+00 -2.174E+00 -9.119E-01
  1.3219750E+04 -1.881E+00 -1.847E+00 -4.759E-01
  1.3220250E+04 -1.851E+00 -2.128E+00 -1.289E+00
  1.3220750E+04 -2.291E+00 -2.528E+00 -1.394E+00
  1.3221250E+04 -1.725E+00 -1.951E+00 -1.487E+00
  1.3221750E+04 -1.998E+00 -2.196E+00 -1.342E+00
  1.3222250E+04 -1.968E+00 -2.142E+00 -1.060E+00
  1.3222750E+04 -2.235E+00 -2.319E+00 -8.773E-01
  1.3223250E+04 -1.494E+00 -1.587E+00 -8.696E-01
  1.3223750E+04 -1.639E+00 -1.830E+00 -1.271E+00
  1.3224250E+04 -2.191E+00 -2.153E+00 -2.630E-01
  1.3224750E+04 -1.982E+00 -2.051E+00 -7.149E-01
  1.3225250E+04 -1.641E+00 -1.969E+00 -1.745E+00
  1.3225750E+04 -1.876E+00 -1.943E+00 -6.834E-01
  1.3226250E+04 -2.044E+00 -2.103E+00 -8.096E-01
  1.3226750E+04 -2.312E+00 -2.403E+00 -8.144E-01
  1.3227250E+04 -1.890E+00 -2.035E+00 -7.935E-01
  1.3227750E+04 -2.073E+00 -2.168E+00 -1.104E+00
  1.3228250E+04 -2.081E+00 -2.006E+00 -2.473E-01
  1.3228750E+04 -1.854E+00 -2.054E+00 -1.186E+00
  1.3229250E+04 -1.652E+00 -1.886E+00 -1.482E+00
  1.3229750E+04 -2.110E+00 -2.221E+00 -9.627E-01
  1.3230250E+04 -1.490E+00 -1.584E+00 -1.067E+00
  1.3230750E+04 -1.430E+00 -1.653E+00 -1.374E+00
  1.3231250E+04 -2.029E+00 -2.296E+00 -1.523E+00
  1.3231750E+04 -1.848E+00 -2.096E+00 -1.518E+00
  1.3232250E+04 -1.889E+00 -1.971E+00 -9.885E-01
  1.3232750E+04 -1.326E+00 -1.510E+00 -1.080E+00
  1.3233250E+04 -1.651E+00 -1.832E+00 -1.108E+00
  1.3233750E+04 -1.426E+00 -1.443E+00 -3.071E-01
  1.3234250E+04 -1.673E+00 -1.719E+00 -4.037E-01
  1.3234750E+04 -1.982E+00 -2.018E+00 -7.638E-01
  1.3235250E+04 -1.408E+00 -1.617E+00 -1.219E+00
  1.3235750E+04 -2.111E+00 -2.182E+00 -9.104E-01
  1.3236250E+04 -2.317E+00 -2.419E+00 -9.608E-01
  1.3236750E+04 -1.415E+00 -1.631E+00 -1.360E+00
  1.3237250E+04 -1.725E+00 -2.043E+00 -1.560E+00
  1.3237750E+04 -1.528E+00 -1.579E+00 -6.306E-01
  1.3238250E+04 -2.201E+00 -2.317E+00 -8.894E-01
  1.3238750E+04 -1.603E+00 -1.675E+00 -6.144E-01
  1.3239250E+04 -1.924E+00 -1.981E+00 -6.793E-01
  1.3239750E+04 -2.165E+00 -2.301E+00 -1.070E+00
  1.3240250E+04 -1.602E+00 -1.882E+00 -1.540E+00
  1.3240750E+04 -1.736E+00 -1.848E+00 -1.130E+00
  1.3241250E+04 -1.712E+00 -1.813E+00 -7.064E-01
  1.3241750E+04 -1.564E+00 -1.736E+00 -1.065E+00
  1.3242250E+04 -1.899E+00 -1.915E+00 -6.215E-01
  1.3242750E+04 -1.911E+00 -2.155E+00 -1.580E+00
  1.3243250E+04 -1.440E+00 -1.603E+00 -1.124E+00
  1.3243750E+04 -1.537E+00 -1.503E+00 -3.883E-01
  1.3244250E+04 -1.147E+00 -1.383E+00 -1.327E+00
  1.3244750E+04 -1.200E+00 -1.354E+00 -1.001E+00
  1.3245250E+04 -1.436E+00 -1.536E+00 -7.246E-01
  1.3245750E+04 -1.747E+00 -1.908E+00 -9.372E-01
  1.3246250E+04 -1.608E+00 -1.824E+00 -1.309E+00
  1.3246750E+04 -1.840E+00 -1.920E+00 -8.004E-01
  1.3247250E+04 -1.894E+00 -1.931E+00 -5.696E-01
  1.3247750E+04 -2.030E+00 -2.103E+00 -8.358E-01
  1.3248250E+04 -2.420E+00 -2.547E+00 -1.179E+00
  1.3248750E+04 -1.808E+00 -1.944E+00 -1.110E+00
  1.3249250E+04 -1.309E+00 -1.344E+00 -5.987E-01
  1.3249750E+04 -1.357E+00 -1.444E+00 -9.147E-01
  1.3250250E+04 -1.358E+00 -1.463E+00 -9.094E-01
  1.3250750E+04 -1.504E+00 -1.738E+00 -1.271E+00
  1.3251250E+04 -2.331E+00 -2.287E+00 -4.205E-01
  1.3251750E+04 -1.905E+00 -1.956E+00 -8.624E-01
  1.3252250E+04 -2.049E+00 -2.173E+00 -8.800E-01
  1.3252750E+04 -2.070E+00 -2.065E+00 -5.578E-01
  1.3253250E+04 -2.114E+00 -2.170E+00 -8.570E-01
  1.3253750E+04 -1.713E+00 -1.960E+00 -1.263E+00
  1.3254250E+04 -1.516E+00 -1.724E+00 -1.149E+00
  1.3254750E+04 -1.523E+00 -1.640E+00 -6.485E-01
  1.3255250E+04 -1.347E+00 -1.535E+00 -1.265E+00
  1.3255750E+04 -1.573E+00 -1.698E+00 -8.127E-01
  1.3256250E+04 -1.641E+00 -1.678E+00 -7.568E-01
  1.3256750E+04 -1.862E+00 -2.051E+00 -1.213E+00
  1.3257250E+04 -2.021E+00 -2.091E+00 -7.049E-01
  1.3257750E+04 -1.569E+00 -1.633E+00 -8.184E-01
  1.3258250E+04 -2.116E+00 -2.083E+00 -4.213E-01
  1.3258750E+04 -1.530E+00 -1.803E+00 -1.385E+00
  1.3259250E+04 -1.554E+00 -1.606E+00 -5.677E-01
  1.3259750E+04 -1.455E+00 -1.578E+00 -8.370E-01
  1.3260250E+04 -1.485E+00 -1.627E+00 -1.048E+00
  1.3260750E+04 -1.457E+00 -1.605E+00 -1.018E+00
  1.3261250E+04 -1.493E+00 -1.716E+00 -9.970E-01
  1.3261750E+04 -1.481E+00 -1.521E+00 -5.233E-01
  1.3262250E+04 -1.830E+00 -1.966E+00 -1.055E+00
  1.3262750E+04 -1.809E+00 -1.850E+00 -6.869E-01
  1.3263250E+04 -1.487E+00 -1.638E+00 -1.000E+00
  1.3263750E+04 -1.724E+00 -1.775E+00 -5.197E-01
  1.3264250E+04 -2.028E+00 -1.945E+00 -3.672E-01
  1.3264750E+04 -2.095E+00 -2.262E+00 -1.187E+00
  1.3265250E+04 -1.408E+00 -1.529E+00 -7.546E-01
  1.3265750E+04 -1.467E+00 -1.686E+00 -1.272E+00
  1.3266250E+04 -1.524E+00 -1.593E+00 -7.040E-01
  1.3266750E+04 -1.662E+00 -1.832E+00 -1.009E+00
  1.3267250E+04 -1.367E+00 -1.351E+00 -5.900E-01
  1.3267750E+04 -1.414E+00 -1.658E+00 -1.225E+00
  1.3268250E+04 -1.009E+00 -1.188E+00 -9.217E-01
  1.3268750E+04 -1.335E+00 -1.322E+00 -1.831E-01
  1.3269250E+04 -1.818E+00 -1.894E+00 -8.036E-01
  1.3269750E+04 -1.425E+00 -1.610E+00 -1.187E+00
  1.3270250E+04 -1.608E+00 -1.770E+00 -1.188E+00
  1.3270750E+04 -1.555E+00 -1.633E+00 -6.040E-01
  1.3271250E+04 -1.500E+00 -1.550E+00 -8.825E-01
  1.3271750E+04 -1.837E+00 -2.154E+00 -1.756E+00
  1.3272250E+04 -1.978E+00 -2.140E+00 -1.074E+00
  1.3272750E+04 -2.006E+00 -2.098E+00 -9.753E-01
  1.3273250E+04 -1.936E+00 -1.909E+00 -1.984E-01
  1.3273750E+04 -1.331E+00 -1.520E+00 -1.278E+00
  1.3274250E+04 -1.366E+00 -1.458E+00 -9.483E-01
  1.3274750E+04 -1.322E+00 -1.372E+00 -5.504E-01
  1.3275250E+04 -1.853E+00 -1.925E+00 -6.697E-01
  1.3275750E+04 -1.496E+00 -1.734E+00 -1.257E+00
  1.3276250E+04 -1.367E+00 -1.527E+00 -1.033E+00
  1.3276750E+04 -1.970E+00 -1.987E+00 -6.281E-01
  1.3277250E+04 -1.935E+00 -2.072E+00 -9.557E-01
  1.3277750E+04 -1.892E+00 -1.983E+00 -9.108E-01
  1.3278250E+04 -1.803E+00 -1.752E+00 -1.223E-01
  1.3278750E+04 -1.437E+00 -1.428E+00 -1.504E-01
  1.3279250E+04 -1.183E+00 -1.146E+00 -2.455E-01
  1.3279750E+04 -1.961E+00 -2.067E+00 -8.420E-01
  1.3280250E+04 -1.380E+00 -1.524E+00 -8.595E-01
  1.3280750E+04 -1.093E+00 -1.395E+00 -1.705E+00
  1.3281250E+04 -1.352E+00 -1.472E+00 -7.538E-01
  1.3281750E+04 -1.607E+00 -1.793E+00 -1.185E+00
  1.3282250E+04 -1.517E+00 -1.429E+00  1.857E-03
  1.3282750E+04 -1.515E+00 -1.643E+00 -7.089E-01
  1.3283250E+04 -1.657E+00 -1.655E+00 -2.879E-01
  1.3283750E+04 -1.177E+00 -1.189E+00 -5.281E-01
  1.3284250E+04 -1.318E+00 -1.370E+00 -3.112E-01
  1.3284750E+04 -1.730E+00 -1.761E+00 -4.640E-01
  1.3285250E+04 -1.771E+00 -1.886E+00 -1.024E+00
  1.3285750E+04 -1.573E+00 -1.694E+00 -8.219E-01
  1.3286250E+04 -1.488E+00 -1.438E+00 -2.773E-01
  1.3286750E+04 -1.436E+00 -1.419E+00 -3.715E-01
  1.3287250E+04 -1.203E+00 -1.418E+00 -1.471E+00
  1.3287750E+04 -1.632E+00 -1.633E+00 -4.048E-01
  1.3288250E+04 -1.806E+00 -1.917E+00 -8.489E-01
  1.3288750E+04 -1.315E+00 -1.247E+00 -6.308E-01
  1.3289250E+04 -1.408E+00 -1.416E+00 -4.487E-01
  1.3289750E+04 -1.395E+00 -1.402E+00 -3.704E-01
  1.3290250E+04 -1.129E+00 -1.273E+00 -1.108E+00
  1.3290750E+04 -1.345E+00 -1.532E+00 -1.244E+00
  1.3291250E+04 -1.589E+00 -1.649E+00 -6.112E-01
  1.3291750E+04 -1.391E+00 -1.525E+00 -9.046E-01
  1.3292250E+04 -1.212E+00 -1.244E+00 -2.933E-01
  1.3292750E+04 -1.358E+00 -1.443E+00 -8.224E-01
  1.3293250E+04 -1.343E+00 -1.534E+00 -1.337E+00
  1.3293750E+04 -1.360E+00 -1.401E+00 -5.910E-01
  1.3294250E+04 -1.606E+00 -1.803E+00 -9.694E-01
  1.3294750E+04 -1.225E+00 -1.285E+00 -6.054E-01
  1.3295250E+04 -1.044E+00 -1.030E+00 -2.847E-01
  1.3295750E+04 -1.143E+00 -1.323E+00 -1.031E+00
  1.3296250E+04 -1.289E+00 -1.386E+00 -7.449E-01
  1.3296750E+04 -1.908E+00 -1.987E+00 -7.856E-01
  1.3297250E+04 -1.689E+00 -1.765E+00 -5.618E-01
  1.3297750E+04 -1.595E+00 -1.698E+00 -5.863E-01
  1.3298250E+04 -1.640E+00 -1.591E+00 -4.116E-01
  1.3298750E+04 -1.666E+00 -1.652E+00 -3.494E-01
  1.3299250E+04 -1.078E+00 -1.157E+00 -7.743E-01
  1.3299750E+04 -1.914E+00 -1.715E+00 -1.428E+00
  1.3300250E+04 -1.934E+00 -1.793E+00 -7.996E-01
  1.3300750E+04 -1.534E+00 -1.595E+00 -6.785E-01
  1.3301250E+04 -1.004E+00 -1.194E+00 -9.188E-01
  1.3301750E+04 -1.382E+00 -1.292E+00  1.549E-01
  1.3302250E+04 -1.119E+00 -1.089E+00 -3.859E-01
  1.3302750E+04 -1.069E+00 -1.284E+00 -1.114E+00
  1.3303250E+04 -1.577E+00 -1.663E+00 -5.626E-01
  1.3303750E+04 -1.294E+00 -1.367E+00 -6.068E-01
  1.3304250E+04 -1.267E+00 -1.434E+00 -8.742E-01
  1.3304750E+04 -1.346E+00 -1.531E+00 -1.256E+00
  1.3305250E+04 -1.394E+00 -1.472E+00 -7.205E-01
  1.3305750E+04 -1.452E+00 -1.546E+00 -4.484E-01
  1.3306250E+04 -1.730E+00 -1.831E+00 -6.810E-01
  1.3306750E+04 -9.715E-01 -1.498E+00 -1.583E+00
  1.3307250E+04 -1.397E+00 -1.614E+00 -1.144E+00
  1.3307750E+04 -1.459E+00 -1.541E+00 -7.365E-01
  1.3308250E+04 -1.179E+00 -1.360E+00 -1.055E+00
  1.3308750E+04 -1.196E+00 -1.246E+00 -4.404E-01
  1.3309250E+04 -1.374E+00 -1.398E+00 -4.455E-01
  1.3309750E+04 -1.621E+00 -1.509E+00  1.048E-01
  1.3310250E+04 -1.534E+00 -1.649E+00 -8.530E-01
  1.3310750E+04 -9.551E-01 -1.098E+00 -8.319E-01
  1.3311250E+04 -1.327E+00 -1.185E+00  2.502E-01
  1.3311750E+04 -1.290E+00 -1.313E+00 -4.735E-01
  1.3312250E+04 -1.561E+00 -1.743E+00 -1.208E+00
  1.3312750E+04 -1.060E+00 -1.185E+00 -8.248E-01
  1.3313250E+04 -1.184E+00 -1.352E+00 -9.963E-01
  1.3313750E+04 -1.452E+00 -1.657E+00 -1.021E+00
  1.3314250E+04 -1.280E+00 -1.376E+00 -8.164E-01
  1.3314750E+04 -1.388E+00 -1.443E+00 -5.924E-01
