  8.6387500E+03 -0.000E+00 -0.000E+00  0.000E+00
  8.6392500E+03 -0.000E+00 -0.000E+00  0.000E+00
  8.6397500E+03 -0.000E+00 -0.000E+00  0.000E+00
  8.6402500E+03 -0.000E+00 -0.000E+00  0.000E+00
  8.6407500E+03 -0.000E+00 -0.000E+00  0.000E+00
  8.6412500E+03 -0.000E+00 -0.000E+00  0.000E+00
  8.6417500E+03 -0.000E+00 -0.000E+00  0.000E+00
  8.6422500E+03 -0.000E+00 -0.000E+00  0.000E+00
  8.6427500E+03 -0.000E+00 -0.000E+00  0.000E+00
  8.6432500E+03 -0.000E+00 -0.000E+00  0.000E+00
  8.6437500E+03 -0.000E+00 -0.000E+00  0.000E+00
  8.6442500E+03 -0.000E+00 -0.000E+00  0.000E+00
  8.6447500E+03 -0.000E+00 -0.000E+00  0.000E+00
  8.6452500E+03 -0.000E+00 -0.000E+00  0.000E+00
  8.6457500E+03 -0.000E+00 -0.000E+00  0.000E+00
  8.6462500E+03 -0.000E+00 -0.000E+00  0.000E+00
  8.6467500E+03 -0.000E+00 -0.000E+00  0.000E+00
  8.6472500E+03 -0.000E+00 -0.000E+00  0.000E+00
  8.6477500E+03 -0.000E+00 -0.000E+00  0.000E+00
  8.6482500E+03 -0.000E+00 -0.000E+00  0.000E+00
  8.6487500E+03 -0.000E+00 -0.000E+00  0.000E+00
  8.6492500E+03 -0.000E+00 -0.000E+00  0.000E+00
  8.6497500E+03 -0.000E+00 -0.000E+00  0.000E+00
  8.6502500E+03 -0.000E+00 -0.000E+00  0.000E+00
  8.6507500E+03 -0.000E+00 -0.000E+00  0.000E+00
  8.6512500E+03 -0.000E+00 -0.000E+00  0.000E+00
  8.6517500E+03 -0.000E+00 -0.000E+00  0.000E+00
  8.6522500E+03 -0.000E+00 -0.000E+00  0.000E+00
  8.6527500E+03 -0.000E+00 -0.000E+00  0.000E+00
  8.6532500E+03 -0.000E+00 -0.000E+00  0.000E+00
  8.6537500E+03 -0.000E+00 -0.000E+00  0.000E+00
  8.6542500E+03 -0.000E+00 -0.000E+00  0.000E+00
  8.6547500E+03 -0.000E+00 -0.000E+00  0.000E+00
  8.6552500E+03 -0.000E+00 -0.000E+00  0.000E+00
  8.6557500E+03 -0.000E+00 -0.000E+00  0.000E+00
  8.6562500E+03 -0.000E+00 -0.000E+00  0.000E+00
  8.6567500E+03 -0.000E+00 -0.000E+00  0.000E+00
  8.6572500E+03 -0.000E+00 -0.000E+00  0.000E+00
  8.6577500E+03 -0.000E+00 -0.000E+00  0.000E+00
  8.6582500E+03 -0.000E+00 -0.000E+00  0.000E+00
  8.6587500E+03 -0.000E+00 -0.000E+00  0.000E+00
  8.6592500E+03 -0.000E+00 -0.000E+00  0.000E+00
  8.6597500E+03 -0.000E+00 -0.000E+00  0.000E+00
  8.6602500E+03 -0.000E+00 -0.000E+00  0.000E+00
  8.6607500E+03 -0.000E+00 -0.000E+00  0.000E+00
  8.6612500E+03 -0.000E+00 -0.000E+00  0.000E+00
  8.6617500E+03 -0.000E+00 -0.000E+00  0.000E+00
  8.6622500E+03 -0.000E+00 -0.000E+00  0.000E+00
  8.6627500E+03 -0.000E+00 -0.000E+00  0.000E+00
  8.6632500E+03 -0.000E+00 -0.000E+00  0.000E+00
  8.6637500E+03 -0.000E+00 -0.000E+00  0.000E+00
  8.6642500E+03 -0.000E+00 -0.000E+00  0.000E+00
  8.6647500E+03 -0.000E+00 -0.000E+00  0.000E+00
  8.6652500E+03 -0.000E+00 -0.000E+00  0.000E+00
  8.6657500E+03 -0.000E+00 -0.000E+00  0.000E+00
  8.6662500E+03 -0.000E+00 -0.000E+00  0.000E+00
  8.6667500E+03 -0.000E+00 -0.000E+00  0.000E+00
  8.6672500E+03 -0.000E+00 -0.000E+00  0.000E+00
  8.6677500E+03 -0.000E+00 -0.000E+00  0.000E+00
  8.6682500E+03 -0.000E+00 -0.000E+00  0.000E+00
  8.6687500E+03 -0.000E+00 -0.000E+00  0.000E+00
  8.6692500E+03 -0.000E+00 -0.000E+00  0.000E+00
  8.6697500E+03 -0.000E+00 -0.000E+00  0.000E+00
  8.6702500E+03 -0.000E+00 -0.000E+00  0.000E+00
  8.6707500E+03 -0.000E+00 -0.000E+00  0.000E+00
  8.6712500E+03 -0.000E+00 -0.000E+00  0.000E+00
  8.6717500E+03 -0.000E+00 -0.000E+00  0.000E+00
  8.6722500E+03 -0.000E+00 -0.000E+00  0.000E+00
  8.6727500E+03 -0.000E+00 -0.000E+00  0.000E+00
  8.6732500E+03 -0.000E+00 -0.000E+00  0.000E+00
  8.6737500E+03 -0.000E+00 -0.000E+00  0.000E+00
  8.6742500E+03 -0.000E+00 -0.000E+00  0.000E+00
  8.6747500E+03 -0.000E+00 -0.000E+00  0.000E+00
  8.6752500E+03 -0.000E+00 -0.000E+00  0.000E+00
  8.6757500E+03 -0.000E+00 -0.000E+00  0.000E+00
  8.6762500E+03 -0.000E+00 -0.000E+00  0.000E+00
  8.6767500E+03 -0.000E+00 -0.000E+00  0.000E+00
  8.6772500E+03 -0.000E+00 -0.000E+00  0.000E+00
  8.6777500E+03 -0.000E+00 -0.000E+00  0.000E+00
  8.6782500E+03 -0.000E+00 -0.000E+00  0.000E+00
  8.6787500E+03 -0.000E+00 -0.000E+00  0.000E+00
  8.6792500E+03 -0.000E+00 -0.000E+00  0.000E+00
  8.6797500E+03 -0.000E+00 -0.000E+00  0.000E+00
  8.6802500E+03 -0.000E+00 -0.000E+00  0.000E+00
  8.6807500E+03 -0.000E+00 -0.000E+00  0.000E+00
  8.6812500E+03 -0.000E+00 -0.000E+00  0.000E+00
  8.6817500E+03 -0.000E+00 -0.000E+00  0.000E+00
  8.6822500E+03 -0.000E+00 -0.000E+00  0.000E+00
  8.6827500E+03 -0.000E+00 -0.000E+00  0.000E+00
  8.6832500E+03 -0.000E+00 -0.000E+00  0.000E+00
  8.6837500E+03 -0.000E+00 -0.000E+00  0.000E+00
  8.6842500E+03 -0.000E+00 -0.000E+00  0.000E+00
  8.6847500E+03 -0.000E+00 -0.000E+00  0.000E+00
  8.6852500E+03 -0.000E+00 -0.000E+00  0.000E+00
  8.6857500E+03 -0.000E+00 -0.000E+00  0.000E+00
  8.6862500E+03 -0.000E+00 -0.000E+00  0.000E+00
  8.6867500E+03 -0.000E+00 -0.000E+00  0.000E+00
  8.6872500E+03 -0.000E+00 -0.000E+00  0.000E+00
  8.6877500E+03 -0.000E+00 -0.000E+00  0.000E+00
  8.6882500E+03 -0.000E+00 -0.000E+00  0.000E+00
  8.6887500E+03 -0.000E+00 -0.000E+00  0.000E+00
  8.6892500E+03 -0.000E+00 -0.000E+00  0.000E+00
  8.6897500E+03 -0.000E+00 -0.000E+00  0.000E+00
  8.6902500E+03 -0.000E+00 -0.000E+00  0.000E+00
  8.6907500E+03 -0.000E+00 -0.000E+00  0.000E+00
  8.6912500E+03 -0.000E+00 -0.000E+00  0.000E+00
  8.6917500E+03 -0.000E+00 -0.000E+00  0.000E+00
  8.6922500E+03 -0.000E+00 -0.000E+00  0.000E+00
  8.6927500E+03 -0.000E+00 -0.000E+00  0.000E+00
  8.6932500E+03 -0.000E+00 -0.000E+00  0.000E+00
  8.6937500E+03 -0.000E+00 -0.000E+00  0.000E+00
  8.6942500E+03 -0.000E+00 -0.000E+00  0.000E+00
  8.6947500E+03 -0.000E+00 -0.000E+00  0.000E+00
  8.6952500E+03 -0.000E+00 -0.000E+00  0.000E+00
  8.6957500E+03 -0.000E+00 -0.000E+00  0.000E+00
  8.6962500E+03 -0.000E+00 -0.000E+00  0.000E+00
  8.6967500E+03 -0.000E+00 -0.000E+00  0.000E+00
  8.6972500E+03 -0.000E+00 -0.000E+00  0.000E+00
  8.6977500E+03 -0.000E+00 -0.000E+00  0.000E+00
  8.6982500E+03 -0.000E+00 -0.000E+00  0.000E+00
  8.6987500E+03 -0.000E+00 -0.000E+00  0.000E+00
  8.6992500E+03 -0.000E+00 -0.000E+00  0.000E+00
  8.6997500E+03 -0.000E+00 -0.000E+00  0.000E+00
  8.7002500E+03 -0.000E+00 -0.000E+00  0.000E+00
  8.7007500E+03 -0.000E+00 -0.000E+00  0.000E+00
  8.7012500E+03 -0.000E+00 -0.000E+00  0.000E+00
  8.7017500E+03 -0.000E+00 -0.000E+00  0.000E+00
  8.7022500E+03 -0.000E+00 -0.000E+00  0.000E+00
  8.7027500E+03 -0.000E+00 -0.000E+00  0.000E+00
  8.7032500E+03 -0.000E+00 -0.000E+00  0.000E+00
  8.7037500E+03 -0.000E+00 -0.000E+00  0.000E+00
  8.7042500E+03 -0.000E+00 -0.000E+00  0.000E+00
  8.7047500E+03 -0.000E+00 -0.000E+00  0.000E+00
  8.7052500E+03 -0.000E+00 -0.000E+00  0.000E+00
  8.7057500E+03 -0.000E+00 -0.000E+00  0.000E+00
  8.7062500E+03 -0.000E+00 -0.000E+00  0.000E+00
  8.7067500E+03 -0.000E+00 -0.000E+00  0.000E+00
  8.7072500E+03 -0.000E+00 -0.000E+00  0.000E+00
  8.7077500E+03 -0.000E+00 -0.000E+00  0.000E+00
  8.7082500E+03 -0.000E+00 -0.000E+00  0.000E+00
  8.7087500E+03 -0.000E+00 -0.000E+00  0.000E+00
  8.7092500E+03 -0.000E+00 -0.000E+00  0.000E+00
  8.7097500E+03 -0.000E+00 -0.000E+00  0.000E+00
  8.7102500E+03 -0.000E+00 -0.000E+00  0.000E+00
  8.7107500E+03 -0.000E+00 -0.000E+00  0.000E+00
  8.7112500E+03 -0.000E+00 -0.000E+00  0.000E+00
  8.7117500E+03 -0.000E+00 -0.000E+00  0.000E+00
  8.7122500E+03 -0.000E+00 -0.000E+00  0.000E+00
  8.7127500E+03 -0.000E+00 -0.000E+00  0.000E+00
  8.7132500E+03 -0.000E+00 -0.000E+00  0.000E+00
  8.7137500E+03 -0.000E+00 -0.000E+00  0.000E+00
  8.7142500E+03 -0.000E+00 -0.000E+00  0.000E+00
  8.7147500E+03 -0.000E+00 -0.000E+00  0.000E+00
  8.7152500E+03 -0.000E+00 -0.000E+00  0.000E+00
  8.7157500E+03 -0.000E+00 -0.000E+00  0.000E+00
  8.7162500E+03 -0.000E+00 -0.000E+00  0.000E+00
  8.7167500E+03 -0.000E+00 -0.000E+00  0.000E+00
  8.7172500E+03 -0.000E+00 -0.000E+00  0.000E+00
  8.7177500E+03 -0.000E+00 -0.000E+00  0.000E+00
  8.7182500E+03 -0.000E+00 -0.000E+00  0.000E+00
  8.7187500E+03 -0.000E+00 -0.000E+00  0.000E+00
  8.7192500E+03 -0.000E+00 -0.000E+00  0.000E+00
  8.7197500E+03 -0.000E+00 -0.000E+00  0.000E+00
  8.7202500E+03 -0.000E+00 -0.000E+00  0.000E+00
  8.7207500E+03  2.235E-07  1.836E-07 -3.806E-08
  8.7212500E+03  5.710E-06  2.764E-06 -8.933E-06
  8.7217500E+03  9.594E-04  7.697E-04 -2.441E-04
  8.7222500E+03  2.667E-03  2.147E-03 -6.513E-04
  8.7227500E+03 -4.416E-04 -3.283E-04  2.169E-04
  8.7232500E+03  1.238E-04  2.138E-04  4.370E-04
  8.7237500E+03  1.120E-03  8.858E-04 -3.438E-04
  8.7242500E+03  1.204E-04  1.001E-05 -3.920E-04
  8.7247500E+03 -1.218E-03 -9.613E-04  3.775E-04
  8.7252500E+03  7.034E-03  6.908E-03  3.373E-03
  8.7257500E+03 -2.628E-03 -1.060E-03  5.008E-03
  8.7262500E+03  4.000E-03  5.863E-03  9.891E-03
  8.7267500E+03  4.641E-03  2.554E-03 -5.986E-03
  8.7272500E+03  2.479E-03  3.634E-03  6.092E-03
  8.7277500E+03 -8.830E-05 -1.291E-03 -4.985E-03
  8.7282500E+03  1.718E-02  1.549E-02  2.476E-03
  8.7287500E+03  9.369E-03  4.596E-03 -1.448E-02
  8.7292500E+03  8.527E-03  1.358E-02  2.544E-02
  8.7297500E+03  9.175E-03  9.844E-03  7.711E-03
  8.7302500E+03 -5.348E-03 -5.715E-04  1.685E-02
  8.7307500E+03  1.006E-02  1.505E-02  2.607E-02
  8.7312500E+03 -5.083E-03 -1.238E-02 -3.289E-02
  8.7317500E+03 -3.292E-03 -4.046E-03 -4.902E-03
  8.7322500E+03 -2.989E-04  3.039E-03  1.357E-02
  8.7327500E+03  1.670E-02  2.231E-02  3.226E-02
  8.7332500E+03  7.874E-02  6.175E-02 -2.750E-02
  8.7337500E+03  9.792E-02  9.926E-02  5.814E-02
  8.7342500E+03  4.130E-02  3.436E-02 -6.670E-03
  8.7347500E+03  9.023E-02  9.907E-02  8.551E-02
  8.7352500E+03 -5.615E-02 -4.142E-02  3.065E-02
  8.7357500E+03  2.565E-01  2.570E-01  1.390E-01
  8.7362500E+03  5.431E-02  6.072E-02  5.575E-02
  8.7367500E+03  1.219E-02  1.380E-02  1.185E-02
  8.7372500E+03 -6.842E-02 -6.333E-02 -1.522E-02
  8.7377500E+03  8.909E-02  8.018E-02  9.936E-03
  8.7382500E+03  1.675E-01  1.814E-01  1.467E-01
  8.7387500E+03  7.134E-02  6.532E-02  1.357E-02
  8.7392500E+03  1.948E-01  2.021E-01  1.335E-01
  8.7397500E+03  1.752E-01  1.461E-01 -2.690E-02
  8.7402500E+03  1.394E-01  1.471E-01  1.058E-01
  8.7407500E+03  5.722E-02  6.836E-02  7.541E-02
  8.7412500E+03  8.760E-02  1.018E-01  1.050E-01
  8.7417500E+03  1.299E-01  1.477E-01  1.421E-01
  8.7422500E+03  1.590E-01  1.469E-01  3.341E-02
  8.7427500E+03  5.010E-02  1.300E-01  3.573E-01
  8.7432500E+03  5.502E-01  5.737E-01  3.850E-01
  8.7437500E+03  6.337E-01  6.069E-01  2.212E-01
  8.7442500E+03  3.776E-01  3.124E-01 -7.358E-02
  8.7447500E+03  2.155E-01  2.837E-01  3.928E-01
  8.7452500E+03  2.969E-01  3.896E-01  5.344E-01
  8.7457500E+03  5.294E-01  5.812E-01  4.893E-01
  8.7462500E+03  7.314E-01  7.108E-01  2.926E-01
  8.7467500E+03  6.584E-01  5.645E-01 -5.289E-02
  8.7472500E+03  5.940E-01  6.831E-01  6.845E-01
  8.7477500E+03  4.229E-01  4.793E-01  4.509E-01
  8.7482500E+03  6.453E-01  6.698E-01  4.270E-01
  8.7487500E+03  9.477E-01  7.758E-01 -2.212E-01
  8.7492500E+03  1.089E+00  1.219E+00  1.097E+00
  8.7497500E+03  1.410E+00  1.273E+00  1.545E-01
  8.7502500E+03  8.789E-01  1.216E+00  1.840E+00
  8.7507500E+03  1.809E+00  1.767E+00  7.483E-01
  8.7512500E+03  1.517E+00  1.397E+00  2.725E-01
  8.7517500E+03  1.626E+00  1.698E+00  1.130E+00
  8.7522500E+03  1.475E+00  1.705E+00  1.694E+00
  8.7527500E+03  1.850E+00  2.011E+00  1.605E+00
  8.7532500E+03  1.927E+00  1.873E+00  7.529E-01
  8.7537500E+03  2.289E+00  2.242E+00  9.581E-01
  8.7542500E+03  2.512E+00  2.534E+00  1.358E+00
  8.7547500E+03  2.280E+00  2.535E+00  2.199E+00
  8.7552500E+03  3.259E+00  3.253E+00  1.615E+00
  8.7557500E+03  2.809E+00  2.913E+00  1.834E+00
  8.7562500E+03  3.013E+00  3.230E+00  2.406E+00
  8.7567500E+03  4.448E+00  4.387E+00  1.971E+00
  8.7572500E+03  3.895E+00  4.103E+00  2.801E+00
  8.7577500E+03  5.081E+00  5.590E+00  4.633E+00
  8.7582500E+03  4.736E+00  4.922E+00  3.111E+00
  8.7587500E+03  6.630E+00  6.748E+00  3.768E+00
  8.7592500E+03  7.762E+00  8.002E+00  4.845E+00
  8.7597500E+03  8.029E+00  7.910E+00  3.479E+00
  8.7602500E+03  8.007E+00  8.483E+00  5.915E+00
  8.7607500E+03  9.667E+00  9.776E+00  5.198E+00
  8.7612500E+03  8.454E+00  8.903E+00  5.995E+00
  8.7617500E+03  1.070E+01  1.061E+01  4.871E+00
  8.7622500E+03  9.093E+00  9.726E+00  7.050E+00
  8.7627500E+03  1.035E+01  1.109E+01  8.107E+00
  8.7632500E+03  1.274E+01  1.315E+01  7.916E+00
  8.7637500E+03  1.386E+01  1.419E+01  8.095E+00
  8.7642500E+03  1.627E+01  1.628E+01  7.963E+00
  8.7647500E+03  1.443E+01  1.493E+01  9.048E+00
  8.7652500E+03  1.643E+01  1.741E+01  1.203E+01
  8.7657500E+03  1.836E+01  1.896E+01  1.135E+01
  8.7662500E+03  2.032E+01  2.009E+01  8.809E+00
  8.7667500E+03  1.649E+01  1.775E+01  1.313E+01
  8.7672500E+03  1.945E+01  2.043E+01  1.339E+01
  8.7677500E+03  2.379E+01  2.370E+01  1.101E+01
  8.7682500E+03  2.150E+01  2.264E+01  1.498E+01
  8.7687500E+03  2.573E+01  2.691E+01  1.714E+01
  8.7692500E+03  2.720E+01  2.814E+01  1.679E+01
  8.7697500E+03  2.730E+01  2.809E+01  1.625E+01
  8.7702500E+03  3.229E+01  3.280E+01  1.741E+01
  8.7707500E+03  3.477E+01  3.546E+01  1.926E+01
  8.7712500E+03  3.241E+01  3.345E+01  1.956E+01
  8.7717500E+03  3.571E+01  3.635E+01  1.949E+01
  8.7722500E+03  3.833E+01  3.912E+01  2.129E+01
  8.7727500E+03  4.166E+01  4.266E+01  2.370E+01
  8.7732500E+03  3.963E+01  4.046E+01  2.199E+01
  8.7737500E+03  4.308E+01  4.410E+01  2.435E+01
  8.7742500E+03  4.426E+01  4.566E+01  2.638E+01
  8.7747500E+03  4.881E+01  5.006E+01  2.784E+01
  8.7752500E+03  5.098E+01  5.235E+01  2.928E+01
  8.7757500E+03  5.157E+01  5.349E+01  3.183E+01
  8.7762500E+03  5.496E+01  5.642E+01  3.149E+01
  8.7767500E+03  5.206E+01  5.399E+01  3.202E+01
  8.7772500E+03  6.181E+01  6.286E+01  3.280E+01
  8.7777500E+03  6.675E+01  6.777E+01  3.486E+01
  8.7782500E+03  6.258E+01  6.432E+01  3.583E+01
  8.7787500E+03  7.045E+01  7.223E+01  3.963E+01
  8.7792500E+03  6.984E+01  7.126E+01  3.772E+01
  8.7797500E+03  7.425E+01  7.577E+01  4.007E+01
  8.7802500E+03  7.789E+01  7.968E+01  4.280E+01
  8.7807500E+03  7.566E+01  7.801E+01  4.402E+01
  8.7812500E+03  7.887E+01  8.082E+01  4.378E+01
  8.7817500E+03  8.266E+01  8.274E+01  3.763E+01
  8.7822500E+03  8.449E+01  8.605E+01  4.451E+01
  8.7827500E+03  8.918E+01  9.226E+01  5.278E+01
  8.7832500E+03  8.432E+01  8.608E+01  4.506E+01
  8.7837500E+03  9.588E+01  9.939E+01  5.750E+01
  8.7842500E+03  9.053E+01  9.371E+01  5.362E+01
  8.7847500E+03  9.911E+01  1.001E+02  4.824E+01
  8.7852500E+03  1.125E+02  1.126E+02  5.037E+01
  8.7857500E+03  1.043E+02  1.068E+02  5.661E+01
  8.7862500E+03  1.053E+02  1.087E+02  6.047E+01
  8.7867500E+03  1.055E+02  1.065E+02  5.100E+01
  8.7872500E+03  1.044E+02  1.079E+02  6.066E+01
  8.7877500E+03  1.103E+02  1.115E+02  5.340E+01
  8.7882500E+03  1.132E+02  1.136E+02  5.131E+01
  8.7887500E+03  1.127E+02  1.147E+02  5.756E+01
  8.7892500E+03  1.091E+02  1.126E+02  6.179E+01
  8.7897500E+03  1.132E+02  1.156E+02  5.927E+01
  8.7902500E+03  1.144E+02  1.185E+02  6.672E+01
  8.7907500E+03  1.214E+02  1.242E+02  6.416E+01
  8.7912500E+03  1.216E+02  1.225E+02  5.628E+01
  8.7917500E+03  1.258E+02  1.293E+02  6.893E+01
  8.7922500E+03  1.321E+02  1.342E+02  6.565E+01
  8.7927500E+03  1.203E+02  1.243E+02  6.805E+01
  8.7932500E+03  1.349E+02  1.352E+02  5.884E+01
  8.7937500E+03  1.324E+02  1.348E+02  6.630E+01
  8.7942500E+03  1.285E+02  1.296E+02  5.926E+01
  8.7947500E+03  1.287E+02  1.314E+02  6.582E+01
  8.7952500E+03  1.268E+02  1.304E+02  6.866E+01
  8.7957500E+03  1.246E+02  1.298E+02  7.413E+01
  8.7962500E+03  1.344E+02  1.385E+02  7.361E+01
  8.7967500E+03  1.392E+02  1.406E+02  6.482E+01
  8.7972500E+03  1.325E+02  1.348E+02  6.494E+01
  8.7977500E+03  1.333E+02  1.353E+02  6.377E+01
  8.7982500E+03  1.299E+02  1.319E+02  6.220E+01
  8.7987500E+03  1.295E+02  1.325E+02  6.642E+01
  8.7992500E+03  1.348E+02  1.377E+02  6.780E+01
  8.7997500E+03  1.312E+02  1.361E+02  7.453E+01
  8.8002500E+03  1.477E+02  1.496E+02  6.919E+01
  8.8007500E+03  1.414E+02  1.421E+02  6.124E+01
  8.8012500E+03  1.349E+02  1.380E+02  6.836E+01
  8.8017500E+03  1.259E+02  1.280E+02  5.993E+01
  8.8022500E+03  1.280E+02  1.290E+02  5.652E+01
  8.8027500E+03  1.367E+02  1.390E+02  6.561E+01
  8.8032500E+03  1.311E+02  1.339E+02  6.500E+01
  8.8037500E+03  1.223E+02  1.259E+02  6.441E+01
  8.8042500E+03  1.317E+02  1.312E+02  5.129E+01
  8.8047500E+03  1.205E+02  1.271E+02  7.579E+01
  8.8052500E+03  1.313E+02  1.351E+02  6.817E+01
  8.8057500E+03  1.253E+02  1.275E+02  5.947E+01
  8.8062500E+03  1.213E+02  1.247E+02  6.219E+01
  8.8067500E+03  1.260E+02  1.280E+02  5.844E+01
  8.8072500E+03  1.146E+02  1.163E+02  5.252E+01
  8.8077500E+03  1.175E+02  1.201E+02  5.740E+01
  8.8082500E+03  1.224E+02  1.244E+02  5.637E+01
  8.8087500E+03  1.089E+02  1.124E+02  5.722E+01
  8.8092500E+03  1.150E+02  1.188E+02  6.093E+01
  8.8097500E+03  1.242E+02  1.259E+02  5.541E+01
  8.8102500E+03  1.177E+02  1.211E+02  6.009E+01
  8.8107500E+03  1.179E+02  1.198E+02  5.353E+01
  8.8112500E+03  1.113E+02  1.125E+02  4.789E+01
  8.8117500E+03  1.071E+02  1.120E+02  6.138E+01
  8.8122500E+03  1.082E+02  1.076E+02  3.868E+01
  8.8127500E+03  9.761E+01  1.043E+02  6.486E+01
  8.8132500E+03  1.019E+02  1.036E+02  4.546E+01
  8.8137500E+03  9.642E+01  1.009E+02  5.502E+01
  8.8142500E+03  9.712E+01  1.015E+02  5.488E+01
  8.8147500E+03  1.048E+02  1.051E+02  4.090E+01
  8.8152500E+03  9.147E+01  9.159E+01  3.448E+01
  8.8157500E+03  9.557E+01  9.778E+01  4.475E+01
  8.8162500E+03  7.903E+01  8.233E+01  4.279E+01
  8.8167500E+03  7.416E+01  7.716E+01  3.956E+01
  8.8172500E+03  8.478E+01  8.723E+01  4.133E+01
  8.8177500E+03  9.372E+01  9.485E+01  3.905E+01
  8.8182500E+03  8.229E+01  8.499E+01  4.117E+01
  8.8187500E+03  7.969E+01  8.013E+01  3.091E+01
  8.8192500E+03  7.573E+01  7.848E+01  3.851E+01
  8.8197500E+03  6.748E+01  6.981E+01  3.376E+01
  8.8202500E+03  7.183E+01  7.305E+01  3.056E+01
  8.8207500E+03  6.984E+01  7.377E+01  4.066E+01
  8.8212500E+03  6.600E+01  6.550E+01  2.105E+01
  8.8217500E+03  6.695E+01  6.854E+01  3.000E+01
  8.8222500E+03  5.261E+01  5.390E+01  2.296E+01
  8.8227500E+03  5.687E+01  6.062E+01  3.502E+01
  8.8232500E+03  6.044E+01  6.187E+01  2.657E+01
  8.8237500E+03  5.390E+01  5.449E+01  2.057E+01
  8.8242500E+03  5.242E+01  5.539E+01  2.986E+01
  8.8247500E+03  5.106E+01  5.249E+01  2.277E+01
  8.8252500E+03  5.290E+01  5.453E+01  2.461E+01
  8.8257500E+03  4.643E+01  4.686E+01  1.701E+01
  8.8262500E+03  4.555E+01  4.647E+01  1.868E+01
  8.8267500E+03  4.180E+01  4.323E+01  1.895E+01
  8.8272500E+03  3.728E+01  4.136E+01  2.815E+01
  8.8277500E+03  4.174E+01  4.305E+01  1.854E+01
  8.8282500E+03  3.541E+01  3.580E+01  1.225E+01
  8.8287500E+03  3.585E+01  3.531E+01  8.457E+00
  8.8292500E+03  4.128E+01  4.011E+01  8.014E+00
  8.8297500E+03  2.612E+01  2.667E+01  9.272E+00
  8.8302500E+03  3.128E+01  3.211E+01  1.261E+01
  8.8307500E+03  3.003E+01  3.238E+01  1.812E+01
  8.8312500E+03  2.678E+01  2.905E+01  1.658E+01
  8.8317500E+03  2.900E+01  2.815E+01  4.449E+00
  8.8322500E+03  2.090E+01  2.245E+01  1.163E+01
  8.8327500E+03  2.336E+01  2.557E+01  1.521E+01
  8.8332500E+03  1.604E+01  1.689E+01  6.628E+00
  8.8337500E+03  1.747E+01  2.042E+01  1.579E+01
  8.8342500E+03  1.738E+01  2.023E+01  1.545E+01
  8.8347500E+03  2.406E+01  2.510E+01  1.027E+01
  8.8352500E+03  1.202E+01  1.319E+01  6.458E+00
  8.8357500E+03  1.302E+01  1.206E+01 -2.034E+00
  8.8362500E+03  6.030E+00  6.576E+00  1.776E+00
  8.8367500E+03  6.652E+00  6.564E+00 -5.812E-01
  8.8372500E+03  2.843E-01  3.393E+00  1.006E+01
  8.8377500E+03  7.899E-01  1.686E+00  9.037E-01
  8.8382500E+03  2.330E+00  3.448E+00  2.535E+00
  8.8387500E+03  2.818E-01  8.440E-01 -1.932E-01
  8.8392500E+03  2.290E+00  3.819E+00  4.590E+00
  8.8397500E+03  2.638E+00  2.888E+00 -1.021E+00
  8.8402500E+03  7.933E+00  7.785E+00 -5.270E-01
  8.8407500E+03 -1.551E+00 -1.943E+00 -4.913E+00
  8.8412500E+03  2.113E+00  1.153E+00 -6.221E+00
  8.8417500E+03 -4.180E+00 -2.599E+00  2.205E+00
  8.8422500E+03 -6.828E-01 -2.140E+00 -9.375E+00
  8.8427500E+03 -5.133E+00 -3.357E+00  2.612E+00
  8.8432500E+03 -5.403E+00 -4.460E+00 -9.481E-01
  8.8437500E+03 -1.072E+01 -1.122E+01 -8.618E+00
  8.8442500E+03 -1.063E+01 -1.042E+01 -5.677E+00
  8.8447500E+03 -1.338E+01 -1.323E+01 -7.121E+00
  8.8452500E+03 -7.363E+00 -7.634E+00 -6.726E+00
  8.8457500E+03 -5.334E+00 -4.658E+00 -2.057E+00
  8.8462500E+03 -1.069E+01 -9.911E+00 -3.432E+00
  8.8467500E+03 -7.657E+00 -9.127E+00 -1.168E+01
  8.8472500E+03 -1.180E+01 -1.138E+01 -4.915E+00
  8.8477500E+03 -1.191E+01 -1.227E+01 -8.889E+00
  8.8482500E+03 -1.038E+01 -9.960E+00 -4.381E+00
  8.8487500E+03 -1.784E+01 -1.805E+01 -9.815E+00
  8.8492500E+03 -1.808E+01 -1.799E+01 -8.914E+00
  8.8497500E+03 -1.462E+01 -1.366E+01 -4.077E+00
  8.8502500E+03 -1.846E+01 -1.768E+01 -6.091E+00
  8.8507500E+03 -1.173E+01 -1.255E+01 -1.035E+01
  8.8512500E+03 -2.216E+01 -2.271E+01 -1.328E+01
  8.8517500E+03 -1.768E+01 -1.829E+01 -1.140E+01
  8.8522500E+03 -2.076E+01 -2.091E+01 -1.035E+01
  8.8527500E+03 -2.186E+01 -2.110E+01 -7.199E+00
  8.8532500E+03 -1.704E+01 -1.610E+01 -4.691E+00
  8.8537500E+03 -1.684E+01 -1.654E+01 -7.744E+00
  8.8542500E+03 -2.338E+01 -2.321E+01 -1.039E+01
  8.8547500E+03 -2.057E+01 -2.147E+01 -1.338E+01
  8.8552500E+03 -2.364E+01 -2.177E+01 -3.180E+00
  8.8557500E+03 -2.361E+01 -2.267E+01 -6.442E+00
  8.8562500E+03 -2.607E+01 -2.524E+01 -8.372E+00
  8.8567500E+03 -2.450E+01 -2.370E+01 -7.923E+00
  8.8572500E+03 -2.281E+01 -2.369E+01 -1.441E+01
  8.8577500E+03 -2.132E+01 -2.183E+01 -1.210E+01
  8.8582500E+03 -2.091E+01 -2.045E+01 -7.999E+00
  8.8587500E+03 -2.780E+01 -2.678E+01 -8.099E+00
  8.8592500E+03 -2.160E+01 -2.044E+01 -5.198E+00
  8.8597500E+03 -2.708E+01 -2.700E+01 -1.211E+01
  8.8602500E+03 -2.668E+01 -2.697E+01 -1.296E+01
  8.8607500E+03 -2.594E+01 -2.602E+01 -1.212E+01
  8.8612500E+03 -2.404E+01 -2.449E+01 -1.295E+01
  8.8617500E+03 -2.562E+01 -2.546E+01 -1.081E+01
  8.8622500E+03 -2.646E+01 -2.782E+01 -1.728E+01
  8.8627500E+03 -2.202E+01 -2.276E+01 -1.314E+01
  8.8632500E+03 -2.461E+01 -2.528E+01 -1.377E+01
  8.8637500E+03 -2.943E+01 -2.961E+01 -1.324E+01
  8.8642500E+03 -2.307E+01 -2.373E+01 -1.314E+01
  8.8647500E+03 -2.599E+01 -2.789E+01 -1.931E+01
  8.8652500E+03 -2.802E+01 -2.888E+01 -1.585E+01
  8.8657500E+03 -2.947E+01 -2.948E+01 -1.259E+01
  8.8662500E+03 -2.413E+01 -2.470E+01 -1.310E+01
  8.8667500E+03 -2.703E+01 -2.732E+01 -1.274E+01
  8.8672500E+03 -2.817E+01 -2.882E+01 -1.496E+01
  8.8677500E+03 -2.981E+01 -3.126E+01 -1.888E+01
  8.8682500E+03 -2.989E+01 -2.969E+01 -1.204E+01
  8.8687500E+03 -2.393E+01 -2.425E+01 -1.194E+01
  8.8692500E+03 -2.800E+01 -2.809E+01 -1.200E+01
  8.8697500E+03 -2.645E+01 -2.583E+01 -9.027E+00
  8.8702500E+03 -3.000E+01 -2.930E+01 -9.867E+00
  8.8707500E+03 -2.622E+01 -2.590E+01 -9.998E+00
  8.8712500E+03 -2.390E+01 -2.468E+01 -1.385E+01
  8.8717500E+03 -2.675E+01 -2.717E+01 -1.309E+01
  8.8722500E+03 -2.779E+01 -2.822E+01 -1.330E+01
  8.8727500E+03 -3.091E+01 -3.039E+01 -1.046E+01
  8.8732500E+03 -2.870E+01 -2.932E+01 -1.463E+01
  8.8737500E+03 -3.164E+01 -3.221E+01 -1.548E+01
  8.8742500E+03 -2.980E+01 -3.087E+01 -1.681E+01
  8.8747500E+03 -2.621E+01 -2.716E+01 -1.517E+01
  8.8752500E+03 -2.660E+01 -2.616E+01 -9.631E+00
  8.8757500E+03 -2.533E+01 -2.630E+01 -1.509E+01
  8.8762500E+03 -2.733E+01 -2.794E+01 -1.390E+01
  8.8767500E+03 -2.687E+01 -2.686E+01 -1.138E+01
  8.8772500E+03 -2.584E+01 -2.663E+01 -1.389E+01
  8.8777500E+03 -3.134E+01 -3.200E+01 -1.539E+01
  8.8782500E+03 -2.597E+01 -2.660E+01 -1.367E+01
  8.8787500E+03 -2.485E+01 -2.651E+01 -1.714E+01
  8.8792500E+03 -2.741E+01 -2.737E+01 -1.135E+01
  8.8797500E+03 -2.803E+01 -2.726E+01 -8.468E+00
  8.8802500E+03 -2.672E+01 -2.717E+01 -1.305E+01
  8.8807500E+03 -2.851E+01 -2.864E+01 -1.228E+01
  8.8812500E+03 -2.512E+01 -2.669E+01 -1.693E+01
  8.8817500E+03 -2.721E+01 -2.772E+01 -1.378E+01
  8.8822500E+03 -2.989E+01 -2.907E+01 -8.834E+00
  8.8827500E+03 -2.995E+01 -2.968E+01 -1.103E+01
  8.8832500E+03 -2.892E+01 -2.933E+01 -1.360E+01
  8.8837500E+03 -2.973E+01 -3.052E+01 -1.548E+01
  8.8842500E+03 -2.639E+01 -2.611E+01 -9.594E+00
  8.8847500E+03 -2.736E+01 -2.744E+01 -1.156E+01
  8.8852500E+03 -2.775E+01 -2.821E+01 -1.337E+01
  8.8857500E+03 -2.451E+01 -2.562E+01 -1.497E+01
  8.8862500E+03 -2.689E+01 -2.740E+01 -1.313E+01
  8.8867500E+03 -2.644E+01 -2.729E+01 -1.443E+01
  8.8872500E+03 -2.778E+01 -2.754E+01 -1.037E+01
  8.8877500E+03 -2.943E+01 -2.888E+01 -9.894E+00
  8.8882500E+03 -2.684E+01 -2.700E+01 -1.160E+01
  8.8887500E+03 -2.690E+01 -2.739E+01 -1.278E+01
  8.8892500E+03 -2.753E+01 -2.832E+01 -1.446E+01
  8.8897500E+03 -2.784E+01 -2.858E+01 -1.460E+01
  8.8902500E+03 -2.658E+01 -2.770E+01 -1.559E+01
  8.8907500E+03 -2.731E+01 -2.784E+01 -1.303E+01
  8.8912500E+03 -2.727E+01 -2.819E+01 -1.480E+01
  8.8917500E+03 -2.783E+01 -2.784E+01 -1.128E+01
  8.8922500E+03 -2.527E+01 -2.575E+01 -1.250E+01
  8.8927500E+03 -2.549E+01 -2.607E+01 -1.287E+01
  8.8932500E+03 -2.693E+01 -2.717E+01 -1.187E+01
  8.8937500E+03 -2.724E+01 -2.832E+01 -1.565E+01
  8.8942500E+03 -2.437E+01 -2.471E+01 -1.135E+01
  8.8947500E+03 -2.560E+01 -2.560E+01 -1.069E+01
  8.8952500E+03 -2.936E+01 -2.901E+01 -1.050E+01
  8.8957500E+03 -2.792E+01 -2.755E+01 -9.945E+00
  8.8962500E+03 -2.442E+01 -2.469E+01 -1.180E+01
  8.8967500E+03 -2.743E+01 -2.771E+01 -1.200E+01
  8.8972500E+03 -2.583E+01 -2.693E+01 -1.512E+01
  8.8977500E+03 -2.367E+01 -2.442E+01 -1.241E+01
  8.8982500E+03 -2.729E+01 -2.704E+01 -9.750E+00
  8.8987500E+03 -2.722E+01 -2.705E+01 -1.028E+01
  8.8992500E+03 -2.542E+01 -2.636E+01 -1.402E+01
  8.8997500E+03 -2.551E+01 -2.619E+01 -1.339E+01
  8.9002500E+03 -2.572E+01 -2.676E+01 -1.461E+01
  8.9007500E+03 -2.366E+01 -2.404E+01 -1.136E+01
  8.9012500E+03 -2.245E+01 -2.262E+01 -9.959E+00
  8.9017500E+03 -2.661E+01 -2.704E+01 -1.232E+01
  8.9022500E+03 -2.653E+01 -2.702E+01 -1.252E+01
  8.9027500E+03 -2.416E+01 -2.531E+01 -1.381E+01
  8.9032500E+03 -2.374E+01 -2.450E+01 -1.268E+01
  8.9037500E+03 -2.484E+01 -2.444E+01 -8.341E+00
  8.9042500E+03 -2.436E+01 -2.574E+01 -1.545E+01
  8.9047500E+03 -2.477E+01 -2.538E+01 -1.243E+01
  8.9052500E+03 -2.286E+01 -2.410E+01 -1.427E+01
  8.9057500E+03 -2.386E+01 -2.441E+01 -1.215E+01
  8.9062500E+03 -2.469E+01 -2.491E+01 -1.078E+01
  8.9067500E+03 -2.537E+01 -2.559E+01 -1.124E+01
  8.9072500E+03 -2.604E+01 -2.597E+01 -1.012E+01
  8.9077500E+03 -2.308E+01 -2.385E+01 -1.180E+01
  8.9082500E+03 -2.371E+01 -2.444E+01 -1.309E+01
  8.9087500E+03 -2.570E+01 -2.514E+01 -8.081E+00
  8.9092500E+03 -2.400E+01 -2.499E+01 -1.358E+01
  8.9097500E+03 -2.440E+01 -2.444E+01 -9.681E+00
  8.9102500E+03 -2.217E+01 -2.245E+01 -1.026E+01
  8.9107500E+03 -2.406E+01 -2.365E+01 -8.153E+00
  8.9112500E+03 -2.243E+01 -2.296E+01 -1.144E+01
  8.9117500E+03 -2.162E+01 -2.134E+01 -7.747E+00
  8.9122500E+03 -2.381E+01 -2.459E+01 -1.289E+01
  8.9127500E+03 -2.383E+01 -2.511E+01 -1.463E+01
  8.9132500E+03 -2.425E+01 -2.428E+01 -9.872E+00
  8.9137500E+03 -2.179E+01 -2.243E+01 -1.147E+01
  8.9142500E+03 -2.108E+01 -2.194E+01 -1.209E+01
  8.9147500E+03 -2.112E+01 -2.215E+01 -1.261E+01
  8.9152500E+03 -2.613E+01 -2.686E+01 -1.353E+01
  8.9157500E+03 -2.460E+01 -2.490E+01 -1.084E+01
  8.9162500E+03 -2.284E+01 -2.339E+01 -1.162E+01
  8.9167500E+03 -2.162E+01 -2.256E+01 -1.288E+01
  8.9172500E+03 -2.361E+01 -2.342E+01 -8.730E+00
  8.9177500E+03 -2.442E+01 -2.428E+01 -9.131E+00
  8.9182500E+03 -2.187E+01 -2.252E+01 -1.145E+01
  8.9187500E+03 -2.311E+01 -2.378E+01 -1.214E+01
  8.9192500E+03 -1.862E+01 -1.961E+01 -1.191E+01
  8.9197500E+03 -2.213E+01 -2.177E+01 -7.063E+00
  8.9202500E+03 -2.112E+01 -2.217E+01 -1.229E+01
  8.9207500E+03 -2.218E+01 -2.290E+01 -1.198E+01
  8.9212500E+03 -2.120E+01 -2.131E+01 -8.926E+00
  8.9217500E+03 -2.065E+01 -2.144E+01 -1.144E+01
  8.9222500E+03 -2.233E+01 -2.277E+01 -1.070E+01
  8.9227500E+03 -2.000E+01 -2.126E+01 -1.336E+01
  8.9232500E+03 -2.010E+01 -2.091E+01 -1.179E+01
  8.9237500E+03 -2.173E+01 -2.222E+01 -1.064E+01
  8.9242500E+03 -2.175E+01 -2.222E+01 -1.103E+01
  8.9247500E+03 -2.150E+01 -2.143E+01 -8.528E+00
  8.9252500E+03 -2.076E+01 -2.106E+01 -9.325E+00
  8.9257500E+03 -2.344E+01 -2.377E+01 -1.063E+01
  8.9262500E+03 -2.246E+01 -2.259E+01 -9.606E+00
  8.9267500E+03 -2.085E+01 -2.207E+01 -1.328E+01
  8.9272500E+03 -1.956E+01 -2.036E+01 -1.114E+01
  8.9277500E+03 -2.050E+01 -2.053E+01 -8.189E+00
  8.9282500E+03 -2.148E+01 -2.222E+01 -1.188E+01
  8.9287500E+03 -1.980E+01 -2.123E+01 -1.403E+01
  8.9292500E+03 -2.025E+01 -2.104E+01 -1.135E+01
  8.9297500E+03 -1.936E+01 -2.000E+01 -1.027E+01
  8.9302500E+03 -2.140E+01 -2.145E+01 -8.603E+00
  8.9307500E+03 -1.854E+01 -1.969E+01 -1.227E+01
  8.9312500E+03 -2.071E+01 -2.103E+01 -9.696E+00
  8.9317500E+03 -1.871E+01 -1.949E+01 -1.073E+01
  8.9322500E+03 -1.962E+01 -2.021E+01 -1.013E+01
  8.9327500E+03 -2.253E+01 -2.217E+01 -7.538E+00
  8.9332500E+03 -2.206E+01 -2.225E+01 -9.354E+00
  8.9337500E+03 -1.981E+01 -1.958E+01 -6.929E+00
  8.9342500E+03 -1.827E+01 -1.868E+01 -8.942E+00
  8.9347500E+03 -1.994E+01 -2.023E+01 -9.225E+00
  8.9352500E+03 -1.873E+01 -1.946E+01 -1.062E+01
  8.9357500E+03 -1.888E+01 -1.973E+01 -1.109E+01
  8.9362500E+03 -1.807E+01 -1.879E+01 -1.011E+01
  8.9367500E+03 -2.231E+01 -2.238E+01 -9.205E+00
  8.9372500E+03 -1.965E+01 -2.001E+01 -9.475E+00
  8.9377500E+03 -1.830E+01 -1.984E+01 -1.388E+01
  8.9382500E+03 -2.108E+01 -2.156E+01 -1.027E+01
  8.9387500E+03 -2.081E+01 -2.049E+01 -6.866E+00
  8.9392500E+03 -2.046E+01 -2.008E+01 -6.567E+00
  8.9397500E+03 -1.883E+01 -1.888E+01 -7.694E+00
  8.9402500E+03 -1.641E+01 -1.689E+01 -8.432E+00
  8.9407500E+03 -1.909E+01 -1.931E+01 -8.649E+00
  8.9412500E+03 -1.849E+01 -1.864E+01 -8.047E+00
  8.9417500E+03 -1.987E+01 -2.063E+01 -1.073E+01
  8.9422500E+03 -1.862E+01 -1.849E+01 -6.772E+00
  8.9427500E+03 -1.892E+01 -1.896E+01 -7.941E+00
  8.9432500E+03 -1.956E+01 -2.012E+01 -1.014E+01
  8.9437500E+03 -1.756E+01 -1.828E+01 -1.011E+01
  8.9442500E+03 -1.729E+01 -1.804E+01 -1.020E+01
  8.9447500E+03 -1.857E+01 -1.942E+01 -1.093E+01
  8.9452500E+03 -1.774E+01 -1.793E+01 -7.651E+00
  8.9457500E+03 -1.997E+01 -2.055E+01 -1.049E+01
  8.9462500E+03 -1.737E+01 -1.776E+01 -8.442E+00
  8.9467500E+03 -1.834E+01 -1.857E+01 -8.575E+00
  8.9472500E+03 -1.765E+01 -1.817E+01 -9.357E+00
  8.9477500E+03 -1.664E+01 -1.702E+01 -8.279E+00
  8.9482500E+03 -1.669E+01 -1.741E+01 -9.641E+00
  8.9487500E+03 -1.836E+01 -1.886E+01 -9.232E+00
  8.9492500E+03 -1.991E+01 -2.008E+01 -8.254E+00
  8.9497500E+03 -1.857E+01 -1.895E+01 -9.085E+00
  8.9502500E+03 -1.796E+01 -1.815E+01 -7.942E+00
  8.9507500E+03 -1.748E+01 -1.784E+01 -8.170E+00
  8.9512500E+03 -1.937E+01 -1.925E+01 -7.013E+00
  8.9517500E+03 -1.809E+01 -1.807E+01 -7.172E+00
  8.9522500E+03 -1.768E+01 -1.849E+01 -1.041E+01
  8.9527500E+03 -1.560E+01 -1.670E+01 -1.079E+01
  8.9532500E+03 -1.703E+01 -1.764E+01 -9.342E+00
  8.9537500E+03 -1.812E+01 -1.795E+01 -6.524E+00
  8.9542500E+03 -1.740E+01 -1.713E+01 -5.756E+00
  8.9547500E+03 -1.738E+01 -1.733E+01 -6.727E+00
  8.9552500E+03 -1.804E+01 -1.820E+01 -7.961E+00
  8.9557500E+03 -1.688E+01 -1.799E+01 -1.131E+01
  8.9562500E+03 -1.551E+01 -1.623E+01 -9.008E+00
  8.9567500E+03 -1.728E+01 -1.696E+01 -5.760E+00
  8.9572500E+03 -1.710E+01 -1.778E+01 -9.652E+00
  8.9577500E+03 -1.764E+01 -1.812E+01 -8.888E+00
  8.9582500E+03 -1.757E+01 -1.753E+01 -6.875E+00
  8.9587500E+03 -1.720E+01 -1.766E+01 -8.752E+00
  8.9592500E+03 -1.608E+01 -1.704E+01 -9.990E+00
  8.9597500E+03 -1.460E+01 -1.487E+01 -6.733E+00
  8.9602500E+03 -1.568E+01 -1.616E+01 -8.159E+00
  8.9607500E+03 -1.601E+01 -1.637E+01 -7.770E+00
  8.9612500E+03 -1.748E+01 -1.767E+01 -7.799E+00
  8.9617500E+03 -1.534E+01 -1.608E+01 -9.388E+00
  8.9622500E+03 -1.549E+01 -1.602E+01 -8.450E+00
  8.9627500E+03 -1.619E+01 -1.697E+01 -1.002E+01
  8.9632500E+03 -1.437E+01 -1.463E+01 -8.933E+00
  8.9637500E+03 -1.764E+01 -1.756E+01 -6.543E+00
  8.9642500E+03 -1.607E+01 -1.652E+01 -8.133E+00
  8.9647500E+03 -1.763E+01 -1.765E+01 -6.843E+00
  8.9652500E+03 -1.532E+01 -1.590E+01 -8.324E+00
  8.9657500E+03 -1.506E+01 -1.566E+01 -8.668E+00
  8.9662500E+03 -1.572E+01 -1.539E+01 -4.609E+00
  8.9667500E+03 -1.617E+01 -1.677E+01 -8.961E+00
  8.9672500E+03 -1.529E+01 -1.633E+01 -1.049E+01
  8.9677500E+03 -1.399E+01 -1.495E+01 -9.459E+00
  8.9682500E+03 -1.445E+01 -1.465E+01 -6.499E+00
  8.9687500E+03 -1.689E+01 -1.691E+01 -6.712E+00
  8.9692500E+03 -1.721E+01 -1.764E+01 -8.581E+00
  8.9697500E+03 -1.561E+01 -1.605E+01 -8.259E+00
  8.9702500E+03 -1.596E+01 -1.655E+01 -8.875E+00
  8.9707500E+03 -1.547E+01 -1.571E+01 -6.738E+00
  8.9712500E+03 -1.508E+01 -1.527E+01 -6.555E+00
  8.9717500E+03 -1.408E+01 -1.459E+01 -7.666E+00
  8.9722500E+03 -1.584E+01 -1.608E+01 -7.354E+00
  8.9727500E+03 -1.570E+01 -1.617E+01 -8.159E+00
  8.9732500E+03 -1.439E+01 -1.478E+01 -7.248E+00
  8.9737500E+03 -1.459E+01 -1.485E+01 -7.082E+00
  8.9742500E+03 -1.601E+01 -1.687E+01 -9.894E+00
  8.9747500E+03 -1.637E+01 -1.685E+01 -8.716E+00
  8.9752500E+03 -1.576E+01 -1.619E+01 -8.007E+00
  8.9757500E+03 -1.387E+01 -1.420E+01 -6.963E+00
  8.9762500E+03 -1.358E+01 -1.434E+01 -8.869E+00
  8.9767500E+03 -1.493E+01 -1.559E+01 -8.464E+00
  8.9772500E+03 -1.464E+01 -1.480E+01 -6.324E+00
  8.9777500E+03 -1.589E+01 -1.593E+01 -6.672E+00
  8.9782500E+03 -1.433E+01 -1.489E+01 -8.232E+00
  8.9787500E+03 -1.589E+01 -1.587E+01 -6.317E+00
  8.9792500E+03 -1.370E+01 -1.445E+01 -8.828E+00
  8.9797500E+03 -1.578E+01 -1.614E+01 -7.640E+00
  8.9802500E+03 -1.487E+01 -1.515E+01 -7.031E+00
  8.9807500E+03 -1.443E+01 -1.481E+01 -7.378E+00
  8.9812500E+03 -1.358E+01 -1.419E+01 -7.939E+00
  8.9817500E+03 -1.388E+01 -1.393E+01 -5.771E+00
  8.9822500E+03 -1.401E+01 -1.453E+01 -7.728E+00
  8.9827500E+03 -1.413E+01 -1.446E+01 -7.098E+00
  8.9832500E+03 -1.451E+01 -1.465E+01 -6.264E+00
  8.9837500E+03 -1.233E+01 -1.263E+01 -5.869E+00
  8.9842500E+03 -1.393E+01 -1.459E+01 -8.101E+00
  8.9847500E+03 -1.398E+01 -1.421E+01 -6.500E+00
  8.9852500E+03 -1.230E+01 -1.317E+01 -8.579E+00
  8.9857500E+03 -1.229E+01 -1.281E+01 -6.862E+00
  8.9862500E+03 -1.425E+01 -1.403E+01 -4.682E+00
  8.9867500E+03 -1.374E+01 -1.403E+01 -6.696E+00
  8.9872500E+03 -1.516E+01 -1.582E+01 -8.681E+00
  8.9877500E+03 -1.450E+01 -1.511E+01 -8.160E+00
  8.9882500E+03 -1.383E+01 -1.374E+01 -5.139E+00
  8.9887500E+03 -1.307E+01 -1.306E+01 -5.301E+00
  8.9892500E+03 -1.325E+01 -1.375E+01 -7.323E+00
  8.9897500E+03 -1.416E+01 -1.428E+01 -5.957E+00
  8.9902500E+03 -1.193E+01 -1.249E+01 -7.311E+00
  8.9907500E+03 -1.295E+01 -1.334E+01 -6.758E+00
  8.9912500E+03 -1.447E+01 -1.439E+01 -5.516E+00
  8.9917500E+03 -1.393E+01 -1.371E+01 -4.851E+00
  8.9922500E+03 -1.400E+01 -1.418E+01 -6.429E+00
  8.9927500E+03 -1.322E+01 -1.348E+01 -6.566E+00
  8.9932500E+03 -1.403E+01 -1.363E+01 -4.839E+00
  8.9937500E+03 -1.305E+01 -1.331E+01 -6.582E+00
  8.9942500E+03 -1.290E+01 -1.371E+01 -7.999E+00
  8.9947500E+03 -1.356E+01 -1.343E+01 -4.730E+00
  8.9952500E+03 -1.393E+01 -1.393E+01 -5.318E+00
  8.9957500E+03 -1.340E+01 -1.378E+01 -6.890E+00
  8.9962500E+03 -1.246E+01 -1.311E+01 -7.664E+00
  8.9967500E+03 -1.319E+01 -1.306E+01 -4.635E+00
  8.9972500E+03 -1.338E+01 -1.390E+01 -7.567E+00
  8.9977500E+03 -1.131E+01 -1.189E+01 -7.638E+00
  8.9982500E+03 -1.309E+01 -1.295E+01 -5.224E+00
  8.9987500E+03 -1.137E+01 -1.230E+01 -8.296E+00
  8.9992500E+03 -1.195E+01 -1.286E+01 -8.489E+00
  8.9997500E+03 -1.275E+01 -1.268E+01 -4.903E+00
  9.0002500E+03 -1.410E+01 -1.388E+01 -4.784E+00
  9.0007500E+03 -1.276E+01 -1.296E+01 -5.659E+00
  9.0012500E+03 -1.284E+01 -1.322E+01 -5.950E+00
  9.0017500E+03 -1.389E+01 -1.419E+01 -6.694E+00
  9.0022500E+03 -1.201E+01 -1.311E+01 -8.164E+00
  9.0027500E+03 -1.266E+01 -1.286E+01 -5.864E+00
  9.0032500E+03 -1.212E+01 -1.243E+01 -6.187E+00
  9.0037500E+03 -1.302E+01 -1.276E+01 -4.122E+00
  9.0042500E+03 -1.187E+01 -1.245E+01 -6.963E+00
  9.0047500E+03 -1.144E+01 -1.207E+01 -7.151E+00
  9.0052500E+03 -1.350E+01 -1.338E+01 -4.819E+00
  9.0057500E+03 -1.180E+01 -1.215E+01 -6.012E+00
  9.0062500E+03 -1.233E+01 -1.237E+01 -4.869E+00
  9.0067500E+03 -1.303E+01 -1.318E+01 -5.579E+00
  9.0072500E+03 -1.178E+01 -1.186E+01 -5.155E+00
  9.0077500E+03 -1.153E+01 -1.204E+01 -6.711E+00
  9.0082500E+03 -1.210E+01 -1.227E+01 -5.524E+00
  9.0087500E+03 -1.265E+01 -1.336E+01 -7.754E+00
  9.0092500E+03 -1.208E+01 -1.276E+01 -7.372E+00
  9.0097500E+03 -1.254E+01 -1.327E+01 -7.939E+00
  9.0102500E+03 -1.187E+01 -1.217E+01 -5.985E+00
  9.0107500E+03 -1.050E+01 -1.112E+01 -6.856E+00
  9.0112500E+03 -1.077E+01 -1.134E+01 -6.995E+00
  9.0117500E+03 -1.263E+01 -1.270E+01 -5.251E+00
  9.0122500E+03 -1.103E+01 -1.139E+01 -5.769E+00
  9.0127500E+03 -1.024E+01 -1.062E+01 -5.705E+00
  9.0132500E+03 -1.194E+01 -1.236E+01 -6.394E+00
  9.0137500E+03 -1.037E+01 -1.079E+01 -5.942E+00
  9.0142500E+03 -1.233E+01 -1.220E+01 -4.370E+00
  9.0147500E+03 -1.120E+01 -1.186E+01 -7.197E+00
  9.0152500E+03 -1.287E+01 -1.305E+01 -5.730E+00
  9.0157500E+03 -1.322E+01 -1.324E+01 -5.336E+00
  9.0162500E+03 -1.164E+01 -1.215E+01 -6.702E+00
  9.0167500E+03 -1.187E+01 -1.159E+01 -3.666E+00
  9.0172500E+03 -1.044E+01 -1.055E+01 -4.671E+00
  9.0177500E+03 -1.206E+01 -1.221E+01 -5.398E+00
  9.0182500E+03 -1.069E+01 -1.110E+01 -6.241E+00
  9.0187500E+03 -1.138E+01 -1.153E+01 -5.490E+00
  9.0192500E+03 -1.219E+01 -1.222E+01 -4.687E+00
  9.0197500E+03 -1.065E+01 -1.119E+01 -6.072E+00
  9.0202500E+03 -1.156E+01 -1.172E+01 -5.315E+00
  9.0207500E+03 -1.116E+01 -1.137E+01 -5.334E+00
  9.0212500E+03 -1.095E+01 -1.139E+01 -6.016E+00
  9.0217500E+03 -1.060E+01 -1.068E+01 -4.616E+00
  9.0222500E+03 -1.038E+01 -1.051E+01 -4.867E+00
  9.0227500E+03 -1.105E+01 -1.098E+01 -4.103E+00
  9.0232500E+03 -1.072E+01 -1.093E+01 -5.386E+00
  9.0237500E+03 -1.066E+01 -1.097E+01 -5.289E+00
  9.0242500E+03 -1.203E+01 -1.250E+01 -6.567E+00
  9.0247500E+03 -1.069E+01 -1.118E+01 -6.509E+00
  9.0252500E+03 -1.005E+01 -1.009E+01 -4.585E+00
  9.0257500E+03 -1.177E+01 -1.219E+01 -6.596E+00
  9.0262500E+03 -9.326E+00 -9.627E+00 -5.026E+00
  9.0267500E+03 -1.083E+01 -1.117E+01 -5.601E+00
  9.0272500E+03 -1.181E+01 -1.139E+01 -4.917E+00
  9.0277500E+03 -1.024E+01 -1.054E+01 -5.300E+00
  9.0282500E+03 -1.009E+01 -1.044E+01 -5.484E+00
  9.0287500E+03 -1.150E+01 -1.211E+01 -6.998E+00
  9.0292500E+03 -1.092E+01 -1.123E+01 -5.239E+00
  9.0297500E+03 -9.192E+00 -9.535E+00 -5.065E+00
  9.0302500E+03 -1.078E+01 -1.063E+01 -3.617E+00
  9.0307500E+03 -9.869E+00 -9.848E+00 -3.652E+00
  9.0312500E+03 -1.137E+01 -1.137E+01 -4.384E+00
  9.0317500E+03 -1.022E+01 -1.067E+01 -6.301E+00
  9.0322500E+03 -1.046E+01 -1.068E+01 -5.109E+00
  9.0327500E+03 -9.754E+00 -1.043E+01 -6.796E+00
  9.0332500E+03 -1.019E+01 -1.041E+01 -5.142E+00
  9.0337500E+03 -8.973E+00 -9.413E+00 -5.586E+00
  9.0342500E+03 -8.865E+00 -9.438E+00 -6.009E+00
  9.0347500E+03 -1.078E+01 -1.094E+01 -4.942E+00
  9.0352500E+03 -1.119E+01 -1.135E+01 -5.076E+00
  9.0357500E+03 -1.031E+01 -1.065E+01 -5.563E+00
  9.0362500E+03 -9.685E+00 -1.000E+01 -5.016E+00
  9.0367500E+03 -9.433E+00 -1.000E+01 -6.560E+00
  9.0372500E+03 -1.076E+01 -1.112E+01 -5.792E+00
  9.0377500E+03 -1.104E+01 -1.120E+01 -5.079E+00
  9.0382500E+03 -9.310E+00 -9.766E+00 -5.569E+00
  9.0387500E+03 -8.924E+00 -9.030E+00 -4.038E+00
  9.0392500E+03 -1.145E+01 -1.145E+01 -4.619E+00
  9.0397500E+03 -9.691E+00 -1.018E+01 -5.758E+00
  9.0402500E+03 -8.182E+00 -8.477E+00 -4.364E+00
  9.0407500E+03 -1.047E+01 -1.043E+01 -4.184E+00
  9.0412500E+03 -1.031E+01 -1.038E+01 -4.363E+00
  9.0417500E+03 -9.294E+00 -9.573E+00 -4.672E+00
  9.0422500E+03 -9.007E+00 -9.747E+00 -6.168E+00
  9.0427500E+03 -1.022E+01 -1.043E+01 -5.024E+00
  9.0432500E+03 -1.084E+01 -1.102E+01 -5.008E+00
  9.0437500E+03 -9.971E+00 -1.033E+01 -5.182E+00
  9.0442500E+03 -9.536E+00 -9.761E+00 -5.663E+00
  9.0447500E+03 -9.773E+00 -9.966E+00 -4.813E+00
  9.0452500E+03 -8.312E+00 -8.670E+00 -4.667E+00
  9.0457500E+03 -8.058E+00 -9.028E+00 -6.767E+00
  9.0462500E+03 -9.001E+00 -9.427E+00 -4.811E+00
  9.0467500E+03 -1.032E+01 -9.912E+00 -3.041E+00
  9.0472500E+03 -1.027E+01 -1.017E+01 -4.557E+00
  9.0477500E+03 -8.285E+00 -8.561E+00 -4.541E+00
  9.0482500E+03 -9.404E+00 -9.529E+00 -4.871E+00
  9.0487500E+03 -1.013E+01 -1.016E+01 -4.227E+00
  9.0492500E+03 -8.739E+00 -8.792E+00 -3.519E+00
  9.0497500E+03 -8.633E+00 -9.156E+00 -5.009E+00
  9.0502500E+03 -7.821E+00 -8.205E+00 -5.108E+00
  9.0507500E+03 -8.841E+00 -9.577E+00 -6.747E+00
  9.0512500E+03 -9.072E+00 -9.235E+00 -4.000E+00
  9.0517500E+03 -9.230E+00 -9.182E+00 -3.261E+00
  9.0522500E+03 -8.720E+00 -8.847E+00 -4.039E+00
  9.0527500E+03 -9.411E+00 -9.501E+00 -3.655E+00
  9.0532500E+03 -8.203E+00 -8.738E+00 -5.459E+00
  9.0537500E+03 -9.659E+00 -1.013E+01 -5.879E+00
  9.0542500E+03 -8.695E+00 -8.666E+00 -3.246E+00
  9.0547500E+03 -7.691E+00 -8.075E+00 -4.786E+00
  9.0552500E+03 -8.197E+00 -8.465E+00 -4.270E+00
  9.0557500E+03 -9.725E+00 -9.615E+00 -3.626E+00
  9.0562500E+03 -1.005E+01 -1.055E+01 -5.874E+00
  9.0567500E+03 -8.485E+00 -9.180E+00 -6.178E+00
  9.0572500E+03 -9.316E+00 -9.584E+00 -4.950E+00
  9.0577500E+03 -9.985E+00 -1.030E+01 -5.255E+00
  9.0582500E+03 -8.922E+00 -9.164E+00 -4.583E+00
  9.0587500E+03 -9.948E+00 -1.010E+01 -4.649E+00
  9.0592500E+03 -8.629E+00 -9.051E+00 -5.342E+00
  9.0597500E+03 -8.199E+00 -8.464E+00 -4.333E+00
  9.0602500E+03 -9.336E+00 -9.370E+00 -3.571E+00
  9.0607500E+03 -8.111E+00 -8.534E+00 -4.903E+00
  9.0612500E+03 -9.387E+00 -9.904E+00 -3.951E+00
  9.0617500E+03 -8.238E+00 -8.248E+00 -3.432E+00
  9.0622500E+03 -8.902E+00 -8.972E+00 -3.714E+00
  9.0627500E+03 -8.360E+00 -8.572E+00 -4.183E+00
  9.0632500E+03 -7.784E+00 -8.619E+00 -6.689E+00
  9.0637500E+03 -7.181E+00 -7.504E+00 -4.030E+00
  9.0642500E+03 -7.927E+00 -8.539E+00 -5.120E+00
  9.0647500E+03 -8.893E+00 -9.090E+00 -4.576E+00
  9.0652500E+03 -8.655E+00 -8.990E+00 -4.719E+00
  9.0657500E+03 -9.363E+00 -9.184E+00 -2.999E+00
  9.0662500E+03 -8.938E+00 -9.220E+00 -4.515E+00
  9.0667500E+03 -7.436E+00 -7.722E+00 -4.105E+00
  9.0672500E+03 -6.803E+00 -7.225E+00 -4.233E+00
  9.0677500E+03 -7.736E+00 -8.132E+00 -4.838E+00
  9.0682500E+03 -9.197E+00 -9.488E+00 -4.762E+00
  9.0687500E+03 -9.677E+00 -9.754E+00 -4.189E+00
  9.0692500E+03 -8.605E+00 -8.703E+00 -3.652E+00
  9.0697500E+03 -8.276E+00 -8.609E+00 -4.892E+00
  9.0702500E+03 -6.747E+00 -6.975E+00 -3.832E+00
  9.0707500E+03 -8.326E+00 -8.491E+00 -4.020E+00
  9.0712500E+03 -8.566E+00 -8.534E+00 -3.310E+00
  9.0717500E+03 -7.680E+00 -8.108E+00 -4.588E+00
  9.0722500E+03 -7.993E+00 -8.103E+00 -3.584E+00
  9.0727500E+03 -8.447E+00 -8.792E+00 -4.746E+00
  9.0732500E+03 -8.578E+00 -8.869E+00 -4.393E+00
  9.0737500E+03 -8.482E+00 -8.349E+00 -2.134E+00
  9.0742500E+03 -7.918E+00 -8.080E+00 -3.782E+00
  9.0747500E+03 -8.205E+00 -8.142E+00 -3.015E+00
  9.0752500E+03 -8.283E+00 -8.423E+00 -4.262E+00
  9.0757500E+03 -8.088E+00 -8.397E+00 -4.371E+00
  9.0762500E+03 -7.725E+00 -7.858E+00 -3.796E+00
  9.0767500E+03 -8.461E+00 -8.872E+00 -4.946E+00
  9.0772500E+03 -7.360E+00 -7.681E+00 -4.551E+00
  9.0777500E+03 -7.675E+00 -7.881E+00 -4.016E+00
  9.0782500E+03 -7.424E+00 -7.604E+00 -3.737E+00
  9.0787500E+03 -8.440E+00 -8.620E+00 -4.015E+00
  9.0792500E+03 -8.266E+00 -8.671E+00 -4.684E+00
  9.0797500E+03 -7.583E+00 -7.795E+00 -3.800E+00
  9.0802500E+03 -8.243E+00 -8.468E+00 -3.831E+00
  9.0807500E+03 -6.644E+00 -7.298E+00 -5.487E+00
  9.0812500E+03 -7.727E+00 -8.150E+00 -5.018E+00
  9.0817500E+03 -7.834E+00 -7.972E+00 -3.696E+00
  9.0822500E+03 -6.806E+00 -7.029E+00 -3.580E+00
  9.0827500E+03 -8.144E+00 -8.417E+00 -4.136E+00
  9.0832500E+03 -8.113E+00 -8.147E+00 -3.220E+00
  9.0837500E+03 -7.447E+00 -7.628E+00 -3.706E+00
  9.0842500E+03 -7.240E+00 -7.654E+00 -4.603E+00
  9.0847500E+03 -8.066E+00 -8.485E+00 -4.797E+00
  9.0852500E+03 -7.788E+00 -8.144E+00 -4.757E+00
  9.0857500E+03 -7.234E+00 -7.345E+00 -3.488E+00
  9.0862500E+03 -8.026E+00 -8.116E+00 -3.338E+00
  9.0867500E+03 -6.509E+00 -6.923E+00 -4.335E+00
  9.0872500E+03 -6.842E+00 -7.417E+00 -5.078E+00
  9.0877500E+03 -7.229E+00 -7.364E+00 -3.628E+00
  9.0882500E+03 -7.772E+00 -7.834E+00 -3.468E+00
  9.0887500E+03 -8.290E+00 -8.378E+00 -3.327E+00
  9.0892500E+03 -7.799E+00 -7.994E+00 -3.819E+00
  9.0897500E+03 -6.604E+00 -6.811E+00 -3.284E+00
  9.0902500E+03 -7.424E+00 -7.766E+00 -4.421E+00
  9.0907500E+03 -6.079E+00 -6.497E+00 -4.111E+00
  9.0912500E+03 -7.405E+00 -7.326E+00 -2.658E+00
  9.0917500E+03 -6.573E+00 -7.147E+00 -5.121E+00
  9.0922500E+03 -7.678E+00 -7.771E+00 -3.538E+00
  9.0927500E+03 -7.552E+00 -7.953E+00 -4.986E+00
  9.0932500E+03 -7.019E+00 -7.244E+00 -3.597E+00
  9.0937500E+03 -7.147E+00 -7.345E+00 -3.951E+00
  9.0942500E+03 -8.059E+00 -8.104E+00 -3.164E+00
  9.0947500E+03 -7.830E+00 -7.904E+00 -3.363E+00
  9.0952500E+03 -7.526E+00 -7.821E+00 -4.137E+00
  9.0957500E+03 -6.848E+00 -7.313E+00 -4.631E+00
  9.0962500E+03 -7.254E+00 -7.462E+00 -3.772E+00
  9.0967500E+03 -6.969E+00 -7.202E+00 -3.405E+00
  9.0972500E+03 -7.478E+00 -7.481E+00 -2.843E+00
  9.0977500E+03 -7.036E+00 -7.279E+00 -3.662E+00
  9.0982500E+03 -6.119E+00 -6.534E+00 -4.894E+00
  9.0987500E+03 -7.569E+00 -8.159E+00 -5.058E+00
  9.0992500E+03 -7.818E+00 -7.430E+00 -2.800E+00
  9.0997500E+03 -7.344E+00 -7.340E+00 -3.635E+00
  9.1002500E+03 -7.486E+00 -8.021E+00 -3.428E+00
  9.1007500E+03 -7.044E+00 -7.404E+00 -4.012E+00
  9.1012500E+03 -7.237E+00 -7.252E+00 -3.535E+00
  9.1017500E+03 -6.810E+00 -7.169E+00 -3.959E+00
  9.1022500E+03 -6.567E+00 -6.903E+00 -3.921E+00
  9.1027500E+03 -6.902E+00 -7.164E+00 -3.481E+00
  9.1032500E+03 -6.376E+00 -6.447E+00 -3.199E+00
  9.1037500E+03 -6.662E+00 -6.794E+00 -3.191E+00
  9.1042500E+03 -6.676E+00 -6.561E+00 -2.080E+00
  9.1047500E+03 -6.314E+00 -6.466E+00 -3.456E+00
  9.1052500E+03 -6.080E+00 -6.336E+00 -3.726E+00
  9.1057500E+03 -7.364E+00 -7.372E+00 -3.040E+00
  9.1062500E+03 -6.580E+00 -6.833E+00 -3.433E+00
  9.1067500E+03 -7.222E+00 -7.448E+00 -3.792E+00
  9.1072500E+03 -6.974E+00 -7.028E+00 -3.139E+00
  9.1077500E+03 -7.234E+00 -7.308E+00 -3.217E+00
  9.1082500E+03 -5.828E+00 -6.453E+00 -4.867E+00
  9.1087500E+03 -6.247E+00 -6.674E+00 -4.280E+00
  9.1092500E+03 -6.034E+00 -6.191E+00 -2.876E+00
  9.1097500E+03 -7.145E+00 -7.002E+00 -2.378E+00
  9.1102500E+03 -6.192E+00 -6.363E+00 -3.140E+00
  9.1107500E+03 -6.973E+00 -7.202E+00 -3.797E+00
  9.1112500E+03 -7.492E+00 -7.934E+00 -4.664E+00
  9.1117500E+03 -7.682E+00 -7.687E+00 -3.179E+00
  9.1122500E+03 -6.881E+00 -7.440E+00 -4.987E+00
  9.1127500E+03 -6.195E+00 -6.566E+00 -3.757E+00
  9.1132500E+03 -5.775E+00 -5.869E+00 -2.499E+00
  9.1137500E+03 -6.703E+00 -6.579E+00 -2.034E+00
  9.1142500E+03 -6.636E+00 -6.942E+00 -3.881E+00
  9.1147500E+03 -6.254E+00 -6.387E+00 -3.219E+00
  9.1152500E+03 -6.618E+00 -6.808E+00 -3.309E+00
  9.1157500E+03 -6.141E+00 -6.254E+00 -2.697E+00
  9.1162500E+03 -6.260E+00 -6.493E+00 -3.889E+00
  9.1167500E+03 -7.245E+00 -7.302E+00 -3.232E+00
  9.1172500E+03 -6.429E+00 -6.535E+00 -2.847E+00
  9.1177500E+03 -6.331E+00 -6.574E+00 -3.734E+00
  9.1182500E+03 -6.301E+00 -6.560E+00 -3.311E+00
  9.1187500E+03 -6.520E+00 -6.636E+00 -2.919E+00
  9.1192500E+03 -5.889E+00 -6.183E+00 -3.418E+00
  9.1197500E+03 -5.793E+00 -5.907E+00 -2.872E+00
  9.1202500E+03 -6.023E+00 -6.149E+00 -2.700E+00
  9.1207500E+03 -5.376E+00 -5.542E+00 -2.989E+00
  9.1212500E+03 -6.123E+00 -6.177E+00 -2.484E+00
  9.1217500E+03 -6.554E+00 -6.739E+00 -3.380E+00
  9.1222500E+03 -6.455E+00 -6.546E+00 -3.155E+00
  9.1227500E+03 -6.995E+00 -7.127E+00 -3.032E+00
  9.1232500E+03 -6.368E+00 -6.955E+00 -4.716E+00
  9.1237500E+03 -6.243E+00 -6.664E+00 -4.503E+00
  9.1242500E+03 -6.070E+00 -6.252E+00 -3.182E+00
  9.1247500E+03 -6.054E+00 -6.201E+00 -3.043E+00
  9.1252500E+03 -6.239E+00 -6.157E+00 -2.587E+00
  9.1257500E+03 -6.550E+00 -6.749E+00 -3.266E+00
  9.1262500E+03 -6.263E+00 -6.595E+00 -3.655E+00
  9.1267500E+03 -6.045E+00 -6.429E+00 -3.773E+00
  9.1272500E+03 -5.631E+00 -5.676E+00 -2.679E+00
  9.1277500E+03 -5.122E+00 -5.309E+00 -3.099E+00
  9.1282500E+03 -6.358E+00 -6.559E+00 -2.996E+00
  9.1287500E+03 -6.264E+00 -6.088E+00 -1.798E+00
  9.1292500E+03 -6.117E+00 -6.014E+00 -2.007E+00
  9.1297500E+03 -5.725E+00 -6.022E+00 -3.371E+00
  9.1302500E+03 -5.722E+00 -6.142E+00 -3.929E+00
  9.1307500E+03 -5.896E+00 -6.242E+00 -3.487E+00
  9.1312500E+03 -5.627E+00 -6.031E+00 -4.056E+00
  9.1317500E+03 -6.221E+00 -6.178E+00 -2.322E+00
  9.1322500E+03 -6.404E+00 -6.821E+00 -4.253E+00
  9.1327500E+03 -6.706E+00 -6.918E+00 -3.241E+00
  9.1332500E+03 -5.548E+00 -5.597E+00 -2.505E+00
  9.1337500E+03 -5.543E+00 -5.886E+00 -3.594E+00
  9.1342500E+03 -5.111E+00 -5.174E+00 -2.233E+00
  9.1347500E+03 -5.234E+00 -5.361E+00 -2.910E+00
  9.1352500E+03 -6.336E+00 -6.297E+00 -2.352E+00
  9.1357500E+03 -5.948E+00 -6.344E+00 -3.942E+00
  9.1362500E+03 -5.888E+00 -6.180E+00 -3.574E+00
  9.1367500E+03 -5.059E+00 -5.470E+00 -3.750E+00
  9.1372500E+03 -5.426E+00 -5.438E+00 -2.431E+00
  9.1377500E+03 -5.974E+00 -5.911E+00 -2.656E+00
  9.1382500E+03 -6.412E+00 -6.247E+00 -2.228E+00
  9.1387500E+03 -6.000E+00 -5.915E+00 -2.055E+00
  9.1392500E+03 -4.668E+00 -4.966E+00 -3.157E+00
  9.1397500E+03 -4.596E+00 -4.768E+00 -2.617E+00
  9.1402500E+03 -5.433E+00 -5.871E+00 -3.428E+00
  9.1407500E+03 -5.419E+00 -5.617E+00 -2.951E+00
  9.1412500E+03 -6.293E+00 -6.409E+00 -3.041E+00
  9.1417500E+03 -5.294E+00 -5.534E+00 -3.090E+00
  9.1422500E+03 -6.174E+00 -6.161E+00 -2.479E+00
  9.1427500E+03 -5.403E+00 -5.629E+00 -3.105E+00
  9.1432500E+03 -4.972E+00 -5.600E+00 -4.598E+00
  9.1437500E+03 -5.159E+00 -5.206E+00 -2.092E+00
  9.1442500E+03 -5.341E+00 -5.436E+00 -2.541E+00
  9.1447500E+03 -5.183E+00 -5.324E+00 -2.344E+00
  9.1452500E+03 -5.025E+00 -5.222E+00 -2.693E+00
  9.1457500E+03 -6.311E+00 -6.342E+00 -3.092E+00
  9.1462500E+03 -6.519E+00 -6.722E+00 -3.039E+00
  9.1467500E+03 -5.762E+00 -5.614E+00 -1.795E+00
  9.1472500E+03 -5.641E+00 -5.665E+00 -2.614E+00
  9.1477500E+03 -5.519E+00 -5.524E+00 -2.223E+00
  9.1482500E+03 -4.907E+00 -4.754E+00 -1.348E+00
  9.1487500E+03 -6.473E+00 -6.265E+00 -1.184E+00
  9.1492500E+03 -5.239E+00 -5.483E+00 -3.081E+00
  9.1497500E+03 -5.441E+00 -5.552E+00 -2.612E+00
  9.1502500E+03 -5.726E+00 -5.715E+00 -2.529E+00
  9.1507500E+03 -4.560E+00 -4.966E+00 -3.225E+00
  9.1512500E+03 -5.069E+00 -5.562E+00 -3.429E+00
  9.1517500E+03 -5.236E+00 -5.543E+00 -3.389E+00
  9.1522500E+03 -5.841E+00 -5.828E+00 -2.640E+00
  9.1527500E+03 -5.028E+00 -5.147E+00 -2.743E+00
  9.1532500E+03 -5.178E+00 -5.772E+00 -4.253E+00
  9.1537500E+03 -4.844E+00 -5.242E+00 -3.183E+00
  9.1542500E+03 -4.308E+00 -4.422E+00 -2.470E+00
  9.1547500E+03 -5.220E+00 -5.161E+00 -1.863E+00
  9.1552500E+03 -5.592E+00 -5.591E+00 -2.351E+00
  9.1557500E+03 -4.764E+00 -5.066E+00 -2.668E+00
  9.1562500E+03 -5.093E+00 -5.263E+00 -2.460E+00
  9.1567500E+03 -5.017E+00 -5.222E+00 -2.939E+00
  9.1572500E+03 -4.476E+00 -4.715E+00 -2.779E+00
  9.1577500E+03 -5.805E+00 -5.831E+00 -2.143E+00
  9.1582500E+03 -5.253E+00 -5.201E+00 -1.750E+00
  9.1587500E+03 -4.956E+00 -4.914E+00 -1.751E+00
  9.1592500E+03 -4.862E+00 -5.207E+00 -3.369E+00
  9.1597500E+03 -6.177E+00 -6.032E+00 -2.075E+00
  9.1602500E+03 -5.472E+00 -5.719E+00 -2.994E+00
  9.1607500E+03 -4.825E+00 -5.010E+00 -2.666E+00
  9.1612500E+03 -4.830E+00 -5.060E+00 -2.895E+00
  9.1617500E+03 -4.801E+00 -4.788E+00 -2.173E+00
  9.1622500E+03 -5.053E+00 -5.114E+00 -2.188E+00
  9.1627500E+03 -4.702E+00 -5.094E+00 -3.723E+00
  9.1632500E+03 -4.414E+00 -4.769E+00 -3.188E+00
  9.1637500E+03 -4.144E+00 -4.242E+00 -1.836E+00
  9.1642500E+03 -4.335E+00 -4.521E+00 -2.415E+00
  9.1647500E+03 -5.202E+00 -5.198E+00 -2.051E+00
  9.1652500E+03 -4.387E+00 -4.830E+00 -3.481E+00
  9.1657500E+03 -5.455E+00 -5.512E+00 -2.534E+00
  9.1662500E+03 -4.690E+00 -4.979E+00 -3.264E+00
  9.1667500E+03 -5.371E+00 -5.551E+00 -3.026E+00
  9.1672500E+03 -4.663E+00 -4.775E+00 -2.344E+00
  9.1677500E+03 -5.169E+00 -5.645E+00 -4.037E+00
  9.1682500E+03 -4.869E+00 -5.095E+00 -3.048E+00
  9.1687500E+03 -5.042E+00 -5.335E+00 -3.037E+00
  9.1692500E+03 -4.746E+00 -4.991E+00 -2.896E+00
  9.1697500E+03 -4.611E+00 -4.600E+00 -1.855E+00
  9.1702500E+03 -4.417E+00 -4.574E+00 -2.418E+00
  9.1707500E+03 -4.857E+00 -4.995E+00 -2.345E+00
  9.1712500E+03 -5.088E+00 -5.105E+00 -2.159E+00
  9.1717500E+03 -5.391E+00 -5.348E+00 -1.900E+00
  9.1722500E+03 -5.399E+00 -5.258E+00 -1.509E+00
  9.1727500E+03 -4.679E+00 -5.343E+00 -4.380E+00
  9.1732500E+03 -4.434E+00 -4.655E+00 -2.744E+00
  9.1737500E+03 -4.886E+00 -4.901E+00 -1.803E+00
  9.1742500E+03 -4.341E+00 -4.463E+00 -2.149E+00
  9.1747500E+03 -5.535E+00 -5.799E+00 -3.162E+00
  9.1752500E+03 -4.356E+00 -4.510E+00 -2.511E+00
  9.1757500E+03 -4.503E+00 -4.718E+00 -2.446E+00
  9.1762500E+03 -4.553E+00 -4.590E+00 -1.873E+00
  9.1767500E+03 -4.643E+00 -4.950E+00 -2.908E+00
  9.1772500E+03 -5.095E+00 -5.132E+00 -2.506E+00
  9.1777500E+03 -3.857E+00 -3.883E+00 -1.901E+00
  9.1782500E+03 -4.632E+00 -4.656E+00 -2.064E+00
  9.1787500E+03 -4.118E+00 -4.154E+00 -1.862E+00
  9.1792500E+03 -5.263E+00 -5.470E+00 -2.644E+00
  9.1797500E+03 -5.912E+00 -5.651E+00 -1.090E+00
  9.1802500E+03 -4.944E+00 -5.181E+00 -2.792E+00
  9.1807500E+03 -4.520E+00 -4.682E+00 -2.585E+00
  9.1812500E+03 -3.992E+00 -4.324E+00 -3.234E+00
  9.1817500E+03 -3.335E+00 -3.699E+00 -2.926E+00
  9.1822500E+03 -3.639E+00 -3.850E+00 -2.287E+00
  9.1827500E+03 -4.263E+00 -4.511E+00 -2.652E+00
  9.1832500E+03 -4.964E+00 -4.813E+00 -1.599E+00
  9.1837500E+03 -5.009E+00 -4.957E+00 -1.897E+00
  9.1842500E+03 -4.892E+00 -4.955E+00 -2.181E+00
  9.1847500E+03 -4.721E+00 -4.873E+00 -2.421E+00
  9.1852500E+03 -4.732E+00 -4.922E+00 -2.409E+00
  9.1857500E+03 -4.551E+00 -4.751E+00 -2.437E+00
  9.1862500E+03 -3.820E+00 -3.974E+00 -2.173E+00
  9.1867500E+03 -4.320E+00 -4.687E+00 -3.105E+00
  9.1872500E+03 -5.330E+00 -5.287E+00 -1.979E+00
  9.1877500E+03 -4.050E+00 -4.365E+00 -2.734E+00
  9.1882500E+03 -4.291E+00 -4.715E+00 -3.338E+00
  9.1887500E+03 -4.773E+00 -4.893E+00 -2.494E+00
  9.1892500E+03 -4.226E+00 -4.555E+00 -3.134E+00
  9.1897500E+03 -4.001E+00 -4.100E+00 -1.930E+00
  9.1902500E+03 -3.816E+00 -3.529E+00 -4.837E-01
  9.1907500E+03 -5.102E+00 -5.087E+00 -1.772E+00
  9.1912500E+03 -4.708E+00 -4.676E+00 -1.791E+00
  9.1917500E+03 -3.869E+00 -3.986E+00 -2.381E+00
  9.1922500E+03 -4.437E+00 -4.829E+00 -3.371E+00
  9.1927500E+03 -4.773E+00 -5.055E+00 -2.905E+00
  9.1932500E+03 -5.541E+00 -5.457E+00 -1.684E+00
  9.1937500E+03 -5.371E+00 -5.325E+00 -2.055E+00
  9.1942500E+03 -3.277E+00 -3.634E+00 -2.612E+00
  9.1947500E+03 -5.035E+00 -5.240E+00 -2.571E+00
  9.1952500E+03 -4.487E+00 -4.591E+00 -2.390E+00
  9.1957500E+03 -4.884E+00 -4.999E+00 -2.392E+00
  9.1962500E+03 -4.667E+00 -4.699E+00 -1.761E+00
  9.1967500E+03 -4.133E+00 -4.399E+00 -2.689E+00
  9.1972500E+03 -3.859E+00 -4.055E+00 -2.376E+00
  9.1977500E+03 -4.087E+00 -4.101E+00 -1.689E+00
  9.1982500E+03 -4.563E+00 -4.714E+00 -2.503E+00
  9.1987500E+03 -3.665E+00 -3.803E+00 -2.294E+00
  9.1992500E+03 -4.419E+00 -4.636E+00 -2.412E+00
  9.1997500E+03 -3.802E+00 -3.955E+00 -2.299E+00
  9.2002500E+03 -3.848E+00 -4.249E+00 -3.040E+00
  9.2007500E+03 -4.164E+00 -4.320E+00 -2.269E+00
  9.2012500E+03 -3.947E+00 -3.775E+00 -8.816E-01
  9.2017500E+03 -4.025E+00 -3.988E+00 -1.401E+00
  9.2022500E+03 -3.685E+00 -3.844E+00 -1.895E+00
  9.2027500E+03 -3.773E+00 -3.943E+00 -2.157E+00
  9.2032500E+03 -4.143E+00 -4.289E+00 -2.399E+00
  9.2037500E+03 -4.816E+00 -4.832E+00 -1.997E+00
  9.2042500E+03 -4.591E+00 -4.638E+00 -1.671E+00
  9.2047500E+03 -4.057E+00 -4.278E+00 -2.601E+00
  9.2052500E+03 -4.545E+00 -4.872E+00 -3.540E+00
  9.2057500E+03 -4.426E+00 -4.653E+00 -2.434E+00
  9.2062500E+03 -4.014E+00 -4.109E+00 -2.037E+00
  9.2067500E+03 -4.250E+00 -4.352E+00 -2.045E+00
  9.2072500E+03 -4.047E+00 -4.158E+00 -1.797E+00
  9.2077500E+03 -4.042E+00 -3.995E+00 -1.534E+00
  9.2082500E+03 -3.720E+00 -4.038E+00 -2.899E+00
  9.2087500E+03 -3.247E+00 -3.407E+00 -2.317E+00
  9.2092500E+03 -3.381E+00 -3.593E+00 -2.484E+00
  9.2097500E+03 -4.441E+00 -4.468E+00 -1.492E+00
  9.2102500E+03 -4.539E+00 -4.587E+00 -1.977E+00
  9.2107500E+03 -4.148E+00 -4.350E+00 -2.484E+00
  9.2112500E+03 -3.616E+00 -3.897E+00 -2.624E+00
  9.2117500E+03 -3.374E+00 -3.390E+00 -1.482E+00
  9.2122500E+03 -3.363E+00 -3.451E+00 -1.553E+00
  9.2127500E+03 -3.324E+00 -3.203E+00 -8.497E-01
  9.2132500E+03 -4.262E+00 -4.521E+00 -2.815E+00
  9.2137500E+03 -4.385E+00 -4.518E+00 -1.707E+00
  9.2142500E+03 -3.986E+00 -4.108E+00 -2.176E+00
  9.2147500E+03 -3.985E+00 -3.898E+00 -1.179E+00
  9.2152500E+03 -3.616E+00 -4.041E+00 -3.004E+00
  9.2157500E+03 -3.852E+00 -3.801E+00 -1.427E+00
  9.2162500E+03 -3.115E+00 -3.422E+00 -2.505E+00
  9.2167500E+03 -4.345E+00 -4.294E+00 -2.496E+00
  9.2172500E+03 -3.438E+00 -3.590E+00 -2.430E+00
  9.2177500E+03 -4.011E+00 -4.342E+00 -2.551E+00
  9.2182500E+03 -3.470E+00 -3.584E+00 -1.982E+00
  9.2187500E+03 -3.536E+00 -3.498E+00 -1.356E+00
  9.2192500E+03 -3.845E+00 -3.959E+00 -2.128E+00
  9.2197500E+03 -4.007E+00 -4.068E+00 -1.876E+00
  9.2202500E+03 -4.922E+00 -4.930E+00 -1.826E+00
  9.2207500E+03 -4.045E+00 -4.343E+00 -2.732E+00
  9.2212500E+03 -3.557E+00 -3.712E+00 -1.822E+00
  9.2217500E+03 -3.787E+00 -3.972E+00 -2.368E+00
  9.2222500E+03 -3.575E+00 -3.982E+00 -2.867E+00
  9.2227500E+03 -3.832E+00 -4.095E+00 -2.673E+00
  9.2232500E+03 -3.538E+00 -3.644E+00 -1.752E+00
  9.2237500E+03 -3.433E+00 -3.728E+00 -2.436E+00
  9.2242500E+03 -3.905E+00 -4.022E+00 -2.199E+00
  9.2247500E+03 -3.579E+00 -3.785E+00 -2.492E+00
  9.2252500E+03 -4.133E+00 -3.990E+00 -1.177E+00
  9.2257500E+03 -3.260E+00 -3.402E+00 -1.883E+00
  9.2262500E+03 -3.789E+00 -3.929E+00 -2.277E+00
  9.2267500E+03 -4.072E+00 -4.321E+00 -2.584E+00
  9.2272500E+03 -3.965E+00 -4.083E+00 -1.822E+00
  9.2277500E+03 -4.266E+00 -3.997E+00 -3.707E-01
  9.2282500E+03 -3.600E+00 -3.567E+00 -1.369E+00
  9.2287500E+03 -3.996E+00 -4.006E+00 -1.665E+00
  9.2292500E+03 -3.777E+00 -4.110E+00 -3.021E+00
  9.2297500E+03 -3.688E+00 -3.847E+00 -2.152E+00
  9.2302500E+03 -3.655E+00 -3.749E+00 -1.637E+00
  9.2307500E+03 -3.014E+00 -2.924E+00 -1.186E+00
  9.2312500E+03 -3.263E+00 -3.408E+00 -1.931E+00
  9.2317500E+03 -3.372E+00 -3.637E+00 -2.332E+00
  9.2322500E+03 -3.461E+00 -3.635E+00 -2.115E+00
  9.2327500E+03 -4.020E+00 -4.279E+00 -2.414E+00
  9.2332500E+03 -2.804E+00 -2.918E+00 -1.780E+00
  9.2337500E+03 -3.954E+00 -3.771E+00 -8.175E-01
  9.2342500E+03 -3.351E+00 -3.669E+00 -2.710E+00
  9.2347500E+03 -4.199E+00 -4.280E+00 -1.983E+00
  9.2352500E+03 -3.919E+00 -3.911E+00 -1.552E+00
  9.2357500E+03 -3.979E+00 -4.312E+00 -2.689E+00
  9.2362500E+03 -3.252E+00 -3.371E+00 -1.569E+00
  9.2367500E+03 -3.327E+00 -3.362E+00 -1.471E+00
  9.2372500E+03 -2.964E+00 -3.185E+00 -2.160E+00
  9.2377500E+03 -3.642E+00 -3.877E+00 -2.500E+00
  9.2382500E+03 -3.297E+00 -3.454E+00 -1.919E+00
  9.2387500E+03 -3.107E+00 -3.224E+00 -1.725E+00
  9.2392500E+03 -3.270E+00 -3.220E+00 -1.022E+00
  9.2397500E+03 -3.167E+00 -3.298E+00 -1.882E+00
  9.2402500E+03 -3.328E+00 -3.499E+00 -2.478E+00
  9.2407500E+03 -3.420E+00 -3.497E+00 -1.795E+00
  9.2412500E+03 -3.859E+00 -3.931E+00 -1.563E+00
  9.2417500E+03 -3.270E+00 -3.383E+00 -1.765E+00
  9.2422500E+03 -2.588E+00 -2.752E+00 -1.711E+00
  9.2427500E+03 -3.352E+00 -3.369E+00 -1.470E+00
  9.2432500E+03 -4.266E+00 -4.142E+00 -1.042E+00
  9.2437500E+03 -3.487E+00 -3.518E+00 -1.596E+00
  9.2442500E+03 -3.441E+00 -3.586E+00 -1.864E+00
  9.2447500E+03 -2.960E+00 -2.996E+00 -1.567E+00
  9.2452500E+03 -3.236E+00 -3.391E+00 -2.057E+00
  9.2457500E+03 -3.787E+00 -3.832E+00 -1.895E+00
  9.2462500E+03 -3.753E+00 -3.867E+00 -1.605E+00
  9.2467500E+03 -2.881E+00 -3.169E+00 -2.282E+00
  9.2472500E+03 -2.517E+00 -2.636E+00 -1.698E+00
  9.2477500E+03 -3.319E+00 -3.421E+00 -1.847E+00
  9.2482500E+03 -3.727E+00 -3.607E+00 -9.053E-01
  9.2487500E+03 -2.852E+00 -3.004E+00 -1.839E+00
  9.2492500E+03 -3.425E+00 -3.440E+00 -1.335E+00
  9.2497500E+03 -3.845E+00 -3.893E+00 -1.964E+00
  9.2502500E+03 -3.520E+00 -3.614E+00 -1.947E+00
  9.2507500E+03 -3.828E+00 -3.825E+00 -1.133E+00
  9.2512500E+03 -3.271E+00 -3.592E+00 -2.464E+00
  9.2517500E+03 -2.916E+00 -3.160E+00 -2.178E+00
  9.2522500E+03 -3.797E+00 -3.628E+00 -8.595E-01
  9.2527500E+03 -3.445E+00 -3.389E+00 -9.374E-01
  9.2532500E+03 -2.895E+00 -3.274E+00 -2.551E+00
  9.2537500E+03 -2.979E+00 -3.026E+00 -1.214E+00
  9.2542500E+03 -2.623E+00 -2.848E+00 -1.985E+00
  9.2547500E+03 -3.051E+00 -3.253E+00 -1.919E+00
  9.2552500E+03 -3.558E+00 -3.607E+00 -1.593E+00
  9.2557500E+03 -3.700E+00 -3.879E+00 -2.315E+00
  9.2562500E+03 -2.703E+00 -2.979E+00 -2.321E+00
  9.2567500E+03 -2.872E+00 -2.790E+00 -3.373E-01
  9.2572500E+03 -3.216E+00 -3.087E+00 -9.979E-01
  9.2577500E+03 -2.835E+00 -3.151E+00 -2.346E+00
  9.2582500E+03 -2.858E+00 -3.037E+00 -1.658E+00
  9.2587500E+03 -3.440E+00 -3.239E+00 -6.747E-01
  9.2592500E+03 -3.498E+00 -3.367E+00 -1.465E+00
  9.2597500E+03 -2.566E+00 -2.717E+00 -1.729E+00
  9.2602500E+03 -2.908E+00 -3.109E+00 -1.954E+00
  9.2607500E+03 -3.594E+00 -3.721E+00 -1.953E+00
  9.2612500E+03 -3.323E+00 -3.455E+00 -1.783E+00
  9.2617500E+03 -3.201E+00 -3.193E+00 -1.177E+00
  9.2622500E+03 -3.401E+00 -3.332E+00 -1.120E+00
  9.2627500E+03 -3.179E+00 -3.263E+00 -1.814E+00
  9.2632500E+03 -3.299E+00 -3.377E+00 -1.604E+00
  9.2637500E+03 -2.969E+00 -3.103E+00 -1.438E+00
  9.2642500E+03 -3.362E+00 -3.654E+00 -2.643E+00
  9.2647500E+03 -2.409E+00 -2.888E+00 -2.691E+00
  9.2652500E+03 -2.696E+00 -2.862E+00 -1.878E+00
  9.2657500E+03 -3.342E+00 -3.487E+00 -1.965E+00
  9.2662500E+03 -2.748E+00 -2.805E+00 -1.216E+00
  9.2667500E+03 -3.746E+00 -3.613E+00 -9.981E-01
  9.2672500E+03 -3.718E+00 -3.515E+00 -1.147E+00
  9.2677500E+03 -3.362E+00 -3.233E+00 -9.012E-01
  9.2682500E+03 -3.128E+00 -3.139E+00 -1.528E+00
  9.2687500E+03 -2.954E+00 -2.907E+00 -1.112E+00
  9.2692500E+03 -2.524E+00 -2.724E+00 -1.929E+00
  9.2697500E+03 -3.139E+00 -3.544E+00 -2.715E+00
  9.2702500E+03 -2.676E+00 -2.920E+00 -1.971E+00
  9.2707500E+03 -2.796E+00 -2.892E+00 -1.006E+00
  9.2712500E+03 -2.885E+00 -2.736E+00 -6.584E-01
  9.2717500E+03 -2.510E+00 -2.803E+00 -2.842E+00
  9.2722500E+03 -2.796E+00 -3.013E+00 -1.944E+00
  9.2727500E+03 -2.700E+00 -2.778E+00 -1.452E+00
  9.2732500E+03 -3.041E+00 -2.921E+00 -8.086E-01
  9.2737500E+03 -3.068E+00 -2.955E+00 -5.164E-01
  9.2742500E+03 -3.129E+00 -3.574E+00 -2.993E+00
  9.2747500E+03 -3.407E+00 -3.623E+00 -2.215E+00
  9.2752500E+03 -3.392E+00 -3.303E+00 -1.075E+00
  9.2757500E+03 -2.751E+00 -2.934E+00 -1.843E+00
  9.2762500E+03 -2.968E+00 -2.720E+00 -8.887E-01
  9.2767500E+03 -2.773E+00 -2.805E+00 -1.260E+00
  9.2772500E+03 -3.510E+00 -3.733E+00 -2.142E+00
  9.2777500E+03 -2.960E+00 -3.107E+00 -1.839E+00
  9.2782500E+03 -3.101E+00 -3.235E+00 -1.644E+00
  9.2787500E+03 -2.929E+00 -3.024E+00 -1.674E+00
  9.2792500E+03 -2.172E+00 -2.352E+00 -1.833E+00
  9.2797500E+03 -2.797E+00 -2.828E+00 -1.548E+00
  9.2802500E+03 -2.999E+00 -2.922E+00 -8.538E-01
  9.2807500E+03 -3.399E+00 -3.404E+00 -1.752E+00
  9.2812500E+03 -2.235E+00 -2.278E+00 -1.279E+00
  9.2817500E+03 -2.554E+00 -3.000E+00 -2.091E+00
  9.2822500E+03 -3.282E+00 -3.611E+00 -2.164E+00
  9.2827500E+03 -3.520E+00 -3.571E+00 -1.406E+00
  9.2832500E+03 -3.219E+00 -3.252E+00 -1.687E+00
  9.2837500E+03 -3.414E+00 -3.282E+00 -1.858E+00
  9.2842500E+03 -3.347E+00 -3.416E+00 -1.387E+00
  9.2847500E+03 -2.643E+00 -3.493E+00 -1.242E+00
  9.2852500E+03 -2.005E+00 -2.324E+00 -1.672E+00
  9.2857500E+03 -2.522E+00 -2.579E+00 -1.203E+00
  9.2862500E+03 -2.848E+00 -3.066E+00 -2.139E+00
  9.2867500E+03 -2.681E+00 -2.954E+00 -2.188E+00
  9.2872500E+03 -2.160E+00 -2.064E+00 -4.430E-01
  9.2877500E+03 -3.374E+00 -3.504E+00 -1.632E+00
  9.2882500E+03 -2.829E+00 -2.845E+00 -1.257E+00
  9.2887500E+03 -2.156E+00 -2.287E+00 -1.899E+00
  9.2892500E+03 -2.675E+00 -2.958E+00 -1.865E+00
  9.2897500E+03 -2.667E+00 -2.855E+00 -1.451E+00
  9.2902500E+03 -3.231E+00 -3.246E+00 -1.467E+00
  9.2907500E+03 -2.569E+00 -2.704E+00 -1.914E+00
  9.2912500E+03 -2.153E+00 -2.207E+00 -1.072E+00
  9.2917500E+03 -2.770E+00 -2.574E+00 -4.834E-01
  9.2922500E+03 -2.631E+00 -2.627E+00 -8.282E-01
  9.2927500E+03 -3.269E+00 -3.499E+00 -1.896E+00
  9.2932500E+03 -2.055E+00 -2.122E+00 -1.628E+00
  9.2937500E+03 -2.567E+00 -2.697E+00 -2.058E+00
  9.2942500E+03 -2.764E+00 -2.968E+00 -1.946E+00
  9.2947500E+03 -2.627E+00 -2.610E+00 -1.065E+00
  9.2952500E+03 -1.997E+00 -2.234E+00 -1.933E+00
  9.2957500E+03 -2.627E+00 -2.591E+00 -8.806E-01
  9.2962500E+03 -2.776E+00 -2.879E+00 -1.329E+00
  9.2967500E+03 -2.641E+00 -2.690E+00 -1.182E+00
  9.2972500E+03 -2.583E+00 -2.689E+00 -1.530E+00
  9.2977500E+03 -3.115E+00 -3.167E+00 -1.236E+00
  9.2982500E+03 -2.640E+00 -2.931E+00 -2.470E+00
  9.2987500E+03 -2.692E+00 -2.818E+00 -1.792E+00
  9.2992500E+03 -2.720E+00 -2.765E+00 -1.348E+00
  9.2997500E+03 -3.387E+00 -3.557E+00 -1.610E+00
  9.3002500E+03 -2.381E+00 -2.495E+00 -1.422E+00
  9.3007500E+03 -2.244E+00 -2.151E+00 -5.571E-01
  9.3012500E+03 -2.593E+00 -2.821E+00 -1.853E+00
  9.3017500E+03 -2.777E+00 -2.819E+00 -1.565E+00
  9.3022500E+03 -2.611E+00 -2.481E+00 -2.881E-01
  9.3027500E+03 -2.628E+00 -2.670E+00 -8.227E-01
  9.3032500E+03 -2.547E+00 -2.739E+00 -1.763E+00
  9.3037500E+03 -2.689E+00 -2.729E+00 -8.768E-01
  9.3042500E+03 -3.005E+00 -3.022E+00 -1.213E+00
  9.3047500E+03 -2.790E+00 -2.908E+00 -1.315E+00
  9.3052500E+03 -2.087E+00 -2.154E+00 -1.144E+00
  9.3057500E+03 -2.438E+00 -2.340E+00 -7.186E-01
  9.3062500E+03 -3.048E+00 -3.137E+00 -1.875E+00
  9.3067500E+03 -2.369E+00 -2.286E+00 -8.022E-01
  9.3072500E+03 -2.643E+00 -2.695E+00 -1.191E+00
  9.3077500E+03 -2.185E+00 -2.257E+00 -1.120E+00
  9.3082500E+03 -2.679E+00 -2.825E+00 -1.736E+00
  9.3087500E+03 -2.273E+00 -2.519E+00 -1.741E+00
  9.3092500E+03 -2.751E+00 -2.790E+00 -1.250E+00
  9.3097500E+03 -2.762E+00 -2.758E+00 -1.046E+00
  9.3102500E+03 -2.844E+00 -2.708E+00 -1.443E+00
  9.3107500E+03 -2.267E+00 -2.078E+00 -1.400E+00
  9.3112500E+03 -2.423E+00 -2.579E+00 -1.290E+00
  9.3117500E+03 -2.300E+00 -2.485E+00 -1.575E+00
  9.3122500E+03 -2.995E+00 -3.101E+00 -1.843E+00
  9.3127500E+03 -2.809E+00 -2.876E+00 -1.451E+00
  9.3132500E+03 -2.674E+00 -2.779E+00 -1.485E+00
  9.3137500E+03 -2.494E+00 -2.616E+00 -1.514E+00
  9.3142500E+03 -2.841E+00 -2.742E+00 -9.260E-01
  9.3147500E+03 -2.768E+00 -2.808E+00 -1.476E+00
  9.3152500E+03 -2.335E+00 -2.463E+00 -1.369E+00
  9.3157500E+03 -2.987E+00 -3.206E+00 -1.803E+00
  9.3162500E+03 -1.988E+00 -1.970E+00 -4.190E-01
  9.3167500E+03 -2.078E+00 -2.322E+00 -1.674E+00
  9.3172500E+03 -2.556E+00 -2.748E+00 -1.606E+00
  9.3177500E+03 -2.315E+00 -2.498E+00 -1.716E+00
  9.3182500E+03 -3.070E+00 -2.930E+00 -3.971E-01
  9.3187500E+03 -2.892E+00 -2.885E+00 -9.650E-01
  9.3192500E+03 -2.909E+00 -2.807E+00 -7.549E-01
  9.3197500E+03 -2.208E+00 -2.310E+00 -1.363E+00
  9.3202500E+03 -2.634E+00 -2.876E+00 -1.965E+00
  9.3207500E+03 -1.891E+00 -2.127E+00 -1.551E+00
  9.3212500E+03 -1.840E+00 -1.977E+00 -1.516E+00
  9.3217500E+03 -2.356E+00 -2.540E+00 -1.785E+00
  9.3222500E+03 -2.459E+00 -2.479E+00 -1.277E+00
  9.3227500E+03 -2.426E+00 -2.393E+00 -1.028E+00
  9.3232500E+03 -2.271E+00 -2.216E+00 -5.007E-01
  9.3237500E+03 -1.925E+00 -2.012E+00 -1.004E+00
  9.3242500E+03 -2.490E+00 -2.624E+00 -1.363E+00
  9.3247500E+03 -2.474E+00 -2.336E+00 -8.450E-01
  9.3252500E+03 -2.259E+00 -2.288E+00 -1.325E+00
  9.3257500E+03 -1.917E+00 -2.302E+00 -2.162E+00
  9.3262500E+03 -2.105E+00 -2.259E+00 -2.199E+00
  9.3267500E+03 -2.470E+00 -2.456E+00 -1.354E+00
  9.3272500E+03 -1.969E+00 -1.914E+00 -9.507E-01
  9.3277500E+03 -2.301E+00 -2.441E+00 -1.666E+00
  9.3282500E+03 -2.155E+00 -2.155E+00 -1.111E+00
  9.3287500E+03 -1.968E+00 -2.342E+00 -2.243E+00
  9.3292500E+03 -2.662E+00 -2.710E+00 -1.113E+00
  9.3297500E+03 -2.439E+00 -2.147E+00  1.190E-01
  9.3302500E+03 -2.953E+00 -3.051E+00 -1.461E+00
  9.3307500E+03 -2.292E+00 -2.304E+00 -8.307E-01
  9.3312500E+03 -1.670E+00 -1.892E+00 -1.412E+00
  9.3317500E+03 -1.926E+00 -1.985E+00 -1.217E+00
  9.3322500E+03 -2.594E+00 -2.781E+00 -1.649E+00
  9.3327500E+03 -2.119E+00 -2.240E+00 -1.448E+00
  9.3332500E+03 -2.344E+00 -1.907E+00 -4.702E-01
  9.3337500E+03 -2.737E+00 -2.294E+00 -1.670E-01
  9.3342500E+03 -2.736E+00 -2.992E+00 -1.972E+00
  9.3347500E+03 -1.700E+00 -1.997E+00 -2.217E+00
  9.3352500E+03 -2.066E+00 -2.410E+00 -1.413E+00
  9.3357500E+03 -1.929E+00 -2.657E+00 -2.014E+00
  9.3362500E+03 -2.155E+00 -2.207E+00 -1.198E+00
  9.3367500E+03 -2.528E+00 -2.598E+00 -1.228E+00
  9.3372500E+03 -2.342E+00 -2.318E+00 -8.401E-01
  9.3377500E+03 -1.812E+00 -1.923E+00 -1.242E+00
  9.3382500E+03 -2.330E+00 -2.463E+00 -1.073E+00
  9.3387500E+03 -2.414E+00 -2.542E+00 -1.531E+00
  9.3392500E+03 -2.336E+00 -2.222E+00 -6.750E-01
  9.3397500E+03 -2.801E+00 -2.724E+00 -7.728E-01
  9.3402500E+03 -2.233E+00 -2.255E+00 -9.569E-01
  9.3407500E+03 -2.670E+00 -2.712E+00 -1.091E+00
  9.3412500E+03 -2.316E+00 -2.331E+00 -8.700E-01
  9.3417500E+03 -1.588E+00 -1.476E+00 -5.632E-01
  9.3422500E+03 -1.759E+00 -1.862E+00 -1.456E+00
  9.3427500E+03 -2.488E+00 -2.670E+00 -1.704E+00
  9.3432500E+03 -2.038E+00 -2.222E+00 -1.275E+00
  9.3437500E+03 -1.723E+00 -1.813E+00 -1.125E+00
  9.3442500E+03 -1.858E+00 -2.089E+00 -9.251E-01
  9.3447500E+03 -2.103E+00 -2.335E+00 -1.580E+00
  9.3452500E+03 -1.931E+00 -1.983E+00 -1.226E+00
  9.3457500E+03 -2.311E+00 -2.222E+00 -8.771E-01
  9.3462500E+03 -2.246E+00 -2.377E+00 -1.610E+00
  9.3467500E+03 -2.552E+00 -2.752E+00 -1.513E+00
  9.3472500E+03 -2.056E+00 -2.044E+00 -6.447E-01
  9.3477500E+03 -2.654E+00 -2.677E+00 -1.148E+00
  9.3482500E+03 -1.932E+00 -2.245E+00 -2.015E+00
  9.3487500E+03 -2.235E+00 -2.382E+00 -1.342E+00
  9.3492500E+03 -2.535E+00 -2.503E+00 -9.521E-01
  9.3497500E+03 -2.538E+00 -2.552E+00 -7.338E-01
  9.3502500E+03 -2.814E+00 -3.267E+00 -1.401E+00
  9.3507500E+03 -1.963E+00 -2.016E+00 -9.422E-01
  9.3512500E+03 -2.494E+00 -2.631E+00 -1.208E+00
  9.3517500E+03 -1.496E+00 -1.603E+00 -1.187E+00
  9.3522500E+03 -2.334E+00 -2.474E+00 -1.379E+00
  9.3527500E+03 -2.208E+00 -2.240E+00 -1.226E+00
  9.3532500E+03 -2.256E+00 -2.344E+00 -1.439E+00
  9.3537500E+03 -2.306E+00 -2.263E+00 -8.676E-01
  9.3542500E+03 -1.970E+00 -2.040E+00 -1.128E+00
  9.3547500E+03 -2.389E+00 -2.436E+00 -6.339E-01
  9.3552500E+03 -2.547E+00 -2.636E+00 -1.067E+00
  9.3557500E+03 -2.103E+00 -2.300E+00 -1.654E+00
  9.3562500E+03 -2.260E+00 -2.274E+00 -7.815E-01
  9.3567500E+03 -2.620E+00 -2.563E+00 -9.597E-01
  9.3572500E+03 -1.967E+00 -2.043E+00 -1.221E+00
  9.3577500E+03 -2.094E+00 -2.249E+00 -1.417E+00
  9.3582500E+03 -2.516E+00 -2.586E+00 -1.370E+00
  9.3587500E+03 -1.981E+00 -2.014E+00 -9.005E-01
  9.3592500E+03 -2.082E+00 -2.390E+00 -2.033E+00
  9.3597500E+03 -2.064E+00 -2.261E+00 -1.796E+00
  9.3602500E+03 -1.817E+00 -2.087E+00 -1.864E+00
  9.3607500E+03 -1.859E+00 -1.961E+00 -1.183E+00
  9.3612500E+03 -1.625E+00 -1.543E+00 -2.202E-01
  9.3617500E+03 -2.419E+00 -2.324E+00 -5.245E-01
  9.3622500E+03 -2.387E+00 -2.350E+00 -6.983E-01
  9.3627500E+03 -1.681E+00 -1.841E+00 -1.500E+00
  9.3632500E+03 -1.421E+00 -1.626E+00 -1.493E+00
  9.3637500E+03 -2.520E+00 -2.466E+00 -7.952E-01
  9.3642500E+03 -2.318E+00 -2.384E+00 -1.502E+00
  9.3647500E+03 -2.367E+00 -2.245E+00 -4.230E-01
  9.3652500E+03 -1.914E+00 -1.780E+00 -1.461E-01
  9.3657500E+03 -1.901E+00 -1.940E+00 -1.123E+00
  9.3662500E+03 -2.163E+00 -2.138E+00 -6.857E-01
  9.3667500E+03 -2.507E+00 -2.596E+00 -1.342E+00
  9.3672500E+03 -2.313E+00 -2.319E+00 -1.099E+00
  9.3677500E+03 -1.352E+00 -1.277E+00 -8.486E-01
  9.3682500E+03 -1.814E+00 -1.974E+00 -1.131E+00
  9.3687500E+03 -1.553E+00 -1.615E+00 -1.252E+00
  9.3692500E+03 -2.183E+00 -1.872E+00 -4.531E-01
  9.3697500E+03 -2.056E+00 -2.206E+00 -1.269E+00
  9.3702500E+03 -2.234E+00 -2.507E+00 -1.651E+00
  9.3707500E+03 -2.600E+00 -2.660E+00 -7.385E-01
  9.3712500E+03 -1.193E+00 -1.700E+00 -1.810E+00
  9.3717500E+03 -9.550E-01 -1.169E+00 -1.718E+00
  9.3722500E+03 -1.614E+00 -2.096E+00 -7.294E-01
  9.3727500E+03 -2.457E+00 -2.816E+00 -9.770E-01
  9.3732500E+03 -2.267E+00 -2.192E+00 -7.543E-01
  9.3737500E+03 -2.036E+00 -1.982E+00 -5.607E-01
  9.3742500E+03 -1.843E+00 -1.816E+00 -5.376E-01
  9.3747500E+03 -1.579E+00 -5.826E-01 -3.222E-01
  9.3752500E+03 -1.651E+00 -2.233E+00 -1.237E+00
  9.3757500E+03 -1.832E+00 -1.955E+00 -1.002E+00
  9.3762500E+03 -1.706E+00 -1.524E+00 -1.045E+00
  9.3767500E+03 -1.453E+00 -1.835E+00 -9.464E-01
  9.3772500E+03 -2.150E+00 -2.446E+00 -1.672E+00
  9.3777500E+03 -2.077E+00 -2.139E+00 -1.037E+00
  9.3782500E+03 -1.964E+00 -2.068E+00 -1.339E+00
  9.3787500E+03 -2.058E+00 -2.054E+00 -9.512E-01
  9.3792500E+03 -1.788E+00 -1.756E+00 -5.859E-01
  9.3797500E+03 -1.718E+00 -1.817E+00 -1.157E+00
  9.3802500E+03 -1.798E+00 -1.876E+00 -1.284E+00
  9.3807500E+03 -1.255E+00 -1.201E+00 -4.277E-01
  9.3812500E+03 -2.336E+00 -2.400E+00 -9.148E-01
  9.3817500E+03 -2.166E+00 -2.280E+00 -1.339E+00
  9.3822500E+03 -1.687E+00 -1.801E+00 -1.113E+00
  9.3827500E+03 -1.724E+00 -1.813E+00 -1.171E+00
  9.3832500E+03 -1.529E+00 -1.606E+00 -9.506E-01
  9.3837500E+03 -2.093E+00 -2.104E+00 -3.461E-01
  9.3842500E+03 -1.715E+00 -1.767E+00 -7.466E-01
  9.3847500E+03 -1.977E+00 -2.070E+00 -8.703E-01
  9.3852500E+03 -2.105E+00 -2.301E+00 -1.222E+00
  9.3857500E+03 -2.304E+00 -2.231E+00 -6.350E-01
  9.3862500E+03 -1.902E+00 -1.861E+00 -8.317E-01
  9.3867500E+03 -1.889E+00 -2.094E+00 -1.622E+00
  9.3872500E+03 -1.414E+00 -1.674E+00 -1.553E+00
  9.3877500E+03 -2.398E+00 -2.334E+00 -5.612E-01
  9.3882500E+03 -1.991E+00 -1.984E+00 -6.423E-01
  9.3887500E+03 -2.152E+00 -2.237E+00 -1.050E+00
  9.3892500E+03 -1.272E+00 -1.374E+00 -1.168E+00
  9.3897500E+03 -1.597E+00 -1.475E+00 -5.947E-01
  9.3902500E+03 -1.885E+00 -1.746E+00 -5.468E-01
  9.3907500E+03 -1.814E+00 -2.027E+00 -1.783E+00
  9.3912500E+03 -1.831E+00 -1.802E+00 -6.996E-01
  9.3917500E+03 -1.386E+00 -1.310E+00 -4.807E-01
  9.3922500E+03 -1.477E+00 -1.530E+00 -6.886E-01
  9.3927500E+03 -2.083E+00 -2.187E+00 -1.183E+00
  9.3932500E+03 -1.609E+00 -1.717E+00 -1.272E+00
  9.3937500E+03 -1.449E+00 -1.433E+00 -6.726E-01
  9.3942500E+03 -2.063E+00 -1.950E+00 -1.885E-01
  9.3947500E+03 -2.039E+00 -1.992E+00 -8.538E-01
  9.3952500E+03 -2.410E+00 -2.398E+00 -5.847E-01
  9.3957500E+03 -1.802E+00 -1.817E+00 -6.151E-01
  9.3962500E+03 -1.651E+00 -1.884E+00 -1.650E+00
  9.3967500E+03 -2.036E+00 -2.141E+00 -1.105E+00
  9.3972500E+03 -1.699E+00 -1.725E+00 -8.150E-01
  9.3977500E+03 -2.082E+00 -2.220E+00 -1.422E+00
  9.3982500E+03 -1.793E+00 -1.835E+00 -1.020E+00
  9.3987500E+03 -2.091E+00 -2.073E+00 -6.521E-01
  9.3992500E+03 -1.990E+00 -2.099E+00 -1.284E+00
  9.3997500E+03 -1.751E+00 -1.924E+00 -1.658E+00
  9.4002500E+03 -1.675E+00 -1.724E+00 -1.033E+00
  9.4007500E+03 -1.285E+00 -1.029E+00  4.857E-01
  9.4012500E+03 -1.612E+00 -1.481E+00  5.394E-02
  9.4017500E+03 -1.591E+00 -1.766E+00 -1.373E+00
  9.4022500E+03 -1.349E+00 -1.443E+00 -8.205E-01
  9.4027500E+03 -1.570E+00 -1.679E+00 -1.052E+00
  9.4032500E+03 -1.839E+00 -2.011E+00 -1.329E+00
  9.4037500E+03 -1.514E+00 -1.793E+00 -1.645E+00
  9.4042500E+03 -1.672E+00 -1.686E+00 -8.177E-01
  9.4047500E+03 -1.257E+00 -1.384E+00 -1.216E+00
  9.4052500E+03 -1.774E+00 -1.688E+00 -3.739E-01
  9.4057500E+03 -1.407E+00 -1.400E+00 -6.517E-01
  9.4062500E+03 -1.471E+00 -1.455E+00 -2.433E-01
  9.4067500E+03 -1.971E+00 -1.949E+00 -5.911E-01
  9.4072500E+03 -1.788E+00 -1.915E+00 -1.350E+00
  9.4077500E+03 -1.800E+00 -1.898E+00 -1.139E+00
  9.4082500E+03 -1.821E+00 -1.929E+00 -1.418E+00
  9.4087500E+03 -1.717E+00 -1.796E+00 -1.081E+00
  9.4092500E+03 -1.754E+00 -1.732E+00 -5.506E-01
  9.4097500E+03 -1.856E+00 -1.918E+00 -1.069E+00
  9.4102500E+03 -1.622E+00 -1.755E+00 -1.289E+00
  9.4107500E+03 -1.787E+00 -1.874E+00 -1.038E+00
  9.4112500E+03 -1.852E+00 -2.032E+00 -1.140E+00
  9.4117500E+03 -1.303E+00 -1.397E+00 -9.345E-01
  9.4122500E+03 -1.507E+00 -1.422E+00 -4.176E-01
  9.4127500E+03 -1.421E+00 -1.485E+00 -5.902E-01
  9.4132500E+03 -1.398E+00 -1.498E+00 -1.131E+00
  9.4137500E+03 -1.873E+00 -1.836E+00 -8.409E-01
  9.4142500E+03 -1.762E+00 -1.719E+00 -7.978E-01
  9.4147500E+03 -1.608E+00 -1.635E+00 -8.461E-01
  9.4152500E+03 -1.657E+00 -1.784E+00 -7.927E-01
  9.4157500E+03 -1.743E+00 -1.973E+00 -1.311E+00
  9.4162500E+03 -1.816E+00 -1.822E+00 -8.219E-01
  9.4167500E+03 -1.945E+00 -2.036E+00 -1.097E+00
  9.4172500E+03 -1.986E+00 -2.070E+00 -1.140E+00
  9.4177500E+03 -1.779E+00 -1.999E+00 -1.414E+00
  9.4182500E+03 -1.716E+00 -1.826E+00 -1.080E+00
  9.4187500E+03 -1.737E+00 -1.660E+00 -5.415E-01
  9.4192500E+03 -1.669E+00 -1.742E+00 -7.834E-01
  9.4197500E+03 -1.459E+00 -1.518E+00 -8.766E-01
  9.4202500E+03 -1.637E+00 -1.671E+00 -9.528E-01
  9.4207500E+03 -1.411E+00 -1.279E+00 -1.174E-01
  9.4212500E+03 -1.613E+00 -1.713E+00 -9.946E-01
  9.4217500E+03 -1.125E+00 -1.253E+00 -5.609E-01
  9.4222500E+03 -1.377E+00 -1.572E+00 -9.090E-01
  9.4227500E+03 -1.650E+00 -1.927E+00 -1.557E+00
  9.4232500E+03 -1.402E+00 -1.415E+00 -6.881E-01
  9.4237500E+03 -1.298E+00 -1.208E+00 -3.509E-01
  9.4242500E+03 -2.418E+00 -2.370E+00 -3.778E-01
  9.4247500E+03 -1.635E+00 -1.813E+00 -1.224E+00
  9.4252500E+03 -1.417E+00 -1.407E+00 -7.695E-01
  9.4257500E+03 -1.522E+00 -1.529E+00 -5.591E-01
  9.4262500E+03 -1.966E+00 -2.024E+00 -1.085E+00
  9.4267500E+03 -1.278E+00 -1.409E+00 -1.081E+00
  9.4272500E+03 -1.767E+00 -1.852E+00 -9.165E-01
  9.4277500E+03 -1.149E+00 -1.218E+00 -9.201E-01
  9.4282500E+03 -1.341E+00 -1.560E+00 -1.389E+00
  9.4287500E+03 -1.766E+00 -1.844E+00 -1.173E+00
  9.4292500E+03 -1.893E+00 -1.851E+00 -9.708E-01
  9.4297500E+03 -1.326E+00 -1.282E+00 -6.216E-01
  9.4302500E+03 -1.094E+00 -1.052E+00 -4.817E-01
  9.4307500E+03 -1.369E+00 -1.538E+00 -1.310E+00
  9.4312500E+03 -1.549E+00 -1.462E+00 -1.846E-01
  9.4317500E+03 -1.574E+00 -1.756E+00 -1.106E+00
  9.4322500E+03 -1.640E+00 -1.602E+00 -4.004E-01
  9.4327500E+03 -1.832E+00 -1.829E+00 -8.077E-01
  9.4332500E+03 -1.257E+00 -1.357E+00 -1.171E+00
  9.4337500E+03 -1.422E+00 -1.344E+00 -3.875E-01
  9.4342500E+03 -1.618E+00 -1.716E+00 -1.069E+00
  9.4347500E+03 -1.584E+00 -1.667E+00 -9.691E-01
  9.4352500E+03 -1.420E+00 -1.408E+00 -4.403E-01
  9.4357500E+03 -1.626E+00 -1.717E+00 -1.139E+00
  9.4362500E+03 -1.890E+00 -1.935E+00 -8.383E-01
  9.4367500E+03 -1.652E+00 -1.755E+00 -9.236E-01
  9.4372500E+03 -1.500E+00 -1.695E+00 -1.332E+00
  9.4377500E+03 -1.397E+00 -1.498E+00 -1.158E+00
  9.4382500E+03 -1.800E+00 -1.901E+00 -7.954E-01
  9.4387500E+03 -1.619E+00 -1.704E+00 -6.391E-01
  9.4392500E+03 -1.352E+00 -1.654E+00 -1.515E+00
  9.4397500E+03 -1.029E+00 -1.138E+00 -1.154E+00
  9.4402500E+03 -1.954E+00 -1.969E+00 -5.581E-01
  9.4407500E+03 -1.245E+00 -1.194E+00 -6.562E-01
  9.4412500E+03 -1.334E+00 -1.615E+00 -1.098E+00
  9.4417500E+03 -1.728E+00 -1.733E+00 -6.746E-01
  9.4422500E+03 -1.296E+00 -1.329E+00 -8.172E-01
  9.4427500E+03 -1.257E+00 -1.328E+00 -7.496E-01
  9.4432500E+03 -1.878E+00 -2.055E+00 -1.561E+00
  9.4437500E+03 -9.863E-01 -1.154E+00 -1.095E+00
  9.4442500E+03 -1.414E+00 -1.602E+00 -1.344E+00
  9.4447500E+03 -1.513E+00 -1.470E+00 -7.616E-01
  9.4452500E+03 -1.257E+00 -1.344E+00 -8.078E-01
  9.4457500E+03 -1.598E+00 -1.555E+00 -5.819E-01
  9.4462500E+03 -1.831E+00 -1.850E+00 -6.720E-01
  9.4467500E+03 -1.609E+00 -1.636E+00 -7.905E-01
  9.4472500E+03 -1.546E+00 -1.634E+00 -1.116E+00
  9.4477500E+03 -1.389E+00 -1.475E+00 -8.034E-01
  9.4482500E+03 -1.699E+00 -1.755E+00 -8.478E-01
  9.4487500E+03 -1.747E+00 -1.922E+00 -1.299E+00
  9.4492500E+03 -1.717E+00 -1.726E+00 -8.972E-01
  9.4497500E+03 -1.350E+00 -1.371E+00 -4.077E-01
  9.4502500E+03 -1.407E+00 -1.419E+00 -5.398E-01
  9.4507500E+03 -1.632E+00 -1.629E+00 -4.799E-01
  9.4512500E+03 -1.594E+00 -1.694E+00 -9.480E-01
  9.4517500E+03 -1.910E+00 -1.871E+00 -5.443E-01
  9.4522500E+03 -1.332E+00 -1.408E+00 -8.216E-01
  9.4527500E+03 -1.439E+00 -1.479E+00 -1.033E+00
  9.4532500E+03 -1.593E+00 -1.657E+00 -9.514E-01
  9.4537500E+03 -9.887E-01 -1.170E+00 -9.517E-01
  9.4542500E+03 -1.067E+00 -1.065E+00 -5.675E-01
  9.4547500E+03 -1.208E+00 -1.244E+00 -6.132E-01
  9.4552500E+03 -1.261E+00 -1.336E+00 -8.939E-01
  9.4557500E+03 -1.318E+00 -1.362E+00 -8.467E-01
  9.4562500E+03 -1.320E+00 -1.508E+00 -1.239E+00
  9.4567500E+03 -1.605E+00 -1.697E+00 -9.916E-01
  9.4572500E+03 -1.632E+00 -1.756E+00 -1.330E+00
  9.4577500E+03 -1.457E+00 -1.361E+00 -5.280E-02
  9.4582500E+03 -1.014E+00 -1.089E+00 -7.118E-01
  9.4587500E+03 -1.140E+00 -1.279E+00 -9.105E-01
  9.4592500E+03 -1.566E+00 -1.678E+00 -1.167E+00
  9.4597500E+03 -1.230E+00 -1.155E+00 -2.540E-01
  9.4602500E+03 -1.350E+00 -1.321E+00 -3.990E-01
  9.4607500E+03 -9.684E-01 -1.047E+00 -6.941E-01
  9.4612500E+03 -1.397E+00 -1.437E+00 -4.813E-01
  9.4617500E+03 -1.306E+00 -1.424E+00 -9.838E-01
  9.4622500E+03 -1.201E+00 -1.273E+00 -9.796E-01
  9.4627500E+03 -1.791E+00 -1.791E+00 -7.598E-01
  9.4632500E+03 -1.046E+00 -9.915E-01 -3.521E-01
  9.4637500E+03 -1.375E+00 -1.515E+00 -1.091E+00
  9.4642500E+03 -1.344E+00 -1.495E+00 -1.243E+00
  9.4647500E+03 -9.454E-01 -1.007E+00 -7.792E-01
  9.4652500E+03 -1.308E+00 -1.339E+00 -7.782E-01
  9.4657500E+03 -1.727E+00 -1.820E+00 -1.202E+00
  9.4662500E+03 -1.490E+00 -1.600E+00 -8.164E-01
  9.4667500E+03 -1.267E+00 -1.415E+00 -9.605E-01
  9.4672500E+03 -1.128E+00 -1.230E+00 -8.289E-01
  9.4677500E+03 -1.474E+00 -1.551E+00 -7.587E-01
  9.4682500E+03 -1.428E+00 -1.471E+00 -8.730E-01
  9.4687500E+03 -1.188E+00 -1.176E+00 -3.343E-01
  9.4692500E+03 -1.115E+00 -1.244E+00 -1.063E+00
  9.4697500E+03 -1.531E+00 -1.479E+00 -4.538E-01
  9.4702500E+03 -1.290E+00 -1.263E+00 -5.177E-01
  9.4707500E+03 -1.545E+00 -1.650E+00 -9.872E-01
  9.4712500E+03 -1.454E+00 -1.178E+00  9.658E-02
  9.4717500E+03 -1.325E+00 -1.302E+00 -6.646E-01
  9.4722500E+03 -1.279E+00 -1.360E+00 -5.456E-01
  9.4727500E+03 -9.414E-01 -9.637E-01 -6.994E-01
  9.4732500E+03 -1.172E+00 -1.138E+00 -5.706E-01
  9.4737500E+03 -1.479E+00 -1.427E+00 -4.585E-01
