  4.8777500E+03 -0.000E+00 -0.000E+00  0.000E+00
  4.8782500E+03 -0.000E+00 -0.000E+00  0.000E+00
  4.8787500E+03 -0.000E+00 -0.000E+00  0.000E+00
  4.8792500E+03 -0.000E+00 -0.000E+00  0.000E+00
  4.8797500E+03 -0.000E+00 -0.000E+00  0.000E+00
  4.8802500E+03 -0.000E+00 -0.000E+00  0.000E+00
  4.8807500E+03 -0.000E+00 -0.000E+00  0.000E+00
  4.8812500E+03 -0.000E+00 -0.000E+00  0.000E+00
  4.8817500E+03 -0.000E+00 -0.000E+00  0.000E+00
  4.8822500E+03 -0.000E+00 -0.000E+00  0.000E+00
  4.8827500E+03 -0.000E+00 -0.000E+00  0.000E+00
  4.8832500E+03 -0.000E+00 -0.000E+00  0.000E+00
  4.8837500E+03 -0.000E+00 -0.000E+00  0.000E+00
  4.8842500E+03 -0.000E+00 -0.000E+00  0.000E+00
  4.8847500E+03 -0.000E+00 -0.000E+00  0.000E+00
  4.8852500E+03 -0.000E+00 -0.000E+00  0.000E+00
  4.8857500E+03 -0.000E+00 -0.000E+00  0.000E+00
  4.8862500E+03 -0.000E+00 -0.000E+00  0.000E+00
  4.8867500E+03 -0.000E+00 -0.000E+00  0.000E+00
  4.8872500E+03 -0.000E+00 -0.000E+00  0.000E+00
  4.8877500E+03 -0.000E+00 -0.000E+00  0.000E+00
  4.8882500E+03 -0.000E+00 -0.000E+00  0.000E+00
  4.8887500E+03 -0.000E+00 -0.000E+00  0.000E+00
  4.8892500E+03 -0.000E+00 -0.000E+00  0.000E+00
  4.8897500E+03 -0.000E+00 -0.000E+00  0.000E+00
  4.8902500E+03 -0.000E+00 -0.000E+00  0.000E+00
  4.8907500E+03 -0.000E+00 -0.000E+00  0.000E+00
  4.8912500E+03 -0.000E+00 -0.000E+00  0.000E+00
  4.8917500E+03 -0.000E+00 -0.000E+00  0.000E+00
  4.8922500E+03 -0.000E+00 -0.000E+00  0.000E+00
  4.8927500E+03 -0.000E+00 -0.000E+00  0.000E+00
  4.8932500E+03 -0.000E+00 -0.000E+00  0.000E+00
  4.8937500E+03 -0.000E+00 -0.000E+00  0.000E+00
  4.8942500E+03 -0.000E+00 -0.000E+00  0.000E+00
  4.8947500E+03 -0.000E+00 -0.000E+00  0.000E+00
  4.8952500E+03 -0.000E+00 -0.000E+00  0.000E+00
  4.8957500E+03 -0.000E+00 -0.000E+00  0.000E+00
  4.8962500E+03 -0.000E+00 -0.000E+00  0.000E+00
  4.8967500E+03 -0.000E+00 -0.000E+00  0.000E+00
  4.8972500E+03 -0.000E+00 -0.000E+00  0.000E+00
  4.8977500E+03 -0.000E+00 -0.000E+00  0.000E+00
  4.8982500E+03 -0.000E+00 -0.000E+00  0.000E+00
  4.8987500E+03 -0.000E+00 -0.000E+00  0.000E+00
  4.8992500E+03 -0.000E+00 -0.000E+00  0.000E+00
  4.8997500E+03 -0.000E+00 -0.000E+00  0.000E+00
  4.9002500E+03 -0.000E+00 -0.000E+00  0.000E+00
  4.9007500E+03 -0.000E+00 -0.000E+00  0.000E+00
  4.9012500E+03 -0.000E+00 -0.000E+00  0.000E+00
  4.9017500E+03 -0.000E+00 -0.000E+00  0.000E+00
  4.9022500E+03 -0.000E+00 -0.000E+00  0.000E+00
  4.9027500E+03 -0.000E+00 -0.000E+00  0.000E+00
  4.9032500E+03 -0.000E+00 -0.000E+00  0.000E+00
  4.9037500E+03 -0.000E+00 -0.000E+00  0.000E+00
  4.9042500E+03 -0.000E+00 -0.000E+00  0.000E+00
  4.9047500E+03 -0.000E+00 -0.000E+00  0.000E+00
  4.9052500E+03 -0.000E+00 -0.000E+00  0.000E+00
  4.9057500E+03 -0.000E+00 -0.000E+00  0.000E+00
  4.9062500E+03 -0.000E+00 -0.000E+00  0.000E+00
  4.9067500E+03 -0.000E+00 -0.000E+00  0.000E+00
  4.9072500E+03 -0.000E+00 -0.000E+00  0.000E+00
  4.9077500E+03 -0.000E+00 -0.000E+00  0.000E+00
  4.9082500E+03 -0.000E+00 -0.000E+00  0.000E+00
  4.9087500E+03 -0.000E+00 -0.000E+00  0.000E+00
  4.9092500E+03 -0.000E+00 -0.000E+00  0.000E+00
  4.9097500E+03 -0.000E+00 -0.000E+00  0.000E+00
  4.9102500E+03 -0.000E+00 -0.000E+00  0.000E+00
  4.9107500E+03 -0.000E+00 -0.000E+00  0.000E+00
  4.9112500E+03 -0.000E+00 -0.000E+00  0.000E+00
  4.9117500E+03 -0.000E+00 -0.000E+00  0.000E+00
  4.9122500E+03 -0.000E+00 -0.000E+00  0.000E+00
  4.9127500E+03 -0.000E+00 -0.000E+00  0.000E+00
  4.9132500E+03 -0.000E+00 -0.000E+00  0.000E+00
  4.9137500E+03 -0.000E+00 -0.000E+00  0.000E+00
  4.9142500E+03 -0.000E+00 -0.000E+00  0.000E+00
  4.9147500E+03 -0.000E+00 -0.000E+00  0.000E+00
  4.9152500E+03 -0.000E+00 -0.000E+00  0.000E+00
  4.9157500E+03 -0.000E+00 -0.000E+00  0.000E+00
  4.9162500E+03 -0.000E+00 -0.000E+00  0.000E+00
  4.9167500E+03 -0.000E+00 -0.000E+00  0.000E+00
  4.9172500E+03 -0.000E+00 -0.000E+00  0.000E+00
  4.9177500E+03 -0.000E+00 -0.000E+00  0.000E+00
  4.9182500E+03 -0.000E+00 -0.000E+00  0.000E+00
  4.9187500E+03 -0.000E+00 -0.000E+00  0.000E+00
  4.9192500E+03 -0.000E+00 -0.000E+00  0.000E+00
  4.9197500E+03 -0.000E+00 -0.000E+00  0.000E+00
  4.9202500E+03 -0.000E+00 -0.000E+00  0.000E+00
  4.9207500E+03 -0.000E+00 -0.000E+00  0.000E+00
  4.9212500E+03 -0.000E+00 -0.000E+00  0.000E+00
  4.9217500E+03 -0.000E+00 -0.000E+00  0.000E+00
  4.9222500E+03 -0.000E+00 -0.000E+00  0.000E+00
  4.9227500E+03 -0.000E+00 -0.000E+00  0.000E+00
  4.9232500E+03 -0.000E+00 -0.000E+00  0.000E+00
  4.9237500E+03 -0.000E+00 -0.000E+00  0.000E+00
  4.9242500E+03 -0.000E+00 -0.000E+00  0.000E+00
  4.9247500E+03 -0.000E+00 -0.000E+00  0.000E+00
  4.9252500E+03 -0.000E+00 -0.000E+00  0.000E+00
  4.9257500E+03 -0.000E+00 -0.000E+00  0.000E+00
  4.9262500E+03 -0.000E+00 -0.000E+00  0.000E+00
  4.9267500E+03 -0.000E+00 -0.000E+00  0.000E+00
  4.9272500E+03 -0.000E+00 -0.000E+00  0.000E+00
  4.9277500E+03 -0.000E+00 -0.000E+00  0.000E+00
  4.9282500E+03 -0.000E+00 -0.000E+00  0.000E+00
  4.9287500E+03 -0.000E+00 -0.000E+00  0.000E+00
  4.9292500E+03 -0.000E+00 -0.000E+00  0.000E+00
  4.9297500E+03 -0.000E+00 -0.000E+00  0.000E+00
  4.9302500E+03 -0.000E+00 -0.000E+00  0.000E+00
  4.9307500E+03 -0.000E+00 -0.000E+00  0.000E+00
  4.9312500E+03 -0.000E+00 -0.000E+00  0.000E+00
  4.9317500E+03 -0.000E+00 -0.000E+00  0.000E+00
  4.9322500E+03 -0.000E+00 -0.000E+00  0.000E+00
  4.9327500E+03 -0.000E+00 -0.000E+00  0.000E+00
  4.9332500E+03 -0.000E+00 -0.000E+00  0.000E+00
  4.9337500E+03 -0.000E+00 -0.000E+00  0.000E+00
  4.9342500E+03 -0.000E+00 -0.000E+00  0.000E+00
  4.9347500E+03 -0.000E+00 -0.000E+00  0.000E+00
  4.9352500E+03 -0.000E+00 -0.000E+00  0.000E+00
  4.9357500E+03 -0.000E+00 -0.000E+00  0.000E+00
  4.9362500E+03 -0.000E+00 -0.000E+00  0.000E+00
  4.9367500E+03 -0.000E+00 -0.000E+00  0.000E+00
  4.9372500E+03 -0.000E+00 -0.000E+00  0.000E+00
  4.9377500E+03 -0.000E+00 -0.000E+00  0.000E+00
  4.9382500E+03 -0.000E+00 -0.000E+00  0.000E+00
  4.9387500E+03 -0.000E+00 -0.000E+00  0.000E+00
  4.9392500E+03 -0.000E+00 -0.000E+00  0.000E+00
  4.9397500E+03 -0.000E+00 -0.000E+00  0.000E+00
  4.9402500E+03 -0.000E+00 -0.000E+00  0.000E+00
  4.9407500E+03 -0.000E+00 -0.000E+00  0.000E+00
  4.9412500E+03 -0.000E+00 -0.000E+00  0.000E+00
  4.9417500E+03 -0.000E+00 -0.000E+00  0.000E+00
  4.9422500E+03 -0.000E+00 -0.000E+00  0.000E+00
  4.9427500E+03 -0.000E+00 -0.000E+00  0.000E+00
  4.9432500E+03 -0.000E+00 -0.000E+00  0.000E+00
  4.9437500E+03 -0.000E+00 -0.000E+00  0.000E+00
  4.9442500E+03 -0.000E+00 -0.000E+00  0.000E+00
  4.9447500E+03 -0.000E+00 -0.000E+00  0.000E+00
  4.9452500E+03 -0.000E+00 -0.000E+00  0.000E+00
  4.9457500E+03 -0.000E+00 -0.000E+00  0.000E+00
  4.9462500E+03 -0.000E+00 -0.000E+00  0.000E+00
  4.9467500E+03 -0.000E+00 -0.000E+00  0.000E+00
  4.9472500E+03 -0.000E+00 -0.000E+00  0.000E+00
  4.9477500E+03 -0.000E+00 -0.000E+00  0.000E+00
  4.9482500E+03 -0.000E+00 -0.000E+00  0.000E+00
  4.9487500E+03 -0.000E+00 -0.000E+00  0.000E+00
  4.9492500E+03 -0.000E+00 -0.000E+00  0.000E+00
  4.9497500E+03 -0.000E+00 -0.000E+00  0.000E+00
  4.9502500E+03 -0.000E+00 -0.000E+00  0.000E+00
  4.9507500E+03 -0.000E+00 -0.000E+00  0.000E+00
  4.9512500E+03 -0.000E+00 -0.000E+00  0.000E+00
  4.9517500E+03 -0.000E+00 -0.000E+00  0.000E+00
  4.9522500E+03 -0.000E+00 -0.000E+00  0.000E+00
  4.9527500E+03 -0.000E+00 -0.000E+00  0.000E+00
  4.9532500E+03 -0.000E+00 -0.000E+00  0.000E+00
  4.9537500E+03 -0.000E+00 -0.000E+00  0.000E+00
  4.9542500E+03 -0.000E+00 -0.000E+00  0.000E+00
  4.9547500E+03 -0.000E+00 -0.000E+00  0.000E+00
  4.9552500E+03 -0.000E+00 -0.000E+00  0.000E+00
  4.9557500E+03 -0.000E+00 -0.000E+00  0.000E+00
  4.9562500E+03 -0.000E+00 -0.000E+00  0.000E+00
  4.9567500E+03 -0.000E+00 -0.000E+00  0.000E+00
  4.9572500E+03 -0.000E+00 -0.000E+00  0.000E+00
  4.9577500E+03 -0.000E+00 -0.000E+00  0.000E+00
  4.9582500E+03 -0.000E+00 -0.000E+00  0.000E+00
  4.9587500E+03 -0.000E+00 -0.000E+00  0.000E+00
  4.9592500E+03 -0.000E+00 -0.000E+00  0.000E+00
  4.9597500E+03 -0.000E+00 -0.000E+00  0.000E+00
  4.9602500E+03 -0.000E+00 -0.000E+00  0.000E+00
  4.9607500E+03 -0.000E+00 -0.000E+00  0.000E+00
  4.9612500E+03 -0.000E+00 -0.000E+00  0.000E+00
  4.9617500E+03 -0.000E+00 -0.000E+00  0.000E+00
  4.9622500E+03 -0.000E+00 -0.000E+00  0.000E+00
  4.9627500E+03 -0.000E+00 -0.000E+00  0.000E+00
  4.9632500E+03 -0.000E+00 -0.000E+00  0.000E+00
  4.9637500E+03 -0.000E+00 -0.000E+00  0.000E+00
  4.9642500E+03 -0.000E+00 -0.000E+00  0.000E+00
  4.9647500E+03 -0.000E+00 -0.000E+00  0.000E+00
  4.9652500E+03 -0.000E+00 -0.000E+00  0.000E+00
  4.9657500E+03 -0.000E+00 -0.000E+00  0.000E+00
  4.9662500E+03 -0.000E+00 -0.000E+00  0.000E+00
  4.9667500E+03 -0.000E+00 -0.000E+00  0.000E+00
  4.9672500E+03 -0.000E+00 -0.000E+00  0.000E+00
  4.9677500E+03 -0.000E+00 -0.000E+00  0.000E+00
  4.9682500E+03 -0.000E+00 -0.000E+00  0.000E+00
  4.9687500E+03 -0.000E+00 -0.000E+00  0.000E+00
  4.9692500E+03 -0.000E+00 -0.000E+00  0.000E+00
  4.9697500E+03 -0.000E+00 -0.000E+00  0.000E+00
  4.9702500E+03 -0.000E+00 -0.000E+00  0.000E+00
  4.9707500E+03 -0.000E+00 -0.000E+00  0.000E+00
  4.9712500E+03 -0.000E+00 -0.000E+00  0.000E+00
  4.9717500E+03 -0.000E+00 -0.000E+00  0.000E+00
  4.9722500E+03 -0.000E+00 -0.000E+00  0.000E+00
  4.9727500E+03 -0.000E+00 -0.000E+00  0.000E+00
  4.9732500E+03 -0.000E+00 -0.000E+00  0.000E+00
  4.9737500E+03 -0.000E+00 -0.000E+00  0.000E+00
  4.9742500E+03 -0.000E+00 -0.000E+00  0.000E+00
  4.9747500E+03 -0.000E+00 -0.000E+00  0.000E+00
  4.9752500E+03 -0.000E+00 -0.000E+00  0.000E+00
  4.9757500E+03 -0.000E+00 -0.000E+00  0.000E+00
  4.9762500E+03 -0.000E+00 -0.000E+00  0.000E+00
  4.9767500E+03 -0.000E+00 -0.000E+00  0.000E+00
  4.9772500E+03 -0.000E+00 -0.000E+00  0.000E+00
  4.9777500E+03 -0.000E+00 -0.000E+00  0.000E+00
  4.9782500E+03 -0.000E+00 -0.000E+00  0.000E+00
  4.9787500E+03 -0.000E+00 -0.000E+00  0.000E+00
  4.9792500E+03 -0.000E+00 -0.000E+00  0.000E+00
  4.9797500E+03 -0.000E+00 -0.000E+00  0.000E+00
  4.9802500E+03 -0.000E+00 -0.000E+00  0.000E+00
  4.9807500E+03 -0.000E+00 -0.000E+00  0.000E+00
  4.9812500E+03 -0.000E+00 -0.000E+00  0.000E+00
  4.9817500E+03 -0.000E+00 -0.000E+00  0.000E+00
  4.9822500E+03 -0.000E+00 -0.000E+00  0.000E+00
  4.9827500E+03 -0.000E+00 -0.000E+00  0.000E+00
  4.9832500E+03 -0.000E+00 -0.000E+00  0.000E+00
  4.9837500E+03 -0.000E+00 -0.000E+00  0.000E+00
  4.9842500E+03 -0.000E+00 -0.000E+00  0.000E+00
  4.9847500E+03 -0.000E+00 -0.000E+00  0.000E+00
  4.9852500E+03 -0.000E+00 -0.000E+00  0.000E+00
  4.9857500E+03 -0.000E+00 -0.000E+00  0.000E+00
  4.9862500E+03 -0.000E+00 -0.000E+00  0.000E+00
  4.9867500E+03 -0.000E+00 -0.000E+00  0.000E+00
  4.9872500E+03 -0.000E+00 -0.000E+00  0.000E+00
  4.9877500E+03 -0.000E+00 -0.000E+00  0.000E+00
  4.9882500E+03 -0.000E+00 -0.000E+00  0.000E+00
  4.9887500E+03 -0.000E+00 -0.000E+00  0.000E+00
  4.9892500E+03 -0.000E+00 -0.000E+00  0.000E+00
  4.9897500E+03 -0.000E+00 -0.000E+00  0.000E+00
  4.9902500E+03 -0.000E+00 -0.000E+00  0.000E+00
  4.9907500E+03 -0.000E+00 -0.000E+00  0.000E+00
  4.9912500E+03 -0.000E+00 -0.000E+00  0.000E+00
  4.9917500E+03 -0.000E+00 -0.000E+00  0.000E+00
  4.9922500E+03 -0.000E+00 -0.000E+00  0.000E+00
  4.9927500E+03 -0.000E+00 -0.000E+00  0.000E+00
  4.9932500E+03 -0.000E+00 -0.000E+00  0.000E+00
  4.9937500E+03 -0.000E+00 -0.000E+00  0.000E+00
  4.9942500E+03 -0.000E+00 -0.000E+00  0.000E+00
  4.9947500E+03 -0.000E+00 -0.000E+00  0.000E+00
  4.9952500E+03 -0.000E+00 -0.000E+00  0.000E+00
  4.9957500E+03 -0.000E+00 -0.000E+00  0.000E+00
  4.9962500E+03 -0.000E+00 -0.000E+00  0.000E+00
  4.9967500E+03 -0.000E+00 -0.000E+00  0.000E+00
  4.9972500E+03 -0.000E+00 -0.000E+00  0.000E+00
  4.9977500E+03 -0.000E+00 -0.000E+00  0.000E+00
  4.9982500E+03 -0.000E+00 -0.000E+00  0.000E+00
  4.9987500E+03 -0.000E+00 -0.000E+00  0.000E+00
  4.9992500E+03 -0.000E+00 -0.000E+00  0.000E+00
  4.9997500E+03 -0.000E+00 -0.000E+00  0.000E+00
  5.0002500E+03 -0.000E+00 -0.000E+00  0.000E+00
  5.0007500E+03 -0.000E+00 -0.000E+00  0.000E+00
  5.0012500E+03 -0.000E+00 -0.000E+00  0.000E+00
  5.0017500E+03 -0.000E+00 -0.000E+00  0.000E+00
  5.0022500E+03 -0.000E+00 -0.000E+00  0.000E+00
  5.0027500E+03 -0.000E+00 -0.000E+00  0.000E+00
  5.0032500E+03 -0.000E+00 -0.000E+00  0.000E+00
  5.0037500E+03 -0.000E+00 -0.000E+00  0.000E+00
  5.0042500E+03 -0.000E+00 -0.000E+00  0.000E+00
  5.0047500E+03 -0.000E+00 -0.000E+00  0.000E+00
  5.0052500E+03 -0.000E+00 -0.000E+00  0.000E+00
  5.0057500E+03 -0.000E+00 -0.000E+00  0.000E+00
  5.0062500E+03 -0.000E+00 -0.000E+00  0.000E+00
  5.0067500E+03 -0.000E+00 -0.000E+00  0.000E+00
  5.0072500E+03 -0.000E+00 -0.000E+00  0.000E+00
  5.0077500E+03 -0.000E+00 -0.000E+00  0.000E+00
  5.0082500E+03 -0.000E+00 -0.000E+00  0.000E+00
  5.0087500E+03 -0.000E+00 -0.000E+00  0.000E+00
  5.0092500E+03 -0.000E+00 -0.000E+00  0.000E+00
  5.0097500E+03 -0.000E+00 -0.000E+00  0.000E+00
  5.0102500E+03 -0.000E+00 -0.000E+00  0.000E+00
  5.0107500E+03 -0.000E+00 -0.000E+00  0.000E+00
  5.0112500E+03 -6.321E-04 -6.075E-04 -1.915E-04
  5.0117500E+03 -1.904E-04 -6.893E-04 -2.349E-03
  5.0122500E+03  7.270E-04  5.269E-04 -6.201E-04
  5.0127500E+03  2.197E-03  2.341E-03  2.015E-03
  5.0132500E+03 -9.138E-04 -7.266E-04  5.671E-04
  5.0137500E+03 -2.490E-02  9.033E-03  1.530E-01
  5.0142500E+03  1.890E-01  3.331E-01  8.439E-01
  5.0147500E+03  5.298E-01  3.716E-01 -4.335E-01
  5.0152500E+03  9.170E-02  5.114E-02 -1.304E-01
  5.0157500E+03 -1.636E-01 -1.488E-01 -1.944E-02
  5.0162500E+03 -1.442E-01 -1.051E-01  1.044E-01
  5.0167500E+03  1.746E-01  1.753E-01  1.550E-01
  5.0172500E+03 -1.929E-01 -2.376E-01 -3.704E-01
  5.0177500E+03  8.716E-03 -1.362E-02 -1.087E-01
  5.0182500E+03 -3.081E-02 -4.046E-02 -7.663E-02
  5.0187500E+03  3.412E-02  1.553E-02 -7.990E-02
  5.0192500E+03  4.673E-02  2.763E-02 -7.319E-02
  5.0197500E+03  3.193E-02  2.722E-02 -1.492E-02
  5.0202500E+03  4.401E-02  4.660E-02  5.334E-02
  5.0207500E+03  1.808E-02  2.289E-02  6.565E-02
  5.0212500E+03 -2.281E-01 -2.066E-01 -7.039E-02
  5.0217500E+03 -1.484E-02 -1.161E-02  6.965E-03
  5.0222500E+03  1.559E-01  6.032E-02 -3.210E-01
  5.0227500E+03  1.082E-01  1.667E-01  3.209E-01
  5.0232500E+03  1.435E-02 -1.496E-02 -9.491E-02
  5.0237500E+03 -7.218E-02 -8.445E-02 -8.540E-02
  5.0242500E+03 -1.369E-01 -1.100E-01 -1.136E-02
  5.0247500E+03 -1.051E-01 -5.363E-02  1.458E-01
  5.0252500E+03  1.215E-01  7.773E-02 -1.168E-01
  5.0257500E+03  7.822E-02  6.738E-02  2.928E-02
  5.0262500E+03 -6.894E-02 -3.354E-02  1.059E-01
  5.0267500E+03  2.570E-02  1.426E-02 -4.002E-02
  5.0272500E+03 -7.805E-02  1.219E-02  3.343E-01
  5.0277500E+03  8.640E-02  7.927E-02  2.611E-02
  5.0282500E+03  6.048E-02 -7.025E-03 -2.642E-01
  5.0287500E+03 -1.426E-01 -1.235E-01 -1.232E-02
  5.0292500E+03  2.737E-02  4.603E-02  9.382E-02
  5.0297500E+03  9.614E-02  1.008E-01  7.779E-02
  5.0302500E+03  1.644E-02  2.626E-02  5.097E-02
  5.0307500E+03  1.155E-01  7.635E-02 -1.040E-01
  5.0312500E+03 -3.238E-02  2.356E-02  2.457E-01
  5.0317500E+03  2.783E-01  2.897E-01  1.949E-01
  5.0322500E+03  2.225E-01  2.285E-01  1.651E-01
  5.0327500E+03  3.155E-01  3.091E-01  1.636E-01
  5.0332500E+03  1.560E-01  6.271E-02 -3.030E-01
  5.0337500E+03  7.125E-01  7.085E-01  3.777E-01
  5.0342500E+03  1.198E+00  1.134E+00  4.234E-01
  5.0347500E+03  1.853E+00  1.899E+00  1.218E+00
  5.0352500E+03  3.802E+00  3.647E+00  1.658E+00
  5.0357500E+03  5.834E+00  6.234E+00  5.093E+00
  5.0362500E+03  9.099E+00  9.223E+00  5.846E+00
  5.0367500E+03  1.653E+01  1.738E+01  1.320E+01
  5.0372500E+03  2.715E+01  2.726E+01  1.635E+01
  5.0377500E+03  5.313E+01  5.365E+01  3.313E+01
  5.0382500E+03  8.436E+01  8.543E+01  5.347E+01
  5.0387500E+03  1.274E+02  1.301E+02  8.483E+01
  5.0392500E+03  1.834E+02  1.872E+02  1.214E+02
  5.0397500E+03  2.635E+02  2.663E+02  1.630E+02
  5.0402500E+03  3.523E+02  3.560E+02  2.164E+02
  5.0407500E+03  4.466E+02  4.505E+02  2.701E+02
  5.0412500E+03  5.763E+02  5.789E+02  3.368E+02
  5.0417500E+03  6.668E+02  6.667E+02  3.749E+02
  5.0422500E+03  7.671E+02  7.655E+02  4.229E+02
  5.0427500E+03  8.248E+02  8.241E+02  4.564E+02
  5.0432500E+03  9.059E+02  9.023E+02  4.871E+02
  5.0437500E+03  9.317E+02  9.238E+02  4.812E+02
  5.0442500E+03  9.725E+02  9.608E+02  4.852E+02
  5.0447500E+03  9.217E+02  9.166E+02  4.820E+02
  5.0452500E+03  8.962E+02  8.848E+02  4.397E+02
  5.0457500E+03  8.470E+02  8.367E+02  4.152E+02
  5.0462500E+03  7.770E+02  7.721E+02  3.967E+02
  5.0467500E+03  7.043E+02  6.934E+02  3.312E+02
  5.0472500E+03  6.146E+02  6.082E+02  2.998E+02
  5.0477500E+03  5.483E+02  5.425E+02  2.654E+02
  5.0482500E+03  4.939E+02  4.863E+02  2.273E+02
  5.0487500E+03  4.254E+02  4.143E+02  1.757E+02
  5.0492500E+03  3.593E+02  3.551E+02  1.688E+02
  5.0497500E+03  2.779E+02  2.745E+02  1.281E+02
  5.0502500E+03  2.332E+02  2.274E+02  9.414E+01
  5.0507500E+03  1.918E+02  1.888E+02  8.342E+01
  5.0512500E+03  1.536E+02  1.539E+02  7.727E+01
  5.0517500E+03  1.130E+02  1.161E+02  6.714E+01
  5.0522500E+03  8.612E+01  8.528E+01  3.708E+01
  5.0527500E+03  5.801E+01  5.712E+01  2.210E+01
  5.0532500E+03  5.525E+01  5.369E+01  1.812E+01
  5.0537500E+03  3.732E+01  3.485E+01  5.205E+00
  5.0542500E+03  1.285E+01  1.769E+01  2.285E+01
  5.0547500E+03  1.716E+01  1.859E+01  1.079E+01
  5.0552500E+03 -8.495E+00 -7.728E+00 -4.783E+00
  5.0557500E+03 -1.233E+01 -9.850E+00 -2.955E-02
  5.0562500E+03 -2.573E+01 -2.586E+01 -1.763E+01
  5.0567500E+03 -2.407E+01 -2.380E+01 -1.454E+01
  5.0572500E+03 -3.560E+01 -3.386E+01 -1.411E+01
  5.0577500E+03 -2.774E+01 -2.759E+01 -1.694E+01
  5.0582500E+03 -3.711E+01 -3.569E+01 -1.643E+01
  5.0587500E+03 -4.207E+01 -3.920E+01 -1.307E+01
  5.0592500E+03 -3.931E+01 -3.748E+01 -1.575E+01
  5.0597500E+03 -4.754E+01 -4.575E+01 -2.038E+01
  5.0602500E+03 -4.340E+01 -4.560E+01 -3.407E+01
  5.0607500E+03 -4.582E+01 -4.452E+01 -2.116E+01
  5.0612500E+03 -5.842E+01 -5.309E+01 -1.082E+01
  5.0617500E+03 -4.172E+01 -4.323E+01 -3.062E+01
  5.0622500E+03 -5.139E+01 -4.827E+01 -1.600E+01
  5.0627500E+03 -4.355E+01 -4.341E+01 -2.476E+01
  5.0632500E+03 -4.828E+01 -4.895E+01 -3.029E+01
  5.0637500E+03 -4.152E+01 -4.192E+01 -2.546E+01
  5.0642500E+03 -4.697E+01 -4.607E+01 -2.283E+01
  5.0647500E+03 -4.737E+01 -4.883E+01 -3.297E+01
  5.0652500E+03 -4.930E+01 -4.914E+01 -2.700E+01
  5.0657500E+03 -5.385E+01 -5.314E+01 -2.758E+01
  5.0662500E+03 -5.812E+01 -5.399E+01 -1.529E+01
  5.0667500E+03 -4.859E+01 -4.838E+01 -2.611E+01
  5.0672500E+03 -4.632E+01 -4.649E+01 -2.660E+01
  5.0677500E+03 -5.070E+01 -4.786E+01 -1.637E+01
  5.0682500E+03 -4.426E+01 -4.593E+01 -3.190E+01
  5.0687500E+03 -4.896E+01 -4.859E+01 -2.559E+01
  5.0692500E+03 -5.520E+01 -5.167E+01 -1.569E+01
  5.0697500E+03 -5.274E+01 -5.171E+01 -2.514E+01
  5.0702500E+03 -5.245E+01 -5.067E+01 -2.198E+01
  5.0707500E+03 -4.936E+01 -4.998E+01 -3.025E+01
  5.0712500E+03 -4.401E+01 -4.354E+01 -2.279E+01
  5.0717500E+03 -5.051E+01 -5.145E+01 -3.197E+01
  5.0722500E+03 -4.475E+01 -4.380E+01 -2.141E+01
  5.0727500E+03 -5.109E+01 -5.013E+01 -2.426E+01
  5.0732500E+03 -4.820E+01 -4.558E+01 -1.563E+01
  5.0737500E+03 -5.019E+01 -5.034E+01 -2.857E+01
  5.0742500E+03 -4.786E+01 -4.617E+01 -1.937E+01
  5.0747500E+03 -4.949E+01 -4.747E+01 -1.895E+01
  5.0752500E+03 -4.628E+01 -4.660E+01 -2.686E+01
  5.0757500E+03 -4.621E+01 -4.419E+01 -1.729E+01
  5.0762500E+03 -4.334E+01 -4.438E+01 -2.848E+01
  5.0767500E+03 -4.553E+01 -4.664E+01 -2.992E+01
  5.0772500E+03 -4.238E+01 -4.042E+01 -1.541E+01
  5.0777500E+03 -4.878E+01 -4.814E+01 -2.406E+01
  5.0782500E+03 -3.957E+01 -3.766E+01 -1.389E+01
  5.0787500E+03 -4.382E+01 -4.312E+01 -2.129E+01
  5.0792500E+03 -4.710E+01 -4.668E+01 -2.443E+01
  5.0797500E+03 -4.425E+01 -4.277E+01 -1.865E+01
  5.0802500E+03 -4.390E+01 -4.370E+01 -2.349E+01
  5.0807500E+03 -4.245E+01 -4.132E+01 -1.887E+01
  5.0812500E+03 -4.564E+01 -4.501E+01 -2.238E+01
  5.0817500E+03 -4.475E+01 -4.221E+01 -1.433E+01
  5.0822500E+03 -4.122E+01 -4.159E+01 -2.406E+01
  5.0827500E+03 -4.128E+01 -4.124E+01 -2.245E+01
  5.0832500E+03 -4.119E+01 -4.047E+01 -1.963E+01
  5.0837500E+03 -4.475E+01 -4.526E+01 -2.702E+01
  5.0842500E+03 -4.136E+01 -4.066E+01 -1.981E+01
  5.0847500E+03 -4.237E+01 -4.216E+01 -2.235E+01
  5.0852500E+03 -4.175E+01 -4.146E+01 -2.173E+01
  5.0857500E+03 -4.141E+01 -4.158E+01 -2.386E+01
  5.0862500E+03 -4.461E+01 -4.241E+01 -1.549E+01
  5.0867500E+03 -4.105E+01 -4.035E+01 -1.979E+01
  5.0872500E+03 -4.337E+01 -4.401E+01 -2.610E+01
  5.0877500E+03 -4.202E+01 -4.075E+01 -1.772E+01
  5.0882500E+03 -4.280E+01 -4.226E+01 -2.144E+01
  5.0887500E+03 -4.061E+01 -3.898E+01 -1.554E+01
  5.0892500E+03 -3.803E+01 -3.692E+01 -1.638E+01
  5.0897500E+03 -3.750E+01 -3.850E+01 -2.470E+01
  5.0902500E+03 -3.813E+01 -3.821E+01 -2.128E+01
  5.0907500E+03 -4.129E+01 -4.080E+01 -2.065E+01
  5.0912500E+03 -3.936E+01 -3.935E+01 -2.163E+01
  5.0917500E+03 -3.977E+01 -3.951E+01 -2.078E+01
  5.0922500E+03 -4.211E+01 -4.155E+01 -2.098E+01
  5.0927500E+03 -4.079E+01 -3.945E+01 -1.658E+01
  5.0932500E+03 -4.244E+01 -4.100E+01 -1.710E+01
  5.0937500E+03 -4.221E+01 -4.193E+01 -2.233E+01
  5.0942500E+03 -4.080E+01 -3.973E+01 -1.781E+01
  5.0947500E+03 -3.505E+01 -3.566E+01 -2.185E+01
  5.0952500E+03 -3.795E+01 -3.852E+01 -2.333E+01
  5.0957500E+03 -3.847E+01 -3.774E+01 -1.778E+01
  5.0962500E+03 -3.837E+01 -3.745E+01 -1.745E+01
  5.0967500E+03 -3.894E+01 -3.947E+01 -2.334E+01
  5.0972500E+03 -3.833E+01 -3.835E+01 -2.122E+01
  5.0977500E+03 -4.000E+01 -3.858E+01 -1.604E+01
  5.0982500E+03 -4.007E+01 -3.926E+01 -1.858E+01
  5.0987500E+03 -3.519E+01 -3.443E+01 -1.594E+01
  5.0992500E+03 -3.337E+01 -3.291E+01 -1.662E+01
  5.0997500E+03 -3.572E+01 -3.513E+01 -1.739E+01
  5.1002500E+03 -3.809E+01 -3.731E+01 -1.722E+01
  5.1007500E+03 -3.767E+01 -3.678E+01 -1.672E+01
  5.1012500E+03 -3.324E+01 -3.324E+01 -1.791E+01
  5.1017500E+03 -3.225E+01 -3.308E+01 -2.064E+01
  5.1022500E+03 -3.452E+01 -3.495E+01 -2.107E+01
  5.1027500E+03 -3.762E+01 -3.726E+01 -1.926E+01
  5.1032500E+03 -3.625E+01 -3.595E+01 -1.891E+01
  5.1037500E+03 -3.467E+01 -3.495E+01 -2.013E+01
  5.1042500E+03 -3.575E+01 -3.503E+01 -1.670E+01
  5.1047500E+03 -3.516E+01 -3.381E+01 -1.382E+01
  5.1052500E+03 -3.654E+01 -3.531E+01 -1.514E+01
  5.1057500E+03 -3.407E+01 -3.335E+01 -1.588E+01
  5.1062500E+03 -3.465E+01 -3.436E+01 -1.778E+01
  5.1067500E+03 -3.334E+01 -3.325E+01 -1.786E+01
  5.1072500E+03 -3.591E+01 -3.513E+01 -1.619E+01
  5.1077500E+03 -3.478E+01 -3.394E+01 -1.562E+01
  5.1082500E+03 -3.346E+01 -3.229E+01 -1.359E+01
  5.1087500E+03 -3.241E+01 -3.271E+01 -1.949E+01
  5.1092500E+03 -3.502E+01 -3.446E+01 -1.673E+01
  5.1097500E+03 -3.131E+01 -3.210E+01 -2.039E+01
  5.1102500E+03 -3.555E+01 -3.477E+01 -1.594E+01
  5.1107500E+03 -3.208E+01 -3.246E+01 -1.888E+01
  5.1112500E+03 -3.151E+01 -3.109E+01 -1.492E+01
  5.1117500E+03 -3.392E+01 -3.327E+01 -1.605E+01
  5.1122500E+03 -3.177E+01 -3.153E+01 -1.641E+01
  5.1127500E+03 -3.417E+01 -3.367E+01 -1.661E+01
  5.1132500E+03 -3.295E+01 -3.177E+01 -1.275E+01
  5.1137500E+03 -3.112E+01 -3.065E+01 -1.532E+01
  5.1142500E+03 -3.578E+01 -3.558E+01 -1.793E+01
  5.1147500E+03 -3.134E+01 -3.144E+01 -1.775E+01
  5.1152500E+03 -3.039E+01 -3.078E+01 -1.765E+01
  5.1157500E+03 -3.208E+01 -3.227E+01 -1.881E+01
  5.1162500E+03 -2.891E+01 -2.882E+01 -1.566E+01
  5.1167500E+03 -2.978E+01 -3.022E+01 -1.824E+01
  5.1172500E+03 -3.045E+01 -2.996E+01 -1.487E+01
  5.1177500E+03 -2.832E+01 -2.863E+01 -1.673E+01
  5.1182500E+03 -2.956E+01 -2.981E+01 -1.721E+01
  5.1187500E+03 -2.997E+01 -3.006E+01 -1.716E+01
  5.1192500E+03 -2.961E+01 -2.938E+01 -1.497E+01
  5.1197500E+03 -3.183E+01 -3.026E+01 -1.060E+01
  5.1202500E+03 -3.080E+01 -3.047E+01 -1.518E+01
  5.1207500E+03 -3.078E+01 -3.056E+01 -1.588E+01
  5.1212500E+03 -2.938E+01 -2.972E+01 -1.753E+01
  5.1217500E+03 -2.902E+01 -2.783E+01 -1.121E+01
  5.1222500E+03 -2.794E+01 -2.811E+01 -1.581E+01
  5.1227500E+03 -3.109E+01 -3.076E+01 -1.609E+01
  5.1232500E+03 -2.861E+01 -2.833E+01 -1.382E+01
  5.1237500E+03 -2.859E+01 -2.835E+01 -1.350E+01
  5.1242500E+03 -2.792E+01 -2.796E+01 -1.611E+01
  5.1247500E+03 -3.115E+01 -3.090E+01 -1.566E+01
  5.1252500E+03 -2.626E+01 -2.573E+01 -1.245E+01
  5.1257500E+03 -2.713E+01 -2.614E+01 -1.093E+01
  5.1262500E+03 -2.632E+01 -2.646E+01 -1.500E+01
  5.1267500E+03 -2.695E+01 -2.699E+01 -1.492E+01
  5.1272500E+03 -2.985E+01 -2.882E+01 -1.224E+01
  5.1277500E+03 -2.927E+01 -2.872E+01 -1.305E+01
  5.1282500E+03 -2.991E+01 -2.982E+01 -1.601E+01
  5.1287500E+03 -2.755E+01 -2.843E+01 -1.850E+01
  5.1292500E+03 -2.761E+01 -2.617E+01 -8.849E+00
  5.1297500E+03 -2.539E+01 -2.562E+01 -1.487E+01
  5.1302500E+03 -2.718E+01 -2.692E+01 -1.334E+01
  5.1307500E+03 -2.626E+01 -2.582E+01 -1.246E+01
  5.1312500E+03 -2.660E+01 -2.605E+01 -1.201E+01
  5.1317500E+03 -2.638E+01 -2.584E+01 -1.286E+01
  5.1322500E+03 -2.639E+01 -2.665E+01 -1.612E+01
  5.1327500E+03 -2.716E+01 -2.723E+01 -1.491E+01
  5.1332500E+03 -2.616E+01 -2.608E+01 -1.410E+01
  5.1337500E+03 -2.640E+01 -2.578E+01 -1.218E+01
  5.1342500E+03 -2.729E+01 -2.748E+01 -1.603E+01
  5.1347500E+03 -2.551E+01 -2.580E+01 -1.548E+01
  5.1352500E+03 -2.856E+01 -2.790E+01 -1.245E+01
  5.1357500E+03 -2.812E+01 -2.747E+01 -1.213E+01
  5.1362500E+03 -2.616E+01 -2.646E+01 -1.506E+01
  5.1367500E+03 -2.582E+01 -2.532E+01 -1.111E+01
  5.1372500E+03 -2.791E+01 -2.687E+01 -1.054E+01
  5.1377500E+03 -2.798E+01 -2.805E+01 -1.587E+01
  5.1382500E+03 -2.763E+01 -2.745E+01 -1.402E+01
  5.1387500E+03 -2.587E+01 -2.515E+01 -1.041E+01
  5.1392500E+03 -2.442E+01 -2.452E+01 -1.385E+01
  5.1397500E+03 -2.208E+01 -2.281E+01 -1.629E+01
  5.1402500E+03 -2.494E+01 -2.501E+01 -1.460E+01
  5.1407500E+03 -2.716E+01 -2.666E+01 -1.321E+01
  5.1412500E+03 -2.647E+01 -2.594E+01 -1.211E+01
  5.1417500E+03 -2.579E+01 -2.551E+01 -1.217E+01
  5.1422500E+03 -2.412E+01 -2.476E+01 -1.554E+01
  5.1427500E+03 -2.504E+01 -2.473E+01 -1.215E+01
  5.1432500E+03 -2.610E+01 -2.505E+01 -1.003E+01
  5.1437500E+03 -2.461E+01 -2.410E+01 -1.154E+01
  5.1442500E+03 -2.534E+01 -2.513E+01 -1.286E+01
  5.1447500E+03 -2.452E+01 -2.429E+01 -1.224E+01
  5.1452500E+03 -2.443E+01 -2.483E+01 -1.468E+01
  5.1457500E+03 -2.283E+01 -2.295E+01 -1.304E+01
  5.1462500E+03 -2.474E+01 -2.430E+01 -1.154E+01
  5.1467500E+03 -2.338E+01 -2.301E+01 -1.183E+01
  5.1472500E+03 -2.111E+01 -2.147E+01 -1.338E+01
  5.1477500E+03 -2.278E+01 -2.280E+01 -1.262E+01
  5.1482500E+03 -2.240E+01 -2.248E+01 -1.267E+01
  5.1487500E+03 -2.658E+01 -2.584E+01 -1.132E+01
  5.1492500E+03 -2.487E+01 -2.441E+01 -1.150E+01
  5.1497500E+03 -2.456E+01 -2.435E+01 -1.216E+01
  5.1502500E+03 -2.329E+01 -2.402E+01 -1.567E+01
  5.1507500E+03 -2.289E+01 -2.260E+01 -1.098E+01
  5.1512500E+03 -2.127E+01 -2.159E+01 -1.254E+01
  5.1517500E+03 -2.344E+01 -2.334E+01 -1.216E+01
  5.1522500E+03 -2.235E+01 -2.231E+01 -1.225E+01
  5.1527500E+03 -2.366E+01 -2.328E+01 -1.121E+01
  5.1532500E+03 -2.274E+01 -2.165E+01 -7.459E+00
  5.1537500E+03 -2.143E+01 -2.164E+01 -1.270E+01
  5.1542500E+03 -2.332E+01 -2.342E+01 -1.238E+01
  5.1547500E+03 -2.301E+01 -2.259E+01 -1.074E+01
  5.1552500E+03 -2.391E+01 -2.315E+01 -9.583E+00
  5.1557500E+03 -2.292E+01 -2.280E+01 -1.191E+01
  5.1562500E+03 -2.465E+01 -2.391E+01 -1.070E+01
  5.1567500E+03 -2.213E+01 -2.203E+01 -1.169E+01
  5.1572500E+03 -2.399E+01 -2.369E+01 -1.173E+01
  5.1577500E+03 -2.173E+01 -2.179E+01 -1.169E+01
  5.1582500E+03 -2.015E+01 -2.030E+01 -1.166E+01
  5.1587500E+03 -2.160E+01 -2.196E+01 -1.340E+01
  5.1592500E+03 -1.951E+01 -1.968E+01 -1.134E+01
  5.1597500E+03 -2.159E+01 -2.139E+01 -1.073E+01
  5.1602500E+03 -2.118E+01 -2.081E+01 -9.974E+00
  5.1607500E+03 -1.986E+01 -1.996E+01 -1.228E+01
  5.1612500E+03 -2.322E+01 -2.252E+01 -1.021E+01
  5.1617500E+03 -2.057E+01 -2.063E+01 -1.127E+01
  5.1622500E+03 -1.986E+01 -2.009E+01 -1.139E+01
  5.1627500E+03 -2.091E+01 -2.090E+01 -1.073E+01
  5.1632500E+03 -2.092E+01 -2.102E+01 -1.164E+01
  5.1637500E+03 -2.074E+01 -2.015E+01 -8.985E+00
  5.1642500E+03 -2.055E+01 -2.024E+01 -9.746E+00
  5.1647500E+03 -2.267E+01 -2.247E+01 -1.181E+01
  5.1652500E+03 -2.115E+01 -2.087E+01 -1.047E+01
  5.1657500E+03 -2.041E+01 -2.056E+01 -1.150E+01
  5.1662500E+03 -2.176E+01 -2.199E+01 -1.306E+01
  5.1667500E+03 -2.094E+01 -2.043E+01 -9.581E+00
  5.1672500E+03 -2.163E+01 -2.135E+01 -1.045E+01
  5.1677500E+03 -1.920E+01 -1.865E+01 -8.146E+00
  5.1682500E+03 -1.989E+01 -2.003E+01 -1.138E+01
  5.1687500E+03 -2.022E+01 -1.980E+01 -9.291E+00
  5.1692500E+03 -2.036E+01 -2.042E+01 -1.107E+01
  5.1697500E+03 -2.098E+01 -2.074E+01 -1.047E+01
  5.1702500E+03 -2.018E+01 -1.967E+01 -8.570E+00
  5.1707500E+03 -1.721E+01 -1.734E+01 -9.853E+00
  5.1712500E+03 -2.027E+01 -1.959E+01 -8.091E+00
  5.1717500E+03 -1.985E+01 -1.966E+01 -1.021E+01
  5.1722500E+03 -1.858E+01 -1.894E+01 -1.070E+01
  5.1727500E+03 -2.022E+01 -1.965E+01 -8.912E+00
  5.1732500E+03 -1.894E+01 -1.872E+01 -9.867E+00
  5.1737500E+03 -1.979E+01 -1.937E+01 -9.032E+00
  5.1742500E+03 -1.971E+01 -1.943E+01 -9.173E+00
  5.1747500E+03 -2.073E+01 -2.062E+01 -1.063E+01
  5.1752500E+03 -2.136E+01 -2.115E+01 -1.035E+01
  5.1757500E+03 -2.045E+01 -2.063E+01 -1.156E+01
  5.1762500E+03 -1.945E+01 -1.943E+01 -1.060E+01
  5.1767500E+03 -1.912E+01 -1.907E+01 -9.855E+00
  5.1772500E+03 -1.721E+01 -1.806E+01 -1.319E+01
  5.1777500E+03 -1.779E+01 -1.776E+01 -1.028E+01
  5.1782500E+03 -1.900E+01 -1.909E+01 -1.052E+01
  5.1787500E+03 -1.768E+01 -1.774E+01 -9.461E+00
  5.1792500E+03 -1.861E+01 -1.795E+01 -7.540E+00
  5.1797500E+03 -1.923E+01 -1.862E+01 -7.434E+00
  5.1802500E+03 -1.744E+01 -1.770E+01 -1.065E+01
  5.1807500E+03 -1.944E+01 -1.907E+01 -9.381E+00
  5.1812500E+03 -1.750E+01 -1.764E+01 -1.020E+01
  5.1817500E+03 -1.619E+01 -1.612E+01 -8.050E+00
  5.1822500E+03 -2.000E+01 -1.923E+01 -7.340E+00
  5.1827500E+03 -2.001E+01 -1.932E+01 -9.499E+00
  5.1832500E+03 -1.760E+01 -1.801E+01 -1.174E+01
  5.1837500E+03 -2.029E+01 -2.010E+01 -1.017E+01
  5.1842500E+03 -1.816E+01 -1.822E+01 -1.098E+01
  5.1847500E+03 -1.899E+01 -1.831E+01 -7.000E+00
  5.1852500E+03 -1.603E+01 -1.606E+01 -7.892E+00
  5.1857500E+03 -1.581E+01 -1.590E+01 -8.229E+00
  5.1862500E+03 -1.948E+01 -1.942E+01 -9.974E+00
  5.1867500E+03 -2.049E+01 -2.041E+01 -1.045E+01
  5.1872500E+03 -1.561E+01 -1.583E+01 -9.581E+00
  5.1877500E+03 -1.882E+01 -1.844E+01 -8.872E+00
  5.1882500E+03 -1.658E+01 -1.683E+01 -9.772E+00
  5.1887500E+03 -1.744E+01 -1.758E+01 -9.956E+00
  5.1892500E+03 -1.700E+01 -1.640E+01 -7.134E+00
  5.1897500E+03 -1.812E+01 -1.855E+01 -1.132E+01
  5.1902500E+03 -1.783E+01 -1.800E+01 -1.037E+01
  5.1907500E+03 -1.803E+01 -1.791E+01 -9.140E+00
  5.1912500E+03 -1.638E+01 -1.656E+01 -1.036E+01
  5.1917500E+03 -1.601E+01 -1.592E+01 -8.807E+00
  5.1922500E+03 -1.699E+01 -1.692E+01 -8.289E+00
  5.1927500E+03 -1.638E+01 -1.619E+01 -6.869E+00
  5.1932500E+03 -1.615E+01 -1.595E+01 -8.486E+00
  5.1937500E+03 -1.643E+01 -1.670E+01 -1.005E+01
  5.1942500E+03 -1.522E+01 -1.507E+01 -7.672E+00
  5.1947500E+03 -1.705E+01 -1.657E+01 -7.409E+00
  5.1952500E+03 -1.696E+01 -1.659E+01 -7.583E+00
  5.1957500E+03 -1.812E+01 -1.802E+01 -9.068E+00
  5.1962500E+03 -1.614E+01 -1.629E+01 -9.708E+00
  5.1967500E+03 -1.714E+01 -1.692E+01 -8.554E+00
  5.1972500E+03 -1.670E+01 -1.676E+01 -9.187E+00
  5.1977500E+03 -1.690E+01 -1.628E+01 -7.073E+00
  5.1982500E+03 -1.612E+01 -1.599E+01 -8.364E+00
  5.1987500E+03 -1.588E+01 -1.597E+01 -8.902E+00
  5.1992500E+03 -1.804E+01 -1.791E+01 -9.269E+00
  5.1997500E+03 -1.705E+01 -1.603E+01 -5.024E+00
  5.2002500E+03 -1.651E+01 -1.643E+01 -8.696E+00
  5.2007500E+03 -1.668E+01 -1.737E+01 -1.201E+01
  5.2012500E+03 -1.554E+01 -1.568E+01 -8.506E+00
  5.2017500E+03 -1.473E+01 -1.482E+01 -8.520E+00
  5.2022500E+03 -1.594E+01 -1.527E+01 -5.951E+00
  5.2027500E+03 -1.793E+01 -1.676E+01 -4.702E+00
  5.2032500E+03 -1.626E+01 -1.656E+01 -9.769E+00
  5.2037500E+03 -1.636E+01 -1.663E+01 -1.004E+01
  5.2042500E+03 -1.608E+01 -1.577E+01 -7.175E+00
  5.2047500E+03 -1.419E+01 -1.455E+01 -9.069E+00
  5.2052500E+03 -1.430E+01 -1.452E+01 -8.806E+00
  5.2057500E+03 -1.593E+01 -1.564E+01 -7.291E+00
  5.2062500E+03 -1.514E+01 -1.560E+01 -1.020E+01
  5.2067500E+03 -1.446E+01 -1.456E+01 -8.567E+00
  5.2072500E+03 -1.616E+01 -1.628E+01 -8.773E+00
  5.2077500E+03 -1.581E+01 -1.611E+01 -9.730E+00
  5.2082500E+03 -1.474E+01 -1.543E+01 -1.083E+01
  5.2087500E+03 -1.320E+01 -1.359E+01 -8.644E+00
  5.2092500E+03 -1.495E+01 -1.468E+01 -6.772E+00
  5.2097500E+03 -1.502E+01 -1.488E+01 -7.636E+00
  5.2102500E+03 -1.428E+01 -1.410E+01 -7.468E+00
  5.2107500E+03 -1.666E+01 -1.635E+01 -7.631E+00
  5.2112500E+03 -1.544E+01 -1.456E+01 -4.647E+00
  5.2117500E+03 -1.482E+01 -1.496E+01 -8.615E+00
  5.2122500E+03 -1.570E+01 -1.528E+01 -6.972E+00
  5.2127500E+03 -1.383E+01 -1.381E+01 -7.535E+00
  5.2132500E+03 -1.456E+01 -1.496E+01 -9.403E+00
  5.2137500E+03 -1.326E+01 -1.350E+01 -8.134E+00
  5.2142500E+03 -1.499E+01 -1.501E+01 -8.394E+00
  5.2147500E+03 -1.461E+01 -1.442E+01 -7.007E+00
  5.2152500E+03 -1.463E+01 -1.408E+01 -5.719E+00
  5.2157500E+03 -1.485E+01 -1.499E+01 -8.633E+00
  5.2162500E+03 -1.535E+01 -1.510E+01 -7.388E+00
  5.2167500E+03 -1.470E+01 -1.436E+01 -6.825E+00
  5.2172500E+03 -1.468E+01 -1.449E+01 -7.051E+00
  5.2177500E+03 -1.500E+01 -1.494E+01 -7.389E+00
  5.2182500E+03 -1.230E+01 -1.275E+01 -8.679E+00
  5.2187500E+03 -1.294E+01 -1.297E+01 -6.985E+00
  5.2192500E+03 -1.397E+01 -1.384E+01 -7.588E+00
  5.2197500E+03 -1.285E+01 -1.300E+01 -7.207E+00
  5.2202500E+03 -1.341E+01 -1.312E+01 -5.765E+00
  5.2207500E+03 -1.581E+01 -1.530E+01 -6.349E+00
  5.2212500E+03 -1.515E+01 -1.451E+01 -5.929E+00
  5.2217500E+03 -1.464E+01 -1.386E+01 -4.906E+00
  5.2222500E+03 -1.363E+01 -1.360E+01 -6.796E+00
  5.2227500E+03 -1.341E+01 -1.357E+01 -7.781E+00
  5.2232500E+03 -1.404E+01 -1.412E+01 -7.633E+00
  5.2237500E+03 -1.500E+01 -1.471E+01 -7.068E+00
  5.2242500E+03 -1.445E+01 -1.461E+01 -8.676E+00
  5.2247500E+03 -1.289E+01 -1.338E+01 -9.061E+00
  5.2252500E+03 -1.400E+01 -1.371E+01 -6.439E+00
  5.2257500E+03 -1.379E+01 -1.348E+01 -6.170E+00
  5.2262500E+03 -1.365E+01 -1.341E+01 -6.696E+00
  5.2267500E+03 -1.443E+01 -1.439E+01 -7.635E+00
  5.2272500E+03 -1.454E+01 -1.452E+01 -7.503E+00
  5.2277500E+03 -1.311E+01 -1.365E+01 -9.414E+00
  5.2282500E+03 -1.153E+01 -1.155E+01 -6.351E+00
  5.2287500E+03 -1.411E+01 -1.352E+01 -5.205E+00
  5.2292500E+03 -1.386E+01 -1.376E+01 -6.661E+00
  5.2297500E+03 -1.224E+01 -1.203E+01 -6.077E+00
  5.2302500E+03 -1.398E+01 -1.402E+01 -7.730E+00
  5.2307500E+03 -1.273E+01 -1.250E+01 -6.032E+00
  5.2312500E+03 -1.381E+01 -1.375E+01 -6.960E+00
  5.2317500E+03 -1.354E+01 -1.321E+01 -6.121E+00
  5.2322500E+03 -1.141E+01 -1.179E+01 -8.236E+00
  5.2327500E+03 -1.353E+01 -1.310E+01 -5.355E+00
  5.2332500E+03 -1.279E+01 -1.300E+01 -7.496E+00
  5.2337500E+03 -1.158E+01 -1.195E+01 -7.655E+00
  5.2342500E+03 -1.190E+01 -1.220E+01 -7.897E+00
  5.2347500E+03 -1.381E+01 -1.354E+01 -6.053E+00
  5.2352500E+03 -1.492E+01 -1.484E+01 -7.558E+00
  5.2357500E+03 -1.392E+01 -1.369E+01 -6.496E+00
  5.2362500E+03 -1.234E+01 -1.221E+01 -5.725E+00
  5.2367500E+03 -1.089E+01 -1.117E+01 -7.046E+00
  5.2372500E+03 -1.124E+01 -1.134E+01 -7.031E+00
  5.2377500E+03 -1.131E+01 -1.134E+01 -6.353E+00
  5.2382500E+03 -1.207E+01 -1.202E+01 -6.120E+00
  5.2387500E+03 -1.068E+01 -1.103E+01 -7.365E+00
  5.2392500E+03 -1.155E+01 -1.172E+01 -7.089E+00
  5.2397500E+03 -1.270E+01 -1.252E+01 -6.377E+00
  5.2402500E+03 -1.199E+01 -1.220E+01 -7.256E+00
  5.2407500E+03 -1.219E+01 -1.242E+01 -7.376E+00
  5.2412500E+03 -1.324E+01 -1.255E+01 -4.346E+00
  5.2417500E+03 -1.327E+01 -1.298E+01 -5.819E+00
  5.2422500E+03 -1.218E+01 -1.215E+01 -6.366E+00
  5.2427500E+03 -1.298E+01 -1.270E+01 -6.055E+00
  5.2432500E+03 -1.319E+01 -1.262E+01 -4.377E+00
  5.2437500E+03 -1.152E+01 -1.148E+01 -5.941E+00
  5.2442500E+03 -1.161E+01 -1.166E+01 -6.252E+00
  5.2447500E+03 -1.181E+01 -1.159E+01 -5.556E+00
  5.2452500E+03 -1.172E+01 -1.186E+01 -6.997E+00
  5.2457500E+03 -1.294E+01 -1.269E+01 -5.670E+00
  5.2462500E+03 -1.060E+01 -1.123E+01 -8.460E+00
  5.2467500E+03 -1.066E+01 -1.105E+01 -7.148E+00
  5.2472500E+03 -1.130E+01 -1.127E+01 -5.764E+00
  5.2477500E+03 -1.297E+01 -1.275E+01 -6.079E+00
  5.2482500E+03 -1.295E+01 -1.290E+01 -6.888E+00
  5.2487500E+03 -1.170E+01 -1.199E+01 -7.407E+00
  5.2492500E+03 -1.060E+01 -1.063E+01 -5.803E+00
  5.2497500E+03 -1.241E+01 -1.227E+01 -6.273E+00
  5.2502500E+03 -1.223E+01 -1.228E+01 -6.726E+00
  5.2507500E+03 -1.253E+01 -1.242E+01 -6.186E+00
  5.2512500E+03 -1.107E+01 -1.143E+01 -7.450E+00
  5.2517500E+03 -1.211E+01 -1.199E+01 -6.053E+00
  5.2522500E+03 -1.223E+01 -1.239E+01 -7.475E+00
  5.2527500E+03 -1.088E+01 -1.087E+01 -5.641E+00
  5.2532500E+03 -1.206E+01 -1.166E+01 -4.550E+00
  5.2537500E+03 -1.133E+01 -1.092E+01 -4.098E+00
  5.2542500E+03 -1.195E+01 -1.162E+01 -5.332E+00
  5.2547500E+03 -1.154E+01 -1.125E+01 -5.368E+00
  5.2552500E+03 -1.053E+01 -1.056E+01 -5.821E+00
  5.2557500E+03 -1.039E+01 -1.074E+01 -6.997E+00
  5.2562500E+03 -1.076E+01 -1.071E+01 -5.867E+00
  5.2567500E+03 -1.153E+01 -1.150E+01 -6.026E+00
  5.2572500E+03 -1.167E+01 -1.087E+01 -3.087E+00
  5.2577500E+03 -9.233E+00 -9.316E+00 -5.481E+00
  5.2582500E+03 -9.480E+00 -9.360E+00 -4.834E+00
  5.2587500E+03 -1.037E+01 -1.063E+01 -6.723E+00
  5.2592500E+03 -1.049E+01 -1.035E+01 -4.982E+00
  5.2597500E+03 -1.098E+01 -1.115E+01 -6.617E+00
  5.2602500E+03 -1.108E+01 -1.087E+01 -5.257E+00
  5.2607500E+03 -9.721E+00 -9.828E+00 -5.869E+00
  5.2612500E+03 -1.213E+01 -1.214E+01 -6.292E+00
  5.2617500E+03 -1.031E+01 -1.038E+01 -5.333E+00
  5.2622500E+03 -1.025E+01 -1.000E+01 -4.309E+00
  5.2627500E+03 -1.134E+01 -1.117E+01 -5.616E+00
  5.2632500E+03 -1.111E+01 -1.069E+01 -4.376E+00
  5.2637500E+03 -1.090E+01 -1.052E+01 -4.445E+00
  5.2642500E+03 -9.884E+00 -1.014E+01 -5.891E+00
  5.2647500E+03 -1.129E+01 -1.150E+01 -6.642E+00
  5.2652500E+03 -1.170E+01 -1.152E+01 -5.576E+00
  5.2657500E+03 -9.368E+00 -9.244E+00 -4.958E+00
  5.2662500E+03 -1.073E+01 -1.061E+01 -5.081E+00
  5.2667500E+03 -1.072E+01 -1.082E+01 -5.844E+00
  5.2672500E+03 -9.613E+00 -9.945E+00 -6.985E+00
  5.2677500E+03 -1.120E+01 -1.095E+01 -4.929E+00
  5.2682500E+03 -9.941E+00 -9.674E+00 -4.743E+00
  5.2687500E+03 -1.047E+01 -1.035E+01 -5.398E+00
  5.2692500E+03 -1.049E+01 -1.034E+01 -5.096E+00
  5.2697500E+03 -1.067E+01 -1.055E+01 -5.344E+00
  5.2702500E+03 -9.307E+00 -9.430E+00 -5.718E+00
  5.2707500E+03 -1.042E+01 -1.062E+01 -6.494E+00
  5.2712500E+03 -1.029E+01 -1.032E+01 -5.351E+00
  5.2717500E+03 -1.104E+01 -1.107E+01 -6.042E+00
  5.2722500E+03 -9.505E+00 -9.356E+00 -4.621E+00
  5.2727500E+03 -7.710E+00 -8.450E+00 -6.959E+00
  5.2732500E+03 -1.106E+01 -1.119E+01 -6.571E+00
  5.2737500E+03 -1.081E+01 -1.052E+01 -4.870E+00
  5.2742500E+03 -1.103E+01 -1.134E+01 -7.313E+00
  5.2747500E+03 -1.076E+01 -1.048E+01 -4.266E+00
  5.2752500E+03 -1.052E+01 -1.047E+01 -5.546E+00
  5.2757500E+03 -9.445E+00 -9.682E+00 -5.704E+00
  5.2762500E+03 -9.486E+00 -9.243E+00 -3.842E+00
  5.2767500E+03 -9.259E+00 -9.301E+00 -5.606E+00
  5.2772500E+03 -9.292E+00 -9.208E+00 -4.811E+00
  5.2777500E+03 -8.980E+00 -9.177E+00 -5.616E+00
  5.2782500E+03 -8.569E+00 -8.617E+00 -4.647E+00
  5.2787500E+03 -1.020E+01 -9.834E+00 -4.184E+00
  5.2792500E+03 -9.704E+00 -9.170E+00 -3.253E+00
  5.2797500E+03 -1.029E+01 -1.021E+01 -4.516E+00
  5.2802500E+03 -1.008E+01 -9.931E+00 -4.746E+00
  5.2807500E+03 -9.408E+00 -9.428E+00 -5.139E+00
  5.2812500E+03 -9.709E+00 -9.746E+00 -5.389E+00
  5.2817500E+03 -1.007E+01 -1.012E+01 -5.746E+00
  5.2822500E+03 -8.391E+00 -8.746E+00 -6.042E+00
  5.2827500E+03 -8.552E+00 -8.415E+00 -3.942E+00
  5.2832500E+03 -9.693E+00 -9.730E+00 -5.345E+00
  5.2837500E+03 -9.928E+00 -9.819E+00 -5.329E+00
  5.2842500E+03 -1.021E+01 -1.030E+01 -5.473E+00
  5.2847500E+03 -9.886E+00 -9.697E+00 -4.919E+00
  5.2852500E+03 -9.335E+00 -9.155E+00 -4.450E+00
  5.2857500E+03 -8.202E+00 -8.247E+00 -5.194E+00
  5.2862500E+03 -1.023E+01 -1.035E+01 -6.140E+00
  5.2867500E+03 -9.782E+00 -9.613E+00 -4.669E+00
  5.2872500E+03 -9.040E+00 -8.855E+00 -3.749E+00
  5.2877500E+03 -1.006E+01 -9.980E+00 -4.841E+00
  5.2882500E+03 -8.988E+00 -8.839E+00 -4.019E+00
  5.2887500E+03 -9.112E+00 -8.865E+00 -3.836E+00
  5.2892500E+03 -8.735E+00 -8.755E+00 -5.196E+00
  5.2897500E+03 -9.548E+00 -9.860E+00 -5.806E+00
  5.2902500E+03 -8.191E+00 -8.603E+00 -5.846E+00
  5.2907500E+03 -7.472E+00 -7.924E+00 -5.531E+00
  5.2912500E+03 -9.744E+00 -9.831E+00 -5.549E+00
  5.2917500E+03 -1.001E+01 -9.952E+00 -4.988E+00
  5.2922500E+03 -9.351E+00 -9.070E+00 -4.189E+00
  5.2927500E+03 -8.430E+00 -8.484E+00 -5.003E+00
  5.2932500E+03 -9.186E+00 -9.434E+00 -5.644E+00
  5.2937500E+03 -1.004E+01 -9.402E+00 -3.047E+00
  5.2942500E+03 -9.126E+00 -9.188E+00 -5.253E+00
  5.2947500E+03 -7.975E+00 -8.197E+00 -5.366E+00
  5.2952500E+03 -8.421E+00 -8.524E+00 -5.104E+00
  5.2957500E+03 -8.697E+00 -8.590E+00 -4.453E+00
  5.2962500E+03 -9.275E+00 -9.440E+00 -5.616E+00
  5.2967500E+03 -9.132E+00 -9.164E+00 -4.858E+00
  5.2972500E+03 -8.228E+00 -7.933E+00 -3.393E+00
  5.2977500E+03 -7.742E+00 -7.780E+00 -4.513E+00
  5.2982500E+03 -8.410E+00 -8.473E+00 -5.026E+00
  5.2987500E+03 -8.410E+00 -8.385E+00 -4.320E+00
  5.2992500E+03 -8.815E+00 -8.776E+00 -4.515E+00
  5.2997500E+03 -8.796E+00 -8.566E+00 -3.788E+00
  5.3002500E+03 -8.691E+00 -8.665E+00 -4.119E+00
  5.3007500E+03 -8.130E+00 -8.172E+00 -4.368E+00
  5.3012500E+03 -9.273E+00 -9.157E+00 -4.709E+00
  5.3017500E+03 -7.882E+00 -8.333E+00 -6.484E+00
  5.3022500E+03 -8.779E+00 -8.933E+00 -5.261E+00
  5.3027500E+03 -9.616E+00 -9.386E+00 -4.705E+00
  5.3032500E+03 -7.818E+00 -7.858E+00 -4.822E+00
  5.3037500E+03 -7.890E+00 -7.909E+00 -4.474E+00
  5.3042500E+03 -8.781E+00 -8.677E+00 -4.266E+00
  5.3047500E+03 -8.898E+00 -8.878E+00 -4.640E+00
  5.3052500E+03 -8.069E+00 -8.183E+00 -4.935E+00
  5.3057500E+03 -7.377E+00 -8.193E+00 -7.187E+00
  5.3062500E+03 -9.378E+00 -8.881E+00 -3.145E+00
  5.3067500E+03 -7.915E+00 -7.858E+00 -3.945E+00
  5.3072500E+03 -7.290E+00 -7.097E+00 -3.251E+00
  5.3077500E+03 -8.017E+00 -8.347E+00 -5.479E+00
  5.3082500E+03 -7.029E+00 -7.467E+00 -5.442E+00
  5.3087500E+03 -8.900E+00 -8.817E+00 -3.971E+00
  5.3092500E+03 -8.711E+00 -8.529E+00 -3.635E+00
  5.3097500E+03 -8.608E+00 -8.500E+00 -4.438E+00
  5.3102500E+03 -7.857E+00 -7.860E+00 -4.524E+00
  5.3107500E+03 -8.461E+00 -8.060E+00 -3.015E+00
  5.3112500E+03 -7.779E+00 -7.618E+00 -3.325E+00
  5.3117500E+03 -7.863E+00 -7.924E+00 -4.618E+00
  5.3122500E+03 -7.426E+00 -7.744E+00 -5.584E+00
  5.3127500E+03 -8.672E+00 -8.633E+00 -4.439E+00
  5.3132500E+03 -8.509E+00 -8.388E+00 -3.675E+00
  5.3137500E+03 -7.444E+00 -7.472E+00 -4.459E+00
  5.3142500E+03 -7.765E+00 -7.936E+00 -5.270E+00
  5.3147500E+03 -7.663E+00 -7.800E+00 -4.413E+00
  5.3152500E+03 -7.579E+00 -7.371E+00 -3.043E+00
  5.3157500E+03 -8.162E+00 -8.437E+00 -5.627E+00
  5.3162500E+03 -7.941E+00 -7.937E+00 -4.081E+00
  5.3167500E+03 -7.939E+00 -7.798E+00 -3.411E+00
  5.3172500E+03 -7.423E+00 -7.557E+00 -4.766E+00
  5.3177500E+03 -9.418E+00 -9.376E+00 -4.862E+00
  5.3182500E+03 -7.371E+00 -7.529E+00 -4.297E+00
  5.3187500E+03 -8.276E+00 -8.099E+00 -3.583E+00
  5.3192500E+03 -7.936E+00 -8.183E+00 -4.980E+00
  5.3197500E+03 -7.040E+00 -6.967E+00 -3.641E+00
  5.3202500E+03 -7.627E+00 -7.392E+00 -3.497E+00
  5.3207500E+03 -6.819E+00 -6.958E+00 -4.434E+00
  5.3212500E+03 -7.550E+00 -7.025E+00 -2.170E+00
  5.3217500E+03 -8.021E+00 -7.683E+00 -2.699E+00
  5.3222500E+03 -6.878E+00 -6.863E+00 -3.538E+00
  5.3227500E+03 -7.439E+00 -7.336E+00 -3.725E+00
  5.3232500E+03 -8.585E+00 -8.500E+00 -4.686E+00
  5.3237500E+03 -7.230E+00 -7.301E+00 -4.136E+00
  5.3242500E+03 -6.755E+00 -6.882E+00 -4.297E+00
  5.3247500E+03 -7.427E+00 -7.417E+00 -3.752E+00
  5.3252500E+03 -8.746E+00 -8.534E+00 -3.521E+00
  5.3257500E+03 -8.174E+00 -8.073E+00 -4.074E+00
  5.3262500E+03 -6.359E+00 -6.812E+00 -5.778E+00
  5.3267500E+03 -7.290E+00 -7.252E+00 -3.804E+00
  5.3272500E+03 -6.965E+00 -7.077E+00 -4.144E+00
  5.3277500E+03 -8.450E+00 -8.378E+00 -4.303E+00
  5.3282500E+03 -7.645E+00 -7.755E+00 -4.654E+00
  5.3287500E+03 -8.912E+00 -8.811E+00 -4.304E+00
  5.3292500E+03 -6.786E+00 -6.758E+00 -3.623E+00
  5.3297500E+03 -6.950E+00 -6.682E+00 -2.444E+00
  5.3302500E+03 -6.983E+00 -7.159E+00 -3.961E+00
  5.3307500E+03 -6.773E+00 -6.937E+00 -3.789E+00
  5.3312500E+03 -6.566E+00 -6.704E+00 -4.277E+00
  5.3317500E+03 -7.688E+00 -7.527E+00 -4.197E+00
  5.3322500E+03 -6.584E+00 -6.326E+00 -3.448E+00
  5.3327500E+03 -5.726E+00 -5.574E+00 -2.357E+00
  5.3332500E+03 -7.200E+00 -7.202E+00 -3.179E+00
  5.3337500E+03 -7.911E+00 -7.858E+00 -3.998E+00
  5.3342500E+03 -7.692E+00 -7.412E+00 -2.892E+00
  5.3347500E+03 -7.680E+00 -7.401E+00 -2.821E+00
  5.3352500E+03 -6.880E+00 -7.243E+00 -5.300E+00
  5.3357500E+03 -6.715E+00 -6.802E+00 -4.305E+00
  5.3362500E+03 -7.166E+00 -7.008E+00 -3.130E+00
  5.3367500E+03 -7.218E+00 -6.759E+00 -3.333E+00
  5.3372500E+03 -6.078E+00 -6.537E+00 -5.944E+00
  5.3377500E+03 -5.296E+00 -5.777E+00 -5.249E+00
  5.3382500E+03 -7.451E+00 -7.498E+00 -4.057E+00
  5.3387500E+03 -7.638E+00 -7.355E+00 -2.900E+00
  5.3392500E+03 -7.234E+00 -6.670E+00 -1.726E+00
  5.3397500E+03 -6.192E+00 -6.733E+00 -4.640E+00
  5.3402500E+03 -7.751E+00 -8.255E+00 -4.928E+00
  5.3407500E+03 -6.425E+00 -6.542E+00 -4.020E+00
  5.3412500E+03 -4.965E+00 -5.299E+00 -4.310E+00
  5.3417500E+03 -6.265E+00 -6.551E+00 -4.134E+00
  5.3422500E+03 -6.468E+00 -6.446E+00 -3.251E+00
  5.3427500E+03 -7.582E+00 -7.425E+00 -3.082E+00
  5.3432500E+03 -7.468E+00 -7.204E+00 -2.856E+00
  5.3437500E+03 -7.025E+00 -7.166E+00 -4.315E+00
  5.3442500E+03 -6.738E+00 -6.799E+00 -4.108E+00
  5.3447500E+03 -7.151E+00 -6.946E+00 -2.967E+00
  5.3452500E+03 -6.730E+00 -6.884E+00 -4.435E+00
  5.3457500E+03 -7.436E+00 -7.436E+00 -3.543E+00
  5.3462500E+03 -6.425E+00 -6.267E+00 -2.715E+00
  5.3467500E+03 -6.264E+00 -6.247E+00 -3.250E+00
  5.3472500E+03 -5.411E+00 -5.589E+00 -4.258E+00
  5.3477500E+03 -6.472E+00 -6.674E+00 -3.885E+00
  5.3482500E+03 -6.211E+00 -6.061E+00 -2.869E+00
  5.3487500E+03 -6.198E+00 -6.007E+00 -2.481E+00
  5.3492500E+03 -6.978E+00 -6.835E+00 -3.742E+00
  5.3497500E+03 -6.791E+00 -6.690E+00 -3.132E+00
  5.3502500E+03 -6.223E+00 -5.805E+00 -1.638E+00
  5.3507500E+03 -6.059E+00 -6.200E+00 -3.818E+00
  5.3512500E+03 -6.363E+00 -6.440E+00 -3.848E+00
  5.3517500E+03 -7.111E+00 -7.120E+00 -4.069E+00
  5.3522500E+03 -7.002E+00 -6.837E+00 -3.306E+00
  5.3527500E+03 -7.398E+00 -7.265E+00 -3.497E+00
  5.3532500E+03 -6.303E+00 -5.969E+00 -1.683E+00
  5.3537500E+03 -6.340E+00 -6.356E+00 -3.818E+00
  5.3542500E+03 -5.672E+00 -5.900E+00 -3.805E+00
  5.3547500E+03 -7.474E+00 -7.358E+00 -3.081E+00
  5.3552500E+03 -6.437E+00 -6.322E+00 -3.284E+00
  5.3557500E+03 -6.451E+00 -6.415E+00 -3.440E+00
  5.3562500E+03 -6.201E+00 -6.040E+00 -2.298E+00
  5.3567500E+03 -6.574E+00 -6.501E+00 -3.088E+00
  5.3572500E+03 -6.191E+00 -6.057E+00 -2.901E+00
  5.3577500E+03 -7.153E+00 -7.232E+00 -4.024E+00
  5.3582500E+03 -6.093E+00 -6.156E+00 -3.702E+00
  5.3587500E+03 -6.379E+00 -6.666E+00 -3.971E+00
  5.3592500E+03 -5.550E+00 -5.677E+00 -3.529E+00
  5.3597500E+03 -5.834E+00 -5.887E+00 -2.987E+00
  5.3602500E+03 -6.525E+00 -6.330E+00 -2.483E+00
  5.3607500E+03 -6.449E+00 -6.226E+00 -2.699E+00
  5.3612500E+03 -5.915E+00 -5.991E+00 -3.793E+00
  5.3617500E+03 -6.705E+00 -6.878E+00 -4.629E+00
  5.3622500E+03 -6.315E+00 -6.183E+00 -2.801E+00
  5.3627500E+03 -5.588E+00 -5.811E+00 -3.827E+00
  5.3632500E+03 -5.566E+00 -5.903E+00 -4.605E+00
  5.3637500E+03 -6.902E+00 -6.814E+00 -3.231E+00
  5.3642500E+03 -5.332E+00 -5.198E+00 -2.441E+00
  5.3647500E+03 -6.081E+00 -5.994E+00 -2.789E+00
  5.3652500E+03 -6.714E+00 -6.396E+00 -2.131E+00
  5.3657500E+03 -5.823E+00 -5.769E+00 -2.797E+00
  5.3662500E+03 -5.956E+00 -6.007E+00 -3.329E+00
  5.3667500E+03 -5.907E+00 -5.983E+00 -3.623E+00
  5.3672500E+03 -5.008E+00 -5.009E+00 -2.293E+00
  5.3677500E+03 -4.865E+00 -4.987E+00 -3.166E+00
  5.3682500E+03 -6.988E+00 -6.724E+00 -2.490E+00
  5.3687500E+03 -6.584E+00 -6.553E+00 -3.363E+00
  5.3692500E+03 -5.489E+00 -5.592E+00 -3.184E+00
  5.3697500E+03 -6.034E+00 -5.817E+00 -2.718E+00
  5.3702500E+03 -6.695E+00 -6.637E+00 -3.283E+00
  5.3707500E+03 -6.523E+00 -6.354E+00 -2.571E+00
  5.3712500E+03 -5.315E+00 -5.436E+00 -3.343E+00
  5.3717500E+03 -5.511E+00 -5.530E+00 -3.121E+00
  5.3722500E+03 -5.158E+00 -5.241E+00 -3.285E+00
  5.3727500E+03 -6.444E+00 -6.129E+00 -2.478E+00
  5.3732500E+03 -5.665E+00 -5.536E+00 -2.443E+00
  5.3737500E+03 -5.725E+00 -5.787E+00 -3.306E+00
  5.3742500E+03 -6.128E+00 -5.861E+00 -3.249E+00
  5.3747500E+03 -5.149E+00 -5.323E+00 -3.417E+00
  5.3752500E+03 -5.222E+00 -5.535E+00 -3.894E+00
  5.3757500E+03 -6.035E+00 -5.995E+00 -3.169E+00
  5.3762500E+03 -5.533E+00 -5.622E+00 -3.435E+00
  5.3767500E+03 -5.883E+00 -5.904E+00 -3.003E+00
  5.3772500E+03 -5.841E+00 -5.725E+00 -2.530E+00
  5.3777500E+03 -5.205E+00 -5.293E+00 -2.742E+00
  5.3782500E+03 -4.980E+00 -4.991E+00 -2.902E+00
  5.3787500E+03 -5.713E+00 -5.706E+00 -3.157E+00
  5.3792500E+03 -4.971E+00 -5.164E+00 -3.209E+00
  5.3797500E+03 -6.081E+00 -5.970E+00 -2.632E+00
  5.3802500E+03 -5.892E+00 -5.754E+00 -2.760E+00
  5.3807500E+03 -5.194E+00 -5.200E+00 -3.183E+00
  5.3812500E+03 -6.134E+00 -6.104E+00 -3.356E+00
  5.3817500E+03 -6.065E+00 -6.245E+00 -3.729E+00
  5.3822500E+03 -4.873E+00 -5.008E+00 -3.266E+00
  5.3827500E+03 -5.390E+00 -5.317E+00 -3.090E+00
  5.3832500E+03 -5.452E+00 -5.575E+00 -3.566E+00
  5.3837500E+03 -6.177E+00 -6.282E+00 -3.415E+00
  5.3842500E+03 -5.388E+00 -5.720E+00 -4.172E+00
  5.3847500E+03 -5.627E+00 -5.481E+00 -2.165E+00
  5.3852500E+03 -5.264E+00 -5.165E+00 -2.267E+00
  5.3857500E+03 -5.372E+00 -5.447E+00 -3.373E+00
  5.3862500E+03 -5.608E+00 -5.492E+00 -2.468E+00
  5.3867500E+03 -5.942E+00 -5.799E+00 -2.498E+00
  5.3872500E+03 -5.053E+00 -4.938E+00 -1.969E+00
  5.3877500E+03 -5.129E+00 -5.107E+00 -2.467E+00
  5.3882500E+03 -5.415E+00 -5.526E+00 -3.050E+00
  5.3887500E+03 -5.292E+00 -5.556E+00 -3.072E+00
  5.3892500E+03 -4.830E+00 -4.784E+00 -2.941E+00
  5.3897500E+03 -5.218E+00 -4.930E+00 -1.941E+00
  5.3902500E+03 -5.827E+00 -5.813E+00 -2.696E+00
  5.3907500E+03 -5.969E+00 -5.898E+00 -2.662E+00
  5.3912500E+03 -5.534E+00 -5.560E+00 -3.290E+00
  5.3917500E+03 -4.940E+00 -4.924E+00 -2.463E+00
  5.3922500E+03 -4.260E+00 -4.258E+00 -2.363E+00
  5.3927500E+03 -5.338E+00 -5.380E+00 -3.032E+00
  5.3932500E+03 -5.116E+00 -5.224E+00 -3.055E+00
  5.3937500E+03 -4.406E+00 -4.265E+00 -2.666E+00
  5.3942500E+03 -5.340E+00 -5.385E+00 -2.045E+00
  5.3947500E+03 -4.900E+00 -4.915E+00 -2.566E+00
  5.3952500E+03 -5.754E+00 -5.662E+00 -2.628E+00
  5.3957500E+03 -5.360E+00 -5.446E+00 -3.579E+00
  5.3962500E+03 -5.200E+00 -5.272E+00 -2.742E+00
  5.3967500E+03 -5.663E+00 -5.684E+00 -2.913E+00
  5.3972500E+03 -5.189E+00 -5.512E+00 -4.576E+00
  5.3977500E+03 -4.797E+00 -5.047E+00 -3.582E+00
  5.3982500E+03 -5.261E+00 -5.397E+00 -3.518E+00
  5.3987500E+03 -5.875E+00 -5.762E+00 -2.549E+00
  5.3992500E+03 -4.782E+00 -4.766E+00 -2.887E+00
  5.3997500E+03 -4.436E+00 -4.391E+00 -2.438E+00
  5.4002500E+03 -5.639E+00 -5.499E+00 -2.305E+00
  5.4007500E+03 -4.771E+00 -4.514E+00 -1.535E+00
  5.4012500E+03 -4.877E+00 -4.817E+00 -2.247E+00
  5.4017500E+03 -4.978E+00 -4.850E+00 -2.346E+00
  5.4022500E+03 -5.645E+00 -5.461E+00 -2.127E+00
  5.4027500E+03 -4.537E+00 -4.248E+00 -2.341E+00
  5.4032500E+03 -4.990E+00 -4.809E+00 -1.974E+00
  5.4037500E+03 -4.935E+00 -4.783E+00 -1.519E+00
  5.4042500E+03 -5.097E+00 -5.006E+00 -2.828E+00
  5.4047500E+03 -5.304E+00 -5.271E+00 -2.889E+00
  5.4052500E+03 -4.697E+00 -4.685E+00 -2.623E+00
  5.4057500E+03 -4.749E+00 -4.853E+00 -3.097E+00
  5.4062500E+03 -4.944E+00 -4.927E+00 -2.308E+00
  5.4067500E+03 -4.438E+00 -4.550E+00 -2.739E+00
  5.4072500E+03 -3.778E+00 -3.723E+00 -1.920E+00
  5.4077500E+03 -4.526E+00 -4.603E+00 -2.723E+00
  5.4082500E+03 -5.122E+00 -5.249E+00 -3.082E+00
  5.4087500E+03 -5.111E+00 -5.258E+00 -2.576E+00
  5.4092500E+03 -5.108E+00 -5.094E+00 -2.441E+00
  5.4097500E+03 -3.439E+00 -3.258E+00 -2.436E+00
  5.4102500E+03 -4.169E+00 -4.254E+00 -2.837E+00
  5.4107500E+03 -5.110E+00 -5.099E+00 -2.748E+00
  5.4112500E+03 -4.964E+00 -4.912E+00 -2.475E+00
  5.4117500E+03 -5.250E+00 -5.027E+00 -2.175E+00
  5.4122500E+03 -5.398E+00 -5.285E+00 -2.501E+00
  5.4127500E+03 -3.663E+00 -3.665E+00 -2.214E+00
  5.4132500E+03 -4.226E+00 -4.440E+00 -4.215E+00
  5.4137500E+03 -4.084E+00 -4.220E+00 -4.011E+00
  5.4142500E+03 -4.822E+00 -4.581E+00 -1.587E+00
  5.4147500E+03 -4.182E+00 -4.248E+00 -2.757E+00
  5.4152500E+03 -5.353E+00 -5.365E+00 -2.863E+00
  5.4157500E+03 -4.823E+00 -4.842E+00 -2.605E+00
  5.4162500E+03 -5.122E+00 -5.014E+00 -2.395E+00
  5.4167500E+03 -4.205E+00 -4.001E+00 -2.256E+00
  5.4172500E+03 -4.607E+00 -4.544E+00 -1.405E+00
  5.4177500E+03 -4.614E+00 -4.792E+00 -2.918E+00
  5.4182500E+03 -4.574E+00 -5.016E+00 -3.553E+00
  5.4187500E+03 -4.925E+00 -4.956E+00 -1.746E+00
  5.4192500E+03 -4.251E+00 -4.152E+00 -1.697E+00
  5.4197500E+03 -4.087E+00 -4.084E+00 -2.597E+00
  5.4202500E+03 -3.961E+00 -3.764E+00 -1.740E+00
  5.4207500E+03 -4.932E+00 -4.949E+00 -2.428E+00
  5.4212500E+03 -4.930E+00 -5.203E+00 -3.381E+00
  5.4217500E+03 -4.689E+00 -4.757E+00 -2.855E+00
  5.4222500E+03 -4.325E+00 -4.422E+00 -1.786E+00
  5.4227500E+03 -4.670E+00 -4.299E+00 -7.839E-01
  5.4232500E+03 -5.660E+00 -5.657E+00 -2.403E+00
  5.4237500E+03 -4.814E+00 -4.831E+00 -2.361E+00
  5.4242500E+03 -4.726E+00 -4.507E+00 -1.808E+00
  5.4247500E+03 -3.995E+00 -4.169E+00 -2.918E+00
  5.4252500E+03 -3.988E+00 -4.191E+00 -3.138E+00
  5.4257500E+03 -4.575E+00 -4.655E+00 -2.583E+00
  5.4262500E+03 -4.580E+00 -4.610E+00 -2.421E+00
  5.4267500E+03 -4.224E+00 -4.254E+00 -2.270E+00
  5.4272500E+03 -4.314E+00 -4.482E+00 -2.454E+00
  5.4277500E+03 -4.975E+00 -4.879E+00 -2.499E+00
  5.4282500E+03 -5.629E+00 -5.371E+00 -2.038E+00
  5.4287500E+03 -4.655E+00 -4.750E+00 -2.719E+00
  5.4292500E+03 -4.143E+00 -4.169E+00 -2.254E+00
  5.4297500E+03 -3.953E+00 -3.932E+00 -1.970E+00
  5.4302500E+03 -4.039E+00 -4.049E+00 -2.179E+00
  5.4307500E+03 -4.566E+00 -4.713E+00 -3.277E+00
  5.4312500E+03 -3.863E+00 -4.013E+00 -2.901E+00
  5.4317500E+03 -4.406E+00 -4.326E+00 -1.850E+00
  5.4322500E+03 -3.914E+00 -3.787E+00 -1.234E+00
  5.4327500E+03 -4.337E+00 -4.329E+00 -2.251E+00
  5.4332500E+03 -3.802E+00 -4.269E+00 -3.756E+00
  5.4337500E+03 -3.689E+00 -3.635E+00 -1.632E+00
  5.4342500E+03 -3.907E+00 -3.810E+00 -1.483E+00
  5.4347500E+03 -4.750E+00 -4.687E+00 -2.334E+00
  5.4352500E+03 -4.848E+00 -4.948E+00 -3.078E+00
  5.4357500E+03 -4.359E+00 -4.234E+00 -1.946E+00
  5.4362500E+03 -3.527E+00 -3.644E+00 -2.411E+00
  5.4367500E+03 -4.204E+00 -4.363E+00 -2.640E+00
  5.4372500E+03 -4.593E+00 -4.672E+00 -2.312E+00
  5.4377500E+03 -4.147E+00 -3.976E+00 -1.791E+00
  5.4382500E+03 -3.786E+00 -3.721E+00 -1.908E+00
  5.4387500E+03 -4.232E+00 -4.129E+00 -2.179E+00
  5.4392500E+03 -4.219E+00 -4.208E+00 -2.979E+00
  5.4397500E+03 -4.213E+00 -4.554E+00 -3.382E+00
  5.4402500E+03 -4.441E+00 -4.715E+00 -3.431E+00
  5.4407500E+03 -4.502E+00 -4.113E+00 -8.912E-01
  5.4412500E+03 -3.289E+00 -3.413E+00 -2.277E+00
  5.4417500E+03 -4.190E+00 -4.653E+00 -4.001E+00
  5.4422500E+03 -4.464E+00 -4.305E+00 -2.202E+00
  5.4427500E+03 -4.242E+00 -4.280E+00 -2.166E+00
  5.4432500E+03 -3.866E+00 -3.739E+00 -1.375E+00
  5.4437500E+03 -3.703E+00 -3.468E+00 -1.305E+00
  5.4442500E+03 -4.059E+00 -4.053E+00 -2.283E+00
  5.4447500E+03 -3.833E+00 -3.983E+00 -2.616E+00
  5.4452500E+03 -3.663E+00 -3.875E+00 -2.486E+00
  5.4457500E+03 -4.422E+00 -4.466E+00 -2.705E+00
  5.4462500E+03 -4.434E+00 -4.616E+00 -3.074E+00
  5.4467500E+03 -3.591E+00 -3.560E+00 -1.904E+00
  5.4472500E+03 -3.919E+00 -3.707E+00 -1.739E+00
  5.4477500E+03 -4.294E+00 -4.406E+00 -2.881E+00
  5.4482500E+03 -4.238E+00 -4.003E+00 -1.988E+00
  5.4487500E+03 -4.398E+00 -4.077E+00 -1.922E+00
  5.4492500E+03 -3.999E+00 -4.363E+00 -2.718E+00
  5.4497500E+03 -4.487E+00 -4.613E+00 -2.224E+00
  5.4502500E+03 -3.936E+00 -4.287E+00 -2.221E+00
  5.4507500E+03 -3.264E+00 -3.022E+00 -1.584E+00
  5.4512500E+03 -3.514E+00 -3.356E+00 -2.418E+00
  5.4517500E+03 -3.909E+00 -3.731E+00 -1.916E+00
  5.4522500E+03 -3.676E+00 -3.485E+00 -1.317E+00
  5.4527500E+03 -3.774E+00 -3.826E+00 -1.978E+00
  5.4532500E+03 -3.667E+00 -3.606E+00 -1.358E+00
  5.4537500E+03 -3.747E+00 -3.926E+00 -2.612E+00
  5.4542500E+03 -4.011E+00 -3.905E+00 -1.351E+00
  5.4547500E+03 -3.672E+00 -3.750E+00 -2.344E+00
  5.4552500E+03 -3.800E+00 -3.616E+00 -1.702E+00
  5.4557500E+03 -2.621E+00 -2.664E+00 -1.693E+00
  5.4562500E+03 -4.337E+00 -4.469E+00 -2.884E+00
  5.4567500E+03 -3.520E+00 -3.823E+00 -2.792E+00
  5.4572500E+03 -4.023E+00 -3.825E+00 -1.139E+00
  5.4577500E+03 -4.848E+00 -4.614E+00 -2.012E+00
  5.4582500E+03 -3.640E+00 -3.816E+00 -2.816E+00
  5.4587500E+03 -3.261E+00 -3.351E+00 -2.158E+00
  5.4592500E+03 -3.363E+00 -3.317E+00 -1.679E+00
  5.4597500E+03 -4.466E+00 -4.509E+00 -1.338E+00
  5.4602500E+03 -3.609E+00 -3.549E+00 -1.942E+00
  5.4607500E+03 -2.503E+00 -2.607E+00 -1.582E+00
  5.4612500E+03 -4.150E+00 -4.060E+00 -1.502E+00
  5.4617500E+03 -4.008E+00 -4.066E+00 -2.269E+00
  5.4622500E+03 -3.690E+00 -3.978E+00 -3.224E+00
  5.4627500E+03 -4.089E+00 -4.151E+00 -2.569E+00
  5.4632500E+03 -3.295E+00 -3.379E+00 -2.229E+00
  5.4637500E+03 -3.436E+00 -3.295E+00 -1.494E+00
  5.4642500E+03 -3.936E+00 -4.055E+00 -1.967E+00
  5.4647500E+03 -4.093E+00 -4.034E+00 -1.770E+00
  5.4652500E+03 -3.933E+00 -3.816E+00 -1.512E+00
  5.4657500E+03 -4.210E+00 -4.017E+00 -1.250E+00
  5.4662500E+03 -3.564E+00 -3.420E+00 -2.111E+00
  5.4667500E+03 -4.296E+00 -4.653E+00 -2.363E+00
  5.4672500E+03 -4.022E+00 -4.319E+00 -1.548E+00
  5.4677500E+03 -3.420E+00 -3.396E+00 -2.104E+00
  5.4682500E+03 -3.580E+00 -3.632E+00 -2.037E+00
  5.4687500E+03 -3.130E+00 -3.092E+00 -2.854E+00
  5.4692500E+03 -3.398E+00 -3.435E+00 -2.492E+00
  5.4697500E+03 -2.392E+00 -2.752E+00 -3.003E+00
  5.4702500E+03 -2.907E+00 -2.703E+00 -9.312E-01
  5.4707500E+03 -3.308E+00 -3.385E+00 -2.063E+00
  5.4712500E+03 -3.115E+00 -2.907E+00 -1.173E+00
  5.4717500E+03 -2.456E+00 -2.622E+00 -2.470E+00
  5.4722500E+03 -3.988E+00 -3.860E+00 -1.376E+00
  5.4727500E+03 -3.269E+00 -3.058E+00 -1.122E+00
  5.4732500E+03 -3.301E+00 -3.136E+00 -1.238E+00
  5.4737500E+03 -3.346E+00 -3.535E+00 -2.412E+00
  5.4742500E+03 -3.767E+00 -3.771E+00 -1.773E+00
  5.4747500E+03 -3.921E+00 -4.156E+00 -2.593E+00
  5.4752500E+03 -3.352E+00 -3.470E+00 -1.762E+00
  5.4757500E+03 -3.526E+00 -3.368E+00 -1.562E+00
  5.4762500E+03 -3.338E+00 -3.267E+00 -1.513E+00
  5.4767500E+03 -3.986E+00 -3.909E+00 -1.823E+00
  5.4772500E+03 -4.372E+00 -4.130E+00 -1.624E+00
  5.4777500E+03 -3.230E+00 -3.204E+00 -1.887E+00
  5.4782500E+03 -3.038E+00 -3.431E+00 -2.890E+00
  5.4787500E+03 -3.979E+00 -4.052E+00 -2.019E+00
  5.4792500E+03 -3.054E+00 -3.261E+00 -2.460E+00
  5.4797500E+03 -3.359E+00 -3.508E+00 -2.456E+00
  5.4802500E+03 -2.888E+00 -3.100E+00 -2.092E+00
  5.4807500E+03 -3.776E+00 -3.375E+00 -1.389E-01
  5.4812500E+03 -4.126E+00 -4.096E+00 -2.065E+00
  5.4817500E+03 -3.230E+00 -3.420E+00 -2.906E+00
  5.4822500E+03 -4.169E+00 -3.890E+00 -1.457E+00
  5.4827500E+03 -4.237E+00 -4.107E+00 -1.240E+00
  5.4832500E+03 -3.463E+00 -3.416E+00 -2.263E+00
  5.4837500E+03 -3.521E+00 -3.142E+00 -1.332E+00
  5.4842500E+03 -2.775E+00 -2.949E+00 -2.196E+00
  5.4847500E+03 -2.737E+00 -2.928E+00 -1.786E+00
  5.4852500E+03 -4.014E+00 -3.801E+00 -1.397E+00
  5.4857500E+03 -3.762E+00 -3.716E+00 -1.577E+00
  5.4862500E+03 -3.292E+00 -3.364E+00 -1.789E+00
  5.4867500E+03 -2.925E+00 -3.065E+00 -2.154E+00
  5.4872500E+03 -3.117E+00 -3.372E+00 -2.787E+00
  5.4877500E+03 -2.870E+00 -3.224E+00 -2.587E+00
  5.4882500E+03 -3.185E+00 -2.909E+00 -1.092E+00
  5.4887500E+03 -3.249E+00 -3.368E+00 -2.240E+00
  5.4892500E+03 -3.129E+00 -3.107E+00 -1.153E+00
  5.4897500E+03 -3.333E+00 -3.277E+00 -1.533E+00
  5.4902500E+03 -3.887E+00 -3.595E+00 -1.298E+00
  5.4907500E+03 -2.690E+00 -2.691E+00 -1.482E+00
  5.4912500E+03 -3.150E+00 -3.176E+00 -1.836E+00
  5.4917500E+03 -3.750E+00 -3.703E+00 -1.613E+00
  5.4922500E+03 -3.479E+00 -3.557E+00 -2.080E+00
  5.4927500E+03 -2.918E+00 -3.115E+00 -2.523E+00
  5.4932500E+03 -3.237E+00 -3.302E+00 -1.885E+00
  5.4937500E+03 -3.714E+00 -3.645E+00 -1.500E+00
  5.4942500E+03 -3.212E+00 -3.196E+00 -1.626E+00
  5.4947500E+03 -3.112E+00 -3.096E+00 -1.346E+00
  5.4952500E+03 -3.155E+00 -3.019E+00 -1.377E+00
  5.4957500E+03 -3.485E+00 -3.427E+00 -1.541E+00
  5.4962500E+03 -2.949E+00 -2.961E+00 -1.759E+00
  5.4967500E+03 -3.247E+00 -3.614E+00 -3.548E+00
  5.4972500E+03 -3.627E+00 -3.866E+00 -2.650E+00
  5.4977500E+03 -3.562E+00 -3.581E+00 -1.920E+00
  5.4982500E+03 -3.374E+00 -3.202E+00 -1.314E+00
  5.4987500E+03 -3.211E+00 -2.911E+00 -1.205E+00
  5.4992500E+03 -2.808E+00 -2.818E+00 -1.394E+00
  5.4997500E+03 -3.415E+00 -3.482E+00 -2.273E+00
  5.5002500E+03 -3.224E+00 -3.267E+00 -1.488E+00
  5.5007500E+03 -2.668E+00 -2.712E+00 -1.870E+00
  5.5012500E+03 -3.001E+00 -2.957E+00 -1.492E+00
  5.5017500E+03 -3.834E+00 -3.829E+00 -1.539E+00
  5.5022500E+03 -2.757E+00 -2.650E+00 -9.112E-01
  5.5027500E+03 -3.852E+00 -3.786E+00 -1.699E+00
  5.5032500E+03 -3.484E+00 -3.492E+00 -1.819E+00
  5.5037500E+03 -3.154E+00 -3.036E+00 -1.437E+00
  5.5042500E+03 -3.459E+00 -3.462E+00 -2.076E+00
  5.5047500E+03 -3.094E+00 -3.230E+00 -1.803E+00
  5.5052500E+03 -3.499E+00 -3.625E+00 -1.638E+00
  5.5057500E+03 -2.423E+00 -2.264E+00 -1.080E+00
  5.5062500E+03 -2.141E+00 -2.116E+00 -1.389E+00
  5.5067500E+03 -3.220E+00 -3.242E+00 -1.875E+00
  5.5072500E+03 -3.399E+00 -3.499E+00 -2.206E+00
  5.5077500E+03 -2.677E+00 -2.627E+00 -1.391E+00
  5.5082500E+03 -2.943E+00 -3.044E+00 -1.618E+00
  5.5087500E+03 -3.045E+00 -3.070E+00 -1.449E+00
  5.5092500E+03 -2.889E+00 -2.989E+00 -2.157E+00
  5.5097500E+03 -2.530E+00 -2.572E+00 -1.334E+00
  5.5102500E+03 -2.416E+00 -2.542E+00 -1.516E+00
  5.5107500E+03 -3.788E+00 -3.591E+00 -1.448E+00
  5.5112500E+03 -3.203E+00 -3.141E+00 -1.614E+00
  5.5117500E+03 -2.860E+00 -2.857E+00 -1.742E+00
  5.5122500E+03 -3.415E+00 -3.248E+00 -1.078E+00
  5.5127500E+03 -2.735E+00 -2.921E+00 -2.338E+00
  5.5132500E+03 -1.988E+00 -2.082E+00 -1.387E+00
  5.5137500E+03 -2.499E+00 -2.432E+00 -7.599E-01
  5.5142500E+03 -2.890E+00 -2.933E+00 -1.480E+00
  5.5147500E+03 -2.540E+00 -2.615E+00 -1.402E+00
  5.5152500E+03 -2.865E+00 -2.835E+00 -1.487E+00
  5.5157500E+03 -3.184E+00 -3.210E+00 -2.065E+00
  5.5162500E+03 -3.356E+00 -3.053E+00 -9.451E-01
  5.5167500E+03 -2.438E+00 -2.568E+00 -1.653E+00
  5.5172500E+03 -3.097E+00 -3.008E+00 -1.329E+00
  5.5177500E+03 -3.598E+00 -3.665E+00 -2.299E+00
  5.5182500E+03 -3.179E+00 -3.182E+00 -1.399E+00
  5.5187500E+03 -3.033E+00 -3.261E+00 -1.932E+00
  5.5192500E+03 -3.121E+00 -3.237E+00 -1.769E+00
  5.5197500E+03 -2.544E+00 -2.592E+00 -1.636E+00
  5.5202500E+03 -3.449E+00 -3.396E+00 -1.710E+00
  5.5207500E+03 -3.579E+00 -3.623E+00 -1.615E+00
  5.5212500E+03 -2.807E+00 -2.953E+00 -2.098E+00
  5.5217500E+03 -2.921E+00 -2.876E+00 -1.173E+00
  5.5222500E+03 -2.890E+00 -2.893E+00 -1.706E+00
  5.5227500E+03 -2.610E+00 -2.746E+00 -1.877E+00
  5.5232500E+03 -2.764E+00 -2.739E+00 -1.320E+00
  5.5237500E+03 -2.901E+00 -2.738E+00 -9.054E-01
  5.5242500E+03 -3.186E+00 -3.081E+00 -1.442E+00
  5.5247500E+03 -3.230E+00 -2.868E+00 -3.677E-01
  5.5252500E+03 -2.489E+00 -2.372E+00 -1.293E+00
  5.5257500E+03 -2.996E+00 -3.047E+00 -1.952E+00
  5.5262500E+03 -2.359E+00 -2.324E+00 -9.637E-01
  5.5267500E+03 -3.190E+00 -3.019E+00 -1.051E+00
  5.5272500E+03 -2.168E+00 -2.213E+00 -1.709E+00
  5.5277500E+03 -2.709E+00 -2.904E+00 -2.231E+00
  5.5282500E+03 -2.881E+00 -3.001E+00 -2.002E+00
  5.5287500E+03 -2.545E+00 -2.632E+00 -1.612E+00
  5.5292500E+03 -2.430E+00 -2.417E+00 -2.087E+00
  5.5297500E+03 -2.518E+00 -2.389E+00 -1.016E+00
  5.5302500E+03 -4.014E+00 -3.950E+00 -2.021E+00
  5.5307500E+03 -3.667E+00 -3.690E+00 -1.938E+00
  5.5312500E+03 -3.009E+00 -2.814E+00 -9.841E-01
  5.5317500E+03 -2.975E+00 -2.641E+00 -1.184E+00
  5.5322500E+03 -1.768E+00 -2.167E+00 -1.574E+00
  5.5327500E+03 -2.409E+00 -2.252E+00 -8.590E-01
  5.5332500E+03 -2.540E+00 -2.789E+00 -2.246E+00
  5.5337500E+03 -2.574E+00 -2.545E+00 -1.620E+00
  5.5342500E+03 -2.618E+00 -2.591E+00 -1.205E+00
  5.5347500E+03 -2.563E+00 -2.552E+00 -1.388E+00
  5.5352500E+03 -2.535E+00 -2.797E+00 -2.249E+00
  5.5357500E+03 -3.028E+00 -3.126E+00 -2.077E+00
  5.5362500E+03 -2.561E+00 -2.782E+00 -2.099E+00
  5.5367500E+03 -2.546E+00 -2.467E+00 -8.704E-01
  5.5372500E+03 -2.083E+00 -2.200E+00 -1.924E+00
  5.5377500E+03 -2.437E+00 -2.487E+00 -2.054E+00
  5.5382500E+03 -2.703E+00 -2.559E+00 -1.251E+00
  5.5387500E+03 -2.856E+00 -2.759E+00 -9.030E-01
  5.5392500E+03 -3.082E+00 -2.980E+00 -1.014E+00
  5.5397500E+03 -3.064E+00 -3.153E+00 -1.883E+00
  5.5402500E+03 -2.233E+00 -2.508E+00 -2.637E+00
  5.5407500E+03 -2.668E+00 -2.474E+00 -9.648E-01
  5.5412500E+03 -2.355E+00 -2.128E+00 -5.258E-01
  5.5417500E+03 -2.855E+00 -2.742E+00 -1.242E+00
  5.5422500E+03 -3.034E+00 -2.912E+00 -8.672E-01
  5.5427500E+03 -1.921E+00 -2.192E+00 -1.513E+00
  5.5432500E+03 -2.288E+00 -2.313E+00 -1.357E+00
  5.5437500E+03 -2.638E+00 -2.754E+00 -1.677E+00
  5.5442500E+03 -2.379E+00 -2.477E+00 -1.498E+00
  5.5447500E+03 -3.154E+00 -2.956E+00 -8.894E-01
  5.5452500E+03 -3.231E+00 -3.028E+00 -9.792E-01
  5.5457500E+03 -2.543E+00 -2.715E+00 -1.960E+00
  5.5462500E+03 -2.420E+00 -2.551E+00 -1.451E+00
  5.5467500E+03 -2.528E+00 -2.596E+00 -1.483E+00
  5.5472500E+03 -2.341E+00 -2.208E+00 -8.446E-01
  5.5477500E+03 -2.626E+00 -2.606E+00 -1.210E+00
  5.5482500E+03 -2.929E+00 -3.077E+00 -1.991E+00
  5.5487500E+03 -2.305E+00 -2.306E+00 -1.294E+00
  5.5492500E+03 -2.739E+00 -2.831E+00 -2.145E+00
  5.5497500E+03 -1.955E+00 -2.064E+00 -1.615E+00
  5.5502500E+03 -2.756E+00 -2.809E+00 -1.252E+00
  5.5507500E+03 -2.320E+00 -2.497E+00 -2.029E+00
  5.5512500E+03 -2.911E+00 -2.838E+00 -1.299E+00
  5.5517500E+03 -2.668E+00 -2.457E+00 -4.610E-01
  5.5522500E+03 -2.266E+00 -2.224E+00 -4.508E-01
  5.5527500E+03 -2.201E+00 -2.350E+00 -1.470E+00
  5.5532500E+03 -2.487E+00 -2.470E+00 -1.424E+00
  5.5537500E+03 -2.367E+00 -2.332E+00 -1.148E+00
  5.5542500E+03 -1.979E+00 -2.115E+00 -1.672E+00
  5.5547500E+03 -2.397E+00 -2.551E+00 -2.016E+00
  5.5552500E+03 -2.321E+00 -2.185E+00 -8.420E-01
  5.5557500E+03 -2.446E+00 -2.585E+00 -1.844E+00
  5.5562500E+03 -2.370E+00 -2.768E+00 -1.831E+00
  5.5567500E+03 -2.766E+00 -2.492E+00 -7.463E-01
  5.5572500E+03 -2.947E+00 -2.815E+00 -1.134E+00
  5.5577500E+03 -2.750E+00 -2.716E+00 -1.615E+00
  5.5582500E+03 -2.252E+00 -2.369E+00 -1.863E+00
  5.5587500E+03 -1.739E+00 -1.995E+00 -1.863E+00
  5.5592500E+03 -2.121E+00 -2.205E+00 -1.369E+00
  5.5597500E+03 -2.267E+00 -2.143E+00 -1.256E+00
  5.5602500E+03 -2.173E+00 -2.153E+00 -9.635E-01
  5.5607500E+03 -1.696E+00 -1.802E+00 -1.545E+00
  5.5612500E+03 -2.469E+00 -2.341E+00 -1.035E+00
  5.5617500E+03 -2.850E+00 -2.736E+00 -1.496E+00
  5.5622500E+03 -2.405E+00 -2.503E+00 -2.301E+00
  5.5627500E+03 -2.619E+00 -2.742E+00 -1.638E+00
  5.5632500E+03 -2.446E+00 -2.408E+00 -1.068E+00
  5.5637500E+03 -2.803E+00 -2.728E+00 -1.047E+00
  5.5642500E+03 -2.264E+00 -2.561E+00 -1.909E+00
  5.5647500E+03 -2.151E+00 -2.284E+00 -1.859E+00
  5.5652500E+03 -2.607E+00 -2.711E+00 -1.749E+00
  5.5657500E+03 -2.767E+00 -2.605E+00 -6.929E-01
  5.5662500E+03 -2.614E+00 -2.469E+00 -6.964E-01
  5.5667500E+03 -2.492E+00 -2.434E+00 -1.102E+00
  5.5672500E+03 -2.502E+00 -2.434E+00 -9.350E-01
  5.5677500E+03 -1.984E+00 -2.171E+00 -1.467E+00
  5.5682500E+03 -2.511E+00 -2.699E+00 -1.926E+00
  5.5687500E+03 -2.640E+00 -2.684E+00 -1.526E+00
  5.5692500E+03 -2.462E+00 -2.297E+00 -6.846E-01
  5.5697500E+03 -1.876E+00 -1.816E+00 -1.100E+00
  5.5702500E+03 -2.007E+00 -2.020E+00 -9.748E-01
  5.5707500E+03 -2.405E+00 -2.509E+00 -1.361E+00
  5.5712500E+03 -1.917E+00 -1.812E+00 -5.877E-01
  5.5717500E+03 -2.336E+00 -2.323E+00 -1.393E+00
  5.5722500E+03 -3.762E+00 -3.761E+00 -1.530E+00
  5.5727500E+03 -2.449E+00 -2.310E+00 -9.513E-01
  5.5732500E+03 -2.992E+00 -3.006E+00 -1.519E+00
  5.5737500E+03 -1.523E+00 -1.484E+00 -1.144E+00
  5.5742500E+03 -1.754E+00 -1.672E+00 -1.029E+00
  5.5747500E+03 -2.634E+00 -2.701E+00 -1.478E+00
  5.5752500E+03 -2.174E+00 -2.392E+00 -1.455E+00
  5.5757500E+03 -1.927E+00 -1.889E+00 -7.285E-01
  5.5762500E+03 -2.447E+00 -2.307E+00 -1.036E+00
  5.5767500E+03 -2.935E+00 -2.914E+00 -1.849E+00
  5.5772500E+03 -2.033E+00 -2.070E+00 -1.501E+00
  5.5777500E+03 -2.012E+00 -2.148E+00 -1.408E+00
  5.5782500E+03 -2.764E+00 -2.549E+00 -6.257E-01
  5.5787500E+03 -2.555E+00 -2.417E+00 -6.837E-01
  5.5792500E+03 -1.957E+00 -2.235E+00 -1.871E+00
  5.5797500E+03 -2.349E+00 -2.457E+00 -1.736E+00
  5.5802500E+03 -2.764E+00 -2.444E+00 -8.602E-01
  5.5807500E+03 -1.856E+00 -1.899E+00 -1.273E+00
  5.5812500E+03 -2.753E+00 -2.772E+00 -1.491E+00
  5.5817500E+03 -2.130E+00 -2.248E+00 -1.365E+00
  5.5822500E+03 -2.599E+00 -2.570E+00 -9.074E-01
  5.5827500E+03 -2.025E+00 -2.238E+00 -1.490E+00
  5.5832500E+03 -1.852E+00 -1.898E+00 -1.128E+00
  5.5837500E+03 -1.932E+00 -1.973E+00 -1.130E+00
  5.5842500E+03 -2.185E+00 -2.119E+00 -8.822E-01
  5.5847500E+03 -2.574E+00 -2.397E+00 -7.634E-01
  5.5852500E+03 -2.417E+00 -2.291E+00 -1.006E+00
  5.5857500E+03 -1.496E+00 -1.541E+00 -1.322E+00
  5.5862500E+03 -2.217E+00 -2.215E+00 -1.104E+00
  5.5867500E+03 -2.376E+00 -2.631E+00 -1.628E+00
  5.5872500E+03 -2.163E+00 -2.052E+00 -8.855E-01
  5.5877500E+03 -1.992E+00 -1.814E+00 -4.886E-01
  5.5882500E+03 -2.004E+00 -2.099E+00 -9.510E-01
  5.5887500E+03 -2.001E+00 -1.943E+00 -7.071E-01
  5.5892500E+03 -2.222E+00 -2.069E+00 -8.382E-01
  5.5897500E+03 -1.809E+00 -1.974E+00 -1.555E+00
  5.5902500E+03 -1.889E+00 -2.066E+00 -1.599E+00
  5.5907500E+03 -2.440E+00 -2.466E+00 -1.859E+00
  5.5912500E+03 -1.987E+00 -2.017E+00 -1.261E+00
  5.5917500E+03 -1.899E+00 -1.944E+00 -1.196E+00
  5.5922500E+03 -2.125E+00 -2.083E+00 -9.188E-01
  5.5927500E+03 -2.610E+00 -2.485E+00 -6.437E-01
  5.5932500E+03 -2.264E+00 -2.085E+00 -4.666E-01
  5.5937500E+03 -2.074E+00 -2.218E+00 -1.719E+00
  5.5942500E+03 -2.106E+00 -2.283E+00 -1.550E+00
  5.5947500E+03 -1.282E+00 -1.291E+00 -9.960E-01
  5.5952500E+03 -2.093E+00 -1.962E+00 -7.158E-01
  5.5957500E+03 -1.976E+00 -1.943E+00 -8.732E-01
  5.5962500E+03 -1.653E+00 -1.641E+00 -1.138E+00
  5.5967500E+03 -2.257E+00 -2.338E+00 -1.241E+00
  5.5972500E+03 -2.543E+00 -2.550E+00 -1.581E+00
  5.5977500E+03 -1.670E+00 -1.740E+00 -1.527E+00
  5.5982500E+03 -2.705E+00 -2.680E+00 -1.173E+00
  5.5987500E+03 -2.482E+00 -2.378E+00 -1.251E+00
  5.5992500E+03 -2.329E+00 -2.342E+00 -1.280E+00
  5.5997500E+03 -2.037E+00 -2.313E+00 -1.776E+00
  5.6002500E+03 -1.989E+00 -2.082E+00 -1.491E+00
  5.6007500E+03 -1.510E+00 -1.632E+00 -1.025E+00
  5.6012500E+03 -2.053E+00 -2.032E+00 -9.733E-01
  5.6017500E+03 -2.009E+00 -1.973E+00 -1.299E+00
  5.6022500E+03 -2.334E+00 -2.305E+00 -1.208E+00
  5.6027500E+03 -2.065E+00 -1.936E+00 -7.775E-01
  5.6032500E+03 -2.028E+00 -2.148E+00 -1.003E+00
  5.6037500E+03 -1.608E+00 -1.750E+00 -1.443E+00
  5.6042500E+03 -2.032E+00 -1.926E+00 -6.171E-01
  5.6047500E+03 -1.992E+00 -2.097E+00 -1.387E+00
  5.6052500E+03 -2.048E+00 -1.932E+00 -6.072E-01
  5.6057500E+03 -2.479E+00 -2.436E+00 -1.008E+00
  5.6062500E+03 -2.117E+00 -2.026E+00 -1.113E+00
  5.6067500E+03 -2.123E+00 -2.026E+00 -9.650E-01
  5.6072500E+03 -2.473E+00 -2.292E+00 -5.357E-01
  5.6077500E+03 -1.650E+00 -1.771E+00 -1.531E+00
  5.6082500E+03 -1.757E+00 -1.848E+00 -1.561E+00
  5.6087500E+03 -1.711E+00 -1.831E+00 -1.683E+00
  5.6092500E+03 -2.237E+00 -2.390E+00 -1.888E+00
  5.6097500E+03 -2.102E+00 -2.110E+00 -8.675E-01
  5.6102500E+03 -1.203E+00 -1.246E+00 -8.167E-01
  5.6107500E+03 -2.211E+00 -2.336E+00 -1.444E+00
  5.6112500E+03 -1.786E+00 -1.955E+00 -1.715E+00
  5.6117500E+03 -2.003E+00 -1.989E+00 -1.184E+00
  5.6122500E+03 -1.630E+00 -1.648E+00 -7.596E-01
  5.6127500E+03 -1.865E+00 -1.936E+00 -9.284E-01
  5.6132500E+03 -1.843E+00 -1.854E+00 -8.395E-01
  5.6137500E+03 -2.181E+00 -2.144E+00 -9.865E-01
  5.6142500E+03 -1.727E+00 -1.826E+00 -1.292E+00
  5.6147500E+03 -1.343E+00 -1.516E+00 -1.270E+00
  5.6152500E+03 -2.042E+00 -2.123E+00 -1.662E+00
  5.6157500E+03 -2.788E+00 -2.811E+00 -1.244E+00
  5.6162500E+03 -2.310E+00 -2.358E+00 -1.440E+00
  5.6167500E+03 -1.766E+00 -1.655E+00 -5.112E-01
  5.6172500E+03 -1.660E+00 -1.550E+00 -7.486E-01
  5.6177500E+03 -1.682E+00 -1.586E+00 -8.945E-01
  5.6182500E+03 -1.594E+00 -1.725E+00 -1.101E+00
  5.6187500E+03 -1.721E+00 -1.573E+00 -5.194E-01
  5.6192500E+03 -2.215E+00 -2.164E+00 -7.232E-01
  5.6197500E+03 -2.091E+00 -2.184E+00 -1.276E+00
  5.6202500E+03 -1.477E+00 -1.544E+00 -1.716E+00
  5.6207500E+03 -1.546E+00 -1.626E+00 -1.719E+00
  5.6212500E+03 -2.218E+00 -2.183E+00 -5.668E-01
  5.6217500E+03 -1.974E+00 -1.937E+00 -1.302E+00
  5.6222500E+03 -2.094E+00 -2.106E+00 -9.556E-01
  5.6227500E+03 -1.765E+00 -1.786E+00 -7.393E-01
  5.6232500E+03 -1.606E+00 -1.542E+00 -1.060E+00
  5.6237500E+03 -2.336E+00 -2.076E+00 -3.189E-01
  5.6242500E+03 -1.743E+00 -1.771E+00 -1.095E+00
  5.6247500E+03 -1.579E+00 -1.604E+00 -8.821E-01
  5.6252500E+03 -2.067E+00 -2.076E+00 -9.580E-01
  5.6257500E+03 -2.205E+00 -2.128E+00 -7.883E-01
  5.6262500E+03 -1.914E+00 -1.728E+00 -3.425E-01
  5.6267500E+03 -1.747E+00 -1.742E+00 -1.114E+00
  5.6272500E+03 -8.224E-01 -1.196E+00 -1.671E+00
  5.6277500E+03 -1.915E+00 -1.908E+00 -1.193E+00
  5.6282500E+03 -2.136E+00 -2.235E+00 -1.483E+00
  5.6287500E+03 -1.861E+00 -1.848E+00 -6.463E-01
  5.6292500E+03 -1.505E+00 -1.184E+00  9.272E-02
  5.6297500E+03 -2.033E+00 -1.885E+00 -8.270E-01
  5.6302500E+03 -2.207E+00 -2.121E+00 -3.123E-01
  5.6307500E+03 -2.454E+00 -2.336E+00 -6.891E-01
  5.6312500E+03 -1.363E+00 -1.560E+00 -1.605E+00
  5.6317500E+03 -1.487E+00 -1.664E+00 -1.673E+00
  5.6322500E+03 -1.765E+00 -2.008E+00 -1.709E+00
  5.6327500E+03 -1.655E+00 -1.595E+00 -5.311E-01
  5.6332500E+03 -2.094E+00 -2.169E+00 -1.106E+00
  5.6337500E+03 -1.581E+00 -1.658E+00 -1.059E+00
  5.6342500E+03 -1.517E+00 -1.611E+00 -6.312E-01
  5.6347500E+03 -1.966E+00 -1.765E+00 -1.056E+00
  5.6352500E+03 -2.252E+00 -2.060E+00 -6.355E-01
  5.6357500E+03 -2.150E+00 -2.075E+00 -9.312E-01
  5.6362500E+03 -2.134E+00 -2.087E+00 -7.938E-01
  5.6367500E+03 -2.200E+00 -1.923E+00 -8.243E-02
  5.6372500E+03 -1.852E+00 -1.766E+00 -7.720E-01
  5.6377500E+03 -2.654E+00 -2.095E+00 -1.202E-01
  5.6382500E+03 -1.965E+00 -1.857E+00 -1.158E+00
  5.6387500E+03 -1.736E+00 -1.958E+00 -1.406E+00
  5.6392500E+03 -9.137E-01 -1.560E+00 -1.631E+00
  5.6397500E+03 -1.774E+00 -1.728E+00 -8.524E-01
  5.6402500E+03 -1.604E+00 -1.457E+00 -2.841E-01
  5.6407500E+03 -1.535E+00 -1.528E+00 -1.065E+00
  5.6412500E+03 -1.724E+00 -1.796E+00 -1.183E+00
  5.6417500E+03 -1.554E+00 -1.594E+00 -6.161E-01
  5.6422500E+03 -1.775E+00 -1.775E+00 -1.055E+00
  5.6427500E+03 -1.693E+00 -1.753E+00 -1.158E+00
  5.6432500E+03 -1.524E+00 -1.644E+00 -1.606E+00
  5.6437500E+03 -2.030E+00 -1.974E+00 -5.851E-01
  5.6442500E+03 -1.518E+00 -1.554E+00 -8.603E-01
  5.6447500E+03 -1.405E+00 -1.308E+00 -4.360E-01
  5.6452500E+03 -2.108E+00 -2.066E+00 -1.160E+00
  5.6457500E+03 -1.120E+00 -1.235E+00 -1.047E+00
  5.6462500E+03 -1.223E+00 -1.195E+00 -6.339E-01
  5.6467500E+03 -1.610E+00 -1.434E+00 -1.483E-01
  5.6472500E+03 -1.872E+00 -1.856E+00 -4.492E-01
  5.6477500E+03 -1.723E+00 -1.821E+00 -8.849E-01
  5.6482500E+03 -1.723E+00 -1.951E+00 -1.661E+00
  5.6487500E+03 -1.433E+00 -1.776E+00 -1.546E+00
  5.6492500E+03 -1.909E+00 -2.012E+00 -1.729E+00
  5.6497500E+03 -2.051E+00 -1.976E+00 -1.272E+00
  5.6502500E+03 -1.556E+00 -1.692E+00 -1.457E+00
  5.6507500E+03 -1.706E+00 -1.720E+00 -1.068E+00
  5.6512500E+03 -1.843E+00 -1.780E+00 -8.862E-01
  5.6517500E+03 -2.159E+00 -1.949E+00 -1.382E-01
  5.6522500E+03 -1.636E+00 -1.765E+00 -1.380E+00
  5.6527500E+03 -1.562E+00 -1.580E+00 -1.038E+00
  5.6532500E+03 -1.848E+00 -1.847E+00 -9.502E-01
  5.6537500E+03 -1.368E+00 -1.374E+00 -8.677E-01
  5.6542500E+03 -1.771E+00 -1.544E+00 -5.785E-02
  5.6547500E+03 -1.490E+00 -1.523E+00 -8.889E-01
  5.6552500E+03 -2.006E+00 -1.948E+00 -7.659E-01
  5.6557500E+03 -1.548E+00 -1.683E+00 -1.137E+00
  5.6562500E+03 -1.212E+00 -1.471E+00 -1.769E+00
  5.6567500E+03 -1.660E+00 -1.659E+00 -1.023E+00
  5.6572500E+03 -1.857E+00 -1.596E+00 -7.846E-02
  5.6577500E+03 -1.499E+00 -1.430E+00 -5.961E-01
  5.6582500E+03 -9.102E-01 -7.638E-01 -2.176E-01
  5.6587500E+03 -1.555E+00 -1.650E+00 -1.482E+00
  5.6592500E+03 -1.581E+00 -1.843E+00 -1.923E+00
  5.6597500E+03 -2.039E+00 -2.112E+00 -9.478E-01
  5.6602500E+03 -2.051E+00 -2.161E+00 -1.300E+00
  5.6607500E+03 -1.685E+00 -1.747E+00 -1.009E+00
  5.6612500E+03 -2.172E+00 -2.199E+00 -6.258E-01
  5.6617500E+03 -1.560E+00 -1.634E+00 -1.038E+00
  5.6622500E+03 -1.721E+00 -1.886E+00 -1.438E+00
  5.6627500E+03 -1.335E+00 -1.246E+00 -2.966E-01
  5.6632500E+03 -1.797E+00 -1.783E+00 -9.807E-01
  5.6637500E+03 -1.285E+00 -1.308E+00 -9.526E-01
  5.6642500E+03 -1.083E+00 -1.227E+00 -1.287E+00
  5.6647500E+03 -1.883E+00 -1.784E+00 -5.321E-01
  5.6652500E+03 -1.922E+00 -1.832E+00 -5.624E-01
  5.6657500E+03 -1.387E+00 -1.294E+00 -4.698E-01
  5.6662500E+03 -1.466E+00 -1.371E+00 -6.331E-01
  5.6667500E+03 -1.430E+00 -1.369E+00 -6.642E-01
  5.6672500E+03 -1.055E+00 -1.161E+00 -1.049E+00
  5.6677500E+03 -1.490E+00 -1.483E+00 -8.520E-01
  5.6682500E+03 -1.721E+00 -1.760E+00 -9.542E-01
  5.6687500E+03 -1.291E+00 -1.428E+00 -1.391E+00
  5.6692500E+03 -2.002E+00 -1.824E+00 -3.841E-01
  5.6697500E+03 -1.718E+00 -1.526E+00 -4.453E-01
  5.6702500E+03 -1.978E+00 -1.938E+00 -5.130E-01
  5.6707500E+03 -1.734E+00 -1.730E+00 -4.584E-01
  5.6712500E+03 -9.569E-01 -1.064E+00 -1.362E+00
  5.6717500E+03 -1.786E+00 -1.569E+00 -7.853E-01
  5.6722500E+03 -1.332E+00 -1.116E+00 -2.561E-01
  5.6727500E+03 -1.140E+00 -1.284E+00 -9.630E-01
  5.6732500E+03 -1.563E+00 -1.525E+00 -9.974E-01
  5.6737500E+03 -1.717E+00 -1.753E+00 -1.155E+00
  5.6742500E+03 -1.289E+00 -1.335E+00 -8.386E-01
  5.6747500E+03 -2.002E+00 -1.943E+00 -9.148E-01
  5.6752500E+03 -1.680E+00 -1.580E+00 -5.582E-01
  5.6757500E+03 -1.693E+00 -1.710E+00 -8.547E-01
  5.6762500E+03 -1.455E+00 -1.533E+00 -9.125E-01
  5.6767500E+03 -1.502E+00 -1.763E+00 -1.573E+00
  5.6772500E+03 -1.415E+00 -1.374E+00 -7.306E-01
  5.6777500E+03 -1.683E+00 -1.556E+00 -8.046E-01
  5.6782500E+03 -1.361E+00 -1.240E+00 -9.158E-01
  5.6787500E+03 -1.756E+00 -1.616E+00 -3.118E-01
  5.6792500E+03 -1.691E+00 -1.762E+00 -1.249E+00
  5.6797500E+03 -1.369E+00 -1.472E+00 -1.008E+00
  5.6802500E+03 -1.378E+00 -1.337E+00  1.939E-01
  5.6807500E+03 -1.711E+00 -1.826E+00 -1.390E+00
  5.6812500E+03 -1.693E+00 -1.609E+00 -5.478E-01
  5.6817500E+03 -1.748E+00 -1.931E+00 -8.270E-01
  5.6822500E+03 -1.284E+00 -1.321E+00 -1.011E+00
  5.6827500E+03 -1.812E+00 -1.741E+00 -7.011E-01
  5.6832500E+03 -1.330E+00 -1.242E+00 -7.383E-01
  5.6837500E+03 -2.125E+00 -2.277E+00 -1.210E+00
  5.6842500E+03 -1.122E+00 -1.156E+00 -9.942E-01
  5.6847500E+03 -1.206E+00 -1.185E+00 -7.934E-01
  5.6852500E+03 -1.507E+00 -1.607E+00 -8.454E-01
  5.6857500E+03 -1.744E+00 -1.800E+00 -9.213E-01
  5.6862500E+03 -1.447E+00 -1.389E+00 -7.111E-01
  5.6867500E+03 -1.580E+00 -1.567E+00 -9.464E-01
  5.6872500E+03 -1.399E+00 -1.378E+00 -9.185E-01
  5.6877500E+03 -1.701E+00 -1.632E+00 -6.471E-01
  5.6882500E+03 -1.014E+00 -9.520E-01 -8.706E-01
  5.6887500E+03 -1.756E+00 -1.717E+00 -6.178E-01
  5.6892500E+03 -1.597E+00 -1.618E+00 -1.002E+00
  5.6897500E+03 -1.345E+00 -1.494E+00 -1.379E+00
  5.6902500E+03 -1.140E+00 -9.443E-01  3.195E-01
  5.6907500E+03 -1.487E+00 -1.466E+00 -5.514E-01
  5.6912500E+03 -1.361E+00 -1.397E+00 -8.775E-01
  5.6917500E+03 -1.237E+00 -1.511E+00 -1.670E+00
  5.6922500E+03 -1.337E+00 -1.424E+00 -9.102E-01
  5.6927500E+03 -1.803E+00 -1.835E+00 -1.048E+00
  5.6932500E+03 -1.612E+00 -1.528E+00 -6.684E-01
  5.6937500E+03 -1.760E+00 -1.671E+00 -5.425E-01
  5.6942500E+03 -1.122E+00 -1.193E+00 -9.620E-01
  5.6947500E+03 -1.574E+00 -1.466E+00 -3.290E-01
  5.6952500E+03 -1.685E+00 -1.649E+00 -6.695E-01
  5.6957500E+03 -1.299E+00 -1.476E+00 -1.135E+00
  5.6962500E+03 -1.735E+00 -1.688E+00 -7.056E-01
  5.6967500E+03 -1.617E+00 -1.625E+00 -8.569E-01
  5.6972500E+03 -7.929E-01 -6.811E-01 -6.157E-01
  5.6977500E+03 -1.262E+00 -1.284E+00 -6.961E-01
  5.6982500E+03 -1.371E+00 -1.556E+00 -1.146E+00
  5.6987500E+03 -8.827E-01 -1.064E+00 -8.331E-01
  5.6992500E+03 -1.519E+00 -1.625E+00 -4.779E-01
  5.6997500E+03 -1.257E+00 -1.136E+00 -5.650E-01
  5.7002500E+03 -1.323E+00 -1.423E+00 -8.924E-01
  5.7007500E+03 -1.338E+00 -1.374E+00 -1.114E+00
  5.7012500E+03 -1.645E+00 -1.528E+00 -5.530E-01
  5.7017500E+03 -1.465E+00 -1.476E+00 -8.719E-01
  5.7022500E+03 -1.618E+00 -1.743E+00 -1.111E+00
  5.7027500E+03 -1.838E+00 -1.770E+00 -6.413E-01
  5.7032500E+03 -1.363E+00 -1.383E+00 -8.919E-01
  5.7037500E+03 -1.381E+00 -1.239E+00 -4.446E-01
  5.7042500E+03 -1.192E+00 -1.243E+00 -7.738E-01
  5.7047500E+03 -1.373E+00 -1.370E+00 -7.907E-01
  5.7052500E+03 -1.124E+00 -1.226E+00 -1.068E+00
  5.7057500E+03 -9.584E-01 -8.644E-01 -2.904E-01
  5.7062500E+03 -1.166E+00 -1.078E+00 -4.073E-01
  5.7067500E+03 -1.061E+00 -1.034E+00 -5.516E-01
  5.7072500E+03 -1.211E+00 -1.335E+00 -9.358E-01
  5.7077500E+03 -1.557E+00 -1.416E+00 -2.869E-01
  5.7082500E+03 -1.382E+00 -1.285E+00 -1.913E-01
  5.7087500E+03 -1.143E+00 -1.245E+00 -1.150E+00
  5.7092500E+03 -1.404E+00 -1.436E+00 -7.908E-01
  5.7097500E+03 -1.398E+00 -1.427E+00 -8.465E-01
  5.7102500E+03 -1.237E+00 -1.207E+00 -2.678E-01
  5.7107500E+03 -1.085E+00 -1.119E+00 -5.497E-01
  5.7112500E+03 -1.918E+00 -1.935E+00 -1.360E+00
  5.7117500E+03 -1.765E+00 -1.972E+00 -1.675E+00
  5.7122500E+03 -1.453E+00 -1.661E+00 -1.625E+00
  5.7127500E+03 -1.437E+00 -1.518E+00 -8.744E-01
