  1.2027500E+03 -0.000E+00 -0.000E+00  0.000E+00
  1.2032500E+03 -0.000E+00 -0.000E+00  0.000E+00
  1.2037500E+03 -0.000E+00 -0.000E+00  0.000E+00
  1.2042500E+03 -0.000E+00 -0.000E+00  0.000E+00
  1.2047500E+03 -0.000E+00 -0.000E+00  0.000E+00
  1.2052500E+03 -0.000E+00 -0.000E+00  0.000E+00
  1.2057500E+03 -0.000E+00 -0.000E+00  0.000E+00
  1.2062500E+03 -0.000E+00 -0.000E+00  0.000E+00
  1.2067500E+03 -0.000E+00 -0.000E+00  0.000E+00
  1.2072500E+03 -0.000E+00 -0.000E+00  0.000E+00
  1.2077500E+03 -0.000E+00 -0.000E+00  0.000E+00
  1.2082500E+03 -0.000E+00 -0.000E+00  0.000E+00
  1.2087500E+03 -0.000E+00 -0.000E+00  0.000E+00
  1.2092500E+03 -0.000E+00 -0.000E+00  0.000E+00
  1.2097500E+03 -0.000E+00 -0.000E+00  0.000E+00
  1.2102500E+03 -0.000E+00 -0.000E+00  0.000E+00
  1.2107500E+03 -0.000E+00 -0.000E+00  0.000E+00
  1.2112500E+03 -0.000E+00 -0.000E+00  0.000E+00
  1.2117500E+03 -0.000E+00 -0.000E+00  0.000E+00
  1.2122500E+03 -0.000E+00 -0.000E+00  0.000E+00
  1.2127500E+03 -0.000E+00 -0.000E+00  0.000E+00
  1.2132500E+03 -0.000E+00 -0.000E+00  0.000E+00
  1.2137500E+03 -0.000E+00 -0.000E+00  0.000E+00
  1.2142500E+03 -0.000E+00 -0.000E+00  0.000E+00
  1.2147500E+03 -0.000E+00 -0.000E+00  0.000E+00
  1.2152500E+03 -0.000E+00 -0.000E+00  0.000E+00
  1.2157500E+03 -0.000E+00 -0.000E+00  0.000E+00
  1.2162500E+03 -0.000E+00 -0.000E+00  0.000E+00
  1.2167500E+03 -0.000E+00 -0.000E+00  0.000E+00
  1.2172500E+03 -0.000E+00 -0.000E+00  0.000E+00
  1.2177500E+03 -0.000E+00 -0.000E+00  0.000E+00
  1.2182500E+03 -0.000E+00 -0.000E+00  0.000E+00
  1.2187500E+03 -0.000E+00 -0.000E+00  0.000E+00
  1.2192500E+03 -0.000E+00 -0.000E+00  0.000E+00
  1.2197500E+03 -0.000E+00 -0.000E+00  0.000E+00
  1.2202500E+03 -0.000E+00 -0.000E+00  0.000E+00
  1.2207500E+03 -0.000E+00 -0.000E+00  0.000E+00
  1.2212500E+03 -0.000E+00 -0.000E+00  0.000E+00
  1.2217500E+03 -0.000E+00 -0.000E+00  0.000E+00
  1.2222500E+03 -0.000E+00 -0.000E+00  0.000E+00
  1.2227500E+03 -0.000E+00 -0.000E+00  0.000E+00
  1.2232500E+03 -0.000E+00 -0.000E+00  0.000E+00
  1.2237500E+03 -0.000E+00 -0.000E+00  0.000E+00
  1.2242500E+03 -0.000E+00 -0.000E+00  0.000E+00
  1.2247500E+03 -0.000E+00 -0.000E+00  0.000E+00
  1.2252500E+03 -0.000E+00 -0.000E+00  0.000E+00
  1.2257500E+03 -0.000E+00 -0.000E+00  0.000E+00
  1.2262500E+03 -0.000E+00 -0.000E+00  0.000E+00
  1.2267500E+03 -0.000E+00 -0.000E+00  0.000E+00
  1.2272500E+03 -0.000E+00 -0.000E+00  0.000E+00
  1.2277500E+03 -0.000E+00 -0.000E+00  0.000E+00
  1.2282500E+03 -0.000E+00 -0.000E+00  0.000E+00
  1.2287500E+03 -0.000E+00 -0.000E+00  0.000E+00
  1.2292500E+03 -0.000E+00 -0.000E+00  0.000E+00
  1.2297500E+03 -0.000E+00 -0.000E+00  0.000E+00
  1.2302500E+03 -0.000E+00 -0.000E+00  0.000E+00
  1.2307500E+03 -0.000E+00 -0.000E+00  0.000E+00
  1.2312500E+03 -0.000E+00 -0.000E+00  0.000E+00
  1.2317500E+03 -0.000E+00 -0.000E+00  0.000E+00
  1.2322500E+03 -0.000E+00 -0.000E+00  0.000E+00
  1.2327500E+03 -0.000E+00 -0.000E+00  0.000E+00
  1.2332500E+03 -0.000E+00 -0.000E+00  0.000E+00
  1.2337500E+03 -0.000E+00 -0.000E+00  0.000E+00
  1.2342500E+03 -0.000E+00 -0.000E+00  0.000E+00
  1.2347500E+03 -0.000E+00 -0.000E+00  0.000E+00
  1.2352500E+03 -0.000E+00 -0.000E+00  0.000E+00
  1.2357500E+03 -0.000E+00 -0.000E+00  0.000E+00
  1.2362500E+03 -0.000E+00 -0.000E+00  0.000E+00
  1.2367500E+03 -0.000E+00 -0.000E+00  0.000E+00
  1.2372500E+03 -0.000E+00 -0.000E+00  0.000E+00
  1.2377500E+03 -0.000E+00 -0.000E+00  0.000E+00
  1.2382500E+03 -0.000E+00 -0.000E+00  0.000E+00
  1.2387500E+03 -0.000E+00 -0.000E+00  0.000E+00
  1.2392500E+03 -0.000E+00 -0.000E+00  0.000E+00
  1.2397500E+03 -0.000E+00 -0.000E+00  0.000E+00
  1.2402500E+03 -0.000E+00 -0.000E+00  0.000E+00
  1.2407500E+03 -0.000E+00 -0.000E+00  0.000E+00
  1.2412500E+03 -0.000E+00 -0.000E+00  0.000E+00
  1.2417500E+03 -0.000E+00 -0.000E+00  0.000E+00
  1.2422500E+03 -0.000E+00 -0.000E+00  0.000E+00
  1.2427500E+03 -0.000E+00 -0.000E+00  0.000E+00
  1.2432500E+03 -0.000E+00 -0.000E+00  0.000E+00
  1.2437500E+03 -0.000E+00 -0.000E+00  0.000E+00
  1.2442500E+03 -0.000E+00 -0.000E+00  0.000E+00
  1.2447500E+03 -0.000E+00 -0.000E+00  0.000E+00
  1.2452500E+03 -0.000E+00 -0.000E+00  0.000E+00
  1.2457500E+03 -0.000E+00 -0.000E+00  0.000E+00
  1.2462500E+03 -0.000E+00 -0.000E+00  0.000E+00
  1.2467500E+03 -0.000E+00 -0.000E+00  0.000E+00
  1.2472500E+03 -0.000E+00 -0.000E+00  0.000E+00
  1.2477500E+03 -0.000E+00 -0.000E+00  0.000E+00
  1.2482500E+03 -0.000E+00 -0.000E+00  0.000E+00
  1.2487500E+03 -0.000E+00 -0.000E+00  0.000E+00
  1.2492500E+03 -0.000E+00 -0.000E+00  0.000E+00
  1.2497500E+03 -0.000E+00 -0.000E+00  0.000E+00
  1.2502500E+03 -0.000E+00 -0.000E+00  0.000E+00
  1.2507500E+03 -0.000E+00 -0.000E+00  0.000E+00
  1.2512500E+03 -0.000E+00 -0.000E+00  0.000E+00
  1.2517500E+03 -0.000E+00 -0.000E+00  0.000E+00
  1.2522500E+03 -0.000E+00 -0.000E+00  0.000E+00
  1.2527500E+03 -0.000E+00 -0.000E+00  0.000E+00
  1.2532500E+03 -0.000E+00 -0.000E+00  0.000E+00
  1.2537500E+03 -0.000E+00 -0.000E+00  0.000E+00
  1.2542500E+03 -0.000E+00 -0.000E+00  0.000E+00
  1.2547500E+03 -0.000E+00 -0.000E+00  0.000E+00
  1.2552500E+03 -0.000E+00 -0.000E+00  0.000E+00
  1.2557500E+03 -0.000E+00 -0.000E+00  0.000E+00
  1.2562500E+03 -0.000E+00 -0.000E+00  0.000E+00
  1.2567500E+03 -0.000E+00 -0.000E+00  0.000E+00
  1.2572500E+03 -0.000E+00 -0.000E+00  0.000E+00
  1.2577500E+03 -0.000E+00 -0.000E+00  0.000E+00
  1.2582500E+03 -0.000E+00 -0.000E+00  0.000E+00
  1.2587500E+03 -0.000E+00 -0.000E+00  0.000E+00
  1.2592500E+03 -0.000E+00 -0.000E+00  0.000E+00
  1.2597500E+03 -0.000E+00 -0.000E+00  0.000E+00
  1.2602500E+03 -0.000E+00 -0.000E+00  0.000E+00
  1.2607500E+03 -0.000E+00 -0.000E+00  0.000E+00
  1.2612500E+03 -0.000E+00 -0.000E+00  0.000E+00
  1.2617500E+03 -0.000E+00 -0.000E+00  0.000E+00
  1.2622500E+03 -0.000E+00 -0.000E+00  0.000E+00
  1.2627500E+03 -0.000E+00 -0.000E+00  0.000E+00
  1.2632500E+03 -0.000E+00 -0.000E+00  0.000E+00
  1.2637500E+03 -0.000E+00 -0.000E+00  0.000E+00
  1.2642500E+03 -0.000E+00 -0.000E+00  0.000E+00
  1.2647500E+03 -0.000E+00 -0.000E+00  0.000E+00
  1.2652500E+03 -0.000E+00 -0.000E+00  0.000E+00
  1.2657500E+03 -0.000E+00 -0.000E+00  0.000E+00
  1.2662500E+03 -0.000E+00 -0.000E+00  0.000E+00
  1.2667500E+03 -0.000E+00 -0.000E+00  0.000E+00
  1.2672500E+03 -0.000E+00 -0.000E+00  0.000E+00
  1.2677500E+03 -0.000E+00 -0.000E+00  0.000E+00
  1.2682500E+03 -0.000E+00 -0.000E+00  0.000E+00
  1.2687500E+03 -0.000E+00 -0.000E+00  0.000E+00
  1.2692500E+03 -0.000E+00 -0.000E+00  0.000E+00
  1.2697500E+03 -0.000E+00 -0.000E+00  0.000E+00
  1.2702500E+03 -0.000E+00 -0.000E+00  0.000E+00
  1.2707500E+03 -0.000E+00 -0.000E+00  0.000E+00
  1.2712500E+03 -0.000E+00 -0.000E+00  0.000E+00
  1.2717500E+03 -0.000E+00 -0.000E+00  0.000E+00
  1.2722500E+03 -0.000E+00 -0.000E+00  0.000E+00
  1.2727500E+03 -0.000E+00 -0.000E+00  0.000E+00
  1.2732500E+03 -0.000E+00 -0.000E+00  0.000E+00
  1.2737500E+03 -0.000E+00 -0.000E+00  0.000E+00
  1.2742500E+03 -0.000E+00 -0.000E+00  0.000E+00
  1.2747500E+03 -0.000E+00 -0.000E+00  0.000E+00
  1.2752500E+03 -0.000E+00 -0.000E+00  0.000E+00
  1.2757500E+03 -0.000E+00 -0.000E+00  0.000E+00
  1.2762500E+03 -0.000E+00 -0.000E+00  0.000E+00
  1.2767500E+03 -0.000E+00 -0.000E+00  0.000E+00
  1.2772500E+03 -0.000E+00 -0.000E+00  0.000E+00
  1.2777500E+03 -0.000E+00 -0.000E+00  0.000E+00
  1.2782500E+03 -0.000E+00 -0.000E+00  0.000E+00
  1.2787500E+03 -0.000E+00 -0.000E+00  0.000E+00
  1.2792500E+03 -0.000E+00 -0.000E+00  0.000E+00
  1.2797500E+03 -0.000E+00 -0.000E+00  0.000E+00
  1.2802500E+03 -0.000E+00 -0.000E+00  0.000E+00
  1.2807500E+03 -0.000E+00 -0.000E+00  0.000E+00
  1.2812500E+03 -0.000E+00 -0.000E+00  0.000E+00
  1.2817500E+03 -0.000E+00 -0.000E+00  0.000E+00
  1.2822500E+03 -0.000E+00 -0.000E+00  0.000E+00
  1.2827500E+03 -0.000E+00 -0.000E+00  0.000E+00
  1.2832500E+03 -0.000E+00 -0.000E+00  0.000E+00
  1.2837500E+03 -0.000E+00 -0.000E+00  0.000E+00
  1.2842500E+03 -0.000E+00 -0.000E+00  0.000E+00
  1.2847500E+03 -0.000E+00 -0.000E+00  0.000E+00
  1.2852500E+03 -0.000E+00 -0.000E+00  0.000E+00
  1.2857500E+03 -0.000E+00 -0.000E+00  0.000E+00
  1.2862500E+03 -0.000E+00 -0.000E+00  0.000E+00
  1.2867500E+03 -0.000E+00 -0.000E+00  0.000E+00
  1.2872500E+03 -0.000E+00 -0.000E+00  0.000E+00
  1.2877500E+03 -0.000E+00 -0.000E+00  0.000E+00
  1.2882500E+03 -0.000E+00 -0.000E+00  0.000E+00
  1.2887500E+03 -0.000E+00 -0.000E+00  0.000E+00
  1.2892500E+03 -0.000E+00 -0.000E+00  0.000E+00
  1.2897500E+03 -0.000E+00 -0.000E+00  0.000E+00
  1.2902500E+03 -0.000E+00 -0.000E+00  0.000E+00
  1.2907500E+03 -0.000E+00 -0.000E+00  0.000E+00
  1.2912500E+03 -0.000E+00 -0.000E+00  0.000E+00
  1.2917500E+03 -0.000E+00 -0.000E+00  0.000E+00
  1.2922500E+03 -0.000E+00 -0.000E+00  0.000E+00
  1.2927500E+03 -0.000E+00 -0.000E+00  0.000E+00
  1.2932500E+03 -0.000E+00 -0.000E+00  0.000E+00
  1.2937500E+03 -0.000E+00 -0.000E+00  0.000E+00
  1.2942500E+03 -0.000E+00 -0.000E+00  0.000E+00
  1.2947500E+03 -0.000E+00 -0.000E+00  0.000E+00
  1.2952500E+03 -0.000E+00 -0.000E+00  0.000E+00
  1.2957500E+03 -0.000E+00 -0.000E+00  0.000E+00
  1.2962500E+03 -0.000E+00 -0.000E+00  0.000E+00
  1.2967500E+03 -0.000E+00 -0.000E+00  0.000E+00
  1.2972500E+03 -0.000E+00 -0.000E+00  0.000E+00
  1.2977500E+03 -0.000E+00 -0.000E+00  0.000E+00
  1.2982500E+03 -0.000E+00 -0.000E+00  0.000E+00
  1.2987500E+03 -0.000E+00 -0.000E+00  0.000E+00
  1.2992500E+03 -0.000E+00 -0.000E+00  0.000E+00
  1.2997500E+03 -0.000E+00 -0.000E+00  0.000E+00
  1.3002500E+03 -0.000E+00 -0.000E+00  0.000E+00
  1.3007500E+03 -0.000E+00 -0.000E+00  0.000E+00
  1.3012500E+03 -0.000E+00 -0.000E+00  0.000E+00
  1.3017500E+03 -0.000E+00 -0.000E+00  0.000E+00
  1.3022500E+03 -0.000E+00 -0.000E+00  0.000E+00
  1.3027500E+03 -0.000E+00 -0.000E+00  0.000E+00
  1.3032500E+03 -0.000E+00 -0.000E+00  0.000E+00
  1.3037500E+03 -0.000E+00 -0.000E+00  0.000E+00
  1.3042500E+03 -0.000E+00 -0.000E+00  0.000E+00
  1.3047500E+03 -0.000E+00 -0.000E+00  0.000E+00
  1.3052500E+03 -0.000E+00 -0.000E+00  0.000E+00
  1.3057500E+03 -0.000E+00 -0.000E+00  0.000E+00
  1.3062500E+03 -0.000E+00 -0.000E+00  0.000E+00
  1.3067500E+03 -0.000E+00 -0.000E+00  0.000E+00
  1.3072500E+03 -0.000E+00 -0.000E+00  0.000E+00
  1.3077500E+03 -0.000E+00 -0.000E+00  0.000E+00
  1.3082500E+03 -0.000E+00 -0.000E+00  0.000E+00
  1.3087500E+03 -0.000E+00 -0.000E+00  0.000E+00
  1.3092500E+03 -0.000E+00 -0.000E+00  0.000E+00
  1.3097500E+03 -0.000E+00 -0.000E+00  0.000E+00
  1.3102500E+03 -0.000E+00 -0.000E+00  0.000E+00
  1.3107500E+03 -0.000E+00 -0.000E+00  0.000E+00
  1.3112500E+03 -0.000E+00 -0.000E+00  0.000E+00
  1.3117500E+03 -0.000E+00 -0.000E+00  0.000E+00
  1.3122500E+03 -0.000E+00 -0.000E+00  0.000E+00
  1.3127500E+03 -0.000E+00 -0.000E+00  0.000E+00
  1.3132500E+03 -0.000E+00 -0.000E+00  0.000E+00
  1.3137500E+03 -0.000E+00 -0.000E+00  0.000E+00
  1.3142500E+03 -0.000E+00 -0.000E+00  0.000E+00
  1.3147500E+03 -0.000E+00 -0.000E+00  0.000E+00
  1.3152500E+03 -0.000E+00 -0.000E+00  0.000E+00
  1.3157500E+03 -0.000E+00 -0.000E+00  0.000E+00
  1.3162500E+03 -0.000E+00 -0.000E+00  0.000E+00
  1.3167500E+03 -0.000E+00 -0.000E+00  0.000E+00
  1.3172500E+03 -0.000E+00 -0.000E+00  0.000E+00
  1.3177500E+03 -0.000E+00 -0.000E+00  0.000E+00
  1.3182500E+03 -0.000E+00 -0.000E+00  0.000E+00
  1.3187500E+03 -0.000E+00 -0.000E+00  0.000E+00
  1.3192500E+03 -0.000E+00 -0.000E+00  0.000E+00
  1.3197500E+03 -0.000E+00 -0.000E+00  0.000E+00
  1.3202500E+03 -0.000E+00 -0.000E+00  0.000E+00
  1.3207500E+03 -0.000E+00 -0.000E+00  0.000E+00
  1.3212500E+03 -0.000E+00 -0.000E+00  0.000E+00
  1.3217500E+03 -0.000E+00 -0.000E+00  0.000E+00
  1.3222500E+03 -0.000E+00 -0.000E+00  0.000E+00
  1.3227500E+03 -0.000E+00 -0.000E+00  0.000E+00
  1.3232500E+03 -0.000E+00 -0.000E+00  0.000E+00
  1.3237500E+03 -0.000E+00 -0.000E+00  0.000E+00
  1.3242500E+03 -0.000E+00 -0.000E+00  0.000E+00
  1.3247500E+03 -0.000E+00 -0.000E+00  0.000E+00
  1.3252500E+03 -0.000E+00 -0.000E+00  0.000E+00
  1.3257500E+03 -0.000E+00 -0.000E+00  0.000E+00
  1.3262500E+03 -0.000E+00 -0.000E+00  0.000E+00
  1.3267500E+03 -0.000E+00 -0.000E+00  0.000E+00
  1.3272500E+03 -0.000E+00 -0.000E+00  0.000E+00
  1.3277500E+03 -0.000E+00 -0.000E+00  0.000E+00
  1.3282500E+03 -0.000E+00 -0.000E+00  0.000E+00
  1.3287500E+03 -0.000E+00 -0.000E+00  0.000E+00
  1.3292500E+03 -0.000E+00 -0.000E+00  0.000E+00
  1.3297500E+03 -0.000E+00 -0.000E+00  0.000E+00
  1.3302500E+03 -0.000E+00 -0.000E+00  0.000E+00
  1.3307500E+03 -0.000E+00 -0.000E+00  0.000E+00
  1.3312500E+03 -0.000E+00 -0.000E+00  0.000E+00
  1.3317500E+03 -0.000E+00 -0.000E+00  0.000E+00
  1.3322500E+03 -0.000E+00 -0.000E+00  0.000E+00
  1.3327500E+03 -0.000E+00 -0.000E+00  0.000E+00
  1.3332500E+03 -0.000E+00 -0.000E+00  0.000E+00
  1.3337500E+03 -0.000E+00 -0.000E+00  0.000E+00
  1.3342500E+03 -0.000E+00 -0.000E+00  0.000E+00
  1.3347500E+03 -0.000E+00 -0.000E+00  0.000E+00
  1.3352500E+03 -0.000E+00 -0.000E+00  0.000E+00
  1.3357500E+03 -0.000E+00 -0.000E+00  0.000E+00
  1.3362500E+03 -0.000E+00 -0.000E+00  0.000E+00
  1.3367500E+03 -0.000E+00 -0.000E+00  0.000E+00
  1.3372500E+03 -0.000E+00 -0.000E+00  0.000E+00
  1.3377500E+03 -0.000E+00 -0.000E+00  0.000E+00
  1.3382500E+03 -1.225E-02 -1.901E-02 -3.495E-02
  1.3387500E+03 -3.985E-03 -6.981E-03 -2.085E-02
  1.3392500E+03 -2.852E-02 -1.437E-02  2.582E-02
  1.3397500E+03  1.035E-01  1.611E-01  3.226E-01
  1.3402500E+03  2.148E-01  1.545E-01 -1.395E-01
  1.3407500E+03 -1.294E-01 -1.166E-01 -6.169E-02
  1.3412500E+03 -7.087E-01 -6.825E-01 -3.134E-01
  1.3417500E+03  9.612E-01  1.609E+00  3.363E+00
  1.3422500E+03  4.288E-01  6.519E-03 -1.502E+00
  1.3427500E+03  8.274E-02  1.335E-01  4.043E-01
  1.3432500E+03 -8.640E-02 -1.797E-01 -5.907E-01
  1.3437500E+03 -8.870E-01 -1.052E+00 -1.812E+00
  1.3442500E+03  6.130E-01  7.319E-01  8.727E-01
  1.3447500E+03 -2.524E-01  1.131E-01  1.361E+00
  1.3452500E+03 -4.241E-01 -7.166E-01 -1.633E+00
  1.3457500E+03  1.547E+00  1.005E+00 -1.544E+00
  1.3462500E+03  3.452E-02  4.400E-02 -3.795E-01
  1.3467500E+03  8.926E-01  1.507E+00  3.533E+00
  1.3472500E+03  1.443E-01  1.294E-01  4.297E-02
  1.3477500E+03 -5.212E-01 -8.442E-02  1.506E+00
  1.3482500E+03  6.756E-02 -2.659E-01 -1.483E+00
  1.3487500E+03  6.378E-01  2.385E-01 -1.497E+00
  1.3492500E+03 -4.285E-01 -4.813E-02  1.129E+00
  1.3497500E+03 -1.043E-01 -7.468E-02  1.771E-02
  1.3502500E+03  9.003E-01  1.041E+00  1.225E+00
  1.3507500E+03  3.751E-01  3.965E-01  5.342E-01
  1.3512500E+03  6.700E-01  3.666E-01 -1.213E+00
  1.3517500E+03  9.701E-01  5.750E-01 -1.590E+00
  1.3522500E+03  1.334E+00  1.402E+00  1.432E+00
  1.3527500E+03 -1.343E+00 -1.033E+00  3.686E-01
  1.3532500E+03  1.899E+00  1.609E+00  1.902E-01
  1.3537500E+03  7.568E-01  7.899E-01 -7.037E-02
  1.3542500E+03 -1.456E+00 -1.042E+00  7.219E-01
  1.3547500E+03  1.065E-02  4.321E-01  2.043E+00
  1.3552500E+03  1.048E+00  8.495E-01 -3.815E-01
  1.3557500E+03  2.376E+00  1.871E+00 -4.416E-02
  1.3562500E+03 -7.133E-01 -7.618E-01 -7.409E-01
  1.3567500E+03  5.687E-01  3.309E-01 -8.235E-01
  1.3572500E+03  2.189E-01  2.809E-01  1.409E-01
  1.3577500E+03  7.672E-01  9.933E-01  1.331E+00
  1.3582500E+03 -9.685E-01 -4.274E-01  1.427E+00
  1.3587500E+03  1.298E+00  1.180E+00  3.097E-01
  1.3592500E+03  1.058E+00  8.902E-01 -5.599E-02
  1.3597500E+03 -9.651E-02 -1.865E-02  1.018E+00
  1.3602500E+03  6.591E-01  9.951E-01  1.849E+00
  1.3607500E+03  1.154E+00  1.448E+00  2.082E+00
  1.3612500E+03  2.528E+00  2.012E+00 -2.362E-01
  1.3617500E+03  1.348E+00  9.560E-01 -3.197E-01
  1.3622500E+03  1.739E+00  1.062E+00 -4.741E-01
  1.3627500E+03  2.841E+00  2.587E+00  4.081E-01
  1.3632500E+03  5.284E+00  5.308E+00  3.773E+00
  1.3637500E+03  9.173E+00  8.434E+00  3.324E+00
  1.3642500E+03  1.504E+01  1.504E+01  9.726E+00
  1.3647500E+03  2.710E+01  2.556E+01  1.216E+01
  1.3652500E+03  3.605E+01  3.539E+01  2.190E+01
  1.3657500E+03  7.697E+01  7.390E+01  3.989E+01
  1.3662500E+03  1.272E+02  1.232E+02  7.121E+01
  1.3667500E+03  1.844E+02  1.786E+02  1.021E+02
  1.3672500E+03  3.001E+02  2.924E+02  1.726E+02
  1.3677500E+03  4.606E+02  4.428E+02  2.398E+02
  1.3682500E+03  6.302E+02  6.098E+02  3.437E+02
  1.3687500E+03  9.019E+02  8.705E+02  4.838E+02
  1.3692500E+03  1.200E+03  1.158E+03  6.441E+02
  1.3697500E+03  1.438E+03  1.397E+03  8.057E+02
  1.3702500E+03  1.756E+03  1.699E+03  9.566E+02
  1.3707500E+03  1.917E+03  1.855E+03  1.044E+03
  1.3712500E+03  1.960E+03  1.891E+03  1.044E+03
  1.3717500E+03  1.810E+03  1.753E+03  9.881E+02
  1.3722500E+03  1.547E+03  1.493E+03  8.203E+02
  1.3727500E+03  1.189E+03  1.145E+03  6.192E+02
  1.3732500E+03  7.952E+02  7.752E+02  4.527E+02
  1.3737500E+03  3.703E+02  3.671E+02  2.349E+02
  1.3742500E+03  1.297E+02  1.252E+02  6.793E+01
  1.3747500E+03 -3.544E+01 -3.632E+01 -2.935E+01
  1.3752500E+03 -1.149E+02 -1.104E+02 -6.060E+01
  1.3757500E+03 -1.449E+02 -1.403E+02 -8.048E+01
  1.3762500E+03 -1.192E+02 -1.159E+02 -6.820E+01
  1.3767500E+03 -1.127E+02 -1.053E+02 -4.637E+01
  1.3772500E+03 -1.099E+02 -1.055E+02 -5.633E+01
  1.3777500E+03 -8.756E+01 -8.880E+01 -6.433E+01
  1.3782500E+03 -9.835E+01 -9.138E+01 -3.929E+01
  1.3787500E+03 -8.609E+01 -8.096E+01 -3.893E+01
  1.3792500E+03 -7.690E+01 -7.576E+01 -4.770E+01
  1.3797500E+03 -7.826E+01 -7.752E+01 -5.137E+01
  1.3802500E+03 -7.275E+01 -6.995E+01 -3.708E+01
  1.3807500E+03 -7.389E+01 -7.025E+01 -3.580E+01
  1.3812500E+03 -6.343E+01 -6.325E+01 -4.410E+01
  1.3817500E+03 -7.024E+01 -6.615E+01 -3.177E+01
  1.3822500E+03 -7.006E+01 -6.870E+01 -4.371E+01
  1.3827500E+03 -6.737E+01 -6.769E+01 -4.778E+01
  1.3832500E+03 -7.612E+01 -6.733E+01 -1.585E+01
  1.3837500E+03 -6.757E+01 -6.675E+01 -4.351E+01
  1.3842500E+03 -6.688E+01 -6.164E+01 -2.502E+01
  1.3847500E+03 -6.473E+01 -6.117E+01 -3.008E+01
  1.3852500E+03 -6.887E+01 -6.624E+01 -3.562E+01
  1.3857500E+03 -6.602E+01 -6.579E+01 -4.354E+01
  1.3862500E+03 -6.165E+01 -6.118E+01 -4.003E+01
  1.3867500E+03 -6.974E+01 -6.513E+01 -2.796E+01
  1.3872500E+03 -6.279E+01 -5.890E+01 -2.731E+01
  1.3877500E+03 -6.203E+01 -5.932E+01 -3.177E+01
  1.3882500E+03 -5.756E+01 -5.696E+01 -3.787E+01
  1.3887500E+03 -5.988E+01 -5.475E+01 -2.027E+01
  1.3892500E+03 -6.158E+01 -5.969E+01 -3.469E+01
  1.3897500E+03 -6.132E+01 -6.001E+01 -3.701E+01
  1.3902500E+03 -5.752E+01 -5.525E+01 -3.095E+01
  1.3907500E+03 -5.126E+01 -4.983E+01 -2.956E+01
  1.3912500E+03 -6.038E+01 -5.816E+01 -3.155E+01
  1.3917500E+03 -5.178E+01 -4.739E+01 -1.666E+01
  1.3922500E+03 -5.728E+01 -5.535E+01 -3.244E+01
  1.3927500E+03 -5.973E+01 -5.801E+01 -3.344E+01
  1.3932500E+03 -5.805E+01 -5.646E+01 -3.364E+01
  1.3937500E+03 -5.706E+01 -5.527E+01 -3.256E+01
  1.3942500E+03 -5.480E+01 -5.187E+01 -2.529E+01
  1.3947500E+03 -4.692E+01 -4.703E+01 -3.271E+01
  1.3952500E+03 -6.035E+01 -5.559E+01 -2.142E+01
  1.3957500E+03 -5.524E+01 -5.391E+01 -3.199E+01
  1.3962500E+03 -4.998E+01 -4.901E+01 -3.122E+01
  1.3967500E+03 -5.100E+01 -4.783E+01 -2.256E+01
  1.3972500E+03 -4.529E+01 -4.298E+01 -2.189E+01
  1.3977500E+03 -5.369E+01 -5.266E+01 -3.346E+01
  1.3982500E+03 -5.011E+01 -4.834E+01 -2.522E+01
  1.3987500E+03 -5.115E+01 -5.004E+01 -3.005E+01
  1.3992500E+03 -5.105E+01 -4.947E+01 -2.888E+01
  1.3997500E+03 -5.122E+01 -4.860E+01 -2.411E+01
  1.4002500E+03 -4.826E+01 -4.858E+01 -3.383E+01
  1.4007500E+03 -4.749E+01 -4.593E+01 -2.586E+01
  1.4012500E+03 -4.984E+01 -4.655E+01 -1.994E+01
  1.4017500E+03 -4.989E+01 -4.860E+01 -2.811E+01
  1.4022500E+03 -4.502E+01 -4.737E+01 -4.097E+01
  1.4027500E+03 -5.284E+01 -4.882E+01 -1.985E+01
  1.4032500E+03 -4.998E+01 -4.702E+01 -2.245E+01
  1.4037500E+03 -4.546E+01 -4.301E+01 -2.207E+01
  1.4042500E+03 -4.707E+01 -4.344E+01 -1.845E+01
  1.4047500E+03 -4.382E+01 -4.195E+01 -2.281E+01
  1.4052500E+03 -4.319E+01 -4.158E+01 -2.481E+01
  1.4057500E+03 -4.642E+01 -4.662E+01 -3.194E+01
  1.4062500E+03 -4.327E+01 -4.290E+01 -2.857E+01
  1.4067500E+03 -5.206E+01 -4.987E+01 -2.703E+01
  1.4072500E+03 -4.668E+01 -4.539E+01 -2.736E+01
  1.4077500E+03 -4.657E+01 -4.464E+01 -2.457E+01
  1.4082500E+03 -4.431E+01 -4.321E+01 -2.531E+01
  1.4087500E+03 -4.579E+01 -4.352E+01 -2.207E+01
  1.4092500E+03 -4.222E+01 -4.050E+01 -2.223E+01
  1.4097500E+03 -4.504E+01 -4.429E+01 -2.750E+01
  1.4102500E+03 -4.122E+01 -3.967E+01 -2.266E+01
  1.4107500E+03 -4.208E+01 -4.099E+01 -2.408E+01
  1.4112500E+03 -4.034E+01 -3.997E+01 -2.568E+01
  1.4117500E+03 -3.883E+01 -3.923E+01 -2.879E+01
  1.4122500E+03 -4.240E+01 -3.989E+01 -1.844E+01
  1.4127500E+03 -4.626E+01 -4.420E+01 -2.312E+01
  1.4132500E+03 -4.156E+01 -4.189E+01 -2.920E+01
  1.4137500E+03 -4.683E+01 -4.393E+01 -2.029E+01
  1.4142500E+03 -4.123E+01 -3.864E+01 -1.845E+01
  1.4147500E+03 -4.511E+01 -4.355E+01 -2.438E+01
  1.4152500E+03 -4.265E+01 -4.030E+01 -1.992E+01
  1.4157500E+03 -3.876E+01 -3.789E+01 -2.354E+01
  1.4162500E+03 -4.149E+01 -4.038E+01 -2.370E+01
  1.4167500E+03 -3.958E+01 -3.816E+01 -2.081E+01
  1.4172500E+03 -4.368E+01 -4.157E+01 -2.078E+01
  1.4177500E+03 -3.513E+01 -3.435E+01 -1.910E+01
  1.4182500E+03 -3.787E+01 -3.627E+01 -1.908E+01
  1.4187500E+03 -4.406E+01 -4.194E+01 -2.203E+01
  1.4192500E+03 -3.944E+01 -3.814E+01 -2.246E+01
  1.4197500E+03 -4.322E+01 -4.025E+01 -1.686E+01
  1.4202500E+03 -3.679E+01 -3.638E+01 -2.381E+01
  1.4207500E+03 -3.999E+01 -3.848E+01 -2.209E+01
  1.4212500E+03 -3.661E+01 -3.525E+01 -1.972E+01
  1.4217500E+03 -3.815E+01 -3.690E+01 -2.039E+01
  1.4222500E+03 -3.781E+01 -3.581E+01 -1.745E+01
  1.4227500E+03 -3.632E+01 -3.524E+01 -1.966E+01
  1.4232500E+03 -4.153E+01 -4.072E+01 -2.631E+01
  1.4237500E+03 -4.036E+01 -3.941E+01 -2.265E+01
  1.4242500E+03 -3.600E+01 -3.324E+01 -1.370E+01
  1.4247500E+03 -3.766E+01 -3.607E+01 -1.885E+01
  1.4252500E+03 -3.562E+01 -3.465E+01 -2.024E+01
  1.4257500E+03 -3.674E+01 -3.555E+01 -2.045E+01
  1.4262500E+03 -3.504E+01 -3.475E+01 -2.295E+01
  1.4267500E+03 -3.767E+01 -3.624E+01 -1.974E+01
  1.4272500E+03 -3.624E+01 -3.496E+01 -1.972E+01
  1.4277500E+03 -3.558E+01 -3.391E+01 -1.766E+01
  1.4282500E+03 -3.828E+01 -3.575E+01 -1.530E+01
  1.4287500E+03 -3.437E+01 -3.350E+01 -1.940E+01
  1.4292500E+03 -3.647E+01 -3.597E+01 -2.270E+01
  1.4297500E+03 -3.659E+01 -3.622E+01 -2.361E+01
  1.4302500E+03 -3.575E+01 -3.366E+01 -1.563E+01
  1.4307500E+03 -3.392E+01 -3.266E+01 -1.833E+01
  1.4312500E+03 -3.525E+01 -3.336E+01 -1.736E+01
  1.4317500E+03 -3.378E+01 -3.198E+01 -1.487E+01
  1.4322500E+03 -3.423E+01 -3.317E+01 -1.941E+01
  1.4327500E+03 -3.530E+01 -3.274E+01 -1.484E+01
  1.4332500E+03 -3.993E+01 -3.677E+01 -1.499E+01
  1.4337500E+03 -3.093E+01 -3.131E+01 -2.205E+01
  1.4342500E+03 -3.251E+01 -3.215E+01 -2.169E+01
  1.4347500E+03 -3.335E+01 -3.084E+01 -1.402E+01
  1.4352500E+03 -3.104E+01 -3.027E+01 -1.563E+01
  1.4357500E+03 -3.330E+01 -3.273E+01 -1.831E+01
  1.4362500E+03 -3.273E+01 -3.062E+01 -1.347E+01
  1.4367500E+03 -3.136E+01 -3.040E+01 -1.750E+01
  1.4372500E+03 -3.528E+01 -3.269E+01 -1.533E+01
  1.4377500E+03 -3.606E+01 -3.400E+01 -1.588E+01
  1.4382500E+03 -2.876E+01 -2.749E+01 -1.359E+01
  1.4387500E+03 -3.172E+01 -3.010E+01 -1.500E+01
  1.4392500E+03 -3.139E+01 -3.064E+01 -1.843E+01
  1.4397500E+03 -3.191E+01 -3.205E+01 -2.276E+01
  1.4402500E+03 -3.394E+01 -3.316E+01 -1.849E+01
  1.4407500E+03 -3.364E+01 -3.236E+01 -1.741E+01
  1.4412500E+03 -3.087E+01 -2.899E+01 -1.379E+01
  1.4417500E+03 -3.161E+01 -3.162E+01 -2.173E+01
  1.4422500E+03 -2.714E+01 -2.719E+01 -1.905E+01
  1.4427500E+03 -3.103E+01 -2.940E+01 -1.619E+01
  1.4432500E+03 -3.106E+01 -3.044E+01 -1.836E+01
  1.4437500E+03 -2.989E+01 -2.895E+01 -1.746E+01
  1.4442500E+03 -3.024E+01 -2.934E+01 -1.670E+01
  1.4447500E+03 -2.865E+01 -2.830E+01 -1.793E+01
  1.4452500E+03 -2.928E+01 -2.850E+01 -1.658E+01
  1.4457500E+03 -2.981E+01 -2.811E+01 -1.450E+01
  1.4462500E+03 -2.946E+01 -2.761E+01 -1.206E+01
  1.4467500E+03 -3.170E+01 -3.016E+01 -1.442E+01
  1.4472500E+03 -2.936E+01 -2.826E+01 -1.609E+01
  1.4477500E+03 -2.865E+01 -2.836E+01 -1.680E+01
  1.4482500E+03 -2.755E+01 -2.720E+01 -1.705E+01
  1.4487500E+03 -3.132E+01 -3.045E+01 -1.870E+01
  1.4492500E+03 -2.969E+01 -2.756E+01 -1.184E+01
  1.4497500E+03 -3.060E+01 -2.928E+01 -1.546E+01
  1.4502500E+03 -3.020E+01 -2.850E+01 -1.386E+01
  1.4507500E+03 -3.117E+01 -3.009E+01 -1.684E+01
  1.4512500E+03 -2.861E+01 -2.695E+01 -1.261E+01
  1.4517500E+03 -2.912E+01 -2.686E+01 -1.230E+01
  1.4522500E+03 -2.744E+01 -2.680E+01 -1.613E+01
  1.4527500E+03 -2.805E+01 -2.882E+01 -2.107E+01
  1.4532500E+03 -2.956E+01 -2.859E+01 -1.635E+01
  1.4537500E+03 -2.928E+01 -2.808E+01 -1.556E+01
  1.4542500E+03 -2.610E+01 -2.517E+01 -1.418E+01
  1.4547500E+03 -2.761E+01 -2.655E+01 -1.437E+01
  1.4552500E+03 -2.794E+01 -2.632E+01 -1.304E+01
  1.4557500E+03 -2.780E+01 -2.692E+01 -1.637E+01
  1.4562500E+03 -2.487E+01 -2.559E+01 -1.866E+01
  1.4567500E+03 -2.935E+01 -2.717E+01 -1.086E+01
  1.4572500E+03 -2.858E+01 -2.678E+01 -1.329E+01
  1.4577500E+03 -2.745E+01 -2.646E+01 -1.532E+01
  1.4582500E+03 -2.889E+01 -2.701E+01 -1.152E+01
  1.4587500E+03 -2.605E+01 -2.499E+01 -1.478E+01
  1.4592500E+03 -2.448E+01 -2.369E+01 -1.339E+01
  1.4597500E+03 -2.661E+01 -2.599E+01 -1.482E+01
  1.4602500E+03 -2.556E+01 -2.441E+01 -1.240E+01
  1.4607500E+03 -2.556E+01 -2.522E+01 -1.482E+01
  1.4612500E+03 -2.801E+01 -2.658E+01 -1.252E+01
  1.4617500E+03 -2.637E+01 -2.497E+01 -1.215E+01
  1.4622500E+03 -2.653E+01 -2.466E+01 -1.172E+01
  1.4627500E+03 -2.427E+01 -2.453E+01 -1.575E+01
  1.4632500E+03 -2.786E+01 -2.729E+01 -1.643E+01
  1.4637500E+03 -2.509E+01 -2.504E+01 -1.684E+01
  1.4642500E+03 -2.666E+01 -2.587E+01 -1.427E+01
  1.4647500E+03 -2.543E+01 -2.452E+01 -1.338E+01
  1.4652500E+03 -2.732E+01 -2.607E+01 -1.393E+01
  1.4657500E+03 -2.444E+01 -2.370E+01 -1.386E+01
  1.4662500E+03 -2.156E+01 -2.135E+01 -1.353E+01
  1.4667500E+03 -2.574E+01 -2.387E+01 -1.034E+01
  1.4672500E+03 -2.626E+01 -2.448E+01 -1.173E+01
  1.4677500E+03 -2.528E+01 -2.460E+01 -1.446E+01
  1.4682500E+03 -2.076E+01 -2.156E+01 -1.736E+01
  1.4687500E+03 -2.313E+01 -2.291E+01 -1.527E+01
  1.4692500E+03 -2.460E+01 -2.439E+01 -1.515E+01
  1.4697500E+03 -2.454E+01 -2.339E+01 -1.173E+01
  1.4702500E+03 -2.330E+01 -2.249E+01 -1.222E+01
  1.4707500E+03 -2.228E+01 -2.174E+01 -1.326E+01
  1.4712500E+03 -2.509E+01 -2.411E+01 -1.342E+01
  1.4717500E+03 -2.590E+01 -2.437E+01 -1.171E+01
  1.4722500E+03 -2.501E+01 -2.340E+01 -1.081E+01
  1.4727500E+03 -2.181E+01 -2.222E+01 -1.453E+01
  1.4732500E+03 -2.528E+01 -2.411E+01 -1.134E+01
  1.4737500E+03 -2.453E+01 -2.363E+01 -1.374E+01
  1.4742500E+03 -2.493E+01 -2.361E+01 -1.331E+01
  1.4747500E+03 -2.361E+01 -2.208E+01 -1.065E+01
  1.4752500E+03 -2.286E+01 -2.156E+01 -1.026E+01
  1.4757500E+03 -2.527E+01 -2.492E+01 -1.470E+01
  1.4762500E+03 -2.250E+01 -2.229E+01 -1.463E+01
  1.4767500E+03 -2.329E+01 -2.213E+01 -1.151E+01
  1.4772500E+03 -2.347E+01 -2.265E+01 -1.207E+01
  1.4777500E+03 -2.226E+01 -2.136E+01 -1.159E+01
  1.4782500E+03 -2.227E+01 -2.174E+01 -1.219E+01
  1.4787500E+03 -2.157E+01 -2.118E+01 -1.303E+01
  1.4792500E+03 -2.273E+01 -2.185E+01 -1.376E+01
  1.4797500E+03 -2.451E+01 -2.349E+01 -1.203E+01
  1.4802500E+03 -2.230E+01 -2.279E+01 -1.611E+01
  1.4807500E+03 -1.999E+01 -2.033E+01 -1.328E+01
  1.4812500E+03 -2.093E+01 -2.051E+01 -1.203E+01
  1.4817500E+03 -2.523E+01 -2.455E+01 -1.437E+01
  1.4822500E+03 -2.467E+01 -2.396E+01 -1.504E+01
  1.4827500E+03 -2.347E+01 -2.208E+01 -1.020E+01
  1.4832500E+03 -2.444E+01 -2.259E+01 -8.877E+00
  1.4837500E+03 -1.961E+01 -1.909E+01 -1.099E+01
  1.4842500E+03 -2.214E+01 -2.111E+01 -1.158E+01
  1.4847500E+03 -2.270E+01 -2.168E+01 -1.216E+01
  1.4852500E+03 -2.090E+01 -2.057E+01 -1.271E+01
  1.4857500E+03 -2.329E+01 -2.245E+01 -1.178E+01
  1.4862500E+03 -2.202E+01 -2.181E+01 -1.406E+01
  1.4867500E+03 -2.087E+01 -1.963E+01 -9.790E+00
  1.4872500E+03 -2.279E+01 -2.208E+01 -1.252E+01
  1.4877500E+03 -2.038E+01 -2.016E+01 -1.043E+01
  1.4882500E+03 -2.172E+01 -2.022E+01 -9.201E+00
  1.4887500E+03 -2.296E+01 -2.143E+01 -9.855E+00
  1.4892500E+03 -2.103E+01 -2.087E+01 -1.187E+01
  1.4897500E+03 -2.051E+01 -2.050E+01 -1.286E+01
  1.4902500E+03 -2.002E+01 -1.952E+01 -1.131E+01
  1.4907500E+03 -2.057E+01 -1.969E+01 -1.043E+01
  1.4912500E+03 -1.882E+01 -1.893E+01 -1.184E+01
  1.4917500E+03 -2.016E+01 -1.935E+01 -1.088E+01
  1.4922500E+03 -1.940E+01 -1.865E+01 -1.067E+01
  1.4927500E+03 -1.961E+01 -1.895E+01 -1.090E+01
  1.4932500E+03 -2.039E+01 -1.952E+01 -1.118E+01
  1.4937500E+03 -1.992E+01 -1.952E+01 -1.239E+01
  1.4942500E+03 -1.777E+01 -1.823E+01 -1.321E+01
  1.4947500E+03 -2.384E+01 -2.269E+01 -9.693E+00
  1.4952500E+03 -1.803E+01 -1.823E+01 -1.208E+01
  1.4957500E+03 -1.906E+01 -1.835E+01 -9.864E+00
  1.4962500E+03 -1.958E+01 -1.769E+01 -6.132E+00
  1.4967500E+03 -1.975E+01 -1.929E+01 -1.121E+01
  1.4972500E+03 -2.002E+01 -1.991E+01 -1.187E+01
  1.4977500E+03 -2.278E+01 -2.116E+01 -8.766E+00
  1.4982500E+03 -1.890E+01 -1.806E+01 -1.115E+01
  1.4987500E+03 -2.076E+01 -1.984E+01 -9.945E+00
  1.4992500E+03 -1.930E+01 -1.864E+01 -9.633E+00
  1.4997500E+03 -2.009E+01 -1.929E+01 -1.067E+01
  1.5002500E+03 -1.895E+01 -1.850E+01 -1.138E+01
  1.5007500E+03 -2.178E+01 -2.093E+01 -1.170E+01
  1.5012500E+03 -1.971E+01 -1.793E+01 -6.950E+00
  1.5017500E+03 -1.768E+01 -1.744E+01 -1.085E+01
  1.5022500E+03 -1.778E+01 -1.750E+01 -1.066E+01
  1.5027500E+03 -1.901E+01 -1.912E+01 -1.264E+01
  1.5032500E+03 -1.900E+01 -1.881E+01 -1.277E+01
  1.5037500E+03 -1.959E+01 -1.894E+01 -1.053E+01
  1.5042500E+03 -1.875E+01 -1.793E+01 -9.076E+00
  1.5047500E+03 -1.833E+01 -1.798E+01 -1.036E+01
  1.5052500E+03 -1.784E+01 -1.716E+01 -9.075E+00
  1.5057500E+03 -1.933E+01 -1.899E+01 -1.134E+01
  1.5062500E+03 -1.862E+01 -1.824E+01 -1.040E+01
  1.5067500E+03 -1.923E+01 -1.882E+01 -1.242E+01
  1.5072500E+03 -1.755E+01 -1.697E+01 -1.064E+01
  1.5077500E+03 -1.782E+01 -1.701E+01 -9.484E+00
  1.5082500E+03 -1.828E+01 -1.694E+01 -7.221E+00
  1.5087500E+03 -1.935E+01 -1.831E+01 -9.042E+00
  1.5092500E+03 -1.831E+01 -1.785E+01 -9.627E+00
  1.5097500E+03 -1.889E+01 -1.851E+01 -1.101E+01
  1.5102500E+03 -1.916E+01 -1.801E+01 -8.979E+00
  1.5107500E+03 -1.644E+01 -1.586E+01 -8.539E+00
  1.5112500E+03 -1.635E+01 -1.645E+01 -1.140E+01
  1.5117500E+03 -1.811E+01 -1.787E+01 -1.133E+01
  1.5122500E+03 -1.819E+01 -1.763E+01 -1.047E+01
  1.5127500E+03 -1.809E+01 -1.730E+01 -9.008E+00
  1.5132500E+03 -1.983E+01 -1.857E+01 -8.405E+00
  1.5137500E+03 -1.834E+01 -1.728E+01 -7.853E+00
  1.5142500E+03 -1.634E+01 -1.608E+01 -1.066E+01
  1.5147500E+03 -1.778E+01 -1.676E+01 -8.988E+00
  1.5152500E+03 -1.698E+01 -1.662E+01 -9.813E+00
  1.5157500E+03 -1.673E+01 -1.622E+01 -9.337E+00
  1.5162500E+03 -1.944E+01 -1.801E+01 -7.735E+00
  1.5167500E+03 -1.821E+01 -1.708E+01 -8.200E+00
  1.5172500E+03 -1.733E+01 -1.670E+01 -1.027E+01
  1.5177500E+03 -1.818E+01 -1.735E+01 -7.955E+00
  1.5182500E+03 -1.708E+01 -1.657E+01 -9.632E+00
  1.5187500E+03 -1.481E+01 -1.398E+01 -1.060E+01
  1.5192500E+03 -1.671E+01 -1.632E+01 -1.237E+01
  1.5197500E+03 -1.541E+01 -1.550E+01 -1.003E+01
  1.5202500E+03 -1.582E+01 -1.536E+01 -7.666E+00
  1.5207500E+03 -1.779E+01 -1.717E+01 -9.442E+00
  1.5212500E+03 -1.522E+01 -1.468E+01 -7.344E+00
  1.5217500E+03 -1.652E+01 -1.612E+01 -1.035E+01
  1.5222500E+03 -1.704E+01 -1.561E+01 -6.918E+00
  1.5227500E+03 -1.653E+01 -1.483E+01 -7.268E+00
  1.5232500E+03 -1.693E+01 -1.620E+01 -9.232E+00
  1.5237500E+03 -1.654E+01 -1.667E+01 -1.111E+01
  1.5242500E+03 -1.592E+01 -1.543E+01 -8.927E+00
  1.5247500E+03 -1.780E+01 -1.725E+01 -9.045E+00
  1.5252500E+03 -1.293E+01 -1.306E+01 -8.642E+00
  1.5257500E+03 -1.670E+01 -1.581E+01 -7.642E+00
  1.5262500E+03 -1.780E+01 -1.684E+01 -7.564E+00
  1.5267500E+03 -1.631E+01 -1.528E+01 -8.984E+00
  1.5272500E+03 -1.669E+01 -1.621E+01 -8.705E+00
  1.5277500E+03 -1.593E+01 -1.562E+01 -8.846E+00
  1.5282500E+03 -1.428E+01 -1.442E+01 -1.186E+01
  1.5287500E+03 -1.639E+01 -1.599E+01 -1.021E+01
  1.5292500E+03 -1.585E+01 -1.552E+01 -8.793E+00
  1.5297500E+03 -1.409E+01 -1.380E+01 -7.361E+00
  1.5302500E+03 -1.682E+01 -1.597E+01 -7.457E+00
  1.5307500E+03 -1.567E+01 -1.487E+01 -7.517E+00
  1.5312500E+03 -1.672E+01 -1.442E+01 -6.232E+00
  1.5317500E+03 -1.600E+01 -1.532E+01 -7.278E+00
  1.5322500E+03 -1.519E+01 -1.508E+01 -8.477E+00
  1.5327500E+03 -1.369E+01 -1.367E+01 -9.221E+00
  1.5332500E+03 -1.688E+01 -1.609E+01 -8.968E+00
  1.5337500E+03 -1.505E+01 -1.442E+01 -5.800E+00
  1.5342500E+03 -1.463E+01 -1.438E+01 -6.985E+00
  1.5347500E+03 -1.516E+01 -1.437E+01 -8.803E+00
  1.5352500E+03 -1.459E+01 -1.397E+01 -8.435E+00
  1.5357500E+03 -1.490E+01 -1.401E+01 -6.858E+00
  1.5362500E+03 -1.708E+01 -1.618E+01 -7.605E+00
  1.5367500E+03 -1.465E+01 -1.384E+01 -7.460E+00
  1.5372500E+03 -1.406E+01 -1.430E+01 -1.005E+01
  1.5377500E+03 -1.570E+01 -1.507E+01 -8.300E+00
  1.5382500E+03 -1.496E+01 -1.514E+01 -1.068E+01
  1.5387500E+03 -1.515E+01 -1.484E+01 -8.867E+00
  1.5392500E+03 -1.530E+01 -1.474E+01 -8.162E+00
  1.5397500E+03 -1.487E+01 -1.417E+01 -6.797E+00
  1.5402500E+03 -1.438E+01 -1.434E+01 -8.583E+00
  1.5407500E+03 -1.416E+01 -1.403E+01 -7.561E+00
  1.5412500E+03 -1.219E+01 -1.138E+01 -9.360E+00
  1.5417500E+03 -1.310E+01 -1.402E+01 -9.139E+00
  1.5422500E+03 -1.570E+01 -1.686E+01 -9.041E+00
  1.5427500E+03 -1.423E+01 -1.362E+01 -6.821E+00
  1.5432500E+03 -1.601E+01 -1.493E+01 -6.871E+00
  1.5437500E+03 -1.333E+01 -1.294E+01 -6.152E+00
  1.5442500E+03 -1.483E+01 -1.423E+01 -6.590E+00
  1.5447500E+03 -1.499E+01 -1.357E+01 -8.015E+00
  1.5452500E+03 -1.401E+01 -1.322E+01 -8.884E+00
  1.5457500E+03 -1.455E+01 -1.367E+01 -6.277E+00
  1.5462500E+03 -1.501E+01 -1.395E+01 -7.235E+00
  1.5467500E+03 -1.431E+01 -1.407E+01 -9.465E+00
  1.5472500E+03 -1.259E+01 -1.216E+01 -7.036E+00
  1.5477500E+03 -1.416E+01 -1.422E+01 -8.304E+00
  1.5482500E+03 -1.220E+01 -1.302E+01 -8.324E+00
  1.5487500E+03 -1.539E+01 -1.414E+01 -5.902E+00
  1.5492500E+03 -1.492E+01 -1.373E+01 -6.469E+00
  1.5497500E+03 -1.350E+01 -1.301E+01 -7.033E+00
  1.5502500E+03 -1.344E+01 -1.281E+01 -7.410E+00
  1.5507500E+03 -1.401E+01 -1.346E+01 -6.343E+00
  1.5512500E+03 -1.377E+01 -1.345E+01 -7.795E+00
  1.5517500E+03 -1.277E+01 -1.256E+01 -8.438E+00
  1.5522500E+03 -1.328E+01 -1.319E+01 -8.266E+00
  1.5527500E+03 -1.604E+01 -1.433E+01 -4.526E+00
  1.5532500E+03 -1.581E+01 -1.450E+01 -5.258E+00
  1.5537500E+03 -1.348E+01 -1.340E+01 -8.875E+00
  1.5542500E+03 -1.419E+01 -1.362E+01 -7.717E+00
  1.5547500E+03 -1.245E+01 -1.181E+01 -5.850E+00
  1.5552500E+03 -1.269E+01 -1.229E+01 -6.911E+00
  1.5557500E+03 -1.353E+01 -1.301E+01 -6.807E+00
  1.5562500E+03 -1.416E+01 -1.332E+01 -6.204E+00
  1.5567500E+03 -1.233E+01 -1.199E+01 -6.998E+00
  1.5572500E+03 -1.254E+01 -1.264E+01 -9.456E+00
  1.5577500E+03 -1.163E+01 -1.160E+01 -7.822E+00
  1.5582500E+03 -1.368E+01 -1.337E+01 -7.555E+00
  1.5587500E+03 -1.272E+01 -1.248E+01 -7.503E+00
  1.5592500E+03 -1.541E+01 -1.387E+01 -4.782E+00
  1.5597500E+03 -1.245E+01 -1.171E+01 -5.580E+00
  1.5602500E+03 -1.233E+01 -1.196E+01 -7.022E+00
  1.5607500E+03 -1.231E+01 -1.220E+01 -6.949E+00
  1.5612500E+03 -1.240E+01 -1.215E+01 -6.795E+00
  1.5617500E+03 -1.290E+01 -1.225E+01 -7.272E+00
  1.5622500E+03 -1.170E+01 -1.143E+01 -7.132E+00
  1.5627500E+03 -1.067E+01 -1.099E+01 -7.395E+00
  1.5632500E+03 -1.304E+01 -1.233E+01 -6.510E+00
  1.5637500E+03 -1.232E+01 -1.160E+01 -6.914E+00
  1.5642500E+03 -1.290E+01 -1.242E+01 -6.201E+00
  1.5647500E+03 -1.208E+01 -1.166E+01 -8.331E+00
  1.5652500E+03 -1.002E+01 -1.111E+01 -9.095E+00
  1.5657500E+03 -1.177E+01 -1.139E+01 -7.122E+00
  1.5662500E+03 -1.404E+01 -1.354E+01 -6.736E+00
  1.5667500E+03 -1.697E+01 -1.543E+01 -3.402E+00
  1.5672500E+03 -1.219E+01 -1.213E+01 -7.519E+00
  1.5677500E+03 -1.192E+01 -1.186E+01 -6.679E+00
  1.5682500E+03 -1.311E+01 -1.280E+01 -7.466E+00
  1.5687500E+03 -1.168E+01 -1.050E+01 -4.035E+00
  1.5692500E+03 -1.104E+01 -1.130E+01 -7.815E+00
  1.5697500E+03 -1.146E+01 -1.146E+01 -7.038E+00
  1.5702500E+03 -1.188E+01 -1.163E+01 -7.364E+00
  1.5707500E+03 -1.132E+01 -1.049E+01 -5.675E+00
  1.5712500E+03 -1.086E+01 -1.056E+01 -5.616E+00
  1.5717500E+03 -1.329E+01 -1.247E+01 -5.804E+00
  1.5722500E+03 -1.358E+01 -1.299E+01 -6.960E+00
  1.5727500E+03 -1.271E+01 -1.215E+01 -6.171E+00
  1.5732500E+03 -1.069E+01 -1.024E+01 -5.281E+00
  1.5737500E+03 -1.124E+01 -1.110E+01 -6.573E+00
  1.5742500E+03 -1.033E+01 -9.585E+00 -6.155E+00
  1.5747500E+03 -1.270E+01 -1.188E+01 -6.252E+00
  1.5752500E+03 -1.153E+01 -1.122E+01 -7.178E+00
  1.5757500E+03 -1.132E+01 -1.082E+01 -8.056E+00
  1.5762500E+03 -1.055E+01 -1.046E+01 -4.863E+00
  1.5767500E+03 -9.706E+00 -9.624E+00 -6.104E+00
  1.5772500E+03 -1.120E+01 -1.069E+01 -4.655E+00
  1.5777500E+03 -1.089E+01 -1.054E+01 -6.073E+00
  1.5782500E+03 -1.288E+01 -1.250E+01 -6.218E+00
  1.5787500E+03 -1.146E+01 -1.145E+01 -7.178E+00
  1.5792500E+03 -1.136E+01 -1.086E+01 -6.252E+00
  1.5797500E+03 -1.038E+01 -1.058E+01 -8.193E+00
  1.5802500E+03 -1.103E+01 -1.087E+01 -6.893E+00
  1.5807500E+03 -1.166E+01 -1.145E+01 -5.628E+00
  1.5812500E+03 -1.069E+01 -1.087E+01 -7.752E+00
  1.5817500E+03 -1.178E+01 -1.144E+01 -7.380E+00
  1.5822500E+03 -1.139E+01 -1.067E+01 -5.880E+00
  1.5827500E+03 -1.139E+01 -1.139E+01 -7.272E+00
  1.5832500E+03 -1.056E+01 -1.032E+01 -5.519E+00
  1.5837500E+03 -1.142E+01 -1.138E+01 -7.500E+00
  1.5842500E+03 -1.086E+01 -1.102E+01 -7.402E+00
  1.5847500E+03 -1.147E+01 -1.115E+01 -5.783E+00
  1.5852500E+03 -9.962E+00 -9.626E+00 -5.255E+00
  1.5857500E+03 -1.069E+01 -9.915E+00 -4.607E+00
  1.5862500E+03 -1.125E+01 -1.073E+01 -6.235E+00
  1.5867500E+03 -9.599E+00 -8.967E+00 -4.558E+00
  1.5872500E+03 -1.097E+01 -1.076E+01 -5.374E+00
  1.5877500E+03 -1.102E+01 -1.054E+01 -6.908E+00
  1.5882500E+03 -1.194E+01 -1.118E+01 -5.183E+00
  1.5887500E+03 -9.952E+00 -1.006E+01 -6.344E+00
  1.5892500E+03 -1.067E+01 -1.041E+01 -5.950E+00
  1.5897500E+03 -1.092E+01 -1.046E+01 -5.755E+00
  1.5902500E+03 -1.176E+01 -1.126E+01 -4.984E+00
  1.5907500E+03 -1.035E+01 -1.015E+01 -6.159E+00
  1.5912500E+03 -1.008E+01 -9.847E+00 -5.912E+00
  1.5917500E+03 -9.733E+00 -9.825E+00 -6.733E+00
  1.5922500E+03 -1.033E+01 -9.801E+00 -5.042E+00
  1.5927500E+03 -1.040E+01 -1.069E+01 -7.657E+00
  1.5932500E+03 -1.013E+01 -9.755E+00 -5.440E+00
  1.5937500E+03 -1.059E+01 -1.036E+01 -5.895E+00
  1.5942500E+03 -1.095E+01 -1.058E+01 -6.002E+00
  1.5947500E+03 -1.267E+01 -1.171E+01 -4.782E+00
  1.5952500E+03 -1.078E+01 -1.016E+01 -4.895E+00
  1.5957500E+03 -8.771E+00 -8.573E+00 -5.210E+00
  1.5962500E+03 -9.945E+00 -9.780E+00 -5.567E+00
  1.5967500E+03 -1.042E+01 -1.017E+01 -5.631E+00
  1.5972500E+03 -9.849E+00 -9.650E+00 -5.580E+00
  1.5977500E+03 -1.006E+01 -9.787E+00 -5.805E+00
  1.5982500E+03 -1.076E+01 -9.915E+00 -3.922E+00
  1.5987500E+03 -1.012E+01 -1.002E+01 -6.126E+00
  1.5992500E+03 -9.035E+00 -9.188E+00 -5.640E+00
  1.5997500E+03 -9.444E+00 -9.531E+00 -6.694E+00
  1.6002500E+03 -8.283E+00 -7.906E+00 -4.452E+00
  1.6007500E+03 -1.014E+01 -9.024E+00 -4.054E+00
  1.6012500E+03 -1.084E+01 -1.060E+01 -4.741E+00
  1.6017500E+03 -1.021E+01 -1.004E+01 -6.560E+00
  1.6022500E+03 -1.028E+01 -9.709E+00 -4.641E+00
  1.6027500E+03 -9.512E+00 -9.368E+00 -5.576E+00
  1.6032500E+03 -8.640E+00 -8.698E+00 -6.064E+00
  1.6037500E+03 -9.870E+00 -9.823E+00 -6.294E+00
  1.6042500E+03 -9.768E+00 -9.538E+00 -7.802E+00
  1.6047500E+03 -9.949E+00 -9.475E+00 -4.654E+00
  1.6052500E+03 -9.929E+00 -9.689E+00 -4.846E+00
  1.6057500E+03 -1.055E+01 -1.013E+01 -4.721E+00
  1.6062500E+03 -9.581E+00 -8.807E+00 -3.911E+00
  1.6067500E+03 -9.620E+00 -9.064E+00 -4.417E+00
  1.6072500E+03 -8.983E+00 -9.010E+00 -5.951E+00
  1.6077500E+03 -8.723E+00 -8.565E+00 -4.413E+00
  1.6082500E+03 -9.073E+00 -8.931E+00 -5.656E+00
  1.6087500E+03 -9.226E+00 -9.029E+00 -5.735E+00
  1.6092500E+03 -1.031E+01 -9.623E+00 -5.378E+00
  1.6097500E+03 -1.040E+01 -9.941E+00 -5.347E+00
  1.6102500E+03 -9.471E+00 -9.358E+00 -6.364E+00
  1.6107500E+03 -1.066E+01 -9.794E+00 -3.667E+00
  1.6112500E+03 -9.680E+00 -9.753E+00 -6.524E+00
  1.6117500E+03 -9.784E+00 -9.281E+00 -5.817E+00
  1.6122500E+03 -1.073E+01 -9.909E+00 -3.861E+00
  1.6127500E+03 -9.765E+00 -9.791E+00 -5.088E+00
  1.6132500E+03 -8.013E+00 -8.068E+00 -5.698E+00
  1.6137500E+03 -9.082E+00 -8.977E+00 -6.179E+00
  1.6142500E+03 -9.102E+00 -8.754E+00 -4.588E+00
  1.6147500E+03 -1.043E+01 -1.014E+01 -4.766E+00
  1.6152500E+03 -7.987E+00 -8.111E+00 -5.232E+00
  1.6157500E+03 -8.652E+00 -8.240E+00 -6.141E+00
  1.6162500E+03 -9.534E+00 -9.345E+00 -5.743E+00
  1.6167500E+03 -9.221E+00 -8.539E+00 -4.441E+00
  1.6172500E+03 -1.026E+01 -9.382E+00 -4.535E+00
  1.6177500E+03 -7.447E+00 -7.460E+00 -4.935E+00
  1.6182500E+03 -9.838E+00 -1.002E+01 -5.940E+00
  1.6187500E+03 -9.244E+00 -9.352E+00 -6.407E+00
  1.6192500E+03 -1.029E+01 -9.547E+00 -3.782E+00
  1.6197500E+03 -1.021E+01 -9.599E+00 -4.390E+00
  1.6202500E+03 -8.615E+00 -7.917E+00 -4.189E+00
  1.6207500E+03 -8.059E+00 -7.503E+00 -3.498E+00
  1.6212500E+03 -9.520E+00 -9.324E+00 -5.335E+00
  1.6217500E+03 -9.226E+00 -8.354E+00 -4.014E+00
  1.6222500E+03 -8.447E+00 -8.688E+00 -5.161E+00
  1.6227500E+03 -7.909E+00 -7.635E+00 -4.499E+00
  1.6232500E+03 -7.568E+00 -7.639E+00 -5.273E+00
  1.6237500E+03 -8.998E+00 -8.620E+00 -4.115E+00
  1.6242500E+03 -8.040E+00 -7.825E+00 -3.554E+00
  1.6247500E+03 -8.329E+00 -7.880E+00 -6.385E+00
  1.6252500E+03 -9.934E+00 -9.332E+00 -4.895E+00
  1.6257500E+03 -8.580E+00 -7.942E+00 -3.362E+00
  1.6262500E+03 -7.625E+00 -7.476E+00 -4.743E+00
  1.6267500E+03 -8.062E+00 -7.870E+00 -4.045E+00
  1.6272500E+03 -9.115E+00 -8.115E+00 -4.371E+00
  1.6277500E+03 -7.991E+00 -7.977E+00 -5.862E+00
  1.6282500E+03 -9.014E+00 -9.161E+00 -6.557E+00
  1.6287500E+03 -9.199E+00 -8.910E+00 -5.375E+00
  1.6292500E+03 -8.464E+00 -8.454E+00 -6.323E+00
  1.6297500E+03 -8.156E+00 -8.025E+00 -4.579E+00
  1.6302500E+03 -7.543E+00 -7.748E+00 -5.352E+00
  1.6307500E+03 -9.180E+00 -8.695E+00 -4.881E+00
  1.6312500E+03 -8.558E+00 -7.650E+00 -3.613E+00
  1.6317500E+03 -7.518E+00 -7.531E+00 -4.507E+00
  1.6322500E+03 -8.831E+00 -9.168E+00 -2.904E+00
  1.6327500E+03 -8.510E+00 -9.241E+00 -4.191E+00
  1.6332500E+03 -6.674E+00 -6.994E+00 -5.909E+00
  1.6337500E+03 -8.550E+00 -7.962E+00 -3.673E+00
  1.6342500E+03 -9.093E+00 -8.537E+00 -4.101E+00
  1.6347500E+03 -8.466E+00 -7.920E+00 -4.326E+00
  1.6352500E+03 -7.353E+00 -7.207E+00 -3.826E+00
  1.6357500E+03 -8.034E+00 -8.264E+00 -4.842E+00
  1.6362500E+03 -8.308E+00 -8.637E+00 -5.509E+00
  1.6367500E+03 -8.360E+00 -8.078E+00 -3.954E+00
  1.6372500E+03 -7.839E+00 -7.284E+00 -3.961E+00
  1.6377500E+03 -8.090E+00 -7.751E+00 -3.816E+00
  1.6382500E+03 -7.541E+00 -7.407E+00 -2.764E+00
  1.6387500E+03 -7.677E+00 -8.126E+00 -6.210E+00
  1.6392500E+03 -8.594E+00 -8.890E+00 -7.092E+00
  1.6397500E+03 -8.597E+00 -7.894E+00 -3.315E+00
  1.6402500E+03 -6.042E+00 -5.964E+00 -3.496E+00
  1.6407500E+03 -7.433E+00 -7.953E+00 -5.213E+00
  1.6412500E+03 -8.314E+00 -8.174E+00 -4.315E+00
  1.6417500E+03 -6.974E+00 -6.734E+00 -3.133E+00
  1.6422500E+03 -7.966E+00 -7.173E+00 -3.692E+00
  1.6427500E+03 -8.197E+00 -7.670E+00 -4.147E+00
  1.6432500E+03 -7.645E+00 -7.239E+00 -3.678E+00
  1.6437500E+03 -7.253E+00 -6.831E+00 -3.626E+00
  1.6442500E+03 -9.193E+00 -8.924E+00 -4.463E+00
  1.6447500E+03 -8.220E+00 -7.975E+00 -4.308E+00
  1.6452500E+03 -7.682E+00 -7.306E+00 -4.190E+00
  1.6457500E+03 -8.201E+00 -8.291E+00 -5.567E+00
  1.6462500E+03 -6.365E+00 -6.146E+00 -2.940E+00
  1.6467500E+03 -8.813E+00 -7.822E+00 -2.225E+00
  1.6472500E+03 -8.030E+00 -7.702E+00 -3.851E+00
  1.6477500E+03 -6.967E+00 -7.385E+00 -4.300E+00
  1.6482500E+03 -7.182E+00 -7.102E+00 -4.272E+00
  1.6487500E+03 -6.965E+00 -6.995E+00 -4.551E+00
  1.6492500E+03 -7.347E+00 -6.892E+00 -4.603E+00
  1.6497500E+03 -8.510E+00 -7.830E+00 -3.805E+00
  1.6502500E+03 -7.595E+00 -7.932E+00 -5.731E+00
  1.6507500E+03 -8.913E+00 -8.296E+00 -4.439E+00
  1.6512500E+03 -6.671E+00 -6.801E+00 -3.582E+00
  1.6517500E+03 -6.886E+00 -5.903E+00 -1.982E+00
  1.6522500E+03 -7.711E+00 -6.834E+00 -2.174E+00
  1.6527500E+03 -7.754E+00 -7.303E+00 -3.218E+00
  1.6532500E+03 -7.724E+00 -7.335E+00 -4.319E+00
  1.6537500E+03 -8.226E+00 -7.725E+00 -3.900E+00
  1.6542500E+03 -6.846E+00 -6.717E+00 -3.960E+00
  1.6547500E+03 -8.098E+00 -7.576E+00 -3.767E+00
  1.6552500E+03 -7.597E+00 -7.225E+00 -3.102E+00
  1.6557500E+03 -6.246E+00 -6.011E+00 -4.023E+00
  1.6562500E+03 -6.998E+00 -7.006E+00 -3.565E+00
  1.6567500E+03 -6.969E+00 -7.080E+00 -4.471E+00
  1.6572500E+03 -6.649E+00 -7.270E+00 -5.070E+00
  1.6577500E+03 -7.998E+00 -8.147E+00 -5.336E+00
  1.6582500E+03 -7.821E+00 -7.699E+00 -4.935E+00
  1.6587500E+03 -7.138E+00 -6.675E+00 -3.754E+00
  1.6592500E+03 -6.526E+00 -6.099E+00 -3.869E+00
  1.6597500E+03 -6.404E+00 -6.394E+00 -4.021E+00
  1.6602500E+03 -7.550E+00 -7.297E+00 -3.628E+00
  1.6607500E+03 -7.128E+00 -7.285E+00 -4.992E+00
  1.6612500E+03 -7.192E+00 -7.038E+00 -4.177E+00
  1.6617500E+03 -6.216E+00 -6.202E+00 -3.523E+00
  1.6622500E+03 -6.430E+00 -6.463E+00 -3.155E+00
  1.6627500E+03 -7.053E+00 -7.018E+00 -4.468E+00
  1.6632500E+03 -7.007E+00 -7.033E+00 -4.803E+00
  1.6637500E+03 -6.293E+00 -6.207E+00 -4.754E+00
  1.6642500E+03 -7.461E+00 -6.682E+00 -2.729E+00
  1.6647500E+03 -7.876E+00 -7.094E+00 -2.944E+00
  1.6652500E+03 -7.446E+00 -6.836E+00 -3.264E+00
  1.6657500E+03 -6.896E+00 -6.501E+00 -3.884E+00
  1.6662500E+03 -6.810E+00 -6.369E+00 -3.174E+00
  1.6667500E+03 -7.509E+00 -6.831E+00 -3.465E+00
  1.6672500E+03 -5.964E+00 -6.009E+00 -3.995E+00
  1.6677500E+03 -6.412E+00 -6.539E+00 -4.178E+00
  1.6682500E+03 -7.449E+00 -7.047E+00 -3.736E+00
  1.6687500E+03 -7.342E+00 -6.938E+00 -4.314E+00
  1.6692500E+03 -6.222E+00 -6.134E+00 -4.746E+00
  1.6697500E+03 -6.788E+00 -6.564E+00 -3.297E+00
  1.6702500E+03 -6.585E+00 -5.977E+00 -3.489E+00
  1.6707500E+03 -7.348E+00 -6.733E+00 -2.063E+00
  1.6712500E+03 -7.467E+00 -7.984E+00 -4.682E+00
  1.6717500E+03 -6.134E+00 -6.319E+00 -3.598E+00
  1.6722500E+03 -7.029E+00 -6.764E+00 -3.029E+00
  1.6727500E+03 -7.468E+00 -7.207E+00 -4.788E+00
  1.6732500E+03 -5.625E+00 -5.472E+00 -4.814E+00
  1.6737500E+03 -7.137E+00 -6.813E+00 -3.266E+00
  1.6742500E+03 -6.723E+00 -6.454E+00 -3.733E+00
  1.6747500E+03 -7.670E+00 -7.111E+00 -3.081E+00
  1.6752500E+03 -6.683E+00 -6.642E+00 -3.936E+00
  1.6757500E+03 -7.333E+00 -7.445E+00 -4.409E+00
  1.6762500E+03 -5.865E+00 -5.997E+00 -3.919E+00
  1.6767500E+03 -6.681E+00 -7.007E+00 -5.059E+00
  1.6772500E+03 -6.026E+00 -6.190E+00 -4.317E+00
  1.6777500E+03 -6.108E+00 -6.373E+00 -4.243E+00
  1.6782500E+03 -6.130E+00 -5.772E+00 -2.954E+00
  1.6787500E+03 -7.174E+00 -6.262E+00 -2.007E+00
  1.6792500E+03 -6.130E+00 -5.763E+00 -2.429E+00
  1.6797500E+03 -5.508E+00 -5.930E+00 -4.489E+00
  1.6802500E+03 -6.971E+00 -6.753E+00 -4.304E+00
  1.6807500E+03 -6.398E+00 -6.598E+00 -4.354E+00
  1.6812500E+03 -6.158E+00 -5.757E+00 -3.095E+00
  1.6817500E+03 -5.547E+00 -5.307E+00 -3.051E+00
  1.6822500E+03 -6.452E+00 -5.943E+00 -2.612E+00
  1.6827500E+03 -6.253E+00 -6.250E+00 -4.037E+00
  1.6832500E+03 -6.405E+00 -6.451E+00 -4.100E+00
  1.6837500E+03 -6.209E+00 -6.224E+00 -3.957E+00
  1.6842500E+03 -6.373E+00 -6.534E+00 -4.464E+00
  1.6847500E+03 -5.399E+00 -5.537E+00 -3.836E+00
  1.6852500E+03 -6.716E+00 -6.429E+00 -3.463E+00
  1.6857500E+03 -6.773E+00 -6.192E+00 -2.364E+00
  1.6862500E+03 -5.938E+00 -5.612E+00 -2.453E+00
  1.6867500E+03 -6.671E+00 -6.399E+00 -3.709E+00
  1.6872500E+03 -6.101E+00 -5.263E+00 -1.657E+00
  1.6877500E+03 -6.985E+00 -6.811E+00 -3.469E+00
  1.6882500E+03 -5.849E+00 -5.331E+00 -2.205E+00
  1.6887500E+03 -5.957E+00 -5.815E+00 -2.825E+00
  1.6892500E+03 -6.107E+00 -5.927E+00 -3.135E+00
  1.6897500E+03 -6.887E+00 -6.496E+00 -3.336E+00
  1.6902500E+03 -5.702E+00 -5.725E+00 -4.525E+00
  1.6907500E+03 -5.613E+00 -5.492E+00 -3.431E+00
  1.6912500E+03 -6.354E+00 -6.340E+00 -3.981E+00
  1.6917500E+03 -6.409E+00 -6.151E+00 -3.255E+00
  1.6922500E+03 -5.425E+00 -5.559E+00 -4.778E+00
  1.6927500E+03 -5.346E+00 -5.549E+00 -3.554E+00
  1.6932500E+03 -5.105E+00 -4.958E+00 -3.079E+00
  1.6937500E+03 -5.695E+00 -5.496E+00 -3.180E+00
  1.6942500E+03 -6.553E+00 -6.194E+00 -3.116E+00
  1.6947500E+03 -6.249E+00 -6.263E+00 -3.503E+00
  1.6952500E+03 -4.433E+00 -4.644E+00 -4.152E+00
  1.6957500E+03 -6.962E+00 -6.790E+00 -3.579E+00
  1.6962500E+03 -5.106E+00 -5.110E+00 -3.160E+00
  1.6967500E+03 -5.020E+00 -5.062E+00 -3.026E+00
  1.6972500E+03 -6.336E+00 -5.948E+00 -3.390E+00
  1.6977500E+03 -5.618E+00 -5.653E+00 -3.767E+00
  1.6982500E+03 -5.739E+00 -5.382E+00 -2.719E+00
  1.6987500E+03 -5.952E+00 -6.063E+00 -3.577E+00
  1.6992500E+03 -6.486E+00 -6.043E+00 -1.986E+00
  1.6997500E+03 -5.058E+00 -5.309E+00 -4.115E+00
  1.7002500E+03 -4.861E+00 -5.050E+00 -3.976E+00
  1.7007500E+03 -6.086E+00 -5.389E+00 -1.871E+00
  1.7012500E+03 -4.959E+00 -4.686E+00 -1.947E+00
  1.7017500E+03 -5.298E+00 -5.469E+00 -3.785E+00
  1.7022500E+03 -6.199E+00 -5.866E+00 -2.852E+00
  1.7027500E+03 -6.518E+00 -5.861E+00 -2.667E+00
  1.7032500E+03 -5.907E+00 -5.741E+00 -3.600E+00
  1.7037500E+03 -5.664E+00 -5.255E+00 -2.835E+00
  1.7042500E+03 -5.527E+00 -5.080E+00 -2.209E+00
  1.7047500E+03 -6.548E+00 -6.057E+00 -2.406E+00
  1.7052500E+03 -6.014E+00 -5.821E+00 -3.394E+00
  1.7057500E+03 -5.056E+00 -4.935E+00 -2.709E+00
  1.7062500E+03 -4.585E+00 -5.097E+00 -3.926E+00
  1.7067500E+03 -5.959E+00 -5.552E+00 -2.314E+00
  1.7072500E+03 -4.460E+00 -4.550E+00 -3.271E+00
  1.7077500E+03 -4.921E+00 -4.978E+00 -2.927E+00
  1.7082500E+03 -5.214E+00 -5.102E+00 -2.968E+00
  1.7087500E+03 -5.123E+00 -5.218E+00 -4.111E+00
  1.7092500E+03 -5.318E+00 -4.828E+00 -1.548E+00
  1.7097500E+03 -5.305E+00 -5.460E+00 -3.513E+00
  1.7102500E+03 -5.498E+00 -5.445E+00 -3.278E+00
  1.7107500E+03 -6.294E+00 -5.745E+00 -2.097E+00
  1.7112500E+03 -5.067E+00 -4.609E+00 -1.732E+00
  1.7117500E+03 -5.327E+00 -5.481E+00 -3.542E+00
  1.7122500E+03 -5.678E+00 -5.444E+00 -3.327E+00
  1.7127500E+03 -4.999E+00 -5.263E+00 -4.057E+00
  1.7132500E+03 -5.695E+00 -5.613E+00 -2.522E+00
  1.7137500E+03 -5.471E+00 -5.145E+00 -2.752E+00
  1.7142500E+03 -4.379E+00 -4.311E+00 -3.611E+00
  1.7147500E+03 -4.891E+00 -4.835E+00 -3.029E+00
  1.7152500E+03 -6.108E+00 -5.518E+00 -2.372E+00
  1.7157500E+03 -6.262E+00 -5.957E+00 -3.182E+00
  1.7162500E+03 -4.264E+00 -4.490E+00 -3.375E+00
  1.7167500E+03 -4.686E+00 -4.426E+00 -2.966E+00
  1.7172500E+03 -4.905E+00 -4.508E+00 -3.316E+00
  1.7177500E+03 -5.668E+00 -5.750E+00 -3.459E+00
  1.7182500E+03 -5.355E+00 -4.917E+00 -3.308E+00
  1.7187500E+03 -5.151E+00 -5.013E+00 -2.824E+00
  1.7192500E+03 -5.801E+00 -5.507E+00 -2.140E+00
  1.7197500E+03 -6.184E+00 -5.872E+00 -2.663E+00
  1.7202500E+03 -4.450E+00 -4.527E+00 -3.097E+00
  1.7207500E+03 -4.868E+00 -4.825E+00 -2.656E+00
  1.7212500E+03 -5.341E+00 -5.179E+00 -3.044E+00
  1.7217500E+03 -4.999E+00 -4.796E+00 -2.605E+00
  1.7222500E+03 -5.249E+00 -5.301E+00 -3.647E+00
  1.7227500E+03 -3.809E+00 -3.805E+00 -3.281E+00
  1.7232500E+03 -4.222E+00 -4.534E+00 -3.549E+00
  1.7237500E+03 -5.475E+00 -5.084E+00 -2.648E+00
  1.7242500E+03 -5.252E+00 -4.830E+00 -1.964E+00
  1.7247500E+03 -4.964E+00 -4.976E+00 -1.794E+00
  1.7252500E+03 -5.196E+00 -4.859E+00 -1.948E+00
  1.7257500E+03 -4.910E+00 -4.989E+00 -3.767E+00
  1.7262500E+03 -6.790E+00 -6.159E+00 -1.957E+00
  1.7267500E+03 -5.311E+00 -5.052E+00 -2.193E+00
  1.7272500E+03 -4.707E+00 -4.137E+00 -1.708E+00
  1.7277500E+03 -5.909E+00 -5.460E+00 -2.340E+00
  1.7282500E+03 -4.563E+00 -4.314E+00 -2.582E+00
  1.7287500E+03 -3.933E+00 -4.506E+00 -4.007E+00
  1.7292500E+03 -4.320E+00 -4.803E+00 -4.160E+00
  1.7297500E+03 -5.528E+00 -5.449E+00 -2.802E+00
  1.7302500E+03 -4.918E+00 -4.551E+00 -2.751E+00
  1.7307500E+03 -5.333E+00 -4.861E+00 -1.794E+00
  1.7312500E+03 -5.436E+00 -5.418E+00 -2.543E+00
  1.7317500E+03 -6.280E+00 -5.511E+00 -1.787E+00
  1.7322500E+03 -4.956E+00 -4.608E+00 -2.277E+00
  1.7327500E+03 -5.317E+00 -4.873E+00 -2.630E+00
  1.7332500E+03 -4.437E+00 -4.557E+00 -2.765E+00
  1.7337500E+03 -4.951E+00 -4.854E+00 -2.530E+00
  1.7342500E+03 -5.017E+00 -5.114E+00 -3.285E+00
  1.7347500E+03 -4.256E+00 -4.568E+00 -3.451E+00
  1.7352500E+03 -4.269E+00 -3.880E+00 -1.977E+00
  1.7357500E+03 -4.510E+00 -4.462E+00 -2.926E+00
  1.7362500E+03 -5.275E+00 -5.031E+00 -3.507E+00
  1.7367500E+03 -4.696E+00 -3.762E+00 -1.642E+00
  1.7372500E+03 -4.168E+00 -4.369E+00 -2.401E+00
  1.7377500E+03 -3.613E+00 -4.269E+00 -3.950E+00
  1.7382500E+03 -4.752E+00 -4.551E+00 -3.553E+00
  1.7387500E+03 -4.586E+00 -4.251E+00 -1.681E+00
  1.7392500E+03 -5.112E+00 -4.850E+00 -3.125E+00
  1.7397500E+03 -4.714E+00 -4.831E+00 -3.811E+00
  1.7402500E+03 -6.078E+00 -5.594E+00 -2.669E+00
  1.7407500E+03 -4.863E+00 -4.730E+00 -3.274E+00
  1.7412500E+03 -5.177E+00 -5.390E+00 -2.704E+00
  1.7417500E+03 -4.109E+00 -2.951E+00 -1.635E+00
  1.7422500E+03 -5.200E+00 -5.517E+00 -2.396E+00
  1.7427500E+03 -3.733E+00 -3.564E+00 -2.507E+00
  1.7432500E+03 -4.196E+00 -4.082E+00 -3.182E+00
  1.7437500E+03 -4.474E+00 -4.911E+00 -3.799E+00
  1.7442500E+03 -4.852E+00 -4.645E+00 -2.496E+00
  1.7447500E+03 -4.228E+00 -4.549E+00 -2.905E+00
  1.7452500E+03 -4.943E+00 -4.623E+00 -2.390E+00
  1.7457500E+03 -3.896E+00 -3.712E+00 -1.473E+00
  1.7462500E+03 -4.359E+00 -4.297E+00 -3.004E+00
  1.7467500E+03 -4.692E+00 -4.376E+00 -2.140E+00
  1.7472500E+03 -5.055E+00 -4.746E+00 -1.394E+00
  1.7477500E+03 -4.444E+00 -4.483E+00 -1.961E+00
  1.7482500E+03 -4.319E+00 -4.717E+00 -2.572E+00
  1.7487500E+03 -4.035E+00 -3.989E+00 -4.366E+00
  1.7492500E+03 -3.251E+00 -3.084E+00 -2.346E+00
  1.7497500E+03 -3.582E+00 -4.062E+00 -3.229E+00
  1.7502500E+03 -5.021E+00 -4.906E+00 -2.766E+00
  1.7507500E+03 -5.122E+00 -4.820E+00 -1.980E+00
  1.7512500E+03 -3.762E+00 -3.631E+00 -1.687E+00
  1.7517500E+03 -4.907E+00 -4.591E+00 -2.088E+00
  1.7522500E+03 -4.198E+00 -4.621E+00 -3.885E+00
  1.7527500E+03 -4.689E+00 -4.190E+00 -1.998E+00
  1.7532500E+03 -5.632E+00 -5.324E+00 -2.348E+00
  1.7537500E+03 -5.153E+00 -4.631E+00 -1.717E+00
  1.7542500E+03 -3.916E+00 -4.528E+00 -3.505E+00
  1.7547500E+03 -4.110E+00 -3.966E+00 -1.588E+00
  1.7552500E+03 -3.644E+00 -3.918E+00 -3.070E+00
  1.7557500E+03 -4.655E+00 -4.385E+00 -2.478E+00
  1.7562500E+03 -5.214E+00 -4.672E+00 -2.639E+00
  1.7567500E+03 -4.616E+00 -4.401E+00 -1.970E+00
  1.7572500E+03 -3.946E+00 -4.150E+00 -3.028E+00
  1.7577500E+03 -4.185E+00 -4.432E+00 -2.683E+00
  1.7582500E+03 -4.516E+00 -4.501E+00 -2.745E+00
  1.7587500E+03 -4.616E+00 -4.295E+00 -1.272E+00
  1.7592500E+03 -3.562E+00 -3.483E+00 -2.229E+00
  1.7597500E+03 -4.127E+00 -4.231E+00 -3.415E+00
  1.7602500E+03 -3.829E+00 -4.172E+00 -3.929E+00
  1.7607500E+03 -3.980E+00 -3.713E+00 -1.392E+00
  1.7612500E+03 -3.839E+00 -3.450E+00 -1.355E+00
  1.7617500E+03 -4.091E+00 -4.084E+00 -2.756E+00
  1.7622500E+03 -4.098E+00 -4.008E+00 -2.174E+00
  1.7627500E+03 -4.449E+00 -4.256E+00 -1.702E+00
  1.7632500E+03 -4.444E+00 -4.225E+00 -2.306E+00
  1.7637500E+03 -4.493E+00 -4.310E+00 -2.323E+00
  1.7642500E+03 -3.803E+00 -3.614E+00 -1.340E+00
  1.7647500E+03 -4.029E+00 -4.039E+00 -2.700E+00
  1.7652500E+03 -4.278E+00 -4.077E+00 -3.101E+00
  1.7657500E+03 -4.501E+00 -4.354E+00 -2.583E+00
  1.7662500E+03 -4.040E+00 -3.644E+00 -1.026E+00
  1.7667500E+03 -4.256E+00 -3.833E+00 -1.091E+00
  1.7672500E+03 -4.153E+00 -4.118E+00 -2.645E+00
  1.7677500E+03 -4.489E+00 -4.448E+00 -2.594E+00
  1.7682500E+03 -4.865E+00 -4.312E+00 -2.312E+00
  1.7687500E+03 -4.480E+00 -4.280E+00 -1.918E+00
  1.7692500E+03 -4.498E+00 -4.211E+00 -1.607E+00
  1.7697500E+03 -3.372E+00 -3.372E+00 -2.553E+00
  1.7702500E+03 -3.203E+00 -3.552E+00 -2.855E+00
  1.7707500E+03 -3.424E+00 -3.647E+00 -2.558E+00
  1.7712500E+03 -2.990E+00 -3.447E+00 -3.157E+00
  1.7717500E+03 -4.690E+00 -4.470E+00 -1.916E+00
  1.7722500E+03 -4.636E+00 -4.401E+00 -2.025E+00
  1.7727500E+03 -4.757E+00 -4.251E+00 -2.462E+00
  1.7732500E+03 -3.984E+00 -3.874E+00 -2.430E+00
  1.7737500E+03 -3.654E+00 -3.786E+00 -2.467E+00
  1.7742500E+03 -4.196E+00 -4.151E+00 -2.113E+00
  1.7747500E+03 -4.537E+00 -4.298E+00 -1.715E+00
  1.7752500E+03 -3.784E+00 -3.570E+00 -1.967E+00
  1.7757500E+03 -3.296E+00 -3.406E+00 -2.301E+00
  1.7762500E+03 -4.335E+00 -3.935E+00 -1.731E+00
  1.7767500E+03 -4.131E+00 -3.926E+00 -2.019E+00
  1.7772500E+03 -3.562E+00 -3.357E+00 -1.865E+00
  1.7777500E+03 -3.801E+00 -3.995E+00 -2.707E+00
  1.7782500E+03 -3.413E+00 -3.711E+00 -1.819E+00
  1.7787500E+03 -4.172E+00 -4.644E+00 -2.380E+00
  1.7792500E+03 -3.923E+00 -4.169E+00 -3.335E+00
  1.7797500E+03 -4.235E+00 -4.003E+00 -1.589E+00
  1.7802500E+03 -3.803E+00 -3.779E+00 -2.206E+00
  1.7807500E+03 -3.247E+00 -2.775E+00 -1.695E+00
  1.7812500E+03 -4.062E+00 -3.876E+00 -1.789E+00
  1.7817500E+03 -4.207E+00 -3.915E+00 -1.605E+00
  1.7822500E+03 -2.924E+00 -2.806E+00 -2.241E+00
  1.7827500E+03 -3.781E+00 -3.699E+00 -2.577E+00
  1.7832500E+03 -3.444E+00 -3.529E+00 -2.438E+00
  1.7837500E+03 -3.907E+00 -3.991E+00 -2.523E+00
  1.7842500E+03 -4.201E+00 -4.050E+00 -2.251E+00
  1.7847500E+03 -3.853E+00 -3.716E+00 -1.906E+00
  1.7852500E+03 -3.398E+00 -3.379E+00 -1.445E+00
  1.7857500E+03 -3.673E+00 -3.768E+00 -2.453E+00
  1.7862500E+03 -3.951E+00 -3.763E+00 -2.083E+00
  1.7867500E+03 -3.825E+00 -3.685E+00 -1.975E+00
  1.7872500E+03 -3.715E+00 -3.474E+00 -1.953E+00
  1.7877500E+03 -2.851E+00 -2.742E+00 -1.553E+00
  1.7882500E+03 -4.140E+00 -3.283E+00 -8.626E-01
  1.7887500E+03 -4.137E+00 -3.852E+00 -1.333E+00
  1.7892500E+03 -4.232E+00 -4.003E+00 -2.601E+00
  1.7897500E+03 -3.842E+00 -3.564E+00 -2.122E+00
  1.7902500E+03 -3.785E+00 -3.728E+00 -3.094E+00
  1.7907500E+03 -4.017E+00 -3.795E+00 -2.244E+00
  1.7912500E+03 -3.769E+00 -3.802E+00 -2.021E+00
  1.7917500E+03 -3.150E+00 -3.033E+00 -1.392E+00
  1.7922500E+03 -3.145E+00 -3.229E+00 -2.280E+00
  1.7927500E+03 -4.218E+00 -3.805E+00 -1.404E+00
  1.7932500E+03 -3.393E+00 -2.879E+00 -1.180E+00
  1.7937500E+03 -4.263E+00 -4.216E+00 -2.046E+00
  1.7942500E+03 -3.594E+00 -3.551E+00 -2.461E+00
  1.7947500E+03 -3.042E+00 -3.307E+00 -2.526E+00
  1.7952500E+03 -3.320E+00 -3.402E+00 -2.887E+00
  1.7957500E+03 -4.651E+00 -4.411E+00 -2.419E+00
  1.7962500E+03 -4.106E+00 -3.922E+00 -2.205E+00
  1.7967500E+03 -4.573E+00 -4.434E+00 -2.250E+00
  1.7972500E+03 -4.155E+00 -4.052E+00 -1.859E+00
  1.7977500E+03 -3.162E+00 -3.367E+00 -2.442E+00
  1.7982500E+03 -4.055E+00 -3.873E+00 -1.718E+00
  1.7987500E+03 -3.022E+00 -3.254E+00 -2.711E+00
  1.7992500E+03 -2.352E+00 -2.401E+00 -2.349E+00
  1.7997500E+03 -2.711E+00 -2.598E+00 -1.695E+00
  1.8002500E+03 -4.179E+00 -3.811E+00 -1.216E+00
  1.8007500E+03 -3.870E+00 -3.763E+00 -1.891E+00
  1.8012500E+03 -3.284E+00 -3.351E+00 -2.425E+00
  1.8017500E+03 -3.413E+00 -3.094E+00 -1.338E+00
  1.8022500E+03 -3.868E+00 -3.458E+00 -7.951E-01
  1.8027500E+03 -3.778E+00 -3.613E+00 -2.469E+00
  1.8032500E+03 -3.474E+00 -3.221E+00 -2.116E+00
  1.8037500E+03 -3.396E+00 -3.498E+00 -1.971E+00
  1.8042500E+03 -2.891E+00 -2.815E+00 -1.769E+00
  1.8047500E+03 -2.768E+00 -2.645E+00 -1.680E+00
  1.8052500E+03 -3.544E+00 -3.538E+00 -2.062E+00
  1.8057500E+03 -4.206E+00 -3.995E+00 -1.711E+00
  1.8062500E+03 -3.791E+00 -3.475E+00 -1.208E+00
  1.8067500E+03 -2.901E+00 -2.742E+00 -2.019E+00
  1.8072500E+03 -2.462E+00 -2.410E+00 -1.312E+00
  1.8077500E+03 -3.643E+00 -3.694E+00 -1.326E+00
  1.8082500E+03 -3.818E+00 -3.885E+00 -2.400E+00
  1.8087500E+03 -4.063E+00 -3.605E+00 -2.214E+00
  1.8092500E+03 -2.956E+00 -2.872E+00 -1.375E+00
  1.8097500E+03 -3.574E+00 -3.381E+00 -1.795E+00
  1.8102500E+03 -3.369E+00 -3.435E+00 -2.540E+00
  1.8107500E+03 -3.597E+00 -3.207E+00 -1.313E+00
  1.8112500E+03 -3.869E+00 -3.411E+00 -1.093E+00
  1.8117500E+03 -2.744E+00 -2.781E+00 -2.059E+00
  1.8122500E+03 -3.979E+00 -3.741E+00 -1.926E+00
  1.8127500E+03 -3.226E+00 -3.188E+00 -2.261E+00
  1.8132500E+03 -2.986E+00 -2.835E+00 -1.541E+00
  1.8137500E+03 -3.626E+00 -3.375E+00 -1.474E+00
  1.8142500E+03 -3.047E+00 -2.869E+00 -1.410E+00
  1.8147500E+03 -2.973E+00 -3.123E+00 -2.827E+00
  1.8152500E+03 -4.225E+00 -4.193E+00 -1.948E+00
  1.8157500E+03 -3.683E+00 -3.713E+00 -2.056E+00
  1.8162500E+03 -3.347E+00 -3.475E+00 -2.404E+00
  1.8167500E+03 -3.253E+00 -3.210E+00 -2.042E+00
  1.8172500E+03 -3.417E+00 -3.178E+00 -1.375E+00
  1.8177500E+03 -3.659E+00 -3.727E+00 -2.732E+00
  1.8182500E+03 -3.039E+00 -3.127E+00 -2.194E+00
  1.8187500E+03 -2.745E+00 -2.787E+00 -1.885E+00
  1.8192500E+03 -2.614E+00 -3.016E+00 -2.490E+00
  1.8197500E+03 -3.332E+00 -3.417E+00 -2.752E+00
  1.8202500E+03 -3.370E+00 -3.314E+00 -2.029E+00
  1.8207500E+03 -3.113E+00 -2.812E+00 -6.991E-01
  1.8212500E+03 -3.406E+00 -3.128E+00 -1.962E+00
  1.8217500E+03 -3.212E+00 -3.152E+00 -2.456E+00
  1.8222500E+03 -2.578E+00 -2.784E+00 -2.498E+00
  1.8227500E+03 -3.489E+00 -3.577E+00 -1.558E+00
  1.8232500E+03 -3.788E+00 -3.456E+00 -1.253E+00
  1.8237500E+03 -2.691E+00 -2.571E+00 -1.241E+00
  1.8242500E+03 -3.020E+00 -2.660E+00 -9.754E-01
  1.8247500E+03 -3.289E+00 -2.981E+00 -1.072E+00
  1.8252500E+03 -3.402E+00 -3.267E+00 -1.715E+00
  1.8257500E+03 -3.431E+00 -3.511E+00 -2.614E+00
  1.8262500E+03 -3.020E+00 -3.139E+00 -2.412E+00
  1.8267500E+03 -2.943E+00 -2.922E+00 -1.754E+00
  1.8272500E+03 -3.024E+00 -3.078E+00 -2.420E+00
  1.8277500E+03 -2.252E+00 -2.222E+00 -1.380E+00
  1.8282500E+03 -3.330E+00 -2.948E+00 -1.330E+00
  1.8287500E+03 -3.139E+00 -3.088E+00 -1.696E+00
  1.8292500E+03 -3.306E+00 -3.371E+00 -2.155E+00
  1.8297500E+03 -2.709E+00 -2.791E+00 -1.812E+00
  1.8302500E+03 -3.034E+00 -2.792E+00 -9.874E-01
  1.8307500E+03 -2.720E+00 -2.653E+00 -1.399E+00
  1.8312500E+03 -3.042E+00 -3.176E+00 -1.818E+00
  1.8317500E+03 -3.511E+00 -3.546E+00 -1.579E+00
  1.8322500E+03 -3.391E+00 -3.205E+00 -1.782E+00
  1.8327500E+03 -3.075E+00 -2.746E+00 -1.922E+00
  1.8332500E+03 -3.465E+00 -3.051E+00 -1.233E+00
  1.8337500E+03 -2.696E+00 -2.389E+00 -1.011E+00
  1.8342500E+03 -3.400E+00 -3.019E+00 -1.634E+00
  1.8347500E+03 -2.768E+00 -2.714E+00 -1.763E+00
  1.8352500E+03 -2.964E+00 -3.052E+00 -1.051E+00
  1.8357500E+03 -3.103E+00 -3.177E+00 -2.081E+00
  1.8362500E+03 -2.540E+00 -2.579E+00 -2.385E+00
  1.8367500E+03 -2.988E+00 -3.109E+00 -1.944E+00
  1.8372500E+03 -3.125E+00 -3.184E+00 -1.940E+00
  1.8377500E+03 -3.297E+00 -2.999E+00 -1.948E+00
  1.8382500E+03 -3.100E+00 -2.981E+00 -2.009E+00
  1.8387500E+03 -3.255E+00 -3.182E+00 -1.687E+00
  1.8392500E+03 -2.716E+00 -2.712E+00 -8.866E-01
  1.8397500E+03 -3.226E+00 -3.222E+00 -2.084E+00
  1.8402500E+03 -3.147E+00 -2.665E+00 -1.060E+00
  1.8407500E+03 -2.418E+00 -2.349E+00 -8.444E-01
  1.8412500E+03 -2.949E+00 -3.103E+00 -1.975E+00
  1.8417500E+03 -2.785E+00 -2.590E+00 -1.023E+00
  1.8422500E+03 -3.454E+00 -3.173E+00 -2.113E+00
  1.8427500E+03 -3.499E+00 -3.011E+00 -3.350E-01
  1.8432500E+03 -3.241E+00 -2.921E+00 -4.976E-01
  1.8437500E+03 -2.019E+00 -2.116E+00 -1.534E+00
  1.8442500E+03 -2.969E+00 -2.808E+00 -1.613E+00
  1.8447500E+03 -3.873E+00 -3.569E+00 -1.930E+00
  1.8452500E+03 -2.990E+00 -2.799E+00 -2.112E+00
  1.8457500E+03 -2.842E+00 -3.021E+00 -2.356E+00
  1.8462500E+03 -2.762E+00 -2.940E+00 -2.229E+00
  1.8467500E+03 -2.510E+00 -2.633E+00 -2.151E+00
  1.8472500E+03 -3.242E+00 -2.794E+00 -4.141E-01
  1.8477500E+03 -3.434E+00 -3.050E+00 -1.040E+00
  1.8482500E+03 -2.348E+00 -2.522E+00 -2.075E+00
  1.8487500E+03 -2.623E+00 -2.502E+00 -1.129E+00
  1.8492500E+03 -2.768E+00 -2.568E+00 -1.035E+00
  1.8497500E+03 -3.041E+00 -3.188E+00 -1.826E+00
  1.8502500E+03 -3.223E+00 -3.318E+00 -2.314E+00
  1.8507500E+03 -3.588E+00 -3.547E+00 -2.235E+00
  1.8512500E+03 -2.478E+00 -2.763E+00 -2.525E+00
  1.8517500E+03 -2.602E+00 -2.664E+00 -1.824E+00
  1.8522500E+03 -2.967E+00 -2.796E+00 -1.561E+00
  1.8527500E+03 -1.786E+00 -1.715E+00 -8.825E-01
  1.8532500E+03 -2.129E+00 -2.167E+00 -1.270E+00
  1.8537500E+03 -3.383E+00 -3.374E+00 -1.962E+00
  1.8542500E+03 -2.698E+00 -2.646E+00 -1.654E+00
  1.8547500E+03 -3.096E+00 -2.850E+00 -1.216E+00
  1.8552500E+03 -2.501E+00 -2.482E+00 -1.177E+00
  1.8557500E+03 -3.642E+00 -3.730E+00 -1.732E+00
  1.8562500E+03 -1.553E+00 -1.883E+00 -1.768E+00
  1.8567500E+03 -2.683E+00 -2.351E+00 -6.120E-01
  1.8572500E+03 -3.108E+00 -2.475E+00 -9.584E-01
  1.8577500E+03 -2.387E+00 -2.252E+00 -1.134E+00
  1.8582500E+03 -2.719E+00 -2.668E+00 -1.501E+00
  1.8587500E+03 -3.227E+00 -3.219E+00 -1.481E+00
  1.8592500E+03 -2.729E+00 -2.600E+00 -1.058E+00
  1.8597500E+03 -3.719E+00 -3.370E+00 -1.683E+00
  1.8602500E+03 -2.669E+00 -2.739E+00 -1.852E+00
  1.8607500E+03 -2.358E+00 -2.318E+00 -1.150E+00
  1.8612500E+03 -2.296E+00 -2.395E+00 -1.883E+00
  1.8617500E+03 -2.737E+00 -2.735E+00 -1.815E+00
  1.8622500E+03 -2.274E+00 -2.463E+00 -1.896E+00
  1.8627500E+03 -2.691E+00 -2.619E+00 -1.328E+00
  1.8632500E+03 -3.427E+00 -3.248E+00 -9.184E-01
  1.8637500E+03 -3.081E+00 -2.965E+00 -1.722E+00
  1.8642500E+03 -2.594E+00 -2.730E+00 -1.902E+00
  1.8647500E+03 -2.664E+00 -2.555E+00 -1.269E+00
  1.8652500E+03 -3.077E+00 -3.022E+00 -1.937E+00
  1.8657500E+03 -2.581E+00 -2.713E+00 -1.904E+00
  1.8662500E+03 -3.405E+00 -2.604E+00 -4.447E-01
  1.8667500E+03 -3.136E+00 -2.483E+00 -6.962E-01
  1.8672500E+03 -2.800E+00 -2.545E+00 -1.268E+00
  1.8677500E+03 -3.171E+00 -3.319E+00 -2.093E+00
  1.8682500E+03 -2.756E+00 -2.563E+00 -1.329E+00
  1.8687500E+03 -2.628E+00 -2.571E+00 -1.826E+00
  1.8692500E+03 -1.853E+00 -2.212E+00 -2.405E+00
  1.8697500E+03 -2.639E+00 -2.768E+00 -1.965E+00
  1.8702500E+03 -3.250E+00 -3.102E+00 -1.513E+00
  1.8707500E+03 -3.063E+00 -2.796E+00 -1.043E+00
  1.8712500E+03 -2.304E+00 -2.077E+00 -1.099E+00
  1.8717500E+03 -2.215E+00 -2.121E+00 -1.319E+00
  1.8722500E+03 -2.165E+00 -2.200E+00 -1.720E+00
  1.8727500E+03 -2.899E+00 -3.059E+00 -2.000E+00
  1.8732500E+03 -2.446E+00 -2.296E+00 -9.464E-01
  1.8737500E+03 -2.456E+00 -2.451E+00 -1.707E+00
  1.8742500E+03 -2.376E+00 -2.222E+00 -1.960E+00
  1.8747500E+03 -2.252E+00 -2.219E+00 -1.286E+00
  1.8752500E+03 -2.409E+00 -2.599E+00 -1.682E+00
  1.8757500E+03 -2.667E+00 -2.452E+00 -1.172E+00
  1.8762500E+03 -2.224E+00 -2.046E+00 -1.313E+00
  1.8767500E+03 -2.326E+00 -2.312E+00 -1.529E+00
  1.8772500E+03 -2.373E+00 -2.571E+00 -1.768E+00
  1.8777500E+03 -2.565E+00 -2.546E+00 -1.515E+00
  1.8782500E+03 -1.948E+00 -2.277E+00 -1.104E+00
  1.8787500E+03 -2.469E+00 -2.679E+00 -2.014E+00
  1.8792500E+03 -2.341E+00 -2.390E+00 -1.662E+00
  1.8797500E+03 -2.238E+00 -2.032E+00 -1.145E+00
  1.8802500E+03 -1.987E+00 -2.180E+00 -1.008E+00
  1.8807500E+03 -2.476E+00 -2.058E+00 -1.309E+00
  1.8812500E+03 -2.625E+00 -2.733E+00 -1.945E+00
  1.8817500E+03 -2.488E+00 -2.439E+00 -1.407E+00
  1.8822500E+03 -3.791E+00 -3.436E+00 -1.276E+00
  1.8827500E+03 -2.848E+00 -2.763E+00 -1.247E+00
  1.8832500E+03 -2.001E+00 -2.079E+00 -2.150E+00
  1.8837500E+03 -2.416E+00 -2.417E+00 -1.411E+00
  1.8842500E+03 -2.412E+00 -2.392E+00 -1.703E+00
  1.8847500E+03 -1.778E+00 -1.887E+00 -1.763E+00
  1.8852500E+03 -2.763E+00 -2.646E+00 -1.252E+00
  1.8857500E+03 -2.035E+00 -1.978E+00 -8.552E-01
  1.8862500E+03 -2.416E+00 -2.129E+00 -8.382E-01
  1.8867500E+03 -1.908E+00 -1.690E+00 -5.702E-01
  1.8872500E+03 -2.237E+00 -2.234E+00 -1.404E+00
  1.8877500E+03 -2.044E+00 -2.106E+00 -1.276E+00
  1.8882500E+03 -3.072E+00 -2.791E+00 -7.705E-01
  1.8887500E+03 -2.206E+00 -2.215E+00 -1.935E+00
  1.8892500E+03 -2.238E+00 -2.275E+00 -9.735E-01
  1.8897500E+03 -2.653E+00 -2.365E+00 -8.197E-01
  1.8902500E+03 -2.955E+00 -2.748E+00 -1.613E+00
  1.8907500E+03 -2.862E+00 -2.571E+00 -1.140E+00
  1.8912500E+03 -2.478E+00 -2.202E+00 -1.699E+00
  1.8917500E+03 -2.276E+00 -2.198E+00 -1.429E+00
  1.8922500E+03 -2.510E+00 -2.566E+00 -1.987E+00
  1.8927500E+03 -2.059E+00 -2.071E+00 -6.751E-01
  1.8932500E+03 -1.957E+00 -2.218E+00 -1.897E+00
  1.8937500E+03 -2.738E+00 -2.626E+00 -1.385E+00
  1.8942500E+03 -2.841E+00 -2.590E+00 -1.039E+00
  1.8947500E+03 -2.830E+00 -2.403E+00 -5.519E-01
  1.8952500E+03 -1.919E+00 -1.947E+00 -1.013E+00
  1.8957500E+03 -2.776E+00 -2.788E+00 -2.093E+00
  1.8962500E+03 -1.718E+00 -1.590E+00 -1.176E+00
  1.8967500E+03 -2.747E+00 -2.545E+00 -1.310E+00
  1.8972500E+03 -2.569E+00 -2.597E+00 -1.291E+00
  1.8977500E+03 -2.888E+00 -2.892E+00 -1.806E+00
  1.8982500E+03 -1.613E+00 -1.829E+00 -1.497E+00
  1.8987500E+03 -1.985E+00 -2.443E+00 -1.016E+00
  1.8992500E+03 -2.309E+00 -2.187E+00 -1.039E+00
  1.8997500E+03 -1.948E+00 -2.138E+00 -1.368E+00
  1.9002500E+03 -2.142E+00 -2.609E+00 -2.774E+00
  1.9007500E+03 -2.505E+00 -2.371E+00 -1.657E+00
  1.9012500E+03 -2.263E+00 -2.125E+00 -1.011E+00
  1.9017500E+03 -2.593E+00 -2.197E+00 -9.860E-01
  1.9022500E+03 -2.322E+00 -2.182E+00 -1.251E+00
  1.9027500E+03 -1.884E+00 -1.976E+00 -1.106E+00
  1.9032500E+03 -2.550E+00 -2.462E+00 -1.537E+00
  1.9037500E+03 -2.567E+00 -2.386E+00 -8.928E-01
  1.9042500E+03 -2.235E+00 -2.150E+00 -6.804E-02
  1.9047500E+03 -2.659E+00 -2.275E+00 -1.036E+00
  1.9052500E+03 -2.183E+00 -2.080E+00 -1.171E+00
  1.9057500E+03 -2.138E+00 -2.225E+00 -1.404E+00
  1.9062500E+03 -2.242E+00 -2.007E+00 -7.985E-01
  1.9067500E+03 -2.619E+00 -2.265E+00 -9.068E-01
  1.9072500E+03 -2.691E+00 -2.610E+00 -1.508E+00
  1.9077500E+03 -1.629E+00 -1.818E+00 -1.555E+00
  1.9082500E+03 -2.423E+00 -2.403E+00 -1.315E+00
  1.9087500E+03 -2.479E+00 -2.408E+00 -1.015E+00
  1.9092500E+03 -2.455E+00 -2.065E+00 -9.561E-01
  1.9097500E+03 -2.233E+00 -2.122E+00 -1.027E+00
  1.9102500E+03 -2.126E+00 -2.170E+00 -1.219E+00
  1.9107500E+03 -1.886E+00 -1.917E+00 -2.019E+00
  1.9112500E+03 -2.093E+00 -1.888E+00 -1.249E+00
  1.9117500E+03 -1.863E+00 -1.973E+00 -1.104E+00
  1.9122500E+03 -2.313E+00 -2.108E+00 -6.332E-01
  1.9127500E+03 -1.808E+00 -1.802E+00 -1.111E+00
  1.9132500E+03 -1.106E+00 -1.405E+00 -1.498E+00
  1.9137500E+03 -1.967E+00 -1.965E+00 -1.787E+00
  1.9142500E+03 -2.081E+00 -1.929E+00 -9.736E-01
  1.9147500E+03 -1.497E+00 -1.447E+00 -8.628E-01
  1.9152500E+03 -1.970E+00 -1.969E+00 -1.103E+00
  1.9157500E+03 -2.708E+00 -2.578E+00 -1.449E+00
  1.9162500E+03 -2.714E+00 -2.560E+00 -1.723E+00
  1.9167500E+03 -2.426E+00 -2.621E+00 -2.286E+00
  1.9172500E+03 -1.728E+00 -1.595E+00 -1.098E+00
  1.9177500E+03 -2.245E+00 -2.248E+00 -1.797E+00
  1.9182500E+03 -1.640E+00 -1.959E+00 -2.218E+00
  1.9187500E+03 -1.738E+00 -1.309E+00 -1.635E-01
  1.9192500E+03 -2.503E+00 -2.137E+00 -2.428E-01
  1.9197500E+03 -2.344E+00 -2.313E+00 -6.795E-01
  1.9202500E+03 -2.018E+00 -1.979E+00 -9.079E-01
  1.9207500E+03 -2.224E+00 -2.187E+00 -1.153E+00
  1.9212500E+03 -1.741E+00 -1.930E+00 -1.911E+00
  1.9217500E+03 -1.388E+00 -1.644E+00 -1.801E+00
  1.9222500E+03 -2.573E+00 -3.046E+00 -1.679E+00
  1.9227500E+03 -1.969E+00 -2.403E+00 -1.868E+00
  1.9232500E+03 -2.454E+00 -2.436E+00 -1.389E+00
  1.9237500E+03 -2.700E+00 -2.373E+00 -2.181E-01
  1.9242500E+03 -2.054E+00 -2.136E+00 -1.001E+00
  1.9247500E+03 -1.071E+00 -1.211E+00 -1.436E+00
  1.9252500E+03 -2.792E+00 -2.289E+00 -7.787E-01
  1.9257500E+03 -2.398E+00 -2.408E+00 -8.408E-01
  1.9262500E+03 -2.236E+00 -2.213E+00 -1.065E+00
  1.9267500E+03 -1.732E+00 -1.905E+00 -1.748E+00
  1.9272500E+03 -2.040E+00 -1.959E+00 -6.242E-01
  1.9277500E+03 -2.801E+00 -2.535E+00 -5.139E-01
  1.9282500E+03 -2.567E+00 -2.329E+00 -1.035E+00
  1.9287500E+03 -2.210E+00 -2.236E+00 -1.613E+00
  1.9292500E+03 -2.104E+00 -1.991E+00 -1.577E+00
  1.9297500E+03 -1.199E+00 -1.302E+00 -7.768E-01
  1.9302500E+03 -1.654E+00 -1.776E+00 -1.573E+00
  1.9307500E+03 -1.826E+00 -2.121E+00 -1.931E+00
  1.9312500E+03 -2.012E+00 -1.954E+00 -1.268E+00
  1.9317500E+03 -2.253E+00 -1.935E+00 -7.410E-01
  1.9322500E+03 -2.645E+00 -2.232E+00 -4.902E-01
  1.9327500E+03 -2.025E+00 -1.945E+00 -1.499E+00
  1.9332500E+03 -1.625E+00 -1.657E+00 -1.037E+00
  1.9337500E+03 -2.052E+00 -1.923E+00 -1.011E+00
  1.9342500E+03 -1.949E+00 -2.031E+00 -1.740E+00
  1.9347500E+03 -1.627E+00 -1.808E+00 -1.065E+00
  1.9352500E+03 -1.955E+00 -1.898E+00 -1.007E+00
  1.9357500E+03 -2.043E+00 -1.896E+00 -8.229E-01
  1.9362500E+03 -1.823E+00 -1.439E+00 -6.182E-01
  1.9367500E+03 -1.950E+00 -1.840E+00 -8.378E-01
  1.9372500E+03 -2.521E+00 -2.481E+00 -9.739E-01
  1.9377500E+03 -1.865E+00 -1.767E+00 -1.339E+00
  1.9382500E+03 -1.600E+00 -1.582E+00 -1.349E+00
  1.9387500E+03 -2.111E+00 -1.975E+00 -9.137E-01
  1.9392500E+03 -2.346E+00 -2.328E+00 -1.923E+00
  1.9397500E+03 -2.356E+00 -2.245E+00 -1.544E+00
  1.9402500E+03 -2.147E+00 -2.033E+00 -8.629E-01
  1.9407500E+03 -1.575E+00 -1.657E+00 -1.359E+00
  1.9412500E+03 -2.019E+00 -1.959E+00 -1.495E+00
  1.9417500E+03 -1.974E+00 -1.844E+00 -1.460E+00
  1.9422500E+03 -1.429E+00 -1.685E+00 -1.971E+00
  1.9427500E+03 -1.736E+00 -1.963E+00 -1.010E+00
  1.9432500E+03 -2.187E+00 -1.744E+00 -5.110E-01
  1.9437500E+03 -1.599E+00 -1.522E+00 -7.651E-01
  1.9442500E+03 -1.866E+00 -1.694E+00 -7.310E-01
  1.9447500E+03 -2.126E+00 -2.308E+00 -1.457E+00
  1.9452500E+03 -2.127E+00 -1.990E+00 -8.807E-01
  1.9457500E+03 -2.014E+00 -1.976E+00 -8.752E-01
  1.9462500E+03 -1.896E+00 -1.811E+00 -1.145E+00
  1.9467500E+03 -1.442E+00 -1.532E+00 -1.710E+00
  1.9472500E+03 -2.423E+00 -2.482E+00 -1.464E+00
  1.9477500E+03 -1.500E+00 -1.769E+00 -1.131E+00
  1.9482500E+03 -2.343E+00 -2.003E+00  1.402E-02
  1.9487500E+03 -2.039E+00 -1.809E+00 -6.472E-01
  1.9492500E+03 -2.215E+00 -1.788E+00 -1.137E+00
  1.9497500E+03 -2.075E+00 -2.086E+00 -7.957E-01
  1.9502500E+03 -1.993E+00 -2.211E+00 -1.644E+00
  1.9507500E+03 -1.917E+00 -2.113E+00 -1.135E+00
  1.9512500E+03 -1.792E+00 -1.690E+00 -9.313E-01
  1.9517500E+03 -1.937E+00 -1.673E+00 -6.769E-01
  1.9522500E+03 -2.046E+00 -2.063E+00 -1.233E+00
  1.9527500E+03 -1.315E+00 -1.116E+00 -1.352E+00
  1.9532500E+03 -1.909E+00 -1.952E+00 -9.347E-01
  1.9537500E+03 -1.837E+00 -1.542E+00 -3.034E-01
  1.9542500E+03 -1.405E+00 -1.243E+00 -8.089E-01
  1.9547500E+03 -2.019E+00 -1.867E+00 -1.102E+00
  1.9552500E+03 -2.099E+00 -1.610E+00 -3.174E-01
  1.9557500E+03 -1.766E+00 -1.824E+00 -6.845E-01
  1.9562500E+03 -1.763E+00 -1.700E+00 -1.425E+00
  1.9567500E+03 -1.553E+00 -1.482E+00 -6.220E-01
  1.9572500E+03 -2.053E+00 -2.136E+00 -8.515E-01
  1.9577500E+03 -1.978E+00 -1.947E+00 -1.494E+00
  1.9582500E+03 -1.479E+00 -1.361E+00 -7.986E-01
  1.9587500E+03 -2.129E+00 -1.974E+00 -1.172E+00
  1.9592500E+03 -1.684E+00 -1.736E+00 -1.253E+00
  1.9597500E+03 -1.391E+00 -1.548E+00 -1.248E+00
  1.9602500E+03 -1.938E+00 -2.032E+00 -1.330E+00
  1.9607500E+03 -1.710E+00 -1.635E+00 -8.105E-01
  1.9612500E+03 -1.573E+00 -1.288E+00 -7.111E-01
  1.9617500E+03 -2.044E+00 -1.161E+00 -8.572E-02
  1.9622500E+03 -2.370E+00 -1.615E+00 -2.436E-01
  1.9627500E+03 -2.076E+00 -2.276E+00 -9.873E-01
  1.9632500E+03 -1.923E+00 -2.223E+00 -1.605E+00
  1.9637500E+03 -1.893E+00 -1.750E+00 -7.768E-01
  1.9642500E+03 -1.763E+00 -1.893E+00 -1.274E+00
  1.9647500E+03 -2.204E+00 -1.955E+00 -8.818E-01
  1.9652500E+03 -1.555E+00 -1.510E+00 -1.403E+00
  1.9657500E+03 -1.585E+00 -1.765E+00 -1.501E+00
  1.9662500E+03 -1.265E+00 -1.158E+00 -6.226E-01
  1.9667500E+03 -1.367E+00 -1.420E+00 -1.090E+00
  1.9672500E+03 -2.149E+00 -2.116E+00 -1.368E+00
  1.9677500E+03 -1.542E+00 -1.472E+00 -8.103E-01
  1.9682500E+03 -2.012E+00 -1.565E+00 -4.436E-01
  1.9687500E+03 -2.016E+00 -1.886E+00 -9.937E-01
  1.9692500E+03 -2.003E+00 -2.218E+00 -1.053E+00
  1.9697500E+03 -1.468E+00 -1.644E+00 -1.419E+00
  1.9702500E+03 -1.292E+00 -1.349E+00 -1.162E+00
  1.9707500E+03 -2.015E+00 -1.939E+00 -7.178E-01
  1.9712500E+03 -2.019E+00 -1.452E+00 -3.246E-01
  1.9717500E+03 -1.737E+00 -1.659E+00 -1.154E+00
  1.9722500E+03 -1.283E+00 -1.454E+00 -1.547E+00
  1.9727500E+03 -1.564E+00 -1.255E+00 -2.868E-01
  1.9732500E+03 -1.358E+00 -1.445E+00 -1.164E+00
  1.9737500E+03 -1.325E+00 -1.450E+00 -1.047E+00
  1.9742500E+03 -2.157E+00 -2.189E+00 -1.253E+00
  1.9747500E+03 -1.839E+00 -1.819E+00 -1.457E+00
  1.9752500E+03 -2.010E+00 -1.997E+00 -1.123E+00
  1.9757500E+03 -1.493E+00 -1.492E+00 -1.111E+00
  1.9762500E+03 -1.236E+00 -1.654E+00 -1.647E+00
  1.9767500E+03 -2.077E+00 -1.992E+00 -1.120E+00
  1.9772500E+03 -2.130E+00 -2.148E+00 -1.020E+00
  1.9777500E+03 -1.962E+00 -1.961E+00 -7.510E-01
  1.9782500E+03 -1.565E+00 -1.716E+00 -1.208E+00
  1.9787500E+03 -1.583E+00 -1.386E+00 -2.307E-01
  1.9792500E+03 -1.772E+00 -1.848E+00 -8.587E-01
  1.9797500E+03 -1.939E+00 -1.871E+00 -1.078E+00
  1.9802500E+03 -1.765E+00 -1.696E+00 -1.100E+00
  1.9807500E+03 -2.028E+00 -2.038E+00 -1.277E+00
  1.9812500E+03 -1.923E+00 -1.893E+00 -1.109E+00
  1.9817500E+03 -2.248E+00 -2.082E+00 -8.642E-01
  1.9822500E+03 -1.574E+00 -1.651E+00 -1.545E+00
  1.9827500E+03 -1.596E+00 -1.607E+00 -7.589E-01
  1.9832500E+03 -1.680E+00 -1.526E+00 -2.522E-01
  1.9837500E+03 -1.501E+00 -1.438E+00 -9.102E-01
  1.9842500E+03 -1.777E+00 -1.651E+00 -1.485E+00
  1.9847500E+03 -1.614E+00 -1.633E+00 -1.012E+00
  1.9852500E+03 -1.202E+00 -1.378E+00 -1.039E+00
  1.9857500E+03 -2.007E+00 -1.965E+00 -6.021E-01
  1.9862500E+03 -1.855E+00 -1.841E+00 -8.821E-01
  1.9867500E+03 -1.761E+00 -1.856E+00 -1.211E+00
  1.9872500E+03 -1.406E+00 -1.389E+00 -1.119E+00
  1.9877500E+03 -1.964E+00 -1.606E+00 -8.289E-02
  1.9882500E+03 -1.426E+00 -1.467E+00 -9.815E-01
  1.9887500E+03 -1.622E+00 -1.468E+00 -7.527E-01
  1.9892500E+03 -1.448E+00 -1.330E+00 -8.829E-01
  1.9897500E+03 -1.188E+00 -8.052E-01 -7.428E-02
  1.9902500E+03 -1.860E+00 -1.690E+00 -7.684E-01
  1.9907500E+03 -2.244E+00 -2.104E+00 -9.276E-01
  1.9912500E+03 -1.687E+00 -1.194E+00 -5.969E-01
  1.9917500E+03 -1.715E+00 -1.851E+00 -9.993E-01
  1.9922500E+03 -1.537E+00 -1.619E+00 -1.304E+00
  1.9927500E+03 -9.702E-01 -1.185E+00 -1.188E+00
  1.9932500E+03 -1.292E+00 -1.166E+00 -3.185E-01
  1.9937500E+03 -2.048E+00 -1.789E+00 -4.797E-01
  1.9942500E+03 -2.361E+00 -2.235E+00 -1.074E+00
  1.9947500E+03 -1.391E+00 -1.507E+00 -8.215E-01
  1.9952500E+03 -8.779E-01 -1.009E+00 -9.403E-01
  1.9957500E+03 -1.935E+00 -1.891E+00 -1.510E+00
  1.9962500E+03 -1.351E+00 -1.394E+00 -1.082E+00
  1.9967500E+03 -1.011E+00 -8.397E-01 -6.764E-01
  1.9972500E+03 -1.653E+00 -1.593E+00 -1.093E+00
  1.9977500E+03 -1.951E+00 -1.882E+00 -1.358E+00
  1.9982500E+03 -1.847E+00 -1.787E+00 -9.898E-01
  1.9987500E+03 -1.397E+00 -1.164E+00 -5.633E-01
  1.9992500E+03 -1.720E+00 -1.425E+00 -5.146E-01
  1.9997500E+03 -1.572E+00 -1.442E+00 -5.942E-01
  2.0002500E+03 -1.420E+00 -1.219E+00 -7.938E-01
  2.0007500E+03 -1.389E+00 -1.242E+00 -8.366E-01
  2.0012500E+03 -1.795E+00 -1.606E+00 -2.641E-01
  2.0017500E+03 -1.295E+00 -1.245E+00 -4.257E-01
  2.0022500E+03 -1.794E+00 -1.796E+00 -8.444E-01
  2.0027500E+03 -1.545E+00 -1.585E+00 -8.273E-01
  2.0032500E+03 -1.493E+00 -1.511E+00 -1.123E+00
  2.0037500E+03 -1.333E+00 -1.242E+00 -8.542E-01
  2.0042500E+03 -1.110E+00 -1.366E+00 -1.129E+00
  2.0047500E+03 -1.648E+00 -1.359E+00 -9.152E-01
  2.0052500E+03 -1.232E+00 -1.337E+00 -1.247E+00
  2.0057500E+03 -1.708E+00 -1.507E+00 -3.149E-01
  2.0062500E+03 -1.330E+00 -1.360E+00 -5.944E-01
  2.0067500E+03 -1.431E+00 -1.324E+00 -9.934E-01
  2.0072500E+03 -1.995E+00 -1.813E+00 -1.794E+00
  2.0077500E+03 -1.761E+00 -1.638E+00 -9.919E-01
  2.0082500E+03 -1.430E+00 -1.496E+00 -1.165E+00
  2.0087500E+03 -5.090E-01 -1.358E+00  1.720E-01
  2.0092500E+03 -1.729E+00 -1.597E+00 -5.037E-01
  2.0097500E+03 -1.700E+00 -1.794E+00 -1.094E+00
  2.0102500E+03 -1.368E+00 -1.525E+00 -1.105E+00
  2.0107500E+03 -1.068E+00 -1.181E+00 -1.037E+00
  2.0112500E+03 -2.053E+00 -1.738E+00  7.193E-02
  2.0117500E+03 -1.117E+00 -8.183E-01 -3.725E-01
  2.0122500E+03 -1.273E+00 -1.223E+00 -9.143E-01
  2.0127500E+03 -1.424E+00 -1.846E+00 -1.787E+00
  2.0132500E+03 -1.830E+00 -1.682E+00 -6.747E-01
  2.0137500E+03 -1.683E+00 -1.584E+00 -7.636E-01
  2.0142500E+03 -1.602E+00 -1.624E+00 -9.049E-01
  2.0147500E+03 -1.372E+00 -1.315E+00 -6.407E-01
  2.0152500E+03 -1.352E+00 -1.329E+00 -1.088E+00
  2.0157500E+03 -1.403E+00 -1.107E+00 -3.292E-01
  2.0162500E+03 -1.656E+00 -1.586E+00 -6.417E-01
  2.0167500E+03 -1.652E+00 -1.482E+00 -3.431E-01
  2.0172500E+03 -1.666E+00 -1.551E+00 -9.864E-01
  2.0177500E+03 -1.911E+00 -1.501E+00 -6.967E-01
  2.0182500E+03 -1.511E+00 -1.419E+00 -7.495E-01
  2.0187500E+03 -1.668E+00 -1.739E+00 -1.381E+00
  2.0192500E+03 -1.352E+00 -1.087E+00 -5.381E-01
  2.0197500E+03 -1.553E+00 -1.775E+00 -1.973E-01
  2.0202500E+03 -1.577E+00 -1.653E+00 -7.131E-01
  2.0207500E+03 -1.335E+00 -1.090E+00 -5.901E-01
  2.0212500E+03 -1.390E+00 -1.296E+00 -9.583E-01
  2.0217500E+03 -1.857E+00 -1.769E+00 -9.624E-01
  2.0222500E+03 -1.667E+00 -1.556E+00 -6.497E-01
  2.0227500E+03 -1.511E+00 -1.383E+00 -7.366E-01
  2.0232500E+03 -1.416E+00 -1.511E+00 -1.088E+00
  2.0237500E+03 -1.151E+00 -1.181E+00 -1.194E+00
  2.0242500E+03 -1.099E+00 -1.028E+00 -9.432E-01
  2.0247500E+03 -1.209E+00 -1.400E+00 -7.361E-01
  2.0252500E+03 -1.195E+00 -1.215E+00 -1.140E+00
  2.0257500E+03 -9.420E-01 -1.062E+00 -9.000E-01
  2.0262500E+03 -1.576E+00 -1.353E+00 -2.264E-01
  2.0267500E+03 -1.336E+00 -1.255E+00 -5.433E-01
  2.0272500E+03 -1.298E+00 -1.546E+00 -1.242E+00
  2.0277500E+03 -1.849E+00 -1.796E+00 -1.033E+00
  2.0282500E+03 -1.814E+00 -1.970E+00 -5.482E-01
  2.0287500E+03 -7.931E-01 -6.109E-01 -5.868E-01
  2.0292500E+03 -1.395E+00 -1.528E+00 -1.110E+00
  2.0297500E+03 -1.760E+00 -1.687E+00 -4.578E-01
  2.0302500E+03 -6.437E-01 -7.814E-01 -1.181E+00
  2.0307500E+03 -5.995E-01 -6.795E-01 -7.913E-01
  2.0312500E+03 -1.606E+00 -1.750E+00 -1.259E+00
  2.0317500E+03 -2.214E+00 -1.931E+00 -3.727E-01
  2.0322500E+03 -1.295E+00 -1.040E+00 -5.297E-01
  2.0327500E+03 -1.157E+00 -1.279E+00 -5.275E-01
  2.0332500E+03 -1.303E+00 -8.646E-01 -1.144E+00
  2.0337500E+03 -1.479E+00 -1.466E+00 -1.080E+00
  2.0342500E+03 -1.453E+00 -1.399E+00 -1.049E+00
  2.0347500E+03 -1.456E+00 -1.210E+00 -1.206E+00
  2.0352500E+03 -1.184E+00 -8.376E-01 -1.269E+00
  2.0357500E+03 -9.711E-01 -1.349E+00 -1.263E+00
  2.0362500E+03 -1.119E+00 -1.479E+00 -1.225E+00
  2.0367500E+03 -1.448E+00 -1.328E+00 -4.565E-01
  2.0372500E+03 -7.339E-01 -9.686E-01 -1.052E+00
  2.0377500E+03 -1.139E+00 -1.249E+00 -8.868E-01
