  1.5619750E+04  1.808E-01  2.222E-01  2.495E-01
  1.5620250E+04  1.830E-01  1.913E-01  1.119E-01
  1.5620750E+04  1.852E-01  2.238E-01  2.402E-01
  1.5621250E+04  2.573E-01  2.358E-01  1.621E-02
  1.5621750E+04  1.281E-01  1.280E-01  5.409E-02
  1.5622250E+04  3.049E-01  2.823E-01  3.508E-02
  1.5622750E+04  1.650E-01  2.252E-01  3.202E-01
  1.5623250E+04  5.685E-02  6.025E-02  3.778E-02
  1.5623750E+04 -4.546E-03  9.752E-02  4.262E-01
  1.5624250E+04  2.036E-01  1.969E-01  5.685E-02
  1.5624750E+04  4.479E-01  4.072E-01  2.194E-02
  1.5625250E+04  3.516E-01  4.106E-01  3.920E-01
  1.5625750E+04  1.226E-01  1.080E-01 -1.263E-02
  1.5626250E+04  3.238E-01  3.451E-01  2.241E-01
  1.5626750E+04  4.293E-01  4.118E-01  1.044E-01
  1.5627250E+04  8.486E-02  1.258E-01  2.052E-01
  1.5627750E+04  1.000E-01  1.086E-01  7.542E-02
  1.5628250E+04  3.366E-01  3.708E-01  2.818E-01
  1.5628750E+04  1.866E-01  2.296E-01  2.558E-01
  1.5629250E+04  8.710E-01  8.105E-01  1.079E-01
  1.5629750E+04  3.805E-01  3.582E-01  6.547E-02
  1.5630250E+04  1.895E-01  1.906E-01  7.989E-02
  1.5630750E+04  3.013E-01  3.436E-01  2.975E-01
  1.5631250E+04  7.001E-01  6.603E-01  1.246E-01
  1.5631750E+04  4.320E-01  5.180E-01  5.379E-01
  1.5632250E+04  8.293E-01  9.026E-01  6.469E-01
  1.5632750E+04  3.061E-01  2.979E-01  9.036E-02
  1.5633250E+04  2.357E-01  1.900E-01 -9.627E-02
  1.5633750E+04  1.137E-01  2.095E-01  4.453E-01
  1.5634250E+04  5.115E-01  5.805E-01  4.982E-01
  1.5634750E+04  5.493E-01  5.684E-01  3.016E-01
  1.5635250E+04  5.603E-01  5.646E-01  2.428E-01
  1.5635750E+04  2.772E-01  3.104E-01  2.521E-01
  1.5636250E+04  4.939E-01  5.752E-01  5.429E-01
  1.5636750E+04  9.636E-01  1.003E+00  5.506E-01
  1.5637250E+04  9.259E-01  8.141E-01 -8.935E-02
  1.5637750E+04  1.975E-01  2.588E-01  3.360E-01
  1.5638250E+04  6.676E-01  6.544E-01  2.143E-01
  1.5638750E+04  5.277E-01  5.399E-01  2.605E-01
  1.5639250E+04  1.058E+00  1.049E+00  3.895E-01
  1.5639750E+04  8.900E-01  9.174E-01  4.779E-01
  1.5640250E+04  2.048E-01  3.031E-01  4.910E-01
  1.5640750E+04  7.191E-01  7.513E-01  4.219E-01
  1.5641250E+04  4.124E-01  5.258E-01  6.368E-01
  1.5641750E+04  6.217E-01  6.524E-01  3.721E-01
  1.5642250E+04  7.842E-01  8.517E-01  5.943E-01
  1.5642750E+04  9.792E-01  9.318E-01  1.920E-01
  1.5643250E+04  8.391E-01  8.863E-01  5.305E-01
  1.5643750E+04  6.179E-01  7.302E-01  7.170E-01
  1.5644250E+04  8.975E-01  9.166E-01  4.372E-01
  1.5644750E+04  4.756E-01  6.296E-01  8.324E-01
  1.5645250E+04  9.222E-01  1.015E+00  7.485E-01
  1.5645750E+04  1.422E+00  1.452E+00  6.790E-01
  1.5646250E+04  8.874E-01  9.513E-01  6.176E-01
  1.5646750E+04  1.304E+00  1.345E+00  6.815E-01
  1.5647250E+04  1.118E+00  1.060E+00  1.957E-01
  1.5647750E+04  1.568E+00  1.522E+00  4.286E-01
  1.5648250E+04  7.694E-01  8.679E-01  7.105E-01
  1.5648750E+04  1.575E+00  1.669E+00  1.009E+00
  1.5649250E+04  1.047E+00  1.211E+00  1.097E+00
  1.5649750E+04  1.391E+00  1.493E+00  9.700E-01
  1.5650250E+04  8.831E-01  9.515E-01  6.289E-01
  1.5650750E+04  1.339E+00  1.368E+00  6.388E-01
  1.5651250E+04  7.029E-01  8.764E-01  9.976E-01
  1.5651750E+04  1.241E+00  1.346E+00  9.177E-01
  1.5652250E+04  1.872E+00  1.963E+00  1.109E+00
  1.5652750E+04  1.790E+00  1.737E+00  4.755E-01
  1.5653250E+04  1.516E+00  1.559E+00  7.671E-01
  1.5653750E+04  1.860E+00  1.929E+00  1.005E+00
  1.5654250E+04  2.188E+00  2.236E+00  1.044E+00
  1.5654750E+04  1.370E+00  1.530E+00  1.196E+00
  1.5655250E+04  1.523E+00  1.699E+00  1.318E+00
  1.5655750E+04  1.859E+00  2.131E+00  1.847E+00
  1.5656250E+04  2.441E+00  2.512E+00  1.238E+00
  1.5656750E+04  1.985E+00  2.141E+00  1.409E+00
  1.5657250E+04  2.451E+00  2.480E+00  1.061E+00
  1.5657750E+04  2.006E+00  2.245E+00  1.758E+00
  1.5658250E+04  2.057E+00  2.152E+00  1.179E+00
  1.5658750E+04  2.627E+00  2.705E+00  1.335E+00
  1.5659250E+04  2.080E+00  2.262E+00  1.543E+00
  1.5659750E+04  2.328E+00  2.504E+00  1.613E+00
  1.5660250E+04  3.020E+00  3.118E+00  1.546E+00
  1.5660750E+04  2.641E+00  2.747E+00  1.443E+00
  1.5661250E+04  2.833E+00  2.934E+00  1.497E+00
  1.5661750E+04  3.061E+00  3.160E+00  1.565E+00
  1.5662250E+04  2.765E+00  3.042E+00  2.205E+00
  1.5662750E+04  3.088E+00  3.298E+00  2.040E+00
  1.5663250E+04  3.823E+00  4.016E+00  2.249E+00
  1.5663750E+04  2.985E+00  3.171E+00  1.890E+00
  1.5664250E+04  2.505E+00  2.573E+00  1.226E+00
  1.5664750E+04  2.959E+00  3.122E+00  1.780E+00
  1.5665250E+04  2.778E+00  3.052E+00  2.171E+00
  1.5665750E+04  3.240E+00  3.717E+00  3.201E+00
  1.5666250E+04  3.539E+00  3.794E+00  2.399E+00
  1.5666750E+04  2.874E+00  2.882E+00  1.093E+00
  1.5667250E+04  3.553E+00  3.679E+00  1.846E+00
  1.5667750E+04  4.091E+00  4.103E+00  1.579E+00
  1.5668250E+04  4.223E+00  4.431E+00  2.438E+00
  1.5668750E+04  4.468E+00  4.852E+00  3.258E+00
  1.5669250E+04  4.859E+00  5.003E+00  2.398E+00
  1.5669750E+04  3.392E+00  3.841E+00  3.116E+00
  1.5670250E+04  5.751E+00  5.601E+00  1.495E+00
  1.5670750E+04  3.966E+00  4.359E+00  3.098E+00
  1.5671250E+04  4.218E+00  4.535E+00  2.874E+00
  1.5671750E+04  4.494E+00  4.842E+00  3.096E+00
  1.5672250E+04  4.558E+00  4.979E+00  3.418E+00
  1.5672750E+04  4.959E+00  5.191E+00  2.775E+00
  1.5673250E+04  4.955E+00  5.161E+00  2.664E+00
  1.5673750E+04  5.229E+00  5.385E+00  2.565E+00
  1.5674250E+04  4.335E+00  4.836E+00  3.676E+00
  1.5674750E+04  5.372E+00  5.807E+00  3.756E+00
  1.5675250E+04  6.728E+00  6.775E+00  2.655E+00
  1.5675750E+04  5.741E+00  6.271E+00  4.291E+00
  1.5676250E+04  6.104E+00  6.216E+00  2.674E+00
  1.5676750E+04  5.989E+00  6.019E+00  2.271E+00
  1.5677250E+04  6.056E+00  5.976E+00  1.848E+00
  1.5677750E+04  5.847E+00  6.133E+00  3.293E+00
  1.5678250E+04  6.133E+00  6.518E+00  3.835E+00
  1.5678750E+04  6.971E+00  7.358E+00  4.137E+00
  1.5679250E+04  4.722E+00  5.259E+00  3.938E+00
  1.5679750E+04  6.203E+00  6.753E+00  4.518E+00
  1.5680250E+04  8.718E+00  8.891E+00  3.844E+00
  1.5680750E+04  6.427E+00  6.874E+00  4.139E+00
  1.5681250E+04  8.102E+00  8.161E+00  3.136E+00
  1.5681750E+04  6.413E+00  7.156E+00  5.387E+00
  1.5682250E+04  6.057E+00  6.864E+00  5.498E+00
  1.5682750E+04  7.899E+00  8.316E+00  4.540E+00
  1.5683250E+04  8.912E+00  9.058E+00  3.777E+00
  1.5683750E+04  7.155E+00  7.882E+00  5.562E+00
  1.5684250E+04  8.115E+00  8.514E+00  4.518E+00
  1.5684750E+04  8.717E+00  9.349E+00  5.708E+00
  1.5685250E+04  7.669E+00  8.211E+00  4.961E+00
  1.5685750E+04  8.268E+00  8.516E+00  3.952E+00
  1.5686250E+04  8.802E+00  9.258E+00  4.991E+00
  1.5686750E+04  9.067E+00  9.608E+00  5.421E+00
  1.5687250E+04  9.697E+00  1.039E+01  6.237E+00
  1.5687750E+04  9.715E+00  9.676E+00  3.238E+00
  1.5688250E+04  9.864E+00  1.041E+01  5.689E+00
  1.5688750E+04  9.774E+00  1.027E+01  5.453E+00
  1.5689250E+04  1.122E+01  1.194E+01  6.898E+00
  1.5689750E+04  1.063E+01  1.085E+01  4.614E+00
  1.5690250E+04  1.095E+01  1.140E+01  5.668E+00
  1.5690750E+04  1.061E+01  1.143E+01  7.075E+00
  1.5691250E+04  1.202E+01  1.231E+01  5.339E+00
  1.5691750E+04  8.646E+00  9.454E+00  6.332E+00
  1.5692250E+04  1.159E+01  1.192E+01  5.345E+00
  1.5692750E+04  9.748E+00  1.043E+01  6.182E+00
  1.5693250E+04  1.169E+01  1.244E+01  7.141E+00
  1.5693750E+04  1.160E+01  1.213E+01  6.177E+00
  1.5694250E+04  1.269E+01  1.342E+01  7.348E+00
  1.5694750E+04  1.239E+01  1.318E+01  7.507E+00
  1.5695250E+04  1.316E+01  1.335E+01  5.236E+00
  1.5695750E+04  1.078E+01  1.151E+01  6.720E+00
  1.5696250E+04  1.131E+01  1.208E+01  7.008E+00
  1.5696750E+04  1.295E+01  1.362E+01  7.174E+00
  1.5697250E+04  1.384E+01  1.493E+01  9.230E+00
  1.5697750E+04  1.370E+01  1.437E+01  7.391E+00
  1.5698250E+04  1.267E+01  1.399E+01  9.788E+00
  1.5698750E+04  1.671E+01  1.730E+01  8.116E+00
  1.5699250E+04  1.433E+01  1.481E+01  6.830E+00
  1.5699750E+04  1.450E+01  1.472E+01  5.776E+00
  1.5700250E+04  1.484E+01  1.583E+01  9.110E+00
  1.5700750E+04  1.657E+01  1.762E+01  9.976E+00
  1.5701250E+04  1.701E+01  1.761E+01  8.202E+00
  1.5701750E+04  1.535E+01  1.559E+01  6.103E+00
  1.5702250E+04  1.512E+01  1.578E+01  7.777E+00
  1.5702750E+04  1.649E+01  1.745E+01  9.456E+00
  1.5703250E+04  1.452E+01  1.488E+01  6.293E+00
  1.5703750E+04  1.486E+01  1.577E+01  8.740E+00
  1.5704250E+04  1.577E+01  1.730E+01  1.158E+01
  1.5704750E+04  1.771E+01  1.840E+01  8.713E+00
  1.5705250E+04  1.651E+01  1.692E+01  7.154E+00
  1.5705750E+04  1.876E+01  2.019E+01  1.210E+01
  1.5706250E+04  1.754E+01  1.875E+01  1.077E+01
  1.5706750E+04  2.019E+01  2.090E+01  9.577E+00
  1.5707250E+04  2.001E+01  2.130E+01  1.194E+01
  1.5707750E+04  1.803E+01  1.905E+01  1.012E+01
  1.5708250E+04  2.063E+01  2.166E+01  1.109E+01
  1.5708750E+04  2.126E+01  2.212E+01  1.045E+01
  1.5709250E+04  1.996E+01  2.056E+01  9.027E+00
  1.5709750E+04  2.086E+01  2.144E+01  9.167E+00
  1.5710250E+04  1.911E+01  2.089E+01  1.361E+01
  1.5710750E+04  2.176E+01  2.247E+01  9.990E+00
  1.5711250E+04  1.952E+01  2.087E+01  1.193E+01
  1.5711750E+04  2.042E+01  2.123E+01  9.965E+00
  1.5712250E+04  2.175E+01  2.258E+01  1.042E+01
  1.5712750E+04  1.989E+01  2.088E+01  1.051E+01
  1.5713250E+04  2.248E+01  2.412E+01  1.400E+01
  1.5713750E+04  2.315E+01  2.338E+01  8.336E+00
  1.5714250E+04  2.305E+01  2.429E+01  1.252E+01
  1.5714750E+04  2.262E+01  2.388E+01  1.245E+01
  1.5715250E+04  2.031E+01  2.199E+01  1.344E+01
  1.5715750E+04  2.216E+01  2.400E+01  1.468E+01
  1.5716250E+04  2.544E+01  2.692E+01  1.421E+01
  1.5716750E+04  2.436E+01  2.549E+01  1.241E+01
  1.5717250E+04  2.420E+01  2.500E+01  1.093E+01
  1.5717750E+04  2.166E+01  2.280E+01  1.151E+01
  1.5718250E+04  2.329E+01  2.453E+01  1.248E+01
  1.5718750E+04  2.238E+01  2.409E+01  1.415E+01
  1.5719250E+04  2.494E+01  2.710E+01  1.677E+01
  1.5719750E+04  2.603E+01  2.720E+01  1.300E+01
  1.5720250E+04  2.538E+01  2.601E+01  1.054E+01
  1.5720750E+04  2.527E+01  2.587E+01  1.030E+01
  1.5721250E+04  2.420E+01  2.634E+01  1.641E+01
  1.5721750E+04  2.699E+01  2.838E+01  1.416E+01
  1.5722250E+04  2.917E+01  3.019E+01  1.330E+01
  1.5722750E+04  2.922E+01  2.974E+01  1.120E+01
  1.5723250E+04  2.567E+01  2.772E+01  1.646E+01
  1.5723750E+04  2.646E+01  2.786E+01  1.398E+01
  1.5724250E+04  2.688E+01  2.788E+01  1.238E+01
  1.5724750E+04  2.725E+01  2.886E+01  1.507E+01
  1.5725250E+04  2.687E+01  2.862E+01  1.549E+01
  1.5725750E+04  2.834E+01  3.045E+01  1.746E+01
  1.5726250E+04  2.815E+01  3.047E+01  1.818E+01
  1.5726750E+04  2.870E+01  3.022E+01  1.505E+01
  1.5727250E+04  3.000E+01  3.081E+01  1.247E+01
  1.5727750E+04  3.048E+01  3.214E+01  1.613E+01
  1.5728250E+04  3.542E+01  3.649E+01  1.516E+01
  1.5728750E+04  2.782E+01  2.967E+01  1.606E+01
  1.5729250E+04  3.073E+01  3.200E+01  1.453E+01
  1.5729750E+04  3.094E+01  3.264E+01  1.637E+01
  1.5730250E+04  3.024E+01  3.204E+01  1.660E+01
  1.5730750E+04  2.861E+01  3.031E+01  1.563E+01
  1.5731250E+04  3.193E+01  3.435E+01  1.961E+01
  1.5731750E+04  3.224E+01  3.399E+01  1.687E+01
  1.5732250E+04  3.371E+01  3.482E+01  1.474E+01
  1.5732750E+04  3.219E+01  3.321E+01  1.372E+01
  1.5733250E+04  3.279E+01  3.382E+01  1.394E+01
  1.5733750E+04  3.178E+01  3.401E+01  1.868E+01
  1.5734250E+04  3.234E+01  3.496E+01  2.040E+01
  1.5734750E+04  3.371E+01  3.497E+01  1.516E+01
  1.5735250E+04  3.188E+01  3.219E+01  1.059E+01
  1.5735750E+04  3.311E+01  3.435E+01  1.483E+01
  1.5736250E+04  3.325E+01  3.498E+01  1.699E+01
  1.5736750E+04  3.239E+01  3.473E+01  1.921E+01
  1.5737250E+04  3.533E+01  3.578E+01  1.203E+01
  1.5737750E+04  3.382E+01  3.630E+01  2.014E+01
  1.5738250E+04  3.430E+01  3.572E+01  1.586E+01
  1.5738750E+04  3.577E+01  3.675E+01  1.442E+01
  1.5739250E+04  3.372E+01  3.518E+01  1.577E+01
  1.5739750E+04  3.193E+01  3.372E+01  1.671E+01
  1.5740250E+04  3.196E+01  3.413E+01  1.815E+01
  1.5740750E+04  3.543E+01  3.706E+01  1.696E+01
  1.5741250E+04  3.424E+01  3.705E+01  2.147E+01
  1.5741750E+04  3.507E+01  3.721E+01  1.891E+01
  1.5742250E+04  3.638E+01  3.842E+01  1.888E+01
  1.5742750E+04  3.845E+01  4.022E+01  1.832E+01
  1.5743250E+04  3.531E+01  3.777E+01  2.027E+01
  1.5743750E+04  3.190E+01  3.434E+01  1.912E+01
  1.5744250E+04  3.227E+01  3.438E+01  1.779E+01
  1.5744750E+04  3.538E+01  3.725E+01  1.771E+01
  1.5745250E+04  3.504E+01  3.741E+01  1.969E+01
  1.5745750E+04  3.522E+01  3.586E+01  1.250E+01
  1.5746250E+04  4.078E+01  4.223E+01  1.748E+01
  1.5746750E+04  3.617E+01  3.780E+01  1.680E+01
  1.5747250E+04  3.262E+01  3.386E+01  1.419E+01
  1.5747750E+04  3.643E+01  3.884E+01  2.001E+01
  1.5748250E+04  3.584E+01  3.859E+01  2.136E+01
  1.5748750E+04  3.926E+01  4.101E+01  1.819E+01
  1.5749250E+04  3.495E+01  3.745E+01  2.006E+01
  1.5749750E+04  3.917E+01  4.179E+01  2.167E+01
  1.5750250E+04  3.610E+01  3.803E+01  1.797E+01
  1.5750750E+04  3.756E+01  3.851E+01  1.418E+01
  1.5751250E+04  3.920E+01  3.989E+01  1.344E+01
  1.5751750E+04  4.177E+01  4.363E+01  1.922E+01
  1.5752250E+04  3.910E+01  4.070E+01  1.724E+01
  1.5752750E+04  3.939E+01  4.137E+01  1.895E+01
  1.5753250E+04  4.060E+01  4.216E+01  1.748E+01
  1.5753750E+04  3.701E+01  3.980E+01  2.158E+01
  1.5754250E+04  4.224E+01  4.370E+01  1.747E+01
  1.5754750E+04  3.687E+01  3.920E+01  1.952E+01
  1.5755250E+04  3.683E+01  3.874E+01  1.770E+01
  1.5755750E+04  3.684E+01  3.886E+01  1.825E+01
  1.5756250E+04  3.987E+01  4.200E+01  1.950E+01
  1.5756750E+04  3.888E+01  4.113E+01  1.968E+01
  1.5757250E+04  3.909E+01  4.074E+01  1.727E+01
  1.5757750E+04  3.774E+01  3.989E+01  1.889E+01
  1.5758250E+04  3.477E+01  3.766E+01  2.111E+01
  1.5758750E+04  3.850E+01  4.145E+01  2.245E+01
  1.5759250E+04  4.069E+01  4.137E+01  1.347E+01
  1.5759750E+04  3.743E+01  3.964E+01  1.897E+01
  1.5760250E+04  3.875E+01  4.013E+01  1.580E+01
  1.5760750E+04  4.108E+01  4.409E+01  2.316E+01
  1.5761250E+04  3.823E+01  4.025E+01  1.825E+01
  1.5761750E+04  4.113E+01  4.437E+01  2.409E+01
  1.5762250E+04  3.975E+01  4.189E+01  1.915E+01
  1.5762750E+04  3.535E+01  3.857E+01  2.241E+01
  1.5763250E+04  3.543E+01  3.766E+01  1.827E+01
  1.5763750E+04  3.987E+01  4.169E+01  1.781E+01
  1.5764250E+04  4.117E+01  4.354E+01  2.044E+01
  1.5764750E+04  3.644E+01  3.955E+01  2.222E+01
  1.5765250E+04  3.655E+01  3.851E+01  1.727E+01
  1.5765750E+04  3.832E+01  3.976E+01  1.560E+01
  1.5766250E+04  3.841E+01  3.967E+01  1.493E+01
  1.5766750E+04  3.824E+01  4.078E+01  2.030E+01
  1.5767250E+04  3.929E+01  4.163E+01  1.962E+01
  1.5767750E+04  4.168E+01  4.304E+01  1.602E+01
  1.5768250E+04  3.705E+01  3.919E+01  1.804E+01
  1.5768750E+04  3.861E+01  4.091E+01  1.914E+01
  1.5769250E+04  3.991E+01  4.177E+01  1.760E+01
  1.5769750E+04  3.547E+01  3.830E+01  2.030E+01
  1.5770250E+04  3.940E+01  4.193E+01  2.026E+01
  1.5770750E+04  3.889E+01  4.054E+01  1.651E+01
  1.5771250E+04  3.862E+01  4.169E+01  2.221E+01
  1.5771750E+04  3.402E+01  3.654E+01  1.812E+01
  1.5772250E+04  4.159E+01  4.426E+01  2.049E+01
  1.5772750E+04  3.784E+01  3.944E+01  1.615E+01
  1.5773250E+04  3.695E+01  3.798E+01  1.315E+01
  1.5773750E+04  3.588E+01  3.869E+01  2.042E+01
  1.5774250E+04  4.296E+01  4.545E+01  2.080E+01
  1.5774750E+04  4.256E+01  4.304E+01  1.231E+01
  1.5775250E+04  3.411E+01  3.624E+01  1.696E+01
  1.5775750E+04  3.834E+01  4.139E+01  2.186E+01
  1.5776250E+04  3.852E+01  4.163E+01  2.192E+01
  1.5776750E+04  3.756E+01  3.778E+01  9.792E+00
  1.5777250E+04  3.415E+01  3.659E+01  1.804E+01
  1.5777750E+04  3.445E+01  3.748E+01  2.072E+01
  1.5778250E+04  3.171E+01  3.397E+01  1.652E+01
  1.5778750E+04  3.705E+01  3.994E+01  2.055E+01
  1.5779250E+04  3.938E+01  4.183E+01  1.932E+01
  1.5779750E+04  4.031E+01  4.184E+01  1.577E+01
  1.5780250E+04  3.705E+01  3.938E+01  1.831E+01
  1.5780750E+04  3.342E+01  3.544E+01  1.604E+01
  1.5781250E+04  3.390E+01  3.698E+01  2.132E+01
  1.5781750E+04  3.563E+01  3.707E+01  1.197E+01
  1.5782250E+04  3.898E+01  4.033E+01  1.443E+01
  1.5782750E+04  3.532E+01  3.799E+01  2.262E+01
  1.5783250E+04  3.796E+01  3.936E+01  1.286E+01
  1.5783750E+04  3.476E+01  3.737E+01  1.770E+01
  1.5784250E+04  3.399E+01  3.585E+01  1.510E+01
  1.5784750E+04  3.384E+01  3.661E+01  1.910E+01
  1.5785250E+04  3.573E+01  3.848E+01  1.926E+01
  1.5785750E+04  3.133E+01  3.302E+01  1.350E+01
  1.5786250E+04  3.317E+01  3.641E+01  2.025E+01
  1.5786750E+04  3.285E+01  3.512E+01  1.716E+01
  1.5787250E+04  3.676E+01  3.834E+01  1.510E+01
  1.5787750E+04  3.125E+01  3.475E+01  2.144E+01
  1.5788250E+04  3.458E+01  3.558E+01  1.157E+01
  1.5788750E+04  3.089E+01  3.332E+01  1.659E+01
  1.5789250E+04  3.842E+01  4.084E+01  1.850E+01
  1.5789750E+04  3.094E+01  3.253E+01  1.311E+01
  1.5790250E+04  3.289E+01  3.517E+01  1.636E+01
  1.5790750E+04  3.097E+01  3.261E+01  1.334E+01
  1.5791250E+04  3.381E+01  3.582E+01  1.556E+01
  1.5791750E+04  3.068E+01  3.186E+01  1.114E+01
  1.5792250E+04  3.384E+01  3.399E+01  7.673E+00
  1.5792750E+04  2.856E+01  3.124E+01  1.703E+01
  1.5793250E+04  3.097E+01  3.394E+01  1.880E+01
  1.5793750E+04  3.224E+01  3.394E+01  1.349E+01
  1.5794250E+04  3.215E+01  3.433E+01  1.549E+01
  1.5794750E+04  2.732E+01  2.895E+01  1.224E+01
  1.5795250E+04  3.578E+01  3.689E+01  1.141E+01
  1.5795750E+04  3.066E+01  3.330E+01  1.700E+01
  1.5796250E+04  2.725E+01  2.870E+01  1.141E+01
  1.5796750E+04  2.944E+01  3.186E+01  1.584E+01
  1.5797250E+04  3.601E+01  3.770E+01  1.457E+01
  1.5797750E+04  2.762E+01  2.830E+01  8.203E+00
  1.5798250E+04  2.512E+01  2.978E+01  1.916E+01
  1.5798750E+04  2.934E+01  2.918E+01  1.159E+01
  1.5799250E+04  2.874E+01  3.028E+01  1.236E+01
  1.5799750E+04  2.752E+01  2.959E+01  1.374E+01
  1.5800250E+04  2.686E+01  2.960E+01  1.626E+01
  1.5800750E+04  3.009E+01  3.105E+01  8.850E+00
  1.5801250E+04  2.741E+01  3.019E+01  1.602E+01
  1.5801750E+04  2.657E+01  2.781E+01  1.002E+01
  1.5802250E+04  2.862E+01  3.130E+01  1.649E+01
  1.5802750E+04  2.555E+01  2.834E+01  1.618E+01
  1.5803250E+04  3.401E+01  3.569E+01  1.371E+01
  1.5803750E+04  2.783E+01  2.861E+01  8.119E+00
  1.5804250E+04  3.025E+01  3.112E+01  9.375E+00
  1.5804750E+04  2.566E+01  2.793E+01  1.394E+01
  1.5805250E+04  2.645E+01  2.757E+01  9.513E+00
  1.5805750E+04  2.199E+01  2.350E+01  9.861E+00
  1.5806250E+04  2.783E+01  2.864E+01  8.114E+00
  1.5806750E+04  2.396E+01  2.657E+01  1.448E+01
  1.5807250E+04  2.538E+01  2.753E+01  1.341E+01
  1.5807750E+04  2.616E+01  2.655E+01  6.128E+00
  1.5808250E+04  2.861E+01  3.039E+01  1.242E+01
  1.5808750E+04  2.388E+01  2.558E+01  1.097E+01
  1.5809250E+04  2.008E+01  2.222E+01  1.201E+01
  1.5809750E+04  2.364E+01  2.489E+01  9.007E+00
  1.5810250E+04  2.715E+01  2.778E+01  7.316E+00
  1.5810750E+04  2.184E+01  2.362E+01  1.095E+01
  1.5811250E+04  2.215E+01  2.362E+01  9.621E+00
  1.5811750E+04  2.376E+01  2.477E+01  8.038E+00
  1.5812250E+04  2.087E+01  2.280E+01  1.120E+01
  1.5812750E+04  2.140E+01  2.196E+01  5.653E+00
  1.5813250E+04  2.117E+01  2.340E+01  1.261E+01
  1.5813750E+04  2.015E+01  2.234E+01  1.218E+01
  1.5814250E+04  1.892E+01  2.145E+01  1.328E+01
  1.5814750E+04  2.013E+01  2.142E+01  8.192E+00
  1.5815250E+04  2.260E+01  2.281E+01  4.157E+00
  1.5815750E+04  1.638E+01  1.888E+01  1.258E+01
  1.5816250E+04  2.072E+01  2.379E+01  1.599E+01
  1.5816750E+04  2.126E+01  2.199E+01  6.138E+00
  1.5817250E+04  1.113E+01  1.396E+01  1.274E+01
  1.5817750E+04  1.737E+01  1.880E+01  8.088E+00
  1.5818250E+04  1.965E+01  2.093E+01  8.017E+00
  1.5818750E+04  1.476E+01  1.719E+01  1.179E+01
  1.5819250E+04  1.666E+01  1.707E+01  3.582E+00
  1.5819750E+04  1.706E+01  1.686E+01  1.143E+00
  1.5820250E+04  1.844E+01  2.029E+01  1.002E+01
  1.5820750E+04  1.643E+01  1.776E+01  7.689E+00
  1.5821250E+04  1.371E+01  1.541E+01  8.376E+00
  1.5821750E+04  1.719E+01  1.856E+01  7.681E+00
  1.5822250E+04  1.429E+01  1.543E+01  6.062E+00
  1.5822750E+04  1.471E+01  1.554E+01  5.099E+00
  1.5823250E+04  1.604E+01  1.758E+01  8.129E+00
  1.5823750E+04  1.891E+01  1.902E+01  2.881E+00
  1.5824250E+04  1.870E+01  1.845E+01  1.117E+00
  1.5824750E+04  1.680E+01  1.609E+01 -1.131E+00
  1.5825250E+04  1.748E+01  1.943E+01  1.017E+01
  1.5825750E+04  1.366E+01  1.537E+01  8.222E+00
  1.5826250E+04  9.496E+00  1.098E+01  6.449E+00
  1.5826750E+04  1.129E+01  1.319E+01  8.650E+00
  1.5827250E+04  1.336E+01  1.400E+01  3.768E+00
  1.5827750E+04  1.039E+01  1.175E+01  6.357E+00
  1.5828250E+04  1.389E+01  1.538E+01  7.425E+00
  1.5828750E+04  1.360E+01  1.411E+01  3.074E+00
  1.5829250E+04  1.160E+01  1.215E+01  2.962E+00
  1.5829750E+04  7.047E+00  7.620E+00  1.977E+00
  1.5830250E+04  1.180E+01  1.242E+01  3.279E+00
  1.5830750E+04  1.365E+01  1.465E+01  5.254E+00
  1.5831250E+04  1.151E+01  1.280E+01  6.108E+00
  1.5831750E+04  9.444E+00  9.318E+00 -5.177E-01
  1.5832250E+04  1.422E+01  1.522E+01  5.468E+00
  1.5832750E+04  1.115E+01  1.133E+01  1.382E+00
  1.5833250E+04  7.508E+00  8.712E+00  4.788E+00
  1.5833750E+04  8.658E+00  9.695E+00  4.268E+00
  1.5834250E+04  1.267E+01  1.289E+01  1.512E+00
  1.5834750E+04  8.811E+00  1.073E+01  7.979E+00
  1.5835250E+04  3.306E+00  4.949E+00  5.651E+00
  1.5835750E+04  9.110E+00  9.955E+00  3.421E+00
  1.5836250E+04  7.801E+00  8.636E+00  3.441E+00
  1.5836750E+04  6.394E+00  6.919E+00  1.796E+00
  1.5837250E+04  4.740E+00  6.228E+00  5.240E+00
  1.5837750E+04  5.753E+00  5.197E+00 -3.224E+00
  1.5838250E+04  9.608E+00  9.901E+00  1.313E+00
  1.5838750E+04  4.392E+00  6.584E+00  8.079E+00
  1.5839250E+04  4.359E+00  6.218E+00  6.795E+00
  1.5839750E+04  4.773E+00  6.129E+00  4.817E+00
  1.5840250E+04  7.421E+00  7.797E+00  1.172E+00
  1.5840750E+04  5.024E+00  6.564E+00  5.583E+00
  1.5841250E+04  9.426E-01  1.635E+00  1.168E+00
  1.5841750E+04  2.520E+00  3.717E+00  3.476E+00
  1.5842250E+04  6.206E+00  6.662E+00  1.364E+00
  1.5842750E+04  3.158E+00  3.391E+00 -3.213E-01
  1.5843250E+04  3.532E+00  2.817E+00 -4.099E+00
  1.5843750E+04  7.539E+00  7.738E+00  3.897E-01
  1.5844250E+04  5.844E+00  7.453E+00  5.944E+00
  1.5844750E+04  2.403E+00  3.822E+00  4.428E+00
  1.5845250E+04  2.546E+00  3.354E+00  1.945E+00
  1.5845750E+04  3.809E+00  4.632E+00  2.254E+00
  1.5846250E+04  1.832E+00  3.158E+00  3.937E+00
  1.5846750E+04  3.071E+00  4.505E+00  4.679E+00
  1.5847250E+04  1.089E+00  2.059E+00  2.436E+00
  1.5847750E+04  1.735E+00  1.426E+00 -2.857E+00
  1.5848250E+04  2.428E+00  2.767E+00 -1.706E-01
  1.5848750E+04  6.104E+00  5.776E+00 -1.931E+00
  1.5849250E+04  5.630E+00  5.696E+00 -7.873E-01
  1.5849750E+04 -3.211E+00 -2.696E+00 -4.479E-01
  1.5850250E+04  5.291E-01  1.718E+00  2.960E+00
  1.5850750E+04 -6.286E-01 -9.980E-01 -3.797E+00
  1.5851250E+04 -8.260E-01 -3.524E-01 -3.183E-01
  1.5851750E+04 -2.383E+00 -5.178E-01  5.539E+00
  1.5852250E+04 -2.071E+00 -8.754E-01  2.607E+00
  1.5852750E+04 -2.027E+00 -1.367E+00  4.023E-01
  1.5853250E+04 -1.471E+00 -1.200E+00 -1.141E+00
  1.5853750E+04 -1.512E+00 -1.126E+00 -8.025E-01
  1.5854250E+04 -1.248E+00 -2.125E+00 -5.798E+00
  1.5854750E+04 -6.687E-01 -1.345E+00 -4.962E+00
  1.5855250E+04  1.347E-01  1.296E+00  3.011E+00
  1.5855750E+04 -2.767E+00 -2.163E+00  5.318E-01
  1.5856250E+04  6.243E-01  5.725E-02 -4.169E+00
  1.5856750E+04 -3.693E-02  2.559E-02 -1.623E+00
  1.5857250E+04 -4.736E+00 -5.069E+00 -4.422E+00
  1.5857750E+04 -1.930E-01 -3.630E-01 -2.811E+00
  1.5858250E+04 -3.856E+00 -2.671E+00  2.085E+00
  1.5858750E+04 -5.138E+00 -3.481E+00  3.897E+00
  1.5859250E+04 -2.140E+00 -4.556E-01  4.688E+00
  1.5859750E+04 -4.597E+00 -4.659E+00 -3.146E+00
  1.5860250E+04 -4.340E+00 -4.833E+00 -4.924E+00
  1.5860750E+04 -9.561E-01 -9.803E-01 -2.065E+00
  1.5861250E+04 -4.422E+00 -4.528E+00 -3.209E+00
  1.5861750E+04 -7.288E+00 -5.229E+00  5.402E+00
  1.5862250E+04 -2.466E+00 -2.583E+00 -2.848E+00
  1.5862750E+04 -1.282E+00 -2.418E+00 -7.019E+00
  1.5863250E+04 -1.815E+00 -2.095E+00 -3.525E+00
  1.5863750E+04 -4.498E+00 -4.846E+00 -4.186E+00
  1.5864250E+04 -6.618E+00 -5.874E+00 -2.005E-01
  1.5864750E+04 -6.287E+00 -6.070E+00 -2.059E+00
  1.5865250E+04 -5.312E+00 -4.890E+00 -1.152E+00
  1.5865750E+04 -7.735E+00 -7.931E+00 -4.241E+00
  1.5866250E+04 -6.489E+00 -6.646E+00 -3.853E+00
  1.5866750E+04 -6.479E+00 -6.758E+00 -4.351E+00
  1.5867250E+04 -5.546E+00 -5.211E+00 -1.437E+00
  1.5867750E+04 -4.953E+00 -5.753E+00 -6.320E+00
  1.5868250E+04 -1.192E+00 -1.476E+00 -3.254E+00
  1.5868750E+04 -3.948E+00 -4.712E+00 -6.084E+00
  1.5869250E+04 -8.069E+00 -7.556E+00 -1.090E+00
  1.5869750E+04 -6.632E+00 -5.878E+00  3.356E-02
  1.5870250E+04 -6.035E+00 -6.572E+00 -5.528E+00
  1.5870750E+04 -1.219E+01 -1.224E+01 -4.425E+00
  1.5871250E+04 -1.218E+01 -1.176E+01 -2.286E+00
  1.5871750E+04 -7.280E+00 -7.860E+00 -5.551E+00
  1.5872250E+04 -6.283E+00 -5.670E+00 -3.986E-01
  1.5872750E+04 -5.968E+00 -6.241E+00 -4.366E+00
  1.5873250E+04 -6.359E+00 -5.978E+00 -1.568E+00
  1.5873750E+04 -9.422E+00 -9.607E+00 -4.283E+00
  1.5874250E+04 -8.548E+00 -8.815E+00 -4.548E+00
  1.5874750E+04 -4.880E+00 -4.965E+00 -3.242E+00
  1.5875250E+04 -7.861E+00 -7.744E+00 -2.750E+00
  1.5875750E+04 -9.055E+00 -9.181E+00 -4.043E+00
  1.5876250E+04 -8.518E+00 -7.886E+00 -8.902E-01
  1.5876750E+04 -7.432E+00 -8.706E+00 -8.769E+00
  1.5877250E+04 -1.235E+01 -1.218E+01 -3.297E+00
  1.5877750E+04 -9.330E+00 -1.007E+01 -6.778E+00
  1.5878250E+04 -5.089E+00 -5.411E+00 -4.071E+00
  1.5878750E+04 -4.909E+00 -5.908E+00 -6.985E+00
  1.5879250E+04 -1.119E+01 -1.097E+01 -2.743E+00
  1.5879750E+04 -1.105E+01 -1.177E+01 -6.875E+00
  1.5880250E+04 -1.116E+01 -1.154E+01 -5.453E+00
  1.5880750E+04 -7.173E+00 -7.572E+00 -4.947E+00
  1.5881250E+04 -6.244E+00 -6.916E+00 -5.888E+00
  1.5881750E+04 -1.214E+01 -1.221E+01 -4.439E+00
  1.5882250E+04 -1.052E+01 -1.040E+01 -3.156E+00
  1.5882750E+04 -5.876E+00 -6.639E+00 -6.176E+00
  1.5883250E+04 -1.169E+01 -1.149E+01 -3.250E+00
  1.5883750E+04 -1.162E+01 -1.133E+01 -2.804E+00
  1.5884250E+04 -7.641E+00 -8.783E+00 -7.908E+00
  1.5884750E+04 -9.214E+00 -9.824E+00 -5.899E+00
  1.5885250E+04 -9.718E+00 -1.037E+01 -6.336E+00
  1.5885750E+04 -1.417E+01 -1.404E+01 -3.811E+00
  1.5886250E+04 -9.313E+00 -9.262E+00 -3.381E+00
  1.5886750E+04 -1.107E+01 -1.168E+01 -6.325E+00
  1.5887250E+04 -9.086E+00 -1.040E+01 -8.960E+00
  1.5887750E+04 -1.438E+01 -1.464E+01 -5.286E+00
  1.5888250E+04 -1.184E+01 -1.178E+01 -3.638E+00
  1.5888750E+04 -1.137E+01 -1.160E+01 -4.776E+00
  1.5889250E+04 -1.087E+01 -1.085E+01 -3.517E+00
  1.5889750E+04 -1.222E+01 -1.319E+01 -8.024E+00
  1.5890250E+04 -9.923E+00 -9.453E+00 -1.496E+00
  1.5890750E+04 -8.959E+00 -8.816E+00 -2.822E+00
  1.5891250E+04 -1.360E+01 -1.447E+01 -7.915E+00
  1.5891750E+04 -1.450E+01 -1.501E+01 -6.473E+00
  1.5892250E+04 -1.193E+01 -1.218E+01 -4.947E+00
  1.5892750E+04 -1.229E+01 -1.273E+01 -5.791E+00
  1.5893250E+04 -1.089E+01 -1.151E+01 -6.313E+00
  1.5893750E+04 -1.310E+01 -1.347E+01 -5.503E+00
  1.5894250E+04 -1.403E+01 -1.412E+01 -4.476E+00
  1.5894750E+04 -1.255E+01 -1.307E+01 -5.893E+00
  1.5895250E+04 -1.293E+01 -1.277E+01 -3.399E+00
  1.5895750E+04 -1.191E+01 -1.278E+01 -7.402E+00
  1.5896250E+04 -1.222E+01 -1.215E+01 -3.561E+00
  1.5896750E+04 -9.837E+00 -1.089E+01 -7.827E+00
  1.5897250E+04 -1.194E+01 -1.231E+01 -5.309E+00
  1.5897750E+04 -1.151E+01 -1.224E+01 -6.938E+00
  1.5898250E+04 -1.024E+01 -1.190E+01 -1.058E+01
  1.5898750E+04 -1.628E+01 -1.660E+01 -5.754E+00
  1.5899250E+04 -1.421E+01 -1.458E+01 -5.608E+00
  1.5899750E+04 -1.680E+01 -1.719E+01 -6.111E+00
  1.5900250E+04 -1.367E+01 -1.336E+01 -2.724E+00
  1.5900750E+04 -1.328E+01 -1.371E+01 -5.676E+00
  1.5901250E+04 -1.161E+01 -1.224E+01 -6.260E+00
  1.5901750E+04 -1.220E+01 -1.318E+01 -7.850E+00
  1.5902250E+04 -1.419E+01 -1.446E+01 -5.400E+00
  1.5902750E+04 -1.219E+01 -1.332E+01 -8.565E+00
  1.5903250E+04 -1.474E+01 -1.500E+01 -5.250E+00
  1.5903750E+04 -1.608E+01 -1.676E+01 -7.193E+00
  1.5904250E+04 -1.335E+01 -1.383E+01 -5.953E+00
  1.5904750E+04 -1.546E+01 -1.573E+01 -5.200E+00
  1.5905250E+04 -1.369E+01 -1.395E+01 -4.905E+00
  1.5905750E+04 -1.177E+01 -1.221E+01 -5.521E+00
  1.5906250E+04 -1.386E+01 -1.315E+01 -1.002E+00
  1.5906750E+04 -1.477E+01 -1.526E+01 -6.157E+00
  1.5907250E+04 -1.443E+01 -1.431E+01 -3.586E+00
  1.5907750E+04 -1.127E+01 -1.254E+01 -8.943E+00
  1.5908250E+04 -1.233E+01 -1.271E+01 -5.364E+00
  1.5908750E+04 -1.462E+01 -1.517E+01 -6.321E+00
  1.5909250E+04 -1.843E+01 -1.872E+01 -6.093E+00
  1.5909750E+04 -1.272E+01 -1.379E+01 -8.377E+00
  1.5910250E+04 -1.300E+01 -1.390E+01 -7.574E+00
  1.5910750E+04 -1.252E+01 -1.327E+01 -6.804E+00
  1.5911250E+04 -1.399E+01 -1.416E+01 -4.888E+00
  1.5911750E+04 -1.342E+01 -1.484E+01 -9.669E+00
  1.5912250E+04 -1.149E+01 -1.205E+01 -5.878E+00
  1.5912750E+04 -1.501E+01 -1.553E+01 -6.216E+00
  1.5913250E+04 -1.379E+01 -1.405E+01 -4.962E+00
  1.5913750E+04 -1.282E+01 -1.368E+01 -7.170E+00
  1.5914250E+04 -1.005E+01 -1.097E+01 -7.282E+00
  1.5914750E+04 -1.460E+01 -1.569E+01 -8.466E+00
  1.5915250E+04 -1.529E+01 -1.596E+01 -6.808E+00
  1.5915750E+04 -1.243E+01 -1.415E+01 -1.101E+01
  1.5916250E+04 -1.666E+01 -1.795E+01 -9.632E+00
  1.5916750E+04 -1.663E+01 -1.679E+01 -4.902E+00
  1.5917250E+04 -1.317E+01 -1.370E+01 -6.076E+00
  1.5917750E+04 -1.549E+01 -1.558E+01 -4.396E+00
  1.5918250E+04 -1.541E+01 -1.613E+01 -7.183E+00
  1.5918750E+04 -1.345E+01 -1.511E+01 -1.066E+01
  1.5919250E+04 -1.462E+01 -1.491E+01 -4.872E+00
  1.5919750E+04 -1.593E+01 -1.672E+01 -7.455E+00
  1.5920250E+04 -1.692E+01 -1.702E+01 -4.504E+00
  1.5920750E+04 -1.126E+01 -1.228E+01 -7.781E+00
  1.5921250E+04 -1.532E+01 -1.662E+01 -9.354E+00
  1.5921750E+04 -1.171E+01 -1.264E+01 -7.077E+00
  1.5922250E+04 -1.420E+01 -1.510E+01 -7.403E+00
  1.5922750E+04 -1.160E+01 -1.214E+01 -5.906E+00
  1.5923250E+04 -1.225E+01 -1.297E+01 -6.573E+00
  1.5923750E+04 -1.816E+01 -1.790E+01 -3.360E+00
  1.5924250E+04 -1.424E+01 -1.497E+01 -6.948E+00
  1.5924750E+04 -1.333E+01 -1.355E+01 -4.611E+00
  1.5925250E+04 -1.509E+01 -1.527E+01 -4.300E+00
  1.5925750E+04 -1.425E+01 -1.425E+01 -3.851E+00
  1.5926250E+04 -1.620E+01 -1.713E+01 -8.141E+00
  1.5926750E+04 -1.563E+01 -1.668E+01 -8.687E+00
  1.5927250E+04 -1.542E+01 -1.643E+01 -8.017E+00
  1.5927750E+04 -1.327E+01 -1.406E+01 -6.840E+00
  1.5928250E+04 -1.453E+01 -1.463E+01 -4.181E+00
  1.5928750E+04 -1.064E+01 -1.169E+01 -7.464E+00
  1.5929250E+04 -1.238E+01 -1.373E+01 -9.021E+00
  1.5929750E+04 -1.670E+01 -1.807E+01 -9.765E+00
  1.5930250E+04 -1.332E+01 -1.392E+01 -5.981E+00
  1.5930750E+04 -1.555E+01 -1.660E+01 -8.070E+00
  1.5931250E+04 -1.588E+01 -1.645E+01 -6.612E+00
  1.5931750E+04 -1.439E+01 -1.545E+01 -8.324E+00
  1.5932250E+04 -1.526E+01 -1.575E+01 -5.924E+00
  1.5932750E+04 -1.516E+01 -1.572E+01 -6.303E+00
  1.5933250E+04 -1.344E+01 -1.371E+01 -4.669E+00
  1.5933750E+04 -1.542E+01 -1.644E+01 -7.647E+00
  1.5934250E+04 -1.378E+01 -1.535E+01 -9.951E+00
  1.5934750E+04 -1.341E+01 -1.376E+01 -5.164E+00
  1.5935250E+04 -1.591E+01 -1.757E+01 -1.098E+01
  1.5935750E+04 -1.235E+01 -1.355E+01 -8.292E+00
  1.5936250E+04 -1.477E+01 -1.513E+01 -5.153E+00
  1.5936750E+04 -1.327E+01 -1.342E+01 -3.960E+00
  1.5937250E+04 -1.195E+01 -1.238E+01 -5.193E+00
  1.5937750E+04 -1.462E+01 -1.577E+01 -8.379E+00
  1.5938250E+04 -1.506E+01 -1.597E+01 -7.526E+00
  1.5938750E+04 -1.712E+01 -1.755E+01 -5.854E+00
  1.5939250E+04 -1.603E+01 -1.738E+01 -9.475E+00
  1.5939750E+04 -1.219E+01 -1.333E+01 -7.898E+00
  1.5940250E+04 -1.363E+01 -1.421E+01 -5.990E+00
  1.5940750E+04 -1.517E+01 -1.571E+01 -5.924E+00
  1.5941250E+04 -1.357E+01 -1.466E+01 -7.825E+00
  1.5941750E+04 -1.366E+01 -1.435E+01 -6.345E+00
  1.5942250E+04 -1.672E+01 -1.733E+01 -6.425E+00
  1.5942750E+04 -1.475E+01 -1.548E+01 -6.888E+00
  1.5943250E+04 -1.343E+01 -1.443E+01 -7.598E+00
  1.5943750E+04 -1.316E+01 -1.500E+01 -1.083E+01
  1.5944250E+04 -1.553E+01 -1.603E+01 -5.962E+00
  1.5944750E+04 -1.407E+01 -1.410E+01 -3.757E+00
  1.5945250E+04 -1.234E+01 -1.249E+01 -3.968E+00
  1.5945750E+04 -1.507E+01 -1.588E+01 -7.071E+00
  1.5946250E+04 -1.403E+01 -1.460E+01 -5.824E+00
  1.5946750E+04 -1.273E+01 -1.412E+01 -9.014E+00
  1.5947250E+04 -1.570E+01 -1.622E+01 -5.799E+00
  1.5947750E+04 -1.521E+01 -1.485E+01 -2.189E+00
  1.5948250E+04 -1.497E+01 -1.665E+01 -1.045E+01
  1.5948750E+04 -1.502E+01 -1.698E+01 -1.178E+01
  1.5949250E+04 -1.339E+01 -1.435E+01 -7.201E+00
  1.5949750E+04 -1.314E+01 -1.347E+01 -4.399E+00
  1.5950250E+04 -1.458E+01 -1.485E+01 -4.602E+00
  1.5950750E+04 -1.543E+01 -1.576E+01 -4.844E+00
  1.5951250E+04 -1.457E+01 -1.540E+01 -6.772E+00
  1.5951750E+04 -1.442E+01 -1.485E+01 -5.518E+00
  1.5952250E+04 -1.314E+01 -1.408E+01 -7.257E+00
  1.5952750E+04 -1.552E+01 -1.594E+01 -5.181E+00
  1.5953250E+04 -1.590E+01 -1.720E+01 -9.221E+00
  1.5953750E+04 -1.350E+01 -1.453E+01 -7.717E+00
  1.5954250E+04 -1.276E+01 -1.403E+01 -8.506E+00
  1.5954750E+04 -1.388E+01 -1.482E+01 -7.133E+00
  1.5955250E+04 -1.392E+01 -1.439E+01 -5.182E+00
  1.5955750E+04 -1.464E+01 -1.497E+01 -4.778E+00
  1.5956250E+04 -1.535E+01 -1.618E+01 -6.812E+00
  1.5956750E+04 -1.296E+01 -1.322E+01 -4.255E+00
  1.5957250E+04 -1.287E+01 -1.356E+01 -5.961E+00
  1.5957750E+04 -1.396E+01 -1.441E+01 -5.255E+00
  1.5958250E+04 -1.571E+01 -1.637E+01 -6.468E+00
  1.5958750E+04 -1.427E+01 -1.525E+01 -7.403E+00
  1.5959250E+04 -1.485E+01 -1.538E+01 -5.504E+00
  1.5959750E+04 -1.339E+01 -1.413E+01 -6.296E+00
  1.5960250E+04 -1.205E+01 -1.306E+01 -7.163E+00
  1.5960750E+04 -1.434E+01 -1.579E+01 -9.339E+00
  1.5961250E+04 -1.438E+01 -1.487E+01 -5.413E+00
  1.5961750E+04 -1.293E+01 -1.370E+01 -6.377E+00
  1.5962250E+04 -1.358E+01 -1.390E+01 -4.516E+00
  1.5962750E+04 -1.214E+01 -1.352E+01 -8.970E+00
  1.5963250E+04 -1.420E+01 -1.528E+01 -7.893E+00
  1.5963750E+04 -1.472E+01 -1.514E+01 -5.119E+00
  1.5964250E+04 -1.372E+01 -1.426E+01 -5.345E+00
  1.5964750E+04 -1.353E+01 -1.464E+01 -7.882E+00
  1.5965250E+04 -1.357E+01 -1.482E+01 -8.371E+00
  1.5965750E+04 -1.514E+01 -1.571E+01 -5.801E+00
  1.5966250E+04 -1.340E+01 -1.424E+01 -6.729E+00
  1.5966750E+04 -1.528E+01 -1.647E+01 -8.291E+00
  1.5967250E+04 -1.319E+01 -1.415E+01 -7.142E+00
  1.5967750E+04 -1.219E+01 -1.292E+01 -5.831E+00
  1.5968250E+04 -1.522E+01 -1.592E+01 -6.154E+00
  1.5968750E+04 -1.177E+01 -1.249E+01 -5.905E+00
  1.5969250E+04 -1.407E+01 -1.480E+01 -6.240E+00
  1.5969750E+04 -1.282E+01 -1.354E+01 -5.972E+00
  1.5970250E+04 -1.214E+01 -1.306E+01 -6.844E+00
  1.5970750E+04 -1.294E+01 -1.403E+01 -7.675E+00
  1.5971250E+04 -1.233E+01 -1.328E+01 -6.786E+00
  1.5971750E+04 -1.220E+01 -1.293E+01 -5.908E+00
  1.5972250E+04 -1.302E+01 -1.412E+01 -7.618E+00
  1.5972750E+04 -1.438E+01 -1.530E+01 -7.045E+00
  1.5973250E+04 -1.243E+01 -1.304E+01 -5.470E+00
  1.5973750E+04 -1.360E+01 -1.382E+01 -3.890E+00
  1.5974250E+04 -1.451E+01 -1.522E+01 -6.027E+00
  1.5974750E+04 -1.242E+01 -1.334E+01 -6.842E+00
  1.5975250E+04 -1.271E+01 -1.308E+01 -4.627E+00
  1.5975750E+04 -1.135E+01 -1.202E+01 -5.580E+00
  1.5976250E+04 -1.303E+01 -1.354E+01 -5.093E+00
  1.5976750E+04 -1.253E+01 -1.331E+01 -6.152E+00
  1.5977250E+04 -1.409E+01 -1.509E+01 -7.328E+00
  1.5977750E+04 -1.387E+01 -1.436E+01 -5.093E+00
  1.5978250E+04 -1.257E+01 -1.330E+01 -5.882E+00
  1.5978750E+04 -1.349E+01 -1.421E+01 -6.096E+00
  1.5979250E+04 -1.243E+01 -1.318E+01 -6.037E+00
  1.5979750E+04 -1.451E+01 -1.523E+01 -5.993E+00
  1.5980250E+04 -1.164E+01 -1.213E+01 -4.816E+00
  1.5980750E+04 -1.441E+01 -1.473E+01 -4.693E+00
  1.5981250E+04 -1.369E+01 -1.419E+01 -5.235E+00
  1.5981750E+04 -1.151E+01 -1.244E+01 -6.496E+00
  1.5982250E+04 -1.350E+01 -1.391E+01 -4.669E+00
  1.5982750E+04 -1.356E+01 -1.401E+01 -4.882E+00
  1.5983250E+04 -1.140E+01 -1.235E+01 -6.430E+00
  1.5983750E+04 -1.218E+01 -1.317E+01 -6.933E+00
  1.5984250E+04 -1.259E+01 -1.399E+01 -8.743E+00
  1.5984750E+04 -1.161E+01 -1.287E+01 -8.033E+00
  1.5985250E+04 -1.217E+01 -1.291E+01 -5.651E+00
  1.5985750E+04 -1.403E+01 -1.448E+01 -4.778E+00
  1.5986250E+04 -1.459E+01 -1.477E+01 -3.811E+00
  1.5986750E+04 -1.249E+01 -1.314E+01 -5.489E+00
  1.5987250E+04 -1.155E+01 -1.244E+01 -6.557E+00
  1.5987750E+04 -1.148E+01 -1.254E+01 -6.963E+00
  1.5988250E+04 -1.265E+01 -1.319E+01 -4.950E+00
  1.5988750E+04 -1.230E+01 -1.324E+01 -6.754E+00
  1.5989250E+04 -1.333E+01 -1.374E+01 -4.610E+00
  1.5989750E+04 -1.248E+01 -1.299E+01 -5.059E+00
  1.5990250E+04 -1.133E+01 -1.212E+01 -5.898E+00
  1.5990750E+04 -1.097E+01 -1.213E+01 -7.342E+00
  1.5991250E+04 -1.098E+01 -1.195E+01 -6.556E+00
  1.5991750E+04 -1.214E+01 -1.252E+01 -4.284E+00
  1.5992250E+04 -1.270E+01 -1.315E+01 -4.573E+00
  1.5992750E+04 -1.355E+01 -1.373E+01 -3.677E+00
  1.5993250E+04 -1.196E+01 -1.280E+01 -6.182E+00
  1.5993750E+04 -1.275E+01 -1.363E+01 -6.425E+00
  1.5994250E+04 -1.234E+01 -1.285E+01 -4.771E+00
  1.5994750E+04 -1.206E+01 -1.306E+01 -6.907E+00
  1.5995250E+04 -1.089E+01 -1.204E+01 -7.381E+00
  1.5995750E+04 -1.197E+01 -1.264E+01 -5.284E+00
  1.5996250E+04 -1.209E+01 -1.245E+01 -3.987E+00
  1.5996750E+04 -1.080E+01 -1.184E+01 -6.916E+00
  1.5997250E+04 -1.052E+01 -1.134E+01 -6.024E+00
  1.5997750E+04 -1.041E+01 -1.096E+01 -4.757E+00
  1.5998250E+04 -1.136E+01 -1.222E+01 -6.167E+00
  1.5998750E+04 -1.156E+01 -1.280E+01 -7.701E+00
  1.5999250E+04 -1.255E+01 -1.340E+01 -6.296E+00
  1.5999750E+04 -1.403E+01 -1.457E+01 -5.095E+00
  1.6000250E+04 -1.170E+01 -1.231E+01 -5.273E+00
  1.6000750E+04 -1.148E+01 -1.185E+01 -4.085E+00
  1.6001250E+04 -1.187E+01 -1.251E+01 -5.299E+00
  1.6001750E+04 -1.116E+01 -1.169E+01 -4.713E+00
  1.6002250E+04 -1.157E+01 -1.266E+01 -7.121E+00
  1.6002750E+04 -1.108E+01 -1.203E+01 -6.388E+00
  1.6003250E+04 -1.129E+01 -1.205E+01 -5.764E+00
  1.6003750E+04 -1.021E+01 -1.070E+01 -4.577E+00
  1.6004250E+04 -1.130E+01 -1.185E+01 -4.693E+00
  1.6004750E+04 -1.120E+01 -1.192E+01 -5.238E+00
  1.6005250E+04 -1.104E+01 -1.184E+01 -5.768E+00
  1.6005750E+04 -1.187E+01 -1.218E+01 -3.866E+00
  1.6006250E+04 -1.174E+01 -1.235E+01 -5.195E+00
  1.6006750E+04 -1.154E+01 -1.254E+01 -6.705E+00
  1.6007250E+04 -1.143E+01 -1.234E+01 -6.115E+00
  1.6007750E+04 -1.033E+01 -1.143E+01 -6.986E+00
  1.6008250E+04 -1.077E+01 -1.166E+01 -6.015E+00
  1.6008750E+04 -1.063E+01 -1.118E+01 -4.531E+00
  1.6009250E+04 -1.070E+01 -1.116E+01 -4.273E+00
  1.6009750E+04 -1.109E+01 -1.184E+01 -5.840E+00
  1.6010250E+04 -1.200E+01 -1.271E+01 -5.471E+00
  1.6010750E+04 -9.752E+00 -1.007E+01 -3.420E+00
  1.6011250E+04 -1.153E+01 -1.223E+01 -5.480E+00
  1.6011750E+04 -1.170E+01 -1.213E+01 -4.224E+00
  1.6012250E+04 -9.915E+00 -1.082E+01 -6.002E+00
  1.6012750E+04 -1.142E+01 -1.178E+01 -4.158E+00
  1.6013250E+04 -1.071E+01 -1.132E+01 -5.039E+00
  1.6013750E+04 -1.157E+01 -1.244E+01 -6.115E+00
  1.6014250E+04 -1.296E+01 -1.338E+01 -4.400E+00
  1.6014750E+04 -1.063E+01 -1.145E+01 -5.784E+00
  1.6015250E+04 -9.791E+00 -1.053E+01 -5.231E+00
  1.6015750E+04 -1.152E+01 -1.229E+01 -5.696E+00
  1.6016250E+04 -9.787E+00 -1.072E+01 -6.042E+00
  1.6016750E+04 -8.325E+00 -9.091E+00 -5.160E+00
  1.6017250E+04 -1.149E+01 -1.203E+01 -4.928E+00
  1.6017750E+04 -1.047E+01 -1.064E+01 -2.971E+00
  1.6018250E+04 -1.149E+01 -1.168E+01 -3.092E+00
  1.6018750E+04 -1.062E+01 -1.144E+01 -5.870E+00
  1.6019250E+04 -1.063E+01 -1.130E+01 -5.113E+00
  1.6019750E+04 -9.978E+00 -1.066E+01 -5.026E+00
  1.6020250E+04 -1.080E+01 -1.151E+01 -5.199E+00
  1.6020750E+04 -9.463E+00 -1.074E+01 -7.454E+00
  1.6021250E+04 -1.015E+01 -1.099E+01 -5.665E+00
  1.6021750E+04 -1.193E+01 -1.251E+01 -5.098E+00
  1.6022250E+04 -9.546E+00 -1.004E+01 -4.235E+00
  1.6022750E+04 -9.099E+00 -9.887E+00 -5.564E+00
  1.6023250E+04 -1.011E+01 -1.040E+01 -3.499E+00
  1.6023750E+04 -9.581E+00 -1.039E+01 -5.269E+00
  1.6024250E+04 -9.927E+00 -1.088E+01 -6.045E+00
  1.6024750E+04 -1.051E+01 -1.116E+01 -4.979E+00
  1.6025250E+04 -1.071E+01 -1.115E+01 -4.248E+00
  1.6025750E+04 -1.087E+01 -1.137E+01 -4.296E+00
  1.6026250E+04 -1.074E+01 -1.152E+01 -5.507E+00
  1.6026750E+04 -1.132E+01 -1.201E+01 -5.094E+00
  1.6027250E+04 -8.353E+00 -9.126E+00 -5.160E+00
  1.6027750E+04 -1.048E+01 -1.116E+01 -5.134E+00
  1.6028250E+04 -8.785E+00 -9.551E+00 -5.215E+00
  1.6028750E+04 -9.868E+00 -1.023E+01 -3.521E+00
  1.6029250E+04 -1.077E+01 -1.123E+01 -4.314E+00
  1.6029750E+04 -1.070E+01 -1.169E+01 -6.500E+00
  1.6030250E+04 -9.631E+00 -1.040E+01 -5.295E+00
  1.6030750E+04 -1.039E+01 -1.082E+01 -4.166E+00
  1.6031250E+04 -1.033E+01 -1.106E+01 -5.315E+00
  1.6031750E+04 -1.040E+01 -1.097E+01 -4.586E+00
  1.6032250E+04 -8.362E+00 -8.717E+00 -3.149E+00
  1.6032750E+04 -8.903E+00 -9.160E+00 -2.929E+00
  1.6033250E+04 -1.026E+01 -1.065E+01 -3.768E+00
  1.6033750E+04 -1.189E+01 -1.233E+01 -4.065E+00
  1.6034250E+04 -9.522E+00 -1.030E+01 -5.547E+00
  1.6034750E+04 -9.448E+00 -9.798E+00 -3.693E+00
  1.6035250E+04 -1.035E+01 -1.104E+01 -4.916E+00
  1.6035750E+04 -9.583E+00 -9.749E+00 -2.779E+00
  1.6036250E+04 -9.010E+00 -9.798E+00 -5.385E+00
  1.6036750E+04 -1.025E+01 -1.065E+01 -3.907E+00
  1.6037250E+04 -1.066E+01 -1.158E+01 -5.955E+00
  1.6037750E+04 -1.054E+01 -1.065E+01 -2.677E+00
  1.6038250E+04 -8.419E+00 -9.299E+00 -5.593E+00
  1.6038750E+04 -9.277E+00 -1.001E+01 -4.907E+00
  1.6039250E+04 -8.982E+00 -9.576E+00 -4.688E+00
  1.6039750E+04 -9.801E+00 -1.051E+01 -5.045E+00
  1.6040250E+04 -9.445E+00 -1.029E+01 -5.502E+00
  1.6040750E+04 -1.014E+01 -1.026E+01 -2.503E+00
  1.6041250E+04 -8.354E+00 -8.887E+00 -4.117E+00
  1.6041750E+04 -9.772E+00 -1.016E+01 -3.472E+00
  1.6042250E+04 -9.640E+00 -1.027E+01 -4.809E+00
  1.6042750E+04 -8.644E+00 -9.262E+00 -4.463E+00
  1.6043250E+04 -1.009E+01 -1.073E+01 -4.806E+00
  1.6043750E+04 -9.002E+00 -9.451E+00 -3.938E+00
  1.6044250E+04 -9.187E+00 -9.617E+00 -3.894E+00
  1.6044750E+04 -9.634E+00 -1.000E+01 -3.677E+00
  1.6045250E+04 -8.775E+00 -9.849E+00 -6.393E+00
  1.6045750E+04 -9.161E+00 -9.680E+00 -3.957E+00
  1.6046250E+04 -9.449E+00 -9.954E+00 -4.039E+00
  1.6046750E+04 -8.485E+00 -9.122E+00 -4.551E+00
  1.6047250E+04 -8.750E+00 -9.012E+00 -3.087E+00
  1.6047750E+04 -8.728E+00 -9.927E+00 -6.926E+00
  1.6048250E+04 -8.480E+00 -9.310E+00 -5.426E+00
  1.6048750E+04 -8.528E+00 -9.100E+00 -4.021E+00
  1.6049250E+04 -9.180E+00 -9.637E+00 -3.698E+00
  1.6049750E+04 -8.401E+00 -9.158E+00 -5.125E+00
  1.6050250E+04 -9.679E+00 -1.006E+01 -3.624E+00
  1.6050750E+04 -9.013E+00 -9.314E+00 -3.171E+00
  1.6051250E+04 -8.286E+00 -9.067E+00 -5.021E+00
  1.6051750E+04 -8.249E+00 -8.930E+00 -4.789E+00
  1.6052250E+04 -8.337E+00 -8.826E+00 -3.733E+00
  1.6052750E+04 -9.348E+00 -9.657E+00 -3.110E+00
  1.6053250E+04 -9.125E+00 -9.799E+00 -4.912E+00
  1.6053750E+04 -9.204E+00 -9.498E+00 -3.055E+00
  1.6054250E+04 -8.240E+00 -9.104E+00 -5.196E+00
  1.6054750E+04 -8.521E+00 -9.602E+00 -6.425E+00
  1.6055250E+04 -9.008E+00 -9.482E+00 -3.910E+00
  1.6055750E+04 -8.537E+00 -9.122E+00 -4.291E+00
  1.6056250E+04 -8.656E+00 -9.280E+00 -4.436E+00
  1.6056750E+04 -8.979E+00 -9.490E+00 -3.849E+00
  1.6057250E+04 -7.546E+00 -8.208E+00 -4.452E+00
  1.6057750E+04 -8.930E+00 -9.684E+00 -4.921E+00
  1.6058250E+04 -8.344E+00 -8.942E+00 -4.434E+00
  1.6058750E+04 -7.485E+00 -8.114E+00 -4.348E+00
  1.6059250E+04 -8.094E+00 -8.628E+00 -4.024E+00
  1.6059750E+04 -7.835E+00 -8.273E+00 -3.499E+00
  1.6060250E+04 -8.716E+00 -9.389E+00 -4.545E+00
  1.6060750E+04 -7.878E+00 -8.236E+00 -3.309E+00
  1.6061250E+04 -7.934E+00 -8.304E+00 -3.247E+00
  1.6061750E+04 -8.185E+00 -8.756E+00 -4.089E+00
  1.6062250E+04 -9.113E+00 -9.690E+00 -4.150E+00
  1.6062750E+04 -8.004E+00 -8.425E+00 -3.457E+00
  1.6063250E+04 -9.281E+00 -1.003E+01 -5.118E+00
  1.6063750E+04 -7.590E+00 -7.985E+00 -3.323E+00
  1.6064250E+04 -7.900E+00 -8.549E+00 -4.448E+00
  1.6064750E+04 -7.357E+00 -8.066E+00 -4.637E+00
  1.6065250E+04 -8.091E+00 -8.951E+00 -5.201E+00
  1.6065750E+04 -8.027E+00 -8.642E+00 -4.258E+00
  1.6066250E+04 -9.008E+00 -9.040E+00 -1.850E+00
  1.6066750E+04 -7.931E+00 -8.497E+00 -4.238E+00
  1.6067250E+04 -8.481E+00 -8.975E+00 -3.929E+00
  1.6067750E+04 -7.597E+00 -8.247E+00 -4.392E+00
  1.6068250E+04 -7.495E+00 -7.654E+00 -2.528E+00
  1.6068750E+04 -6.953E+00 -7.284E+00 -3.039E+00
  1.6069250E+04 -8.446E+00 -8.835E+00 -3.302E+00
  1.6069750E+04 -8.881E+00 -9.049E+00 -2.642E+00
  1.6070250E+04 -9.513E+00 -9.918E+00 -3.811E+00
  1.6070750E+04 -8.707E+00 -9.269E+00 -3.950E+00
  1.6071250E+04 -7.175E+00 -7.629E+00 -3.392E+00
  1.6071750E+04 -7.302E+00 -8.334E+00 -5.947E+00
  1.6072250E+04 -6.575E+00 -7.102E+00 -3.709E+00
  1.6072750E+04 -6.640E+00 -7.156E+00 -3.831E+00
  1.6073250E+04 -7.444E+00 -7.966E+00 -3.699E+00
  1.6073750E+04 -8.303E+00 -9.029E+00 -4.646E+00
  1.6074250E+04 -8.379E+00 -9.036E+00 -4.453E+00
  1.6074750E+04 -7.887E+00 -8.370E+00 -3.622E+00
  1.6075250E+04 -7.854E+00 -8.346E+00 -3.891E+00
  1.6075750E+04 -7.407E+00 -8.139E+00 -4.565E+00
  1.6076250E+04 -8.491E+00 -9.019E+00 -4.006E+00
  1.6076750E+04 -7.295E+00 -7.593E+00 -2.611E+00
  1.6077250E+04 -6.184E+00 -6.788E+00 -3.830E+00
  1.6077750E+04 -7.960E+00 -8.447E+00 -3.802E+00
  1.6078250E+04 -7.696E+00 -8.164E+00 -3.619E+00
  1.6078750E+04 -7.270E+00 -7.727E+00 -3.438E+00
  1.6079250E+04 -7.985E+00 -8.165E+00 -2.223E+00
  1.6079750E+04 -7.892E+00 -8.459E+00 -4.018E+00
  1.6080250E+04 -7.080E+00 -7.664E+00 -4.098E+00
  1.6080750E+04 -7.228E+00 -7.758E+00 -3.880E+00
  1.6081250E+04 -6.822E+00 -7.420E+00 -4.110E+00
  1.6081750E+04 -8.066E+00 -8.785E+00 -4.657E+00
  1.6082250E+04 -7.678E+00 -8.055E+00 -3.096E+00
  1.6082750E+04 -7.004E+00 -7.380E+00 -3.188E+00
  1.6083250E+04 -6.444E+00 -6.692E+00 -2.533E+00
  1.6083750E+04 -8.199E+00 -8.884E+00 -4.607E+00
  1.6084250E+04 -7.422E+00 -7.936E+00 -3.729E+00
  1.6084750E+04 -8.217E+00 -8.301E+00 -1.884E+00
  1.6085250E+04 -6.900E+00 -7.719E+00 -4.781E+00
  1.6085750E+04 -7.763E+00 -8.423E+00 -4.440E+00
  1.6086250E+04 -7.402E+00 -8.013E+00 -4.091E+00
  1.6086750E+04 -7.657E+00 -8.506E+00 -5.407E+00
  1.6087250E+04 -8.292E+00 -8.663E+00 -3.366E+00
  1.6087750E+04 -7.154E+00 -7.346E+00 -2.267E+00
  1.6088250E+04 -6.126E+00 -6.533E+00 -2.969E+00
  1.6088750E+04 -6.647E+00 -7.163E+00 -3.547E+00
  1.6089250E+04 -6.182E+00 -6.751E+00 -3.522E+00
  1.6089750E+04 -6.242E+00 -6.556E+00 -2.697E+00
  1.6090250E+04 -6.996E+00 -7.124E+00 -1.964E+00
  1.6090750E+04 -6.573E+00 -7.118E+00 -3.939E+00
  1.6091250E+04 -7.316E+00 -7.874E+00 -3.943E+00
  1.6091750E+04 -7.065E+00 -7.747E+00 -4.420E+00
  1.6092250E+04 -6.813E+00 -7.359E+00 -3.662E+00
  1.6092750E+04 -6.533E+00 -6.818E+00 -2.561E+00
  1.6093250E+04 -6.200E+00 -6.561E+00 -2.893E+00
  1.6093750E+04 -7.359E+00 -8.089E+00 -4.719E+00
  1.6094250E+04 -5.582E+00 -5.949E+00 -2.825E+00
  1.6094750E+04 -6.749E+00 -7.455E+00 -4.345E+00
  1.6095250E+04 -6.387E+00 -6.855E+00 -3.395E+00
  1.6095750E+04 -8.154E+00 -8.537E+00 -3.216E+00
  1.6096250E+04 -7.681E+00 -8.139E+00 -3.361E+00
  1.6096750E+04 -6.277E+00 -6.838E+00 -3.757E+00
  1.6097250E+04 -6.338E+00 -6.819E+00 -3.449E+00
  1.6097750E+04 -7.240E+00 -7.590E+00 -3.015E+00
  1.6098250E+04 -7.460E+00 -7.919E+00 -3.380E+00
  1.6098750E+04 -7.429E+00 -7.723E+00 -2.722E+00
  1.6099250E+04 -7.630E+00 -7.637E+00 -1.645E+00
  1.6099750E+04 -6.036E+00 -6.691E+00 -4.214E+00
  1.6100250E+04 -5.924E+00 -6.346E+00 -3.009E+00
  1.6100750E+04 -7.534E+00 -7.898E+00 -3.085E+00
  1.6101250E+04 -7.303E+00 -7.624E+00 -3.047E+00
  1.6101750E+04 -6.223E+00 -6.850E+00 -4.067E+00
  1.6102250E+04 -5.628E+00 -6.116E+00 -3.508E+00
  1.6102750E+04 -7.267E+00 -7.595E+00 -2.870E+00
  1.6103250E+04 -6.862E+00 -7.137E+00 -2.502E+00
  1.6103750E+04 -7.112E+00 -7.753E+00 -3.963E+00
  1.6104250E+04 -7.093E+00 -7.267E+00 -1.998E+00
  1.6104750E+04 -5.881E+00 -6.248E+00 -2.914E+00
  1.6105250E+04 -6.365E+00 -6.920E+00 -3.871E+00
  1.6105750E+04 -6.992E+00 -7.223E+00 -2.455E+00
  1.6106250E+04 -6.833E+00 -7.236E+00 -3.161E+00
  1.6106750E+04 -6.304E+00 -6.801E+00 -3.455E+00
  1.6107250E+04 -5.548E+00 -5.936E+00 -2.768E+00
  1.6107750E+04 -6.604E+00 -7.002E+00 -2.946E+00
  1.6108250E+04 -7.036E+00 -7.335E+00 -2.743E+00
  1.6108750E+04 -6.160E+00 -6.690E+00 -3.419E+00
  1.6109250E+04 -6.784E+00 -7.135E+00 -2.910E+00
  1.6109750E+04 -6.112E+00 -6.581E+00 -3.439E+00
  1.6110250E+04 -7.208E+00 -7.716E+00 -3.619E+00
  1.6110750E+04 -6.957E+00 -7.224E+00 -2.721E+00
  1.6111250E+04 -6.352E+00 -6.972E+00 -3.923E+00
  1.6111750E+04 -6.719E+00 -6.745E+00 -1.409E+00
  1.6112250E+04 -6.014E+00 -6.036E+00 -1.206E+00
  1.6112750E+04 -6.522E+00 -7.005E+00 -3.185E+00
  1.6113250E+04 -6.773E+00 -7.268E+00 -3.569E+00
  1.6113750E+04 -6.122E+00 -6.655E+00 -3.613E+00
  1.6114250E+04 -6.299E+00 -7.000E+00 -4.445E+00
  1.6114750E+04 -5.561E+00 -5.905E+00 -2.759E+00
  1.6115250E+04 -5.693E+00 -6.091E+00 -2.814E+00
  1.6115750E+04 -5.527E+00 -6.044E+00 -3.564E+00
  1.6116250E+04 -6.842E+00 -7.074E+00 -2.455E+00
  1.6116750E+04 -6.564E+00 -7.187E+00 -3.750E+00
  1.6117250E+04 -5.778E+00 -6.462E+00 -4.007E+00
  1.6117750E+04 -5.796E+00 -6.464E+00 -3.963E+00
  1.6118250E+04 -6.502E+00 -6.746E+00 -2.505E+00
  1.6118750E+04 -5.375E+00 -6.064E+00 -4.075E+00
  1.6119250E+04 -5.135E+00 -5.387E+00 -2.177E+00
  1.6119750E+04 -5.811E+00 -5.984E+00 -1.976E+00
  1.6120250E+04 -7.313E+00 -7.618E+00 -2.719E+00
  1.6120750E+04 -6.292E+00 -6.731E+00 -3.227E+00
  1.6121250E+04 -6.446E+00 -6.701E+00 -2.375E+00
  1.6121750E+04 -6.744E+00 -6.986E+00 -2.419E+00
  1.6122250E+04 -5.242E+00 -5.777E+00 -3.238E+00
  1.6122750E+04 -5.583E+00 -5.883E+00 -2.357E+00
  1.6123250E+04 -6.726E+00 -7.246E+00 -3.570E+00
  1.6123750E+04 -5.288E+00 -5.636E+00 -2.696E+00
  1.6124250E+04 -5.349E+00 -5.715E+00 -2.694E+00
  1.6124750E+04 -5.296E+00 -5.557E+00 -2.198E+00
  1.6125250E+04 -5.158E+00 -5.419E+00 -2.149E+00
  1.6125750E+04 -5.602E+00 -6.283E+00 -4.131E+00
  1.6126250E+04 -5.890E+00 -6.398E+00 -3.372E+00
  1.6126750E+04 -6.015E+00 -6.641E+00 -3.985E+00
  1.6127250E+04 -5.609E+00 -6.037E+00 -3.045E+00
  1.6127750E+04 -6.075E+00 -6.233E+00 -2.024E+00
  1.6128250E+04 -5.921E+00 -6.011E+00 -1.834E+00
  1.6128750E+04 -5.991E+00 -6.267E+00 -2.447E+00
  1.6129250E+04 -6.138E+00 -6.576E+00 -3.058E+00
  1.6129750E+04 -5.357E+00 -5.915E+00 -3.663E+00
  1.6130250E+04 -4.705E+00 -5.207E+00 -3.041E+00
  1.6130750E+04 -6.143E+00 -6.357E+00 -2.193E+00
  1.6131250E+04 -5.995E+00 -6.384E+00 -2.901E+00
  1.6131750E+04 -5.575E+00 -5.900E+00 -2.440E+00
  1.6132250E+04 -6.570E+00 -6.985E+00 -3.044E+00
  1.6132750E+04 -5.726E+00 -6.021E+00 -2.478E+00
  1.6133250E+04 -5.405E+00 -5.734E+00 -2.569E+00
  1.6133750E+04 -5.651E+00 -6.179E+00 -3.478E+00
  1.6134250E+04 -5.972E+00 -6.279E+00 -2.677E+00
  1.6134750E+04 -5.951E+00 -6.321E+00 -2.705E+00
  1.6135250E+04 -4.985E+00 -5.238E+00 -2.060E+00
  1.6135750E+04 -5.102E+00 -5.390E+00 -2.127E+00
  1.6136250E+04 -5.850E+00 -5.977E+00 -1.635E+00
  1.6136750E+04 -5.640E+00 -5.791E+00 -1.910E+00
  1.6137250E+04 -4.240E+00 -4.793E+00 -3.465E+00
  1.6137750E+04 -4.739E+00 -5.105E+00 -2.712E+00
  1.6138250E+04 -5.691E+00 -6.374E+00 -4.121E+00
  1.6138750E+04 -5.506E+00 -6.025E+00 -3.243E+00
  1.6139250E+04 -6.022E+00 -6.246E+00 -2.323E+00
  1.6139750E+04 -6.642E+00 -6.777E+00 -2.091E+00
  1.6140250E+04 -5.099E+00 -5.963E+00 -4.700E+00
  1.6140750E+04 -4.508E+00 -5.039E+00 -3.229E+00
  1.6141250E+04 -4.890E+00 -5.206E+00 -2.377E+00
  1.6141750E+04 -5.285E+00 -5.871E+00 -3.515E+00
  1.6142250E+04 -5.175E+00 -5.650E+00 -3.130E+00
  1.6142750E+04 -5.948E+00 -6.202E+00 -2.255E+00
  1.6143250E+04 -5.548E+00 -5.941E+00 -2.732E+00
  1.6143750E+04 -4.878E+00 -5.194E+00 -2.361E+00
  1.6144250E+04 -5.130E+00 -5.328E+00 -1.971E+00
  1.6144750E+04 -5.895E+00 -6.006E+00 -1.596E+00
  1.6145250E+04 -5.748E+00 -5.985E+00 -2.217E+00
  1.6145750E+04 -4.850E+00 -5.262E+00 -2.793E+00
  1.6146250E+04 -5.392E+00 -5.681E+00 -2.384E+00
  1.6146750E+04 -4.812E+00 -4.974E+00 -1.949E+00
  1.6147250E+04 -4.782E+00 -5.022E+00 -1.898E+00
  1.6147750E+04 -4.854E+00 -5.248E+00 -2.631E+00
  1.6148250E+04 -5.821E+00 -6.284E+00 -3.288E+00
  1.6148750E+04 -4.826E+00 -5.183E+00 -2.552E+00
  1.6149250E+04 -4.717E+00 -5.090E+00 -2.401E+00
  1.6149750E+04 -5.754E+00 -5.860E+00 -1.591E+00
  1.6150250E+04 -5.460E+00 -5.836E+00 -2.648E+00
  1.6150750E+04 -4.885E+00 -5.349E+00 -3.092E+00
  1.6151250E+04 -5.412E+00 -5.845E+00 -3.075E+00
  1.6151750E+04 -4.911E+00 -5.399E+00 -3.101E+00
  1.6152250E+04 -3.894E+00 -4.259E+00 -2.341E+00
  1.6152750E+04 -5.495E+00 -5.677E+00 -1.795E+00
  1.6153250E+04 -5.062E+00 -5.545E+00 -3.084E+00
  1.6153750E+04 -4.915E+00 -5.482E+00 -3.457E+00
  1.6154250E+04 -4.911E+00 -5.135E+00 -2.053E+00
  1.6154750E+04 -5.059E+00 -5.595E+00 -3.370E+00
  1.6155250E+04 -4.705E+00 -5.019E+00 -2.442E+00
  1.6155750E+04 -4.781E+00 -5.074E+00 -2.198E+00
  1.6156250E+04 -4.884E+00 -5.218E+00 -2.469E+00
  1.6156750E+04 -5.186E+00 -5.553E+00 -2.670E+00
  1.6157250E+04 -4.999E+00 -5.330E+00 -2.346E+00
  1.6157750E+04 -5.115E+00 -5.349E+00 -1.579E+00
  1.6158250E+04 -5.493E+00 -5.454E+00 -1.012E+00
  1.6158750E+04 -4.828E+00 -5.298E+00 -3.161E+00
  1.6159250E+04 -3.827E+00 -4.475E+00 -3.713E+00
  1.6159750E+04 -5.177E+00 -5.375E+00 -1.903E+00
  1.6160250E+04 -5.172E+00 -5.465E+00 -2.188E+00
  1.6160750E+04 -4.238E+00 -4.588E+00 -2.461E+00
  1.6161250E+04 -4.420E+00 -4.724E+00 -2.193E+00
  1.6161750E+04 -4.655E+00 -4.844E+00 -1.961E+00
  1.6162250E+04 -5.473E+00 -5.785E+00 -2.263E+00
  1.6162750E+04 -4.553E+00 -5.068E+00 -3.153E+00
  1.6163250E+04 -3.806E+00 -4.163E+00 -2.467E+00
  1.6163750E+04 -4.913E+00 -5.311E+00 -2.721E+00
  1.6164250E+04 -5.367E+00 -5.836E+00 -2.999E+00
  1.6164750E+04 -4.988E+00 -5.531E+00 -3.366E+00
  1.6165250E+04 -4.923E+00 -5.244E+00 -2.675E+00
  1.6165750E+04 -5.261E+00 -5.487E+00 -1.788E+00
  1.6166250E+04 -5.571E+00 -5.858E+00 -2.433E+00
  1.6166750E+04 -4.641E+00 -4.823E+00 -1.785E+00
  1.6167250E+04 -4.325E+00 -4.912E+00 -3.330E+00
  1.6167750E+04 -4.269E+00 -4.819E+00 -3.223E+00
  1.6168250E+04 -4.648E+00 -5.083E+00 -2.616E+00
  1.6168750E+04 -4.779E+00 -5.092E+00 -2.277E+00
  1.6169250E+04 -4.543E+00 -4.885E+00 -2.331E+00
  1.6169750E+04 -4.383E+00 -4.871E+00 -3.077E+00
  1.6170250E+04 -3.611E+00 -3.989E+00 -2.686E+00
  1.6170750E+04 -4.883E+00 -5.105E+00 -1.865E+00
  1.6171250E+04 -3.984E+00 -4.166E+00 -1.712E+00
  1.6171750E+04 -4.389E+00 -4.552E+00 -1.717E+00
  1.6172250E+04 -5.775E+00 -5.832E+00 -1.164E+00
  1.6172750E+04 -4.981E+00 -5.568E+00 -3.386E+00
  1.6173250E+04 -3.836E+00 -4.300E+00 -2.904E+00
  1.6173750E+04 -4.908E+00 -5.145E+00 -2.155E+00
  1.6174250E+04 -4.097E+00 -4.492E+00 -2.508E+00
  1.6174750E+04 -4.026E+00 -4.137E+00 -1.330E+00
  1.6175250E+04 -5.028E+00 -5.159E+00 -1.609E+00
  1.6175750E+04 -4.580E+00 -4.763E+00 -1.704E+00
  1.6176250E+04 -3.441E+00 -3.730E+00 -1.880E+00
  1.6176750E+04 -5.066E+00 -5.271E+00 -1.861E+00
  1.6177250E+04 -4.919E+00 -4.961E+00 -1.236E+00
  1.6177750E+04 -4.754E+00 -5.066E+00 -2.215E+00
  1.6178250E+04 -4.544E+00 -4.654E+00 -1.519E+00
  1.6178750E+04 -4.623E+00 -4.958E+00 -2.495E+00
  1.6179250E+04 -4.174E+00 -4.736E+00 -3.166E+00
  1.6179750E+04 -3.908E+00 -4.145E+00 -1.836E+00
  1.6180250E+04 -4.818E+00 -4.884E+00 -1.207E+00
  1.6180750E+04 -4.353E+00 -4.824E+00 -3.056E+00
  1.6181250E+04 -4.148E+00 -4.764E+00 -3.463E+00
  1.6181750E+04 -4.576E+00 -5.003E+00 -2.787E+00
  1.6182250E+04 -4.874E+00 -5.221E+00 -2.631E+00
  1.6182750E+04 -4.725E+00 -4.887E+00 -1.621E+00
  1.6183250E+04 -4.031E+00 -4.241E+00 -1.612E+00
  1.6183750E+04 -4.237E+00 -4.509E+00 -1.985E+00
  1.6184250E+04 -4.262E+00 -4.367E+00 -1.549E+00
  1.6184750E+04 -3.849E+00 -4.327E+00 -2.946E+00
  1.6185250E+04 -3.795E+00 -4.149E+00 -2.222E+00
  1.6185750E+04 -4.722E+00 -5.050E+00 -2.268E+00
  1.6186250E+04 -4.807E+00 -5.070E+00 -2.177E+00
  1.6186750E+04 -3.819E+00 -4.047E+00 -1.970E+00
  1.6187250E+04 -5.045E+00 -5.263E+00 -2.095E+00
  1.6187750E+04 -5.368E+00 -5.598E+00 -2.161E+00
  1.6188250E+04 -3.452E+00 -3.839E+00 -2.626E+00
  1.6188750E+04 -3.964E+00 -4.236E+00 -1.966E+00
  1.6189250E+04 -4.851E+00 -5.222E+00 -2.498E+00
  1.6189750E+04 -4.357E+00 -4.607E+00 -1.931E+00
  1.6190250E+04 -3.748E+00 -4.014E+00 -2.076E+00
  1.6190750E+04 -3.952E+00 -4.222E+00 -2.033E+00
  1.6191250E+04 -4.606E+00 -4.757E+00 -1.712E+00
  1.6191750E+04 -3.954E+00 -4.390E+00 -2.649E+00
  1.6192250E+04 -4.029E+00 -4.293E+00 -1.838E+00
  1.6192750E+04 -3.260E+00 -3.454E+00 -1.573E+00
  1.6193250E+04 -4.393E+00 -4.617E+00 -1.853E+00
  1.6193750E+04 -3.993E+00 -4.185E+00 -1.622E+00
  1.6194250E+04 -3.566E+00 -3.707E+00 -1.274E+00
  1.6194750E+04 -2.850E+00 -3.310E+00 -2.601E+00
  1.6195250E+04 -4.610E+00 -4.987E+00 -2.595E+00
  1.6195750E+04 -3.923E+00 -4.399E+00 -2.985E+00
  1.6196250E+04 -3.396E+00 -3.707E+00 -2.158E+00
  1.6196750E+04 -4.530E+00 -4.766E+00 -1.784E+00
  1.6197250E+04 -4.009E+00 -4.260E+00 -1.987E+00
  1.6197750E+04 -4.275E+00 -4.454E+00 -1.771E+00
  1.6198250E+04 -4.358E+00 -4.873E+00 -2.962E+00
  1.6198750E+04 -3.082E+00 -3.622E+00 -2.762E+00
  1.6199250E+04 -3.447E+00 -3.811E+00 -2.400E+00
  1.6199750E+04 -3.651E+00 -4.020E+00 -2.392E+00
  1.6200250E+04 -3.590E+00 -3.972E+00 -2.422E+00
  1.6200750E+04 -4.665E+00 -4.719E+00 -1.247E+00
  1.6201250E+04 -4.328E+00 -4.241E+00 -5.664E-01
  1.6201750E+04 -3.437E+00 -3.606E+00 -1.487E+00
  1.6202250E+04 -3.887E+00 -4.216E+00 -2.201E+00
  1.6202750E+04 -4.026E+00 -4.429E+00 -2.468E+00
  1.6203250E+04 -3.690E+00 -4.154E+00 -2.718E+00
  1.6203750E+04 -3.863E+00 -4.324E+00 -2.862E+00
  1.6204250E+04 -3.551E+00 -3.723E+00 -1.482E+00
  1.6204750E+04 -3.843E+00 -4.008E+00 -1.477E+00
  1.6205250E+04 -3.318E+00 -3.581E+00 -2.090E+00
  1.6205750E+04 -3.791E+00 -3.855E+00 -1.077E+00
  1.6206250E+04 -3.668E+00 -3.779E+00 -1.205E+00
  1.6206750E+04 -3.718E+00 -4.226E+00 -2.932E+00
  1.6207250E+04 -3.744E+00 -4.163E+00 -2.542E+00
  1.6207750E+04 -3.982E+00 -4.308E+00 -2.273E+00
  1.6208250E+04 -3.546E+00 -3.891E+00 -2.322E+00
  1.6208750E+04 -3.961E+00 -4.039E+00 -1.036E+00
  1.6209250E+04 -3.625E+00 -3.952E+00 -2.111E+00
  1.6209750E+04 -4.525E+00 -5.053E+00 -3.172E+00
  1.6210250E+04 -4.053E+00 -4.388E+00 -2.238E+00
  1.6210750E+04 -3.773E+00 -4.145E+00 -2.357E+00
  1.6211250E+04 -3.306E+00 -3.571E+00 -1.994E+00
  1.6211750E+04 -4.212E+00 -4.296E+00 -9.641E-01
  1.6212250E+04 -4.154E+00 -4.338E+00 -1.490E+00
  1.6212750E+04 -3.812E+00 -4.067E+00 -1.917E+00
  1.6213250E+04 -3.365E+00 -3.718E+00 -2.117E+00
  1.6213750E+04 -3.799E+00 -3.905E+00 -1.249E+00
  1.6214250E+04 -3.969E+00 -4.177E+00 -1.901E+00
  1.6214750E+04 -3.317E+00 -3.433E+00 -1.300E+00
  1.6215250E+04 -4.076E+00 -4.231E+00 -1.457E+00
  1.6215750E+04 -3.110E+00 -3.557E+00 -2.589E+00
  1.6216250E+04 -3.640E+00 -4.097E+00 -2.559E+00
  1.6216750E+04 -3.928E+00 -4.175E+00 -1.792E+00
  1.6217250E+04 -4.166E+00 -4.241E+00 -1.257E+00
  1.6217750E+04 -3.256E+00 -3.590E+00 -2.124E+00
  1.6218250E+04 -3.625E+00 -3.779E+00 -1.375E+00
  1.6218750E+04 -4.365E+00 -4.584E+00 -2.008E+00
  1.6219250E+04 -3.913E+00 -4.171E+00 -1.730E+00
  1.6219750E+04 -2.772E+00 -3.140E+00 -2.299E+00
  1.6220250E+04 -2.983E+00 -3.208E+00 -1.734E+00
  1.6220750E+04 -3.132E+00 -3.361E+00 -1.712E+00
  1.6221250E+04 -4.103E+00 -4.351E+00 -1.856E+00
  1.6221750E+04 -3.912E+00 -4.229E+00 -2.217E+00
  1.6222250E+04 -3.185E+00 -3.394E+00 -1.679E+00
  1.6222750E+04 -3.542E+00 -3.456E+00 -2.923E-01
  1.6223250E+04 -3.518E+00 -3.603E+00 -1.086E+00
  1.6223750E+04 -3.766E+00 -4.056E+00 -2.066E+00
  1.6224250E+04 -3.780E+00 -3.766E+00 -7.998E-01
  1.6224750E+04 -2.745E+00 -3.040E+00 -1.857E+00
  1.6225250E+04 -3.055E+00 -3.284E+00 -1.696E+00
  1.6225750E+04 -4.146E+00 -4.223E+00 -1.094E+00
  1.6226250E+04 -3.501E+00 -3.726E+00 -1.679E+00
  1.6226750E+04 -4.039E+00 -4.277E+00 -1.926E+00
  1.6227250E+04 -3.631E+00 -3.938E+00 -2.125E+00
  1.6227750E+04 -3.356E+00 -3.582E+00 -1.690E+00
  1.6228250E+04 -3.560E+00 -3.759E+00 -1.626E+00
  1.6228750E+04 -3.341E+00 -3.592E+00 -1.746E+00
  1.6229250E+04 -3.178E+00 -3.418E+00 -1.812E+00
  1.6229750E+04 -3.235E+00 -3.619E+00 -2.334E+00
  1.6230250E+04 -3.720E+00 -3.906E+00 -1.570E+00
  1.6230750E+04 -2.939E+00 -3.300E+00 -2.130E+00
  1.6231250E+04 -3.236E+00 -3.447E+00 -1.390E+00
  1.6231750E+04 -3.146E+00 -3.477E+00 -2.122E+00
  1.6232250E+04 -3.498E+00 -3.947E+00 -2.559E+00
  1.6232750E+04 -3.617E+00 -3.882E+00 -1.681E+00
  1.6233250E+04 -3.085E+00 -3.334E+00 -1.690E+00
  1.6233750E+04 -3.258E+00 -3.515E+00 -1.765E+00
  1.6234250E+04 -3.490E+00 -3.382E+00 -2.514E-01
  1.6234750E+04 -3.244E+00 -3.630E+00 -2.358E+00
  1.6235250E+04 -3.239E+00 -3.525E+00 -1.911E+00
  1.6235750E+04 -3.306E+00 -3.465E+00 -1.514E+00
  1.6236250E+04 -3.457E+00 -3.713E+00 -1.815E+00
  1.6236750E+04 -3.289E+00 -3.593E+00 -1.898E+00
  1.6237250E+04 -2.722E+00 -2.920E+00 -1.412E+00
  1.6237750E+04 -3.476E+00 -3.719E+00 -1.924E+00
  1.6238250E+04 -2.749E+00 -3.072E+00 -2.014E+00
  1.6238750E+04 -3.234E+00 -3.468E+00 -1.565E+00
  1.6239250E+04 -3.239E+00 -3.633E+00 -2.159E+00
  1.6239750E+04 -3.008E+00 -3.191E+00 -1.433E+00
  1.6240250E+04 -3.153E+00 -3.440E+00 -1.925E+00
  1.6240750E+04 -3.510E+00 -3.916E+00 -2.354E+00
  1.6241250E+04 -3.237E+00 -3.533E+00 -2.090E+00
  1.6241750E+04 -3.345E+00 -3.395E+00 -9.911E-01
  1.6242250E+04 -3.699E+00 -3.957E+00 -1.870E+00
  1.6242750E+04 -2.700E+00 -2.937E+00 -1.865E+00
  1.6243250E+04 -3.367E+00 -3.454E+00 -1.074E+00
  1.6243750E+04 -3.401E+00 -3.552E+00 -1.148E+00
  1.6244250E+04 -2.972E+00 -3.215E+00 -1.671E+00
  1.6244750E+04 -2.562E+00 -2.848E+00 -1.888E+00
  1.6245250E+04 -3.096E+00 -3.123E+00 -7.609E-01
  1.6245750E+04 -2.731E+00 -2.889E+00 -1.349E+00
  1.6246250E+04 -3.403E+00 -3.331E+00 -5.670E-01
  1.6246750E+04 -2.925E+00 -3.160E+00 -1.548E+00
  1.6247250E+04 -3.269E+00 -3.512E+00 -1.713E+00
  1.6247750E+04 -3.373E+00 -3.696E+00 -2.068E+00
  1.6248250E+04 -3.592E+00 -3.831E+00 -1.816E+00
  1.6248750E+04 -3.132E+00 -3.402E+00 -1.766E+00
  1.6249250E+04 -2.793E+00 -2.896E+00 -8.674E-01
  1.6249750E+04 -3.651E+00 -3.870E+00 -1.720E+00
  1.6250250E+04 -3.389E+00 -3.511E+00 -1.273E+00
  1.6250750E+04 -2.977E+00 -3.195E+00 -1.602E+00
  1.6251250E+04 -2.901E+00 -2.969E+00 -9.354E-01
  1.6251750E+04 -3.139E+00 -3.249E+00 -1.138E+00
  1.6252250E+04 -3.389E+00 -3.498E+00 -1.185E+00
  1.6252750E+04 -3.882E+00 -3.994E+00 -1.259E+00
  1.6253250E+04 -3.159E+00 -3.642E+00 -2.759E+00
  1.6253750E+04 -3.370E+00 -3.365E+00 -6.677E-01
  1.6254250E+04 -3.348E+00 -3.416E+00 -7.798E-01
  1.6254750E+04 -3.076E+00 -3.415E+00 -2.160E+00
  1.6255250E+04 -3.392E+00 -3.863E+00 -2.644E+00
  1.6255750E+04 -3.457E+00 -3.689E+00 -1.761E+00
  1.6256250E+04 -2.952E+00 -3.037E+00 -1.006E+00
  1.6256750E+04 -3.261E+00 -3.410E+00 -1.388E+00
  1.6257250E+04 -3.428E+00 -3.500E+00 -1.005E+00
  1.6257750E+04 -2.810E+00 -3.066E+00 -1.712E+00
  1.6258250E+04 -3.324E+00 -3.653E+00 -2.066E+00
  1.6258750E+04 -2.641E+00 -2.912E+00 -1.736E+00
  1.6259250E+04 -3.018E+00 -3.194E+00 -1.483E+00
  1.6259750E+04 -3.401E+00 -3.606E+00 -1.460E+00
  1.6260250E+04 -2.477E+00 -2.625E+00 -1.182E+00
  1.6260750E+04 -2.491E+00 -2.872E+00 -2.227E+00
  1.6261250E+04 -3.003E+00 -3.289E+00 -1.840E+00
  1.6261750E+04 -2.830E+00 -2.792E+00 -3.930E-01
  1.6262250E+04 -2.794E+00 -2.918E+00 -1.077E+00
  1.6262750E+04 -3.042E+00 -3.218E+00 -1.451E+00
  1.6263250E+04 -2.733E+00 -3.190E+00 -2.406E+00
  1.6263750E+04 -2.927E+00 -3.157E+00 -1.512E+00
  1.6264250E+04 -3.256E+00 -3.306E+00 -9.563E-01
  1.6264750E+04 -2.909E+00 -2.854E+00 -3.249E-01
  1.6265250E+04 -2.992E+00 -3.238E+00 -1.627E+00
  1.6265750E+04 -3.031E+00 -3.269E+00 -1.679E+00
  1.6266250E+04 -2.821E+00 -3.051E+00 -1.653E+00
  1.6266750E+04 -2.764E+00 -3.009E+00 -1.674E+00
  1.6267250E+04 -2.941E+00 -3.194E+00 -1.733E+00
  1.6267750E+04 -2.860E+00 -3.223E+00 -2.149E+00
  1.6268250E+04 -3.223E+00 -3.426E+00 -1.386E+00
  1.6268750E+04 -2.397E+00 -2.625E+00 -1.634E+00
  1.6269250E+04 -2.636E+00 -2.832E+00 -1.485E+00
  1.6269750E+04 -2.297E+00 -2.593E+00 -1.873E+00
  1.6270250E+04 -2.476E+00 -2.658E+00 -1.469E+00
  1.6270750E+04 -3.059E+00 -3.161E+00 -9.769E-01
  1.6271250E+04 -3.230E+00 -3.453E+00 -1.492E+00
  1.6271750E+04 -2.453E+00 -2.804E+00 -2.188E+00
  1.6272250E+04 -2.728E+00 -3.001E+00 -1.765E+00
  1.6272750E+04 -3.071E+00 -3.280E+00 -1.523E+00
  1.6273250E+04 -3.008E+00 -3.285E+00 -1.652E+00
  1.6273750E+04 -3.267E+00 -3.482E+00 -1.548E+00
  1.6274250E+04 -2.802E+00 -2.886E+00 -8.820E-01
  1.6274750E+04 -2.028E+00 -2.289E+00 -1.670E+00
  1.6275250E+04 -2.917E+00 -3.208E+00 -1.933E+00
  1.6275750E+04 -2.404E+00 -2.443E+00 -7.286E-01
  1.6276250E+04 -2.648E+00 -2.718E+00 -9.007E-01
  1.6276750E+04 -2.209E+00 -2.485E+00 -1.806E+00
  1.6277250E+04 -2.197E+00 -2.468E+00 -1.669E+00
  1.6277750E+04 -2.684E+00 -2.903E+00 -1.447E+00
  1.6278250E+04 -2.593E+00 -2.928E+00 -1.906E+00
  1.6278750E+04 -3.562E+00 -3.607E+00 -8.818E-01
  1.6279250E+04 -2.178E+00 -2.298E+00 -1.066E+00
  1.6279750E+04 -2.835E+00 -2.822E+00 -7.049E-01
  1.6280250E+04 -2.843E+00 -3.233E+00 -2.152E+00
  1.6280750E+04 -2.987E+00 -3.211E+00 -1.411E+00
  1.6281250E+04 -2.544E+00 -2.743E+00 -1.273E+00
  1.6281750E+04 -2.489E+00 -2.784E+00 -1.818E+00
  1.6282250E+04 -2.976E+00 -3.190E+00 -1.539E+00
  1.6282750E+04 -2.140E+00 -2.302E+00 -1.173E+00
  1.6283250E+04 -2.523E+00 -2.741E+00 -1.603E+00
  1.6283750E+04 -3.061E+00 -3.266E+00 -1.694E+00
  1.6284250E+04 -2.882E+00 -2.972E+00 -8.818E-01
  1.6284750E+04 -2.015E+00 -2.270E+00 -1.636E+00
  1.6285250E+04 -2.956E+00 -3.065E+00 -1.282E+00
  1.6285750E+04 -2.847E+00 -3.082E+00 -1.551E+00
  1.6286250E+04 -2.880E+00 -3.168E+00 -1.770E+00
  1.6286750E+04 -2.810E+00 -3.040E+00 -1.529E+00
  1.6287250E+04 -2.468E+00 -2.544E+00 -8.489E-01
  1.6287750E+04 -2.628E+00 -2.779E+00 -1.273E+00
  1.6288250E+04 -2.832E+00 -2.915E+00 -9.315E-01
  1.6288750E+04 -2.056E+00 -2.248E+00 -1.377E+00
  1.6289250E+04 -2.814E+00 -2.859E+00 -7.421E-01
  1.6289750E+04 -2.896E+00 -2.975E+00 -1.038E+00
  1.6290250E+04 -2.560E+00 -2.706E+00 -1.073E+00
  1.6290750E+04 -2.434E+00 -2.662E+00 -1.504E+00
  1.6291250E+04 -2.729E+00 -2.722E+00 -6.457E-01
  1.6291750E+04 -2.177E+00 -2.234E+00 -7.022E-01
  1.6292250E+04 -2.194E+00 -2.269E+00 -8.341E-01
  1.6292750E+04 -2.784E+00 -2.966E+00 -1.350E+00
  1.6293250E+04 -2.974E+00 -3.219E+00 -1.773E+00
  1.6293750E+04 -3.190E+00 -3.499E+00 -1.953E+00
  1.6294250E+04 -2.584E+00 -2.929E+00 -1.948E+00
  1.6294750E+04 -1.798E+00 -2.166E+00 -1.865E+00
  1.6295250E+04 -2.174E+00 -2.445E+00 -1.684E+00
  1.6295750E+04 -2.758E+00 -3.115E+00 -2.017E+00
  1.6296250E+04 -2.909E+00 -2.935E+00 -7.253E-01
  1.6296750E+04 -3.106E+00 -3.020E+00 -3.005E-01
  1.6297250E+04 -2.455E+00 -2.741E+00 -1.730E+00
  1.6297750E+04 -2.073E+00 -2.318E+00 -1.539E+00
  1.6298250E+04 -2.342E+00 -2.512E+00 -1.186E+00
  1.6298750E+04 -2.292E+00 -2.399E+00 -9.091E-01
  1.6299250E+04 -2.414E+00 -2.697E+00 -1.605E+00
  1.6299750E+04 -2.696E+00 -2.902E+00 -1.337E+00
  1.6300250E+04 -2.292E+00 -2.785E+00 -2.581E+00
  1.6300750E+04 -2.211E+00 -2.635E+00 -2.401E+00
  1.6301250E+04 -3.023E+00 -3.187E+00 -1.290E+00
  1.6301750E+04 -2.724E+00 -2.918E+00 -1.503E+00
  1.6302250E+04 -2.250E+00 -2.436E+00 -1.387E+00
  1.6302750E+04 -2.682E+00 -2.752E+00 -9.858E-01
  1.6303250E+04 -2.593E+00 -2.956E+00 -2.083E+00
  1.6303750E+04 -2.192E+00 -2.474E+00 -1.711E+00
  1.6304250E+04 -2.914E+00 -3.062E+00 -1.325E+00
  1.6304750E+04 -2.668E+00 -2.580E+00 -2.085E-01
  1.6305250E+04 -2.496E+00 -2.702E+00 -1.102E+00
  1.6305750E+04 -2.525E+00 -2.706E+00 -1.345E+00
  1.6306250E+04 -2.354E+00 -2.595E+00 -1.479E+00
  1.6306750E+04 -2.150E+00 -2.338E+00 -1.366E+00
  1.6307250E+04 -2.006E+00 -2.080E+00 -8.144E-01
  1.6307750E+04 -2.248E+00 -2.302E+00 -6.464E-01
  1.6308250E+04 -2.415E+00 -2.695E+00 -1.752E+00
  1.6308750E+04 -2.817E+00 -3.154E+00 -1.993E+00
  1.6309250E+04 -1.983E+00 -2.229E+00 -1.476E+00
  1.6309750E+04 -1.679E+00 -1.908E+00 -1.546E+00
  1.6310250E+04 -1.522E+00 -1.565E+00 -4.375E-01
  1.6310750E+04 -2.796E+00 -2.830E+00 -7.651E-01
  1.6311250E+04 -2.942E+00 -2.961E+00 -5.688E-01
  1.6311750E+04 -2.409E+00 -2.529E+00 -1.023E+00
  1.6312250E+04 -2.521E+00 -2.722E+00 -1.396E+00
  1.6312750E+04 -3.089E+00 -3.212E+00 -1.210E+00
  1.6313250E+04 -2.680E+00 -2.818E+00 -1.086E+00
  1.6313750E+04 -1.971E+00 -1.995E+00 -5.383E-01
  1.6314250E+04 -2.051E+00 -2.276E+00 -1.266E+00
  1.6314750E+04 -2.201E+00 -2.357E+00 -9.175E-01
  1.6315250E+04 -2.682E+00 -2.849E+00 -1.340E+00
  1.6315750E+04 -2.247E+00 -2.503E+00 -1.598E+00
  1.6316250E+04 -2.608E+00 -2.733E+00 -1.088E+00
  1.6316750E+04 -2.689E+00 -2.723E+00 -7.519E-01
  1.6317250E+04 -2.480E+00 -2.784E+00 -1.657E+00
  1.6317750E+04 -2.408E+00 -2.419E+00 -3.856E-01
  1.6318250E+04 -1.851E+00 -2.061E+00 -1.269E+00
  1.6318750E+04 -2.201E+00 -2.472E+00 -1.619E+00
  1.6319250E+04 -1.989E+00 -2.206E+00 -1.432E+00
  1.6319750E+04 -2.121E+00 -2.330E+00 -1.536E+00
  1.6320250E+04 -1.685E+00 -1.775E+00 -8.952E-01
  1.6320750E+04 -1.909E+00 -2.161E+00 -1.448E+00
  1.6321250E+04 -2.442E+00 -2.564E+00 -9.341E-01
  1.6321750E+04 -2.900E+00 -3.119E+00 -1.506E+00
  1.6322250E+04 -2.360E+00 -2.314E+00 -3.938E-01
  1.6322750E+04 -1.899E+00 -2.009E+00 -9.079E-01
  1.6323250E+04 -2.384E+00 -2.430E+00 -7.025E-01
  1.6323750E+04 -2.637E+00 -2.553E+00 -2.937E-01
  1.6324250E+04 -2.395E+00 -2.611E+00 -1.449E+00
  1.6324750E+04 -2.150E+00 -2.274E+00 -7.758E-01
  1.6325250E+04 -2.537E+00 -2.647E+00 -7.827E-01
  1.6325750E+04 -1.905E+00 -2.156E+00 -1.419E+00
  1.6326250E+04 -2.111E+00 -2.310E+00 -1.300E+00
  1.6326750E+04 -2.356E+00 -2.496E+00 -1.232E+00
  1.6327250E+04 -2.583E+00 -2.574E+00 -5.530E-01
  1.6327750E+04 -2.155E+00 -2.272E+00 -1.096E+00
  1.6328250E+04 -2.186E+00 -2.461E+00 -1.467E+00
  1.6328750E+04 -2.059E+00 -2.070E+00 -6.920E-01
  1.6329250E+04 -1.797E+00 -2.034E+00 -1.465E+00
  1.6329750E+04 -1.776E+00 -2.003E+00 -1.466E+00
  1.6330250E+04 -1.982E+00 -2.038E+00 -7.902E-01
  1.6330750E+04 -2.394E+00 -2.588E+00 -1.420E+00
  1.6331250E+04 -2.193E+00 -2.400E+00 -1.400E+00
  1.6331750E+04 -2.442E+00 -2.801E+00 -2.039E+00
  1.6332250E+04 -2.557E+00 -2.758E+00 -1.168E+00
  1.6332750E+04 -1.841E+00 -1.953E+00 -8.773E-01
  1.6333250E+04 -1.852E+00 -1.902E+00 -5.065E-01
  1.6333750E+04 -2.045E+00 -2.191E+00 -1.198E+00
  1.6334250E+04 -2.034E+00 -2.100E+00 -7.387E-01
  1.6334750E+04 -1.815E+00 -1.932E+00 -9.535E-01
  1.6335250E+04 -2.381E+00 -2.387E+00 -4.644E-01
  1.6335750E+04 -2.392E+00 -2.478E+00 -6.088E-01
  1.6336250E+04 -2.123E+00 -2.166E+00 -6.756E-01
  1.6336750E+04 -2.866E+00 -2.925E+00 -7.702E-01
  1.6337250E+04 -2.181E+00 -2.334E+00 -1.077E+00
  1.6337750E+04 -1.736E+00 -1.918E+00 -1.292E+00
  1.6338250E+04 -3.134E+00 -3.227E+00 -9.887E-01
  1.6338750E+04 -1.905E+00 -2.086E+00 -1.289E+00
  1.6339250E+04 -1.965E+00 -2.182E+00 -1.412E+00
  1.6339750E+04 -2.141E+00 -2.340E+00 -1.398E+00
  1.6340250E+04 -1.942E+00 -2.095E+00 -1.028E+00
  1.6340750E+04 -2.034E+00 -2.372E+00 -1.930E+00
  1.6341250E+04 -2.054E+00 -2.213E+00 -1.200E+00
  1.6341750E+04 -2.459E+00 -2.709E+00 -1.524E+00
  1.6342250E+04 -1.995E+00 -2.315E+00 -1.834E+00
  1.6342750E+04 -1.949E+00 -1.953E+00 -4.814E-01
  1.6343250E+04 -1.827E+00 -2.083E+00 -1.511E+00
  1.6343750E+04 -2.401E+00 -2.489E+00 -7.911E-01
  1.6344250E+04 -2.409E+00 -2.395E+00 -4.608E-01
  1.6344750E+04 -1.771E+00 -2.059E+00 -1.561E+00
  1.6345250E+04 -1.903E+00 -2.073E+00 -9.934E-01
  1.6345750E+04 -2.140E+00 -2.277E+00 -9.506E-01
  1.6346250E+04 -2.383E+00 -2.528E+00 -1.079E+00
  1.6346750E+04 -2.499E+00 -2.624E+00 -9.634E-01
  1.6347250E+04 -1.919E+00 -2.029E+00 -1.038E+00
  1.6347750E+04 -2.484E+00 -2.720E+00 -1.451E+00
  1.6348250E+04 -2.145E+00 -2.255E+00 -7.868E-01
  1.6348750E+04 -1.919E+00 -2.062E+00 -1.011E+00
  1.6349250E+04 -2.237E+00 -2.591E+00 -1.985E+00
  1.6349750E+04 -1.874E+00 -1.962E+00 -8.195E-01
  1.6350250E+04 -1.759E+00 -1.794E+00 -6.061E-01
  1.6350750E+04 -2.167E+00 -2.224E+00 -6.506E-01
  1.6351250E+04 -1.894E+00 -1.993E+00 -8.266E-01
  1.6351750E+04 -2.140E+00 -2.155E+00 -4.788E-01
  1.6352250E+04 -1.957E+00 -2.089E+00 -1.099E+00
  1.6352750E+04 -2.187E+00 -2.171E+00 -5.144E-01
  1.6353250E+04 -1.487E+00 -1.764E+00 -1.568E+00
  1.6353750E+04 -1.512E+00 -1.783E+00 -1.420E+00
  1.6354250E+04 -2.331E+00 -2.344E+00 -6.218E-01
  1.6354750E+04 -2.068E+00 -2.179E+00 -9.800E-01
  1.6355250E+04 -1.969E+00 -2.181E+00 -1.415E+00
  1.6355750E+04 -2.347E+00 -2.374E+00 -6.457E-01
  1.6356250E+04 -2.129E+00 -2.288E+00 -1.196E+00
  1.6356750E+04 -1.827E+00 -1.979E+00 -1.059E+00
  1.6357250E+04 -2.018E+00 -2.033E+00 -2.839E-01
  1.6357750E+04 -2.409E+00 -2.462E+00 -6.199E-01
  1.6358250E+04 -1.890E+00 -1.994E+00 -9.768E-01
  1.6358750E+04 -2.044E+00 -2.226E+00 -1.126E+00
  1.6359250E+04 -1.566E+00 -1.701E+00 -9.032E-01
  1.6359750E+04 -1.983E+00 -2.163E+00 -1.205E+00
  1.6360250E+04 -1.669E+00 -1.661E+00 -5.221E-01
  1.6360750E+04 -1.931E+00 -2.156E+00 -1.437E+00
  1.6361250E+04 -2.270E+00 -2.501E+00 -1.312E+00
  1.6361750E+04 -1.516E+00 -1.781E+00 -1.558E+00
  1.6362250E+04 -1.705E+00 -1.877E+00 -1.193E+00
  1.6362750E+04 -1.677E+00 -1.794E+00 -8.058E-01
  1.6363250E+04 -1.946E+00 -2.032E+00 -7.416E-01
  1.6363750E+04 -1.746E+00 -1.900E+00 -1.127E+00
  1.6364250E+04 -1.664E+00 -1.940E+00 -1.571E+00
  1.6364750E+04 -1.522E+00 -1.778E+00 -1.351E+00
  1.6365250E+04 -1.740E+00 -1.938E+00 -1.122E+00
  1.6365750E+04 -1.504E+00 -1.633E+00 -7.235E-01
  1.6366250E+04 -2.249E+00 -2.420E+00 -1.171E+00
  1.6366750E+04 -1.747E+00 -1.898E+00 -9.992E-01
  1.6367250E+04 -1.893E+00 -1.964E+00 -7.905E-01
  1.6367750E+04 -1.986E+00 -2.034E+00 -7.812E-01
  1.6368250E+04 -2.115E+00 -2.251E+00 -1.007E+00
  1.6368750E+04 -1.845E+00 -1.983E+00 -1.047E+00
  1.6369250E+04 -2.091E+00 -2.358E+00 -1.697E+00
  1.6369750E+04 -2.518E+00 -2.635E+00 -8.743E-01
  1.6370250E+04 -1.520E+00 -1.674E+00 -9.121E-01
  1.6370750E+04 -1.366E+00 -1.430E+00 -5.685E-01
  1.6371250E+04 -1.742E+00 -1.900E+00 -9.688E-01
  1.6371750E+04 -2.066E+00 -2.185E+00 -1.138E+00
  1.6372250E+04 -2.127E+00 -2.241E+00 -9.546E-01
  1.6372750E+04 -1.333E+00 -1.338E+00 -4.530E-01
  1.6373250E+04 -1.667E+00 -1.888E+00 -1.271E+00
  1.6373750E+04 -1.735E+00 -1.803E+00 -9.081E-01
  1.6374250E+04 -1.798E+00 -1.983E+00 -1.217E+00
  1.6374750E+04 -2.256E+00 -2.389E+00 -1.099E+00
  1.6375250E+04 -2.675E+00 -2.956E+00 -1.573E+00
  1.6375750E+04 -1.469E+00 -1.476E+00 -4.045E-01
  1.6376250E+04 -1.361E+00 -1.438E+00 -6.463E-01
  1.6376750E+04 -1.782E+00 -2.014E+00 -1.260E+00
  1.6377250E+04 -1.988E+00 -2.166E+00 -1.147E+00
  1.6377750E+04 -1.910E+00 -2.021E+00 -9.354E-01
  1.6378250E+04 -1.243E+00 -1.354E+00 -7.170E-01
  1.6378750E+04 -1.742E+00 -1.957E+00 -1.294E+00
  1.6379250E+04 -1.697E+00 -1.887E+00 -9.604E-01
  1.6379750E+04 -1.504E+00 -1.633E+00 -8.994E-01
  1.6380250E+04 -2.025E+00 -2.228E+00 -1.191E+00
  1.6380750E+04 -2.134E+00 -2.386E+00 -1.489E+00
  1.6381250E+04 -1.765E+00 -1.828E+00 -8.097E-01
  1.6381750E+04 -1.705E+00 -1.877E+00 -1.200E+00
  1.6382250E+04 -1.806E+00 -1.885E+00 -7.600E-01
  1.6382750E+04 -1.373E+00 -1.521E+00 -9.674E-01
  1.6383250E+04 -1.221E+00 -1.199E+00 -2.676E-01
  1.6383750E+04 -1.771E+00 -1.841E+00 -7.637E-01
  1.6384250E+04 -2.085E+00 -2.315E+00 -1.487E+00
  1.6384750E+04 -1.569E+00 -1.926E+00 -1.641E+00
  1.6385250E+04 -1.334E+00 -1.495E+00 -8.959E-01
  1.6385750E+04 -1.968E+00 -2.069E+00 -8.313E-01
  1.6386250E+04 -1.623E+00 -1.663E+00 -5.467E-01
  1.6386750E+04 -1.738E+00 -1.806E+00 -6.475E-01
  1.6387250E+04 -2.338E+00 -2.404E+00 -8.164E-01
  1.6387750E+04 -1.837E+00 -1.967E+00 -9.798E-01
  1.6388250E+04 -1.795E+00 -2.121E+00 -1.838E+00
  1.6388750E+04 -1.750E+00 -1.751E+00 -4.735E-01
  1.6389250E+04 -2.010E+00 -2.054E+00 -7.511E-01
  1.6389750E+04 -2.247E+00 -2.246E+00 -5.007E-01
  1.6390250E+04 -1.492E+00 -1.539E+00 -4.958E-01
  1.6390750E+04 -1.497E+00 -1.724E+00 -1.236E+00
  1.6391250E+04 -1.423E+00 -1.644E+00 -1.410E+00
  1.6391750E+04 -1.198E+00 -1.176E+00 -3.464E-01
  1.6392250E+04 -1.460E+00 -1.554E+00 -6.845E-01
  1.6392750E+04 -1.548E+00 -1.724E+00 -1.064E+00
  1.6393250E+04 -1.856E+00 -2.052E+00 -1.217E+00
  1.6393750E+04 -1.826E+00 -1.814E+00 -5.367E-01
  1.6394250E+04 -2.008E+00 -2.192E+00 -1.083E+00
  1.6394750E+04 -1.624E+00 -1.856E+00 -1.273E+00
  1.6395250E+04 -1.440E+00 -1.590E+00 -7.402E-01
  1.6395750E+04 -1.758E+00 -1.739E+00 -3.617E-01
  1.6396250E+04 -1.642E+00 -1.678E+00 -3.859E-01
  1.6396750E+04 -1.897E+00 -2.077E+00 -1.014E+00
  1.6397250E+04 -1.950E+00 -1.956E+00 -6.106E-01
  1.6397750E+04 -1.452E+00 -1.555E+00 -8.527E-01
  1.6398250E+04 -1.271E+00 -1.451E+00 -9.593E-01
  1.6398750E+04 -1.741E+00 -1.881E+00 -1.048E+00
  1.6399250E+04 -1.292E+00 -1.277E+00 -2.894E-01
  1.6399750E+04 -1.908E+00 -1.989E+00 -8.582E-01
  1.6400250E+04 -1.617E+00 -1.766E+00 -9.167E-01
  1.6400750E+04 -1.742E+00 -1.935E+00 -9.221E-01
  1.6401250E+04 -1.301E+00 -1.496E+00 -1.234E+00
  1.6401750E+04 -1.545E+00 -1.661E+00 -7.877E-01
  1.6402250E+04 -1.643E+00 -1.733E+00 -9.449E-01
  1.6402750E+04 -1.808E+00 -1.862E+00 -4.350E-01
  1.6403250E+04 -1.589E+00 -1.819E+00 -1.441E+00
  1.6403750E+04 -1.792E+00 -1.802E+00 -3.821E-01
  1.6404250E+04 -2.009E+00 -1.927E+00  9.349E-02
  1.6404750E+04 -1.807E+00 -1.837E+00 -5.296E-01
  1.6405250E+04 -1.872E+00 -2.038E+00 -1.174E+00
  1.6405750E+04 -1.672E+00 -1.779E+00 -7.722E-01
  1.6406250E+04 -1.465E+00 -1.585E+00 -7.387E-01
  1.6406750E+04 -1.589E+00 -1.680E+00 -6.806E-01
  1.6407250E+04 -1.273E+00 -1.460E+00 -1.188E+00
  1.6407750E+04 -1.485E+00 -1.702E+00 -1.412E+00
  1.6408250E+04 -1.662E+00 -1.730E+00 -7.631E-01
  1.6408750E+04 -1.299E+00 -1.284E+00 -7.423E-02
  1.6409250E+04 -1.413E+00 -1.569E+00 -9.492E-01
  1.6409750E+04 -1.423E+00 -1.456E+00 -5.249E-01
  1.6410250E+04 -1.338E+00 -1.513E+00 -1.074E+00
  1.6410750E+04 -1.405E+00 -1.400E+00 -3.905E-01
  1.6411250E+04 -1.634E+00 -1.633E+00 -2.911E-01
  1.6411750E+04 -1.663E+00 -1.768E+00 -6.730E-01
  1.6412250E+04 -1.782E+00 -1.901E+00 -1.024E+00
  1.6412750E+04 -1.662E+00 -1.750E+00 -7.657E-01
  1.6413250E+04 -1.506E+00 -1.630E+00 -8.285E-01
  1.6413750E+04 -1.648E+00 -1.770E+00 -8.791E-01
  1.6414250E+04 -1.954E+00 -2.080E+00 -8.593E-01
  1.6414750E+04 -1.491E+00 -1.503E+00 -5.244E-01
  1.6415250E+04 -1.807E+00 -1.868E+00 -6.954E-01
  1.6415750E+04 -1.992E+00 -2.173E+00 -1.143E+00
  1.6416250E+04 -1.069E+00 -1.146E+00 -5.610E-01
  1.6416750E+04 -9.530E-01 -1.133E+00 -1.032E+00
  1.6417250E+04 -1.222E+00 -1.396E+00 -9.228E-01
  1.6417750E+04 -1.775E+00 -1.919E+00 -6.710E-01
  1.6418250E+04 -1.603E+00 -1.763E+00 -1.130E+00
  1.6418750E+04 -1.886E+00 -1.923E+00 -7.016E-01
  1.6419250E+04 -1.583E+00 -1.579E+00 -2.658E-01
  1.6419750E+04 -1.589E+00 -1.739E+00 -8.033E-01
  1.6420250E+04 -1.708E+00 -1.948E+00 -1.319E+00
  1.6420750E+04 -1.679E+00 -1.881E+00 -1.301E+00
  1.6421250E+04 -1.230E+00 -1.299E+00 -6.756E-01
  1.6421750E+04 -1.173E+00 -1.406E+00 -1.361E+00
  1.6422250E+04 -1.333E+00 -1.555E+00 -1.113E+00
  1.6422750E+04 -1.603E+00 -1.659E+00 -4.910E-01
  1.6423250E+04 -1.272E+00 -1.254E+00 -1.581E-01
  1.6423750E+04 -1.279E+00 -1.322E+00 -3.375E-01
  1.6424250E+04 -1.352E+00 -1.423E+00 -8.408E-01
  1.6424750E+04 -1.208E+00 -1.299E+00 -8.162E-01
  1.6425250E+04 -1.660E+00 -1.713E+00 -4.414E-01
  1.6425750E+04 -1.738E+00 -1.943E+00 -1.283E+00
  1.6426250E+04 -2.008E+00 -2.232E+00 -1.353E+00
  1.6426750E+04 -1.569E+00 -1.655E+00 -6.685E-01
  1.6427250E+04 -1.369E+00 -1.356E+00 -3.291E-01
  1.6427750E+04 -1.547E+00 -1.599E+00 -4.105E-01
  1.6428250E+04 -1.478E+00 -1.502E+00 -3.392E-01
  1.6428750E+04 -1.609E+00 -1.853E+00 -1.297E+00
  1.6429250E+04 -2.139E+00 -2.122E+00 -3.514E-01
  1.6429750E+04 -1.008E+00 -1.080E+00 -7.216E-01
  1.6430250E+04 -1.514E+00 -1.634E+00 -6.512E-01
  1.6430750E+04 -1.096E+00 -1.173E+00 -5.337E-01
  1.6431250E+04 -1.280E+00 -1.371E+00 -7.441E-01
  1.6431750E+04 -1.671E+00 -1.738E+00 -6.468E-01
  1.6432250E+04 -7.987E-01 -9.501E-01 -9.035E-01
  1.6432750E+04 -1.447E+00 -1.661E+00 -1.196E+00
  1.6433250E+04 -1.904E+00 -1.959E+00 -5.428E-01
  1.6433750E+04 -1.138E+00 -1.301E+00 -8.951E-01
  1.6434250E+04 -1.151E+00 -1.333E+00 -9.449E-01
  1.6434750E+04 -1.652E+00 -1.841E+00 -1.341E+00
  1.6435250E+04 -1.786E+00 -1.932E+00 -1.114E+00
  1.6435750E+04 -1.246E+00 -1.398E+00 -9.602E-01
  1.6436250E+04 -1.792E+00 -1.695E+00 -4.380E-02
  1.6436750E+04 -1.428E+00 -1.517E+00 -6.259E-01
  1.6437250E+04 -1.126E+00 -1.286E+00 -8.896E-01
  1.6437750E+04 -1.590E+00 -1.618E+00 -6.206E-01
  1.6438250E+04 -1.845E+00 -1.931E+00 -7.332E-01
  1.6438750E+04 -1.713E+00 -1.944E+00 -1.193E+00
  1.6439250E+04 -1.044E+00 -1.088E+00 -2.891E-01
  1.6439750E+04 -1.084E+00 -1.171E+00 -5.435E-01
  1.6440250E+04 -1.058E+00 -1.195E+00 -8.861E-01
  1.6440750E+04 -1.669E+00 -1.819E+00 -9.428E-01
  1.6441250E+04 -1.418E+00 -1.683E+00 -1.488E+00
  1.6441750E+04 -1.578E+00 -1.717E+00 -8.730E-01
  1.6442250E+04 -1.355E+00 -1.359E+00 -3.894E-01
  1.6442750E+04 -1.430E+00 -1.414E+00 -1.958E-01
  1.6443250E+04 -1.402E+00 -1.493E+00 -8.584E-01
  1.6443750E+04 -1.134E+00 -1.256E+00 -5.191E-01
  1.6444250E+04 -1.379E+00 -1.346E+00 -2.460E-01
  1.6444750E+04 -1.277E+00 -1.391E+00 -7.844E-01
  1.6445250E+04 -1.637E+00 -1.647E+00 -3.418E-01
  1.6445750E+04 -1.240E+00 -1.459E+00 -1.192E+00
  1.6446250E+04 -1.314E+00 -1.343E+00 -4.789E-01
  1.6446750E+04 -1.389E+00 -1.442E+00 -6.440E-01
  1.6447250E+04 -1.338E+00 -1.405E+00 -7.080E-01
  1.6447750E+04 -1.425E+00 -1.482E+00 -6.876E-01
  1.6448250E+04 -1.425E+00 -1.514E+00 -6.783E-01
  1.6448750E+04 -9.821E-01 -1.135E+00 -9.013E-01
  1.6449250E+04 -1.419E+00 -1.461E+00 -6.185E-01
  1.6449750E+04 -1.174E+00 -1.249E+00 -4.104E-01
  1.6450250E+04 -9.839E-01 -1.241E+00 -1.188E+00
  1.6450750E+04 -1.122E+00 -1.329E+00 -8.183E-01
  1.6451250E+04 -1.401E+00 -1.355E+00 -2.361E-01
  1.6451750E+04 -1.318E+00 -1.326E+00 -5.556E-01
  1.6452250E+04 -1.392E+00 -1.458E+00 -4.988E-01
  1.6452750E+04 -1.159E+00 -1.032E+00 -6.151E-02
  1.6453250E+04 -1.217E+00 -1.341E+00 -1.100E+00
  1.6453750E+04 -1.585E+00 -1.742E+00 -7.527E-01
  1.6454250E+04 -1.875E+00 -1.985E+00 -5.276E-01
  1.6454750E+04 -1.710E+00 -1.731E+00 -4.704E-01
