  1.1759250E+04 -0.000E+00 -0.000E+00  0.000E+00
  1.1759750E+04 -0.000E+00 -0.000E+00  0.000E+00
  1.1760250E+04 -0.000E+00 -0.000E+00  0.000E+00
  1.1760750E+04 -0.000E+00 -0.000E+00  0.000E+00
  1.1761250E+04 -0.000E+00 -0.000E+00  0.000E+00
  1.1761750E+04 -0.000E+00 -0.000E+00  0.000E+00
  1.1762250E+04 -0.000E+00 -0.000E+00  0.000E+00
  1.1762750E+04 -0.000E+00 -0.000E+00  0.000E+00
  1.1763250E+04 -0.000E+00 -0.000E+00  0.000E+00
  1.1763750E+04 -0.000E+00 -0.000E+00  0.000E+00
  1.1764250E+04 -0.000E+00 -0.000E+00  0.000E+00
  1.1764750E+04 -0.000E+00 -0.000E+00  0.000E+00
  1.1765250E+04 -0.000E+00 -0.000E+00  0.000E+00
  1.1765750E+04 -0.000E+00 -0.000E+00  0.000E+00
  1.1766250E+04 -0.000E+00 -0.000E+00  0.000E+00
  1.1766750E+04 -0.000E+00 -0.000E+00  0.000E+00
  1.1767250E+04 -0.000E+00 -0.000E+00  0.000E+00
  1.1767750E+04 -0.000E+00 -0.000E+00  0.000E+00
  1.1768250E+04 -0.000E+00 -0.000E+00  0.000E+00
  1.1768750E+04 -0.000E+00 -0.000E+00  0.000E+00
  1.1769250E+04 -0.000E+00 -0.000E+00  0.000E+00
  1.1769750E+04 -0.000E+00 -0.000E+00  0.000E+00
  1.1770250E+04 -0.000E+00 -0.000E+00  0.000E+00
  1.1770750E+04 -0.000E+00 -0.000E+00  0.000E+00
  1.1771250E+04 -0.000E+00 -0.000E+00  0.000E+00
  1.1771750E+04 -0.000E+00 -0.000E+00  0.000E+00
  1.1772250E+04 -0.000E+00 -0.000E+00  0.000E+00
  1.1772750E+04 -0.000E+00 -0.000E+00  0.000E+00
  1.1773250E+04 -0.000E+00 -0.000E+00  0.000E+00
  1.1773750E+04 -0.000E+00 -0.000E+00  0.000E+00
  1.1774250E+04 -0.000E+00 -0.000E+00  0.000E+00
  1.1774750E+04 -0.000E+00 -0.000E+00  0.000E+00
  1.1775250E+04 -0.000E+00 -0.000E+00  0.000E+00
  1.1775750E+04 -0.000E+00 -0.000E+00  0.000E+00
  1.1776250E+04 -0.000E+00 -0.000E+00  0.000E+00
  1.1776750E+04 -0.000E+00 -0.000E+00  0.000E+00
  1.1777250E+04 -0.000E+00 -0.000E+00  0.000E+00
  1.1777750E+04 -0.000E+00 -0.000E+00  0.000E+00
  1.1778250E+04 -0.000E+00 -0.000E+00  0.000E+00
  1.1778750E+04 -0.000E+00 -0.000E+00  0.000E+00
  1.1779250E+04 -0.000E+00 -0.000E+00  0.000E+00
  1.1779750E+04 -0.000E+00 -0.000E+00  0.000E+00
  1.1780250E+04 -0.000E+00 -0.000E+00  0.000E+00
  1.1780750E+04 -0.000E+00 -0.000E+00  0.000E+00
  1.1781250E+04 -0.000E+00 -0.000E+00  0.000E+00
  1.1781750E+04 -0.000E+00 -0.000E+00  0.000E+00
  1.1782250E+04 -0.000E+00 -0.000E+00  0.000E+00
  1.1782750E+04 -0.000E+00 -0.000E+00  0.000E+00
  1.1783250E+04 -0.000E+00 -0.000E+00  0.000E+00
  1.1783750E+04 -0.000E+00 -0.000E+00  0.000E+00
  1.1784250E+04 -0.000E+00 -0.000E+00  0.000E+00
  1.1784750E+04 -0.000E+00 -0.000E+00  0.000E+00
  1.1785250E+04 -0.000E+00 -0.000E+00  0.000E+00
  1.1785750E+04 -0.000E+00 -0.000E+00  0.000E+00
  1.1786250E+04 -0.000E+00 -0.000E+00  0.000E+00
  1.1786750E+04 -0.000E+00 -0.000E+00  0.000E+00
  1.1787250E+04 -0.000E+00 -0.000E+00  0.000E+00
  1.1787750E+04 -0.000E+00 -0.000E+00  0.000E+00
  1.1788250E+04 -0.000E+00 -0.000E+00  0.000E+00
  1.1788750E+04 -0.000E+00 -0.000E+00  0.000E+00
  1.1789250E+04 -0.000E+00 -0.000E+00  0.000E+00
  1.1789750E+04 -0.000E+00 -0.000E+00  0.000E+00
  1.1790250E+04 -0.000E+00 -0.000E+00  0.000E+00
  1.1790750E+04 -0.000E+00 -0.000E+00  0.000E+00
  1.1791250E+04 -0.000E+00 -0.000E+00  0.000E+00
  1.1791750E+04 -0.000E+00 -0.000E+00  0.000E+00
  1.1792250E+04 -0.000E+00 -0.000E+00  0.000E+00
  1.1792750E+04 -0.000E+00 -0.000E+00  0.000E+00
  1.1793250E+04 -0.000E+00 -0.000E+00  0.000E+00
  1.1793750E+04 -0.000E+00 -0.000E+00  0.000E+00
  1.1794250E+04 -0.000E+00 -0.000E+00  0.000E+00
  1.1794750E+04 -0.000E+00 -0.000E+00  0.000E+00
  1.1795250E+04 -0.000E+00 -0.000E+00  0.000E+00
  1.1795750E+04 -0.000E+00 -0.000E+00  0.000E+00
  1.1796250E+04 -0.000E+00 -0.000E+00  0.000E+00
  1.1796750E+04 -0.000E+00 -0.000E+00  0.000E+00
  1.1797250E+04 -0.000E+00 -0.000E+00  0.000E+00
  1.1797750E+04 -0.000E+00 -0.000E+00  0.000E+00
  1.1798250E+04 -0.000E+00 -0.000E+00  0.000E+00
  1.1798750E+04 -0.000E+00 -0.000E+00  0.000E+00
  1.1799250E+04 -0.000E+00 -0.000E+00  0.000E+00
  1.1799750E+04 -0.000E+00 -0.000E+00  0.000E+00
  1.1800250E+04 -0.000E+00 -0.000E+00  0.000E+00
  1.1800750E+04 -0.000E+00 -0.000E+00  0.000E+00
  1.1801250E+04 -0.000E+00 -0.000E+00  0.000E+00
  1.1801750E+04 -0.000E+00 -0.000E+00  0.000E+00
  1.1802250E+04 -0.000E+00 -0.000E+00  0.000E+00
  1.1802750E+04 -0.000E+00 -0.000E+00  0.000E+00
  1.1803250E+04 -0.000E+00 -0.000E+00  0.000E+00
  1.1803750E+04 -0.000E+00 -0.000E+00  0.000E+00
  1.1804250E+04 -0.000E+00 -0.000E+00  0.000E+00
  1.1804750E+04 -0.000E+00 -0.000E+00  0.000E+00
  1.1805250E+04 -0.000E+00 -0.000E+00  0.000E+00
  1.1805750E+04 -0.000E+00 -0.000E+00  0.000E+00
  1.1806250E+04 -0.000E+00 -0.000E+00  0.000E+00
  1.1806750E+04 -0.000E+00 -0.000E+00  0.000E+00
  1.1807250E+04 -0.000E+00 -0.000E+00  0.000E+00
  1.1807750E+04 -0.000E+00 -0.000E+00  0.000E+00
  1.1808250E+04 -0.000E+00 -0.000E+00  0.000E+00
  1.1808750E+04 -0.000E+00 -0.000E+00  0.000E+00
  1.1809250E+04 -0.000E+00 -0.000E+00  0.000E+00
  1.1809750E+04 -0.000E+00 -0.000E+00  0.000E+00
  1.1810250E+04 -0.000E+00 -0.000E+00  0.000E+00
  1.1810750E+04 -0.000E+00 -0.000E+00  0.000E+00
  1.1811250E+04 -0.000E+00 -0.000E+00  0.000E+00
  1.1811750E+04 -0.000E+00 -0.000E+00  0.000E+00
  1.1812250E+04 -0.000E+00 -0.000E+00  0.000E+00
  1.1812750E+04 -0.000E+00 -0.000E+00  0.000E+00
  1.1813250E+04 -0.000E+00 -0.000E+00  0.000E+00
  1.1813750E+04  1.138E-06  9.049E-07 -3.357E-07
  1.1814250E+04 -2.299E-06 -1.824E-06  6.997E-07
  1.1814750E+04  6.986E-06  3.497E-06 -1.059E-05
  1.1815250E+04  4.438E-04  3.519E-04 -1.361E-04
  1.1815750E+04  2.075E-03  1.651E-03 -6.186E-04
  1.1816250E+04  4.033E-04  3.234E-04 -1.110E-04
  1.1816750E+04 -1.435E-04 -9.058E-05  1.380E-04
  1.1817250E+04 -9.590E-05 -2.515E-05  2.381E-04
  1.1817750E+04  7.959E-04  7.180E-04  1.104E-04
  1.1818250E+04  3.365E-04  1.673E-04 -5.198E-04
  1.1818750E+04  8.777E-05  2.293E-04  6.244E-04
  1.1819250E+04 -6.241E-04 -5.716E-04 -1.210E-04
  1.1819750E+04  3.859E-03  3.717E-03  1.502E-03
  1.1820250E+04  4.045E-03  4.383E-03  3.605E-03
  1.1820750E+04 -2.944E-03 -2.019E-03  2.220E-03
  1.1821250E+04 -1.209E-03  8.042E-04  7.680E-03
  1.1821750E+04  9.799E-03  7.813E-03 -2.893E-03
  1.1822250E+04  1.634E-03  2.446E-03  4.192E-03
  1.1822750E+04  4.137E-03  2.983E-03 -2.524E-03
  1.1823250E+04 -4.615E-03 -2.850E-03  4.807E-03
  1.1823750E+04  1.631E-02  1.362E-02 -2.392E-03
  1.1824250E+04  1.137E-02  6.083E-03 -1.582E-02
  1.1824750E+04 -9.620E-04  1.838E-03  1.113E-02
  1.1825250E+04 -5.240E-04  3.021E-04  3.112E-03
  1.1825750E+04 -3.981E-03  8.836E-04  1.797E-02
  1.1826250E+04  8.216E-03  8.121E-03  3.959E-03
  1.1826750E+04 -3.423E-03 -4.023E-03 -4.317E-03
  1.1827250E+04 -3.890E-03 -1.765E-03  6.754E-03
  1.1827750E+04  1.235E-02  1.792E-02  2.963E-02
  1.1828250E+04  2.399E-03  1.351E-03 -3.005E-03
  1.1828750E+04 -5.345E-03 -8.222E-03 -1.484E-02
  1.1829250E+04 -6.103E-04 -2.448E-03 -7.977E-03
  1.1829750E+04 -2.292E-03 -4.505E-04  6.422E-03
  1.1830250E+04  3.921E-02  3.480E-02  2.594E-03
  1.1830750E+04  2.789E-02  3.104E-02  2.796E-02
  1.1831250E+04  3.855E-02  2.919E-02 -1.847E-02
  1.1831750E+04  1.261E-02  7.675E-03 -1.407E-02
  1.1832250E+04  7.791E-02  6.832E-02  5.110E-04
  1.1832750E+04  4.329E-02  5.874E-02  8.705E-02
  1.1833250E+04 -4.630E-03  1.589E-02  8.304E-02
  1.1833750E+04  4.742E-02  4.689E-02  2.234E-02
  1.1834250E+04  2.399E-01  2.324E-01  9.409E-02
  1.1834750E+04 -5.862E-02 -5.973E-02 -3.541E-02
  1.1835250E+04 -1.170E-01 -9.766E-02  1.950E-02
  1.1835750E+04  3.911E-02  3.975E-02  2.311E-02
  1.1836250E+04  5.705E-02  5.563E-02  2.331E-02
  1.1836750E+04  2.072E-02  3.474E-02  6.909E-02
  1.1837250E+04  1.107E-01  1.089E-01  4.985E-02
  1.1837750E+04  1.719E-01  1.226E-01 -1.161E-01
  1.1838250E+04  1.286E-01  1.321E-01  8.068E-02
  1.1838750E+04  8.303E-02  9.393E-02  8.783E-02
  1.1839250E+04  1.400E-01  1.179E-01 -2.113E-02
  1.1839750E+04 -4.641E-02 -6.606E-03  1.436E-01
  1.1840250E+04  1.242E-01  1.045E-01 -1.828E-02
  1.1840750E+04  7.783E-02  9.917E-02  1.276E-01
  1.1841250E+04  6.126E-02  8.882E-02  1.453E-01
  1.1841750E+04  8.422E-02  1.064E-01  1.358E-01
  1.1842250E+04  9.702E-02  9.683E-02  4.795E-02
  1.1842750E+04  9.377E-02  1.216E-01  1.633E-01
  1.1843250E+04  1.992E-01  2.252E-01  2.090E-01
  1.1843750E+04  3.196E-01  3.098E-01  1.226E-01
  1.1844250E+04  3.350E-01  3.038E-01  4.018E-02
  1.1844750E+04  4.461E-01  4.222E-01  1.268E-01
  1.1845250E+04  1.525E-01  1.948E-01  2.564E-01
  1.1845750E+04  7.212E-02  1.653E-01  4.229E-01
  1.1846250E+04  1.859E-01  2.192E-01  2.308E-01
  1.1846750E+04  5.188E-01  5.185E-01  2.586E-01
  1.1847250E+04  4.009E-01  4.016E-01  2.043E-01
  1.1847750E+04  1.906E-01  2.289E-01  2.536E-01
  1.1848250E+04  6.628E-01  5.813E-01 -7.530E-03
  1.1848750E+04  5.108E-01  4.811E-01  1.330E-01
  1.1849250E+04  1.993E-01  2.639E-01  3.679E-01
  1.1849750E+04  3.249E-01  3.466E-01  2.526E-01
  1.1850250E+04  4.217E-01  4.631E-01  3.805E-01
  1.1850750E+04  6.611E-01  6.344E-01  2.172E-01
  1.1851250E+04  8.490E-01  8.430E-01  3.976E-01
  1.1851750E+04  6.510E-01  6.687E-01  3.963E-01
  1.1852250E+04  8.607E-01  8.861E-01  5.310E-01
  1.1852750E+04  7.549E-01  9.248E-01  1.085E+00
  1.1853250E+04  1.106E+00  1.126E+00  6.278E-01
  1.1853750E+04  9.182E-01  8.441E-01  1.439E-01
  1.1854250E+04  1.449E+00  1.410E+00  5.509E-01
  1.1854750E+04  1.092E+00  1.055E+00  3.850E-01
  1.1855250E+04  9.165E-01  1.013E+00  8.488E-01
  1.1855750E+04  9.483E-01  1.042E+00  8.553E-01
  1.1856250E+04  1.257E+00  1.440E+00  1.376E+00
  1.1856750E+04  1.577E+00  1.671E+00  1.171E+00
  1.1857250E+04  1.521E+00  1.628E+00  1.187E+00
  1.1857750E+04  2.218E+00  2.098E+00  5.839E-01
  1.1858250E+04  1.266E+00  1.284E+00  6.831E-01
  1.1858750E+04  1.768E+00  1.947E+00  1.599E+00
  1.1859250E+04  2.302E+00  2.427E+00  1.637E+00
  1.1859750E+04  2.303E+00  2.233E+00  8.215E-01
  1.1860250E+04  1.644E+00  1.533E+00  3.293E-01
  1.1860750E+04  2.524E+00  2.612E+00  1.586E+00
  1.1861250E+04  2.702E+00  2.766E+00  1.565E+00
  1.1861750E+04  3.453E+00  3.616E+00  2.351E+00
  1.1862250E+04  3.100E+00  3.233E+00  2.040E+00
  1.1862750E+04  2.754E+00  3.179E+00  3.083E+00
  1.1863250E+04  3.229E+00  3.279E+00  1.761E+00
  1.1863750E+04  3.896E+00  4.193E+00  3.098E+00
  1.1864250E+04  5.046E+00  5.144E+00  2.806E+00
  1.1864750E+04  5.001E+00  5.309E+00  3.653E+00
  1.1865250E+04  5.637E+00  5.687E+00  2.881E+00
  1.1865750E+04  5.665E+00  5.602E+00  2.427E+00
  1.1866250E+04  4.940E+00  5.341E+00  4.013E+00
  1.1866750E+04  5.767E+00  5.981E+00  3.613E+00
  1.1867250E+04  7.335E+00  7.841E+00  5.565E+00
  1.1867750E+04  7.089E+00  7.105E+00  3.401E+00
  1.1868250E+04  6.807E+00  6.775E+00  3.064E+00
  1.1868750E+04  6.729E+00  7.055E+00  4.503E+00
  1.1869250E+04  6.824E+00  7.555E+00  6.248E+00
  1.1869750E+04  8.840E+00  9.152E+00  5.428E+00
  1.1870250E+04  8.657E+00  9.305E+00  6.743E+00
  1.1870750E+04  1.052E+01  1.069E+01  5.609E+00
  1.1871250E+04  1.034E+01  1.038E+01  4.980E+00
  1.1871750E+04  1.076E+01  1.071E+01  4.805E+00
  1.1872250E+04  1.065E+01  1.118E+01  7.161E+00
  1.1872750E+04  1.235E+01  1.289E+01  7.940E+00
  1.1873250E+04  1.340E+01  1.418E+01  9.436E+00
  1.1873750E+04  1.372E+01  1.415E+01  8.121E+00
  1.1874250E+04  1.222E+01  1.261E+01  7.271E+00
  1.1874750E+04  1.422E+01  1.456E+01  7.953E+00
  1.1875250E+04  1.254E+01  1.307E+01  7.974E+00
  1.1875750E+04  1.677E+01  1.727E+01  9.783E+00
  1.1876250E+04  1.604E+01  1.665E+01  9.854E+00
  1.1876750E+04  1.720E+01  1.799E+01  1.118E+01
  1.1877250E+04  1.658E+01  1.753E+01  1.149E+01
  1.1877750E+04  1.896E+01  1.965E+01  1.152E+01
  1.1878250E+04  2.036E+01  2.102E+01  1.197E+01
  1.1878750E+04  1.879E+01  1.914E+01  9.984E+00
  1.1879250E+04  2.331E+01  2.405E+01  1.366E+01
  1.1879750E+04  2.507E+01  2.586E+01  1.459E+01
  1.1880250E+04  2.388E+01  2.390E+01  1.084E+01
  1.1880750E+04  2.575E+01  2.691E+01  1.641E+01
  1.1881250E+04  2.560E+01  2.619E+01  1.393E+01
  1.1881750E+04  2.601E+01  2.672E+01  1.466E+01
  1.1882250E+04  2.709E+01  2.789E+01  1.547E+01
  1.1882750E+04  2.930E+01  3.065E+01  1.880E+01
  1.1883250E+04  2.979E+01  3.027E+01  1.529E+01
  1.1883750E+04  2.907E+01  2.933E+01  1.398E+01
  1.1884250E+04  3.029E+01  3.254E+01  2.281E+01
  1.1884750E+04  3.617E+01  3.641E+01  1.706E+01
  1.1885250E+04  3.479E+01  3.591E+01  2.006E+01
  1.1885750E+04  3.613E+01  3.645E+01  1.730E+01
  1.1886250E+04  3.609E+01  3.747E+01  2.168E+01
  1.1886750E+04  3.649E+01  3.830E+01  2.365E+01
  1.1887250E+04  3.928E+01  4.131E+01  2.579E+01
  1.1887750E+04  4.145E+01  4.268E+01  2.333E+01
  1.1888250E+04  4.191E+01  4.304E+01  2.307E+01
  1.1888750E+04  4.627E+01  4.646E+01  2.104E+01
  1.1889250E+04  4.749E+01  4.922E+01  2.792E+01
  1.1889750E+04  4.575E+01  4.729E+01  2.631E+01
  1.1890250E+04  5.251E+01  5.331E+01  2.619E+01
  1.1890750E+04  5.152E+01  5.240E+01  2.603E+01
  1.1891250E+04  5.052E+01  5.178E+01  2.717E+01
  1.1891750E+04  5.309E+01  5.499E+01  3.090E+01
  1.1892250E+04  5.494E+01  5.564E+01  2.664E+01
  1.1892750E+04  5.527E+01  5.680E+01  3.017E+01
  1.1893250E+04  5.944E+01  6.087E+01  3.154E+01
  1.1893750E+04  5.336E+01  5.554E+01  3.192E+01
  1.1894250E+04  5.825E+01  5.960E+01  3.054E+01
  1.1894750E+04  6.147E+01  6.368E+01  3.553E+01
  1.1895250E+04  6.234E+01  6.419E+01  3.426E+01
  1.1895750E+04  6.825E+01  6.966E+01  3.497E+01
  1.1896250E+04  6.159E+01  6.199E+01  2.778E+01
  1.1896750E+04  6.680E+01  6.982E+01  4.088E+01
  1.1897250E+04  6.865E+01  7.080E+01  3.805E+01
  1.1897750E+04  6.643E+01  6.823E+01  3.554E+01
  1.1898250E+04  7.486E+01  7.731E+01  4.181E+01
  1.1898750E+04  7.393E+01  7.600E+01  3.963E+01
  1.1899250E+04  7.902E+01  7.963E+01  3.571E+01
  1.1899750E+04  7.619E+01  7.901E+01  4.363E+01
  1.1900250E+04  7.408E+01  7.656E+01  4.132E+01
  1.1900750E+04  7.394E+01  7.629E+01  4.069E+01
  1.1901250E+04  8.038E+01  8.114E+01  3.660E+01
  1.1901750E+04  8.036E+01  8.162E+01  3.861E+01
  1.1902250E+04  7.925E+01  8.054E+01  3.821E+01
  1.1902750E+04  8.359E+01  8.537E+01  4.200E+01
  1.1903250E+04  8.001E+01  8.226E+01  4.246E+01
  1.1903750E+04  7.675E+01  7.954E+01  4.321E+01
  1.1904250E+04  8.356E+01  8.521E+01  4.116E+01
  1.1904750E+04  8.382E+01  8.518E+01  4.003E+01
  1.1905250E+04  8.383E+01  8.609E+01  4.362E+01
  1.1905750E+04  8.430E+01  8.755E+01  4.793E+01
  1.1906250E+04  9.016E+01  9.184E+01  4.381E+01
  1.1906750E+04  9.101E+01  9.447E+01  5.146E+01
  1.1907250E+04  9.060E+01  9.217E+01  4.332E+01
  1.1907750E+04  9.266E+01  9.421E+01  4.401E+01
  1.1908250E+04  9.049E+01  9.411E+01  5.166E+01
  1.1908750E+04  9.235E+01  9.432E+01  4.542E+01
  1.1909250E+04  9.351E+01  9.670E+01  5.100E+01
  1.1909750E+04  9.687E+01  9.869E+01  4.648E+01
  1.1910250E+04  9.713E+01  9.805E+01  4.268E+01
  1.1910750E+04  9.318E+01  9.651E+01  5.111E+01
  1.1911250E+04  9.494E+01  9.629E+01  4.342E+01
  1.1911750E+04  9.280E+01  9.395E+01  4.173E+01
  1.1912250E+04  9.319E+01  9.503E+01  4.468E+01
  1.1912750E+04  9.801E+01  1.018E+02  5.448E+01
  1.1913250E+04  9.267E+01  9.629E+01  5.167E+01
  1.1913750E+04  9.343E+01  9.617E+01  4.817E+01
  1.1914250E+04  9.985E+01  1.013E+02  4.533E+01
  1.1914750E+04  9.544E+01  9.894E+01  5.198E+01
  1.1915250E+04  1.047E+02  1.061E+02  4.688E+01
  1.1915750E+04  1.034E+02  1.048E+02  4.609E+01
  1.1916250E+04  9.907E+01  1.001E+02  4.305E+01
  1.1916750E+04  9.325E+01  9.691E+01  5.141E+01
  1.1917250E+04  9.483E+01  9.943E+01  5.583E+01
  1.1917750E+04  8.837E+01  9.186E+01  4.846E+01
  1.1918250E+04  1.039E+02  1.072E+02  5.358E+01
  1.1918750E+04  1.027E+02  1.048E+02  4.802E+01
  1.1919250E+04  9.826E+01  1.002E+02  4.560E+01
  1.1919750E+04  1.040E+02  1.037E+02  3.847E+01
  1.1920250E+04  9.815E+01  1.006E+02  4.748E+01
  1.1920750E+04  9.839E+01  9.987E+01  4.359E+01
  1.1921250E+04  9.468E+01  9.645E+01  4.315E+01
  1.1921750E+04  8.511E+01  8.912E+01  4.874E+01
  1.1922250E+04  1.012E+02  1.031E+02  4.599E+01
  1.1922750E+04  9.588E+01  9.844E+01  4.672E+01
  1.1923250E+04  8.987E+01  9.348E+01  4.871E+01
  1.1923750E+04  9.329E+01  9.440E+01  3.941E+01
  1.1924250E+04  8.875E+01  9.396E+01  5.490E+01
  1.1924750E+04  9.379E+01  9.542E+01  4.177E+01
  1.1925250E+04  9.463E+01  9.750E+01  4.700E+01
  1.1925750E+04  9.096E+01  9.186E+01  3.743E+01
  1.1926250E+04  9.332E+01  9.534E+01  4.286E+01
  1.1926750E+04  8.874E+01  9.339E+01  5.185E+01
  1.1927250E+04  8.587E+01  9.062E+01  5.116E+01
  1.1927750E+04  8.623E+01  8.733E+01  3.608E+01
  1.1928250E+04  8.597E+01  8.645E+01  3.334E+01
  1.1928750E+04  9.130E+01  9.403E+01  4.466E+01
  1.1929250E+04  7.854E+01  8.266E+01  4.541E+01
  1.1929750E+04  8.602E+01  8.747E+01  3.713E+01
  1.1930250E+04  8.291E+01  8.767E+01  4.970E+01
  1.1930750E+04  8.741E+01  8.986E+01  4.175E+01
  1.1931250E+04  7.861E+01  7.976E+01  3.269E+01
  1.1931750E+04  7.955E+01  8.366E+01  4.549E+01
  1.1932250E+04  8.853E+01  8.945E+01  3.541E+01
  1.1932750E+04  7.708E+01  7.963E+01  3.789E+01
  1.1933250E+04  8.642E+01  8.749E+01  3.493E+01
  1.1933750E+04  7.725E+01  7.855E+01  3.251E+01
  1.1934250E+04  6.913E+01  7.343E+01  4.199E+01
  1.1934750E+04  7.605E+01  7.774E+01  3.355E+01
  1.1935250E+04  7.892E+01  8.213E+01  4.112E+01
  1.1935750E+04  7.410E+01  7.712E+01  3.825E+01
  1.1936250E+04  7.204E+01  7.412E+01  3.346E+01
  1.1936750E+04  6.823E+01  6.838E+01  2.388E+01
  1.1937250E+04  7.202E+01  7.425E+01  3.389E+01
  1.1937750E+04  6.937E+01  7.070E+01  2.914E+01
  1.1938250E+04  7.007E+01  7.262E+01  3.447E+01
  1.1938750E+04  6.224E+01  6.327E+01  2.508E+01
  1.1939250E+04  5.682E+01  5.893E+01  2.749E+01
  1.1939750E+04  5.452E+01  5.837E+01  3.405E+01
  1.1940250E+04  6.373E+01  6.553E+01  2.887E+01
  1.1940750E+04  5.765E+01  6.024E+01  2.980E+01
  1.1941250E+04  5.926E+01  6.168E+01  2.957E+01
  1.1941750E+04  5.240E+01  5.512E+01  2.830E+01
  1.1942250E+04  5.371E+01  5.469E+01  2.140E+01
  1.1942750E+04  5.738E+01  5.785E+01  2.051E+01
  1.1943250E+04  5.265E+01  5.414E+01  2.328E+01
  1.1943750E+04  5.231E+01  5.521E+01  2.873E+01
  1.1944250E+04  4.788E+01  5.064E+01  2.647E+01
  1.1944750E+04  4.242E+01  4.533E+01  2.520E+01
  1.1945250E+04  5.009E+01  4.900E+01  1.102E+01
  1.1945750E+04  5.625E+01  5.633E+01  1.812E+01
  1.1946250E+04  4.189E+01  4.515E+01  2.664E+01
  1.1946750E+04  4.301E+01  4.490E+01  2.096E+01
  1.1947250E+04  3.607E+01  3.756E+01  1.677E+01
  1.1947750E+04  3.822E+01  4.118E+01  2.376E+01
  1.1948250E+04  4.008E+01  4.035E+01  1.305E+01
  1.1948750E+04  3.956E+01  4.139E+01  1.931E+01
  1.1949250E+04  4.074E+01  4.012E+01  9.300E+00
  1.1949750E+04  3.526E+01  3.522E+01  9.976E+00
  1.1950250E+04  2.524E+01  2.784E+01  1.744E+01
  1.1950750E+04  3.557E+01  3.610E+01  1.250E+01
  1.1951250E+04  3.417E+01  3.574E+01  1.633E+01
  1.1951750E+04  3.278E+01  3.194E+01  5.630E+00
  1.1952250E+04  3.151E+01  3.319E+01  1.553E+01
  1.1952750E+04  2.888E+01  2.844E+01  5.794E+00
  1.1953250E+04  2.715E+01  2.952E+01  1.700E+01
  1.1953750E+04  2.915E+01  3.028E+01  1.253E+01
  1.1954250E+04  2.736E+01  2.848E+01  1.166E+01
  1.1954750E+04  2.756E+01  2.709E+01  4.805E+00
  1.1955250E+04  1.805E+01  1.910E+01  8.136E+00
  1.1955750E+04  1.506E+01  1.660E+01  9.214E+00
  1.1956250E+04  2.304E+01  2.362E+01  7.747E+00
  1.1956750E+04  1.504E+01  1.745E+01  1.279E+01
  1.1957250E+04  2.218E+01  2.324E+01  9.504E+00
  1.1957750E+04  1.701E+01  1.923E+01  1.274E+01
  1.1958250E+04  1.992E+01  2.128E+01  9.872E+00
  1.1958750E+04  1.661E+01  1.767E+01  7.825E+00
  1.1959250E+04  1.594E+01  1.687E+01  6.854E+00
  1.1959750E+04  9.506E+00  1.074E+01  5.832E+00
  1.1960250E+04  1.891E+01  1.957E+01  6.658E+00
  1.1960750E+04  8.297E+00  1.041E+01  9.135E+00
  1.1961250E+04  6.406E+00  7.127E+00  2.722E+00
  1.1961750E+04  6.489E+00  8.037E+00  6.186E+00
  1.1962250E+04  3.465E+00  4.822E+00  4.289E+00
  1.1962750E+04  1.019E+01  1.101E+01  4.424E+00
  1.1963250E+04  5.094E+00  5.927E+00  2.541E+00
  1.1963750E+04  1.332E+01  1.293E+01  2.206E-01
  1.1964250E+04  3.593E+00  3.725E+00 -7.390E-01
  1.1964750E+04  2.492E+00  3.434E+00  2.229E+00
  1.1965250E+04 -6.994E-01 -1.460E+00 -6.191E+00
  1.1965750E+04  2.453E+00  2.534E+00 -1.546E+00
  1.1966250E+04  2.884E+00  2.649E+00 -2.346E+00
  1.1966750E+04 -1.193E+00 -8.953E-01 -1.675E+00
  1.1967250E+04 -7.406E+00 -5.671E+00  2.308E+00
  1.1967750E+04 -1.222E+00 -1.413E+00 -3.914E+00
  1.1968250E+04  1.870E+00  2.907E+00  2.501E+00
  1.1968750E+04 -5.902E-01  2.988E-01  1.149E+00
  1.1969250E+04 -3.917E-01  4.445E-02 -6.359E-01
  1.1969750E+04 -4.156E+00 -3.002E+00  1.107E+00
  1.1970250E+04  9.935E-01  9.389E-01 -2.597E+00
  1.1970750E+04 -1.118E+00 -6.601E-01 -1.243E+00
  1.1971250E+04 -7.515E+00 -8.060E+00 -7.610E+00
  1.1971750E+04 -6.016E+00 -5.266E+00 -1.490E+00
  1.1972250E+04 -4.746E+00 -4.096E+00 -1.298E+00
  1.1972750E+04 -5.947E+00 -5.347E+00 -1.958E+00
  1.1973250E+04 -6.759E+00 -7.441E+00 -7.554E+00
  1.1973750E+04 -1.360E+01 -1.389E+01 -8.193E+00
  1.1974250E+04 -1.221E+01 -1.297E+01 -9.866E+00
  1.1974750E+04 -7.922E+00 -7.916E+00 -4.975E+00
  1.1975250E+04 -6.789E+00 -5.847E+00 -6.132E-01
  1.1975750E+04 -1.246E+01 -1.267E+01 -7.592E+00
  1.1976250E+04 -8.790E+00 -9.736E+00 -9.583E+00
  1.1976750E+04 -1.809E+01 -1.698E+01 -4.124E+00
  1.1977250E+04 -9.125E+00 -1.165E+01 -1.612E+01
  1.1977750E+04 -1.019E+01 -9.650E+00 -3.741E+00
  1.1978250E+04 -8.723E+00 -8.918E+00 -6.069E+00
  1.1978750E+04 -1.320E+01 -1.329E+01 -7.161E+00
  1.1979250E+04 -1.953E+01 -1.870E+01 -5.366E+00
  1.1979750E+04 -2.328E+01 -2.191E+01 -4.253E+00
  1.1980250E+04 -1.924E+01 -1.852E+01 -5.583E+00
  1.1980750E+04 -1.711E+01 -1.591E+01 -2.871E+00
  1.1981250E+04 -1.591E+01 -1.646E+01 -9.922E+00
  1.1981750E+04 -1.072E+01 -1.130E+01 -8.418E+00
  1.1982250E+04 -1.547E+01 -1.493E+01 -5.347E+00
  1.1982750E+04 -1.736E+01 -1.786E+01 -1.020E+01
  1.1983250E+04 -2.335E+01 -2.114E+01 -9.486E-01
  1.1983750E+04 -2.187E+01 -2.143E+01 -7.540E+00
  1.1984250E+04 -1.219E+01 -1.333E+01 -1.119E+01
  1.1984750E+04 -1.717E+01 -1.721E+01 -8.208E+00
  1.1985250E+04 -1.667E+01 -1.794E+01 -1.300E+01
  1.1985750E+04 -1.758E+01 -1.768E+01 -8.224E+00
  1.1986250E+04 -2.066E+01 -2.195E+01 -1.460E+01
  1.1986750E+04 -1.795E+01 -1.717E+01 -4.780E+00
  1.1987250E+04 -1.648E+01 -1.743E+01 -1.168E+01
  1.1987750E+04 -2.151E+01 -2.099E+01 -7.077E+00
  1.1988250E+04 -2.364E+01 -2.281E+01 -6.735E+00
  1.1988750E+04 -1.601E+01 -1.704E+01 -1.165E+01
  1.1989250E+04 -1.863E+01 -1.816E+01 -6.036E+00
  1.1989750E+04 -2.332E+01 -2.279E+01 -7.604E+00
  1.1990250E+04 -1.856E+01 -1.667E+01 -2.849E-01
  1.1990750E+04 -2.363E+01 -2.376E+01 -1.031E+01
  1.1991250E+04 -2.200E+01 -2.388E+01 -1.725E+01
  1.1991750E+04 -1.974E+01 -2.056E+01 -1.203E+01
  1.1992250E+04 -2.123E+01 -2.197E+01 -1.215E+01
  1.1992750E+04 -2.204E+01 -2.100E+01 -5.092E+00
  1.1993250E+04 -2.570E+01 -2.430E+01 -4.515E+00
  1.1993750E+04 -2.192E+01 -2.253E+01 -1.154E+01
  1.1994250E+04 -2.048E+01 -2.135E+01 -1.253E+01
  1.1994750E+04 -2.424E+01 -2.373E+01 -7.730E+00
  1.1995250E+04 -2.125E+01 -2.185E+01 -1.155E+01
  1.1995750E+04 -1.996E+01 -2.100E+01 -1.295E+01
  1.1996250E+04 -2.346E+01 -2.380E+01 -1.099E+01
  1.1996750E+04 -2.637E+01 -2.564E+01 -7.312E+00
  1.1997250E+04 -2.183E+01 -2.255E+01 -1.219E+01
  1.1997750E+04 -2.121E+01 -2.216E+01 -1.294E+01
  1.1998250E+04 -2.045E+01 -2.109E+01 -1.115E+01
  1.1998750E+04 -2.385E+01 -2.391E+01 -9.825E+00
  1.1999250E+04 -2.234E+01 -2.401E+01 -1.616E+01
  1.1999750E+04 -2.303E+01 -2.375E+01 -1.295E+01
  1.2000250E+04 -2.439E+01 -2.427E+01 -9.000E+00
  1.2000750E+04 -2.553E+01 -2.491E+01 -6.572E+00
  1.2001250E+04 -2.187E+01 -2.122E+01 -6.590E+00
  1.2001750E+04 -2.301E+01 -2.371E+01 -1.244E+01
  1.2002250E+04 -2.454E+01 -2.504E+01 -1.261E+01
  1.2002750E+04 -2.372E+01 -2.373E+01 -1.162E+01
  1.2003250E+04 -2.586E+01 -2.718E+01 -1.517E+01
  1.2003750E+04 -2.445E+01 -2.498E+01 -1.144E+01
  1.2004250E+04 -2.377E+01 -2.360E+01 -8.893E+00
  1.2004750E+04 -2.073E+01 -2.113E+01 -1.054E+01
  1.2005250E+04 -2.175E+01 -2.289E+01 -1.382E+01
  1.2005750E+04 -2.650E+01 -2.694E+01 -1.179E+01
  1.2006250E+04 -2.720E+01 -2.676E+01 -8.161E+00
  1.2006750E+04 -2.133E+01 -2.297E+01 -1.470E+01
  1.2007250E+04 -2.083E+01 -2.220E+01 -1.422E+01
  1.2007750E+04 -2.420E+01 -2.509E+01 -1.349E+01
  1.2008250E+04 -2.277E+01 -2.266E+01 -8.462E+00
  1.2008750E+04 -2.634E+01 -2.642E+01 -1.072E+01
  1.2009250E+04 -2.851E+01 -2.844E+01 -1.067E+01
  1.2009750E+04 -2.336E+01 -2.263E+01 -6.102E+00
  1.2010250E+04 -1.930E+01 -2.050E+01 -1.304E+01
  1.2010750E+04 -2.403E+01 -2.383E+01 -8.650E+00
  1.2011250E+04 -2.423E+01 -2.484E+01 -1.178E+01
  1.2011750E+04 -1.989E+01 -2.220E+01 -1.741E+01
  1.2012250E+04 -2.496E+01 -2.495E+01 -9.629E+00
  1.2012750E+04 -2.343E+01 -2.302E+01 -7.646E+00
  1.2013250E+04 -2.367E+01 -2.439E+01 -1.239E+01
  1.2013750E+04 -2.340E+01 -2.417E+01 -1.229E+01
  1.2014250E+04 -2.933E+01 -2.921E+01 -1.064E+01
  1.2014750E+04 -2.699E+01 -2.647E+01 -7.813E+00
  1.2015250E+04 -2.607E+01 -2.600E+01 -9.737E+00
  1.2015750E+04 -2.227E+01 -2.351E+01 -1.397E+01
  1.2016250E+04 -2.148E+01 -2.279E+01 -1.365E+01
  1.2016750E+04 -2.364E+01 -2.352E+01 -8.765E+00
  1.2017250E+04 -2.331E+01 -2.452E+01 -1.416E+01
  1.2017750E+04 -2.741E+01 -2.816E+01 -1.339E+01
  1.2018250E+04 -2.452E+01 -2.508E+01 -1.187E+01
  1.2018750E+04 -2.433E+01 -2.425E+01 -8.870E+00
  1.2019250E+04 -2.462E+01 -2.472E+01 -9.735E+00
  1.2019750E+04 -2.338E+01 -2.414E+01 -1.198E+01
  1.2020250E+04 -2.046E+01 -2.084E+01 -9.220E+00
  1.2020750E+04 -2.229E+01 -2.315E+01 -1.219E+01
  1.2021250E+04 -2.521E+01 -2.624E+01 -1.367E+01
  1.2021750E+04 -2.482E+01 -2.571E+01 -1.312E+01
  1.2022250E+04 -2.423E+01 -2.428E+01 -9.476E+00
  1.2022750E+04 -2.228E+01 -2.264E+01 -9.896E+00
  1.2023250E+04 -2.352E+01 -2.434E+01 -1.250E+01
  1.2023750E+04 -2.169E+01 -2.239E+01 -1.126E+01
  1.2024250E+04 -2.499E+01 -2.559E+01 -1.160E+01
  1.2024750E+04 -2.449E+01 -2.541E+01 -1.317E+01
  1.2025250E+04 -2.305E+01 -2.430E+01 -1.400E+01
  1.2025750E+04 -2.230E+01 -2.333E+01 -1.290E+01
  1.2026250E+04 -2.378E+01 -2.351E+01 -7.669E+00
  1.2026750E+04 -2.265E+01 -2.257E+01 -8.491E+00
  1.2027250E+04 -2.822E+01 -2.744E+01 -7.149E+00
  1.2027750E+04 -2.440E+01 -2.448E+01 -9.420E+00
  1.2028250E+04 -2.138E+01 -2.193E+01 -1.036E+01
  1.2028750E+04 -2.368E+01 -2.441E+01 -1.181E+01
  1.2029250E+04 -2.492E+01 -2.538E+01 -1.115E+01
  1.2029750E+04 -2.235E+01 -2.265E+01 -9.926E+00
  1.2030250E+04 -1.908E+01 -2.017E+01 -1.196E+01
  1.2030750E+04 -2.326E+01 -2.355E+01 -9.977E+00
  1.2031250E+04 -2.294E+01 -2.314E+01 -9.446E+00
  1.2031750E+04 -2.135E+01 -2.161E+01 -9.158E+00
  1.2032250E+04 -2.332E+01 -2.374E+01 -1.045E+01
  1.2032750E+04 -2.236E+01 -2.311E+01 -1.153E+01
  1.2033250E+04 -2.355E+01 -2.361E+01 -9.248E+00
  1.2033750E+04 -2.129E+01 -2.226E+01 -1.214E+01
  1.2034250E+04 -2.272E+01 -2.406E+01 -1.413E+01
  1.2034750E+04 -2.310E+01 -2.407E+01 -1.260E+01
  1.2035250E+04 -2.486E+01 -2.460E+01 -7.978E+00
  1.2035750E+04 -2.371E+01 -2.371E+01 -8.602E+00
  1.2036250E+04 -1.988E+01 -2.089E+01 -1.187E+01
  1.2036750E+04 -1.822E+01 -1.816E+01 -6.697E+00
  1.2037250E+04 -2.491E+01 -2.496E+01 -9.123E+00
  1.2037750E+04 -2.500E+01 -2.529E+01 -1.058E+01
  1.2038250E+04 -2.153E+01 -2.206E+01 -1.049E+01
  1.2038750E+04 -2.112E+01 -2.203E+01 -1.168E+01
  1.2039250E+04 -2.136E+01 -2.241E+01 -1.261E+01
  1.2039750E+04 -1.971E+01 -2.071E+01 -1.178E+01
  1.2040250E+04 -2.119E+01 -2.157E+01 -9.480E+00
  1.2040750E+04 -2.151E+01 -2.212E+01 -1.042E+01
  1.2041250E+04 -2.209E+01 -2.354E+01 -1.429E+01
  1.2041750E+04 -2.177E+01 -2.310E+01 -1.377E+01
  1.2042250E+04 -2.282E+01 -2.292E+01 -8.693E+00
  1.2042750E+04 -2.069E+01 -2.126E+01 -1.001E+01
  1.2043250E+04 -2.028E+01 -2.103E+01 -1.080E+01
  1.2043750E+04 -2.287E+01 -2.338E+01 -1.065E+01
  1.2044250E+04 -2.258E+01 -2.312E+01 -1.025E+01
  1.2044750E+04 -2.026E+01 -2.120E+01 -1.162E+01
  1.2045250E+04 -1.995E+01 -2.067E+01 -1.064E+01
  1.2045750E+04 -2.043E+01 -2.055E+01 -8.288E+00
  1.2046250E+04 -2.044E+01 -2.092E+01 -9.671E+00
  1.2046750E+04 -2.019E+01 -2.100E+01 -1.102E+01
  1.2047250E+04 -1.856E+01 -1.937E+01 -1.023E+01
  1.2047750E+04 -1.931E+01 -1.967E+01 -8.789E+00
  1.2048250E+04 -2.067E+01 -2.054E+01 -7.129E+00
  1.2048750E+04 -2.208E+01 -2.258E+01 -1.009E+01
  1.2049250E+04 -2.060E+01 -2.129E+01 -1.065E+01
  1.2049750E+04 -2.120E+01 -2.143E+01 -8.694E+00
  1.2050250E+04 -1.991E+01 -2.048E+01 -9.651E+00
  1.2050750E+04 -2.124E+01 -2.193E+01 -1.072E+01
  1.2051250E+04 -2.064E+01 -2.106E+01 -9.421E+00
  1.2051750E+04 -2.055E+01 -2.055E+01 -7.571E+00
  1.2052250E+04 -1.951E+01 -1.975E+01 -8.360E+00
  1.2052750E+04 -2.038E+01 -2.112E+01 -1.073E+01
  1.2053250E+04 -1.991E+01 -2.053E+01 -1.003E+01
  1.2053750E+04 -1.864E+01 -1.927E+01 -9.592E+00
  1.2054250E+04 -1.793E+01 -1.865E+01 -9.450E+00
  1.2054750E+04 -2.096E+01 -2.185E+01 -1.125E+01
  1.2055250E+04 -2.069E+01 -2.146E+01 -1.104E+01
  1.2055750E+04 -1.999E+01 -2.083E+01 -1.086E+01
  1.2056250E+04 -2.033E+01 -2.082E+01 -9.489E+00
  1.2056750E+04 -1.840E+01 -1.930E+01 -1.063E+01
  1.2057250E+04 -1.888E+01 -1.991E+01 -1.129E+01
  1.2057750E+04 -1.833E+01 -1.912E+01 -1.018E+01
  1.2058250E+04 -1.881E+01 -1.945E+01 -9.788E+00
  1.2058750E+04 -2.016E+01 -1.995E+01 -6.507E+00
  1.2059250E+04 -2.110E+01 -2.134E+01 -8.684E+00
  1.2059750E+04 -1.723E+01 -1.766E+01 -8.073E+00
  1.2060250E+04 -1.939E+01 -1.979E+01 -8.944E+00
  1.2060750E+04 -2.035E+01 -2.026E+01 -7.052E+00
  1.2061250E+04 -1.935E+01 -1.993E+01 -9.895E+00
  1.2061750E+04 -2.096E+01 -2.148E+01 -9.786E+00
  1.2062250E+04 -1.741E+01 -1.855E+01 -1.125E+01
  1.2062750E+04 -1.507E+01 -1.605E+01 -9.790E+00
  1.2063250E+04 -1.925E+01 -1.978E+01 -9.136E+00
  1.2063750E+04 -1.778E+01 -1.826E+01 -8.480E+00
  1.2064250E+04 -2.069E+01 -2.082E+01 -8.083E+00
  1.2064750E+04 -1.802E+01 -1.808E+01 -6.955E+00
  1.2065250E+04 -1.788E+01 -1.885E+01 -1.062E+01
  1.2065750E+04 -1.490E+01 -1.563E+01 -8.422E+00
  1.2066250E+04 -1.872E+01 -1.923E+01 -8.993E+00
  1.2066750E+04 -1.882E+01 -1.930E+01 -8.930E+00
  1.2067250E+04 -1.709E+01 -1.777E+01 -9.161E+00
  1.2067750E+04 -1.739E+01 -1.777E+01 -8.013E+00
  1.2068250E+04 -1.778E+01 -1.813E+01 -7.814E+00
  1.2068750E+04 -1.836E+01 -1.916E+01 -1.022E+01
  1.2069250E+04 -1.993E+01 -2.045E+01 -9.352E+00
  1.2069750E+04 -1.810E+01 -1.868E+01 -9.138E+00
  1.2070250E+04 -1.717E+01 -1.710E+01 -6.029E+00
  1.2070750E+04 -1.863E+01 -1.872E+01 -7.238E+00
  1.2071250E+04 -2.062E+01 -2.107E+01 -8.308E+00
  1.2071750E+04 -1.970E+01 -1.965E+01 -6.947E+00
  1.2072250E+04 -1.670E+01 -1.743E+01 -9.471E+00
  1.2072750E+04 -1.757E+01 -1.806E+01 -8.813E+00
  1.2073250E+04 -1.751E+01 -1.837E+01 -1.026E+01
  1.2073750E+04 -1.760E+01 -1.810E+01 -8.548E+00
  1.2074250E+04 -1.664E+01 -1.723E+01 -8.530E+00
  1.2074750E+04 -1.583E+01 -1.679E+01 -1.013E+01
  1.2075250E+04 -1.665E+01 -1.706E+01 -7.478E+00
  1.2075750E+04 -1.620E+01 -1.614E+01 -6.283E+00
  1.2076250E+04 -1.861E+01 -1.876E+01 -7.431E+00
  1.2076750E+04 -1.633E+01 -1.722E+01 -9.940E+00
  1.2077250E+04 -1.560E+01 -1.574E+01 -6.434E+00
  1.2077750E+04 -1.607E+01 -1.646E+01 -7.623E+00
  1.2078250E+04 -1.672E+01 -1.704E+01 -7.383E+00
  1.2078750E+04 -1.708E+01 -1.736E+01 -7.407E+00
  1.2079250E+04 -1.606E+01 -1.636E+01 -7.889E+00
  1.2079750E+04 -1.548E+01 -1.638E+01 -9.597E+00
  1.2080250E+04 -1.672E+01 -1.765E+01 -9.887E+00
  1.2080750E+04 -1.695E+01 -1.719E+01 -7.063E+00
  1.2081250E+04 -1.807E+01 -1.788E+01 -5.335E+00
  1.2081750E+04 -1.716E+01 -1.787E+01 -8.929E+00
  1.2082250E+04 -1.561E+01 -1.603E+01 -7.525E+00
  1.2082750E+04 -1.681E+01 -1.751E+01 -9.113E+00
  1.2083250E+04 -1.788E+01 -1.850E+01 -8.926E+00
  1.2083750E+04 -1.335E+01 -1.411E+01 -7.980E+00
  1.2084250E+04 -1.531E+01 -1.560E+01 -6.751E+00
  1.2084750E+04 -1.498E+01 -1.567E+01 -8.441E+00
  1.2085250E+04 -1.588E+01 -1.625E+01 -7.350E+00
  1.2085750E+04 -1.761E+01 -1.859E+01 -1.056E+01
  1.2086250E+04 -1.555E+01 -1.561E+01 -6.023E+00
  1.2086750E+04 -1.426E+01 -1.531E+01 -9.612E+00
  1.2087250E+04 -1.503E+01 -1.567E+01 -8.281E+00
  1.2087750E+04 -1.624E+01 -1.640E+01 -6.650E+00
  1.2088250E+04 -1.669E+01 -1.732E+01 -8.798E+00
  1.2088750E+04 -1.589E+01 -1.614E+01 -6.976E+00
  1.2089250E+04 -1.573E+01 -1.624E+01 -7.814E+00
  1.2089750E+04 -1.607E+01 -1.564E+01 -3.997E+00
  1.2090250E+04 -1.605E+01 -1.655E+01 -8.076E+00
  1.2090750E+04 -1.537E+01 -1.552E+01 -6.476E+00
  1.2091250E+04 -1.577E+01 -1.601E+01 -6.647E+00
  1.2091750E+04 -1.631E+01 -1.696E+01 -8.615E+00
  1.2092250E+04 -1.613E+01 -1.658E+01 -7.707E+00
  1.2092750E+04 -1.385E+01 -1.484E+01 -9.349E+00
  1.2093250E+04 -1.517E+01 -1.581E+01 -8.136E+00
  1.2093750E+04 -1.558E+01 -1.599E+01 -7.514E+00
  1.2094250E+04 -1.330E+01 -1.339E+01 -5.453E+00
  1.2094750E+04 -1.557E+01 -1.575E+01 -6.279E+00
  1.2095250E+04 -1.537E+01 -1.586E+01 -7.810E+00
  1.2095750E+04 -1.584E+01 -1.678E+01 -9.541E+00
  1.2096250E+04 -1.464E+01 -1.501E+01 -7.037E+00
  1.2096750E+04 -1.455E+01 -1.481E+01 -6.554E+00
  1.2097250E+04 -1.507E+01 -1.529E+01 -6.396E+00
  1.2097750E+04 -1.303E+01 -1.339E+01 -6.203E+00
  1.2098250E+04 -1.494E+01 -1.535E+01 -7.154E+00
  1.2098750E+04 -1.505E+01 -1.575E+01 -8.334E+00
  1.2099250E+04 -1.452E+01 -1.501E+01 -7.404E+00
  1.2099750E+04 -1.534E+01 -1.568E+01 -7.086E+00
  1.2100250E+04 -1.403E+01 -1.446E+01 -6.853E+00
  1.2100750E+04 -1.433E+01 -1.487E+01 -7.728E+00
  1.2101250E+04 -1.538E+01 -1.583E+01 -7.534E+00
  1.2101750E+04 -1.479E+01 -1.538E+01 -7.715E+00
  1.2102250E+04 -1.539E+01 -1.588E+01 -7.658E+00
  1.2102750E+04 -1.414E+01 -1.468E+01 -7.400E+00
  1.2103250E+04 -1.438E+01 -1.493E+01 -7.628E+00
  1.2103750E+04 -1.349E+01 -1.375E+01 -6.087E+00
  1.2104250E+04 -1.323E+01 -1.395E+01 -8.138E+00
  1.2104750E+04 -1.344E+01 -1.406E+01 -7.445E+00
  1.2105250E+04 -1.201E+01 -1.261E+01 -6.897E+00
  1.2105750E+04 -1.355E+01 -1.443E+01 -8.649E+00
  1.2106250E+04 -1.375E+01 -1.397E+01 -5.740E+00
  1.2106750E+04 -1.357E+01 -1.401E+01 -6.835E+00
  1.2107250E+04 -1.566E+01 -1.583E+01 -6.448E+00
  1.2107750E+04 -1.511E+01 -1.546E+01 -6.751E+00
  1.2108250E+04 -1.515E+01 -1.520E+01 -5.722E+00
  1.2108750E+04 -1.407E+01 -1.435E+01 -6.486E+00
  1.2109250E+04 -1.064E+01 -1.131E+01 -7.152E+00
  1.2109750E+04 -1.315E+01 -1.321E+01 -5.042E+00
  1.2110250E+04 -1.390E+01 -1.416E+01 -6.227E+00
  1.2110750E+04 -1.474E+01 -1.539E+01 -7.990E+00
  1.2111250E+04 -1.318E+01 -1.315E+01 -4.393E+00
  1.2111750E+04 -1.461E+01 -1.486E+01 -6.431E+00
  1.2112250E+04 -1.351E+01 -1.419E+01 -7.603E+00
  1.2112750E+04 -1.271E+01 -1.367E+01 -8.489E+00
  1.2113250E+04 -1.366E+01 -1.414E+01 -7.004E+00
  1.2113750E+04 -1.247E+01 -1.341E+01 -8.591E+00
  1.2114250E+04 -1.330E+01 -1.342E+01 -5.517E+00
  1.2114750E+04 -1.300E+01 -1.310E+01 -5.167E+00
  1.2115250E+04 -1.217E+01 -1.239E+01 -5.490E+00
  1.2115750E+04 -1.478E+01 -1.445E+01 -3.909E+00
  1.2116250E+04 -1.248E+01 -1.296E+01 -6.491E+00
  1.2116750E+04 -1.295E+01 -1.335E+01 -6.262E+00
  1.2117250E+04 -1.236E+01 -1.269E+01 -6.005E+00
  1.2117750E+04 -1.297E+01 -1.369E+01 -7.586E+00
  1.2118250E+04 -1.282E+01 -1.348E+01 -7.346E+00
  1.2118750E+04 -1.288E+01 -1.319E+01 -5.907E+00
  1.2119250E+04 -1.353E+01 -1.314E+01 -3.334E+00
  1.2119750E+04 -1.367E+01 -1.348E+01 -4.240E+00
  1.2120250E+04 -1.218E+01 -1.235E+01 -5.212E+00
  1.2120750E+04 -1.263E+01 -1.279E+01 -5.325E+00
  1.2121250E+04 -1.224E+01 -1.269E+01 -6.470E+00
  1.2121750E+04 -1.245E+01 -1.309E+01 -7.222E+00
  1.2122250E+04 -1.237E+01 -1.230E+01 -4.352E+00
  1.2122750E+04 -1.274E+01 -1.338E+01 -7.587E+00
  1.2123250E+04 -1.211E+01 -1.274E+01 -7.100E+00
  1.2123750E+04 -1.282E+01 -1.306E+01 -5.747E+00
  1.2124250E+04 -1.323E+01 -1.337E+01 -5.276E+00
  1.2124750E+04 -1.261E+01 -1.299E+01 -6.183E+00
  1.2125250E+04 -1.266E+01 -1.293E+01 -5.712E+00
  1.2125750E+04 -1.268E+01 -1.308E+01 -6.280E+00
  1.2126250E+04 -1.241E+01 -1.269E+01 -5.665E+00
  1.2126750E+04 -1.310E+01 -1.333E+01 -5.694E+00
  1.2127250E+04 -1.077E+01 -1.155E+01 -7.270E+00
  1.2127750E+04 -1.160E+01 -1.216E+01 -6.783E+00
  1.2128250E+04 -1.219E+01 -1.279E+01 -6.756E+00
  1.2128750E+04 -1.324E+01 -1.392E+01 -7.711E+00
  1.2129250E+04 -1.143E+01 -1.221E+01 -7.511E+00
  1.2129750E+04 -1.106E+01 -1.167E+01 -6.694E+00
  1.2130250E+04 -1.169E+01 -1.223E+01 -6.584E+00
  1.2130750E+04 -1.201E+01 -1.244E+01 -6.123E+00
  1.2131250E+04 -1.311E+01 -1.284E+01 -3.527E+00
  1.2131750E+04 -1.188E+01 -1.208E+01 -5.282E+00
  1.2132250E+04 -1.161E+01 -1.207E+01 -6.124E+00
  1.2132750E+04 -1.152E+01 -1.200E+01 -6.343E+00
  1.2133250E+04 -1.222E+01 -1.266E+01 -6.196E+00
  1.2133750E+04 -1.239E+01 -1.222E+01 -3.661E+00
  1.2134250E+04 -1.161E+01 -1.249E+01 -7.718E+00
  1.2134750E+04 -9.441E+00 -1.049E+01 -8.184E+00
  1.2135250E+04 -1.152E+01 -1.189E+01 -5.717E+00
  1.2135750E+04 -1.085E+01 -1.126E+01 -5.651E+00
  1.2136250E+04 -1.108E+01 -1.127E+01 -4.933E+00
  1.2136750E+04 -1.149E+01 -1.150E+01 -4.137E+00
  1.2137250E+04 -1.133E+01 -1.206E+01 -7.252E+00
  1.2137750E+04 -1.223E+01 -1.243E+01 -5.158E+00
  1.2138250E+04 -1.187E+01 -1.204E+01 -5.174E+00
  1.2138750E+04 -1.162E+01 -1.175E+01 -4.766E+00
  1.2139250E+04 -1.081E+01 -1.093E+01 -4.517E+00
  1.2139750E+04 -1.067E+01 -1.111E+01 -5.955E+00
  1.2140250E+04 -1.084E+01 -1.123E+01 -5.599E+00
  1.2140750E+04 -1.064E+01 -1.098E+01 -5.342E+00
  1.2141250E+04 -1.157E+01 -1.194E+01 -5.761E+00
  1.2141750E+04 -1.134E+01 -1.174E+01 -5.608E+00
  1.2142250E+04 -1.055E+01 -1.100E+01 -5.982E+00
  1.2142750E+04 -1.190E+01 -1.212E+01 -5.053E+00
  1.2143250E+04 -1.128E+01 -1.204E+01 -7.393E+00
  1.2143750E+04 -1.145E+01 -1.134E+01 -3.708E+00
  1.2144250E+04 -1.105E+01 -1.154E+01 -6.005E+00
  1.2144750E+04 -1.030E+01 -1.047E+01 -4.520E+00
  1.2145250E+04 -1.115E+01 -1.160E+01 -5.990E+00
  1.2145750E+04 -1.132E+01 -1.157E+01 -5.247E+00
  1.2146250E+04 -1.081E+01 -1.100E+01 -4.823E+00
  1.2146750E+04 -1.097E+01 -1.107E+01 -4.560E+00
  1.2147250E+04 -1.062E+01 -1.102E+01 -5.473E+00
  1.2147750E+04 -1.134E+01 -1.159E+01 -5.233E+00
  1.2148250E+04 -1.147E+01 -1.166E+01 -4.871E+00
  1.2148750E+04 -9.940E+00 -9.950E+00 -3.547E+00
  1.2149250E+04 -1.073E+01 -1.094E+01 -4.647E+00
  1.2149750E+04 -1.014E+01 -1.054E+01 -5.346E+00
  1.2150250E+04 -1.080E+01 -1.101E+01 -4.813E+00
  1.2150750E+04 -9.731E+00 -1.020E+01 -5.518E+00
  1.2151250E+04 -1.109E+01 -1.127E+01 -4.801E+00
  1.2151750E+04 -1.149E+01 -1.204E+01 -6.415E+00
  1.2152250E+04 -1.058E+01 -1.134E+01 -6.914E+00
  1.2152750E+04 -9.438E+00 -1.027E+01 -6.913E+00
  1.2153250E+04 -1.079E+01 -1.120E+01 -4.813E+00
  1.2153750E+04 -9.180E+00 -9.638E+00 -5.403E+00
  1.2154250E+04 -9.829E+00 -9.879E+00 -3.935E+00
  1.2154750E+04 -1.166E+01 -1.158E+01 -3.852E+00
  1.2155250E+04 -9.570E+00 -9.708E+00 -4.248E+00
  1.2155750E+04 -9.463E+00 -9.684E+00 -4.818E+00
  1.2156250E+04 -9.623E+00 -9.543E+00 -3.472E+00
  1.2156750E+04 -9.445E+00 -9.852E+00 -5.109E+00
  1.2157250E+04 -9.926E+00 -1.030E+01 -5.332E+00
  1.2157750E+04 -1.017E+01 -1.059E+01 -5.433E+00
  1.2158250E+04 -9.241E+00 -9.677E+00 -5.287E+00
  1.2158750E+04 -9.659E+00 -9.852E+00 -4.461E+00
  1.2159250E+04 -1.137E+01 -1.137E+01 -4.135E+00
  1.2159750E+04 -9.699E+00 -9.971E+00 -4.550E+00
  1.2160250E+04 -1.000E+01 -1.053E+01 -5.683E+00
  1.2160750E+04 -1.009E+01 -1.042E+01 -5.085E+00
  1.2161250E+04 -9.920E+00 -1.020E+01 -4.706E+00
  1.2161750E+04 -8.708E+00 -9.452E+00 -5.916E+00
  1.2162250E+04 -9.465E+00 -9.945E+00 -5.468E+00
  1.2162750E+04 -9.764E+00 -9.878E+00 -3.940E+00
  1.2163250E+04 -9.405E+00 -9.696E+00 -4.634E+00
  1.2163750E+04 -9.452E+00 -9.950E+00 -5.610E+00
  1.2164250E+04 -9.663E+00 -1.016E+01 -5.638E+00
  1.2164750E+04 -9.839E+00 -9.966E+00 -4.115E+00
  1.2165250E+04 -8.762E+00 -9.123E+00 -5.217E+00
  1.2165750E+04 -9.474E+00 -9.693E+00 -4.381E+00
  1.2166250E+04 -1.093E+01 -1.104E+01 -4.585E+00
  1.2166750E+04 -9.358E+00 -9.704E+00 -4.878E+00
  1.2167250E+04 -8.504E+00 -9.061E+00 -5.525E+00
  1.2167750E+04 -8.732E+00 -9.251E+00 -5.483E+00
  1.2168250E+04 -9.032E+00 -9.359E+00 -4.862E+00
  1.2168750E+04 -9.838E+00 -1.004E+01 -4.450E+00
  1.2169250E+04 -8.941E+00 -9.524E+00 -5.592E+00
  1.2169750E+04 -9.622E+00 -1.006E+01 -5.514E+00
  1.2170250E+04 -9.087E+00 -9.461E+00 -4.989E+00
  1.2170750E+04 -1.020E+01 -1.057E+01 -5.103E+00
  1.2171250E+04 -9.414E+00 -9.837E+00 -5.195E+00
  1.2171750E+04 -8.834E+00 -9.112E+00 -4.383E+00
  1.2172250E+04 -9.857E+00 -1.033E+01 -5.462E+00
  1.2172750E+04 -8.421E+00 -8.892E+00 -5.051E+00
  1.2173250E+04 -9.129E+00 -9.390E+00 -4.335E+00
  1.2173750E+04 -9.623E+00 -9.975E+00 -5.128E+00
  1.2174250E+04 -9.447E+00 -9.857E+00 -5.311E+00
  1.2174750E+04 -8.785E+00 -9.229E+00 -5.217E+00
  1.2175250E+04 -8.691E+00 -8.600E+00 -2.771E+00
  1.2175750E+04 -8.568E+00 -9.088E+00 -4.975E+00
  1.2176250E+04 -9.534E+00 -9.509E+00 -3.407E+00
  1.2176750E+04 -9.926E+00 -9.785E+00 -3.130E+00
  1.2177250E+04 -8.647E+00 -9.064E+00 -4.871E+00
  1.2177750E+04 -8.267E+00 -8.698E+00 -4.846E+00
  1.2178250E+04 -7.967E+00 -8.467E+00 -4.894E+00
  1.2178750E+04 -8.471E+00 -8.842E+00 -4.638E+00
  1.2179250E+04 -9.038E+00 -9.218E+00 -4.059E+00
  1.2179750E+04 -8.242E+00 -8.268E+00 -3.092E+00
  1.2180250E+04 -9.234E+00 -9.802E+00 -5.958E+00
  1.2180750E+04 -9.051E+00 -9.391E+00 -4.620E+00
  1.2181250E+04 -9.159E+00 -9.080E+00 -3.017E+00
  1.2181750E+04 -8.711E+00 -9.071E+00 -4.676E+00
  1.2182250E+04 -8.272E+00 -8.505E+00 -4.071E+00
  1.2182750E+04 -8.480E+00 -8.837E+00 -4.551E+00
  1.2183250E+04 -7.844E+00 -7.866E+00 -2.829E+00
  1.2183750E+04 -7.430E+00 -8.133E+00 -5.550E+00
  1.2184250E+04 -8.228E+00 -8.722E+00 -4.962E+00
  1.2184750E+04 -9.067E+00 -9.175E+00 -3.866E+00
  1.2185250E+04 -8.395E+00 -8.485E+00 -3.643E+00
  1.2185750E+04 -8.879E+00 -8.910E+00 -3.214E+00
  1.2186250E+04 -9.825E+00 -9.804E+00 -3.405E+00
  1.2186750E+04 -8.415E+00 -9.055E+00 -5.790E+00
  1.2187250E+04 -8.468E+00 -8.768E+00 -4.111E+00
  1.2187750E+04 -8.176E+00 -8.741E+00 -5.429E+00
  1.2188250E+04 -8.573E+00 -8.779E+00 -4.124E+00
  1.2188750E+04 -7.588E+00 -7.940E+00 -4.281E+00
  1.2189250E+04 -6.902E+00 -7.440E+00 -4.930E+00
  1.2189750E+04 -7.007E+00 -7.273E+00 -3.836E+00
  1.2190250E+04 -8.013E+00 -8.049E+00 -3.194E+00
  1.2190750E+04 -8.240E+00 -8.395E+00 -3.669E+00
  1.2191250E+04 -8.944E+00 -9.110E+00 -4.305E+00
  1.2191750E+04 -7.441E+00 -7.608E+00 -3.374E+00
  1.2192250E+04 -6.911E+00 -7.171E+00 -3.558E+00
  1.2192750E+04 -7.818E+00 -8.122E+00 -3.950E+00
  1.2193250E+04 -8.092E+00 -8.373E+00 -3.976E+00
  1.2193750E+04 -8.443E+00 -8.759E+00 -4.324E+00
  1.2194250E+04 -7.564E+00 -8.035E+00 -4.699E+00
  1.2194750E+04 -9.201E+00 -9.556E+00 -4.687E+00
  1.2195250E+04 -9.483E+00 -9.541E+00 -3.592E+00
  1.2195750E+04 -9.232E+00 -9.680E+00 -5.214E+00
  1.2196250E+04 -7.886E+00 -7.919E+00 -3.260E+00
  1.2196750E+04 -7.482E+00 -7.868E+00 -4.560E+00
  1.2197250E+04 -7.917E+00 -8.436E+00 -4.964E+00
  1.2197750E+04 -7.879E+00 -8.281E+00 -4.444E+00
  1.2198250E+04 -7.843E+00 -8.246E+00 -4.475E+00
  1.2198750E+04 -7.471E+00 -7.746E+00 -3.811E+00
  1.2199250E+04 -8.858E+00 -8.766E+00 -2.878E+00
  1.2199750E+04 -8.420E+00 -8.698E+00 -4.030E+00
  1.2200250E+04 -7.899E+00 -7.917E+00 -2.811E+00
  1.2200750E+04 -6.689E+00 -7.123E+00 -4.308E+00
  1.2201250E+04 -6.421E+00 -6.704E+00 -3.491E+00
  1.2201750E+04 -7.209E+00 -7.612E+00 -4.527E+00
  1.2202250E+04 -7.785E+00 -7.946E+00 -3.231E+00
  1.2202750E+04 -7.728E+00 -8.339E+00 -5.455E+00
  1.2203250E+04 -7.331E+00 -7.642E+00 -3.875E+00
  1.2203750E+04 -6.037E+00 -6.409E+00 -3.805E+00
  1.2204250E+04 -7.436E+00 -7.680E+00 -3.777E+00
  1.2204750E+04 -8.925E+00 -9.047E+00 -3.638E+00
  1.2205250E+04 -7.964E+00 -8.051E+00 -3.250E+00
  1.2205750E+04 -7.725E+00 -8.079E+00 -4.271E+00
  1.2206250E+04 -7.020E+00 -7.448E+00 -4.607E+00
  1.2206750E+04 -7.584E+00 -7.668E+00 -3.204E+00
  1.2207250E+04 -7.265E+00 -7.435E+00 -3.408E+00
  1.2207750E+04 -7.822E+00 -8.145E+00 -4.587E+00
  1.2208250E+04 -7.854E+00 -8.127E+00 -4.257E+00
  1.2208750E+04 -8.076E+00 -8.135E+00 -3.760E+00
  1.2209250E+04 -7.674E+00 -7.862E+00 -3.515E+00
  1.2209750E+04 -7.640E+00 -7.581E+00 -2.666E+00
  1.2210250E+04 -7.461E+00 -7.679E+00 -3.759E+00
  1.2210750E+04 -8.607E+00 -8.765E+00 -3.759E+00
  1.2211250E+04 -7.374E+00 -7.429E+00 -2.406E+00
  1.2211750E+04 -6.399E+00 -6.799E+00 -4.299E+00
  1.2212250E+04 -7.865E+00 -8.106E+00 -4.016E+00
  1.2212750E+04 -7.655E+00 -7.969E+00 -3.871E+00
  1.2213250E+04 -7.291E+00 -7.513E+00 -4.003E+00
  1.2213750E+04 -7.698E+00 -7.770E+00 -3.251E+00
  1.2214250E+04 -6.913E+00 -7.297E+00 -3.909E+00
  1.2214750E+04 -6.649E+00 -7.259E+00 -4.718E+00
  1.2215250E+04 -6.396E+00 -6.709E+00 -3.661E+00
  1.2215750E+04 -7.554E+00 -7.727E+00 -3.419E+00
  1.2216250E+04 -6.585E+00 -7.179E+00 -4.863E+00
  1.2216750E+04 -7.014E+00 -7.400E+00 -4.308E+00
  1.2217250E+04 -6.863E+00 -7.492E+00 -5.232E+00
  1.2217750E+04 -6.637E+00 -6.998E+00 -3.989E+00
  1.2218250E+04 -6.338E+00 -6.713E+00 -3.985E+00
  1.2218750E+04 -7.587E+00 -7.460E+00 -2.378E+00
  1.2219250E+04 -7.450E+00 -7.881E+00 -4.464E+00
  1.2219750E+04 -7.008E+00 -7.247E+00 -3.596E+00
  1.2220250E+04 -7.732E+00 -7.582E+00 -1.828E+00
  1.2220750E+04 -6.697E+00 -6.709E+00 -2.517E+00
  1.2221250E+04 -7.228E+00 -7.409E+00 -3.308E+00
  1.2221750E+04 -6.971E+00 -7.299E+00 -4.117E+00
  1.2222250E+04 -6.334E+00 -6.575E+00 -3.242E+00
  1.2222750E+04 -7.716E+00 -7.764E+00 -2.959E+00
  1.2223250E+04 -8.046E+00 -8.408E+00 -4.282E+00
  1.2223750E+04 -6.971E+00 -7.264E+00 -3.753E+00
  1.2224250E+04 -6.180E+00 -6.647E+00 -4.098E+00
  1.2224750E+04 -6.973E+00 -7.238E+00 -3.593E+00
  1.2225250E+04 -6.848E+00 -7.256E+00 -4.091E+00
  1.2225750E+04 -6.526E+00 -6.778E+00 -3.459E+00
  1.2226250E+04 -6.119E+00 -6.463E+00 -3.921E+00
  1.2226750E+04 -7.333E+00 -7.508E+00 -3.448E+00
  1.2227250E+04 -6.929E+00 -7.149E+00 -3.485E+00
  1.2227750E+04 -5.860E+00 -6.059E+00 -2.977E+00
  1.2228250E+04 -6.264E+00 -6.658E+00 -3.880E+00
  1.2228750E+04 -6.835E+00 -7.042E+00 -3.429E+00
  1.2229250E+04 -7.121E+00 -7.156E+00 -2.875E+00
  1.2229750E+04 -6.878E+00 -6.769E+00 -2.010E+00
  1.2230250E+04 -6.134E+00 -6.413E+00 -3.439E+00
  1.2230750E+04 -7.256E+00 -7.364E+00 -3.184E+00
  1.2231250E+04 -6.627E+00 -7.030E+00 -4.134E+00
  1.2231750E+04 -6.411E+00 -6.765E+00 -3.904E+00
  1.2232250E+04 -5.951E+00 -6.074E+00 -2.664E+00
  1.2232750E+04 -6.246E+00 -6.607E+00 -4.040E+00
  1.2233250E+04 -7.358E+00 -7.708E+00 -4.112E+00
  1.2233750E+04 -6.557E+00 -6.895E+00 -3.653E+00
  1.2234250E+04 -5.785E+00 -5.919E+00 -2.698E+00
  1.2234750E+04 -6.147E+00 -6.686E+00 -4.450E+00
  1.2235250E+04 -7.276E+00 -7.263E+00 -2.615E+00
  1.2235750E+04 -6.658E+00 -6.613E+00 -2.219E+00
  1.2236250E+04 -6.546E+00 -7.068E+00 -4.292E+00
  1.2236750E+04 -6.608E+00 -6.815E+00 -3.250E+00
  1.2237250E+04 -5.867E+00 -6.241E+00 -3.633E+00
  1.2237750E+04 -6.278E+00 -6.465E+00 -2.912E+00
  1.2238250E+04 -6.732E+00 -7.269E+00 -4.737E+00
  1.2238750E+04 -6.682E+00 -6.807E+00 -2.968E+00
  1.2239250E+04 -6.049E+00 -6.048E+00 -2.376E+00
  1.2239750E+04 -6.181E+00 -6.297E+00 -3.146E+00
  1.2240250E+04 -6.328E+00 -6.591E+00 -3.372E+00
  1.2240750E+04 -6.653E+00 -6.728E+00 -2.845E+00
  1.2241250E+04 -6.302E+00 -6.385E+00 -2.905E+00
  1.2241750E+04 -6.988E+00 -7.114E+00 -2.772E+00
  1.2242250E+04 -6.049E+00 -6.388E+00 -3.794E+00
  1.2242750E+04 -5.942E+00 -5.934E+00 -2.431E+00
  1.2243250E+04 -6.673E+00 -6.546E+00 -2.174E+00
  1.2243750E+04 -6.822E+00 -6.789E+00 -2.385E+00
  1.2244250E+04 -5.977E+00 -6.476E+00 -3.769E+00
  1.2244750E+04 -5.532E+00 -5.974E+00 -3.668E+00
  1.2245250E+04 -6.246E+00 -6.101E+00 -1.796E+00
  1.2245750E+04 -5.209E+00 -5.344E+00 -2.526E+00
  1.2246250E+04 -5.090E+00 -5.524E+00 -3.582E+00
  1.2246750E+04 -6.331E+00 -6.774E+00 -3.716E+00
  1.2247250E+04 -6.814E+00 -6.838E+00 -2.363E+00
  1.2247750E+04 -5.557E+00 -5.764E+00 -3.050E+00
  1.2248250E+04 -5.780E+00 -5.944E+00 -2.722E+00
  1.2248750E+04 -6.017E+00 -6.247E+00 -3.061E+00
  1.2249250E+04 -5.943E+00 -6.250E+00 -3.473E+00
  1.2249750E+04 -6.818E+00 -6.962E+00 -2.939E+00
  1.2250250E+04 -6.200E+00 -6.324E+00 -2.636E+00
  1.2250750E+04 -5.957E+00 -6.372E+00 -3.765E+00
  1.2251250E+04 -6.330E+00 -6.343E+00 -3.251E+00
  1.2251750E+04 -5.545E+00 -5.961E+00 -3.375E+00
  1.2252250E+04 -5.715E+00 -6.291E+00 -3.795E+00
  1.2252750E+04 -6.313E+00 -6.431E+00 -3.090E+00
  1.2253250E+04 -5.861E+00 -6.096E+00 -2.945E+00
  1.2253750E+04 -5.684E+00 -5.502E+00 -2.211E+00
  1.2254250E+04 -5.839E+00 -6.432E+00 -3.511E+00
  1.2254750E+04 -5.631E+00 -6.107E+00 -3.856E+00
  1.2255250E+04 -4.878E+00 -5.264E+00 -3.379E+00
  1.2255750E+04 -5.583E+00 -5.871E+00 -3.142E+00
  1.2256250E+04 -5.876E+00 -6.052E+00 -3.099E+00
  1.2256750E+04 -6.065E+00 -6.272E+00 -3.217E+00
  1.2257250E+04 -6.438E+00 -6.278E+00 -1.996E+00
  1.2257750E+04 -6.158E+00 -6.195E+00 -2.453E+00
  1.2258250E+04 -5.509E+00 -5.340E+00 -1.495E+00
  1.2258750E+04 -5.440E+00 -5.819E+00 -3.675E+00
  1.2259250E+04 -6.163E+00 -6.425E+00 -3.322E+00
  1.2259750E+04 -5.388E+00 -5.492E+00 -2.576E+00
  1.2260250E+04 -6.201E+00 -6.493E+00 -3.452E+00
  1.2260750E+04 -5.768E+00 -5.920E+00 -2.584E+00
  1.2261250E+04 -4.738E+00 -5.084E+00 -3.286E+00
  1.2261750E+04 -5.714E+00 -6.051E+00 -3.316E+00
  1.2262250E+04 -5.273E+00 -5.717E+00 -3.592E+00
  1.2262750E+04 -5.549E+00 -5.707E+00 -2.359E+00
  1.2263250E+04 -5.512E+00 -5.619E+00 -2.807E+00
  1.2263750E+04 -5.178E+00 -5.339E+00 -2.476E+00
  1.2264250E+04 -4.952E+00 -5.275E+00 -3.610E+00
  1.2264750E+04 -5.617E+00 -5.731E+00 -2.996E+00
  1.2265250E+04 -4.958E+00 -5.022E+00 -2.080E+00
  1.2265750E+04 -5.620E+00 -5.681E+00 -2.108E+00
  1.2266250E+04 -5.610E+00 -5.758E+00 -2.705E+00
  1.2266750E+04 -5.738E+00 -5.986E+00 -3.295E+00
  1.2267250E+04 -4.165E+00 -4.486E+00 -3.176E+00
  1.2267750E+04 -5.753E+00 -6.166E+00 -3.458E+00
  1.2268250E+04 -5.027E+00 -5.057E+00 -1.731E+00
  1.2268750E+04 -5.552E+00 -5.943E+00 -3.579E+00
  1.2269250E+04 -4.621E+00 -4.936E+00 -3.134E+00
  1.2269750E+04 -5.579E+00 -5.732E+00 -2.740E+00
  1.2270250E+04 -4.975E+00 -5.428E+00 -3.768E+00
  1.2270750E+04 -5.528E+00 -5.731E+00 -2.869E+00
  1.2271250E+04 -5.533E+00 -5.626E+00 -2.488E+00
  1.2271750E+04 -5.660E+00 -5.653E+00 -1.927E+00
  1.2272250E+04 -5.390E+00 -5.427E+00 -2.147E+00
  1.2272750E+04 -5.257E+00 -5.625E+00 -3.541E+00
  1.2273250E+04 -4.810E+00 -4.820E+00 -1.633E+00
  1.2273750E+04 -5.152E+00 -5.216E+00 -2.235E+00
  1.2274250E+04 -4.938E+00 -4.992E+00 -2.207E+00
  1.2274750E+04 -5.057E+00 -5.251E+00 -2.476E+00
  1.2275250E+04 -5.637E+00 -5.693E+00 -2.376E+00
  1.2275750E+04 -5.320E+00 -5.370E+00 -2.194E+00
  1.2276250E+04 -5.101E+00 -5.408E+00 -3.171E+00
  1.2276750E+04 -5.498E+00 -5.441E+00 -1.929E+00
  1.2277250E+04 -5.799E+00 -5.862E+00 -2.611E+00
  1.2277750E+04 -4.510E+00 -4.682E+00 -2.257E+00
  1.2278250E+04 -4.117E+00 -4.506E+00 -3.212E+00
  1.2278750E+04 -5.345E+00 -5.461E+00 -2.146E+00
  1.2279250E+04 -4.737E+00 -4.944E+00 -2.353E+00
  1.2279750E+04 -4.884E+00 -5.229E+00 -3.056E+00
  1.2280250E+04 -5.627E+00 -5.744E+00 -2.271E+00
  1.2280750E+04 -5.448E+00 -5.509E+00 -2.199E+00
  1.2281250E+04 -4.516E+00 -4.694E+00 -2.414E+00
  1.2281750E+04 -4.838E+00 -4.926E+00 -2.312E+00
  1.2282250E+04 -5.890E+00 -6.006E+00 -2.769E+00
  1.2282750E+04 -5.909E+00 -6.134E+00 -2.973E+00
  1.2283250E+04 -5.405E+00 -5.539E+00 -2.606E+00
  1.2283750E+04 -4.776E+00 -5.079E+00 -2.714E+00
  1.2284250E+04 -4.598E+00 -4.779E+00 -2.415E+00
  1.2284750E+04 -4.932E+00 -4.893E+00 -1.694E+00
  1.2285250E+04 -5.104E+00 -5.250E+00 -2.521E+00
  1.2285750E+04 -4.969E+00 -5.348E+00 -3.526E+00
  1.2286250E+04 -4.732E+00 -4.823E+00 -2.235E+00
  1.2286750E+04 -5.342E+00 -5.384E+00 -2.341E+00
  1.2287250E+04 -4.605E+00 -4.722E+00 -2.459E+00
  1.2287750E+04 -4.273E+00 -4.495E+00 -2.643E+00
  1.2288250E+04 -4.674E+00 -4.790E+00 -2.116E+00
  1.2288750E+04 -4.999E+00 -5.205E+00 -2.740E+00
  1.2289250E+04 -4.899E+00 -5.152E+00 -2.799E+00
  1.2289750E+04 -4.465E+00 -4.711E+00 -2.684E+00
  1.2290250E+04 -5.240E+00 -5.488E+00 -3.025E+00
  1.2290750E+04 -4.915E+00 -5.219E+00 -3.122E+00
  1.2291250E+04 -4.948E+00 -5.187E+00 -2.690E+00
  1.2291750E+04 -4.175E+00 -4.197E+00 -1.322E+00
  1.2292250E+04 -4.928E+00 -5.064E+00 -2.294E+00
  1.2292750E+04 -4.925E+00 -4.882E+00 -1.759E+00
  1.2293250E+04 -5.046E+00 -5.267E+00 -2.677E+00
  1.2293750E+04 -3.922E+00 -4.174E+00 -2.481E+00
  1.2294250E+04 -5.215E+00 -5.334E+00 -2.298E+00
  1.2294750E+04 -4.748E+00 -4.936E+00 -2.370E+00
  1.2295250E+04 -5.120E+00 -5.029E+00 -1.723E+00
  1.2295750E+04 -4.792E+00 -4.991E+00 -2.513E+00
  1.2296250E+04 -4.885E+00 -5.186E+00 -3.093E+00
  1.2296750E+04 -3.962E+00 -4.288E+00 -2.710E+00
  1.2297250E+04 -4.904E+00 -5.071E+00 -2.522E+00
  1.2297750E+04 -5.389E+00 -5.699E+00 -3.624E+00
  1.2298250E+04 -3.971E+00 -4.252E+00 -2.598E+00
  1.2298750E+04 -4.031E+00 -4.417E+00 -3.078E+00
  1.2299250E+04 -5.543E+00 -5.526E+00 -1.606E+00
  1.2299750E+04 -5.097E+00 -5.064E+00 -1.685E+00
  1.2300250E+04 -4.655E+00 -4.704E+00 -1.733E+00
  1.2300750E+04 -3.845E+00 -4.145E+00 -2.689E+00
  1.2301250E+04 -4.748E+00 -5.044E+00 -3.061E+00
  1.2301750E+04 -4.020E+00 -4.244E+00 -2.510E+00
  1.2302250E+04 -4.142E+00 -4.215E+00 -1.722E+00
  1.2302750E+04 -4.286E+00 -4.449E+00 -2.213E+00
  1.2303250E+04 -4.188E+00 -4.602E+00 -3.057E+00
  1.2303750E+04 -4.769E+00 -4.924E+00 -2.418E+00
  1.2304250E+04 -4.883E+00 -4.998E+00 -2.423E+00
  1.2304750E+04 -4.486E+00 -4.670E+00 -2.307E+00
  1.2305250E+04 -3.965E+00 -4.154E+00 -2.131E+00
  1.2305750E+04 -4.260E+00 -4.346E+00 -1.859E+00
  1.2306250E+04 -4.274E+00 -4.626E+00 -3.141E+00
  1.2306750E+04 -4.244E+00 -4.315E+00 -2.162E+00
  1.2307250E+04 -5.048E+00 -5.214E+00 -2.478E+00
  1.2307750E+04 -4.554E+00 -4.711E+00 -2.246E+00
  1.2308250E+04 -4.223E+00 -4.223E+00 -1.752E+00
  1.2308750E+04 -4.940E+00 -5.120E+00 -2.445E+00
  1.2309250E+04 -5.092E+00 -5.157E+00 -2.238E+00
  1.2309750E+04 -4.170E+00 -4.497E+00 -2.983E+00
  1.2310250E+04 -3.535E+00 -3.960E+00 -3.199E+00
  1.2310750E+04 -3.612E+00 -3.954E+00 -2.933E+00
  1.2311250E+04 -4.932E+00 -4.919E+00 -1.619E+00
  1.2311750E+04 -3.879E+00 -3.792E+00 -1.063E+00
  1.2312250E+04 -3.951E+00 -3.800E+00 -8.026E-01
  1.2312750E+04 -4.562E+00 -4.860E+00 -2.784E+00
  1.2313250E+04 -5.131E+00 -5.462E+00 -3.110E+00
  1.2313750E+04 -5.198E+00 -5.218E+00 -2.036E+00
  1.2314250E+04 -4.585E+00 -4.709E+00 -2.199E+00
  1.2314750E+04 -3.999E+00 -3.944E+00 -1.255E+00
  1.2315250E+04 -4.388E+00 -4.692E+00 -2.830E+00
  1.2315750E+04 -3.648E+00 -3.914E+00 -2.743E+00
  1.2316250E+04 -3.780E+00 -3.838E+00 -1.653E+00
  1.2316750E+04 -4.250E+00 -4.588E+00 -2.800E+00
  1.2317250E+04 -4.606E+00 -4.755E+00 -2.258E+00
  1.2317750E+04 -4.577E+00 -4.801E+00 -2.626E+00
  1.2318250E+04 -4.482E+00 -4.557E+00 -1.905E+00
  1.2318750E+04 -4.771E+00 -4.785E+00 -1.776E+00
  1.2319250E+04 -3.981E+00 -4.102E+00 -1.915E+00
  1.2319750E+04 -4.462E+00 -4.691E+00 -2.459E+00
  1.2320250E+04 -3.957E+00 -4.283E+00 -2.771E+00
  1.2320750E+04 -4.522E+00 -4.741E+00 -2.618E+00
  1.2321250E+04 -3.965E+00 -4.236E+00 -2.593E+00
  1.2321750E+04 -4.037E+00 -4.000E+00 -1.388E+00
  1.2322250E+04 -4.282E+00 -4.616E+00 -2.890E+00
  1.2322750E+04 -4.139E+00 -4.448E+00 -2.649E+00
  1.2323250E+04 -3.607E+00 -3.864E+00 -2.469E+00
  1.2323750E+04 -3.969E+00 -3.939E+00 -1.619E+00
  1.2324250E+04 -3.723E+00 -3.932E+00 -2.137E+00
  1.2324750E+04 -4.564E+00 -4.784E+00 -2.181E+00
  1.2325250E+04 -4.623E+00 -4.706E+00 -2.160E+00
  1.2325750E+04 -4.238E+00 -4.554E+00 -3.187E+00
  1.2326250E+04 -3.819E+00 -3.906E+00 -1.573E+00
  1.2326750E+04 -4.464E+00 -4.375E+00 -1.427E+00
  1.2327250E+04 -4.520E+00 -4.680E+00 -2.222E+00
  1.2327750E+04 -4.202E+00 -4.245E+00 -1.711E+00
  1.2328250E+04 -4.539E+00 -4.532E+00 -1.572E+00
  1.2328750E+04 -4.389E+00 -4.501E+00 -1.800E+00
  1.2329250E+04 -3.460E+00 -3.956E+00 -3.404E+00
  1.2329750E+04 -3.467E+00 -3.730E+00 -2.418E+00
  1.2330250E+04 -3.768E+00 -3.803E+00 -1.507E+00
  1.2330750E+04 -3.789E+00 -3.968E+00 -2.206E+00
  1.2331250E+04 -4.530E+00 -4.720E+00 -2.442E+00
  1.2331750E+04 -3.815E+00 -4.123E+00 -2.799E+00
  1.2332250E+04 -3.677E+00 -3.938E+00 -2.640E+00
  1.2332750E+04 -2.930E+00 -3.156E+00 -2.078E+00
  1.2333250E+04 -3.492E+00 -3.664E+00 -1.793E+00
  1.2333750E+04 -4.237E+00 -4.208E+00 -1.396E+00
  1.2334250E+04 -3.988E+00 -4.162E+00 -2.443E+00
  1.2334750E+04 -3.767E+00 -3.706E+00 -1.019E+00
  1.2335250E+04 -4.998E+00 -4.938E+00 -1.433E+00
  1.2335750E+04 -3.636E+00 -3.712E+00 -1.853E+00
  1.2336250E+04 -3.828E+00 -4.089E+00 -2.473E+00
  1.2336750E+04 -4.043E+00 -4.248E+00 -2.481E+00
  1.2337250E+04 -3.180E+00 -3.166E+00 -1.149E+00
  1.2337750E+04 -4.079E+00 -4.187E+00 -1.832E+00
  1.2338250E+04 -3.660E+00 -3.834E+00 -2.332E+00
  1.2338750E+04 -3.964E+00 -4.055E+00 -1.659E+00
  1.2339250E+04 -3.498E+00 -3.552E+00 -1.660E+00
  1.2339750E+04 -3.964E+00 -4.033E+00 -1.776E+00
  1.2340250E+04 -4.025E+00 -4.233E+00 -2.611E+00
  1.2340750E+04 -4.188E+00 -4.500E+00 -3.037E+00
  1.2341250E+04 -3.777E+00 -4.005E+00 -2.150E+00
  1.2341750E+04 -3.440E+00 -3.540E+00 -1.596E+00
  1.2342250E+04 -3.619E+00 -3.692E+00 -1.700E+00
  1.2342750E+04 -4.000E+00 -4.168E+00 -2.013E+00
  1.2343250E+04 -3.846E+00 -3.888E+00 -1.399E+00
  1.2343750E+04 -3.218E+00 -3.658E+00 -2.929E+00
  1.2344250E+04 -3.539E+00 -3.635E+00 -1.834E+00
  1.2344750E+04 -3.206E+00 -3.341E+00 -1.650E+00
  1.2345250E+04 -3.262E+00 -3.365E+00 -1.499E+00
  1.2345750E+04 -3.757E+00 -3.870E+00 -1.854E+00
  1.2346250E+04 -4.295E+00 -4.350E+00 -1.782E+00
  1.2346750E+04 -3.707E+00 -3.982E+00 -2.523E+00
  1.2347250E+04 -3.289E+00 -3.558E+00 -2.208E+00
  1.2347750E+04 -3.979E+00 -4.174E+00 -2.083E+00
  1.2348250E+04 -3.844E+00 -3.930E+00 -1.766E+00
  1.2348750E+04 -3.882E+00 -3.729E+00 -7.801E-01
  1.2349250E+04 -3.819E+00 -3.782E+00 -1.451E+00
  1.2349750E+04 -3.487E+00 -3.525E+00 -1.453E+00
  1.2350250E+04 -3.467E+00 -3.612E+00 -1.769E+00
  1.2350750E+04 -3.459E+00 -3.576E+00 -1.811E+00
  1.2351250E+04 -3.073E+00 -3.171E+00 -1.924E+00
  1.2351750E+04 -3.501E+00 -3.580E+00 -1.999E+00
  1.2352250E+04 -3.734E+00 -4.042E+00 -2.401E+00
  1.2352750E+04 -4.255E+00 -4.389E+00 -1.880E+00
  1.2353250E+04 -3.279E+00 -3.707E+00 -2.723E+00
  1.2353750E+04 -3.938E+00 -4.070E+00 -1.711E+00
  1.2354250E+04 -3.927E+00 -3.856E+00 -1.254E+00
  1.2354750E+04 -3.259E+00 -3.478E+00 -2.193E+00
  1.2355250E+04 -3.043E+00 -3.161E+00 -1.707E+00
  1.2355750E+04 -3.565E+00 -3.828E+00 -2.360E+00
  1.2356250E+04 -2.643E+00 -2.843E+00 -1.800E+00
  1.2356750E+04 -3.343E+00 -3.515E+00 -2.008E+00
  1.2357250E+04 -3.653E+00 -3.830E+00 -2.257E+00
  1.2357750E+04 -3.403E+00 -3.359E+00 -9.881E-01
  1.2358250E+04 -3.199E+00 -3.361E+00 -1.688E+00
  1.2358750E+04 -3.386E+00 -3.311E+00 -1.022E+00
  1.2359250E+04 -3.317E+00 -3.271E+00 -1.150E+00
  1.2359750E+04 -2.850E+00 -3.135E+00 -1.812E+00
  1.2360250E+04 -4.139E+00 -4.094E+00 -1.119E+00
  1.2360750E+04 -3.543E+00 -3.766E+00 -2.295E+00
  1.2361250E+04 -3.326E+00 -3.630E+00 -2.706E+00
  1.2361750E+04 -3.605E+00 -3.561E+00 -1.255E+00
  1.2362250E+04 -3.631E+00 -3.594E+00 -1.197E+00
  1.2362750E+04 -3.027E+00 -3.084E+00 -1.140E+00
  1.2363250E+04 -2.975E+00 -3.242E+00 -2.240E+00
  1.2363750E+04 -3.058E+00 -3.106E+00 -1.350E+00
  1.2364250E+04 -3.712E+00 -3.761E+00 -1.740E+00
  1.2364750E+04 -3.327E+00 -3.687E+00 -2.638E+00
  1.2365250E+04 -3.577E+00 -3.872E+00 -2.513E+00
  1.2365750E+04 -3.111E+00 -3.450E+00 -2.386E+00
  1.2366250E+04 -3.019E+00 -3.172E+00 -1.984E+00
  1.2366750E+04 -3.529E+00 -3.570E+00 -1.303E+00
  1.2367250E+04 -3.157E+00 -3.330E+00 -2.103E+00
  1.2367750E+04 -3.727E+00 -3.807E+00 -1.610E+00
  1.2368250E+04 -3.511E+00 -3.526E+00 -1.307E+00
  1.2368750E+04 -3.641E+00 -3.576E+00 -7.821E-01
  1.2369250E+04 -3.289E+00 -3.238E+00 -6.737E-01
  1.2369750E+04 -3.334E+00 -3.505E+00 -1.587E+00
  1.2370250E+04 -3.768E+00 -3.838E+00 -1.846E+00
  1.2370750E+04 -3.396E+00 -3.592E+00 -1.975E+00
  1.2371250E+04 -3.352E+00 -3.414E+00 -1.809E+00
  1.2371750E+04 -2.957E+00 -3.130E+00 -2.156E+00
  1.2372250E+04 -3.204E+00 -3.242E+00 -1.217E+00
  1.2372750E+04 -3.457E+00 -3.511E+00 -1.434E+00
  1.2373250E+04 -3.438E+00 -3.703E+00 -2.246E+00
  1.2373750E+04 -2.513E+00 -2.599E+00 -1.797E+00
  1.2374250E+04 -3.133E+00 -3.515E+00 -2.613E+00
  1.2374750E+04 -3.343E+00 -3.473E+00 -1.627E+00
  1.2375250E+04 -2.505E+00 -2.421E+00 -5.190E-01
  1.2375750E+04 -3.660E+00 -3.609E+00 -1.150E+00
  1.2376250E+04 -3.029E+00 -3.305E+00 -2.189E+00
  1.2376750E+04 -2.584E+00 -2.586E+00 -1.285E+00
  1.2377250E+04 -3.349E+00 -3.355E+00 -1.258E+00
  1.2377750E+04 -3.206E+00 -3.319E+00 -1.520E+00
  1.2378250E+04 -2.973E+00 -3.039E+00 -1.737E+00
  1.2378750E+04 -2.950E+00 -3.241E+00 -2.324E+00
  1.2379250E+04 -3.582E+00 -3.778E+00 -2.337E+00
  1.2379750E+04 -3.115E+00 -3.373E+00 -2.293E+00
  1.2380250E+04 -3.389E+00 -3.542E+00 -1.770E+00
  1.2380750E+04 -2.873E+00 -3.023E+00 -1.817E+00
  1.2381250E+04 -3.028E+00 -3.224E+00 -1.943E+00
  1.2381750E+04 -3.234E+00 -3.228E+00 -1.358E+00
  1.2382250E+04 -3.261E+00 -3.347E+00 -1.521E+00
  1.2382750E+04 -3.165E+00 -3.202E+00 -1.338E+00
  1.2383250E+04 -3.493E+00 -3.823E+00 -2.694E+00
  1.2383750E+04 -3.217E+00 -3.430E+00 -1.801E+00
  1.2384250E+04 -3.945E+00 -3.994E+00 -1.733E+00
  1.2384750E+04 -3.183E+00 -3.277E+00 -1.131E+00
  1.2385250E+04 -2.519E+00 -2.500E+00 -9.160E-01
  1.2385750E+04 -3.094E+00 -3.064E+00 -1.187E+00
  1.2386250E+04 -2.978E+00 -2.963E+00 -1.147E+00
  1.2386750E+04 -2.643E+00 -2.975E+00 -2.436E+00
  1.2387250E+04 -2.712E+00 -2.809E+00 -1.314E+00
  1.2387750E+04 -2.869E+00 -3.129E+00 -2.061E+00
  1.2388250E+04 -2.336E+00 -2.357E+00 -1.026E+00
  1.2388750E+04 -3.040E+00 -3.194E+00 -1.520E+00
  1.2389250E+04 -2.924E+00 -3.043E+00 -1.631E+00
  1.2389750E+04 -3.398E+00 -3.471E+00 -1.608E+00
  1.2390250E+04 -4.275E+00 -4.415E+00 -2.047E+00
  1.2390750E+04 -3.015E+00 -3.181E+00 -1.823E+00
  1.2391250E+04 -2.565E+00 -2.722E+00 -1.714E+00
  1.2391750E+04 -2.521E+00 -2.686E+00 -1.684E+00
  1.2392250E+04 -2.826E+00 -2.782E+00 -1.062E+00
  1.2392750E+04 -3.546E+00 -3.391E+00 -4.440E-01
  1.2393250E+04 -2.981E+00 -3.027E+00 -9.299E-01
  1.2393750E+04 -2.844E+00 -2.993E+00 -1.686E+00
  1.2394250E+04 -2.637E+00 -2.710E+00 -1.350E+00
  1.2394750E+04 -2.699E+00 -2.783E+00 -1.465E+00
  1.2395250E+04 -2.598E+00 -2.858E+00 -2.056E+00
  1.2395750E+04 -2.929E+00 -2.975E+00 -9.940E-01
  1.2396250E+04 -2.707E+00 -2.888E+00 -1.890E+00
  1.2396750E+04 -2.375E+00 -2.538E+00 -1.585E+00
  1.2397250E+04 -3.427E+00 -3.567E+00 -1.509E+00
  1.2397750E+04 -3.191E+00 -3.526E+00 -2.549E+00
  1.2398250E+04 -3.078E+00 -3.193E+00 -1.650E+00
  1.2398750E+04 -3.208E+00 -3.257E+00 -1.364E+00
  1.2399250E+04 -3.013E+00 -3.206E+00 -1.869E+00
  1.2399750E+04 -2.954E+00 -3.148E+00 -1.771E+00
  1.2400250E+04 -2.978E+00 -3.133E+00 -1.652E+00
  1.2400750E+04 -1.577E+00 -1.871E+00 -2.705E+00
  1.2401250E+04 -3.593E+00 -3.726E+00 -1.869E+00
  1.2401750E+04 -2.705E+00 -2.732E+00 -1.004E+00
  1.2402250E+04 -1.980E+00 -2.025E+00 -9.868E-01
  1.2402750E+04 -3.322E+00 -3.416E+00 -1.629E+00
  1.2403250E+04 -3.126E+00 -3.292E+00 -2.030E+00
  1.2403750E+04 -3.026E+00 -2.992E+00 -8.437E-01
  1.2404250E+04 -3.169E+00 -3.152E+00 -8.252E-01
  1.2404750E+04 -2.975E+00 -3.045E+00 -1.466E+00
  1.2405250E+04 -2.304E+00 -2.601E+00 -2.244E+00
  1.2405750E+04 -2.892E+00 -3.009E+00 -1.430E+00
  1.2406250E+04 -2.973E+00 -3.350E+00 -2.415E+00
  1.2406750E+04 -2.269E+00 -2.439E+00 -1.734E+00
  1.2407250E+04 -2.513E+00 -2.682E+00 -1.709E+00
  1.2407750E+04 -3.226E+00 -3.287E+00 -1.371E+00
  1.2408250E+04 -2.872E+00 -3.097E+00 -1.984E+00
  1.2408750E+04 -2.971E+00 -3.167E+00 -1.750E+00
  1.2409250E+04 -3.180E+00 -3.211E+00 -1.233E+00
  1.2409750E+04 -2.812E+00 -2.808E+00 -1.113E+00
  1.2410250E+04 -3.259E+00 -3.077E+00 -5.266E-01
  1.2410750E+04 -3.362E+00 -3.327E+00 -1.151E+00
  1.2411250E+04 -2.868E+00 -3.058E+00 -1.714E+00
  1.2411750E+04 -2.371E+00 -2.395E+00 -1.105E+00
  1.2412250E+04 -2.689E+00 -2.608E+00 -6.929E-01
  1.2412750E+04 -2.294E+00 -2.382E+00 -1.459E+00
  1.2413250E+04 -2.505E+00 -2.584E+00 -1.046E+00
  1.2413750E+04 -3.011E+00 -2.947E+00 -7.317E-01
  1.2414250E+04 -2.384E+00 -2.616E+00 -1.635E+00
  1.2414750E+04 -2.365E+00 -2.348E+00 -1.166E+00
  1.2415250E+04 -2.493E+00 -2.644E+00 -1.836E+00
  1.2415750E+04 -2.449E+00 -2.840E+00 -2.368E+00
  1.2416250E+04 -2.548E+00 -2.533E+00 -6.254E-01
  1.2416750E+04 -2.770E+00 -2.770E+00 -5.760E-01
  1.2417250E+04 -3.096E+00 -3.170E+00 -1.419E+00
  1.2417750E+04 -3.000E+00 -3.019E+00 -1.027E+00
  1.2418250E+04 -3.057E+00 -3.141E+00 -1.381E+00
  1.2418750E+04 -2.327E+00 -2.512E+00 -1.892E+00
  1.2419250E+04 -2.913E+00 -3.014E+00 -1.232E+00
  1.2419750E+04 -2.453E+00 -2.502E+00 -1.216E+00
  1.2420250E+04 -2.675E+00 -2.743E+00 -1.308E+00
  1.2420750E+04 -2.241E+00 -2.439E+00 -1.910E+00
  1.2421250E+04 -2.447E+00 -2.733E+00 -2.055E+00
  1.2421750E+04 -3.049E+00 -3.271E+00 -2.021E+00
  1.2422250E+04 -3.048E+00 -3.219E+00 -1.912E+00
  1.2422750E+04 -2.758E+00 -2.786E+00 -1.015E+00
  1.2423250E+04 -2.674E+00 -2.684E+00 -9.692E-01
  1.2423750E+04 -2.389E+00 -2.296E+00 -5.737E-01
  1.2424250E+04 -2.934E+00 -2.857E+00 -5.828E-01
  1.2424750E+04 -3.064E+00 -3.178E+00 -1.422E+00
  1.2425250E+04 -2.719E+00 -3.012E+00 -2.202E+00
  1.2425750E+04 -2.079E+00 -2.288E+00 -1.650E+00
  1.2426250E+04 -2.194E+00 -2.335E+00 -1.360E+00
  1.2426750E+04 -2.416E+00 -2.541E+00 -1.436E+00
  1.2427250E+04 -2.215E+00 -2.093E+00 -1.303E+00
  1.2427750E+04 -2.685E+00 -2.482E+00 -1.596E+00
  1.2428250E+04 -2.899E+00 -3.076E+00 -1.798E+00
  1.2428750E+04 -2.325E+00 -2.445E+00 -1.397E+00
  1.2429250E+04 -2.900E+00 -3.021E+00 -1.236E+00
  1.2429750E+04 -2.818E+00 -3.005E+00 -1.539E+00
  1.2430250E+04 -2.061E+00 -2.211E+00 -1.619E+00
  1.2430750E+04 -2.935E+00 -3.145E+00 -1.705E+00
  1.2431250E+04 -2.802E+00 -2.687E+00 -7.398E-01
  1.2431750E+04 -2.456E+00 -2.599E+00 -1.720E+00
  1.2432250E+04 -2.683E+00 -2.615E+00 -4.498E-01
  1.2432750E+04 -2.916E+00 -2.710E+00 -3.702E-01
  1.2433250E+04 -2.589E+00 -2.530E+00 -8.382E-01
  1.2433750E+04 -2.270E+00 -2.389E+00 -1.386E+00
  1.2434250E+04 -2.348E+00 -2.321E+00 -8.778E-01
  1.2434750E+04 -2.936E+00 -3.196E+00 -2.049E+00
  1.2435250E+04 -3.016E+00 -3.017E+00 -1.043E+00
  1.2435750E+04 -2.065E+00 -2.044E+00 -8.626E-01
  1.2436250E+04 -1.863E+00 -1.810E+00 -5.024E-01
  1.2436750E+04 -1.978E+00 -2.186E+00 -1.550E+00
  1.2437250E+04 -2.314E+00 -2.475E+00 -1.430E+00
  1.2437750E+04 -2.450E+00 -2.587E+00 -1.574E+00
  1.2438250E+04 -3.046E+00 -2.966E+00 -4.610E-01
  1.2438750E+04 -2.364E+00 -2.347E+00 -7.189E-01
  1.2439250E+04 -1.595E+00 -1.775E+00 -1.401E+00
  1.2439750E+04 -1.967E+00 -1.980E+00 -7.982E-01
  1.2440250E+04 -2.307E+00 -2.367E+00 -1.297E+00
  1.2440750E+04 -2.117E+00 -2.245E+00 -1.232E+00
  1.2441250E+04 -2.502E+00 -2.661E+00 -1.514E+00
  1.2441750E+04 -2.338E+00 -2.304E+00 -5.893E-01
  1.2442250E+04 -2.036E+00 -2.293E+00 -1.696E+00
  1.2442750E+04 -1.807E+00 -2.051E+00 -1.640E+00
  1.2443250E+04 -1.765E+00 -2.017E+00 -1.753E+00
  1.2443750E+04 -2.046E+00 -2.269E+00 -1.776E+00
  1.2444250E+04 -2.416E+00 -2.333E+00 -6.423E-01
  1.2444750E+04 -3.026E+00 -3.173E+00 -1.352E+00
  1.2445250E+04 -2.825E+00 -2.643E+00 -4.671E-01
  1.2445750E+04 -2.564E+00 -2.597E+00 -1.185E+00
  1.2446250E+04 -2.346E+00 -2.468E+00 -1.082E+00
  1.2446750E+04 -2.203E+00 -2.396E+00 -1.807E+00
  1.2447250E+04 -2.190E+00 -2.409E+00 -1.733E+00
  1.2447750E+04 -2.486E+00 -2.633E+00 -1.566E+00
  1.2448250E+04 -2.448E+00 -2.641E+00 -1.695E+00
  1.2448750E+04 -2.484E+00 -2.441E+00 -7.930E-01
  1.2449250E+04 -2.846E+00 -2.668E+00 -3.136E-01
  1.2449750E+04 -2.298E+00 -2.318E+00 -1.266E+00
  1.2450250E+04 -2.263E+00 -2.628E+00 -2.226E+00
  1.2450750E+04 -2.208E+00 -2.335E+00 -1.503E+00
  1.2451250E+04 -2.237E+00 -2.330E+00 -1.489E+00
  1.2451750E+04 -1.982E+00 -2.052E+00 -1.108E+00
  1.2452250E+04 -2.885E+00 -2.841E+00 -1.107E+00
  1.2452750E+04 -2.343E+00 -2.394E+00 -9.653E-01
  1.2453250E+04 -2.660E+00 -2.703E+00 -1.104E+00
  1.2453750E+04 -1.901E+00 -1.949E+00 -1.235E+00
  1.2454250E+04 -1.869E+00 -1.946E+00 -1.558E+00
  1.2454750E+04 -2.240E+00 -2.342E+00 -1.138E+00
  1.2455250E+04 -2.033E+00 -2.250E+00 -1.752E+00
  1.2455750E+04 -2.026E+00 -2.286E+00 -1.995E+00
  1.2456250E+04 -2.405E+00 -2.529E+00 -1.363E+00
  1.2456750E+04 -1.915E+00 -2.069E+00 -1.250E+00
  1.2457250E+04 -2.484E+00 -2.526E+00 -9.320E-01
  1.2457750E+04 -2.514E+00 -2.595E+00 -1.388E+00
  1.2458250E+04 -2.619E+00 -2.778E+00 -1.406E+00
  1.2458750E+04 -2.657E+00 -2.712E+00 -1.282E+00
  1.2459250E+04 -1.761E+00 -1.856E+00 -1.439E+00
  1.2459750E+04 -2.270E+00 -2.465E+00 -1.643E+00
  1.2460250E+04 -2.624E+00 -2.635E+00 -8.112E-01
  1.2460750E+04 -2.172E+00 -2.304E+00 -1.385E+00
  1.2461250E+04 -1.722E+00 -1.705E+00 -1.072E+00
  1.2461750E+04 -1.853E+00 -1.871E+00 -8.979E-01
  1.2462250E+04 -1.955E+00 -2.174E+00 -1.203E+00
  1.2462750E+04 -2.404E+00 -2.425E+00 -8.515E-01
  1.2463250E+04 -1.977E+00 -2.121E+00 -1.319E+00
  1.2463750E+04 -2.255E+00 -2.282E+00 -1.045E+00
  1.2464250E+04 -2.680E+00 -2.750E+00 -1.075E+00
  1.2464750E+04 -2.140E+00 -2.354E+00 -1.594E+00
  1.2465250E+04 -2.211E+00 -2.374E+00 -1.353E+00
  1.2465750E+04 -1.724E+00 -2.077E+00 -1.082E+00
  1.2466250E+04 -1.778E+00 -2.138E+00 -2.120E+00
  1.2466750E+04 -2.043E+00 -1.914E+00 -7.504E-01
  1.2467250E+04 -2.064E+00 -1.913E+00 -7.722E-01
  1.2467750E+04 -2.232E+00 -2.331E+00 -1.131E+00
  1.2468250E+04 -1.866E+00 -1.896E+00 -9.121E-01
  1.2468750E+04 -1.877E+00 -2.112E+00 -1.197E+00
  1.2469250E+04 -2.585E+00 -2.691E+00 -1.708E+00
  1.2469750E+04 -2.317E+00 -2.297E+00 -1.006E+00
  1.2470250E+04 -2.006E+00 -2.049E+00 -6.286E-01
  1.2470750E+04 -2.127E+00 -2.327E+00 -1.506E+00
  1.2471250E+04 -2.430E+00 -2.491E+00 -1.283E+00
  1.2471750E+04 -2.046E+00 -1.937E+00 -4.031E-01
  1.2472250E+04 -2.374E+00 -2.409E+00 -8.618E-01
  1.2472750E+04 -2.099E+00 -2.368E+00 -1.957E+00
  1.2473250E+04 -1.655E+00 -1.918E+00 -2.176E+00
  1.2473750E+04 -2.056E+00 -2.129E+00 -8.094E-01
  1.2474250E+04 -2.370E+00 -2.204E+00 -1.567E-01
  1.2474750E+04 -2.028E+00 -2.075E+00 -9.703E-01
  1.2475250E+04 -2.356E+00 -2.425E+00 -1.221E+00
  1.2475750E+04 -2.196E+00 -2.144E+00 -5.443E-01
  1.2476250E+04 -2.611E+00 -2.581E+00 -5.327E-01
  1.2476750E+04 -2.374E+00 -2.404E+00 -1.071E+00
  1.2477250E+04 -2.608E+00 -2.459E+00 -5.313E-01
  1.2477750E+04 -2.075E+00 -2.242E+00 -1.628E+00
  1.2478250E+04 -1.939E+00 -2.156E+00 -1.394E+00
  1.2478750E+04 -1.616E+00 -1.914E+00 -2.043E+00
  1.2479250E+04 -2.071E+00 -2.041E+00 -5.836E-01
  1.2479750E+04 -2.068E+00 -2.265E+00 -1.305E+00
  1.2480250E+04 -2.125E+00 -2.159E+00 -9.625E-01
  1.2480750E+04 -2.311E+00 -2.350E+00 -8.896E-01
  1.2481250E+04 -1.931E+00 -1.913E+00 -6.679E-01
  1.2481750E+04 -2.221E+00 -2.332E+00 -1.424E+00
  1.2482250E+04 -1.902E+00 -1.982E+00 -1.123E+00
  1.2482750E+04 -1.519E+00 -1.536E+00 -9.464E-01
  1.2483250E+04 -1.551E+00 -1.573E+00 -1.777E+00
  1.2483750E+04 -1.892E+00 -1.717E+00 -1.860E+00
  1.2484250E+04 -2.535E+00 -2.531E+00 -4.307E-01
  1.2484750E+04 -2.678E+00 -2.815E+00 -2.677E-01
  1.2485250E+04 -1.965E+00 -2.014E+00 -7.881E-01
  1.2485750E+04 -1.915E+00 -2.036E+00 -9.703E-01
  1.2486250E+04 -1.648E+00 -1.872E+00 -1.625E+00
  1.2486750E+04 -2.146E+00 -2.466E+00 -1.972E+00
  1.2487250E+04 -1.955E+00 -2.080E+00 -1.315E+00
  1.2487750E+04 -1.843E+00 -1.935E+00 -1.152E+00
  1.2488250E+04 -2.279E+00 -1.876E+00 -2.425E-01
  1.2488750E+04 -1.935E+00 -2.045E+00 -9.274E-01
  1.2489250E+04 -1.610E+00 -2.119E+00 -1.715E+00
  1.2489750E+04 -2.217E+00 -2.290E+00 -8.303E-01
  1.2490250E+04 -2.222E+00 -2.117E+00 -3.612E-01
  1.2490750E+04 -1.824E+00 -1.855E+00 -7.836E-01
  1.2491250E+04 -1.951E+00 -2.341E+00 -1.215E+00
  1.2491750E+04 -1.678E+00 -1.737E+00 -9.183E-01
  1.2492250E+04 -1.841E+00 -2.059E+00 -1.244E+00
  1.2492750E+04 -1.972E+00 -2.188E+00 -1.387E+00
  1.2493250E+04 -2.269E+00 -2.284E+00 -1.087E+00
  1.2493750E+04 -1.972E+00 -2.060E+00 -8.507E-01
  1.2494250E+04 -2.086E+00 -2.143E+00 -1.145E+00
  1.2494750E+04 -1.822E+00 -2.101E+00 -1.553E+00
  1.2495250E+04 -1.493E+00 -2.136E+00 -8.566E-01
  1.2495750E+04 -1.759E+00 -2.003E+00 -1.163E+00
  1.2496250E+04 -1.980E+00 -1.826E+00 -1.576E-01
  1.2496750E+04 -1.632E+00 -1.683E+00 -1.081E+00
  1.2497250E+04 -1.917E+00 -1.911E+00 -8.378E-01
  1.2497750E+04 -2.274E+00 -2.332E+00 -1.099E+00
  1.2498250E+04 -2.087E+00 -2.303E+00 -1.534E+00
  1.2498750E+04 -1.781E+00 -1.883E+00 -1.095E+00
  1.2499250E+04 -1.885E+00 -1.839E+00 -5.450E-01
  1.2499750E+04 -1.725E+00 -1.797E+00 -1.034E+00
  1.2500250E+04 -2.006E+00 -2.162E+00 -1.403E+00
  1.2500750E+04 -1.785E+00 -1.727E+00 -3.592E-01
  1.2501250E+04 -1.653E+00 -1.835E+00 -1.524E+00
  1.2501750E+04 -2.005E+00 -2.190E+00 -8.888E-01
  1.2502250E+04 -1.606E+00 -1.921E+00 -1.481E+00
  1.2502750E+04 -1.724E+00 -2.121E+00 -2.153E+00
  1.2503250E+04 -1.688E+00 -1.514E+00 -7.446E-01
  1.2503750E+04 -1.839E+00 -1.877E+00 -6.397E-01
  1.2504250E+04 -1.800E+00 -1.816E+00 -7.365E-01
  1.2504750E+04 -2.099E+00 -2.063E+00 -1.727E-01
  1.2505250E+04 -2.284E+00 -2.069E+00 -6.185E-03
  1.2505750E+04 -1.444E+00 -1.507E+00 -8.002E-01
  1.2506250E+04 -1.583E+00 -1.870E+00 -1.946E+00
  1.2506750E+04 -1.718E+00 -1.838E+00 -1.214E+00
  1.2507250E+04 -1.911E+00 -1.845E+00 -4.472E-01
  1.2507750E+04 -2.228E+00 -2.165E+00 -3.986E-01
  1.2508250E+04 -1.742E+00 -1.487E+00 -2.152E-01
  1.2508750E+04 -1.498E+00 -1.495E+00 -4.856E-01
  1.2509250E+04 -1.996E+00 -2.128E+00 -1.098E+00
  1.2509750E+04 -1.585E+00 -1.757E+00 -1.280E+00
  1.2510250E+04 -1.995E+00 -2.183E+00 -1.627E+00
  1.2510750E+04 -2.170E+00 -2.077E+00 -9.374E-01
  1.2511250E+04 -2.471E+00 -2.509E+00 -5.589E-01
  1.2511750E+04 -2.287E+00 -2.350E+00 -7.933E-01
  1.2512250E+04 -1.690E+00 -1.708E+00 -9.313E-01
  1.2512750E+04 -1.715E+00 -1.886E+00 -1.526E+00
  1.2513250E+04 -1.842E+00 -1.972E+00 -1.205E+00
  1.2513750E+04 -1.572E+00 -1.585E+00 -6.290E-01
  1.2514250E+04 -1.970E+00 -1.860E+00 -4.401E-01
  1.2514750E+04 -1.315E+00 -1.435E+00 -9.873E-01
  1.2515250E+04 -1.910E+00 -1.917E+00 -7.527E-01
  1.2515750E+04 -1.590E+00 -1.747E+00 -1.430E+00
  1.2516250E+04 -1.971E+00 -1.930E+00 -6.451E-01
  1.2516750E+04 -1.923E+00 -2.029E+00 -1.206E+00
  1.2517250E+04 -1.532E+00 -1.601E+00 -4.324E-01
  1.2517750E+04 -1.727E+00 -1.632E+00 -1.052E-01
  1.2518250E+04 -2.056E+00 -2.100E+00 -6.050E-01
  1.2518750E+04 -1.385E+00 -1.453E+00 -1.183E+00
  1.2519250E+04 -1.851E+00 -1.875E+00 -1.138E+00
  1.2519750E+04 -1.674E+00 -1.640E+00 -6.246E-01
  1.2520250E+04 -1.547E+00 -1.639E+00 -7.575E-01
  1.2520750E+04 -1.968E+00 -2.029E+00 -8.015E-01
  1.2521250E+04 -1.880E+00 -1.940E+00 -8.179E-01
  1.2521750E+04 -1.253E+00 -1.298E+00 -7.829E-01
  1.2522250E+04 -1.588E+00 -1.704E+00 -1.215E+00
  1.2522750E+04 -1.705E+00 -2.004E+00 -1.747E+00
  1.2523250E+04 -1.675E+00 -1.730E+00 -8.727E-01
  1.2523750E+04 -1.717E+00 -1.801E+00 -9.427E-01
  1.2524250E+04 -1.630E+00 -1.730E+00 -8.322E-01
  1.2524750E+04 -1.276E+00 -1.451E+00 -1.113E+00
  1.2525250E+04 -1.510E+00 -1.794E+00 -1.483E+00
  1.2525750E+04 -1.590E+00 -1.597E+00 -6.086E-01
  1.2526250E+04 -1.777E+00 -1.642E+00 -1.209E-01
  1.2526750E+04 -1.966E+00 -1.962E+00 -8.397E-01
  1.2527250E+04 -1.916E+00 -2.038E+00 -1.186E+00
  1.2527750E+04 -1.528E+00 -1.684E+00 -1.323E+00
  1.2528250E+04 -1.695E+00 -1.765E+00 -1.183E+00
  1.2528750E+04 -1.670E+00 -1.966E+00 -1.440E+00
  1.2529250E+04 -1.333E+00 -1.407E+00 -7.740E-01
  1.2529750E+04 -1.076E+00 -1.017E+00 -4.443E-01
  1.2530250E+04 -1.453E+00 -1.385E+00 -6.180E-01
  1.2530750E+04 -1.690E+00 -1.686E+00 -7.656E-01
  1.2531250E+04 -1.423E+00 -1.522E+00 -9.342E-01
  1.2531750E+04 -2.192E+00 -2.428E+00 -1.291E+00
  1.2532250E+04 -1.464E+00 -1.693E+00 -1.491E+00
  1.2532750E+04 -2.180E+00 -2.167E+00 -6.107E-01
  1.2533250E+04 -1.379E+00 -1.419E+00 -8.047E-01
  1.2533750E+04 -1.297E+00 -1.404E+00 -1.133E+00
  1.2534250E+04 -1.914E+00 -1.941E+00 -9.117E-01
  1.2534750E+04 -2.568E+00 -2.448E+00 -9.982E-01
  1.2535250E+04 -1.209E+00 -1.319E+00 -6.291E-01
  1.2535750E+04 -1.182E+00 -1.412E+00 -1.394E+00
  1.2536250E+04 -1.373E+00 -1.724E+00 -1.617E+00
  1.2536750E+04 -1.922E+00 -1.878E+00 -7.308E-01
  1.2537250E+04 -1.771E+00 -1.626E+00 -3.483E-01
  1.2537750E+04 -1.801E+00 -1.903E+00 -6.289E-01
  1.2538250E+04 -1.702E+00 -1.715E+00 -4.556E-01
  1.2538750E+04 -1.095E+00 -1.135E+00 -9.521E-01
  1.2539250E+04 -1.691E+00 -1.688E+00 -6.187E-01
  1.2539750E+04 -1.429E+00 -1.605E+00 -1.046E+00
  1.2540250E+04 -1.332E+00 -1.308E+00 -3.718E-01
  1.2540750E+04 -6.544E-01 -7.600E-01 -1.189E+00
  1.2541250E+04 -1.944E+00 -1.813E+00 -7.177E-02
  1.2541750E+04 -2.138E+00 -2.109E+00 -5.673E-01
  1.2542250E+04 -1.524E+00 -1.659E+00 -1.003E+00
  1.2542750E+04 -1.538E+00 -1.791E+00 -1.622E+00
  1.2543250E+04 -1.165E+00 -1.189E+00 -5.023E-01
  1.2543750E+04 -1.598E+00 -1.552E+00 -3.320E-01
  1.2544250E+04 -2.259E+00 -2.156E+00 -3.703E-01
  1.2544750E+04 -1.348E+00 -1.421E+00 -1.041E+00
  1.2545250E+04 -8.444E-01 -1.287E+00 -2.135E+00
  1.2545750E+04 -1.487E+00 -1.523E+00 -8.538E-01
  1.2546250E+04 -2.344E+00 -2.231E+00 -3.218E-01
  1.2546750E+04 -1.945E+00 -2.129E+00 -1.361E+00
  1.2547250E+04 -1.118E+00 -1.306E+00 -1.285E+00
  1.2547750E+04 -1.214E+00 -1.432E+00 -1.391E+00
  1.2548250E+04 -1.657E+00 -1.710E+00 -8.596E-01
  1.2548750E+04 -1.292E+00 -1.447E+00 -1.146E+00
  1.2549250E+04 -1.692E+00 -1.896E+00 -1.322E+00
  1.2549750E+04 -2.142E+00 -2.130E+00 -5.039E-01
  1.2550250E+04 -1.416E+00 -1.458E+00 -3.660E-01
  1.2550750E+04 -1.436E+00 -1.505E+00 -1.044E+00
  1.2551250E+04 -1.417E+00 -1.492E+00 -5.186E-01
  1.2551750E+04 -1.642E+00 -1.879E+00 -1.182E+00
  1.2552250E+04 -8.972E-01 -1.040E+00 -1.515E+00
  1.2552750E+04 -2.063E+00 -1.966E+00 -3.657E-01
  1.2553250E+04 -1.175E+00 -1.074E+00 -2.597E-02
  1.2553750E+04 -1.608E+00 -1.684E+00 -9.237E-01
  1.2554250E+04 -1.871E+00 -1.831E+00 -3.824E-01
  1.2554750E+04 -1.064E+00 -1.218E+00 -1.213E+00
  1.2555250E+04 -1.496E+00 -1.634E+00 -1.100E+00
  1.2555750E+04 -1.635E+00 -1.615E+00 -3.140E-01
  1.2556250E+04 -1.809E+00 -1.852E+00 -7.295E-01
  1.2556750E+04 -1.330E+00 -1.324E+00 -5.773E-01
  1.2557250E+04 -1.665E+00 -1.783E+00 -1.190E+00
  1.2557750E+04 -1.380E+00 -1.467E+00 -9.913E-01
  1.2558250E+04 -1.688E+00 -1.619E+00 -4.835E-01
  1.2558750E+04 -1.053E+00 -1.358E+00 -1.603E+00
  1.2559250E+04 -1.718E+00 -1.805E+00 -8.689E-01
  1.2559750E+04 -1.017E+00 -1.057E+00 -4.417E-01
  1.2560250E+04 -1.919E+00 -1.722E+00  9.635E-02
  1.2560750E+04 -1.465E+00 -1.583E+00 -1.208E+00
  1.2561250E+04 -7.548E-01 -8.665E-01 -1.051E+00
  1.2561750E+04 -1.639E+00 -1.716E+00 -1.053E+00
  1.2562250E+04 -2.369E+00 -2.358E+00 -7.281E-01
  1.2562750E+04 -1.669E+00 -1.724E+00 -7.600E-01
  1.2563250E+04 -2.054E+00 -2.036E+00 -6.100E-01
  1.2563750E+04 -1.198E+00 -1.266E+00 -1.110E+00
  1.2564250E+04 -7.880E-01 -7.489E-01 -1.735E-01
  1.2564750E+04 -1.438E+00 -1.551E+00 -1.437E+00
  1.2565250E+04 -1.874E+00 -1.869E+00 -6.729E-01
  1.2565750E+04 -1.195E+00 -1.220E+00 -1.059E+00
  1.2566250E+04 -1.623E+00 -1.659E+00 -4.761E-01
  1.2566750E+04 -1.572E+00 -1.733E+00 -8.349E-01
  1.2567250E+04 -1.298E+00 -1.452E+00 -1.165E+00
  1.2567750E+04 -1.653E+00 -1.664E+00 -9.274E-01
  1.2568250E+04 -1.435E+00 -1.525E+00 -1.037E+00
  1.2568750E+04 -1.199E+00 -1.414E+00 -1.342E+00
  1.2569250E+04 -1.721E+00 -1.676E+00 -2.839E-01
  1.2569750E+04 -1.381E+00 -1.430E+00 -6.714E-01
  1.2570250E+04 -1.552E+00 -1.629E+00 -6.900E-01
  1.2570750E+04 -2.033E+00 -2.058E+00 -9.035E-01
  1.2571250E+04 -1.514E+00 -1.659E+00 -9.503E-01
  1.2571750E+04 -1.127E+00 -1.242E+00 -8.425E-01
  1.2572250E+04 -1.305E+00 -1.402E+00 -1.071E+00
  1.2572750E+04 -1.308E+00 -1.487E+00 -1.280E+00
  1.2573250E+04 -1.431E+00 -1.349E+00 -9.328E-02
  1.2573750E+04 -1.657E+00 -1.710E+00 -7.001E-01
  1.2574250E+04 -1.319E+00 -1.495E+00 -1.199E+00
  1.2574750E+04 -1.367E+00 -1.406E+00 -5.705E-01
  1.2575250E+04 -1.570E+00 -1.814E+00 -1.288E+00
  1.2575750E+04 -1.610E+00 -1.527E+00 -1.626E-01
  1.2576250E+04 -1.534E+00 -1.382E+00  5.421E-02
  1.2576750E+04 -1.216E+00 -1.238E+00 -6.294E-01
  1.2577250E+04 -1.216E+00 -1.258E+00 -5.634E-01
  1.2577750E+04 -2.033E+00 -2.065E+00 -7.283E-01
  1.2578250E+04 -1.692E+00 -1.786E+00 -9.253E-01
  1.2578750E+04 -9.194E-01 -9.456E-01 -7.363E-01
  1.2579250E+04 -1.230E+00 -1.229E+00 -4.913E-01
  1.2579750E+04 -1.737E+00 -1.850E+00 -1.162E+00
  1.2580250E+04 -1.377E+00 -1.687E+00 -1.879E+00
  1.2580750E+04 -1.525E+00 -1.753E+00 -1.578E+00
  1.2581250E+04 -1.362E+00 -1.307E+00 -3.243E-01
  1.2581750E+04 -1.494E+00 -1.363E+00 -1.755E-01
  1.2582250E+04 -1.912E+00 -1.992E+00 -3.941E-01
  1.2582750E+04 -1.396E+00 -1.508E+00 -1.393E+00
  1.2583250E+04 -1.581E+00 -1.522E+00 -5.227E-01
  1.2583750E+04 -1.511E+00 -1.640E+00 -1.025E+00
  1.2584250E+04 -7.522E-01 -8.815E-01 -9.295E-01
  1.2584750E+04 -1.207E+00 -1.350E+00 -1.060E+00
  1.2585250E+04 -1.247E+00 -1.425E+00 -1.191E+00
  1.2585750E+04 -1.254E+00 -1.315E+00 -6.944E-01
  1.2586250E+04 -1.435E+00 -1.458E+00 -5.916E-01
  1.2586750E+04 -1.033E+00 -9.348E-01 -1.769E-01
  1.2587250E+04 -1.159E+00 -1.234E+00 -6.342E-01
  1.2587750E+04 -1.171E+00 -1.258E+00 -4.174E-01
  1.2588250E+04 -1.099E+00 -1.195E+00 -7.236E-01
  1.2588750E+04 -1.260E+00 -1.174E+00 -3.920E-01
  1.2589250E+04 -1.658E+00 -1.498E+00  9.450E-02
  1.2589750E+04 -1.217E+00 -1.292E+00 -9.346E-01
  1.2590250E+04 -1.510E+00 -1.554E+00 -7.292E-01
  1.2590750E+04 -1.684E+00 -1.796E+00 -6.514E-01
  1.2591250E+04 -8.350E-01 -8.385E-01 -6.557E-01
  1.2591750E+04 -1.604E+00 -1.774E+00 -1.314E+00
  1.2592250E+04 -1.012E+00 -1.042E+00 -7.321E-01
  1.2592750E+04 -1.115E+00 -1.245E+00 -7.242E-01
  1.2593250E+04 -1.451E+00 -1.510E+00 -6.631E-01
  1.2593750E+04 -1.341E+00 -1.619E+00 -1.717E+00
  1.2594250E+04 -1.345E+00 -1.443E+00 -9.228E-01
