  7.9767500E+03 -0.000E+00 -0.000E+00  0.000E+00
  7.9772500E+03 -0.000E+00 -0.000E+00  0.000E+00
  7.9777500E+03 -0.000E+00 -0.000E+00  0.000E+00
  7.9782500E+03 -0.000E+00 -0.000E+00  0.000E+00
  7.9787500E+03 -0.000E+00 -0.000E+00  0.000E+00
  7.9792500E+03 -0.000E+00 -0.000E+00  0.000E+00
  7.9797500E+03 -0.000E+00 -0.000E+00  0.000E+00
  7.9802500E+03 -0.000E+00 -0.000E+00  0.000E+00
  7.9807500E+03 -0.000E+00 -0.000E+00  0.000E+00
  7.9812500E+03 -0.000E+00 -0.000E+00  0.000E+00
  7.9817500E+03 -0.000E+00 -0.000E+00  0.000E+00
  7.9822500E+03 -0.000E+00 -0.000E+00  0.000E+00
  7.9827500E+03 -0.000E+00 -0.000E+00  0.000E+00
  7.9832500E+03 -0.000E+00 -0.000E+00  0.000E+00
  7.9837500E+03 -0.000E+00 -0.000E+00  0.000E+00
  7.9842500E+03 -0.000E+00 -0.000E+00  0.000E+00
  7.9847500E+03 -0.000E+00 -0.000E+00  0.000E+00
  7.9852500E+03 -0.000E+00 -0.000E+00  0.000E+00
  7.9857500E+03 -0.000E+00 -0.000E+00  0.000E+00
  7.9862500E+03 -0.000E+00 -0.000E+00  0.000E+00
  7.9867500E+03 -0.000E+00 -0.000E+00  0.000E+00
  7.9872500E+03 -0.000E+00 -0.000E+00  0.000E+00
  7.9877500E+03 -0.000E+00 -0.000E+00  0.000E+00
  7.9882500E+03 -0.000E+00 -0.000E+00  0.000E+00
  7.9887500E+03 -0.000E+00 -0.000E+00  0.000E+00
  7.9892500E+03 -0.000E+00 -0.000E+00  0.000E+00
  7.9897500E+03 -0.000E+00 -0.000E+00  0.000E+00
  7.9902500E+03 -0.000E+00 -0.000E+00  0.000E+00
  7.9907500E+03 -0.000E+00 -0.000E+00  0.000E+00
  7.9912500E+03 -0.000E+00 -0.000E+00  0.000E+00
  7.9917500E+03 -0.000E+00 -0.000E+00  0.000E+00
  7.9922500E+03 -0.000E+00 -0.000E+00  0.000E+00
  7.9927500E+03 -0.000E+00 -0.000E+00  0.000E+00
  7.9932500E+03 -0.000E+00 -0.000E+00  0.000E+00
  7.9937500E+03 -0.000E+00 -0.000E+00  0.000E+00
  7.9942500E+03 -0.000E+00 -0.000E+00  0.000E+00
  7.9947500E+03 -0.000E+00 -0.000E+00  0.000E+00
  7.9952500E+03 -0.000E+00 -0.000E+00  0.000E+00
  7.9957500E+03 -0.000E+00 -0.000E+00  0.000E+00
  7.9962500E+03 -0.000E+00 -0.000E+00  0.000E+00
  7.9967500E+03 -0.000E+00 -0.000E+00  0.000E+00
  7.9972500E+03 -0.000E+00 -0.000E+00  0.000E+00
  7.9977500E+03 -0.000E+00 -0.000E+00  0.000E+00
  7.9982500E+03 -0.000E+00 -0.000E+00  0.000E+00
  7.9987500E+03 -0.000E+00 -0.000E+00  0.000E+00
  7.9992500E+03 -0.000E+00 -0.000E+00  0.000E+00
  7.9997500E+03 -0.000E+00 -0.000E+00  0.000E+00
  8.0002500E+03 -0.000E+00 -0.000E+00  0.000E+00
  8.0007500E+03 -0.000E+00 -0.000E+00  0.000E+00
  8.0012500E+03 -0.000E+00 -0.000E+00  0.000E+00
  8.0017500E+03 -0.000E+00 -0.000E+00  0.000E+00
  8.0022500E+03 -0.000E+00 -0.000E+00  0.000E+00
  8.0027500E+03 -0.000E+00 -0.000E+00  0.000E+00
  8.0032500E+03 -0.000E+00 -0.000E+00  0.000E+00
  8.0037500E+03 -0.000E+00 -0.000E+00  0.000E+00
  8.0042500E+03 -0.000E+00 -0.000E+00  0.000E+00
  8.0047500E+03 -0.000E+00 -0.000E+00  0.000E+00
  8.0052500E+03 -0.000E+00 -0.000E+00  0.000E+00
  8.0057500E+03 -0.000E+00 -0.000E+00  0.000E+00
  8.0062500E+03 -0.000E+00 -0.000E+00  0.000E+00
  8.0067500E+03 -0.000E+00 -0.000E+00  0.000E+00
  8.0072500E+03 -0.000E+00 -0.000E+00  0.000E+00
  8.0077500E+03 -0.000E+00 -0.000E+00  0.000E+00
  8.0082500E+03 -0.000E+00 -0.000E+00  0.000E+00
  8.0087500E+03 -0.000E+00 -0.000E+00  0.000E+00
  8.0092500E+03 -0.000E+00 -0.000E+00  0.000E+00
  8.0097500E+03 -0.000E+00 -0.000E+00  0.000E+00
  8.0102500E+03 -0.000E+00 -0.000E+00  0.000E+00
  8.0107500E+03 -0.000E+00 -0.000E+00  0.000E+00
  8.0112500E+03 -0.000E+00 -0.000E+00  0.000E+00
  8.0117500E+03 -0.000E+00 -0.000E+00  0.000E+00
  8.0122500E+03 -0.000E+00 -0.000E+00  0.000E+00
  8.0127500E+03 -0.000E+00 -0.000E+00  0.000E+00
  8.0132500E+03 -0.000E+00 -0.000E+00  0.000E+00
  8.0137500E+03 -0.000E+00 -0.000E+00  0.000E+00
  8.0142500E+03 -0.000E+00 -0.000E+00  0.000E+00
  8.0147500E+03 -0.000E+00 -0.000E+00  0.000E+00
  8.0152500E+03 -0.000E+00 -0.000E+00  0.000E+00
  8.0157500E+03 -0.000E+00 -0.000E+00  0.000E+00
  8.0162500E+03 -0.000E+00 -0.000E+00  0.000E+00
  8.0167500E+03 -0.000E+00 -0.000E+00  0.000E+00
  8.0172500E+03 -0.000E+00 -0.000E+00  0.000E+00
  8.0177500E+03 -0.000E+00 -0.000E+00  0.000E+00
  8.0182500E+03 -0.000E+00 -0.000E+00  0.000E+00
  8.0187500E+03 -0.000E+00 -0.000E+00  0.000E+00
  8.0192500E+03 -0.000E+00 -0.000E+00  0.000E+00
  8.0197500E+03 -0.000E+00 -0.000E+00  0.000E+00
  8.0202500E+03 -0.000E+00 -0.000E+00  0.000E+00
  8.0207500E+03 -0.000E+00 -0.000E+00  0.000E+00
  8.0212500E+03 -0.000E+00 -0.000E+00  0.000E+00
  8.0217500E+03 -0.000E+00 -0.000E+00  0.000E+00
  8.0222500E+03 -0.000E+00 -0.000E+00  0.000E+00
  8.0227500E+03 -0.000E+00 -0.000E+00  0.000E+00
  8.0232500E+03 -0.000E+00 -0.000E+00  0.000E+00
  8.0237500E+03 -0.000E+00 -0.000E+00  0.000E+00
  8.0242500E+03 -0.000E+00 -0.000E+00  0.000E+00
  8.0247500E+03 -0.000E+00 -0.000E+00  0.000E+00
  8.0252500E+03 -0.000E+00 -0.000E+00  0.000E+00
  8.0257500E+03 -0.000E+00 -0.000E+00  0.000E+00
  8.0262500E+03 -0.000E+00 -0.000E+00  0.000E+00
  8.0267500E+03 -0.000E+00 -0.000E+00  0.000E+00
  8.0272500E+03 -0.000E+00 -0.000E+00  0.000E+00
  8.0277500E+03 -0.000E+00 -0.000E+00  0.000E+00
  8.0282500E+03 -0.000E+00 -0.000E+00  0.000E+00
  8.0287500E+03 -0.000E+00 -0.000E+00  0.000E+00
  8.0292500E+03 -0.000E+00 -0.000E+00  0.000E+00
  8.0297500E+03 -0.000E+00 -0.000E+00  0.000E+00
  8.0302500E+03 -0.000E+00 -0.000E+00  0.000E+00
  8.0307500E+03 -0.000E+00 -0.000E+00  0.000E+00
  8.0312500E+03 -0.000E+00 -0.000E+00  0.000E+00
  8.0317500E+03 -0.000E+00 -0.000E+00  0.000E+00
  8.0322500E+03 -0.000E+00 -0.000E+00  0.000E+00
  8.0327500E+03 -0.000E+00 -0.000E+00  0.000E+00
  8.0332500E+03 -0.000E+00 -0.000E+00  0.000E+00
  8.0337500E+03 -0.000E+00 -0.000E+00  0.000E+00
  8.0342500E+03 -0.000E+00 -0.000E+00  0.000E+00
  8.0347500E+03 -0.000E+00 -0.000E+00  0.000E+00
  8.0352500E+03 -0.000E+00 -0.000E+00  0.000E+00
  8.0357500E+03 -0.000E+00 -0.000E+00  0.000E+00
  8.0362500E+03 -0.000E+00 -0.000E+00  0.000E+00
  8.0367500E+03 -0.000E+00 -0.000E+00  0.000E+00
  8.0372500E+03 -0.000E+00 -0.000E+00  0.000E+00
  8.0377500E+03 -0.000E+00 -0.000E+00  0.000E+00
  8.0382500E+03 -0.000E+00 -0.000E+00  0.000E+00
  8.0387500E+03 -0.000E+00 -0.000E+00  0.000E+00
  8.0392500E+03 -0.000E+00 -0.000E+00  0.000E+00
  8.0397500E+03 -0.000E+00 -0.000E+00  0.000E+00
  8.0402500E+03 -0.000E+00 -0.000E+00  0.000E+00
  8.0407500E+03 -0.000E+00 -0.000E+00  0.000E+00
  8.0412500E+03 -0.000E+00 -0.000E+00  0.000E+00
  8.0417500E+03 -0.000E+00 -0.000E+00  0.000E+00
  8.0422500E+03 -0.000E+00 -0.000E+00  0.000E+00
  8.0427500E+03 -0.000E+00 -0.000E+00  0.000E+00
  8.0432500E+03 -0.000E+00 -0.000E+00  0.000E+00
  8.0437500E+03 -0.000E+00 -0.000E+00  0.000E+00
  8.0442500E+03 -0.000E+00 -0.000E+00  0.000E+00
  8.0447500E+03 -0.000E+00 -0.000E+00  0.000E+00
  8.0452500E+03 -0.000E+00 -0.000E+00  0.000E+00
  8.0457500E+03 -0.000E+00 -0.000E+00  0.000E+00
  8.0462500E+03 -0.000E+00 -0.000E+00  0.000E+00
  8.0467500E+03 -0.000E+00 -0.000E+00  0.000E+00
  8.0472500E+03 -0.000E+00 -0.000E+00  0.000E+00
  8.0477500E+03 -0.000E+00 -0.000E+00  0.000E+00
  8.0482500E+03 -0.000E+00 -0.000E+00  0.000E+00
  8.0487500E+03 -0.000E+00 -0.000E+00  0.000E+00
  8.0492500E+03 -0.000E+00 -0.000E+00  0.000E+00
  8.0497500E+03 -0.000E+00 -0.000E+00  0.000E+00
  8.0502500E+03 -0.000E+00 -0.000E+00  0.000E+00
  8.0507500E+03 -0.000E+00 -0.000E+00  0.000E+00
  8.0512500E+03 -0.000E+00 -0.000E+00  0.000E+00
  8.0517500E+03 -0.000E+00 -0.000E+00  0.000E+00
  8.0522500E+03 -0.000E+00 -0.000E+00  0.000E+00
  8.0527500E+03 -0.000E+00 -0.000E+00  0.000E+00
  8.0532500E+03 -0.000E+00 -0.000E+00  0.000E+00
  8.0537500E+03 -0.000E+00 -0.000E+00  0.000E+00
  8.0542500E+03 -0.000E+00 -0.000E+00  0.000E+00
  8.0547500E+03 -0.000E+00 -0.000E+00  0.000E+00
  8.0552500E+03 -0.000E+00 -0.000E+00  0.000E+00
  8.0557500E+03 -0.000E+00 -0.000E+00  0.000E+00
  8.0562500E+03 -0.000E+00 -0.000E+00  0.000E+00
  8.0567500E+03 -0.000E+00 -0.000E+00  0.000E+00
  8.0572500E+03 -0.000E+00 -0.000E+00  0.000E+00
  8.0577500E+03 -0.000E+00 -0.000E+00  0.000E+00
  8.0582500E+03 -0.000E+00 -0.000E+00  0.000E+00
  8.0587500E+03 -0.000E+00 -0.000E+00  0.000E+00
  8.0592500E+03 -0.000E+00 -0.000E+00  0.000E+00
  8.0597500E+03 -0.000E+00 -0.000E+00  0.000E+00
  8.0602500E+03 -0.000E+00 -0.000E+00  0.000E+00
  8.0607500E+03 -0.000E+00 -0.000E+00  0.000E+00
  8.0612500E+03 -0.000E+00 -0.000E+00  0.000E+00
  8.0617500E+03 -0.000E+00 -0.000E+00  0.000E+00
  8.0622500E+03 -0.000E+00 -0.000E+00  0.000E+00
  8.0627500E+03 -0.000E+00 -0.000E+00  0.000E+00
  8.0632500E+03 -0.000E+00 -0.000E+00  0.000E+00
  8.0637500E+03 -0.000E+00 -0.000E+00  0.000E+00
  8.0642500E+03 -0.000E+00 -0.000E+00  0.000E+00
  8.0647500E+03 -0.000E+00 -0.000E+00  0.000E+00
  8.0652500E+03 -0.000E+00 -0.000E+00  0.000E+00
  8.0657500E+03 -0.000E+00 -0.000E+00  0.000E+00
  8.0662500E+03 -0.000E+00 -0.000E+00  0.000E+00
  8.0667500E+03 -0.000E+00 -0.000E+00  0.000E+00
  8.0672500E+03 -0.000E+00 -0.000E+00  0.000E+00
  8.0677500E+03 -0.000E+00 -0.000E+00  0.000E+00
  8.0682500E+03 -0.000E+00 -0.000E+00  0.000E+00
  8.0687500E+03 -0.000E+00 -0.000E+00  0.000E+00
  8.0692500E+03 -0.000E+00 -0.000E+00  0.000E+00
  8.0697500E+03 -0.000E+00 -0.000E+00  0.000E+00
  8.0702500E+03 -0.000E+00 -0.000E+00  0.000E+00
  8.0707500E+03 -0.000E+00 -0.000E+00  0.000E+00
  8.0712500E+03 -0.000E+00 -0.000E+00  0.000E+00
  8.0717500E+03 -0.000E+00 -0.000E+00  0.000E+00
  8.0722500E+03 -0.000E+00 -0.000E+00  0.000E+00
  8.0727500E+03 -0.000E+00 -0.000E+00  0.000E+00
  8.0732500E+03 -0.000E+00 -0.000E+00  0.000E+00
  8.0737500E+03 -0.000E+00 -0.000E+00  0.000E+00
  8.0742500E+03 -0.000E+00 -0.000E+00  0.000E+00
  8.0747500E+03 -0.000E+00 -0.000E+00  0.000E+00
  8.0752500E+03 -0.000E+00 -0.000E+00  0.000E+00
  8.0757500E+03 -0.000E+00 -0.000E+00  0.000E+00
  8.0762500E+03 -0.000E+00 -0.000E+00  0.000E+00
  8.0767500E+03 -0.000E+00 -0.000E+00  0.000E+00
  8.0772500E+03 -0.000E+00 -0.000E+00  0.000E+00
  8.0777500E+03 -0.000E+00 -0.000E+00  0.000E+00
  8.0782500E+03 -0.000E+00 -0.000E+00  0.000E+00
  8.0787500E+03 -0.000E+00 -0.000E+00  0.000E+00
  8.0792500E+03 -0.000E+00 -0.000E+00  0.000E+00
  8.0797500E+03 -0.000E+00 -0.000E+00  0.000E+00
  8.0802500E+03 -0.000E+00 -0.000E+00  0.000E+00
  8.0807500E+03 -0.000E+00 -0.000E+00  0.000E+00
  8.0812500E+03 -0.000E+00 -0.000E+00  0.000E+00
  8.0817500E+03 -0.000E+00 -0.000E+00  0.000E+00
  8.0822500E+03 -0.000E+00 -0.000E+00  0.000E+00
  8.0827500E+03 -0.000E+00 -0.000E+00  0.000E+00
  8.0832500E+03 -0.000E+00 -0.000E+00  0.000E+00
  8.0837500E+03 -0.000E+00 -0.000E+00  0.000E+00
  8.0842500E+03 -0.000E+00 -0.000E+00  0.000E+00
  8.0847500E+03 -0.000E+00 -0.000E+00  0.000E+00
  8.0852500E+03 -0.000E+00 -0.000E+00  0.000E+00
  8.0857500E+03 -0.000E+00 -0.000E+00  0.000E+00
  8.0862500E+03 -0.000E+00 -0.000E+00  0.000E+00
  8.0867500E+03 -0.000E+00 -0.000E+00  0.000E+00
  8.0872500E+03 -0.000E+00 -0.000E+00  0.000E+00
  8.0877500E+03 -0.000E+00 -0.000E+00  0.000E+00
  8.0882500E+03 -0.000E+00 -0.000E+00  0.000E+00
  8.0887500E+03 -0.000E+00 -0.000E+00  0.000E+00
  8.0892500E+03 -0.000E+00 -0.000E+00  0.000E+00
  8.0897500E+03 -0.000E+00 -0.000E+00  0.000E+00
  8.0902500E+03 -0.000E+00 -0.000E+00  0.000E+00
  8.0907500E+03 -0.000E+00 -0.000E+00  0.000E+00
  8.0912500E+03 -0.000E+00 -0.000E+00  0.000E+00
  8.0917500E+03 -0.000E+00 -0.000E+00  0.000E+00
  8.0922500E+03 -0.000E+00 -0.000E+00  0.000E+00
  8.0927500E+03 -0.000E+00 -0.000E+00  0.000E+00
  8.0932500E+03 -0.000E+00 -0.000E+00  0.000E+00
  8.0937500E+03 -0.000E+00 -0.000E+00  0.000E+00
  8.0942500E+03 -0.000E+00 -0.000E+00  0.000E+00
  8.0947500E+03 -0.000E+00 -0.000E+00  0.000E+00
  8.0952500E+03 -0.000E+00 -0.000E+00  0.000E+00
  8.0957500E+03 -0.000E+00 -0.000E+00  0.000E+00
  8.0962500E+03 -0.000E+00 -0.000E+00  0.000E+00
  8.0967500E+03 -0.000E+00 -0.000E+00  0.000E+00
  8.0972500E+03 -0.000E+00 -0.000E+00  0.000E+00
  8.0977500E+03 -0.000E+00 -0.000E+00  0.000E+00
  8.0982500E+03 -0.000E+00 -0.000E+00  0.000E+00
  8.0987500E+03 -0.000E+00 -0.000E+00  0.000E+00
  8.0992500E+03 -0.000E+00 -0.000E+00  0.000E+00
  8.0997500E+03 -0.000E+00 -0.000E+00  0.000E+00
  8.1002500E+03 -0.000E+00 -0.000E+00  0.000E+00
  8.1007500E+03 -0.000E+00 -0.000E+00  0.000E+00
  8.1012500E+03 -0.000E+00 -0.000E+00  0.000E+00
  8.1017500E+03 -0.000E+00 -0.000E+00  0.000E+00
  8.1022500E+03 -0.000E+00 -0.000E+00  0.000E+00
  8.1027500E+03 -0.000E+00 -0.000E+00  0.000E+00
  8.1032500E+03 -9.744E-04 -7.399E-04  3.725E-04
  8.1037500E+03 -3.486E-03 -2.415E-03  2.355E-03
  8.1042500E+03 -5.821E-05 -4.491E-05 -5.004E-05
  8.1047500E+03  9.315E-04  7.903E-04  4.490E-05
  8.1052500E+03  3.629E-03  1.821E-03 -5.050E-03
  8.1057500E+03  2.025E-03  1.511E-03 -7.404E-04
  8.1062500E+03 -6.416E-04 -7.860E-04 -1.538E-03
  8.1067500E+03 -2.538E-03 -2.399E-03 -8.143E-04
  8.1072500E+03  7.776E-04  1.668E-03  4.062E-03
  8.1077500E+03 -2.676E-04 -6.581E-04 -1.764E-03
  8.1082500E+03  7.753E-04  1.035E-03  1.663E-03
  8.1087500E+03 -5.033E-04  2.503E-04  2.771E-03
  8.1092500E+03  2.311E-03  1.955E-03  1.760E-04
  8.1097500E+03 -1.182E-04  4.260E-04  2.715E-03
  8.1102500E+03  6.205E-03  3.048E-03 -9.250E-03
  8.1107500E+03  2.075E-02  1.440E-02 -1.419E-02
  8.1112500E+03  4.038E-03  2.812E-03 -3.394E-03
  8.1117500E+03 -1.228E-02 -6.947E-03  1.777E-02
  8.1122500E+03  4.080E-03  3.181E-03 -1.463E-03
  8.1127500E+03 -2.260E-02 -1.817E-02  1.359E-03
  8.1132500E+03  2.485E-03  1.283E-03 -4.814E-03
  8.1137500E+03  6.646E-03  6.297E-03  1.852E-03
  8.1142500E+03  2.420E-03  6.670E-04 -6.924E-03
  8.1147500E+03  1.203E-01  8.444E-02 -9.094E-02
  8.1152500E+03 -1.095E-01 -6.747E-02  1.232E-01
  8.1157500E+03  1.021E-02  4.232E-03 -1.783E-02
  8.1162500E+03  1.870E-02  1.067E-02 -2.697E-02
  8.1167500E+03  1.963E-02  1.612E-02 -4.238E-03
  8.1172500E+03  8.246E-02  8.211E-02  4.397E-02
  8.1177500E+03  2.518E-03  1.348E-02  4.702E-02
  8.1182500E+03  5.404E-02  5.775E-02  5.261E-02
  8.1187500E+03  1.681E-01  1.518E-01  2.787E-02
  8.1192500E+03  1.379E-01  1.118E-01 -3.789E-02
  8.1197500E+03  9.914E-02  1.402E-01  2.386E-01
  8.1202500E+03  5.442E-01  5.232E-01  2.403E-01
  8.1207500E+03 -3.507E-02  9.417E-04  1.219E-01
  8.1212500E+03  1.617E-01  2.253E-01  3.612E-01
  8.1217500E+03  5.520E-01  4.973E-01  1.102E-01
  8.1222500E+03  2.756E-01  3.597E-01  5.781E-01
  8.1227500E+03  1.068E+00  1.083E+00  7.275E-01
  8.1232500E+03  1.861E+00  1.774E+00  6.774E-01
  8.1237500E+03  2.285E+00  2.507E+00  2.223E+00
  8.1242500E+03  3.110E+00  3.010E+00  1.359E+00
  8.1247500E+03  2.557E+00  2.846E+00  2.654E+00
  8.1252500E+03  4.454E+00  4.284E+00  1.841E+00
  8.1257500E+03  5.147E+00  5.310E+00  3.640E+00
  8.1262500E+03  6.768E+00  6.912E+00  4.453E+00
  8.1267500E+03  8.816E+00  8.852E+00  5.141E+00
  8.1272500E+03  1.004E+01  1.039E+01  7.189E+00
  8.1277500E+03  1.707E+01  1.766E+01  1.215E+01
  8.1282500E+03  2.314E+01  2.379E+01  1.573E+01
  8.1287500E+03  2.911E+01  2.956E+01  1.827E+01
  8.1292500E+03  3.837E+01  3.918E+01  2.487E+01
  8.1297500E+03  4.622E+01  4.646E+01  2.694E+01
  8.1302500E+03  5.304E+01  5.454E+01  3.596E+01
  8.1307500E+03  6.337E+01  6.447E+01  3.992E+01
  8.1312500E+03  7.902E+01  8.057E+01  5.036E+01
  8.1317500E+03  9.667E+01  9.840E+01  6.091E+01
  8.1322500E+03  1.120E+02  1.133E+02  6.700E+01
  8.1327500E+03  1.291E+02  1.315E+02  8.107E+01
  8.1332500E+03  1.523E+02  1.533E+02  8.768E+01
  8.1337500E+03  1.760E+02  1.764E+02  9.800E+01
  8.1342500E+03  1.893E+02  1.919E+02  1.143E+02
  8.1347500E+03  2.139E+02  2.161E+02  1.254E+02
  8.1352500E+03  2.532E+02  2.537E+02  1.394E+02
  8.1357500E+03  2.717E+02  2.746E+02  1.594E+02
  8.1362500E+03  2.911E+02  2.927E+02  1.638E+02
  8.1367500E+03  3.169E+02  3.184E+02  1.764E+02
  8.1372500E+03  3.430E+02  3.428E+02  1.831E+02
  8.1377500E+03  3.591E+02  3.574E+02  1.850E+02
  8.1382500E+03  3.644E+02  3.654E+02  1.982E+02
  8.1387500E+03  3.939E+02  3.917E+02  1.997E+02
  8.1392500E+03  4.028E+02  4.048E+02  2.215E+02
  8.1397500E+03  4.211E+02  4.206E+02  2.200E+02
  8.1402500E+03  4.328E+02  4.310E+02  2.204E+02
  8.1407500E+03  4.310E+02  4.303E+02  2.229E+02
  8.1412500E+03  4.450E+02  4.412E+02  2.169E+02
  8.1417500E+03  4.342E+02  4.364E+02  2.355E+02
  8.1422500E+03  4.536E+02  4.492E+02  2.172E+02
  8.1427500E+03  4.357E+02  4.349E+02  2.224E+02
  8.1432500E+03  4.339E+02  4.285E+02  2.012E+02
  8.1437500E+03  4.208E+02  4.192E+02  2.092E+02
  8.1442500E+03  3.965E+02  3.947E+02  1.955E+02
  8.1447500E+03  3.939E+02  3.934E+02  1.985E+02
  8.1452500E+03  3.894E+02  3.889E+02  1.957E+02
  8.1457500E+03  3.704E+02  3.695E+02  1.839E+02
  8.1462500E+03  3.608E+02  3.567E+02  1.649E+02
  8.1467500E+03  3.456E+02  3.446E+02  1.698E+02
  8.1472500E+03  3.109E+02  3.063E+02  1.358E+02
  8.1477500E+03  2.972E+02  2.972E+02  1.480E+02
  8.1482500E+03  2.791E+02  2.781E+02  1.338E+02
  8.1487500E+03  2.579E+02  2.559E+02  1.192E+02
  8.1492500E+03  2.436E+02  2.439E+02  1.203E+02
  8.1497500E+03  2.302E+02  2.284E+02  1.045E+02
  8.1502500E+03  2.107E+02  2.080E+02  9.108E+01
  8.1507500E+03  2.013E+02  2.012E+02  9.673E+01
  8.1512500E+03  1.773E+02  1.768E+02  8.281E+01
  8.1517500E+03  1.565E+02  1.500E+02  4.722E+01
  8.1522500E+03  1.336E+02  1.362E+02  7.408E+01
  8.1527500E+03  1.159E+02  1.193E+02  6.775E+01
  8.1532500E+03  1.117E+02  1.096E+02  4.268E+01
  8.1537500E+03  1.056E+02  1.046E+02  4.484E+01
  8.1542500E+03  1.028E+02  1.013E+02  4.116E+01
  8.1547500E+03  8.399E+01  8.329E+01  3.487E+01
  8.1552500E+03  6.136E+01  6.239E+01  3.081E+01
  8.1557500E+03  5.991E+01  5.925E+01  2.291E+01
  8.1562500E+03  4.081E+01  4.535E+01  3.523E+01
  8.1567500E+03  4.313E+01  4.370E+01  1.985E+01
  8.1572500E+03  3.023E+01  3.243E+01  2.066E+01
  8.1577500E+03  2.641E+01  2.601E+01  7.692E+00
  8.1582500E+03  1.929E+01  2.108E+01  1.345E+01
  8.1587500E+03  1.136E+01  1.448E+01  1.529E+01
  8.1592500E+03  5.941E+00  5.831E+00 -9.440E-01
  8.1597500E+03  6.742E+00  4.512E+00 -9.472E+00
  8.1602500E+03 -4.968E+00 -5.730E+00 -9.067E+00
  8.1607500E+03 -9.557E+00 -9.053E+00 -5.909E+00
  8.1612500E+03 -9.734E+00 -7.671E+00  7.809E-01
  8.1617500E+03 -7.460E+00 -8.767E+00 -1.208E+01
  8.1622500E+03 -2.338E+01 -2.020E+01 -1.031E+00
  8.1627500E+03 -2.100E+01 -2.042E+01 -1.097E+01
  8.1632500E+03 -1.817E+01 -1.919E+01 -1.600E+01
  8.1637500E+03 -1.845E+01 -1.969E+01 -1.725E+01
  8.1642500E+03 -2.844E+01 -2.845E+01 -1.725E+01
  8.1647500E+03 -2.838E+01 -2.907E+01 -1.955E+01
  8.1652500E+03 -3.025E+01 -2.848E+01 -9.469E+00
  8.1657500E+03 -3.797E+01 -3.462E+01 -7.180E+00
  8.1662500E+03 -3.381E+01 -3.264E+01 -1.418E+01
  8.1667500E+03 -3.658E+01 -3.648E+01 -1.976E+01
  8.1672500E+03 -3.364E+01 -3.292E+01 -1.600E+01
  8.1677500E+03 -4.085E+01 -4.027E+01 -1.987E+01
  8.1682500E+03 -4.260E+01 -4.249E+01 -2.270E+01
  8.1687500E+03 -4.042E+01 -4.002E+01 -2.035E+01
  8.1692500E+03 -2.912E+01 -3.023E+01 -2.100E+01
  8.1697500E+03 -3.734E+01 -3.567E+01 -1.348E+01
  8.1702500E+03 -4.113E+01 -4.090E+01 -2.127E+01
  8.1707500E+03 -4.625E+01 -4.462E+01 -1.799E+01
  8.1712500E+03 -3.944E+01 -3.759E+01 -1.369E+01
  8.1717500E+03 -3.637E+01 -3.558E+01 -1.646E+01
  8.1722500E+03 -3.643E+01 -3.625E+01 -1.903E+01
  8.1727500E+03 -3.617E+01 -3.743E+01 -2.508E+01
  8.1732500E+03 -5.143E+01 -5.073E+01 -2.388E+01
  8.1737500E+03 -4.356E+01 -4.285E+01 -2.028E+01
  8.1742500E+03 -3.892E+01 -3.794E+01 -1.686E+01
  8.1747500E+03 -4.133E+01 -4.024E+01 -1.741E+01
  8.1752500E+03 -4.624E+01 -4.479E+01 -1.831E+01
  8.1757500E+03 -4.163E+01 -4.229E+01 -2.509E+01
  8.1762500E+03 -4.223E+01 -3.984E+01 -1.223E+01
  8.1767500E+03 -4.421E+01 -4.177E+01 -1.307E+01
  8.1772500E+03 -3.894E+01 -3.980E+01 -2.428E+01
  8.1777500E+03 -3.842E+01 -3.847E+01 -2.091E+01
  8.1782500E+03 -4.443E+01 -4.483E+01 -2.503E+01
  8.1787500E+03 -4.488E+01 -4.488E+01 -2.353E+01
  8.1792500E+03 -3.695E+01 -3.721E+01 -2.061E+01
  8.1797500E+03 -4.025E+01 -3.949E+01 -1.777E+01
  8.1802500E+03 -3.790E+01 -3.736E+01 -1.806E+01
  8.1807500E+03 -4.454E+01 -4.247E+01 -1.448E+01
  8.1812500E+03 -4.102E+01 -4.022E+01 -1.831E+01
  8.1817500E+03 -4.529E+01 -4.456E+01 -2.083E+01
  8.1822500E+03 -4.161E+01 -4.134E+01 -2.084E+01
  8.1827500E+03 -4.261E+01 -4.179E+01 -1.873E+01
  8.1832500E+03 -3.986E+01 -3.828E+01 -1.419E+01
  8.1837500E+03 -4.256E+01 -4.160E+01 -1.845E+01
  8.1842500E+03 -3.943E+01 -3.996E+01 -2.305E+01
  8.1847500E+03 -4.275E+01 -4.104E+01 -1.531E+01
  8.1852500E+03 -4.026E+01 -4.058E+01 -2.235E+01
  8.1857500E+03 -4.059E+01 -4.092E+01 -2.256E+01
  8.1862500E+03 -4.046E+01 -4.181E+01 -2.673E+01
  8.1867500E+03 -3.773E+01 -3.763E+01 -1.935E+01
  8.1872500E+03 -4.268E+01 -4.231E+01 -2.061E+01
  8.1877500E+03 -4.171E+01 -4.029E+01 -1.586E+01
  8.1882500E+03 -3.842E+01 -3.822E+01 -1.918E+01
  8.1887500E+03 -3.631E+01 -3.574E+01 -1.686E+01
  8.1892500E+03 -3.974E+01 -3.832E+01 -1.478E+01
  8.1897500E+03 -3.588E+01 -3.480E+01 -1.397E+01
  8.1902500E+03 -3.920E+01 -3.871E+01 -1.843E+01
  8.1907500E+03 -3.894E+01 -3.859E+01 -1.897E+01
  8.1912500E+03 -4.159E+01 -4.079E+01 -1.830E+01
  8.1917500E+03 -3.480E+01 -3.391E+01 -1.425E+01
  8.1922500E+03 -3.751E+01 -3.774E+01 -2.042E+01
  8.1927500E+03 -3.616E+01 -3.717E+01 -2.313E+01
  8.1932500E+03 -3.745E+01 -3.761E+01 -2.031E+01
  8.1937500E+03 -3.877E+01 -3.916E+01 -2.162E+01
  8.1942500E+03 -3.755E+01 -3.725E+01 -1.823E+01
  8.1947500E+03 -3.881E+01 -3.881E+01 -2.000E+01
  8.1952500E+03 -3.921E+01 -3.882E+01 -1.884E+01
  8.1957500E+03 -3.634E+01 -3.496E+01 -1.323E+01
  8.1962500E+03 -3.641E+01 -3.665E+01 -2.008E+01
  8.1967500E+03 -3.845E+01 -3.823E+01 -1.880E+01
  8.1972500E+03 -3.742E+01 -3.698E+01 -1.777E+01
  8.1977500E+03 -3.381E+01 -3.441E+01 -2.015E+01
  8.1982500E+03 -3.813E+01 -3.793E+01 -1.918E+01
  8.1987500E+03 -3.522E+01 -3.399E+01 -1.304E+01
  8.1992500E+03 -3.115E+01 -3.112E+01 -1.612E+01
  8.1997500E+03 -3.486E+01 -3.535E+01 -2.006E+01
  8.2002500E+03 -3.837E+01 -3.735E+01 -1.539E+01
  8.2007500E+03 -3.711E+01 -3.509E+01 -1.074E+01
  8.2012500E+03 -3.474E+01 -3.385E+01 -1.451E+01
  8.2017500E+03 -3.628E+01 -3.653E+01 -2.000E+01
  8.2022500E+03 -3.802E+01 -3.648E+01 -1.286E+01
  8.2027500E+03 -3.314E+01 -3.192E+01 -1.256E+01
  8.2032500E+03 -3.293E+01 -3.316E+01 -1.880E+01
  8.2037500E+03 -3.421E+01 -3.432E+01 -1.814E+01
  8.2042500E+03 -3.274E+01 -3.353E+01 -1.978E+01
  8.2047500E+03 -3.289E+01 -3.335E+01 -1.897E+01
  8.2052500E+03 -3.461E+01 -3.354E+01 -1.387E+01
  8.2057500E+03 -3.299E+01 -3.386E+01 -2.021E+01
  8.2062500E+03 -3.212E+01 -3.361E+01 -2.173E+01
  8.2067500E+03 -3.281E+01 -3.321E+01 -1.886E+01
  8.2072500E+03 -3.224E+01 -3.266E+01 -1.837E+01
  8.2077500E+03 -3.345E+01 -3.268E+01 -1.401E+01
  8.2082500E+03 -3.185E+01 -3.163E+01 -1.563E+01
  8.2087500E+03 -3.398E+01 -3.357E+01 -1.608E+01
  8.2092500E+03 -3.123E+01 -3.086E+01 -1.518E+01
  8.2097500E+03 -3.357E+01 -3.257E+01 -1.385E+01
  8.2102500E+03 -3.331E+01 -3.174E+01 -1.075E+01
  8.2107500E+03 -2.999E+01 -2.984E+01 -1.512E+01
  8.2112500E+03 -3.437E+01 -3.370E+01 -1.499E+01
  8.2117500E+03 -3.557E+01 -3.541E+01 -1.749E+01
  8.2122500E+03 -2.885E+01 -2.994E+01 -1.940E+01
  8.2127500E+03 -3.275E+01 -3.235E+01 -1.528E+01
  8.2132500E+03 -3.105E+01 -3.021E+01 -1.239E+01
  8.2137500E+03 -3.196E+01 -3.233E+01 -1.781E+01
  8.2142500E+03 -3.247E+01 -3.265E+01 -1.766E+01
  8.2147500E+03 -3.024E+01 -3.058E+01 -1.680E+01
  8.2152500E+03 -2.966E+01 -2.968E+01 -1.535E+01
  8.2157500E+03 -3.010E+01 -2.912E+01 -1.115E+01
  8.2162500E+03 -2.885E+01 -2.985E+01 -1.917E+01
  8.2167500E+03 -3.130E+01 -3.132E+01 -1.592E+01
  8.2172500E+03 -3.250E+01 -3.128E+01 -1.212E+01
  8.2177500E+03 -2.961E+01 -2.971E+01 -1.536E+01
  8.2182500E+03 -2.928E+01 -2.980E+01 -1.737E+01
  8.2187500E+03 -2.993E+01 -2.971E+01 -1.470E+01
  8.2192500E+03 -3.124E+01 -3.026E+01 -1.231E+01
  8.2197500E+03 -2.684E+01 -2.805E+01 -1.917E+01
  8.2202500E+03 -3.247E+01 -3.168E+01 -1.322E+01
  8.2207500E+03 -3.339E+01 -3.282E+01 -1.506E+01
  8.2212500E+03 -3.151E+01 -3.083E+01 -1.287E+01
  8.2217500E+03 -2.910E+01 -2.946E+01 -1.660E+01
  8.2222500E+03 -2.586E+01 -2.684E+01 -1.759E+01
  8.2227500E+03 -2.610E+01 -2.617E+01 -1.406E+01
  8.2232500E+03 -3.000E+01 -2.930E+01 -1.247E+01
  8.2237500E+03 -2.936E+01 -2.846E+01 -1.115E+01
  8.2242500E+03 -2.894E+01 -2.861E+01 -1.344E+01
  8.2247500E+03 -2.663E+01 -2.620E+01 -1.220E+01
  8.2252500E+03 -2.566E+01 -2.592E+01 -1.437E+01
  8.2257500E+03 -2.803E+01 -2.756E+01 -1.283E+01
  8.2262500E+03 -2.986E+01 -2.951E+01 -1.385E+01
  8.2267500E+03 -2.477E+01 -2.546E+01 -1.557E+01
  8.2272500E+03 -2.813E+01 -2.784E+01 -1.330E+01
  8.2277500E+03 -2.551E+01 -2.537E+01 -1.274E+01
  8.2282500E+03 -2.529E+01 -2.559E+01 -1.435E+01
  8.2287500E+03 -2.848E+01 -2.861E+01 -1.524E+01
  8.2292500E+03 -2.769E+01 -2.718E+01 -1.204E+01
  8.2297500E+03 -2.539E+01 -2.551E+01 -1.373E+01
  8.2302500E+03 -2.897E+01 -2.811E+01 -1.110E+01
  8.2307500E+03 -2.848E+01 -2.835E+01 -1.399E+01
  8.2312500E+03 -2.683E+01 -2.590E+01 -9.905E+00
  8.2317500E+03 -2.637E+01 -2.632E+01 -1.325E+01
  8.2322500E+03 -2.475E+01 -2.439E+01 -1.123E+01
  8.2327500E+03 -2.823E+01 -2.795E+01 -1.322E+01
  8.2332500E+03 -2.722E+01 -2.779E+01 -1.625E+01
  8.2337500E+03 -2.366E+01 -2.413E+01 -1.464E+01
  8.2342500E+03 -2.333E+01 -2.375E+01 -1.380E+01
  8.2347500E+03 -2.625E+01 -2.623E+01 -1.318E+01
  8.2352500E+03 -2.735E+01 -2.735E+01 -1.389E+01
  8.2357500E+03 -2.544E+01 -2.561E+01 -1.407E+01
  8.2362500E+03 -2.489E+01 -2.492E+01 -1.268E+01
  8.2367500E+03 -2.644E+01 -2.631E+01 -1.288E+01
  8.2372500E+03 -2.331E+01 -2.271E+01 -9.853E+00
  8.2377500E+03 -2.564E+01 -2.477E+01 -9.360E+00
  8.2382500E+03 -2.649E+01 -2.625E+01 -1.279E+01
  8.2387500E+03 -2.429E+01 -2.494E+01 -1.554E+01
  8.2392500E+03 -2.436E+01 -2.467E+01 -1.391E+01
  8.2397500E+03 -2.334E+01 -2.315E+01 -1.148E+01
  8.2402500E+03 -2.706E+01 -2.662E+01 -1.175E+01
  8.2407500E+03 -2.622E+01 -2.563E+01 -1.096E+01
  8.2412500E+03 -2.480E+01 -2.500E+01 -1.370E+01
  8.2417500E+03 -2.312E+01 -2.364E+01 -1.417E+01
  8.2422500E+03 -2.670E+01 -2.632E+01 -1.284E+01
  8.2427500E+03 -2.207E+01 -2.248E+01 -1.290E+01
  8.2432500E+03 -2.491E+01 -2.541E+01 -1.461E+01
  8.2437500E+03 -2.543E+01 -2.517E+01 -1.179E+01
  8.2442500E+03 -2.464E+01 -2.437E+01 -1.143E+01
  8.2447500E+03 -2.584E+01 -2.589E+01 -1.332E+01
  8.2452500E+03 -2.451E+01 -2.423E+01 -1.140E+01
  8.2457500E+03 -2.339E+01 -2.345E+01 -1.218E+01
  8.2462500E+03 -2.437E+01 -2.396E+01 -1.078E+01
  8.2467500E+03 -2.406E+01 -2.416E+01 -1.274E+01
  8.2472500E+03 -2.156E+01 -2.108E+01 -9.284E+00
  8.2477500E+03 -2.287E+01 -2.280E+01 -1.142E+01
  8.2482500E+03 -2.527E+01 -2.467E+01 -1.042E+01
  8.2487500E+03 -2.477E+01 -2.477E+01 -1.264E+01
  8.2492500E+03 -2.295E+01 -2.320E+01 -1.303E+01
  8.2497500E+03 -2.396E+01 -2.327E+01 -9.362E+00
  8.2502500E+03 -2.274E+01 -2.232E+01 -1.010E+01
  8.2507500E+03 -2.408E+01 -2.398E+01 -1.170E+01
  8.2512500E+03 -2.287E+01 -2.304E+01 -1.244E+01
  8.2517500E+03 -2.345E+01 -2.353E+01 -1.260E+01
  8.2522500E+03 -2.103E+01 -2.134E+01 -1.206E+01
  8.2527500E+03 -2.067E+01 -2.115E+01 -1.290E+01
  8.2532500E+03 -2.337E+01 -2.265E+01 -8.883E+00
  8.2537500E+03 -2.312E+01 -2.297E+01 -1.107E+01
  8.2542500E+03 -2.013E+01 -2.064E+01 -1.231E+01
  8.2547500E+03 -2.159E+01 -2.148E+01 -1.059E+01
  8.2552500E+03 -2.355E+01 -2.328E+01 -1.103E+01
  8.2557500E+03 -2.323E+01 -2.289E+01 -1.067E+01
  8.2562500E+03 -2.404E+01 -2.353E+01 -1.006E+01
  8.2567500E+03 -2.141E+01 -2.125E+01 -1.032E+01
  8.2572500E+03 -2.028E+01 -2.053E+01 -1.159E+01
  8.2577500E+03 -2.255E+01 -2.261E+01 -1.192E+01
  8.2582500E+03 -1.984E+01 -2.013E+01 -1.170E+01
  8.2587500E+03 -1.970E+01 -1.976E+01 -1.027E+01
  8.2592500E+03 -2.190E+01 -2.136E+01 -9.057E+00
  8.2597500E+03 -2.168E+01 -2.145E+01 -1.045E+01
  8.2602500E+03 -2.120E+01 -2.157E+01 -1.280E+01
  8.2607500E+03 -1.889E+01 -1.916E+01 -1.107E+01
  8.2612500E+03 -2.156E+01 -2.136E+01 -9.947E+00
  8.2617500E+03 -2.154E+01 -2.159E+01 -1.123E+01
  8.2622500E+03 -2.240E+01 -2.185E+01 -9.318E+00
  8.2627500E+03 -1.947E+01 -1.951E+01 -1.021E+01
  8.2632500E+03 -1.910E+01 -1.953E+01 -1.175E+01
  8.2637500E+03 -2.276E+01 -2.214E+01 -8.939E+00
  8.2642500E+03 -2.321E+01 -2.287E+01 -1.043E+01
  8.2647500E+03 -2.120E+01 -2.105E+01 -1.059E+01
  8.2652500E+03 -2.070E+01 -2.073E+01 -1.097E+01
  8.2657500E+03 -1.809E+01 -1.839E+01 -1.076E+01
  8.2662500E+03 -2.107E+01 -2.058E+01 -8.720E+00
  8.2667500E+03 -1.935E+01 -1.976E+01 -1.140E+01
  8.2672500E+03 -2.014E+01 -2.032E+01 -1.095E+01
  8.2677500E+03 -2.032E+01 -2.057E+01 -1.147E+01
  8.2682500E+03 -1.761E+01 -1.789E+01 -9.673E+00
  8.2687500E+03 -1.999E+01 -2.010E+01 -1.100E+01
  8.2692500E+03 -2.102E+01 -2.073E+01 -9.423E+00
  8.2697500E+03 -1.882E+01 -1.824E+01 -7.241E+00
  8.2702500E+03 -1.965E+01 -1.961E+01 -1.009E+01
  8.2707500E+03 -1.987E+01 -1.985E+01 -1.005E+01
  8.2712500E+03 -1.919E+01 -1.968E+01 -1.164E+01
  8.2717500E+03 -2.084E+01 -2.061E+01 -9.590E+00
  8.2722500E+03 -1.993E+01 -1.924E+01 -7.641E+00
  8.2727500E+03 -2.031E+01 -2.032E+01 -1.019E+01
  8.2732500E+03 -1.763E+01 -1.707E+01 -6.474E+00
  8.2737500E+03 -2.003E+01 -1.976E+01 -9.522E+00
  8.2742500E+03 -1.995E+01 -1.931E+01 -8.200E+00
  8.2747500E+03 -1.843E+01 -1.812E+01 -8.212E+00
  8.2752500E+03 -2.065E+01 -2.085E+01 -1.164E+01
  8.2757500E+03 -1.851E+01 -1.906E+01 -1.178E+01
  8.2762500E+03 -1.953E+01 -2.001E+01 -1.194E+01
  8.2767500E+03 -1.855E+01 -1.838E+01 -8.315E+00
  8.2772500E+03 -1.734E+01 -1.694E+01 -7.929E+00
  8.2777500E+03 -1.676E+01 -1.721E+01 -1.061E+01
  8.2782500E+03 -2.035E+01 -2.028E+01 -9.849E+00
  8.2787500E+03 -1.930E+01 -1.902E+01 -8.904E+00
  8.2792500E+03 -1.881E+01 -1.859E+01 -9.029E+00
  8.2797500E+03 -2.056E+01 -2.048E+01 -9.328E+00
  8.2802500E+03 -1.762E+01 -1.704E+01 -6.665E+00
  8.2807500E+03 -1.736E+01 -1.781E+01 -1.101E+01
  8.2812500E+03 -1.618E+01 -1.602E+01 -7.536E+00
  8.2817500E+03 -1.701E+01 -1.639E+01 -6.166E+00
  8.2822500E+03 -1.738E+01 -1.771E+01 -1.045E+01
  8.2827500E+03 -1.885E+01 -1.880E+01 -9.202E+00
  8.2832500E+03 -1.724E+01 -1.746E+01 -9.692E+00
  8.2837500E+03 -1.839E+01 -1.803E+01 -7.795E+00
  8.2842500E+03 -1.699E+01 -1.710E+01 -9.218E+00
  8.2847500E+03 -1.828E+01 -1.782E+01 -7.076E+00
  8.2852500E+03 -1.605E+01 -1.655E+01 -1.047E+01
  8.2857500E+03 -1.642E+01 -1.700E+01 -1.099E+01
  8.2862500E+03 -1.843E+01 -1.856E+01 -1.005E+01
  8.2867500E+03 -1.929E+01 -1.943E+01 -1.021E+01
  8.2872500E+03 -1.820E+01 -1.834E+01 -1.017E+01
  8.2877500E+03 -1.652E+01 -1.626E+01 -7.337E+00
  8.2882500E+03 -1.703E+01 -1.715E+01 -9.016E+00
  8.2887500E+03 -1.614E+01 -1.628E+01 -9.083E+00
  8.2892500E+03 -1.783E+01 -1.808E+01 -1.022E+01
  8.2897500E+03 -1.657E+01 -1.687E+01 -9.449E+00
  8.2902500E+03 -1.800E+01 -1.817E+01 -1.020E+01
  8.2907500E+03 -1.671E+01 -1.659E+01 -8.144E+00
  8.2912500E+03 -1.754E+01 -1.797E+01 -1.111E+01
  8.2917500E+03 -1.672E+01 -1.676E+01 -8.353E+00
  8.2922500E+03 -1.731E+01 -1.682E+01 -7.008E+00
  8.2927500E+03 -1.570E+01 -1.591E+01 -9.046E+00
  8.2932500E+03 -1.629E+01 -1.630E+01 -8.180E+00
  8.2937500E+03 -1.749E+01 -1.751E+01 -9.172E+00
  8.2942500E+03 -1.675E+01 -1.673E+01 -8.442E+00
  8.2947500E+03 -1.692E+01 -1.708E+01 -9.245E+00
  8.2952500E+03 -1.497E+01 -1.537E+01 -9.149E+00
  8.2957500E+03 -1.654E+01 -1.590E+01 -5.854E+00
  8.2962500E+03 -1.564E+01 -1.551E+01 -7.972E+00
  8.2967500E+03 -1.620E+01 -1.638E+01 -9.341E+00
  8.2972500E+03 -1.655E+01 -1.628E+01 -6.993E+00
  8.2977500E+03 -1.433E+01 -1.440E+01 -8.167E+00
  8.2982500E+03 -1.636E+01 -1.592E+01 -6.448E+00
  8.2987500E+03 -1.599E+01 -1.588E+01 -7.812E+00
  8.2992500E+03 -1.556E+01 -1.595E+01 -9.553E+00
  8.2997500E+03 -1.692E+01 -1.674E+01 -7.859E+00
  8.3002500E+03 -1.865E+01 -1.847E+01 -9.092E+00
  8.3007500E+03 -1.637E+01 -1.655E+01 -9.341E+00
  8.3012500E+03 -1.574E+01 -1.574E+01 -7.891E+00
  8.3017500E+03 -1.590E+01 -1.577E+01 -7.799E+00
  8.3022500E+03 -1.748E+01 -1.708E+01 -6.624E+00
  8.3027500E+03 -1.527E+01 -1.509E+01 -6.493E+00
  8.3032500E+03 -1.519E+01 -1.509E+01 -7.184E+00
  8.3037500E+03 -1.478E+01 -1.479E+01 -7.743E+00
  8.3042500E+03 -1.593E+01 -1.556E+01 -6.560E+00
  8.3047500E+03 -1.587E+01 -1.604E+01 -8.900E+00
  8.3052500E+03 -1.717E+01 -1.746E+01 -9.798E+00
  8.3057500E+03 -1.586E+01 -1.584E+01 -8.405E+00
  8.3062500E+03 -1.416E+01 -1.397E+01 -6.683E+00
  8.3067500E+03 -1.549E+01 -1.496E+01 -5.183E+00
  8.3072500E+03 -1.542E+01 -1.570E+01 -8.686E+00
  8.3077500E+03 -1.295E+01 -1.338E+01 -8.528E+00
  8.3082500E+03 -1.640E+01 -1.643E+01 -7.928E+00
  8.3087500E+03 -1.544E+01 -1.528E+01 -7.440E+00
  8.3092500E+03 -1.534E+01 -1.508E+01 -6.423E+00
  8.3097500E+03 -1.348E+01 -1.363E+01 -7.456E+00
  8.3102500E+03 -1.425E+01 -1.440E+01 -7.924E+00
  8.3107500E+03 -1.614E+01 -1.636E+01 -9.275E+00
  8.3112500E+03 -1.482E+01 -1.487E+01 -8.103E+00
  8.3117500E+03 -1.578E+01 -1.555E+01 -7.275E+00
  8.3122500E+03 -1.428E+01 -1.447E+01 -7.838E+00
  8.3127500E+03 -1.382E+01 -1.367E+01 -5.998E+00
  8.3132500E+03 -1.453E+01 -1.448E+01 -7.204E+00
  8.3137500E+03 -1.417E+01 -1.397E+01 -6.930E+00
  8.3142500E+03 -1.538E+01 -1.554E+01 -8.388E+00
  8.3147500E+03 -1.348E+01 -1.360E+01 -7.361E+00
  8.3152500E+03 -1.342E+01 -1.362E+01 -7.968E+00
  8.3157500E+03 -1.454E+01 -1.438E+01 -6.966E+00
  8.3162500E+03 -1.567E+01 -1.600E+01 -9.455E+00
  8.3167500E+03 -1.515E+01 -1.454E+01 -4.520E+00
  8.3172500E+03 -1.562E+01 -1.525E+01 -6.366E+00
  8.3177500E+03 -1.448E+01 -1.435E+01 -7.176E+00
  8.3182500E+03 -1.404E+01 -1.398E+01 -6.807E+00
  8.3187500E+03 -1.515E+01 -1.522E+01 -7.777E+00
  8.3192500E+03 -1.235E+01 -1.232E+01 -6.516E+00
  8.3197500E+03 -1.195E+01 -1.221E+01 -7.261E+00
  8.3202500E+03 -1.330E+01 -1.358E+01 -7.953E+00
  8.3207500E+03 -1.325E+01 -1.345E+01 -7.514E+00
  8.3212500E+03 -1.306E+01 -1.327E+01 -7.947E+00
  8.3217500E+03 -1.342E+01 -1.319E+01 -7.261E+00
  8.3222500E+03 -1.406E+01 -1.420E+01 -7.939E+00
  8.3227500E+03 -1.435E+01 -1.428E+01 -6.716E+00
  8.3232500E+03 -1.571E+01 -1.563E+01 -7.507E+00
  8.3237500E+03 -1.461E+01 -1.413E+01 -5.428E+00
  8.3242500E+03 -1.165E+01 -1.170E+01 -6.216E+00
  8.3247500E+03 -1.210E+01 -1.234E+01 -6.989E+00
  8.3252500E+03 -1.250E+01 -1.219E+01 -5.467E+00
  8.3257500E+03 -1.125E+01 -1.171E+01 -8.076E+00
  8.3262500E+03 -1.403E+01 -1.386E+01 -6.426E+00
  8.3267500E+03 -1.415E+01 -1.413E+01 -7.513E+00
  8.3272500E+03 -1.196E+01 -1.254E+01 -8.168E+00
  8.3277500E+03 -1.339E+01 -1.354E+01 -7.375E+00
  8.3282500E+03 -1.396E+01 -1.406E+01 -7.531E+00
  8.3287500E+03 -1.371E+01 -1.364E+01 -6.872E+00
  8.3292500E+03 -1.442E+01 -1.439E+01 -7.043E+00
  8.3297500E+03 -1.137E+01 -1.183E+01 -7.660E+00
  8.3302500E+03 -1.264E+01 -1.246E+01 -5.840E+00
  8.3307500E+03 -1.398E+01 -1.355E+01 -5.687E+00
  8.3312500E+03 -1.325E+01 -1.329E+01 -6.875E+00
  8.3317500E+03 -1.329E+01 -1.353E+01 -7.616E+00
  8.3322500E+03 -1.197E+01 -1.217E+01 -6.363E+00
  8.3327500E+03 -1.260E+01 -1.215E+01 -4.348E+00
  8.3332500E+03 -1.295E+01 -1.275E+01 -5.414E+00
  8.3337500E+03 -1.385E+01 -1.370E+01 -6.356E+00
  8.3342500E+03 -1.275E+01 -1.272E+01 -6.246E+00
  8.3347500E+03 -1.055E+01 -1.074E+01 -6.257E+00
  8.3352500E+03 -1.235E+01 -1.261E+01 -7.286E+00
  8.3357500E+03 -1.189E+01 -1.254E+01 -8.828E+00
  8.3362500E+03 -1.358E+01 -1.344E+01 -6.366E+00
  8.3367500E+03 -1.414E+01 -1.394E+01 -5.602E+00
  8.3372500E+03 -1.223E+01 -1.259E+01 -7.206E+00
  8.3377500E+03 -1.213E+01 -1.215E+01 -6.395E+00
  8.3382500E+03 -1.339E+01 -1.337E+01 -6.783E+00
  8.3387500E+03 -1.180E+01 -1.155E+01 -5.069E+00
  8.3392500E+03 -1.200E+01 -1.172E+01 -5.166E+00
  8.3397500E+03 -1.072E+01 -1.115E+01 -7.026E+00
  8.3402500E+03 -1.111E+01 -1.140E+01 -7.042E+00
  8.3407500E+03 -1.323E+01 -1.306E+01 -6.077E+00
  8.3412500E+03 -1.252E+01 -1.286E+01 -7.709E+00
  8.3417500E+03 -1.225E+01 -1.218E+01 -6.103E+00
  8.3422500E+03 -1.235E+01 -1.200E+01 -4.780E+00
  8.3427500E+03 -1.062E+01 -1.030E+01 -4.462E+00
  8.3432500E+03 -1.253E+01 -1.267E+01 -7.317E+00
  8.3437500E+03 -1.253E+01 -1.250E+01 -5.865E+00
  8.3442500E+03 -1.246E+01 -1.189E+01 -3.921E+00
  8.3447500E+03 -1.169E+01 -1.157E+01 -5.720E+00
  8.3452500E+03 -1.085E+01 -1.082E+01 -5.589E+00
  8.3457500E+03 -1.085E+01 -1.095E+01 -5.739E+00
  8.3462500E+03 -1.058E+01 -1.088E+01 -6.422E+00
  8.3467500E+03 -1.068E+01 -1.055E+01 -4.929E+00
  8.3472500E+03 -1.152E+01 -1.166E+01 -6.962E+00
  8.3477500E+03 -1.114E+01 -1.108E+01 -5.414E+00
  8.3482500E+03 -1.085E+01 -1.088E+01 -5.604E+00
  8.3487500E+03 -1.252E+01 -1.256E+01 -6.464E+00
  8.3492500E+03 -1.304E+01 -1.278E+01 -5.458E+00
  8.3497500E+03 -1.104E+01 -1.115E+01 -6.463E+00
  8.3502500E+03 -9.875E+00 -1.025E+01 -6.976E+00
  8.3507500E+03 -1.033E+01 -1.033E+01 -5.361E+00
  8.3512500E+03 -1.185E+01 -1.179E+01 -6.032E+00
  8.3517500E+03 -1.143E+01 -1.168E+01 -6.754E+00
  8.3522500E+03 -1.064E+01 -1.059E+01 -5.274E+00
  8.3527500E+03 -1.269E+01 -1.248E+01 -5.745E+00
  8.3532500E+03 -1.173E+01 -1.167E+01 -5.631E+00
  8.3537500E+03 -1.166E+01 -1.189E+01 -6.917E+00
  8.3542500E+03 -1.190E+01 -1.172E+01 -5.036E+00
  8.3547500E+03 -1.230E+01 -1.206E+01 -5.462E+00
  8.3552500E+03 -1.096E+01 -1.082E+01 -5.305E+00
  8.3557500E+03 -1.031E+01 -1.043E+01 -5.831E+00
  8.3562500E+03 -1.052E+01 -1.021E+01 -4.434E+00
  8.3567500E+03 -1.152E+01 -1.133E+01 -4.784E+00
  8.3572500E+03 -1.045E+01 -1.057E+01 -5.299E+00
  8.3577500E+03 -1.095E+01 -1.139E+01 -7.713E+00
  8.3582500E+03 -1.047E+01 -1.078E+01 -6.897E+00
  8.3587500E+03 -1.002E+01 -9.677E+00 -3.544E+00
  8.3592500E+03 -1.108E+01 -1.103E+01 -5.232E+00
  8.3597500E+03 -1.028E+01 -1.058E+01 -6.502E+00
  8.3602500E+03 -1.057E+01 -1.057E+01 -6.561E+00
  8.3607500E+03 -9.882E+00 -9.967E+00 -5.846E+00
  8.3612500E+03 -1.104E+01 -1.094E+01 -5.059E+00
  8.3617500E+03 -1.080E+01 -1.098E+01 -5.850E+00
  8.3622500E+03 -1.084E+01 -1.033E+01 -4.007E+00
  8.3627500E+03 -1.110E+01 -1.126E+01 -6.004E+00
  8.3632500E+03 -1.074E+01 -1.062E+01 -5.049E+00
  8.3637500E+03 -1.074E+01 -1.052E+01 -4.055E+00
  8.3642500E+03 -1.013E+01 -1.030E+01 -5.745E+00
  8.3647500E+03 -1.104E+01 -1.116E+01 -6.473E+00
  8.3652500E+03 -1.113E+01 -1.094E+01 -5.003E+00
  8.3657500E+03 -1.091E+01 -1.065E+01 -4.476E+00
  8.3662500E+03 -1.171E+01 -1.178E+01 -6.095E+00
  8.3667500E+03 -9.831E+00 -1.039E+01 -7.475E+00
  8.3672500E+03 -9.861E+00 -9.933E+00 -5.534E+00
  8.3677500E+03 -9.498E+00 -9.282E+00 -3.917E+00
  8.3682500E+03 -9.070E+00 -9.451E+00 -6.019E+00
  8.3687500E+03 -8.522E+00 -8.487E+00 -4.249E+00
  8.3692500E+03 -1.010E+01 -9.759E+00 -3.626E+00
  8.3697500E+03 -1.028E+01 -1.013E+01 -4.598E+00
  8.3702500E+03 -1.041E+01 -1.039E+01 -5.028E+00
  8.3707500E+03 -1.012E+01 -1.024E+01 -5.710E+00
  8.3712500E+03 -9.727E+00 -9.760E+00 -5.053E+00
  8.3717500E+03 -9.586E+00 -9.726E+00 -5.757E+00
  8.3722500E+03 -9.018E+00 -9.600E+00 -6.729E+00
  8.3727500E+03 -1.019E+01 -1.029E+01 -5.209E+00
  8.3732500E+03 -1.029E+01 -1.024E+01 -5.021E+00
  8.3737500E+03 -1.081E+01 -1.089E+01 -5.599E+00
  8.3742500E+03 -1.035E+01 -1.015E+01 -4.810E+00
  8.3747500E+03 -8.428E+00 -8.474E+00 -4.638E+00
  8.3752500E+03 -1.096E+01 -1.087E+01 -5.323E+00
  8.3757500E+03 -1.043E+01 -1.020E+01 -4.459E+00
  8.3762500E+03 -9.895E+00 -1.024E+01 -6.828E+00
  8.3767500E+03 -9.361E+00 -9.680E+00 -6.277E+00
  8.3772500E+03 -9.035E+00 -9.404E+00 -6.323E+00
  8.3777500E+03 -1.021E+01 -1.016E+01 -5.004E+00
  8.3782500E+03 -1.045E+01 -1.067E+01 -6.459E+00
  8.3787500E+03 -9.676E+00 -9.538E+00 -4.360E+00
  8.3792500E+03 -8.983E+00 -9.072E+00 -4.967E+00
  8.3797500E+03 -9.296E+00 -9.266E+00 -4.703E+00
  8.3802500E+03 -8.631E+00 -8.852E+00 -5.102E+00
  8.3807500E+03 -9.215E+00 -9.234E+00 -4.766E+00
  8.3812500E+03 -1.029E+01 -1.008E+01 -4.300E+00
  8.3817500E+03 -9.545E+00 -9.869E+00 -6.159E+00
  8.3822500E+03 -9.034E+00 -9.075E+00 -5.164E+00
  8.3827500E+03 -9.201E+00 -9.028E+00 -4.034E+00
  8.3832500E+03 -9.445E+00 -9.374E+00 -4.307E+00
  8.3837500E+03 -9.319E+00 -9.392E+00 -4.985E+00
  8.3842500E+03 -8.126E+00 -8.215E+00 -4.656E+00
  8.3847500E+03 -9.305E+00 -9.507E+00 -5.237E+00
  8.3852500E+03 -9.346E+00 -9.626E+00 -6.048E+00
  8.3857500E+03 -8.907E+00 -9.058E+00 -5.384E+00
  8.3862500E+03 -9.394E+00 -9.658E+00 -5.889E+00
  8.3867500E+03 -8.084E+00 -8.263E+00 -4.869E+00
  8.3872500E+03 -9.248E+00 -9.186E+00 -4.743E+00
  8.3877500E+03 -9.433E+00 -9.516E+00 -5.118E+00
  8.3882500E+03 -9.411E+00 -9.167E+00 -3.667E+00
  8.3887500E+03 -9.436E+00 -9.284E+00 -4.095E+00
  8.3892500E+03 -9.083E+00 -9.364E+00 -6.029E+00
  8.3897500E+03 -9.176E+00 -9.053E+00 -4.339E+00
  8.3902500E+03 -7.612E+00 -7.952E+00 -5.556E+00
  8.3907500E+03 -8.879E+00 -8.899E+00 -4.770E+00
  8.3912500E+03 -9.246E+00 -9.376E+00 -5.234E+00
  8.3917500E+03 -8.714E+00 -8.922E+00 -5.232E+00
  8.3922500E+03 -9.173E+00 -9.045E+00 -4.131E+00
  8.3927500E+03 -8.252E+00 -8.375E+00 -4.698E+00
  8.3932500E+03 -8.458E+00 -8.410E+00 -4.116E+00
  8.3937500E+03 -9.405E+00 -8.954E+00 -2.818E+00
  8.3942500E+03 -9.123E+00 -8.988E+00 -4.000E+00
  8.3947500E+03 -9.132E+00 -9.178E+00 -4.444E+00
  8.3952500E+03 -9.905E+00 -9.749E+00 -4.145E+00
  8.3957500E+03 -8.194E+00 -8.330E+00 -4.691E+00
  8.3962500E+03 -7.665E+00 -7.947E+00 -4.638E+00
  8.3967500E+03 -8.144E+00 -8.419E+00 -5.289E+00
  8.3972500E+03 -1.012E+01 -1.000E+01 -4.830E+00
  8.3977500E+03 -9.253E+00 -9.393E+00 -5.416E+00
  8.3982500E+03 -8.546E+00 -8.812E+00 -5.358E+00
  8.3987500E+03 -8.996E+00 -8.995E+00 -4.652E+00
  8.3992500E+03 -7.938E+00 -7.749E+00 -2.905E+00
  8.3997500E+03 -8.279E+00 -8.675E+00 -5.646E+00
  8.4002500E+03 -8.530E+00 -8.623E+00 -4.728E+00
  8.4007500E+03 -9.328E+00 -9.121E+00 -3.975E+00
  8.4012500E+03 -8.342E+00 -8.311E+00 -3.877E+00
  8.4017500E+03 -8.735E+00 -8.547E+00 -3.770E+00
  8.4022500E+03 -7.140E+00 -7.293E+00 -4.084E+00
  8.4027500E+03 -7.252E+00 -7.576E+00 -5.241E+00
  8.4032500E+03 -8.572E+00 -8.823E+00 -5.394E+00
  8.4037500E+03 -8.708E+00 -8.720E+00 -4.418E+00
  8.4042500E+03 -7.439E+00 -7.529E+00 -4.398E+00
  8.4047500E+03 -8.357E+00 -8.310E+00 -3.701E+00
  8.4052500E+03 -8.725E+00 -8.903E+00 -5.142E+00
  8.4057500E+03 -7.793E+00 -7.884E+00 -4.352E+00
  8.4062500E+03 -7.883E+00 -7.505E+00 -2.507E+00
  8.4067500E+03 -9.561E+00 -9.072E+00 -2.875E+00
  8.4072500E+03 -7.564E+00 -7.991E+00 -5.557E+00
  8.4077500E+03 -7.952E+00 -7.980E+00 -4.116E+00
  8.4082500E+03 -8.763E+00 -8.670E+00 -4.735E+00
  8.4087500E+03 -8.042E+00 -8.257E+00 -5.599E+00
  8.4092500E+03 -7.448E+00 -7.759E+00 -5.129E+00
  8.4097500E+03 -8.113E+00 -8.106E+00 -4.135E+00
  8.4102500E+03 -8.117E+00 -8.189E+00 -5.088E+00
  8.4107500E+03 -8.571E+00 -8.601E+00 -4.732E+00
  8.4112500E+03 -7.486E+00 -7.597E+00 -3.901E+00
  8.4117500E+03 -7.960E+00 -7.631E+00 -2.894E+00
  8.4122500E+03 -6.767E+00 -6.938E+00 -5.840E+00
  8.4127500E+03 -8.346E+00 -8.247E+00 -3.677E+00
  8.4132500E+03 -8.218E+00 -8.161E+00 -3.031E+00
  8.4137500E+03 -8.417E+00 -8.426E+00 -3.829E+00
  8.4142500E+03 -7.599E+00 -7.605E+00 -3.693E+00
  8.4147500E+03 -8.085E+00 -7.896E+00 -3.182E+00
  8.4152500E+03 -8.359E+00 -8.425E+00 -4.842E+00
  8.4157500E+03 -7.684E+00 -7.416E+00 -4.143E+00
  8.4162500E+03 -8.389E+00 -8.361E+00 -2.995E+00
  8.4167500E+03 -7.516E+00 -7.711E+00 -4.957E+00
  8.4172500E+03 -8.236E+00 -8.297E+00 -4.629E+00
  8.4177500E+03 -7.423E+00 -7.503E+00 -4.291E+00
  8.4182500E+03 -7.940E+00 -7.817E+00 -3.196E+00
  8.4187500E+03 -6.624E+00 -6.797E+00 -3.745E+00
  8.4192500E+03 -7.447E+00 -7.420E+00 -3.742E+00
  8.4197500E+03 -7.757E+00 -7.849E+00 -4.092E+00
  8.4202500E+03 -7.707E+00 -7.408E+00 -2.995E+00
  8.4207500E+03 -7.629E+00 -7.579E+00 -3.271E+00
  8.4212500E+03 -7.792E+00 -7.494E+00 -2.917E+00
  8.4217500E+03 -8.768E+00 -8.900E+00 -4.454E+00
  8.4222500E+03 -8.211E+00 -8.537E+00 -5.283E+00
  8.4227500E+03 -6.771E+00 -6.563E+00 -2.507E+00
  8.4232500E+03 -6.221E+00 -6.044E+00 -2.707E+00
  8.4237500E+03 -7.854E+00 -7.988E+00 -4.764E+00
  8.4242500E+03 -7.371E+00 -7.198E+00 -3.083E+00
  8.4247500E+03 -6.664E+00 -6.923E+00 -5.157E+00
  8.4252500E+03 -6.676E+00 -6.647E+00 -3.447E+00
  8.4257500E+03 -7.358E+00 -7.488E+00 -3.826E+00
  8.4262500E+03 -7.484E+00 -7.405E+00 -3.085E+00
  8.4267500E+03 -6.314E+00 -6.200E+00 -3.095E+00
  8.4272500E+03 -6.748E+00 -6.946E+00 -4.237E+00
  8.4277500E+03 -7.387E+00 -7.371E+00 -2.920E+00
  8.4282500E+03 -7.218E+00 -7.125E+00 -3.328E+00
  8.4287500E+03 -7.370E+00 -7.644E+00 -5.000E+00
  8.4292500E+03 -7.039E+00 -7.368E+00 -4.576E+00
  8.4297500E+03 -7.082E+00 -6.924E+00 -3.002E+00
  8.4302500E+03 -7.582E+00 -7.796E+00 -4.643E+00
  8.4307500E+03 -7.499E+00 -7.555E+00 -4.598E+00
  8.4312500E+03 -6.100E+00 -6.509E+00 -4.692E+00
  8.4317500E+03 -6.862E+00 -6.946E+00 -4.228E+00
  8.4322500E+03 -7.409E+00 -7.245E+00 -3.152E+00
  8.4327500E+03 -7.654E+00 -7.535E+00 -3.683E+00
  8.4332500E+03 -8.239E+00 -7.757E+00 -2.517E+00
  8.4337500E+03 -7.407E+00 -7.678E+00 -4.567E+00
  8.4342500E+03 -7.279E+00 -7.547E+00 -4.707E+00
  8.4347500E+03 -6.419E+00 -6.563E+00 -4.357E+00
  8.4352500E+03 -6.762E+00 -6.872E+00 -3.937E+00
  8.4357500E+03 -7.353E+00 -7.162E+00 -2.869E+00
  8.4362500E+03 -6.625E+00 -6.713E+00 -3.588E+00
  8.4367500E+03 -6.383E+00 -6.458E+00 -2.875E+00
  8.4372500E+03 -7.274E+00 -7.149E+00 -3.295E+00
  8.4377500E+03 -6.653E+00 -6.570E+00 -3.124E+00
  8.4382500E+03 -7.543E+00 -7.492E+00 -3.257E+00
  8.4387500E+03 -6.160E+00 -6.549E+00 -4.761E+00
  8.4392500E+03 -5.845E+00 -6.100E+00 -4.179E+00
  8.4397500E+03 -6.906E+00 -6.970E+00 -3.677E+00
  8.4402500E+03 -6.629E+00 -6.416E+00 -2.859E+00
  8.4407500E+03 -6.804E+00 -6.772E+00 -3.002E+00
  8.4412500E+03 -6.832E+00 -7.150E+00 -4.498E+00
  8.4417500E+03 -5.899E+00 -6.163E+00 -3.857E+00
  8.4422500E+03 -6.893E+00 -6.822E+00 -3.300E+00
  8.4427500E+03 -6.179E+00 -6.211E+00 -3.134E+00
  8.4432500E+03 -6.858E+00 -6.769E+00 -3.026E+00
  8.4437500E+03 -7.022E+00 -6.750E+00 -2.732E+00
  8.4442500E+03 -6.249E+00 -6.413E+00 -4.299E+00
  8.4447500E+03 -7.413E+00 -7.104E+00 -2.847E+00
  8.4452500E+03 -6.047E+00 -6.237E+00 -4.336E+00
  8.4457500E+03 -5.577E+00 -5.611E+00 -3.260E+00
  8.4462500E+03 -6.951E+00 -7.036E+00 -3.624E+00
  8.4467500E+03 -6.841E+00 -6.730E+00 -2.668E+00
  8.4472500E+03 -7.283E+00 -7.040E+00 -3.054E+00
  8.4477500E+03 -5.770E+00 -5.533E+00 -3.832E+00
  8.4482500E+03 -6.612E+00 -6.789E+00 -3.768E+00
  8.4487500E+03 -6.847E+00 -6.699E+00 -3.589E+00
  8.4492500E+03 -6.796E+00 -6.974E+00 -2.622E+00
  8.4497500E+03 -5.580E+00 -7.483E+00 -3.764E+00
  8.4502500E+03 -6.167E+00 -5.429E+00 -3.150E+00
  8.4507500E+03 -6.186E+00 -6.451E+00 -4.251E+00
  8.4512500E+03 -6.443E+00 -6.669E+00 -4.003E+00
  8.4517500E+03 -5.771E+00 -6.088E+00 -4.301E+00
  8.4522500E+03 -5.983E+00 -6.057E+00 -3.464E+00
  8.4527500E+03 -5.763E+00 -5.780E+00 -3.559E+00
  8.4532500E+03 -5.864E+00 -6.126E+00 -4.492E+00
  8.4537500E+03 -6.469E+00 -6.554E+00 -3.644E+00
  8.4542500E+03 -6.224E+00 -6.106E+00 -2.367E+00
  8.4547500E+03 -6.585E+00 -6.278E+00 -2.069E+00
  8.4552500E+03 -6.805E+00 -6.784E+00 -3.516E+00
  8.4557500E+03 -6.204E+00 -6.448E+00 -4.107E+00
  8.4562500E+03 -6.831E+00 -6.830E+00 -3.549E+00
  8.4567500E+03 -5.809E+00 -5.722E+00 -2.664E+00
  8.4572500E+03 -6.301E+00 -6.383E+00 -3.642E+00
  8.4577500E+03 -6.337E+00 -6.569E+00 -4.047E+00
  8.4582500E+03 -7.488E+00 -7.183E+00 -2.826E+00
  8.4587500E+03 -5.620E+00 -5.679E+00 -3.348E+00
  8.4592500E+03 -5.397E+00 -5.533E+00 -3.233E+00
  8.4597500E+03 -6.879E+00 -6.807E+00 -3.237E+00
  8.4602500E+03 -6.093E+00 -6.145E+00 -3.332E+00
  8.4607500E+03 -6.051E+00 -6.177E+00 -3.372E+00
  8.4612500E+03 -6.772E+00 -6.441E+00 -2.466E+00
  8.4617500E+03 -6.470E+00 -6.189E+00 -1.727E+00
  8.4622500E+03 -5.301E+00 -5.259E+00 -2.402E+00
  8.4627500E+03 -6.730E+00 -6.486E+00 -2.451E+00
  8.4632500E+03 -5.713E+00 -6.158E+00 -4.669E+00
  8.4637500E+03 -6.362E+00 -6.457E+00 -3.161E+00
  8.4642500E+03 -5.680E+00 -5.825E+00 -3.343E+00
  8.4647500E+03 -6.065E+00 -5.926E+00 -2.657E+00
  8.4652500E+03 -5.656E+00 -5.758E+00 -3.109E+00
  8.4657500E+03 -5.985E+00 -5.982E+00 -3.044E+00
  8.4662500E+03 -5.637E+00 -5.775E+00 -3.791E+00
  8.4667500E+03 -6.236E+00 -6.372E+00 -3.536E+00
  8.4672500E+03 -5.661E+00 -5.275E+00 -1.496E+00
  8.4677500E+03 -4.995E+00 -4.980E+00 -2.579E+00
  8.4682500E+03 -6.564E+00 -6.557E+00 -3.202E+00
  8.4687500E+03 -5.888E+00 -6.039E+00 -3.403E+00
  8.4692500E+03 -6.322E+00 -6.313E+00 -3.057E+00
  8.4697500E+03 -5.885E+00 -5.722E+00 -2.240E+00
  8.4702500E+03 -5.485E+00 -5.473E+00 -2.048E+00
  8.4707500E+03 -5.332E+00 -5.489E+00 -3.330E+00
  8.4712500E+03 -5.282E+00 -5.358E+00 -3.148E+00
  8.4717500E+03 -5.276E+00 -5.437E+00 -3.263E+00
  8.4722500E+03 -5.797E+00 -5.620E+00 -2.715E+00
  8.4727500E+03 -5.514E+00 -5.510E+00 -3.560E+00
  8.4732500E+03 -5.627E+00 -5.766E+00 -3.105E+00
  8.4737500E+03 -6.284E+00 -6.389E+00 -2.657E+00
  8.4742500E+03 -5.802E+00 -5.821E+00 -2.462E+00
  8.4747500E+03 -5.295E+00 -5.109E+00 -2.214E+00
  8.4752500E+03 -5.861E+00 -5.751E+00 -2.675E+00
  8.4757500E+03 -5.584E+00 -5.432E+00 -2.531E+00
  8.4762500E+03 -6.058E+00 -6.123E+00 -3.234E+00
  8.4767500E+03 -5.456E+00 -5.572E+00 -3.219E+00
  8.4772500E+03 -6.343E+00 -6.121E+00 -2.069E+00
  8.4777500E+03 -5.949E+00 -5.613E+00 -1.608E+00
  8.4782500E+03 -5.424E+00 -5.644E+00 -3.995E+00
  8.4787500E+03 -5.789E+00 -6.080E+00 -3.603E+00
  8.4792500E+03 -5.449E+00 -5.643E+00 -3.873E+00
  8.4797500E+03 -6.274E+00 -6.312E+00 -3.285E+00
  8.4802500E+03 -4.584E+00 -4.591E+00 -2.406E+00
  8.4807500E+03 -5.387E+00 -5.298E+00 -2.459E+00
  8.4812500E+03 -5.219E+00 -5.405E+00 -3.848E+00
  8.4817500E+03 -5.747E+00 -5.702E+00 -2.809E+00
  8.4822500E+03 -6.282E+00 -6.268E+00 -3.043E+00
  8.4827500E+03 -5.053E+00 -5.050E+00 -2.173E+00
  8.4832500E+03 -4.601E+00 -5.056E+00 -3.904E+00
  8.4837500E+03 -4.905E+00 -5.252E+00 -3.583E+00
  8.4842500E+03 -5.453E+00 -5.161E+00 -1.487E+00
  8.4847500E+03 -5.288E+00 -5.203E+00 -1.868E+00
  8.4852500E+03 -4.770E+00 -4.949E+00 -2.925E+00
  8.4857500E+03 -5.212E+00 -5.430E+00 -3.837E+00
  8.4862500E+03 -5.365E+00 -5.385E+00 -2.832E+00
  8.4867500E+03 -4.998E+00 -5.105E+00 -3.046E+00
  8.4872500E+03 -5.806E+00 -5.554E+00 -2.166E+00
  8.4877500E+03 -4.978E+00 -5.310E+00 -3.973E+00
  8.4882500E+03 -5.256E+00 -5.635E+00 -4.427E+00
  8.4887500E+03 -5.020E+00 -4.988E+00 -2.113E+00
  8.4892500E+03 -5.012E+00 -5.143E+00 -2.681E+00
  8.4897500E+03 -4.793E+00 -5.067E+00 -3.653E+00
  8.4902500E+03 -5.887E+00 -5.811E+00 -2.954E+00
  8.4907500E+03 -5.229E+00 -5.249E+00 -2.764E+00
  8.4912500E+03 -4.728E+00 -4.791E+00 -2.683E+00
  8.4917500E+03 -6.003E+00 -5.560E+00 -9.618E-01
  8.4922500E+03 -5.654E+00 -5.540E+00 -2.462E+00
  8.4927500E+03 -5.100E+00 -5.376E+00 -3.860E+00
  8.4932500E+03 -5.507E+00 -5.540E+00 -3.045E+00
  8.4937500E+03 -5.525E+00 -5.624E+00 -3.302E+00
  8.4942500E+03 -3.926E+00 -4.137E+00 -2.560E+00
  8.4947500E+03 -5.158E+00 -5.370E+00 -3.095E+00
  8.4952500E+03 -5.561E+00 -5.275E+00 -2.450E+00
  8.4957500E+03 -5.416E+00 -5.227E+00 -1.753E+00
  8.4962500E+03 -4.802E+00 -4.912E+00 -3.015E+00
  8.4967500E+03 -4.849E+00 -4.993E+00 -3.271E+00
  8.4972500E+03 -5.280E+00 -5.197E+00 -2.679E+00
  8.4977500E+03 -5.471E+00 -5.544E+00 -2.591E+00
  8.4982500E+03 -5.554E+00 -5.257E+00 -3.429E+00
  8.4987500E+03 -5.474E+00 -5.541E+00 -3.278E+00
  8.4992500E+03 -4.910E+00 -4.865E+00 -1.720E+00
  8.4997500E+03 -4.904E+00 -4.558E+00 -4.802E-01
  8.5002500E+03 -4.228E+00 -4.560E+00 -2.990E+00
  8.5007500E+03 -5.017E+00 -5.003E+00 -2.213E+00
  8.5012500E+03 -5.362E+00 -5.167E+00 -2.198E+00
  8.5017500E+03 -5.874E+00 -6.097E+00 -3.750E+00
  8.5022500E+03 -4.884E+00 -5.088E+00 -3.460E+00
  8.5027500E+03 -4.554E+00 -4.559E+00 -2.121E+00
  8.5032500E+03 -4.597E+00 -4.671E+00 -2.825E+00
  8.5037500E+03 -5.207E+00 -5.042E+00 -2.129E+00
  8.5042500E+03 -5.483E+00 -5.044E+00 -8.750E-01
  8.5047500E+03 -4.589E+00 -4.575E+00 -2.064E+00
  8.5052500E+03 -5.118E+00 -5.110E+00 -2.434E+00
  8.5057500E+03 -3.974E+00 -4.231E+00 -3.195E+00
  8.5062500E+03 -3.570E+00 -3.769E+00 -3.019E+00
  8.5067500E+03 -5.234E+00 -5.151E+00 -1.992E+00
  8.5072500E+03 -5.076E+00 -5.242E+00 -3.116E+00
  8.5077500E+03 -4.463E+00 -4.513E+00 -2.718E+00
  8.5082500E+03 -4.255E+00 -4.417E+00 -2.878E+00
  8.5087500E+03 -5.002E+00 -4.917E+00 -2.173E+00
  8.5092500E+03 -4.393E+00 -4.364E+00 -2.326E+00
  8.5097500E+03 -5.664E+00 -5.566E+00 -2.570E+00
  8.5102500E+03 -4.572E+00 -4.858E+00 -3.144E+00
  8.5107500E+03 -4.552E+00 -4.873E+00 -3.413E+00
  8.5112500E+03 -4.663E+00 -4.635E+00 -1.921E+00
  8.5117500E+03 -4.863E+00 -4.807E+00 -2.203E+00
  8.5122500E+03 -4.752E+00 -4.573E+00 -2.022E+00
  8.5127500E+03 -5.162E+00 -5.106E+00 -2.343E+00
  8.5132500E+03 -4.408E+00 -4.536E+00 -2.496E+00
  8.5137500E+03 -4.106E+00 -4.291E+00 -2.964E+00
  8.5142500E+03 -3.633E+00 -3.971E+00 -3.387E+00
  8.5147500E+03 -5.033E+00 -5.093E+00 -2.486E+00
  8.5152500E+03 -5.202E+00 -5.006E+00 -1.479E+00
  8.5157500E+03 -4.002E+00 -4.167E+00 -2.935E+00
  8.5162500E+03 -4.544E+00 -4.268E+00 -1.273E+00
  8.5167500E+03 -4.795E+00 -4.486E+00 -1.088E+00
  8.5172500E+03 -4.458E+00 -4.512E+00 -2.506E+00
  8.5177500E+03 -4.983E+00 -5.090E+00 -2.902E+00
  8.5182500E+03 -4.390E+00 -4.672E+00 -3.415E+00
  8.5187500E+03 -3.686E+00 -3.861E+00 -2.463E+00
  8.5192500E+03 -4.427E+00 -4.395E+00 -2.148E+00
  8.5197500E+03 -4.996E+00 -5.087E+00 -2.674E+00
  8.5202500E+03 -5.093E+00 -5.014E+00 -2.291E+00
  8.5207500E+03 -4.640E+00 -4.711E+00 -2.587E+00
  8.5212500E+03 -4.536E+00 -4.408E+00 -1.825E+00
  8.5217500E+03 -3.600E+00 -3.638E+00 -2.440E+00
  8.5222500E+03 -3.983E+00 -4.099E+00 -2.723E+00
  8.5227500E+03 -4.794E+00 -4.793E+00 -2.056E+00
  8.5232500E+03 -4.928E+00 -4.554E+00 -1.288E+00
  8.5237500E+03 -4.446E+00 -4.416E+00 -2.159E+00
  8.5242500E+03 -4.716E+00 -4.857E+00 -2.822E+00
  8.5247500E+03 -3.569E+00 -3.773E+00 -2.535E+00
  8.5252500E+03 -3.961E+00 -4.001E+00 -2.121E+00
  8.5257500E+03 -4.340E+00 -4.418E+00 -2.671E+00
  8.5262500E+03 -4.865E+00 -4.816E+00 -2.255E+00
  8.5267500E+03 -4.839E+00 -4.949E+00 -2.568E+00
  8.5272500E+03 -4.126E+00 -4.218E+00 -2.203E+00
  8.5277500E+03 -3.686E+00 -3.851E+00 -2.815E+00
  8.5282500E+03 -4.161E+00 -4.063E+00 -1.939E+00
  8.5287500E+03 -4.222E+00 -4.344E+00 -2.796E+00
  8.5292500E+03 -5.024E+00 -4.860E+00 -2.047E+00
  8.5297500E+03 -3.992E+00 -3.889E+00 -1.659E+00
  8.5302500E+03 -3.939E+00 -4.223E+00 -3.415E+00
  8.5307500E+03 -4.305E+00 -4.354E+00 -2.362E+00
  8.5312500E+03 -4.642E+00 -4.789E+00 -3.092E+00
  8.5317500E+03 -5.021E+00 -4.836E+00 -1.469E+00
  8.5322500E+03 -3.886E+00 -3.716E+00 -1.640E+00
  8.5327500E+03 -4.677E+00 -4.671E+00 -2.262E+00
  8.5332500E+03 -4.280E+00 -4.280E+00 -2.456E+00
  8.5337500E+03 -3.771E+00 -3.766E+00 -2.019E+00
  8.5342500E+03 -3.682E+00 -3.894E+00 -2.163E+00
  8.5347500E+03 -4.131E+00 -4.254E+00 -2.802E+00
  8.5352500E+03 -4.168E+00 -4.260E+00 -2.373E+00
  8.5357500E+03 -3.829E+00 -3.939E+00 -2.436E+00
  8.5362500E+03 -5.106E+00 -4.861E+00 -1.411E+00
  8.5367500E+03 -4.315E+00 -4.170E+00 -1.458E+00
  8.5372500E+03 -3.943E+00 -4.020E+00 -2.202E+00
  8.5377500E+03 -3.971E+00 -3.894E+00 -1.618E+00
  8.5382500E+03 -4.454E+00 -4.617E+00 -2.844E+00
  8.5387500E+03 -4.558E+00 -4.724E+00 -3.226E+00
  8.5392500E+03 -4.492E+00 -4.332E+00 -2.168E+00
  8.5397500E+03 -4.400E+00 -4.265E+00 -1.743E+00
  8.5402500E+03 -4.151E+00 -4.246E+00 -2.434E+00
  8.5407500E+03 -4.082E+00 -4.156E+00 -2.603E+00
  8.5412500E+03 -3.799E+00 -3.986E+00 -2.241E+00
  8.5417500E+03 -3.303E+00 -3.310E+00 -1.907E+00
  8.5422500E+03 -4.190E+00 -4.062E+00 -1.684E+00
  8.5427500E+03 -3.602E+00 -3.656E+00 -2.135E+00
  8.5432500E+03 -3.691E+00 -3.628E+00 -1.680E+00
  8.5437500E+03 -3.224E+00 -3.398E+00 -2.559E+00
  8.5442500E+03 -4.536E+00 -4.686E+00 -2.834E+00
  8.5447500E+03 -3.997E+00 -3.920E+00 -1.779E+00
  8.5452500E+03 -4.129E+00 -4.295E+00 -2.866E+00
  8.5457500E+03 -3.909E+00 -3.988E+00 -1.538E+00
  8.5462500E+03 -4.177E+00 -4.111E+00 -1.933E+00
  8.5467500E+03 -4.009E+00 -4.167E+00 -2.908E+00
  8.5472500E+03 -4.357E+00 -4.245E+00 -1.741E+00
  8.5477500E+03 -3.799E+00 -3.859E+00 -2.136E+00
  8.5482500E+03 -3.231E+00 -3.238E+00 -1.538E+00
  8.5487500E+03 -3.949E+00 -3.903E+00 -1.804E+00
  8.5492500E+03 -3.366E+00 -3.584E+00 -2.530E+00
  8.5497500E+03 -4.561E+00 -4.442E+00 -2.069E+00
  8.5502500E+03 -3.581E+00 -3.764E+00 -2.638E+00
  8.5507500E+03 -4.043E+00 -4.145E+00 -2.540E+00
  8.5512500E+03 -4.278E+00 -4.380E+00 -2.799E+00
  8.5517500E+03 -3.641E+00 -3.795E+00 -2.508E+00
  8.5522500E+03 -3.981E+00 -3.983E+00 -1.937E+00
  8.5527500E+03 -3.580E+00 -3.507E+00 -1.738E+00
  8.5532500E+03 -3.792E+00 -3.680E+00 -1.653E+00
  8.5537500E+03 -3.999E+00 -3.985E+00 -1.731E+00
  8.5542500E+03 -4.284E+00 -4.123E+00 -1.370E+00
  8.5547500E+03 -4.382E+00 -4.408E+00 -2.206E+00
  8.5552500E+03 -3.036E+00 -3.334E+00 -2.118E+00
  8.5557500E+03 -3.476E+00 -3.555E+00 -2.049E+00
  8.5562500E+03 -4.363E+00 -4.483E+00 -2.905E+00
  8.5567500E+03 -3.735E+00 -4.091E+00 -3.468E+00
  8.5572500E+03 -3.304E+00 -3.319E+00 -1.927E+00
  8.5577500E+03 -3.400E+00 -3.345E+00 -1.273E+00
  8.5582500E+03 -4.150E+00 -3.965E+00 -1.355E+00
  8.5587500E+03 -3.318E+00 -3.758E+00 -3.223E+00
  8.5592500E+03 -3.517E+00 -3.678E+00 -2.466E+00
  8.5597500E+03 -4.085E+00 -3.498E+00 -1.435E+00
  8.5602500E+03 -2.766E+00 -2.607E+00 -7.203E-01
  8.5607500E+03 -2.712E+00 -2.619E+00 -1.251E+00
  8.5612500E+03 -4.637E+00 -4.510E+00 -1.771E+00
  8.5617500E+03 -4.090E+00 -4.432E+00 -3.545E+00
  8.5622500E+03 -3.971E+00 -4.067E+00 -2.636E+00
  8.5627500E+03 -3.811E+00 -3.657E+00 -1.101E+00
  8.5632500E+03 -4.031E+00 -3.990E+00 -1.964E+00
  8.5637500E+03 -3.614E+00 -3.737E+00 -2.403E+00
  8.5642500E+03 -3.776E+00 -3.714E+00 -1.286E+00
  8.5647500E+03 -3.204E+00 -3.228E+00 -1.523E+00
  8.5652500E+03 -2.736E+00 -2.822E+00 -1.102E+00
  8.5657500E+03 -2.889E+00 -2.967E+00 -1.444E+00
  8.5662500E+03 -3.754E+00 -3.844E+00 -1.776E+00
  8.5667500E+03 -3.744E+00 -3.999E+00 -2.371E+00
  8.5672500E+03 -3.125E+00 -3.277E+00 -2.095E+00
  8.5677500E+03 -3.897E+00 -3.810E+00 -1.377E+00
  8.5682500E+03 -3.626E+00 -3.409E+00 -1.110E+00
  8.5687500E+03 -2.497E+00 -2.583E+00 -1.930E+00
  8.5692500E+03 -3.627E+00 -3.550E+00 -2.347E+00
  8.5697500E+03 -3.457E+00 -3.648E+00 -2.132E+00
  8.5702500E+03 -3.870E+00 -3.777E+00 -1.258E+00
  8.5707500E+03 -3.019E+00 -3.029E+00 -1.883E+00
  8.5712500E+03 -3.039E+00 -3.011E+00 -1.458E+00
  8.5717500E+03 -3.512E+00 -3.558E+00 -2.003E+00
  8.5722500E+03 -2.584E+00 -2.855E+00 -2.281E+00
  8.5727500E+03 -3.356E+00 -3.582E+00 -2.360E+00
  8.5732500E+03 -3.351E+00 -3.400E+00 -1.864E+00
  8.5737500E+03 -3.800E+00 -3.809E+00 -2.356E+00
  8.5742500E+03 -3.111E+00 -3.012E+00 -1.332E+00
  8.5747500E+03 -3.358E+00 -3.464E+00 -2.329E+00
  8.5752500E+03 -3.611E+00 -3.551E+00 -1.516E+00
  8.5757500E+03 -3.901E+00 -3.872E+00 -1.432E+00
  8.5762500E+03 -3.417E+00 -3.614E+00 -2.785E+00
  8.5767500E+03 -3.496E+00 -3.542E+00 -1.936E+00
  8.5772500E+03 -3.345E+00 -3.198E+00 -1.257E+00
  8.5777500E+03 -3.473E+00 -3.576E+00 -2.444E+00
  8.5782500E+03 -4.102E+00 -4.119E+00 -1.557E+00
  8.5787500E+03 -3.478E+00 -3.430E+00 -1.669E+00
  8.5792500E+03 -3.594E+00 -3.657E+00 -2.187E+00
  8.5797500E+03 -3.455E+00 -3.483E+00 -1.800E+00
  8.5802500E+03 -3.283E+00 -3.212E+00 -1.572E+00
  8.5807500E+03 -3.628E+00 -3.657E+00 -2.024E+00
  8.5812500E+03 -2.945E+00 -3.180E+00 -2.724E+00
  8.5817500E+03 -2.892E+00 -3.131E+00 -2.962E+00
  8.5822500E+03 -3.017E+00 -3.282E+00 -2.425E+00
  8.5827500E+03 -3.931E+00 -3.952E+00 -2.091E+00
  8.5832500E+03 -3.377E+00 -3.384E+00 -1.279E+00
  8.5837500E+03 -3.235E+00 -3.337E+00 -2.010E+00
  8.5842500E+03 -3.484E+00 -3.589E+00 -2.022E+00
  8.5847500E+03 -3.007E+00 -3.177E+00 -1.957E+00
  8.5852500E+03 -3.732E+00 -3.606E+00 -1.376E+00
  8.5857500E+03 -3.126E+00 -3.158E+00 -1.609E+00
  8.5862500E+03 -3.037E+00 -3.303E+00 -2.828E+00
  8.5867500E+03 -2.922E+00 -2.901E+00 -1.525E+00
  8.5872500E+03 -3.485E+00 -3.600E+00 -1.809E+00
  8.5877500E+03 -3.082E+00 -3.329E+00 -2.723E+00
  8.5882500E+03 -3.314E+00 -3.202E+00 -1.447E+00
  8.5887500E+03 -3.972E+00 -3.749E+00 -7.564E-01
  8.5892500E+03 -3.711E+00 -3.461E+00 -1.391E+00
  8.5897500E+03 -3.997E+00 -4.029E+00 -2.120E+00
  8.5902500E+03 -3.618E+00 -3.517E+00 -1.533E+00
  8.5907500E+03 -3.138E+00 -2.976E+00 -8.821E-01
  8.5912500E+03 -2.733E+00 -2.724E+00 -1.295E+00
  8.5917500E+03 -2.982E+00 -3.024E+00 -1.776E+00
  8.5922500E+03 -2.946E+00 -3.118E+00 -2.237E+00
  8.5927500E+03 -2.922E+00 -2.805E+00 -7.757E-01
  8.5932500E+03 -3.458E+00 -3.477E+00 -1.484E+00
  8.5937500E+03 -3.551E+00 -3.512E+00 -1.760E+00
  8.5942500E+03 -3.752E+00 -3.778E+00 -1.906E+00
  8.5947500E+03 -3.432E+00 -3.532E+00 -1.711E+00
  8.5952500E+03 -2.496E+00 -2.426E+00 -1.511E+00
  8.5957500E+03 -3.235E+00 -3.259E+00 -1.505E+00
  8.5962500E+03 -3.070E+00 -2.893E+00 -9.237E-01
  8.5967500E+03 -3.394E+00 -3.361E+00 -1.527E+00
  8.5972500E+03 -3.536E+00 -3.516E+00 -1.929E+00
  8.5977500E+03 -3.340E+00 -3.243E+00 -1.545E+00
  8.5982500E+03 -3.188E+00 -3.298E+00 -2.076E+00
  8.5987500E+03 -3.397E+00 -3.387E+00 -1.555E+00
  8.5992500E+03 -2.352E+00 -2.339E+00 -1.306E+00
  8.5997500E+03 -2.608E+00 -2.263E+00 -6.216E-01
  8.6002500E+03 -2.234E+00 -2.619E+00 -1.714E+00
  8.6007500E+03 -3.080E+00 -3.345E+00 -2.292E+00
  8.6012500E+03 -3.713E+00 -3.737E+00 -1.880E+00
  8.6017500E+03 -3.291E+00 -3.399E+00 -2.238E+00
  8.6022500E+03 -3.229E+00 -3.239E+00 -1.817E+00
  8.6027500E+03 -2.764E+00 -2.770E+00 -1.263E+00
  8.6032500E+03 -3.259E+00 -3.268E+00 -1.276E+00
  8.6037500E+03 -3.045E+00 -3.046E+00 -1.728E+00
  8.6042500E+03 -2.929E+00 -3.026E+00 -1.890E+00
  8.6047500E+03 -2.801E+00 -2.867E+00 -1.578E+00
  8.6052500E+03 -3.334E+00 -3.197E+00 -1.423E+00
  8.6057500E+03 -3.104E+00 -3.031E+00 -1.386E+00
  8.6062500E+03 -3.462E+00 -3.504E+00 -1.870E+00
  8.6067500E+03 -3.494E+00 -3.603E+00 -2.002E+00
  8.6072500E+03 -2.737E+00 -2.916E+00 -1.761E+00
  8.6077500E+03 -3.092E+00 -3.155E+00 -1.274E+00
  8.6082500E+03 -3.325E+00 -3.110E+00 -9.289E-01
  8.6087500E+03 -3.701E+00 -3.603E+00 -1.404E+00
  8.6092500E+03 -3.139E+00 -3.047E+00 -1.468E+00
  8.6097500E+03 -2.968E+00 -3.009E+00 -1.743E+00
  8.6102500E+03 -2.763E+00 -2.790E+00 -1.511E+00
  8.6107500E+03 -3.104E+00 -3.068E+00 -1.394E+00
  8.6112500E+03 -2.280E+00 -2.297E+00 -1.308E+00
  8.6117500E+03 -2.766E+00 -2.790E+00 -1.352E+00
  8.6122500E+03 -2.880E+00 -2.882E+00 -1.278E+00
  8.6127500E+03 -3.020E+00 -3.037E+00 -1.493E+00
  8.6132500E+03 -2.501E+00 -2.523E+00 -1.596E+00
  8.6137500E+03 -3.243E+00 -3.487E+00 -2.484E+00
  8.6142500E+03 -2.660E+00 -2.844E+00 -2.200E+00
  8.6147500E+03 -2.801E+00 -2.661E+00 -1.033E+00
  8.6152500E+03 -3.031E+00 -2.791E+00 -5.707E-01
  8.6157500E+03 -3.013E+00 -3.158E+00 -2.292E+00
  8.6162500E+03 -2.750E+00 -2.817E+00 -2.099E+00
  8.6167500E+03 -2.715E+00 -2.876E+00 -1.959E+00
  8.6172500E+03 -3.279E+00 -3.268E+00 -1.275E+00
  8.6177500E+03 -3.337E+00 -3.179E+00 -1.082E+00
  8.6182500E+03 -2.009E+00 -2.196E+00 -1.873E+00
  8.6187500E+03 -3.188E+00 -3.182E+00 -1.422E+00
  8.6192500E+03 -3.035E+00 -2.909E+00 -1.083E+00
  8.6197500E+03 -2.677E+00 -2.807E+00 -1.681E+00
  8.6202500E+03 -2.402E+00 -2.455E+00 -1.538E+00
  8.6207500E+03 -2.977E+00 -3.010E+00 -1.473E+00
  8.6212500E+03 -2.670E+00 -2.702E+00 -2.063E+00
  8.6217500E+03 -2.969E+00 -2.987E+00 -1.425E+00
  8.6222500E+03 -2.956E+00 -2.904E+00 -1.094E+00
  8.6227500E+03 -2.510E+00 -2.462E+00 -7.883E-01
  8.6232500E+03 -3.108E+00 -3.081E+00 -1.520E+00
  8.6237500E+03 -3.295E+00 -3.207E+00 -1.113E+00
  8.6242500E+03 -2.801E+00 -2.816E+00 -1.619E+00
  8.6247500E+03 -2.478E+00 -2.811E+00 -2.585E+00
  8.6252500E+03 -2.834E+00 -2.961E+00 -1.902E+00
  8.6257500E+03 -2.394E+00 -2.375E+00 -1.308E+00
  8.6262500E+03 -2.668E+00 -2.649E+00 -1.460E+00
  8.6267500E+03 -2.515E+00 -2.607E+00 -1.576E+00
  8.6272500E+03 -3.068E+00 -3.159E+00 -1.778E+00
  8.6277500E+03 -2.660E+00 -2.737E+00 -1.889E+00
  8.6282500E+03 -2.448E+00 -2.690E+00 -2.199E+00
  8.6287500E+03 -2.293E+00 -2.399E+00 -1.541E+00
  8.6292500E+03 -1.908E+00 -2.089E+00 -1.436E+00
  8.6297500E+03 -2.747E+00 -2.774E+00 -1.390E+00
  8.6302500E+03 -3.011E+00 -2.760E+00 -5.351E-01
  8.6307500E+03 -3.353E+00 -3.215E+00 -1.277E+00
  8.6312500E+03 -3.326E+00 -3.179E+00 -1.177E+00
  8.6317500E+03 -2.722E+00 -2.787E+00 -1.909E+00
  8.6322500E+03 -2.186E+00 -2.721E+00 -3.152E+00
  8.6327500E+03 -2.714E+00 -2.699E+00 -1.149E+00
  8.6332500E+03 -3.008E+00 -2.826E+00 -8.360E-01
  8.6337500E+03 -3.120E+00 -3.099E+00 -1.420E+00
  8.6342500E+03 -2.646E+00 -2.563E+00 -8.112E-01
  8.6347500E+03 -2.482E+00 -2.676E+00 -2.131E+00
  8.6352500E+03 -2.261E+00 -2.486E+00 -1.931E+00
  8.6357500E+03 -2.394E+00 -2.533E+00 -1.828E+00
  8.6362500E+03 -2.385E+00 -2.248E+00 -7.180E-01
  8.6367500E+03 -2.942E+00 -2.787E+00 -9.047E-01
  8.6372500E+03 -2.832E+00 -2.763E+00 -1.235E+00
  8.6377500E+03 -3.025E+00 -2.902E+00 -1.047E+00
  8.6382500E+03 -2.564E+00 -2.272E+00 -5.832E-01
  8.6387500E+03 -2.090E+00 -2.235E+00 -1.672E+00
  8.6392500E+03 -2.502E+00 -2.684E+00 -1.885E+00
  8.6397500E+03 -3.026E+00 -2.832E+00 -7.360E-01
  8.6402500E+03 -2.208E+00 -2.202E+00 -1.223E+00
  8.6407500E+03 -2.692E+00 -2.658E+00 -1.640E+00
  8.6412500E+03 -2.822E+00 -2.831E+00 -1.647E+00
  8.6417500E+03 -2.041E+00 -2.265E+00 -1.568E+00
  8.6422500E+03 -2.160E+00 -2.158E+00 -1.443E+00
  8.6427500E+03 -2.702E+00 -2.735E+00 -1.314E+00
  8.6432500E+03 -3.097E+00 -2.987E+00 -1.165E+00
  8.6437500E+03 -2.010E+00 -2.222E+00 -1.660E+00
  8.6442500E+03 -2.685E+00 -2.751E+00 -1.694E+00
  8.6447500E+03 -2.921E+00 -2.801E+00 -1.034E+00
  8.6452500E+03 -2.890E+00 -2.869E+00 -1.098E+00
  8.6457500E+03 -2.008E+00 -2.425E+00 -2.771E+00
  8.6462500E+03 -2.570E+00 -2.743E+00 -2.030E+00
  8.6467500E+03 -2.192E+00 -2.195E+00 -1.160E+00
  8.6472500E+03 -2.792E+00 -2.638E+00 -6.291E-01
  8.6477500E+03 -2.804E+00 -2.892E+00 -1.619E+00
  8.6482500E+03 -2.667E+00 -2.696E+00 -1.934E+00
  8.6487500E+03 -3.303E+00 -3.182E+00 -1.568E+00
  8.6492500E+03 -3.129E+00 -3.081E+00 -1.590E+00
  8.6497500E+03 -2.290E+00 -2.306E+00 -9.586E-01
  8.6502500E+03 -1.927E+00 -2.009E+00 -1.243E+00
  8.6507500E+03 -2.675E+00 -2.640E+00 -8.705E-01
  8.6512500E+03 -2.497E+00 -2.474E+00 -1.264E+00
  8.6517500E+03 -2.321E+00 -2.364E+00 -1.562E+00
  8.6522500E+03 -2.477E+00 -2.509E+00 -1.121E+00
  8.6527500E+03 -2.279E+00 -2.318E+00 -1.111E+00
  8.6532500E+03 -1.844E+00 -1.988E+00 -1.925E+00
  8.6537500E+03 -2.705E+00 -2.822E+00 -1.790E+00
  8.6542500E+03 -2.298E+00 -2.349E+00 -1.153E+00
  8.6547500E+03 -2.317E+00 -2.316E+00 -1.156E+00
  8.6552500E+03 -2.115E+00 -2.187E+00 -1.694E+00
  8.6557500E+03 -2.488E+00 -2.494E+00 -1.034E+00
  8.6562500E+03 -1.883E+00 -1.893E+00 -1.306E+00
  8.6567500E+03 -2.320E+00 -2.354E+00 -1.346E+00
  8.6572500E+03 -2.837E+00 -2.889E+00 -1.643E+00
  8.6577500E+03 -2.221E+00 -2.239E+00 -1.087E+00
  8.6582500E+03 -2.001E+00 -2.145E+00 -1.862E+00
  8.6587500E+03 -2.508E+00 -2.534E+00 -1.297E+00
  8.6592500E+03 -2.521E+00 -2.331E+00 -3.257E-01
  8.6597500E+03 -2.713E+00 -2.462E+00 -3.532E-01
  8.6602500E+03 -2.106E+00 -2.072E+00 -1.229E+00
  8.6607500E+03 -2.038E+00 -1.982E+00 -1.177E+00
  8.6612500E+03 -2.238E+00 -2.439E+00 -1.268E+00
  8.6617500E+03 -2.481E+00 -2.544E+00 -1.250E+00
  8.6622500E+03 -1.676E+00 -1.682E+00 -1.032E+00
  8.6627500E+03 -2.918E+00 -2.699E+00 -7.825E-01
  8.6632500E+03 -3.040E+00 -3.191E+00 -1.971E+00
  8.6637500E+03 -2.645E+00 -2.656E+00 -1.388E+00
  8.6642500E+03 -2.607E+00 -2.879E+00 -2.168E+00
  8.6647500E+03 -2.232E+00 -2.371E+00 -1.406E+00
  8.6652500E+03 -2.242E+00 -2.213E+00 -9.489E-01
  8.6657500E+03 -2.591E+00 -2.537E+00 -1.339E+00
  8.6662500E+03 -2.609E+00 -2.638E+00 -1.478E+00
  8.6667500E+03 -3.402E+00 -2.973E+00 -9.011E-02
  8.6672500E+03 -2.382E+00 -2.240E+00 -8.999E-01
  8.6677500E+03 -1.997E+00 -1.976E+00 -1.151E+00
  8.6682500E+03 -1.382E+00 -1.683E+00 -2.087E+00
  8.6687500E+03 -1.718E+00 -1.874E+00 -1.513E+00
  8.6692500E+03 -2.724E+00 -2.630E+00 -8.680E-01
  8.6697500E+03 -2.141E+00 -2.185E+00 -1.008E+00
  8.6702500E+03 -2.385E+00 -2.419E+00 -1.331E+00
  8.6707500E+03 -2.367E+00 -2.345E+00 -1.332E+00
  8.6712500E+03 -2.737E+00 -2.732E+00 -1.093E+00
  8.6717500E+03 -2.607E+00 -2.619E+00 -1.189E+00
  8.6722500E+03 -2.246E+00 -2.085E+00 -3.746E-01
  8.6727500E+03 -1.821E+00 -1.937E+00 -1.607E+00
  8.6732500E+03 -2.981E+00 -2.997E+00 -1.469E+00
  8.6737500E+03 -2.500E+00 -2.431E+00 -1.131E+00
  8.6742500E+03 -1.921E+00 -1.905E+00 -1.180E+00
  8.6747500E+03 -1.414E+00 -1.624E+00 -1.568E+00
  8.6752500E+03 -2.287E+00 -2.448E+00 -1.695E+00
  8.6757500E+03 -2.641E+00 -2.687E+00 -1.185E+00
  8.6762500E+03 -2.400E+00 -2.403E+00 -1.075E+00
  8.6767500E+03 -2.316E+00 -2.446E+00 -1.736E+00
  8.6772500E+03 -2.057E+00 -2.112E+00 -1.180E+00
  8.6777500E+03 -1.860E+00 -1.818E+00 -6.955E-01
  8.6782500E+03 -1.865E+00 -1.937E+00 -1.111E+00
  8.6787500E+03 -2.677E+00 -2.838E+00 -1.990E+00
  8.6792500E+03 -1.842E+00 -2.063E+00 -1.719E+00
  8.6797500E+03 -2.198E+00 -2.100E+00 -8.241E-01
  8.6802500E+03 -2.749E+00 -2.661E+00 -8.758E-01
  8.6807500E+03 -2.010E+00 -2.143E+00 -1.795E+00
  8.6812500E+03 -2.044E+00 -2.105E+00 -1.470E+00
  8.6817500E+03 -2.652E+00 -2.586E+00 -1.261E+00
  8.6822500E+03 -2.483E+00 -2.587E+00 -1.472E+00
  8.6827500E+03 -1.788E+00 -1.727E+00 -5.174E-01
  8.6832500E+03 -1.819E+00 -1.912E+00 -1.212E+00
  8.6837500E+03 -2.574E+00 -2.394E+00 -6.713E-01
  8.6842500E+03 -1.981E+00 -2.087E+00 -1.565E+00
  8.6847500E+03 -2.871E+00 -3.001E+00 -1.733E+00
  8.6852500E+03 -1.774E+00 -1.883E+00 -1.189E+00
  8.6857500E+03 -2.483E+00 -2.416E+00 -8.116E-01
  8.6862500E+03 -2.395E+00 -2.436E+00 -1.548E+00
  8.6867500E+03 -2.111E+00 -2.084E+00 -1.075E+00
  8.6872500E+03 -1.975E+00 -1.922E+00 -9.617E-01
  8.6877500E+03 -2.540E+00 -2.600E+00 -1.713E+00
  8.6882500E+03 -2.276E+00 -2.204E+00 -8.165E-01
  8.6887500E+03 -2.117E+00 -2.138E+00 -9.044E-01
  8.6892500E+03 -2.061E+00 -2.171E+00 -1.335E+00
  8.6897500E+03 -1.935E+00 -1.861E+00 -2.449E-01
  8.6902500E+03 -1.858E+00 -1.967E+00 -1.450E+00
  8.6907500E+03 -1.883E+00 -2.018E+00 -1.378E+00
  8.6912500E+03 -2.182E+00 -2.154E+00 -1.275E+00
  8.6917500E+03 -2.522E+00 -2.469E+00 -1.126E+00
  8.6922500E+03 -2.319E+00 -2.099E+00 -1.867E-01
  8.6927500E+03 -1.858E+00 -1.763E+00 -6.566E-01
  8.6932500E+03 -2.097E+00 -2.234E+00 -9.876E-01
  8.6937500E+03 -1.939E+00 -1.836E+00 -6.767E-01
  8.6942500E+03 -2.746E+00 -2.669E+00 -6.521E-01
  8.6947500E+03 -2.275E+00 -2.286E+00 -1.325E+00
  8.6952500E+03 -2.206E+00 -2.348E+00 -1.450E+00
  8.6957500E+03 -1.540E+00 -1.564E+00 -1.067E+00
  8.6962500E+03 -2.274E+00 -2.211E+00 -7.794E-01
  8.6967500E+03 -2.034E+00 -1.888E+00 -6.266E-01
  8.6972500E+03 -2.200E+00 -2.084E+00 -7.458E-01
  8.6977500E+03 -1.792E+00 -1.762E+00 -9.456E-01
  8.6982500E+03 -1.766E+00 -2.124E+00 -2.151E+00
  8.6987500E+03 -2.269E+00 -2.317E+00 -1.158E+00
  8.6992500E+03 -1.996E+00 -2.028E+00 -1.393E+00
  8.6997500E+03 -2.247E+00 -2.300E+00 -1.639E+00
  8.7002500E+03 -1.977E+00 -2.008E+00 -8.920E-01
  8.7007500E+03 -2.201E+00 -2.110E+00 -7.906E-01
  8.7012500E+03 -2.341E+00 -2.235E+00 -9.764E-01
  8.7017500E+03 -1.588E+00 -1.525E+00 -9.953E-01
  8.7022500E+03 -1.726E+00 -1.720E+00 -8.720E-01
  8.7027500E+03 -1.952E+00 -2.075E+00 -1.425E+00
  8.7032500E+03 -1.876E+00 -1.737E+00 -5.929E-01
  8.7037500E+03 -1.736E+00 -1.715E+00 -1.565E+00
  8.7042500E+03 -2.214E+00 -2.221E+00 -1.025E+00
  8.7047500E+03 -1.511E+00 -1.663E+00 -1.289E+00
  8.7052500E+03 -8.783E-01 -1.088E+00 -1.588E+00
  8.7057500E+03 -1.646E+00 -1.821E+00 -1.774E+00
  8.7062500E+03 -2.208E+00 -2.163E+00 -1.075E+00
  8.7067500E+03 -1.948E+00 -2.052E+00 -1.460E+00
  8.7072500E+03 -1.616E+00 -1.615E+00 -6.056E-01
  8.7077500E+03 -1.383E+00 -1.482E+00 -1.396E+00
  8.7082500E+03 -1.534E+00 -1.504E+00 -8.914E-01
  8.7087500E+03 -2.541E+00 -2.495E+00 -7.778E-01
  8.7092500E+03 -1.945E+00 -2.012E+00 -1.136E+00
  8.7097500E+03 -1.759E+00 -1.838E+00 -1.155E+00
  8.7102500E+03 -1.417E+00 -1.604E+00 -1.878E+00
  8.7107500E+03 -1.802E+00 -2.001E+00 -1.665E+00
  8.7112500E+03 -1.809E+00 -1.758E+00 -6.816E-01
  8.7117500E+03 -2.330E+00 -2.474E+00 -1.630E+00
  8.7122500E+03 -1.887E+00 -1.625E+00 -4.360E-01
  8.7127500E+03 -1.706E+00 -1.819E+00 -1.386E+00
  8.7132500E+03 -1.221E+00 -1.434E+00 -9.141E-01
  8.7137500E+03 -2.147E+00 -2.220E+00 -1.224E+00
  8.7142500E+03 -2.463E+00 -2.422E+00 -1.542E+00
  8.7147500E+03 -1.991E+00 -2.007E+00 -1.038E+00
  8.7152500E+03 -1.352E+00 -1.438E+00 -1.347E+00
  8.7157500E+03 -2.310E+00 -2.133E+00 -5.496E-01
  8.7162500E+03 -2.084E+00 -1.915E+00 -3.229E-01
  8.7167500E+03 -2.078E+00 -2.082E+00 -9.508E-01
  8.7172500E+03 -1.845E+00 -1.737E+00 -4.577E-01
  8.7177500E+03 -2.300E+00 -2.293E+00 -9.990E-01
  8.7182500E+03 -2.044E+00 -2.035E+00 -9.344E-01
  8.7187500E+03 -2.225E+00 -2.251E+00 -1.073E+00
  8.7192500E+03 -1.417E+00 -1.577E+00 -1.283E+00
  8.7197500E+03 -1.427E+00 -1.517E+00 -9.779E-01
  8.7202500E+03 -1.703E+00 -1.624E+00 -4.867E-01
  8.7207500E+03 -2.297E+00 -2.354E+00 -1.075E+00
  8.7212500E+03 -2.245E+00 -2.259E+00 -1.210E+00
  8.7217500E+03 -2.342E+00 -2.203E+00 -6.961E-01
  8.7222500E+03 -1.633E+00 -1.525E+00 -6.845E-01
  8.7227500E+03 -1.740E+00 -1.949E+00 -1.094E+00
  8.7232500E+03 -1.818E+00 -1.728E+00 -4.360E-01
  8.7237500E+03 -1.998E+00 -1.783E+00 -2.199E-01
  8.7242500E+03 -2.177E+00 -2.176E+00 -6.970E-01
  8.7247500E+03 -1.201E+00 -1.160E+00 -8.178E-01
  8.7252500E+03 -1.577E+00 -1.647E+00 -1.257E+00
  8.7257500E+03 -1.912E+00 -2.055E+00 -1.209E+00
  8.7262500E+03 -1.963E+00 -2.077E+00 -1.503E+00
  8.7267500E+03 -1.548E+00 -1.687E+00 -1.190E+00
  8.7272500E+03 -1.913E+00 -1.912E+00 -9.200E-01
  8.7277500E+03 -1.569E+00 -1.691E+00 -1.570E+00
  8.7282500E+03 -1.546E+00 -1.789E+00 -1.677E+00
  8.7287500E+03 -1.443E+00 -1.488E+00 -9.110E-01
  8.7292500E+03 -1.975E+00 -1.828E+00 -3.448E-01
  8.7297500E+03 -1.982E+00 -1.894E+00 -4.806E-01
  8.7302500E+03 -1.995E+00 -1.845E+00 -4.228E-01
  8.7307500E+03 -1.795E+00 -1.763E+00 -5.327E-01
  8.7312500E+03 -1.754E+00 -1.933E+00 -1.454E+00
  8.7317500E+03 -1.831E+00 -1.593E+00 -6.041E-01
  8.7322500E+03 -1.611E+00 -1.510E+00 -1.076E+00
  8.7327500E+03 -1.461E+00 -1.590E+00 -1.289E+00
  8.7332500E+03 -1.465E+00 -1.418E+00 -5.980E-01
  8.7337500E+03 -1.638E+00 -1.421E+00 -7.818E-01
  8.7342500E+03 -1.370E+00 -1.409E+00 -1.084E+00
  8.7347500E+03 -1.331E+00 -1.386E+00 -1.195E+00
  8.7352500E+03 -2.239E+00 -2.134E+00 -1.092E+00
  8.7357500E+03 -1.924E+00 -2.158E+00 -1.727E+00
  8.7362500E+03 -2.136E+00 -2.128E+00 -6.498E-01
  8.7367500E+03 -1.758E+00 -1.864E+00 -1.471E+00
  8.7372500E+03 -2.085E+00 -2.129E+00 -1.059E+00
  8.7377500E+03 -1.349E+00 -1.356E+00 -1.316E+00
  8.7382500E+03 -1.595E+00 -1.631E+00 -1.182E+00
  8.7387500E+03 -1.472E+00 -1.565E+00 -1.159E+00
  8.7392500E+03 -2.111E+00 -2.096E+00 -7.803E-01
  8.7397500E+03 -1.762E+00 -1.762E+00 -1.018E+00
  8.7402500E+03 -1.269E+00 -1.356E+00 -1.171E+00
  8.7407500E+03 -1.609E+00 -1.515E+00 -6.567E-01
  8.7412500E+03 -1.389E+00 -1.455E+00 -1.509E+00
  8.7417500E+03 -2.192E+00 -2.162E+00 -8.666E-01
  8.7422500E+03 -1.671E+00 -1.759E+00 -1.084E+00
  8.7427500E+03 -1.957E+00 -1.887E+00 -5.986E-01
  8.7432500E+03 -2.350E+00 -2.208E+00 -5.487E-01
  8.7437500E+03 -1.985E+00 -1.936E+00 -1.172E+00
  8.7442500E+03 -9.224E-01 -9.949E-01 -1.105E+00
  8.7447500E+03 -1.367E+00 -1.695E+00 -1.196E+00
  8.7452500E+03 -2.179E+00 -2.212E+00 -2.625E-01
  8.7457500E+03 -1.911E+00 -1.918E+00 -3.273E-01
  8.7462500E+03 -1.640E+00 -1.741E+00 -1.278E+00
  8.7467500E+03 -1.788E+00 -1.840E+00 -1.250E+00
  8.7472500E+03 -1.696E+00 -1.823E+00 -1.398E+00
  8.7477500E+03 -1.728E+00 -1.734E+00 -1.319E+00
  8.7482500E+03 -2.019E+00 -2.051E+00 -9.209E-01
  8.7487500E+03 -2.141E+00 -2.145E+00 -8.038E-01
  8.7492500E+03 -1.190E+00 -1.154E+00 -6.437E-01
  8.7497500E+03 -1.777E+00 -1.818E+00 -8.021E-01
  8.7502500E+03 -2.058E+00 -1.984E+00 -4.416E-01
  8.7507500E+03 -9.623E-01 -8.898E-01 -3.497E-01
  8.7512500E+03 -1.564E+00 -1.439E+00 -5.138E-01
  8.7517500E+03 -2.016E+00 -2.045E+00 -9.594E-01
  8.7522500E+03 -1.590E+00 -1.668E+00 -1.090E+00
  8.7527500E+03 -1.107E+00 -1.145E+00 -1.709E+00
  8.7532500E+03 -1.645E+00 -1.799E+00 -1.162E+00
  8.7537500E+03 -1.965E+00 -2.072E+00 -1.240E+00
  8.7542500E+03 -9.523E-01 -9.520E-01 -9.121E-01
  8.7547500E+03 -1.840E+00 -1.784E+00 -2.014E-01
  8.7552500E+03 -1.591E+00 -1.570E+00  8.175E-02
  8.7557500E+03 -2.325E+00 -2.161E+00 -4.231E-01
  8.7562500E+03 -1.097E+00 -1.157E+00 -1.122E+00
  8.7567500E+03 -1.307E+00 -1.431E+00 -1.240E+00
  8.7572500E+03 -1.830E+00 -1.970E+00 -1.700E+00
  8.7577500E+03 -1.682E+00 -1.660E+00 -8.221E-01
  8.7582500E+03 -1.827E+00 -1.609E+00  1.364E-01
  8.7587500E+03 -2.136E+00 -1.855E+00  1.656E-01
  8.7592500E+03 -1.803E+00 -1.846E+00 -1.113E+00
  8.7597500E+03 -1.472E+00 -1.492E+00 -1.075E+00
  8.7602500E+03 -1.452E+00 -1.492E+00 -1.065E+00
  8.7607500E+03 -1.343E+00 -1.384E+00 -1.252E+00
  8.7612500E+03 -1.455E+00 -1.594E+00 -9.859E-01
  8.7617500E+03 -1.627E+00 -1.857E+00 -1.526E+00
  8.7622500E+03 -1.054E+00 -1.014E+00 -7.143E-01
  8.7627500E+03 -1.437E+00 -1.536E+00 -1.443E+00
  8.7632500E+03 -1.461E+00 -1.505E+00 -9.754E-01
  8.7637500E+03 -1.877E+00 -1.713E+00 -7.357E-02
  8.7642500E+03 -2.116E+00 -1.842E+00 -2.290E-01
  8.7647500E+03 -2.919E+00 -2.617E+00 -1.342E-02
  8.7652500E+03 -1.282E+00 -1.355E+00 -8.653E-01
  8.7657500E+03 -8.962E-01 -1.131E+00 -1.634E+00
  8.7662500E+03 -9.817E-01 -1.020E+00 -1.037E+00
  8.7667500E+03 -1.561E+00 -1.874E+00 -1.290E+00
  8.7672500E+03 -1.476E+00 -1.620E+00 -1.373E+00
  8.7677500E+03 -1.770E+00 -1.861E+00 -8.344E-01
  8.7682500E+03 -1.883E+00 -1.843E+00 -7.970E-01
  8.7687500E+03 -2.089E+00 -2.101E+00 -6.672E-01
  8.7692500E+03 -1.795E+00 -1.733E+00 -3.706E-01
  8.7697500E+03 -1.542E+00 -1.574E+00 -7.298E-01
  8.7702500E+03 -8.423E-01 -8.958E-01 -1.171E+00
  8.7707500E+03 -1.226E+00 -1.196E+00 -1.398E+00
  8.7712500E+03 -1.716E+00 -1.725E+00 -9.553E-01
  8.7717500E+03 -1.518E+00 -1.696E+00 -7.311E-01
  8.7722500E+03 -1.692E+00 -1.625E+00 -1.969E-01
  8.7727500E+03 -8.941E-01 -8.639E-01 -1.166E+00
  8.7732500E+03 -1.775E+00 -1.759E+00 -9.002E-01
  8.7737500E+03 -1.473E+00 -1.562E+00 -8.093E-01
  8.7742500E+03 -2.028E+00 -1.958E+00 -8.892E-01
  8.7747500E+03 -1.735E+00 -1.617E+00 -1.385E-02
  8.7752500E+03 -1.458E+00 -1.478E+00 -6.200E-01
  8.7757500E+03 -1.548E+00 -1.658E+00 -1.526E+00
  8.7762500E+03 -1.286E+00 -1.272E+00 -1.009E+00
  8.7767500E+03 -1.678E+00 -1.663E+00 -7.234E-01
  8.7772500E+03 -1.064E+00 -1.193E+00 -1.253E+00
  8.7777500E+03 -1.498E+00 -1.187E+00 -9.489E-01
  8.7782500E+03 -1.690E+00 -1.587E+00 -2.518E-01
  8.7787500E+03 -1.257E+00 -1.023E+00 -5.330E-01
  8.7792500E+03 -1.674E+00 -1.429E+00 -1.191E-01
  8.7797500E+03 -2.235E+00 -2.006E+00 -3.046E-01
  8.7802500E+03 -1.029E+00 -1.216E+00 -7.962E-01
  8.7807500E+03 -1.186E+00 -1.302E+00 -8.008E-01
  8.7812500E+03 -1.455E+00 -1.565E+00 -1.080E+00
  8.7817500E+03 -1.989E+00 -1.828E+00 -3.507E-01
  8.7822500E+03 -1.691E+00 -1.715E+00 -7.850E-01
  8.7827500E+03 -1.449E+00 -1.419E+00 -6.129E-01
  8.7832500E+03 -1.411E+00 -1.547E+00 -9.049E-01
  8.7837500E+03 -1.594E+00 -1.618E+00 -8.473E-01
  8.7842500E+03 -1.866E+00 -1.452E+00 -1.205E+00
  8.7847500E+03 -1.584E+00 -1.501E+00 -7.409E-01
  8.7852500E+03 -2.334E+00 -2.359E+00 -8.722E-01
  8.7857500E+03 -1.205E+00 -1.191E+00 -8.480E-01
  8.7862500E+03 -1.329E+00 -1.489E+00 -7.956E-01
  8.7867500E+03 -1.362E+00 -1.723E+00 -1.097E+00
  8.7872500E+03 -1.513E+00 -1.507E+00 -4.457E-01
  8.7877500E+03 -1.236E+00 -1.318E+00 -9.287E-01
  8.7882500E+03 -1.806E+00 -1.750E+00 -1.027E+00
  8.7887500E+03 -1.443E+00 -1.104E+00 -3.144E-01
  8.7892500E+03 -1.422E+00 -1.376E+00 -6.110E-01
  8.7897500E+03 -1.296E+00 -1.470E+00 -1.282E+00
  8.7902500E+03 -1.689E+00 -1.752E+00 -1.026E+00
  8.7907500E+03 -9.719E-01 -9.412E-01 -7.350E-01
  8.7912500E+03 -1.622E+00 -1.756E+00 -1.236E+00
  8.7917500E+03 -1.926E+00 -1.860E+00 -5.199E-01
  8.7922500E+03 -1.705E+00 -1.713E+00 -7.643E-01
  8.7927500E+03 -1.299E+00 -1.369E+00 -6.628E-01
  8.7932500E+03 -1.155E+00 -1.329E+00 -1.307E+00
  8.7937500E+03 -1.656E+00 -1.712E+00 -1.055E+00
  8.7942500E+03 -1.527E+00 -1.518E+00 -4.520E-01
  8.7947500E+03 -1.251E+00 -1.357E+00 -7.959E-01
  8.7952500E+03 -1.515E+00 -1.463E+00 -5.690E-01
  8.7957500E+03 -1.566E+00 -1.540E+00 -7.614E-01
  8.7962500E+03 -1.130E+00 -1.019E+00 -6.797E-01
  8.7967500E+03 -1.589E+00 -1.493E+00 -3.491E-01
  8.7972500E+03 -1.446E+00 -1.564E+00 -1.200E+00
  8.7977500E+03 -1.325E+00 -1.300E+00 -5.613E-01
  8.7982500E+03 -1.687E+00 -1.679E+00 -6.588E-01
  8.7987500E+03 -1.646E+00 -1.608E+00 -3.345E-01
  8.7992500E+03 -1.371E+00 -1.396E+00 -3.459E-01
  8.7997500E+03 -1.514E+00 -1.447E+00 -5.192E-01
  8.8002500E+03 -1.242E+00 -1.408E+00 -9.589E-01
  8.8007500E+03 -1.226E+00 -1.289E+00 -7.840E-01
  8.8012500E+03 -1.291E+00 -1.343E+00 -7.527E-01
  8.8017500E+03 -1.251E+00 -1.276E+00 -1.199E+00
  8.8022500E+03 -1.303E+00 -1.281E+00 -5.255E-01
  8.8027500E+03 -1.288E+00 -1.379E+00 -8.809E-01
  8.8032500E+03 -1.191E+00 -1.181E+00 -7.037E-01
  8.8037500E+03 -1.670E+00 -1.671E+00 -7.934E-01
  8.8042500E+03 -1.003E+00 -1.165E+00 -8.507E-01
  8.8047500E+03 -1.123E+00 -1.175E+00 -8.517E-01
  8.8052500E+03 -1.472E+00 -1.606E+00 -1.226E+00
  8.8057500E+03 -1.568E+00 -1.601E+00 -9.753E-01
  8.8062500E+03 -1.043E+00 -1.057E+00 -7.227E-01
  8.8067500E+03 -6.791E-01 -8.542E-01 -1.487E+00
  8.8072500E+03 -1.222E+00 -1.313E+00 -1.000E+00
  8.8077500E+03 -1.799E+00 -1.595E+00 -3.660E-01
  8.8082500E+03 -1.112E+00 -1.113E+00 -5.808E-01
  8.8087500E+03 -7.189E-01 -9.563E-01 -1.447E+00
  8.8092500E+03 -1.203E+00 -1.178E+00 -6.860E-01
  8.8097500E+03 -1.451E+00 -1.510E+00 -6.100E-01
  8.8102500E+03 -1.349E+00 -1.284E+00 -2.782E-01
  8.8107500E+03 -1.240E+00 -1.421E+00 -1.579E+00
  8.8112500E+03 -1.132E+00 -1.132E+00 -3.499E-01
  8.8117500E+03 -1.548E+00 -1.387E+00 -1.665E-01
