  1.8018250E+04 -4.860E-04 -3.199E-04  4.404E-04
  1.8018750E+04 -3.869E-04 -8.598E-05  1.056E-03
  1.8019250E+04  6.387E-03  6.335E-03  3.106E-03
  1.8019750E+04 -1.190E-03 -1.192E-03 -6.374E-04
  1.8020250E+04 -1.768E-03 -1.312E-03  9.816E-04
  1.8020750E+04 -5.318E-04 -3.298E-04  5.657E-04
  1.8021250E+04 -2.520E-03 -1.590E-03  2.569E-03
  1.8021750E+04  6.847E-04  1.549E-03  3.994E-03
  1.8022250E+04  5.796E-03  4.800E-03 -1.156E-03
  1.8022750E+04  4.993E-03  5.779E-03  5.838E-03
  1.8023250E+04  1.208E-03  1.045E-03 -4.332E-05
  1.8023750E+04  6.422E-03  5.904E-03  1.098E-03
  1.8024250E+04 -7.924E-04 -3.592E-07  2.882E-03
  1.8024750E+04 -4.544E-03 -3.989E-03  1.344E-06
  1.8025250E+04  4.585E-03  4.540E-03  2.139E-03
  1.8025750E+04  9.931E-03  6.892E-03 -7.614E-03
  1.8026250E+04 -2.516E-03 -1.839E-03  1.549E-03
  1.8026750E+04  1.881E-03  2.154E-03  2.119E-03
  1.8027250E+04 -9.234E-04 -2.516E-03 -7.151E-03
  1.8027750E+04  1.314E-02  9.658E-03 -7.952E-03
  1.8028250E+04 -4.407E-03 -2.034E-03  7.708E-03
  1.8028750E+04 -1.084E-03 -1.063E-03 -4.718E-04
  1.8029250E+04 -6.578E-04 -1.039E-04  1.983E-03
  1.8029750E+04 -1.171E-03 -9.753E-04  2.182E-04
  1.8030250E+04 -1.369E-02 -7.659E-03  1.828E-02
  1.8030750E+04  1.489E-02  1.437E-02  5.278E-03
  1.8031250E+04  5.872E-04 -5.769E-04 -4.536E-03
  1.8031750E+04 -2.311E-03 -2.141E-03 -4.361E-04
  1.8032250E+04 -6.944E-03 -4.772E-03  5.623E-03
  1.8032750E+04  5.704E-05  4.226E-03  1.754E-02
  1.8033250E+04  2.281E-02  2.087E-02  3.230E-03
  1.8033750E+04  3.097E-03  3.455E-04 -9.957E-03
  1.8034250E+04 -1.647E-03 -2.478E-03 -4.403E-03
  1.8034750E+04  7.278E-03  3.384E-03 -1.261E-02
  1.8035250E+04 -3.758E-03 -3.583E-03 -1.108E-03
  1.8035750E+04  2.045E-02  2.088E-02  1.204E-02
  1.8036250E+04  3.717E-03  5.737E-03  1.047E-02
  1.8036750E+04  1.260E-02  1.433E-02  1.358E-02
  1.8037250E+04  1.547E-02  1.346E-02 -7.189E-04
  1.8037750E+04  2.295E-02  1.907E-02 -4.698E-03
  1.8038250E+04  8.398E-03  9.038E-03  6.943E-03
  1.8038750E+04 -4.525E-03 -3.188E-03  3.301E-03
  1.8039250E+04 -9.111E-03 -8.324E-03 -1.329E-03
  1.8039750E+04 -8.733E-03 -4.851E-03  1.185E-02
  1.8040250E+04  8.797E-04  3.763E-03  1.254E-02
  1.8040750E+04  1.070E-02  1.263E-02  1.336E-02
  1.8041250E+04  6.911E-02  6.858E-02  3.152E-02
  1.8041750E+04 -5.323E-04 -5.998E-03 -2.364E-02
  1.8042250E+04  2.287E-01  2.415E-01  1.669E-01
  1.8042750E+04  1.751E-02  9.096E-04 -6.063E-02
  1.8043250E+04 -8.524E-02 -8.725E-02 -5.070E-02
  1.8043750E+04 -1.585E-02 -1.521E-02 -5.119E-03
  1.8044250E+04 -8.953E-03  1.161E-03  3.830E-02
  1.8044750E+04  3.021E-02  3.809E-02  4.773E-02
  1.8045250E+04 -1.623E-03 -7.011E-03 -2.358E-02
  1.8045750E+04  3.696E-03  8.546E-03  2.227E-02
  1.8046250E+04  6.044E-02  6.678E-02  5.613E-02
  1.8046750E+04  1.730E-02  2.592E-02  4.441E-02
  1.8047250E+04  5.896E-02  6.784E-02  6.591E-02
  1.8047750E+04  3.658E-02  4.508E-02  5.400E-02
  1.8048250E+04  6.998E-02  7.879E-02  7.102E-02
  1.8048750E+04  9.501E-02  9.037E-02  2.651E-02
  1.8049250E+04  6.797E-02  5.438E-02 -2.364E-02
  1.8049750E+04  5.140E-02  3.306E-02 -5.209E-02
  1.8050250E+04  3.830E-02  2.927E-02 -1.926E-02
  1.8050750E+04  1.737E-02  8.521E-03 -2.972E-02
  1.8051250E+04  6.489E-02  4.734E-02 -4.281E-02
  1.8051750E+04  1.338E-02  2.997E-02  7.644E-02
  1.8052250E+04  1.575E-02  4.028E-02  1.105E-01
  1.8052750E+04  7.835E-02  9.259E-02  9.757E-02
  1.8053250E+04  8.661E-02  7.232E-02 -1.735E-02
  1.8053750E+04  2.682E-02  4.821E-02  1.034E-01
  1.8054250E+04  3.274E-02  4.826E-02  8.123E-02
  1.8054750E+04  1.783E-01  1.656E-01  3.140E-02
  1.8055250E+04  8.721E-03  3.293E-02  1.058E-01
  1.8055750E+04  1.507E-01  1.342E-01  1.944E-03
  1.8056250E+04  1.106E-01  1.326E-01  1.451E-01
  1.8056750E+04  8.523E-02  9.567E-02  8.466E-02
  1.8057250E+04  1.074E-01  1.278E-01  1.367E-01
  1.8057750E+04  1.457E-01  1.209E-01 -3.487E-02
  1.8058250E+04  2.820E-01  2.696E-01  8.254E-02
  1.8058750E+04  7.374E-02  9.091E-02  1.069E-01
  1.8059250E+04  8.520E-02  6.612E-02 -4.017E-02
  1.8059750E+04 -2.469E-02  3.485E-03  1.057E-01
  1.8060250E+04 -4.242E-02  5.373E-02  3.856E-01
  1.8060750E+04  2.216E-01  2.152E-01  7.776E-02
  1.8061250E+04  3.764E-01  3.749E-01  1.728E-01
  1.8061750E+04  1.771E-01  1.769E-01  8.560E-02
  1.8062250E+04  1.664E-01  1.866E-01  1.624E-01
  1.8062750E+04  3.075E-01  3.203E-01  1.994E-01
  1.8063250E+04  2.563E-01  2.174E-01 -4.246E-02
  1.8063750E+04  1.363E-01  2.107E-01  3.765E-01
  1.8064250E+04  3.277E-01  2.885E-01 -1.154E-02
  1.8064750E+04  1.655E-01  1.643E-01  7.275E-02
  1.8065250E+04  1.638E-01  2.101E-01  2.715E-01
  1.8065750E+04  3.333E-01  3.521E-01  2.356E-01
  1.8066250E+04  2.117E-01  1.681E-01 -8.429E-02
  1.8066750E+04  2.380E-01  2.473E-01  1.496E-01
  1.8067250E+04  1.587E-01  2.515E-01  4.613E-01
  1.8067750E+04  6.831E-01  6.615E-01  2.230E-01
  1.8068250E+04  2.657E-01  2.670E-01  1.301E-01
  1.8068750E+04  3.492E-01  3.654E-01  2.288E-01
  1.8069250E+04  5.737E-01  5.377E-01  1.150E-01
  1.8069750E+04  5.666E-01  5.150E-01  4.879E-02
  1.8070250E+04  1.633E-01  2.641E-01  5.005E-01
  1.8070750E+04  1.905E-01  2.350E-01  2.741E-01
  1.8071250E+04  6.504E-01  6.603E-01  3.429E-01
  1.8071750E+04  5.039E-01  5.124E-01  2.671E-01
  1.8072250E+04  5.399E-01  5.841E-01  4.346E-01
  1.8072750E+04  8.155E-01  7.913E-01  2.735E-01
  1.8073250E+04  7.075E-01  6.696E-01  1.642E-01
  1.8073750E+04  6.681E-01  7.357E-01  5.899E-01
  1.8074250E+04  5.980E-01  6.196E-01  3.643E-01
  1.8074750E+04  6.497E-01  6.926E-01  4.761E-01
  1.8075250E+04  7.916E-01  7.608E-01  2.322E-01
  1.8075750E+04  2.696E-01  3.141E-01  3.097E-01
  1.8076250E+04  4.934E-01  5.930E-01  6.425E-01
  1.8076750E+04  1.125E+00  1.159E+00  6.503E-01
  1.8077250E+04  8.962E-01  8.811E-01  3.418E-01
  1.8077750E+04  9.058E-01  1.005E+00  8.313E-01
  1.8078250E+04  9.300E-01  9.666E-01  5.762E-01
  1.8078750E+04  1.031E+00  9.419E-01  9.169E-02
  1.8079250E+04  5.694E-01  7.358E-01  9.639E-01
  1.8079750E+04  1.030E+00  1.051E+00  5.520E-01
  1.8080250E+04  6.767E-01  8.016E-01  8.322E-01
  1.8080750E+04  1.210E+00  1.263E+00  7.660E-01
  1.8081250E+04  1.775E+00  1.791E+00  8.652E-01
  1.8081750E+04  1.253E+00  1.198E+00  3.245E-01
  1.8082250E+04  1.254E+00  1.342E+00  9.307E-01
  1.8082750E+04  1.092E+00  1.213E+00  9.956E-01
  1.8083250E+04  1.653E+00  1.669E+00  7.969E-01
  1.8083750E+04  1.340E+00  1.320E+00  5.157E-01
  1.8084250E+04  1.576E+00  1.592E+00  7.655E-01
  1.8084750E+04  1.783E+00  1.824E+00  9.656E-01
  1.8085250E+04  1.786E+00  1.899E+00  1.270E+00
  1.8085750E+04  1.924E+00  1.950E+00  9.653E-01
  1.8086250E+04  1.389E+00  1.593E+00  1.477E+00
  1.8086750E+04  1.644E+00  1.837E+00  1.542E+00
  1.8087250E+04  1.840E+00  1.973E+00  1.377E+00
  1.8087750E+04  1.969E+00  2.050E+00  1.208E+00
  1.8088250E+04  1.738E+00  1.794E+00  1.009E+00
  1.8088750E+04  2.627E+00  2.643E+00  1.223E+00
  1.8089250E+04  2.282E+00  2.331E+00  1.202E+00
  1.8089750E+04  2.867E+00  3.038E+00  1.977E+00
  1.8090250E+04  2.834E+00  3.109E+00  2.399E+00
  1.8090750E+04  3.219E+00  3.308E+00  1.784E+00
  1.8091250E+04  3.214E+00  3.288E+00  1.717E+00
  1.8091750E+04  2.989E+00  3.170E+00  2.065E+00
  1.8092250E+04  3.307E+00  3.532E+00  2.390E+00
  1.8092750E+04  3.712E+00  3.782E+00  1.904E+00
  1.8093250E+04  3.733E+00  3.983E+00  2.668E+00
  1.8093750E+04  3.387E+00  3.539E+00  2.112E+00
  1.8094250E+04  3.758E+00  3.986E+00  2.596E+00
  1.8094750E+04  3.975E+00  4.086E+00  2.191E+00
  1.8095250E+04  4.846E+00  4.799E+00  1.890E+00
  1.8095750E+04  3.465E+00  3.677E+00  2.380E+00
  1.8096250E+04  4.015E+00  4.176E+00  2.404E+00
  1.8096750E+04  4.591E+00  4.897E+00  3.267E+00
  1.8097250E+04  4.627E+00  5.112E+00  4.044E+00
  1.8097750E+04  4.770E+00  5.250E+00  4.072E+00
  1.8098250E+04  5.476E+00  5.601E+00  2.880E+00
  1.8098750E+04  4.167E+00  4.603E+00  3.622E+00
  1.8099250E+04  5.590E+00  5.611E+00  2.469E+00
  1.8099750E+04  6.735E+00  6.566E+00  2.150E+00
  1.8100250E+04  5.565E+00  5.736E+00  3.075E+00
  1.8100750E+04  5.856E+00  5.939E+00  2.839E+00
  1.8101250E+04  6.965E+00  7.317E+00  4.459E+00
  1.8101750E+04  6.256E+00  6.858E+00  5.184E+00
  1.8102250E+04  6.687E+00  7.129E+00  4.684E+00
  1.8102750E+04  7.565E+00  7.873E+00  4.492E+00
  1.8103250E+04  7.089E+00  7.390E+00  4.268E+00
  1.8103750E+04  7.298E+00  7.639E+00  4.517E+00
  1.8104250E+04  8.107E+00  8.380E+00  4.560E+00
  1.8104750E+04  6.837E+00  7.201E+00  4.399E+00
  1.8105250E+04  7.777E+00  8.237E+00  5.192E+00
  1.8105750E+04  8.197E+00  8.225E+00  3.542E+00
  1.8106250E+04  9.332E+00  9.457E+00  4.438E+00
  1.8106750E+04  9.043E+00  9.376E+00  5.199E+00
  1.8107250E+04  9.348E+00  9.756E+00  5.633E+00
  1.8107750E+04  8.466E+00  9.104E+00  6.217E+00
  1.8108250E+04  1.065E+01  1.080E+01  5.050E+00
  1.8108750E+04  9.062E+00  9.202E+00  4.342E+00
  1.8109250E+04  9.057E+00  9.841E+00  7.073E+00
  1.8109750E+04  1.143E+01  1.172E+01  5.963E+00
  1.8110250E+04  1.052E+01  1.133E+01  7.788E+00
  1.8110750E+04  1.091E+01  1.164E+01  7.621E+00
  1.8111250E+04  1.227E+01  1.306E+01  8.403E+00
  1.8111750E+04  1.147E+01  1.159E+01  5.224E+00
  1.8112250E+04  1.280E+01  1.349E+01  8.176E+00
  1.8112750E+04  1.475E+01  1.480E+01  6.256E+00
  1.8113250E+04  1.356E+01  1.417E+01  8.149E+00
  1.8113750E+04  1.467E+01  1.510E+01  7.776E+00
  1.8114250E+04  1.375E+01  1.473E+01  9.781E+00
  1.8114750E+04  1.549E+01  1.562E+01  6.871E+00
  1.8115250E+04  1.454E+01  1.522E+01  8.820E+00
  1.8115750E+04  1.534E+01  1.574E+01  7.927E+00
  1.8116250E+04  1.548E+01  1.564E+01  6.931E+00
  1.8116750E+04  1.366E+01  1.431E+01  8.252E+00
  1.8117250E+04  1.628E+01  1.679E+01  8.746E+00
  1.8117750E+04  1.701E+01  1.797E+01  1.093E+01
  1.8118250E+04  1.614E+01  1.655E+01  8.249E+00
  1.8118750E+04  1.829E+01  1.886E+01  9.799E+00
  1.8119250E+04  1.617E+01  1.690E+01  9.601E+00
  1.8119750E+04  1.668E+01  1.795E+01  1.206E+01
  1.8120250E+04  1.917E+01  1.964E+01  9.627E+00
  1.8120750E+04  1.851E+01  1.957E+01  1.192E+01
  1.8121250E+04  2.088E+01  2.186E+01  1.249E+01
  1.8121750E+04  2.059E+01  2.102E+01  1.002E+01
  1.8122250E+04  2.069E+01  2.127E+01  1.071E+01
  1.8122750E+04  2.359E+01  2.422E+01  1.203E+01
  1.8123250E+04  2.094E+01  2.159E+01  1.106E+01
  1.8123750E+04  2.224E+01  2.306E+01  1.231E+01
  1.8124250E+04  2.067E+01  2.152E+01  1.176E+01
  1.8124750E+04  2.377E+01  2.441E+01  1.210E+01
  1.8125250E+04  2.146E+01  2.315E+01  1.565E+01
  1.8125750E+04  2.398E+01  2.502E+01  1.380E+01
  1.8126250E+04  2.501E+01  2.634E+01  1.547E+01
  1.8126750E+04  2.731E+01  2.722E+01  1.033E+01
  1.8127250E+04  2.620E+01  2.749E+01  1.573E+01
  1.8127750E+04  2.999E+01  3.080E+01  1.522E+01
  1.8128250E+04  2.846E+01  2.934E+01  1.483E+01
  1.8128750E+04  2.818E+01  2.965E+01  1.721E+01
  1.8129250E+04  3.023E+01  2.978E+01  9.873E+00
  1.8129750E+04  2.852E+01  2.929E+01  1.432E+01
  1.8130250E+04  3.135E+01  3.214E+01  1.552E+01
  1.8130750E+04  2.683E+01  2.845E+01  1.725E+01
  1.8131250E+04  2.689E+01  2.844E+01  1.692E+01
  1.8131750E+04  3.172E+01  3.284E+01  1.697E+01
  1.8132250E+04  3.164E+01  3.321E+01  1.884E+01
  1.8132750E+04  3.184E+01  3.262E+01  1.556E+01
  1.8133250E+04  3.493E+01  3.514E+01  1.430E+01
  1.8133750E+04  3.335E+01  3.449E+01  1.767E+01
  1.8134250E+04  3.488E+01  3.667E+01  2.090E+01
  1.8134750E+04  3.196E+01  3.366E+01  1.940E+01
  1.8135250E+04  3.363E+01  3.537E+01  2.023E+01
  1.8135750E+04  3.589E+01  3.762E+01  2.095E+01
  1.8136250E+04  3.604E+01  3.647E+01  1.551E+01
  1.8136750E+04  3.408E+01  3.580E+01  2.023E+01
  1.8137250E+04  3.765E+01  3.881E+01  1.916E+01
  1.8137750E+04  3.766E+01  3.939E+01  2.160E+01
  1.8138250E+04  3.816E+01  3.851E+01  1.584E+01
  1.8138750E+04  3.599E+01  3.682E+01  1.702E+01
  1.8139250E+04  3.994E+01  4.134E+01  2.089E+01
  1.8139750E+04  4.245E+01  4.404E+01  2.272E+01
  1.8140250E+04  3.887E+01  4.061E+01  2.191E+01
  1.8140750E+04  3.859E+01  3.986E+01  1.985E+01
  1.8141250E+04  3.950E+01  4.108E+01  2.138E+01
  1.8141750E+04  4.063E+01  4.248E+01  2.297E+01
  1.8142250E+04  4.202E+01  4.363E+01  2.246E+01
  1.8142750E+04  4.570E+01  4.726E+01  2.357E+01
  1.8143250E+04  4.567E+01  4.692E+01  2.226E+01
  1.8143750E+04  4.807E+01  4.977E+01  2.500E+01
  1.8144250E+04  4.376E+01  4.532E+01  2.277E+01
  1.8144750E+04  4.162E+01  4.342E+01  2.296E+01
  1.8145250E+04  4.523E+01  4.726E+01  2.526E+01
  1.8145750E+04  4.560E+01  4.798E+01  2.686E+01
  1.8146250E+04  4.763E+01  4.864E+01  2.173E+01
  1.8146750E+04  4.533E+01  4.628E+01  2.058E+01
  1.8147250E+04  4.947E+01  5.144E+01  2.642E+01
  1.8147750E+04  4.711E+01  4.869E+01  2.379E+01
  1.8148250E+04  4.638E+01  4.700E+01  1.951E+01
  1.8148750E+04  4.950E+01  5.069E+01  2.302E+01
  1.8149250E+04  4.917E+01  4.961E+01  1.974E+01
  1.8149750E+04  4.387E+01  4.641E+01  2.657E+01
  1.8150250E+04  5.169E+01  5.288E+01  2.370E+01
  1.8150750E+04  4.713E+01  4.897E+01  2.479E+01
  1.8151250E+04  5.292E+01  5.375E+01  2.259E+01
  1.8151750E+04  4.922E+01  5.105E+01  2.545E+01
  1.8152250E+04  4.712E+01  4.947E+01  2.679E+01
  1.8152750E+04  5.414E+01  5.556E+01  2.545E+01
  1.8153250E+04  5.215E+01  5.389E+01  2.594E+01
  1.8153750E+04  5.049E+01  5.347E+01  3.058E+01
  1.8154250E+04  5.103E+01  5.371E+01  2.951E+01
  1.8154750E+04  5.548E+01  5.711E+01  2.664E+01
  1.8155250E+04  5.467E+01  5.652E+01  2.725E+01
  1.8155750E+04  5.361E+01  5.625E+01  3.013E+01
  1.8156250E+04  5.094E+01  5.163E+01  2.076E+01
  1.8156750E+04  4.904E+01  5.141E+01  2.725E+01
  1.8157250E+04  5.342E+01  5.568E+01  2.838E+01
  1.8157750E+04  4.951E+01  5.177E+01  2.693E+01
  1.8158250E+04  5.279E+01  5.466E+01  2.639E+01
  1.8158750E+04  5.957E+01  5.991E+01  2.212E+01
  1.8159250E+04  5.413E+01  5.593E+01  2.648E+01
  1.8159750E+04  5.852E+01  5.960E+01  2.491E+01
  1.8160250E+04  5.834E+01  5.972E+01  2.609E+01
  1.8160750E+04  5.592E+01  5.757E+01  2.635E+01
  1.8161250E+04  5.461E+01  5.655E+01  2.704E+01
  1.8161750E+04  5.905E+01  6.067E+01  2.717E+01
  1.8162250E+04  5.509E+01  5.766E+01  2.983E+01
  1.8162750E+04  5.470E+01  5.657E+01  2.673E+01
  1.8163250E+04  5.464E+01  5.648E+01  2.649E+01
  1.8163750E+04  5.788E+01  5.943E+01  2.627E+01
  1.8164250E+04  5.585E+01  5.875E+01  3.133E+01
  1.8164750E+04  5.988E+01  6.102E+01  2.524E+01
  1.8165250E+04  6.038E+01  6.318E+01  3.249E+01
  1.8165750E+04  5.266E+01  5.555E+01  2.995E+01
  1.8166250E+04  5.936E+01  5.975E+01  2.176E+01
  1.8166750E+04  6.017E+01  6.289E+01  3.187E+01
  1.8167250E+04  5.960E+01  6.188E+01  2.976E+01
  1.8167750E+04  5.681E+01  5.927E+01  2.945E+01
  1.8168250E+04  5.404E+01  5.674E+01  2.951E+01
  1.8168750E+04  5.943E+01  5.971E+01  2.104E+01
  1.8169250E+04  5.588E+01  5.835E+01  2.914E+01
  1.8169750E+04  5.871E+01  6.030E+01  2.622E+01
  1.8170250E+04  5.811E+01  6.046E+01  2.921E+01
  1.8170750E+04  5.276E+01  5.640E+01  3.281E+01
  1.8171250E+04  5.709E+01  6.036E+01  3.274E+01
  1.8171750E+04  6.088E+01  6.353E+01  3.125E+01
  1.8172250E+04  5.721E+01  5.782E+01  2.129E+01
  1.8172750E+04  5.430E+01  5.592E+01  2.463E+01
  1.8173250E+04  6.037E+01  6.214E+01  2.726E+01
  1.8173750E+04  5.350E+01  5.514E+01  2.427E+01
  1.8174250E+04  5.710E+01  6.039E+01  3.264E+01
  1.8174750E+04  5.998E+01  6.158E+01  2.634E+01
  1.8175250E+04  6.152E+01  6.330E+01  2.749E+01
  1.8175750E+04  5.713E+01  5.926E+01  2.746E+01
  1.8176250E+04  5.430E+01  5.743E+01  3.074E+01
  1.8176750E+04  6.047E+01  6.017E+01  1.814E+01
  1.8177250E+04  5.607E+01  5.683E+01  2.111E+01
  1.8177750E+04  5.762E+01  6.076E+01  3.178E+01
  1.8178250E+04  5.646E+01  5.815E+01  2.508E+01
  1.8178750E+04  5.257E+01  5.639E+01  3.291E+01
  1.8179250E+04  5.415E+01  5.567E+01  2.356E+01
  1.8179750E+04  5.517E+01  5.783E+01  2.872E+01
  1.8180250E+04  5.498E+01  5.629E+01  2.290E+01
  1.8180750E+04  4.839E+01  5.095E+01  2.597E+01
  1.8181250E+04  5.792E+01  6.000E+01  2.706E+01
  1.8181750E+04  5.371E+01  5.679E+01  2.978E+01
  1.8182250E+04  5.585E+01  5.762E+01  2.485E+01
  1.8182750E+04  5.472E+01  5.635E+01  2.405E+01
  1.8183250E+04  5.676E+01  5.723E+01  1.961E+01
  1.8183750E+04  5.307E+01  5.531E+01  2.584E+01
  1.8184250E+04  5.660E+01  5.740E+01  2.082E+01
  1.8184750E+04  4.720E+01  5.162E+01  3.322E+01
  1.8185250E+04  5.210E+01  5.531E+01  2.959E+01
  1.8185750E+04  5.245E+01  5.462E+01  2.530E+01
  1.8186250E+04  5.294E+01  5.441E+01  2.240E+01
  1.8186750E+04  4.985E+01  5.277E+01  2.742E+01
  1.8187250E+04  5.263E+01  5.459E+01  2.416E+01
  1.8187750E+04  5.123E+01  5.501E+01  3.157E+01
  1.8188250E+04  4.765E+01  4.887E+01  1.924E+01
  1.8188750E+04  4.742E+01  4.753E+01  1.447E+01
  1.8189250E+04  4.644E+01  4.923E+01  2.568E+01
  1.8189750E+04  5.036E+01  5.283E+01  2.556E+01
  1.8190250E+04  5.213E+01  5.288E+01  1.872E+01
  1.8190750E+04  4.912E+01  5.061E+01  2.083E+01
  1.8191250E+04  4.407E+01  4.653E+01  2.325E+01
  1.8191750E+04  4.512E+01  4.812E+01  2.586E+01
  1.8192250E+04  4.900E+01  5.081E+01  2.205E+01
  1.8192750E+04  4.737E+01  5.054E+01  2.728E+01
  1.8193250E+04  4.492E+01  4.585E+01  1.693E+01
  1.8193750E+04  4.907E+01  4.911E+01  1.433E+01
  1.8194250E+04  4.712E+01  4.958E+01  2.403E+01
  1.8194750E+04  3.718E+01  4.051E+01  2.449E+01
  1.8195250E+04  4.968E+01  5.160E+01  2.250E+01
  1.8195750E+04  4.254E+01  4.443E+01  2.009E+01
  1.8196250E+04  4.563E+01  4.804E+01  2.324E+01
  1.8196750E+04  4.734E+01  4.745E+01  1.394E+01
  1.8197250E+04  4.291E+01  4.504E+01  2.101E+01
  1.8197750E+04  4.066E+01  4.350E+01  2.336E+01
  1.8198250E+04  4.110E+01  4.292E+01  1.914E+01
  1.8198750E+04  4.127E+01  4.353E+01  2.114E+01
  1.8199250E+04  4.065E+01  4.276E+01  2.016E+01
  1.8199750E+04  3.938E+01  4.073E+01  1.639E+01
  1.8200250E+04  4.352E+01  4.407E+01  1.429E+01
  1.8200750E+04  4.338E+01  4.656E+01  2.542E+01
  1.8201250E+04  4.155E+01  4.243E+01  1.494E+01
  1.8201750E+04  3.540E+01  3.597E+01  1.173E+01
  1.8202250E+04  4.020E+01  4.145E+01  1.620E+01
  1.8202750E+04  3.454E+01  3.497E+01  1.092E+01
  1.8203250E+04  3.894E+01  3.905E+01  1.078E+01
  1.8203750E+04  3.896E+01  4.145E+01  2.095E+01
  1.8204250E+04  3.819E+01  3.922E+01  1.459E+01
  1.8204750E+04  3.317E+01  3.475E+01  1.534E+01
  1.8205250E+04  3.662E+01  3.855E+01  1.792E+01
  1.8205750E+04  2.825E+01  3.170E+01  2.140E+01
  1.8206250E+04  2.528E+01  2.821E+01  1.866E+01
  1.8206750E+04  2.927E+01  3.100E+01  1.446E+01
  1.8207250E+04  3.085E+01  3.200E+01  1.247E+01
  1.8207750E+04  3.157E+01  3.257E+01  1.223E+01
  1.8208250E+04  3.074E+01  3.113E+01  9.300E+00
  1.8208750E+04  2.905E+01  3.033E+01  1.251E+01
  1.8209250E+04  3.403E+01  3.410E+01  8.858E+00
  1.8209750E+04  2.817E+01  2.992E+01  1.413E+01
  1.8210250E+04  3.133E+01  3.363E+01  1.741E+01
  1.8210750E+04  2.651E+01  2.821E+01  1.342E+01
  1.8211250E+04  3.009E+01  3.176E+01  1.445E+01
  1.8211750E+04  2.551E+01  2.710E+01  1.285E+01
  1.8212250E+04  2.356E+01  2.467E+01  9.921E+00
  1.8212750E+04  2.285E+01  2.345E+01  7.658E+00
  1.8213250E+04  2.806E+01  2.761E+01  4.450E+00
  1.8213750E+04  2.881E+01  2.777E+01  2.158E+00
  1.8214250E+04  2.324E+01  2.529E+01  1.378E+01
  1.8214750E+04  2.466E+01  2.616E+01  1.202E+01
  1.8215250E+04  2.886E+01  2.962E+01  9.922E+00
  1.8215750E+04  2.014E+01  2.163E+01  1.047E+01
  1.8216250E+04  2.175E+01  2.266E+01  8.456E+00
  1.8216750E+04  1.943E+01  2.081E+01  9.735E+00
  1.8217250E+04  2.235E+01  2.211E+01  3.593E+00
  1.8217750E+04  1.548E+01  1.800E+01  1.324E+01
  1.8218250E+04  1.926E+01  1.955E+01  4.874E+00
  1.8218750E+04  1.488E+01  1.511E+01  3.465E+00
  1.8219250E+04  1.804E+01  1.976E+01  1.059E+01
  1.8219750E+04  2.398E+01  2.421E+01  6.135E+00
  1.8220250E+04  1.752E+01  1.898E+01  9.340E+00
  1.8220750E+04  1.542E+01  1.647E+01  6.957E+00
  1.8221250E+04  1.542E+01  1.625E+01  5.980E+00
  1.8221750E+04  1.133E+01  1.360E+01  1.109E+01
  1.8222250E+04  1.865E+01  1.877E+01  3.998E+00
  1.8222750E+04  1.521E+01  1.690E+01  9.459E+00
  1.8223250E+04  1.725E+01  1.802E+01  6.248E+00
  1.8223750E+04  1.397E+01  1.516E+01  7.019E+00
  1.8224250E+04  1.560E+01  1.555E+01  2.273E+00
  1.8224750E+04  1.321E+01  1.365E+01  3.811E+00
  1.8225250E+04  1.019E+01  1.201E+01  8.572E+00
  1.8225750E+04  9.766E+00  1.189E+01  9.924E+00
  1.8226250E+04  1.306E+01  1.469E+01  8.648E+00
  1.8226750E+04  1.163E+01  1.074E+01 -2.607E+00
  1.8227250E+04  9.462E+00  9.751E+00  1.892E+00
  1.8227750E+04  7.671E+00  9.380E+00  7.606E+00
  1.8228250E+04  8.947E+00  1.056E+01  7.166E+00
  1.8228750E+04  6.363E+00  7.088E+00  2.837E+00
  1.8229250E+04  1.061E+01  1.117E+01  3.346E+00
  1.8229750E+04  8.083E+00  8.242E+00  8.523E-01
  1.8230250E+04  1.152E+01  1.060E+01 -2.714E+00
  1.8230750E+04  4.390E+00  5.172E+00  2.600E+00
  1.8231250E+04  4.554E+00  5.113E+00  1.465E+00
  1.8231750E+04  7.089E+00  8.034E+00  3.865E+00
  1.8232250E+04  7.017E+00  6.542E+00 -2.192E+00
  1.8232750E+04  8.345E+00  9.533E+00  5.395E+00
  1.8233250E+04  2.486E+00  2.995E+00  8.799E-01
  1.8233750E+04  4.809E+00  6.043E+00  4.616E+00
  1.8234250E+04  4.147E+00  5.441E+00  4.479E+00
  1.8234750E+04  3.752E+00  4.891E+00  3.828E+00
  1.8235250E+04  1.404E+00  2.258E+00  1.809E+00
  1.8235750E+04  5.003E+00  4.238E+00 -4.073E+00
  1.8236250E+04 -1.429E-02  7.885E-01  1.271E+00
  1.8236750E+04  5.186E+00  6.010E+00  2.840E+00
  1.8237250E+04  7.480E+00  6.632E+00 -3.624E+00
  1.8237750E+04  5.378E-01  8.417E-01 -5.517E-01
  1.8238250E+04  1.932E+00  3.032E+00  3.055E+00
  1.8238750E+04 -7.297E+00 -5.367E+00  4.194E+00
  1.8239250E+04 -6.917E+00 -4.791E+00  5.118E+00
  1.8239750E+04  7.177E-01  1.714E+00  2.206E+00
  1.8240250E+04 -3.998E-01 -9.059E-01 -4.396E+00
  1.8240750E+04 -1.362E-01 -5.530E-01 -3.936E+00
  1.8241250E+04 -2.321E+00 -2.232E+00 -2.483E+00
  1.8241750E+04 -3.176E+00 -2.841E+00 -1.486E+00
  1.8242250E+04 -6.275E+00 -6.010E+00 -2.615E+00
  1.8242750E+04  1.098E+00  2.217E+00  2.917E+00
  1.8243250E+04 -4.933E+00 -3.720E+00  1.654E+00
  1.8243750E+04 -2.474E+00 -1.996E+00 -7.682E-01
  1.8244250E+04 -3.310E+00 -4.154E+00 -6.541E+00
  1.8244750E+04 -2.432E+00 -2.206E+00 -1.928E+00
  1.8245250E+04 -6.448E+00 -5.378E+00  6.774E-01
  1.8245750E+04 -4.958E+00 -4.294E+00 -6.179E-01
  1.8246250E+04 -4.390E+00 -4.481E+00 -3.815E+00
  1.8246750E+04 -5.330E+00 -5.757E+00 -5.441E+00
  1.8247250E+04 -4.097E+00 -4.490E+00 -4.884E+00
  1.8247750E+04 -7.738E+00 -7.905E+00 -4.790E+00
  1.8248250E+04 -5.046E+00 -4.497E+00 -1.092E+00
  1.8248750E+04 -1.803E+00 -1.946E+00 -3.218E+00
  1.8249250E+04 -3.920E+00 -4.639E+00 -6.333E+00
  1.8249750E+04 -1.435E+01 -1.344E+01 -2.278E+00
  1.8250250E+04 -6.996E+00 -6.634E+00 -2.522E+00
  1.8250750E+04 -4.098E+00 -3.467E+00 -4.131E-01
  1.8251250E+04 -1.213E+01 -1.151E+01 -2.727E+00
  1.8251750E+04 -1.152E+01 -1.068E+01 -1.594E+00
  1.8252250E+04 -1.109E+01 -1.048E+01 -2.566E+00
  1.8252750E+04 -4.726E+00 -6.724E+00 -1.195E+01
  1.8253250E+04 -1.007E+01 -9.840E+00 -3.928E+00
  1.8253750E+04 -9.657E+00 -8.818E+00 -9.810E-01
  1.8254250E+04 -6.969E+00 -7.907E+00 -8.107E+00
  1.8254750E+04 -1.088E+01 -1.132E+01 -7.014E+00
  1.8255250E+04 -1.085E+01 -1.065E+01 -4.023E+00
  1.8255750E+04 -8.120E+00 -8.999E+00 -8.116E+00
  1.8256250E+04 -1.065E+01 -1.066E+01 -4.914E+00
  1.8256750E+04 -1.424E+01 -1.374E+01 -3.677E+00
  1.8257250E+04 -1.198E+01 -1.173E+01 -4.279E+00
  1.8257750E+04 -1.215E+01 -1.168E+01 -3.135E+00
  1.8258250E+04 -1.143E+01 -1.127E+01 -4.434E+00
  1.8258750E+04 -6.903E+00 -6.678E+00 -2.925E+00
  1.8259250E+04 -1.101E+01 -1.228E+01 -1.043E+01
  1.8259750E+04 -1.254E+01 -1.194E+01 -2.813E+00
  1.8260250E+04 -1.061E+01 -1.145E+01 -8.596E+00
  1.8260750E+04 -1.105E+01 -1.048E+01 -2.302E+00
  1.8261250E+04 -1.348E+01 -1.398E+01 -7.648E+00
  1.8261750E+04 -1.196E+01 -1.231E+01 -6.773E+00
  1.8262250E+04 -1.508E+01 -1.519E+01 -6.462E+00
  1.8262750E+04 -1.404E+01 -1.471E+01 -8.558E+00
  1.8263250E+04 -1.253E+01 -1.203E+01 -3.116E+00
  1.8263750E+04 -1.299E+01 -1.218E+01 -1.643E+00
  1.8264250E+04 -1.192E+01 -1.207E+01 -5.808E+00
  1.8264750E+04 -1.411E+01 -1.396E+01 -4.867E+00
  1.8265250E+04 -1.399E+01 -1.451E+01 -7.985E+00
  1.8265750E+04 -1.454E+01 -1.446E+01 -5.280E+00
  1.8266250E+04 -1.255E+01 -1.378E+01 -1.044E+01
  1.8266750E+04 -1.505E+01 -1.555E+01 -8.068E+00
  1.8267250E+04 -1.526E+01 -1.568E+01 -7.700E+00
  1.8267750E+04 -1.503E+01 -1.527E+01 -6.870E+00
  1.8268250E+04 -1.508E+01 -1.477E+01 -4.381E+00
  1.8268750E+04 -1.447E+01 -1.457E+01 -6.066E+00
  1.8269250E+04 -1.539E+01 -1.595E+01 -8.289E+00
  1.8269750E+04 -1.440E+01 -1.475E+01 -7.375E+00
  1.8270250E+04 -1.389E+01 -1.385E+01 -5.542E+00
  1.8270750E+04 -2.078E+01 -2.086E+01 -7.609E+00
  1.8271250E+04 -1.934E+01 -1.812E+01 -1.670E+00
  1.8271750E+04 -1.224E+01 -1.232E+01 -5.463E+00
  1.8272250E+04 -1.635E+01 -1.670E+01 -7.582E+00
  1.8272750E+04 -1.327E+01 -1.438E+01 -1.012E+01
  1.8273250E+04 -1.775E+01 -1.833E+01 -8.823E+00
  1.8273750E+04 -1.543E+01 -1.693E+01 -1.225E+01
  1.8274250E+04 -1.530E+01 -1.545E+01 -6.480E+00
  1.8274750E+04 -1.679E+01 -1.709E+01 -7.398E+00
  1.8275250E+04 -1.723E+01 -1.783E+01 -8.883E+00
  1.8275750E+04 -1.463E+01 -1.459E+01 -5.565E+00
  1.8276250E+04 -1.639E+01 -1.676E+01 -7.710E+00
  1.8276750E+04 -1.582E+01 -1.653E+01 -8.983E+00
  1.8277250E+04 -1.667E+01 -1.660E+01 -5.792E+00
  1.8277750E+04 -1.977E+01 -1.963E+01 -6.184E+00
  1.8278250E+04 -1.814E+01 -1.864E+01 -8.660E+00
  1.8278750E+04 -1.349E+01 -1.311E+01 -3.598E+00
  1.8279250E+04 -1.396E+01 -1.452E+01 -7.884E+00
  1.8279750E+04 -1.611E+01 -1.606E+01 -5.832E+00
  1.8280250E+04 -1.841E+01 -1.940E+01 -1.066E+01
  1.8280750E+04 -2.100E+01 -2.049E+01 -4.917E+00
  1.8281250E+04 -1.788E+01 -1.914E+01 -1.191E+01
  1.8281750E+04 -2.011E+01 -1.955E+01 -4.645E+00
  1.8282250E+04 -1.787E+01 -1.812E+01 -7.254E+00
  1.8282750E+04 -1.477E+01 -1.630E+01 -1.213E+01
  1.8283250E+04 -1.666E+01 -1.654E+01 -5.380E+00
  1.8283750E+04 -1.762E+01 -1.802E+01 -8.106E+00
  1.8284250E+04 -2.173E+01 -2.243E+01 -1.029E+01
  1.8284750E+04 -1.952E+01 -1.996E+01 -8.459E+00
  1.8285250E+04 -1.381E+01 -1.522E+01 -1.120E+01
  1.8285750E+04 -1.685E+01 -1.746E+01 -8.582E+00
  1.8286250E+04 -2.145E+01 -2.140E+01 -7.187E+00
  1.8286750E+04 -1.691E+01 -1.753E+01 -8.629E+00
  1.8287250E+04 -1.608E+01 -1.744E+01 -1.138E+01
  1.8287750E+04 -1.679E+01 -1.757E+01 -9.285E+00
  1.8288250E+04 -2.003E+01 -1.971E+01 -5.382E+00
  1.8288750E+04 -1.620E+01 -1.670E+01 -7.887E+00
  1.8289250E+04 -1.787E+01 -1.794E+01 -6.217E+00
  1.8289750E+04 -1.691E+01 -1.720E+01 -7.274E+00
  1.8290250E+04 -1.615E+01 -1.721E+01 -1.030E+01
  1.8290750E+04 -1.727E+01 -1.843E+01 -1.093E+01
  1.8291250E+04 -1.946E+01 -2.005E+01 -9.137E+00
  1.8291750E+04 -1.704E+01 -1.777E+01 -9.087E+00
  1.8292250E+04 -1.821E+01 -1.896E+01 -9.461E+00
  1.8292750E+04 -1.558E+01 -1.636E+01 -8.983E+00
  1.8293250E+04 -1.521E+01 -1.569E+01 -7.559E+00
  1.8293750E+04 -1.925E+01 -1.954E+01 -7.693E+00
  1.8294250E+04 -1.866E+01 -1.895E+01 -7.460E+00
  1.8294750E+04 -1.783E+01 -1.716E+01 -3.303E+00
  1.8295250E+04 -1.996E+01 -2.120E+01 -1.181E+01
  1.8295750E+04 -1.776E+01 -1.908E+01 -1.161E+01
  1.8296250E+04 -1.999E+01 -2.039E+01 -8.273E+00
  1.8296750E+04 -1.966E+01 -1.986E+01 -7.367E+00
  1.8297250E+04 -1.649E+01 -1.712E+01 -8.462E+00
  1.8297750E+04 -2.012E+01 -2.058E+01 -8.666E+00
  1.8298250E+04 -1.922E+01 -2.043E+01 -1.174E+01
  1.8298750E+04 -1.904E+01 -1.920E+01 -7.133E+00
  1.8299250E+04 -1.745E+01 -1.774E+01 -7.136E+00
  1.8299750E+04 -1.533E+01 -1.638E+01 -9.943E+00
  1.8300250E+04 -1.777E+01 -1.856E+01 -9.336E+00
  1.8300750E+04 -1.920E+01 -1.969E+01 -8.376E+00
  1.8301250E+04 -1.920E+01 -1.937E+01 -7.065E+00
  1.8301750E+04 -1.952E+01 -1.983E+01 -7.562E+00
  1.8302250E+04 -1.862E+01 -1.950E+01 -9.915E+00
  1.8302750E+04 -1.695E+01 -1.751E+01 -8.110E+00
  1.8303250E+04 -1.639E+01 -1.701E+01 -8.260E+00
  1.8303750E+04 -1.801E+01 -1.848E+01 -7.993E+00
  1.8304250E+04 -1.982E+01 -1.993E+01 -6.731E+00
  1.8304750E+04 -1.685E+01 -1.806E+01 -1.083E+01
  1.8305250E+04 -1.739E+01 -1.772E+01 -7.083E+00
  1.8305750E+04 -1.920E+01 -1.958E+01 -7.803E+00
  1.8306250E+04 -1.767E+01 -1.824E+01 -8.204E+00
  1.8306750E+04 -1.914E+01 -1.934E+01 -7.001E+00
  1.8307250E+04 -1.759E+01 -1.821E+01 -8.257E+00
  1.8307750E+04 -1.774E+01 -1.904E+01 -1.165E+01
  1.8308250E+04 -1.813E+01 -1.843E+01 -7.139E+00
  1.8308750E+04 -1.953E+01 -1.949E+01 -6.133E+00
  1.8309250E+04 -1.854E+01 -1.922E+01 -8.903E+00
  1.8309750E+04 -1.876E+01 -1.880E+01 -6.199E+00
  1.8310250E+04 -1.657E+01 -1.740E+01 -9.096E+00
  1.8310750E+04 -1.828E+01 -1.930E+01 -1.041E+01
  1.8311250E+04 -2.048E+01 -2.088E+01 -7.994E+00
  1.8311750E+04 -1.505E+01 -1.637E+01 -1.074E+01
  1.8312250E+04 -2.028E+01 -2.124E+01 -1.044E+01
  1.8312750E+04 -1.909E+01 -1.903E+01 -5.847E+00
  1.8313250E+04 -1.745E+01 -1.816E+01 -8.698E+00
  1.8313750E+04 -1.587E+01 -1.658E+01 -8.388E+00
  1.8314250E+04 -1.760E+01 -1.859E+01 -9.835E+00
  1.8314750E+04 -1.805E+01 -1.783E+01 -4.687E+00
  1.8315250E+04 -1.723E+01 -1.760E+01 -6.987E+00
  1.8315750E+04 -1.966E+01 -2.058E+01 -9.827E+00
  1.8316250E+04 -1.703E+01 -1.776E+01 -8.681E+00
  1.8316750E+04 -1.742E+01 -1.822E+01 -9.126E+00
  1.8317250E+04 -1.932E+01 -1.962E+01 -7.378E+00
  1.8317750E+04 -1.837E+01 -1.943E+01 -1.045E+01
  1.8318250E+04 -1.699E+01 -1.755E+01 -8.021E+00
  1.8318750E+04 -1.902E+01 -1.929E+01 -7.020E+00
  1.8319250E+04 -1.776E+01 -1.892E+01 -1.067E+01
  1.8319750E+04 -1.664E+01 -1.664E+01 -5.373E+00
  1.8320250E+04 -1.830E+01 -1.842E+01 -6.140E+00
  1.8320750E+04 -1.783E+01 -1.884E+01 -1.006E+01
  1.8321250E+04 -1.700E+01 -1.787E+01 -9.162E+00
  1.8321750E+04 -1.705E+01 -1.789E+01 -9.237E+00
  1.8322250E+04 -1.858E+01 -1.946E+01 -9.700E+00
  1.8322750E+04 -1.728E+01 -1.814E+01 -9.174E+00
  1.8323250E+04 -1.742E+01 -1.792E+01 -7.605E+00
  1.8323750E+04 -1.781E+01 -1.852E+01 -8.425E+00
  1.8324250E+04 -1.837E+01 -1.870E+01 -6.846E+00
  1.8324750E+04 -1.649E+01 -1.696E+01 -7.497E+00
  1.8325250E+04 -1.773E+01 -1.789E+01 -6.204E+00
  1.8325750E+04 -1.807E+01 -1.899E+01 -9.463E+00
  1.8326250E+04 -1.679E+01 -1.745E+01 -8.093E+00
  1.8326750E+04 -1.820E+01 -1.881E+01 -8.400E+00
  1.8327250E+04 -1.646E+01 -1.749E+01 -9.753E+00
  1.8327750E+04 -1.498E+01 -1.569E+01 -7.820E+00
  1.8328250E+04 -1.617E+01 -1.648E+01 -6.318E+00
  1.8328750E+04 -1.777E+01 -1.839E+01 -8.091E+00
  1.8329250E+04 -1.764E+01 -1.785E+01 -6.561E+00
  1.8329750E+04 -1.900E+01 -2.001E+01 -1.009E+01
  1.8330250E+04 -1.819E+01 -1.846E+01 -6.779E+00
  1.8330750E+04 -1.302E+01 -1.367E+01 -6.977E+00
  1.8331250E+04 -1.587E+01 -1.659E+01 -8.177E+00
  1.8331750E+04 -1.584E+01 -1.648E+01 -7.645E+00
  1.8332250E+04 -1.884E+01 -1.957E+01 -8.909E+00
  1.8332750E+04 -1.734E+01 -1.801E+01 -8.423E+00
  1.8333250E+04 -1.796E+01 -1.851E+01 -7.936E+00
  1.8333750E+04 -1.594E+01 -1.684E+01 -8.950E+00
  1.8334250E+04 -1.619E+01 -1.666E+01 -7.044E+00
  1.8334750E+04 -1.686E+01 -1.731E+01 -7.082E+00
  1.8335250E+04 -1.820E+01 -1.877E+01 -8.070E+00
  1.8335750E+04 -1.634E+01 -1.680E+01 -6.929E+00
  1.8336250E+04 -1.673E+01 -1.768E+01 -9.173E+00
  1.8336750E+04 -1.605E+01 -1.654E+01 -7.013E+00
  1.8337250E+04 -1.454E+01 -1.536E+01 -8.033E+00
  1.8337750E+04 -1.777E+01 -1.829E+01 -7.562E+00
  1.8338250E+04 -1.706E+01 -1.812E+01 -9.817E+00
  1.8338750E+04 -1.638E+01 -1.689E+01 -7.285E+00
  1.8339250E+04 -1.457E+01 -1.574E+01 -9.693E+00
  1.8339750E+04 -1.581E+01 -1.601E+01 -5.845E+00
  1.8340250E+04 -1.721E+01 -1.798E+01 -8.508E+00
  1.8340750E+04 -1.708E+01 -1.764E+01 -7.610E+00
  1.8341250E+04 -1.495E+01 -1.599E+01 -9.188E+00
  1.8341750E+04 -1.759E+01 -1.809E+01 -7.467E+00
  1.8342250E+04 -1.468E+01 -1.505E+01 -6.365E+00
  1.8342750E+04 -1.583E+01 -1.617E+01 -6.367E+00
  1.8343250E+04 -1.580E+01 -1.675E+01 -9.007E+00
  1.8343750E+04 -1.642E+01 -1.665E+01 -6.123E+00
  1.8344250E+04 -1.657E+01 -1.705E+01 -6.953E+00
  1.8344750E+04 -1.433E+01 -1.518E+01 -8.116E+00
  1.8345250E+04 -1.333E+01 -1.385E+01 -6.399E+00
  1.8345750E+04 -1.675E+01 -1.722E+01 -7.109E+00
  1.8346250E+04 -1.465E+01 -1.523E+01 -7.130E+00
  1.8346750E+04 -1.619E+01 -1.656E+01 -6.417E+00
  1.8347250E+04 -1.480E+01 -1.521E+01 -6.356E+00
  1.8347750E+04 -1.447E+01 -1.552E+01 -9.089E+00
  1.8348250E+04 -1.391E+01 -1.490E+01 -8.722E+00
  1.8348750E+04 -1.406E+01 -1.439E+01 -6.003E+00
  1.8349250E+04 -1.527E+01 -1.567E+01 -6.370E+00
  1.8349750E+04 -1.598E+01 -1.533E+01 -2.022E+00
  1.8350250E+04 -1.518E+01 -1.585E+01 -7.426E+00
  1.8350750E+04 -1.491E+01 -1.575E+01 -8.204E+00
  1.8351250E+04 -1.728E+01 -1.761E+01 -6.626E+00
  1.8351750E+04 -1.390E+01 -1.431E+01 -6.339E+00
  1.8352250E+04 -1.585E+01 -1.639E+01 -7.135E+00
  1.8352750E+04 -1.532E+01 -1.617E+01 -8.356E+00
  1.8353250E+04 -1.493E+01 -1.594E+01 -8.908E+00
  1.8353750E+04 -1.642E+01 -1.644E+01 -4.951E+00
  1.8354250E+04 -1.287E+01 -1.401E+01 -9.081E+00
  1.8354750E+04 -1.531E+01 -1.585E+01 -6.865E+00
  1.8355250E+04 -1.409E+01 -1.463E+01 -6.515E+00
  1.8355750E+04 -1.626E+01 -1.722E+01 -8.993E+00
  1.8356250E+04 -1.494E+01 -1.550E+01 -7.069E+00
  1.8356750E+04 -1.366E+01 -1.425E+01 -6.762E+00
  1.8357250E+04 -1.463E+01 -1.499E+01 -6.147E+00
  1.8357750E+04 -1.491E+01 -1.547E+01 -7.019E+00
  1.8358250E+04 -1.472E+01 -1.510E+01 -6.124E+00
  1.8358750E+04 -1.535E+01 -1.561E+01 -5.734E+00
  1.8359250E+04 -1.335E+01 -1.369E+01 -5.702E+00
  1.8359750E+04 -1.461E+01 -1.518E+01 -6.868E+00
  1.8360250E+04 -1.459E+01 -1.529E+01 -7.586E+00
  1.8360750E+04 -1.332E+01 -1.374E+01 -5.810E+00
  1.8361250E+04 -1.532E+01 -1.557E+01 -5.635E+00
  1.8361750E+04 -1.476E+01 -1.511E+01 -5.852E+00
  1.8362250E+04 -1.551E+01 -1.615E+01 -7.483E+00
  1.8362750E+04 -1.530E+01 -1.624E+01 -8.627E+00
  1.8363250E+04 -1.442E+01 -1.507E+01 -6.996E+00
  1.8363750E+04 -1.440E+01 -1.519E+01 -7.632E+00
  1.8364250E+04 -1.371E+01 -1.452E+01 -7.818E+00
  1.8364750E+04 -1.416E+01 -1.470E+01 -6.671E+00
  1.8365250E+04 -1.476E+01 -1.522E+01 -6.322E+00
  1.8365750E+04 -1.255E+01 -1.303E+01 -5.932E+00
  1.8366250E+04 -1.417E+01 -1.467E+01 -6.522E+00
  1.8366750E+04 -1.501E+01 -1.570E+01 -7.534E+00
  1.8367250E+04 -1.505E+01 -1.525E+01 -5.166E+00
  1.8367750E+04 -1.387E+01 -1.407E+01 -5.022E+00
  1.8368250E+04 -1.430E+01 -1.530E+01 -8.740E+00
  1.8368750E+04 -1.331E+01 -1.388E+01 -6.503E+00
  1.8369250E+04 -1.246E+01 -1.337E+01 -7.711E+00
  1.8369750E+04 -1.443E+01 -1.450E+01 -4.597E+00
  1.8370250E+04 -1.539E+01 -1.562E+01 -5.608E+00
  1.8370750E+04 -1.324E+01 -1.371E+01 -6.128E+00
  1.8371250E+04 -1.383E+01 -1.443E+01 -6.761E+00
  1.8371750E+04 -1.205E+01 -1.297E+01 -7.546E+00
  1.8372250E+04 -1.376E+01 -1.452E+01 -7.307E+00
  1.8372750E+04 -1.290E+01 -1.346E+01 -6.291E+00
  1.8373250E+04 -1.290E+01 -1.375E+01 -7.744E+00
  1.8373750E+04 -1.378E+01 -1.399E+01 -5.185E+00
  1.8374250E+04 -1.391E+01 -1.433E+01 -5.788E+00
  1.8374750E+04 -1.302E+01 -1.344E+01 -5.796E+00
  1.8375250E+04 -1.258E+01 -1.279E+01 -4.618E+00
  1.8375750E+04 -1.250E+01 -1.353E+01 -8.351E+00
  1.8376250E+04 -1.359E+01 -1.378E+01 -4.989E+00
  1.8376750E+04 -1.502E+01 -1.479E+01 -3.305E+00
  1.8377250E+04 -1.200E+01 -1.263E+01 -6.274E+00
  1.8377750E+04 -1.206E+01 -1.286E+01 -7.183E+00
  1.8378250E+04 -1.171E+01 -1.261E+01 -7.605E+00
  1.8378750E+04 -1.245E+01 -1.281E+01 -5.431E+00
  1.8379250E+04 -1.306E+01 -1.349E+01 -5.519E+00
  1.8379750E+04 -1.260E+01 -1.371E+01 -8.627E+00
  1.8380250E+04 -1.229E+01 -1.283E+01 -5.984E+00
  1.8380750E+04 -1.466E+01 -1.500E+01 -5.692E+00
  1.8381250E+04 -1.174E+01 -1.263E+01 -7.378E+00
  1.8381750E+04 -1.204E+01 -1.247E+01 -5.654E+00
  1.8382250E+04 -1.339E+01 -1.397E+01 -6.542E+00
  1.8382750E+04 -1.213E+01 -1.285E+01 -6.779E+00
  1.8383250E+04 -1.251E+01 -1.279E+01 -4.988E+00
  1.8383750E+04 -1.249E+01 -1.296E+01 -5.834E+00
  1.8384250E+04 -1.221E+01 -1.288E+01 -6.526E+00
  1.8384750E+04 -1.106E+01 -1.134E+01 -4.410E+00
  1.8385250E+04 -1.292E+01 -1.335E+01 -5.600E+00
  1.8385750E+04 -1.191E+01 -1.269E+01 -7.068E+00
  1.8386250E+04 -1.248E+01 -1.315E+01 -6.655E+00
  1.8386750E+04 -1.204E+01 -1.266E+01 -6.426E+00
  1.8387250E+04 -1.306E+01 -1.364E+01 -6.552E+00
  1.8387750E+04 -1.163E+01 -1.216E+01 -5.862E+00
  1.8388250E+04 -1.275E+01 -1.322E+01 -5.795E+00
  1.8388750E+04 -1.231E+01 -1.243E+01 -4.154E+00
  1.8389250E+04 -1.290E+01 -1.309E+01 -4.728E+00
  1.8389750E+04 -1.278E+01 -1.325E+01 -5.779E+00
  1.8390250E+04 -1.127E+01 -1.148E+01 -4.279E+00
  1.8390750E+04 -1.123E+01 -1.174E+01 -5.661E+00
  1.8391250E+04 -1.247E+01 -1.278E+01 -5.027E+00
  1.8391750E+04 -1.181E+01 -1.240E+01 -6.148E+00
  1.8392250E+04 -1.180E+01 -1.253E+01 -6.875E+00
  1.8392750E+04 -1.272E+01 -1.320E+01 -5.847E+00
  1.8393250E+04 -1.278E+01 -1.284E+01 -4.063E+00
  1.8393750E+04 -1.278E+01 -1.300E+01 -4.666E+00
  1.8394250E+04 -1.068E+01 -1.120E+01 -5.602E+00
  1.8394750E+04 -1.199E+01 -1.281E+01 -7.051E+00
  1.8395250E+04 -1.074E+01 -1.150E+01 -6.423E+00
  1.8395750E+04 -1.145E+01 -1.185E+01 -5.250E+00
  1.8396250E+04 -1.108E+01 -1.189E+01 -6.757E+00
  1.8396750E+04 -1.207E+01 -1.297E+01 -7.454E+00
  1.8397250E+04 -1.090E+01 -1.117E+01 -4.486E+00
  1.8397750E+04 -9.812E+00 -1.025E+01 -4.912E+00
  1.8398250E+04 -1.062E+01 -1.113E+01 -5.442E+00
  1.8398750E+04 -1.181E+01 -1.271E+01 -7.350E+00
  1.8399250E+04 -9.988E+00 -1.079E+01 -6.523E+00
  1.8399750E+04 -1.107E+01 -1.176E+01 -6.252E+00
  1.8400250E+04 -1.105E+01 -1.194E+01 -7.296E+00
  1.8400750E+04 -1.227E+01 -1.268E+01 -5.458E+00
  1.8401250E+04 -1.146E+01 -1.143E+01 -3.360E+00
  1.8401750E+04 -1.133E+01 -1.185E+01 -5.482E+00
  1.8402250E+04 -1.141E+01 -1.164E+01 -4.291E+00
  1.8402750E+04 -1.121E+01 -1.175E+01 -5.956E+00
  1.8403250E+04 -1.149E+01 -1.213E+01 -6.223E+00
  1.8403750E+04 -1.158E+01 -1.210E+01 -5.649E+00
  1.8404250E+04 -1.081E+01 -1.092E+01 -3.851E+00
  1.8404750E+04 -1.148E+01 -1.172E+01 -4.420E+00
  1.8405250E+04 -1.061E+01 -1.112E+01 -5.317E+00
  1.8405750E+04 -9.767E+00 -1.023E+01 -4.958E+00
  1.8406250E+04 -1.188E+01 -1.199E+01 -3.973E+00
  1.8406750E+04 -1.240E+01 -1.248E+01 -3.949E+00
  1.8407250E+04 -1.073E+01 -1.114E+01 -5.071E+00
  1.8407750E+04 -9.905E+00 -1.056E+01 -5.914E+00
  1.8408250E+04 -1.133E+01 -1.157E+01 -4.270E+00
  1.8408750E+04 -1.217E+01 -1.255E+01 -5.191E+00
  1.8409250E+04 -1.002E+01 -1.029E+01 -4.127E+00
  1.8409750E+04 -9.378E+00 -9.981E+00 -5.458E+00
  1.8410250E+04 -9.590E+00 -9.780E+00 -3.839E+00
  1.8410750E+04 -1.013E+01 -1.051E+01 -4.788E+00
  1.8411250E+04 -1.153E+01 -1.161E+01 -3.621E+00
  1.8411750E+04 -1.095E+01 -1.145E+01 -5.469E+00
  1.8412250E+04 -9.930E+00 -1.053E+01 -5.680E+00
  1.8412750E+04 -9.382E+00 -9.921E+00 -5.224E+00
  1.8413250E+04 -1.019E+01 -1.055E+01 -4.464E+00
  1.8413750E+04 -1.029E+01 -1.051E+01 -4.021E+00
  1.8414250E+04 -1.080E+01 -1.109E+01 -4.495E+00
  1.8414750E+04 -1.012E+01 -1.046E+01 -4.577E+00
  1.8415250E+04 -1.024E+01 -1.080E+01 -5.377E+00
  1.8415750E+04 -1.102E+01 -1.113E+01 -3.876E+00
  1.8416250E+04 -1.108E+01 -1.136E+01 -4.506E+00
  1.8416750E+04 -9.983E+00 -1.016E+01 -3.661E+00
  1.8417250E+04 -9.303E+00 -9.909E+00 -5.506E+00
  1.8417750E+04 -1.120E+01 -1.185E+01 -5.854E+00
  1.8418250E+04 -1.015E+01 -1.067E+01 -5.492E+00
  1.8418750E+04 -8.674E+00 -9.098E+00 -4.690E+00
  1.8419250E+04 -9.939E+00 -1.071E+01 -6.339E+00
  1.8419750E+04 -9.574E+00 -9.917E+00 -4.345E+00
  1.8420250E+04 -1.068E+01 -1.141E+01 -6.199E+00
  1.8420750E+04 -1.050E+01 -1.118E+01 -6.131E+00
  1.8421250E+04 -1.090E+01 -1.099E+01 -3.542E+00
  1.8421750E+04 -1.063E+01 -1.133E+01 -6.261E+00
  1.8422250E+04 -9.700E+00 -1.034E+01 -5.627E+00
  1.8422750E+04 -1.003E+01 -1.057E+01 -5.259E+00
  1.8423250E+04 -1.008E+01 -1.039E+01 -4.315E+00
  1.8423750E+04 -1.016E+01 -1.058E+01 -4.878E+00
  1.8424250E+04 -9.855E+00 -1.012E+01 -4.113E+00
  1.8424750E+04 -7.753E+00 -8.056E+00 -3.741E+00
  1.8425250E+04 -9.710E+00 -9.908E+00 -3.710E+00
  1.8425750E+04 -9.728E+00 -9.973E+00 -3.855E+00
  1.8426250E+04 -9.048E+00 -9.364E+00 -3.987E+00
  1.8426750E+04 -9.643E+00 -1.033E+01 -5.771E+00
  1.8427250E+04 -9.834E+00 -1.003E+01 -3.722E+00
  1.8427750E+04 -8.980E+00 -9.704E+00 -5.970E+00
  1.8428250E+04 -8.861E+00 -9.646E+00 -5.962E+00
  1.8428750E+04 -9.740E+00 -9.938E+00 -3.780E+00
  1.8429250E+04 -9.599E+00 -9.948E+00 -4.485E+00
  1.8429750E+04 -9.679E+00 -9.969E+00 -4.260E+00
  1.8430250E+04 -9.776E+00 -1.041E+01 -5.550E+00
  1.8430750E+04 -9.577E+00 -9.774E+00 -3.876E+00
  1.8431250E+04 -8.526E+00 -8.812E+00 -3.729E+00
  1.8431750E+04 -7.492E+00 -8.068E+00 -4.866E+00
  1.8432250E+04 -9.498E+00 -9.725E+00 -3.868E+00
  1.8432750E+04 -9.514E+00 -9.640E+00 -3.356E+00
  1.8433250E+04 -8.791E+00 -9.073E+00 -3.942E+00
  1.8433750E+04 -9.644E+00 -1.018E+01 -5.316E+00
  1.8434250E+04 -9.603E+00 -1.030E+01 -5.639E+00
  1.8434750E+04 -9.316E+00 -9.824E+00 -5.094E+00
  1.8435250E+04 -9.033E+00 -9.394E+00 -4.243E+00
  1.8435750E+04 -8.488E+00 -9.124E+00 -5.347E+00
  1.8436250E+04 -9.799E+00 -1.008E+01 -3.831E+00
  1.8436750E+04 -9.556E+00 -9.839E+00 -4.131E+00
  1.8437250E+04 -8.106E+00 -8.539E+00 -4.421E+00
  1.8437750E+04 -9.922E+00 -1.058E+01 -6.015E+00
  1.8438250E+04 -9.306E+00 -9.375E+00 -3.066E+00
  1.8438750E+04 -9.167E+00 -9.417E+00 -3.644E+00
  1.8439250E+04 -1.017E+01 -1.027E+01 -3.413E+00
  1.8439750E+04 -9.661E+00 -9.991E+00 -4.440E+00
  1.8440250E+04 -9.896E+00 -1.042E+01 -5.009E+00
  1.8440750E+04 -9.255E+00 -9.778E+00 -4.808E+00
  1.8441250E+04 -7.981E+00 -8.517E+00 -4.583E+00
  1.8441750E+04 -7.344E+00 -7.750E+00 -4.051E+00
  1.8442250E+04 -8.758E+00 -9.148E+00 -4.469E+00
  1.8442750E+04 -8.075E+00 -8.531E+00 -4.375E+00
  1.8443250E+04 -8.080E+00 -8.531E+00 -4.331E+00
  1.8443750E+04 -8.979E+00 -9.427E+00 -4.530E+00
  1.8444250E+04 -8.092E+00 -8.474E+00 -4.236E+00
  1.8444750E+04 -8.522E+00 -8.809E+00 -3.785E+00
  1.8445250E+04 -9.178E+00 -9.383E+00 -3.573E+00
  1.8445750E+04 -8.129E+00 -8.674E+00 -4.655E+00
  1.8446250E+04 -7.670E+00 -7.816E+00 -2.915E+00
  1.8446750E+04 -9.454E+00 -9.639E+00 -3.602E+00
  1.8447250E+04 -7.236E+00 -7.786E+00 -4.747E+00
  1.8447750E+04 -8.054E+00 -8.268E+00 -3.413E+00
  1.8448250E+04 -9.359E+00 -9.466E+00 -3.283E+00
  1.8448750E+04 -8.129E+00 -8.587E+00 -4.509E+00
  1.8449250E+04 -8.087E+00 -8.508E+00 -4.468E+00
  1.8449750E+04 -9.020E+00 -9.579E+00 -4.957E+00
  1.8450250E+04 -7.955E+00 -8.492E+00 -4.838E+00
  1.8450750E+04 -8.147E+00 -8.508E+00 -3.902E+00
  1.8451250E+04 -8.498E+00 -9.041E+00 -4.595E+00
  1.8451750E+04 -8.599E+00 -8.803E+00 -3.390E+00
  1.8452250E+04 -6.627E+00 -7.121E+00 -4.274E+00
  1.8452750E+04 -9.088E+00 -9.335E+00 -3.747E+00
  1.8453250E+04 -8.096E+00 -8.544E+00 -4.152E+00
  1.8453750E+04 -8.002E+00 -8.625E+00 -5.122E+00
  1.8454250E+04 -8.777E+00 -8.952E+00 -3.637E+00
  1.8454750E+04 -9.025E+00 -9.304E+00 -3.963E+00
  1.8455250E+04 -7.661E+00 -8.228E+00 -4.790E+00
  1.8455750E+04 -8.096E+00 -8.363E+00 -3.426E+00
  1.8456250E+04 -8.903E+00 -9.159E+00 -3.453E+00
  1.8456750E+04 -8.011E+00 -8.102E+00 -2.896E+00
  1.8457250E+04 -8.411E+00 -8.580E+00 -3.224E+00
  1.8457750E+04 -7.674E+00 -8.091E+00 -4.060E+00
  1.8458250E+04 -7.169E+00 -7.695E+00 -4.467E+00
  1.8458750E+04 -5.930E+00 -6.406E+00 -3.965E+00
  1.8459250E+04 -8.172E+00 -8.762E+00 -5.024E+00
  1.8459750E+04 -8.499E+00 -8.977E+00 -4.422E+00
  1.8460250E+04 -8.532E+00 -8.938E+00 -4.381E+00
  1.8460750E+04 -7.737E+00 -8.063E+00 -3.887E+00
  1.8461250E+04 -7.976E+00 -8.499E+00 -4.549E+00
  1.8461750E+04 -7.025E+00 -7.472E+00 -3.859E+00
  1.8462250E+04 -8.356E+00 -8.878E+00 -4.589E+00
  1.8462750E+04 -7.450E+00 -7.863E+00 -4.049E+00
  1.8463250E+04 -7.980E+00 -8.067E+00 -2.680E+00
  1.8463750E+04 -7.995E+00 -8.586E+00 -4.855E+00
  1.8464250E+04 -7.393E+00 -7.762E+00 -3.727E+00
  1.8464750E+04 -7.432E+00 -7.665E+00 -3.291E+00
  1.8465250E+04 -9.114E+00 -9.187E+00 -2.998E+00
  1.8465750E+04 -7.654E+00 -7.992E+00 -3.756E+00
  1.8466250E+04 -7.234E+00 -7.622E+00 -3.957E+00
  1.8466750E+04 -7.196E+00 -7.677E+00 -4.214E+00
  1.8467250E+04 -8.152E+00 -8.607E+00 -4.234E+00
  1.8467750E+04 -7.211E+00 -7.608E+00 -3.885E+00
  1.8468250E+04 -7.279E+00 -7.864E+00 -4.768E+00
  1.8468750E+04 -7.733E+00 -8.134E+00 -4.106E+00
  1.8469250E+04 -6.552E+00 -6.734E+00 -2.746E+00
  1.8469750E+04 -6.538E+00 -6.992E+00 -3.821E+00
  1.8470250E+04 -7.276E+00 -7.854E+00 -4.738E+00
  1.8470750E+04 -7.776E+00 -8.061E+00 -3.511E+00
  1.8471250E+04 -7.664E+00 -7.949E+00 -3.450E+00
  1.8471750E+04 -7.701E+00 -8.214E+00 -4.511E+00
  1.8472250E+04 -7.200E+00 -7.522E+00 -3.546E+00
  1.8472750E+04 -6.747E+00 -7.104E+00 -3.745E+00
  1.8473250E+04 -7.497E+00 -7.465E+00 -2.061E+00
  1.8473750E+04 -8.242E+00 -8.338E+00 -2.712E+00
  1.8474250E+04 -6.746E+00 -7.231E+00 -4.165E+00
  1.8474750E+04 -6.201E+00 -6.624E+00 -3.756E+00
  1.8475250E+04 -6.622E+00 -7.080E+00 -4.063E+00
  1.8475750E+04 -7.522E+00 -7.759E+00 -3.331E+00
  1.8476250E+04 -6.747E+00 -7.194E+00 -3.995E+00
  1.8476750E+04 -7.685E+00 -8.054E+00 -3.969E+00
  1.8477250E+04 -7.077E+00 -7.523E+00 -4.099E+00
  1.8477750E+04 -7.605E+00 -7.867E+00 -3.313E+00
  1.8478250E+04 -8.292E+00 -8.436E+00 -3.003E+00
  1.8478750E+04 -7.530E+00 -7.792E+00 -3.431E+00
  1.8479250E+04 -7.356E+00 -7.813E+00 -4.021E+00
  1.8479750E+04 -7.638E+00 -7.981E+00 -3.706E+00
  1.8480250E+04 -6.650E+00 -7.116E+00 -4.015E+00
  1.8480750E+04 -6.492E+00 -6.625E+00 -2.603E+00
  1.8481250E+04 -6.540E+00 -6.737E+00 -2.929E+00
  1.8481750E+04 -6.901E+00 -7.186E+00 -3.325E+00
  1.8482250E+04 -6.997E+00 -7.311E+00 -3.447E+00
  1.8482750E+04 -6.622E+00 -6.685E+00 -2.259E+00
  1.8483250E+04 -6.922E+00 -7.245E+00 -3.549E+00
  1.8483750E+04 -7.296E+00 -7.472E+00 -2.816E+00
  1.8484250E+04 -7.808E+00 -8.355E+00 -4.738E+00
  1.8484750E+04 -6.188E+00 -6.599E+00 -3.627E+00
  1.8485250E+04 -7.625E+00 -7.530E+00 -1.898E+00
  1.8485750E+04 -6.409E+00 -6.751E+00 -3.494E+00
  1.8486250E+04 -6.327E+00 -6.594E+00 -3.109E+00
  1.8486750E+04 -5.801E+00 -6.101E+00 -3.093E+00
  1.8487250E+04 -6.324E+00 -6.461E+00 -2.530E+00
  1.8487750E+04 -6.862E+00 -7.424E+00 -4.478E+00
  1.8488250E+04 -6.231E+00 -6.765E+00 -4.380E+00
  1.8488750E+04 -6.943E+00 -7.054E+00 -2.812E+00
  1.8489250E+04 -7.504E+00 -7.282E+00 -1.225E+00
  1.8489750E+04 -5.646E+00 -5.675E+00 -1.789E+00
  1.8490250E+04 -6.751E+00 -7.266E+00 -4.142E+00
  1.8490750E+04 -7.270E+00 -7.583E+00 -3.359E+00
  1.8491250E+04 -6.859E+00 -7.338E+00 -4.076E+00
  1.8491750E+04 -6.571E+00 -6.990E+00 -3.829E+00
  1.8492250E+04 -6.179E+00 -6.388E+00 -2.838E+00
  1.8492750E+04 -7.094E+00 -7.233E+00 -2.753E+00
  1.8493250E+04 -6.257E+00 -6.455E+00 -2.842E+00
  1.8493750E+04 -6.096E+00 -6.344E+00 -3.208E+00
  1.8494250E+04 -6.330E+00 -6.802E+00 -4.110E+00
  1.8494750E+04 -6.798E+00 -7.409E+00 -4.627E+00
  1.8495250E+04 -6.802E+00 -6.969E+00 -2.645E+00
  1.8495750E+04 -6.717E+00 -6.931E+00 -2.770E+00
  1.8496250E+04 -6.625E+00 -6.642E+00 -1.921E+00
  1.8496750E+04 -6.161E+00 -6.637E+00 -3.869E+00
  1.8497250E+04 -5.943E+00 -6.197E+00 -3.133E+00
  1.8497750E+04 -6.722E+00 -7.089E+00 -3.628E+00
  1.8498250E+04 -6.456E+00 -6.662E+00 -2.900E+00
  1.8498750E+04 -6.067E+00 -6.211E+00 -2.531E+00
  1.8499250E+04 -6.675E+00 -7.151E+00 -4.188E+00
  1.8499750E+04 -6.855E+00 -7.252E+00 -3.785E+00
  1.8500250E+04 -6.113E+00 -6.529E+00 -3.462E+00
  1.8500750E+04 -5.955E+00 -6.203E+00 -2.877E+00
  1.8501250E+04 -7.417E+00 -7.716E+00 -3.318E+00
  1.8501750E+04 -6.873E+00 -7.100E+00 -2.987E+00
  1.8502250E+04 -6.540E+00 -6.761E+00 -2.854E+00
  1.8502750E+04 -6.015E+00 -6.069E+00 -2.075E+00
  1.8503250E+04 -5.674E+00 -5.896E+00 -2.518E+00
  1.8503750E+04 -6.897E+00 -7.343E+00 -4.028E+00
  1.8504250E+04 -6.785E+00 -7.324E+00 -4.385E+00
  1.8504750E+04 -5.794E+00 -6.080E+00 -2.908E+00
  1.8505250E+04 -5.260E+00 -5.621E+00 -3.123E+00
  1.8505750E+04 -5.885E+00 -6.388E+00 -3.879E+00
  1.8506250E+04 -5.876E+00 -5.939E+00 -2.049E+00
  1.8506750E+04 -6.432E+00 -6.455E+00 -1.935E+00
  1.8507250E+04 -5.680E+00 -5.965E+00 -2.837E+00
  1.8507750E+04 -5.293E+00 -5.735E+00 -3.632E+00
  1.8508250E+04 -6.597E+00 -6.916E+00 -3.427E+00
  1.8508750E+04 -5.815E+00 -6.154E+00 -3.321E+00
  1.8509250E+04 -5.866E+00 -6.123E+00 -3.020E+00
  1.8509750E+04 -5.220E+00 -5.652E+00 -3.501E+00
  1.8510250E+04 -5.298E+00 -5.659E+00 -3.007E+00
  1.8510750E+04 -6.335E+00 -6.638E+00 -3.119E+00
  1.8511250E+04 -6.676E+00 -6.920E+00 -3.023E+00
  1.8511750E+04 -6.543E+00 -6.572E+00 -1.969E+00
  1.8512250E+04 -6.149E+00 -6.365E+00 -2.927E+00
  1.8512750E+04 -6.446E+00 -6.792E+00 -3.283E+00
  1.8513250E+04 -5.891E+00 -6.197E+00 -3.266E+00
  1.8513750E+04 -6.274E+00 -6.629E+00 -3.228E+00
  1.8514250E+04 -6.283E+00 -6.215E+00 -1.415E+00
  1.8514750E+04 -4.917E+00 -5.377E+00 -3.684E+00
  1.8515250E+04 -5.617E+00 -5.710E+00 -2.093E+00
  1.8515750E+04 -6.252E+00 -6.357E+00 -2.170E+00
  1.8516250E+04 -4.952E+00 -5.352E+00 -3.379E+00
  1.8516750E+04 -6.486E+00 -6.750E+00 -3.089E+00
  1.8517250E+04 -5.942E+00 -6.358E+00 -3.593E+00
  1.8517750E+04 -4.991E+00 -5.045E+00 -1.838E+00
  1.8518250E+04 -5.875E+00 -6.217E+00 -3.187E+00
  1.8518750E+04 -6.601E+00 -6.797E+00 -2.824E+00
  1.8519250E+04 -5.447E+00 -5.743E+00 -3.005E+00
  1.8519750E+04 -6.171E+00 -6.280E+00 -2.318E+00
  1.8520250E+04 -5.903E+00 -5.858E+00 -1.580E+00
  1.8520750E+04 -5.504E+00 -5.943E+00 -3.360E+00
  1.8521250E+04 -5.446E+00 -5.883E+00 -3.548E+00
  1.8521750E+04 -5.675E+00 -6.118E+00 -3.583E+00
  1.8522250E+04 -5.873E+00 -6.355E+00 -3.873E+00
  1.8522750E+04 -4.825E+00 -5.161E+00 -2.944E+00
  1.8523250E+04 -5.917E+00 -6.097E+00 -2.601E+00
  1.8523750E+04 -5.783E+00 -5.887E+00 -2.184E+00
  1.8524250E+04 -5.254E+00 -5.437E+00 -2.502E+00
  1.8524750E+04 -5.637E+00 -5.835E+00 -2.557E+00
  1.8525250E+04 -5.137E+00 -5.350E+00 -2.425E+00
  1.8525750E+04 -5.527E+00 -5.758E+00 -2.663E+00
  1.8526250E+04 -5.552E+00 -5.919E+00 -3.165E+00
  1.8526750E+04 -5.661E+00 -5.927E+00 -2.810E+00
  1.8527250E+04 -6.298E+00 -6.312E+00 -1.962E+00
  1.8527750E+04 -5.393E+00 -5.526E+00 -2.516E+00
  1.8528250E+04 -5.475E+00 -5.723E+00 -3.001E+00
  1.8528750E+04 -4.638E+00 -4.756E+00 -1.670E+00
  1.8529250E+04 -5.006E+00 -5.172E+00 -2.019E+00
  1.8529750E+04 -5.042E+00 -5.319E+00 -2.741E+00
  1.8530250E+04 -5.083E+00 -5.402E+00 -2.975E+00
  1.8530750E+04 -5.451E+00 -5.803E+00 -3.181E+00
  1.8531250E+04 -4.771E+00 -5.209E+00 -3.394E+00
  1.8531750E+04 -5.690E+00 -5.846E+00 -2.324E+00
  1.8532250E+04 -5.621E+00 -5.718E+00 -2.181E+00
  1.8532750E+04 -5.790E+00 -6.182E+00 -3.228E+00
  1.8533250E+04 -4.094E+00 -4.338E+00 -2.246E+00
  1.8533750E+04 -5.141E+00 -5.339E+00 -2.533E+00
  1.8534250E+04 -4.333E+00 -4.777E+00 -3.301E+00
  1.8534750E+04 -6.414E+00 -6.605E+00 -2.756E+00
  1.8535250E+04 -5.607E+00 -6.055E+00 -3.553E+00
  1.8535750E+04 -5.120E+00 -5.275E+00 -2.174E+00
  1.8536250E+04 -5.182E+00 -5.458E+00 -2.761E+00
  1.8536750E+04 -5.812E+00 -5.703E+00 -1.210E+00
  1.8537250E+04 -5.194E+00 -5.701E+00 -3.633E+00
  1.8537750E+04 -4.891E+00 -5.269E+00 -3.248E+00
  1.8538250E+04 -4.852E+00 -5.096E+00 -2.462E+00
  1.8538750E+04 -5.297E+00 -5.485E+00 -2.303E+00
  1.8539250E+04 -5.300E+00 -5.505E+00 -2.708E+00
  1.8539750E+04 -5.875E+00 -6.161E+00 -2.956E+00
  1.8540250E+04 -4.864E+00 -5.298E+00 -3.418E+00
  1.8540750E+04 -5.726E+00 -5.801E+00 -1.921E+00
  1.8541250E+04 -4.834E+00 -4.954E+00 -1.975E+00
  1.8541750E+04 -4.917E+00 -5.044E+00 -2.000E+00
  1.8542250E+04 -4.832E+00 -5.240E+00 -3.237E+00
  1.8542750E+04 -4.144E+00 -4.311E+00 -2.023E+00
  1.8543250E+04 -4.757E+00 -4.950E+00 -2.232E+00
  1.8543750E+04 -5.404E+00 -5.559E+00 -2.293E+00
  1.8544250E+04 -4.618E+00 -4.927E+00 -2.725E+00
  1.8544750E+04 -5.275E+00 -5.951E+00 -4.504E+00
  1.8545250E+04 -5.117E+00 -5.383E+00 -2.664E+00
  1.8545750E+04 -4.675E+00 -4.868E+00 -2.368E+00
  1.8546250E+04 -5.140E+00 -5.419E+00 -2.762E+00
  1.8546750E+04 -4.828E+00 -5.017E+00 -2.364E+00
  1.8547250E+04 -4.683E+00 -4.923E+00 -2.530E+00
  1.8547750E+04 -4.758E+00 -4.956E+00 -2.198E+00
  1.8548250E+04 -5.019E+00 -5.249E+00 -2.454E+00
  1.8548750E+04 -5.199E+00 -5.493E+00 -2.759E+00
  1.8549250E+04 -3.970E+00 -4.032E+00 -1.492E+00
  1.8549750E+04 -4.292E+00 -4.480E+00 -2.220E+00
  1.8550250E+04 -4.986E+00 -5.141E+00 -2.150E+00
  1.8550750E+04 -4.943E+00 -5.196E+00 -2.755E+00
  1.8551250E+04 -5.507E+00 -5.747E+00 -2.832E+00
  1.8551750E+04 -4.518E+00 -4.594E+00 -1.898E+00
  1.8552250E+04 -4.458E+00 -4.563E+00 -1.833E+00
  1.8552750E+04 -5.149E+00 -5.417E+00 -2.633E+00
  1.8553250E+04 -5.030E+00 -5.485E+00 -3.447E+00
  1.8553750E+04 -5.014E+00 -4.933E+00 -1.306E+00
  1.8554250E+04 -4.710E+00 -4.801E+00 -2.007E+00
  1.8554750E+04 -4.365E+00 -4.431E+00 -1.403E+00
  1.8555250E+04 -3.319E+00 -3.380E+00 -1.412E+00
  1.8555750E+04 -4.271E+00 -4.496E+00 -2.191E+00
  1.8556250E+04 -5.310E+00 -5.661E+00 -3.056E+00
  1.8556750E+04 -4.017E+00 -4.392E+00 -2.770E+00
  1.8557250E+04 -4.910E+00 -5.077E+00 -1.981E+00
  1.8557750E+04 -4.750E+00 -4.970E+00 -2.363E+00
  1.8558250E+04 -5.196E+00 -5.308E+00 -2.257E+00
  1.8558750E+04 -4.308E+00 -4.759E+00 -3.228E+00
  1.8559250E+04 -4.441E+00 -5.001E+00 -3.858E+00
  1.8559750E+04 -4.840E+00 -4.943E+00 -1.735E+00
  1.8560250E+04 -3.582E+00 -3.783E+00 -2.040E+00
  1.8560750E+04 -4.172E+00 -4.382E+00 -2.207E+00
  1.8561250E+04 -4.096E+00 -4.372E+00 -2.405E+00
  1.8561750E+04 -4.843E+00 -4.991E+00 -2.044E+00
  1.8562250E+04 -4.918E+00 -5.011E+00 -1.994E+00
  1.8562750E+04 -4.842E+00 -5.484E+00 -4.143E+00
  1.8563250E+04 -5.037E+00 -5.467E+00 -3.339E+00
  1.8563750E+04 -5.220E+00 -5.473E+00 -2.630E+00
  1.8564250E+04 -4.794E+00 -5.137E+00 -2.987E+00
  1.8564750E+04 -3.653E+00 -4.139E+00 -3.248E+00
  1.8565250E+04 -4.171E+00 -4.450E+00 -2.257E+00
  1.8565750E+04 -4.574E+00 -4.613E+00 -1.464E+00
  1.8566250E+04 -5.463E+00 -5.465E+00 -1.601E+00
  1.8566750E+04 -3.868E+00 -4.036E+00 -1.924E+00
  1.8567250E+04 -4.657E+00 -4.736E+00 -1.705E+00
  1.8567750E+04 -4.598E+00 -4.668E+00 -1.613E+00
  1.8568250E+04 -4.331E+00 -4.545E+00 -2.196E+00
  1.8568750E+04 -4.181E+00 -4.584E+00 -3.013E+00
  1.8569250E+04 -4.003E+00 -4.022E+00 -1.330E+00
  1.8569750E+04 -4.312E+00 -4.567E+00 -2.418E+00
  1.8570250E+04 -4.239E+00 -4.294E+00 -1.588E+00
  1.8570750E+04 -4.844E+00 -4.854E+00 -1.455E+00
  1.8571250E+04 -4.338E+00 -4.515E+00 -2.006E+00
  1.8571750E+04 -3.587E+00 -3.947E+00 -2.804E+00
  1.8572250E+04 -4.435E+00 -4.381E+00 -1.054E+00
  1.8572750E+04 -3.765E+00 -3.966E+00 -1.932E+00
  1.8573250E+04 -4.464E+00 -4.806E+00 -2.835E+00
  1.8573750E+04 -5.047E+00 -5.177E+00 -1.961E+00
  1.8574250E+04 -4.170E+00 -4.331E+00 -1.892E+00
  1.8574750E+04 -4.256E+00 -4.578E+00 -2.746E+00
  1.8575250E+04 -3.859E+00 -4.089E+00 -2.368E+00
  1.8575750E+04 -4.848E+00 -5.211E+00 -2.687E+00
  1.8576250E+04 -5.096E+00 -5.246E+00 -2.011E+00
  1.8576750E+04 -3.628E+00 -3.885E+00 -2.207E+00
  1.8577250E+04 -5.096E+00 -5.314E+00 -2.491E+00
  1.8577750E+04 -2.905E+00 -3.094E+00 -1.888E+00
  1.8578250E+04 -3.524E+00 -3.838E+00 -2.699E+00
  1.8578750E+04 -3.982E+00 -4.325E+00 -2.734E+00
  1.8579250E+04 -4.085E+00 -4.063E+00 -1.053E+00
  1.8579750E+04 -4.917E+00 -4.905E+00 -1.507E+00
  1.8580250E+04 -4.186E+00 -4.247E+00 -2.133E+00
  1.8580750E+04 -4.569E+00 -4.635E+00 -1.697E+00
  1.8581250E+04 -4.074E+00 -4.240E+00 -1.763E+00
  1.8581750E+04 -3.954E+00 -4.090E+00 -1.682E+00
  1.8582250E+04 -4.309E+00 -4.597E+00 -2.560E+00
  1.8582750E+04 -4.051E+00 -4.331E+00 -2.460E+00
  1.8583250E+04 -3.847E+00 -4.273E+00 -2.872E+00
  1.8583750E+04 -3.642E+00 -3.965E+00 -2.565E+00
  1.8584250E+04 -4.441E+00 -4.741E+00 -2.670E+00
  1.8584750E+04 -4.215E+00 -4.297E+00 -1.636E+00
  1.8585250E+04 -4.315E+00 -4.515E+00 -2.037E+00
  1.8585750E+04 -4.141E+00 -4.336E+00 -2.135E+00
  1.8586250E+04 -3.894E+00 -3.968E+00 -1.406E+00
  1.8586750E+04 -4.201E+00 -4.225E+00 -1.267E+00
  1.8587250E+04 -3.740E+00 -4.087E+00 -2.716E+00
  1.8587750E+04 -3.816E+00 -4.092E+00 -2.328E+00
  1.8588250E+04 -3.833E+00 -4.232E+00 -2.762E+00
  1.8588750E+04 -3.869E+00 -4.158E+00 -2.403E+00
  1.8589250E+04 -3.441E+00 -3.523E+00 -1.540E+00
  1.8589750E+04 -4.652E+00 -4.623E+00 -1.220E+00
  1.8590250E+04 -4.249E+00 -4.411E+00 -1.864E+00
  1.8590750E+04 -3.397E+00 -3.537E+00 -1.922E+00
  1.8591250E+04 -4.129E+00 -4.378E+00 -2.436E+00
  1.8591750E+04 -3.190E+00 -3.542E+00 -2.245E+00
  1.8592250E+04 -3.581E+00 -4.149E+00 -2.846E+00
  1.8592750E+04 -3.836E+00 -3.882E+00 -1.480E+00
  1.8593250E+04 -3.572E+00 -3.590E+00 -1.223E+00
  1.8593750E+04 -4.330E+00 -4.470E+00 -2.133E+00
  1.8594250E+04 -4.200E+00 -4.211E+00 -1.434E+00
  1.8594750E+04 -3.506E+00 -3.622E+00 -1.630E+00
  1.8595250E+04 -4.306E+00 -4.303E+00 -1.140E+00
  1.8595750E+04 -4.251E+00 -4.289E+00 -1.513E+00
  1.8596250E+04 -3.057E+00 -3.472E+00 -2.618E+00
  1.8596750E+04 -2.162E+00 -2.541E+00 -2.241E+00
  1.8597250E+04 -4.092E+00 -4.161E+00 -1.435E+00
  1.8597750E+04 -3.956E+00 -4.202E+00 -2.233E+00
  1.8598250E+04 -4.081E+00 -4.367E+00 -2.644E+00
  1.8598750E+04 -3.927E+00 -4.242E+00 -2.697E+00
  1.8599250E+04 -4.171E+00 -4.384E+00 -2.149E+00
  1.8599750E+04 -4.457E+00 -4.678E+00 -2.182E+00
  1.8600250E+04 -4.280E+00 -4.265E+00 -1.266E+00
  1.8600750E+04 -3.782E+00 -3.939E+00 -1.668E+00
  1.8601250E+04 -2.999E+00 -3.202E+00 -1.850E+00
  1.8601750E+04 -3.695E+00 -3.761E+00 -1.870E+00
  1.8602250E+04 -2.922E+00 -3.021E+00 -1.662E+00
  1.8602750E+04 -4.768E+00 -4.901E+00 -1.877E+00
  1.8603250E+04 -3.876E+00 -3.880E+00 -1.614E+00
  1.8603750E+04 -3.943E+00 -3.972E+00 -1.330E+00
  1.8604250E+04 -3.521E+00 -3.668E+00 -1.565E+00
  1.8604750E+04 -3.320E+00 -3.323E+00 -1.016E+00
  1.8605250E+04 -4.197E+00 -4.325E+00 -1.859E+00
  1.8605750E+04 -3.895E+00 -4.081E+00 -1.974E+00
  1.8606250E+04 -3.085E+00 -3.483E+00 -2.369E+00
  1.8606750E+04 -3.740E+00 -3.847E+00 -1.677E+00
  1.8607250E+04 -3.900E+00 -4.080E+00 -1.825E+00
  1.8607750E+04 -3.650E+00 -3.887E+00 -2.271E+00
  1.8608250E+04 -3.370E+00 -3.729E+00 -2.593E+00
  1.8608750E+04 -3.745E+00 -3.680E+00 -6.838E-01
  1.8609250E+04 -4.158E+00 -4.229E+00 -1.697E+00
  1.8609750E+04 -4.102E+00 -4.344E+00 -2.338E+00
  1.8610250E+04 -4.255E+00 -4.622E+00 -2.811E+00
  1.8610750E+04 -3.374E+00 -3.662E+00 -1.911E+00
  1.8611250E+04 -4.289E+00 -4.673E+00 -2.644E+00
  1.8611750E+04 -3.534E+00 -3.522E+00 -1.093E+00
  1.8612250E+04 -3.056E+00 -3.096E+00 -1.168E+00
  1.8612750E+04 -3.608E+00 -3.736E+00 -1.466E+00
  1.8613250E+04 -3.743E+00 -4.013E+00 -2.373E+00
  1.8613750E+04 -3.796E+00 -4.036E+00 -2.178E+00
  1.8614250E+04 -3.622E+00 -3.939E+00 -2.432E+00
  1.8614750E+04 -3.631E+00 -3.944E+00 -2.336E+00
  1.8615250E+04 -3.370E+00 -3.688E+00 -2.297E+00
  1.8615750E+04 -3.424E+00 -3.602E+00 -1.877E+00
  1.8616250E+04 -3.036E+00 -3.092E+00 -1.228E+00
  1.8616750E+04 -2.978E+00 -3.211E+00 -2.103E+00
  1.8617250E+04 -3.672E+00 -3.868E+00 -2.171E+00
  1.8617750E+04 -3.200E+00 -3.259E+00 -1.610E+00
  1.8618250E+04 -3.613E+00 -3.851E+00 -2.065E+00
  1.8618750E+04 -2.988E+00 -3.226E+00 -1.722E+00
  1.8619250E+04 -3.296E+00 -3.581E+00 -1.921E+00
  1.8619750E+04 -3.321E+00 -3.381E+00 -1.273E+00
  1.8620250E+04 -3.614E+00 -3.688E+00 -1.487E+00
  1.8620750E+04 -3.987E+00 -4.283E+00 -2.471E+00
  1.8621250E+04 -2.784E+00 -2.897E+00 -1.616E+00
  1.8621750E+04 -3.409E+00 -3.552E+00 -1.675E+00
  1.8622250E+04 -4.393E+00 -4.355E+00 -1.032E+00
  1.8622750E+04 -3.616E+00 -3.905E+00 -2.352E+00
  1.8623250E+04 -3.155E+00 -3.198E+00 -1.260E+00
  1.8623750E+04 -3.401E+00 -3.534E+00 -1.563E+00
  1.8624250E+04 -2.799E+00 -3.168E+00 -2.543E+00
  1.8624750E+04 -2.853E+00 -3.033E+00 -1.672E+00
  1.8625250E+04 -3.255E+00 -3.430E+00 -1.682E+00
  1.8625750E+04 -3.172E+00 -3.246E+00 -1.262E+00
  1.8626250E+04 -3.387E+00 -3.315E+00 -8.552E-01
  1.8626750E+04 -3.896E+00 -3.870E+00 -1.180E+00
  1.8627250E+04 -2.999E+00 -3.150E+00 -1.686E+00
  1.8627750E+04 -3.135E+00 -3.286E+00 -1.727E+00
  1.8628250E+04 -4.049E+00 -4.150E+00 -1.622E+00
  1.8628750E+04 -3.355E+00 -3.351E+00 -1.236E+00
  1.8629250E+04 -2.875E+00 -3.607E+00 -2.464E+00
  1.8629750E+04 -3.523E+00 -3.475E+00 -1.076E+00
  1.8630250E+04 -3.404E+00 -3.561E+00 -1.692E+00
  1.8630750E+04 -2.876E+00 -3.006E+00 -1.288E+00
  1.8631250E+04 -2.928E+00 -3.063E+00 -1.995E+00
  1.8631750E+04 -3.140E+00 -3.371E+00 -1.823E+00
  1.8632250E+04 -3.165E+00 -3.296E+00 -1.477E+00
  1.8632750E+04 -3.257E+00 -3.413E+00 -1.465E+00
  1.8633250E+04 -3.218E+00 -3.400E+00 -1.689E+00
  1.8633750E+04 -2.854E+00 -2.953E+00 -1.523E+00
  1.8634250E+04 -3.583E+00 -3.601E+00 -1.294E+00
  1.8634750E+04 -3.677E+00 -3.824E+00 -1.847E+00
  1.8635250E+04 -3.319E+00 -3.553E+00 -2.001E+00
  1.8635750E+04 -3.920E+00 -3.958E+00 -1.262E+00
  1.8636250E+04 -3.439E+00 -3.556E+00 -1.612E+00
  1.8636750E+04 -2.236E+00 -2.544E+00 -2.089E+00
  1.8637250E+04 -2.835E+00 -3.204E+00 -2.309E+00
  1.8637750E+04 -2.929E+00 -3.059E+00 -1.593E+00
  1.8638250E+04 -2.927E+00 -3.106E+00 -1.838E+00
  1.8638750E+04 -2.710E+00 -2.885E+00 -1.609E+00
  1.8639250E+04 -2.629E+00 -2.531E+00 -4.560E-01
  1.8639750E+04 -3.543E+00 -3.693E+00 -1.643E+00
  1.8640250E+04 -3.138E+00 -3.239E+00 -1.386E+00
  1.8640750E+04 -3.729E+00 -3.935E+00 -2.206E+00
  1.8641250E+04 -3.432E+00 -3.631E+00 -1.885E+00
  1.8641750E+04 -3.140E+00 -3.543E+00 -2.394E+00
  1.8642250E+04 -2.234E+00 -2.451E+00 -1.687E+00
  1.8642750E+04 -2.256E+00 -2.484E+00 -1.708E+00
  1.8643250E+04 -2.805E+00 -3.038E+00 -2.062E+00
  1.8643750E+04 -2.874E+00 -2.972E+00 -1.130E+00
  1.8644250E+04 -3.061E+00 -3.166E+00 -1.467E+00
  1.8644750E+04 -3.195E+00 -3.216E+00 -1.208E+00
  1.8645250E+04 -3.124E+00 -3.174E+00 -1.216E+00
  1.8645750E+04 -3.457E+00 -3.338E+00 -3.765E-01
  1.8646250E+04 -3.209E+00 -3.093E+00 -4.160E-01
  1.8646750E+04 -2.795E+00 -3.057E+00 -1.723E+00
  1.8647250E+04 -3.400E+00 -3.637E+00 -1.906E+00
  1.8647750E+04 -3.047E+00 -3.281E+00 -1.908E+00
  1.8648250E+04 -2.720E+00 -2.987E+00 -2.097E+00
  1.8648750E+04 -2.808E+00 -2.917E+00 -1.392E+00
  1.8649250E+04 -3.068E+00 -3.266E+00 -1.792E+00
  1.8649750E+04 -2.676E+00 -2.765E+00 -1.386E+00
  1.8650250E+04 -3.269E+00 -3.393E+00 -1.516E+00
  1.8650750E+04 -2.433E+00 -2.453E+00 -7.674E-01
  1.8651250E+04 -2.374E+00 -2.489E+00 -1.119E+00
  1.8651750E+04 -2.959E+00 -3.121E+00 -1.516E+00
  1.8652250E+04 -3.242E+00 -3.289E+00 -1.310E+00
  1.8652750E+04 -3.376E+00 -3.499E+00 -1.502E+00
  1.8653250E+04 -3.307E+00 -3.322E+00 -9.177E-01
  1.8653750E+04 -2.371E+00 -2.509E+00 -1.283E+00
  1.8654250E+04 -2.557E+00 -2.787E+00 -1.823E+00
  1.8654750E+04 -2.783E+00 -2.719E+00 -8.322E-01
  1.8655250E+04 -3.017E+00 -3.055E+00 -1.113E+00
  1.8655750E+04 -3.011E+00 -3.251E+00 -1.804E+00
  1.8656250E+04 -2.463E+00 -2.681E+00 -1.661E+00
  1.8656750E+04 -2.803E+00 -3.169E+00 -2.313E+00
  1.8657250E+04 -3.591E+00 -3.763E+00 -1.910E+00
  1.8657750E+04 -3.653E+00 -3.706E+00 -1.366E+00
  1.8658250E+04 -2.548E+00 -2.750E+00 -1.581E+00
  1.8658750E+04 -2.541E+00 -2.490E+00 -8.155E-01
  1.8659250E+04 -2.252E+00 -2.363E+00 -1.232E+00
  1.8659750E+04 -3.135E+00 -3.233E+00 -1.353E+00
  1.8660250E+04 -2.921E+00 -3.058E+00 -1.390E+00
  1.8660750E+04 -2.987E+00 -3.222E+00 -1.974E+00
  1.8661250E+04 -3.333E+00 -3.345E+00 -8.936E-01
  1.8661750E+04 -3.191E+00 -3.243E+00 -1.139E+00
  1.8662250E+04 -2.440E+00 -2.729E+00 -1.846E+00
  1.8662750E+04 -3.005E+00 -3.274E+00 -1.871E+00
  1.8663250E+04 -2.140E+00 -2.297E+00 -1.449E+00
  1.8663750E+04 -2.746E+00 -2.893E+00 -1.519E+00
  1.8664250E+04 -2.924E+00 -3.084E+00 -1.693E+00
  1.8664750E+04 -3.257E+00 -3.388E+00 -1.481E+00
  1.8665250E+04 -2.747E+00 -2.858E+00 -1.489E+00
  1.8665750E+04 -2.609E+00 -2.884E+00 -1.949E+00
  1.8666250E+04 -2.585E+00 -2.806E+00 -1.725E+00
  1.8666750E+04 -3.094E+00 -3.207E+00 -1.388E+00
  1.8667250E+04 -2.993E+00 -2.921E+00 -3.983E-01
  1.8667750E+04 -2.908E+00 -3.043E+00 -1.262E+00
  1.8668250E+04 -2.916E+00 -2.939E+00 -8.837E-01
  1.8668750E+04 -2.760E+00 -2.929E+00 -1.654E+00
  1.8669250E+04 -2.744E+00 -2.841E+00 -1.372E+00
  1.8669750E+04 -3.139E+00 -3.344E+00 -1.253E+00
  1.8670250E+04 -2.962E+00 -3.119E+00 -1.516E+00
  1.8670750E+04 -2.853E+00 -2.914E+00 -1.211E+00
  1.8671250E+04 -2.793E+00 -2.931E+00 -1.476E+00
  1.8671750E+04 -2.975E+00 -3.074E+00 -1.397E+00
  1.8672250E+04 -2.335E+00 -2.572E+00 -1.948E+00
  1.8672750E+04 -2.055E+00 -2.257E+00 -1.483E+00
  1.8673250E+04 -2.538E+00 -2.620E+00 -1.346E+00
  1.8673750E+04 -2.813E+00 -2.961E+00 -1.775E+00
  1.8674250E+04 -2.876E+00 -2.960E+00 -1.174E+00
  1.8674750E+04 -2.573E+00 -2.792E+00 -1.691E+00
  1.8675250E+04 -2.493E+00 -2.735E+00 -1.715E+00
  1.8675750E+04 -2.676E+00 -2.819E+00 -1.356E+00
  1.8676250E+04 -3.158E+00 -3.161E+00 -9.844E-01
  1.8676750E+04 -2.975E+00 -2.940E+00 -8.561E-01
  1.8677250E+04 -2.985E+00 -3.216E+00 -1.771E+00
  1.8677750E+04 -2.157E+00 -2.326E+00 -1.512E+00
  1.8678250E+04 -2.385E+00 -2.410E+00 -8.072E-01
  1.8678750E+04 -3.037E+00 -3.225E+00 -1.999E+00
  1.8679250E+04 -2.309E+00 -2.684E+00 -2.093E+00
  1.8679750E+04 -2.612E+00 -2.440E+00 -3.369E-02
  1.8680250E+04 -1.912E+00 -1.985E+00 -1.010E+00
  1.8680750E+04 -2.968E+00 -3.091E+00 -1.625E+00
  1.8681250E+04 -2.471E+00 -2.577E+00 -1.453E+00
  1.8681750E+04 -2.374E+00 -2.387E+00 -9.593E-01
  1.8682250E+04 -2.226E+00 -2.385E+00 -1.338E+00
  1.8682750E+04 -3.082E+00 -3.144E+00 -1.100E+00
  1.8683250E+04 -2.479E+00 -2.617E+00 -1.343E+00
  1.8683750E+04 -2.738E+00 -2.922E+00 -1.542E+00
  1.8684250E+04 -2.658E+00 -2.878E+00 -1.664E+00
  1.8684750E+04 -2.611E+00 -2.757E+00 -1.409E+00
  1.8685250E+04 -2.752E+00 -2.763E+00 -9.315E-01
  1.8685750E+04 -2.565E+00 -2.732E+00 -1.380E+00
  1.8686250E+04 -2.512E+00 -2.675E+00 -1.543E+00
  1.8686750E+04 -2.450E+00 -2.834E+00 -2.212E+00
  1.8687250E+04 -2.125E+00 -2.240E+00 -1.155E+00
  1.8687750E+04 -2.531E+00 -2.708E+00 -1.802E+00
  1.8688250E+04 -2.381E+00 -2.560E+00 -1.442E+00
  1.8688750E+04 -2.273E+00 -2.575E+00 -1.498E+00
  1.8689250E+04 -2.628E+00 -2.880E+00 -1.330E+00
  1.8689750E+04 -2.660E+00 -2.700E+00 -1.068E+00
  1.8690250E+04 -2.876E+00 -3.077E+00 -1.850E+00
  1.8690750E+04 -2.464E+00 -2.646E+00 -1.524E+00
  1.8691250E+04 -2.731E+00 -2.904E+00 -1.458E+00
  1.8691750E+04 -2.395E+00 -2.613E+00 -1.761E+00
  1.8692250E+04 -1.982E+00 -2.387E+00 -2.429E+00
  1.8692750E+04 -1.695E+00 -1.648E+00 -7.711E-01
  1.8693250E+04 -2.888E+00 -2.947E+00 -9.553E-01
  1.8693750E+04 -2.724E+00 -2.880E+00 -1.537E+00
  1.8694250E+04 -1.983E+00 -2.050E+00 -7.694E-01
  1.8694750E+04 -2.565E+00 -2.575E+00 -8.336E-01
  1.8695250E+04 -2.532E+00 -2.662E+00 -1.519E+00
  1.8695750E+04 -2.564E+00 -2.751E+00 -1.505E+00
  1.8696250E+04 -2.256E+00 -2.429E+00 -1.553E+00
  1.8696750E+04 -2.563E+00 -2.596E+00 -1.088E+00
  1.8697250E+04 -2.659E+00 -2.741E+00 -1.737E+00
  1.8697750E+04 -2.868E+00 -2.868E+00 -9.808E-01
  1.8698250E+04 -2.357E+00 -2.427E+00 -9.378E-01
  1.8698750E+04 -2.301E+00 -2.497E+00 -1.157E+00
  1.8699250E+04 -2.468E+00 -2.619E+00 -1.568E+00
  1.8699750E+04 -1.861E+00 -2.130E+00 -1.552E+00
  1.8700250E+04 -2.455E+00 -2.535E+00 -1.123E+00
  1.8700750E+04 -2.682E+00 -2.771E+00 -1.250E+00
  1.8701250E+04 -2.411E+00 -2.498E+00 -1.226E+00
  1.8701750E+04 -2.136E+00 -2.227E+00 -1.164E+00
  1.8702250E+04 -2.498E+00 -2.588E+00 -1.120E+00
  1.8702750E+04 -2.092E+00 -2.213E+00 -1.161E+00
  1.8703250E+04 -2.647E+00 -2.737E+00 -1.171E+00
  1.8703750E+04 -2.780E+00 -2.814E+00 -9.445E-01
  1.8704250E+04 -2.059E+00 -2.254E+00 -1.322E+00
  1.8704750E+04 -2.100E+00 -2.170E+00 -1.127E+00
  1.8705250E+04 -2.079E+00 -2.354E+00 -1.853E+00
  1.8705750E+04 -2.584E+00 -2.758E+00 -1.381E+00
  1.8706250E+04 -2.195E+00 -2.383E+00 -1.360E+00
  1.8706750E+04 -2.342E+00 -2.410E+00 -1.066E+00
  1.8707250E+04 -2.520E+00 -2.578E+00 -8.160E-01
  1.8707750E+04 -2.123E+00 -2.084E+00 -4.832E-01
  1.8708250E+04 -2.529E+00 -2.465E+00 -9.831E-01
  1.8708750E+04 -2.415E+00 -2.382E+00 -8.880E-01
  1.8709250E+04 -2.436E+00 -2.542E+00 -1.097E+00
  1.8709750E+04 -2.126E+00 -2.377E+00 -1.628E+00
  1.8710250E+04 -1.839E+00 -1.917E+00 -1.056E+00
  1.8710750E+04 -2.384E+00 -2.592E+00 -1.670E+00
  1.8711250E+04 -2.415E+00 -2.656E+00 -1.508E+00
  1.8711750E+04 -1.760E+00 -1.883E+00 -1.079E+00
  1.8712250E+04 -2.129E+00 -2.297E+00 -1.267E+00
  1.8712750E+04 -2.084E+00 -2.172E+00 -7.352E-01
  1.8713250E+04 -2.560E+00 -2.565E+00 -6.030E-01
  1.8713750E+04 -2.634E+00 -2.735E+00 -1.047E+00
  1.8714250E+04 -1.934E+00 -2.026E+00 -9.897E-01
  1.8714750E+04 -1.978E+00 -2.007E+00 -5.946E-01
  1.8715250E+04 -2.236E+00 -2.338E+00 -1.252E+00
  1.8715750E+04 -2.381E+00 -2.540E+00 -1.567E+00
  1.8716250E+04 -2.211E+00 -2.306E+00 -1.080E+00
  1.8716750E+04 -2.368E+00 -2.373E+00 -1.549E+00
  1.8717250E+04 -1.784E+00 -1.963E+00 -1.494E+00
  1.8717750E+04 -1.492E+00 -2.148E+00 -1.685E+00
  1.8718250E+04 -2.403E+00 -2.539E+00 -7.924E-01
  1.8718750E+04 -2.662E+00 -2.762E+00 -1.649E+00
  1.8719250E+04 -2.544E+00 -2.628E+00 -1.279E+00
  1.8719750E+04 -1.963E+00 -1.939E+00 -7.764E-01
  1.8720250E+04 -2.438E+00 -2.533E+00 -1.535E+00
  1.8720750E+04 -2.246E+00 -2.452E+00 -1.391E+00
  1.8721250E+04 -2.577E+00 -2.627E+00 -1.027E+00
  1.8721750E+04 -2.184E+00 -2.150E+00 -4.693E-01
  1.8722250E+04 -2.212E+00 -2.297E+00 -1.094E+00
  1.8722750E+04 -2.511E+00 -2.502E+00 -6.312E-01
  1.8723250E+04 -2.360E+00 -2.310E+00 -4.650E-01
  1.8723750E+04 -1.887E+00 -1.920E+00 -5.890E-01
  1.8724250E+04 -2.065E+00 -2.188E+00 -1.219E+00
  1.8724750E+04 -1.859E+00 -2.069E+00 -1.480E+00
  1.8725250E+04 -2.189E+00 -2.306E+00 -1.147E+00
  1.8725750E+04 -2.400E+00 -2.288E+00 -2.210E-01
  1.8726250E+04 -2.002E+00 -1.997E+00 -7.264E-01
  1.8726750E+04 -2.048E+00 -2.072E+00 -7.846E-01
  1.8727250E+04 -1.885E+00 -1.981E+00 -8.579E-01
  1.8727750E+04 -2.348E+00 -2.350E+00 -1.129E+00
  1.8728250E+04 -1.790E+00 -1.918E+00 -1.001E+00
  1.8728750E+04 -1.881E+00 -2.000E+00 -7.611E-01
  1.8729250E+04 -2.334E+00 -2.421E+00 -1.416E+00
  1.8729750E+04 -2.291E+00 -2.342E+00 -1.520E+00
  1.8730250E+04 -2.528E+00 -2.586E+00 -9.077E-01
  1.8730750E+04 -2.435E+00 -2.561E+00 -1.030E+00
  1.8731250E+04 -2.146E+00 -2.304E+00 -1.289E+00
  1.8731750E+04 -2.310E+00 -2.401E+00 -1.285E+00
  1.8732250E+04 -2.187E+00 -2.250E+00 -9.461E-01
  1.8732750E+04 -1.862E+00 -1.969E+00 -1.056E+00
  1.8733250E+04 -1.595E+00 -1.870E+00 -1.766E+00
  1.8733750E+04 -2.789E+00 -2.920E+00 -1.103E+00
  1.8734250E+04 -2.799E+00 -2.823E+00 -9.436E-01
  1.8734750E+04 -1.922E+00 -2.142E+00 -1.766E+00
  1.8735250E+04 -1.824E+00 -1.967E+00 -1.026E+00
  1.8735750E+04 -2.475E+00 -2.587E+00 -8.798E-01
  1.8736250E+04 -2.035E+00 -2.203E+00 -1.345E+00
  1.8736750E+04 -1.622E+00 -1.638E+00 -5.373E-01
  1.8737250E+04 -1.622E+00 -1.659E+00 -6.108E-01
  1.8737750E+04 -1.741E+00 -1.729E+00 -4.805E-01
  1.8738250E+04 -1.814E+00 -2.003E+00 -1.514E+00
  1.8738750E+04 -2.199E+00 -2.353E+00 -1.388E+00
  1.8739250E+04 -1.955E+00 -2.124E+00 -1.307E+00
  1.8739750E+04 -2.072E+00 -2.279E+00 -1.493E+00
  1.8740250E+04 -1.932E+00 -2.043E+00 -9.600E-01
  1.8740750E+04 -2.248E+00 -2.364E+00 -1.091E+00
  1.8741250E+04 -2.068E+00 -2.143E+00 -8.697E-01
  1.8741750E+04 -1.956E+00 -2.129E+00 -1.329E+00
  1.8742250E+04 -1.924E+00 -2.018E+00 -9.372E-01
  1.8742750E+04 -1.948E+00 -2.138E+00 -1.374E+00
  1.8743250E+04 -1.897E+00 -2.140E+00 -1.641E+00
  1.8743750E+04 -2.039E+00 -2.171E+00 -1.273E+00
  1.8744250E+04 -2.184E+00 -2.182E+00 -7.622E-01
  1.8744750E+04 -2.307E+00 -2.289E+00 -6.817E-01
  1.8745250E+04 -2.110E+00 -2.393E+00 -1.794E+00
  1.8745750E+04 -2.276E+00 -2.313E+00 -6.744E-01
  1.8746250E+04 -1.948E+00 -1.905E+00 -6.060E-01
  1.8746750E+04 -1.456E+00 -1.600E+00 -1.084E+00
  1.8747250E+04 -1.781E+00 -2.024E+00 -1.391E+00
  1.8747750E+04 -1.906E+00 -1.978E+00 -9.622E-01
  1.8748250E+04 -1.870E+00 -1.840E+00 -6.506E-01
  1.8748750E+04 -1.841E+00 -1.803E+00 -4.122E-01
  1.8749250E+04 -1.844E+00 -1.961E+00 -1.149E+00
  1.8749750E+04 -1.710E+00 -1.778E+00 -8.728E-01
  1.8750250E+04 -1.819E+00 -1.932E+00 -6.435E-01
  1.8750750E+04 -2.163E+00 -2.297E+00 -1.112E+00
  1.8751250E+04 -1.751E+00 -1.889E+00 -1.278E+00
  1.8751750E+04 -1.747E+00 -1.797E+00 -8.088E-01
  1.8752250E+04 -2.046E+00 -2.133E+00 -8.230E-01
  1.8752750E+04 -2.344E+00 -2.424E+00 -6.586E-01
  1.8753250E+04 -1.866E+00 -1.781E+00 -2.690E-01
  1.8753750E+04 -2.047E+00 -2.273E+00 -1.500E+00
  1.8754250E+04 -1.767E+00 -2.018E+00 -1.433E+00
  1.8754750E+04 -1.224E+00 -1.240E+00 -5.768E-01
  1.8755250E+04 -1.961E+00 -2.021E+00 -1.072E+00
  1.8755750E+04 -2.347E+00 -2.332E+00 -5.425E-01
  1.8756250E+04 -1.891E+00 -1.998E+00 -1.139E+00
  1.8756750E+04 -1.916E+00 -2.254E+00 -2.085E+00
  1.8757250E+04 -1.878E+00 -1.784E+00 -2.448E-01
  1.8757750E+04 -1.556E+00 -1.663E+00 -9.045E-01
  1.8758250E+04 -1.868E+00 -2.033E+00 -1.378E+00
  1.8758750E+04 -2.262E+00 -2.232E+00 -6.032E-01
  1.8759250E+04 -1.851E+00 -1.967E+00 -8.656E-01
  1.8759750E+04 -1.669E+00 -1.879E+00 -1.488E+00
  1.8760250E+04 -1.279E+00 -1.358E+00 -1.026E+00
  1.8760750E+04 -1.968E+00 -1.952E+00 -4.635E-01
  1.8761250E+04 -2.205E+00 -2.497E+00 -1.953E+00
  1.8761750E+04 -1.571E+00 -1.763E+00 -1.099E+00
  1.8762250E+04 -1.475E+00 -1.514E+00 -5.833E-01
  1.8762750E+04 -1.329E+00 -1.349E+00 -4.488E-01
  1.8763250E+04 -1.849E+00 -1.848E+00 -6.029E-01
  1.8763750E+04 -1.999E+00 -2.086E+00 -9.894E-01
  1.8764250E+04 -1.645E+00 -1.881E+00 -1.492E+00
  1.8764750E+04 -1.677E+00 -1.662E+00 -2.538E-01
  1.8765250E+04 -2.059E+00 -2.198E+00 -1.289E+00
  1.8765750E+04 -1.611E+00 -1.750E+00 -1.209E+00
  1.8766250E+04 -1.898E+00 -1.994E+00 -1.052E+00
  1.8766750E+04 -2.169E+00 -2.144E+00 -2.560E-01
  1.8767250E+04 -2.555E+00 -2.467E+00 -5.210E-01
  1.8767750E+04 -1.561E+00 -1.673E+00 -1.291E+00
  1.8768250E+04 -1.856E+00 -2.125E+00 -1.729E+00
  1.8768750E+04 -1.480E+00 -1.510E+00 -4.998E-01
  1.8769250E+04 -2.124E+00 -2.015E+00 -3.001E-01
  1.8769750E+04 -2.002E+00 -2.078E+00 -9.523E-01
  1.8770250E+04 -1.927E+00 -1.986E+00 -8.526E-01
  1.8770750E+04 -1.571E+00 -1.737E+00 -1.245E+00
  1.8771250E+04 -1.760E+00 -1.880E+00 -8.863E-01
  1.8771750E+04 -1.938E+00 -2.172E+00 -1.469E+00
  1.8772250E+04 -1.613E+00 -1.666E+00 -8.140E-01
  1.8772750E+04 -2.021E+00 -2.068E+00 -8.237E-01
  1.8773250E+04 -1.831E+00 -1.825E+00 -7.663E-01
  1.8773750E+04 -1.717E+00 -1.814E+00 -9.047E-01
  1.8774250E+04 -2.198E+00 -2.225E+00 -7.032E-01
  1.8774750E+04 -2.310E+00 -2.316E+00 -6.805E-01
  1.8775250E+04 -1.399E+00 -1.395E+00 -4.593E-01
  1.8775750E+04 -9.777E-01 -1.193E+00 -1.299E+00
  1.8776250E+04 -1.069E+00 -1.242E+00 -1.260E+00
  1.8776750E+04 -1.330E+00 -1.542E+00 -1.139E+00
  1.8777250E+04 -1.317E+00 -1.406E+00 -6.107E-01
  1.8777750E+04 -1.715E+00 -1.790E+00 -8.067E-01
  1.8778250E+04 -2.090E+00 -2.101E+00 -8.195E-01
  1.8778750E+04 -1.687E+00 -1.835E+00 -1.169E+00
  1.8779250E+04 -1.905E+00 -2.020E+00 -9.661E-01
  1.8779750E+04 -1.882E+00 -2.081E+00 -1.978E+00
  1.8780250E+04 -1.766E+00 -1.963E+00 -1.107E+00
  1.8780750E+04 -1.630E+00 -1.722E+00 -8.071E-01
  1.8781250E+04 -1.872E+00 -1.811E+00 -3.241E-01
  1.8781750E+04 -1.865E+00 -1.977E+00 -1.002E+00
  1.8782250E+04 -1.809E+00 -1.960E+00 -1.276E+00
  1.8782750E+04 -2.417E+00 -2.356E+00 -3.471E-01
  1.8783250E+04 -1.737E+00 -1.925E+00 -1.241E+00
  1.8783750E+04 -2.038E+00 -2.179E+00 -8.569E-01
  1.8784250E+04 -1.458E+00 -1.551E+00 -5.717E-01
  1.8784750E+04 -1.664E+00 -1.633E+00 -5.919E-01
  1.8785250E+04 -1.543E+00 -1.659E+00 -1.237E+00
  1.8785750E+04 -1.183E+00 -1.289E+00 -1.095E+00
  1.8786250E+04 -2.019E+00 -2.080E+00 -8.467E-01
  1.8786750E+04 -1.895E+00 -1.962E+00 -8.902E-01
  1.8787250E+04 -1.613E+00 -1.766E+00 -9.506E-01
  1.8787750E+04 -1.804E+00 -1.876E+00 -6.678E-01
  1.8788250E+04 -1.566E+00 -1.725E+00 -1.088E+00
  1.8788750E+04 -1.186E+00 -1.326E+00 -9.928E-01
  1.8789250E+04 -1.716E+00 -1.717E+00 -3.922E-01
  1.8789750E+04 -1.480E+00 -1.620E+00 -1.188E+00
  1.8790250E+04 -1.554E+00 -1.689E+00 -1.169E+00
  1.8790750E+04 -1.560E+00 -1.727E+00 -8.499E-01
  1.8791250E+04 -1.643E+00 -1.772E+00 -9.017E-01
  1.8791750E+04 -1.959E+00 -2.087E+00 -9.720E-01
  1.8792250E+04 -2.145E+00 -2.097E+00 -6.733E-01
  1.8792750E+04 -1.564E+00 -1.679E+00 -1.098E+00
  1.8793250E+04 -1.208E+00 -1.416E+00 -8.740E-01
  1.8793750E+04 -1.406E+00 -1.511E+00 -8.209E-01
  1.8794250E+04 -1.269E+00 -1.471E+00 -1.348E+00
  1.8794750E+04 -1.205E+00 -1.369E+00 -1.350E+00
  1.8795250E+04 -1.609E+00 -1.745E+00 -9.934E-01
  1.8795750E+04 -1.208E+00 -1.276E+00 -8.043E-01
  1.8796250E+04 -1.823E+00 -1.729E+00 -1.529E-01
  1.8796750E+04 -1.642E+00 -1.698E+00 -8.336E-01
  1.8797250E+04 -1.782E+00 -1.895E+00 -1.214E+00
  1.8797750E+04 -1.638E+00 -1.735E+00 -7.255E-01
  1.8798250E+04 -2.296E+00 -2.370E+00 -7.702E-01
  1.8798750E+04 -1.498E+00 -1.730E+00 -1.455E+00
  1.8799250E+04 -1.564E+00 -1.587E+00 -4.593E-01
  1.8799750E+04 -1.097E+00 -1.155E+00 -6.314E-01
  1.8800250E+04 -1.060E+00 -1.233E+00 -1.032E+00
  1.8800750E+04 -1.612E+00 -1.712E+00 -6.973E-01
  1.8801250E+04 -1.629E+00 -1.545E+00 -5.142E-01
  1.8801750E+04 -1.570E+00 -1.726E+00 -1.101E+00
  1.8802250E+04 -1.884E+00 -1.985E+00 -9.911E-01
  1.8802750E+04 -1.493E+00 -1.639E+00 -1.086E+00
  1.8803250E+04 -1.622E+00 -1.653E+00 -5.453E-01
  1.8803750E+04 -1.646E+00 -1.598E+00 -3.321E-01
  1.8804250E+04 -1.709E+00 -1.712E+00 -3.004E-01
  1.8804750E+04 -1.522E+00 -1.468E+00 -1.408E-01
  1.8805250E+04 -1.544E+00 -1.668E+00 -1.310E+00
  1.8805750E+04 -1.279E+00 -1.385E+00 -8.492E-01
  1.8806250E+04 -1.734E+00 -1.781E+00 -6.971E-01
  1.8806750E+04 -1.820E+00 -1.849E+00 -5.982E-01
  1.8807250E+04 -1.615E+00 -1.605E+00 -3.311E-01
  1.8807750E+04 -1.839E+00 -1.867E+00 -5.312E-01
  1.8808250E+04 -1.563E+00 -1.854E+00 -1.766E+00
  1.8808750E+04 -1.603E+00 -1.858E+00 -1.792E+00
  1.8809250E+04 -1.897E+00 -1.821E+00 -2.946E-01
  1.8809750E+04 -1.358E+00 -1.267E+00  8.304E-02
  1.8810250E+04 -1.624E+00 -1.742E+00 -9.254E-01
  1.8810750E+04 -1.788E+00 -1.941E+00 -1.107E+00
  1.8811250E+04 -1.671E+00 -1.820E+00 -1.070E+00
  1.8811750E+04 -1.621E+00 -1.802E+00 -1.128E+00
  1.8812250E+04 -1.702E+00 -1.749E+00 -6.708E-01
  1.8812750E+04 -1.508E+00 -1.609E+00 -7.603E-01
  1.8813250E+04 -1.378E+00 -1.250E+00  2.208E-02
  1.8813750E+04 -1.436E+00 -1.473E+00 -6.687E-01
  1.8814250E+04 -1.558E+00 -1.606E+00 -5.792E-01
  1.8814750E+04 -1.310E+00 -1.463E+00 -1.117E+00
  1.8815250E+04 -1.946E+00 -1.969E+00 -6.600E-01
  1.8815750E+04 -1.674E+00 -1.734E+00 -7.809E-01
  1.8816250E+04 -1.451E+00 -1.598E+00 -1.178E+00
  1.8816750E+04 -1.401E+00 -1.397E+00 -5.094E-01
  1.8817250E+04 -1.572E+00 -1.533E+00 -2.663E-01
  1.8817750E+04 -1.376E+00 -1.425E+00 -4.868E-01
  1.8818250E+04 -1.796E+00 -1.915E+00 -1.014E+00
  1.8818750E+04 -1.536E+00 -1.671E+00 -1.154E+00
  1.8819250E+04 -1.716E+00 -1.802E+00 -8.597E-01
  1.8819750E+04 -1.496E+00 -1.470E+00 -3.100E-01
  1.8820250E+04 -1.179E+00 -1.345E+00 -1.056E+00
  1.8820750E+04 -1.142E+00 -1.080E+00  1.214E-01
  1.8821250E+04 -1.341E+00 -1.514E+00 -1.125E+00
  1.8821750E+04 -1.345E+00 -1.504E+00 -1.015E+00
  1.8822250E+04 -1.481E+00 -1.413E+00 -3.304E-01
  1.8822750E+04 -1.471E+00 -1.616E+00 -1.125E+00
  1.8823250E+04 -1.606E+00 -1.770E+00 -1.272E+00
  1.8823750E+04 -1.718E+00 -1.721E+00 -5.939E-01
  1.8824250E+04 -1.664E+00 -1.731E+00 -7.191E-01
  1.8824750E+04 -1.588E+00 -1.637E+00 -4.636E-01
  1.8825250E+04 -1.308E+00 -1.484E+00 -1.194E+00
  1.8825750E+04 -1.003E+00 -1.139E+00 -1.104E+00
  1.8826250E+04 -9.470E-01 -1.012E+00 -6.517E-01
  1.8826750E+04 -1.246E+00 -1.344E+00 -1.079E+00
  1.8827250E+04 -1.485E+00 -1.475E+00 -3.469E-01
  1.8827750E+04 -1.561E+00 -1.663E+00 -7.112E-01
  1.8828250E+04 -1.079E+00 -1.145E+00 -9.431E-01
  1.8828750E+04 -1.175E+00 -1.229E+00 -7.194E-01
  1.8829250E+04 -1.782E+00 -1.729E+00 -3.234E-01
  1.8829750E+04 -1.864E+00 -1.893E+00 -6.106E-01
  1.8830250E+04 -1.358E+00 -1.519E+00 -1.153E+00
  1.8830750E+04 -1.557E+00 -1.796E+00 -1.476E+00
  1.8831250E+04 -1.235E+00 -1.433E+00 -1.158E+00
  1.8831750E+04 -1.525E+00 -1.580E+00 -7.368E-01
  1.8832250E+04 -1.044E+00 -1.167E+00 -9.057E-01
  1.8832750E+04 -1.379E+00 -1.516E+00 -9.802E-01
  1.8833250E+04 -1.774E+00 -1.820E+00 -4.840E-01
  1.8833750E+04 -1.333E+00 -1.284E+00 -1.490E-01
  1.8834250E+04 -1.314E+00 -1.431E+00 -9.656E-01
  1.8834750E+04 -8.826E-01 -1.031E+00 -1.149E+00
  1.8835250E+04 -1.266E+00 -1.413E+00 -1.059E+00
  1.8835750E+04 -1.454E+00 -1.657E+00 -1.581E+00
  1.8836250E+04 -1.376E+00 -1.533E+00 -9.877E-01
  1.8836750E+04 -1.674E+00 -1.635E+00 -3.903E-01
  1.8837250E+04 -1.409E+00 -1.289E+00  9.451E-02
  1.8837750E+04 -9.916E-01 -9.406E-01 -8.766E-02
  1.8838250E+04 -1.484E+00 -1.428E+00 -4.442E-01
  1.8838750E+04 -1.083E+00 -1.313E+00 -1.464E+00
  1.8839250E+04 -1.540E+00 -1.777E+00 -1.390E+00
  1.8839750E+04 -1.903E+00 -2.066E+00 -1.048E+00
  1.8840250E+04 -1.164E+00 -1.258E+00 -6.134E-01
  1.8840750E+04 -1.269E+00 -1.237E+00 -1.291E-02
  1.8841250E+04 -1.169E+00 -1.122E+00 -1.307E-01
  1.8841750E+04 -1.677E+00 -1.818E+00 -8.348E-01
  1.8842250E+04 -1.335E+00 -1.411E+00 -8.071E-01
  1.8842750E+04 -9.339E-01 -1.067E+00 -1.104E+00
  1.8843250E+04 -1.259E+00 -1.332E+00 -8.181E-01
  1.8843750E+04 -1.024E+00 -1.097E+00 -6.847E-01
  1.8844250E+04 -1.379E+00 -1.435E+00 -7.200E-01
  1.8844750E+04 -1.647E+00 -1.791E+00 -1.017E+00
  1.8845250E+04 -1.666E+00 -1.676E+00 -6.117E-01
  1.8845750E+04 -1.775E+00 -1.728E+00 -3.852E-01
  1.8846250E+04 -1.784E+00 -1.815E+00 -3.839E-01
  1.8846750E+04 -6.665E-01 -7.297E-01 -4.303E-01
  1.8847250E+04 -1.028E+00 -1.098E+00 -7.235E-01
  1.8847750E+04 -1.465E+00 -1.415E+00 -2.361E-01
  1.8848250E+04 -1.022E+00 -1.012E+00 -1.838E-01
  1.8848750E+04 -1.010E+00 -1.187E+00 -1.071E+00
  1.8849250E+04 -1.522E+00 -1.616E+00 -8.863E-01
  1.8849750E+04 -1.185E+00 -1.369E+00 -1.385E+00
  1.8850250E+04 -1.162E+00 -1.305E+00 -1.073E+00
  1.8850750E+04 -9.631E-01 -1.126E+00 -1.197E+00
  1.8851250E+04 -1.518E+00 -1.711E+00 -1.263E+00
  1.8851750E+04 -1.613E+00 -1.747E+00 -8.674E-01
  1.8852250E+04 -1.228E+00 -1.232E+00 -4.506E-01
  1.8852750E+04 -1.690E+00 -1.635E+00  5.701E-03
  1.8853250E+04 -1.390E+00 -1.368E+00 -2.449E-01
