  1.4195250E+04 -0.000E+00 -0.000E+00  0.000E+00
  1.4195750E+04 -0.000E+00 -0.000E+00  0.000E+00
  1.4196250E+04 -0.000E+00 -0.000E+00  0.000E+00
  1.4196750E+04 -0.000E+00 -0.000E+00  0.000E+00
  1.4197250E+04 -0.000E+00 -0.000E+00  0.000E+00
  1.4197750E+04 -0.000E+00 -0.000E+00  0.000E+00
  1.4198250E+04 -0.000E+00 -0.000E+00  0.000E+00
  1.4198750E+04 -0.000E+00 -0.000E+00  0.000E+00
  1.4199250E+04 -0.000E+00 -0.000E+00  0.000E+00
  1.4199750E+04 -0.000E+00 -0.000E+00  0.000E+00
  1.4200250E+04 -0.000E+00 -0.000E+00  0.000E+00
  1.4200750E+04 -0.000E+00 -0.000E+00  0.000E+00
  1.4201250E+04 -0.000E+00 -0.000E+00  0.000E+00
  1.4201750E+04 -0.000E+00 -0.000E+00  0.000E+00
  1.4202250E+04 -0.000E+00 -0.000E+00  0.000E+00
  1.4202750E+04 -0.000E+00 -0.000E+00  0.000E+00
  1.4203250E+04 -0.000E+00 -0.000E+00  0.000E+00
  1.4203750E+04 -0.000E+00 -0.000E+00  0.000E+00
  1.4204250E+04 -0.000E+00 -0.000E+00  0.000E+00
  1.4204750E+04 -0.000E+00 -0.000E+00  0.000E+00
  1.4205250E+04 -0.000E+00 -0.000E+00  0.000E+00
  1.4205750E+04 -0.000E+00 -0.000E+00  0.000E+00
  1.4206250E+04 -0.000E+00 -0.000E+00  0.000E+00
  1.4206750E+04 -0.000E+00 -0.000E+00  0.000E+00
  1.4207250E+04 -0.000E+00 -0.000E+00  0.000E+00
  1.4207750E+04 -0.000E+00 -0.000E+00  0.000E+00
  1.4208250E+04 -0.000E+00 -0.000E+00  0.000E+00
  1.4208750E+04 -0.000E+00 -0.000E+00  0.000E+00
  1.4209250E+04 -0.000E+00 -0.000E+00  0.000E+00
  1.4209750E+04 -0.000E+00 -0.000E+00  0.000E+00
  1.4210250E+04 -0.000E+00 -0.000E+00  0.000E+00
  1.4210750E+04 -0.000E+00 -0.000E+00  0.000E+00
  1.4211250E+04 -0.000E+00 -0.000E+00  0.000E+00
  1.4211750E+04 -0.000E+00 -0.000E+00  0.000E+00
  1.4212250E+04 -0.000E+00 -0.000E+00  0.000E+00
  1.4212750E+04 -0.000E+00 -0.000E+00  0.000E+00
  1.4213250E+04 -0.000E+00 -0.000E+00  0.000E+00
  1.4213750E+04 -0.000E+00 -0.000E+00  0.000E+00
  1.4214250E+04 -0.000E+00 -0.000E+00  0.000E+00
  1.4214750E+04 -0.000E+00 -0.000E+00  0.000E+00
  1.4215250E+04 -0.000E+00 -0.000E+00  0.000E+00
  1.4215750E+04 -0.000E+00 -0.000E+00  0.000E+00
  1.4216250E+04 -0.000E+00 -0.000E+00  0.000E+00
  1.4216750E+04 -0.000E+00 -0.000E+00  0.000E+00
  1.4217250E+04 -0.000E+00 -0.000E+00  0.000E+00
  1.4217750E+04 -0.000E+00 -0.000E+00  0.000E+00
  1.4218250E+04 -0.000E+00 -0.000E+00  0.000E+00
  1.4218750E+04 -0.000E+00 -0.000E+00  0.000E+00
  1.4219250E+04 -0.000E+00 -0.000E+00  0.000E+00
  1.4219750E+04 -0.000E+00 -0.000E+00  0.000E+00
  1.4220250E+04 -0.000E+00 -0.000E+00  0.000E+00
  1.4220750E+04 -0.000E+00 -0.000E+00  0.000E+00
  1.4221250E+04 -0.000E+00 -0.000E+00  0.000E+00
  1.4221750E+04 -0.000E+00 -0.000E+00  0.000E+00
  1.4222250E+04 -0.000E+00 -0.000E+00  0.000E+00
  1.4222750E+04 -0.000E+00 -0.000E+00  0.000E+00
  1.4223250E+04 -0.000E+00 -0.000E+00  0.000E+00
  1.4223750E+04 -0.000E+00 -0.000E+00  0.000E+00
  1.4224250E+04 -0.000E+00 -0.000E+00  0.000E+00
  1.4224750E+04 -0.000E+00 -0.000E+00  0.000E+00
  1.4225250E+04 -0.000E+00 -0.000E+00  0.000E+00
  1.4225750E+04 -0.000E+00 -0.000E+00  0.000E+00
  1.4226250E+04 -0.000E+00 -0.000E+00  0.000E+00
  1.4226750E+04 -0.000E+00 -0.000E+00  0.000E+00
  1.4227250E+04 -0.000E+00 -0.000E+00  0.000E+00
  1.4227750E+04 -0.000E+00 -0.000E+00  0.000E+00
  1.4228250E+04 -0.000E+00 -0.000E+00  0.000E+00
  1.4228750E+04 -0.000E+00 -0.000E+00  0.000E+00
  1.4229250E+04 -0.000E+00 -0.000E+00  0.000E+00
  1.4229750E+04 -0.000E+00 -0.000E+00  0.000E+00
  1.4230250E+04 -0.000E+00 -0.000E+00  0.000E+00
  1.4230750E+04 -0.000E+00 -0.000E+00  0.000E+00
  1.4231250E+04 -0.000E+00 -0.000E+00  0.000E+00
  1.4231750E+04 -0.000E+00 -0.000E+00  0.000E+00
  1.4232250E+04 -0.000E+00 -0.000E+00  0.000E+00
  1.4232750E+04 -0.000E+00 -0.000E+00  0.000E+00
  1.4233250E+04 -0.000E+00 -0.000E+00  0.000E+00
  1.4233750E+04 -0.000E+00 -0.000E+00  0.000E+00
  1.4234250E+04 -0.000E+00 -0.000E+00  0.000E+00
  1.4234750E+04 -0.000E+00 -0.000E+00  0.000E+00
  1.4235250E+04 -0.000E+00 -0.000E+00  0.000E+00
  1.4235750E+04 -0.000E+00 -0.000E+00  0.000E+00
  1.4236250E+04 -0.000E+00 -0.000E+00  0.000E+00
  1.4236750E+04 -0.000E+00 -0.000E+00  0.000E+00
  1.4237250E+04 -0.000E+00 -0.000E+00  0.000E+00
  1.4237750E+04 -0.000E+00 -0.000E+00  0.000E+00
  1.4238250E+04 -0.000E+00 -0.000E+00  0.000E+00
  1.4238750E+04 -0.000E+00 -0.000E+00  0.000E+00
  1.4239250E+04 -0.000E+00 -0.000E+00  0.000E+00
  1.4239750E+04 -0.000E+00 -0.000E+00  0.000E+00
  1.4240250E+04 -0.000E+00 -0.000E+00  0.000E+00
  1.4240750E+04 -0.000E+00 -0.000E+00  0.000E+00
  1.4241250E+04 -0.000E+00 -0.000E+00  0.000E+00
  1.4241750E+04 -0.000E+00 -0.000E+00  0.000E+00
  1.4242250E+04 -0.000E+00 -0.000E+00  0.000E+00
  1.4242750E+04 -0.000E+00 -0.000E+00  0.000E+00
  1.4243250E+04 -0.000E+00 -0.000E+00  0.000E+00
  1.4243750E+04 -0.000E+00 -0.000E+00  0.000E+00
  1.4244250E+04 -0.000E+00 -0.000E+00  0.000E+00
  1.4244750E+04 -0.000E+00 -0.000E+00  0.000E+00
  1.4245250E+04 -0.000E+00 -0.000E+00  0.000E+00
  1.4245750E+04 -0.000E+00 -0.000E+00  0.000E+00
  1.4246250E+04 -0.000E+00 -0.000E+00  0.000E+00
  1.4246750E+04 -0.000E+00 -0.000E+00  0.000E+00
  1.4247250E+04 -0.000E+00 -0.000E+00  0.000E+00
  1.4247750E+04 -0.000E+00 -0.000E+00  0.000E+00
  1.4248250E+04 -0.000E+00 -0.000E+00  0.000E+00
  1.4248750E+04 -0.000E+00 -0.000E+00  0.000E+00
  1.4249250E+04 -0.000E+00 -0.000E+00  0.000E+00
  1.4249750E+04 -0.000E+00 -0.000E+00  0.000E+00
  1.4250250E+04 -0.000E+00 -0.000E+00  0.000E+00
  1.4250750E+04 -0.000E+00 -0.000E+00  0.000E+00
  1.4251250E+04 -0.000E+00 -0.000E+00  0.000E+00
  1.4251750E+04 -0.000E+00 -0.000E+00  0.000E+00
  1.4252250E+04 -0.000E+00 -0.000E+00  0.000E+00
  1.4252750E+04 -0.000E+00 -0.000E+00  0.000E+00
  1.4253250E+04 -0.000E+00 -0.000E+00  0.000E+00
  1.4253750E+04 -0.000E+00 -0.000E+00  0.000E+00
  1.4254250E+04 -0.000E+00 -0.000E+00  0.000E+00
  1.4254750E+04 -0.000E+00 -0.000E+00  0.000E+00
  1.4255250E+04 -0.000E+00 -0.000E+00  0.000E+00
  1.4255750E+04 -0.000E+00 -0.000E+00  0.000E+00
  1.4256250E+04 -0.000E+00 -0.000E+00  0.000E+00
  1.4256750E+04 -0.000E+00 -0.000E+00  0.000E+00
  1.4257250E+04 -0.000E+00 -0.000E+00  0.000E+00
  1.4257750E+04 -0.000E+00 -0.000E+00  0.000E+00
  1.4258250E+04 -0.000E+00 -0.000E+00  0.000E+00
  1.4258750E+04 -0.000E+00 -0.000E+00  0.000E+00
  1.4259250E+04 -0.000E+00 -0.000E+00  0.000E+00
  1.4259750E+04 -0.000E+00 -0.000E+00  0.000E+00
  1.4260250E+04 -0.000E+00 -0.000E+00  0.000E+00
  1.4260750E+04 -0.000E+00 -0.000E+00  0.000E+00
  1.4261250E+04 -0.000E+00 -0.000E+00  0.000E+00
  1.4261750E+04 -0.000E+00 -0.000E+00  0.000E+00
  1.4262250E+04 -0.000E+00 -0.000E+00  0.000E+00
  1.4262750E+04 -0.000E+00 -0.000E+00  0.000E+00
  1.4263250E+04 -0.000E+00 -0.000E+00  0.000E+00
  1.4263750E+04 -0.000E+00 -0.000E+00  0.000E+00
  1.4264250E+04 -0.000E+00 -0.000E+00  0.000E+00
  1.4264750E+04 -0.000E+00 -0.000E+00  0.000E+00
  1.4265250E+04 -0.000E+00 -0.000E+00  0.000E+00
  1.4265750E+04 -0.000E+00 -0.000E+00  0.000E+00
  1.4266250E+04 -0.000E+00 -0.000E+00  0.000E+00
  1.4266750E+04 -0.000E+00 -0.000E+00  0.000E+00
  1.4267250E+04 -0.000E+00 -0.000E+00  0.000E+00
  1.4267750E+04 -0.000E+00 -0.000E+00  0.000E+00
  1.4268250E+04 -0.000E+00 -0.000E+00  0.000E+00
  1.4268750E+04 -0.000E+00 -0.000E+00  0.000E+00
  1.4269250E+04 -0.000E+00 -0.000E+00  0.000E+00
  1.4269750E+04 -0.000E+00 -0.000E+00  0.000E+00
  1.4270250E+04 -0.000E+00 -0.000E+00  0.000E+00
  1.4270750E+04 -0.000E+00 -0.000E+00  0.000E+00
  1.4271250E+04 -0.000E+00 -0.000E+00  0.000E+00
  1.4271750E+04 -0.000E+00 -0.000E+00  0.000E+00
  1.4272250E+04 -0.000E+00 -0.000E+00  0.000E+00
  1.4272750E+04 -0.000E+00 -0.000E+00  0.000E+00
  1.4273250E+04 -0.000E+00 -0.000E+00  0.000E+00
  1.4273750E+04 -0.000E+00 -0.000E+00  0.000E+00
  1.4274250E+04 -0.000E+00 -0.000E+00  0.000E+00
  1.4274750E+04 -0.000E+00 -0.000E+00  0.000E+00
  1.4275250E+04 -0.000E+00 -0.000E+00  0.000E+00
  1.4275750E+04 -0.000E+00 -0.000E+00  0.000E+00
  1.4276250E+04 -0.000E+00 -0.000E+00  0.000E+00
  1.4276750E+04 -0.000E+00 -0.000E+00  0.000E+00
  1.4277250E+04 -0.000E+00 -0.000E+00  0.000E+00
  1.4277750E+04 -0.000E+00 -0.000E+00  0.000E+00
  1.4278250E+04 -0.000E+00 -0.000E+00  0.000E+00
  1.4278750E+04 -0.000E+00 -0.000E+00  0.000E+00
  1.4279250E+04 -0.000E+00 -0.000E+00  0.000E+00
  1.4279750E+04 -0.000E+00 -0.000E+00  0.000E+00
  1.4280250E+04 -0.000E+00 -0.000E+00  0.000E+00
  1.4280750E+04 -0.000E+00 -0.000E+00  0.000E+00
  1.4281250E+04 -0.000E+00 -0.000E+00  0.000E+00
  1.4281750E+04 -0.000E+00 -0.000E+00  0.000E+00
  1.4282250E+04 -0.000E+00 -0.000E+00  0.000E+00
  1.4282750E+04 -0.000E+00 -0.000E+00  0.000E+00
  1.4283250E+04 -0.000E+00 -0.000E+00  0.000E+00
  1.4283750E+04 -0.000E+00 -0.000E+00  0.000E+00
  1.4284250E+04 -0.000E+00 -0.000E+00  0.000E+00
  1.4284750E+04 -0.000E+00 -0.000E+00  0.000E+00
  1.4285250E+04 -0.000E+00 -0.000E+00  0.000E+00
  1.4285750E+04 -0.000E+00 -0.000E+00  0.000E+00
  1.4286250E+04 -0.000E+00 -0.000E+00  0.000E+00
  1.4286750E+04 -0.000E+00 -0.000E+00  0.000E+00
  1.4287250E+04 -0.000E+00 -0.000E+00  0.000E+00
  1.4287750E+04 -0.000E+00 -0.000E+00  0.000E+00
  1.4288250E+04 -0.000E+00 -0.000E+00  0.000E+00
  1.4288750E+04 -0.000E+00 -0.000E+00  0.000E+00
  1.4289250E+04 -0.000E+00 -0.000E+00  0.000E+00
  1.4289750E+04 -0.000E+00 -0.000E+00  0.000E+00
  1.4290250E+04 -0.000E+00 -0.000E+00  0.000E+00
  1.4290750E+04 -0.000E+00 -0.000E+00  0.000E+00
  1.4291250E+04 -0.000E+00 -0.000E+00  0.000E+00
  1.4291750E+04 -0.000E+00 -0.000E+00  0.000E+00
  1.4292250E+04 -0.000E+00 -0.000E+00  0.000E+00
  1.4292750E+04  7.661E-08  6.244E-08 -1.393E-08
  1.4293250E+04  4.364E-05  3.087E-05 -2.789E-05
  1.4293750E+04  2.404E-03  1.805E-03 -1.104E-03
  1.4294250E+04  1.134E-03  8.715E-04 -4.390E-04
  1.4294750E+04 -2.479E-05  1.118E-04  5.514E-04
  1.4295250E+04  1.316E-03  1.061E-03 -3.049E-04
  1.4295750E+04 -5.103E-05 -1.989E-04 -6.510E-04
  1.4296250E+04  1.197E-02  1.046E-02  5.851E-04
  1.4296750E+04  9.826E-04  2.903E-03  8.532E-03
  1.4297250E+04 -2.486E-03 -5.704E-04  6.558E-03
  1.4297750E+04 -2.343E-03 -1.446E-03  2.409E-03
  1.4298250E+04  1.316E-02  1.203E-02  2.838E-03
  1.4298750E+04  4.297E-03  6.696E-03  1.246E-02
  1.4299250E+04  1.372E-02  1.272E-02  3.631E-03
  1.4299750E+04  1.229E-03  1.552E-04 -3.778E-03
  1.4300250E+04 -3.702E-03 -2.887E-03  1.279E-03
  1.4300750E+04  6.521E-03  4.785E-03 -3.497E-03
  1.4301250E+04  1.872E-02  2.261E-02  2.710E-02
  1.4301750E+04  2.947E-03  1.780E-03 -3.221E-03
  1.4302250E+04  1.476E-02  1.055E-02 -9.348E-03
  1.4302750E+04  3.087E-02  3.463E-02  3.288E-02
  1.4303250E+04  6.490E-02  5.778E-02  6.820E-03
  1.4303750E+04  1.528E-02  1.043E-02 -1.165E-02
  1.4304250E+04  4.381E-02  3.375E-02 -1.771E-02
  1.4304750E+04  4.286E-02  6.755E-02  1.278E-01
  1.4305250E+04  1.469E-01  1.440E-01  7.043E-02
  1.4305750E+04  1.493E-01  1.395E-01  4.259E-02
  1.4306250E+04 -4.992E-02 -1.966E-02  9.972E-02
  1.4306750E+04  1.455E-01  1.563E-01  1.278E-01
  1.4307250E+04  7.322E-02  8.638E-02  9.589E-02
  1.4307750E+04  1.198E-01  1.024E-01 -6.335E-03
  1.4308250E+04  1.816E-01  1.793E-01  9.056E-02
  1.4308750E+04  1.182E-01  9.134E-02 -4.730E-02
  1.4309250E+04  1.529E-01  1.544E-01  9.103E-02
  1.4309750E+04  1.416E-01  1.547E-01  1.338E-01
  1.4310250E+04  1.411E-01  1.607E-01  1.601E-01
  1.4310750E+04  1.093E-01  1.401E-01  1.896E-01
  1.4311250E+04  2.691E-01  3.513E-01  4.941E-01
  1.4311750E+04  5.488E-01  4.948E-01  7.608E-02
  1.4312250E+04  5.233E-01  5.436E-01  3.761E-01
  1.4312750E+04  4.603E-01  5.269E-01  5.297E-01
  1.4313250E+04  5.401E-01  5.573E-01  3.676E-01
  1.4313750E+04  9.336E-01  9.710E-01  6.683E-01
  1.4314250E+04  6.910E-01  6.295E-01  1.216E-01
  1.4314750E+04  5.669E-01  6.185E-01  5.236E-01
  1.4315250E+04  7.351E-01  7.882E-01  6.218E-01
  1.4315750E+04  1.443E+00  1.402E+00  6.154E-01
  1.4316250E+04  6.131E-01  6.397E-01  4.448E-01
  1.4316750E+04  1.607E+00  1.578E+00  7.479E-01
  1.4317250E+04  1.170E+00  1.262E+00  1.019E+00
  1.4317750E+04  1.615E+00  1.509E+00  4.300E-01
  1.4318250E+04  1.807E+00  1.833E+00  1.081E+00
  1.4318750E+04  1.837E+00  1.918E+00  1.325E+00
  1.4319250E+04  2.367E+00  2.511E+00  1.882E+00
  1.4319750E+04  2.912E+00  2.930E+00  1.642E+00
  1.4320250E+04  2.305E+00  2.350E+00  1.424E+00
  1.4320750E+04  2.864E+00  3.010E+00  2.146E+00
  1.4321250E+04  3.903E+00  4.000E+00  2.490E+00
  1.4321750E+04  3.368E+00  3.466E+00  2.205E+00
  1.4322250E+04  4.279E+00  4.283E+00  2.286E+00
  1.4322750E+04  5.658E+00  5.798E+00  3.598E+00
  1.4323250E+04  4.707E+00  5.066E+00  4.010E+00
  1.4323750E+04  5.728E+00  5.888E+00  3.708E+00
  1.4324250E+04  7.507E+00  7.940E+00  5.796E+00
  1.4324750E+04  9.104E+00  9.352E+00  5.849E+00
  1.4325250E+04  9.446E+00  9.687E+00  5.998E+00
  1.4325750E+04  1.080E+01  1.080E+01  5.710E+00
  1.4326250E+04  1.191E+01  1.217E+01  7.357E+00
  1.4326750E+04  1.250E+01  1.261E+01  7.021E+00
  1.4327250E+04  1.299E+01  1.354E+01  9.130E+00
  1.4327750E+04  1.486E+01  1.536E+01  9.874E+00
  1.4328250E+04  1.568E+01  1.629E+01  1.074E+01
  1.4328750E+04  1.746E+01  1.779E+01  1.049E+01
  1.4329250E+04  1.904E+01  1.936E+01  1.125E+01
  1.4329750E+04  2.352E+01  2.369E+01  1.295E+01
  1.4330250E+04  2.264E+01  2.327E+01  1.442E+01
  1.4330750E+04  2.317E+01  2.410E+01  1.592E+01
  1.4331250E+04  2.487E+01  2.550E+01  1.549E+01
  1.4331750E+04  2.831E+01  2.841E+01  1.500E+01
  1.4332250E+04  2.940E+01  3.092E+01  2.152E+01
  1.4332750E+04  3.049E+01  3.228E+01  2.320E+01
  1.4333250E+04  3.843E+01  3.887E+01  2.156E+01
  1.4333750E+04  3.937E+01  3.895E+01  1.839E+01
  1.4334250E+04  4.248E+01  4.297E+01  2.375E+01
  1.4334750E+04  4.211E+01  4.360E+01  2.778E+01
  1.4335250E+04  4.793E+01  4.761E+01  2.297E+01
  1.4335750E+04  4.881E+01  4.993E+01  2.952E+01
  1.4336250E+04  4.987E+01  5.093E+01  2.973E+01
  1.4336750E+04  5.972E+01  5.931E+01  2.849E+01
  1.4337250E+04  6.232E+01  6.432E+01  3.990E+01
  1.4337750E+04  6.033E+01  6.057E+01  3.138E+01
  1.4338250E+04  6.401E+01  6.656E+01  4.298E+01
  1.4338750E+04  6.775E+01  6.932E+01  4.060E+01
  1.4339250E+04  7.414E+01  7.482E+01  3.997E+01
  1.4339750E+04  8.080E+01  8.242E+01  4.731E+01
  1.4340250E+04  8.499E+01  8.533E+01  4.384E+01
  1.4340750E+04  8.877E+01  8.990E+01  4.896E+01
  1.4341250E+04  8.892E+01  9.026E+01  4.983E+01
  1.4341750E+04  9.692E+01  9.761E+01  5.104E+01
  1.4342250E+04  9.274E+01  9.546E+01  5.746E+01
  1.4342750E+04  1.043E+02  1.043E+02  5.170E+01
  1.4343250E+04  1.085E+02  1.093E+02  5.689E+01
  1.4343750E+04  1.122E+02  1.120E+02  5.433E+01
  1.4344250E+04  1.102E+02  1.126E+02  6.443E+01
  1.4344750E+04  1.170E+02  1.206E+02  7.264E+01
  1.4345250E+04  1.197E+02  1.207E+02  6.300E+01
  1.4345750E+04  1.369E+02  1.358E+02  6.195E+01
  1.4346250E+04  1.315E+02  1.340E+02  7.486E+01
  1.4346750E+04  1.354E+02  1.357E+02  6.690E+01
  1.4347250E+04  1.323E+02  1.338E+02  7.064E+01
  1.4347750E+04  1.364E+02  1.375E+02  7.073E+01
  1.4348250E+04  1.358E+02  1.344E+02  5.953E+01
  1.4348750E+04  1.448E+02  1.457E+02  7.369E+01
  1.4349250E+04  1.411E+02  1.450E+02  8.459E+01
  1.4349750E+04  1.494E+02  1.494E+02  7.177E+01
  1.4350250E+04  1.447E+02  1.478E+02  8.250E+01
  1.4350750E+04  1.565E+02  1.564E+02  7.438E+01
  1.4351250E+04  1.592E+02  1.612E+02  8.422E+01
  1.4351750E+04  1.558E+02  1.584E+02  8.517E+01
  1.4352250E+04  1.734E+02  1.715E+02  7.435E+01
  1.4352750E+04  1.667E+02  1.662E+02  7.714E+01
  1.4353250E+04  1.612E+02  1.628E+02  8.292E+01
  1.4353750E+04  1.638E+02  1.639E+02  7.766E+01
  1.4354250E+04  1.619E+02  1.663E+02  9.472E+01
  1.4354750E+04  1.724E+02  1.731E+02  8.415E+01
  1.4355250E+04  1.697E+02  1.705E+02  8.279E+01
  1.4355750E+04  1.699E+02  1.687E+02  7.428E+01
  1.4356250E+04  1.635E+02  1.676E+02  9.367E+01
  1.4356750E+04  1.742E+02  1.747E+02  8.355E+01
  1.4357250E+04  1.658E+02  1.686E+02  8.918E+01
  1.4357750E+04  1.724E+02  1.730E+02  8.265E+01
  1.4358250E+04  1.775E+02  1.791E+02  8.917E+01
  1.4358750E+04  1.690E+02  1.696E+02  8.049E+01
  1.4359250E+04  1.664E+02  1.655E+02  7.285E+01
  1.4359750E+04  1.672E+02  1.677E+02  7.897E+01
  1.4360250E+04  1.630E+02  1.621E+02  7.049E+01
  1.4360750E+04  1.681E+02  1.689E+02  7.966E+01
  1.4361250E+04  1.616E+02  1.630E+02  7.941E+01
  1.4361750E+04  1.632E+02  1.648E+02  8.098E+01
  1.4362250E+04  1.551E+02  1.582E+02  8.344E+01
  1.4362750E+04  1.560E+02  1.564E+02  7.199E+01
  1.4363250E+04  1.453E+02  1.455E+02  6.629E+01
  1.4363750E+04  1.543E+02  1.542E+02  6.897E+01
  1.4364250E+04  1.531E+02  1.550E+02  7.669E+01
  1.4364750E+04  1.542E+02  1.547E+02  7.140E+01
  1.4365250E+04  1.419E+02  1.438E+02  7.127E+01
  1.4365750E+04  1.447E+02  1.463E+02  7.092E+01
  1.4366250E+04  1.440E+02  1.460E+02  7.233E+01
  1.4366750E+04  1.428E+02  1.428E+02  6.294E+01
  1.4367250E+04  1.404E+02  1.398E+02  5.932E+01
  1.4367750E+04  1.373E+02  1.382E+02  6.389E+01
  1.4368250E+04  1.271E+02  1.289E+02  6.308E+01
  1.4368750E+04  1.318E+02  1.323E+02  5.941E+01
  1.4369250E+04  1.238E+02  1.247E+02  5.749E+01
  1.4369750E+04  1.217E+02  1.232E+02  5.916E+01
  1.4370250E+04  1.148E+02  1.165E+02  5.675E+01
  1.4370750E+04  1.120E+02  1.120E+02  4.817E+01
  1.4371250E+04  1.098E+02  1.128E+02  5.960E+01
  1.4371750E+04  1.036E+02  1.056E+02  5.286E+01
  1.4372250E+04  1.029E+02  1.024E+02  4.163E+01
  1.4372750E+04  1.040E+02  1.058E+02  5.175E+01
  1.4373250E+04  9.284E+01  9.552E+01  5.044E+01
  1.4373750E+04  9.458E+01  9.476E+01  4.056E+01
  1.4374250E+04  9.130E+01  8.954E+01  3.068E+01
  1.4374750E+04  8.670E+01  8.742E+01  3.907E+01
  1.4375250E+04  8.229E+01  8.254E+01  3.523E+01
  1.4375750E+04  8.165E+01  8.061E+01  2.906E+01
  1.4376250E+04  7.902E+01  7.927E+01  3.321E+01
  1.4376750E+04  7.301E+01  7.483E+01  3.729E+01
  1.4377250E+04  7.009E+01  7.056E+01  3.038E+01
  1.4377750E+04  6.644E+01  6.829E+01  3.474E+01
  1.4378250E+04  6.233E+01  6.476E+01  3.504E+01
  1.4378750E+04  5.827E+01  5.837E+01  2.320E+01
  1.4379250E+04  5.746E+01  5.818E+01  2.562E+01
  1.4379750E+04  5.265E+01  5.253E+01  1.983E+01
  1.4380250E+04  5.221E+01  5.151E+01  1.698E+01
  1.4380750E+04  4.533E+01  4.592E+01  1.945E+01
  1.4381250E+04  4.937E+01  4.949E+01  1.934E+01
  1.4381750E+04  4.248E+01  4.503E+01  2.661E+01
  1.4382250E+04  4.443E+01  4.336E+01  1.204E+01
  1.4382750E+04  3.140E+01  3.278E+01  1.663E+01
  1.4383250E+04  3.533E+01  3.752E+01  2.207E+01
  1.4383750E+04  3.107E+01  3.174E+01  1.367E+01
  1.4384250E+04  4.114E+01  3.951E+01  8.018E+00
  1.4384750E+04  2.734E+01  2.908E+01  1.641E+01
  1.4385250E+04  1.888E+01  2.166E+01  1.723E+01
  1.4385750E+04  2.698E+01  2.709E+01  9.244E+00
  1.4386250E+04  2.074E+01  2.171E+01  1.048E+01
  1.4386750E+04  1.517E+01  1.441E+01  4.586E-01
  1.4387250E+04  5.585E+00  5.962E+00  1.208E+00
  1.4387750E+04  1.414E+01  1.579E+01  1.040E+01
  1.4388250E+04  1.179E+01  1.246E+01  5.333E+00
  1.4388750E+04  3.926E+00  6.625E+00  1.041E+01
  1.4389250E+04  1.427E+01  1.316E+01 -1.261E+00
  1.4389750E+04  9.518E+00  8.806E+00 -1.722E+00
  1.4390250E+04  1.634E+00  1.539E+00 -2.672E+00
  1.4390750E+04  3.452E+00  4.070E+00  1.278E+00
  1.4391250E+04  3.089E+00  4.150E+00  3.347E+00
  1.4391750E+04  1.987E+00  1.278E+00 -4.986E+00
  1.4392250E+04  4.481E+00  3.585E+00 -4.550E+00
  1.4392750E+04 -1.235E+01 -1.005E+01  1.994E+00
  1.4393250E+04 -8.306E+00 -7.934E+00 -4.487E+00
  1.4393750E+04 -4.787E+00 -5.748E+00 -8.891E+00
  1.4394250E+04 -4.349E+00 -4.686E+00 -6.058E+00
  1.4394750E+04 -8.897E+00 -6.905E+00  2.026E+00
  1.4395250E+04 -1.406E+01 -1.127E+01  3.487E+00
  1.4395750E+04 -9.997E+00 -8.281E+00  5.493E-01
  1.4396250E+04 -1.609E+01 -1.532E+01 -6.204E+00
  1.4396750E+04 -8.015E+00 -9.678E+00 -1.298E+01
  1.4397250E+04 -1.397E+01 -1.319E+01 -5.177E+00
  1.4397750E+04 -1.765E+01 -1.809E+01 -1.212E+01
  1.4398250E+04 -1.843E+01 -1.824E+01 -9.705E+00
  1.4398750E+04 -1.477E+01 -1.527E+01 -1.085E+01
  1.4399250E+04 -1.515E+01 -1.565E+01 -1.072E+01
  1.4399750E+04 -2.254E+01 -2.155E+01 -7.841E+00
  1.4400250E+04 -1.604E+01 -1.500E+01 -4.796E+00
  1.4400750E+04 -2.360E+01 -2.236E+01 -6.988E+00
  1.4401250E+04 -2.027E+01 -2.106E+01 -1.431E+01
  1.4401750E+04 -2.092E+01 -1.948E+01 -4.644E+00
  1.4402250E+04 -2.194E+01 -2.147E+01 -9.538E+00
  1.4402750E+04 -1.910E+01 -2.040E+01 -1.561E+01
  1.4403250E+04 -2.245E+01 -2.177E+01 -9.084E+00
  1.4403750E+04 -2.809E+01 -2.642E+01 -7.173E+00
  1.4404250E+04 -2.093E+01 -2.071E+01 -1.032E+01
  1.4404750E+04 -2.211E+01 -2.263E+01 -1.352E+01
  1.4405250E+04 -2.438E+01 -2.436E+01 -1.254E+01
  1.4405750E+04 -2.428E+01 -2.313E+01 -7.675E+00
  1.4406250E+04 -2.851E+01 -2.785E+01 -1.127E+01
  1.4406750E+04 -2.437E+01 -2.478E+01 -1.384E+01
  1.4407250E+04 -2.683E+01 -2.549E+01 -7.463E+00
  1.4407750E+04 -2.939E+01 -3.078E+01 -2.021E+01
  1.4408250E+04 -3.094E+01 -3.023E+01 -1.193E+01
  1.4408750E+04 -2.581E+01 -2.477E+01 -8.996E+00
  1.4409250E+04 -2.642E+01 -2.637E+01 -1.294E+01
  1.4409750E+04 -3.088E+01 -3.074E+01 -1.422E+01
  1.4410250E+04 -2.938E+01 -2.772E+01 -7.078E+00
  1.4410750E+04 -3.156E+01 -3.054E+01 -1.060E+01
  1.4411250E+04 -3.536E+01 -3.374E+01 -9.906E+00
  1.4411750E+04 -3.022E+01 -3.136E+01 -1.948E+01
  1.4412250E+04 -2.726E+01 -2.872E+01 -1.965E+01
  1.4412750E+04 -2.703E+01 -2.853E+01 -1.946E+01
  1.4413250E+04 -2.642E+01 -2.603E+01 -1.134E+01
  1.4413750E+04 -3.035E+01 -3.035E+01 -1.477E+01
  1.4414250E+04 -3.750E+01 -3.590E+01 -1.063E+01
  1.4414750E+04 -3.150E+01 -3.078E+01 -1.189E+01
  1.4415250E+04 -2.782E+01 -2.911E+01 -1.908E+01
  1.4415750E+04 -2.911E+01 -2.922E+01 -1.465E+01
  1.4416250E+04 -2.945E+01 -2.953E+01 -1.432E+01
  1.4416750E+04 -3.138E+01 -3.097E+01 -1.315E+01
  1.4417250E+04 -3.057E+01 -3.074E+01 -1.524E+01
  1.4417750E+04 -2.777E+01 -2.702E+01 -9.894E+00
  1.4418250E+04 -3.651E+01 -3.630E+01 -1.632E+01
  1.4418750E+04 -2.529E+01 -2.612E+01 -1.596E+01
  1.4419250E+04 -3.228E+01 -3.139E+01 -1.134E+01
  1.4419750E+04 -2.864E+01 -2.896E+01 -1.501E+01
  1.4420250E+04 -3.000E+01 -2.930E+01 -1.110E+01
  1.4420750E+04 -3.156E+01 -3.121E+01 -1.327E+01
  1.4421250E+04 -2.991E+01 -3.063E+01 -1.722E+01
  1.4421750E+04 -3.384E+01 -3.350E+01 -1.435E+01
  1.4422250E+04 -3.119E+01 -3.150E+01 -1.609E+01
  1.4422750E+04 -3.026E+01 -3.101E+01 -1.724E+01
  1.4423250E+04 -2.616E+01 -2.696E+01 -1.579E+01
  1.4423750E+04 -2.945E+01 -2.921E+01 -1.270E+01
  1.4424250E+04 -3.115E+01 -3.101E+01 -1.374E+01
  1.4424750E+04 -3.285E+01 -3.218E+01 -1.234E+01
  1.4425250E+04 -3.148E+01 -3.140E+01 -1.449E+01
  1.4425750E+04 -3.066E+01 -3.002E+01 -1.180E+01
  1.4426250E+04 -3.155E+01 -3.042E+01 -9.871E+00
  1.4426750E+04 -2.915E+01 -2.970E+01 -1.607E+01
  1.4427250E+04 -3.265E+01 -3.182E+01 -1.143E+01
  1.4427750E+04 -2.718E+01 -2.815E+01 -1.681E+01
  1.4428250E+04 -3.138E+01 -3.142E+01 -1.460E+01
  1.4428750E+04 -2.562E+01 -2.702E+01 -1.812E+01
  1.4429250E+04 -2.997E+01 -3.107E+01 -1.861E+01
  1.4429750E+04 -2.989E+01 -3.033E+01 -1.590E+01
  1.4430250E+04 -2.848E+01 -2.836E+01 -1.275E+01
  1.4430750E+04 -3.168E+01 -3.109E+01 -1.169E+01
  1.4431250E+04 -3.082E+01 -3.017E+01 -1.136E+01
  1.4431750E+04 -2.772E+01 -2.877E+01 -1.762E+01
  1.4432250E+04 -3.209E+01 -3.138E+01 -1.153E+01
  1.4432750E+04 -2.932E+01 -3.061E+01 -1.909E+01
  1.4433250E+04 -2.833E+01 -2.806E+01 -1.206E+01
  1.4433750E+04 -2.796E+01 -2.768E+01 -1.178E+01
  1.4434250E+04 -2.961E+01 -2.861E+01 -9.022E+00
  1.4434750E+04 -3.011E+01 -3.090E+01 -1.707E+01
  1.4435250E+04 -2.852E+01 -2.754E+01 -8.811E+00
  1.4435750E+04 -2.965E+01 -2.944E+01 -1.278E+01
  1.4436250E+04 -3.051E+01 -2.977E+01 -1.092E+01
  1.4436750E+04 -2.707E+01 -2.814E+01 -1.707E+01
  1.4437250E+04 -3.253E+01 -3.205E+01 -1.256E+01
  1.4437750E+04 -3.086E+01 -3.081E+01 -1.388E+01
  1.4438250E+04 -2.754E+01 -2.738E+01 -1.186E+01
  1.4438750E+04 -2.826E+01 -2.832E+01 -1.306E+01
  1.4439250E+04 -2.807E+01 -2.858E+01 -1.498E+01
  1.4439750E+04 -2.929E+01 -2.917E+01 -1.272E+01
  1.4440250E+04 -2.931E+01 -2.974E+01 -1.539E+01
  1.4440750E+04 -2.600E+01 -2.557E+01 -1.001E+01
  1.4441250E+04 -2.871E+01 -2.875E+01 -1.343E+01
  1.4441750E+04 -2.797E+01 -2.841E+01 -1.460E+01
  1.4442250E+04 -2.656E+01 -2.783E+01 -1.760E+01
  1.4442750E+04 -2.767E+01 -2.744E+01 -1.172E+01
  1.4443250E+04 -2.581E+01 -2.622E+01 -1.365E+01
  1.4443750E+04 -3.042E+01 -2.952E+01 -1.006E+01
  1.4444250E+04 -2.871E+01 -2.853E+01 -1.223E+01
  1.4444750E+04 -2.430E+01 -2.589E+01 -1.823E+01
  1.4445250E+04 -2.811E+01 -2.884E+01 -1.615E+01
  1.4445750E+04 -2.640E+01 -2.659E+01 -1.276E+01
  1.4446250E+04 -2.627E+01 -2.643E+01 -1.261E+01
  1.4446750E+04 -2.727E+01 -2.720E+01 -1.213E+01
  1.4447250E+04 -3.135E+01 -3.046E+01 -1.112E+01
  1.4447750E+04 -2.681E+01 -2.682E+01 -1.224E+01
  1.4448250E+04 -2.632E+01 -2.679E+01 -1.385E+01
  1.4448750E+04 -2.528E+01 -2.521E+01 -1.096E+01
  1.4449250E+04 -2.586E+01 -2.575E+01 -1.135E+01
  1.4449750E+04 -2.627E+01 -2.633E+01 -1.229E+01
  1.4450250E+04 -3.029E+01 -3.050E+01 -1.441E+01
  1.4450750E+04 -2.485E+01 -2.483E+01 -1.128E+01
  1.4451250E+04 -2.502E+01 -2.512E+01 -1.208E+01
  1.4451750E+04 -2.890E+01 -2.912E+01 -1.423E+01
  1.4452250E+04 -2.931E+01 -2.931E+01 -1.325E+01
  1.4452750E+04 -2.414E+01 -2.490E+01 -1.431E+01
  1.4453250E+04 -2.383E+01 -2.418E+01 -1.236E+01
  1.4453750E+04 -2.626E+01 -2.596E+01 -1.062E+01
  1.4454250E+04 -2.566E+01 -2.584E+01 -1.231E+01
  1.4454750E+04 -2.393E+01 -2.357E+01 -9.222E+00
  1.4455250E+04 -2.697E+01 -2.654E+01 -1.046E+01
  1.4455750E+04 -2.538E+01 -2.567E+01 -1.289E+01
  1.4456250E+04 -2.427E+01 -2.434E+01 -1.169E+01
  1.4456750E+04 -2.501E+01 -2.475E+01 -1.043E+01
  1.4457250E+04 -2.599E+01 -2.593E+01 -1.161E+01
  1.4457750E+04 -2.438E+01 -2.473E+01 -1.255E+01
  1.4458250E+04 -2.403E+01 -2.440E+01 -1.265E+01
  1.4458750E+04 -2.489E+01 -2.501E+01 -1.210E+01
  1.4459250E+04 -2.318E+01 -2.338E+01 -1.138E+01
  1.4459750E+04 -2.453E+01 -2.423E+01 -9.506E+00
  1.4460250E+04 -2.488E+01 -2.449E+01 -9.575E+00
  1.4460750E+04 -2.291E+01 -2.332E+01 -1.212E+01
  1.4461250E+04 -2.489E+01 -2.504E+01 -1.182E+01
  1.4461750E+04 -2.353E+01 -2.335E+01 -9.708E+00
  1.4462250E+04 -2.186E+01 -2.219E+01 -1.157E+01
  1.4462750E+04 -2.428E+01 -2.448E+01 -1.181E+01
  1.4463250E+04 -2.485E+01 -2.447E+01 -9.658E+00
  1.4463750E+04 -2.279E+01 -2.360E+01 -1.393E+01
  1.4464250E+04 -1.974E+01 -2.112E+01 -1.508E+01
  1.4464750E+04 -2.374E+01 -2.376E+01 -1.091E+01
  1.4465250E+04 -2.501E+01 -2.462E+01 -9.569E+00
  1.4465750E+04 -2.436E+01 -2.430E+01 -1.084E+01
  1.4466250E+04 -2.410E+01 -2.399E+01 -1.067E+01
  1.4466750E+04 -2.290E+01 -2.266E+01 -9.277E+00
  1.4467250E+04 -2.487E+01 -2.491E+01 -1.131E+01
  1.4467750E+04 -2.120E+01 -2.175E+01 -1.209E+01
  1.4468250E+04 -2.470E+01 -2.424E+01 -9.086E+00
  1.4468750E+04 -2.308E+01 -2.306E+01 -1.042E+01
  1.4469250E+04 -2.152E+01 -2.178E+01 -1.087E+01
  1.4469750E+04 -2.188E+01 -2.158E+01 -8.962E+00
  1.4470250E+04 -2.157E+01 -2.207E+01 -1.186E+01
  1.4470750E+04 -2.269E+01 -2.335E+01 -1.303E+01
  1.4471250E+04 -2.266E+01 -2.294E+01 -1.168E+01
  1.4471750E+04 -2.465E+01 -2.490E+01 -1.201E+01
  1.4472250E+04 -2.167E+01 -2.162E+01 -9.485E+00
  1.4472750E+04 -1.955E+01 -2.015E+01 -1.154E+01
  1.4473250E+04 -2.136E+01 -2.215E+01 -1.311E+01
  1.4473750E+04 -2.256E+01 -2.230E+01 -9.018E+00
  1.4474250E+04 -2.041E+01 -2.057E+01 -9.857E+00
  1.4474750E+04 -2.245E+01 -2.309E+01 -1.287E+01
  1.4475250E+04 -2.269E+01 -2.300E+01 -1.169E+01
  1.4475750E+04 -2.006E+01 -1.990E+01 -8.547E+00
  1.4476250E+04 -2.238E+01 -2.215E+01 -9.105E+00
  1.4476750E+04 -2.220E+01 -2.253E+01 -1.176E+01
  1.4477250E+04 -2.077E+01 -2.043E+01 -8.155E+00
  1.4477750E+04 -2.019E+01 -2.007E+01 -8.680E+00
  1.4478250E+04 -2.101E+01 -2.160E+01 -1.197E+01
  1.4478750E+04 -2.147E+01 -2.220E+01 -1.281E+01
  1.4479250E+04 -1.942E+01 -1.938E+01 -8.274E+00
  1.4479750E+04 -2.185E+01 -2.161E+01 -8.893E+00
  1.4480250E+04 -2.206E+01 -2.229E+01 -1.114E+01
  1.4480750E+04 -2.155E+01 -2.123E+01 -8.704E+00
  1.4481250E+04 -2.134E+01 -2.124E+01 -9.517E+00
  1.4481750E+04 -2.108E+01 -2.122E+01 -1.004E+01
  1.4482250E+04 -2.072E+01 -2.108E+01 -1.140E+01
  1.4482750E+04 -1.767E+01 -1.887E+01 -1.190E+01
  1.4483250E+04 -2.201E+01 -2.247E+01 -1.189E+01
  1.4483750E+04 -1.984E+01 -2.019E+01 -1.053E+01
  1.4484250E+04 -2.075E+01 -2.087E+01 -1.013E+01
  1.4484750E+04 -1.977E+01 -2.053E+01 -1.224E+01
  1.4485250E+04 -1.896E+01 -1.891E+01 -7.812E+00
  1.4485750E+04 -1.917E+01 -1.915E+01 -8.372E+00
  1.4486250E+04 -1.976E+01 -1.958E+01 -8.215E+00
  1.4486750E+04 -2.114E+01 -2.155E+01 -1.103E+01
  1.4487250E+04 -2.002E+01 -1.951E+01 -6.753E+00
  1.4487750E+04 -1.869E+01 -1.858E+01 -8.261E+00
  1.4488250E+04 -2.014E+01 -1.980E+01 -7.748E+00
  1.4488750E+04 -1.962E+01 -1.988E+01 -1.008E+01
  1.4489250E+04 -1.859E+01 -1.919E+01 -1.105E+01
  1.4489750E+04 -1.931E+01 -1.898E+01 -7.102E+00
  1.4490250E+04 -1.873E+01 -1.853E+01 -7.822E+00
  1.4490750E+04 -2.012E+01 -2.012E+01 -9.218E+00
  1.4491250E+04 -1.892E+01 -1.845E+01 -6.630E+00
  1.4491750E+04 -1.995E+01 -2.009E+01 -9.641E+00
  1.4492250E+04 -1.954E+01 -1.994E+01 -1.053E+01
  1.4492750E+04 -1.998E+01 -2.065E+01 -1.225E+01
  1.4493250E+04 -2.029E+01 -2.004E+01 -7.914E+00
  1.4493750E+04 -1.882E+01 -1.923E+01 -1.046E+01
  1.4494250E+04 -1.820E+01 -1.855E+01 -9.735E+00
  1.4494750E+04 -1.845E+01 -1.848E+01 -8.439E+00
  1.4495250E+04 -1.845E+01 -1.806E+01 -6.882E+00
  1.4495750E+04 -1.759E+01 -1.832E+01 -1.082E+01
  1.4496250E+04 -1.770E+01 -1.818E+01 -9.946E+00
  1.4496750E+04 -1.993E+01 -2.021E+01 -1.038E+01
  1.4497250E+04 -1.956E+01 -1.952E+01 -8.726E+00
  1.4497750E+04 -1.945E+01 -1.985E+01 -1.062E+01
  1.4498250E+04 -1.819E+01 -1.839E+01 -8.924E+00
  1.4498750E+04 -1.653E+01 -1.739E+01 -1.110E+01
  1.4499250E+04 -1.921E+01 -1.929E+01 -9.077E+00
  1.4499750E+04 -1.736E+01 -1.741E+01 -7.919E+00
  1.4500250E+04 -1.786E+01 -1.767E+01 -6.992E+00
  1.4500750E+04 -1.767E+01 -1.758E+01 -7.672E+00
  1.4501250E+04 -1.712E+01 -1.728E+01 -8.624E+00
  1.4501750E+04 -1.931E+01 -1.850E+01 -5.203E+00
  1.4502250E+04 -1.932E+01 -1.948E+01 -9.622E+00
  1.4502750E+04 -1.728E+01 -1.705E+01 -6.705E+00
  1.4503250E+04 -1.969E+01 -1.972E+01 -8.737E+00
  1.4503750E+04 -1.587E+01 -1.665E+01 -1.028E+01
  1.4504250E+04 -1.621E+01 -1.662E+01 -9.378E+00
  1.4504750E+04 -1.719E+01 -1.733E+01 -8.349E+00
  1.4505250E+04 -1.675E+01 -1.741E+01 -1.065E+01
  1.4505750E+04 -1.674E+01 -1.734E+01 -1.007E+01
  1.4506250E+04 -1.730E+01 -1.777E+01 -9.663E+00
  1.4506750E+04 -1.646E+01 -1.719E+01 -1.033E+01
  1.4507250E+04 -1.865E+01 -1.790E+01 -5.053E+00
  1.4507750E+04 -1.854E+01 -1.819E+01 -6.975E+00
  1.4508250E+04 -1.639E+01 -1.679E+01 -9.072E+00
  1.4508750E+04 -1.676E+01 -1.707E+01 -8.946E+00
  1.4509250E+04 -1.707E+01 -1.659E+01 -5.815E+00
  1.4509750E+04 -1.712E+01 -1.749E+01 -9.107E+00
  1.4510250E+04 -1.653E+01 -1.688E+01 -8.853E+00
  1.4510750E+04 -1.602E+01 -1.629E+01 -8.429E+00
  1.4511250E+04 -1.632E+01 -1.640E+01 -7.714E+00
  1.4511750E+04 -1.593E+01 -1.598E+01 -7.413E+00
  1.4512250E+04 -1.552E+01 -1.589E+01 -8.397E+00
  1.4512750E+04 -1.697E+01 -1.717E+01 -8.654E+00
  1.4513250E+04 -1.715E+01 -1.685E+01 -6.734E+00
  1.4513750E+04 -1.425E+01 -1.480E+01 -8.922E+00
  1.4514250E+04 -1.638E+01 -1.672E+01 -8.849E+00
  1.4514750E+04 -1.739E+01 -1.760E+01 -8.453E+00
  1.4515250E+04 -1.705E+01 -1.721E+01 -8.456E+00
  1.4515750E+04 -1.683E+01 -1.652E+01 -5.997E+00
  1.4516250E+04 -1.479E+01 -1.535E+01 -9.017E+00
  1.4516750E+04 -1.612E+01 -1.593E+01 -6.548E+00
  1.4517250E+04 -1.686E+01 -1.692E+01 -7.796E+00
  1.4517750E+04 -1.625E+01 -1.673E+01 -9.531E+00
  1.4518250E+04 -1.578E+01 -1.639E+01 -9.730E+00
  1.4518750E+04 -1.579E+01 -1.622E+01 -9.075E+00
  1.4519250E+04 -1.725E+01 -1.689E+01 -6.105E+00
  1.4519750E+04 -1.626E+01 -1.603E+01 -6.255E+00
  1.4520250E+04 -1.474E+01 -1.473E+01 -6.619E+00
  1.4520750E+04 -1.602E+01 -1.593E+01 -6.934E+00
  1.4521250E+04 -1.515E+01 -1.541E+01 -7.977E+00
  1.4521750E+04 -1.678E+01 -1.680E+01 -7.265E+00
  1.4522250E+04 -1.549E+01 -1.621E+01 -1.012E+01
  1.4522750E+04 -1.440E+01 -1.474E+01 -8.285E+00
  1.4523250E+04 -1.423E+01 -1.447E+01 -7.530E+00
  1.4523750E+04 -1.635E+01 -1.672E+01 -8.817E+00
  1.4524250E+04 -1.585E+01 -1.609E+01 -8.206E+00
  1.4524750E+04 -1.581E+01 -1.605E+01 -8.388E+00
  1.4525250E+04 -1.550E+01 -1.544E+01 -6.860E+00
  1.4525750E+04 -1.583E+01 -1.586E+01 -7.351E+00
  1.4526250E+04 -1.511E+01 -1.486E+01 -5.705E+00
  1.4526750E+04 -1.637E+01 -1.616E+01 -6.482E+00
  1.4527250E+04 -1.428E+01 -1.456E+01 -7.392E+00
  1.4527750E+04 -1.431E+01 -1.476E+01 -8.348E+00
  1.4528250E+04 -1.512E+01 -1.492E+01 -5.772E+00
  1.4528750E+04 -1.493E+01 -1.485E+01 -6.278E+00
  1.4529250E+04 -1.304E+01 -1.403E+01 -1.038E+01
  1.4529750E+04 -1.445E+01 -1.489E+01 -8.597E+00
  1.4530250E+04 -1.404E+01 -1.475E+01 -9.435E+00
  1.4530750E+04 -1.454E+01 -1.475E+01 -7.394E+00
  1.4531250E+04 -1.435E+01 -1.436E+01 -6.561E+00
  1.4531750E+04 -1.707E+01 -1.688E+01 -6.716E+00
  1.4532250E+04 -1.526E+01 -1.519E+01 -6.594E+00
  1.4532750E+04 -1.288E+01 -1.350E+01 -8.566E+00
  1.4533250E+04 -1.467E+01 -1.464E+01 -6.383E+00
  1.4533750E+04 -1.427E+01 -1.412E+01 -5.905E+00
  1.4534250E+04 -1.331E+01 -1.361E+01 -7.272E+00
  1.4534750E+04 -1.451E+01 -1.452E+01 -6.485E+00
  1.4535250E+04 -1.368E+01 -1.353E+01 -5.611E+00
  1.4535750E+04 -1.448E+01 -1.455E+01 -6.899E+00
  1.4536250E+04 -1.304E+01 -1.326E+01 -7.061E+00
  1.4536750E+04 -1.404E+01 -1.430E+01 -7.485E+00
  1.4537250E+04 -1.384E+01 -1.329E+01 -3.833E+00
  1.4537750E+04 -1.340E+01 -1.332E+01 -5.736E+00
  1.4538250E+04 -1.340E+01 -1.395E+01 -8.186E+00
  1.4538750E+04 -1.403E+01 -1.435E+01 -7.655E+00
  1.4539250E+04 -1.335E+01 -1.334E+01 -5.930E+00
  1.4539750E+04 -1.405E+01 -1.402E+01 -6.284E+00
  1.4540250E+04 -1.383E+01 -1.402E+01 -7.136E+00
  1.4540750E+04 -1.298E+01 -1.333E+01 -7.250E+00
  1.4541250E+04 -1.234E+01 -1.282E+01 -7.819E+00
  1.4541750E+04 -1.246E+01 -1.269E+01 -6.427E+00
  1.4542250E+04 -1.255E+01 -1.251E+01 -5.641E+00
  1.4542750E+04 -1.468E+01 -1.500E+01 -7.980E+00
  1.4543250E+04 -1.539E+01 -1.524E+01 -6.201E+00
  1.4543750E+04 -1.319E+01 -1.319E+01 -6.077E+00
  1.4544250E+04 -1.190E+01 -1.223E+01 -6.618E+00
  1.4544750E+04 -1.267E+01 -1.287E+01 -6.650E+00
  1.4545250E+04 -1.301E+01 -1.350E+01 -8.240E+00
  1.4545750E+04 -1.353E+01 -1.387E+01 -7.342E+00
  1.4546250E+04 -1.432E+01 -1.409E+01 -5.232E+00
  1.4546750E+04 -1.227E+01 -1.297E+01 -8.267E+00
  1.4547250E+04 -1.255E+01 -1.285E+01 -7.239E+00
  1.4547750E+04 -1.255E+01 -1.249E+01 -5.391E+00
  1.4548250E+04 -1.334E+01 -1.347E+01 -6.390E+00
  1.4548750E+04 -1.367E+01 -1.387E+01 -7.151E+00
  1.4549250E+04 -1.377E+01 -1.353E+01 -5.094E+00
  1.4549750E+04 -1.354E+01 -1.378E+01 -6.999E+00
  1.4550250E+04 -1.298E+01 -1.334E+01 -7.284E+00
  1.4550750E+04 -1.315E+01 -1.295E+01 -5.007E+00
  1.4551250E+04 -1.260E+01 -1.214E+01 -3.716E+00
  1.4551750E+04 -1.204E+01 -1.220E+01 -6.178E+00
  1.4552250E+04 -1.250E+01 -1.266E+01 -6.342E+00
  1.4552750E+04 -1.330E+01 -1.347E+01 -6.410E+00
  1.4553250E+04 -1.297E+01 -1.262E+01 -4.517E+00
  1.4553750E+04 -1.121E+01 -1.137E+01 -5.788E+00
  1.4554250E+04 -1.230E+01 -1.258E+01 -6.908E+00
  1.4554750E+04 -1.408E+01 -1.412E+01 -6.594E+00
  1.4555250E+04 -1.184E+01 -1.243E+01 -8.084E+00
  1.4555750E+04 -1.192E+01 -1.239E+01 -7.406E+00
  1.4556250E+04 -1.265E+01 -1.282E+01 -6.576E+00
  1.4556750E+04 -1.388E+01 -1.340E+01 -4.128E+00
  1.4557250E+04 -1.250E+01 -1.280E+01 -6.743E+00
  1.4557750E+04 -1.183E+01 -1.192E+01 -5.516E+00
  1.4558250E+04 -1.150E+01 -1.169E+01 -5.944E+00
  1.4558750E+04 -1.171E+01 -1.210E+01 -6.923E+00
  1.4559250E+04 -1.144E+01 -1.185E+01 -7.213E+00
  1.4559750E+04 -1.295E+01 -1.274E+01 -4.967E+00
  1.4560250E+04 -1.171E+01 -1.172E+01 -5.076E+00
  1.4560750E+04 -1.092E+01 -1.129E+01 -6.660E+00
  1.4561250E+04 -1.196E+01 -1.166E+01 -4.088E+00
  1.4561750E+04 -1.239E+01 -1.227E+01 -4.809E+00
  1.4562250E+04 -1.141E+01 -1.150E+01 -5.373E+00
  1.4562750E+04 -1.198E+01 -1.196E+01 -5.387E+00
  1.4563250E+04 -1.214E+01 -1.165E+01 -3.506E+00
  1.4563750E+04 -1.319E+01 -1.314E+01 -5.584E+00
  1.4564250E+04 -9.683E+00 -1.026E+01 -6.690E+00
  1.4564750E+04 -1.216E+01 -1.232E+01 -6.090E+00
  1.4565250E+04 -1.217E+01 -1.217E+01 -5.568E+00
  1.4565750E+04 -1.067E+01 -1.073E+01 -5.368E+00
  1.4566250E+04 -1.322E+01 -1.308E+01 -5.401E+00
  1.4566750E+04 -1.116E+01 -1.133E+01 -5.772E+00
  1.4567250E+04 -1.031E+01 -1.045E+01 -5.476E+00
  1.4567750E+04 -1.147E+01 -1.185E+01 -6.657E+00
  1.4568250E+04 -1.205E+01 -1.192E+01 -4.666E+00
  1.4568750E+04 -1.135E+01 -1.156E+01 -6.001E+00
  1.4569250E+04 -1.118E+01 -1.132E+01 -5.732E+00
  1.4569750E+04 -1.068E+01 -1.103E+01 -6.408E+00
  1.4570250E+04 -1.162E+01 -1.137E+01 -4.247E+00
  1.4570750E+04 -1.150E+01 -1.158E+01 -5.290E+00
  1.4571250E+04 -1.148E+01 -1.167E+01 -6.101E+00
  1.4571750E+04 -1.137E+01 -1.194E+01 -7.613E+00
  1.4572250E+04 -1.235E+01 -1.239E+01 -5.897E+00
  1.4572750E+04 -1.136E+01 -1.129E+01 -4.688E+00
  1.4573250E+04 -1.100E+01 -1.106E+01 -5.449E+00
  1.4573750E+04 -9.149E+00 -9.224E+00 -4.541E+00
  1.4574250E+04 -1.067E+01 -1.056E+01 -4.195E+00
  1.4574750E+04 -1.224E+01 -1.234E+01 -5.958E+00
  1.4575250E+04 -1.097E+01 -1.110E+01 -5.660E+00
  1.4575750E+04 -1.111E+01 -1.133E+01 -6.125E+00
  1.4576250E+04 -1.157E+01 -1.169E+01 -5.859E+00
  1.4576750E+04 -1.045E+01 -1.057E+01 -5.168E+00
  1.4577250E+04 -1.031E+01 -1.042E+01 -4.928E+00
  1.4577750E+04 -9.377E+00 -9.509E+00 -4.856E+00
  1.4578250E+04 -9.417E+00 -1.018E+01 -6.953E+00
  1.4578750E+04 -1.043E+01 -1.061E+01 -5.399E+00
  1.4579250E+04 -1.129E+01 -1.159E+01 -6.462E+00
  1.4579750E+04 -1.040E+01 -1.060E+01 -5.635E+00
  1.4580250E+04 -9.834E+00 -9.946E+00 -4.766E+00
  1.4580750E+04 -1.019E+01 -1.020E+01 -4.652E+00
  1.4581250E+04 -1.104E+01 -1.127E+01 -5.868E+00
  1.4581750E+04 -1.121E+01 -1.144E+01 -6.039E+00
  1.4582250E+04 -1.045E+01 -1.056E+01 -5.165E+00
  1.4582750E+04 -1.120E+01 -1.105E+01 -4.482E+00
  1.4583250E+04 -9.880E+00 -1.004E+01 -5.315E+00
  1.4583750E+04 -9.883E+00 -9.937E+00 -4.716E+00
  1.4584250E+04 -1.065E+01 -1.089E+01 -5.692E+00
  1.4584750E+04 -1.008E+01 -1.003E+01 -4.642E+00
  1.4585250E+04 -9.827E+00 -1.019E+01 -5.854E+00
  1.4585750E+04 -9.078E+00 -9.194E+00 -4.492E+00
  1.4586250E+04 -9.298E+00 -9.402E+00 -4.663E+00
  1.4586750E+04 -9.830E+00 -1.038E+01 -6.674E+00
  1.4587250E+04 -1.085E+01 -1.112E+01 -6.142E+00
  1.4587750E+04 -9.892E+00 -9.636E+00 -3.472E+00
  1.4588250E+04 -1.056E+01 -1.076E+01 -5.290E+00
  1.4588750E+04 -1.057E+01 -1.087E+01 -5.784E+00
  1.4589250E+04 -9.620E+00 -9.906E+00 -5.570E+00
  1.4589750E+04 -8.786E+00 -8.543E+00 -2.982E+00
  1.4590250E+04 -9.671E+00 -9.686E+00 -4.262E+00
  1.4590750E+04 -1.017E+01 -1.048E+01 -5.741E+00
  1.4591250E+04 -1.032E+01 -1.025E+01 -4.369E+00
  1.4591750E+04 -1.034E+01 -1.041E+01 -4.995E+00
  1.4592250E+04 -9.553E+00 -9.946E+00 -6.284E+00
  1.4592750E+04 -8.953E+00 -9.378E+00 -6.087E+00
  1.4593250E+04 -9.600E+00 -9.628E+00 -4.286E+00
  1.4593750E+04 -9.903E+00 -9.745E+00 -3.641E+00
  1.4594250E+04 -9.772E+00 -9.946E+00 -5.241E+00
  1.4594750E+04 -9.527E+00 -9.791E+00 -5.684E+00
  1.4595250E+04 -1.063E+01 -1.064E+01 -4.752E+00
  1.4595750E+04 -9.887E+00 -1.021E+01 -6.035E+00
  1.4596250E+04 -9.280E+00 -9.299E+00 -4.219E+00
  1.4596750E+04 -1.052E+01 -1.055E+01 -4.558E+00
  1.4597250E+04 -9.677E+00 -9.921E+00 -5.632E+00
  1.4597750E+04 -9.027E+00 -9.144E+00 -4.620E+00
  1.4598250E+04 -8.603E+00 -8.888E+00 -5.192E+00
  1.4598750E+04 -8.018E+00 -8.048E+00 -3.605E+00
  1.4599250E+04 -9.598E+00 -9.814E+00 -5.253E+00
  1.4599750E+04 -1.004E+01 -1.023E+01 -5.458E+00
  1.4600250E+04 -9.500E+00 -9.625E+00 -4.630E+00
  1.4600750E+04 -8.973E+00 -8.986E+00 -4.033E+00
  1.4601250E+04 -9.290E+00 -9.119E+00 -3.606E+00
  1.4601750E+04 -8.649E+00 -8.788E+00 -4.562E+00
  1.4602250E+04 -9.170E+00 -9.863E+00 -6.852E+00
  1.4602750E+04 -1.034E+01 -1.053E+01 -5.614E+00
  1.4603250E+04 -9.144E+00 -9.077E+00 -3.786E+00
  1.4603750E+04 -8.045E+00 -8.556E+00 -5.860E+00
  1.4604250E+04 -9.320E+00 -9.174E+00 -3.501E+00
  1.4604750E+04 -9.731E+00 -9.320E+00 -2.707E+00
  1.4605250E+04 -9.219E+00 -9.194E+00 -4.188E+00
  1.4605750E+04 -8.281E+00 -8.653E+00 -5.262E+00
  1.4606250E+04 -1.021E+01 -1.050E+01 -5.680E+00
  1.4606750E+04 -9.018E+00 -9.177E+00 -4.606E+00
  1.4607250E+04 -9.379E+00 -9.489E+00 -4.821E+00
  1.4607750E+04 -9.042E+00 -9.266E+00 -5.074E+00
  1.4608250E+04 -7.544E+00 -7.735E+00 -4.199E+00
  1.4608750E+04 -9.003E+00 -8.773E+00 -3.242E+00
  1.4609250E+04 -8.897E+00 -9.051E+00 -4.658E+00
  1.4609750E+04 -6.444E+00 -7.203E+00 -6.304E+00
  1.4610250E+04 -7.936E+00 -8.165E+00 -4.481E+00
  1.4610750E+04 -9.147E+00 -9.306E+00 -4.730E+00
  1.4611250E+04 -1.017E+01 -1.010E+01 -4.189E+00
  1.4611750E+04 -9.277E+00 -9.266E+00 -3.891E+00
  1.4612250E+04 -8.522E+00 -8.758E+00 -4.899E+00
  1.4612750E+04 -8.402E+00 -8.674E+00 -5.379E+00
  1.4613250E+04 -7.788E+00 -8.025E+00 -5.075E+00
  1.4613750E+04 -9.122E+00 -8.836E+00 -2.639E+00
  1.4614250E+04 -8.643E+00 -8.219E+00 -2.072E+00
  1.4614750E+04 -8.349E+00 -8.507E+00 -4.386E+00
  1.4615250E+04 -7.428E+00 -7.805E+00 -4.905E+00
  1.4615750E+04 -8.564E+00 -8.438E+00 -3.449E+00
  1.4616250E+04 -9.026E+00 -9.350E+00 -5.419E+00
  1.4616750E+04 -9.019E+00 -9.060E+00 -4.313E+00
  1.4617250E+04 -8.855E+00 -9.041E+00 -4.882E+00
  1.4617750E+04 -8.387E+00 -8.654E+00 -4.790E+00
  1.4618250E+04 -8.442E+00 -8.379E+00 -3.680E+00
  1.4618750E+04 -7.775E+00 -7.974E+00 -4.567E+00
  1.4619250E+04 -8.210E+00 -8.630E+00 -5.454E+00
  1.4619750E+04 -7.671E+00 -7.952E+00 -4.553E+00
  1.4620250E+04 -8.156E+00 -8.406E+00 -4.695E+00
  1.4620750E+04 -8.471E+00 -8.631E+00 -4.461E+00
  1.4621250E+04 -7.565E+00 -7.768E+00 -4.227E+00
  1.4621750E+04 -8.340E+00 -8.192E+00 -2.914E+00
  1.4622250E+04 -7.363E+00 -7.926E+00 -5.725E+00
  1.4622750E+04 -8.433E+00 -8.624E+00 -4.629E+00
  1.4623250E+04 -7.148E+00 -7.531E+00 -4.942E+00
  1.4623750E+04 -8.607E+00 -8.537E+00 -3.642E+00
  1.4624250E+04 -9.276E+00 -8.978E+00 -2.840E+00
  1.4624750E+04 -7.984E+00 -8.241E+00 -4.434E+00
  1.4625250E+04 -7.506E+00 -7.718E+00 -4.433E+00
  1.4625750E+04 -7.903E+00 -8.172E+00 -4.779E+00
  1.4626250E+04 -8.726E+00 -9.088E+00 -5.247E+00
  1.4626750E+04 -7.054E+00 -7.600E+00 -5.660E+00
  1.4627250E+04 -8.101E+00 -8.183E+00 -3.889E+00
  1.4627750E+04 -7.497E+00 -7.706E+00 -4.399E+00
  1.4628250E+04 -7.729E+00 -7.651E+00 -3.230E+00
  1.4628750E+04 -8.346E+00 -8.516E+00 -4.412E+00
  1.4629250E+04 -7.679E+00 -7.755E+00 -3.811E+00
  1.4629750E+04 -7.652E+00 -7.932E+00 -4.474E+00
  1.4630250E+04 -7.113E+00 -7.186E+00 -3.601E+00
  1.4630750E+04 -8.088E+00 -7.922E+00 -2.921E+00
  1.4631250E+04 -8.238E+00 -8.149E+00 -3.397E+00
  1.4631750E+04 -7.148E+00 -7.578E+00 -4.884E+00
  1.4632250E+04 -7.281E+00 -7.562E+00 -4.452E+00
  1.4632750E+04 -6.457E+00 -6.583E+00 -3.311E+00
  1.4633250E+04 -8.552E+00 -8.502E+00 -3.443E+00
  1.4633750E+04 -8.589E+00 -8.670E+00 -4.122E+00
  1.4634250E+04 -6.775E+00 -7.054E+00 -4.348E+00
  1.4634750E+04 -8.425E+00 -8.293E+00 -3.067E+00
  1.4635250E+04 -7.396E+00 -7.462E+00 -4.082E+00
  1.4635750E+04 -7.127E+00 -7.634E+00 -5.372E+00
  1.4636250E+04 -7.679E+00 -8.129E+00 -5.376E+00
  1.4636750E+04 -7.301E+00 -7.134E+00 -2.278E+00
  1.4637250E+04 -7.327E+00 -7.565E+00 -4.738E+00
  1.4637750E+04 -7.061E+00 -7.261E+00 -3.619E+00
  1.4638250E+04 -7.372E+00 -7.691E+00 -4.850E+00
  1.4638750E+04 -8.228E+00 -8.099E+00 -2.996E+00
  1.4639250E+04 -8.156E+00 -8.143E+00 -3.672E+00
  1.4639750E+04 -8.225E+00 -8.090E+00 -2.907E+00
  1.4640250E+04 -7.782E+00 -7.883E+00 -4.045E+00
  1.4640750E+04 -7.303E+00 -7.593E+00 -4.385E+00
  1.4641250E+04 -6.674E+00 -6.731E+00 -3.795E+00
  1.4641750E+04 -7.221E+00 -7.668E+00 -5.057E+00
  1.4642250E+04 -6.965E+00 -7.005E+00 -3.305E+00
  1.4642750E+04 -7.852E+00 -7.784E+00 -3.333E+00
  1.4643250E+04 -8.191E+00 -8.435E+00 -4.583E+00
  1.4643750E+04 -8.535E+00 -8.209E+00 -2.349E+00
  1.4644250E+04 -7.536E+00 -7.201E+00 -2.103E+00
  1.4644750E+04 -7.111E+00 -7.260E+00 -3.975E+00
  1.4645250E+04 -6.898E+00 -7.219E+00 -4.646E+00
  1.4645750E+04 -7.392E+00 -7.347E+00 -3.032E+00
  1.4646250E+04 -7.659E+00 -7.739E+00 -3.715E+00
  1.4646750E+04 -7.278E+00 -7.505E+00 -4.291E+00
  1.4647250E+04 -7.487E+00 -7.176E+00 -1.377E+00
  1.4647750E+04 -6.860E+00 -6.935E+00 -3.715E+00
  1.4648250E+04 -7.225E+00 -7.445E+00 -4.347E+00
  1.4648750E+04 -8.617E+00 -8.578E+00 -3.659E+00
  1.4649250E+04 -6.631E+00 -6.592E+00 -2.749E+00
  1.4649750E+04 -6.975E+00 -7.049E+00 -3.248E+00
  1.4650250E+04 -6.378E+00 -6.587E+00 -3.597E+00
  1.4650750E+04 -7.576E+00 -7.730E+00 -4.137E+00
  1.4651250E+04 -7.320E+00 -7.685E+00 -4.995E+00
  1.4651750E+04 -7.424E+00 -7.160E+00 -1.898E+00
  1.4652250E+04 -7.462E+00 -7.402E+00 -3.072E+00
  1.4652750E+04 -6.915E+00 -6.946E+00 -3.310E+00
  1.4653250E+04 -5.978E+00 -6.344E+00 -4.209E+00
  1.4653750E+04 -6.951E+00 -6.889E+00 -2.833E+00
  1.4654250E+04 -6.370E+00 -6.255E+00 -2.511E+00
  1.4654750E+04 -7.927E+00 -7.823E+00 -2.892E+00
  1.4655250E+04 -7.216E+00 -7.358E+00 -3.989E+00
  1.4655750E+04 -7.125E+00 -7.444E+00 -4.382E+00
  1.4656250E+04 -7.201E+00 -7.396E+00 -3.640E+00
  1.4656750E+04 -6.665E+00 -6.557E+00 -2.382E+00
  1.4657250E+04 -5.450E+00 -5.338E+00 -2.289E+00
  1.4657750E+04 -6.216E+00 -6.443E+00 -4.133E+00
  1.4658250E+04 -7.206E+00 -7.500E+00 -4.585E+00
  1.4658750E+04 -7.060E+00 -7.253E+00 -4.085E+00
  1.4659250E+04 -6.897E+00 -7.142E+00 -4.083E+00
  1.4659750E+04 -5.508E+00 -5.666E+00 -3.115E+00
  1.4660250E+04 -6.083E+00 -6.252E+00 -3.478E+00
  1.4660750E+04 -6.305E+00 -6.464E+00 -3.480E+00
  1.4661250E+04 -7.317E+00 -7.427E+00 -3.509E+00
  1.4661750E+04 -6.920E+00 -6.951E+00 -3.240E+00
  1.4662250E+04 -5.938E+00 -6.126E+00 -3.449E+00
  1.4662750E+04 -6.867E+00 -6.937E+00 -3.599E+00
  1.4663250E+04 -7.463E+00 -7.561E+00 -3.665E+00
  1.4663750E+04 -6.577E+00 -6.870E+00 -4.089E+00
  1.4664250E+04 -6.432E+00 -6.419E+00 -2.703E+00
  1.4664750E+04 -5.668E+00 -5.811E+00 -3.165E+00
  1.4665250E+04 -6.486E+00 -6.532E+00 -3.019E+00
  1.4665750E+04 -7.027E+00 -6.926E+00 -2.971E+00
  1.4666250E+04 -6.969E+00 -6.805E+00 -2.270E+00
  1.4666750E+04 -6.372E+00 -6.682E+00 -4.309E+00
  1.4667250E+04 -5.966E+00 -6.349E+00 -4.605E+00
  1.4667750E+04 -6.243E+00 -6.214E+00 -2.298E+00
  1.4668250E+04 -6.148E+00 -6.187E+00 -2.757E+00
  1.4668750E+04 -6.428E+00 -6.341E+00 -2.544E+00
  1.4669250E+04 -6.583E+00 -6.620E+00 -3.092E+00
  1.4669750E+04 -5.711E+00 -6.179E+00 -4.745E+00
  1.4670250E+04 -6.102E+00 -6.191E+00 -2.895E+00
  1.4670750E+04 -6.909E+00 -6.927E+00 -3.224E+00
  1.4671250E+04 -6.050E+00 -6.059E+00 -2.767E+00
  1.4671750E+04 -5.743E+00 -6.106E+00 -4.027E+00
  1.4672250E+04 -6.526E+00 -6.729E+00 -3.806E+00
  1.4672750E+04 -6.222E+00 -6.093E+00 -2.539E+00
  1.4673250E+04 -6.581E+00 -6.775E+00 -3.473E+00
  1.4673750E+04 -6.548E+00 -6.849E+00 -4.109E+00
  1.4674250E+04 -5.804E+00 -6.159E+00 -3.951E+00
  1.4674750E+04 -6.909E+00 -7.267E+00 -4.599E+00
  1.4675250E+04 -6.724E+00 -6.822E+00 -3.067E+00
  1.4675750E+04 -4.983E+00 -5.176E+00 -3.187E+00
  1.4676250E+04 -6.267E+00 -6.196E+00 -2.529E+00
  1.4676750E+04 -5.908E+00 -5.863E+00 -2.411E+00
  1.4677250E+04 -5.872E+00 -6.053E+00 -3.447E+00
  1.4677750E+04 -5.667E+00 -5.763E+00 -3.143E+00
  1.4678250E+04 -6.347E+00 -6.590E+00 -3.793E+00
  1.4678750E+04 -5.864E+00 -5.848E+00 -2.783E+00
  1.4679250E+04 -5.398E+00 -5.440E+00 -2.747E+00
  1.4679750E+04 -5.616E+00 -5.778E+00 -3.318E+00
  1.4680250E+04 -6.569E+00 -6.299E+00 -1.667E+00
  1.4680750E+04 -6.329E+00 -6.371E+00 -3.031E+00
  1.4681250E+04 -5.970E+00 -5.873E+00 -2.144E+00
  1.4681750E+04 -6.363E+00 -6.240E+00 -2.399E+00
  1.4682250E+04 -5.326E+00 -5.472E+00 -3.100E+00
  1.4682750E+04 -6.350E+00 -6.246E+00 -2.677E+00
  1.4683250E+04 -5.291E+00 -5.578E+00 -3.510E+00
  1.4683750E+04 -5.972E+00 -6.025E+00 -2.984E+00
  1.4684250E+04 -5.814E+00 -5.991E+00 -3.309E+00
  1.4684750E+04 -5.368E+00 -5.617E+00 -3.146E+00
  1.4685250E+04 -6.959E+00 -7.026E+00 -3.409E+00
  1.4685750E+04 -5.867E+00 -5.778E+00 -2.313E+00
  1.4686250E+04 -6.624E+00 -6.517E+00 -2.267E+00
  1.4686750E+04 -5.912E+00 -6.107E+00 -3.318E+00
  1.4687250E+04 -5.117E+00 -5.202E+00 -2.774E+00
  1.4687750E+04 -6.643E+00 -6.785E+00 -3.642E+00
  1.4688250E+04 -5.637E+00 -5.708E+00 -2.836E+00
  1.4688750E+04 -5.520E+00 -5.409E+00 -2.173E+00
  1.4689250E+04 -5.174E+00 -5.597E+00 -4.153E+00
  1.4689750E+04 -5.045E+00 -5.154E+00 -2.464E+00
  1.4690250E+04 -5.063E+00 -5.051E+00 -2.298E+00
  1.4690750E+04 -5.843E+00 -5.833E+00 -2.740E+00
  1.4691250E+04 -5.248E+00 -5.326E+00 -2.781E+00
  1.4691750E+04 -5.306E+00 -5.469E+00 -3.057E+00
  1.4692250E+04 -4.915E+00 -5.183E+00 -3.228E+00
  1.4692750E+04 -5.474E+00 -5.684E+00 -3.320E+00
  1.4693250E+04 -6.229E+00 -6.303E+00 -3.269E+00
  1.4693750E+04 -6.163E+00 -6.179E+00 -2.672E+00
  1.4694250E+04 -5.697E+00 -5.670E+00 -2.549E+00
  1.4694750E+04 -6.251E+00 -6.253E+00 -2.936E+00
  1.4695250E+04 -5.460E+00 -5.776E+00 -3.936E+00
  1.4695750E+04 -5.961E+00 -5.865E+00 -2.292E+00
  1.4696250E+04 -5.241E+00 -5.353E+00 -3.008E+00
  1.4696750E+04 -5.170E+00 -5.231E+00 -2.487E+00
  1.4697250E+04 -5.199E+00 -5.383E+00 -3.297E+00
  1.4697750E+04 -5.688E+00 -5.702E+00 -2.578E+00
  1.4698250E+04 -4.801E+00 -4.704E+00 -2.044E+00
  1.4698750E+04 -6.012E+00 -5.898E+00 -1.966E+00
  1.4699250E+04 -4.860E+00 -5.080E+00 -3.135E+00
  1.4699750E+04 -4.812E+00 -4.873E+00 -2.784E+00
  1.4700250E+04 -4.973E+00 -5.092E+00 -2.584E+00
  1.4700750E+04 -4.819E+00 -4.958E+00 -2.753E+00
  1.4701250E+04 -5.605E+00 -5.486E+00 -2.051E+00
  1.4701750E+04 -6.074E+00 -5.855E+00 -2.031E+00
  1.4702250E+04 -5.077E+00 -5.281E+00 -3.455E+00
  1.4702750E+04 -5.033E+00 -5.461E+00 -3.898E+00
  1.4703250E+04 -4.901E+00 -5.193E+00 -3.220E+00
  1.4703750E+04 -5.854E+00 -5.917E+00 -2.689E+00
  1.4704250E+04 -5.308E+00 -5.229E+00 -2.071E+00
  1.4704750E+04 -5.365E+00 -5.499E+00 -2.976E+00
  1.4705250E+04 -5.542E+00 -5.599E+00 -2.781E+00
  1.4705750E+04 -5.376E+00 -5.356E+00 -2.693E+00
  1.4706250E+04 -4.896E+00 -5.094E+00 -3.358E+00
  1.4706750E+04 -5.220E+00 -5.382E+00 -3.239E+00
  1.4707250E+04 -5.402E+00 -5.550E+00 -3.034E+00
  1.4707750E+04 -4.518E+00 -4.670E+00 -2.669E+00
  1.4708250E+04 -4.766E+00 -4.792E+00 -2.305E+00
  1.4708750E+04 -5.610E+00 -5.506E+00 -1.882E+00
  1.4709250E+04 -4.770E+00 -5.072E+00 -3.382E+00
  1.4709750E+04 -5.420E+00 -5.388E+00 -2.097E+00
  1.4710250E+04 -5.540E+00 -5.799E+00 -3.135E+00
  1.4710750E+04 -5.146E+00 -5.162E+00 -2.727E+00
  1.4711250E+04 -5.133E+00 -5.308E+00 -2.608E+00
  1.4711750E+04 -5.109E+00 -5.209E+00 -2.609E+00
  1.4712250E+04 -5.447E+00 -5.522E+00 -2.572E+00
  1.4712750E+04 -4.853E+00 -4.964E+00 -2.649E+00
  1.4713250E+04 -5.127E+00 -5.265E+00 -3.090E+00
  1.4713750E+04 -4.927E+00 -4.895E+00 -2.394E+00
  1.4714250E+04 -4.833E+00 -4.878E+00 -2.292E+00
  1.4714750E+04 -5.588E+00 -5.540E+00 -1.801E+00
  1.4715250E+04 -5.415E+00 -5.382E+00 -2.338E+00
  1.4715750E+04 -3.959E+00 -4.524E+00 -4.083E+00
  1.4716250E+04 -4.498E+00 -4.626E+00 -2.461E+00
  1.4716750E+04 -5.257E+00 -5.154E+00 -2.249E+00
  1.4717250E+04 -4.329E+00 -4.365E+00 -2.346E+00
  1.4717750E+04 -4.992E+00 -4.893E+00 -1.883E+00
  1.4718250E+04 -4.646E+00 -4.726E+00 -2.495E+00
  1.4718750E+04 -3.858E+00 -3.999E+00 -2.492E+00
  1.4719250E+04 -4.569E+00 -4.832E+00 -2.967E+00
  1.4719750E+04 -4.634E+00 -4.501E+00 -1.785E+00
  1.4720250E+04 -4.800E+00 -4.703E+00 -2.126E+00
  1.4720750E+04 -5.135E+00 -5.146E+00 -2.489E+00
  1.4721250E+04 -5.554E+00 -5.497E+00 -2.073E+00
  1.4721750E+04 -5.135E+00 -5.068E+00 -2.019E+00
  1.4722250E+04 -4.768E+00 -5.085E+00 -3.478E+00
  1.4722750E+04 -4.938E+00 -5.078E+00 -2.746E+00
  1.4723250E+04 -4.207E+00 -4.236E+00 -2.189E+00
  1.4723750E+04 -3.692E+00 -3.900E+00 -2.578E+00
  1.4724250E+04 -5.263E+00 -5.444E+00 -2.778E+00
  1.4724750E+04 -4.385E+00 -4.272E+00 -1.970E+00
  1.4725250E+04 -4.710E+00 -4.836E+00 -1.906E+00
  1.4725750E+04 -5.240E+00 -5.355E+00 -2.903E+00
  1.4726250E+04 -3.837E+00 -4.017E+00 -2.824E+00
  1.4726750E+04 -5.215E+00 -5.109E+00 -1.627E+00
  1.4727250E+04 -4.104E+00 -4.203E+00 -2.879E+00
  1.4727750E+04 -5.946E+00 -5.822E+00 -1.929E+00
  1.4728250E+04 -4.762E+00 -4.870E+00 -2.199E+00
  1.4728750E+04 -4.712E+00 -4.823E+00 -2.141E+00
  1.4729250E+04 -5.120E+00 -5.113E+00 -2.340E+00
  1.4729750E+04 -5.278E+00 -5.085E+00 -2.119E+00
  1.4730250E+04 -4.997E+00 -5.015E+00 -2.416E+00
  1.4730750E+04 -4.374E+00 -4.594E+00 -2.552E+00
  1.4731250E+04 -5.207E+00 -5.053E+00 -1.696E+00
  1.4731750E+04 -3.997E+00 -4.207E+00 -2.690E+00
  1.4732250E+04 -4.931E+00 -5.037E+00 -2.392E+00
  1.4732750E+04 -4.896E+00 -5.268E+00 -3.939E+00
  1.4733250E+04 -4.600E+00 -4.737E+00 -2.797E+00
  1.4733750E+04 -4.500E+00 -4.460E+00 -2.092E+00
  1.4734250E+04 -5.109E+00 -5.087E+00 -2.276E+00
  1.4734750E+04 -4.252E+00 -4.272E+00 -1.594E+00
  1.4735250E+04 -4.885E+00 -4.800E+00 -1.638E+00
  1.4735750E+04 -4.497E+00 -4.670E+00 -2.686E+00
  1.4736250E+04 -5.562E+00 -5.501E+00 -2.619E+00
  1.4736750E+04 -4.483E+00 -4.374E+00 -1.800E+00
  1.4737250E+04 -3.759E+00 -3.892E+00 -2.321E+00
  1.4737750E+04 -4.092E+00 -4.319E+00 -2.943E+00
  1.4738250E+04 -4.285E+00 -4.525E+00 -3.379E+00
  1.4738750E+04 -5.500E+00 -5.363E+00 -1.209E+00
  1.4739250E+04 -5.344E+00 -5.570E+00 -3.437E+00
  1.4739750E+04 -3.633E+00 -3.768E+00 -2.309E+00
  1.4740250E+04 -3.801E+00 -3.954E+00 -2.680E+00
  1.4740750E+04 -4.221E+00 -4.371E+00 -2.287E+00
  1.4741250E+04 -4.203E+00 -4.384E+00 -2.513E+00
  1.4741750E+04 -4.752E+00 -4.775E+00 -2.342E+00
  1.4742250E+04 -4.997E+00 -4.917E+00 -1.762E+00
  1.4742750E+04 -3.894E+00 -3.906E+00 -1.672E+00
  1.4743250E+04 -3.665E+00 -3.879E+00 -2.741E+00
  1.4743750E+04 -4.104E+00 -4.371E+00 -3.032E+00
  1.4744250E+04 -4.741E+00 -4.864E+00 -2.388E+00
  1.4744750E+04 -3.959E+00 -3.993E+00 -1.887E+00
  1.4745250E+04 -4.249E+00 -4.346E+00 -2.498E+00
  1.4745750E+04 -4.289E+00 -4.365E+00 -2.303E+00
  1.4746250E+04 -4.502E+00 -4.425E+00 -1.621E+00
  1.4746750E+04 -4.120E+00 -4.337E+00 -3.060E+00
  1.4747250E+04 -4.537E+00 -4.623E+00 -2.176E+00
  1.4747750E+04 -3.519E+00 -3.706E+00 -2.257E+00
  1.4748250E+04 -3.580E+00 -3.653E+00 -2.140E+00
  1.4748750E+04 -5.048E+00 -4.934E+00 -1.581E+00
  1.4749250E+04 -4.497E+00 -4.433E+00 -1.629E+00
  1.4749750E+04 -4.247E+00 -4.149E+00 -1.574E+00
  1.4750250E+04 -4.498E+00 -4.509E+00 -2.000E+00
  1.4750750E+04 -4.264E+00 -4.199E+00 -1.751E+00
  1.4751250E+04 -4.041E+00 -4.051E+00 -1.968E+00
  1.4751750E+04 -4.324E+00 -4.505E+00 -2.545E+00
  1.4752250E+04 -3.609E+00 -3.970E+00 -3.460E+00
  1.4752750E+04 -3.901E+00 -4.020E+00 -2.480E+00
  1.4753250E+04 -4.273E+00 -4.435E+00 -2.697E+00
  1.4753750E+04 -4.152E+00 -4.138E+00 -1.824E+00
  1.4754250E+04 -3.811E+00 -3.897E+00 -1.891E+00
  1.4754750E+04 -3.800E+00 -3.975E+00 -2.331E+00
  1.4755250E+04 -4.333E+00 -4.396E+00 -2.223E+00
  1.4755750E+04 -3.757E+00 -3.847E+00 -1.837E+00
  1.4756250E+04 -3.388E+00 -3.511E+00 -2.070E+00
  1.4756750E+04 -4.031E+00 -4.011E+00 -1.714E+00
  1.4757250E+04 -3.529E+00 -3.629E+00 -2.169E+00
  1.4757750E+04 -4.230E+00 -4.246E+00 -1.962E+00
  1.4758250E+04 -4.014E+00 -4.107E+00 -2.541E+00
  1.4758750E+04 -3.595E+00 -3.697E+00 -2.097E+00
  1.4759250E+04 -4.930E+00 -5.007E+00 -2.078E+00
  1.4759750E+04 -4.309E+00 -4.479E+00 -2.273E+00
  1.4760250E+04 -4.201E+00 -4.421E+00 -2.608E+00
  1.4760750E+04 -4.061E+00 -4.368E+00 -3.245E+00
  1.4761250E+04 -3.949E+00 -4.038E+00 -2.182E+00
  1.4761750E+04 -4.293E+00 -4.240E+00 -1.427E+00
  1.4762250E+04 -4.594E+00 -4.540E+00 -1.505E+00
  1.4762750E+04 -4.089E+00 -4.159E+00 -2.104E+00
  1.4763250E+04 -4.580E+00 -4.669E+00 -2.774E+00
  1.4763750E+04 -4.044E+00 -3.953E+00 -1.537E+00
  1.4764250E+04 -2.353E+00 -2.583E+00 -1.972E+00
  1.4764750E+04 -3.910E+00 -4.213E+00 -3.208E+00
  1.4765250E+04 -4.072E+00 -4.223E+00 -2.366E+00
  1.4765750E+04 -3.970E+00 -4.140E+00 -2.294E+00
  1.4766250E+04 -3.945E+00 -3.853E+00 -1.345E+00
  1.4766750E+04 -3.509E+00 -3.870E+00 -3.069E+00
  1.4767250E+04 -4.581E+00 -4.654E+00 -2.454E+00
  1.4767750E+04 -3.178E+00 -3.215E+00 -2.160E+00
  1.4768250E+04 -3.727E+00 -3.941E+00 -1.986E+00
  1.4768750E+04 -3.845E+00 -3.725E+00 -1.134E+00
  1.4769250E+04 -3.467E+00 -3.402E+00 -1.517E+00
  1.4769750E+04 -3.772E+00 -3.853E+00 -2.019E+00
  1.4770250E+04 -4.278E+00 -4.253E+00 -1.616E+00
  1.4770750E+04 -3.825E+00 -3.776E+00 -1.316E+00
  1.4771250E+04 -3.288E+00 -3.390E+00 -2.235E+00
  1.4771750E+04 -3.802E+00 -3.985E+00 -2.629E+00
  1.4772250E+04 -3.886E+00 -3.926E+00 -1.943E+00
  1.4772750E+04 -3.753E+00 -3.841E+00 -1.848E+00
  1.4773250E+04 -4.121E+00 -3.944E+00 -9.287E-01
  1.4773750E+04 -3.172E+00 -3.166E+00 -1.807E+00
  1.4774250E+04 -3.407E+00 -3.194E+00 -9.433E-01
  1.4774750E+04 -3.583E+00 -3.551E+00 -1.147E+00
  1.4775250E+04 -3.415E+00 -3.591E+00 -2.357E+00
  1.4775750E+04 -3.353E+00 -3.237E+00 -1.110E+00
  1.4776250E+04 -3.796E+00 -3.843E+00 -1.819E+00
  1.4776750E+04 -3.660E+00 -3.862E+00 -2.287E+00
  1.4777250E+04 -3.725E+00 -3.851E+00 -2.017E+00
  1.4777750E+04 -3.920E+00 -4.082E+00 -2.345E+00
  1.4778250E+04 -3.569E+00 -3.626E+00 -1.783E+00
  1.4778750E+04 -3.251E+00 -3.390E+00 -2.243E+00
  1.4779250E+04 -4.024E+00 -3.943E+00 -1.548E+00
  1.4779750E+04 -3.568E+00 -3.560E+00 -1.332E+00
  1.4780250E+04 -4.090E+00 -4.174E+00 -2.032E+00
  1.4780750E+04 -3.459E+00 -3.535E+00 -2.141E+00
  1.4781250E+04 -3.693E+00 -3.569E+00 -1.306E+00
  1.4781750E+04 -3.019E+00 -3.095E+00 -1.937E+00
  1.4782250E+04 -4.034E+00 -4.142E+00 -2.182E+00
  1.4782750E+04 -4.449E+00 -4.417E+00 -1.850E+00
  1.4783250E+04 -3.851E+00 -3.910E+00 -1.792E+00
  1.4783750E+04 -4.030E+00 -4.163E+00 -2.423E+00
  1.4784250E+04 -3.429E+00 -3.732E+00 -2.510E+00
  1.4784750E+04 -3.544E+00 -3.858E+00 -3.178E+00
  1.4785250E+04 -3.215E+00 -3.279E+00 -1.656E+00
  1.4785750E+04 -2.932E+00 -2.989E+00 -1.619E+00
  1.4786250E+04 -3.712E+00 -3.745E+00 -1.512E+00
  1.4786750E+04 -3.356E+00 -3.459E+00 -1.621E+00
  1.4787250E+04 -2.802E+00 -2.980E+00 -2.017E+00
  1.4787750E+04 -3.506E+00 -3.623E+00 -2.015E+00
  1.4788250E+04 -4.055E+00 -4.098E+00 -1.896E+00
  1.4788750E+04 -4.148E+00 -4.177E+00 -1.941E+00
  1.4789250E+04 -3.728E+00 -3.813E+00 -2.261E+00
  1.4789750E+04 -3.486E+00 -3.553E+00 -2.022E+00
  1.4790250E+04 -3.922E+00 -3.758E+00 -9.463E-01
  1.4790750E+04 -3.696E+00 -3.596E+00 -1.100E+00
  1.4791250E+04 -3.169E+00 -3.182E+00 -1.397E+00
  1.4791750E+04 -3.514E+00 -3.619E+00 -2.137E+00
  1.4792250E+04 -3.192E+00 -3.456E+00 -2.694E+00
  1.4792750E+04 -2.891E+00 -3.028E+00 -2.126E+00
  1.4793250E+04 -3.072E+00 -3.273E+00 -2.265E+00
  1.4793750E+04 -2.875E+00 -3.029E+00 -2.021E+00
  1.4794250E+04 -3.284E+00 -3.289E+00 -1.399E+00
  1.4794750E+04 -3.348E+00 -3.534E+00 -2.418E+00
  1.4795250E+04 -3.534E+00 -3.416E+00 -1.004E+00
  1.4795750E+04 -3.596E+00 -3.764E+00 -2.210E+00
  1.4796250E+04 -3.774E+00 -3.802E+00 -1.745E+00
  1.4796750E+04 -3.858E+00 -3.740E+00 -1.513E+00
  1.4797250E+04 -3.248E+00 -3.427E+00 -2.166E+00
  1.4797750E+04 -2.978E+00 -3.065E+00 -1.792E+00
  1.4798250E+04 -2.823E+00 -2.997E+00 -1.577E+00
  1.4798750E+04 -3.315E+00 -3.238E+00 -1.011E+00
  1.4799250E+04 -3.558E+00 -3.604E+00 -1.997E+00
  1.4799750E+04 -3.595E+00 -3.563E+00 -1.776E+00
  1.4800250E+04 -3.498E+00 -3.429E+00 -1.384E+00
  1.4800750E+04 -3.446E+00 -3.466E+00 -1.077E+00
  1.4801250E+04 -3.181E+00 -3.299E+00 -2.301E+00
  1.4801750E+04 -3.124E+00 -3.179E+00 -1.567E+00
  1.4802250E+04 -3.214E+00 -3.536E+00 -2.624E+00
  1.4802750E+04 -3.681E+00 -3.737E+00 -2.162E+00
  1.4803250E+04 -3.579E+00 -3.737E+00 -2.390E+00
  1.4803750E+04 -2.945E+00 -2.965E+00 -1.659E+00
  1.4804250E+04 -2.678E+00 -2.822E+00 -1.853E+00
  1.4804750E+04 -3.448E+00 -3.497E+00 -1.835E+00
  1.4805250E+04 -3.846E+00 -3.879E+00 -1.728E+00
  1.4805750E+04 -3.299E+00 -3.180E+00 -7.533E-01
  1.4806250E+04 -3.229E+00 -3.143E+00 -1.291E+00
  1.4806750E+04 -3.477E+00 -3.580E+00 -1.936E+00
  1.4807250E+04 -2.373E+00 -2.669E+00 -2.328E+00
  1.4807750E+04 -3.379E+00 -3.406E+00 -1.533E+00
  1.4808250E+04 -2.840E+00 -2.798E+00 -1.237E+00
  1.4808750E+04 -2.892E+00 -2.851E+00 -1.194E+00
  1.4809250E+04 -2.868E+00 -2.809E+00 -1.144E+00
  1.4809750E+04 -3.557E+00 -3.568E+00 -1.673E+00
  1.4810250E+04 -3.414E+00 -3.384E+00 -1.227E+00
  1.4810750E+04 -3.458E+00 -3.443E+00 -1.329E+00
  1.4811250E+04 -3.184E+00 -3.298E+00 -1.800E+00
  1.4811750E+04 -3.704E+00 -3.794E+00 -1.892E+00
  1.4812250E+04 -3.221E+00 -3.197E+00 -1.480E+00
  1.4812750E+04 -2.716E+00 -2.763E+00 -1.687E+00
  1.4813250E+04 -3.950E+00 -3.911E+00 -1.355E+00
  1.4813750E+04 -3.301E+00 -3.455E+00 -1.915E+00
  1.4814250E+04 -2.395E+00 -2.405E+00 -1.292E+00
  1.4814750E+04 -2.648E+00 -2.579E+00 -6.720E-01
  1.4815250E+04 -2.352E+00 -2.643E+00 -2.535E+00
  1.4815750E+04 -3.331E+00 -3.478E+00 -2.146E+00
  1.4816250E+04 -3.256E+00 -3.178E+00 -1.163E+00
  1.4816750E+04 -3.033E+00 -3.149E+00 -1.954E+00
  1.4817250E+04 -3.812E+00 -3.931E+00 -1.884E+00
  1.4817750E+04 -3.725E+00 -3.781E+00 -1.764E+00
  1.4818250E+04 -2.435E+00 -2.757E+00 -2.480E+00
  1.4818750E+04 -3.458E+00 -3.724E+00 -2.425E+00
  1.4819250E+04 -3.065E+00 -3.198E+00 -2.042E+00
  1.4819750E+04 -3.100E+00 -3.187E+00 -2.004E+00
  1.4820250E+04 -2.686E+00 -2.731E+00 -1.232E+00
  1.4820750E+04 -3.269E+00 -3.070E+00 -7.637E-01
  1.4821250E+04 -2.958E+00 -3.111E+00 -1.891E+00
  1.4821750E+04 -3.039E+00 -3.135E+00 -1.540E+00
  1.4822250E+04 -2.852E+00 -2.804E+00 -1.205E+00
  1.4822750E+04 -3.454E+00 -3.254E+00 -8.631E-01
  1.4823250E+04 -2.985E+00 -2.927E+00 -1.225E+00
  1.4823750E+04 -2.619E+00 -2.595E+00 -9.402E-01
  1.4824250E+04 -2.707E+00 -2.855E+00 -1.875E+00
  1.4824750E+04 -2.950E+00 -3.081E+00 -1.923E+00
  1.4825250E+04 -3.135E+00 -3.246E+00 -1.754E+00
  1.4825750E+04 -2.954E+00 -2.909E+00 -1.053E+00
  1.4826250E+04 -3.195E+00 -3.255E+00 -1.649E+00
  1.4826750E+04 -2.783E+00 -2.905E+00 -1.671E+00
  1.4827250E+04 -2.732E+00 -2.626E+00 -8.787E-01
  1.4827750E+04 -2.560E+00 -2.622E+00 -1.567E+00
  1.4828250E+04 -3.023E+00 -3.277E+00 -2.489E+00
  1.4828750E+04 -3.326E+00 -3.299E+00 -1.318E+00
  1.4829250E+04 -2.160E+00 -2.165E+00 -1.066E+00
  1.4829750E+04 -2.800E+00 -2.916E+00 -1.545E+00
  1.4830250E+04 -3.023E+00 -3.135E+00 -1.969E+00
  1.4830750E+04 -2.925E+00 -3.066E+00 -2.028E+00
  1.4831250E+04 -3.002E+00 -2.853E+00 -6.970E-01
  1.4831750E+04 -2.763E+00 -2.976E+00 -2.290E+00
  1.4832250E+04 -2.654E+00 -2.634E+00 -1.090E+00
  1.4832750E+04 -3.146E+00 -3.088E+00 -1.252E+00
  1.4833250E+04 -3.242E+00 -3.441E+00 -2.346E+00
  1.4833750E+04 -2.407E+00 -2.326E+00 -1.079E+00
  1.4834250E+04 -2.813E+00 -2.886E+00 -1.687E+00
  1.4834750E+04 -3.179E+00 -3.168E+00 -1.370E+00
  1.4835250E+04 -3.016E+00 -2.966E+00 -6.815E-01
  1.4835750E+04 -3.002E+00 -3.088E+00 -1.332E+00
  1.4836250E+04 -2.988E+00 -3.223E+00 -2.123E+00
  1.4836750E+04 -2.643E+00 -2.522E+00 -8.625E-01
  1.4837250E+04 -2.714E+00 -2.742E+00 -1.331E+00
  1.4837750E+04 -2.230E+00 -2.581E+00 -2.485E+00
  1.4838250E+04 -3.027E+00 -3.081E+00 -1.655E+00
  1.4838750E+04 -2.960E+00 -2.990E+00 -1.308E+00
  1.4839250E+04 -2.683E+00 -2.616E+00 -1.152E+00
  1.4839750E+04 -2.724E+00 -2.796E+00 -1.596E+00
  1.4840250E+04 -2.488E+00 -2.524E+00 -1.106E+00
  1.4840750E+04 -2.320E+00 -2.356E+00 -1.041E+00
  1.4841250E+04 -2.721E+00 -2.673E+00 -9.221E-01
  1.4841750E+04 -2.253E+00 -2.304E+00 -1.201E+00
  1.4842250E+04 -2.969E+00 -2.979E+00 -1.615E+00
  1.4842750E+04 -2.421E+00 -2.525E+00 -1.703E+00
  1.4843250E+04 -3.056E+00 -2.983E+00 -1.077E+00
  1.4843750E+04 -2.826E+00 -3.048E+00 -2.124E+00
  1.4844250E+04 -2.899E+00 -2.683E+00 -4.555E-01
  1.4844750E+04 -3.023E+00 -3.095E+00 -1.261E+00
  1.4845250E+04 -2.253E+00 -2.252E+00 -9.992E-01
  1.4845750E+04 -2.645E+00 -2.742E+00 -1.662E+00
  1.4846250E+04 -3.286E+00 -3.457E+00 -2.088E+00
  1.4846750E+04 -2.636E+00 -2.872E+00 -2.024E+00
  1.4847250E+04 -2.736E+00 -2.722E+00 -1.125E+00
  1.4847750E+04 -3.116E+00 -3.248E+00 -1.850E+00
  1.4848250E+04 -2.859E+00 -2.845E+00 -1.405E+00
  1.4848750E+04 -3.308E+00 -3.405E+00 -1.934E+00
  1.4849250E+04 -2.655E+00 -2.688E+00 -1.497E+00
  1.4849750E+04 -2.599E+00 -2.600E+00 -1.351E+00
  1.4850250E+04 -2.656E+00 -2.625E+00 -8.658E-01
  1.4850750E+04 -3.312E+00 -3.384E+00 -1.926E+00
  1.4851250E+04 -2.504E+00 -2.729E+00 -2.269E+00
  1.4851750E+04 -2.545E+00 -2.804E+00 -2.353E+00
  1.4852250E+04 -3.147E+00 -3.159E+00 -1.399E+00
  1.4852750E+04 -2.392E+00 -2.228E+00 -1.355E-01
  1.4853250E+04 -2.463E+00 -2.356E+00 -5.304E-01
  1.4853750E+04 -1.713E+00 -2.073E+00 -2.358E+00
  1.4854250E+04 -2.752E+00 -2.819E+00 -1.655E+00
  1.4854750E+04 -2.999E+00 -2.818E+00 -5.629E-01
  1.4855250E+04 -2.579E+00 -2.754E+00 -1.731E+00
  1.4855750E+04 -2.630E+00 -2.675E+00 -1.251E+00
  1.4856250E+04 -2.851E+00 -2.892E+00 -1.427E+00
  1.4856750E+04 -2.984E+00 -2.983E+00 -1.351E+00
  1.4857250E+04 -2.678E+00 -2.904E+00 -2.260E+00
  1.4857750E+04 -2.276E+00 -2.216E+00 -9.090E-01
  1.4858250E+04 -2.794E+00 -2.883E+00 -1.504E+00
  1.4858750E+04 -3.324E+00 -3.119E+00 -2.824E-01
  1.4859250E+04 -2.180E+00 -2.143E+00 -9.801E-01
  1.4859750E+04 -2.652E+00 -2.664E+00 -1.615E+00
  1.4860250E+04 -2.129E+00 -2.208E+00 -1.230E+00
  1.4860750E+04 -2.185E+00 -2.169E+00 -9.887E-01
  1.4861250E+04 -2.543E+00 -2.517E+00 -1.183E+00
  1.4861750E+04 -2.358E+00 -2.345E+00 -9.579E-01
  1.4862250E+04 -2.360E+00 -2.575E+00 -1.948E+00
  1.4862750E+04 -2.578E+00 -2.583E+00 -1.010E+00
  1.4863250E+04 -2.145E+00 -2.205E+00 -1.137E+00
  1.4863750E+04 -2.750E+00 -2.728E+00 -1.046E+00
  1.4864250E+04 -1.897E+00 -2.154E+00 -1.868E+00
  1.4864750E+04 -2.214E+00 -2.260E+00 -1.237E+00
  1.4865250E+04 -2.571E+00 -2.551E+00 -1.013E+00
  1.4865750E+04 -2.278E+00 -2.391E+00 -1.465E+00
  1.4866250E+04 -2.735E+00 -2.874E+00 -2.048E+00
  1.4866750E+04 -2.323E+00 -2.312E+00 -1.384E+00
  1.4867250E+04 -2.278E+00 -2.454E+00 -1.740E+00
  1.4867750E+04 -2.381E+00 -2.470E+00 -1.453E+00
  1.4868250E+04 -2.308E+00 -2.468E+00 -1.982E+00
  1.4868750E+04 -2.170E+00 -2.222E+00 -1.277E+00
  1.4869250E+04 -3.004E+00 -2.918E+00 -9.072E-01
  1.4869750E+04 -2.509E+00 -2.589E+00 -1.381E+00
  1.4870250E+04 -2.032E+00 -1.981E+00 -7.358E-01
  1.4870750E+04 -2.827E+00 -2.813E+00 -1.220E+00
  1.4871250E+04 -2.638E+00 -2.660E+00 -1.327E+00
  1.4871750E+04 -2.885E+00 -2.989E+00 -1.610E+00
  1.4872250E+04 -2.288E+00 -2.314E+00 -1.023E+00
  1.4872750E+04 -1.962E+00 -2.031E+00 -1.223E+00
  1.4873250E+04 -1.848E+00 -1.923E+00 -1.551E+00
  1.4873750E+04 -2.530E+00 -2.664E+00 -1.535E+00
  1.4874250E+04 -3.042E+00 -3.086E+00 -1.163E+00
  1.4874750E+04 -2.474E+00 -2.486E+00 -1.183E+00
  1.4875250E+04 -2.011E+00 -1.867E+00 -3.481E-01
  1.4875750E+04 -1.812E+00 -1.935E+00 -1.177E+00
  1.4876250E+04 -2.348E+00 -2.513E+00 -1.678E+00
  1.4876750E+04 -2.210E+00 -2.299E+00 -1.708E+00
  1.4877250E+04 -1.883E+00 -2.124E+00 -1.671E+00
  1.4877750E+04 -2.096E+00 -2.179E+00 -1.095E+00
  1.4878250E+04 -2.573E+00 -2.496E+00 -8.805E-01
  1.4878750E+04 -2.998E+00 -2.943E+00 -1.171E+00
  1.4879250E+04 -2.837E+00 -2.939E+00 -1.634E+00
  1.4879750E+04 -1.727E+00 -1.846E+00 -1.326E+00
  1.4880250E+04 -2.111E+00 -2.029E+00 -6.498E-01
  1.4880750E+04 -2.745E+00 -2.703E+00 -1.050E+00
  1.4881250E+04 -2.142E+00 -2.055E+00 -8.820E-01
  1.4881750E+04 -2.191E+00 -2.361E+00 -1.612E+00
  1.4882250E+04 -2.471E+00 -2.660E+00 -2.027E+00
  1.4882750E+04 -2.975E+00 -2.936E+00 -1.010E+00
  1.4883250E+04 -2.175E+00 -2.432E+00 -1.725E+00
  1.4883750E+04 -2.786E+00 -2.947E+00 -1.784E+00
  1.4884250E+04 -2.725E+00 -2.948E+00 -2.179E+00
  1.4884750E+04 -2.484E+00 -2.468E+00 -9.673E-01
  1.4885250E+04 -2.569E+00 -2.495E+00 -8.884E-01
  1.4885750E+04 -2.109E+00 -2.048E+00 -9.714E-01
  1.4886250E+04 -2.264E+00 -2.242E+00 -7.962E-01
  1.4886750E+04 -2.540E+00 -2.435E+00 -9.383E-01
  1.4887250E+04 -2.068E+00 -2.191E+00 -1.217E+00
  1.4887750E+04 -2.059E+00 -2.061E+00 -1.155E+00
  1.4888250E+04 -2.038E+00 -2.067E+00 -1.115E+00
  1.4888750E+04 -1.830E+00 -1.876E+00 -9.532E-01
  1.4889250E+04 -1.872E+00 -1.982E+00 -1.385E+00
  1.4889750E+04 -2.571E+00 -2.644E+00 -1.462E+00
  1.4890250E+04 -2.303E+00 -2.538E+00 -1.979E+00
  1.4890750E+04 -1.942E+00 -1.906E+00 -6.395E-01
  1.4891250E+04 -2.336E+00 -2.189E+00 -5.254E-01
  1.4891750E+04 -2.592E+00 -2.453E+00 -4.950E-01
  1.4892250E+04 -2.605E+00 -2.443E+00 -1.701E-01
  1.4892750E+04 -1.720E+00 -1.759E+00 -1.096E+00
  1.4893250E+04 -2.057E+00 -2.123E+00 -1.810E+00
  1.4893750E+04 -2.230E+00 -2.333E+00 -1.457E+00
  1.4894250E+04 -2.226E+00 -2.372E+00 -1.425E+00
  1.4894750E+04 -1.904E+00 -2.211E+00 -1.815E+00
  1.4895250E+04 -1.746E+00 -1.839E+00 -1.198E+00
  1.4895750E+04 -2.435E+00 -2.619E+00 -1.806E+00
  1.4896250E+04 -2.269E+00 -2.348E+00 -1.230E+00
  1.4896750E+04 -1.586E+00 -1.487E+00 -2.455E-01
  1.4897250E+04 -2.129E+00 -2.153E+00 -9.913E-01
  1.4897750E+04 -2.156E+00 -2.247E+00 -1.395E+00
  1.4898250E+04 -1.970E+00 -1.980E+00 -1.101E+00
  1.4898750E+04 -2.067E+00 -2.127E+00 -1.320E+00
  1.4899250E+04 -2.363E+00 -2.468E+00 -1.500E+00
  1.4899750E+04 -2.355E+00 -2.367E+00 -1.056E+00
  1.4900250E+04 -2.584E+00 -2.464E+00 -6.101E-01
  1.4900750E+04 -2.153E+00 -2.229E+00 -1.138E+00
  1.4901250E+04 -1.809E+00 -1.956E+00 -1.504E+00
  1.4901750E+04 -2.218E+00 -2.220E+00 -9.182E-01
  1.4902250E+04 -2.035E+00 -1.957E+00 -7.256E-01
  1.4902750E+04 -2.119E+00 -2.188E+00 -1.222E+00
  1.4903250E+04 -2.223E+00 -2.202E+00 -9.161E-01
  1.4903750E+04 -1.837E+00 -2.096E+00 -1.951E+00
  1.4904250E+04 -1.221E+00 -1.423E+00 -1.383E+00
  1.4904750E+04 -2.450E+00 -2.390E+00 -8.612E-01
  1.4905250E+04 -2.597E+00 -2.517E+00 -8.119E-01
  1.4905750E+04 -2.113E+00 -2.242E+00 -1.513E+00
  1.4906250E+04 -2.326E+00 -2.324E+00 -9.471E-01
  1.4906750E+04 -2.064E+00 -2.014E+00 -7.287E-01
  1.4907250E+04 -1.901E+00 -1.990E+00 -1.280E+00
  1.4907750E+04 -2.217E+00 -2.192E+00 -7.748E-01
  1.4908250E+04 -1.792E+00 -1.884E+00 -1.408E+00
  1.4908750E+04 -2.394E+00 -2.379E+00 -1.027E+00
  1.4909250E+04 -2.209E+00 -2.046E+00 -3.008E-01
  1.4909750E+04 -2.176E+00 -2.201E+00 -7.527E-01
  1.4910250E+04 -2.403E+00 -2.511E+00 -1.476E+00
  1.4910750E+04 -2.224E+00 -2.352E+00 -1.466E+00
  1.4911250E+04 -1.883E+00 -1.873E+00 -8.202E-01
  1.4911750E+04 -1.631E+00 -1.676E+00 -1.120E+00
  1.4912250E+04 -1.547E+00 -1.480E+00 -3.784E-01
  1.4912750E+04 -1.870E+00 -2.007E+00 -1.249E+00
  1.4913250E+04 -2.020E+00 -1.977E+00 -7.159E-01
  1.4913750E+04 -1.955E+00 -1.993E+00 -1.068E+00
  1.4914250E+04 -2.418E+00 -2.311E+00 -5.377E-01
  1.4914750E+04 -1.784E+00 -1.831E+00 -1.089E+00
  1.4915250E+04 -2.258E+00 -2.266E+00 -1.032E+00
  1.4915750E+04 -1.928E+00 -2.021E+00 -1.222E+00
  1.4916250E+04 -1.513E+00 -1.802E+00 -2.033E+00
  1.4916750E+04 -1.659E+00 -1.492E+00 -2.698E-01
  1.4917250E+04 -2.295E+00 -2.375E+00 -1.442E+00
  1.4917750E+04 -2.008E+00 -2.173E+00 -1.413E+00
  1.4918250E+04 -1.669E+00 -1.821E+00 -1.130E+00
  1.4918750E+04 -2.215E+00 -2.111E+00 -5.550E-01
  1.4919250E+04 -1.757E+00 -1.787E+00 -8.289E-01
  1.4919750E+04 -1.982E+00 -2.065E+00 -1.073E+00
  1.4920250E+04 -1.892E+00 -1.908E+00 -1.097E+00
  1.4920750E+04 -2.166E+00 -2.173E+00 -1.206E+00
  1.4921250E+04 -1.910E+00 -1.990E+00 -1.241E+00
  1.4921750E+04 -2.431E+00 -2.514E+00 -1.182E+00
  1.4922250E+04 -1.411E+00 -1.523E+00 -1.201E+00
  1.4922750E+04 -1.729E+00 -1.794E+00 -1.032E+00
  1.4923250E+04 -2.504E+00 -2.431E+00 -8.822E-01
  1.4923750E+04 -2.116E+00 -2.250E+00 -1.438E+00
  1.4924250E+04 -1.708E+00 -1.782E+00 -1.087E+00
  1.4924750E+04 -2.851E+00 -2.610E+00 -2.913E-01
  1.4925250E+04 -1.937E+00 -1.866E+00 -7.289E-01
  1.4925750E+04 -2.123E+00 -2.297E+00 -1.720E+00
  1.4926250E+04 -2.148E+00 -2.327E+00 -1.454E+00
  1.4926750E+04 -1.858E+00 -1.991E+00 -1.298E+00
  1.4927250E+04 -2.166E+00 -2.076E+00 -7.364E-01
  1.4927750E+04 -2.047E+00 -2.126E+00 -1.078E+00
  1.4928250E+04 -1.662E+00 -1.789E+00 -1.314E+00
  1.4928750E+04 -1.169E+00 -1.121E+00 -5.876E-01
  1.4929250E+04 -1.789E+00 -1.800E+00 -9.003E-01
  1.4929750E+04 -1.134E+00 -1.214E+00 -1.112E+00
  1.4930250E+04 -2.096E+00 -1.941E+00 -3.586E-01
  1.4930750E+04 -1.866E+00 -1.830E+00 -4.995E-01
  1.4931250E+04 -2.086E+00 -2.135E+00 -8.104E-01
  1.4931750E+04 -1.962E+00 -1.907E+00 -4.836E-01
  1.4932250E+04 -1.774E+00 -1.882E+00 -1.138E+00
  1.4932750E+04 -1.548E+00 -1.696E+00 -1.296E+00
  1.4933250E+04 -1.413E+00 -1.565E+00 -1.265E+00
  1.4933750E+04 -2.083E+00 -1.977E+00 -4.510E-01
  1.4934250E+04 -1.605E+00 -1.599E+00 -7.389E-01
  1.4934750E+04 -2.319E+00 -2.405E+00 -1.065E+00
  1.4935250E+04 -1.848E+00 -1.932E+00 -1.318E+00
  1.4935750E+04 -1.774E+00 -1.898E+00 -1.444E+00
  1.4936250E+04 -2.072E+00 -1.979E+00 -4.173E-01
  1.4936750E+04 -1.908E+00 -1.913E+00 -8.736E-01
  1.4937250E+04 -2.096E+00 -2.243E+00 -1.492E+00
  1.4937750E+04 -2.358E+00 -2.375E+00 -1.196E+00
  1.4938250E+04 -1.982E+00 -1.832E+00 -1.790E-01
  1.4938750E+04 -1.467E+00 -1.578E+00 -1.303E+00
  1.4939250E+04 -2.002E+00 -2.009E+00 -1.173E+00
  1.4939750E+04 -1.899E+00 -1.941E+00 -1.061E+00
  1.4940250E+04 -1.496E+00 -1.507E+00 -5.934E-01
  1.4940750E+04 -1.727E+00 -1.761E+00 -1.388E+00
  1.4941250E+04 -1.679E+00 -1.853E+00 -1.788E+00
  1.4941750E+04 -1.984E+00 -2.053E+00 -9.578E-01
  1.4942250E+04 -1.231E+00 -1.473E+00 -1.305E+00
  1.4942750E+04 -1.605E+00 -1.685E+00 -1.187E+00
  1.4943250E+04 -2.311E+00 -2.334E+00 -1.128E+00
  1.4943750E+04 -1.726E+00 -1.494E+00 -1.803E-01
  1.4944250E+04 -1.401E+00 -1.507E+00 -1.069E+00
  1.4944750E+04 -1.583E+00 -1.736E+00 -1.340E+00
  1.4945250E+04 -1.532E+00 -1.674E+00 -1.453E+00
  1.4945750E+04 -2.211E+00 -2.139E+00 -4.116E-01
  1.4946250E+04 -1.686E+00 -1.651E+00 -5.480E-01
  1.4946750E+04 -2.128E+00 -2.145E+00 -9.626E-01
  1.4947250E+04 -1.757E+00 -1.825E+00 -9.594E-01
  1.4947750E+04 -2.015E+00 -1.928E+00 -5.657E-01
  1.4948250E+04 -2.006E+00 -2.065E+00 -1.017E+00
  1.4948750E+04 -1.411E+00 -1.528E+00 -1.119E+00
  1.4949250E+04 -1.913E+00 -1.976E+00 -1.074E+00
  1.4949750E+04 -1.525E+00 -1.676E+00 -1.454E+00
  1.4950250E+04 -1.564E+00 -1.618E+00 -1.052E+00
  1.4950750E+04 -1.719E+00 -1.783E+00 -7.405E-01
  1.4951250E+04 -1.633E+00 -1.825E+00 -1.482E+00
  1.4951750E+04 -1.654E+00 -1.736E+00 -9.859E-01
  1.4952250E+04 -2.199E+00 -2.275E+00 -9.995E-01
  1.4952750E+04 -1.999E+00 -2.146E+00 -1.714E+00
  1.4953250E+04 -1.743E+00 -1.765E+00 -1.057E+00
  1.4953750E+04 -1.943E+00 -1.855E+00 -5.233E-01
  1.4954250E+04 -2.098E+00 -1.940E+00 -3.234E-01
  1.4954750E+04 -1.950E+00 -1.962E+00 -7.725E-01
  1.4955250E+04 -1.670E+00 -1.770E+00 -1.229E+00
  1.4955750E+04 -1.429E+00 -1.472E+00 -9.710E-01
  1.4956250E+04 -1.461E+00 -1.517E+00 -8.801E-01
  1.4956750E+04 -1.686E+00 -1.585E+00 -3.925E-01
  1.4957250E+04 -1.967E+00 -2.046E+00 -1.223E+00
  1.4957750E+04 -1.574E+00 -1.561E+00 -1.132E+00
  1.4958250E+04 -2.208E+00 -1.960E+00 -3.136E-01
  1.4958750E+04 -1.671E+00 -1.656E+00 -3.679E-01
  1.4959250E+04 -1.274E+00 -1.230E+00 -4.301E-01
  1.4959750E+04 -1.751E+00 -1.819E+00 -1.078E+00
  1.4960250E+04 -1.561E+00 -1.511E+00 -7.766E-01
  1.4960750E+04 -1.482E+00 -1.558E+00 -1.092E+00
  1.4961250E+04 -1.622E+00 -1.593E+00 -6.155E-01
  1.4961750E+04 -1.315E+00 -1.426E+00 -9.559E-01
  1.4962250E+04 -1.749E+00 -1.755E+00 -5.754E-01
  1.4962750E+04 -1.505E+00 -1.479E+00 -5.325E-01
  1.4963250E+04 -1.724E+00 -1.672E+00 -4.349E-01
  1.4963750E+04 -1.970E+00 -2.152E+00 -1.485E+00
  1.4964250E+04 -1.462E+00 -1.537E+00 -1.236E+00
  1.4964750E+04 -1.480E+00 -1.613E+00 -9.559E-01
  1.4965250E+04 -1.279E+00 -1.362E+00 -7.835E-01
  1.4965750E+04 -1.419E+00 -1.380E+00 -5.210E-01
  1.4966250E+04 -1.569E+00 -1.644E+00 -1.649E+00
  1.4966750E+04 -1.462E+00 -1.580E+00 -1.632E+00
  1.4967250E+04 -1.580E+00 -1.630E+00 -5.577E-01
  1.4967750E+04 -1.717E+00 -1.733E+00 -7.251E-01
  1.4968250E+04 -1.869E+00 -1.567E+00 -9.081E-02
  1.4968750E+04 -1.538E+00 -1.298E+00 -2.720E-01
  1.4969250E+04 -2.451E+00 -2.699E+00 -9.970E-01
  1.4969750E+04 -1.373E+00 -1.458E+00 -9.782E-01
  1.4970250E+04 -1.534E+00 -1.658E+00 -1.189E+00
  1.4970750E+04 -1.071E+00 -1.096E+00 -3.769E-01
  1.4971250E+04 -8.809E-01 -9.782E-01 -1.158E+00
  1.4971750E+04 -7.991E-01 -8.327E-01 -6.617E-01
  1.4972250E+04 -1.448E+00 -1.383E+00 -2.200E-01
  1.4972750E+04 -2.188E+00 -2.153E+00 -5.906E-01
  1.4973250E+04 -1.932E+00 -1.824E+00 -6.463E-01
  1.4973750E+04 -1.855E+00 -1.985E+00 -8.153E-01
  1.4974250E+04 -2.712E+00 -2.899E+00 -1.696E+00
  1.4974750E+04 -1.696E+00 -1.822E+00 -1.548E+00
  1.4975250E+04 -1.290E+00 -1.365E+00 -1.068E+00
  1.4975750E+04 -1.303E+00 -1.322E+00 -9.290E-01
  1.4976250E+04 -1.246E+00 -1.247E+00 -4.142E-01
  1.4976750E+04 -1.683E+00 -1.621E+00 -5.519E-01
  1.4977250E+04 -1.326E+00 -1.420E+00 -1.555E+00
  1.4977750E+04 -1.693E+00 -1.834E+00 -1.181E+00
  1.4978250E+04 -1.839E+00 -1.756E+00  4.795E-01
  1.4978750E+04 -1.550E+00 -1.628E+00 -1.174E+00
  1.4979250E+04 -2.447E+00 -2.476E+00 -1.294E+00
  1.4979750E+04 -1.748E+00 -1.913E+00 -1.302E+00
  1.4980250E+04 -1.435E+00 -1.502E+00 -1.142E+00
  1.4980750E+04 -1.684E+00 -1.845E+00 -1.152E+00
  1.4981250E+04 -1.910E+00 -1.914E+00 -1.085E+00
  1.4981750E+04 -1.471E+00 -1.455E+00 -6.244E-01
  1.4982250E+04 -1.385E+00 -1.426E+00 -7.776E-01
  1.4982750E+04 -1.700E+00 -1.834E+00 -1.430E+00
  1.4983250E+04 -1.381E+00 -1.442E+00 -1.304E+00
  1.4983750E+04 -1.633E+00 -1.597E+00 -2.565E-01
  1.4984250E+04 -2.032E+00 -1.981E+00 -4.924E-01
  1.4984750E+04 -1.505E+00 -1.540E+00 -9.160E-01
  1.4985250E+04 -9.310E-01 -1.067E+00 -9.692E-01
  1.4985750E+04 -1.652E+00 -1.548E+00 -3.877E-01
  1.4986250E+04 -1.336E+00 -1.247E+00 -3.894E-01
  1.4986750E+04 -1.661E+00 -1.731E+00 -1.082E+00
  1.4987250E+04 -2.220E+00 -2.128E+00 -4.239E-01
  1.4987750E+04 -1.704E+00 -1.847E+00 -1.004E+00
  1.4988250E+04 -1.924E+00 -1.693E+00 -2.210E-02
  1.4988750E+04 -2.098E+00 -2.133E+00 -1.062E+00
  1.4989250E+04 -1.291E+00 -1.426E+00 -1.301E+00
  1.4989750E+04 -1.265E+00 -1.582E+00 -1.463E+00
  1.4990250E+04 -1.114E+00 -1.324E+00 -1.352E+00
  1.4990750E+04 -1.611E+00 -1.707E+00 -7.376E-01
  1.4991250E+04 -1.280E+00 -1.312E+00 -5.667E-01
  1.4991750E+04 -1.029E+00 -1.137E+00 -1.129E+00
  1.4992250E+04 -1.450E+00 -1.383E+00 -5.792E-01
  1.4992750E+04 -1.929E+00 -1.943E+00 -7.155E-01
  1.4993250E+04 -1.483E+00 -1.599E+00 -1.034E+00
  1.4993750E+04 -1.498E+00 -1.583E+00 -1.075E+00
  1.4994250E+04 -1.265E+00 -1.482E+00 -1.788E+00
  1.4994750E+04 -1.118E+00 -1.234E+00 -9.181E-01
  1.4995250E+04 -1.274E+00 -1.179E+00 -1.885E-01
  1.4995750E+04 -1.021E+00 -9.419E-01 -9.774E-01
  1.4996250E+04 -1.401E+00 -1.372E+00 -4.804E-01
  1.4996750E+04 -1.672E+00 -1.813E+00 -3.111E-01
  1.4997250E+04 -1.697E+00 -1.802E+00 -8.654E-01
  1.4997750E+04 -1.286E+00 -1.387E+00 -1.423E+00
  1.4998250E+04 -1.304E+00 -1.320E+00 -1.228E+00
  1.4998750E+04 -1.209E+00 -1.422E+00 -1.307E+00
  1.4999250E+04 -1.804E+00 -1.830E+00 -5.499E-01
  1.4999750E+04 -1.639E+00 -1.659E+00 -4.352E-01
  1.5000250E+04 -9.274E-01 -1.186E+00 -1.791E+00
  1.5000750E+04 -1.719E+00 -1.625E+00 -3.204E-01
  1.5001250E+04 -1.087E+00 -1.184E+00 -9.439E-01
  1.5001750E+04 -1.294E+00 -1.367E+00 -8.294E-01
  1.5002250E+04 -1.642E+00 -1.665E+00 -6.616E-01
  1.5002750E+04 -1.291E+00 -1.285E+00 -5.304E-01
  1.5003250E+04 -1.035E+00 -1.148E+00 -9.996E-01
  1.5003750E+04 -1.488E+00 -1.465E+00 -6.098E-01
  1.5004250E+04 -6.865E-01 -7.505E-01 -7.947E-01
  1.5004750E+04 -1.021E+00 -1.032E+00 -6.652E-01
  1.5005250E+04 -1.747E+00 -1.773E+00 -6.998E-01
  1.5005750E+04 -2.098E+00 -1.950E+00 -1.102E-01
  1.5006250E+04 -1.055E+00 -1.134E+00 -8.681E-01
  1.5006750E+04 -1.470E+00 -1.504E+00 -3.914E-01
  1.5007250E+04 -1.437E+00 -1.618E+00 -1.500E+00
  1.5007750E+04 -1.578E+00 -1.558E+00 -6.429E-01
  1.5008250E+04 -1.325E+00 -1.353E+00 -5.173E-01
  1.5008750E+04 -1.515E+00 -1.425E+00 -3.216E-01
  1.5009250E+04 -1.375E+00 -1.255E+00 -1.994E-01
  1.5009750E+04 -1.224E+00 -1.323E+00 -9.008E-01
  1.5010250E+04 -1.527E+00 -1.524E+00 -6.136E-01
  1.5010750E+04 -1.873E+00 -1.718E+00 -2.623E-01
  1.5011250E+04 -1.034E+00 -1.006E+00 -3.752E-01
  1.5011750E+04 -1.528E+00 -1.682E+00 -1.303E+00
  1.5012250E+04 -1.607E+00 -1.656E+00 -7.807E-01
  1.5012750E+04 -1.493E+00 -1.364E+00 -4.042E-02
  1.5013250E+04 -1.489E+00 -1.588E+00 -9.910E-01
  1.5013750E+04 -1.273E+00 -1.299E+00 -5.999E-01
  1.5014250E+04 -1.257E+00 -1.358E+00 -9.697E-01
  1.5014750E+04 -1.046E+00 -1.161E+00 -1.157E+00
  1.5015250E+04 -1.654E+00 -1.526E+00 -3.484E-01
  1.5015750E+04 -1.344E+00 -1.201E+00  7.335E-02
  1.5016250E+04 -8.274E-01 -9.375E-01 -8.967E-01
  1.5016750E+04 -1.418E+00 -1.487E+00 -8.884E-01
  1.5017250E+04 -1.510E+00 -1.537E+00 -8.635E-01
  1.5017750E+04 -9.961E-01 -1.070E+00 -1.233E+00
  1.5018250E+04 -1.667E+00 -1.701E+00 -9.673E-01
  1.5018750E+04 -1.731E+00 -1.621E+00 -2.314E-01
  1.5019250E+04 -1.193E+00 -1.290E+00 -9.619E-01
  1.5019750E+04 -1.790E+00 -1.840E+00 -9.773E-01
  1.5020250E+04 -9.946E-01 -1.045E+00 -7.228E-01
  1.5020750E+04 -1.489E+00 -1.516E+00 -8.154E-01
  1.5021250E+04 -1.431E+00 -1.493E+00 -8.740E-01
  1.5021750E+04 -1.478E+00 -1.576E+00 -9.940E-01
  1.5022250E+04 -1.396E+00 -1.467E+00 -8.763E-01
  1.5022750E+04 -1.534E+00 -1.434E+00 -2.258E-01
  1.5023250E+04 -1.422E+00 -1.408E+00 -5.821E-01
  1.5023750E+04 -1.168E+00 -1.207E+00 -7.711E-01
  1.5024250E+04 -1.285E+00 -1.267E+00 -4.329E-01
  1.5024750E+04 -1.379E+00 -1.384E+00 -7.135E-01
  1.5025250E+04 -1.498E+00 -1.532E+00 -7.369E-01
  1.5025750E+04 -7.567E-01 -8.463E-01 -7.575E-01
  1.5026250E+04 -1.811E+00 -1.804E+00 -6.207E-01
  1.5026750E+04 -1.157E+00 -1.253E+00 -1.466E+00
  1.5027250E+04 -1.254E+00 -1.166E+00 -5.067E-01
  1.5027750E+04 -1.198E+00 -1.315E+00 -9.151E-01
  1.5028250E+04 -1.528E+00 -1.561E+00 -3.337E-01
  1.5028750E+04 -1.053E+00 -1.042E+00 -4.000E-01
  1.5029250E+04 -1.432E+00 -1.390E+00 -8.270E-01
  1.5029750E+04 -1.500E+00 -1.554E+00 -8.654E-01
  1.5030250E+04 -1.305E+00 -1.368E+00 -6.929E-01
