 -1.1766250E+04 -0.000E+00 -0.000E+00  0.000E+00
 -1.1765750E+04 -0.000E+00 -0.000E+00  0.000E+00
 -1.1765250E+04 -0.000E+00 -0.000E+00  0.000E+00
 -1.1764750E+04 -0.000E+00 -0.000E+00  0.000E+00
 -1.1764250E+04 -0.000E+00 -0.000E+00  0.000E+00
 -1.1763750E+04 -0.000E+00 -0.000E+00  0.000E+00
 -1.1763250E+04 -0.000E+00 -0.000E+00  0.000E+00
 -1.1762750E+04 -0.000E+00 -0.000E+00  0.000E+00
 -1.1762250E+04 -0.000E+00 -0.000E+00  0.000E+00
 -1.1761750E+04 -0.000E+00 -0.000E+00  0.000E+00
 -1.1761250E+04 -0.000E+00 -0.000E+00  0.000E+00
 -1.1760750E+04 -0.000E+00 -0.000E+00  0.000E+00
 -1.1760250E+04 -0.000E+00 -0.000E+00  0.000E+00
 -1.1759750E+04 -0.000E+00 -0.000E+00  0.000E+00
 -1.1759250E+04 -0.000E+00 -0.000E+00  0.000E+00
 -1.1758750E+04 -0.000E+00 -0.000E+00  0.000E+00
 -1.1758250E+04 -0.000E+00 -0.000E+00  0.000E+00
 -1.1757750E+04 -0.000E+00 -0.000E+00  0.000E+00
 -1.1757250E+04 -0.000E+00 -0.000E+00  0.000E+00
 -1.1756750E+04 -0.000E+00 -0.000E+00  0.000E+00
 -1.1756250E+04 -0.000E+00 -0.000E+00  0.000E+00
 -1.1755750E+04 -0.000E+00 -0.000E+00  0.000E+00
 -1.1755250E+04 -0.000E+00 -0.000E+00  0.000E+00
 -1.1754750E+04 -0.000E+00 -0.000E+00  0.000E+00
 -1.1754250E+04 -0.000E+00 -0.000E+00  0.000E+00
 -1.1753750E+04 -0.000E+00 -0.000E+00  0.000E+00
 -1.1753250E+04 -0.000E+00 -0.000E+00  0.000E+00
 -1.1752750E+04 -0.000E+00 -0.000E+00  0.000E+00
 -1.1752250E+04 -0.000E+00 -0.000E+00  0.000E+00
 -1.1751750E+04 -0.000E+00 -0.000E+00  0.000E+00
 -1.1751250E+04 -0.000E+00 -0.000E+00  0.000E+00
 -1.1750750E+04 -0.000E+00 -0.000E+00  0.000E+00
 -1.1750250E+04 -0.000E+00 -0.000E+00  0.000E+00
 -1.1749750E+04 -0.000E+00 -0.000E+00  0.000E+00
 -1.1749250E+04 -0.000E+00 -0.000E+00  0.000E+00
 -1.1748750E+04 -0.000E+00 -0.000E+00  0.000E+00
 -1.1748250E+04 -0.000E+00 -0.000E+00  0.000E+00
 -1.1747750E+04 -0.000E+00 -0.000E+00  0.000E+00
 -1.1747250E+04 -0.000E+00 -0.000E+00  0.000E+00
 -1.1746750E+04 -0.000E+00 -0.000E+00  0.000E+00
 -1.1746250E+04 -0.000E+00 -0.000E+00  0.000E+00
 -1.1745750E+04 -0.000E+00 -0.000E+00  0.000E+00
 -1.1745250E+04 -0.000E+00 -0.000E+00  0.000E+00
 -1.1744750E+04 -0.000E+00 -0.000E+00  0.000E+00
 -1.1744250E+04 -0.000E+00 -0.000E+00  0.000E+00
 -1.1743750E+04 -0.000E+00 -0.000E+00  0.000E+00
 -1.1743250E+04 -0.000E+00 -0.000E+00  0.000E+00
 -1.1742750E+04 -0.000E+00 -0.000E+00  0.000E+00
 -1.1742250E+04 -0.000E+00 -0.000E+00  0.000E+00
 -1.1741750E+04 -0.000E+00 -0.000E+00  0.000E+00
 -1.1741250E+04 -0.000E+00 -0.000E+00  0.000E+00
 -1.1740750E+04 -0.000E+00 -0.000E+00  0.000E+00
 -1.1740250E+04 -0.000E+00 -0.000E+00  0.000E+00
 -1.1739750E+04 -0.000E+00 -0.000E+00  0.000E+00
 -1.1739250E+04 -0.000E+00 -0.000E+00  0.000E+00
 -1.1738750E+04 -0.000E+00 -0.000E+00  0.000E+00
 -1.1738250E+04 -0.000E+00 -0.000E+00  0.000E+00
 -1.1737750E+04 -0.000E+00 -0.000E+00  0.000E+00
 -1.1737250E+04 -0.000E+00 -0.000E+00  0.000E+00
 -1.1736750E+04 -0.000E+00 -0.000E+00  0.000E+00
 -1.1736250E+04 -0.000E+00 -0.000E+00  0.000E+00
 -1.1735750E+04 -0.000E+00 -0.000E+00  0.000E+00
 -1.1735250E+04 -0.000E+00 -0.000E+00  0.000E+00
 -1.1734750E+04 -0.000E+00 -0.000E+00  0.000E+00
 -1.1734250E+04 -0.000E+00 -0.000E+00  0.000E+00
 -1.1733750E+04 -0.000E+00 -0.000E+00  0.000E+00
 -1.1733250E+04 -0.000E+00 -0.000E+00  0.000E+00
 -1.1732750E+04 -0.000E+00 -0.000E+00  0.000E+00
 -1.1732250E+04 -0.000E+00 -0.000E+00  0.000E+00
 -1.1731750E+04 -0.000E+00 -0.000E+00  0.000E+00
 -1.1731250E+04 -0.000E+00 -0.000E+00  0.000E+00
 -1.1730750E+04 -0.000E+00 -0.000E+00  0.000E+00
 -1.1730250E+04 -0.000E+00 -0.000E+00  0.000E+00
 -1.1729750E+04 -0.000E+00 -0.000E+00  0.000E+00
 -1.1729250E+04 -0.000E+00 -0.000E+00  0.000E+00
 -1.1728750E+04 -0.000E+00 -0.000E+00  0.000E+00
 -1.1728250E+04 -0.000E+00 -0.000E+00  0.000E+00
 -1.1727750E+04 -0.000E+00 -0.000E+00  0.000E+00
 -1.1727250E+04 -0.000E+00 -0.000E+00  0.000E+00
 -1.1726750E+04 -0.000E+00 -0.000E+00  0.000E+00
 -1.1726250E+04 -0.000E+00 -0.000E+00  0.000E+00
 -1.1725750E+04 -0.000E+00 -0.000E+00  0.000E+00
 -1.1725250E+04 -0.000E+00 -0.000E+00  0.000E+00
 -1.1724750E+04 -0.000E+00 -0.000E+00  0.000E+00
 -1.1724250E+04 -0.000E+00 -0.000E+00  0.000E+00
 -1.1723750E+04 -0.000E+00 -0.000E+00  0.000E+00
 -1.1723250E+04 -0.000E+00 -0.000E+00  0.000E+00
 -1.1722750E+04 -0.000E+00 -0.000E+00  0.000E+00
 -1.1722250E+04 -0.000E+00 -0.000E+00  0.000E+00
 -1.1721750E+04 -0.000E+00 -0.000E+00  0.000E+00
 -1.1721250E+04 -0.000E+00 -0.000E+00  0.000E+00
 -1.1720750E+04 -0.000E+00 -0.000E+00  0.000E+00
 -1.1720250E+04 -0.000E+00 -0.000E+00  0.000E+00
 -1.1719750E+04 -0.000E+00 -0.000E+00  0.000E+00
 -1.1719250E+04 -0.000E+00 -0.000E+00  0.000E+00
 -1.1718750E+04 -0.000E+00 -0.000E+00  0.000E+00
 -1.1718250E+04 -0.000E+00 -0.000E+00  0.000E+00
 -1.1717750E+04 -0.000E+00 -0.000E+00  0.000E+00
 -1.1717250E+04 -0.000E+00 -0.000E+00  0.000E+00
 -1.1716750E+04 -0.000E+00 -0.000E+00  0.000E+00
 -1.1716250E+04 -0.000E+00 -0.000E+00  0.000E+00
 -1.1715750E+04 -0.000E+00 -0.000E+00  0.000E+00
 -1.1715250E+04 -0.000E+00 -0.000E+00  0.000E+00
 -1.1714750E+04 -0.000E+00 -0.000E+00  0.000E+00
 -1.1714250E+04 -0.000E+00 -0.000E+00  0.000E+00
 -1.1713750E+04 -0.000E+00 -0.000E+00  0.000E+00
 -1.1713250E+04 -0.000E+00 -0.000E+00  0.000E+00
 -1.1712750E+04 -0.000E+00 -0.000E+00  0.000E+00
 -1.1712250E+04 -0.000E+00 -0.000E+00  0.000E+00
 -1.1711750E+04 -0.000E+00 -0.000E+00  0.000E+00
 -1.1711250E+04 -0.000E+00 -0.000E+00  0.000E+00
 -1.1710750E+04 -0.000E+00 -0.000E+00  0.000E+00
 -1.1710250E+04 -0.000E+00 -0.000E+00  0.000E+00
 -1.1709750E+04 -0.000E+00 -0.000E+00  0.000E+00
 -1.1709250E+04 -0.000E+00 -0.000E+00  0.000E+00
 -1.1708750E+04 -0.000E+00 -0.000E+00  0.000E+00
 -1.1708250E+04 -0.000E+00 -0.000E+00  0.000E+00
 -1.1707750E+04 -0.000E+00 -0.000E+00  0.000E+00
 -1.1707250E+04 -0.000E+00 -0.000E+00  0.000E+00
 -1.1706750E+04 -0.000E+00 -0.000E+00  0.000E+00
 -1.1706250E+04 -0.000E+00 -0.000E+00  0.000E+00
 -1.1705750E+04 -0.000E+00 -0.000E+00  0.000E+00
 -1.1705250E+04 -0.000E+00 -0.000E+00  0.000E+00
 -1.1704750E+04 -0.000E+00 -0.000E+00  0.000E+00
 -1.1704250E+04 -0.000E+00 -0.000E+00  0.000E+00
 -1.1703750E+04 -0.000E+00 -0.000E+00  0.000E+00
 -1.1703250E+04 -0.000E+00 -0.000E+00  0.000E+00
 -1.1702750E+04 -0.000E+00 -0.000E+00  0.000E+00
 -1.1702250E+04 -0.000E+00 -0.000E+00  0.000E+00
 -1.1701750E+04 -0.000E+00 -0.000E+00  0.000E+00
 -1.1701250E+04 -0.000E+00 -0.000E+00  0.000E+00
 -1.1700750E+04 -0.000E+00 -0.000E+00  0.000E+00
 -1.1700250E+04 -0.000E+00 -0.000E+00  0.000E+00
 -1.1699750E+04 -0.000E+00 -0.000E+00  0.000E+00
 -1.1699250E+04 -0.000E+00 -0.000E+00  0.000E+00
 -1.1698750E+04 -0.000E+00 -0.000E+00  0.000E+00
 -1.1698250E+04 -0.000E+00 -0.000E+00  0.000E+00
 -1.1697750E+04 -0.000E+00 -0.000E+00  0.000E+00
 -1.1697250E+04 -0.000E+00 -0.000E+00  0.000E+00
 -1.1696750E+04 -0.000E+00 -0.000E+00  0.000E+00
 -1.1696250E+04 -0.000E+00 -0.000E+00  0.000E+00
 -1.1695750E+04 -0.000E+00 -0.000E+00  0.000E+00
 -1.1695250E+04 -0.000E+00 -0.000E+00  0.000E+00
 -1.1694750E+04 -0.000E+00 -0.000E+00  0.000E+00
 -1.1694250E+04 -0.000E+00 -0.000E+00  0.000E+00
 -1.1693750E+04 -0.000E+00 -0.000E+00  0.000E+00
 -1.1693250E+04 -0.000E+00 -0.000E+00  0.000E+00
 -1.1692750E+04 -0.000E+00 -0.000E+00  0.000E+00
 -1.1692250E+04 -0.000E+00 -0.000E+00  0.000E+00
 -1.1691750E+04 -0.000E+00 -0.000E+00  0.000E+00
 -1.1691250E+04 -0.000E+00 -0.000E+00  0.000E+00
 -1.1690750E+04 -0.000E+00 -0.000E+00  0.000E+00
 -1.1690250E+04 -0.000E+00 -0.000E+00  0.000E+00
 -1.1689750E+04 -0.000E+00 -0.000E+00  0.000E+00
 -1.1689250E+04 -0.000E+00 -0.000E+00  0.000E+00
 -1.1688750E+04 -0.000E+00 -0.000E+00  0.000E+00
 -1.1688250E+04 -0.000E+00 -0.000E+00  0.000E+00
 -1.1687750E+04 -0.000E+00 -0.000E+00  0.000E+00
 -1.1687250E+04 -0.000E+00 -0.000E+00  0.000E+00
 -1.1686750E+04 -0.000E+00 -0.000E+00  0.000E+00
 -1.1686250E+04 -0.000E+00 -0.000E+00  0.000E+00
 -1.1685750E+04 -0.000E+00 -0.000E+00  0.000E+00
 -1.1685250E+04 -0.000E+00 -0.000E+00  0.000E+00
 -1.1684750E+04 -0.000E+00 -0.000E+00  0.000E+00
 -1.1684250E+04 -0.000E+00 -0.000E+00  0.000E+00
 -1.1683750E+04 -0.000E+00 -0.000E+00  0.000E+00
 -1.1683250E+04 -0.000E+00 -0.000E+00  0.000E+00
 -1.1682750E+04 -0.000E+00 -0.000E+00  0.000E+00
 -1.1682250E+04 -0.000E+00 -0.000E+00  0.000E+00
 -1.1681750E+04 -0.000E+00 -0.000E+00  0.000E+00
 -1.1681250E+04 -0.000E+00 -0.000E+00  0.000E+00
 -1.1680750E+04 -0.000E+00 -0.000E+00  0.000E+00
 -1.1680250E+04 -0.000E+00 -0.000E+00  0.000E+00
 -1.1679750E+04 -0.000E+00 -0.000E+00  0.000E+00
 -1.1679250E+04 -0.000E+00 -0.000E+00  0.000E+00
 -1.1678750E+04 -0.000E+00 -0.000E+00  0.000E+00
 -1.1678250E+04 -0.000E+00 -0.000E+00  0.000E+00
 -1.1677750E+04 -0.000E+00 -0.000E+00  0.000E+00
 -1.1677250E+04 -0.000E+00 -0.000E+00  0.000E+00
 -1.1676750E+04 -0.000E+00 -0.000E+00  0.000E+00
 -1.1676250E+04 -0.000E+00 -0.000E+00  0.000E+00
 -1.1675750E+04 -0.000E+00 -0.000E+00  0.000E+00
 -1.1675250E+04 -0.000E+00 -0.000E+00  0.000E+00
 -1.1674750E+04 -0.000E+00 -0.000E+00  0.000E+00
 -1.1674250E+04 -0.000E+00 -0.000E+00  0.000E+00
 -1.1673750E+04 -0.000E+00 -0.000E+00  0.000E+00
 -1.1673250E+04 -0.000E+00 -0.000E+00  0.000E+00
 -1.1672750E+04  9.305E-06  1.099E-05  1.193E-05
 -1.1672250E+04 -3.301E-05 -1.983E-05  3.234E-05
 -1.1671750E+04 -3.799E-06 -6.331E-06 -1.169E-05
 -1.1671250E+04  5.075E-05  4.257E-05 -1.711E-06
 -1.1670750E+04  8.947E-06  1.595E-05  3.260E-05
 -1.1670250E+04 -3.992E-05 -3.536E-05 -4.728E-06
 -1.1669750E+04  1.127E-05  1.101E-05  4.933E-06
 -1.1669250E+04  7.725E-05  5.145E-05 -5.651E-05
 -1.1668750E+04  4.246E-04  4.162E-04  2.025E-04
 -1.1668250E+04  4.005E-03  3.894E-03  1.772E-03
 -1.1667750E+04  2.569E-02  1.963E-02 -1.009E-02
 -1.1667250E+04  3.522E-02  2.693E-02 -1.376E-02
 -1.1666750E+04 -1.103E-02 -8.632E-03  3.508E-03
 -1.1666250E+04 -1.639E-03 -1.776E-03 -1.464E-03
 -1.1665750E+04  1.646E-03  1.941E-03  2.099E-03
 -1.1665250E+04  3.816E-03  6.057E-03  1.098E-02
 -1.1664750E+04  5.512E-03  5.170E-03  1.532E-03
 -1.1664250E+04  7.459E-03  5.303E-03 -4.612E-03
 -1.1663750E+04  8.897E-03  7.621E-03 -1.400E-03
 -1.1663250E+04  2.811E-02  2.521E-02  2.794E-03
 -1.1662750E+04 -1.582E-03  3.540E-03  2.028E-02
 -1.1662250E+04 -2.269E-02 -1.570E-02  1.589E-02
 -1.1661750E+04  5.471E-02  5.576E-02  3.342E-02
 -1.1661250E+04  4.062E-02  4.196E-02  2.627E-02
 -1.1660750E+04  1.202E-01  1.166E-01  4.718E-02
 -1.1660250E+04  8.795E-02  1.021E-01  1.059E-01
 -1.1659750E+04  1.231E-01  9.619E-02 -4.031E-02
 -1.1659250E+04  2.498E-02  4.944E-02  1.115E-01
 -1.1658750E+04  2.094E-01  2.043E-01  8.923E-02
 -1.1658250E+04  2.867E-01  2.561E-01  3.297E-02
 -1.1657750E+04  1.066E-01  1.542E-01  2.307E-01
 -1.1657250E+04 -3.043E-03  1.671E-02  5.732E-02
 -1.1656750E+04  1.574E-01  1.565E-01  8.200E-02
 -1.1656250E+04  4.411E-01  3.922E-01  3.993E-02
 -1.1655750E+04 -3.048E-02 -8.275E-03  7.744E-02
 -1.1655250E+04  3.281E-02  7.445E-02  1.818E-01
 -1.1654750E+04  2.403E-01  1.899E-01 -6.978E-02
 -1.1654250E+04  2.750E-01  2.477E-01  3.027E-02
 -1.1653750E+04  2.620E-02  1.102E-01  3.491E-01
 -1.1653250E+04  2.843E-01  2.348E-01 -5.052E-02
 -1.1652750E+04  2.569E-01  2.534E-01  1.189E-01
 -1.1652250E+04  8.562E-01  7.912E-01  1.815E-01
 -1.1651750E+04  8.844E-01  9.463E-01  6.902E-01
 -1.1651250E+04  6.648E-01  5.511E-01 -9.882E-02
 -1.1650750E+04  3.369E-01  4.175E-01  4.890E-01
 -1.1650250E+04  6.445E-01  7.130E-01  5.934E-01
 -1.1649750E+04  1.410E+00  1.389E+00  6.323E-01
 -1.1649250E+04  1.257E+00  1.279E+00  7.255E-01
 -1.1648750E+04  1.089E+00  1.138E+00  7.405E-01
 -1.1648250E+04  1.100E+00  1.161E+00  7.945E-01
 -1.1647750E+04  1.825E+00  1.780E+00  7.447E-01
 -1.1647250E+04  2.363E+00  2.428E+00  1.267E+00
 -1.1646750E+04  2.359E+00  2.119E+00  3.122E-01
 -1.1646250E+04  2.204E+00  2.415E+00  1.959E+00
 -1.1645750E+04  1.822E+00  1.723E+00  5.178E-01
 -1.1645250E+04  2.213E+00  2.205E+00  1.075E+00
 -1.1644750E+04  2.663E+00  2.853E+00  2.051E+00
 -1.1644250E+04  3.238E+00  3.315E+00  1.896E+00
 -1.1643750E+04  3.623E+00  3.803E+00  2.483E+00
 -1.1643250E+04  3.845E+00  3.830E+00  1.853E+00
 -1.1642750E+04  4.362E+00  4.609E+00  3.079E+00
 -1.1642250E+04  5.085E+00  5.094E+00  2.501E+00
 -1.1641750E+04  5.486E+00  5.378E+00  2.257E+00
 -1.1641250E+04  5.088E+00  5.125E+00  2.627E+00
 -1.1640750E+04  6.882E+00  6.974E+00  3.691E+00
 -1.1640250E+04  9.082E+00  9.138E+00  4.577E+00
 -1.1639750E+04  1.044E+01  1.095E+01  7.036E+00
 -1.1639250E+04  1.146E+01  1.152E+01  5.756E+00
 -1.1638750E+04  9.996E+00  1.003E+01  4.930E+00
 -1.1638250E+04  1.218E+01  1.238E+01  6.633E+00
 -1.1637750E+04  1.543E+01  1.581E+01  8.843E+00
 -1.1637250E+04  1.552E+01  1.556E+01  7.547E+00
 -1.1636750E+04  1.516E+01  1.536E+01  7.977E+00
 -1.1636250E+04  1.652E+01  1.714E+01  1.022E+01
 -1.1635750E+04  1.924E+01  1.994E+01  1.180E+01
 -1.1635250E+04  2.405E+01  2.377E+01  1.027E+01
 -1.1634750E+04  2.059E+01  2.100E+01  1.126E+01
 -1.1634250E+04  2.418E+01  2.488E+01  1.404E+01
 -1.1633750E+04  2.739E+01  2.839E+01  1.669E+01
 -1.1633250E+04  2.811E+01  2.818E+01  1.347E+01
 -1.1632750E+04  2.775E+01  2.932E+01  1.898E+01
 -1.1632250E+04  3.010E+01  3.071E+01  1.629E+01
 -1.1631750E+04  3.311E+01  3.386E+01  1.822E+01
 -1.1631250E+04  4.277E+01  4.342E+01  2.228E+01
 -1.1630750E+04  4.161E+01  4.205E+01  2.082E+01
 -1.1630250E+04  4.679E+01  4.711E+01  2.274E+01
 -1.1629750E+04  4.602E+01  4.726E+01  2.585E+01
 -1.1629250E+04  4.903E+01  5.067E+01  2.871E+01
 -1.1628750E+04  4.825E+01  5.018E+01  2.939E+01
 -1.1628250E+04  5.628E+01  5.770E+01  3.102E+01
 -1.1627750E+04  5.455E+01  5.525E+01  2.744E+01
 -1.1627250E+04  6.367E+01  6.502E+01  3.401E+01
 -1.1626750E+04  6.456E+01  6.649E+01  3.656E+01
 -1.1626250E+04  7.580E+01  7.787E+01  4.189E+01
 -1.1625750E+04  6.878E+01  7.152E+01  4.136E+01
 -1.1625250E+04  7.323E+01  7.399E+01  3.578E+01
 -1.1624750E+04  7.649E+01  7.765E+01  3.857E+01
 -1.1624250E+04  8.238E+01  8.580E+01  4.985E+01
 -1.1623750E+04  9.084E+01  9.296E+01  4.847E+01
 -1.1623250E+04  8.847E+01  9.047E+01  4.676E+01
 -1.1622750E+04  9.181E+01  9.482E+01  5.209E+01
 -1.1622250E+04  1.020E+02  1.039E+02  5.219E+01
 -1.1621750E+04  9.858E+01  1.012E+02  5.313E+01
 -1.1621250E+04  1.067E+02  1.121E+02  6.760E+01
 -1.1620750E+04  1.082E+02  1.101E+02  5.451E+01
 -1.1620250E+04  1.144E+02  1.192E+02  6.809E+01
 -1.1619750E+04  1.189E+02  1.224E+02  6.480E+01
 -1.1619250E+04  1.111E+02  1.148E+02  6.194E+01
 -1.1618750E+04  1.219E+02  1.252E+02  6.530E+01
 -1.1618250E+04  1.320E+02  1.355E+02  7.027E+01
 -1.1617750E+04  1.323E+02  1.349E+02  6.671E+01
 -1.1617250E+04  1.348E+02  1.399E+02  7.708E+01
 -1.1616750E+04  1.356E+02  1.390E+02  7.063E+01
 -1.1616250E+04  1.437E+02  1.484E+02  7.917E+01
 -1.1615750E+04  1.455E+02  1.460E+02  6.353E+01
 -1.1615250E+04  1.415E+02  1.455E+02  7.494E+01
 -1.1614750E+04  1.419E+02  1.489E+02  8.649E+01
 -1.1614250E+04  1.438E+02  1.482E+02  7.724E+01
 -1.1613750E+04  1.511E+02  1.546E+02  7.698E+01
 -1.1613250E+04  1.559E+02  1.633E+02  9.329E+01
 -1.1612750E+04  1.511E+02  1.565E+02  8.343E+01
 -1.1612250E+04  1.614E+02  1.664E+02  8.601E+01
 -1.1611750E+04  1.568E+02  1.653E+02  9.729E+01
 -1.1611250E+04  1.587E+02  1.630E+02  8.203E+01
 -1.1610750E+04  1.652E+02  1.685E+02  8.045E+01
 -1.1610250E+04  1.712E+02  1.756E+02  8.718E+01
 -1.1609750E+04  1.611E+02  1.665E+02  8.656E+01
 -1.1609250E+04  1.635E+02  1.695E+02  8.947E+01
 -1.1608750E+04  1.713E+02  1.780E+02  9.529E+01
 -1.1608250E+04  1.623E+02  1.693E+02  9.211E+01
 -1.1607750E+04  1.610E+02  1.679E+02  9.106E+01
 -1.1607250E+04  1.809E+02  1.832E+02  8.191E+01
 -1.1606750E+04  1.744E+02  1.814E+02  9.650E+01
 -1.1606250E+04  1.566E+02  1.632E+02  8.754E+01
 -1.1605750E+04  1.545E+02  1.612E+02  8.671E+01
 -1.1605250E+04  1.618E+02  1.691E+02  9.164E+01
 -1.1604750E+04  1.820E+02  1.901E+02  1.028E+02
 -1.1604250E+04  1.712E+02  1.769E+02  8.919E+01
 -1.1603750E+04  1.567E+02  1.638E+02  8.817E+01
 -1.1603250E+04  1.589E+02  1.660E+02  8.910E+01
 -1.1602750E+04  1.625E+02  1.693E+02  8.909E+01
 -1.1602250E+04  1.597E+02  1.644E+02  7.981E+01
 -1.1601750E+04  1.579E+02  1.637E+02  8.274E+01
 -1.1601250E+04  1.661E+02  1.735E+02  9.183E+01
 -1.1600750E+04  1.621E+02  1.691E+02  8.868E+01
 -1.1600250E+04  1.592E+02  1.696E+02  1.004E+02
 -1.1599750E+04  1.416E+02  1.484E+02  7.941E+01
 -1.1599250E+04  1.496E+02  1.566E+02  8.278E+01
 -1.1598750E+04  1.522E+02  1.565E+02  7.414E+01
 -1.1598250E+04  1.479E+02  1.520E+02  7.076E+01
 -1.1597750E+04  1.417E+02  1.465E+02  7.116E+01
 -1.1597250E+04  1.500E+02  1.525E+02  6.577E+01
 -1.1596750E+04  1.329E+02  1.427E+02  8.635E+01
 -1.1596250E+04  1.294E+02  1.365E+02  7.446E+01
 -1.1595750E+04  1.434E+02  1.541E+02  9.348E+01
 -1.1595250E+04  1.343E+02  1.386E+02  6.520E+01
 -1.1594750E+04  1.248E+02  1.308E+02  6.793E+01
 -1.1594250E+04  1.322E+02  1.364E+02  6.426E+01
 -1.1593750E+04  1.381E+02  1.441E+02  7.273E+01
 -1.1593250E+04  1.235E+02  1.315E+02  7.435E+01
 -1.1592750E+04  1.177E+02  1.270E+02  7.695E+01
 -1.1592250E+04  1.176E+02  1.256E+02  7.205E+01
 -1.1591750E+04  1.067E+02  1.135E+02  6.353E+01
 -1.1591250E+04  1.116E+02  1.156E+02  5.454E+01
 -1.1590750E+04  1.026E+02  1.108E+02  6.699E+01
 -1.1590250E+04  1.051E+02  1.099E+02  5.446E+01
 -1.1589750E+04  9.241E+01  9.914E+01  5.677E+01
 -1.1589250E+04  9.870E+01  1.037E+02  5.311E+01
 -1.1588750E+04  9.605E+01  1.026E+02  5.773E+01
 -1.1588250E+04  9.242E+01  9.704E+01  4.864E+01
 -1.1587750E+04  8.856E+01  9.345E+01  4.811E+01
 -1.1587250E+04  9.323E+01  9.568E+01  4.065E+01
 -1.1586750E+04  7.990E+01  8.582E+01  4.886E+01
 -1.1586250E+04  7.656E+01  8.192E+01  4.483E+01
 -1.1585750E+04  7.159E+01  7.556E+01  3.808E+01
 -1.1585250E+04  7.727E+01  8.254E+01  4.508E+01
 -1.1584750E+04  7.543E+01  7.685E+01  2.977E+01
 -1.1584250E+04  6.722E+01  7.084E+01  3.487E+01
 -1.1583750E+04  6.351E+01  6.784E+01  3.612E+01
 -1.1583250E+04  6.768E+01  6.990E+01  2.974E+01
 -1.1582750E+04  6.100E+01  6.560E+01  3.587E+01
 -1.1582250E+04  5.400E+01  5.655E+01  2.604E+01
 -1.1581750E+04  5.357E+01  5.744E+01  3.046E+01
 -1.1581250E+04  4.842E+01  5.110E+01  2.432E+01
 -1.1580750E+04  4.244E+01  4.726E+01  2.973E+01
 -1.1580250E+04  4.840E+01  5.311E+01  3.115E+01
 -1.1579750E+04  4.416E+01  4.451E+01  1.344E+01
 -1.1579250E+04  4.579E+01  5.009E+01  2.926E+01
 -1.1578750E+04  4.109E+01  4.459E+01  2.457E+01
 -1.1578250E+04  4.020E+01  4.073E+01  1.337E+01
 -1.1577750E+04  3.381E+01  4.031E+01  3.211E+01
 -1.1577250E+04  2.286E+01  2.814E+01  2.398E+01
 -1.1576750E+04  3.237E+01  3.431E+01  1.544E+01
 -1.1576250E+04  3.944E+01  4.272E+01  2.246E+01
 -1.1575750E+04  2.926E+01  3.093E+01  1.336E+01
 -1.1575250E+04  2.446E+01  2.343E+01  1.155E+00
 -1.1574750E+04  2.523E+01  2.738E+01  1.359E+01
 -1.1574250E+04  1.656E+01  1.779E+01  6.594E+00
 -1.1573750E+04  1.041E+01  1.572E+01  1.967E+01
 -1.1573250E+04  1.555E+01  1.706E+01  7.536E+00
 -1.1572750E+04  1.346E+01  1.781E+01  1.737E+01
 -1.1572250E+04  1.557E+01  1.522E+01  7.323E-01
 -1.1571750E+04  4.971E+00  7.222E+00  6.349E+00
 -1.1571250E+04  4.377E+00  6.894E+00  7.166E+00
 -1.1570750E+04  6.068E+00  5.186E+00 -4.643E+00
 -1.1570250E+04  7.041E+00  8.778E+00  5.241E+00
 -1.1569750E+04  2.975E+00  3.953E+00  1.421E+00
 -1.1569250E+04  1.274E+01  1.526E+01  9.799E+00
 -1.1568750E+04  8.329E-02 -1.493E+00 -9.820E+00
 -1.1568250E+04 -1.272E+00  1.265E+00  5.324E+00
 -1.1567750E+04 -5.094E+00 -3.443E+00  9.027E-01
 -1.1567250E+04  1.294E+00  3.112E+00  3.600E+00
 -1.1566750E+04 -6.791E+00 -4.483E+00  2.741E+00
 -1.1566250E+04  1.510E-01 -1.080E+00 -7.836E+00
 -1.1565750E+04 -5.265E+00 -4.421E+00 -2.280E+00
 -1.1565250E+04 -1.212E+01 -1.187E+01 -6.886E+00
 -1.1564750E+04 -9.890E+00 -7.682E+00  1.328E+00
 -1.1564250E+04 -9.555E+00 -8.536E+00 -2.907E+00
 -1.1563750E+04 -9.953E+00 -8.450E+00 -1.447E+00
 -1.1563250E+04 -8.618E+00 -8.265E+00 -5.020E+00
 -1.1562750E+04 -1.367E+01 -1.630E+01 -1.759E+01
 -1.1562250E+04 -1.105E+01 -1.076E+01 -6.080E+00
 -1.1561750E+04 -1.773E+01 -1.720E+01 -7.560E+00
 -1.1561250E+04 -1.650E+01 -1.534E+01 -5.147E+00
 -1.1560750E+04 -1.928E+01 -1.890E+01 -8.511E+00
 -1.1560250E+04 -1.686E+01 -1.739E+01 -1.119E+01
 -1.1559750E+04 -2.210E+01 -2.311E+01 -1.461E+01
 -1.1559250E+04 -1.650E+01 -1.823E+01 -1.536E+01
 -1.1558750E+04 -1.786E+01 -1.805E+01 -1.013E+01
 -1.1558250E+04 -2.224E+01 -2.104E+01 -6.429E+00
 -1.1557750E+04 -1.952E+01 -1.784E+01 -3.809E+00
 -1.1557250E+04 -1.824E+01 -1.756E+01 -6.924E+00
 -1.1556750E+04 -1.678E+01 -1.926E+01 -1.805E+01
 -1.1556250E+04 -2.714E+01 -2.656E+01 -1.018E+01
 -1.1555750E+04 -2.428E+01 -2.367E+01 -8.841E+00
 -1.1555250E+04 -2.752E+01 -2.637E+01 -8.406E+00
 -1.1554750E+04 -2.406E+01 -2.456E+01 -1.322E+01
 -1.1554250E+04 -2.205E+01 -2.377E+01 -1.726E+01
 -1.1553750E+04 -2.276E+01 -2.402E+01 -1.539E+01
 -1.1553250E+04 -2.293E+01 -2.230E+01 -8.634E+00
 -1.1552750E+04 -2.693E+01 -2.944E+01 -2.174E+01
 -1.1552250E+04 -2.497E+01 -2.716E+01 -1.932E+01
 -1.1551750E+04 -2.407E+01 -2.449E+01 -1.269E+01
 -1.1551250E+04 -2.540E+01 -2.655E+01 -1.567E+01
 -1.1550750E+04 -2.500E+01 -2.466E+01 -9.890E+00
 -1.1550250E+04 -2.466E+01 -2.508E+01 -1.218E+01
 -1.1549750E+04 -3.135E+01 -3.003E+01 -8.998E+00
 -1.1549250E+04 -2.150E+01 -2.238E+01 -1.316E+01
 -1.1548750E+04 -2.273E+01 -2.352E+01 -1.387E+01
 -1.1548250E+04 -3.351E+01 -3.330E+01 -1.326E+01
 -1.1547750E+04 -3.214E+01 -3.267E+01 -1.533E+01
 -1.1547250E+04 -2.825E+01 -3.042E+01 -2.019E+01
 -1.1546750E+04 -3.031E+01 -2.951E+01 -1.006E+01
 -1.1546250E+04 -2.802E+01 -2.997E+01 -1.983E+01
 -1.1545750E+04 -3.057E+01 -3.277E+01 -2.102E+01
 -1.1545250E+04 -3.001E+01 -3.030E+01 -1.387E+01
 -1.1544750E+04 -2.802E+01 -2.810E+01 -1.212E+01
 -1.1544250E+04 -2.812E+01 -2.977E+01 -1.810E+01
 -1.1543750E+04 -2.686E+01 -2.816E+01 -1.647E+01
 -1.1543250E+04 -2.769E+01 -2.962E+01 -1.875E+01
 -1.1542750E+04 -2.904E+01 -2.963E+01 -1.450E+01
 -1.1542250E+04 -3.382E+01 -3.393E+01 -1.455E+01
 -1.1541750E+04 -3.317E+01 -3.404E+01 -1.669E+01
 -1.1541250E+04 -2.952E+01 -3.006E+01 -1.482E+01
 -1.1540750E+04 -2.957E+01 -3.092E+01 -1.729E+01
 -1.1540250E+04 -3.259E+01 -3.274E+01 -1.391E+01
 -1.1539750E+04 -3.687E+01 -3.633E+01 -1.315E+01
 -1.1539250E+04 -3.362E+01 -3.623E+01 -2.340E+01
 -1.1538750E+04 -3.108E+01 -3.142E+01 -1.385E+01
 -1.1538250E+04 -3.105E+01 -3.030E+01 -1.025E+01
 -1.1537750E+04 -2.367E+01 -2.689E+01 -2.208E+01
 -1.1537250E+04 -2.693E+01 -2.788E+01 -1.494E+01
 -1.1536750E+04 -3.518E+01 -3.551E+01 -1.572E+01
 -1.1536250E+04 -2.821E+01 -2.915E+01 -1.538E+01
 -1.1535750E+04 -3.378E+01 -3.425E+01 -1.524E+01
 -1.1535250E+04 -3.239E+01 -3.358E+01 -1.752E+01
 -1.1534750E+04 -3.056E+01 -3.249E+01 -1.975E+01
 -1.1534250E+04 -3.222E+01 -3.300E+01 -1.610E+01
 -1.1533750E+04 -3.189E+01 -3.191E+01 -1.314E+01
 -1.1533250E+04 -3.317E+01 -3.453E+01 -1.820E+01
 -1.1532750E+04 -3.090E+01 -3.244E+01 -1.817E+01
 -1.1532250E+04 -3.118E+01 -3.232E+01 -1.678E+01
 -1.1531750E+04 -3.014E+01 -3.038E+01 -1.318E+01
 -1.1531250E+04 -2.730E+01 -2.944E+01 -1.902E+01
 -1.1530750E+04 -3.446E+01 -3.648E+01 -2.108E+01
 -1.1530250E+04 -2.791E+01 -2.960E+01 -1.777E+01
 -1.1529750E+04 -3.088E+01 -3.097E+01 -1.276E+01
 -1.1529250E+04 -3.274E+01 -3.215E+01 -1.032E+01
 -1.1528750E+04 -3.269E+01 -3.357E+01 -1.655E+01
 -1.1528250E+04 -2.990E+01 -3.067E+01 -1.498E+01
 -1.1527750E+04 -3.042E+01 -3.227E+01 -1.919E+01
 -1.1527250E+04 -3.290E+01 -3.374E+01 -1.581E+01
 -1.1526750E+04 -2.712E+01 -2.932E+01 -1.889E+01
 -1.1526250E+04 -3.026E+01 -3.220E+01 -1.911E+01
 -1.1525750E+04 -3.158E+01 -3.265E+01 -1.678E+01
 -1.1525250E+04 -3.120E+01 -3.178E+01 -1.458E+01
 -1.1524750E+04 -3.400E+01 -3.439E+01 -1.428E+01
 -1.1524250E+04 -2.756E+01 -2.882E+01 -1.547E+01
 -1.1523750E+04 -3.105E+01 -3.274E+01 -1.890E+01
 -1.1523250E+04 -2.808E+01 -2.908E+01 -1.504E+01
 -1.1522750E+04 -3.294E+01 -3.274E+01 -1.230E+01
 -1.1522250E+04 -2.842E+01 -3.097E+01 -2.065E+01
 -1.1521750E+04 -3.099E+01 -3.229E+01 -1.699E+01
 -1.1521250E+04 -2.809E+01 -2.940E+01 -1.617E+01
 -1.1520750E+04 -2.740E+01 -2.766E+01 -1.187E+01
 -1.1520250E+04 -2.763E+01 -2.936E+01 -1.759E+01
 -1.1519750E+04 -3.194E+01 -3.188E+01 -1.240E+01
 -1.1519250E+04 -2.576E+01 -2.647E+01 -1.287E+01
 -1.1518750E+04 -3.198E+01 -3.258E+01 -1.460E+01
 -1.1518250E+04 -3.093E+01 -3.142E+01 -1.389E+01
 -1.1517750E+04 -2.713E+01 -2.841E+01 -1.542E+01
 -1.1517250E+04 -2.753E+01 -2.896E+01 -1.610E+01
 -1.1516750E+04 -2.708E+01 -2.889E+01 -1.764E+01
 -1.1516250E+04 -3.478E+01 -3.520E+01 -1.498E+01
 -1.1515750E+04 -3.139E+01 -3.271E+01 -1.714E+01
 -1.1515250E+04 -2.819E+01 -2.988E+01 -1.753E+01
 -1.1514750E+04 -2.858E+01 -3.041E+01 -1.791E+01
 -1.1514250E+04 -2.763E+01 -2.767E+01 -1.095E+01
 -1.1513750E+04 -3.006E+01 -2.937E+01 -9.134E+00
 -1.1513250E+04 -3.245E+01 -3.368E+01 -1.681E+01
 -1.1512750E+04 -2.961E+01 -3.136E+01 -1.798E+01
 -1.1512250E+04 -2.742E+01 -2.928E+01 -1.730E+01
 -1.1511750E+04 -2.856E+01 -2.893E+01 -1.274E+01
 -1.1511250E+04 -2.813E+01 -2.944E+01 -1.611E+01
 -1.1510750E+04 -2.503E+01 -2.696E+01 -1.680E+01
 -1.1510250E+04 -3.066E+01 -2.993E+01 -9.037E+00
 -1.1509750E+04 -2.613E+01 -2.727E+01 -1.429E+01
 -1.1509250E+04 -2.750E+01 -2.923E+01 -1.694E+01
 -1.1508750E+04 -2.808E+01 -3.089E+01 -2.111E+01
 -1.1508250E+04 -2.925E+01 -3.013E+01 -1.459E+01
 -1.1507750E+04 -2.900E+01 -3.067E+01 -1.746E+01
 -1.1507250E+04 -2.490E+01 -2.587E+01 -1.386E+01
 -1.1506750E+04 -2.519E+01 -2.705E+01 -1.693E+01
 -1.1506250E+04 -2.697E+01 -2.839E+01 -1.569E+01
 -1.1505750E+04 -2.617E+01 -2.740E+01 -1.471E+01
 -1.1505250E+04 -2.735E+01 -2.846E+01 -1.473E+01
 -1.1504750E+04 -2.804E+01 -2.834E+01 -1.193E+01
 -1.1504250E+04 -2.566E+01 -2.640E+01 -1.292E+01
 -1.1503750E+04 -2.738E+01 -2.850E+01 -1.483E+01
 -1.1503250E+04 -2.865E+01 -2.947E+01 -1.399E+01
 -1.1502750E+04 -2.748E+01 -2.769E+01 -1.139E+01
 -1.1502250E+04 -2.474E+01 -2.605E+01 -1.447E+01
 -1.1501750E+04 -2.582E+01 -2.776E+01 -1.717E+01
 -1.1501250E+04 -2.795E+01 -2.932E+01 -1.595E+01
 -1.1500750E+04 -2.583E+01 -2.782E+01 -1.737E+01
 -1.1500250E+04 -2.556E+01 -2.702E+01 -1.508E+01
 -1.1499750E+04 -2.572E+01 -2.635E+01 -1.234E+01
 -1.1499250E+04 -2.728E+01 -2.828E+01 -1.438E+01
 -1.1498750E+04 -2.285E+01 -2.543E+01 -1.865E+01
 -1.1498250E+04 -2.432E+01 -2.458E+01 -1.035E+01
 -1.1497750E+04 -2.396E+01 -2.384E+01 -8.910E+00
 -1.1497250E+04 -2.678E+01 -2.811E+01 -1.552E+01
 -1.1496750E+04 -2.552E+01 -2.746E+01 -1.718E+01
 -1.1496250E+04 -2.390E+01 -2.489E+01 -1.267E+01
 -1.1495750E+04 -2.772E+01 -2.825E+01 -1.237E+01
 -1.1495250E+04 -2.762E+01 -2.860E+01 -1.412E+01
 -1.1494750E+04 -2.519E+01 -2.602E+01 -1.284E+01
 -1.1494250E+04 -2.683E+01 -2.713E+01 -1.136E+01
 -1.1493750E+04 -2.582E+01 -2.723E+01 -1.543E+01
 -1.1493250E+04 -2.259E+01 -2.403E+01 -1.434E+01
 -1.1492750E+04 -2.346E+01 -2.459E+01 -1.336E+01
 -1.1492250E+04 -2.603E+01 -2.647E+01 -1.202E+01
 -1.1491750E+04 -2.729E+01 -2.787E+01 -1.256E+01
 -1.1491250E+04 -2.495E+01 -2.531E+01 -1.121E+01
 -1.1490750E+04 -2.387E+01 -2.381E+01 -9.070E+00
 -1.1490250E+04 -2.437E+01 -2.527E+01 -1.296E+01
 -1.1489750E+04 -2.351E+01 -2.521E+01 -1.545E+01
 -1.1489250E+04 -2.230E+01 -2.390E+01 -1.437E+01
 -1.1488750E+04 -2.316E+01 -2.388E+01 -1.151E+01
 -1.1488250E+04 -2.230E+01 -2.422E+01 -1.588E+01
 -1.1487750E+04 -2.422E+01 -2.498E+01 -1.191E+01
 -1.1487250E+04 -2.203E+01 -2.333E+01 -1.324E+01
 -1.1486750E+04 -2.321E+01 -2.512E+01 -1.607E+01
 -1.1486250E+04 -2.467E+01 -2.635E+01 -1.552E+01
 -1.1485750E+04 -2.491E+01 -2.611E+01 -1.386E+01
 -1.1485250E+04 -2.301E+01 -2.387E+01 -1.225E+01
 -1.1484750E+04 -2.499E+01 -2.533E+01 -1.088E+01
 -1.1484250E+04 -2.667E+01 -2.717E+01 -1.147E+01
 -1.1483750E+04 -2.434E+01 -2.436E+01 -9.627E+00
 -1.1483250E+04 -2.401E+01 -2.483E+01 -1.268E+01
 -1.1482750E+04 -2.268E+01 -2.371E+01 -1.252E+01
 -1.1482250E+04 -2.325E+01 -2.498E+01 -1.504E+01
 -1.1481750E+04 -2.314E+01 -2.463E+01 -1.438E+01
 -1.1481250E+04 -1.914E+01 -2.054E+01 -1.257E+01
 -1.1480750E+04 -2.190E+01 -2.298E+01 -1.241E+01
 -1.1480250E+04 -2.364E+01 -2.420E+01 -1.148E+01
 -1.1479750E+04 -2.339E+01 -2.408E+01 -1.168E+01
 -1.1479250E+04 -2.257E+01 -2.351E+01 -1.183E+01
 -1.1478750E+04 -2.064E+01 -2.171E+01 -1.197E+01
 -1.1478250E+04 -2.302E+01 -2.351E+01 -1.078E+01
 -1.1477750E+04 -2.212E+01 -2.361E+01 -1.437E+01
 -1.1477250E+04 -2.061E+01 -2.084E+01 -9.092E+00
 -1.1476750E+04 -2.215E+01 -2.245E+01 -9.836E+00
 -1.1476250E+04 -2.088E+01 -2.104E+01 -8.525E+00
 -1.1475750E+04 -2.278E+01 -2.324E+01 -1.035E+01
 -1.1475250E+04 -2.272E+01 -2.374E+01 -1.244E+01
 -1.1474750E+04 -2.101E+01 -2.264E+01 -1.402E+01
 -1.1474250E+04 -2.214E+01 -2.289E+01 -1.101E+01
 -1.1473750E+04 -2.228E+01 -2.333E+01 -1.244E+01
 -1.1473250E+04 -2.201E+01 -2.325E+01 -1.282E+01
 -1.1472750E+04 -2.137E+01 -2.296E+01 -1.379E+01
 -1.1472250E+04 -2.215E+01 -2.268E+01 -1.057E+01
 -1.1471750E+04 -2.193E+01 -2.337E+01 -1.404E+01
 -1.1471250E+04 -1.959E+01 -1.992E+01 -8.661E+00
 -1.1470750E+04 -2.244E+01 -2.326E+01 -1.165E+01
 -1.1470250E+04 -2.142E+01 -2.250E+01 -1.184E+01
 -1.1469750E+04 -2.059E+01 -2.154E+01 -1.182E+01
 -1.1469250E+04 -2.215E+01 -2.245E+01 -9.193E+00
 -1.1468750E+04 -2.196E+01 -2.226E+01 -9.998E+00
 -1.1468250E+04 -2.181E+01 -2.304E+01 -1.349E+01
 -1.1467750E+04 -2.272E+01 -2.279E+01 -9.523E+00
 -1.1467250E+04 -1.910E+01 -2.016E+01 -1.176E+01
 -1.1466750E+04 -2.069E+01 -2.169E+01 -1.105E+01
 -1.1466250E+04 -1.902E+01 -2.057E+01 -1.284E+01
 -1.1465750E+04 -1.925E+01 -1.957E+01 -8.840E+00
 -1.1465250E+04 -2.325E+01 -2.302E+01 -8.172E+00
 -1.1464750E+04 -2.223E+01 -2.262E+01 -9.685E+00
 -1.1464250E+04 -1.965E+01 -2.026E+01 -9.807E+00
 -1.1463750E+04 -1.910E+01 -2.080E+01 -1.357E+01
 -1.1463250E+04 -1.750E+01 -1.998E+01 -1.589E+01
 -1.1462750E+04 -1.912E+01 -2.007E+01 -1.062E+01
 -1.1462250E+04 -1.846E+01 -1.990E+01 -1.238E+01
 -1.1461750E+04 -1.928E+01 -2.013E+01 -1.034E+01
 -1.1461250E+04 -1.965E+01 -2.090E+01 -1.197E+01
 -1.1460750E+04 -1.799E+01 -1.879E+01 -1.009E+01
 -1.1460250E+04 -1.834E+01 -1.914E+01 -1.017E+01
 -1.1459750E+04 -1.979E+01 -2.047E+01 -1.013E+01
 -1.1459250E+04 -1.906E+01 -1.997E+01 -1.043E+01
 -1.1458750E+04 -1.635E+01 -1.748E+01 -1.051E+01
 -1.1458250E+04 -1.991E+01 -2.069E+01 -1.053E+01
 -1.1457750E+04 -2.237E+01 -2.275E+01 -9.570E+00
 -1.1457250E+04 -1.895E+01 -1.956E+01 -9.102E+00
 -1.1456750E+04 -2.035E+01 -2.124E+01 -1.146E+01
 -1.1456250E+04 -2.067E+01 -2.152E+01 -1.087E+01
 -1.1455750E+04 -1.655E+01 -1.755E+01 -1.036E+01
 -1.1455250E+04 -1.818E+01 -1.881E+01 -9.336E+00
 -1.1454750E+04 -1.994E+01 -2.081E+01 -1.012E+01
 -1.1454250E+04 -1.849E+01 -1.920E+01 -9.875E+00
 -1.1453750E+04 -1.831E+01 -1.866E+01 -8.853E+00
 -1.1453250E+04 -2.059E+01 -2.144E+01 -1.096E+01
 -1.1452750E+04 -1.786E+01 -1.903E+01 -1.105E+01
 -1.1452250E+04 -1.846E+01 -1.850E+01 -6.892E+00
 -1.1451750E+04 -1.789E+01 -1.870E+01 -9.547E+00
 -1.1451250E+04 -1.699E+01 -1.728E+01 -7.949E+00
 -1.1450750E+04 -1.818E+01 -1.920E+01 -1.073E+01
 -1.1450250E+04 -1.824E+01 -1.813E+01 -6.682E+00
 -1.1449750E+04 -1.714E+01 -1.864E+01 -1.220E+01
 -1.1449250E+04 -1.910E+01 -1.943E+01 -8.688E+00
 -1.1448750E+04 -1.767E+01 -1.845E+01 -9.667E+00
 -1.1448250E+04 -1.895E+01 -1.951E+01 -9.504E+00
 -1.1447750E+04 -2.039E+01 -2.127E+01 -1.083E+01
 -1.1447250E+04 -1.935E+01 -1.958E+01 -8.728E+00
 -1.1446750E+04 -1.857E+01 -1.940E+01 -9.948E+00
 -1.1446250E+04 -1.831E+01 -1.886E+01 -8.942E+00
 -1.1445750E+04 -1.826E+01 -1.882E+01 -8.870E+00
 -1.1445250E+04 -1.757E+01 -1.918E+01 -1.282E+01
 -1.1444750E+04 -1.693E+01 -1.822E+01 -1.108E+01
 -1.1444250E+04 -1.659E+01 -1.695E+01 -7.341E+00
 -1.1443750E+04 -1.723E+01 -1.793E+01 -9.182E+00
 -1.1443250E+04 -1.505E+01 -1.654E+01 -1.161E+01
 -1.1442750E+04 -1.871E+01 -1.901E+01 -8.151E+00
 -1.1442250E+04 -1.740E+01 -1.771E+01 -7.713E+00
 -1.1441750E+04 -1.582E+01 -1.646E+01 -8.217E+00
 -1.1441250E+04 -1.746E+01 -1.851E+01 -1.022E+01
 -1.1440750E+04 -1.640E+01 -1.824E+01 -1.294E+01
 -1.1440250E+04 -1.639E+01 -1.685E+01 -8.030E+00
 -1.1439750E+04 -1.717E+01 -1.719E+01 -7.857E+00
 -1.1439250E+04 -1.811E+01 -1.916E+01 -1.091E+01
 -1.1438750E+04 -1.650E+01 -1.730E+01 -9.054E+00
 -1.1438250E+04 -1.692E+01 -1.776E+01 -9.286E+00
 -1.1437750E+04 -1.736E+01 -1.829E+01 -9.897E+00
 -1.1437250E+04 -1.573E+01 -1.616E+01 -7.756E+00
 -1.1436750E+04 -1.778E+01 -1.808E+01 -8.091E+00
 -1.1436250E+04 -1.521E+01 -1.595E+01 -8.600E+00
 -1.1435750E+04 -1.600E+01 -1.670E+01 -8.646E+00
 -1.1435250E+04 -1.640E+01 -1.672E+01 -7.589E+00
 -1.1434750E+04 -1.579E+01 -1.617E+01 -7.531E+00
 -1.1434250E+04 -1.612E+01 -1.689E+01 -8.683E+00
 -1.1433750E+04 -1.633E+01 -1.708E+01 -8.959E+00
 -1.1433250E+04 -1.470E+01 -1.548E+01 -8.880E+00
 -1.1432750E+04 -1.790E+01 -1.858E+01 -9.217E+00
 -1.1432250E+04 -1.575E+01 -1.656E+01 -9.307E+00
 -1.1431750E+04 -1.567E+01 -1.621E+01 -7.684E+00
 -1.1431250E+04 -1.539E+01 -1.591E+01 -7.718E+00
 -1.1430750E+04 -1.551E+01 -1.667E+01 -9.887E+00
 -1.1430250E+04 -1.621E+01 -1.712E+01 -9.530E+00
 -1.1429750E+04 -1.864E+01 -1.932E+01 -9.191E+00
 -1.1429250E+04 -1.500E+01 -1.588E+01 -8.929E+00
 -1.1428750E+04 -1.466E+01 -1.504E+01 -7.507E+00
 -1.1428250E+04 -1.552E+01 -1.680E+01 -1.081E+01
 -1.1427750E+04 -1.368E+01 -1.497E+01 -9.898E+00
 -1.1427250E+04 -1.428E+01 -1.528E+01 -9.213E+00
 -1.1426750E+04 -1.548E+01 -1.625E+01 -9.058E+00
 -1.1426250E+04 -1.449E+01 -1.528E+01 -8.421E+00
 -1.1425750E+04 -1.696E+01 -1.689E+01 -6.330E+00
 -1.1425250E+04 -1.597E+01 -1.680E+01 -8.784E+00
 -1.1424750E+04 -1.601E+01 -1.717E+01 -9.805E+00
 -1.1424250E+04 -1.654E+01 -1.679E+01 -7.320E+00
 -1.1423750E+04 -1.619E+01 -1.724E+01 -9.991E+00
 -1.1423250E+04 -1.488E+01 -1.509E+01 -6.726E+00
 -1.1422750E+04 -1.547E+01 -1.550E+01 -6.289E+00
 -1.1422250E+04 -1.599E+01 -1.639E+01 -7.515E+00
 -1.1421750E+04 -1.600E+01 -1.651E+01 -7.706E+00
 -1.1421250E+04 -1.325E+01 -1.420E+01 -8.647E+00
 -1.1420750E+04 -1.402E+01 -1.469E+01 -7.642E+00
 -1.1420250E+04 -1.625E+01 -1.653E+01 -7.945E+00
 -1.1419750E+04 -1.461E+01 -1.521E+01 -8.485E+00
 -1.1419250E+04 -1.591E+01 -1.594E+01 -6.685E+00
 -1.1418750E+04 -1.448E+01 -1.518E+01 -7.977E+00
 -1.1418250E+04 -1.394E+01 -1.456E+01 -7.976E+00
 -1.1417750E+04 -1.440E+01 -1.510E+01 -8.390E+00
 -1.1417250E+04 -1.536E+01 -1.595E+01 -8.252E+00
 -1.1416750E+04 -1.547E+01 -1.619E+01 -8.009E+00
 -1.1416250E+04 -1.434E+01 -1.498E+01 -7.447E+00
 -1.1415750E+04 -1.475E+01 -1.528E+01 -7.633E+00
 -1.1415250E+04 -1.453E+01 -1.486E+01 -6.675E+00
 -1.1414750E+04 -1.479E+01 -1.563E+01 -8.763E+00
 -1.1414250E+04 -1.443E+01 -1.548E+01 -9.354E+00
 -1.1413750E+04 -1.444E+01 -1.506E+01 -7.669E+00
 -1.1413250E+04 -1.388E+01 -1.431E+01 -6.838E+00
 -1.1412750E+04 -1.326E+01 -1.421E+01 -8.652E+00
 -1.1412250E+04 -1.310E+01 -1.368E+01 -7.151E+00
 -1.1411750E+04 -1.377E+01 -1.454E+01 -8.178E+00
 -1.1411250E+04 -1.521E+01 -1.555E+01 -7.866E+00
 -1.1410750E+04 -1.509E+01 -1.586E+01 -8.282E+00
 -1.1410250E+04 -1.439E+01 -1.482E+01 -7.142E+00
 -1.1409750E+04 -1.492E+01 -1.516E+01 -6.814E+00
 -1.1409250E+04 -1.403E+01 -1.510E+01 -9.203E+00
 -1.1408750E+04 -1.234E+01 -1.338E+01 -8.873E+00
 -1.1408250E+04 -1.349E+01 -1.388E+01 -6.478E+00
 -1.1407750E+04 -1.348E+01 -1.385E+01 -6.751E+00
 -1.1407250E+04 -1.389E+01 -1.407E+01 -5.815E+00
 -1.1406750E+04 -1.433E+01 -1.486E+01 -7.228E+00
 -1.1406250E+04 -1.323E+01 -1.403E+01 -8.062E+00
 -1.1405750E+04 -1.393E+01 -1.510E+01 -9.396E+00
 -1.1405250E+04 -1.323E+01 -1.362E+01 -6.599E+00
 -1.1404750E+04 -1.327E+01 -1.330E+01 -5.796E+00
 -1.1404250E+04 -1.542E+01 -1.623E+01 -8.900E+00
 -1.1403750E+04 -1.375E+01 -1.464E+01 -8.419E+00
 -1.1403250E+04 -1.238E+01 -1.320E+01 -7.671E+00
 -1.1402750E+04 -1.367E+01 -1.358E+01 -4.790E+00
 -1.1402250E+04 -1.323E+01 -1.415E+01 -8.410E+00
 -1.1401750E+04 -1.251E+01 -1.329E+01 -7.466E+00
 -1.1401250E+04 -1.344E+01 -1.337E+01 -4.917E+00
 -1.1400750E+04 -1.290E+01 -1.327E+01 -6.491E+00
 -1.1400250E+04 -1.349E+01 -1.418E+01 -7.428E+00
 -1.1399750E+04 -1.322E+01 -1.384E+01 -7.343E+00
 -1.1399250E+04 -1.352E+01 -1.445E+01 -8.437E+00
 -1.1398750E+04 -1.257E+01 -1.311E+01 -7.103E+00
 -1.1398250E+04 -1.318E+01 -1.366E+01 -6.665E+00
 -1.1397750E+04 -1.204E+01 -1.270E+01 -7.083E+00
 -1.1397250E+04 -1.442E+01 -1.406E+01 -4.208E+00
 -1.1396750E+04 -1.421E+01 -1.430E+01 -5.633E+00
 -1.1396250E+04 -1.246E+01 -1.235E+01 -3.969E+00
 -1.1395750E+04 -1.276E+01 -1.325E+01 -6.200E+00
 -1.1395250E+04 -1.253E+01 -1.305E+01 -6.693E+00
 -1.1394750E+04 -1.201E+01 -1.267E+01 -6.970E+00
 -1.1394250E+04 -1.071E+01 -1.156E+01 -7.610E+00
 -1.1393750E+04 -1.334E+01 -1.395E+01 -7.000E+00
 -1.1393250E+04 -1.159E+01 -1.239E+01 -6.744E+00
 -1.1392750E+04 -1.222E+01 -1.289E+01 -7.047E+00
 -1.1392250E+04 -1.374E+01 -1.424E+01 -7.148E+00
 -1.1391750E+04 -1.288E+01 -1.315E+01 -6.350E+00
 -1.1391250E+04 -1.161E+01 -1.218E+01 -6.766E+00
 -1.1390750E+04 -1.194E+01 -1.214E+01 -5.699E+00
 -1.1390250E+04 -1.158E+01 -1.243E+01 -7.518E+00
 -1.1389750E+04 -1.285E+01 -1.326E+01 -6.290E+00
 -1.1389250E+04 -1.372E+01 -1.411E+01 -6.932E+00
 -1.1388750E+04 -1.263E+01 -1.287E+01 -5.546E+00
 -1.1388250E+04 -1.133E+01 -1.204E+01 -7.819E+00
 -1.1387750E+04 -1.197E+01 -1.232E+01 -6.326E+00
 -1.1387250E+04 -1.259E+01 -1.263E+01 -4.923E+00
 -1.1386750E+04 -1.247E+01 -1.307E+01 -6.989E+00
 -1.1386250E+04 -1.296E+01 -1.376E+01 -8.047E+00
 -1.1385750E+04 -1.250E+01 -1.313E+01 -7.012E+00
 -1.1385250E+04 -1.156E+01 -1.223E+01 -6.800E+00
 -1.1384750E+04 -1.231E+01 -1.238E+01 -4.859E+00
 -1.1384250E+04 -1.240E+01 -1.320E+01 -7.515E+00
 -1.1383750E+04 -1.202E+01 -1.282E+01 -7.618E+00
 -1.1383250E+04 -1.077E+01 -1.120E+01 -5.275E+00
 -1.1382750E+04 -1.058E+01 -1.175E+01 -8.795E+00
 -1.1382250E+04 -1.164E+01 -1.253E+01 -7.902E+00
 -1.1381750E+04 -1.168E+01 -1.236E+01 -6.975E+00
 -1.1381250E+04 -1.123E+01 -1.186E+01 -6.703E+00
 -1.1380750E+04 -1.126E+01 -1.173E+01 -6.234E+00
 -1.1380250E+04 -1.031E+01 -1.082E+01 -5.355E+00
 -1.1379750E+04 -1.109E+01 -1.110E+01 -3.205E+00
 -1.1379250E+04 -1.096E+01 -1.174E+01 -6.744E+00
 -1.1378750E+04 -1.179E+01 -1.177E+01 -4.693E+00
 -1.1378250E+04 -1.187E+01 -1.217E+01 -5.695E+00
 -1.1377750E+04 -1.073E+01 -1.172E+01 -7.619E+00
 -1.1377250E+04 -1.272E+01 -1.330E+01 -6.558E+00
 -1.1376750E+04 -1.088E+01 -1.147E+01 -6.453E+00
 -1.1376250E+04 -1.110E+01 -1.106E+01 -4.179E+00
 -1.1375750E+04 -1.205E+01 -1.247E+01 -6.410E+00
 -1.1375250E+04 -1.133E+01 -1.187E+01 -6.066E+00
 -1.1374750E+04 -1.120E+01 -1.187E+01 -6.603E+00
 -1.1374250E+04 -1.286E+01 -1.344E+01 -7.173E+00
 -1.1373750E+04 -1.198E+01 -1.218E+01 -5.320E+00
 -1.1373250E+04 -1.080E+01 -1.140E+01 -6.357E+00
 -1.1372750E+04 -8.737E+00 -8.805E+00 -4.079E+00
 -1.1372250E+04 -1.078E+01 -1.115E+01 -5.604E+00
 -1.1371750E+04 -1.179E+01 -1.236E+01 -7.006E+00
 -1.1371250E+04 -1.136E+01 -1.162E+01 -5.651E+00
 -1.1370750E+04 -1.018E+01 -1.060E+01 -6.116E+00
 -1.1370250E+04 -1.032E+01 -1.109E+01 -6.052E+00
 -1.1369750E+04 -1.264E+01 -1.298E+01 -5.620E+00
 -1.1369250E+04 -9.881E+00 -1.022E+01 -5.497E+00
 -1.1368750E+04 -1.029E+01 -1.088E+01 -5.925E+00
 -1.1368250E+04 -1.035E+01 -1.094E+01 -5.773E+00
 -1.1367750E+04 -1.003E+01 -1.092E+01 -7.046E+00
 -1.1367250E+04 -1.228E+01 -1.242E+01 -5.282E+00
 -1.1366750E+04 -1.109E+01 -1.101E+01 -3.719E+00
 -1.1366250E+04 -1.132E+01 -1.224E+01 -7.717E+00
 -1.1365750E+04 -1.006E+01 -1.123E+01 -7.885E+00
 -1.1365250E+04 -1.019E+01 -1.061E+01 -5.470E+00
 -1.1364750E+04 -1.063E+01 -1.146E+01 -7.140E+00
 -1.1364250E+04 -9.198E+00 -1.004E+01 -6.401E+00
 -1.1363750E+04 -9.872E+00 -1.060E+01 -6.355E+00
 -1.1363250E+04 -1.008E+01 -1.061E+01 -5.818E+00
 -1.1362750E+04 -6.263E+00 -7.805E+00 -5.392E+00
 -1.1362250E+04 -1.058E+01 -1.113E+01 -6.667E+00
 -1.1361750E+04 -1.010E+01 -1.070E+01 -6.709E+00
 -1.1361250E+04 -1.088E+01 -1.094E+01 -4.433E+00
 -1.1360750E+04 -9.350E+00 -9.931E+00 -4.937E+00
 -1.1360250E+04 -1.199E+01 -1.126E+01 -3.190E+00
 -1.1359750E+04 -1.152E+01 -1.197E+01 -5.621E+00
 -1.1359250E+04 -1.035E+01 -1.105E+01 -6.942E+00
 -1.1358750E+04 -9.622E+00 -1.026E+01 -5.891E+00
 -1.1358250E+04 -8.381E+00 -9.008E+00 -6.537E+00
 -1.1357750E+04 -8.560E+00 -8.911E+00 -4.378E+00
 -1.1357250E+04 -1.079E+01 -1.085E+01 -4.677E+00
 -1.1356750E+04 -1.050E+01 -1.089E+01 -5.520E+00
 -1.1356250E+04 -9.325E+00 -9.447E+00 -4.029E+00
 -1.1355750E+04 -9.736E+00 -1.003E+01 -4.980E+00
 -1.1355250E+04 -1.092E+01 -1.093E+01 -4.345E+00
 -1.1354750E+04 -9.425E+00 -1.020E+01 -6.536E+00
 -1.1354250E+04 -9.597E+00 -1.035E+01 -5.707E+00
 -1.1353750E+04 -9.669E+00 -1.052E+01 -6.792E+00
 -1.1353250E+04 -9.486E+00 -1.004E+01 -5.688E+00
 -1.1352750E+04 -1.053E+01 -1.079E+01 -5.082E+00
 -1.1352250E+04 -9.864E+00 -1.053E+01 -6.419E+00
 -1.1351750E+04 -9.661E+00 -1.044E+01 -5.763E+00
 -1.1351250E+04 -1.041E+01 -1.079E+01 -5.177E+00
 -1.1350750E+04 -9.980E+00 -1.006E+01 -4.422E+00
 -1.1350250E+04 -8.977E+00 -9.368E+00 -4.966E+00
 -1.1349750E+04 -1.102E+01 -1.138E+01 -5.720E+00
 -1.1349250E+04 -9.661E+00 -1.007E+01 -5.551E+00
 -1.1348750E+04 -8.657E+00 -9.037E+00 -4.446E+00
 -1.1348250E+04 -9.678E+00 -9.893E+00 -4.528E+00
 -1.1347750E+04 -8.691E+00 -9.432E+00 -5.745E+00
 -1.1347250E+04 -9.570E+00 -1.032E+01 -6.275E+00
 -1.1346750E+04 -9.987E+00 -1.001E+01 -3.879E+00
 -1.1346250E+04 -8.804E+00 -9.158E+00 -4.753E+00
 -1.1345750E+04 -9.459E+00 -1.005E+01 -5.907E+00
 -1.1345250E+04 -8.544E+00 -9.251E+00 -6.052E+00
 -1.1344750E+04 -9.455E+00 -9.562E+00 -4.209E+00
 -1.1344250E+04 -9.306E+00 -9.746E+00 -5.231E+00
 -1.1343750E+04 -9.340E+00 -9.869E+00 -5.250E+00
 -1.1343250E+04 -8.395E+00 -8.952E+00 -5.514E+00
 -1.1342750E+04 -8.643E+00 -9.095E+00 -5.084E+00
 -1.1342250E+04 -1.111E+01 -1.104E+01 -3.076E+00
 -1.1341750E+04 -8.046E+00 -8.593E+00 -5.458E+00
 -1.1341250E+04 -7.823E+00 -8.391E+00 -5.565E+00
 -1.1340750E+04 -8.593E+00 -9.306E+00 -6.036E+00
 -1.1340250E+04 -9.254E+00 -9.680E+00 -5.098E+00
 -1.1339750E+04 -7.604E+00 -7.976E+00 -4.582E+00
 -1.1339250E+04 -9.715E+00 -9.684E+00 -3.784E+00
 -1.1338750E+04 -9.964E+00 -1.023E+01 -4.589E+00
 -1.1338250E+04 -9.244E+00 -9.699E+00 -5.175E+00
 -1.1337750E+04 -9.666E+00 -1.001E+01 -4.320E+00
 -1.1337250E+04 -8.245E+00 -8.481E+00 -3.832E+00
 -1.1336750E+04 -9.421E+00 -9.923E+00 -5.390E+00
 -1.1336250E+04 -8.573E+00 -9.242E+00 -5.100E+00
 -1.1335750E+04 -7.895E+00 -7.586E+00 -4.871E+00
 -1.1335250E+04 -1.110E+01 -1.277E+01 -7.856E+00
 -1.1334750E+04 -8.142E+00 -8.446E+00 -4.129E+00
 -1.1334250E+04 -9.624E+00 -9.600E+00 -3.148E+00
 -1.1333750E+04 -8.278E+00 -8.697E+00 -4.732E+00
 -1.1333250E+04 -9.418E+00 -1.003E+01 -4.985E+00
 -1.1332750E+04 -9.531E+00 -9.243E+00 -3.104E+00
 -1.1332250E+04 -8.995E+00 -9.041E+00 -4.721E+00
 -1.1331750E+04 -8.915E+00 -9.167E+00 -4.287E+00
 -1.1331250E+04 -7.883E+00 -8.390E+00 -4.811E+00
 -1.1330750E+04 -7.989E+00 -8.762E+00 -5.972E+00
 -1.1330250E+04 -8.891E+00 -9.265E+00 -5.438E+00
 -1.1329750E+04 -8.161E+00 -8.516E+00 -4.826E+00
 -1.1329250E+04 -9.589E+00 -9.299E+00 -2.556E+00
 -1.1328750E+04 -8.686E+00 -9.020E+00 -4.412E+00
 -1.1328250E+04 -8.279E+00 -8.614E+00 -4.723E+00
 -1.1327750E+04 -8.596E+00 -9.254E+00 -5.668E+00
 -1.1327250E+04 -7.983E+00 -8.277E+00 -4.304E+00
 -1.1326750E+04 -8.537E+00 -9.016E+00 -4.898E+00
 -1.1326250E+04 -7.333E+00 -7.736E+00 -4.181E+00
 -1.1325750E+04 -7.918E+00 -8.486E+00 -4.644E+00
 -1.1325250E+04 -8.665E+00 -8.809E+00 -4.122E+00
 -1.1324750E+04 -8.724E+00 -8.877E+00 -3.718E+00
 -1.1324250E+04 -8.548E+00 -9.095E+00 -5.228E+00
 -1.1323750E+04 -8.523E+00 -8.882E+00 -4.327E+00
 -1.1323250E+04 -8.943E+00 -9.667E+00 -5.947E+00
 -1.1322750E+04 -6.844E+00 -7.062E+00 -3.666E+00
 -1.1322250E+04 -9.034E+00 -8.949E+00 -3.435E+00
 -1.1321750E+04 -8.196E+00 -8.897E+00 -5.968E+00
 -1.1321250E+04 -9.283E+00 -1.002E+01 -6.478E+00
 -1.1320750E+04 -7.190E+00 -7.628E+00 -4.105E+00
 -1.1320250E+04 -8.048E+00 -8.246E+00 -3.457E+00
 -1.1319750E+04 -8.199E+00 -8.291E+00 -3.334E+00
 -1.1319250E+04 -9.121E+00 -9.450E+00 -4.774E+00
 -1.1318750E+04 -8.552E+00 -9.226E+00 -5.835E+00
 -1.1318250E+04 -8.194E+00 -8.199E+00 -3.162E+00
 -1.1317750E+04 -7.987E+00 -8.578E+00 -5.130E+00
 -1.1317250E+04 -8.897E+00 -9.008E+00 -3.793E+00
 -1.1316750E+04 -7.813E+00 -7.975E+00 -3.889E+00
 -1.1316250E+04 -7.021E+00 -7.210E+00 -3.297E+00
 -1.1315750E+04 -7.978E+00 -8.167E+00 -3.897E+00
 -1.1315250E+04 -7.796E+00 -8.520E+00 -5.580E+00
 -1.1314750E+04 -7.465E+00 -7.714E+00 -3.820E+00
 -1.1314250E+04 -9.344E+00 -9.485E+00 -3.904E+00
 -1.1313750E+04 -7.969E+00 -8.659E+00 -5.440E+00
 -1.1313250E+04 -6.823E+00 -7.153E+00 -4.308E+00
 -1.1312750E+04 -7.364E+00 -7.970E+00 -4.862E+00
 -1.1312250E+04 -7.660E+00 -8.395E+00 -5.553E+00
 -1.1311750E+04 -7.422E+00 -7.366E+00 -3.004E+00
 -1.1311250E+04 -7.463E+00 -7.536E+00 -3.800E+00
 -1.1310750E+04 -7.936E+00 -8.532E+00 -4.995E+00
 -1.1310250E+04 -7.023E+00 -7.634E+00 -5.236E+00
 -1.1309750E+04 -7.201E+00 -7.853E+00 -4.957E+00
 -1.1309250E+04 -7.562E+00 -8.106E+00 -4.903E+00
 -1.1308750E+04 -8.128E+00 -8.542E+00 -4.680E+00
 -1.1308250E+04 -6.443E+00 -6.998E+00 -4.108E+00
 -1.1307750E+04 -6.702E+00 -7.012E+00 -3.765E+00
 -1.1307250E+04 -8.108E+00 -8.093E+00 -3.515E+00
 -1.1306750E+04 -7.567E+00 -7.935E+00 -4.317E+00
 -1.1306250E+04 -8.138E+00 -8.503E+00 -4.142E+00
 -1.1305750E+04 -7.579E+00 -8.100E+00 -4.443E+00
 -1.1305250E+04 -7.701E+00 -7.671E+00 -2.745E+00
 -1.1304750E+04 -8.255E+00 -8.477E+00 -3.793E+00
 -1.1304250E+04 -6.722E+00 -7.242E+00 -4.471E+00
 -1.1303750E+04 -6.653E+00 -6.947E+00 -3.318E+00
 -1.1303250E+04 -7.772E+00 -7.814E+00 -3.033E+00
 -1.1302750E+04 -7.374E+00 -8.195E+00 -5.721E+00
 -1.1302250E+04 -7.322E+00 -7.715E+00 -4.365E+00
 -1.1301750E+04 -7.177E+00 -8.032E+00 -5.467E+00
 -1.1301250E+04 -7.424E+00 -7.859E+00 -4.504E+00
 -1.1300750E+04 -6.878E+00 -7.341E+00 -4.323E+00
 -1.1300250E+04 -7.147E+00 -7.150E+00 -2.585E+00
 -1.1299750E+04 -7.669E+00 -7.917E+00 -3.745E+00
 -1.1299250E+04 -7.819E+00 -8.374E+00 -5.017E+00
 -1.1298750E+04 -7.339E+00 -7.627E+00 -4.120E+00
 -1.1298250E+04 -6.735E+00 -6.867E+00 -3.337E+00
 -1.1297750E+04 -6.655E+00 -7.136E+00 -4.775E+00
 -1.1297250E+04 -7.949E+00 -8.599E+00 -5.143E+00
 -1.1296750E+04 -8.148E+00 -7.989E+00 -2.554E+00
 -1.1296250E+04 -6.889E+00 -7.361E+00 -4.023E+00
 -1.1295750E+04 -7.975E+00 -8.367E+00 -4.252E+00
 -1.1295250E+04 -6.503E+00 -6.747E+00 -3.895E+00
 -1.1294750E+04 -5.634E+00 -6.606E+00 -5.747E+00
 -1.1294250E+04 -7.387E+00 -7.410E+00 -2.596E+00
 -1.1293750E+04 -5.690E+00 -6.375E+00 -4.287E+00
 -1.1293250E+04 -6.966E+00 -7.488E+00 -4.209E+00
 -1.1292750E+04 -6.327E+00 -6.819E+00 -5.077E+00
 -1.1292250E+04 -6.284E+00 -6.320E+00 -3.463E+00
 -1.1291750E+04 -6.960E+00 -7.577E+00 -4.355E+00
 -1.1291250E+04 -7.352E+00 -7.721E+00 -4.152E+00
 -1.1290750E+04 -8.168E+00 -8.111E+00 -3.175E+00
 -1.1290250E+04 -6.602E+00 -6.684E+00 -3.023E+00
 -1.1289750E+04 -7.711E+00 -8.422E+00 -4.904E+00
 -1.1289250E+04 -6.703E+00 -6.888E+00 -3.182E+00
 -1.1288750E+04 -6.871E+00 -7.339E+00 -4.199E+00
 -1.1288250E+04 -6.243E+00 -6.655E+00 -3.678E+00
 -1.1287750E+04 -7.289E+00 -7.890E+00 -4.485E+00
 -1.1287250E+04 -6.778E+00 -7.248E+00 -4.156E+00
 -1.1286750E+04 -6.253E+00 -6.710E+00 -4.407E+00
 -1.1286250E+04 -6.809E+00 -6.885E+00 -2.831E+00
 -1.1285750E+04 -6.974E+00 -7.023E+00 -2.395E+00
 -1.1285250E+04 -6.998E+00 -7.163E+00 -3.774E+00
 -1.1284750E+04 -6.490E+00 -6.890E+00 -3.913E+00
 -1.1284250E+04 -5.355E+00 -5.893E+00 -3.734E+00
 -1.1283750E+04 -6.674E+00 -6.956E+00 -3.108E+00
 -1.1283250E+04 -5.711E+00 -5.901E+00 -3.698E+00
 -1.1282750E+04 -7.676E+00 -7.714E+00 -3.764E+00
 -1.1282250E+04 -6.079E+00 -6.410E+00 -3.628E+00
 -1.1281750E+04 -5.930E+00 -6.254E+00 -4.115E+00
 -1.1281250E+04 -6.646E+00 -7.057E+00 -4.164E+00
 -1.1280750E+04 -6.447E+00 -6.775E+00 -3.820E+00
 -1.1280250E+04 -6.786E+00 -7.026E+00 -3.390E+00
 -1.1279750E+04 -6.692E+00 -7.041E+00 -3.679E+00
 -1.1279250E+04 -6.353E+00 -6.306E+00 -2.393E+00
 -1.1278750E+04 -7.250E+00 -7.477E+00 -3.488E+00
 -1.1278250E+04 -6.352E+00 -6.670E+00 -3.727E+00
 -1.1277750E+04 -7.050E+00 -7.400E+00 -4.212E+00
 -1.1277250E+04 -6.457E+00 -6.746E+00 -3.469E+00
 -1.1276750E+04 -5.756E+00 -6.063E+00 -2.967E+00
 -1.1276250E+04 -4.805E+00 -5.496E+00 -4.225E+00
 -1.1275750E+04 -5.427E+00 -5.781E+00 -3.436E+00
 -1.1275250E+04 -6.575E+00 -6.739E+00 -3.303E+00
 -1.1274750E+04 -7.423E+00 -7.497E+00 -3.111E+00
 -1.1274250E+04 -6.816E+00 -7.382E+00 -4.487E+00
 -1.1273750E+04 -6.318E+00 -6.323E+00 -2.307E+00
 -1.1273250E+04 -6.638E+00 -6.656E+00 -2.646E+00
 -1.1272750E+04 -6.939E+00 -6.825E+00 -2.724E+00
 -1.1272250E+04 -6.263E+00 -6.630E+00 -3.520E+00
 -1.1271750E+04 -6.170E+00 -6.672E+00 -4.670E+00
 -1.1271250E+04 -5.967E+00 -6.552E+00 -4.566E+00
 -1.1270750E+04 -6.194E+00 -6.814E+00 -4.443E+00
 -1.1270250E+04 -5.883E+00 -6.299E+00 -3.684E+00
 -1.1269750E+04 -6.655E+00 -6.621E+00 -2.225E+00
 -1.1269250E+04 -6.667E+00 -6.574E+00 -2.637E+00
 -1.1268750E+04 -6.940E+00 -7.062E+00 -3.104E+00
 -1.1268250E+04 -5.714E+00 -6.078E+00 -3.088E+00
 -1.1267750E+04 -5.422E+00 -5.591E+00 -2.860E+00
 -1.1267250E+04 -4.449E+00 -4.710E+00 -3.051E+00
 -1.1266750E+04 -7.732E+00 -7.471E+00 -2.260E+00
 -1.1266250E+04 -6.331E+00 -6.577E+00 -3.285E+00
 -1.1265750E+04 -6.274E+00 -6.623E+00 -3.987E+00
 -1.1265250E+04 -6.903E+00 -7.098E+00 -3.310E+00
 -1.1264750E+04 -6.568E+00 -7.058E+00 -4.430E+00
 -1.1264250E+04 -6.875E+00 -6.992E+00 -3.164E+00
 -1.1263750E+04 -5.768E+00 -6.569E+00 -4.850E+00
 -1.1263250E+04 -4.890E+00 -4.995E+00 -2.765E+00
 -1.1262750E+04 -5.525E+00 -5.884E+00 -3.470E+00
 -1.1262250E+04 -6.164E+00 -6.448E+00 -3.189E+00
 -1.1261750E+04 -5.719E+00 -6.533E+00 -4.545E+00
 -1.1261250E+04 -6.128E+00 -6.374E+00 -3.096E+00
 -1.1260750E+04 -5.845E+00 -5.855E+00 -2.667E+00
 -1.1260250E+04 -5.714E+00 -6.240E+00 -4.131E+00
 -1.1259750E+04 -5.299E+00 -5.720E+00 -3.815E+00
 -1.1259250E+04 -6.342E+00 -6.588E+00 -3.339E+00
 -1.1258750E+04 -6.091E+00 -6.634E+00 -4.094E+00
 -1.1258250E+04 -6.056E+00 -6.083E+00 -2.251E+00
 -1.1257750E+04 -6.153E+00 -6.290E+00 -2.872E+00
 -1.1257250E+04 -6.248E+00 -6.325E+00 -2.686E+00
 -1.1256750E+04 -6.862E+00 -7.192E+00 -3.646E+00
 -1.1256250E+04 -6.442E+00 -6.903E+00 -3.644E+00
 -1.1255750E+04 -5.275E+00 -5.840E+00 -3.997E+00
 -1.1255250E+04 -4.822E+00 -5.150E+00 -2.932E+00
 -1.1254750E+04 -5.253E+00 -5.525E+00 -2.974E+00
 -1.1254250E+04 -4.631E+00 -4.573E+00 -1.895E+00
 -1.1253750E+04 -6.056E+00 -6.461E+00 -3.730E+00
 -1.1253250E+04 -5.870E+00 -6.383E+00 -4.150E+00
 -1.1252750E+04 -5.324E+00 -5.648E+00 -2.975E+00
 -1.1252250E+04 -5.086E+00 -5.354E+00 -2.959E+00
 -1.1251750E+04 -5.000E+00 -5.218E+00 -2.718E+00
 -1.1251250E+04 -4.508E+00 -4.785E+00 -2.935E+00
 -1.1250750E+04 -5.474E+00 -5.461E+00 -2.663E+00
 -1.1250250E+04 -6.246E+00 -6.445E+00 -3.358E+00
 -1.1249750E+04 -5.344E+00 -5.267E+00 -2.203E+00
 -1.1249250E+04 -5.354E+00 -6.366E+00 -5.743E+00
 -1.1248750E+04 -5.919E+00 -6.043E+00 -2.530E+00
 -1.1248250E+04 -5.848E+00 -5.855E+00 -2.344E+00
 -1.1247750E+04 -5.302E+00 -5.292E+00 -2.532E+00
 -1.1247250E+04 -5.792E+00 -5.990E+00 -3.491E+00
 -1.1246750E+04 -5.434E+00 -5.704E+00 -2.945E+00
 -1.1246250E+04 -6.686E+00 -7.036E+00 -3.437E+00
 -1.1245750E+04 -6.041E+00 -6.433E+00 -3.543E+00
 -1.1245250E+04 -5.107E+00 -4.984E+00 -1.729E+00
 -1.1244750E+04 -5.991E+00 -6.139E+00 -2.623E+00
 -1.1244250E+04 -6.068E+00 -6.560E+00 -3.847E+00
 -1.1243750E+04 -5.570E+00 -5.619E+00 -2.347E+00
 -1.1243250E+04 -5.302E+00 -5.819E+00 -3.653E+00
 -1.1242750E+04 -5.972E+00 -6.352E+00 -3.565E+00
 -1.1242250E+04 -5.622E+00 -5.943E+00 -3.092E+00
 -1.1241750E+04 -4.971E+00 -5.115E+00 -2.494E+00
 -1.1241250E+04 -5.627E+00 -5.730E+00 -2.263E+00
 -1.1240750E+04 -5.594E+00 -5.591E+00 -2.309E+00
 -1.1240250E+04 -4.676E+00 -4.972E+00 -2.718E+00
 -1.1239750E+04 -5.530E+00 -5.585E+00 -2.365E+00
 -1.1239250E+04 -6.347E+00 -6.528E+00 -2.554E+00
 -1.1238750E+04 -5.309E+00 -5.596E+00 -2.724E+00
 -1.1238250E+04 -5.525E+00 -5.818E+00 -2.619E+00
 -1.1237750E+04 -4.246E+00 -4.784E+00 -3.960E+00
 -1.1237250E+04 -4.548E+00 -4.324E+00 -1.902E+00
 -1.1236750E+04 -5.283E+00 -5.727E+00 -2.938E+00
 -1.1236250E+04 -5.158E+00 -5.534E+00 -3.022E+00
 -1.1235750E+04 -4.742E+00 -4.997E+00 -3.005E+00
 -1.1235250E+04 -4.356E+00 -3.895E+00 -1.871E+00
 -1.1234750E+04 -5.765E+00 -6.239E+00 -3.521E+00
 -1.1234250E+04 -4.573E+00 -5.143E+00 -3.726E+00
 -1.1233750E+04 -3.810E+00 -4.206E+00 -2.806E+00
 -1.1233250E+04 -5.119E+00 -5.297E+00 -2.667E+00
 -1.1232750E+04 -5.128E+00 -5.339E+00 -2.225E+00
 -1.1232250E+04 -5.524E+00 -5.444E+00 -2.320E+00
 -1.1231750E+04 -5.922E+00 -6.048E+00 -3.052E+00
 -1.1231250E+04 -5.026E+00 -5.241E+00 -2.927E+00
 -1.1230750E+04 -4.628E+00 -4.777E+00 -2.317E+00
 -1.1230250E+04 -5.004E+00 -5.159E+00 -2.491E+00
 -1.1229750E+04 -5.476E+00 -5.726E+00 -2.915E+00
 -1.1229250E+04 -5.052E+00 -5.089E+00 -1.963E+00
 -1.1228750E+04 -5.689E+00 -5.719E+00 -2.263E+00
 -1.1228250E+04 -5.187E+00 -5.757E+00 -3.913E+00
 -1.1227750E+04 -6.155E+00 -6.449E+00 -3.061E+00
 -1.1227250E+04 -4.985E+00 -5.493E+00 -3.659E+00
 -1.1226750E+04 -4.647E+00 -4.901E+00 -2.822E+00
 -1.1226250E+04 -5.565E+00 -5.767E+00 -2.553E+00
 -1.1225750E+04 -5.181E+00 -5.185E+00 -1.973E+00
 -1.1225250E+04 -4.720E+00 -4.424E+00 -1.931E+00
 -1.1224750E+04 -5.066E+00 -5.092E+00 -2.278E+00
 -1.1224250E+04 -4.542E+00 -4.833E+00 -2.993E+00
 -1.1223750E+04 -4.766E+00 -4.973E+00 -2.527E+00
 -1.1223250E+04 -5.077E+00 -5.245E+00 -2.335E+00
 -1.1222750E+04 -4.318E+00 -4.766E+00 -3.435E+00
 -1.1222250E+04 -4.582E+00 -4.690E+00 -2.533E+00
 -1.1221750E+04 -4.976E+00 -5.265E+00 -2.710E+00
 -1.1221250E+04 -5.047E+00 -4.879E+00 -1.262E+00
 -1.1220750E+04 -4.388E+00 -4.453E+00 -2.368E+00
 -1.1220250E+04 -4.579E+00 -4.710E+00 -2.215E+00
 -1.1219750E+04 -5.303E+00 -5.697E+00 -3.370E+00
 -1.1219250E+04 -5.068E+00 -5.249E+00 -2.419E+00
 -1.1218750E+04 -4.929E+00 -5.076E+00 -2.667E+00
 -1.1218250E+04 -3.889E+00 -4.272E+00 -2.922E+00
 -1.1217750E+04 -5.153E+00 -5.443E+00 -2.958E+00
 -1.1217250E+04 -5.164E+00 -5.350E+00 -2.434E+00
 -1.1216750E+04 -4.004E+00 -4.142E+00 -2.109E+00
 -1.1216250E+04 -4.472E+00 -4.886E+00 -2.815E+00
 -1.1215750E+04 -4.096E+00 -4.256E+00 -2.458E+00
 -1.1215250E+04 -3.830E+00 -4.264E+00 -3.221E+00
 -1.1214750E+04 -4.571E+00 -4.978E+00 -2.933E+00
 -1.1214250E+04 -5.090E+00 -5.107E+00 -1.747E+00
 -1.1213750E+04 -4.538E+00 -4.572E+00 -2.228E+00
 -1.1213250E+04 -4.061E+00 -4.587E+00 -3.140E+00
 -1.1212750E+04 -4.190E+00 -4.650E+00 -2.820E+00
 -1.1212250E+04 -4.928E+00 -4.728E+00 -1.416E+00
 -1.1211750E+04 -4.919E+00 -4.754E+00 -1.832E+00
 -1.1211250E+04 -4.662E+00 -5.059E+00 -3.425E+00
 -1.1210750E+04 -5.035E+00 -5.281E+00 -2.677E+00
 -1.1210250E+04 -5.065E+00 -5.370E+00 -3.077E+00
 -1.1209750E+04 -4.681E+00 -4.857E+00 -2.683E+00
 -1.1209250E+04 -4.903E+00 -5.183E+00 -2.769E+00
 -1.1208750E+04 -4.773E+00 -5.083E+00 -2.920E+00
 -1.1208250E+04 -4.149E+00 -4.612E+00 -3.535E+00
 -1.1207750E+04 -4.206E+00 -4.299E+00 -2.087E+00
 -1.1207250E+04 -4.194E+00 -4.372E+00 -2.426E+00
 -1.1206750E+04 -4.980E+00 -5.002E+00 -1.812E+00
 -1.1206250E+04 -4.928E+00 -5.190E+00 -2.773E+00
 -1.1205750E+04 -4.786E+00 -4.817E+00 -1.853E+00
 -1.1205250E+04 -4.929E+00 -5.282E+00 -3.411E+00
 -1.1204750E+04 -4.447E+00 -4.958E+00 -3.449E+00
 -1.1204250E+04 -3.770E+00 -4.352E+00 -3.594E+00
 -1.1203750E+04 -4.102E+00 -4.869E+00 -3.913E+00
 -1.1203250E+04 -4.742E+00 -5.035E+00 -2.290E+00
 -1.1202750E+04 -4.577E+00 -4.535E+00 -1.817E+00
 -1.1202250E+04 -3.951E+00 -4.311E+00 -2.679E+00
 -1.1201750E+04 -4.632E+00 -4.653E+00 -2.378E+00
 -1.1201250E+04 -4.615E+00 -4.931E+00 -3.204E+00
 -1.1200750E+04 -4.059E+00 -4.148E+00 -2.479E+00
 -1.1200250E+04 -4.062E+00 -4.304E+00 -2.184E+00
 -1.1199750E+04 -3.440E+00 -3.972E+00 -2.518E+00
 -1.1199250E+04 -4.580E+00 -4.469E+00 -2.003E+00
 -1.1198750E+04 -4.848E+00 -4.587E+00 -1.416E+00
 -1.1198250E+04 -4.833E+00 -4.499E+00 -1.440E+00
 -1.1197750E+04 -5.064E+00 -5.669E+00 -3.073E+00
 -1.1197250E+04 -3.701E+00 -4.091E+00 -2.546E+00
 -1.1196750E+04 -4.567E+00 -4.810E+00 -2.328E+00
 -1.1196250E+04 -4.090E+00 -4.703E+00 -3.938E+00
 -1.1195750E+04 -4.670E+00 -4.771E+00 -2.177E+00
 -1.1195250E+04 -4.188E+00 -4.423E+00 -2.311E+00
 -1.1194750E+04 -4.717E+00 -4.609E+00 -1.729E+00
 -1.1194250E+04 -3.981E+00 -4.102E+00 -2.042E+00
 -1.1193750E+04 -3.697E+00 -4.215E+00 -3.149E+00
 -1.1193250E+04 -4.841E+00 -5.044E+00 -2.847E+00
 -1.1192750E+04 -4.064E+00 -4.380E+00 -2.665E+00
 -1.1192250E+04 -4.448E+00 -4.211E+00 -1.089E+00
 -1.1191750E+04 -4.188E+00 -4.255E+00 -1.920E+00
 -1.1191250E+04 -3.972E+00 -4.202E+00 -2.111E+00
 -1.1190750E+04 -4.455E+00 -4.529E+00 -1.948E+00
 -1.1190250E+04 -4.196E+00 -4.478E+00 -2.790E+00
 -1.1189750E+04 -4.040E+00 -4.205E+00 -2.616E+00
 -1.1189250E+04 -4.101E+00 -4.408E+00 -2.788E+00
 -1.1188750E+04 -3.794E+00 -3.949E+00 -1.642E+00
 -1.1188250E+04 -4.551E+00 -4.682E+00 -2.349E+00
 -1.1187750E+04 -3.733E+00 -3.950E+00 -2.466E+00
 -1.1187250E+04 -4.451E+00 -4.877E+00 -3.271E+00
 -1.1186750E+04 -4.948E+00 -5.011E+00 -1.883E+00
 -1.1186250E+04 -4.556E+00 -4.727E+00 -2.167E+00
 -1.1185750E+04 -4.326E+00 -4.489E+00 -2.332E+00
 -1.1185250E+04 -3.415E+00 -3.946E+00 -3.164E+00
 -1.1184750E+04 -4.419E+00 -4.299E+00 -1.306E+00
 -1.1184250E+04 -4.652E+00 -4.790E+00 -2.494E+00
 -1.1183750E+04 -3.630E+00 -3.870E+00 -2.171E+00
 -1.1183250E+04 -3.391E+00 -3.772E+00 -2.245E+00
 -1.1182750E+04 -3.897E+00 -3.909E+00 -1.597E+00
 -1.1182250E+04 -3.888E+00 -3.931E+00 -2.226E+00
 -1.1181750E+04 -3.632E+00 -4.131E+00 -3.331E+00
 -1.1181250E+04 -3.745E+00 -3.919E+00 -2.600E+00
 -1.1180750E+04 -3.688E+00 -4.012E+00 -2.491E+00
 -1.1180250E+04 -4.038E+00 -3.939E+00 -1.470E+00
 -1.1179750E+04 -4.769E+00 -4.644E+00 -1.546E+00
 -1.1179250E+04 -4.849E+00 -5.201E+00 -2.830E+00
 -1.1178750E+04 -4.283E+00 -4.635E+00 -2.785E+00
 -1.1178250E+04 -4.648E+00 -4.544E+00 -1.379E+00
 -1.1177750E+04 -3.431E+00 -4.062E+00 -3.221E+00
 -1.1177250E+04 -3.298E+00 -3.673E+00 -2.586E+00
 -1.1176750E+04 -3.638E+00 -3.537E+00 -1.679E+00
 -1.1176250E+04 -3.896E+00 -3.866E+00 -1.465E+00
 -1.1175750E+04 -4.152E+00 -4.440E+00 -2.571E+00
 -1.1175250E+04 -4.328E+00 -4.280E+00 -1.561E+00
 -1.1174750E+04 -4.222E+00 -4.352E+00 -1.994E+00
 -1.1174250E+04 -4.037E+00 -3.976E+00 -1.877E+00
 -1.1173750E+04 -4.056E+00 -4.387E+00 -2.766E+00
 -1.1173250E+04 -4.002E+00 -4.430E+00 -3.073E+00
 -1.1172750E+04 -4.026E+00 -4.465E+00 -2.559E+00
 -1.1172250E+04 -4.258E+00 -4.358E+00 -2.254E+00
 -1.1171750E+04 -3.020E+00 -3.164E+00 -1.621E+00
 -1.1171250E+04 -2.368E+00 -2.011E+00 -9.247E-01
 -1.1170750E+04 -3.994E+00 -4.308E+00 -2.428E+00
 -1.1170250E+04 -4.524E+00 -5.162E+00 -2.905E+00
 -1.1169750E+04 -3.575E+00 -3.663E+00 -1.279E+00
 -1.1169250E+04 -3.265E+00 -3.663E+00 -2.239E+00
 -1.1168750E+04 -3.523E+00 -3.778E+00 -2.310E+00
 -1.1168250E+04 -3.320E+00 -3.512E+00 -2.035E+00
 -1.1167750E+04 -4.432E+00 -4.498E+00 -1.711E+00
 -1.1167250E+04 -3.622E+00 -3.871E+00 -2.055E+00
 -1.1166750E+04 -3.977E+00 -4.250E+00 -2.563E+00
 -1.1166250E+04 -3.760E+00 -4.106E+00 -2.940E+00
 -1.1165750E+04 -4.548E+00 -4.844E+00 -2.728E+00
 -1.1165250E+04 -4.091E+00 -4.247E+00 -2.006E+00
 -1.1164750E+04 -3.578E+00 -3.370E+00 -7.313E-01
 -1.1164250E+04 -3.509E+00 -3.650E+00 -1.998E+00
 -1.1163750E+04 -3.371E+00 -3.338E+00 -1.272E+00
 -1.1163250E+04 -3.614E+00 -4.041E+00 -2.868E+00
 -1.1162750E+04 -3.729E+00 -3.774E+00 -1.562E+00
 -1.1162250E+04 -3.573E+00 -3.670E+00 -1.541E+00
 -1.1161750E+04 -4.553E+00 -4.409E+00 -1.680E+00
 -1.1161250E+04 -3.940E+00 -4.314E+00 -2.587E+00
 -1.1160750E+04 -4.113E+00 -4.364E+00 -2.246E+00
 -1.1160250E+04 -3.254E+00 -3.307E+00 -1.677E+00
 -1.1159750E+04 -3.249E+00 -3.406E+00 -1.675E+00
 -1.1159250E+04 -3.323E+00 -3.593E+00 -2.294E+00
 -1.1158750E+04 -3.061E+00 -3.123E+00 -1.836E+00
 -1.1158250E+04 -3.717E+00 -3.780E+00 -1.469E+00
 -1.1157750E+04 -4.001E+00 -4.217E+00 -2.268E+00
 -1.1157250E+04 -3.897E+00 -4.175E+00 -2.524E+00
 -1.1156750E+04 -3.203E+00 -3.456E+00 -1.939E+00
 -1.1156250E+04 -3.063E+00 -3.256E+00 -1.729E+00
 -1.1155750E+04 -3.694E+00 -3.857E+00 -1.833E+00
 -1.1155250E+04 -3.949E+00 -3.957E+00 -1.506E+00
 -1.1154750E+04 -3.197E+00 -3.356E+00 -1.727E+00
 -1.1154250E+04 -2.901E+00 -3.160E+00 -2.267E+00
 -1.1153750E+04 -4.081E+00 -4.095E+00 -2.005E+00
 -1.1153250E+04 -4.392E+00 -4.396E+00 -1.876E+00
 -1.1152750E+04 -3.541E+00 -3.804E+00 -2.434E+00
 -1.1152250E+04 -3.148E+00 -3.468E+00 -2.512E+00
 -1.1151750E+04 -3.340E+00 -3.450E+00 -1.998E+00
 -1.1151250E+04 -4.385E+00 -4.174E+00 -1.085E+00
 -1.1150750E+04 -3.358E+00 -3.288E+00 -1.129E+00
 -1.1150250E+04 -3.650E+00 -3.852E+00 -1.920E+00
 -1.1149750E+04 -4.102E+00 -4.395E+00 -2.772E+00
 -1.1149250E+04 -2.885E+00 -3.353E+00 -2.660E+00
 -1.1148750E+04 -2.635E+00 -2.958E+00 -2.579E+00
 -1.1148250E+04 -3.766E+00 -3.728E+00 -1.290E+00
 -1.1147750E+04 -2.860E+00 -2.974E+00 -1.969E+00
 -1.1147250E+04 -3.634E+00 -4.046E+00 -3.152E+00
 -1.1146750E+04 -3.582E+00 -3.600E+00 -1.713E+00
 -1.1146250E+04 -3.599E+00 -3.572E+00 -1.210E+00
 -1.1145750E+04 -2.930E+00 -3.143E+00 -2.094E+00
 -1.1145250E+04 -3.148E+00 -3.158E+00 -1.681E+00
 -1.1144750E+04 -3.400E+00 -3.571E+00 -2.027E+00
 -1.1144250E+04 -3.588E+00 -3.835E+00 -2.008E+00
 -1.1143750E+04 -3.460E+00 -3.557E+00 -1.860E+00
 -1.1143250E+04 -3.795E+00 -3.663E+00 -1.692E+00
 -1.1142750E+04 -3.279E+00 -3.591E+00 -2.014E+00
 -1.1142250E+04 -3.056E+00 -3.126E+00 -1.752E+00
 -1.1141750E+04 -2.822E+00 -2.771E+00 -1.239E+00
 -1.1141250E+04 -3.062E+00 -3.910E+00 -2.580E+00
 -1.1140750E+04 -3.697E+00 -3.686E+00 -1.220E+00
 -1.1140250E+04 -2.964E+00 -3.184E+00 -2.131E+00
 -1.1139750E+04 -3.884E+00 -4.014E+00 -1.701E+00
 -1.1139250E+04 -3.678E+00 -3.766E+00 -1.905E+00
 -1.1138750E+04 -2.652E+00 -2.908E+00 -2.077E+00
 -1.1138250E+04 -3.015E+00 -3.198E+00 -1.845E+00
 -1.1137750E+04 -3.734E+00 -3.875E+00 -1.660E+00
 -1.1137250E+04 -3.109E+00 -3.317E+00 -1.836E+00
 -1.1136750E+04 -3.292E+00 -3.457E+00 -1.569E+00
 -1.1136250E+04 -3.206E+00 -3.312E+00 -1.758E+00
 -1.1135750E+04 -3.218E+00 -3.868E+00 -3.135E+00
 -1.1135250E+04 -3.261E+00 -3.620E+00 -2.137E+00
 -1.1134750E+04 -3.317E+00 -3.840E+00 -3.147E+00
 -1.1134250E+04 -3.227E+00 -3.145E+00 -1.227E+00
 -1.1133750E+04 -3.097E+00 -3.330E+00 -1.963E+00
 -1.1133250E+04 -3.351E+00 -3.306E+00 -1.252E+00
 -1.1132750E+04 -3.052E+00 -3.200E+00 -1.580E+00
 -1.1132250E+04 -3.455E+00 -3.620E+00 -1.659E+00
 -1.1131750E+04 -3.317E+00 -3.301E+00 -1.410E+00
 -1.1131250E+04 -3.588E+00 -3.738E+00 -1.705E+00
 -1.1130750E+04 -2.545E+00 -2.504E+00 -9.864E-01
 -1.1130250E+04 -2.374E+00 -2.669E+00 -2.233E+00
 -1.1129750E+04 -2.660E+00 -2.758E+00 -2.179E+00
 -1.1129250E+04 -3.969E+00 -3.780E+00 -6.326E-01
 -1.1128750E+04 -2.573E+00 -3.002E+00 -2.114E+00
 -1.1128250E+04 -2.286E+00 -2.415E+00 -1.656E+00
 -1.1127750E+04 -3.110E+00 -3.352E+00 -2.017E+00
 -1.1127250E+04 -3.054E+00 -3.523E+00 -2.802E+00
 -1.1126750E+04 -3.408E+00 -3.799E+00 -2.904E+00
 -1.1126250E+04 -3.407E+00 -3.260E+00 -1.904E+00
 -1.1125750E+04 -3.026E+00 -3.344E+00 -2.104E+00
 -1.1125250E+04 -3.082E+00 -3.160E+00 -1.633E+00
 -1.1124750E+04 -2.176E+00 -2.666E+00 -1.412E+00
 -1.1124250E+04 -1.915E+00 -2.625E+00 -2.231E+00
 -1.1123750E+04 -4.095E+00 -3.804E+00 -1.690E+00
 -1.1123250E+04 -3.346E+00 -3.207E+00 -1.504E+00
 -1.1122750E+04 -3.221E+00 -3.345E+00 -1.657E+00
 -1.1122250E+04 -3.850E+00 -3.834E+00 -1.568E+00
 -1.1121750E+04 -3.555E+00 -3.461E+00 -1.390E+00
 -1.1121250E+04 -3.006E+00 -3.086E+00 -1.417E+00
 -1.1120750E+04 -3.232E+00 -3.692E+00 -1.707E+00
 -1.1120250E+04 -3.764E+00 -4.071E+00 -2.443E+00
 -1.1119750E+04 -3.179E+00 -3.516E+00 -2.122E+00
 -1.1119250E+04 -2.737E+00 -2.660E+00 -1.225E+00
 -1.1118750E+04 -2.819E+00 -2.929E+00 -2.021E+00
 -1.1118250E+04 -2.719E+00 -2.867E+00 -1.788E+00
 -1.1117750E+04 -3.244E+00 -3.186E+00 -1.076E+00
 -1.1117250E+04 -3.487E+00 -3.622E+00 -1.442E+00
 -1.1116750E+04 -3.214E+00 -3.331E+00 -1.626E+00
 -1.1116250E+04 -2.934E+00 -2.972E+00 -1.078E+00
 -1.1115750E+04 -2.607E+00 -2.614E+00 -1.758E+00
 -1.1115250E+04 -2.606E+00 -2.751E+00 -1.945E+00
 -1.1114750E+04 -3.420E+00 -3.487E+00 -1.265E+00
 -1.1114250E+04 -2.263E+00 -2.358E+00 -1.669E+00
 -1.1113750E+04 -3.090E+00 -3.317E+00 -1.603E+00
 -1.1113250E+04 -2.864E+00 -3.423E+00 -2.391E+00
 -1.1112750E+04 -2.781E+00 -3.174E+00 -2.388E+00
 -1.1112250E+04 -2.675E+00 -3.002E+00 -1.985E+00
 -1.1111750E+04 -2.225E+00 -2.490E+00 -1.945E+00
 -1.1111250E+04 -3.141E+00 -3.106E+00 -1.145E+00
 -1.1110750E+04 -3.132E+00 -3.022E+00 -1.348E+00
 -1.1110250E+04 -2.600E+00 -2.819E+00 -2.261E+00
 -1.1109750E+04 -2.105E+00 -2.607E+00 -1.727E+00
 -1.1109250E+04 -2.730E+00 -2.902E+00 -1.727E+00
 -1.1108750E+04 -3.626E+00 -3.749E+00 -1.994E+00
 -1.1108250E+04 -2.923E+00 -3.141E+00 -1.976E+00
 -1.1107750E+04 -2.891E+00 -3.248E+00 -1.678E+00
 -1.1107250E+04 -2.734E+00 -2.434E+00 -8.025E-01
 -1.1106750E+04 -3.072E+00 -2.964E+00 -8.455E-01
 -1.1106250E+04 -3.048E+00 -3.082E+00 -1.459E+00
 -1.1105750E+04 -3.720E+00 -3.700E+00 -1.679E+00
 -1.1105250E+04 -2.589E+00 -3.001E+00 -2.331E+00
 -1.1104750E+04 -2.393E+00 -2.682E+00 -1.559E+00
 -1.1104250E+04 -2.899E+00 -3.286E+00 -2.410E+00
 -1.1103750E+04 -3.230E+00 -3.311E+00 -1.224E+00
 -1.1103250E+04 -2.964E+00 -3.103E+00 -1.513E+00
 -1.1102750E+04 -2.370E+00 -2.776E+00 -2.573E+00
 -1.1102250E+04 -2.889E+00 -3.249E+00 -2.531E+00
 -1.1101750E+04 -2.182E+00 -2.245E+00 -1.309E+00
 -1.1101250E+04 -2.570E+00 -2.642E+00 -1.632E+00
 -1.1100750E+04 -3.510E+00 -3.930E+00 -2.320E+00
 -1.1100250E+04 -2.494E+00 -2.693E+00 -1.412E+00
 -1.1099750E+04 -3.044E+00 -2.906E+00 -7.282E-01
 -1.1099250E+04 -2.667E+00 -2.751E+00 -1.223E+00
 -1.1098750E+04 -3.392E+00 -3.341E+00 -1.012E+00
 -1.1098250E+04 -3.358E+00 -3.182E+00 -8.185E-01
 -1.1097750E+04 -2.773E+00 -2.906E+00 -1.935E+00
 -1.1097250E+04 -2.213E+00 -2.408E+00 -1.808E+00
 -1.1096750E+04 -2.753E+00 -2.736E+00 -1.291E+00
 -1.1096250E+04 -2.891E+00 -2.979E+00 -1.166E+00
 -1.1095750E+04 -2.495E+00 -2.731E+00 -1.883E+00
 -1.1095250E+04 -1.749E+00 -1.851E+00 -1.441E+00
 -1.1094750E+04 -2.278E+00 -2.459E+00 -1.599E+00
 -1.1094250E+04 -2.433E+00 -2.424E+00 -8.158E-01
 -1.1093750E+04 -3.455E+00 -3.631E+00 -1.716E+00
 -1.1093250E+04 -3.093E+00 -3.438E+00 -2.142E+00
 -1.1092750E+04 -2.919E+00 -3.192E+00 -1.838E+00
 -1.1092250E+04 -2.612E+00 -2.784E+00 -1.734E+00
 -1.1091750E+04 -2.512E+00 -2.746E+00 -1.569E+00
 -1.1091250E+04 -2.467E+00 -2.812E+00 -1.725E+00
 -1.1090750E+04 -1.766E+00 -1.809E+00 -1.029E+00
 -1.1090250E+04 -2.275E+00 -2.302E+00 -1.143E+00
 -1.1089750E+04 -2.223E+00 -2.343E+00 -9.737E-01
 -1.1089250E+04 -2.737E+00 -3.143E+00 -2.572E+00
 -1.1088750E+04 -3.199E+00 -3.113E+00 -1.231E+00
 -1.1088250E+04 -2.487E+00 -2.425E+00 -1.345E+00
 -1.1087750E+04 -2.784E+00 -2.952E+00 -1.416E+00
 -1.1087250E+04 -2.293E+00 -2.402E+00 -1.339E+00
 -1.1086750E+04 -2.700E+00 -2.835E+00 -1.711E+00
 -1.1086250E+04 -2.706E+00 -3.010E+00 -1.920E+00
 -1.1085750E+04 -3.209E+00 -2.775E+00 -2.466E-01
 -1.1085250E+04 -2.579E+00 -2.551E+00 -1.611E+00
 -1.1084750E+04 -3.253E+00 -3.307E+00 -7.585E-01
 -1.1084250E+04 -2.678E+00 -2.842E+00 -1.405E+00
 -1.1083750E+04 -1.976E+00 -2.136E+00 -1.509E+00
 -1.1083250E+04 -2.579E+00 -2.792E+00 -1.738E+00
 -1.1082750E+04 -2.502E+00 -2.388E+00 -8.448E-01
 -1.1082250E+04 -2.464E+00 -2.679E+00 -1.273E+00
 -1.1081750E+04 -2.274E+00 -2.336E+00 -9.021E-01
 -1.1081250E+04 -2.695E+00 -2.909E+00 -2.284E+00
 -1.1080750E+04 -2.925E+00 -3.237E+00 -1.864E+00
 -1.1080250E+04 -2.629E+00 -2.787E+00 -1.514E+00
 -1.1079750E+04 -2.659E+00 -2.508E+00 -8.564E-01
 -1.1079250E+04 -2.556E+00 -2.751E+00 -1.153E+00
 -1.1078750E+04 -2.371E+00 -2.493E+00 -1.309E+00
 -1.1078250E+04 -2.389E+00 -2.622E+00 -2.234E+00
 -1.1077750E+04 -2.265E+00 -2.510E+00 -1.926E+00
 -1.1077250E+04 -2.850E+00 -2.912E+00 -1.063E+00
 -1.1076750E+04 -2.841E+00 -2.795E+00 -1.036E+00
 -1.1076250E+04 -2.539E+00 -2.444E+00 -4.005E-01
 -1.1075750E+04 -1.642E+00 -2.077E+00 -2.030E+00
 -1.1075250E+04 -2.725E+00 -3.065E+00 -2.218E+00
 -1.1074750E+04 -3.199E+00 -3.137E+00 -1.373E+00
 -1.1074250E+04 -2.956E+00 -3.130E+00 -1.710E+00
 -1.1073750E+04 -2.393E+00 -2.572E+00 -1.916E+00
 -1.1073250E+04 -2.526E+00 -2.912E+00 -2.016E+00
 -1.1072750E+04 -2.358E+00 -2.413E+00 -1.349E+00
 -1.1072250E+04 -2.254E+00 -2.244E+00 -8.126E-01
 -1.1071750E+04 -2.350E+00 -2.608E+00 -1.779E+00
 -1.1071250E+04 -2.402E+00 -2.552E+00 -9.653E-01
 -1.1070750E+04 -2.606E+00 -2.844E+00 -1.695E+00
 -1.1070250E+04 -2.376E+00 -2.513E+00 -1.398E+00
 -1.1069750E+04 -3.409E+00 -3.400E+00 -1.054E+00
 -1.1069250E+04 -3.082E+00 -3.157E+00 -1.136E+00
 -1.1068750E+04 -1.990E+00 -2.433E+00 -2.273E+00
 -1.1068250E+04 -2.500E+00 -2.717E+00 -1.646E+00
 -1.1067750E+04 -2.459E+00 -2.752E+00 -1.998E+00
 -1.1067250E+04 -1.746E+00 -2.016E+00 -1.722E+00
 -1.1066750E+04 -1.888E+00 -1.942E+00 -1.097E+00
 -1.1066250E+04 -2.321E+00 -2.204E+00 -5.191E-01
 -1.1065750E+04 -2.805E+00 -3.048E+00 -1.598E+00
 -1.1065250E+04 -2.641E+00 -2.562E+00 -4.873E-01
 -1.1064750E+04 -2.825E+00 -2.889E+00 -1.215E+00
 -1.1064250E+04 -1.953E+00 -2.220E+00 -1.725E+00
 -1.1063750E+04 -2.310E+00 -2.705E+00 -2.165E+00
 -1.1063250E+04 -3.186E+00 -3.547E+00 -1.580E+00
 -1.1062750E+04 -2.368E+00 -2.217E+00 -1.054E+00
 -1.1062250E+04 -2.132E+00 -2.295E+00 -1.681E+00
 -1.1061750E+04 -1.791E+00 -1.791E+00 -1.269E+00
 -1.1061250E+04 -2.289E+00 -2.150E+00 -3.163E-01
 -1.1060750E+04 -2.340E+00 -2.210E+00 -5.756E-01
 -1.1060250E+04 -2.824E+00 -2.795E+00 -6.947E-01
 -1.1059750E+04 -2.733E+00 -3.068E+00 -1.878E+00
 -1.1059250E+04 -2.529E+00 -2.569E+00 -1.409E+00
 -1.1058750E+04 -1.908E+00 -1.970E+00 -5.780E-01
 -1.1058250E+04 -4.508E-01 -9.459E-01 -2.893E+00
 -1.1057750E+04 -1.911E+00 -1.844E+00 -7.666E-01
 -1.1057250E+04 -2.793E+00 -2.656E+00 -5.793E-01
 -1.1056750E+04 -1.617E+00 -1.709E+00 -1.404E+00
 -1.1056250E+04 -2.344E+00 -2.329E+00 -8.202E-01
 -1.1055750E+04 -2.033E+00 -2.452E+00 -2.190E+00
 -1.1055250E+04 -2.521E+00 -2.589E+00 -1.099E+00
 -1.1054750E+04 -2.361E+00 -3.068E+00 -2.577E+00
 -1.1054250E+04 -3.329E+00 -3.453E+00 -1.511E+00
 -1.1053750E+04 -3.173E+00 -3.181E+00 -1.116E+00
 -1.1053250E+04 -3.071E+00 -3.121E+00 -1.628E+00
 -1.1052750E+04 -2.577E+00 -2.577E+00 -8.043E-01
 -1.1052250E+04 -1.858E+00 -2.004E+00 -1.567E+00
 -1.1051750E+04 -2.734E+00 -2.827E+00 -1.130E+00
 -1.1051250E+04 -1.834E+00 -1.727E+00 -6.875E-01
 -1.1050750E+04 -1.896E+00 -1.987E+00 -1.620E+00
 -1.1050250E+04 -2.386E+00 -2.471E+00 -1.020E+00
 -1.1049750E+04 -1.697E+00 -1.958E+00 -1.429E+00
 -1.1049250E+04 -1.574E+00 -1.987E+00 -1.768E+00
 -1.1048750E+04 -2.447E+00 -2.517E+00 -9.236E-01
 -1.1048250E+04 -1.821E+00 -2.052E+00 -1.370E+00
 -1.1047750E+04 -2.793E+00 -2.825E+00 -9.034E-01
 -1.1047250E+04 -2.209E+00 -2.376E+00 -1.516E+00
 -1.1046750E+04 -2.430E+00 -2.746E+00 -1.921E+00
 -1.1046250E+04 -2.249E+00 -2.403E+00 -1.919E+00
 -1.1045750E+04 -1.850E+00 -1.840E+00 -8.396E-01
 -1.1045250E+04 -2.090E+00 -2.109E+00 -8.400E-01
 -1.1044750E+04 -2.414E+00 -2.314E+00 -4.733E-01
 -1.1044250E+04 -1.972E+00 -1.943E+00 -5.906E-01
 -1.1043750E+04 -2.285E+00 -2.293E+00 -9.904E-01
 -1.1043250E+04 -2.340E+00 -2.533E+00 -1.757E+00
 -1.1042750E+04 -1.792E+00 -1.766E+00 -8.891E-01
 -1.1042250E+04 -2.360E+00 -2.319E+00 -9.645E-01
 -1.1041750E+04 -2.604E+00 -2.804E+00 -1.282E+00
 -1.1041250E+04 -2.534E+00 -2.405E+00 -4.815E-01
 -1.1040750E+04 -1.990E+00 -2.396E+00 -2.024E+00
 -1.1040250E+04 -2.076E+00 -2.391E+00 -1.946E+00
 -1.1039750E+04 -2.206E+00 -2.081E+00 -4.163E-01
 -1.1039250E+04 -2.612E+00 -2.466E+00 -9.893E-01
 -1.1038750E+04 -2.126E+00 -1.866E+00 -9.903E-01
 -1.1038250E+04 -1.841E+00 -2.167E+00 -1.845E+00
 -1.1037750E+04 -2.189E+00 -2.337E+00 -1.410E+00
 -1.1037250E+04 -1.977E+00 -2.076E+00 -1.488E+00
 -1.1036750E+04 -2.185E+00 -2.308E+00 -1.028E+00
 -1.1036250E+04 -2.247E+00 -2.165E+00 -7.000E-01
 -1.1035750E+04 -2.489E+00 -2.732E+00 -1.640E+00
 -1.1035250E+04 -1.862E+00 -2.209E+00 -1.973E+00
 -1.1034750E+04 -2.682E+00 -2.895E+00 -1.563E+00
 -1.1034250E+04 -2.454E+00 -2.443E+00 -7.358E-01
 -1.1033750E+04 -2.417E+00 -2.610E+00 -1.371E+00
 -1.1033250E+04 -1.475E+00 -1.866E+00 -1.240E+00
 -1.1032750E+04 -1.789E+00 -2.156E+00 -2.154E+00
 -1.1032250E+04 -1.880E+00 -1.946E+00 -1.086E+00
 -1.1031750E+04 -1.690E+00 -1.673E+00 -6.222E-01
 -1.1031250E+04 -1.056E+00 -1.309E+00 -1.550E+00
 -1.1030750E+04 -2.435E+00 -2.644E+00 -1.475E+00
 -1.1030250E+04 -3.145E+00 -3.378E+00 -1.282E+00
 -1.1029750E+04 -2.323E+00 -1.513E+00  6.713E-02
 -1.1029250E+04 -1.822E+00 -1.797E+00 -1.224E+00
 -1.1028750E+04 -2.289E+00 -2.350E+00 -3.960E-01
 -1.1028250E+04 -1.954E+00 -1.895E+00 -5.851E-01
 -1.1027750E+04 -1.659E+00 -1.848E+00 -1.084E+00
 -1.1027250E+04 -2.394E+00 -2.871E+00 -1.367E+00
 -1.1026750E+04 -2.313E+00 -2.380E+00 -1.183E+00
 -1.1026250E+04 -1.392E+00 -1.529E+00 -1.426E+00
 -1.1025750E+04 -2.292E+00 -2.233E+00 -7.848E-01
 -1.1025250E+04 -2.077E+00 -2.077E+00 -1.356E+00
 -1.1024750E+04 -2.752E+00 -2.634E+00 -4.059E-01
 -1.1024250E+04 -2.234E+00 -2.293E+00 -6.781E-01
 -1.1023750E+04 -1.913E+00 -2.136E+00 -2.085E+00
 -1.1023250E+04 -1.503E+00 -1.834E+00 -1.886E+00
 -1.1022750E+04 -2.392E+00 -2.472E+00 -1.179E+00
 -1.1022250E+04 -2.204E+00 -1.972E+00 -3.649E-01
 -1.1021750E+04 -1.810E+00 -2.404E+00 -2.025E+00
 -1.1021250E+04 -1.822E+00 -2.030E+00 -1.286E+00
 -1.1020750E+04 -2.389E+00 -2.061E+00  7.405E-02
 -1.1020250E+04 -2.131E+00 -2.237E+00 -1.244E+00
 -1.1019750E+04 -2.145E+00 -2.649E+00 -1.335E+00
 -1.1019250E+04 -1.451E+00 -1.265E+00 -1.222E+00
 -1.1018750E+04 -2.160E+00 -2.076E+00 -1.493E+00
 -1.1018250E+04 -1.383E+00 -1.582E+00 -9.829E-01
 -1.1017750E+04 -1.757E+00 -1.724E+00 -4.570E-01
 -1.1017250E+04 -1.804E+00 -2.392E+00 -2.123E+00
 -1.1016750E+04 -2.563E+00 -2.558E+00 -1.112E+00
 -1.1016250E+04 -2.360E+00 -1.928E+00 -1.719E-02
 -1.1015750E+04 -2.135E+00 -2.209E+00 -9.719E-01
 -1.1015250E+04 -2.683E+00 -2.974E+00 -1.316E+00
 -1.1014750E+04 -1.901E+00 -2.076E+00 -1.413E+00
 -1.1014250E+04 -1.837E+00 -1.679E+00 -5.523E-01
 -1.1013750E+04 -2.416E+00 -2.374E+00 -6.641E-01
 -1.1013250E+04 -1.834E+00 -2.216E+00 -1.043E+00
 -1.1012750E+04 -1.153E+00 -1.346E+00 -9.627E-01
 -1.1012250E+04 -1.755E+00 -1.611E+00 -1.199E+00
 -1.1011750E+04 -2.097E+00 -2.496E+00 -2.029E+00
 -1.1011250E+04 -1.610E+00 -1.807E+00 -1.259E+00
 -1.1010750E+04 -1.922E+00 -2.120E+00 -1.226E+00
 -1.1010250E+04 -1.803E+00 -1.906E+00 -1.238E+00
 -1.1009750E+04 -2.117E+00 -2.037E+00 -3.555E-01
 -1.1009250E+04 -1.665E+00 -1.716E+00 -4.557E-01
 -1.1008750E+04 -1.962E+00 -2.120E+00 -1.295E+00
 -1.1008250E+04 -1.885E+00 -2.001E+00 -1.252E+00
 -1.1007750E+04 -2.155E+00 -2.217E+00 -1.314E+00
 -1.1007250E+04 -1.458E+00 -1.736E+00 -1.670E+00
 -1.1006750E+04 -1.355E+00 -1.648E+00 -1.391E+00
 -1.1006250E+04 -1.772E+00 -1.573E+00 -6.777E-01
 -1.1005750E+04 -2.283E+00 -2.249E+00 -8.864E-01
 -1.1005250E+04 -1.661E+00 -1.652E+00 -7.426E-01
 -1.1004750E+04 -2.428E+00 -2.509E+00 -9.938E-01
 -1.1004250E+04 -2.594E+00 -2.723E+00 -1.044E+00
 -1.1003750E+04 -2.025E+00 -2.160E+00 -1.310E+00
 -1.1003250E+04 -1.863E+00 -1.854E+00 -7.962E-01
 -1.1002750E+04 -1.946E+00 -1.989E+00 -1.329E+00
 -1.1002250E+04 -2.064E+00 -2.374E+00 -1.561E+00
 -1.1001750E+04 -1.572E+00 -1.791E+00 -1.587E+00
 -1.1001250E+04 -1.422E+00 -1.506E+00 -1.005E+00
 -1.1000750E+04 -1.577E+00 -1.706E+00 -1.289E+00
 -1.1000250E+04 -1.100E+00 -1.475E+00 -1.952E+00
 -1.0999750E+04 -1.694E+00 -1.770E+00 -1.127E+00
 -1.0999250E+04 -1.769E+00 -1.680E+00 -8.214E-01
 -1.0998750E+04 -2.669E+00 -2.614E+00 -6.342E-01
 -1.0998250E+04 -2.387E+00 -2.278E+00 -8.312E-01
 -1.0997750E+04 -2.082E+00 -2.029E+00 -2.443E-01
 -1.0997250E+04 -1.465E+00 -2.003E+00 -1.762E+00
 -1.0996750E+04 -1.916E+00 -1.784E+00 -7.160E-01
 -1.0996250E+04 -1.488E+00 -1.441E+00 -4.517E-01
 -1.0995750E+04 -1.814E+00 -2.290E+00 -1.525E+00
 -1.0995250E+04 -1.994E+00 -2.152E+00 -9.921E-01
 -1.0994750E+04 -1.638E+00 -1.660E+00 -8.294E-01
 -1.0994250E+04 -1.986E+00 -1.918E+00 -1.022E+00
 -1.0993750E+04 -2.330E+00 -2.497E+00 -7.303E-01
 -1.0993250E+04 -2.137E+00 -2.239E+00 -1.219E+00
 -1.0992750E+04 -1.461E+00 -1.864E+00 -1.778E+00
 -1.0992250E+04 -1.273E+00 -1.412E+00 -6.296E-01
 -1.0991750E+04 -2.387E+00 -2.269E+00 -5.620E-01
 -1.0991250E+04 -1.746E+00 -2.037E+00 -1.492E+00
 -1.0990750E+04 -1.414E+00 -1.351E+00 -7.692E-01
 -1.0990250E+04 -1.165E+00 -1.290E+00 -1.051E+00
 -1.0989750E+04 -9.470E-01 -9.981E-01 -8.869E-01
 -1.0989250E+04 -1.673E+00 -1.721E+00 -1.126E+00
 -1.0988750E+04 -1.939E+00 -2.206E+00 -1.464E+00
 -1.0988250E+04 -1.729E+00 -1.659E+00 -7.073E-01
 -1.0987750E+04 -1.861E+00 -1.854E+00 -5.956E-01
 -1.0987250E+04 -1.513E+00 -1.564E+00 -1.045E+00
 -1.0986750E+04 -1.861E+00 -1.896E+00 -7.800E-01
 -1.0986250E+04 -1.998E+00 -2.122E+00 -1.138E+00
 -1.0985750E+04 -1.886E+00 -2.075E+00 -1.337E+00
 -1.0985250E+04 -2.046E+00 -2.350E+00 -1.357E+00
 -1.0984750E+04 -1.979E+00 -2.061E+00 -1.151E+00
 -1.0984250E+04 -1.673E+00 -2.023E+00 -1.556E+00
 -1.0983750E+04 -1.093E+00 -1.415E+00 -1.546E+00
 -1.0983250E+04 -1.088E+00 -1.278E+00 -1.414E+00
 -1.0982750E+04 -1.956E+00 -2.052E+00 -1.014E+00
 -1.0982250E+04 -1.882E+00 -1.881E+00 -7.678E-01
 -1.0981750E+04 -1.682E+00 -1.677E+00 -2.756E-01
 -1.0981250E+04 -1.379E+00 -1.592E+00 -1.219E+00
 -1.0980750E+04 -1.414E+00 -1.506E+00 -1.172E+00
 -1.0980250E+04 -2.213E+00 -1.939E+00 -6.148E-02
 -1.0979750E+04 -1.784E+00 -1.796E+00 -5.578E-01
 -1.0979250E+04 -2.256E+00 -2.440E+00 -1.357E+00
 -1.0978750E+04 -1.980E+00 -1.883E+00 -4.349E-01
 -1.0978250E+04 -1.961E+00 -2.124E+00 -1.079E+00
 -1.0977750E+04 -1.467E+00 -1.548E+00 -6.972E-01
 -1.0977250E+04 -1.349E+00 -1.144E+00 -4.425E-01
 -1.0976750E+04 -1.159E+00 -1.315E+00 -1.159E+00
 -1.0976250E+04 -4.972E-01 -8.196E-01 -1.456E+00
 -1.0975750E+04 -1.483E+00 -1.909E+00 -1.757E+00
 -1.0975250E+04 -1.743E+00 -1.821E+00 -1.344E+00
 -1.0974750E+04 -1.304E+00 -1.429E+00 -9.919E-01
 -1.0974250E+04 -1.643E+00 -1.707E+00 -3.511E-01
 -1.0973750E+04 -2.432E+00 -2.600E+00 -1.136E+00
 -1.0973250E+04 -2.025E+00 -2.113E+00 -8.922E-01
 -1.0972750E+04 -1.685E+00 -1.517E+00 -3.075E-02
 -1.0972250E+04 -1.473E+00 -1.540E+00 -6.762E-01
 -1.0971750E+04 -1.369E+00 -1.398E+00 -7.996E-01
 -1.0971250E+04 -1.668E+00 -1.675E+00 -8.613E-01
 -1.0970750E+04 -1.449E+00 -1.474E+00 -1.238E+00
 -1.0970250E+04 -1.528E+00 -1.896E+00 -1.386E+00
 -1.0969750E+04 -2.090E+00 -2.135E+00 -8.178E-01
 -1.0969250E+04 -1.766E+00 -1.904E+00 -1.195E+00
 -1.0968750E+04 -2.127E+00 -2.465E+00 -1.489E+00
 -1.0968250E+04 -1.647E+00 -1.484E+00 -4.089E-02
 -1.0967750E+04 -1.699E+00 -1.598E+00 -7.213E-01
 -1.0967250E+04 -1.538E+00 -1.819E+00 -1.327E+00
 -1.0966750E+04 -1.256E+00 -1.421E+00 -1.132E+00
 -1.0966250E+04 -1.609E+00 -1.413E+00 -3.637E-01
 -1.0965750E+04 -2.012E+00 -2.008E+00 -1.143E+00
 -1.0965250E+04 -1.635E+00 -1.917E+00 -1.483E+00
 -1.0964750E+04 -1.739E+00 -1.776E+00 -8.744E-01
 -1.0964250E+04 -1.541E+00 -1.499E+00 -3.108E-01
 -1.0963750E+04 -1.520E+00 -1.662E+00 -9.438E-01
 -1.0963250E+04 -2.172E+00 -2.124E+00 -6.767E-01
 -1.0962750E+04 -1.458E+00 -1.447E+00 -9.152E-01
 -1.0962250E+04 -1.811E+00 -1.948E+00 -1.285E+00
 -1.0961750E+04 -1.750E+00 -1.838E+00 -9.170E-01
 -1.0961250E+04 -1.507E+00 -1.579E+00 -1.207E+00
 -1.0960750E+04 -2.133E+00 -1.933E+00 -2.360E-01
 -1.0960250E+04 -2.140E+00 -2.208E+00 -4.982E-01
 -1.0959750E+04 -1.920E+00 -1.911E+00 -8.617E-01
 -1.0959250E+04 -1.085E+00 -1.410E+00 -1.492E+00
 -1.0958750E+04 -1.888E+00 -1.842E+00 -7.885E-01
 -1.0958250E+04 -1.320E+00 -1.238E+00 -7.349E-01
 -1.0957750E+04 -1.344E+00 -1.442E+00 -6.874E-01
 -1.0957250E+04 -1.870E+00 -1.959E+00 -1.067E+00
 -1.0956750E+04 -1.557E+00 -1.567E+00 -5.196E-01
 -1.0956250E+04 -1.914E+00 -1.676E+00 -3.557E-01
 -1.0955750E+04 -1.284E+00 -1.460E+00 -9.916E-01
 -1.0955250E+04 -1.081E+00 -1.091E+00 -9.223E-01
 -1.0954750E+04 -1.441E+00 -1.298E+00 -6.265E-01
 -1.0954250E+04 -1.770E+00 -1.709E+00 -6.593E-01
 -1.0953750E+04 -1.528E+00 -1.704E+00 -7.087E-01
 -1.0953250E+04 -1.524E+00 -1.820E+00 -1.418E+00
 -1.0952750E+04 -1.925E+00 -1.806E+00 -5.781E-02
 -1.0952250E+04 -1.754E+00 -1.890E+00 -1.124E+00
 -1.0951750E+04 -1.631E+00 -1.681E+00 -8.102E-01
 -1.0951250E+04 -1.359E+00 -1.370E+00 -3.588E-01
 -1.0950750E+04 -1.311E+00 -1.516E+00 -1.156E+00
 -1.0950250E+04 -1.308E+00 -1.788E+00 -1.874E+00
 -1.0949750E+04 -1.838E+00 -2.030E+00 -1.548E+00
 -1.0949250E+04 -1.879E+00 -1.658E+00 -5.576E-01
 -1.0948750E+04 -1.288E+00 -1.240E+00 -3.255E-01
 -1.0948250E+04 -1.486E+00 -1.560E+00 -5.625E-01
 -1.0947750E+04 -1.135E+00 -1.245E+00 -7.636E-01
 -1.0947250E+04 -1.901E+00 -2.040E+00 -8.956E-01
 -1.0946750E+04 -1.088E+00 -1.397E+00 -1.581E+00
 -1.0946250E+04 -1.305E+00 -1.367E+00 -1.075E+00
 -1.0945750E+04 -1.919E+00 -2.388E+00 -1.800E+00
 -1.0945250E+04 -1.557E+00 -1.696E+00 -9.598E-01
 -1.0944750E+04 -9.191E-01 -1.012E+00 -7.494E-01
 -1.0944250E+04 -1.545E+00 -1.442E+00 -4.661E-01
 -1.0943750E+04 -1.130E+00 -1.246E+00 -6.497E-01
 -1.0943250E+04 -1.094E+00 -1.109E+00 -7.311E-01
 -1.0942750E+04 -1.275E+00 -1.380E+00 -9.543E-01
 -1.0942250E+04 -1.695E+00 -1.806E+00 -1.088E+00
 -1.0941750E+04 -1.754E+00 -1.759E+00 -5.500E-01
 -1.0941250E+04 -8.631E-01 -1.051E+00 -7.637E-01
 -1.0940750E+04 -1.128E+00 -1.280E+00 -8.592E-01
 -1.0940250E+04 -1.428E+00 -1.547E+00 -1.111E+00
 -1.0939750E+04 -1.749E+00 -1.963E+00 -1.168E+00
 -1.0939250E+04 -2.056E+00 -1.958E+00 -5.177E-01
 -1.0938750E+04 -1.829E+00 -1.667E+00 -8.009E-01
 -1.0938250E+04 -1.302E+00 -1.628E+00 -1.492E+00
 -1.0937750E+04 -1.281E+00 -1.480E+00 -8.855E-01
 -1.0937250E+04 -1.362E+00 -1.462E+00 -6.921E-01
 -1.0936750E+04 -1.662E+00 -1.795E+00 -9.934E-01
 -1.0936250E+04 -1.390E+00 -1.393E+00 -1.023E+00
 -1.0935750E+04 -1.027E+00 -1.151E+00 -8.282E-01
 -1.0935250E+04 -1.876E+00 -1.892E+00 -7.330E-01
 -1.0934750E+04 -1.450E+00 -1.527E+00 -1.058E+00
 -1.0934250E+04 -1.208E+00 -1.402E+00 -1.108E+00
 -1.0933750E+04 -1.200E+00 -1.307E+00 -1.050E+00
 -1.0933250E+04 -1.663E+00 -2.057E+00 -6.684E-01
 -1.0932750E+04 -1.130E+00 -7.908E-01 -4.279E-03
 -1.0932250E+04 -1.843E+00 -1.857E+00 -3.530E-01
 -1.0931750E+04 -2.027E+00 -2.173E+00 -1.204E+00
 -1.0931250E+04 -1.896E+00 -1.460E+00  1.756E-01
