  1.0453750E+04 -0.000E+00 -0.000E+00  0.000E+00
  1.0454250E+04 -0.000E+00 -0.000E+00  0.000E+00
  1.0454750E+04 -0.000E+00 -0.000E+00  0.000E+00
  1.0455250E+04 -0.000E+00 -0.000E+00  0.000E+00
  1.0455750E+04 -0.000E+00 -0.000E+00  0.000E+00
  1.0456250E+04 -0.000E+00 -0.000E+00  0.000E+00
  1.0456750E+04 -0.000E+00 -0.000E+00  0.000E+00
  1.0457250E+04 -0.000E+00 -0.000E+00  0.000E+00
  1.0457750E+04 -0.000E+00 -0.000E+00  0.000E+00
  1.0458250E+04 -0.000E+00 -0.000E+00  0.000E+00
  1.0458750E+04 -0.000E+00 -0.000E+00  0.000E+00
  1.0459250E+04 -0.000E+00 -0.000E+00  0.000E+00
  1.0459750E+04 -0.000E+00 -0.000E+00  0.000E+00
  1.0460250E+04 -0.000E+00 -0.000E+00  0.000E+00
  1.0460750E+04 -0.000E+00 -0.000E+00  0.000E+00
  1.0461250E+04 -0.000E+00 -0.000E+00  0.000E+00
  1.0461750E+04 -0.000E+00 -0.000E+00  0.000E+00
  1.0462250E+04 -0.000E+00 -0.000E+00  0.000E+00
  1.0462750E+04 -0.000E+00 -0.000E+00  0.000E+00
  1.0463250E+04 -0.000E+00 -0.000E+00  0.000E+00
  1.0463750E+04 -0.000E+00 -0.000E+00  0.000E+00
  1.0464250E+04 -0.000E+00 -0.000E+00  0.000E+00
  1.0464750E+04 -0.000E+00 -0.000E+00  0.000E+00
  1.0465250E+04 -0.000E+00 -0.000E+00  0.000E+00
  1.0465750E+04 -0.000E+00 -0.000E+00  0.000E+00
  1.0466250E+04 -0.000E+00 -0.000E+00  0.000E+00
  1.0466750E+04 -0.000E+00 -0.000E+00  0.000E+00
  1.0467250E+04 -0.000E+00 -0.000E+00  0.000E+00
  1.0467750E+04 -0.000E+00 -0.000E+00  0.000E+00
  1.0468250E+04 -0.000E+00 -0.000E+00  0.000E+00
  1.0468750E+04 -0.000E+00 -0.000E+00  0.000E+00
  1.0469250E+04 -0.000E+00 -0.000E+00  0.000E+00
  1.0469750E+04 -0.000E+00 -0.000E+00  0.000E+00
  1.0470250E+04 -0.000E+00 -0.000E+00  0.000E+00
  1.0470750E+04 -0.000E+00 -0.000E+00  0.000E+00
  1.0471250E+04 -0.000E+00 -0.000E+00  0.000E+00
  1.0471750E+04 -0.000E+00 -0.000E+00  0.000E+00
  1.0472250E+04 -0.000E+00 -0.000E+00  0.000E+00
  1.0472750E+04 -0.000E+00 -0.000E+00  0.000E+00
  1.0473250E+04 -0.000E+00 -0.000E+00  0.000E+00
  1.0473750E+04 -0.000E+00 -0.000E+00  0.000E+00
  1.0474250E+04 -0.000E+00 -0.000E+00  0.000E+00
  1.0474750E+04 -0.000E+00 -0.000E+00  0.000E+00
  1.0475250E+04 -0.000E+00 -0.000E+00  0.000E+00
  1.0475750E+04 -0.000E+00 -0.000E+00  0.000E+00
  1.0476250E+04 -0.000E+00 -0.000E+00  0.000E+00
  1.0476750E+04 -0.000E+00 -0.000E+00  0.000E+00
  1.0477250E+04 -0.000E+00 -0.000E+00  0.000E+00
  1.0477750E+04 -0.000E+00 -0.000E+00  0.000E+00
  1.0478250E+04 -0.000E+00 -0.000E+00  0.000E+00
  1.0478750E+04 -0.000E+00 -0.000E+00  0.000E+00
  1.0479250E+04 -0.000E+00 -0.000E+00  0.000E+00
  1.0479750E+04 -0.000E+00 -0.000E+00  0.000E+00
  1.0480250E+04 -0.000E+00 -0.000E+00  0.000E+00
  1.0480750E+04 -0.000E+00 -0.000E+00  0.000E+00
  1.0481250E+04 -0.000E+00 -0.000E+00  0.000E+00
  1.0481750E+04 -0.000E+00 -0.000E+00  0.000E+00
  1.0482250E+04 -0.000E+00 -0.000E+00  0.000E+00
  1.0482750E+04 -0.000E+00 -0.000E+00  0.000E+00
  1.0483250E+04 -0.000E+00 -0.000E+00  0.000E+00
  1.0483750E+04 -0.000E+00 -0.000E+00  0.000E+00
  1.0484250E+04 -0.000E+00 -0.000E+00  0.000E+00
  1.0484750E+04 -0.000E+00 -0.000E+00  0.000E+00
  1.0485250E+04 -0.000E+00 -0.000E+00  0.000E+00
  1.0485750E+04 -0.000E+00 -0.000E+00  0.000E+00
  1.0486250E+04 -0.000E+00 -0.000E+00  0.000E+00
  1.0486750E+04 -0.000E+00 -0.000E+00  0.000E+00
  1.0487250E+04 -0.000E+00 -0.000E+00  0.000E+00
  1.0487750E+04 -0.000E+00 -0.000E+00  0.000E+00
  1.0488250E+04 -0.000E+00 -0.000E+00  0.000E+00
  1.0488750E+04 -0.000E+00 -0.000E+00  0.000E+00
  1.0489250E+04 -0.000E+00 -0.000E+00  0.000E+00
  1.0489750E+04 -0.000E+00 -0.000E+00  0.000E+00
  1.0490250E+04 -0.000E+00 -0.000E+00  0.000E+00
  1.0490750E+04 -0.000E+00 -0.000E+00  0.000E+00
  1.0491250E+04 -0.000E+00 -0.000E+00  0.000E+00
  1.0491750E+04 -0.000E+00 -0.000E+00  0.000E+00
  1.0492250E+04 -0.000E+00 -0.000E+00  0.000E+00
  1.0492750E+04 -0.000E+00 -0.000E+00  0.000E+00
  1.0493250E+04 -0.000E+00 -0.000E+00  0.000E+00
  1.0493750E+04 -0.000E+00 -0.000E+00  0.000E+00
  1.0494250E+04 -0.000E+00 -0.000E+00  0.000E+00
  1.0494750E+04 -0.000E+00 -0.000E+00  0.000E+00
  1.0495250E+04 -0.000E+00 -0.000E+00  0.000E+00
  1.0495750E+04 -0.000E+00 -0.000E+00  0.000E+00
  1.0496250E+04 -0.000E+00 -0.000E+00  0.000E+00
  1.0496750E+04 -0.000E+00 -0.000E+00  0.000E+00
  1.0497250E+04 -0.000E+00 -0.000E+00  0.000E+00
  1.0497750E+04 -0.000E+00 -0.000E+00  0.000E+00
  1.0498250E+04 -0.000E+00 -0.000E+00  0.000E+00
  1.0498750E+04 -0.000E+00 -0.000E+00  0.000E+00
  1.0499250E+04 -0.000E+00 -0.000E+00  0.000E+00
  1.0499750E+04 -0.000E+00 -0.000E+00  0.000E+00
  1.0500250E+04 -0.000E+00 -0.000E+00  0.000E+00
  1.0500750E+04 -0.000E+00 -0.000E+00  0.000E+00
  1.0501250E+04 -0.000E+00 -0.000E+00  0.000E+00
  1.0501750E+04 -0.000E+00 -0.000E+00  0.000E+00
  1.0502250E+04 -0.000E+00 -0.000E+00  0.000E+00
  1.0502750E+04 -0.000E+00 -0.000E+00  0.000E+00
  1.0503250E+04 -0.000E+00 -0.000E+00  0.000E+00
  1.0503750E+04 -0.000E+00 -0.000E+00  0.000E+00
  1.0504250E+04 -0.000E+00 -0.000E+00  0.000E+00
  1.0504750E+04 -0.000E+00 -0.000E+00  0.000E+00
  1.0505250E+04 -0.000E+00 -0.000E+00  0.000E+00
  1.0505750E+04 -0.000E+00 -0.000E+00  0.000E+00
  1.0506250E+04 -0.000E+00 -0.000E+00  0.000E+00
  1.0506750E+04 -0.000E+00 -0.000E+00  0.000E+00
  1.0507250E+04 -0.000E+00 -0.000E+00  0.000E+00
  1.0507750E+04 -0.000E+00 -0.000E+00  0.000E+00
  1.0508250E+04 -0.000E+00 -0.000E+00  0.000E+00
  1.0508750E+04 -0.000E+00 -0.000E+00  0.000E+00
  1.0509250E+04 -0.000E+00 -0.000E+00  0.000E+00
  1.0509750E+04 -0.000E+00 -0.000E+00  0.000E+00
  1.0510250E+04 -0.000E+00 -0.000E+00  0.000E+00
  1.0510750E+04 -0.000E+00 -0.000E+00  0.000E+00
  1.0511250E+04 -0.000E+00 -0.000E+00  0.000E+00
  1.0511750E+04 -0.000E+00 -0.000E+00  0.000E+00
  1.0512250E+04 -0.000E+00 -0.000E+00  0.000E+00
  1.0512750E+04 -0.000E+00 -0.000E+00  0.000E+00
  1.0513250E+04 -0.000E+00 -0.000E+00  0.000E+00
  1.0513750E+04 -0.000E+00 -0.000E+00  0.000E+00
  1.0514250E+04 -0.000E+00 -0.000E+00  0.000E+00
  1.0514750E+04 -0.000E+00 -0.000E+00  0.000E+00
  1.0515250E+04 -0.000E+00 -0.000E+00  0.000E+00
  1.0515750E+04 -0.000E+00 -0.000E+00  0.000E+00
  1.0516250E+04 -0.000E+00 -0.000E+00  0.000E+00
  1.0516750E+04 -0.000E+00 -0.000E+00  0.000E+00
  1.0517250E+04 -0.000E+00 -0.000E+00  0.000E+00
  1.0517750E+04 -0.000E+00 -0.000E+00  0.000E+00
  1.0518250E+04 -0.000E+00 -0.000E+00  0.000E+00
  1.0518750E+04 -0.000E+00 -0.000E+00  0.000E+00
  1.0519250E+04 -0.000E+00 -0.000E+00  0.000E+00
  1.0519750E+04 -0.000E+00 -0.000E+00  0.000E+00
  1.0520250E+04 -0.000E+00 -0.000E+00  0.000E+00
  1.0520750E+04 -0.000E+00 -0.000E+00  0.000E+00
  1.0521250E+04 -0.000E+00 -0.000E+00  0.000E+00
  1.0521750E+04 -0.000E+00 -0.000E+00  0.000E+00
  1.0522250E+04 -0.000E+00 -0.000E+00  0.000E+00
  1.0522750E+04 -0.000E+00 -0.000E+00  0.000E+00
  1.0523250E+04 -0.000E+00 -0.000E+00  0.000E+00
  1.0523750E+04 -0.000E+00 -0.000E+00  0.000E+00
  1.0524250E+04 -0.000E+00 -0.000E+00  0.000E+00
  1.0524750E+04 -0.000E+00 -0.000E+00  0.000E+00
  1.0525250E+04 -0.000E+00 -0.000E+00  0.000E+00
  1.0525750E+04 -0.000E+00 -0.000E+00  0.000E+00
  1.0526250E+04 -0.000E+00 -0.000E+00  0.000E+00
  1.0526750E+04 -0.000E+00 -0.000E+00  0.000E+00
  1.0527250E+04 -0.000E+00 -0.000E+00  0.000E+00
  1.0527750E+04 -0.000E+00 -0.000E+00  0.000E+00
  1.0528250E+04 -0.000E+00 -0.000E+00  0.000E+00
  1.0528750E+04 -0.000E+00 -0.000E+00  0.000E+00
  1.0529250E+04 -0.000E+00 -0.000E+00  0.000E+00
  1.0529750E+04 -0.000E+00 -0.000E+00  0.000E+00
  1.0530250E+04 -0.000E+00 -0.000E+00  0.000E+00
  1.0530750E+04 -0.000E+00 -0.000E+00  0.000E+00
  1.0531250E+04 -0.000E+00 -0.000E+00  0.000E+00
  1.0531750E+04 -0.000E+00 -0.000E+00  0.000E+00
  1.0532250E+04 -0.000E+00 -0.000E+00  0.000E+00
  1.0532750E+04 -0.000E+00 -0.000E+00  0.000E+00
  1.0533250E+04 -0.000E+00 -0.000E+00  0.000E+00
  1.0533750E+04 -0.000E+00 -0.000E+00  0.000E+00
  1.0534250E+04 -0.000E+00 -0.000E+00  0.000E+00
  1.0534750E+04 -0.000E+00 -0.000E+00  0.000E+00
  1.0535250E+04 -0.000E+00 -0.000E+00  0.000E+00
  1.0535750E+04 -0.000E+00 -0.000E+00  0.000E+00
  1.0536250E+04 -0.000E+00 -0.000E+00  0.000E+00
  1.0536750E+04 -0.000E+00 -0.000E+00  0.000E+00
  1.0537250E+04 -0.000E+00 -0.000E+00  0.000E+00
  1.0537750E+04 -0.000E+00 -0.000E+00  0.000E+00
  1.0538250E+04 -0.000E+00 -0.000E+00  0.000E+00
  1.0538750E+04 -0.000E+00 -0.000E+00  0.000E+00
  1.0539250E+04 -0.000E+00 -0.000E+00  0.000E+00
  1.0539750E+04 -0.000E+00 -0.000E+00  0.000E+00
  1.0540250E+04 -0.000E+00 -0.000E+00  0.000E+00
  1.0540750E+04 -0.000E+00 -0.000E+00  0.000E+00
  1.0541250E+04 -0.000E+00 -0.000E+00  0.000E+00
  1.0541750E+04 -0.000E+00 -0.000E+00  0.000E+00
  1.0542250E+04 -0.000E+00 -0.000E+00  0.000E+00
  1.0542750E+04 -0.000E+00 -0.000E+00  0.000E+00
  1.0543250E+04 -0.000E+00 -0.000E+00  0.000E+00
  1.0543750E+04 -0.000E+00 -0.000E+00  0.000E+00
  1.0544250E+04 -0.000E+00 -0.000E+00  0.000E+00
  1.0544750E+04 -0.000E+00 -0.000E+00  0.000E+00
  1.0545250E+04 -0.000E+00 -0.000E+00  0.000E+00
  1.0545750E+04 -0.000E+00 -0.000E+00  0.000E+00
  1.0546250E+04 -0.000E+00 -0.000E+00  0.000E+00
  1.0546750E+04 -0.000E+00 -0.000E+00  0.000E+00
  1.0547250E+04 -0.000E+00 -0.000E+00  0.000E+00
  1.0547750E+04 -0.000E+00 -0.000E+00  0.000E+00
  1.0548250E+04 -0.000E+00 -0.000E+00  0.000E+00
  1.0548750E+04 -0.000E+00 -0.000E+00  0.000E+00
  1.0549250E+04 -0.000E+00 -0.000E+00  0.000E+00
  1.0549750E+04 -0.000E+00 -0.000E+00  0.000E+00
  1.0550250E+04 -0.000E+00 -0.000E+00  0.000E+00
  1.0550750E+04 -0.000E+00 -0.000E+00  0.000E+00
  1.0551250E+04 -0.000E+00 -0.000E+00  0.000E+00
  1.0551750E+04 -0.000E+00 -0.000E+00  0.000E+00
  1.0552250E+04 -0.000E+00 -0.000E+00  0.000E+00
  1.0552750E+04 -0.000E+00 -0.000E+00  0.000E+00
  1.0553250E+04 -0.000E+00 -0.000E+00  0.000E+00
  1.0553750E+04 -0.000E+00 -0.000E+00  0.000E+00
  1.0554250E+04 -0.000E+00 -0.000E+00  0.000E+00
  1.0554750E+04 -0.000E+00 -0.000E+00  0.000E+00
  1.0555250E+04 -0.000E+00 -0.000E+00  0.000E+00
  1.0555750E+04 -0.000E+00 -0.000E+00  0.000E+00
  1.0556250E+04 -0.000E+00 -0.000E+00  0.000E+00
  1.0556750E+04 -0.000E+00 -0.000E+00  0.000E+00
  1.0557250E+04 -0.000E+00 -0.000E+00  0.000E+00
  1.0557750E+04 -0.000E+00 -0.000E+00  0.000E+00
  1.0558250E+04 -0.000E+00 -0.000E+00  0.000E+00
  1.0558750E+04 -0.000E+00 -0.000E+00  0.000E+00
  1.0559250E+04 -0.000E+00 -0.000E+00  0.000E+00
  1.0559750E+04 -0.000E+00 -0.000E+00  0.000E+00
  1.0560250E+04 -0.000E+00 -0.000E+00  0.000E+00
  1.0560750E+04 -0.000E+00 -0.000E+00  0.000E+00
  1.0561250E+04 -0.000E+00 -0.000E+00  0.000E+00
  1.0561750E+04 -0.000E+00 -0.000E+00  0.000E+00
  1.0562250E+04 -0.000E+00 -0.000E+00  0.000E+00
  1.0562750E+04 -0.000E+00 -0.000E+00  0.000E+00
  1.0563250E+04 -0.000E+00 -0.000E+00  0.000E+00
  1.0563750E+04 -0.000E+00 -0.000E+00  0.000E+00
  1.0564250E+04 -0.000E+00 -0.000E+00  0.000E+00
  1.0564750E+04 -0.000E+00 -0.000E+00  0.000E+00
  1.0565250E+04 -0.000E+00 -0.000E+00  0.000E+00
  1.0565750E+04 -0.000E+00 -0.000E+00  0.000E+00
  1.0566250E+04 -0.000E+00 -0.000E+00  0.000E+00
  1.0566750E+04 -0.000E+00 -0.000E+00  0.000E+00
  1.0567250E+04 -0.000E+00 -0.000E+00  0.000E+00
  1.0567750E+04 -0.000E+00 -0.000E+00  0.000E+00
  1.0568250E+04 -0.000E+00 -0.000E+00  0.000E+00
  1.0568750E+04 -0.000E+00 -0.000E+00  0.000E+00
  1.0569250E+04 -0.000E+00 -0.000E+00  0.000E+00
  1.0569750E+04 -0.000E+00 -0.000E+00  0.000E+00
  1.0570250E+04 -0.000E+00 -0.000E+00  0.000E+00
  1.0570750E+04 -0.000E+00 -0.000E+00  0.000E+00
  1.0571250E+04 -0.000E+00 -0.000E+00  0.000E+00
  1.0571750E+04 -0.000E+00 -0.000E+00  0.000E+00
  1.0572250E+04 -0.000E+00 -0.000E+00  0.000E+00
  1.0572750E+04 -0.000E+00 -0.000E+00  0.000E+00
  1.0573250E+04 -0.000E+00 -0.000E+00  0.000E+00
  1.0573750E+04 -0.000E+00 -0.000E+00  0.000E+00
  1.0574250E+04 -0.000E+00 -0.000E+00  0.000E+00
  1.0574750E+04 -0.000E+00 -0.000E+00  0.000E+00
  1.0575250E+04 -0.000E+00 -0.000E+00  0.000E+00
  1.0575750E+04 -0.000E+00 -0.000E+00  0.000E+00
  1.0576250E+04 -0.000E+00 -0.000E+00  0.000E+00
  1.0576750E+04 -0.000E+00 -0.000E+00  0.000E+00
  1.0577250E+04 -0.000E+00 -0.000E+00  0.000E+00
  1.0577750E+04 -0.000E+00 -0.000E+00  0.000E+00
  1.0578250E+04 -0.000E+00 -0.000E+00  0.000E+00
  1.0578750E+04 -0.000E+00 -0.000E+00  0.000E+00
  1.0579250E+04 -0.000E+00 -0.000E+00  0.000E+00
  1.0579750E+04 -0.000E+00 -0.000E+00  0.000E+00
  1.0580250E+04 -0.000E+00 -0.000E+00  0.000E+00
  1.0580750E+04 -0.000E+00 -0.000E+00  0.000E+00
  1.0581250E+04 -0.000E+00 -0.000E+00  0.000E+00
  1.0581750E+04 -0.000E+00 -0.000E+00  0.000E+00
  1.0582250E+04 -0.000E+00 -0.000E+00  0.000E+00
  1.0582750E+04 -0.000E+00 -0.000E+00  0.000E+00
  1.0583250E+04 -0.000E+00 -0.000E+00  0.000E+00
  1.0583750E+04 -0.000E+00 -0.000E+00  0.000E+00
  1.0584250E+04 -0.000E+00 -0.000E+00  0.000E+00
  1.0584750E+04 -0.000E+00 -0.000E+00  0.000E+00
  1.0585250E+04 -0.000E+00 -0.000E+00  0.000E+00
  1.0585750E+04 -0.000E+00 -0.000E+00  0.000E+00
  1.0586250E+04 -0.000E+00 -0.000E+00  0.000E+00
  1.0586750E+04 -0.000E+00 -0.000E+00  0.000E+00
  1.0587250E+04 -0.000E+00 -0.000E+00  0.000E+00
  1.0587750E+04 -0.000E+00 -0.000E+00  0.000E+00
  1.0588250E+04 -0.000E+00 -0.000E+00  0.000E+00
  1.0588750E+04 -0.000E+00 -0.000E+00  0.000E+00
  1.0589250E+04 -0.000E+00 -0.000E+00  0.000E+00
  1.0589750E+04 -0.000E+00 -0.000E+00  0.000E+00
  1.0590250E+04 -0.000E+00 -0.000E+00  0.000E+00
  1.0590750E+04 -0.000E+00 -0.000E+00  0.000E+00
  1.0591250E+04 -1.033E-04 -1.159E-04 -1.064E-04
  1.0591750E+04  5.815E-04 -7.659E-05 -2.586E-03
  1.0592250E+04 -3.228E-03 -2.408E-03  2.366E-03
  1.0592750E+04 -1.855E-03  2.321E-03  1.791E-02
  1.0593250E+04 -3.761E-03 -9.832E-04  1.152E-02
  1.0593750E+04 -9.481E-03 -7.594E-03  4.097E-03
  1.0594250E+04  8.835E-03  2.165E-03 -2.828E-02
  1.0594750E+04  2.220E-02  2.166E-02  6.272E-03
  1.0595250E+04  6.715E-03  1.310E-03 -1.856E-02
  1.0595750E+04 -1.669E-02 -3.439E-02 -8.785E-02
  1.0596250E+04 -6.113E-02 -2.488E-02  1.187E-01
  1.0596750E+04 -2.761E-02 -1.553E-02  3.386E-02
  1.0597250E+04  4.125E-02  3.783E-02  1.220E-02
  1.0597750E+04  2.002E-02  2.243E-02  2.554E-02
  1.0598250E+04 -4.582E-02 -5.439E-02 -6.722E-02
  1.0598750E+04  3.795E-02  4.160E-02  3.774E-02
  1.0599250E+04 -1.586E-03 -3.795E-03 -1.189E-02
  1.0599750E+04  6.522E-02  4.574E-02 -4.099E-02
  1.0600250E+04  1.893E-03 -5.488E-04 -9.255E-03
  1.0600750E+04  1.450E-02  1.912E-02  3.037E-02
  1.0601250E+04 -7.689E-03 -1.444E-02 -3.671E-02
  1.0601750E+04 -4.375E-03  3.713E-03  3.252E-02
  1.0602250E+04  4.215E-04 -3.713E-03 -1.822E-02
  1.0602750E+04  1.712E-03  1.673E-03  1.962E-03
  1.0603250E+04  2.636E-03  5.544E-03  9.037E-03
  1.0603750E+04 -2.134E-03  1.839E-03  1.603E-02
  1.0604250E+04 -1.207E-01 -1.229E-01 -8.376E-02
  1.0604750E+04  9.702E-02  9.607E-02  5.254E-02
  1.0605250E+04 -4.400E-02 -4.559E-02 -2.455E-02
  1.0605750E+04  2.808E-01  1.996E-01 -1.769E-01
  1.0606250E+04  5.908E-02  8.178E-02  1.311E-01
  1.0606750E+04  2.367E-02  1.482E-02 -4.415E-02
  1.0607250E+04 -6.944E-02 -7.825E-02 -7.795E-02
  1.0607750E+04 -1.522E-01 -1.737E-01 -1.836E-01
  1.0608250E+04  9.888E-02  1.200E-01  1.308E-01
  1.0608750E+04  3.864E-01  3.103E-01 -1.041E-01
  1.0609250E+04 -1.037E-01 -1.581E-02  3.392E-01
  1.0609750E+04  6.134E-02  4.453E-02 -2.702E-02
  1.0610250E+04 -2.299E-01 -1.561E-01  1.879E-01
  1.0610750E+04  3.634E-02  8.592E-02  2.365E-01
  1.0611250E+04  2.364E-01  2.147E-01  4.359E-02
  1.0611750E+04  2.603E-01  1.377E-01 -3.915E-01
  1.0612250E+04 -1.946E-03  2.734E-02  1.396E-01
  1.0612750E+04  3.234E-01  4.410E-01  7.109E-01
  1.0613250E+04  7.922E-01  7.570E-01  3.150E-01
  1.0613750E+04  1.515E+00  1.479E+00  7.876E-01
  1.0614250E+04  2.316E+00  2.367E+00  1.657E+00
  1.0614750E+04  6.311E+00  6.180E+00  3.357E+00
  1.0615250E+04  1.165E+01  1.213E+01  9.173E+00
  1.0615750E+04  2.924E+01  2.936E+01  1.858E+01
  1.0616250E+04  5.798E+01  5.857E+01  3.821E+01
  1.0616750E+04  1.310E+02  1.334E+02  9.071E+01
  1.0617250E+04  2.517E+02  2.549E+02  1.682E+02
  1.0617750E+04  4.445E+02  4.483E+02  2.876E+02
  1.0618250E+04  7.032E+02  7.032E+02  4.281E+02
  1.0618750E+04  1.009E+03  1.002E+03  5.828E+02
  1.0619250E+04  1.258E+03  1.246E+03  7.103E+02
  1.0619750E+04  1.480E+03  1.455E+03  7.839E+02
  1.0620250E+04  1.583E+03  1.550E+03  8.070E+02
  1.0620750E+04  1.543E+03  1.511E+03  7.828E+02
  1.0621250E+04  1.417E+03  1.377E+03  6.706E+02
  1.0621750E+04  1.244E+03  1.209E+03  5.848E+02
  1.0622250E+04  1.024E+03  9.977E+02  4.894E+02
  1.0622750E+04  8.335E+02  8.055E+02  3.673E+02
  1.0623250E+04  6.463E+02  6.222E+02  2.721E+02
  1.0623750E+04  4.816E+02  4.650E+02  2.068E+02
  1.0624250E+04  3.648E+02  3.474E+02  1.350E+02
  1.0624750E+04  2.576E+02  2.490E+02  1.092E+02
  1.0625250E+04  1.823E+02  1.790E+02  8.797E+01
  1.0625750E+04  1.265E+02  1.248E+02  6.273E+01
  1.0626250E+04  7.253E+01  7.098E+01  3.165E+01
  1.0626750E+04  3.279E+01  3.109E+01  8.144E+00
  1.0627250E+04 -5.610E+00 -3.863E+00  5.687E-01
  1.0627750E+04  6.033E+00  6.161E+00  9.674E-01
  1.0628250E+04 -5.592E+00 -5.182E+00 -4.168E+00
  1.0628750E+04 -1.954E+01 -1.976E+01 -1.492E+01
  1.0629250E+04 -2.905E+01 -2.597E+01 -6.622E+00
  1.0629750E+04 -2.735E+01 -2.686E+01 -1.621E+01
  1.0630250E+04 -3.858E+01 -3.495E+01 -9.343E+00
  1.0630750E+04 -4.388E+01 -4.505E+01 -3.294E+01
  1.0631250E+04 -4.673E+01 -4.023E+01 -1.432E+00
  1.0631750E+04 -4.376E+01 -4.397E+01 -2.823E+01
  1.0632250E+04 -5.676E+01 -5.395E+01 -2.313E+01
  1.0632750E+04 -5.103E+01 -4.793E+01 -1.812E+01
  1.0633250E+04 -5.126E+01 -5.190E+01 -3.481E+01
  1.0633750E+04 -5.520E+01 -5.223E+01 -2.134E+01
  1.0634250E+04 -3.980E+01 -3.968E+01 -2.419E+01
  1.0634750E+04 -5.147E+01 -4.921E+01 -2.216E+01
  1.0635250E+04 -5.273E+01 -5.072E+01 -2.384E+01
  1.0635750E+04 -5.182E+01 -4.826E+01 -1.646E+01
  1.0636250E+04 -5.609E+01 -5.327E+01 -2.215E+01
  1.0636750E+04 -4.686E+01 -4.693E+01 -2.948E+01
  1.0637250E+04 -6.136E+01 -5.992E+01 -3.111E+01
  1.0637750E+04 -5.325E+01 -5.237E+01 -2.876E+01
  1.0638250E+04 -4.652E+01 -4.527E+01 -2.337E+01
  1.0638750E+04 -6.039E+01 -5.712E+01 -2.261E+01
  1.0639250E+04 -4.866E+01 -4.675E+01 -2.152E+01
  1.0639750E+04 -5.880E+01 -5.464E+01 -1.791E+01
  1.0640250E+04 -5.449E+01 -5.342E+01 -2.851E+01
  1.0640750E+04 -5.006E+01 -4.919E+01 -2.669E+01
  1.0641250E+04 -4.958E+01 -4.807E+01 -2.375E+01
  1.0641750E+04 -5.580E+01 -5.452E+01 -2.856E+01
  1.0642250E+04 -5.046E+01 -5.085E+01 -3.219E+01
  1.0642750E+04 -5.069E+01 -4.919E+01 -2.436E+01
  1.0643250E+04 -4.766E+01 -4.636E+01 -2.341E+01
  1.0643750E+04 -5.222E+01 -4.942E+01 -1.982E+01
  1.0644250E+04 -4.866E+01 -4.813E+01 -2.733E+01
  1.0644750E+04 -5.181E+01 -4.879E+01 -1.832E+01
  1.0645250E+04 -5.658E+01 -5.412E+01 -2.378E+01
  1.0645750E+04 -5.381E+01 -5.181E+01 -2.411E+01
  1.0646250E+04 -4.210E+01 -4.170E+01 -2.410E+01
  1.0646750E+04 -5.086E+01 -4.880E+01 -2.190E+01
  1.0647250E+04 -4.939E+01 -4.800E+01 -2.382E+01
  1.0647750E+04 -4.766E+01 -4.693E+01 -2.585E+01
  1.0648250E+04 -4.782E+01 -4.640E+01 -2.284E+01
  1.0648750E+04 -4.338E+01 -4.307E+01 -2.489E+01
  1.0649250E+04 -4.613E+01 -4.476E+01 -2.196E+01
  1.0649750E+04 -4.658E+01 -4.541E+01 -2.328E+01
  1.0650250E+04 -4.575E+01 -4.415E+01 -2.092E+01
  1.0650750E+04 -4.895E+01 -4.748E+01 -2.337E+01
  1.0651250E+04 -4.774E+01 -4.703E+01 -2.581E+01
  1.0651750E+04 -4.902E+01 -4.638E+01 -1.837E+01
  1.0652250E+04 -4.564E+01 -4.338E+01 -1.780E+01
  1.0652750E+04 -4.276E+01 -4.240E+01 -2.443E+01
  1.0653250E+04 -4.306E+01 -4.233E+01 -2.276E+01
  1.0653750E+04 -4.040E+01 -3.921E+01 -1.951E+01
  1.0654250E+04 -4.612E+01 -4.440E+01 -2.047E+01
  1.0654750E+04 -4.775E+01 -4.612E+01 -2.152E+01
  1.0655250E+04 -4.770E+01 -4.441E+01 -1.469E+01
  1.0655750E+04 -4.772E+01 -4.663E+01 -2.411E+01
  1.0656250E+04 -4.490E+01 -4.354E+01 -2.128E+01
  1.0656750E+04 -4.364E+01 -4.200E+01 -1.915E+01
  1.0657250E+04 -3.986E+01 -3.928E+01 -2.183E+01
  1.0657750E+04 -4.436E+01 -4.350E+01 -2.284E+01
  1.0658250E+04 -4.352E+01 -4.199E+01 -1.973E+01
  1.0658750E+04 -4.405E+01 -4.307E+01 -2.237E+01
  1.0659250E+04 -4.031E+01 -3.851E+01 -1.647E+01
  1.0659750E+04 -4.377E+01 -4.231E+01 -2.027E+01
  1.0660250E+04 -4.145E+01 -4.007E+01 -1.894E+01
  1.0660750E+04 -3.915E+01 -4.039E+01 -2.867E+01
  1.0661250E+04 -4.478E+01 -4.431E+01 -2.492E+01
  1.0661750E+04 -4.177E+01 -4.093E+01 -2.156E+01
  1.0662250E+04 -4.321E+01 -4.122E+01 -1.725E+01
  1.0662750E+04 -4.412E+01 -4.213E+01 -1.785E+01
  1.0663250E+04 -4.010E+01 -3.914E+01 -2.014E+01
  1.0663750E+04 -3.708E+01 -3.632E+01 -1.913E+01
  1.0664250E+04 -4.030E+01 -4.051E+01 -2.548E+01
  1.0664750E+04 -4.015E+01 -4.029E+01 -2.458E+01
  1.0665250E+04 -3.981E+01 -3.866E+01 -1.907E+01
  1.0665750E+04 -3.601E+01 -3.551E+01 -1.946E+01
  1.0666250E+04 -3.643E+01 -3.550E+01 -1.807E+01
  1.0666750E+04 -4.244E+01 -4.121E+01 -1.997E+01
  1.0667250E+04 -3.782E+01 -3.645E+01 -1.705E+01
  1.0667750E+04 -3.977E+01 -3.882E+01 -1.984E+01
  1.0668250E+04 -4.152E+01 -3.979E+01 -1.734E+01
  1.0668750E+04 -4.289E+01 -4.146E+01 -1.935E+01
  1.0669250E+04 -3.742E+01 -3.606E+01 -1.677E+01
  1.0669750E+04 -3.700E+01 -3.616E+01 -1.850E+01
  1.0670250E+04 -3.897E+01 -3.848E+01 -2.137E+01
  1.0670750E+04 -3.962E+01 -3.829E+01 -1.830E+01
  1.0671250E+04 -3.539E+01 -3.393E+01 -1.462E+01
  1.0671750E+04 -3.527E+01 -3.524E+01 -2.109E+01
  1.0672250E+04 -3.663E+01 -3.631E+01 -2.041E+01
  1.0672750E+04 -3.856E+01 -3.692E+01 -1.629E+01
  1.0673250E+04 -3.723E+01 -3.643E+01 -1.869E+01
  1.0673750E+04 -4.091E+01 -3.945E+01 -1.845E+01
  1.0674250E+04 -3.554E+01 -3.442E+01 -1.684E+01
  1.0674750E+04 -3.671E+01 -3.517E+01 -1.529E+01
  1.0675250E+04 -3.920E+01 -3.888E+01 -2.235E+01
  1.0675750E+04 -3.628E+01 -3.573E+01 -1.946E+01
  1.0676250E+04 -3.585E+01 -3.522E+01 -1.859E+01
  1.0676750E+04 -3.964E+01 -3.783E+01 -1.691E+01
  1.0677250E+04 -3.331E+01 -3.327E+01 -1.979E+01
  1.0677750E+04 -3.530E+01 -3.383E+01 -1.506E+01
  1.0678250E+04 -3.157E+01 -3.160E+01 -1.906E+01
  1.0678750E+04 -3.192E+01 -3.206E+01 -1.963E+01
  1.0679250E+04 -3.446E+01 -3.344E+01 -1.599E+01
  1.0679750E+04 -3.474E+01 -3.261E+01 -1.138E+01
  1.0680250E+04 -3.361E+01 -3.248E+01 -1.540E+01
  1.0680750E+04 -3.601E+01 -3.466E+01 -1.565E+01
  1.0681250E+04 -3.359E+01 -3.263E+01 -1.634E+01
  1.0681750E+04 -3.264E+01 -3.246E+01 -1.802E+01
  1.0682250E+04 -3.389E+01 -3.385E+01 -1.960E+01
  1.0682750E+04 -3.431E+01 -3.368E+01 -1.768E+01
  1.0683250E+04 -3.426E+01 -3.289E+01 -1.476E+01
  1.0683750E+04 -3.350E+01 -3.180E+01 -1.286E+01
  1.0684250E+04 -3.540E+01 -3.355E+01 -1.316E+01
  1.0684750E+04 -3.206E+01 -3.200E+01 -1.894E+01
  1.0685250E+04 -3.396E+01 -3.325E+01 -1.732E+01
  1.0685750E+04 -3.027E+01 -3.057E+01 -1.911E+01
  1.0686250E+04 -3.209E+01 -3.048E+01 -1.257E+01
  1.0686750E+04 -3.174E+01 -3.100E+01 -1.578E+01
  1.0687250E+04 -3.184E+01 -3.186E+01 -1.905E+01
  1.0687750E+04 -2.694E+01 -2.648E+01 -1.438E+01
  1.0688250E+04 -3.264E+01 -3.120E+01 -1.353E+01
  1.0688750E+04 -3.473E+01 -3.300E+01 -1.362E+01
  1.0689250E+04 -2.986E+01 -2.967E+01 -1.690E+01
  1.0689750E+04 -3.212E+01 -3.166E+01 -1.714E+01
  1.0690250E+04 -3.344E+01 -3.199E+01 -1.340E+01
  1.0690750E+04 -3.297E+01 -3.214E+01 -1.615E+01
  1.0691250E+04 -3.086E+01 -3.091E+01 -1.874E+01
  1.0691750E+04 -3.333E+01 -3.197E+01 -1.430E+01
  1.0692250E+04 -3.055E+01 -2.945E+01 -1.385E+01
  1.0692750E+04 -2.730E+01 -2.626E+01 -1.180E+01
  1.0693250E+04 -3.135E+01 -3.088E+01 -1.668E+01
  1.0693750E+04 -3.088E+01 -2.980E+01 -1.356E+01
  1.0694250E+04 -2.794E+01 -2.783E+01 -1.645E+01
  1.0694750E+04 -2.881E+01 -2.739E+01 -1.106E+01
  1.0695250E+04 -2.837E+01 -2.754E+01 -1.357E+01
  1.0695750E+04 -3.229E+01 -3.142E+01 -1.558E+01
  1.0696250E+04 -3.090E+01 -3.092E+01 -1.803E+01
  1.0696750E+04 -2.650E+01 -2.603E+01 -1.442E+01
  1.0697250E+04 -2.969E+01 -2.894E+01 -1.451E+01
  1.0697750E+04 -2.740E+01 -2.744E+01 -1.626E+01
  1.0698250E+04 -2.639E+01 -2.694E+01 -1.816E+01
  1.0698750E+04 -2.598E+01 -2.558E+01 -1.370E+01
  1.0699250E+04 -3.214E+01 -3.022E+01 -1.084E+01
  1.0699750E+04 -2.768E+01 -2.664E+01 -1.172E+01
  1.0700250E+04 -3.150E+01 -2.975E+01 -1.136E+01
  1.0700750E+04 -2.820E+01 -2.804E+01 -1.614E+01
  1.0701250E+04 -2.900E+01 -2.831E+01 -1.419E+01
  1.0701750E+04 -2.989E+01 -2.851E+01 -1.216E+01
  1.0702250E+04 -2.572E+01 -2.502E+01 -1.242E+01
  1.0702750E+04 -2.723E+01 -2.652E+01 -1.331E+01
  1.0703250E+04 -2.529E+01 -2.541E+01 -1.572E+01
  1.0703750E+04 -2.555E+01 -2.520E+01 -1.360E+01
  1.0704250E+04 -2.841E+01 -2.723E+01 -1.159E+01
  1.0704750E+04 -2.730E+01 -2.661E+01 -1.360E+01
  1.0705250E+04 -2.708E+01 -2.686E+01 -1.497E+01
  1.0705750E+04 -2.615E+01 -2.653E+01 -1.722E+01
  1.0706250E+04 -2.628E+01 -2.541E+01 -1.193E+01
  1.0706750E+04 -2.680E+01 -2.643E+01 -1.421E+01
  1.0707250E+04 -2.846E+01 -2.764E+01 -1.341E+01
  1.0707750E+04 -2.794E+01 -2.736E+01 -1.449E+01
  1.0708250E+04 -2.365E+01 -2.373E+01 -1.465E+01
  1.0708750E+04 -2.575E+01 -2.527E+01 -1.320E+01
  1.0709250E+04 -2.670E+01 -2.667E+01 -1.599E+01
  1.0709750E+04 -2.575E+01 -2.545E+01 -1.412E+01
  1.0710250E+04 -2.697E+01 -2.613E+01 -1.254E+01
  1.0710750E+04 -2.453E+01 -2.451E+01 -1.441E+01
  1.0711250E+04 -2.508E+01 -2.467E+01 -1.337E+01
  1.0711750E+04 -2.314E+01 -2.299E+01 -1.307E+01
  1.0712250E+04 -2.517E+01 -2.480E+01 -1.328E+01
  1.0712750E+04 -2.542E+01 -2.488E+01 -1.273E+01
  1.0713250E+04 -2.453E+01 -2.366E+01 -1.114E+01
  1.0713750E+04 -2.861E+01 -2.717E+01 -1.045E+01
  1.0714250E+04 -2.753E+01 -2.669E+01 -1.266E+01
  1.0714750E+04 -2.504E+01 -2.424E+01 -1.174E+01
  1.0715250E+04 -2.545E+01 -2.463E+01 -1.181E+01
  1.0715750E+04 -2.284E+01 -2.216E+01 -1.096E+01
  1.0716250E+04 -2.316E+01 -2.237E+01 -1.092E+01
  1.0716750E+04 -2.645E+01 -2.643E+01 -1.519E+01
  1.0717250E+04 -2.654E+01 -2.610E+01 -1.411E+01
  1.0717750E+04 -2.474E+01 -2.404E+01 -1.109E+01
  1.0718250E+04 -2.251E+01 -2.287E+01 -1.464E+01
  1.0718750E+04 -2.317E+01 -2.335E+01 -1.452E+01
  1.0719250E+04 -2.359E+01 -2.344E+01 -1.377E+01
  1.0719750E+04 -2.551E+01 -2.434E+01 -1.041E+01
  1.0720250E+04 -2.310E+01 -2.334E+01 -1.497E+01
  1.0720750E+04 -2.513E+01 -2.489E+01 -1.375E+01
  1.0721250E+04 -2.373E+01 -2.306E+01 -1.134E+01
  1.0721750E+04 -2.221E+01 -2.193E+01 -1.236E+01
  1.0722250E+04 -2.099E+01 -2.112E+01 -1.274E+01
  1.0722750E+04 -2.346E+01 -2.249E+01 -9.796E+00
  1.0723250E+04 -2.366E+01 -2.298E+01 -1.107E+01
  1.0723750E+04 -2.373E+01 -2.338E+01 -1.249E+01
  1.0724250E+04 -2.393E+01 -2.325E+01 -1.161E+01
  1.0724750E+04 -2.318E+01 -2.300E+01 -1.279E+01
  1.0725250E+04 -2.417E+01 -2.388E+01 -1.308E+01
  1.0725750E+04 -2.339E+01 -2.231E+01 -9.268E+00
  1.0726250E+04 -2.307E+01 -2.237E+01 -1.078E+01
  1.0726750E+04 -2.025E+01 -2.038E+01 -1.251E+01
  1.0727250E+04 -2.345E+01 -2.293E+01 -1.166E+01
  1.0727750E+04 -2.195E+01 -2.130E+01 -1.021E+01
  1.0728250E+04 -2.193E+01 -2.188E+01 -1.255E+01
  1.0728750E+04 -2.290E+01 -2.275E+01 -1.308E+01
  1.0729250E+04 -2.317E+01 -2.279E+01 -1.243E+01
  1.0729750E+04 -2.295E+01 -2.212E+01 -1.005E+01
  1.0730250E+04 -2.275E+01 -2.189E+01 -1.005E+01
  1.0730750E+04 -2.050E+01 -1.947E+01 -7.829E+00
  1.0731250E+04 -2.299E+01 -2.241E+01 -1.117E+01
  1.0731750E+04 -2.267E+01 -2.172E+01 -9.690E+00
  1.0732250E+04 -2.254E+01 -2.190E+01 -1.071E+01
  1.0732750E+04 -2.159E+01 -2.136E+01 -1.202E+01
  1.0733250E+04 -2.072E+01 -2.083E+01 -1.305E+01
  1.0733750E+04 -2.165E+01 -2.098E+01 -9.847E+00
  1.0734250E+04 -2.006E+01 -2.010E+01 -1.197E+01
  1.0734750E+04 -1.998E+01 -1.950E+01 -9.935E+00
  1.0735250E+04 -2.383E+01 -2.289E+01 -9.945E+00
  1.0735750E+04 -2.036E+01 -2.032E+01 -1.205E+01
  1.0736250E+04 -2.157E+01 -2.136E+01 -1.179E+01
  1.0736750E+04 -2.028E+01 -2.010E+01 -1.134E+01
  1.0737250E+04 -2.085E+01 -2.003E+01 -8.751E+00
  1.0737750E+04 -1.969E+01 -1.902E+01 -9.040E+00
  1.0738250E+04 -2.196E+01 -2.114E+01 -9.441E+00
  1.0738750E+04 -2.184E+01 -2.097E+01 -8.993E+00
  1.0739250E+04 -1.954E+01 -1.908E+01 -9.711E+00
  1.0739750E+04 -2.058E+01 -2.015E+01 -1.042E+01
  1.0740250E+04 -2.163E+01 -2.162E+01 -1.278E+01
  1.0740750E+04 -1.897E+01 -1.888E+01 -1.109E+01
  1.0741250E+04 -2.064E+01 -2.007E+01 -9.692E+00
  1.0741750E+04 -2.003E+01 -1.966E+01 -1.059E+01
  1.0742250E+04 -2.128E+01 -2.042E+01 -8.898E+00
  1.0742750E+04 -2.130E+01 -2.026E+01 -7.909E+00
  1.0743250E+04 -1.949E+01 -1.896E+01 -9.396E+00
  1.0743750E+04 -2.029E+01 -2.022E+01 -1.163E+01
  1.0744250E+04 -1.817E+01 -1.769E+01 -8.859E+00
  1.0744750E+04 -2.014E+01 -1.989E+01 -1.106E+01
  1.0745250E+04 -1.916E+01 -1.869E+01 -9.643E+00
  1.0745750E+04 -1.962E+01 -1.928E+01 -9.971E+00
  1.0746250E+04 -1.835E+01 -1.817E+01 -1.000E+01
  1.0746750E+04 -1.937E+01 -1.905E+01 -9.988E+00
  1.0747250E+04 -1.991E+01 -1.927E+01 -9.716E+00
  1.0747750E+04 -2.194E+01 -2.132E+01 -1.060E+01
  1.0748250E+04 -1.972E+01 -1.967E+01 -1.160E+01
  1.0748750E+04 -1.974E+01 -1.880E+01 -7.039E+00
  1.0749250E+04 -1.950E+01 -1.831E+01 -6.468E+00
  1.0749750E+04 -1.706E+01 -1.654E+01 -8.034E+00
  1.0750250E+04 -1.911E+01 -1.950E+01 -1.334E+01
  1.0750750E+04 -1.837E+01 -1.860E+01 -1.199E+01
  1.0751250E+04 -1.814E+01 -1.780E+01 -8.899E+00
  1.0751750E+04 -1.901E+01 -1.862E+01 -9.797E+00
  1.0752250E+04 -1.848E+01 -1.865E+01 -1.254E+01
  1.0752750E+04 -1.955E+01 -1.954E+01 -1.097E+01
  1.0753250E+04 -1.741E+01 -1.748E+01 -1.052E+01
  1.0753750E+04 -1.802E+01 -1.770E+01 -8.942E+00
  1.0754250E+04 -1.701E+01 -1.652E+01 -7.779E+00
  1.0754750E+04 -1.982E+01 -1.973E+01 -1.114E+01
  1.0755250E+04 -1.806E+01 -1.744E+01 -8.326E+00
  1.0755750E+04 -1.874E+01 -1.853E+01 -1.050E+01
  1.0756250E+04 -1.901E+01 -1.851E+01 -9.382E+00
  1.0756750E+04 -1.788E+01 -1.777E+01 -1.070E+01
  1.0757250E+04 -1.809E+01 -1.745E+01 -7.840E+00
  1.0757750E+04 -1.892E+01 -1.828E+01 -8.652E+00
  1.0758250E+04 -1.907E+01 -1.858E+01 -8.725E+00
  1.0758750E+04 -1.641E+01 -1.611E+01 -8.266E+00
  1.0759250E+04 -1.789E+01 -1.718E+01 -7.453E+00
  1.0759750E+04 -2.026E+01 -1.939E+01 -8.252E+00
  1.0760250E+04 -1.859E+01 -1.850E+01 -1.075E+01
  1.0760750E+04 -1.712E+01 -1.692E+01 -9.613E+00
  1.0761250E+04 -1.677E+01 -1.628E+01 -7.723E+00
  1.0761750E+04 -1.655E+01 -1.673E+01 -1.075E+01
  1.0762250E+04 -1.872E+01 -1.794E+01 -7.797E+00
  1.0762750E+04 -1.634E+01 -1.623E+01 -9.259E+00
  1.0763250E+04 -1.753E+01 -1.744E+01 -9.643E+00
  1.0763750E+04 -1.694E+01 -1.647E+01 -7.560E+00
  1.0764250E+04 -1.772E+01 -1.736E+01 -8.996E+00
  1.0764750E+04 -1.797E+01 -1.737E+01 -8.173E+00
  1.0765250E+04 -1.873E+01 -1.787E+01 -7.018E+00
  1.0765750E+04 -1.901E+01 -1.861E+01 -9.753E+00
  1.0766250E+04 -1.831E+01 -1.784E+01 -9.115E+00
  1.0766750E+04 -1.425E+01 -1.441E+01 -9.267E+00
  1.0767250E+04 -1.429E+01 -1.458E+01 -9.682E+00
  1.0767750E+04 -1.634E+01 -1.586E+01 -7.732E+00
  1.0768250E+04 -1.779E+01 -1.750E+01 -9.306E+00
  1.0768750E+04 -1.570E+01 -1.554E+01 -8.446E+00
  1.0769250E+04 -1.537E+01 -1.492E+01 -7.731E+00
  1.0769750E+04 -1.705E+01 -1.668E+01 -8.897E+00
  1.0770250E+04 -1.784E+01 -1.754E+01 -9.320E+00
  1.0770750E+04 -1.666E+01 -1.595E+01 -6.528E+00
  1.0771250E+04 -1.676E+01 -1.627E+01 -7.674E+00
  1.0771750E+04 -1.415E+01 -1.447E+01 -9.557E+00
  1.0772250E+04 -1.542E+01 -1.547E+01 -9.469E+00
  1.0772750E+04 -1.898E+01 -1.865E+01 -9.908E+00
  1.0773250E+04 -1.672E+01 -1.648E+01 -8.831E+00
  1.0773750E+04 -1.561E+01 -1.566E+01 -9.539E+00
  1.0774250E+04 -1.498E+01 -1.442E+01 -6.654E+00
  1.0774750E+04 -1.789E+01 -1.686E+01 -6.042E+00
  1.0775250E+04 -1.574E+01 -1.504E+01 -6.323E+00
  1.0775750E+04 -1.576E+01 -1.561E+01 -8.562E+00
  1.0776250E+04 -1.559E+01 -1.530E+01 -8.147E+00
  1.0776750E+04 -1.459E+01 -1.463E+01 -8.727E+00
  1.0777250E+04 -1.585E+01 -1.583E+01 -9.235E+00
  1.0777750E+04 -1.565E+01 -1.581E+01 -9.797E+00
  1.0778250E+04 -1.452E+01 -1.455E+01 -8.720E+00
  1.0778750E+04 -1.419E+01 -1.390E+01 -7.540E+00
  1.0779250E+04 -1.690E+01 -1.624E+01 -7.046E+00
  1.0779750E+04 -1.535E+01 -1.522E+01 -8.516E+00
  1.0780250E+04 -1.424E+01 -1.361E+01 -6.018E+00
  1.0780750E+04 -1.467E+01 -1.403E+01 -6.039E+00
  1.0781250E+04 -1.522E+01 -1.499E+01 -8.120E+00
  1.0781750E+04 -1.560E+01 -1.505E+01 -7.125E+00
  1.0782250E+04 -1.429E+01 -1.420E+01 -8.022E+00
  1.0782750E+04 -1.652E+01 -1.578E+01 -6.673E+00
  1.0783250E+04 -1.423E+01 -1.411E+01 -7.575E+00
  1.0783750E+04 -1.474E+01 -1.465E+01 -8.226E+00
  1.0784250E+04 -1.488E+01 -1.477E+01 -8.362E+00
  1.0784750E+04 -1.566E+01 -1.517E+01 -7.263E+00
  1.0785250E+04 -1.457E+01 -1.442E+01 -7.743E+00
  1.0785750E+04 -1.496E+01 -1.503E+01 -9.585E+00
  1.0786250E+04 -1.516E+01 -1.484E+01 -7.534E+00
  1.0786750E+04 -1.450E+01 -1.381E+01 -5.561E+00
  1.0787250E+04 -1.440E+01 -1.407E+01 -7.367E+00
  1.0787750E+04 -1.447E+01 -1.414E+01 -7.508E+00
  1.0788250E+04 -1.267E+01 -1.294E+01 -8.536E+00
  1.0788750E+04 -1.461E+01 -1.449E+01 -8.450E+00
  1.0789250E+04 -1.386E+01 -1.368E+01 -7.629E+00
  1.0789750E+04 -1.482E+01 -1.442E+01 -7.041E+00
  1.0790250E+04 -1.481E+01 -1.478E+01 -8.773E+00
  1.0790750E+04 -1.512E+01 -1.494E+01 -8.145E+00
  1.0791250E+04 -1.404E+01 -1.353E+01 -6.062E+00
  1.0791750E+04 -1.442E+01 -1.423E+01 -7.662E+00
  1.0792250E+04 -1.305E+01 -1.313E+01 -7.906E+00
  1.0792750E+04 -1.476E+01 -1.436E+01 -7.196E+00
  1.0793250E+04 -1.559E+01 -1.523E+01 -7.858E+00
  1.0793750E+04 -1.526E+01 -1.489E+01 -6.961E+00
  1.0794250E+04 -1.237E+01 -1.194E+01 -5.615E+00
  1.0794750E+04 -1.360E+01 -1.328E+01 -6.639E+00
  1.0795250E+04 -1.445E+01 -1.407E+01 -6.955E+00
  1.0795750E+04 -1.332E+01 -1.314E+01 -7.103E+00
  1.0796250E+04 -1.197E+01 -1.214E+01 -7.966E+00
  1.0796750E+04 -1.441E+01 -1.457E+01 -9.183E+00
  1.0797250E+04 -1.428E+01 -1.380E+01 -6.540E+00
  1.0797750E+04 -1.582E+01 -1.481E+01 -4.829E+00
  1.0798250E+04 -1.376E+01 -1.318E+01 -5.615E+00
  1.0798750E+04 -1.422E+01 -1.382E+01 -6.852E+00
  1.0799250E+04 -1.339E+01 -1.336E+01 -7.790E+00
  1.0799750E+04 -1.305E+01 -1.304E+01 -7.653E+00
  1.0800250E+04 -1.182E+01 -1.212E+01 -8.462E+00
  1.0800750E+04 -1.216E+01 -1.238E+01 -8.282E+00
  1.0801250E+04 -1.336E+01 -1.272E+01 -5.240E+00
  1.0801750E+04 -1.238E+01 -1.184E+01 -4.888E+00
  1.0802250E+04 -1.281E+01 -1.264E+01 -6.954E+00
  1.0802750E+04 -1.314E+01 -1.271E+01 -5.891E+00
  1.0803250E+04 -1.415E+01 -1.338E+01 -4.720E+00
  1.0803750E+04 -1.407E+01 -1.335E+01 -4.795E+00
  1.0804250E+04 -1.284E+01 -1.288E+01 -7.972E+00
  1.0804750E+04 -1.159E+01 -1.202E+01 -8.477E+00
  1.0805250E+04 -1.108E+01 -1.126E+01 -7.638E+00
  1.0805750E+04 -1.269E+01 -1.224E+01 -5.724E+00
  1.0806250E+04 -1.330E+01 -1.236E+01 -4.278E+00
  1.0806750E+04 -1.401E+01 -1.403E+01 -8.682E+00
  1.0807250E+04 -1.316E+01 -1.257E+01 -5.813E+00
  1.0807750E+04 -1.211E+01 -1.224E+01 -7.890E+00
  1.0808250E+04 -1.299E+01 -1.298E+01 -7.219E+00
  1.0808750E+04 -1.221E+01 -1.220E+01 -6.959E+00
  1.0809250E+04 -1.165E+01 -1.126E+01 -5.486E+00
  1.0809750E+04 -1.314E+01 -1.251E+01 -4.720E+00
  1.0810250E+04 -1.267E+01 -1.229E+01 -6.080E+00
  1.0810750E+04 -1.381E+01 -1.322E+01 -5.729E+00
  1.0811250E+04 -1.173E+01 -1.160E+01 -6.230E+00
  1.0811750E+04 -1.162E+01 -1.156E+01 -6.758E+00
  1.0812250E+04 -1.254E+01 -1.231E+01 -6.629E+00
  1.0812750E+04 -1.166E+01 -1.147E+01 -6.148E+00
  1.0813250E+04 -1.302E+01 -1.270E+01 -6.209E+00
  1.0813750E+04 -1.219E+01 -1.196E+01 -5.893E+00
  1.0814250E+04 -1.105E+01 -1.115E+01 -7.379E+00
  1.0814750E+04 -1.158E+01 -1.146E+01 -6.425E+00
  1.0815250E+04 -1.261E+01 -1.266E+01 -7.658E+00
  1.0815750E+04 -1.156E+01 -1.166E+01 -7.531E+00
  1.0816250E+04 -1.221E+01 -1.192E+01 -5.689E+00
  1.0816750E+04 -1.198E+01 -1.153E+01 -5.463E+00
  1.0817250E+04 -1.252E+01 -1.221E+01 -5.910E+00
  1.0817750E+04 -1.286E+01 -1.258E+01 -6.087E+00
  1.0818250E+04 -1.204E+01 -1.204E+01 -6.949E+00
  1.0818750E+04 -1.155E+01 -1.119E+01 -5.377E+00
  1.0819250E+04 -1.100E+01 -1.113E+01 -7.041E+00
  1.0819750E+04 -1.206E+01 -1.189E+01 -7.027E+00
  1.0820250E+04 -1.294E+01 -1.262E+01 -5.821E+00
  1.0820750E+04 -1.163E+01 -1.121E+01 -5.459E+00
  1.0821250E+04 -1.146E+01 -1.135E+01 -6.239E+00
  1.0821750E+04 -1.239E+01 -1.233E+01 -6.893E+00
  1.0822250E+04 -1.220E+01 -1.197E+01 -6.015E+00
  1.0822750E+04 -1.166E+01 -1.129E+01 -5.555E+00
  1.0823250E+04 -1.080E+01 -1.072E+01 -6.644E+00
  1.0823750E+04 -1.128E+01 -1.098E+01 -5.373E+00
  1.0824250E+04 -1.148E+01 -1.162E+01 -7.838E+00
  1.0824750E+04 -1.014E+01 -1.061E+01 -7.582E+00
  1.0825250E+04 -9.376E+00 -9.666E+00 -6.762E+00
  1.0825750E+04 -1.165E+01 -1.144E+01 -5.918E+00
  1.0826250E+04 -1.204E+01 -1.172E+01 -5.593E+00
  1.0826750E+04 -1.148E+01 -1.105E+01 -4.802E+00
  1.0827250E+04 -1.224E+01 -1.166E+01 -4.759E+00
  1.0827750E+04 -1.186E+01 -1.155E+01 -5.333E+00
  1.0828250E+04 -1.089E+01 -1.076E+01 -5.467E+00
  1.0828750E+04 -9.975E+00 -9.943E+00 -5.674E+00
  1.0829250E+04 -1.035E+01 -1.059E+01 -7.221E+00
  1.0829750E+04 -1.192E+01 -1.158E+01 -5.301E+00
  1.0830250E+04 -1.129E+01 -1.059E+01 -3.494E+00
  1.0830750E+04 -1.123E+01 -1.116E+01 -6.194E+00
  1.0831250E+04 -1.097E+01 -1.093E+01 -6.793E+00
  1.0831750E+04 -1.052E+01 -1.039E+01 -5.551E+00
  1.0832250E+04 -1.121E+01 -1.084E+01 -4.595E+00
  1.0832750E+04 -1.253E+01 -1.214E+01 -5.767E+00
  1.0833250E+04 -9.741E+00 -1.002E+01 -7.654E+00
  1.0833750E+04 -1.178E+01 -1.174E+01 -6.867E+00
  1.0834250E+04 -1.078E+01 -1.073E+01 -6.033E+00
  1.0834750E+04 -1.063E+01 -1.045E+01 -5.561E+00
  1.0835250E+04 -1.048E+01 -1.016E+01 -5.102E+00
  1.0835750E+04 -1.070E+01 -1.071E+01 -6.483E+00
  1.0836250E+04 -1.139E+01 -1.126E+01 -6.419E+00
  1.0836750E+04 -1.022E+01 -1.034E+01 -6.231E+00
  1.0837250E+04 -1.034E+01 -1.011E+01 -4.947E+00
  1.0837750E+04 -1.078E+01 -1.057E+01 -5.962E+00
  1.0838250E+04 -1.070E+01 -1.010E+01 -3.702E+00
  1.0838750E+04 -9.736E+00 -9.596E+00 -4.872E+00
  1.0839250E+04 -1.009E+01 -1.008E+01 -6.399E+00
  1.0839750E+04 -1.015E+01 -1.015E+01 -5.235E+00
  1.0840250E+04 -1.086E+01 -1.068E+01 -5.955E+00
  1.0840750E+04 -1.044E+01 -9.998E+00 -4.698E+00
  1.0841250E+04 -1.098E+01 -1.055E+01 -4.308E+00
  1.0841750E+04 -9.497E+00 -9.336E+00 -4.731E+00
  1.0842250E+04 -1.054E+01 -1.046E+01 -5.754E+00
  1.0842750E+04 -9.606E+00 -9.598E+00 -6.141E+00
  1.0843250E+04 -1.046E+01 -1.009E+01 -4.718E+00
  1.0843750E+04 -1.000E+01 -9.919E+00 -5.491E+00
  1.0844250E+04 -1.008E+01 -9.776E+00 -4.441E+00
  1.0844750E+04 -9.784E+00 -9.520E+00 -4.923E+00
  1.0845250E+04 -9.961E+00 -9.888E+00 -5.601E+00
  1.0845750E+04 -1.057E+01 -1.020E+01 -4.560E+00
  1.0846250E+04 -1.057E+01 -1.007E+01 -4.378E+00
  1.0846750E+04 -9.777E+00 -9.703E+00 -6.281E+00
  1.0847250E+04 -1.057E+01 -1.048E+01 -5.788E+00
  1.0847750E+04 -1.081E+01 -1.037E+01 -4.149E+00
  1.0848250E+04 -1.099E+01 -1.071E+01 -5.320E+00
  1.0848750E+04 -1.071E+01 -1.033E+01 -4.744E+00
  1.0849250E+04 -8.938E+00 -8.787E+00 -5.055E+00
  1.0849750E+04 -9.352E+00 -9.357E+00 -6.082E+00
  1.0850250E+04 -8.284E+00 -8.473E+00 -4.622E+00
  1.0850750E+04 -9.756E+00 -9.759E+00 -5.821E+00
  1.0851250E+04 -9.623E+00 -9.288E+00 -3.025E+00
  1.0851750E+04 -9.680E+00 -9.409E+00 -4.255E+00
  1.0852250E+04 -8.111E+00 -8.074E+00 -5.067E+00
  1.0852750E+04 -1.072E+01 -1.069E+01 -6.668E+00
  1.0853250E+04 -1.116E+01 -1.073E+01 -4.384E+00
  1.0853750E+04 -9.890E+00 -9.378E+00 -3.631E+00
  1.0854250E+04 -1.050E+01 -1.050E+01 -5.596E+00
  1.0854750E+04 -8.403E+00 -8.262E+00 -4.418E+00
  1.0855250E+04 -8.224E+00 -8.598E+00 -6.274E+00
  1.0855750E+04 -9.953E+00 -1.025E+01 -7.102E+00
  1.0856250E+04 -9.372E+00 -8.974E+00 -3.865E+00
  1.0856750E+04 -9.712E+00 -9.612E+00 -5.167E+00
  1.0857250E+04 -9.031E+00 -8.998E+00 -5.390E+00
  1.0857750E+04 -9.164E+00 -8.911E+00 -4.478E+00
  1.0858250E+04 -7.918E+00 -7.981E+00 -5.107E+00
  1.0858750E+04 -8.525E+00 -8.128E+00 -3.387E+00
  1.0859250E+04 -8.100E+00 -7.997E+00 -4.595E+00
  1.0859750E+04 -8.727E+00 -8.519E+00 -4.779E+00
  1.0860250E+04 -1.016E+01 -1.000E+01 -4.871E+00
  1.0860750E+04 -1.034E+01 -9.880E+00 -4.432E+00
  1.0861250E+04 -9.248E+00 -9.153E+00 -4.926E+00
  1.0861750E+04 -8.599E+00 -8.548E+00 -5.118E+00
  1.0862250E+04 -7.376E+00 -7.481E+00 -5.424E+00
  1.0862750E+04 -9.203E+00 -9.257E+00 -5.101E+00
  1.0863250E+04 -8.518E+00 -8.392E+00 -4.640E+00
  1.0863750E+04 -1.023E+01 -9.804E+00 -4.548E+00
  1.0864250E+04 -8.468E+00 -8.488E+00 -5.036E+00
  1.0864750E+04 -9.552E+00 -9.651E+00 -5.546E+00
  1.0865250E+04 -9.357E+00 -9.312E+00 -5.270E+00
  1.0865750E+04 -9.068E+00 -9.144E+00 -5.936E+00
  1.0866250E+04 -8.518E+00 -8.777E+00 -6.498E+00
  1.0866750E+04 -8.664E+00 -8.557E+00 -4.743E+00
  1.0867250E+04 -9.461E+00 -8.631E+00 -2.379E+00
  1.0867750E+04 -8.074E+00 -7.918E+00 -4.039E+00
  1.0868250E+04 -9.215E+00 -9.118E+00 -4.800E+00
  1.0868750E+04 -8.694E+00 -8.414E+00 -3.609E+00
  1.0869250E+04 -9.161E+00 -9.034E+00 -5.274E+00
  1.0869750E+04 -8.989E+00 -8.769E+00 -4.301E+00
  1.0870250E+04 -9.290E+00 -9.062E+00 -4.850E+00
  1.0870750E+04 -9.716E+00 -9.352E+00 -3.809E+00
  1.0871250E+04 -8.754E+00 -8.643E+00 -3.754E+00
  1.0871750E+04 -7.079E+00 -7.520E+00 -6.643E+00
  1.0872250E+04 -8.184E+00 -8.416E+00 -5.755E+00
  1.0872750E+04 -8.472E+00 -8.309E+00 -4.116E+00
  1.0873250E+04 -8.858E+00 -8.603E+00 -3.915E+00
  1.0873750E+04 -9.829E+00 -9.709E+00 -4.767E+00
  1.0874250E+04 -8.364E+00 -8.084E+00 -3.783E+00
  1.0874750E+04 -7.709E+00 -8.044E+00 -6.088E+00
  1.0875250E+04 -8.549E+00 -8.384E+00 -4.503E+00
  1.0875750E+04 -8.412E+00 -8.573E+00 -5.813E+00
  1.0876250E+04 -7.620E+00 -7.354E+00 -3.510E+00
  1.0876750E+04 -7.908E+00 -7.788E+00 -3.674E+00
  1.0877250E+04 -9.061E+00 -8.744E+00 -3.282E+00
  1.0877750E+04 -8.979E+00 -8.813E+00 -4.760E+00
  1.0878250E+04 -8.191E+00 -7.975E+00 -3.918E+00
  1.0878750E+04 -7.815E+00 -7.514E+00 -3.067E+00
  1.0879250E+04 -8.152E+00 -8.228E+00 -5.194E+00
  1.0879750E+04 -8.188E+00 -8.336E+00 -5.863E+00
  1.0880250E+04 -8.392E+00 -8.020E+00 -3.621E+00
  1.0880750E+04 -8.472E+00 -8.169E+00 -3.998E+00
  1.0881250E+04 -7.952E+00 -7.766E+00 -3.632E+00
  1.0881750E+04 -7.219E+00 -7.212E+00 -4.199E+00
  1.0882250E+04 -7.953E+00 -8.132E+00 -5.618E+00
  1.0882750E+04 -8.211E+00 -8.139E+00 -4.460E+00
  1.0883250E+04 -7.620E+00 -7.322E+00 -2.872E+00
  1.0883750E+04 -8.580E+00 -8.434E+00 -4.514E+00
  1.0884250E+04 -6.929E+00 -7.172E+00 -5.287E+00
  1.0884750E+04 -6.808E+00 -7.196E+00 -5.336E+00
  1.0885250E+04 -8.146E+00 -8.194E+00 -5.116E+00
  1.0885750E+04 -7.740E+00 -7.715E+00 -4.196E+00
  1.0886250E+04 -7.756E+00 -7.707E+00 -4.109E+00
  1.0886750E+04 -7.736E+00 -7.577E+00 -3.859E+00
  1.0887250E+04 -8.794E+00 -8.324E+00 -3.351E+00
  1.0887750E+04 -7.473E+00 -7.411E+00 -3.716E+00
  1.0888250E+04 -8.672E+00 -8.425E+00 -3.652E+00
  1.0888750E+04 -7.893E+00 -7.894E+00 -5.070E+00
  1.0889250E+04 -7.895E+00 -7.510E+00 -3.362E+00
  1.0889750E+04 -8.514E+00 -7.947E+00 -2.982E+00
  1.0890250E+04 -8.401E+00 -7.902E+00 -3.692E+00
  1.0890750E+04 -7.369E+00 -7.239E+00 -4.144E+00
  1.0891250E+04 -7.094E+00 -7.093E+00 -4.305E+00
  1.0891750E+04 -6.844E+00 -6.990E+00 -4.112E+00
  1.0892250E+04 -8.427E+00 -8.198E+00 -4.055E+00
  1.0892750E+04 -7.434E+00 -7.221E+00 -3.764E+00
  1.0893250E+04 -7.859E+00 -7.449E+00 -2.959E+00
  1.0893750E+04 -8.126E+00 -8.071E+00 -4.275E+00
  1.0894250E+04 -8.475E+00 -8.315E+00 -3.766E+00
  1.0894750E+04 -6.380E+00 -6.674E+00 -4.994E+00
  1.0895250E+04 -7.328E+00 -6.891E+00 -2.459E+00
  1.0895750E+04 -7.803E+00 -7.673E+00 -4.123E+00
  1.0896250E+04 -7.691E+00 -7.600E+00 -4.052E+00
  1.0896750E+04 -8.694E+00 -8.637E+00 -4.784E+00
  1.0897250E+04 -7.465E+00 -7.409E+00 -4.469E+00
  1.0897750E+04 -7.082E+00 -7.036E+00 -4.291E+00
  1.0898250E+04 -6.501E+00 -6.592E+00 -3.952E+00
  1.0898750E+04 -6.181E+00 -6.611E+00 -5.546E+00
  1.0899250E+04 -6.040E+00 -6.389E+00 -4.897E+00
  1.0899750E+04 -7.115E+00 -6.952E+00 -3.578E+00
  1.0900250E+04 -7.552E+00 -7.313E+00 -3.470E+00
  1.0900750E+04 -8.321E+00 -8.015E+00 -3.801E+00
  1.0901250E+04 -7.802E+00 -7.587E+00 -3.397E+00
  1.0901750E+04 -7.233E+00 -7.156E+00 -3.520E+00
  1.0902250E+04 -7.603E+00 -7.439E+00 -3.845E+00
  1.0902750E+04 -7.415E+00 -7.237E+00 -4.041E+00
  1.0903250E+04 -7.238E+00 -7.265E+00 -4.406E+00
  1.0903750E+04 -7.119E+00 -6.892E+00 -3.409E+00
  1.0904250E+04 -7.418E+00 -7.271E+00 -3.716E+00
  1.0904750E+04 -7.861E+00 -7.776E+00 -4.342E+00
  1.0905250E+04 -8.116E+00 -7.682E+00 -2.656E+00
  1.0905750E+04 -7.180E+00 -7.076E+00 -3.600E+00
  1.0906250E+04 -7.022E+00 -7.234E+00 -5.230E+00
  1.0906750E+04 -5.773E+00 -5.860E+00 -4.380E+00
  1.0907250E+04 -6.254E+00 -6.173E+00 -3.425E+00
  1.0907750E+04 -6.889E+00 -6.822E+00 -3.146E+00
  1.0908250E+04 -6.606E+00 -6.427E+00 -3.362E+00
  1.0908750E+04 -6.693E+00 -6.747E+00 -3.968E+00
  1.0909250E+04 -6.347E+00 -6.372E+00 -4.359E+00
  1.0909750E+04 -8.317E+00 -8.275E+00 -4.793E+00
  1.0910250E+04 -7.263E+00 -7.086E+00 -2.970E+00
  1.0910750E+04 -6.553E+00 -6.490E+00 -3.635E+00
  1.0911250E+04 -6.546E+00 -6.385E+00 -3.156E+00
  1.0911750E+04 -7.321E+00 -7.279E+00 -4.081E+00
  1.0912250E+04 -6.247E+00 -6.212E+00 -3.470E+00
  1.0912750E+04 -7.763E+00 -7.491E+00 -3.348E+00
  1.0913250E+04 -8.054E+00 -7.994E+00 -3.983E+00
  1.0913750E+04 -6.280E+00 -6.477E+00 -4.427E+00
  1.0914250E+04 -6.701E+00 -6.146E+00 -1.748E+00
  1.0914750E+04 -6.460E+00 -6.541E+00 -3.708E+00
  1.0915250E+04 -5.766E+00 -5.696E+00 -3.707E+00
  1.0915750E+04 -6.751E+00 -6.789E+00 -4.652E+00
  1.0916250E+04 -8.425E+00 -8.255E+00 -3.551E+00
  1.0916750E+04 -6.822E+00 -6.776E+00 -4.051E+00
  1.0917250E+04 -7.574E+00 -7.405E+00 -3.566E+00
  1.0917750E+04 -6.350E+00 -6.138E+00 -2.489E+00
  1.0918250E+04 -5.211E+00 -5.480E+00 -4.239E+00
  1.0918750E+04 -5.593E+00 -5.480E+00 -2.950E+00
  1.0919250E+04 -7.659E+00 -7.436E+00 -3.267E+00
  1.0919750E+04 -5.572E+00 -5.697E+00 -4.080E+00
  1.0920250E+04 -5.527E+00 -5.692E+00 -3.915E+00
  1.0920750E+04 -5.846E+00 -5.804E+00 -3.438E+00
  1.0921250E+04 -6.517E+00 -6.415E+00 -3.202E+00
  1.0921750E+04 -6.189E+00 -6.115E+00 -3.579E+00
  1.0922250E+04 -6.460E+00 -6.474E+00 -3.743E+00
  1.0922750E+04 -7.032E+00 -6.755E+00 -3.132E+00
  1.0923250E+04 -5.911E+00 -5.954E+00 -3.594E+00
  1.0923750E+04 -5.920E+00 -5.935E+00 -3.617E+00
  1.0924250E+04 -6.880E+00 -6.714E+00 -3.166E+00
  1.0924750E+04 -6.640E+00 -6.370E+00 -2.874E+00
  1.0925250E+04 -6.127E+00 -5.762E+00 -2.094E+00
  1.0925750E+04 -6.031E+00 -5.944E+00 -3.272E+00
  1.0926250E+04 -6.271E+00 -6.242E+00 -3.875E+00
  1.0926750E+04 -5.853E+00 -6.000E+00 -4.378E+00
  1.0927250E+04 -6.404E+00 -6.348E+00 -3.189E+00
  1.0927750E+04 -6.016E+00 -5.931E+00 -3.375E+00
  1.0928250E+04 -6.573E+00 -6.385E+00 -3.242E+00
  1.0928750E+04 -6.629E+00 -6.370E+00 -2.540E+00
  1.0929250E+04 -6.288E+00 -6.192E+00 -2.956E+00
  1.0929750E+04 -5.902E+00 -6.300E+00 -4.841E+00
  1.0930250E+04 -6.428E+00 -6.231E+00 -3.380E+00
  1.0930750E+04 -6.460E+00 -6.111E+00 -2.459E+00
  1.0931250E+04 -7.176E+00 -6.709E+00 -2.599E+00
  1.0931750E+04 -7.310E+00 -7.062E+00 -3.174E+00
  1.0932250E+04 -6.159E+00 -6.097E+00 -3.594E+00
  1.0932750E+04 -7.058E+00 -6.996E+00 -3.749E+00
  1.0933250E+04 -6.065E+00 -6.132E+00 -3.648E+00
  1.0933750E+04 -6.506E+00 -6.457E+00 -3.121E+00
  1.0934250E+04 -5.990E+00 -5.723E+00 -2.285E+00
  1.0934750E+04 -6.109E+00 -5.932E+00 -2.619E+00
  1.0935250E+04 -6.661E+00 -6.662E+00 -3.421E+00
  1.0935750E+04 -6.616E+00 -6.553E+00 -3.407E+00
  1.0936250E+04 -6.493E+00 -6.354E+00 -2.885E+00
  1.0936750E+04 -6.413E+00 -6.234E+00 -3.145E+00
  1.0937250E+04 -6.088E+00 -5.947E+00 -3.327E+00
  1.0937750E+04 -6.065E+00 -6.051E+00 -3.691E+00
  1.0938250E+04 -5.818E+00 -5.590E+00 -2.445E+00
  1.0938750E+04 -5.714E+00 -5.657E+00 -3.517E+00
  1.0939250E+04 -5.430E+00 -5.462E+00 -3.066E+00
  1.0939750E+04 -5.924E+00 -5.497E+00 -1.701E+00
  1.0940250E+04 -6.188E+00 -6.023E+00 -2.980E+00
  1.0940750E+04 -5.536E+00 -5.725E+00 -4.062E+00
  1.0941250E+04 -5.197E+00 -5.217E+00 -2.942E+00
  1.0941750E+04 -5.594E+00 -5.526E+00 -2.918E+00
  1.0942250E+04 -6.792E+00 -6.448E+00 -2.313E+00
  1.0942750E+04 -5.575E+00 -5.410E+00 -2.345E+00
  1.0943250E+04 -6.297E+00 -6.306E+00 -3.736E+00
  1.0943750E+04 -6.539E+00 -6.364E+00 -3.139E+00
  1.0944250E+04 -5.363E+00 -5.349E+00 -3.554E+00
  1.0944750E+04 -4.696E+00 -4.638E+00 -3.178E+00
  1.0945250E+04 -6.519E+00 -6.179E+00 -2.114E+00
  1.0945750E+04 -5.508E+00 -5.408E+00 -3.131E+00
  1.0946250E+04 -5.400E+00 -5.576E+00 -3.587E+00
  1.0946750E+04 -5.807E+00 -5.618E+00 -2.483E+00
  1.0947250E+04 -5.815E+00 -5.508E+00 -2.182E+00
  1.0947750E+04 -6.569E+00 -6.375E+00 -2.753E+00
  1.0948250E+04 -6.008E+00 -6.042E+00 -3.708E+00
  1.0948750E+04 -6.399E+00 -6.069E+00 -2.642E+00
  1.0949250E+04 -5.744E+00 -5.744E+00 -3.360E+00
  1.0949750E+04 -5.327E+00 -5.418E+00 -3.501E+00
  1.0950250E+04 -5.042E+00 -5.308E+00 -3.992E+00
  1.0950750E+04 -5.711E+00 -5.746E+00 -3.643E+00
  1.0951250E+04 -5.591E+00 -5.570E+00 -3.312E+00
  1.0951750E+04 -5.711E+00 -5.492E+00 -2.241E+00
  1.0952250E+04 -5.416E+00 -5.363E+00 -2.582E+00
  1.0952750E+04 -5.810E+00 -5.758E+00 -3.072E+00
  1.0953250E+04 -5.260E+00 -5.159E+00 -2.715E+00
  1.0953750E+04 -4.299E+00 -4.388E+00 -2.951E+00
  1.0954250E+04 -5.348E+00 -5.192E+00 -2.786E+00
  1.0954750E+04 -5.280E+00 -5.001E+00 -1.889E+00
  1.0955250E+04 -5.137E+00 -5.162E+00 -2.704E+00
  1.0955750E+04 -5.661E+00 -5.715E+00 -3.497E+00
  1.0956250E+04 -5.292E+00 -5.282E+00 -2.929E+00
  1.0956750E+04 -4.812E+00 -4.758E+00 -3.194E+00
  1.0957250E+04 -5.655E+00 -5.448E+00 -2.437E+00
  1.0957750E+04 -5.930E+00 -5.815E+00 -2.793E+00
  1.0958250E+04 -5.180E+00 -5.270E+00 -2.825E+00
  1.0958750E+04 -5.404E+00 -5.225E+00 -2.402E+00
  1.0959250E+04 -6.031E+00 -5.584E+00 -1.718E+00
  1.0959750E+04 -5.240E+00 -5.228E+00 -3.210E+00
  1.0960250E+04 -5.562E+00 -5.277E+00 -2.187E+00
  1.0960750E+04 -4.615E+00 -4.545E+00 -2.691E+00
  1.0961250E+04 -6.026E+00 -5.829E+00 -2.816E+00
  1.0961750E+04 -5.168E+00 -5.453E+00 -3.962E+00
  1.0962250E+04 -4.564E+00 -4.623E+00 -3.128E+00
  1.0962750E+04 -5.140E+00 -5.137E+00 -2.640E+00
  1.0963250E+04 -5.916E+00 -5.799E+00 -2.799E+00
  1.0963750E+04 -5.374E+00 -5.279E+00 -2.562E+00
  1.0964250E+04 -4.353E+00 -4.204E+00 -2.047E+00
  1.0964750E+04 -5.495E+00 -5.362E+00 -2.935E+00
  1.0965250E+04 -5.208E+00 -5.049E+00 -2.022E+00
  1.0965750E+04 -5.267E+00 -5.002E+00 -2.180E+00
  1.0966250E+04 -4.904E+00 -5.082E+00 -3.730E+00
  1.0966750E+04 -5.241E+00 -5.306E+00 -3.868E+00
  1.0967250E+04 -5.719E+00 -5.683E+00 -2.891E+00
  1.0967750E+04 -5.347E+00 -5.254E+00 -2.532E+00
  1.0968250E+04 -4.618E+00 -4.521E+00 -2.232E+00
  1.0968750E+04 -5.243E+00 -5.011E+00 -2.181E+00
  1.0969250E+04 -5.069E+00 -4.928E+00 -1.981E+00
  1.0969750E+04 -5.048E+00 -5.024E+00 -2.837E+00
  1.0970250E+04 -4.630E+00 -4.859E+00 -3.901E+00
  1.0970750E+04 -4.471E+00 -4.508E+00 -2.772E+00
  1.0971250E+04 -4.483E+00 -4.586E+00 -3.491E+00
  1.0971750E+04 -5.638E+00 -5.458E+00 -2.487E+00
  1.0972250E+04 -5.236E+00 -5.152E+00 -2.246E+00
  1.0972750E+04 -4.626E+00 -4.421E+00 -1.930E+00
  1.0973250E+04 -5.129E+00 -4.855E+00 -1.869E+00
  1.0973750E+04 -5.109E+00 -4.844E+00 -1.940E+00
  1.0974250E+04 -4.303E+00 -4.219E+00 -2.243E+00
  1.0974750E+04 -4.565E+00 -4.667E+00 -3.391E+00
  1.0975250E+04 -5.449E+00 -5.354E+00 -2.492E+00
  1.0975750E+04 -5.316E+00 -5.299E+00 -3.203E+00
  1.0976250E+04 -4.718E+00 -4.817E+00 -3.222E+00
  1.0976750E+04 -4.783E+00 -4.624E+00 -2.093E+00
  1.0977250E+04 -5.312E+00 -5.225E+00 -2.719E+00
  1.0977750E+04 -4.846E+00 -5.107E+00 -3.879E+00
  1.0978250E+04 -4.392E+00 -4.544E+00 -3.566E+00
  1.0978750E+04 -5.398E+00 -5.366E+00 -2.991E+00
  1.0979250E+04 -6.063E+00 -5.646E+00 -1.640E+00
  1.0979750E+04 -5.523E+00 -5.264E+00 -2.228E+00
  1.0980250E+04 -4.600E+00 -4.477E+00 -2.478E+00
  1.0980750E+04 -4.958E+00 -4.738E+00 -1.751E+00
  1.0981250E+04 -4.227E+00 -4.110E+00 -2.032E+00
  1.0981750E+04 -3.919E+00 -4.093E+00 -3.383E+00
  1.0982250E+04 -4.931E+00 -4.772E+00 -2.273E+00
  1.0982750E+04 -5.491E+00 -5.320E+00 -1.965E+00
  1.0983250E+04 -4.943E+00 -4.918E+00 -3.099E+00
  1.0983750E+04 -4.827E+00 -5.071E+00 -3.690E+00
  1.0984250E+04 -4.706E+00 -4.727E+00 -2.863E+00
  1.0984750E+04 -4.853E+00 -4.657E+00 -1.970E+00
  1.0985250E+04 -4.530E+00 -4.323E+00 -2.080E+00
  1.0985750E+04 -5.490E+00 -5.200E+00 -2.320E+00
  1.0986250E+04 -4.928E+00 -4.952E+00 -3.218E+00
  1.0986750E+04 -4.446E+00 -4.210E+00 -1.174E+00
  1.0987250E+04 -4.211E+00 -4.067E+00 -2.067E+00
  1.0987750E+04 -3.721E+00 -3.889E+00 -2.329E+00
  1.0988250E+04 -4.372E+00 -4.625E+00 -3.827E+00
  1.0988750E+04 -5.193E+00 -4.944E+00 -2.285E+00
  1.0989250E+04 -3.711E+00 -4.077E+00 -3.282E+00
  1.0989750E+04 -4.283E+00 -4.328E+00 -2.785E+00
  1.0990250E+04 -4.925E+00 -4.840E+00 -2.386E+00
  1.0990750E+04 -4.767E+00 -4.753E+00 -2.335E+00
  1.0991250E+04 -4.738E+00 -4.884E+00 -3.358E+00
  1.0991750E+04 -4.654E+00 -4.721E+00 -3.046E+00
  1.0992250E+04 -4.626E+00 -4.746E+00 -3.143E+00
  1.0992750E+04 -3.937E+00 -3.795E+00 -1.559E+00
  1.0993250E+04 -4.347E+00 -4.419E+00 -2.896E+00
  1.0993750E+04 -4.197E+00 -4.318E+00 -2.911E+00
  1.0994250E+04 -3.802E+00 -3.984E+00 -3.098E+00
  1.0994750E+04 -4.854E+00 -4.539E+00 -1.517E+00
  1.0995250E+04 -5.112E+00 -4.791E+00 -1.382E+00
  1.0995750E+04 -3.784E+00 -3.769E+00 -2.024E+00
  1.0996250E+04 -3.574E+00 -3.492E+00 -2.021E+00
  1.0996750E+04 -3.769E+00 -3.548E+00 -1.438E+00
  1.0997250E+04 -4.490E+00 -4.387E+00 -2.190E+00
  1.0997750E+04 -4.752E+00 -4.498E+00 -1.797E+00
  1.0998250E+04 -4.877E+00 -4.738E+00 -2.181E+00
  1.0998750E+04 -4.427E+00 -4.578E+00 -2.863E+00
  1.0999250E+04 -3.975E+00 -4.027E+00 -2.587E+00
  1.0999750E+04 -4.993E+00 -4.891E+00 -2.650E+00
  1.1000250E+04 -3.917E+00 -4.143E+00 -3.251E+00
  1.1000750E+04 -3.546E+00 -3.586E+00 -2.389E+00
  1.1001250E+04 -4.842E+00 -4.835E+00 -2.840E+00
  1.1001750E+04 -4.992E+00 -4.716E+00 -2.010E+00
  1.1002250E+04 -4.304E+00 -4.187E+00 -2.226E+00
  1.1002750E+04 -4.005E+00 -3.948E+00 -2.230E+00
  1.1003250E+04 -3.829E+00 -3.954E+00 -2.964E+00
  1.1003750E+04 -4.027E+00 -3.744E+00 -1.110E+00
  1.1004250E+04 -4.324E+00 -4.163E+00 -1.783E+00
  1.1004750E+04 -2.945E+00 -3.163E+00 -2.413E+00
  1.1005250E+04 -4.646E+00 -4.828E+00 -3.216E+00
  1.1005750E+04 -4.555E+00 -4.540E+00 -2.328E+00
  1.1006250E+04 -4.647E+00 -4.496E+00 -2.466E+00
  1.1006750E+04 -5.040E+00 -4.670E+00 -1.462E+00
  1.1007250E+04 -4.122E+00 -4.019E+00 -2.069E+00
  1.1007750E+04 -4.012E+00 -3.909E+00 -2.020E+00
  1.1008250E+04 -4.119E+00 -4.189E+00 -2.458E+00
  1.1008750E+04 -4.675E+00 -4.512E+00 -2.127E+00
  1.1009250E+04 -3.944E+00 -4.214E+00 -3.318E+00
  1.1009750E+04 -4.141E+00 -4.230E+00 -2.468E+00
  1.1010250E+04 -3.614E+00 -3.628E+00 -2.307E+00
  1.1010750E+04 -4.114E+00 -4.060E+00 -2.113E+00
  1.1011250E+04 -3.913E+00 -3.878E+00 -2.050E+00
  1.1011750E+04 -4.339E+00 -4.153E+00 -1.613E+00
  1.1012250E+04 -4.356E+00 -4.423E+00 -2.954E+00
  1.1012750E+04 -4.409E+00 -4.400E+00 -2.524E+00
  1.1013250E+04 -4.726E+00 -4.511E+00 -1.675E+00
  1.1013750E+04 -3.709E+00 -3.930E+00 -3.104E+00
  1.1014250E+04 -3.970E+00 -3.873E+00 -2.100E+00
  1.1014750E+04 -4.040E+00 -3.798E+00 -1.032E+00
  1.1015250E+04 -3.885E+00 -3.686E+00 -2.070E+00
  1.1015750E+04 -4.180E+00 -4.204E+00 -2.410E+00
  1.1016250E+04 -4.163E+00 -4.198E+00 -2.454E+00
  1.1016750E+04 -4.280E+00 -4.425E+00 -3.245E+00
  1.1017250E+04 -4.325E+00 -4.272E+00 -2.046E+00
  1.1017750E+04 -4.038E+00 -3.871E+00 -2.240E+00
  1.1018250E+04 -3.817E+00 -3.720E+00 -2.247E+00
  1.1018750E+04 -3.731E+00 -3.751E+00 -1.631E+00
  1.1019250E+04 -4.107E+00 -4.053E+00 -1.946E+00
  1.1019750E+04 -3.800E+00 -3.715E+00 -2.212E+00
  1.1020250E+04 -2.996E+00 -2.999E+00 -1.963E+00
  1.1020750E+04 -3.834E+00 -3.797E+00 -2.378E+00
  1.1021250E+04 -4.082E+00 -3.986E+00 -1.881E+00
  1.1021750E+04 -4.427E+00 -4.459E+00 -2.661E+00
  1.1022250E+04 -4.541E+00 -4.208E+00 -1.761E+00
  1.1022750E+04 -3.327E+00 -3.476E+00 -2.664E+00
  1.1023250E+04 -3.861E+00 -3.796E+00 -1.396E+00
  1.1023750E+04 -3.633E+00 -3.521E+00 -1.563E+00
  1.1024250E+04 -4.297E+00 -4.263E+00 -2.093E+00
  1.1024750E+04 -4.569E+00 -4.463E+00 -2.060E+00
  1.1025250E+04 -3.476E+00 -3.485E+00 -2.127E+00
  1.1025750E+04 -3.095E+00 -3.038E+00 -1.944E+00
  1.1026250E+04 -4.025E+00 -3.790E+00 -1.545E+00
  1.1026750E+04 -4.511E+00 -4.195E+00 -1.323E+00
  1.1027250E+04 -3.795E+00 -3.687E+00 -1.452E+00
  1.1027750E+04 -3.838E+00 -3.848E+00 -1.911E+00
  1.1028250E+04 -4.495E+00 -4.293E+00 -1.732E+00
  1.1028750E+04 -3.526E+00 -3.629E+00 -2.781E+00
  1.1029250E+04 -3.399E+00 -3.427E+00 -2.161E+00
  1.1029750E+04 -4.112E+00 -4.147E+00 -2.646E+00
  1.1030250E+04 -4.102E+00 -3.637E+00 -6.105E-01
  1.1030750E+04 -3.938E+00 -3.562E+00 -1.112E+00
  1.1031250E+04 -4.478E+00 -4.281E+00 -1.730E+00
  1.1031750E+04 -4.076E+00 -4.139E+00 -2.478E+00
  1.1032250E+04 -3.201E+00 -3.279E+00 -1.518E+00
  1.1032750E+04 -3.384E+00 -3.685E+00 -3.215E+00
  1.1033250E+04 -4.029E+00 -4.004E+00 -2.410E+00
  1.1033750E+04 -3.487E+00 -3.279E+00 -1.579E+00
  1.1034250E+04 -3.451E+00 -3.732E+00 -2.860E+00
  1.1034750E+04 -4.145E+00 -3.930E+00 -1.191E+00
  1.1035250E+04 -2.978E+00 -3.020E+00 -2.065E+00
  1.1035750E+04 -3.431E+00 -3.405E+00 -1.922E+00
  1.1036250E+04 -3.242E+00 -3.265E+00 -2.017E+00
  1.1036750E+04 -3.163E+00 -3.489E+00 -3.478E+00
  1.1037250E+04 -4.502E+00 -4.497E+00 -2.705E+00
  1.1037750E+04 -3.716E+00 -3.724E+00 -2.047E+00
  1.1038250E+04 -4.106E+00 -3.898E+00 -1.369E+00
  1.1038750E+04 -3.992E+00 -3.840E+00 -1.241E+00
  1.1039250E+04 -3.492E+00 -3.344E+00 -1.279E+00
  1.1039750E+04 -3.659E+00 -3.595E+00 -1.873E+00
  1.1040250E+04 -3.170E+00 -3.385E+00 -2.543E+00
  1.1040750E+04 -4.004E+00 -3.903E+00 -2.028E+00
  1.1041250E+04 -3.690E+00 -3.649E+00 -2.141E+00
  1.1041750E+04 -3.184E+00 -3.088E+00 -1.297E+00
  1.1042250E+04 -4.115E+00 -4.122E+00 -2.372E+00
  1.1042750E+04 -3.185E+00 -3.175E+00 -1.888E+00
  1.1043250E+04 -3.320E+00 -3.232E+00 -1.887E+00
  1.1043750E+04 -3.870E+00 -3.571E+00 -1.142E+00
  1.1044250E+04 -4.050E+00 -3.986E+00 -1.900E+00
  1.1044750E+04 -3.477E+00 -3.452E+00 -2.357E+00
  1.1045250E+04 -2.668E+00 -2.632E+00 -1.809E+00
  1.1045750E+04 -3.538E+00 -3.442E+00 -1.683E+00
  1.1046250E+04 -3.337E+00 -3.594E+00 -2.495E+00
  1.1046750E+04 -3.491E+00 -3.631E+00 -2.817E+00
  1.1047250E+04 -3.498E+00 -3.412E+00 -1.704E+00
  1.1047750E+04 -3.284E+00 -3.349E+00 -2.309E+00
  1.1048250E+04 -2.714E+00 -2.719E+00 -1.757E+00
  1.1048750E+04 -3.350E+00 -3.275E+00 -1.793E+00
  1.1049250E+04 -3.797E+00 -3.714E+00 -1.772E+00
  1.1049750E+04 -4.124E+00 -4.053E+00 -1.956E+00
  1.1050250E+04 -3.224E+00 -3.105E+00 -1.417E+00
  1.1050750E+04 -2.793E+00 -2.892E+00 -1.410E+00
  1.1051250E+04 -3.427E+00 -3.171E+00 -9.612E-01
  1.1051750E+04 -3.691E+00 -3.393E+00 -1.049E+00
  1.1052250E+04 -3.245E+00 -3.307E+00 -2.062E+00
  1.1052750E+04 -3.459E+00 -3.606E+00 -2.419E+00
  1.1053250E+04 -3.439E+00 -3.440E+00 -1.636E+00
  1.1053750E+04 -3.310E+00 -3.232E+00 -2.047E+00
  1.1054250E+04 -3.337E+00 -3.193E+00 -1.749E+00
  1.1054750E+04 -3.619E+00 -3.631E+00 -1.939E+00
  1.1055250E+04 -3.704E+00 -3.687E+00 -1.731E+00
  1.1055750E+04 -3.535E+00 -3.588E+00 -2.147E+00
  1.1056250E+04 -2.983E+00 -2.803E+00 -1.214E+00
  1.1056750E+04 -3.626E+00 -3.594E+00 -2.112E+00
  1.1057250E+04 -3.849E+00 -3.593E+00 -1.446E+00
  1.1057750E+04 -3.319E+00 -3.358E+00 -1.948E+00
  1.1058250E+04 -2.664E+00 -2.646E+00 -1.770E+00
  1.1058750E+04 -2.681E+00 -2.653E+00 -1.428E+00
  1.1059250E+04 -3.143E+00 -3.182E+00 -1.890E+00
  1.1059750E+04 -3.560E+00 -3.524E+00 -2.088E+00
  1.1060250E+04 -3.408E+00 -3.495E+00 -2.407E+00
  1.1060750E+04 -2.714E+00 -2.814E+00 -1.737E+00
  1.1061250E+04 -3.682E+00 -3.670E+00 -2.279E+00
  1.1061750E+04 -2.806E+00 -2.734E+00 -1.140E+00
  1.1062250E+04 -3.287E+00 -3.039E+00 -8.449E-01
  1.1062750E+04 -3.156E+00 -3.103E+00 -1.914E+00
  1.1063250E+04 -3.490E+00 -3.518E+00 -2.444E+00
  1.1063750E+04 -2.781E+00 -2.716E+00 -1.272E+00
  1.1064250E+04 -3.558E+00 -3.536E+00 -1.976E+00
  1.1064750E+04 -3.278E+00 -3.306E+00 -2.146E+00
  1.1065250E+04 -3.184E+00 -3.263E+00 -2.024E+00
  1.1065750E+04 -3.657E+00 -3.545E+00 -1.677E+00
  1.1066250E+04 -3.012E+00 -3.090E+00 -2.235E+00
  1.1066750E+04 -3.035E+00 -2.977E+00 -1.896E+00
  1.1067250E+04 -3.262E+00 -3.146E+00 -1.542E+00
  1.1067750E+04 -3.082E+00 -2.964E+00 -1.292E+00
  1.1068250E+04 -3.711E+00 -3.401E+00 -8.022E-01
  1.1068750E+04 -2.834E+00 -2.783E+00 -1.322E+00
  1.1069250E+04 -2.934E+00 -2.958E+00 -1.595E+00
  1.1069750E+04 -3.546E+00 -3.619E+00 -2.208E+00
  1.1070250E+04 -3.924E+00 -3.737E+00 -1.574E+00
  1.1070750E+04 -3.680E+00 -3.645E+00 -2.118E+00
  1.1071250E+04 -3.363E+00 -3.205E+00 -1.233E+00
  1.1071750E+04 -2.379E+00 -2.465E+00 -1.913E+00
  1.1072250E+04 -2.703E+00 -2.888E+00 -2.098E+00
  1.1072750E+04 -2.878E+00 -2.818E+00 -1.563E+00
  1.1073250E+04 -3.741E+00 -3.553E+00 -1.242E+00
  1.1073750E+04 -2.748E+00 -2.625E+00 -1.360E+00
  1.1074250E+04 -3.062E+00 -2.957E+00 -1.536E+00
  1.1074750E+04 -3.185E+00 -3.140E+00 -1.577E+00
  1.1075250E+04 -2.586E+00 -2.639E+00 -1.593E+00
  1.1075750E+04 -3.545E+00 -3.548E+00 -1.756E+00
  1.1076250E+04 -2.597E+00 -2.642E+00 -1.963E+00
  1.1076750E+04 -2.926E+00 -3.016E+00 -2.449E+00
  1.1077250E+04 -2.649E+00 -2.854E+00 -1.986E+00
  1.1077750E+04 -3.152E+00 -3.094E+00 -1.467E+00
  1.1078250E+04 -3.574E+00 -3.251E+00 -8.093E-01
  1.1078750E+04 -2.979E+00 -2.876E+00 -1.588E+00
  1.1079250E+04 -2.654E+00 -2.846E+00 -1.949E+00
  1.1079750E+04 -2.970E+00 -2.992E+00 -1.995E+00
  1.1080250E+04 -2.618E+00 -2.661E+00 -1.647E+00
  1.1080750E+04 -2.892E+00 -2.866E+00 -1.587E+00
  1.1081250E+04 -3.027E+00 -2.673E+00 -2.174E-01
  1.1081750E+04 -2.215E+00 -2.089E+00 -1.094E+00
  1.1082250E+04 -2.738E+00 -2.978E+00 -2.759E+00
  1.1082750E+04 -3.337E+00 -3.206E+00 -1.945E+00
  1.1083250E+04 -3.424E+00 -3.388E+00 -1.833E+00
  1.1083750E+04 -3.222E+00 -3.311E+00 -2.081E+00
  1.1084250E+04 -2.978E+00 -2.921E+00 -1.203E+00
  1.1084750E+04 -3.329E+00 -3.363E+00 -1.896E+00
  1.1085250E+04 -3.397E+00 -3.297E+00 -1.690E+00
  1.1085750E+04 -1.889E+00 -1.962E+00 -1.448E+00
  1.1086250E+04 -3.059E+00 -3.087E+00 -1.804E+00
  1.1086750E+04 -2.667E+00 -2.540E+00 -1.264E+00
  1.1087250E+04 -3.196E+00 -3.046E+00 -1.244E+00
  1.1087750E+04 -3.058E+00 -3.155E+00 -2.104E+00
  1.1088250E+04 -2.792E+00 -2.793E+00 -1.956E+00
  1.1088750E+04 -2.775E+00 -2.677E+00 -1.186E+00
  1.1089250E+04 -2.436E+00 -2.313E+00 -1.069E+00
  1.1089750E+04 -3.348E+00 -3.201E+00 -1.104E+00
  1.1090250E+04 -3.501E+00 -3.520E+00 -2.082E+00
  1.1090750E+04 -2.946E+00 -2.940E+00 -1.702E+00
  1.1091250E+04 -2.834E+00 -2.859E+00 -1.622E+00
  1.1091750E+04 -2.385E+00 -2.517E+00 -1.837E+00
  1.1092250E+04 -2.773E+00 -2.790E+00 -1.775E+00
  1.1092750E+04 -3.150E+00 -3.149E+00 -1.818E+00
  1.1093250E+04 -3.261E+00 -3.198E+00 -1.604E+00
  1.1093750E+04 -2.601E+00 -2.522E+00 -1.184E+00
  1.1094250E+04 -2.540E+00 -2.589E+00 -1.834E+00
  1.1094750E+04 -3.395E+00 -3.353E+00 -1.491E+00
  1.1095250E+04 -2.633E+00 -2.722E+00 -2.075E+00
  1.1095750E+04 -2.568E+00 -2.487E+00 -1.435E+00
  1.1096250E+04 -2.668E+00 -2.625E+00 -1.236E+00
  1.1096750E+04 -3.019E+00 -3.072E+00 -1.911E+00
  1.1097250E+04 -2.993E+00 -2.913E+00 -1.416E+00
  1.1097750E+04 -3.234E+00 -3.203E+00 -1.735E+00
  1.1098250E+04 -3.030E+00 -3.005E+00 -1.783E+00
  1.1098750E+04 -2.576E+00 -2.554E+00 -1.421E+00
  1.1099250E+04 -2.185E+00 -2.166E+00 -1.645E+00
  1.1099750E+04 -2.752E+00 -2.685E+00 -1.495E+00
  1.1100250E+04 -3.240E+00 -2.933E+00 -2.911E-01
  1.1100750E+04 -2.649E+00 -2.556E+00 -1.037E+00
  1.1101250E+04 -2.626E+00 -2.581E+00 -1.196E+00
  1.1101750E+04 -2.593E+00 -2.502E+00 -1.298E+00
  1.1102250E+04 -2.552E+00 -2.471E+00 -1.353E+00
  1.1102750E+04 -2.237E+00 -2.281E+00 -1.434E+00
  1.1103250E+04 -3.364E+00 -3.281E+00 -1.488E+00
  1.1103750E+04 -2.917E+00 -2.795E+00 -1.202E+00
  1.1104250E+04 -2.451E+00 -2.444E+00 -1.626E+00
  1.1104750E+04 -2.505E+00 -2.625E+00 -2.085E+00
  1.1105250E+04 -2.973E+00 -2.968E+00 -1.418E+00
  1.1105750E+04 -2.815E+00 -2.631E+00 -8.995E-01
  1.1106250E+04 -2.372E+00 -2.607E+00 -2.235E+00
  1.1106750E+04 -2.459E+00 -2.429E+00 -1.271E+00
  1.1107250E+04 -2.422E+00 -2.352E+00 -1.152E+00
  1.1107750E+04 -2.937E+00 -2.911E+00 -1.558E+00
  1.1108250E+04 -2.985E+00 -2.808E+00 -1.075E+00
  1.1108750E+04 -2.770E+00 -2.844E+00 -1.811E+00
  1.1109250E+04 -2.682E+00 -2.744E+00 -2.019E+00
  1.1109750E+04 -2.395E+00 -2.402E+00 -1.422E+00
  1.1110250E+04 -2.296E+00 -2.434E+00 -1.888E+00
  1.1110750E+04 -2.319E+00 -2.440E+00 -1.829E+00
  1.1111250E+04 -3.177E+00 -2.955E+00 -8.030E-01
  1.1111750E+04 -2.955E+00 -2.951E+00 -1.941E+00
  1.1112250E+04 -2.841E+00 -2.864E+00 -2.236E+00
  1.1112750E+04 -3.132E+00 -2.791E+00 -4.193E-01
  1.1113250E+04 -3.026E+00 -2.814E+00 -9.235E-01
  1.1113750E+04 -2.467E+00 -2.444E+00 -1.110E+00
  1.1114250E+04 -2.661E+00 -2.688E+00 -1.417E+00
  1.1114750E+04 -2.898E+00 -2.666E+00 -8.319E-01
  1.1115250E+04 -3.073E+00 -2.928E+00 -1.067E+00
  1.1115750E+04 -2.719E+00 -2.813E+00 -2.119E+00
  1.1116250E+04 -3.119E+00 -3.020E+00 -1.598E+00
  1.1116750E+04 -2.049E+00 -2.203E+00 -1.732E+00
  1.1117250E+04 -2.476E+00 -2.340E+00 -6.958E-01
  1.1117750E+04 -2.602E+00 -2.403E+00 -6.777E-01
  1.1118250E+04 -2.652E+00 -2.606E+00 -9.610E-01
  1.1118750E+04 -2.198E+00 -2.376E+00 -2.280E+00
  1.1119250E+04 -2.543E+00 -2.432E+00 -1.382E+00
  1.1119750E+04 -2.523E+00 -2.341E+00 -1.030E+00
  1.1120250E+04 -2.165E+00 -2.236E+00 -1.651E+00
  1.1120750E+04 -2.179E+00 -2.405E+00 -2.234E+00
  1.1121250E+04 -2.391E+00 -2.415E+00 -1.204E+00
  1.1121750E+04 -2.735E+00 -2.808E+00 -1.918E+00
  1.1122250E+04 -2.675E+00 -2.628E+00 -1.425E+00
  1.1122750E+04 -2.134E+00 -2.025E+00 -1.216E+00
  1.1123250E+04 -3.956E+00 -3.940E+00 -9.428E-01
  1.1123750E+04 -2.326E+00 -2.402E+00 -2.064E+00
  1.1124250E+04 -2.895E+00 -2.626E+00 -4.733E-01
  1.1124750E+04 -2.457E+00 -2.386E+00 -1.370E+00
  1.1125250E+04 -3.085E+00 -3.096E+00 -1.859E+00
  1.1125750E+04 -2.886E+00 -2.758E+00 -1.259E+00
  1.1126250E+04 -2.295E+00 -2.102E+00 -1.225E+00
  1.1126750E+04 -2.005E+00 -1.844E+00 -1.138E+00
  1.1127250E+04 -2.858E+00 -2.823E+00 -1.572E+00
  1.1127750E+04 -2.394E+00 -2.341E+00 -9.078E-01
  1.1128250E+04 -2.524E+00 -2.444E+00 -9.409E-01
  1.1128750E+04 -2.542E+00 -2.415E+00 -7.402E-01
  1.1129250E+04 -2.551E+00 -2.361E+00 -1.172E+00
  1.1129750E+04 -2.431E+00 -2.473E+00 -1.335E+00
  1.1130250E+04 -1.672E+00 -2.009E+00 -1.557E+00
  1.1130750E+04 -2.361E+00 -2.390E+00 -1.399E+00
  1.1131250E+04 -2.824E+00 -2.595E+00 -4.902E-01
  1.1131750E+04 -2.956E+00 -2.847E+00 -1.072E+00
  1.1132250E+04 -2.630E+00 -2.573E+00 -1.242E+00
  1.1132750E+04 -2.335E+00 -2.626E+00 -2.313E+00
  1.1133250E+04 -2.072E+00 -2.099E+00 -1.332E+00
  1.1133750E+04 -2.102E+00 -2.103E+00 -1.173E+00
  1.1134250E+04 -2.537E+00 -2.543E+00 -1.868E+00
  1.1134750E+04 -2.421E+00 -2.284E+00 -1.261E+00
  1.1135250E+04 -2.876E+00 -2.659E+00 -9.162E-01
  1.1135750E+04 -2.285E+00 -2.373E+00 -1.209E+00
  1.1136250E+04 -2.354E+00 -2.292E+00 -1.163E+00
  1.1136750E+04 -2.033E+00 -2.078E+00 -1.544E+00
  1.1137250E+04 -2.176E+00 -2.008E+00 -5.560E-01
  1.1137750E+04 -2.306E+00 -2.362E+00 -1.170E+00
  1.1138250E+04 -2.996E+00 -3.019E+00 -2.048E+00
  1.1138750E+04 -2.001E+00 -2.002E+00 -1.113E+00
  1.1139250E+04 -2.175E+00 -2.239E+00 -1.505E+00
  1.1139750E+04 -2.317E+00 -2.222E+00 -6.547E-01
  1.1140250E+04 -1.738E+00 -1.918E+00 -1.727E+00
  1.1140750E+04 -1.611E+00 -1.941E+00 -2.158E+00
  1.1141250E+04 -2.045E+00 -1.945E+00 -1.287E+00
  1.1141750E+04 -2.647E+00 -2.745E+00 -1.947E+00
  1.1142250E+04 -1.967E+00 -1.821E+00 -6.364E-01
  1.1142750E+04 -2.025E+00 -2.011E+00 -8.079E-01
  1.1143250E+04 -2.590E+00 -2.402E+00 -8.536E-01
  1.1143750E+04 -2.020E+00 -1.903E+00 -9.968E-01
  1.1144250E+04 -2.391E+00 -2.341E+00 -1.274E+00
  1.1144750E+04 -2.462E+00 -2.358E+00 -1.000E+00
  1.1145250E+04 -2.305E+00 -2.145E+00 -8.544E-01
  1.1145750E+04 -2.211E+00 -2.212E+00 -1.240E+00
  1.1146250E+04 -2.072E+00 -2.109E+00 -1.382E+00
  1.1146750E+04 -2.977E+00 -3.027E+00 -1.812E+00
  1.1147250E+04 -2.359E+00 -2.368E+00 -1.473E+00
  1.1147750E+04 -2.257E+00 -2.197E+00 -1.280E+00
  1.1148250E+04 -2.162E+00 -2.342E+00 -1.989E+00
  1.1148750E+04 -2.174E+00 -2.209E+00 -1.363E+00
  1.1149250E+04 -2.159E+00 -2.111E+00 -9.391E-01
  1.1149750E+04 -2.506E+00 -2.537E+00 -1.706E+00
  1.1150250E+04 -2.426E+00 -2.333E+00 -8.879E-01
  1.1150750E+04 -2.583E+00 -2.651E+00 -1.414E+00
  1.1151250E+04 -1.969E+00 -2.138E+00 -1.892E+00
  1.1151750E+04 -1.821E+00 -1.908E+00 -1.235E+00
  1.1152250E+04 -1.923E+00 -1.938E+00 -1.259E+00
  1.1152750E+04 -2.236E+00 -2.141E+00 -9.735E-01
  1.1153250E+04 -1.966E+00 -1.884E+00 -9.050E-01
  1.1153750E+04 -2.201E+00 -2.204E+00 -1.413E+00
  1.1154250E+04 -2.289E+00 -2.293E+00 -1.658E+00
  1.1154750E+04 -2.800E+00 -2.655E+00 -9.904E-01
  1.1155250E+04 -2.168E+00 -2.214E+00 -1.345E+00
  1.1155750E+04 -2.044E+00 -2.053E+00 -1.244E+00
  1.1156250E+04 -1.792E+00 -1.707E+00 -6.766E-01
  1.1156750E+04 -2.101E+00 -2.118E+00 -8.974E-01
  1.1157250E+04 -1.987E+00 -1.963E+00 -9.309E-01
  1.1157750E+04 -2.533E+00 -2.439E+00 -1.549E+00
  1.1158250E+04 -2.208E+00 -2.166E+00 -1.232E+00
  1.1158750E+04 -1.874E+00 -1.960E+00 -1.357E+00
  1.1159250E+04 -2.231E+00 -2.185E+00 -1.087E+00
  1.1159750E+04 -2.530E+00 -2.194E+00 -6.476E-01
  1.1160250E+04 -2.460E+00 -2.358E+00 -7.177E-01
  1.1160750E+04 -2.126E+00 -2.104E+00 -1.406E+00
  1.1161250E+04 -1.860E+00 -1.988E+00 -1.472E+00
  1.1161750E+04 -2.200E+00 -2.328E+00 -1.676E+00
  1.1162250E+04 -2.421E+00 -2.353E+00 -1.028E+00
  1.1162750E+04 -2.426E+00 -2.076E+00 -2.497E-02
  1.1163250E+04 -2.031E+00 -1.959E+00 -9.057E-01
  1.1163750E+04 -2.020E+00 -1.964E+00 -7.368E-01
  1.1164250E+04 -2.038E+00 -2.049E+00 -1.279E+00
  1.1164750E+04 -2.010E+00 -2.219E+00 -2.113E+00
  1.1165250E+04 -2.254E+00 -2.351E+00 -1.667E+00
  1.1165750E+04 -1.950E+00 -2.015E+00 -1.225E+00
  1.1166250E+04 -2.581E+00 -2.473E+00 -1.090E+00
  1.1166750E+04 -2.373E+00 -2.298E+00 -1.077E+00
  1.1167250E+04 -1.803E+00 -1.757E+00 -7.008E-01
  1.1167750E+04 -1.840E+00 -1.715E+00 -4.339E-01
  1.1168250E+04 -1.870E+00 -1.893E+00 -9.017E-01
  1.1168750E+04 -1.889E+00 -1.889E+00 -1.213E+00
  1.1169250E+04 -1.750E+00 -1.562E+00 -6.241E-01
  1.1169750E+04 -2.291E+00 -2.178E+00 -9.739E-01
  1.1170250E+04 -2.223E+00 -2.184E+00 -1.252E+00
  1.1170750E+04 -1.653E+00 -1.801E+00 -1.886E+00
  1.1171250E+04 -1.818E+00 -1.742E+00 -6.922E-01
  1.1171750E+04 -1.759E+00 -1.874E+00 -1.304E+00
  1.1172250E+04 -1.870E+00 -1.996E+00 -1.360E+00
  1.1172750E+04 -2.230E+00 -2.290E+00 -1.649E+00
  1.1173250E+04 -1.368E+00 -1.574E+00 -1.808E+00
  1.1173750E+04 -1.995E+00 -1.843E+00 -5.957E-01
  1.1174250E+04 -2.301E+00 -2.130E+00 -7.088E-01
  1.1174750E+04 -2.143E+00 -2.043E+00 -6.616E-01
  1.1175250E+04 -1.837E+00 -1.932E+00 -1.454E+00
  1.1175750E+04 -1.341E+00 -1.476E+00 -1.103E+00
  1.1176250E+04 -1.878E+00 -1.841E+00 -1.230E+00
  1.1176750E+04 -2.279E+00 -2.156E+00 -1.193E+00
  1.1177250E+04 -1.873E+00 -1.896E+00 -1.055E+00
  1.1177750E+04 -2.531E+00 -2.514E+00 -1.376E+00
  1.1178250E+04 -2.360E+00 -2.179E+00 -3.590E-01
  1.1178750E+04 -1.817E+00 -1.838E+00 -1.100E+00
  1.1179250E+04 -1.887E+00 -1.853E+00 -1.145E+00
  1.1179750E+04 -1.670E+00 -1.627E+00 -7.613E-01
  1.1180250E+04 -1.433E+00 -1.337E+00 -8.171E-01
  1.1180750E+04 -2.090E+00 -2.097E+00 -1.137E+00
  1.1181250E+04 -2.771E+00 -2.607E+00 -8.157E-01
  1.1181750E+04 -2.554E+00 -2.486E+00 -8.561E-01
  1.1182250E+04 -1.930E+00 -1.972E+00 -1.397E+00
  1.1182750E+04 -2.394E+00 -2.430E+00 -1.660E+00
  1.1183250E+04 -1.498E+00 -1.546E+00 -1.223E+00
  1.1183750E+04 -1.876E+00 -1.789E+00 -8.812E-01
  1.1184250E+04 -2.058E+00 -2.076E+00 -1.386E+00
  1.1184750E+04 -2.532E+00 -2.556E+00 -1.339E+00
  1.1185250E+04 -1.652E+00 -1.635E+00 -9.465E-01
  1.1185750E+04 -1.881E+00 -1.764E+00 -3.531E-01
  1.1186250E+04 -1.906E+00 -1.917E+00 -8.811E-01
  1.1186750E+04 -2.082E+00 -2.117E+00 -1.224E+00
  1.1187250E+04 -1.975E+00 -1.967E+00 -8.167E-01
  1.1187750E+04 -1.351E+00 -1.567E+00 -1.675E+00
  1.1188250E+04 -1.703E+00 -1.717E+00 -1.089E+00
  1.1188750E+04 -2.323E+00 -2.388E+00 -1.429E+00
  1.1189250E+04 -1.759E+00 -1.762E+00 -1.063E+00
  1.1189750E+04 -1.958E+00 -1.874E+00 -6.716E-01
  1.1190250E+04 -2.122E+00 -2.045E+00 -1.037E+00
  1.1190750E+04 -2.011E+00 -1.992E+00 -1.218E+00
  1.1191250E+04 -1.792E+00 -1.866E+00 -1.024E+00
  1.1191750E+04 -1.705E+00 -1.719E+00 -1.144E+00
  1.1192250E+04 -2.149E+00 -2.142E+00 -1.004E+00
  1.1192750E+04 -1.855E+00 -2.003E+00 -1.464E+00
  1.1193250E+04 -2.074E+00 -2.049E+00 -8.253E-01
  1.1193750E+04 -2.404E+00 -2.419E+00 -1.421E+00
  1.1194250E+04 -2.180E+00 -2.201E+00 -1.352E+00
  1.1194750E+04 -1.986E+00 -1.844E+00 -6.368E-01
  1.1195250E+04 -1.654E+00 -1.471E+00 -6.906E-01
  1.1195750E+04 -1.602E+00 -1.752E+00 -1.387E+00
  1.1196250E+04 -2.283E+00 -2.230E+00 -9.350E-01
  1.1196750E+04 -1.580E+00 -1.554E+00 -1.319E+00
  1.1197250E+04 -1.732E+00 -1.746E+00 -1.192E+00
  1.1197750E+04 -1.936E+00 -1.923E+00 -8.437E-01
  1.1198250E+04 -1.775E+00 -1.759E+00 -1.175E+00
  1.1198750E+04 -1.872E+00 -1.857E+00 -3.199E-01
  1.1199250E+04 -1.984E+00 -2.010E+00 -1.458E+00
  1.1199750E+04 -1.343E+00 -1.603E+00 -1.784E+00
  1.1200250E+04 -2.166E+00 -2.069E+00 -7.232E-01
  1.1200750E+04 -1.916E+00 -1.710E+00 -3.441E-01
  1.1201250E+04 -9.381E-01 -1.065E+00 -1.361E+00
  1.1201750E+04 -1.825E+00 -1.843E+00 -1.430E+00
  1.1202250E+04 -2.477E+00 -2.224E+00 -3.705E-01
  1.1202750E+04 -1.388E+00 -1.570E+00 -1.398E+00
  1.1203250E+04 -1.802E+00 -1.851E+00 -1.053E+00
  1.1203750E+04 -2.142E+00 -2.106E+00 -1.148E+00
  1.1204250E+04 -2.279E+00 -2.234E+00 -1.081E+00
  1.1204750E+04 -2.149E+00 -2.190E+00 -1.171E+00
  1.1205250E+04 -1.518E+00 -1.464E+00 -8.209E-01
  1.1205750E+04 -1.386E+00 -1.524E+00 -1.363E+00
  1.1206250E+04 -1.681E+00 -1.616E+00 -5.868E-01
  1.1206750E+04 -2.237E+00 -2.095E+00 -4.178E-01
  1.1207250E+04 -1.693E+00 -1.880E+00 -1.432E+00
  1.1207750E+04 -1.016E+00 -9.736E-01 -9.932E-01
  1.1208250E+04 -1.363E+00 -1.186E+00 -3.137E-01
  1.1208750E+04 -1.714E+00 -1.672E+00 -7.425E-01
  1.1209250E+04 -1.560E+00 -1.487E+00 -3.202E-01
  1.1209750E+04 -1.757E+00 -1.804E+00 -1.246E+00
  1.1210250E+04 -1.941E+00 -1.908E+00 -1.183E+00
  1.1210750E+04 -1.481E+00 -1.371E+00 -6.340E-01
  1.1211250E+04 -7.171E-01 -9.544E-01 -1.418E+00
  1.1211750E+04 -1.486E+00 -1.558E+00 -1.085E+00
  1.1212250E+04 -1.725E+00 -1.532E+00 -2.755E-01
  1.1212750E+04 -1.933E+00 -1.909E+00 -9.109E-01
  1.1213250E+04 -1.666E+00 -1.712E+00 -1.599E+00
  1.1213750E+04 -1.818E+00 -1.679E+00 -3.873E-01
  1.1214250E+04 -1.746E+00 -1.690E+00 -6.945E-01
  1.1214750E+04 -2.061E+00 -1.983E+00 -1.135E+00
  1.1215250E+04 -1.849E+00 -1.775E+00 -8.792E-01
  1.1215750E+04 -1.991E+00 -1.918E+00 -8.488E-01
  1.1216250E+04 -1.892E+00 -1.923E+00 -1.060E+00
  1.1216750E+04 -1.785E+00 -1.640E+00 -1.545E-01
  1.1217250E+04 -1.473E+00 -1.354E+00 -2.187E-01
  1.1217750E+04 -1.867E+00 -1.720E+00 -3.956E-01
  1.1218250E+04 -2.043E+00 -2.007E+00 -1.031E+00
  1.1218750E+04 -1.607E+00 -1.564E+00 -8.434E-01
  1.1219250E+04 -1.563E+00 -1.575E+00 -1.392E+00
  1.1219750E+04 -1.646E+00 -1.789E+00 -1.759E+00
  1.1220250E+04 -2.063E+00 -2.094E+00 -1.221E+00
  1.1220750E+04 -1.514E+00 -1.478E+00 -9.843E-01
  1.1221250E+04 -1.519E+00 -1.530E+00 -9.303E-01
  1.1221750E+04 -1.499E+00 -1.381E+00 -5.066E-01
  1.1222250E+04 -1.176E+00 -1.129E+00 -7.036E-01
  1.1222750E+04 -1.928E+00 -1.862E+00 -8.402E-01
  1.1223250E+04 -1.955E+00 -1.848E+00 -6.038E-01
  1.1223750E+04 -1.862E+00 -1.856E+00 -1.062E+00
  1.1224250E+04 -1.529E+00 -1.552E+00 -8.992E-01
  1.1224750E+04 -1.175E+00 -1.082E+00 -5.399E-01
  1.1225250E+04 -1.765E+00 -1.760E+00 -1.065E+00
  1.1225750E+04 -1.455E+00 -1.536E+00 -1.137E+00
  1.1226250E+04 -1.272E+00 -1.325E+00 -1.252E+00
  1.1226750E+04 -1.435E+00 -1.470E+00 -7.635E-01
  1.1227250E+04 -1.890E+00 -1.993E+00 -1.369E+00
  1.1227750E+04 -2.157E+00 -2.178E+00 -1.029E+00
  1.1228250E+04 -1.904E+00 -1.774E+00 -5.325E-01
  1.1228750E+04 -1.845E+00 -1.692E+00 -4.856E-01
  1.1229250E+04 -9.507E-01 -1.075E+00 -1.164E+00
  1.1229750E+04 -1.187E+00 -1.258E+00 -6.649E-01
  1.1230250E+04 -1.588E+00 -1.460E+00 -4.550E-01
  1.1230750E+04 -1.650E+00 -1.649E+00 -8.945E-01
  1.1231250E+04 -1.305E+00 -1.296E+00 -7.194E-01
  1.1231750E+04 -1.712E+00 -1.717E+00 -9.288E-01
  1.1232250E+04 -1.456E+00 -1.783E+00 -2.084E+00
  1.1232750E+04 -1.377E+00 -1.413E+00 -1.007E+00
  1.1233250E+04 -1.445E+00 -1.633E+00 -1.620E+00
  1.1233750E+04 -1.577E+00 -1.596E+00 -8.501E-01
  1.1234250E+04 -1.207E+00 -1.066E+00 -2.004E-01
  1.1234750E+04 -1.631E+00 -1.521E+00 -5.325E-01
  1.1235250E+04 -1.840E+00 -1.691E+00 -4.812E-01
  1.1235750E+04 -2.069E+00 -2.054E+00 -1.367E+00
  1.1236250E+04 -1.952E+00 -1.864E+00 -7.196E-01
  1.1236750E+04 -1.320E+00 -1.412E+00 -1.011E+00
  1.1237250E+04 -1.229E+00 -1.389E+00 -1.182E+00
  1.1237750E+04 -1.677E+00 -1.697E+00 -1.119E+00
  1.1238250E+04 -1.929E+00 -1.939E+00 -1.036E+00
  1.1238750E+04 -1.462E+00 -1.437E+00 -6.323E-01
  1.1239250E+04 -1.195E+00 -1.258E+00 -9.598E-01
  1.1239750E+04 -1.749E+00 -1.766E+00 -9.976E-01
  1.1240250E+04 -1.486E+00 -1.482E+00 -8.755E-01
  1.1240750E+04 -1.562E+00 -1.494E+00 -1.071E+00
  1.1241250E+04 -1.729E+00 -1.646E+00 -7.711E-01
  1.1241750E+04 -1.997E+00 -2.069E+00 -8.533E-01
  1.1242250E+04 -1.195E+00 -1.313E+00 -1.402E+00
  1.1242750E+04 -1.691E+00 -1.566E+00 -2.703E-01
  1.1243250E+04 -1.577E+00 -1.515E+00 -5.275E-01
  1.1243750E+04 -1.882E+00 -1.752E+00 -5.174E-01
  1.1244250E+04 -1.551E+00 -1.417E+00 -5.055E-01
  1.1244750E+04 -1.740E+00 -1.668E+00 -8.307E-01
  1.1245250E+04 -1.277E+00 -1.217E+00 -4.713E-01
  1.1245750E+04 -1.559E+00 -1.388E+00 -5.529E-01
  1.1246250E+04 -2.095E+00 -2.035E+00 -8.368E-01
  1.1246750E+04 -1.877E+00 -1.857E+00 -1.018E+00
  1.1247250E+04 -1.488E+00 -1.589E+00 -1.002E+00
  1.1247750E+04 -1.607E+00 -1.743E+00 -1.416E+00
  1.1248250E+04 -9.299E-01 -1.014E+00 -9.530E-01
  1.1248750E+04 -9.951E-01 -9.950E-01 -9.365E-01
  1.1249250E+04 -1.709E+00 -1.772E+00 -1.227E+00
  1.1249750E+04 -1.507E+00 -1.512E+00 -9.818E-01
  1.1250250E+04 -2.022E+00 -1.762E+00 -1.913E-01
  1.1250750E+04 -1.456E+00 -1.385E+00 -9.286E-01
  1.1251250E+04 -2.392E+00 -2.415E+00 -1.055E+00
  1.1251750E+04 -1.884E+00 -1.673E+00 -1.098E-01
  1.1252250E+04 -1.134E+00 -1.152E+00 -7.838E-01
  1.1252750E+04 -1.397E+00 -1.351E+00 -6.866E-01
  1.1253250E+04 -1.575E+00 -1.589E+00 -9.193E-01
  1.1253750E+04 -1.476E+00 -1.552E+00 -1.148E+00
  1.1254250E+04 -1.259E+00 -1.273E+00 -8.126E-01
  1.1254750E+04 -1.595E+00 -1.701E+00 -1.423E+00
  1.1255250E+04 -1.637E+00 -1.555E+00 -7.197E-01
  1.1255750E+04 -2.140E+00 -1.947E+00 -3.538E-01
  1.1256250E+04 -1.537E+00 -1.505E+00 -1.125E+00
  1.1256750E+04 -1.600E+00 -1.512E+00 -4.965E-01
  1.1257250E+04 -1.561E+00 -1.410E+00 -1.524E-01
  1.1257750E+04 -1.336E+00 -1.322E+00 -1.092E+00
  1.1258250E+04 -1.367E+00 -1.393E+00 -5.942E-01
  1.1258750E+04 -1.424E+00 -1.630E+00 -8.290E-01
  1.1259250E+04 -1.412E+00 -1.547E+00 -1.140E+00
  1.1259750E+04 -1.453E+00 -1.511E+00 -1.555E+00
  1.1260250E+04 -1.326E+00 -1.303E+00 -6.454E-01
  1.1260750E+04 -1.398E+00 -1.383E+00 -8.811E-01
  1.1261250E+04 -1.765E+00 -1.776E+00 -9.283E-01
  1.1261750E+04 -1.417E+00 -1.552E+00 -1.287E+00
  1.1262250E+04 -1.240E+00 -1.308E+00 -1.036E+00
  1.1262750E+04 -1.719E+00 -1.510E+00 -2.466E-01
  1.1263250E+04 -1.919E+00 -1.817E+00 -4.981E-01
  1.1263750E+04 -1.400E+00 -1.345E+00 -7.923E-01
  1.1264250E+04 -1.159E+00 -1.078E+00 -5.559E-01
  1.1264750E+04 -1.362E+00 -1.381E+00 -9.916E-01
  1.1265250E+04 -1.499E+00 -1.512E+00 -7.422E-01
  1.1265750E+04 -1.411E+00 -1.305E+00 -9.149E-01
  1.1266250E+04 -1.385E+00 -1.469E+00 -8.185E-01
  1.1266750E+04 -1.560E+00 -1.694E+00 -1.002E+00
  1.1267250E+04 -1.395E+00 -1.380E+00 -4.600E-01
  1.1267750E+04 -9.737E-01 -8.902E-01 -6.419E-01
  1.1268250E+04 -1.170E+00 -1.141E+00 -7.390E-01
  1.1268750E+04 -1.053E+00 -1.107E+00 -8.378E-01
  1.1269250E+04 -1.769E+00 -1.532E+00 -1.387E-01
  1.1269750E+04 -1.660E+00 -1.647E+00 -1.009E+00
  1.1270250E+04 -1.118E+00 -1.165E+00 -9.321E-01
  1.1270750E+04 -1.343E+00 -1.403E+00 -9.525E-01
  1.1271250E+04 -1.495E+00 -1.531E+00 -9.576E-01
  1.1271750E+04 -1.312E+00 -1.420E+00 -1.448E+00
  1.1272250E+04 -1.340E+00 -1.307E+00 -8.408E-01
  1.1272750E+04 -1.529E+00 -1.416E+00 -3.406E-01
  1.1273250E+04 -1.366E+00 -1.373E+00 -9.003E-01
  1.1273750E+04 -1.511E+00 -1.485E+00 -8.558E-01
  1.1274250E+04 -1.751E+00 -1.750E+00 -9.825E-01
  1.1274750E+04 -1.723E+00 -1.594E+00 -4.283E-01
  1.1275250E+04 -1.122E+00 -1.060E+00 -7.119E-01
  1.1275750E+04 -1.065E+00 -1.045E+00 -8.494E-01
  1.1276250E+04 -1.131E+00 -1.159E+00 -4.521E-01
  1.1276750E+04 -1.068E+00 -1.201E+00 -8.510E-01
  1.1277250E+04 -1.331E+00 -1.500E+00 -1.185E+00
  1.1277750E+04 -1.147E+00 -1.258E+00 -1.022E+00
  1.1278250E+04 -1.473E+00 -1.363E+00 -4.337E-01
  1.1278750E+04 -1.114E+00 -1.167E+00 -8.274E-01
  1.1279250E+04 -1.550E+00 -1.426E+00 -5.227E-01
  1.1279750E+04 -1.793E+00 -1.543E+00 -2.680E-01
  1.1280250E+04 -1.217E+00 -1.040E+00 -3.369E-01
  1.1280750E+04 -1.434E+00 -1.437E+00 -4.038E-01
  1.1281250E+04 -2.019E+00 -1.713E+00 -6.425E-01
  1.1281750E+04 -1.855E+00 -1.765E+00 -1.217E+00
  1.1282250E+04 -8.391E-01 -1.021E+00 -6.679E-03
  1.1282750E+04 -1.302E+00 -1.574E+00 -1.273E+00
  1.1283250E+04 -1.760E+00 -1.659E+00 -7.941E-01
  1.1283750E+04 -1.711E+00 -1.804E+00 -1.128E+00
  1.1284250E+04 -1.482E+00 -1.474E+00 -7.989E-01
  1.1284750E+04 -1.657E+00 -1.388E+00  1.638E-02
  1.1285250E+04 -1.174E+00 -1.241E+00 -9.186E-01
  1.1285750E+04 -8.796E-01 -8.842E-01 -3.614E-01
  1.1286250E+04 -9.275E-01 -1.031E+00 -9.225E-01
  1.1286750E+04 -1.144E+00 -1.087E+00 -7.068E-01
  1.1287250E+04 -1.093E+00 -1.031E+00 -5.356E-01
  1.1287750E+04 -1.312E+00 -1.375E+00 -1.149E+00
  1.1288250E+04 -1.372E+00 -1.425E+00 -8.034E-01
  1.1288750E+04 -8.550E-01 -1.071E+00 -1.174E+00
