  6.7912500E+03 -0.000E+00 -0.000E+00  0.000E+00
  6.7917500E+03 -0.000E+00 -0.000E+00  0.000E+00
  6.7922500E+03 -0.000E+00 -0.000E+00  0.000E+00
  6.7927500E+03 -0.000E+00 -0.000E+00  0.000E+00
  6.7932500E+03 -0.000E+00 -0.000E+00  0.000E+00
  6.7937500E+03 -0.000E+00 -0.000E+00  0.000E+00
  6.7942500E+03 -0.000E+00 -0.000E+00  0.000E+00
  6.7947500E+03 -0.000E+00 -0.000E+00  0.000E+00
  6.7952500E+03 -0.000E+00 -0.000E+00  0.000E+00
  6.7957500E+03 -0.000E+00 -0.000E+00  0.000E+00
  6.7962500E+03 -0.000E+00 -0.000E+00  0.000E+00
  6.7967500E+03 -0.000E+00 -0.000E+00  0.000E+00
  6.7972500E+03 -0.000E+00 -0.000E+00  0.000E+00
  6.7977500E+03 -0.000E+00 -0.000E+00  0.000E+00
  6.7982500E+03 -0.000E+00 -0.000E+00  0.000E+00
  6.7987500E+03 -0.000E+00 -0.000E+00  0.000E+00
  6.7992500E+03 -0.000E+00 -0.000E+00  0.000E+00
  6.7997500E+03 -0.000E+00 -0.000E+00  0.000E+00
  6.8002500E+03 -0.000E+00 -0.000E+00  0.000E+00
  6.8007500E+03 -0.000E+00 -0.000E+00  0.000E+00
  6.8012500E+03 -0.000E+00 -0.000E+00  0.000E+00
  6.8017500E+03 -0.000E+00 -0.000E+00  0.000E+00
  6.8022500E+03 -0.000E+00 -0.000E+00  0.000E+00
  6.8027500E+03 -0.000E+00 -0.000E+00  0.000E+00
  6.8032500E+03 -0.000E+00 -0.000E+00  0.000E+00
  6.8037500E+03 -0.000E+00 -0.000E+00  0.000E+00
  6.8042500E+03 -0.000E+00 -0.000E+00  0.000E+00
  6.8047500E+03 -0.000E+00 -0.000E+00  0.000E+00
  6.8052500E+03 -0.000E+00 -0.000E+00  0.000E+00
  6.8057500E+03 -0.000E+00 -0.000E+00  0.000E+00
  6.8062500E+03 -0.000E+00 -0.000E+00  0.000E+00
  6.8067500E+03 -0.000E+00 -0.000E+00  0.000E+00
  6.8072500E+03 -0.000E+00 -0.000E+00  0.000E+00
  6.8077500E+03 -0.000E+00 -0.000E+00  0.000E+00
  6.8082500E+03 -0.000E+00 -0.000E+00  0.000E+00
  6.8087500E+03 -0.000E+00 -0.000E+00  0.000E+00
  6.8092500E+03 -0.000E+00 -0.000E+00  0.000E+00
  6.8097500E+03 -0.000E+00 -0.000E+00  0.000E+00
  6.8102500E+03 -0.000E+00 -0.000E+00  0.000E+00
  6.8107500E+03 -0.000E+00 -0.000E+00  0.000E+00
  6.8112500E+03 -0.000E+00 -0.000E+00  0.000E+00
  6.8117500E+03 -0.000E+00 -0.000E+00  0.000E+00
  6.8122500E+03 -0.000E+00 -0.000E+00  0.000E+00
  6.8127500E+03 -0.000E+00 -0.000E+00  0.000E+00
  6.8132500E+03 -0.000E+00 -0.000E+00  0.000E+00
  6.8137500E+03 -0.000E+00 -0.000E+00  0.000E+00
  6.8142500E+03 -0.000E+00 -0.000E+00  0.000E+00
  6.8147500E+03 -0.000E+00 -0.000E+00  0.000E+00
  6.8152500E+03 -0.000E+00 -0.000E+00  0.000E+00
  6.8157500E+03 -0.000E+00 -0.000E+00  0.000E+00
  6.8162500E+03 -0.000E+00 -0.000E+00  0.000E+00
  6.8167500E+03 -0.000E+00 -0.000E+00  0.000E+00
  6.8172500E+03 -0.000E+00 -0.000E+00  0.000E+00
  6.8177500E+03 -0.000E+00 -0.000E+00  0.000E+00
  6.8182500E+03 -0.000E+00 -0.000E+00  0.000E+00
  6.8187500E+03 -0.000E+00 -0.000E+00  0.000E+00
  6.8192500E+03 -0.000E+00 -0.000E+00  0.000E+00
  6.8197500E+03 -0.000E+00 -0.000E+00  0.000E+00
  6.8202500E+03 -0.000E+00 -0.000E+00  0.000E+00
  6.8207500E+03 -0.000E+00 -0.000E+00  0.000E+00
  6.8212500E+03 -0.000E+00 -0.000E+00  0.000E+00
  6.8217500E+03 -0.000E+00 -0.000E+00  0.000E+00
  6.8222500E+03 -0.000E+00 -0.000E+00  0.000E+00
  6.8227500E+03 -0.000E+00 -0.000E+00  0.000E+00
  6.8232500E+03 -0.000E+00 -0.000E+00  0.000E+00
  6.8237500E+03 -0.000E+00 -0.000E+00  0.000E+00
  6.8242500E+03 -0.000E+00 -0.000E+00  0.000E+00
  6.8247500E+03 -0.000E+00 -0.000E+00  0.000E+00
  6.8252500E+03 -0.000E+00 -0.000E+00  0.000E+00
  6.8257500E+03 -0.000E+00 -0.000E+00  0.000E+00
  6.8262500E+03 -0.000E+00 -0.000E+00  0.000E+00
  6.8267500E+03 -0.000E+00 -0.000E+00  0.000E+00
  6.8272500E+03 -0.000E+00 -0.000E+00  0.000E+00
  6.8277500E+03 -0.000E+00 -0.000E+00  0.000E+00
  6.8282500E+03 -0.000E+00 -0.000E+00  0.000E+00
  6.8287500E+03 -0.000E+00 -0.000E+00  0.000E+00
  6.8292500E+03 -0.000E+00 -0.000E+00  0.000E+00
  6.8297500E+03 -0.000E+00 -0.000E+00  0.000E+00
  6.8302500E+03 -0.000E+00 -0.000E+00  0.000E+00
  6.8307500E+03 -0.000E+00 -0.000E+00  0.000E+00
  6.8312500E+03 -0.000E+00 -0.000E+00  0.000E+00
  6.8317500E+03 -0.000E+00 -0.000E+00  0.000E+00
  6.8322500E+03 -0.000E+00 -0.000E+00  0.000E+00
  6.8327500E+03 -0.000E+00 -0.000E+00  0.000E+00
  6.8332500E+03 -0.000E+00 -0.000E+00  0.000E+00
  6.8337500E+03 -0.000E+00 -0.000E+00  0.000E+00
  6.8342500E+03 -0.000E+00 -0.000E+00  0.000E+00
  6.8347500E+03 -0.000E+00 -0.000E+00  0.000E+00
  6.8352500E+03 -0.000E+00 -0.000E+00  0.000E+00
  6.8357500E+03 -0.000E+00 -0.000E+00  0.000E+00
  6.8362500E+03 -0.000E+00 -0.000E+00  0.000E+00
  6.8367500E+03 -0.000E+00 -0.000E+00  0.000E+00
  6.8372500E+03 -0.000E+00 -0.000E+00  0.000E+00
  6.8377500E+03 -0.000E+00 -0.000E+00  0.000E+00
  6.8382500E+03 -0.000E+00 -0.000E+00  0.000E+00
  6.8387500E+03 -0.000E+00 -0.000E+00  0.000E+00
  6.8392500E+03 -0.000E+00 -0.000E+00  0.000E+00
  6.8397500E+03 -0.000E+00 -0.000E+00  0.000E+00
  6.8402500E+03 -0.000E+00 -0.000E+00  0.000E+00
  6.8407500E+03 -0.000E+00 -0.000E+00  0.000E+00
  6.8412500E+03 -0.000E+00 -0.000E+00  0.000E+00
  6.8417500E+03 -0.000E+00 -0.000E+00  0.000E+00
  6.8422500E+03 -0.000E+00 -0.000E+00  0.000E+00
  6.8427500E+03 -0.000E+00 -0.000E+00  0.000E+00
  6.8432500E+03 -0.000E+00 -0.000E+00  0.000E+00
  6.8437500E+03 -0.000E+00 -0.000E+00  0.000E+00
  6.8442500E+03 -0.000E+00 -0.000E+00  0.000E+00
  6.8447500E+03 -0.000E+00 -0.000E+00  0.000E+00
  6.8452500E+03 -0.000E+00 -0.000E+00  0.000E+00
  6.8457500E+03 -0.000E+00 -0.000E+00  0.000E+00
  6.8462500E+03 -0.000E+00 -0.000E+00  0.000E+00
  6.8467500E+03 -0.000E+00 -0.000E+00  0.000E+00
  6.8472500E+03 -0.000E+00 -0.000E+00  0.000E+00
  6.8477500E+03 -0.000E+00 -0.000E+00  0.000E+00
  6.8482500E+03 -0.000E+00 -0.000E+00  0.000E+00
  6.8487500E+03 -0.000E+00 -0.000E+00  0.000E+00
  6.8492500E+03 -0.000E+00 -0.000E+00  0.000E+00
  6.8497500E+03 -0.000E+00 -0.000E+00  0.000E+00
  6.8502500E+03 -0.000E+00 -0.000E+00  0.000E+00
  6.8507500E+03 -0.000E+00 -0.000E+00  0.000E+00
  6.8512500E+03 -0.000E+00 -0.000E+00  0.000E+00
  6.8517500E+03 -0.000E+00 -0.000E+00  0.000E+00
  6.8522500E+03 -0.000E+00 -0.000E+00  0.000E+00
  6.8527500E+03 -0.000E+00 -0.000E+00  0.000E+00
  6.8532500E+03 -0.000E+00 -0.000E+00  0.000E+00
  6.8537500E+03 -0.000E+00 -0.000E+00  0.000E+00
  6.8542500E+03 -0.000E+00 -0.000E+00  0.000E+00
  6.8547500E+03 -0.000E+00 -0.000E+00  0.000E+00
  6.8552500E+03 -0.000E+00 -0.000E+00  0.000E+00
  6.8557500E+03 -0.000E+00 -0.000E+00  0.000E+00
  6.8562500E+03 -0.000E+00 -0.000E+00  0.000E+00
  6.8567500E+03 -0.000E+00 -0.000E+00  0.000E+00
  6.8572500E+03 -0.000E+00 -0.000E+00  0.000E+00
  6.8577500E+03 -0.000E+00 -0.000E+00  0.000E+00
  6.8582500E+03 -0.000E+00 -0.000E+00  0.000E+00
  6.8587500E+03 -0.000E+00 -0.000E+00  0.000E+00
  6.8592500E+03 -0.000E+00 -0.000E+00  0.000E+00
  6.8597500E+03 -0.000E+00 -0.000E+00  0.000E+00
  6.8602500E+03 -0.000E+00 -0.000E+00  0.000E+00
  6.8607500E+03 -0.000E+00 -0.000E+00  0.000E+00
  6.8612500E+03 -0.000E+00 -0.000E+00  0.000E+00
  6.8617500E+03 -0.000E+00 -0.000E+00  0.000E+00
  6.8622500E+03 -0.000E+00 -0.000E+00  0.000E+00
  6.8627500E+03 -0.000E+00 -0.000E+00  0.000E+00
  6.8632500E+03 -0.000E+00 -0.000E+00  0.000E+00
  6.8637500E+03 -0.000E+00 -0.000E+00  0.000E+00
  6.8642500E+03 -0.000E+00 -0.000E+00  0.000E+00
  6.8647500E+03 -0.000E+00 -0.000E+00  0.000E+00
  6.8652500E+03 -0.000E+00 -0.000E+00  0.000E+00
  6.8657500E+03 -0.000E+00 -0.000E+00  0.000E+00
  6.8662500E+03 -0.000E+00 -0.000E+00  0.000E+00
  6.8667500E+03 -0.000E+00 -0.000E+00  0.000E+00
  6.8672500E+03 -0.000E+00 -0.000E+00  0.000E+00
  6.8677500E+03 -0.000E+00 -0.000E+00  0.000E+00
  6.8682500E+03 -0.000E+00 -0.000E+00  0.000E+00
  6.8687500E+03 -0.000E+00 -0.000E+00  0.000E+00
  6.8692500E+03 -0.000E+00 -0.000E+00  0.000E+00
  6.8697500E+03 -0.000E+00 -0.000E+00  0.000E+00
  6.8702500E+03 -0.000E+00 -0.000E+00  0.000E+00
  6.8707500E+03 -0.000E+00 -0.000E+00  0.000E+00
  6.8712500E+03 -0.000E+00 -0.000E+00  0.000E+00
  6.8717500E+03 -0.000E+00 -0.000E+00  0.000E+00
  6.8722500E+03 -0.000E+00 -0.000E+00  0.000E+00
  6.8727500E+03 -0.000E+00 -0.000E+00  0.000E+00
  6.8732500E+03 -0.000E+00 -0.000E+00  0.000E+00
  6.8737500E+03 -0.000E+00 -0.000E+00  0.000E+00
  6.8742500E+03 -0.000E+00 -0.000E+00  0.000E+00
  6.8747500E+03 -0.000E+00 -0.000E+00  0.000E+00
  6.8752500E+03 -0.000E+00 -0.000E+00  0.000E+00
  6.8757500E+03 -0.000E+00 -0.000E+00  0.000E+00
  6.8762500E+03 -0.000E+00 -0.000E+00  0.000E+00
  6.8767500E+03 -0.000E+00 -0.000E+00  0.000E+00
  6.8772500E+03 -0.000E+00 -0.000E+00  0.000E+00
  6.8777500E+03 -0.000E+00 -0.000E+00  0.000E+00
  6.8782500E+03 -0.000E+00 -0.000E+00  0.000E+00
  6.8787500E+03 -0.000E+00 -0.000E+00  0.000E+00
  6.8792500E+03 -0.000E+00 -0.000E+00  0.000E+00
  6.8797500E+03 -0.000E+00 -0.000E+00  0.000E+00
  6.8802500E+03 -0.000E+00 -0.000E+00  0.000E+00
  6.8807500E+03 -0.000E+00 -0.000E+00  0.000E+00
  6.8812500E+03 -0.000E+00 -0.000E+00  0.000E+00
  6.8817500E+03 -0.000E+00 -0.000E+00  0.000E+00
  6.8822500E+03 -0.000E+00 -0.000E+00  0.000E+00
  6.8827500E+03 -0.000E+00 -0.000E+00  0.000E+00
  6.8832500E+03 -0.000E+00 -0.000E+00  0.000E+00
  6.8837500E+03 -0.000E+00 -0.000E+00  0.000E+00
  6.8842500E+03 -0.000E+00 -0.000E+00  0.000E+00
  6.8847500E+03 -0.000E+00 -0.000E+00  0.000E+00
  6.8852500E+03 -0.000E+00 -0.000E+00  0.000E+00
  6.8857500E+03 -0.000E+00 -0.000E+00  0.000E+00
  6.8862500E+03 -0.000E+00 -0.000E+00  0.000E+00
  6.8867500E+03 -0.000E+00 -0.000E+00  0.000E+00
  6.8872500E+03 -0.000E+00 -0.000E+00  0.000E+00
  6.8877500E+03 -0.000E+00 -0.000E+00  0.000E+00
  6.8882500E+03 -0.000E+00 -0.000E+00  0.000E+00
  6.8887500E+03 -0.000E+00 -0.000E+00  0.000E+00
  6.8892500E+03 -0.000E+00 -0.000E+00  0.000E+00
  6.8897500E+03 -0.000E+00 -0.000E+00  0.000E+00
  6.8902500E+03 -0.000E+00 -0.000E+00  0.000E+00
  6.8907500E+03 -0.000E+00 -0.000E+00  0.000E+00
  6.8912500E+03 -0.000E+00 -0.000E+00  0.000E+00
  6.8917500E+03 -0.000E+00 -0.000E+00  0.000E+00
  6.8922500E+03 -0.000E+00 -0.000E+00  0.000E+00
  6.8927500E+03 -0.000E+00 -0.000E+00  0.000E+00
  6.8932500E+03 -0.000E+00 -0.000E+00  0.000E+00
  6.8937500E+03 -0.000E+00 -0.000E+00  0.000E+00
  6.8942500E+03 -0.000E+00 -0.000E+00  0.000E+00
  6.8947500E+03 -0.000E+00 -0.000E+00  0.000E+00
  6.8952500E+03 -0.000E+00 -0.000E+00  0.000E+00
  6.8957500E+03 -0.000E+00 -0.000E+00  0.000E+00
  6.8962500E+03 -0.000E+00 -0.000E+00  0.000E+00
  6.8967500E+03 -0.000E+00 -0.000E+00  0.000E+00
  6.8972500E+03 -0.000E+00 -0.000E+00  0.000E+00
  6.8977500E+03 -0.000E+00 -0.000E+00  0.000E+00
  6.8982500E+03 -0.000E+00 -0.000E+00  0.000E+00
  6.8987500E+03 -0.000E+00 -0.000E+00  0.000E+00
  6.8992500E+03 -0.000E+00 -0.000E+00  0.000E+00
  6.8997500E+03 -0.000E+00 -0.000E+00  0.000E+00
  6.9002500E+03 -0.000E+00 -0.000E+00  0.000E+00
  6.9007500E+03 -0.000E+00 -0.000E+00  0.000E+00
  6.9012500E+03 -0.000E+00 -0.000E+00  0.000E+00
  6.9017500E+03 -0.000E+00 -0.000E+00  0.000E+00
  6.9022500E+03 -0.000E+00 -0.000E+00  0.000E+00
  6.9027500E+03 -0.000E+00 -0.000E+00  0.000E+00
  6.9032500E+03 -0.000E+00 -0.000E+00  0.000E+00
  6.9037500E+03 -0.000E+00 -0.000E+00  0.000E+00
  6.9042500E+03 -0.000E+00 -0.000E+00  0.000E+00
  6.9047500E+03 -0.000E+00 -0.000E+00  0.000E+00
  6.9052500E+03 -0.000E+00 -0.000E+00  0.000E+00
  6.9057500E+03 -0.000E+00 -0.000E+00  0.000E+00
  6.9062500E+03 -0.000E+00 -0.000E+00  0.000E+00
  6.9067500E+03 -0.000E+00 -0.000E+00  0.000E+00
  6.9072500E+03 -0.000E+00 -0.000E+00  0.000E+00
  6.9077500E+03 -0.000E+00 -0.000E+00  0.000E+00
  6.9082500E+03 -0.000E+00 -0.000E+00  0.000E+00
  6.9087500E+03 -0.000E+00 -0.000E+00  0.000E+00
  6.9092500E+03 -0.000E+00 -0.000E+00  0.000E+00
  6.9097500E+03 -0.000E+00 -0.000E+00  0.000E+00
  6.9102500E+03 -0.000E+00 -0.000E+00  0.000E+00
  6.9107500E+03 -0.000E+00 -0.000E+00  0.000E+00
  6.9112500E+03 -0.000E+00 -0.000E+00  0.000E+00
  6.9117500E+03 -0.000E+00 -0.000E+00  0.000E+00
  6.9122500E+03 -0.000E+00 -0.000E+00  0.000E+00
  6.9127500E+03 -0.000E+00 -0.000E+00  0.000E+00
  6.9132500E+03 -0.000E+00 -0.000E+00  0.000E+00
  6.9137500E+03 -0.000E+00 -0.000E+00  0.000E+00
  6.9142500E+03 -0.000E+00 -0.000E+00  0.000E+00
  6.9147500E+03 -0.000E+00 -0.000E+00  0.000E+00
  6.9152500E+03 -0.000E+00 -0.000E+00  0.000E+00
  6.9157500E+03 -0.000E+00 -0.000E+00  0.000E+00
  6.9162500E+03 -0.000E+00 -0.000E+00  0.000E+00
  6.9167500E+03 -0.000E+00 -0.000E+00  0.000E+00
  6.9172500E+03 -0.000E+00 -0.000E+00  0.000E+00
  6.9177500E+03 -0.000E+00 -0.000E+00  0.000E+00
  6.9182500E+03 -0.000E+00 -0.000E+00  0.000E+00
  6.9187500E+03 -0.000E+00 -0.000E+00  0.000E+00
  6.9192500E+03 -0.000E+00 -0.000E+00  0.000E+00
  6.9197500E+03 -0.000E+00 -0.000E+00  0.000E+00
  6.9202500E+03 -0.000E+00 -0.000E+00  0.000E+00
  6.9207500E+03 -0.000E+00 -0.000E+00  0.000E+00
  6.9212500E+03 -0.000E+00 -0.000E+00  0.000E+00
  6.9217500E+03 -0.000E+00 -0.000E+00  0.000E+00
  6.9222500E+03 -0.000E+00 -0.000E+00  0.000E+00
  6.9227500E+03 -0.000E+00 -0.000E+00  0.000E+00
  6.9232500E+03 -0.000E+00 -0.000E+00  0.000E+00
  6.9237500E+03 -0.000E+00 -0.000E+00  0.000E+00
  6.9242500E+03 -0.000E+00 -0.000E+00  0.000E+00
  6.9247500E+03 -0.000E+00 -0.000E+00  0.000E+00
  6.9252500E+03 -0.000E+00 -0.000E+00  0.000E+00
  6.9257500E+03 -0.000E+00 -0.000E+00  0.000E+00
  6.9262500E+03 -1.507E-05  4.012E-04  1.675E-03
  6.9267500E+03  2.289E-03  2.086E-03  7.419E-04
  6.9272500E+03 -1.161E-02 -9.272E-03  1.573E-03
  6.9277500E+03 -8.912E-03 -7.734E-03 -1.622E-03
  6.9282500E+03 -9.316E-03 -1.027E-02 -1.167E-02
  6.9287500E+03  6.768E-04 -3.481E-03 -2.023E-02
  6.9292500E+03 -1.134E-02  1.708E-03  5.021E-02
  6.9297500E+03 -6.359E-02 -4.932E-02  5.367E-03
  6.9302500E+03  1.120E-02  1.359E-02  2.407E-02
  6.9307500E+03  1.532E-01  1.174E-01 -4.281E-02
  6.9312500E+03 -1.871E-01 -1.782E-01 -1.162E-01
  6.9317500E+03 -7.994E-02 -5.004E-02  6.650E-02
  6.9322500E+03 -5.563E-02  3.171E-02  3.076E-01
  6.9327500E+03  7.967E-01  7.929E-01  4.801E-01
  6.9332500E+03  4.013E-01  5.510E-01  1.085E+00
  6.9337500E+03  1.934E+00  1.390E+00 -8.641E-01
  6.9342500E+03  2.542E-01  2.048E-01  5.179E-02
  6.9347500E+03 -5.423E-01 -6.249E-01 -9.073E-01
  6.9352500E+03 -1.392E+00 -1.237E+00 -4.857E-01
  6.9357500E+03  2.453E-01  2.090E-01 -2.280E-02
  6.9362500E+03  4.820E-01  5.695E-01  1.031E+00
  6.9367500E+03  2.175E-01  3.703E-01  8.934E-01
  6.9372500E+03 -3.186E-03 -1.084E-04 -6.832E-02
  6.9377500E+03 -4.368E-01 -3.383E-01  7.237E-03
  6.9382500E+03  1.302E-02 -1.502E-01 -7.057E-01
  6.9387500E+03 -8.570E-01 -7.368E-01 -3.082E-01
  6.9392500E+03  1.043E-01  2.417E-01  6.575E-01
  6.9397500E+03  2.069E+00  1.813E+00  4.295E-01
  6.9402500E+03 -1.124E+00 -6.227E-01  1.222E+00
  6.9407500E+03  4.461E-01 -5.259E-02 -1.967E+00
  6.9412500E+03 -1.442E-01 -2.956E-01 -7.724E-01
  6.9417500E+03  3.293E-01  4.024E-01  7.231E-01
  6.9422500E+03  6.698E-01  5.522E-01  1.494E-01
  6.9427500E+03  2.536E-01 -5.605E-02 -1.270E+00
  6.9432500E+03  4.850E-01  7.753E-01  1.742E+00
  6.9437500E+03  2.086E-01 -1.353E-01 -1.476E+00
  6.9442500E+03  2.980E-01  4.859E-01  1.190E+00
  6.9447500E+03 -1.690E-01  1.759E-01  1.558E+00
  6.9452500E+03  5.700E-01  5.777E-01  9.534E-01
  6.9457500E+03  4.898E-01  2.325E-01 -7.557E-01
  6.9462500E+03  1.260E+00  8.750E-01 -1.037E+00
  6.9467500E+03 -5.152E-01 -5.924E-01 -1.122E+00
  6.9472500E+03 -1.946E-01 -3.889E-03  6.231E-01
  6.9477500E+03 -4.969E-01 -4.140E-01  1.250E-01
  6.9482500E+03  5.694E-01  7.076E-01  1.148E+00
  6.9487500E+03 -6.477E-02  2.051E-01  6.981E-01
  6.9492500E+03  9.820E-01  7.420E-01 -6.052E-01
  6.9497500E+03 -2.392E-03 -1.823E-01 -5.469E-01
  6.9502500E+03  1.022E+00  1.315E+00  2.266E+00
  6.9507500E+03  1.233E+00  1.228E+00  8.819E-01
  6.9512500E+03  2.981E-01  4.207E-01  8.826E-01
  6.9517500E+03  6.538E-01  2.013E-01 -1.401E+00
  6.9522500E+03  2.046E+00  1.685E+00 -2.373E-01
  6.9527500E+03 -5.977E-02  1.344E-01  4.235E-01
  6.9532500E+03  1.093E+00  1.132E+00  1.374E+00
  6.9537500E+03  2.568E+00  2.450E+00  1.565E+00
  6.9542500E+03 -4.372E-01 -5.724E-01 -1.420E+00
  6.9547500E+03  1.460E+00  1.868E+00  2.870E+00
  6.9552500E+03  5.505E+00  5.180E+00  1.949E+00
  6.9557500E+03  1.158E+01  1.053E+01  4.534E+00
  6.9562500E+03  3.757E+01  3.562E+01  1.973E+01
  6.9567500E+03  1.220E+02  1.147E+02  5.930E+01
  6.9572500E+03  4.152E+02  3.921E+02  2.103E+02
  6.9577500E+03  1.170E+03  1.101E+03  5.691E+02
  6.9582500E+03  2.531E+03  2.394E+03  1.277E+03
  6.9587500E+03  4.010E+03  3.806E+03  2.059E+03
  6.9592500E+03  4.362E+03  4.171E+03  2.350E+03
  6.9597500E+03  3.040E+03  2.925E+03  1.701E+03
  6.9602500E+03  1.067E+03  1.047E+03  6.763E+02
  6.9607500E+03 -2.131E+01 -1.230E+01  2.007E+01
  6.9612500E+03 -2.008E+02 -1.856E+02 -7.909E+01
  6.9617500E+03 -1.341E+02 -1.353E+02 -1.015E+02
  6.9622500E+03 -1.152E+02 -1.052E+02 -4.135E+01
  6.9627500E+03 -1.096E+02 -1.023E+02 -4.734E+01
  6.9632500E+03 -8.136E+01 -8.485E+01 -7.494E+01
  6.9637500E+03 -8.167E+01 -7.845E+01 -4.569E+01
  6.9642500E+03 -7.485E+01 -6.941E+01 -3.176E+01
  6.9647500E+03 -7.693E+01 -7.335E+01 -4.064E+01
  6.9652500E+03 -8.484E+01 -7.787E+01 -3.194E+01
  6.9657500E+03 -7.586E+01 -6.941E+01 -2.816E+01
  6.9662500E+03 -7.981E+01 -7.281E+01 -2.868E+01
  6.9667500E+03 -6.575E+01 -6.231E+01 -3.427E+01
  6.9672500E+03 -6.333E+01 -6.372E+01 -4.776E+01
  6.9677500E+03 -6.987E+01 -6.934E+01 -4.866E+01
  6.9682500E+03 -6.813E+01 -6.766E+01 -4.859E+01
  6.9687500E+03 -6.571E+01 -6.495E+01 -4.521E+01
  6.9692500E+03 -5.976E+01 -5.878E+01 -3.995E+01
  6.9697500E+03 -6.815E+01 -6.177E+01 -2.293E+01
  6.9702500E+03 -6.240E+01 -5.653E+01 -2.094E+01
  6.9707500E+03 -6.172E+01 -5.861E+01 -3.212E+01
  6.9712500E+03 -6.527E+01 -6.158E+01 -3.249E+01
  6.9717500E+03 -6.026E+01 -5.665E+01 -2.889E+01
  6.9722500E+03 -6.341E+01 -6.105E+01 -3.713E+01
  6.9727500E+03 -6.754E+01 -6.175E+01 -2.486E+01
  6.9732500E+03 -5.362E+01 -5.387E+01 -4.044E+01
  6.9737500E+03 -4.928E+01 -4.691E+01 -2.658E+01
  6.9742500E+03 -7.066E+01 -6.328E+01 -2.048E+01
  6.9747500E+03 -6.293E+01 -5.975E+01 -3.244E+01
  6.9752500E+03 -5.475E+01 -5.250E+01 -3.079E+01
  6.9757500E+03 -5.992E+01 -5.574E+01 -2.655E+01
  6.9762500E+03 -5.484E+01 -5.120E+01 -2.528E+01
  6.9767500E+03 -5.525E+01 -5.361E+01 -3.418E+01
  6.9772500E+03 -5.154E+01 -5.028E+01 -3.269E+01
  6.9777500E+03 -5.955E+01 -5.540E+01 -2.599E+01
  6.9782500E+03 -5.492E+01 -5.194E+01 -2.880E+01
  6.9787500E+03 -5.259E+01 -4.902E+01 -2.251E+01
  6.9792500E+03 -5.527E+01 -5.474E+01 -3.640E+01
  6.9797500E+03 -5.437E+01 -5.311E+01 -3.496E+01
  6.9802500E+03 -5.440E+01 -5.053E+01 -2.384E+01
  6.9807500E+03 -5.488E+01 -4.945E+01 -1.927E+01
  6.9812500E+03 -4.807E+01 -4.731E+01 -3.234E+01
  6.9817500E+03 -5.527E+01 -5.358E+01 -3.364E+01
  6.9822500E+03 -5.140E+01 -4.736E+01 -2.030E+01
  6.9827500E+03 -5.599E+01 -5.171E+01 -2.389E+01
  6.9832500E+03 -5.231E+01 -5.153E+01 -3.499E+01
  6.9837500E+03 -4.814E+01 -4.541E+01 -2.374E+01
  6.9842500E+03 -5.580E+01 -5.397E+01 -3.309E+01
  6.9847500E+03 -4.966E+01 -4.665E+01 -2.308E+01
  6.9852500E+03 -5.243E+01 -4.987E+01 -2.833E+01
  6.9857500E+03 -4.812E+01 -4.598E+01 -2.660E+01
  6.9862500E+03 -5.230E+01 -4.825E+01 -2.196E+01
  6.9867500E+03 -5.290E+01 -4.957E+01 -2.489E+01
  6.9872500E+03 -4.767E+01 -4.572E+01 -2.618E+01
  6.9877500E+03 -4.762E+01 -4.439E+01 -2.264E+01
  6.9882500E+03 -4.424E+01 -4.203E+01 -2.350E+01
  6.9887500E+03 -4.863E+01 -4.632E+01 -2.525E+01
  6.9892500E+03 -4.633E+01 -4.623E+01 -3.267E+01
  6.9897500E+03 -4.497E+01 -4.274E+01 -2.364E+01
  6.9902500E+03 -4.702E+01 -4.442E+01 -2.407E+01
  6.9907500E+03 -4.768E+01 -4.551E+01 -2.639E+01
  6.9912500E+03 -5.346E+01 -4.995E+01 -2.459E+01
  6.9917500E+03 -4.545E+01 -4.221E+01 -1.990E+01
  6.9922500E+03 -4.653E+01 -4.513E+01 -2.867E+01
  6.9927500E+03 -4.528E+01 -4.222E+01 -1.991E+01
  6.9932500E+03 -4.230E+01 -3.983E+01 -2.018E+01
  6.9937500E+03 -4.420E+01 -4.322E+01 -2.838E+01
  6.9942500E+03 -4.621E+01 -4.322E+01 -2.114E+01
  6.9947500E+03 -4.186E+01 -4.024E+01 -2.350E+01
  6.9952500E+03 -4.033E+01 -3.921E+01 -2.476E+01
  6.9957500E+03 -4.693E+01 -4.454E+01 -2.490E+01
  6.9962500E+03 -4.805E+01 -4.453E+01 -1.987E+01
  6.9967500E+03 -4.437E+01 -4.280E+01 -2.626E+01
  6.9972500E+03 -4.336E+01 -4.145E+01 -2.412E+01
  6.9977500E+03 -4.246E+01 -4.049E+01 -2.380E+01
  6.9982500E+03 -4.281E+01 -4.031E+01 -2.035E+01
  6.9987500E+03 -4.227E+01 -4.082E+01 -2.489E+01
  6.9992500E+03 -4.420E+01 -4.264E+01 -2.504E+01
  6.9997500E+03 -4.709E+01 -4.486E+01 -2.403E+01
  7.0002500E+03 -4.173E+01 -4.014E+01 -2.307E+01
  7.0007500E+03 -3.848E+01 -3.625E+01 -1.982E+01
  7.0012500E+03 -3.865E+01 -3.543E+01 -1.593E+01
  7.0017500E+03 -4.395E+01 -4.035E+01 -1.771E+01
  7.0022500E+03 -3.884E+01 -3.788E+01 -2.543E+01
  7.0027500E+03 -3.802E+01 -3.668E+01 -2.269E+01
  7.0032500E+03 -4.269E+01 -4.085E+01 -2.357E+01
  7.0037500E+03 -4.365E+01 -4.026E+01 -1.906E+01
  7.0042500E+03 -4.097E+01 -3.836E+01 -1.969E+01
  7.0047500E+03 -3.922E+01 -3.761E+01 -2.102E+01
  7.0052500E+03 -3.981E+01 -3.900E+01 -2.315E+01
  7.0057500E+03 -3.722E+01 -3.498E+01 -1.969E+01
  7.0062500E+03 -3.724E+01 -3.732E+01 -2.730E+01
  7.0067500E+03 -4.021E+01 -3.797E+01 -2.072E+01
  7.0072500E+03 -3.962E+01 -3.850E+01 -2.257E+01
  7.0077500E+03 -3.908E+01 -3.686E+01 -1.898E+01
  7.0082500E+03 -3.449E+01 -3.342E+01 -2.030E+01
  7.0087500E+03 -3.848E+01 -3.688E+01 -2.200E+01
  7.0092500E+03 -3.482E+01 -3.380E+01 -2.154E+01
  7.0097500E+03 -3.848E+01 -3.522E+01 -1.497E+01
  7.0102500E+03 -3.694E+01 -3.493E+01 -1.880E+01
  7.0107500E+03 -3.770E+01 -3.566E+01 -1.865E+01
  7.0112500E+03 -3.660E+01 -3.526E+01 -2.095E+01
  7.0117500E+03 -3.868E+01 -3.565E+01 -1.549E+01
  7.0122500E+03 -3.802E+01 -3.562E+01 -1.813E+01
  7.0127500E+03 -3.483E+01 -3.304E+01 -1.798E+01
  7.0132500E+03 -4.046E+01 -3.710E+01 -1.593E+01
  7.0137500E+03 -3.555E+01 -3.350E+01 -1.763E+01
  7.0142500E+03 -3.696E+01 -3.504E+01 -1.886E+01
  7.0147500E+03 -3.708E+01 -3.493E+01 -1.824E+01
  7.0152500E+03 -3.422E+01 -3.234E+01 -1.687E+01
  7.0157500E+03 -3.424E+01 -3.283E+01 -1.926E+01
  7.0162500E+03 -3.546E+01 -3.351E+01 -1.780E+01
  7.0167500E+03 -3.588E+01 -3.461E+01 -2.100E+01
  7.0172500E+03 -3.447E+01 -3.313E+01 -1.967E+01
  7.0177500E+03 -3.679E+01 -3.528E+01 -2.096E+01
  7.0182500E+03 -3.497E+01 -3.313E+01 -1.789E+01
  7.0187500E+03 -3.426E+01 -3.261E+01 -1.802E+01
  7.0192500E+03 -3.339E+01 -3.209E+01 -1.955E+01
  7.0197500E+03 -3.406E+01 -3.334E+01 -2.197E+01
  7.0202500E+03 -3.144E+01 -2.967E+01 -1.483E+01
  7.0207500E+03 -3.571E+01 -3.394E+01 -1.865E+01
  7.0212500E+03 -3.394E+01 -3.242E+01 -1.941E+01
  7.0217500E+03 -3.435E+01 -3.279E+01 -1.862E+01
  7.0222500E+03 -3.332E+01 -3.109E+01 -1.476E+01
  7.0227500E+03 -2.988E+01 -2.776E+01 -1.336E+01
  7.0232500E+03 -3.483E+01 -3.218E+01 -1.336E+01
  7.0237500E+03 -3.395E+01 -3.183E+01 -1.640E+01
  7.0242500E+03 -3.089E+01 -2.945E+01 -1.570E+01
  7.0247500E+03 -3.169E+01 -2.992E+01 -1.579E+01
  7.0252500E+03 -3.051E+01 -2.969E+01 -1.851E+01
  7.0257500E+03 -2.905E+01 -2.751E+01 -1.439E+01
  7.0262500E+03 -3.209E+01 -3.089E+01 -1.921E+01
  7.0267500E+03 -3.261E+01 -3.165E+01 -2.018E+01
  7.0272500E+03 -3.290E+01 -3.101E+01 -1.678E+01
  7.0277500E+03 -3.077E+01 -2.942E+01 -1.723E+01
  7.0282500E+03 -3.058E+01 -2.831E+01 -1.271E+01
  7.0287500E+03 -3.318E+01 -3.150E+01 -1.646E+01
  7.0292500E+03 -3.353E+01 -3.187E+01 -1.726E+01
  7.0297500E+03 -3.056E+01 -3.001E+01 -2.076E+01
  7.0302500E+03 -2.720E+01 -2.637E+01 -1.673E+01
  7.0307500E+03 -2.888E+01 -2.763E+01 -1.583E+01
  7.0312500E+03 -3.253E+01 -3.029E+01 -1.432E+01
  7.0317500E+03 -3.319E+01 -3.057E+01 -1.303E+01
  7.0322500E+03 -3.221E+01 -2.989E+01 -1.320E+01
  7.0327500E+03 -2.969E+01 -2.830E+01 -1.614E+01
  7.0332500E+03 -3.046E+01 -2.835E+01 -1.386E+01
  7.0337500E+03 -2.865E+01 -2.737E+01 -1.612E+01
  7.0342500E+03 -2.926E+01 -2.767E+01 -1.576E+01
  7.0347500E+03 -2.720E+01 -2.755E+01 -2.026E+01
  7.0352500E+03 -2.867E+01 -2.735E+01 -1.529E+01
  7.0357500E+03 -2.946E+01 -2.578E+01 -8.925E+00
  7.0362500E+03 -2.795E+01 -2.655E+01 -1.450E+01
  7.0367500E+03 -2.975E+01 -2.803E+01 -1.438E+01
  7.0372500E+03 -2.738E+01 -2.618E+01 -1.481E+01
  7.0377500E+03 -2.589E+01 -2.533E+01 -1.666E+01
  7.0382500E+03 -3.114E+01 -3.037E+01 -1.878E+01
  7.0387500E+03 -2.793E+01 -2.706E+01 -1.622E+01
  7.0392500E+03 -3.133E+01 -2.968E+01 -1.589E+01
  7.0397500E+03 -2.678E+01 -2.576E+01 -1.461E+01
  7.0402500E+03 -2.640E+01 -2.490E+01 -1.308E+01
  7.0407500E+03 -2.826E+01 -2.673E+01 -1.425E+01
  7.0412500E+03 -2.711E+01 -2.638E+01 -1.712E+01
  7.0417500E+03 -2.692E+01 -2.583E+01 -1.542E+01
  7.0422500E+03 -2.809E+01 -2.687E+01 -1.488E+01
  7.0427500E+03 -2.381E+01 -2.277E+01 -1.248E+01
  7.0432500E+03 -2.583E+01 -2.449E+01 -1.336E+01
  7.0437500E+03 -2.961E+01 -2.777E+01 -1.449E+01
  7.0442500E+03 -2.875E+01 -2.649E+01 -1.136E+01
  7.0447500E+03 -2.668E+01 -2.539E+01 -1.457E+01
  7.0452500E+03 -2.630E+01 -2.566E+01 -1.674E+01
  7.0457500E+03 -2.472E+01 -2.364E+01 -1.301E+01
  7.0462500E+03 -2.517E+01 -2.448E+01 -1.469E+01
  7.0467500E+03 -2.774E+01 -2.663E+01 -1.539E+01
  7.0472500E+03 -2.592E+01 -2.378E+01 -1.062E+01
  7.0477500E+03 -2.683E+01 -2.460E+01 -9.412E+00
  7.0482500E+03 -2.956E+01 -2.789E+01 -1.428E+01
  7.0487500E+03 -2.530E+01 -2.474E+01 -1.615E+01
  7.0492500E+03 -2.731E+01 -2.599E+01 -1.450E+01
  7.0497500E+03 -2.736E+01 -2.578E+01 -1.323E+01
  7.0502500E+03 -2.771E+01 -2.575E+01 -1.247E+01
  7.0507500E+03 -2.639E+01 -2.556E+01 -1.575E+01
  7.0512500E+03 -2.617E+01 -2.535E+01 -1.568E+01
  7.0517500E+03 -2.461E+01 -2.375E+01 -1.352E+01
  7.0522500E+03 -2.371E+01 -2.251E+01 -1.264E+01
  7.0527500E+03 -2.494E+01 -2.455E+01 -1.595E+01
  7.0532500E+03 -2.462E+01 -2.362E+01 -1.386E+01
  7.0537500E+03 -2.308E+01 -2.123E+01 -9.161E+00
  7.0542500E+03 -2.632E+01 -2.504E+01 -1.335E+01
  7.0547500E+03 -2.500E+01 -2.335E+01 -1.133E+01
  7.0552500E+03 -2.548E+01 -2.356E+01 -1.050E+01
  7.0557500E+03 -2.344E+01 -2.318E+01 -1.616E+01
  7.0562500E+03 -2.396E+01 -2.229E+01 -1.127E+01
  7.0567500E+03 -2.564E+01 -2.331E+01 -9.778E+00
  7.0572500E+03 -2.155E+01 -2.127E+01 -1.367E+01
  7.0577500E+03 -2.221E+01 -2.176E+01 -1.295E+01
  7.0582500E+03 -2.366E+01 -2.267E+01 -1.268E+01
  7.0587500E+03 -2.379E+01 -2.348E+01 -1.549E+01
  7.0592500E+03 -2.608E+01 -2.445E+01 -1.276E+01
  7.0597500E+03 -2.479E+01 -2.288E+01 -1.221E+01
  7.0602500E+03 -2.461E+01 -2.233E+01 -1.328E+01
  7.0607500E+03 -2.433E+01 -2.291E+01 -1.202E+01
  7.0612500E+03 -2.240E+01 -2.228E+01 -1.535E+01
  7.0617500E+03 -2.605E+01 -2.382E+01 -9.820E+00
  7.0622500E+03 -2.292E+01 -2.205E+01 -1.132E+01
  7.0627500E+03 -2.136E+01 -2.045E+01 -1.118E+01
  7.0632500E+03 -2.046E+01 -2.060E+01 -1.484E+01
  7.0637500E+03 -2.312E+01 -2.231E+01 -1.294E+01
  7.0642500E+03 -2.303E+01 -2.140E+01 -1.198E+01
  7.0647500E+03 -2.382E+01 -2.255E+01 -1.306E+01
  7.0652500E+03 -2.448E+01 -2.339E+01 -1.335E+01
  7.0657500E+03 -2.275E+01 -2.225E+01 -1.443E+01
  7.0662500E+03 -2.291E+01 -2.217E+01 -1.320E+01
  7.0667500E+03 -1.880E+01 -1.754E+01 -7.620E+00
  7.0672500E+03 -2.348E+01 -2.233E+01 -1.194E+01
  7.0677500E+03 -2.354E+01 -2.243E+01 -1.300E+01
  7.0682500E+03 -2.067E+01 -1.981E+01 -1.071E+01
  7.0687500E+03 -2.094E+01 -2.065E+01 -1.248E+01
  7.0692500E+03 -2.488E+01 -2.338E+01 -1.239E+01
  7.0697500E+03 -2.080E+01 -1.974E+01 -1.103E+01
  7.0702500E+03 -1.984E+01 -1.984E+01 -1.418E+01
  7.0707500E+03 -2.332E+01 -2.198E+01 -1.064E+01
  7.0712500E+03 -2.299E+01 -2.114E+01 -8.705E+00
  7.0717500E+03 -2.158E+01 -2.054E+01 -1.197E+01
  7.0722500E+03 -2.089E+01 -1.958E+01 -1.044E+01
  7.0727500E+03 -2.130E+01 -1.960E+01 -8.813E+00
  7.0732500E+03 -2.409E+01 -2.306E+01 -1.292E+01
  7.0737500E+03 -2.107E+01 -2.084E+01 -1.425E+01
  7.0742500E+03 -2.206E+01 -2.100E+01 -1.124E+01
  7.0747500E+03 -2.063E+01 -1.914E+01 -8.160E+00
  7.0752500E+03 -1.755E+01 -1.650E+01 -9.489E+00
  7.0757500E+03 -2.128E+01 -1.952E+01 -8.639E+00
  7.0762500E+03 -2.198E+01 -2.085E+01 -1.097E+01
  7.0767500E+03 -2.115E+01 -2.049E+01 -1.245E+01
  7.0772500E+03 -1.993E+01 -1.940E+01 -1.254E+01
  7.0777500E+03 -1.971E+01 -1.878E+01 -1.034E+01
  7.0782500E+03 -1.923E+01 -1.859E+01 -1.171E+01
  7.0787500E+03 -2.028E+01 -1.927E+01 -1.075E+01
  7.0792500E+03 -1.982E+01 -1.881E+01 -1.011E+01
  7.0797500E+03 -2.337E+01 -2.196E+01 -1.152E+01
  7.0802500E+03 -2.096E+01 -2.017E+01 -1.209E+01
  7.0807500E+03 -2.213E+01 -2.071E+01 -1.002E+01
  7.0812500E+03 -1.963E+01 -1.880E+01 -1.104E+01
  7.0817500E+03 -1.837E+01 -1.749E+01 -9.615E+00
  7.0822500E+03 -1.846E+01 -1.810E+01 -1.270E+01
  7.0827500E+03 -1.847E+01 -1.790E+01 -1.101E+01
  7.0832500E+03 -1.957E+01 -1.873E+01 -1.045E+01
  7.0837500E+03 -2.066E+01 -1.926E+01 -9.348E+00
  7.0842500E+03 -1.906E+01 -1.868E+01 -1.271E+01
  7.0847500E+03 -2.011E+01 -1.947E+01 -1.187E+01
  7.0852500E+03 -2.053E+01 -1.988E+01 -1.103E+01
  7.0857500E+03 -2.070E+01 -1.989E+01 -1.135E+01
  7.0862500E+03 -2.126E+01 -1.973E+01 -9.325E+00
  7.0867500E+03 -2.090E+01 -1.900E+01 -7.807E+00
  7.0872500E+03 -1.902E+01 -1.785E+01 -1.003E+01
  7.0877500E+03 -1.989E+01 -1.801E+01 -7.572E+00
  7.0882500E+03 -1.835E+01 -1.797E+01 -1.049E+01
  7.0887500E+03 -1.833E+01 -1.760E+01 -9.601E+00
  7.0892500E+03 -1.827E+01 -1.785E+01 -1.147E+01
  7.0897500E+03 -1.809E+01 -1.724E+01 -9.553E+00
  7.0902500E+03 -1.863E+01 -1.742E+01 -9.153E+00
  7.0907500E+03 -1.751E+01 -1.717E+01 -1.159E+01
  7.0912500E+03 -1.947E+01 -1.859E+01 -1.077E+01
  7.0917500E+03 -1.788E+01 -1.693E+01 -8.769E+00
  7.0922500E+03 -1.871E+01 -1.826E+01 -1.123E+01
  7.0927500E+03 -1.874E+01 -1.801E+01 -1.099E+01
  7.0932500E+03 -1.804E+01 -1.764E+01 -1.112E+01
  7.0937500E+03 -1.846E+01 -1.719E+01 -8.081E+00
  7.0942500E+03 -1.858E+01 -1.706E+01 -7.915E+00
  7.0947500E+03 -1.636E+01 -1.616E+01 -1.140E+01
  7.0952500E+03 -1.683E+01 -1.640E+01 -1.045E+01
  7.0957500E+03 -1.796E+01 -1.706E+01 -9.167E+00
  7.0962500E+03 -1.812E+01 -1.770E+01 -1.167E+01
  7.0967500E+03 -1.819E+01 -1.706E+01 -8.822E+00
  7.0972500E+03 -1.688E+01 -1.625E+01 -9.453E+00
  7.0977500E+03 -1.860E+01 -1.816E+01 -1.177E+01
  7.0982500E+03 -1.694E+01 -1.628E+01 -9.589E+00
  7.0987500E+03 -1.783E+01 -1.683E+01 -8.313E+00
  7.0992500E+03 -2.016E+01 -1.856E+01 -7.783E+00
  7.0997500E+03 -1.727E+01 -1.687E+01 -9.926E+00
  7.1002500E+03 -1.729E+01 -1.686E+01 -9.464E+00
  7.1007500E+03 -1.869E+01 -1.752E+01 -8.318E+00
  7.1012500E+03 -1.722E+01 -1.618E+01 -7.961E+00
  7.1017500E+03 -1.674E+01 -1.625E+01 -9.605E+00
  7.1022500E+03 -1.606E+01 -1.585E+01 -1.128E+01
  7.1027500E+03 -1.712E+01 -1.679E+01 -1.099E+01
  7.1032500E+03 -1.629E+01 -1.610E+01 -1.044E+01
  7.1037500E+03 -1.600E+01 -1.534E+01 -9.375E+00
  7.1042500E+03 -1.805E+01 -1.682E+01 -8.653E+00
  7.1047500E+03 -1.648E+01 -1.551E+01 -8.070E+00
  7.1052500E+03 -1.622E+01 -1.566E+01 -8.961E+00
  7.1057500E+03 -1.884E+01 -1.786E+01 -1.010E+01
  7.1062500E+03 -1.641E+01 -1.584E+01 -9.724E+00
  7.1067500E+03 -1.613E+01 -1.445E+01 -6.659E+00
  7.1072500E+03 -1.738E+01 -1.652E+01 -8.155E+00
  7.1077500E+03 -1.558E+01 -1.522E+01 -9.765E+00
  7.1082500E+03 -1.847E+01 -1.700E+01 -7.448E+00
  7.1087500E+03 -1.481E+01 -1.456E+01 -9.174E+00
  7.1092500E+03 -1.761E+01 -1.646E+01 -7.962E+00
  7.1097500E+03 -1.660E+01 -1.598E+01 -9.128E+00
  7.1102500E+03 -1.715E+01 -1.610E+01 -7.932E+00
  7.1107500E+03 -1.545E+01 -1.466E+01 -7.898E+00
  7.1112500E+03 -1.695E+01 -1.592E+01 -8.140E+00
  7.1117500E+03 -1.564E+01 -1.530E+01 -9.794E+00
  7.1122500E+03 -1.573E+01 -1.500E+01 -8.655E+00
  7.1127500E+03 -1.496E+01 -1.403E+01 -6.245E+00
  7.1132500E+03 -1.618E+01 -1.535E+01 -8.953E+00
  7.1137500E+03 -1.503E+01 -1.462E+01 -9.628E+00
  7.1142500E+03 -1.680E+01 -1.578E+01 -7.133E+00
  7.1147500E+03 -1.692E+01 -1.555E+01 -6.256E+00
  7.1152500E+03 -1.368E+01 -1.369E+01 -1.037E+01
  7.1157500E+03 -1.598E+01 -1.509E+01 -8.562E+00
  7.1162500E+03 -1.843E+01 -1.733E+01 -8.552E+00
  7.1167500E+03 -1.414E+01 -1.421E+01 -9.333E+00
  7.1172500E+03 -1.454E+01 -1.406E+01 -8.390E+00
  7.1177500E+03 -1.498E+01 -1.400E+01 -6.981E+00
  7.1182500E+03 -1.323E+01 -1.285E+01 -8.182E+00
  7.1187500E+03 -1.565E+01 -1.495E+01 -8.017E+00
  7.1192500E+03 -1.423E+01 -1.385E+01 -8.886E+00
  7.1197500E+03 -1.480E+01 -1.424E+01 -8.455E+00
  7.1202500E+03 -1.532E+01 -1.467E+01 -7.997E+00
  7.1207500E+03 -1.753E+01 -1.652E+01 -8.556E+00
  7.1212500E+03 -1.781E+01 -1.646E+01 -7.279E+00
  7.1217500E+03 -1.450E+01 -1.369E+01 -7.116E+00
  7.1222500E+03 -1.584E+01 -1.571E+01 -1.048E+01
  7.1227500E+03 -1.574E+01 -1.536E+01 -9.633E+00
  7.1232500E+03 -1.308E+01 -1.301E+01 -9.226E+00
  7.1237500E+03 -1.440E+01 -1.399E+01 -8.365E+00
  7.1242500E+03 -1.473E+01 -1.429E+01 -8.855E+00
  7.1247500E+03 -1.432E+01 -1.430E+01 -1.058E+01
  7.1252500E+03 -1.439E+01 -1.357E+01 -7.797E+00
  7.1257500E+03 -1.683E+01 -1.587E+01 -7.744E+00
  7.1262500E+03 -1.345E+01 -1.294E+01 -8.343E+00
  7.1267500E+03 -1.465E+01 -1.397E+01 -8.093E+00
  7.1272500E+03 -1.494E+01 -1.390E+01 -6.761E+00
  7.1277500E+03 -1.554E+01 -1.460E+01 -7.398E+00
  7.1282500E+03 -1.513E+01 -1.428E+01 -7.193E+00
  7.1287500E+03 -1.464E+01 -1.391E+01 -7.496E+00
  7.1292500E+03 -1.406E+01 -1.354E+01 -6.937E+00
  7.1297500E+03 -1.390E+01 -1.350E+01 -8.780E+00
  7.1302500E+03 -1.511E+01 -1.390E+01 -5.886E+00
  7.1307500E+03 -1.381E+01 -1.352E+01 -8.737E+00
  7.1312500E+03 -1.363E+01 -1.305E+01 -6.696E+00
  7.1317500E+03 -1.244E+01 -1.184E+01 -6.714E+00
  7.1322500E+03 -1.429E+01 -1.379E+01 -8.162E+00
  7.1327500E+03 -1.452E+01 -1.429E+01 -9.427E+00
  7.1332500E+03 -1.440E+01 -1.348E+01 -6.706E+00
  7.1337500E+03 -1.517E+01 -1.392E+01 -6.102E+00
  7.1342500E+03 -1.476E+01 -1.369E+01 -5.995E+00
  7.1347500E+03 -1.338E+01 -1.314E+01 -8.663E+00
  7.1352500E+03 -1.352E+01 -1.314E+01 -8.178E+00
  7.1357500E+03 -1.300E+01 -1.247E+01 -7.109E+00
  7.1362500E+03 -1.315E+01 -1.250E+01 -6.419E+00
  7.1367500E+03 -1.449E+01 -1.359E+01 -6.605E+00
  7.1372500E+03 -1.317E+01 -1.277E+01 -8.101E+00
  7.1377500E+03 -1.438E+01 -1.346E+01 -6.431E+00
  7.1382500E+03 -1.330E+01 -1.278E+01 -6.993E+00
  7.1387500E+03 -1.066E+01 -1.036E+01 -6.099E+00
  7.1392500E+03 -1.414E+01 -1.331E+01 -7.452E+00
  7.1397500E+03 -1.302E+01 -1.265E+01 -7.801E+00
  7.1402500E+03 -1.185E+01 -1.148E+01 -7.338E+00
  7.1407500E+03 -1.406E+01 -1.376E+01 -9.705E+00
  7.1412500E+03 -1.368E+01 -1.288E+01 -7.125E+00
  7.1417500E+03 -1.453E+01 -1.328E+01 -5.252E+00
  7.1422500E+03 -1.320E+01 -1.212E+01 -4.260E+00
  7.1427500E+03 -1.466E+01 -1.367E+01 -6.265E+00
  7.1432500E+03 -1.400E+01 -1.321E+01 -6.876E+00
  7.1437500E+03 -1.586E+01 -1.478E+01 -6.636E+00
  7.1442500E+03 -1.220E+01 -1.210E+01 -8.513E+00
  7.1447500E+03 -1.303E+01 -1.255E+01 -7.404E+00
  7.1452500E+03 -1.314E+01 -1.231E+01 -5.698E+00
  7.1457500E+03 -1.230E+01 -1.193E+01 -7.195E+00
  7.1462500E+03 -1.262E+01 -1.211E+01 -6.702E+00
  7.1467500E+03 -1.295E+01 -1.164E+01 -3.926E+00
  7.1472500E+03 -1.329E+01 -1.300E+01 -8.977E+00
  7.1477500E+03 -1.144E+01 -1.128E+01 -7.616E+00
  7.1482500E+03 -1.121E+01 -1.048E+01 -4.992E+00
  7.1487500E+03 -1.064E+01 -1.058E+01 -7.509E+00
  7.1492500E+03 -1.245E+01 -1.223E+01 -7.940E+00
  7.1497500E+03 -1.340E+01 -1.246E+01 -5.637E+00
  7.1502500E+03 -1.326E+01 -1.277E+01 -7.637E+00
  7.1507500E+03 -1.117E+01 -1.083E+01 -6.596E+00
  7.1512500E+03 -1.353E+01 -1.237E+01 -4.842E+00
  7.1517500E+03 -1.289E+01 -1.224E+01 -7.051E+00
  7.1522500E+03 -1.219E+01 -1.173E+01 -7.103E+00
  7.1527500E+03 -1.174E+01 -1.142E+01 -7.066E+00
  7.1532500E+03 -1.190E+01 -1.148E+01 -7.245E+00
  7.1537500E+03 -1.214E+01 -1.133E+01 -5.792E+00
  7.1542500E+03 -1.161E+01 -1.084E+01 -5.471E+00
  7.1547500E+03 -1.077E+01 -1.040E+01 -6.076E+00
  7.1552500E+03 -1.282E+01 -1.179E+01 -5.579E+00
  7.1557500E+03 -9.843E+00 -9.953E+00 -7.782E+00
  7.1562500E+03 -1.093E+01 -1.100E+01 -8.226E+00
  7.1567500E+03 -1.237E+01 -1.199E+01 -7.285E+00
  7.1572500E+03 -1.172E+01 -1.078E+01 -4.708E+00
  7.1577500E+03 -1.252E+01 -1.176E+01 -5.894E+00
  7.1582500E+03 -1.311E+01 -1.208E+01 -5.095E+00
  7.1587500E+03 -1.203E+01 -1.116E+01 -4.525E+00
  7.1592500E+03 -1.236E+01 -1.185E+01 -6.632E+00
  7.1597500E+03 -1.235E+01 -1.188E+01 -7.020E+00
  7.1602500E+03 -1.223E+01 -1.178E+01 -7.226E+00
  7.1607500E+03 -1.261E+01 -1.140E+01 -4.004E+00
  7.1612500E+03 -1.083E+01 -1.050E+01 -6.566E+00
  7.1617500E+03 -1.207E+01 -1.141E+01 -6.025E+00
  7.1622500E+03 -1.337E+01 -1.276E+01 -6.821E+00
  7.1627500E+03 -1.036E+01 -1.000E+01 -5.778E+00
  7.1632500E+03 -9.365E+00 -9.176E+00 -6.036E+00
  7.1637500E+03 -1.206E+01 -1.141E+01 -6.376E+00
  7.1642500E+03 -1.053E+01 -1.028E+01 -6.251E+00
  7.1647500E+03 -1.144E+01 -1.078E+01 -5.926E+00
  7.1652500E+03 -1.137E+01 -1.103E+01 -6.747E+00
  7.1657500E+03 -1.137E+01 -1.068E+01 -4.913E+00
  7.1662500E+03 -1.113E+01 -1.090E+01 -6.999E+00
  7.1667500E+03 -1.113E+01 -1.055E+01 -5.812E+00
  7.1672500E+03 -1.177E+01 -1.106E+01 -5.765E+00
  7.1677500E+03 -1.188E+01 -1.120E+01 -5.717E+00
  7.1682500E+03 -1.181E+01 -1.106E+01 -5.497E+00
  7.1687500E+03 -1.093E+01 -1.084E+01 -7.087E+00
  7.1692500E+03 -1.028E+01 -9.841E+00 -6.236E+00
  7.1697500E+03 -1.178E+01 -1.127E+01 -6.127E+00
  7.1702500E+03 -1.091E+01 -1.064E+01 -6.640E+00
  7.1707500E+03 -9.911E+00 -9.696E+00 -6.137E+00
  7.1712500E+03 -1.058E+01 -9.820E+00 -4.707E+00
  7.1717500E+03 -1.165E+01 -1.115E+01 -6.446E+00
  7.1722500E+03 -1.223E+01 -1.161E+01 -6.574E+00
  7.1727500E+03 -1.030E+01 -1.017E+01 -6.825E+00
  7.1732500E+03 -1.089E+01 -1.040E+01 -5.615E+00
  7.1737500E+03 -1.030E+01 -1.014E+01 -6.925E+00
  7.1742500E+03 -9.663E+00 -9.538E+00 -6.485E+00
  7.1747500E+03 -1.121E+01 -1.094E+01 -7.505E+00
  7.1752500E+03 -1.087E+01 -1.064E+01 -7.446E+00
  7.1757500E+03 -1.080E+01 -1.028E+01 -5.830E+00
  7.1762500E+03 -1.027E+01 -1.023E+01 -7.052E+00
  7.1767500E+03 -1.020E+01 -9.439E+00 -4.353E+00
  7.1772500E+03 -1.098E+01 -1.070E+01 -6.942E+00
  7.1777500E+03 -9.995E+00 -9.432E+00 -4.770E+00
  7.1782500E+03 -9.205E+00 -8.993E+00 -4.842E+00
  7.1787500E+03 -1.004E+01 -9.712E+00 -5.963E+00
  7.1792500E+03 -8.919E+00 -8.409E+00 -4.357E+00
  7.1797500E+03 -1.057E+01 -1.030E+01 -6.774E+00
  7.1802500E+03 -1.078E+01 -1.049E+01 -6.850E+00
  7.1807500E+03 -1.018E+01 -9.585E+00 -5.014E+00
  7.1812500E+03 -1.113E+01 -1.025E+01 -4.119E+00
  7.1817500E+03 -1.015E+01 -9.670E+00 -5.166E+00
  7.1822500E+03 -9.816E+00 -9.033E+00 -4.173E+00
  7.1827500E+03 -9.236E+00 -8.463E+00 -3.160E+00
  7.1832500E+03 -9.862E+00 -9.361E+00 -5.468E+00
  7.1837500E+03 -9.007E+00 -8.964E+00 -5.843E+00
  7.1842500E+03 -9.705E+00 -9.071E+00 -3.981E+00
  7.1847500E+03 -9.370E+00 -9.127E+00 -6.036E+00
  7.1852500E+03 -1.047E+01 -9.831E+00 -5.277E+00
  7.1857500E+03 -1.014E+01 -1.006E+01 -6.777E+00
  7.1862500E+03 -9.062E+00 -8.711E+00 -5.106E+00
  7.1867500E+03 -1.103E+01 -1.013E+01 -4.469E+00
  7.1872500E+03 -1.088E+01 -1.013E+01 -4.623E+00
  7.1877500E+03 -1.057E+01 -1.030E+01 -5.509E+00
  7.1882500E+03 -9.570E+00 -9.449E+00 -6.089E+00
  7.1887500E+03 -9.150E+00 -8.594E+00 -6.420E+00
  7.1892500E+03 -1.018E+01 -9.284E+00 -5.228E+00
  7.1897500E+03 -1.090E+01 -1.052E+01 -4.329E+00
  7.1902500E+03 -1.012E+01 -9.353E+00 -3.769E+00
  7.1907500E+03 -9.068E+00 -8.427E+00 -3.809E+00
  7.1912500E+03 -9.303E+00 -9.549E+00 -5.882E+00
  7.1917500E+03 -1.128E+01 -1.102E+01 -6.379E+00
  7.1922500E+03 -9.464E+00 -9.528E+00 -6.781E+00
  7.1927500E+03 -9.917E+00 -9.568E+00 -5.402E+00
  7.1932500E+03 -1.036E+01 -9.288E+00 -4.576E+00
  7.1937500E+03 -1.009E+01 -9.754E+00 -6.115E+00
  7.1942500E+03 -8.987E+00 -8.560E+00 -5.391E+00
  7.1947500E+03 -8.996E+00 -8.490E+00 -4.470E+00
  7.1952500E+03 -1.127E+01 -1.110E+01 -7.255E+00
  7.1957500E+03 -9.260E+00 -8.483E+00 -4.466E+00
  7.1962500E+03 -9.890E+00 -9.076E+00 -5.247E+00
  7.1967500E+03 -1.054E+01 -9.908E+00 -4.954E+00
  7.1972500E+03 -8.161E+00 -7.888E+00 -4.414E+00
  7.1977500E+03 -8.290E+00 -8.751E+00 -4.870E+00
  7.1982500E+03 -9.719E+00 -8.742E+00 -4.575E+00
  7.1987500E+03 -8.706E+00 -8.602E+00 -5.072E+00
  7.1992500E+03 -1.061E+01 -1.025E+01 -6.177E+00
  7.1997500E+03 -9.022E+00 -8.971E+00 -5.441E+00
  7.2002500E+03 -9.515E+00 -9.153E+00 -5.324E+00
  7.2007500E+03 -9.875E+00 -9.290E+00 -4.911E+00
  7.2012500E+03 -8.250E+00 -8.001E+00 -5.417E+00
  7.2017500E+03 -7.782E+00 -7.361E+00 -3.040E+00
  7.2022500E+03 -8.656E+00 -8.409E+00 -5.217E+00
  7.2027500E+03 -8.260E+00 -8.210E+00 -5.778E+00
  7.2032500E+03 -9.431E+00 -8.924E+00 -4.927E+00
  7.2037500E+03 -9.936E+00 -9.516E+00 -5.268E+00
  7.2042500E+03 -7.935E+00 -7.836E+00 -5.448E+00
  7.2047500E+03 -7.821E+00 -7.530E+00 -4.241E+00
  7.2052500E+03 -8.505E+00 -8.126E+00 -4.795E+00
  7.2057500E+03 -9.148E+00 -8.968E+00 -6.027E+00
  7.2062500E+03 -9.073E+00 -8.973E+00 -6.205E+00
  7.2067500E+03 -9.459E+00 -8.646E+00 -3.962E+00
  7.2072500E+03 -9.103E+00 -8.251E+00 -3.456E+00
  7.2077500E+03 -9.221E+00 -8.692E+00 -4.045E+00
  7.2082500E+03 -8.594E+00 -8.152E+00 -5.093E+00
  7.2087500E+03 -8.952E+00 -8.234E+00 -3.604E+00
  7.2092500E+03 -9.499E+00 -9.061E+00 -5.002E+00
  7.2097500E+03 -8.268E+00 -8.137E+00 -5.422E+00
  7.2102500E+03 -9.003E+00 -9.080E+00 -6.053E+00
  7.2107500E+03 -8.616E+00 -8.230E+00 -4.490E+00
  7.2112500E+03 -8.729E+00 -8.399E+00 -4.544E+00
  7.2117500E+03 -8.043E+00 -7.412E+00 -3.251E+00
  7.2122500E+03 -8.614E+00 -8.288E+00 -5.408E+00
  7.2127500E+03 -9.168E+00 -8.331E+00 -3.580E+00
  7.2132500E+03 -9.560E+00 -8.912E+00 -4.165E+00
  7.2137500E+03 -8.306E+00 -8.064E+00 -4.846E+00
  7.2142500E+03 -8.488E+00 -8.181E+00 -4.991E+00
  7.2147500E+03 -7.628E+00 -7.311E+00 -3.984E+00
  7.2152500E+03 -8.059E+00 -7.798E+00 -4.966E+00
  7.2157500E+03 -8.170E+00 -7.582E+00 -2.964E+00
  7.2162500E+03 -7.599E+00 -7.282E+00 -3.983E+00
  7.2167500E+03 -8.685E+00 -8.295E+00 -5.078E+00
  7.2172500E+03 -7.504E+00 -7.637E+00 -4.759E+00
  7.2177500E+03 -8.060E+00 -7.594E+00 -4.221E+00
  7.2182500E+03 -8.377E+00 -7.767E+00 -4.588E+00
  7.2187500E+03 -7.832E+00 -7.828E+00 -5.839E+00
  7.2192500E+03 -7.657E+00 -7.644E+00 -5.972E+00
  7.2197500E+03 -8.342E+00 -7.855E+00 -4.105E+00
  7.2202500E+03 -7.666E+00 -7.159E+00 -3.213E+00
  7.2207500E+03 -8.983E+00 -8.392E+00 -4.449E+00
  7.2212500E+03 -7.690E+00 -7.280E+00 -4.178E+00
  7.2217500E+03 -7.476E+00 -6.998E+00 -3.810E+00
  7.2222500E+03 -7.438E+00 -7.180E+00 -4.568E+00
  7.2227500E+03 -6.807E+00 -6.795E+00 -4.781E+00
  7.2232500E+03 -8.584E+00 -7.784E+00 -2.793E+00
  7.2237500E+03 -7.658E+00 -7.826E+00 -5.462E+00
  7.2242500E+03 -7.331E+00 -7.217E+00 -5.036E+00
  7.2247500E+03 -8.526E+00 -8.143E+00 -4.714E+00
  7.2252500E+03 -7.538E+00 -7.296E+00 -3.897E+00
  7.2257500E+03 -7.771E+00 -7.444E+00 -3.469E+00
  7.2262500E+03 -8.218E+00 -8.130E+00 -5.666E+00
  7.2267500E+03 -7.559E+00 -7.288E+00 -4.685E+00
  7.2272500E+03 -8.071E+00 -7.455E+00 -3.463E+00
  7.2277500E+03 -8.852E+00 -8.492E+00 -5.272E+00
  7.2282500E+03 -6.730E+00 -6.478E+00 -3.407E+00
  7.2287500E+03 -7.836E+00 -7.800E+00 -5.214E+00
  7.2292500E+03 -7.726E+00 -7.480E+00 -3.414E+00
  7.2297500E+03 -7.865E+00 -7.671E+00 -4.412E+00
  7.2302500E+03 -8.606E+00 -8.043E+00 -4.036E+00
  7.2307500E+03 -8.241E+00 -7.293E+00 -2.198E+00
  7.2312500E+03 -8.531E+00 -8.218E+00 -4.763E+00
  7.2317500E+03 -7.458E+00 -7.507E+00 -5.450E+00
  7.2322500E+03 -7.496E+00 -7.453E+00 -4.761E+00
  7.2327500E+03 -7.593E+00 -6.866E+00 -2.157E+00
  7.2332500E+03 -8.233E+00 -8.027E+00 -4.848E+00
  7.2337500E+03 -9.239E+00 -8.308E+00 -2.473E+00
  7.2342500E+03 -7.219E+00 -6.814E+00 -3.935E+00
  7.2347500E+03 -6.948E+00 -6.928E+00 -4.347E+00
  7.2352500E+03 -7.251E+00 -6.889E+00 -3.504E+00
  7.2357500E+03 -7.899E+00 -7.358E+00 -3.804E+00
  7.2362500E+03 -7.833E+00 -7.433E+00 -3.744E+00
  7.2367500E+03 -8.245E+00 -7.945E+00 -4.446E+00
  7.2372500E+03 -7.363E+00 -7.201E+00 -4.704E+00
  7.2377500E+03 -7.234E+00 -6.955E+00 -4.980E+00
  7.2382500E+03 -6.969E+00 -6.725E+00 -3.806E+00
  7.2387500E+03 -6.391E+00 -6.104E+00 -4.262E+00
  7.2392500E+03 -7.597E+00 -7.150E+00 -3.126E+00
  7.2397500E+03 -7.324E+00 -7.057E+00 -4.768E+00
  7.2402500E+03 -7.554E+00 -6.565E+00 -2.512E+00
  7.2407500E+03 -7.059E+00 -6.881E+00 -3.810E+00
  7.2412500E+03 -6.540E+00 -6.156E+00 -2.834E+00
  7.2417500E+03 -7.271E+00 -7.316E+00 -4.226E+00
  7.2422500E+03 -7.910E+00 -7.217E+00 -3.110E+00
  7.2427500E+03 -6.422E+00 -5.871E+00 -3.668E+00
  7.2432500E+03 -6.413E+00 -6.506E+00 -4.888E+00
  7.2437500E+03 -8.532E+00 -7.847E+00 -3.442E+00
  7.2442500E+03 -7.419E+00 -6.947E+00 -3.105E+00
  7.2447500E+03 -6.545E+00 -6.375E+00 -3.603E+00
  7.2452500E+03 -6.991E+00 -6.681E+00 -4.040E+00
  7.2457500E+03 -7.429E+00 -7.040E+00 -4.151E+00
  7.2462500E+03 -7.795E+00 -7.484E+00 -3.777E+00
  7.2467500E+03 -7.751E+00 -7.300E+00 -3.420E+00
  7.2472500E+03 -7.065E+00 -6.731E+00 -3.919E+00
  7.2477500E+03 -5.543E+00 -5.741E+00 -4.790E+00
  7.2482500E+03 -6.968E+00 -6.784E+00 -3.515E+00
  7.2487500E+03 -6.664E+00 -6.534E+00 -4.271E+00
  7.2492500E+03 -6.799E+00 -6.521E+00 -4.134E+00
  7.2497500E+03 -5.857E+00 -5.897E+00 -4.665E+00
  7.2502500E+03 -7.056E+00 -7.046E+00 -5.114E+00
  7.2507500E+03 -6.154E+00 -5.813E+00 -3.110E+00
  7.2512500E+03 -7.017E+00 -6.431E+00 -2.688E+00
  7.2517500E+03 -6.856E+00 -6.406E+00 -3.238E+00
  7.2522500E+03 -6.493E+00 -6.473E+00 -4.734E+00
  7.2527500E+03 -7.911E+00 -7.487E+00 -3.440E+00
  7.2532500E+03 -7.457E+00 -7.214E+00 -3.807E+00
  7.2537500E+03 -6.947E+00 -6.651E+00 -4.732E+00
  7.2542500E+03 -7.108E+00 -6.944E+00 -4.645E+00
  7.2547500E+03 -6.944E+00 -6.459E+00 -2.941E+00
  7.2552500E+03 -6.758E+00 -6.183E+00 -2.848E+00
  7.2557500E+03 -6.574E+00 -6.159E+00 -3.196E+00
  7.2562500E+03 -6.977E+00 -6.343E+00 -2.313E+00
  7.2567500E+03 -6.641E+00 -6.587E+00 -4.278E+00
  7.2572500E+03 -7.072E+00 -6.673E+00 -3.516E+00
  7.2577500E+03 -6.432E+00 -6.240E+00 -3.739E+00
  7.2582500E+03 -6.786E+00 -6.255E+00 -3.919E+00
  7.2587500E+03 -6.533E+00 -6.041E+00 -3.555E+00
  7.2592500E+03 -5.977E+00 -5.719E+00 -2.758E+00
  7.2597500E+03 -6.474E+00 -6.395E+00 -3.396E+00
  7.2602500E+03 -6.333E+00 -6.075E+00 -3.329E+00
  7.2607500E+03 -6.233E+00 -6.152E+00 -4.338E+00
  7.2612500E+03 -6.918E+00 -6.811E+00 -4.822E+00
  7.2617500E+03 -6.545E+00 -6.292E+00 -3.650E+00
  7.2622500E+03 -6.108E+00 -5.469E+00 -1.772E+00
  7.2627500E+03 -5.728E+00 -5.291E+00 -3.235E+00
  7.2632500E+03 -6.512E+00 -6.345E+00 -4.049E+00
  7.2637500E+03 -6.856E+00 -6.388E+00 -3.601E+00
  7.2642500E+03 -6.629E+00 -6.006E+00 -2.586E+00
  7.2647500E+03 -7.529E+00 -6.940E+00 -3.669E+00
  7.2652500E+03 -7.377E+00 -7.455E+00 -5.277E+00
  7.2657500E+03 -5.632E+00 -5.545E+00 -3.315E+00
  7.2662500E+03 -6.486E+00 -6.275E+00 -3.395E+00
  7.2667500E+03 -6.807E+00 -6.352E+00 -2.479E+00
  7.2672500E+03 -5.835E+00 -5.482E+00 -2.980E+00
  7.2677500E+03 -6.294E+00 -6.258E+00 -4.472E+00
  7.2682500E+03 -6.090E+00 -5.870E+00 -3.890E+00
  7.2687500E+03 -7.004E+00 -6.607E+00 -3.198E+00
  7.2692500E+03 -6.384E+00 -6.012E+00 -2.951E+00
  7.2697500E+03 -6.666E+00 -6.092E+00 -2.726E+00
  7.2702500E+03 -5.346E+00 -5.345E+00 -4.041E+00
  7.2707500E+03 -5.463E+00 -5.238E+00 -2.714E+00
  7.2712500E+03 -6.197E+00 -6.163E+00 -3.897E+00
  7.2717500E+03 -5.691E+00 -5.805E+00 -4.808E+00
  7.2722500E+03 -5.746E+00 -5.722E+00 -4.441E+00
  7.2727500E+03 -5.621E+00 -5.574E+00 -3.779E+00
  7.2732500E+03 -6.235E+00 -5.993E+00 -3.683E+00
  7.2737500E+03 -6.854E+00 -6.303E+00 -3.062E+00
  7.2742500E+03 -6.549E+00 -6.320E+00 -3.413E+00
  7.2747500E+03 -7.022E+00 -6.355E+00 -3.816E+00
  7.2752500E+03 -5.861E+00 -5.814E+00 -3.540E+00
  7.2757500E+03 -5.218E+00 -5.314E+00 -2.954E+00
  7.2762500E+03 -5.868E+00 -6.054E+00 -3.670E+00
  7.2767500E+03 -5.885E+00 -5.669E+00 -2.966E+00
  7.2772500E+03 -5.694E+00 -5.457E+00 -3.023E+00
  7.2777500E+03 -5.394E+00 -5.493E+00 -4.236E+00
  7.2782500E+03 -5.504E+00 -5.280E+00 -2.884E+00
  7.2787500E+03 -5.757E+00 -5.504E+00 -3.368E+00
  7.2792500E+03 -5.982E+00 -5.641E+00 -2.893E+00
  7.2797500E+03 -5.882E+00 -5.368E+00 -2.003E+00
  7.2802500E+03 -6.427E+00 -6.009E+00 -3.406E+00
  7.2807500E+03 -5.677E+00 -5.711E+00 -4.558E+00
  7.2812500E+03 -4.823E+00 -4.790E+00 -3.176E+00
  7.2817500E+03 -5.080E+00 -4.804E+00 -2.560E+00
  7.2822500E+03 -6.290E+00 -5.930E+00 -2.811E+00
  7.2827500E+03 -5.468E+00 -5.298E+00 -3.290E+00
  7.2832500E+03 -5.982E+00 -5.803E+00 -3.496E+00
  7.2837500E+03 -6.022E+00 -5.861E+00 -3.544E+00
  7.2842500E+03 -5.564E+00 -5.297E+00 -2.922E+00
  7.2847500E+03 -6.092E+00 -6.062E+00 -4.166E+00
  7.2852500E+03 -6.129E+00 -5.759E+00 -2.935E+00
  7.2857500E+03 -6.344E+00 -5.945E+00 -2.598E+00
  7.2862500E+03 -6.156E+00 -5.915E+00 -3.784E+00
  7.2867500E+03 -5.249E+00 -5.188E+00 -3.538E+00
  7.2872500E+03 -5.399E+00 -5.269E+00 -3.214E+00
  7.2877500E+03 -5.535E+00 -5.095E+00 -2.553E+00
  7.2882500E+03 -5.902E+00 -5.558E+00 -2.803E+00
  7.2887500E+03 -6.037E+00 -5.895E+00 -3.380E+00
  7.2892500E+03 -5.425E+00 -5.007E+00 -1.974E+00
  7.2897500E+03 -6.170E+00 -5.732E+00 -2.783E+00
  7.2902500E+03 -4.684E+00 -4.454E+00 -2.511E+00
  7.2907500E+03 -4.685E+00 -4.624E+00 -2.428E+00
  7.2912500E+03 -5.231E+00 -4.897E+00 -2.564E+00
  7.2917500E+03 -6.323E+00 -5.984E+00 -2.963E+00
  7.2922500E+03 -6.420E+00 -6.075E+00 -2.991E+00
  7.2927500E+03 -5.726E+00 -5.228E+00 -2.722E+00
  7.2932500E+03 -5.306E+00 -5.098E+00 -2.689E+00
  7.2937500E+03 -5.128E+00 -4.793E+00 -2.236E+00
  7.2942500E+03 -5.599E+00 -5.466E+00 -3.710E+00
  7.2947500E+03 -4.715E+00 -4.689E+00 -3.200E+00
  7.2952500E+03 -6.075E+00 -5.876E+00 -3.864E+00
  7.2957500E+03 -4.871E+00 -5.181E+00 -4.553E+00
  7.2962500E+03 -6.242E+00 -5.957E+00 -2.423E+00
  7.2967500E+03 -5.573E+00 -5.236E+00 -1.985E+00
  7.2972500E+03 -5.538E+00 -5.113E+00 -2.504E+00
  7.2977500E+03 -4.814E+00 -4.413E+00 -2.331E+00
  7.2982500E+03 -5.347E+00 -5.000E+00 -2.526E+00
  7.2987500E+03 -5.610E+00 -5.573E+00 -3.439E+00
  7.2992500E+03 -5.854E+00 -5.851E+00 -4.210E+00
  7.2997500E+03 -5.483E+00 -5.328E+00 -3.655E+00
  7.3002500E+03 -4.980E+00 -4.753E+00 -2.706E+00
  7.3007500E+03 -5.189E+00 -5.139E+00 -3.247E+00
  7.3012500E+03 -5.582E+00 -5.183E+00 -2.001E+00
  7.3017500E+03 -5.301E+00 -5.076E+00 -2.909E+00
  7.3022500E+03 -4.790E+00 -4.520E+00 -2.441E+00
  7.3027500E+03 -4.353E+00 -4.238E+00 -2.530E+00
  7.3032500E+03 -4.532E+00 -4.578E+00 -3.811E+00
  7.3037500E+03 -4.907E+00 -4.778E+00 -2.953E+00
  7.3042500E+03 -4.964E+00 -4.483E+00 -1.821E+00
  7.3047500E+03 -5.919E+00 -5.762E+00 -3.512E+00
  7.3052500E+03 -5.700E+00 -5.349E+00 -2.446E+00
  7.3057500E+03 -5.394E+00 -5.176E+00 -2.745E+00
  7.3062500E+03 -5.360E+00 -4.925E+00 -2.028E+00
  7.3067500E+03 -4.505E+00 -4.278E+00 -2.429E+00
  7.3072500E+03 -4.619E+00 -4.800E+00 -3.250E+00
  7.3077500E+03 -4.391E+00 -4.426E+00 -3.225E+00
  7.3082500E+03 -4.650E+00 -4.768E+00 -4.017E+00
  7.3087500E+03 -4.942E+00 -4.750E+00 -2.474E+00
  7.3092500E+03 -4.922E+00 -4.940E+00 -3.392E+00
  7.3097500E+03 -5.362E+00 -5.064E+00 -2.507E+00
  7.3102500E+03 -5.216E+00 -4.801E+00 -2.146E+00
  7.3107500E+03 -6.210E+00 -5.773E+00 -3.212E+00
  7.3112500E+03 -5.066E+00 -4.617E+00 -2.046E+00
  7.3117500E+03 -4.647E+00 -4.586E+00 -2.455E+00
  7.3122500E+03 -4.278E+00 -4.199E+00 -3.220E+00
  7.3127500E+03 -5.127E+00 -4.833E+00 -2.940E+00
  7.3132500E+03 -4.754E+00 -4.489E+00 -2.868E+00
  7.3137500E+03 -4.200E+00 -4.169E+00 -2.869E+00
  7.3142500E+03 -5.144E+00 -4.954E+00 -2.834E+00
  7.3147500E+03 -5.512E+00 -5.264E+00 -3.150E+00
  7.3152500E+03 -5.128E+00 -4.938E+00 -2.673E+00
  7.3157500E+03 -4.601E+00 -4.563E+00 -3.122E+00
  7.3162500E+03 -4.741E+00 -4.837E+00 -3.973E+00
  7.3167500E+03 -4.382E+00 -4.445E+00 -3.405E+00
  7.3172500E+03 -4.822E+00 -4.465E+00 -2.380E+00
  7.3177500E+03 -4.552E+00 -4.252E+00 -2.132E+00
  7.3182500E+03 -5.000E+00 -4.507E+00 -1.556E+00
  7.3187500E+03 -4.992E+00 -4.613E+00 -2.061E+00
  7.3192500E+03 -5.205E+00 -4.768E+00 -2.079E+00
  7.3197500E+03 -4.512E+00 -4.094E+00 -2.008E+00
  7.3202500E+03 -4.293E+00 -4.306E+00 -3.291E+00
  7.3207500E+03 -4.476E+00 -4.696E+00 -2.110E+00
  7.3212500E+03 -5.531E+00 -5.208E+00 -2.572E+00
  7.3217500E+03 -4.288E+00 -3.883E+00 -2.458E+00
  7.3222500E+03 -4.214E+00 -4.064E+00 -2.819E+00
  7.3227500E+03 -5.791E+00 -5.344E+00 -1.930E+00
  7.3232500E+03 -5.007E+00 -4.816E+00 -2.915E+00
  7.3237500E+03 -4.630E+00 -4.453E+00 -3.536E+00
  7.3242500E+03 -4.016E+00 -4.111E+00 -3.046E+00
  7.3247500E+03 -5.145E+00 -4.890E+00 -2.452E+00
  7.3252500E+03 -5.123E+00 -4.855E+00 -2.893E+00
  7.3257500E+03 -4.633E+00 -4.438E+00 -2.460E+00
  7.3262500E+03 -4.722E+00 -4.562E+00 -2.265E+00
  7.3267500E+03 -4.142E+00 -4.004E+00 -2.163E+00
  7.3272500E+03 -4.396E+00 -4.267E+00 -3.101E+00
  7.3277500E+03 -4.140E+00 -4.249E+00 -3.219E+00
  7.3282500E+03 -3.760E+00 -3.608E+00 -1.880E+00
  7.3287500E+03 -4.895E+00 -4.756E+00 -2.774E+00
  7.3292500E+03 -4.838E+00 -4.666E+00 -3.197E+00
  7.3297500E+03 -5.292E+00 -5.026E+00 -2.778E+00
  7.3302500E+03 -4.896E+00 -4.540E+00 -2.209E+00
  7.3307500E+03 -4.263E+00 -3.882E+00 -1.233E+00
  7.3312500E+03 -3.861E+00 -3.713E+00 -2.123E+00
  7.3317500E+03 -4.635E+00 -4.201E+00 -1.949E+00
  7.3322500E+03 -4.470E+00 -4.191E+00 -2.426E+00
  7.3327500E+03 -4.243E+00 -3.901E+00 -1.552E+00
  7.3332500E+03 -3.742E+00 -3.750E+00 -2.431E+00
  7.3337500E+03 -3.998E+00 -3.845E+00 -2.265E+00
  7.3342500E+03 -4.404E+00 -4.172E+00 -2.606E+00
  7.3347500E+03 -4.794E+00 -4.632E+00 -2.991E+00
  7.3352500E+03 -4.588E+00 -4.524E+00 -2.847E+00
  7.3357500E+03 -4.322E+00 -4.393E+00 -3.117E+00
  7.3362500E+03 -4.300E+00 -4.321E+00 -2.216E+00
  7.3367500E+03 -4.544E+00 -4.492E+00 -2.950E+00
  7.3372500E+03 -4.233E+00 -3.871E+00 -1.644E+00
  7.3377500E+03 -3.926E+00 -3.630E+00 -1.572E+00
  7.3382500E+03 -4.876E+00 -4.644E+00 -2.635E+00
  7.3387500E+03 -4.194E+00 -4.154E+00 -3.364E+00
  7.3392500E+03 -4.798E+00 -4.499E+00 -2.212E+00
  7.3397500E+03 -4.582E+00 -4.242E+00 -1.648E+00
  7.3402500E+03 -5.121E+00 -4.703E+00 -2.407E+00
  7.3407500E+03 -5.079E+00 -4.452E+00 -1.496E+00
  7.3412500E+03 -4.334E+00 -3.991E+00 -1.528E+00
  7.3417500E+03 -4.258E+00 -4.121E+00 -2.401E+00
  7.3422500E+03 -4.709E+00 -4.444E+00 -2.458E+00
  7.3427500E+03 -4.389E+00 -4.396E+00 -3.354E+00
  7.3432500E+03 -2.971E+00 -3.303E+00 -2.801E+00
  7.3437500E+03 -3.883E+00 -3.639E+00 -1.939E+00
  7.3442500E+03 -4.400E+00 -4.102E+00 -2.112E+00
  7.3447500E+03 -4.496E+00 -4.210E+00 -2.137E+00
  7.3452500E+03 -4.283E+00 -4.181E+00 -2.181E+00
  7.3457500E+03 -4.341E+00 -4.303E+00 -2.608E+00
  7.3462500E+03 -4.368E+00 -4.389E+00 -3.062E+00
  7.3467500E+03 -4.650E+00 -4.458E+00 -2.555E+00
  7.3472500E+03 -3.588E+00 -3.522E+00 -1.997E+00
  7.3477500E+03 -4.670E+00 -4.275E+00 -1.719E+00
  7.3482500E+03 -3.991E+00 -3.810E+00 -1.845E+00
  7.3487500E+03 -4.459E+00 -4.251E+00 -2.138E+00
  7.3492500E+03 -3.743E+00 -3.856E+00 -2.968E+00
  7.3497500E+03 -4.102E+00 -4.156E+00 -3.585E+00
  7.3502500E+03 -3.656E+00 -3.733E+00 -2.637E+00
  7.3507500E+03 -3.861E+00 -3.718E+00 -1.863E+00
  7.3512500E+03 -4.270E+00 -4.019E+00 -1.553E+00
  7.3517500E+03 -2.897E+00 -2.885E+00 -2.137E+00
  7.3522500E+03 -3.869E+00 -3.782E+00 -2.602E+00
  7.3527500E+03 -4.714E+00 -4.443E+00 -2.106E+00
  7.3532500E+03 -4.085E+00 -3.728E+00 -2.011E+00
  7.3537500E+03 -3.515E+00 -3.353E+00 -1.920E+00
  7.3542500E+03 -3.800E+00 -3.691E+00 -2.141E+00
  7.3547500E+03 -4.131E+00 -3.848E+00 -1.783E+00
  7.3552500E+03 -4.789E+00 -4.622E+00 -2.816E+00
  7.3557500E+03 -3.915E+00 -4.224E+00 -3.678E+00
  7.3562500E+03 -4.241E+00 -3.936E+00 -1.813E+00
  7.3567500E+03 -4.126E+00 -3.949E+00 -2.007E+00
  7.3572500E+03 -4.465E+00 -4.271E+00 -2.325E+00
  7.3577500E+03 -3.584E+00 -3.470E+00 -1.679E+00
  7.3582500E+03 -4.227E+00 -4.199E+00 -2.871E+00
  7.3587500E+03 -3.737E+00 -3.550E+00 -2.267E+00
  7.3592500E+03 -4.525E+00 -3.935E+00 -1.139E+00
  7.3597500E+03 -4.032E+00 -3.961E+00 -2.090E+00
  7.3602500E+03 -3.683E+00 -3.529E+00 -2.196E+00
  7.3607500E+03 -3.889E+00 -3.583E+00 -1.848E+00
  7.3612500E+03 -4.061E+00 -3.870E+00 -2.018E+00
  7.3617500E+03 -3.420E+00 -3.254E+00 -1.830E+00
  7.3622500E+03 -3.475E+00 -3.432E+00 -2.191E+00
  7.3627500E+03 -3.716E+00 -3.719E+00 -2.582E+00
  7.3632500E+03 -4.932E+00 -4.663E+00 -2.330E+00
  7.3637500E+03 -5.146E+00 -4.901E+00 -2.928E+00
  7.3642500E+03 -3.597E+00 -3.585E+00 -2.552E+00
  7.3647500E+03 -4.616E+00 -4.505E+00 -2.768E+00
  7.3652500E+03 -4.334E+00 -3.935E+00 -1.590E+00
  7.3657500E+03 -3.480E+00 -3.272E+00 -1.858E+00
  7.3662500E+03 -2.925E+00 -2.879E+00 -1.847E+00
  7.3667500E+03 -3.306E+00 -3.296E+00 -1.774E+00
  7.3672500E+03 -4.291E+00 -4.110E+00 -2.743E+00
  7.3677500E+03 -4.147E+00 -3.857E+00 -2.053E+00
  7.3682500E+03 -3.991E+00 -3.548E+00 -1.250E+00
  7.3687500E+03 -3.218E+00 -3.101E+00 -2.093E+00
  7.3692500E+03 -3.065E+00 -3.272E+00 -2.648E+00
  7.3697500E+03 -3.688E+00 -3.603E+00 -2.426E+00
  7.3702500E+03 -3.559E+00 -3.506E+00 -2.426E+00
  7.3707500E+03 -3.335E+00 -3.106E+00 -2.217E+00
  7.3712500E+03 -3.982E+00 -3.466E+00 -8.981E-01
  7.3717500E+03 -3.577E+00 -3.549E+00 -2.157E+00
  7.3722500E+03 -4.533E+00 -4.422E+00 -2.859E+00
  7.3727500E+03 -3.397E+00 -3.359E+00 -1.928E+00
  7.3732500E+03 -4.856E+00 -4.392E+00 -1.899E+00
  7.3737500E+03 -3.431E+00 -3.152E+00 -1.504E+00
  7.3742500E+03 -3.362E+00 -3.408E+00 -2.192E+00
  7.3747500E+03 -4.001E+00 -3.945E+00 -2.363E+00
  7.3752500E+03 -4.001E+00 -3.813E+00 -2.256E+00
  7.3757500E+03 -3.827E+00 -3.672E+00 -1.896E+00
  7.3762500E+03 -3.959E+00 -3.733E+00 -2.205E+00
  7.3767500E+03 -4.393E+00 -4.176E+00 -2.076E+00
  7.3772500E+03 -4.049E+00 -4.087E+00 -2.788E+00
  7.3777500E+03 -3.917E+00 -3.723E+00 -1.774E+00
  7.3782500E+03 -3.346E+00 -3.059E+00 -1.378E+00
  7.3787500E+03 -2.506E+00 -2.642E+00 -2.131E+00
  7.3792500E+03 -3.313E+00 -3.364E+00 -1.708E+00
  7.3797500E+03 -3.804E+00 -3.511E+00 -1.567E+00
  7.3802500E+03 -2.756E+00 -2.900E+00 -2.694E+00
  7.3807500E+03 -3.062E+00 -2.936E+00 -2.162E+00
  7.3812500E+03 -3.340E+00 -3.255E+00 -1.706E+00
  7.3817500E+03 -3.499E+00 -3.611E+00 -2.346E+00
  7.3822500E+03 -3.792E+00 -3.615E+00 -1.849E+00
  7.3827500E+03 -3.152E+00 -2.158E+00 -1.559E+00
  7.3832500E+03 -3.107E+00 -3.049E+00 -2.112E+00
  7.3837500E+03 -4.412E+00 -4.255E+00 -2.167E+00
  7.3842500E+03 -3.696E+00 -3.300E+00 -1.349E+00
  7.3847500E+03 -3.917E+00 -3.593E+00 -1.949E+00
  7.3852500E+03 -3.295E+00 -3.148E+00 -1.784E+00
  7.3857500E+03 -3.845E+00 -3.300E+00 -4.520E-01
  7.3862500E+03 -3.662E+00 -3.475E+00 -1.929E+00
  7.3867500E+03 -3.479E+00 -3.387E+00 -2.096E+00
  7.3872500E+03 -2.685E+00 -2.659E+00 -1.741E+00
  7.3877500E+03 -4.102E+00 -3.820E+00 -1.799E+00
  7.3882500E+03 -3.595E+00 -3.441E+00 -2.446E+00
  7.3887500E+03 -4.213E+00 -3.830E+00 -1.793E+00
  7.3892500E+03 -2.977E+00 -2.878E+00 -1.430E+00
  7.3897500E+03 -2.559E+00 -2.616E+00 -1.881E+00
  7.3902500E+03 -3.938E+00 -3.868E+00 -2.146E+00
  7.3907500E+03 -4.241E+00 -4.056E+00 -2.293E+00
  7.3912500E+03 -2.879E+00 -2.884E+00 -1.849E+00
  7.3917500E+03 -4.422E+00 -4.139E+00 -1.757E+00
  7.3922500E+03 -3.235E+00 -3.118E+00 -1.335E+00
  7.3927500E+03 -3.437E+00 -3.560E+00 -3.178E+00
  7.3932500E+03 -3.647E+00 -3.466E+00 -2.062E+00
  7.3937500E+03 -3.115E+00 -2.799E+00 -8.193E-01
  7.3942500E+03 -3.269E+00 -3.010E+00 -1.054E+00
  7.3947500E+03 -3.540E+00 -3.282E+00 -1.494E+00
  7.3952500E+03 -3.637E+00 -3.361E+00 -1.575E+00
  7.3957500E+03 -3.135E+00 -3.113E+00 -1.956E+00
  7.3962500E+03 -4.073E+00 -3.975E+00 -2.575E+00
  7.3967500E+03 -2.968E+00 -2.971E+00 -1.685E+00
  7.3972500E+03 -3.136E+00 -2.940E+00 -1.575E+00
  7.3977500E+03 -2.820E+00 -2.721E+00 -1.781E+00
  7.3982500E+03 -3.719E+00 -3.512E+00 -1.819E+00
  7.3987500E+03 -3.428E+00 -3.154E+00 -2.121E+00
  7.3992500E+03 -2.845E+00 -2.645E+00 -1.775E+00
  7.3997500E+03 -2.618E+00 -2.787E+00 -1.779E+00
  7.4002500E+03 -3.951E+00 -3.621E+00 -7.678E-01
  7.4007500E+03 -3.254E+00 -3.337E+00 -2.343E+00
  7.4012500E+03 -3.514E+00 -3.655E+00 -2.375E+00
  7.4017500E+03 -3.559E+00 -3.508E+00 -2.064E+00
  7.4022500E+03 -3.228E+00 -3.111E+00 -1.823E+00
  7.4027500E+03 -3.608E+00 -3.394E+00 -1.747E+00
  7.4032500E+03 -2.862E+00 -2.609E+00 -1.432E+00
  7.4037500E+03 -2.991E+00 -2.727E+00 -1.146E+00
  7.4042500E+03 -3.526E+00 -3.288E+00 -1.500E+00
  7.4047500E+03 -3.605E+00 -3.368E+00 -1.575E+00
  7.4052500E+03 -2.835E+00 -2.677E+00 -1.062E+00
  7.4057500E+03 -2.613E+00 -2.808E+00 -2.390E+00
  7.4062500E+03 -3.283E+00 -3.153E+00 -1.557E+00
  7.4067500E+03 -3.601E+00 -3.106E+00 -9.337E-01
  7.4072500E+03 -3.197E+00 -2.864E+00 -1.754E+00
  7.4077500E+03 -3.858E+00 -3.394E+00 -1.846E+00
  7.4082500E+03 -2.030E+00 -2.097E+00 -2.104E+00
  7.4087500E+03 -3.154E+00 -3.102E+00 -2.007E+00
  7.4092500E+03 -3.403E+00 -3.481E+00 -1.359E+00
  7.4097500E+03 -3.630E+00 -3.846E+00 -2.169E+00
  7.4102500E+03 -3.480E+00 -3.512E+00 -2.129E+00
  7.4107500E+03 -3.722E+00 -3.925E+00 -2.548E+00
  7.4112500E+03 -3.242E+00 -3.245E+00 -1.294E+00
  7.4117500E+03 -2.344E+00 -2.483E+00 -2.359E+00
  7.4122500E+03 -3.109E+00 -2.880E+00 -2.210E+00
  7.4127500E+03 -2.980E+00 -2.706E+00 -1.422E+00
  7.4132500E+03 -3.038E+00 -2.805E+00 -1.763E+00
  7.4137500E+03 -2.833E+00 -2.683E+00 -1.687E+00
  7.4142500E+03 -3.155E+00 -3.070E+00 -2.264E+00
  7.4147500E+03 -2.712E+00 -2.562E+00 -1.841E+00
  7.4152500E+03 -3.272E+00 -3.078E+00 -1.724E+00
  7.4157500E+03 -3.668E+00 -3.324E+00 -1.394E+00
  7.4162500E+03 -3.378E+00 -3.253E+00 -1.591E+00
  7.4167500E+03 -2.950E+00 -2.988E+00 -1.640E+00
  7.4172500E+03 -3.452E+00 -3.345E+00 -2.085E+00
  7.4177500E+03 -2.473E+00 -2.625E+00 -2.725E+00
  7.4182500E+03 -2.946E+00 -3.012E+00 -2.215E+00
  7.4187500E+03 -3.215E+00 -2.970E+00 -7.028E-01
  7.4192500E+03 -3.722E+00 -3.381E+00 -1.297E+00
  7.4197500E+03 -3.165E+00 -2.808E+00 -8.011E-01
  7.4202500E+03 -3.050E+00 -3.012E+00 -2.175E+00
  7.4207500E+03 -2.485E+00 -2.339E+00 -1.624E+00
  7.4212500E+03 -2.502E+00 -2.655E+00 -2.460E+00
  7.4217500E+03 -2.985E+00 -2.983E+00 -2.191E+00
  7.4222500E+03 -3.190E+00 -2.897E+00 -1.168E+00
  7.4227500E+03 -3.291E+00 -3.053E+00 -1.430E+00
  7.4232500E+03 -3.123E+00 -3.092E+00 -1.863E+00
  7.4237500E+03 -2.554E+00 -2.769E+00 -2.100E+00
  7.4242500E+03 -2.987E+00 -2.971E+00 -2.104E+00
  7.4247500E+03 -2.837E+00 -2.749E+00 -1.184E+00
  7.4252500E+03 -3.270E+00 -2.894E+00 -6.137E-01
  7.4257500E+03 -2.265E+00 -2.225E+00 -1.525E+00
  7.4262500E+03 -3.120E+00 -2.993E+00 -1.295E+00
  7.4267500E+03 -3.069E+00 -3.180E+00 -2.727E+00
  7.4272500E+03 -2.308E+00 -2.545E+00 -2.423E+00
  7.4277500E+03 -3.511E+00 -3.220E+00 -1.905E+00
  7.4282500E+03 -2.325E+00 -2.407E+00 -2.034E+00
  7.4287500E+03 -3.046E+00 -2.908E+00 -1.647E+00
  7.4292500E+03 -3.168E+00 -2.622E+00 -7.315E-01
  7.4297500E+03 -3.175E+00 -2.538E+00 -7.254E-01
  7.4302500E+03 -2.587E+00 -2.724E+00 -1.835E+00
  7.4307500E+03 -3.765E+00 -3.415E+00 -1.410E+00
  7.4312500E+03 -3.066E+00 -2.958E+00 -1.508E+00
  7.4317500E+03 -2.843E+00 -2.569E+00 -1.103E+00
  7.4322500E+03 -3.068E+00 -2.747E+00 -1.378E+00
  7.4327500E+03 -3.419E+00 -3.446E+00 -1.545E+00
  7.4332500E+03 -3.031E+00 -2.982E+00 -2.235E+00
  7.4337500E+03 -3.112E+00 -2.862E+00 -1.035E+00
  7.4342500E+03 -2.640E+00 -2.501E+00 -1.155E+00
  7.4347500E+03 -1.640E+00 -1.630E+00 -1.559E+00
  7.4352500E+03 -2.548E+00 -2.376E+00 -1.383E+00
  7.4357500E+03 -2.985E+00 -2.831E+00 -1.603E+00
  7.4362500E+03 -3.097E+00 -3.107E+00 -2.355E+00
  7.4367500E+03 -2.575E+00 -2.539E+00 -1.593E+00
  7.4372500E+03 -2.271E+00 -2.518E+00 -2.025E+00
  7.4377500E+03 -3.522E+00 -3.280E+00 -1.213E+00
  7.4382500E+03 -2.946E+00 -2.684E+00 -1.329E+00
  7.4387500E+03 -2.737E+00 -2.613E+00 -1.693E+00
  7.4392500E+03 -2.462E+00 -2.279E+00 -1.110E+00
  7.4397500E+03 -2.609E+00 -2.460E+00 -1.242E+00
  7.4402500E+03 -2.253E+00 -2.042E+00 -5.287E-01
  7.4407500E+03 -2.669E+00 -2.634E+00 -1.662E+00
  7.4412500E+03 -3.388E+00 -3.482E+00 -1.818E+00
  7.4417500E+03 -2.627E+00 -2.593E+00 -1.909E+00
  7.4422500E+03 -2.258E+00 -2.047E+00 -1.969E+00
  7.4427500E+03 -3.195E+00 -3.025E+00 -7.560E-01
  7.4432500E+03 -1.991E+00 -2.198E+00 -8.478E-01
  7.4437500E+03 -2.472E+00 -2.235E+00 -8.160E-01
  7.4442500E+03 -2.871E+00 -2.749E+00 -1.736E+00
  7.4447500E+03 -2.718E+00 -2.590E+00 -1.553E+00
  7.4452500E+03 -3.124E+00 -2.977E+00 -1.391E+00
  7.4457500E+03 -2.358E+00 -2.176E+00 -9.280E-01
  7.4462500E+03 -2.501E+00 -2.157E+00 -1.066E+00
  7.4467500E+03 -2.282E+00 -2.069E+00 -1.485E+00
  7.4472500E+03 -3.047E+00 -3.020E+00 -1.244E+00
  7.4477500E+03 -3.482E+00 -3.170E+00 -7.984E-01
  7.4482500E+03 -2.982E+00 -3.356E+00 -2.860E+00
  7.4487500E+03 -2.277E+00 -2.316E+00 -1.718E+00
  7.4492500E+03 -3.253E+00 -2.931E+00 -1.947E+00
  7.4497500E+03 -2.874E+00 -2.813E+00 -1.743E+00
  7.4502500E+03 -2.447E+00 -2.346E+00 -1.227E+00
  7.4507500E+03 -1.761E+00 -1.767E+00 -1.394E+00
  7.4512500E+03 -2.198E+00 -2.158E+00 -9.834E-01
  7.4517500E+03 -3.054E+00 -2.926E+00 -1.709E+00
  7.4522500E+03 -2.758E+00 -2.601E+00 -1.382E+00
  7.4527500E+03 -2.609E+00 -2.415E+00 -9.506E-01
  7.4532500E+03 -2.325E+00 -2.286E+00 -8.020E-01
  7.4537500E+03 -2.475E+00 -2.474E+00 -2.041E+00
  7.4542500E+03 -2.054E+00 -2.204E+00 -2.254E+00
  7.4547500E+03 -2.343E+00 -2.086E+00 -4.851E-01
  7.4552500E+03 -2.523E+00 -2.456E+00 -1.693E+00
  7.4557500E+03 -3.348E+00 -3.016E+00 -1.079E+00
  7.4562500E+03 -3.366E+00 -3.043E+00 -1.402E+00
  7.4567500E+03 -2.316E+00 -2.388E+00 -1.748E+00
  7.4572500E+03 -2.585E+00 -2.501E+00 -1.555E+00
  7.4577500E+03 -2.570E+00 -2.523E+00 -1.465E+00
  7.4582500E+03 -2.605E+00 -2.350E+00 -1.045E+00
  7.4587500E+03 -1.835E+00 -1.823E+00 -1.334E+00
  7.4592500E+03 -2.479E+00 -2.586E+00 -2.115E+00
  7.4597500E+03 -2.503E+00 -2.672E+00 -2.300E+00
  7.4602500E+03 -1.728E+00 -1.493E+00 -1.127E+00
  7.4607500E+03 -2.534E+00 -2.456E+00 -1.749E+00
  7.4612500E+03 -2.679E+00 -2.491E+00 -1.297E+00
  7.4617500E+03 -2.957E+00 -2.557E+00 -1.710E-01
  7.4622500E+03 -2.907E+00 -2.655E+00 -9.914E-01
  7.4627500E+03 -2.611E+00 -2.526E+00 -1.148E+00
  7.4632500E+03 -2.128E+00 -2.137E+00 -1.375E+00
  7.4637500E+03 -2.231E+00 -2.185E+00 -1.013E+00
  7.4642500E+03 -2.283E+00 -2.180E+00 -1.344E+00
  7.4647500E+03 -2.406E+00 -2.267E+00 -1.365E+00
  7.4652500E+03 -2.498E+00 -2.505E+00 -1.824E+00
  7.4657500E+03 -2.748E+00 -2.736E+00 -2.103E+00
  7.4662500E+03 -1.864E+00 -2.250E+00 -2.527E+00
  7.4667500E+03 -2.437E+00 -2.274E+00 -1.016E+00
  7.4672500E+03 -2.830E+00 -2.702E+00 -1.141E+00
  7.4677500E+03 -2.487E+00 -2.519E+00 -1.686E+00
  7.4682500E+03 -2.601E+00 -2.625E+00 -2.054E+00
  7.4687500E+03 -2.281E+00 -2.183E+00 -1.383E+00
  7.4692500E+03 -2.652E+00 -2.290E+00 -7.373E-01
  7.4697500E+03 -2.283E+00 -2.217E+00 -1.274E+00
  7.4702500E+03 -2.219E+00 -2.247E+00 -1.785E+00
  7.4707500E+03 -2.736E+00 -2.438E+00 -6.199E-01
  7.4712500E+03 -2.913E+00 -2.649E+00 -1.154E+00
  7.4717500E+03 -2.509E+00 -2.459E+00 -1.145E+00
  7.4722500E+03 -2.627E+00 -2.346E+00 -5.086E-01
  7.4727500E+03 -2.009E+00 -1.821E+00 -1.284E+00
  7.4732500E+03 -2.257E+00 -2.272E+00 -1.459E+00
  7.4737500E+03 -2.740E+00 -2.557E+00 -1.148E+00
  7.4742500E+03 -2.015E+00 -2.015E+00 -1.501E+00
  7.4747500E+03 -2.710E+00 -2.499E+00 -4.171E-01
  7.4752500E+03 -1.932E+00 -1.819E+00 -1.819E+00
  7.4757500E+03 -2.409E+00 -2.444E+00 -1.654E+00
  7.4762500E+03 -2.163E+00 -2.392E+00 -2.154E+00
  7.4767500E+03 -2.041E+00 -2.138E+00 -2.075E+00
  7.4772500E+03 -2.818E+00 -2.568E+00 -1.624E+00
  7.4777500E+03 -2.459E+00 -2.415E+00 -1.323E+00
  7.4782500E+03 -2.752E+00 -2.504E+00 -1.435E+00
  7.4787500E+03 -2.298E+00 -2.142E+00 -8.149E-01
  7.4792500E+03 -2.651E+00 -2.477E+00 -1.689E+00
  7.4797500E+03 -2.439E+00 -2.297E+00 -1.219E+00
  7.4802500E+03 -2.530E+00 -2.262E+00 -1.179E+00
  7.4807500E+03 -2.527E+00 -2.549E+00 -2.038E+00
  7.4812500E+03 -2.486E+00 -2.268E+00 -8.451E-01
  7.4817500E+03 -2.477E+00 -2.420E+00 -1.296E+00
  7.4822500E+03 -2.009E+00 -2.023E+00 -1.236E+00
  7.4827500E+03 -2.343E+00 -2.432E+00 -1.532E+00
  7.4832500E+03 -1.491E+00 -1.476E+00 -9.302E-01
  7.4837500E+03 -2.136E+00 -2.099E+00 -1.121E+00
  7.4842500E+03 -2.185E+00 -2.033E+00 -9.319E-01
  7.4847500E+03 -2.228E+00 -2.220E+00 -1.441E+00
  7.4852500E+03 -2.190E+00 -2.343E+00 -2.002E+00
  7.4857500E+03 -2.370E+00 -2.092E+00 -1.308E+00
  7.4862500E+03 -2.567E+00 -2.434E+00 -1.104E+00
  7.4867500E+03 -2.299E+00 -2.267E+00 -1.439E+00
  7.4872500E+03 -2.104E+00 -1.957E+00 -1.447E+00
  7.4877500E+03 -1.985E+00 -1.962E+00 -1.504E+00
  7.4882500E+03 -2.061E+00 -2.025E+00 -1.745E+00
  7.4887500E+03 -2.129E+00 -2.242E+00 -1.860E+00
  7.4892500E+03 -3.032E+00 -2.667E+00 -8.673E-01
  7.4897500E+03 -2.388E+00 -2.303E+00 -1.095E+00
  7.4902500E+03 -2.325E+00 -2.430E+00 -1.868E+00
  7.4907500E+03 -2.362E+00 -2.129E+00 -1.411E+00
  7.4912500E+03 -2.482E+00 -2.344E+00 -1.199E+00
  7.4917500E+03 -2.011E+00 -2.228E+00 -1.610E+00
  7.4922500E+03 -1.958E+00 -1.904E+00 -1.086E+00
  7.4927500E+03 -2.308E+00 -2.211E+00 -1.039E+00
  7.4932500E+03 -2.604E+00 -2.317E+00 -5.652E-01
  7.4937500E+03 -2.071E+00 -2.183E+00 -1.791E+00
  7.4942500E+03 -2.267E+00 -2.213E+00 -1.495E+00
  7.4947500E+03 -1.964E+00 -1.810E+00 -8.135E-01
  7.4952500E+03 -2.310E+00 -2.208E+00 -1.411E+00
  7.4957500E+03 -2.344E+00 -2.151E+00 -9.703E-01
  7.4962500E+03 -2.485E+00 -2.438E+00 -1.136E+00
  7.4967500E+03 -2.160E+00 -2.011E+00 -6.602E-01
  7.4972500E+03 -2.148E+00 -2.063E+00 -1.180E+00
  7.4977500E+03 -2.360E+00 -2.337E+00 -1.696E+00
  7.4982500E+03 -2.050E+00 -1.954E+00 -6.983E-01
  7.4987500E+03 -1.813E+00 -1.644E+00 -7.524E-01
  7.4992500E+03 -2.096E+00 -1.957E+00 -1.030E+00
  7.4997500E+03 -2.166E+00 -2.016E+00 -7.853E-01
  7.5002500E+03 -2.294E+00 -2.028E+00 -1.770E-01
  7.5007500E+03 -2.100E+00 -2.073E+00 -1.254E+00
  7.5012500E+03 -2.186E+00 -2.273E+00 -2.062E+00
  7.5017500E+03 -2.189E+00 -2.222E+00 -1.735E+00
  7.5022500E+03 -2.360E+00 -2.366E+00 -1.465E+00
  7.5027500E+03 -2.259E+00 -2.056E+00 -8.550E-01
  7.5032500E+03 -1.298E+00 -1.375E+00 -1.190E+00
  7.5037500E+03 -1.563E+00 -1.589E+00 -1.119E+00
  7.5042500E+03 -2.320E+00 -2.323E+00 -1.755E+00
  7.5047500E+03 -2.548E+00 -2.354E+00 -1.113E+00
  7.5052500E+03 -2.370E+00 -2.266E+00 -1.135E+00
  7.5057500E+03 -2.361E+00 -2.307E+00 -1.486E+00
  7.5062500E+03 -2.330E+00 -2.072E+00 -9.625E-01
  7.5067500E+03 -1.876E+00 -1.728E+00 -9.216E-01
  7.5072500E+03 -1.664E+00 -1.609E+00 -9.064E-01
  7.5077500E+03 -2.134E+00 -2.070E+00 -1.465E+00
  7.5082500E+03 -2.326E+00 -2.339E+00 -1.712E+00
  7.5087500E+03 -1.906E+00 -1.836E+00 -7.443E-01
  7.5092500E+03 -1.892E+00 -1.940E+00 -1.444E+00
  7.5097500E+03 -2.334E+00 -1.996E+00 -3.371E-01
  7.5102500E+03 -2.117E+00 -1.886E+00 -5.308E-01
  7.5107500E+03 -1.712E+00 -1.811E+00 -1.799E+00
  7.5112500E+03 -2.472E+00 -2.072E+00 -3.360E-01
  7.5117500E+03 -1.801E+00 -1.892E+00 -1.674E+00
  7.5122500E+03 -1.915E+00 -1.774E+00 -1.217E+00
  7.5127500E+03 -2.668E+00 -2.217E+00 -3.875E-01
  7.5132500E+03 -2.285E+00 -2.354E+00 -1.789E+00
  7.5137500E+03 -1.687E+00 -1.718E+00 -1.218E+00
  7.5142500E+03 -2.100E+00 -2.014E+00 -1.238E+00
  7.5147500E+03 -2.417E+00 -2.272E+00 -9.607E-01
  7.5152500E+03 -2.245E+00 -2.356E+00 -1.876E+00
  7.5157500E+03 -2.389E+00 -2.126E+00 -6.862E-01
  7.5162500E+03 -2.367E+00 -2.129E+00 -4.154E-01
  7.5167500E+03 -1.796E+00 -1.826E+00 -1.335E+00
  7.5172500E+03 -1.354E+00 -1.488E+00 -1.086E+00
  7.5177500E+03 -2.075E+00 -1.982E+00 -1.048E+00
  7.5182500E+03 -2.043E+00 -2.065E+00 -1.404E+00
  7.5187500E+03 -2.039E+00 -1.812E+00 -5.817E-01
  7.5192500E+03 -2.321E+00 -2.129E+00 -1.292E+00
  7.5197500E+03 -2.087E+00 -1.906E+00 -8.226E-01
  7.5202500E+03 -1.976E+00 -1.967E+00 -1.185E+00
  7.5207500E+03 -1.743E+00 -1.649E+00 -8.144E-01
  7.5212500E+03 -1.994E+00 -1.872E+00 -9.194E-01
  7.5217500E+03 -2.319E+00 -2.232E+00 -1.452E+00
  7.5222500E+03 -1.272E+00 -1.606E+00 -1.931E+00
  7.5227500E+03 -1.809E+00 -1.774E+00 -1.068E+00
  7.5232500E+03 -2.049E+00 -1.944E+00 -8.679E-01
  7.5237500E+03 -1.972E+00 -2.244E+00 -2.165E+00
  7.5242500E+03 -2.016E+00 -2.168E+00 -2.186E+00
  7.5247500E+03 -1.896E+00 -1.944E+00 -2.153E+00
  7.5252500E+03 -2.046E+00 -1.701E+00 -4.713E-01
  7.5257500E+03 -1.551E+00 -1.617E+00 -1.262E+00
  7.5262500E+03 -2.309E+00 -2.158E+00 -9.091E-01
  7.5267500E+03 -2.049E+00 -1.877E+00 -8.862E-01
  7.5272500E+03 -1.739E+00 -1.678E+00 -9.047E-01
  7.5277500E+03 -1.248E+00 -1.201E+00 -9.359E-01
  7.5282500E+03 -2.092E+00 -1.996E+00 -1.051E+00
  7.5287500E+03 -2.150E+00 -1.920E+00 -1.020E+00
  7.5292500E+03 -2.578E+00 -2.355E+00 -1.256E+00
  7.5297500E+03 -2.233E+00 -2.103E+00 -9.018E-01
  7.5302500E+03 -1.604E+00 -1.492E+00 -9.055E-01
  7.5307500E+03 -1.990E+00 -1.863E+00 -6.993E-01
  7.5312500E+03 -2.251E+00 -2.010E+00 -7.480E-01
  7.5317500E+03 -1.878E+00 -1.808E+00 -1.043E+00
  7.5322500E+03 -1.632E+00 -1.558E+00 -1.091E+00
  7.5327500E+03 -2.034E+00 -2.054E+00 -1.273E+00
  7.5332500E+03 -1.550E+00 -1.639E+00 -1.246E+00
  7.5337500E+03 -1.782E+00 -1.705E+00 -1.299E+00
  7.5342500E+03 -1.126E+00 -1.401E+00 -1.746E+00
  7.5347500E+03 -2.314E+00 -2.192E+00 -1.294E+00
  7.5352500E+03 -2.458E+00 -2.295E+00 -9.659E-01
  7.5357500E+03 -1.773E+00 -1.953E+00 -1.190E+00
  7.5362500E+03 -1.867E+00 -1.852E+00 -9.681E-01
  7.5367500E+03 -1.709E+00 -1.423E+00 -1.966E-01
  7.5372500E+03 -1.767E+00 -1.594E+00 -8.555E-01
  7.5377500E+03 -1.645E+00 -1.380E+00 -1.090E-01
  7.5382500E+03 -2.089E+00 -1.986E+00 -1.041E+00
  7.5387500E+03 -1.757E+00 -1.787E+00 -1.174E+00
  7.5392500E+03 -1.798E+00 -1.735E+00 -1.167E+00
  7.5397500E+03 -1.471E+00 -1.589E+00 -1.880E+00
  7.5402500E+03 -1.451E+00 -1.508E+00 -1.112E+00
  7.5407500E+03 -2.042E+00 -1.866E+00 -7.463E-01
  7.5412500E+03 -1.856E+00 -1.706E+00 -7.872E-01
  7.5417500E+03 -1.763E+00 -1.697E+00 -7.204E-01
  7.5422500E+03 -1.507E+00 -1.388E+00 -7.023E-02
  7.5427500E+03 -2.351E+00 -2.312E+00 -1.287E+00
  7.5432500E+03 -1.965E+00 -2.045E+00 -1.858E+00
  7.5437500E+03 -1.934E+00 -1.852E+00 -1.133E+00
  7.5442500E+03 -2.085E+00 -1.984E+00 -1.018E+00
  7.5447500E+03 -1.952E+00 -1.906E+00 -5.941E-01
  7.5452500E+03 -1.335E+00 -1.463E+00 -1.556E+00
  7.5457500E+03 -1.260E+00 -1.349E+00 -7.749E-01
  7.5462500E+03 -1.275E+00 -1.424E+00 -1.181E+00
  7.5467500E+03 -1.324E+00 -1.456E+00 -1.553E+00
  7.5472500E+03 -1.395E+00 -1.143E+00  3.863E-02
  7.5477500E+03 -1.460E+00 -1.325E+00 -5.895E-01
  7.5482500E+03 -2.025E+00 -1.952E+00 -1.145E+00
  7.5487500E+03 -1.768E+00 -1.724E+00 -7.857E-01
  7.5492500E+03 -2.442E+00 -2.233E+00 -6.157E-01
  7.5497500E+03 -1.756E+00 -1.638E+00 -1.338E+00
  7.5502500E+03 -1.869E+00 -1.899E+00 -1.524E+00
  7.5507500E+03 -2.090E+00 -1.996E+00 -1.241E+00
  7.5512500E+03 -1.727E+00 -1.574E+00 -1.048E+00
  7.5517500E+03 -1.247E+00 -1.131E+00 -7.333E-01
  7.5522500E+03 -1.428E+00 -1.354E+00 -5.111E-01
  7.5527500E+03 -2.080E+00 -1.990E+00 -8.915E-01
  7.5532500E+03 -1.672E+00 -1.853E+00 -1.610E+00
  7.5537500E+03 -1.909E+00 -1.831E+00 -1.372E+00
  7.5542500E+03 -1.800E+00 -1.725E+00 -1.060E+00
  7.5547500E+03 -1.926E+00 -1.765E+00 -9.308E-01
  7.5552500E+03 -1.895E+00 -1.607E+00 -3.742E-01
  7.5557500E+03 -1.421E+00 -1.540E+00 -1.283E+00
  7.5562500E+03 -2.029E+00 -2.007E+00 -1.463E+00
  7.5567500E+03 -2.384E+00 -2.169E+00 -1.349E+00
  7.5572500E+03 -1.857E+00 -1.619E+00 -9.333E-01
  7.5577500E+03 -1.943E+00 -1.767E+00 -1.097E+00
  7.5582500E+03 -1.448E+00 -1.658E+00 -1.768E+00
  7.5587500E+03 -1.405E+00 -1.347E+00 -8.149E-01
  7.5592500E+03 -1.548E+00 -1.414E+00 -3.647E-01
  7.5597500E+03 -1.938E+00 -1.739E+00 -4.337E-01
  7.5602500E+03 -1.646E+00 -1.457E+00 -3.257E-01
  7.5607500E+03 -1.658E+00 -1.688E+00 -8.494E-01
  7.5612500E+03 -1.712E+00 -1.713E+00 -9.719E-01
  7.5617500E+03 -1.597E+00 -1.426E+00 -8.338E-01
  7.5622500E+03 -1.316E+00 -1.247E+00 -6.077E-01
  7.5627500E+03 -1.560E+00 -1.469E+00 -9.191E-01
  7.5632500E+03 -1.719E+00 -1.702E+00 -1.199E+00
  7.5637500E+03 -1.660E+00 -1.784E+00 -1.085E+00
  7.5642500E+03 -1.530E+00 -1.561E+00 -1.646E+00
  7.5647500E+03 -5.737E-01 -7.152E-01 -1.145E+00
  7.5652500E+03 -2.046E+00 -1.884E+00 -8.407E-01
  7.5657500E+03 -2.440E+00 -2.125E+00 -7.800E-01
  7.5662500E+03 -1.832E+00 -1.483E+00  1.061E-01
  7.5667500E+03 -2.148E+00 -1.905E+00 -1.059E+00
  7.5672500E+03 -1.710E+00 -1.752E+00 -8.751E-01
  7.5677500E+03 -1.681E+00 -1.657E+00 -7.818E-01
  7.5682500E+03 -1.586E+00 -1.638E+00 -1.297E+00
  7.5687500E+03 -1.286E+00 -1.265E+00 -5.638E-01
  7.5692500E+03 -1.827E+00 -1.622E+00 -8.150E-01
  7.5697500E+03 -1.946E+00 -1.845E+00 -1.049E+00
  7.5702500E+03 -1.458E+00 -1.256E+00 -4.764E-01
  7.5707500E+03 -1.870E+00 -1.786E+00 -7.531E-01
  7.5712500E+03 -2.297E+00 -2.130E+00 -6.609E-01
  7.5717500E+03 -1.540E+00 -1.580E+00 -1.033E+00
  7.5722500E+03 -1.171E+00 -1.090E+00 -2.229E-01
  7.5727500E+03 -1.628E+00 -1.588E+00 -1.257E+00
  7.5732500E+03 -2.129E+00 -1.813E+00 -9.661E-01
  7.5737500E+03 -1.461E+00 -1.297E+00 -6.505E-01
  7.5742500E+03 -1.854E+00 -1.766E+00 -6.517E-01
  7.5747500E+03 -1.995E+00 -1.829E+00 -1.134E+00
  7.5752500E+03 -1.628E+00 -1.618E+00 -1.217E+00
  7.5757500E+03 -1.014E+00 -8.830E-01 -6.458E-01
  7.5762500E+03 -1.586E+00 -1.429E+00  8.998E-02
  7.5767500E+03 -1.153E+00 -1.357E+00 -1.342E+00
  7.5772500E+03 -1.481E+00 -1.578E+00 -1.521E+00
  7.5777500E+03 -1.024E+00 -1.151E+00 -1.114E+00
  7.5782500E+03 -1.541E+00 -1.530E+00 -1.194E+00
  7.5787500E+03 -1.738E+00 -1.398E+00 -3.540E-01
  7.5792500E+03 -1.637E+00 -1.695E+00 -1.034E+00
  7.5797500E+03 -2.036E+00 -2.051E+00 -1.382E+00
  7.5802500E+03 -1.402E+00 -1.561E+00 -1.680E+00
  7.5807500E+03 -7.994E-01 -8.107E-01 -6.042E-01
  7.5812500E+03 -9.852E-01 -1.056E+00 -7.031E-01
  7.5817500E+03 -1.819E+00 -1.756E+00 -1.029E+00
  7.5822500E+03 -1.735E+00 -1.475E+00 -7.396E-01
  7.5827500E+03 -1.781E+00 -1.529E+00 -2.320E-01
  7.5832500E+03 -9.966E-01 -9.341E-01 -1.708E-01
  7.5837500E+03 -1.106E+00 -1.352E+00 -1.968E+00
  7.5842500E+03 -1.428E+00 -1.495E+00 -1.817E+00
  7.5847500E+03 -1.583E+00 -1.381E+00 -2.029E-01
  7.5852500E+03 -1.758E+00 -1.747E+00 -1.055E+00
  7.5857500E+03 -1.540E+00 -1.680E+00 -1.202E+00
  7.5862500E+03 -2.267E+00 -2.079E+00 -7.714E-01
  7.5867500E+03 -1.434E+00 -1.544E+00 -9.152E-01
  7.5872500E+03 -1.540E+00 -1.525E+00 -8.427E-01
  7.5877500E+03 -1.560E+00 -1.349E+00 -4.549E-01
  7.5882500E+03 -1.434E+00 -1.336E+00 -5.948E-01
  7.5887500E+03 -1.340E+00 -1.289E+00 -9.361E-01
  7.5892500E+03 -1.467E+00 -1.294E+00 -9.696E-01
  7.5897500E+03 -1.876E+00 -1.640E+00 -7.362E-01
  7.5902500E+03 -1.257E+00 -1.267E+00 -6.280E-01
  7.5907500E+03 -1.561E+00 -1.447E+00 -6.457E-01
  7.5912500E+03 -1.916E+00 -1.797E+00 -7.956E-01
  7.5917500E+03 -1.373E+00 -1.332E+00 -6.251E-01
  7.5922500E+03 -1.857E+00 -1.564E+00 -2.401E-01
  7.5927500E+03 -1.578E+00 -1.441E+00 -6.691E-01
  7.5932500E+03 -1.505E+00 -1.536E+00 -1.220E+00
  7.5937500E+03 -1.392E+00 -1.349E+00 -1.886E-01
  7.5942500E+03 -1.269E+00 -1.342E+00 -8.886E-01
  7.5947500E+03 -1.360E+00 -1.287E+00 -6.679E-01
  7.5952500E+03 -1.183E+00 -1.275E+00 -9.613E-01
  7.5957500E+03 -1.507E+00 -1.394E+00 -3.786E-01
  7.5962500E+03 -1.754E+00 -1.499E+00 -4.717E-01
  7.5967500E+03 -1.752E+00 -1.668E+00 -1.124E+00
  7.5972500E+03 -1.491E+00 -1.601E+00 -1.476E+00
  7.5977500E+03 -1.110E+00 -1.069E+00 -9.063E-01
  7.5982500E+03 -1.227E+00 -1.302E+00 -1.059E+00
  7.5987500E+03 -1.141E+00 -1.026E+00 -5.543E-01
  7.5992500E+03 -1.359E+00 -1.134E+00 -3.428E-01
  7.5997500E+03 -9.156E-01 -9.991E-01 -9.787E-01
  7.6002500E+03 -1.129E+00 -1.351E+00 -8.237E-01
  7.6007500E+03 -1.887E+00 -1.599E+00 -3.335E-01
  7.6012500E+03 -1.156E+00 -1.060E+00 -3.809E-01
  7.6017500E+03 -1.478E+00 -1.469E+00 -1.109E+00
  7.6022500E+03 -1.519E+00 -1.509E+00 -1.231E+00
  7.6027500E+03 -1.515E+00 -1.249E+00 -6.197E-01
  7.6032500E+03 -1.375E+00 -1.177E+00 -2.262E-01
  7.6037500E+03 -1.505E+00 -1.468E+00 -8.343E-01
  7.6042500E+03 -1.921E+00 -1.756E+00 -7.823E-01
  7.6047500E+03 -1.790E+00 -1.570E+00 -6.685E-01
  7.6052500E+03 -1.391E+00 -1.274E+00 -7.328E-01
  7.6057500E+03 -1.239E+00 -1.292E+00 -9.328E-01
  7.6062500E+03 -1.890E+00 -1.609E+00 -7.736E-01
  7.6067500E+03 -1.183E+00 -1.217E+00 -5.377E-01
  7.6072500E+03 -1.598E+00 -1.452E+00 -2.817E-01
  7.6077500E+03 -1.369E+00 -1.307E+00 -6.636E-01
  7.6082500E+03 -1.278E+00 -1.426E+00 -1.339E+00
  7.6087500E+03 -1.207E+00 -1.398E+00 -1.590E+00
  7.6092500E+03 -2.043E+00 -1.827E+00 -5.854E-01
  7.6097500E+03 -1.528E+00 -1.352E+00 -1.010E+00
  7.6102500E+03 -1.570E+00 -1.454E+00 -7.662E-01
  7.6107500E+03 -1.262E+00 -1.304E+00 -8.245E-01
  7.6112500E+03 -1.759E+00 -1.746E+00 -1.083E+00
  7.6117500E+03 -1.824E+00 -1.692E+00 -9.972E-01
  7.6122500E+03 -1.818E+00 -1.617E+00 -4.772E-01
  7.6127500E+03 -1.553E+00 -1.430E+00 -5.484E-01
  7.6132500E+03 -1.700E+00 -1.497E+00 -7.519E-01
  7.6137500E+03 -1.339E+00 -1.549E+00 -6.369E-01
  7.6142500E+03 -1.424E+00 -1.532E+00 -1.173E+00
  7.6147500E+03 -1.744E+00 -1.521E+00 -4.344E-01
  7.6152500E+03 -1.196E+00 -1.137E+00 -7.046E-01
  7.6157500E+03 -1.641E+00 -1.451E+00 -4.652E-01
  7.6162500E+03 -1.227E+00 -1.162E+00 -6.460E-01
  7.6167500E+03 -1.592E+00 -1.403E+00 -4.740E-01
  7.6172500E+03 -1.154E+00 -1.161E+00 -9.652E-01
  7.6177500E+03 -1.225E+00 -1.251E+00 -7.139E-01
  7.6182500E+03 -1.512E+00 -1.402E+00 -6.500E-01
  7.6187500E+03 -1.355E+00 -1.367E+00 -1.331E+00
  7.6192500E+03 -1.423E+00 -1.347E+00 -8.676E-01
  7.6197500E+03 -1.480E+00 -1.483E+00 -8.080E-01
  7.6202500E+03 -1.160E+00 -1.049E+00 -6.218E-01
  7.6207500E+03 -1.239E+00 -1.298E+00 -1.232E+00
  7.6212500E+03 -1.246E+00 -1.115E+00 -6.748E-01
  7.6217500E+03 -9.535E-01 -8.913E-01 -8.064E-01
  7.6222500E+03 -9.479E-01 -1.082E+00 -7.936E-01
  7.6227500E+03 -1.650E+00 -1.512E+00 -5.721E-01
  7.6232500E+03 -6.081E-01 -6.889E-01 -7.773E-01
  7.6237500E+03 -1.702E+00 -1.439E+00 -1.634E-01
  7.6242500E+03 -1.340E+00 -1.285E+00 -4.824E-01
  7.6247500E+03 -1.674E+00 -1.608E+00 -8.628E-01
  7.6252500E+03 -1.743E+00 -1.606E+00 -7.608E-01
  7.6257500E+03 -1.063E+00 -1.141E+00 -1.061E+00
  7.6262500E+03 -1.039E+00 -1.281E+00 -1.442E+00
