  2.1156250E+04  4.263E-02  5.926E-02  9.105E-02
  2.1156750E+04  3.386E-02  2.872E-02 -5.421E-03
  2.1157250E+04 -1.244E-02 -1.159E-02 -2.384E-03
  2.1157750E+04  4.632E-02  4.219E-02  4.081E-03
  2.1158250E+04 -2.153E-03  1.937E-02  8.989E-02
  2.1158750E+04  1.582E-01  1.623E-01  9.202E-02
  2.1159250E+04  2.825E-02  2.927E-02  1.781E-02
  2.1159750E+04  3.549E-02  3.137E-02 -6.934E-04
  2.1160250E+04  6.557E-02  4.633E-02 -5.106E-02
  2.1160750E+04  7.065E-02  6.246E-02 -8.834E-04
  2.1161250E+04 -7.052E-03 -1.000E-02 -1.584E-02
  2.1161750E+04  4.593E-03  9.193E-03  2.143E-02
  2.1162250E+04 -7.388E-03 -1.384E-03  2.187E-02
  2.1162750E+04  6.354E-02  6.778E-02  4.740E-02
  2.1163250E+04  2.783E-02  3.060E-02  2.434E-02
  2.1163750E+04  8.295E-02  6.289E-02 -4.622E-02
  2.1164250E+04  8.627E-02  7.868E-02  8.667E-03
  2.1164750E+04  2.724E-02  5.013E-02  1.096E-01
  2.1165250E+04  5.182E-02  4.806E-02  7.584E-03
  2.1165750E+04  2.533E-02  2.417E-02  6.927E-03
  2.1166250E+04  7.794E-03  3.568E-02  1.215E-01
  2.1166750E+04  7.700E-02  8.873E-02  8.586E-02
  2.1167250E+04  9.559E-02  9.962E-02  6.211E-02
  2.1167750E+04  3.206E-02  2.666E-02 -8.018E-03
  2.1168250E+04  6.684E-02  9.318E-02  1.421E-01
  2.1168750E+04  1.230E-01  1.085E-01 -5.080E-03
  2.1169250E+04  8.731E-02  1.246E-01  1.997E-01
  2.1169750E+04  1.069E-01  1.004E-01  2.208E-02
  2.1170250E+04  3.050E-01  2.970E-01  1.081E-01
  2.1170750E+04  7.424E-02  8.259E-02  6.936E-02
  2.1171250E+04  3.439E-02  2.187E-02 -3.705E-02
  2.1171750E+04  1.372E-01  1.134E-01 -3.942E-02
  2.1172250E+04  1.783E-02  4.104E-02  1.072E-01
  2.1172750E+04 -5.298E-02 -1.359E-02  1.420E-01
  2.1173250E+04  3.100E-03  5.388E-02  2.157E-01
  2.1173750E+04  1.258E-01  1.439E-01  1.339E-01
  2.1174250E+04  2.789E-01  2.704E-01  9.143E-02
  2.1174750E+04  1.076E-01  1.053E-01  3.928E-02
  2.1175250E+04  1.816E-01  1.557E-01 -2.767E-02
  2.1175750E+04  1.120E-01  1.446E-01  1.880E-01
  2.1176250E+04  3.032E-01  2.801E-01  4.100E-02
  2.1176750E+04  1.524E-01  1.346E-01 -5.171E-03
  2.1177250E+04  6.337E-02  1.124E-01  2.364E-01
  2.1177750E+04  3.393E-01  3.105E-01  3.111E-02
  2.1178250E+04  1.838E-01  1.953E-01  1.328E-01
  2.1178750E+04  7.319E-02  1.186E-01  2.268E-01
  2.1179250E+04  1.962E-01  1.964E-01  9.139E-02
  2.1179750E+04  3.588E-01  3.180E-01 -1.420E-02
  2.1180250E+04  2.293E-01  2.218E-01  7.048E-02
  2.1180750E+04  1.186E-01  1.620E-01  2.383E-01
  2.1181250E+04  7.331E-02  1.295E-01  2.722E-01
  2.1181750E+04  3.705E-01  3.921E-01  2.601E-01
  2.1182250E+04  2.525E-01  2.933E-01  2.850E-01
  2.1182750E+04  2.805E-01  3.183E-01  2.875E-01
  2.1183250E+04  1.659E-01  1.403E-01 -3.606E-02
  2.1183750E+04  3.030E-01  3.100E-01  1.645E-01
  2.1184250E+04  7.135E-01  6.862E-01  2.029E-01
  2.1184750E+04  1.770E-01  1.489E-01 -4.104E-02
  2.1185250E+04  2.446E-01  2.883E-01  2.965E-01
  2.1185750E+04  3.650E-01  3.633E-01  1.563E-01
  2.1186250E+04  2.270E-01  3.181E-01  4.846E-01
  2.1186750E+04  4.271E-01  3.809E-01 -7.682E-03
  2.1187250E+04  5.271E-01  5.283E-01  2.379E-01
  2.1187750E+04  6.481E-01  6.644E-01  3.580E-01
  2.1188250E+04  4.910E-01  5.259E-01  3.646E-01
  2.1188750E+04  6.858E-01  7.302E-01  4.895E-01
  2.1189250E+04  5.029E-01  4.780E-01  1.139E-01
  2.1189750E+04  2.739E-01  2.941E-01  2.036E-01
  2.1190250E+04  2.416E-01  3.152E-01  4.182E-01
  2.1190750E+04  4.677E-01  4.552E-01  1.495E-01
  2.1191250E+04  6.514E-01  6.392E-01  2.341E-01
  2.1191750E+04  5.483E-01  5.282E-01  1.554E-01
  2.1192250E+04  2.800E-01  4.222E-01  7.258E-01
  2.1192750E+04  7.920E-01  8.118E-01  4.273E-01
  2.1193250E+04  1.005E+00  9.824E-01  3.494E-01
  2.1193750E+04  6.375E-01  6.088E-01  1.567E-01
  2.1194250E+04  6.089E-01  6.494E-01  4.347E-01
  2.1194750E+04  6.441E-01  7.003E-01  5.187E-01
  2.1195250E+04  9.318E-01  9.576E-01  5.112E-01
  2.1195750E+04  6.894E-01  6.727E-01  2.275E-01
  2.1196250E+04  6.372E-01  7.285E-01  6.644E-01
  2.1196750E+04  6.853E-01  7.972E-01  7.759E-01
  2.1197250E+04  7.567E-01  8.028E-01  5.267E-01
  2.1197750E+04  9.296E-01  9.205E-01  3.627E-01
  2.1198250E+04  9.354E-01  9.123E-01  3.053E-01
  2.1198750E+04  1.035E+00  1.076E+00  6.198E-01
  2.1199250E+04  1.008E+00  1.089E+00  7.732E-01
  2.1199750E+04  9.004E-01  9.592E-01  6.383E-01
  2.1200250E+04  9.514E-01  1.072E+00  9.167E-01
  2.1200750E+04  1.059E+00  1.193E+00  1.022E+00
  2.1201250E+04  1.229E+00  1.259E+00  6.468E-01
  2.1201750E+04  1.264E+00  1.187E+00  2.049E-01
  2.1202250E+04  1.479E+00  1.466E+00  5.799E-01
  2.1202750E+04  1.528E+00  1.531E+00  6.670E-01
  2.1203250E+04  1.161E+00  1.285E+00  1.017E+00
  2.1203750E+04  1.656E+00  1.673E+00  7.743E-01
  2.1204250E+04  1.473E+00  1.566E+00  1.017E+00
  2.1204750E+04  9.795E-01  1.069E+00  7.922E-01
  2.1205250E+04  1.173E+00  1.329E+00  1.166E+00
  2.1205750E+04  1.160E+00  1.326E+00  1.188E+00
  2.1206250E+04  1.689E+00  1.873E+00  1.494E+00
  2.1206750E+04  1.999E+00  2.048E+00  1.054E+00
  2.1207250E+04  1.349E+00  1.262E+00  1.985E-01
  2.1207750E+04  2.469E+00  2.636E+00  1.746E+00
  2.1208250E+04  2.052E+00  2.109E+00  1.106E+00
  2.1208750E+04  1.676E+00  1.770E+00  1.103E+00
  2.1209250E+04  1.793E+00  1.952E+00  1.432E+00
  2.1209750E+04  2.314E+00  2.379E+00  1.246E+00
  2.1210250E+04  2.330E+00  2.592E+00  2.083E+00
  2.1210750E+04  3.154E+00  3.192E+00  1.479E+00
  2.1211250E+04  2.728E+00  2.793E+00  1.408E+00
  2.1211750E+04  2.433E+00  2.543E+00  1.479E+00
  2.1212250E+04  2.757E+00  2.870E+00  1.630E+00
  2.1212750E+04  2.862E+00  3.090E+00  2.158E+00
  2.1213250E+04  2.961E+00  3.193E+00  2.209E+00
  2.1213750E+04  2.219E+00  2.334E+00  1.403E+00
  2.1214250E+04  3.409E+00  3.537E+00  1.953E+00
  2.1214750E+04  3.798E+00  3.668E+00  1.022E+00
  2.1215250E+04  3.338E+00  3.475E+00  1.955E+00
  2.1215750E+04  3.610E+00  3.983E+00  3.082E+00
  2.1216250E+04  2.695E+00  2.748E+00  1.332E+00
  2.1216750E+04  3.407E+00  3.632E+00  2.353E+00
  2.1217250E+04  3.293E+00  3.489E+00  2.187E+00
  2.1217750E+04  3.093E+00  3.226E+00  1.825E+00
  2.1218250E+04  4.526E+00  5.048E+00  4.074E+00
  2.1218750E+04  3.690E+00  4.014E+00  2.883E+00
  2.1219250E+04  3.214E+00  3.546E+00  2.717E+00
  2.1219750E+04  3.986E+00  4.206E+00  2.565E+00
  2.1220250E+04  5.398E+00  5.311E+00  1.828E+00
  2.1220750E+04  5.580E+00  5.464E+00  1.764E+00
  2.1221250E+04  4.170E+00  4.311E+00  2.291E+00
  2.1221750E+04  3.853E+00  4.385E+00  3.812E+00
  2.1222250E+04  5.430E+00  5.611E+00  2.966E+00
  2.1222750E+04  4.400E+00  4.721E+00  3.140E+00
  2.1223250E+04  5.464E+00  5.594E+00  2.756E+00
  2.1223750E+04  5.347E+00  5.696E+00  3.646E+00
  2.1224250E+04  6.327E+00  6.391E+00  2.827E+00
  2.1224750E+04  6.604E+00  6.893E+00  3.878E+00
  2.1225250E+04  5.129E+00  5.422E+00  3.304E+00
  2.1225750E+04  5.261E+00  5.795E+00  4.369E+00
  2.1226250E+04  5.551E+00  6.018E+00  4.216E+00
  2.1226750E+04  6.172E+00  6.454E+00  3.665E+00
  2.1227250E+04  6.579E+00  6.604E+00  2.719E+00
  2.1227750E+04  7.133E+00  7.246E+00  3.323E+00
  2.1228250E+04  6.871E+00  6.960E+00  3.130E+00
  2.1228750E+04  6.937E+00  7.156E+00  3.700E+00
  2.1229250E+04  7.435E+00  7.937E+00  5.082E+00
  2.1229750E+04  6.605E+00  7.117E+00  4.802E+00
  2.1230250E+04  6.674E+00  6.760E+00  2.998E+00
  2.1230750E+04  8.987E+00  9.093E+00  4.009E+00
  2.1231250E+04  7.504E+00  7.807E+00  4.254E+00
  2.1231750E+04  8.453E+00  8.699E+00  4.386E+00
  2.1232250E+04  8.015E+00  8.211E+00  3.976E+00
  2.1232750E+04  8.072E+00  8.886E+00  6.640E+00
  2.1233250E+04  9.200E+00  9.924E+00  6.687E+00
  2.1233750E+04  8.802E+00  9.391E+00  5.951E+00
  2.1234250E+04  7.845E+00  8.164E+00  4.428E+00
  2.1234750E+04  9.073E+00  9.752E+00  6.439E+00
  2.1235250E+04  9.497E+00  9.862E+00  5.258E+00
  2.1235750E+04  9.009E+00  9.625E+00  6.140E+00
  2.1236250E+04  1.230E+01  1.245E+01  5.409E+00
  2.1236750E+04  1.115E+01  1.182E+01  7.144E+00
  2.1237250E+04  1.089E+01  1.108E+01  4.999E+00
  2.1237750E+04  1.052E+01  1.108E+01  6.478E+00
  2.1238250E+04  1.123E+01  1.214E+01  8.204E+00
  2.1238750E+04  1.179E+01  1.193E+01  5.137E+00
  2.1239250E+04  1.072E+01  1.085E+01  4.648E+00
  2.1239750E+04  1.246E+01  1.280E+01  6.257E+00
  2.1240250E+04  1.317E+01  1.342E+01  6.118E+00
  2.1240750E+04  1.210E+01  1.281E+01  7.642E+00
  2.1241250E+04  1.149E+01  1.243E+01  8.422E+00
  2.1241750E+04  1.278E+01  1.320E+01  6.680E+00
  2.1242250E+04  1.464E+01  1.508E+01  7.458E+00
  2.1242750E+04  1.254E+01  1.268E+01  5.360E+00
  2.1243250E+04  1.346E+01  1.426E+01  8.512E+00
  2.1243750E+04  1.347E+01  1.415E+01  8.014E+00
  2.1244250E+04  1.469E+01  1.492E+01  6.557E+00
  2.1244750E+04  1.334E+01  1.433E+01  9.290E+00
  2.1245250E+04  1.296E+01  1.379E+01  8.454E+00
  2.1245750E+04  1.623E+01  1.711E+01  9.868E+00
  2.1246250E+04  1.426E+01  1.536E+01  1.009E+01
  2.1246750E+04  1.773E+01  1.783E+01  7.138E+00
  2.1247250E+04  1.817E+01  1.852E+01  8.390E+00
  2.1247750E+04  1.682E+01  1.740E+01  8.805E+00
  2.1248250E+04  1.684E+01  1.751E+01  9.142E+00
  2.1248750E+04  1.791E+01  1.892E+01  1.102E+01
  2.1249250E+04  1.832E+01  1.909E+01  1.015E+01
  2.1249750E+04  1.486E+01  1.533E+01  7.544E+00
  2.1250250E+04  1.795E+01  1.872E+01  1.000E+01
  2.1250750E+04  1.810E+01  1.835E+01  7.785E+00
  2.1251250E+04  1.798E+01  1.893E+01  1.079E+01
  2.1251750E+04  1.937E+01  2.049E+01  1.200E+01
  2.1252250E+04  2.072E+01  2.171E+01  1.187E+01
  2.1252750E+04  2.028E+01  2.065E+01  9.081E+00
  2.1253250E+04  1.935E+01  2.062E+01  1.258E+01
  2.1253750E+04  2.359E+01  2.411E+01  1.089E+01
  2.1254250E+04  2.293E+01  2.355E+01  1.109E+01
  2.1254750E+04  2.095E+01  2.193E+01  1.185E+01
  2.1255250E+04  2.173E+01  2.249E+01  1.115E+01
  2.1255750E+04  2.394E+01  2.441E+01  1.079E+01
  2.1256250E+04  2.310E+01  2.335E+01  9.498E+00
  2.1256750E+04  2.153E+01  2.347E+01  1.614E+01
  2.1257250E+04  2.406E+01  2.534E+01  1.420E+01
  2.1257750E+04  2.300E+01  2.377E+01  1.165E+01
  2.1258250E+04  2.198E+01  2.310E+01  1.273E+01
  2.1258750E+04  2.569E+01  2.608E+01  1.098E+01
  2.1259250E+04  2.254E+01  2.384E+01  1.371E+01
  2.1259750E+04  2.667E+01  2.766E+01  1.382E+01
  2.1260250E+04  2.541E+01  2.635E+01  1.320E+01
  2.1260750E+04  2.491E+01  2.599E+01  1.361E+01
  2.1261250E+04  2.907E+01  2.932E+01  1.158E+01
  2.1261750E+04  2.719E+01  2.880E+01  1.662E+01
  2.1262250E+04  2.746E+01  2.889E+01  1.595E+01
  2.1262750E+04  2.884E+01  2.990E+01  1.485E+01
  2.1263250E+04  2.619E+01  2.733E+01  1.424E+01
  2.1263750E+04  2.627E+01  2.827E+01  1.788E+01
  2.1264250E+04  2.816E+01  2.879E+01  1.266E+01
  2.1264750E+04  2.758E+01  2.802E+01  1.167E+01
  2.1265250E+04  2.810E+01  3.005E+01  1.833E+01
  2.1265750E+04  2.754E+01  2.860E+01  1.424E+01
  2.1266250E+04  3.078E+01  3.230E+01  1.738E+01
  2.1266750E+04  3.049E+01  3.117E+01  1.369E+01
  2.1267250E+04  2.755E+01  2.921E+01  1.680E+01
  2.1267750E+04  3.376E+01  3.458E+01  1.537E+01
  2.1268250E+04  3.154E+01  3.251E+01  1.522E+01
  2.1268750E+04  3.335E+01  3.426E+01  1.562E+01
  2.1269250E+04  3.123E+01  3.277E+01  1.749E+01
  2.1269750E+04  2.993E+01  3.043E+01  1.257E+01
  2.1270250E+04  3.284E+01  3.438E+01  1.800E+01
  2.1270750E+04  3.373E+01  3.558E+01  1.968E+01
  2.1271250E+04  3.055E+01  3.229E+01  1.799E+01
  2.1271750E+04  3.589E+01  3.832E+01  2.290E+01
  2.1272250E+04  3.443E+01  3.551E+01  1.652E+01
  2.1272750E+04  3.642E+01  3.736E+01  1.665E+01
  2.1273250E+04  3.419E+01  3.700E+01  2.379E+01
  2.1273750E+04  3.981E+01  4.017E+01  1.529E+01
  2.1274250E+04  3.715E+01  3.883E+01  2.000E+01
  2.1274750E+04  3.165E+01  3.218E+01  1.311E+01
  2.1275250E+04  3.543E+01  3.764E+01  2.156E+01
  2.1275750E+04  3.546E+01  3.721E+01  1.963E+01
  2.1276250E+04  3.779E+01  3.806E+01  1.402E+01
  2.1276750E+04  3.965E+01  4.119E+01  2.014E+01
  2.1277250E+04  3.717E+01  3.889E+01  2.001E+01
  2.1277750E+04  3.841E+01  3.972E+01  1.867E+01
  2.1278250E+04  3.791E+01  3.888E+01  1.700E+01
  2.1278750E+04  3.867E+01  4.000E+01  1.883E+01
  2.1279250E+04  3.517E+01  3.650E+01  1.750E+01
  2.1279750E+04  3.848E+01  4.018E+01  2.022E+01
  2.1280250E+04  3.874E+01  4.009E+01  1.880E+01
  2.1280750E+04  4.000E+01  4.113E+01  1.826E+01
  2.1281250E+04  3.776E+01  3.894E+01  1.769E+01
  2.1281750E+04  4.228E+01  4.336E+01  1.884E+01
  2.1282250E+04  3.910E+01  4.099E+01  2.119E+01
  2.1282750E+04  4.217E+01  4.317E+01  1.835E+01
  2.1283250E+04  4.118E+01  4.197E+01  1.708E+01
  2.1283750E+04  3.765E+01  4.036E+01  2.410E+01
  2.1284250E+04  3.901E+01  4.107E+01  2.177E+01
  2.1284750E+04  4.141E+01  4.343E+01  2.234E+01
  2.1285250E+04  4.203E+01  4.371E+01  2.098E+01
  2.1285750E+04  4.331E+01  4.495E+01  2.135E+01
  2.1286250E+04  4.026E+01  4.176E+01  1.966E+01
  2.1286750E+04  3.885E+01  4.071E+01  2.073E+01
  2.1287250E+04  4.437E+01  4.577E+01  2.052E+01
  2.1287750E+04  3.968E+01  4.207E+01  2.307E+01
  2.1288250E+04  4.377E+01  4.512E+01  2.008E+01
  2.1288750E+04  4.042E+01  4.189E+01  1.945E+01
  2.1289250E+04  3.620E+01  3.762E+01  1.774E+01
  2.1289750E+04  4.407E+01  4.597E+01  2.247E+01
  2.1290250E+04  4.855E+01  5.056E+01  2.440E+01
  2.1290750E+04  4.326E+01  4.418E+01  1.789E+01
  2.1291250E+04  4.202E+01  4.437E+01  2.355E+01
  2.1291750E+04  4.349E+01  4.551E+01  2.265E+01
  2.1292250E+04  4.505E+01  4.701E+01  2.281E+01
  2.1292750E+04  4.745E+01  4.743E+01  1.512E+01
  2.1293250E+04  4.406E+01  4.540E+01  1.984E+01
  2.1293750E+04  4.653E+01  4.916E+01  2.607E+01
  2.1294250E+04  4.512E+01  4.647E+01  2.008E+01
  2.1294750E+04  4.277E+01  4.388E+01  1.822E+01
  2.1295250E+04  4.424E+01  4.555E+01  1.959E+01
  2.1295750E+04  4.818E+01  5.005E+01  2.327E+01
  2.1296250E+04  4.328E+01  4.567E+01  2.390E+01
  2.1296750E+04  4.534E+01  4.626E+01  1.821E+01
  2.1297250E+04  4.639E+01  4.813E+01  2.200E+01
  2.1297750E+04  4.462E+01  4.678E+01  2.333E+01
  2.1298250E+04  4.563E+01  4.800E+01  2.453E+01
  2.1298750E+04  4.537E+01  4.726E+01  2.219E+01
  2.1299250E+04  4.243E+01  4.520E+01  2.501E+01
  2.1299750E+04  4.764E+01  4.869E+01  1.924E+01
  2.1300250E+04  4.553E+01  4.715E+01  2.113E+01
  2.1300750E+04  4.627E+01  4.836E+01  2.324E+01
  2.1301250E+04  4.790E+01  5.003E+01  2.390E+01
  2.1301750E+04  5.009E+01  5.086E+01  1.875E+01
  2.1302250E+04  4.585E+01  4.898E+01  2.754E+01
  2.1302750E+04  4.605E+01  4.766E+01  2.101E+01
  2.1303250E+04  4.015E+01  4.221E+01  2.098E+01
  2.1303750E+04  4.281E+01  4.529E+01  2.359E+01
  2.1304250E+04  4.741E+01  4.907E+01  2.157E+01
  2.1304750E+04  4.510E+01  4.744E+01  2.385E+01
  2.1305250E+04  4.547E+01  4.780E+01  2.377E+01
  2.1305750E+04  4.278E+01  4.365E+01  1.648E+01
  2.1306250E+04  4.350E+01  4.647E+01  2.581E+01
  2.1306750E+04  4.666E+01  5.030E+01  2.967E+01
  2.1307250E+04  5.353E+01  5.400E+01  1.818E+01
  2.1307750E+04  4.078E+01  4.226E+01  1.837E+01
  2.1308250E+04  4.739E+01  4.832E+01  1.813E+01
  2.1308750E+04  4.546E+01  4.803E+01  2.463E+01
  2.1309250E+04  4.590E+01  4.690E+01  1.787E+01
  2.1309750E+04  4.401E+01  4.565E+01  2.002E+01
  2.1310250E+04  4.455E+01  4.749E+01  2.584E+01
  2.1310750E+04  4.957E+01  5.072E+01  1.950E+01
  2.1311250E+04  4.687E+01  4.856E+01  2.104E+01
  2.1311750E+04  4.486E+01  4.648E+01  2.010E+01
  2.1312250E+04  4.358E+01  4.562E+01  2.147E+01
  2.1312750E+04  4.629E+01  4.754E+01  1.887E+01
  2.1313250E+04  5.118E+01  5.121E+01  1.504E+01
  2.1313750E+04  4.250E+01  4.452E+01  2.083E+01
  2.1314250E+04  4.558E+01  4.763E+01  2.202E+01
  2.1314750E+04  4.119E+01  4.356E+01  2.203E+01
  2.1315250E+04  4.401E+01  4.666E+01  2.415E+01
  2.1315750E+04  4.404E+01  4.644E+01  2.294E+01
  2.1316250E+04  4.434E+01  4.675E+01  2.296E+01
  2.1316750E+04  4.434E+01  4.687E+01  2.348E+01
  2.1317250E+04  4.314E+01  4.401E+01  1.578E+01
  2.1317750E+04  4.276E+01  4.448E+01  1.951E+01
  2.1318250E+04  4.399E+01  4.590E+01  2.059E+01
  2.1318750E+04  3.655E+01  3.940E+01  2.233E+01
  2.1319250E+04  4.137E+01  4.362E+01  2.124E+01
  2.1319750E+04  3.927E+01  4.255E+01  2.500E+01
  2.1320250E+04  4.410E+01  4.483E+01  1.534E+01
  2.1320750E+04  4.625E+01  4.756E+01  1.854E+01
  2.1321250E+04  4.301E+01  4.574E+01  2.371E+01
  2.1321750E+04  4.766E+01  4.821E+01  1.576E+01
  2.1322250E+04  3.868E+01  4.075E+01  1.946E+01
  2.1322750E+04  4.025E+01  4.386E+01  2.655E+01
  2.1323250E+04  3.705E+01  4.046E+01  2.470E+01
  2.1323750E+04  4.054E+01  4.159E+01  1.543E+01
  2.1324250E+04  3.776E+01  3.942E+01  1.721E+01
  2.1324750E+04  3.881E+01  4.092E+01  1.954E+01
  2.1325250E+04  4.302E+01  4.497E+01  2.000E+01
  2.1325750E+04  4.260E+01  4.372E+01  1.635E+01
  2.1326250E+04  3.974E+01  4.121E+01  1.706E+01
  2.1326750E+04  3.706E+01  3.985E+01  2.192E+01
  2.1327250E+04  3.773E+01  3.755E+01  9.186E+00
  2.1327750E+04  4.270E+01  4.345E+01  1.466E+01
  2.1328250E+04  4.115E+01  4.270E+01  1.758E+01
  2.1328750E+04  3.425E+01  3.629E+01  1.760E+01
  2.1329250E+04  3.781E+01  3.900E+01  1.494E+01
  2.1329750E+04  3.458E+01  3.713E+01  1.990E+01
  2.1330250E+04  3.751E+01  4.010E+01  2.086E+01
  2.1330750E+04  3.981E+01  4.202E+01  2.005E+01
  2.1331250E+04  4.082E+01  4.204E+01  1.603E+01
  2.1331750E+04  4.012E+01  4.134E+01  1.569E+01
  2.1332250E+04  3.609E+01  3.826E+01  1.857E+01
  2.1332750E+04  3.753E+01  3.930E+01  1.722E+01
  2.1333250E+04  3.510E+01  3.608E+01  1.300E+01
  2.1333750E+04  3.676E+01  3.799E+01  1.465E+01
  2.1334250E+04  3.455E+01  3.677E+01  1.808E+01
  2.1334750E+04  3.963E+01  4.252E+01  2.264E+01
  2.1335250E+04  3.122E+01  3.209E+01  1.130E+01
  2.1335750E+04  3.044E+01  3.269E+01  1.703E+01
  2.1336250E+04  3.123E+01  3.323E+01  1.622E+01
  2.1336750E+04  3.568E+01  3.737E+01  1.603E+01
  2.1337250E+04  3.512E+01  3.593E+01  1.219E+01
  2.1337750E+04  3.624E+01  3.829E+01  1.783E+01
  2.1338250E+04  3.301E+01  3.482E+01  1.574E+01
  2.1338750E+04  2.959E+01  3.073E+01  1.170E+01
  2.1339250E+04  2.850E+01  2.994E+01  1.277E+01
  2.1339750E+04  2.538E+01  2.693E+01  1.243E+01
  2.1340250E+04  3.556E+01  3.720E+01  1.564E+01
  2.1340750E+04  3.469E+01  3.527E+01  1.084E+01
  2.1341250E+04  2.999E+01  3.203E+01  1.568E+01
  2.1341750E+04  3.243E+01  3.389E+01  1.390E+01
  2.1342250E+04  3.450E+01  3.647E+01  1.687E+01
  2.1342750E+04  3.214E+01  3.316E+01  1.199E+01
  2.1343250E+04  2.869E+01  3.006E+01  1.227E+01
  2.1343750E+04  3.064E+01  3.089E+01  8.090E+00
  2.1344250E+04  2.428E+01  2.575E+01  1.153E+01
  2.1344750E+04  2.907E+01  3.185E+01  1.865E+01
  2.1345250E+04  3.177E+01  3.200E+01  8.256E+00
  2.1345750E+04  3.016E+01  3.046E+01  8.284E+00
  2.1346250E+04  2.360E+01  2.583E+01  1.471E+01
  2.1346750E+04  2.219E+01  2.340E+01  9.626E+00
  2.1347250E+04  2.481E+01  2.736E+01  1.633E+01
  2.1347750E+04  2.377E+01  2.359E+01  4.190E+00
  2.1348250E+04  2.338E+01  2.383E+01  6.721E+00
  2.1348750E+04  2.560E+01  2.755E+01  1.392E+01
  2.1349250E+04  2.375E+01  2.454E+01  8.337E+00
  2.1349750E+04  2.114E+01  2.262E+01  1.055E+01
  2.1350250E+04  2.401E+01  2.631E+01  1.491E+01
  2.1350750E+04  2.185E+01  2.380E+01  1.276E+01
  2.1351250E+04  2.495E+01  2.590E+01  9.179E+00
  2.1351750E+04  2.424E+01  2.455E+01  6.305E+00
  2.1352250E+04  1.938E+01  2.100E+01  1.060E+01
  2.1352750E+04  1.788E+01  1.969E+01  1.107E+01
  2.1353250E+04  2.092E+01  2.273E+01  1.179E+01
  2.1353750E+04  2.246E+01  2.349E+01  8.994E+00
  2.1354250E+04  1.313E+01  1.506E+01  1.009E+01
  2.1354750E+04  1.642E+01  1.754E+01  7.468E+00
  2.1355250E+04  2.438E+01  2.546E+01  9.470E+00
  2.1355750E+04  2.199E+01  2.141E+01  1.672E+00
  2.1356250E+04  1.965E+01  2.147E+01  1.153E+01
  2.1356750E+04  1.979E+01  2.064E+01  7.077E+00
  2.1357250E+04  1.761E+01  1.773E+01  3.453E+00
  2.1357750E+04  1.668E+01  1.770E+01  7.124E+00
  2.1358250E+04  1.561E+01  1.692E+01  8.124E+00
  2.1358750E+04  1.931E+01  1.997E+01  6.349E+00
  2.1359250E+04  1.826E+01  1.932E+01  7.691E+00
  2.1359750E+04  1.318E+01  1.377E+01  4.219E+00
  2.1360250E+04  1.852E+01  2.005E+01  9.779E+00
  2.1360750E+04  1.418E+01  1.608E+01  1.028E+01
  2.1361250E+04  1.862E+01  1.879E+01  3.845E+00
  2.1361750E+04  1.454E+01  1.484E+01  3.263E+00
  2.1362250E+04  1.572E+01  1.576E+01  2.554E+00
  2.1362750E+04  8.617E+00  1.022E+01  7.539E+00
  2.1363250E+04  1.212E+01  1.197E+01  7.740E-01
  2.1363750E+04  1.733E+01  1.801E+01  5.583E+00
  2.1364250E+04  1.381E+01  1.455E+01  5.043E+00
  2.1364750E+04  1.100E+01  1.261E+01  7.939E+00
  2.1365250E+04  9.267E+00  9.182E+00  1.635E-01
  2.1365750E+04  1.006E+01  9.743E+00 -5.900E-01
  2.1366250E+04  1.446E+01  1.453E+01  2.315E+00
  2.1366750E+04  1.094E+01  1.293E+01  9.623E+00
  2.1367250E+04  1.185E+01  1.320E+01  7.053E+00
  2.1367750E+04  1.604E+01  1.600E+01  2.026E+00
  2.1368250E+04  9.676E+00  1.043E+01  3.991E+00
  2.1368750E+04  6.539E+00  8.053E+00  6.363E+00
  2.1369250E+04  9.305E+00  9.857E+00  2.857E+00
  2.1369750E+04  7.777E+00  8.414E+00  2.889E+00
  2.1370250E+04  5.780E+00  6.999E+00  4.973E+00
  2.1370750E+04  5.810E+00  6.190E+00  1.253E+00
  2.1371250E+04  7.647E+00  9.562E+00  8.513E+00
  2.1371750E+04  7.207E+00  7.083E+00 -6.837E-01
  2.1372250E+04  3.573E+00  5.458E+00  7.202E+00
  2.1372750E+04  5.291E+00  5.124E+00 -1.362E+00
  2.1373250E+04  7.721E+00  7.526E+00 -7.657E-01
  2.1373750E+04  3.847E+00  5.437E+00  5.814E+00
  2.1374250E+04  9.715E+00  1.117E+01  6.892E+00
  2.1374750E+04  5.036E+00  4.981E+00 -8.573E-01
  2.1375250E+04  2.272E+00  1.996E+00 -2.540E+00
  2.1375750E+04  1.985E+00  4.103E+00  7.755E+00
  2.1376250E+04  4.003E+00  4.373E+00  6.540E-01
  2.1376750E+04  7.218E+00  7.771E+00  2.346E+00
  2.1377250E+04  7.722E+00  8.198E+00  1.777E+00
  2.1377750E+04  1.945E+00  1.821E+00 -2.059E+00
  2.1378250E+04  2.470E+00  5.295E+00  1.099E+01
  2.1378750E+04  6.193E-01  2.040E+00  4.375E+00
  2.1379250E+04  5.895E+00  5.119E+00 -3.883E+00
  2.1379750E+04  2.155E+00  3.403E+00  4.166E+00
  2.1380250E+04  4.388E-01  1.100E+00  9.106E-01
  2.1380750E+04  1.960E+00  2.520E+00  8.847E-01
  2.1381250E+04 -3.155E+00 -2.605E+00 -2.670E-01
  2.1381750E+04  1.340E+00  9.165E-01 -3.316E+00
  2.1382250E+04  1.479E+00  6.493E-01 -5.135E+00
  2.1382750E+04  6.509E-01  1.440E+00  1.554E+00
  2.1383250E+04  3.138E-01  3.297E-01 -1.878E+00
  2.1383750E+04 -5.325E-01 -3.255E-01 -1.364E+00
  2.1384250E+04 -8.760E-01  8.343E-01  5.134E+00
  2.1384750E+04 -3.750E-01  1.402E-01  7.985E-02
  2.1385250E+04 -2.643E+00 -2.738E+00 -2.907E+00
  2.1385750E+04 -7.542E-02  1.022E+00  2.984E+00
  2.1386250E+04 -3.080E+00 -1.813E+00  2.844E+00
  2.1386750E+04 -4.979E+00 -4.047E+00  7.920E-01
  2.1387250E+04  5.559E-01  6.373E-01 -1.424E+00
  2.1387750E+04 -4.721E+00 -3.068E+00  4.029E+00
  2.1388250E+04 -2.531E+00 -1.484E+00  1.807E+00
  2.1388750E+04 -1.954E+00 -3.048E+00 -6.960E+00
  2.1389250E+04 -6.912E+00 -7.191E+00 -4.837E+00
  2.1389750E+04 -2.466E+00 -2.700E+00 -3.640E+00
  2.1390250E+04 -4.278E+00 -3.955E+00 -1.630E+00
  2.1390750E+04 -7.019E+00 -5.524E+00  2.850E+00
  2.1391250E+04 -2.840E+00 -2.390E+00 -7.089E-01
  2.1391750E+04 -2.036E+00 -2.611E+00 -4.953E+00
  2.1392250E+04 -5.885E+00 -5.696E+00 -2.504E+00
  2.1392750E+04 -5.392E+00 -5.924E+00 -5.609E+00
  2.1393250E+04 -1.849E+00 -3.402E+00 -9.144E+00
  2.1393750E+04 -5.004E+00 -4.572E+00 -1.344E+00
  2.1394250E+04 -3.901E+00 -3.934E+00 -3.063E+00
  2.1394750E+04 -6.809E+00 -5.678E+00  1.297E+00
  2.1395250E+04 -8.488E+00 -8.309E+00 -3.445E+00
  2.1395750E+04 -4.868E+00 -5.478E+00 -5.861E+00
  2.1396250E+04 -5.340E+00 -5.216E+00 -2.495E+00
  2.1396750E+04 -5.983E+00 -6.190E+00 -4.246E+00
  2.1397250E+04 -7.310E+00 -7.484E+00 -4.387E+00
  2.1397750E+04 -1.103E+01 -1.078E+01 -3.485E+00
  2.1398250E+04 -2.567E+00 -3.674E+00 -7.300E+00
  2.1398750E+04 -8.375E+00 -7.383E+00  6.636E-01
  2.1399250E+04 -1.298E+01 -1.228E+01 -1.887E+00
  2.1399750E+04 -4.672E+00 -5.336E+00 -5.819E+00
  2.1400250E+04 -8.628E+00 -8.351E+00 -2.938E+00
  2.1400750E+04 -7.788E+00 -7.609E+00 -2.916E+00
  2.1401250E+04 -4.259E+00 -4.241E+00 -2.953E+00
  2.1401750E+04 -9.678E+00 -9.595E+00 -3.868E+00
  2.1402250E+04 -8.282E+00 -8.938E+00 -6.739E+00
  2.1402750E+04 -7.100E+00 -7.023E+00 -3.290E+00
  2.1403250E+04 -1.075E+01 -1.147E+01 -7.509E+00
  2.1403750E+04 -1.182E+01 -1.070E+01  2.628E-01
  2.1404250E+04 -7.924E+00 -9.029E+00 -8.684E+00
  2.1404750E+04 -9.233E+00 -9.600E+00 -5.720E+00
  2.1405250E+04 -8.161E+00 -9.393E+00 -9.103E+00
  2.1405750E+04 -7.507E+00 -6.370E+00  1.229E+00
  2.1406250E+04 -9.407E+00 -1.079E+01 -1.006E+01
  2.1406750E+04 -1.075E+01 -1.012E+01 -1.621E+00
  2.1407250E+04 -1.227E+01 -1.199E+01 -3.533E+00
  2.1407750E+04 -9.036E+00 -8.923E+00 -3.519E+00
  2.1408250E+04 -1.123E+01 -1.255E+01 -1.011E+01
  2.1408750E+04 -1.296E+01 -1.230E+01 -2.240E+00
  2.1409250E+04 -1.200E+01 -1.202E+01 -4.980E+00
  2.1409750E+04 -1.239E+01 -1.148E+01 -6.574E-01
  2.1410250E+04 -1.197E+01 -1.133E+01 -2.016E+00
  2.1410750E+04 -1.084E+01 -1.130E+01 -6.352E+00
  2.1411250E+04 -1.073E+01 -1.190E+01 -9.143E+00
  2.1411750E+04 -8.959E+00 -1.055E+01 -1.046E+01
  2.1412250E+04 -9.268E+00 -9.845E+00 -6.686E+00
  2.1412750E+04 -1.077E+01 -1.082E+01 -4.563E+00
  2.1413250E+04 -1.229E+01 -1.213E+01 -4.104E+00
  2.1413750E+04 -1.651E+01 -1.612E+01 -3.851E+00
  2.1414250E+04 -1.379E+01 -1.391E+01 -5.728E+00
  2.1414750E+04 -1.409E+01 -1.346E+01 -2.170E+00
  2.1415250E+04 -1.181E+01 -1.241E+01 -7.117E+00
  2.1415750E+04 -1.513E+01 -1.488E+01 -4.335E+00
  2.1416250E+04 -1.432E+01 -1.519E+01 -8.915E+00
  2.1416750E+04 -9.182E+00 -8.311E+00 -1.380E-01
  2.1417250E+04 -1.169E+01 -1.147E+01 -3.616E+00
  2.1417750E+04 -1.222E+01 -1.310E+01 -8.381E+00
  2.1418250E+04 -1.279E+01 -1.357E+01 -8.102E+00
  2.1418750E+04 -1.282E+01 -1.425E+01 -1.094E+01
  2.1419250E+04 -1.424E+01 -1.500E+01 -8.271E+00
  2.1419750E+04 -1.709E+01 -1.669E+01 -3.921E+00
  2.1420250E+04 -1.270E+01 -1.270E+01 -4.593E+00
  2.1420750E+04 -1.194E+01 -1.315E+01 -9.741E+00
  2.1421250E+04 -1.514E+01 -1.487E+01 -3.995E+00
  2.1421750E+04 -1.133E+01 -1.198E+01 -7.221E+00
  2.1422250E+04 -1.671E+01 -1.704E+01 -6.994E+00
  2.1422750E+04 -1.326E+01 -1.455E+01 -1.048E+01
  2.1423250E+04 -1.375E+01 -1.433E+01 -7.282E+00
  2.1423750E+04 -1.068E+01 -1.112E+01 -6.102E+00
  2.1424250E+04 -1.516E+01 -1.486E+01 -3.925E+00
  2.1424750E+04 -1.745E+01 -1.715E+01 -4.155E+00
  2.1425250E+04 -1.549E+01 -1.522E+01 -4.045E+00
  2.1425750E+04 -1.666E+01 -1.613E+01 -3.265E+00
  2.1426250E+04 -1.530E+01 -1.514E+01 -4.395E+00
  2.1426750E+04 -1.329E+01 -1.353E+01 -5.743E+00
  2.1427250E+04 -1.344E+01 -1.402E+01 -7.269E+00
  2.1427750E+04 -1.657E+01 -1.668E+01 -5.644E+00
  2.1428250E+04 -1.658E+01 -1.737E+01 -8.753E+00
  2.1428750E+04 -1.290E+01 -1.393E+01 -9.009E+00
  2.1429250E+04 -1.412E+01 -1.449E+01 -6.634E+00
  2.1429750E+04 -1.410E+01 -1.469E+01 -7.402E+00
  2.1430250E+04 -1.630E+01 -1.661E+01 -6.667E+00
  2.1430750E+04 -1.489E+01 -1.512E+01 -5.961E+00
  2.1431250E+04 -1.572E+01 -1.609E+01 -6.614E+00
  2.1431750E+04 -1.173E+01 -1.168E+01 -3.808E+00
  2.1432250E+04 -1.473E+01 -1.456E+01 -4.332E+00
  2.1432750E+04 -1.556E+01 -1.644E+01 -9.063E+00
  2.1433250E+04 -1.061E+01 -1.160E+01 -8.141E+00
  2.1433750E+04 -1.708E+01 -1.837E+01 -1.100E+01
  2.1434250E+04 -1.803E+01 -1.876E+01 -8.665E+00
  2.1434750E+04 -1.373E+01 -1.369E+01 -4.405E+00
  2.1435250E+04 -1.345E+01 -1.388E+01 -6.586E+00
  2.1435750E+04 -1.520E+01 -1.652E+01 -1.063E+01
  2.1436250E+04 -1.357E+01 -1.420E+01 -7.327E+00
  2.1436750E+04 -1.651E+01 -1.674E+01 -6.091E+00
  2.1437250E+04 -1.634E+01 -1.602E+01 -3.814E+00
  2.1437750E+04 -1.856E+01 -1.955E+01 -9.788E+00
  2.1438250E+04 -1.521E+01 -1.575E+01 -7.232E+00
  2.1438750E+04 -1.658E+01 -1.676E+01 -6.142E+00
  2.1439250E+04 -1.364E+01 -1.455E+01 -8.627E+00
  2.1439750E+04 -1.694E+01 -1.792E+01 -9.477E+00
  2.1440250E+04 -1.772E+01 -1.835E+01 -8.111E+00
  2.1440750E+04 -1.587E+01 -1.670E+01 -8.671E+00
  2.1441250E+04 -1.205E+01 -1.204E+01 -4.123E+00
  2.1441750E+04 -1.639E+01 -1.678E+01 -6.821E+00
  2.1442250E+04 -1.625E+01 -1.721E+01 -9.222E+00
  2.1442750E+04 -1.386E+01 -1.471E+01 -8.236E+00
  2.1443250E+04 -1.479E+01 -1.556E+01 -8.312E+00
  2.1443750E+04 -1.538E+01 -1.572E+01 -6.361E+00
  2.1444250E+04 -1.635E+01 -1.668E+01 -6.519E+00
  2.1444750E+04 -1.704E+01 -1.637E+01 -2.208E+00
  2.1445250E+04 -1.824E+01 -1.896E+01 -8.464E+00
  2.1445750E+04 -1.331E+01 -1.443E+01 -9.535E+00
  2.1446250E+04 -1.661E+01 -1.739E+01 -8.378E+00
  2.1446750E+04 -1.576E+01 -1.606E+01 -6.289E+00
  2.1447250E+04 -1.444E+01 -1.455E+01 -5.183E+00
  2.1447750E+04 -1.479E+01 -1.581E+01 -9.078E+00
  2.1448250E+04 -1.552E+01 -1.611E+01 -7.542E+00
  2.1448750E+04 -1.584E+01 -1.656E+01 -8.061E+00
  2.1449250E+04 -1.726E+01 -1.745E+01 -6.028E+00
  2.1449750E+04 -1.833E+01 -1.904E+01 -8.578E+00
  2.1450250E+04 -1.714E+01 -1.788E+01 -8.516E+00
  2.1450750E+04 -1.337E+01 -1.421E+01 -8.115E+00
  2.1451250E+04 -1.611E+01 -1.576E+01 -3.406E+00
  2.1451750E+04 -1.607E+01 -1.661E+01 -6.990E+00
  2.1452250E+04 -1.692E+01 -1.731E+01 -6.697E+00
  2.1452750E+04 -1.706E+01 -1.794E+01 -8.799E+00
  2.1453250E+04 -1.590E+01 -1.650E+01 -7.568E+00
  2.1453750E+04 -1.742E+01 -1.776E+01 -6.777E+00
  2.1454250E+04 -1.542E+01 -1.644E+01 -9.071E+00
  2.1454750E+04 -1.637E+01 -1.786E+01 -1.132E+01
  2.1455250E+04 -1.614E+01 -1.631E+01 -5.632E+00
  2.1455750E+04 -1.528E+01 -1.612E+01 -8.348E+00
  2.1456250E+04 -1.610E+01 -1.650E+01 -6.761E+00
  2.1456750E+04 -1.532E+01 -1.542E+01 -5.238E+00
  2.1457250E+04 -1.383E+01 -1.421E+01 -6.092E+00
  2.1457750E+04 -1.733E+01 -1.821E+01 -8.904E+00
  2.1458250E+04 -1.570E+01 -1.632E+01 -7.419E+00
  2.1458750E+04 -1.425E+01 -1.506E+01 -7.821E+00
  2.1459250E+04 -1.491E+01 -1.545E+01 -6.961E+00
  2.1459750E+04 -1.615E+01 -1.710E+01 -8.744E+00
  2.1460250E+04 -1.516E+01 -1.565E+01 -6.584E+00
  2.1460750E+04 -1.519E+01 -1.641E+01 -9.955E+00
  2.1461250E+04 -1.773E+01 -1.790E+01 -6.045E+00
  2.1461750E+04 -1.684E+01 -1.773E+01 -8.671E+00
  2.1462250E+04 -1.646E+01 -1.734E+01 -8.931E+00
  2.1462750E+04 -1.651E+01 -1.695E+01 -6.554E+00
  2.1463250E+04 -1.711E+01 -1.762E+01 -7.098E+00
  2.1463750E+04 -1.661E+01 -1.708E+01 -6.752E+00
  2.1464250E+04 -1.537E+01 -1.613E+01 -8.003E+00
  2.1464750E+04 -1.746E+01 -1.834E+01 -8.720E+00
  2.1465250E+04 -1.438E+01 -1.568E+01 -9.978E+00
  2.1465750E+04 -1.583E+01 -1.659E+01 -7.928E+00
  2.1466250E+04 -1.495E+01 -1.570E+01 -7.675E+00
  2.1466750E+04 -1.418E+01 -1.477E+01 -6.999E+00
  2.1467250E+04 -1.505E+01 -1.582E+01 -7.844E+00
  2.1467750E+04 -1.508E+01 -1.553E+01 -6.371E+00
  2.1468250E+04 -1.580E+01 -1.660E+01 -7.823E+00
  2.1468750E+04 -1.611E+01 -1.654E+01 -6.638E+00
  2.1469250E+04 -1.617E+01 -1.667E+01 -6.773E+00
  2.1469750E+04 -1.699E+01 -1.686E+01 -4.314E+00
  2.1470250E+04 -1.740E+01 -1.801E+01 -7.671E+00
  2.1470750E+04 -1.576E+01 -1.624E+01 -6.652E+00
  2.1471250E+04 -1.782E+01 -1.750E+01 -3.686E+00
  2.1471750E+04 -1.699E+01 -1.769E+01 -7.776E+00
  2.1472250E+04 -1.593E+01 -1.663E+01 -7.701E+00
  2.1472750E+04 -1.439E+01 -1.507E+01 -7.193E+00
  2.1473250E+04 -1.657E+01 -1.658E+01 -4.727E+00
  2.1473750E+04 -1.308E+01 -1.390E+01 -7.446E+00
  2.1474250E+04 -1.656E+01 -1.688E+01 -6.100E+00
  2.1474750E+04 -1.683E+01 -1.788E+01 -9.457E+00
  2.1475250E+04 -1.478E+01 -1.591E+01 -9.237E+00
  2.1475750E+04 -1.508E+01 -1.603E+01 -8.489E+00
  2.1476250E+04 -1.449E+01 -1.505E+01 -6.620E+00
  2.1476750E+04 -1.639E+01 -1.673E+01 -6.030E+00
  2.1477250E+04 -1.479E+01 -1.529E+01 -6.463E+00
  2.1477750E+04 -1.643E+01 -1.707E+01 -7.379E+00
  2.1478250E+04 -1.535E+01 -1.549E+01 -4.970E+00
  2.1478750E+04 -1.473E+01 -1.593E+01 -9.424E+00
  2.1479250E+04 -1.645E+01 -1.775E+01 -1.022E+01
  2.1479750E+04 -1.613E+01 -1.609E+01 -4.319E+00
  2.1480250E+04 -1.456E+01 -1.481E+01 -5.446E+00
  2.1480750E+04 -1.365E+01 -1.500E+01 -1.001E+01
  2.1481250E+04 -1.656E+01 -1.676E+01 -5.514E+00
  2.1481750E+04 -1.588E+01 -1.665E+01 -7.782E+00
  2.1482250E+04 -1.417E+01 -1.489E+01 -7.225E+00
  2.1482750E+04 -1.507E+01 -1.589E+01 -7.848E+00
  2.1483250E+04 -1.663E+01 -1.682E+01 -5.375E+00
  2.1483750E+04 -1.538E+01 -1.614E+01 -7.446E+00
  2.1484250E+04 -1.379E+01 -1.446E+01 -7.005E+00
  2.1484750E+04 -1.552E+01 -1.569E+01 -4.925E+00
  2.1485250E+04 -1.357E+01 -1.431E+01 -7.015E+00
  2.1485750E+04 -1.415E+01 -1.511E+01 -8.373E+00
  2.1486250E+04 -1.509E+01 -1.575E+01 -7.047E+00
  2.1486750E+04 -1.609E+01 -1.638E+01 -5.770E+00
  2.1487250E+04 -1.488E+01 -1.561E+01 -7.412E+00
  2.1487750E+04 -1.538E+01 -1.568E+01 -5.376E+00
  2.1488250E+04 -1.368E+01 -1.419E+01 -6.184E+00
  2.1488750E+04 -1.498E+01 -1.584E+01 -8.014E+00
  2.1489250E+04 -1.435E+01 -1.498E+01 -6.807E+00
  2.1489750E+04 -1.342E+01 -1.396E+01 -6.030E+00
  2.1490250E+04 -1.654E+01 -1.727E+01 -7.858E+00
  2.1490750E+04 -1.716E+01 -1.804E+01 -8.825E+00
  2.1491250E+04 -1.259E+01 -1.363E+01 -8.303E+00
  2.1491750E+04 -1.414E+01 -1.455E+01 -5.520E+00
  2.1492250E+04 -1.308E+01 -1.356E+01 -6.016E+00
  2.1492750E+04 -1.407E+01 -1.429E+01 -5.097E+00
  2.1493250E+04 -1.501E+01 -1.544E+01 -5.893E+00
  2.1493750E+04 -1.408E+01 -1.559E+01 -1.031E+01
  2.1494250E+04 -1.195E+01 -1.265E+01 -6.442E+00
  2.1494750E+04 -1.568E+01 -1.551E+01 -3.396E+00
  2.1495250E+04 -1.496E+01 -1.514E+01 -4.880E+00
  2.1495750E+04 -1.262E+01 -1.341E+01 -7.301E+00
  2.1496250E+04 -1.402E+01 -1.478E+01 -7.132E+00
  2.1496750E+04 -1.382E+01 -1.474E+01 -7.941E+00
  2.1497250E+04 -1.552E+01 -1.640E+01 -8.204E+00
  2.1497750E+04 -1.490E+01 -1.535E+01 -5.948E+00
  2.1498250E+04 -1.357E+01 -1.409E+01 -5.908E+00
  2.1498750E+04 -1.331E+01 -1.411E+01 -7.125E+00
  2.1499250E+04 -1.342E+01 -1.425E+01 -7.420E+00
  2.1499750E+04 -1.268E+01 -1.321E+01 -5.940E+00
  2.1500250E+04 -1.403E+01 -1.457E+01 -6.358E+00
  2.1500750E+04 -1.457E+01 -1.438E+01 -3.202E+00
  2.1501250E+04 -1.206E+01 -1.331E+01 -8.840E+00
  2.1501750E+04 -1.384E+01 -1.450E+01 -6.618E+00
  2.1502250E+04 -1.559E+01 -1.602E+01 -5.819E+00
  2.1502750E+04 -1.418E+01 -1.463E+01 -5.905E+00
  2.1503250E+04 -1.332E+01 -1.460E+01 -9.359E+00
  2.1503750E+04 -1.394E+01 -1.516E+01 -9.088E+00
  2.1504250E+04 -1.251E+01 -1.276E+01 -4.755E+00
  2.1504750E+04 -1.500E+01 -1.554E+01 -6.301E+00
  2.1505250E+04 -1.357E+01 -1.425E+01 -6.764E+00
  2.1505750E+04 -1.562E+01 -1.604E+01 -6.195E+00
  2.1506250E+04 -1.412E+01 -1.451E+01 -5.464E+00
  2.1506750E+04 -1.282E+01 -1.292E+01 -4.073E+00
  2.1507250E+04 -1.287E+01 -1.343E+01 -5.960E+00
  2.1507750E+04 -1.370E+01 -1.434E+01 -6.587E+00
  2.1508250E+04 -1.252E+01 -1.350E+01 -7.908E+00
  2.1508750E+04 -1.308E+01 -1.324E+01 -4.516E+00
  2.1509250E+04 -1.436E+01 -1.475E+01 -5.599E+00
  2.1509750E+04 -1.534E+01 -1.587E+01 -6.397E+00
  2.1510250E+04 -1.344E+01 -1.397E+01 -5.916E+00
  2.1510750E+04 -1.327E+01 -1.390E+01 -6.278E+00
  2.1511250E+04 -1.351E+01 -1.444E+01 -7.975E+00
  2.1511750E+04 -1.331E+01 -1.398E+01 -6.664E+00
  2.1512250E+04 -1.311E+01 -1.339E+01 -4.704E+00
  2.1512750E+04 -1.373E+01 -1.413E+01 -5.340E+00
  2.1513250E+04 -1.319E+01 -1.321E+01 -3.724E+00
  2.1513750E+04 -1.388E+01 -1.448E+01 -6.212E+00
  2.1514250E+04 -1.230E+01 -1.324E+01 -7.494E+00
  2.1514750E+04 -1.300E+01 -1.385E+01 -7.169E+00
  2.1515250E+04 -1.330E+01 -1.377E+01 -5.633E+00
  2.1515750E+04 -1.434E+01 -1.448E+01 -4.460E+00
  2.1516250E+04 -1.183E+01 -1.217E+01 -4.907E+00
  2.1516750E+04 -1.266E+01 -1.313E+01 -5.469E+00
  2.1517250E+04 -1.204E+01 -1.328E+01 -8.729E+00
  2.1517750E+04 -1.143E+01 -1.205E+01 -5.873E+00
  2.1518250E+04 -1.293E+01 -1.356E+01 -6.263E+00
  2.1518750E+04 -1.189E+01 -1.223E+01 -4.685E+00
  2.1519250E+04 -1.368E+01 -1.398E+01 -4.965E+00
  2.1519750E+04 -1.248E+01 -1.301E+01 -5.693E+00
  2.1520250E+04 -1.076E+01 -1.163E+01 -6.916E+00
  2.1520750E+04 -1.324E+01 -1.380E+01 -6.185E+00
  2.1521250E+04 -1.181E+01 -1.258E+01 -6.694E+00
  2.1521750E+04 -1.255E+01 -1.319E+01 -6.160E+00
  2.1522250E+04 -1.335E+01 -1.335E+01 -4.087E+00
  2.1522750E+04 -1.249E+01 -1.298E+01 -5.330E+00
  2.1523250E+04 -1.132E+01 -1.218E+01 -6.574E+00
  2.1523750E+04 -1.210E+01 -1.250E+01 -5.035E+00
  2.1524250E+04 -1.368E+01 -1.370E+01 -3.732E+00
  2.1524750E+04 -1.182E+01 -1.240E+01 -5.934E+00
  2.1525250E+04 -1.255E+01 -1.344E+01 -7.904E+00
  2.1525750E+04 -1.276E+01 -1.343E+01 -6.511E+00
  2.1526250E+04 -1.144E+01 -1.217E+01 -6.166E+00
  2.1526750E+04 -1.166E+01 -1.214E+01 -4.862E+00
  2.1527250E+04 -1.139E+01 -1.239E+01 -7.187E+00
  2.1527750E+04 -1.065E+01 -1.151E+01 -7.071E+00
  2.1528250E+04 -1.268E+01 -1.324E+01 -5.940E+00
  2.1528750E+04 -1.187E+01 -1.234E+01 -4.453E+00
  2.1529250E+04 -1.265E+01 -1.307E+01 -5.226E+00
  2.1529750E+04 -1.065E+01 -1.162E+01 -6.979E+00
  2.1530250E+04 -1.370E+01 -1.378E+01 -3.829E+00
  2.1530750E+04 -1.200E+01 -1.186E+01 -2.750E+00
  2.1531250E+04 -1.133E+01 -1.194E+01 -5.859E+00
  2.1531750E+04 -1.288E+01 -1.354E+01 -6.221E+00
  2.1532250E+04 -1.096E+01 -1.162E+01 -5.766E+00
  2.1532750E+04 -1.265E+01 -1.286E+01 -4.311E+00
  2.1533250E+04 -1.174E+01 -1.244E+01 -6.289E+00
  2.1533750E+04 -9.668E+00 -1.008E+01 -4.488E+00
  2.1534250E+04 -1.007E+01 -1.068E+01 -5.716E+00
  2.1534750E+04 -1.297E+01 -1.341E+01 -5.407E+00
  2.1535250E+04 -1.152E+01 -1.191E+01 -5.406E+00
  2.1535750E+04 -1.162E+01 -1.219E+01 -5.375E+00
  2.1536250E+04 -1.169E+01 -1.205E+01 -4.532E+00
  2.1536750E+04 -1.138E+01 -1.231E+01 -7.144E+00
  2.1537250E+04 -1.165E+01 -1.209E+01 -4.842E+00
  2.1537750E+04 -1.142E+01 -1.223E+01 -6.235E+00
  2.1538250E+04 -1.270E+01 -1.301E+01 -4.671E+00
  2.1538750E+04 -1.051E+01 -1.120E+01 -5.778E+00
  2.1539250E+04 -1.013E+01 -1.113E+01 -7.149E+00
  2.1539750E+04 -1.063E+01 -1.126E+01 -5.763E+00
  2.1540250E+04 -1.126E+01 -1.185E+01 -5.616E+00
  2.1540750E+04 -1.213E+01 -1.255E+01 -4.959E+00
  2.1541250E+04 -1.095E+01 -1.154E+01 -5.439E+00
  2.1541750E+04 -1.124E+01 -1.191E+01 -5.919E+00
  2.1542250E+04 -1.283E+01 -1.325E+01 -5.146E+00
  2.1542750E+04 -1.049E+01 -1.118E+01 -5.892E+00
  2.1543250E+04 -1.093E+01 -1.142E+01 -5.062E+00
  2.1543750E+04 -1.083E+01 -1.142E+01 -5.389E+00
  2.1544250E+04 -1.139E+01 -1.164E+01 -4.236E+00
  2.1544750E+04 -1.053E+01 -1.070E+01 -3.283E+00
  2.1545250E+04 -1.082E+01 -1.158E+01 -6.188E+00
  2.1545750E+04 -1.110E+01 -1.170E+01 -5.626E+00
  2.1546250E+04 -1.063E+01 -1.123E+01 -5.522E+00
  2.1546750E+04 -1.131E+01 -1.174E+01 -5.360E+00
  2.1547250E+04 -9.678E+00 -1.062E+01 -6.859E+00
  2.1547750E+04 -1.026E+01 -1.118E+01 -6.594E+00
  2.1548250E+04 -1.005E+01 -1.055E+01 -5.057E+00
  2.1548750E+04 -9.674E+00 -1.043E+01 -5.801E+00
  2.1549250E+04 -1.056E+01 -1.102E+01 -4.773E+00
  2.1549750E+04 -1.206E+01 -1.237E+01 -4.449E+00
  2.1550250E+04 -1.088E+01 -1.094E+01 -3.276E+00
  2.1550750E+04 -1.063E+01 -1.139E+01 -6.389E+00
  2.1551250E+04 -1.038E+01 -1.054E+01 -3.624E+00
  2.1551750E+04 -9.738E+00 -9.796E+00 -2.912E+00
  2.1552250E+04 -9.705E+00 -1.056E+01 -6.412E+00
  2.1552750E+04 -1.042E+01 -1.081E+01 -4.468E+00
  2.1553250E+04 -1.039E+01 -1.062E+01 -3.637E+00
  2.1553750E+04 -1.031E+01 -1.080E+01 -4.802E+00
  2.1554250E+04 -1.061E+01 -1.120E+01 -5.259E+00
  2.1554750E+04 -1.172E+01 -1.205E+01 -4.296E+00
  2.1555250E+04 -1.048E+01 -1.096E+01 -4.742E+00
  2.1555750E+04 -9.489E+00 -9.886E+00 -4.266E+00
  2.1556250E+04 -1.140E+01 -1.171E+01 -4.379E+00
  2.1556750E+04 -1.117E+01 -1.165E+01 -4.945E+00
  2.1557250E+04 -9.485E+00 -9.834E+00 -4.078E+00
  2.1557750E+04 -9.965E+00 -1.036E+01 -4.433E+00
  2.1558250E+04 -1.147E+01 -1.178E+01 -4.333E+00
  2.1558750E+04 -1.030E+01 -1.078E+01 -4.842E+00
  2.1559250E+04 -9.481E+00 -9.867E+00 -4.154E+00
  2.1559750E+04 -1.009E+01 -1.079E+01 -5.794E+00
  2.1560250E+04 -9.365E+00 -9.988E+00 -5.360E+00
  2.1560750E+04 -1.054E+01 -1.105E+01 -4.917E+00
  2.1561250E+04 -1.005E+01 -1.056E+01 -4.913E+00
  2.1561750E+04 -9.880E+00 -1.036E+01 -4.602E+00
  2.1562250E+04 -9.617E+00 -1.043E+01 -6.234E+00
  2.1562750E+04 -9.265E+00 -9.936E+00 -5.517E+00
  2.1563250E+04 -8.453E+00 -8.893E+00 -4.432E+00
  2.1563750E+04 -9.013E+00 -9.468E+00 -4.530E+00
  2.1564250E+04 -9.875E+00 -1.035E+01 -4.616E+00
  2.1564750E+04 -8.822E+00 -9.122E+00 -3.744E+00
  2.1565250E+04 -9.231E+00 -9.844E+00 -5.170E+00
  2.1565750E+04 -1.043E+01 -1.071E+01 -4.274E+00
  2.1566250E+04 -9.836E+00 -1.042E+01 -5.139E+00
  2.1566750E+04 -1.043E+01 -1.080E+01 -4.199E+00
  2.1567250E+04 -8.652E+00 -9.106E+00 -4.315E+00
  2.1567750E+04 -9.967E+00 -1.042E+01 -4.553E+00
  2.1568250E+04 -9.684E+00 -9.852E+00 -3.168E+00
  2.1568750E+04 -9.289E+00 -9.720E+00 -4.126E+00
  2.1569250E+04 -8.937E+00 -9.571E+00 -5.165E+00
  2.1569750E+04 -9.246E+00 -9.330E+00 -2.822E+00
  2.1570250E+04 -9.177E+00 -9.910E+00 -5.562E+00
  2.1570750E+04 -9.023E+00 -9.364E+00 -3.853E+00
  2.1571250E+04 -9.747E+00 -9.604E+00 -1.995E+00
  2.1571750E+04 -1.045E+01 -1.078E+01 -4.154E+00
  2.1572250E+04 -9.546E+00 -1.036E+01 -6.122E+00
  2.1572750E+04 -8.722E+00 -9.569E+00 -6.000E+00
  2.1573250E+04 -8.878E+00 -9.646E+00 -5.723E+00
  2.1573750E+04 -8.825E+00 -9.192E+00 -3.900E+00
  2.1574250E+04 -1.022E+01 -1.017E+01 -2.585E+00
  2.1574750E+04 -8.947E+00 -9.206E+00 -3.553E+00
  2.1575250E+04 -8.725E+00 -9.661E+00 -6.398E+00
  2.1575750E+04 -9.690E+00 -9.774E+00 -2.887E+00
  2.1576250E+04 -8.637E+00 -9.094E+00 -4.328E+00
  2.1576750E+04 -9.099E+00 -9.562E+00 -4.505E+00
  2.1577250E+04 -8.491E+00 -9.399E+00 -6.301E+00
  2.1577750E+04 -9.148E+00 -9.538E+00 -4.025E+00
  2.1578250E+04 -1.007E+01 -1.036E+01 -3.868E+00
  2.1578750E+04 -9.085E+00 -9.294E+00 -3.427E+00
  2.1579250E+04 -8.755E+00 -9.282E+00 -4.838E+00
  2.1579750E+04 -8.730E+00 -9.317E+00 -4.771E+00
  2.1580250E+04 -9.405E+00 -9.332E+00 -2.137E+00
  2.1580750E+04 -8.643E+00 -9.357E+00 -5.395E+00
  2.1581250E+04 -8.368E+00 -8.792E+00 -4.149E+00
  2.1581750E+04 -8.488E+00 -8.565E+00 -2.563E+00
  2.1582250E+04 -9.668E+00 -1.024E+01 -5.026E+00
  2.1582750E+04 -8.396E+00 -8.980E+00 -4.819E+00
  2.1583250E+04 -8.687E+00 -8.987E+00 -3.393E+00
  2.1583750E+04 -7.790E+00 -8.187E+00 -4.035E+00
  2.1584250E+04 -8.476E+00 -9.491E+00 -6.773E+00
  2.1584750E+04 -7.816E+00 -8.459E+00 -4.997E+00
  2.1585250E+04 -9.381E+00 -9.793E+00 -4.251E+00
  2.1585750E+04 -9.533E+00 -9.710E+00 -3.195E+00
  2.1586250E+04 -9.461E+00 -9.694E+00 -3.623E+00
  2.1586750E+04 -9.012E+00 -9.383E+00 -4.047E+00
  2.1587250E+04 -8.804E+00 -8.976E+00 -3.087E+00
  2.1587750E+04 -7.614E+00 -8.123E+00 -4.278E+00
  2.1588250E+04 -8.135E+00 -8.626E+00 -4.266E+00
  2.1588750E+04 -8.316E+00 -8.760E+00 -4.026E+00
  2.1589250E+04 -7.390E+00 -7.865E+00 -3.992E+00
  2.1589750E+04 -8.195E+00 -8.509E+00 -3.391E+00
  2.1590250E+04 -8.010E+00 -8.229E+00 -3.159E+00
  2.1590750E+04 -8.746E+00 -8.914E+00 -3.169E+00
  2.1591250E+04 -7.586E+00 -8.114E+00 -4.517E+00
  2.1591750E+04 -7.168E+00 -7.767E+00 -4.582E+00
  2.1592250E+04 -8.499E+00 -8.773E+00 -3.059E+00
  2.1592750E+04 -9.050E+00 -9.413E+00 -3.914E+00
  2.1593250E+04 -7.690E+00 -8.149E+00 -4.213E+00
  2.1593750E+04 -8.817E+00 -8.945E+00 -2.926E+00
  2.1594250E+04 -8.762E+00 -9.295E+00 -4.634E+00
  2.1594750E+04 -8.003E+00 -8.612E+00 -4.700E+00
  2.1595250E+04 -8.219E+00 -8.746E+00 -4.367E+00
  2.1595750E+04 -8.179E+00 -8.557E+00 -3.901E+00
  2.1596250E+04 -8.388E+00 -8.873E+00 -4.294E+00
  2.1596750E+04 -8.455E+00 -8.860E+00 -3.971E+00
  2.1597250E+04 -8.414E+00 -8.786E+00 -3.819E+00
  2.1597750E+04 -7.690E+00 -7.815E+00 -2.766E+00
  2.1598250E+04 -6.753E+00 -7.336E+00 -4.455E+00
  2.1598750E+04 -7.162E+00 -7.782E+00 -4.674E+00
  2.1599250E+04 -8.153E+00 -8.524E+00 -3.918E+00
  2.1599750E+04 -8.146E+00 -8.301E+00 -2.858E+00
  2.1600250E+04 -7.258E+00 -7.712E+00 -3.923E+00
  2.1600750E+04 -7.313E+00 -7.570E+00 -3.069E+00
  2.1601250E+04 -8.130E+00 -8.520E+00 -3.732E+00
  2.1601750E+04 -7.561E+00 -8.056E+00 -4.158E+00
  2.1602250E+04 -7.869E+00 -8.272E+00 -3.980E+00
  2.1602750E+04 -8.002E+00 -8.492E+00 -4.201E+00
  2.1603250E+04 -7.595E+00 -8.251E+00 -4.923E+00
  2.1603750E+04 -7.707E+00 -8.457E+00 -5.048E+00
  2.1604250E+04 -8.458E+00 -8.763E+00 -3.491E+00
  2.1604750E+04 -7.475E+00 -7.805E+00 -3.456E+00
  2.1605250E+04 -8.104E+00 -8.257E+00 -2.849E+00
  2.1605750E+04 -6.459E+00 -6.865E+00 -3.526E+00
  2.1606250E+04 -7.796E+00 -8.173E+00 -3.584E+00
  2.1606750E+04 -8.357E+00 -8.473E+00 -2.725E+00
  2.1607250E+04 -7.239E+00 -7.641E+00 -3.708E+00
  2.1607750E+04 -8.497E+00 -9.034E+00 -4.757E+00
  2.1608250E+04 -8.525E+00 -8.646E+00 -2.843E+00
  2.1608750E+04 -7.480E+00 -8.072E+00 -4.649E+00
  2.1609250E+04 -8.927E+00 -9.321E+00 -4.061E+00
  2.1609750E+04 -6.638E+00 -7.300E+00 -4.632E+00
  2.1610250E+04 -6.991E+00 -7.218E+00 -2.795E+00
  2.1610750E+04 -8.203E+00 -8.566E+00 -3.753E+00
  2.1611250E+04 -6.712E+00 -7.582E+00 -5.530E+00
  2.1611750E+04 -7.107E+00 -7.627E+00 -4.168E+00
  2.1612250E+04 -7.147E+00 -7.248E+00 -2.433E+00
  2.1612750E+04 -7.371E+00 -7.756E+00 -3.711E+00
  2.1613250E+04 -7.907E+00 -8.236E+00 -3.492E+00
  2.1613750E+04 -6.482E+00 -7.125E+00 -4.664E+00
  2.1614250E+04 -7.635E+00 -7.825E+00 -2.890E+00
  2.1614750E+04 -6.754E+00 -6.928E+00 -2.603E+00
  2.1615250E+04 -7.196E+00 -7.450E+00 -3.091E+00
  2.1615750E+04 -8.285E+00 -8.563E+00 -3.421E+00
  2.1616250E+04 -7.411E+00 -7.779E+00 -3.504E+00
  2.1616750E+04 -7.300E+00 -7.626E+00 -3.322E+00
  2.1617250E+04 -7.259E+00 -7.683E+00 -3.720E+00
  2.1617750E+04 -6.502E+00 -6.701E+00 -2.509E+00
  2.1618250E+04 -6.696E+00 -7.245E+00 -4.115E+00
  2.1618750E+04 -7.235E+00 -7.654E+00 -3.764E+00
  2.1619250E+04 -6.844E+00 -7.151E+00 -3.140E+00
  2.1619750E+04 -6.857E+00 -7.114E+00 -2.922E+00
  2.1620250E+04 -6.937E+00 -7.589E+00 -4.519E+00
  2.1620750E+04 -6.782E+00 -6.975E+00 -2.815E+00
  2.1621250E+04 -6.675E+00 -7.016E+00 -3.440E+00
  2.1621750E+04 -6.388E+00 -6.969E+00 -4.335E+00
  2.1622250E+04 -6.301E+00 -6.710E+00 -3.406E+00
  2.1622750E+04 -7.060E+00 -7.300E+00 -2.939E+00
  2.1623250E+04 -6.855E+00 -7.012E+00 -2.320E+00
  2.1623750E+04 -7.350E+00 -7.484E+00 -2.603E+00
  2.1624250E+04 -6.949E+00 -7.365E+00 -3.759E+00
  2.1624750E+04 -7.728E+00 -8.071E+00 -3.601E+00
  2.1625250E+04 -7.157E+00 -7.477E+00 -3.345E+00
  2.1625750E+04 -6.567E+00 -6.965E+00 -3.538E+00
  2.1626250E+04 -6.998E+00 -7.452E+00 -3.949E+00
  2.1626750E+04 -7.299E+00 -7.707E+00 -3.698E+00
  2.1627250E+04 -6.618E+00 -7.109E+00 -3.894E+00
  2.1627750E+04 -5.892E+00 -6.351E+00 -3.528E+00
  2.1628250E+04 -6.881E+00 -7.170E+00 -3.178E+00
  2.1628750E+04 -6.244E+00 -6.906E+00 -4.462E+00
  2.1629250E+04 -7.184E+00 -7.535E+00 -3.322E+00
  2.1629750E+04 -5.541E+00 -6.264E+00 -4.630E+00
  2.1630250E+04 -5.863E+00 -6.183E+00 -2.959E+00
  2.1630750E+04 -6.030E+00 -6.104E+00 -1.960E+00
  2.1631250E+04 -7.342E+00 -7.232E+00 -1.499E+00
  2.1631750E+04 -7.736E+00 -7.877E+00 -2.676E+00
  2.1632250E+04 -6.535E+00 -6.773E+00 -2.963E+00
  2.1632750E+04 -6.381E+00 -7.078E+00 -4.617E+00
  2.1633250E+04 -6.055E+00 -6.396E+00 -3.055E+00
  2.1633750E+04 -6.154E+00 -6.528E+00 -3.339E+00
  2.1634250E+04 -6.516E+00 -7.047E+00 -4.038E+00
  2.1634750E+04 -5.931E+00 -6.047E+00 -2.117E+00
  2.1635250E+04 -7.725E+00 -7.764E+00 -2.185E+00
  2.1635750E+04 -6.917E+00 -7.202E+00 -3.104E+00
  2.1636250E+04 -6.535E+00 -6.842E+00 -3.158E+00
  2.1636750E+04 -6.298E+00 -6.676E+00 -3.244E+00
  2.1637250E+04 -6.543E+00 -6.906E+00 -3.380E+00
  2.1637750E+04 -6.164E+00 -6.489E+00 -3.163E+00
  2.1638250E+04 -6.567E+00 -6.864E+00 -3.004E+00
  2.1638750E+04 -6.198E+00 -6.292E+00 -1.926E+00
  2.1639250E+04 -5.694E+00 -6.030E+00 -3.040E+00
  2.1639750E+04 -6.121E+00 -6.631E+00 -3.824E+00
  2.1640250E+04 -6.266E+00 -6.709E+00 -3.753E+00
  2.1640750E+04 -6.106E+00 -6.470E+00 -3.126E+00
  2.1641250E+04 -6.437E+00 -6.802E+00 -3.377E+00
  2.1641750E+04 -6.548E+00 -6.626E+00 -2.164E+00
  2.1642250E+04 -6.537E+00 -6.642E+00 -2.184E+00
  2.1642750E+04 -7.135E+00 -7.193E+00 -1.968E+00
  2.1643250E+04 -5.740E+00 -6.306E+00 -4.202E+00
  2.1643750E+04 -5.926E+00 -6.310E+00 -3.248E+00
  2.1644250E+04 -6.375E+00 -6.746E+00 -3.283E+00
  2.1644750E+04 -5.955E+00 -6.280E+00 -2.894E+00
  2.1645250E+04 -5.996E+00 -6.134E+00 -2.178E+00
  2.1645750E+04 -5.975E+00 -6.420E+00 -3.527E+00
  2.1646250E+04 -7.226E+00 -7.441E+00 -2.782E+00
  2.1646750E+04 -6.309E+00 -6.628E+00 -3.073E+00
  2.1647250E+04 -6.503E+00 -6.702E+00 -2.674E+00
  2.1647750E+04 -6.062E+00 -6.301E+00 -2.459E+00
  2.1648250E+04 -5.971E+00 -6.262E+00 -2.822E+00
  2.1648750E+04 -6.553E+00 -6.777E+00 -2.704E+00
  2.1649250E+04 -7.395E+00 -7.547E+00 -2.599E+00
  2.1649750E+04 -6.619E+00 -6.850E+00 -2.815E+00
  2.1650250E+04 -5.531E+00 -6.025E+00 -3.745E+00
  2.1650750E+04 -5.697E+00 -6.281E+00 -3.939E+00
  2.1651250E+04 -5.834E+00 -6.101E+00 -2.645E+00
  2.1651750E+04 -6.006E+00 -6.218E+00 -2.585E+00
  2.1652250E+04 -5.198E+00 -5.495E+00 -2.955E+00
  2.1652750E+04 -5.539E+00 -5.934E+00 -3.242E+00
  2.1653250E+04 -5.541E+00 -5.767E+00 -2.592E+00
  2.1653750E+04 -5.780E+00 -5.892E+00 -2.160E+00
  2.1654250E+04 -5.880E+00 -5.991E+00 -2.101E+00
  2.1654750E+04 -6.256E+00 -6.304E+00 -1.890E+00
  2.1655250E+04 -6.101E+00 -6.473E+00 -3.154E+00
  2.1655750E+04 -5.252E+00 -5.899E+00 -4.276E+00
  2.1656250E+04 -5.490E+00 -5.903E+00 -3.280E+00
  2.1656750E+04 -6.272E+00 -6.250E+00 -1.591E+00
  2.1657250E+04 -4.993E+00 -5.214E+00 -2.342E+00
  2.1657750E+04 -5.507E+00 -5.918E+00 -3.267E+00
  2.1658250E+04 -5.527E+00 -5.879E+00 -3.022E+00
  2.1658750E+04 -5.645E+00 -6.085E+00 -3.499E+00
  2.1659250E+04 -5.198E+00 -5.793E+00 -4.101E+00
  2.1659750E+04 -5.436E+00 -5.672E+00 -2.513E+00
  2.1660250E+04 -5.288E+00 -5.751E+00 -3.440E+00
  2.1660750E+04 -5.216E+00 -5.688E+00 -3.277E+00
  2.1661250E+04 -6.364E+00 -6.595E+00 -2.708E+00
  2.1661750E+04 -6.999E+00 -7.488E+00 -3.896E+00
  2.1662250E+04 -5.207E+00 -5.519E+00 -2.807E+00
  2.1662750E+04 -5.248E+00 -5.750E+00 -3.745E+00
  2.1663250E+04 -5.226E+00 -5.475E+00 -2.632E+00
  2.1663750E+04 -5.432E+00 -5.760E+00 -2.803E+00
  2.1664250E+04 -5.756E+00 -6.152E+00 -3.229E+00
  2.1664750E+04 -5.784E+00 -6.001E+00 -2.577E+00
  2.1665250E+04 -5.109E+00 -5.383E+00 -2.574E+00
  2.1665750E+04 -5.477E+00 -5.493E+00 -1.531E+00
  2.1666250E+04 -5.352E+00 -5.706E+00 -3.071E+00
  2.1666750E+04 -5.878E+00 -6.291E+00 -3.481E+00
  2.1667250E+04 -5.440E+00 -5.528E+00 -1.641E+00
  2.1667750E+04 -4.909E+00 -5.399E+00 -3.332E+00
  2.1668250E+04 -5.018E+00 -5.349E+00 -2.829E+00
  2.1668750E+04 -5.556E+00 -5.602E+00 -1.851E+00
  2.1669250E+04 -6.090E+00 -6.088E+00 -1.609E+00
  2.1669750E+04 -6.648E+00 -6.733E+00 -2.112E+00
  2.1670250E+04 -5.406E+00 -5.570E+00 -2.245E+00
  2.1670750E+04 -6.061E+00 -6.052E+00 -1.514E+00
  2.1671250E+04 -5.044E+00 -5.266E+00 -2.196E+00
  2.1671750E+04 -5.457E+00 -5.764E+00 -2.698E+00
  2.1672250E+04 -5.714E+00 -5.892E+00 -2.333E+00
  2.1672750E+04 -5.016E+00 -5.286E+00 -2.580E+00
  2.1673250E+04 -4.966E+00 -5.117E+00 -1.887E+00
  2.1673750E+04 -6.146E+00 -6.531E+00 -3.347E+00
  2.1674250E+04 -4.077E+00 -4.680E+00 -3.865E+00
  2.1674750E+04 -5.232E+00 -5.255E+00 -1.492E+00
  2.1675250E+04 -5.128E+00 -5.300E+00 -2.108E+00
  2.1675750E+04 -5.579E+00 -5.765E+00 -2.267E+00
  2.1676250E+04 -4.962E+00 -5.469E+00 -3.597E+00
  2.1676750E+04 -5.043E+00 -5.462E+00 -3.303E+00
  2.1677250E+04 -5.750E+00 -5.812E+00 -1.720E+00
  2.1677750E+04 -4.114E+00 -4.379E+00 -2.243E+00
  2.1678250E+04 -4.287E+00 -4.979E+00 -4.187E+00
  2.1678750E+04 -6.080E+00 -6.193E+00 -1.967E+00
  2.1679250E+04 -5.921E+00 -6.149E+00 -2.603E+00
  2.1679750E+04 -5.017E+00 -5.209E+00 -2.210E+00
  2.1680250E+04 -4.608E+00 -4.812E+00 -2.186E+00
  2.1680750E+04 -5.146E+00 -5.563E+00 -3.140E+00
  2.1681250E+04 -4.697E+00 -4.964E+00 -2.357E+00
  2.1681750E+04 -4.860E+00 -4.993E+00 -1.911E+00
  2.1682250E+04 -5.129E+00 -5.538E+00 -3.166E+00
  2.1682750E+04 -4.891E+00 -5.285E+00 -3.044E+00
  2.1683250E+04 -5.383E+00 -5.519E+00 -1.971E+00
  2.1683750E+04 -5.293E+00 -5.450E+00 -2.300E+00
  2.1684250E+04 -4.360E+00 -5.106E+00 -4.290E+00
  2.1684750E+04 -5.051E+00 -5.399E+00 -2.732E+00
  2.1685250E+04 -4.537E+00 -4.620E+00 -1.702E+00
  2.1685750E+04 -4.522E+00 -4.817E+00 -2.542E+00
  2.1686250E+04 -4.279E+00 -4.743E+00 -3.166E+00
  2.1686750E+04 -4.338E+00 -4.741E+00 -3.041E+00
  2.1687250E+04 -4.954E+00 -5.301E+00 -2.888E+00
  2.1687750E+04 -5.115E+00 -5.351E+00 -2.182E+00
  2.1688250E+04 -3.844E+00 -4.098E+00 -2.155E+00
  2.1688750E+04 -5.248E+00 -5.581E+00 -2.956E+00
  2.1689250E+04 -5.468E+00 -5.547E+00 -1.742E+00
  2.1689750E+04 -4.892E+00 -5.045E+00 -1.994E+00
  2.1690250E+04 -4.877E+00 -4.976E+00 -1.879E+00
  2.1690750E+04 -5.353E+00 -5.657E+00 -2.737E+00
  2.1691250E+04 -4.930E+00 -5.146E+00 -2.191E+00
  2.1691750E+04 -4.641E+00 -4.966E+00 -2.645E+00
  2.1692250E+04 -4.733E+00 -5.024E+00 -2.546E+00
  2.1692750E+04 -4.600E+00 -4.866E+00 -2.283E+00
  2.1693250E+04 -4.208E+00 -4.535E+00 -2.636E+00
  2.1693750E+04 -4.452E+00 -4.713E+00 -2.486E+00
  2.1694250E+04 -5.552E+00 -5.436E+00 -1.072E+00
  2.1694750E+04 -4.581E+00 -4.700E+00 -1.654E+00
  2.1695250E+04 -4.887E+00 -5.277E+00 -3.009E+00
  2.1695750E+04 -4.747E+00 -4.985E+00 -2.194E+00
  2.1696250E+04 -3.749E+00 -4.138E+00 -2.889E+00
  2.1696750E+04 -4.667E+00 -4.797E+00 -1.626E+00
  2.1697250E+04 -4.935E+00 -5.165E+00 -2.267E+00
  2.1697750E+04 -5.245E+00 -5.426E+00 -2.248E+00
  2.1698250E+04 -4.406E+00 -4.572E+00 -1.911E+00
  2.1698750E+04 -4.461E+00 -4.608E+00 -1.844E+00
  2.1699250E+04 -4.893E+00 -5.109E+00 -2.228E+00
  2.1699750E+04 -4.525E+00 -4.846E+00 -2.677E+00
  2.1700250E+04 -4.316E+00 -4.692E+00 -2.937E+00
  2.1700750E+04 -5.023E+00 -5.222E+00 -2.133E+00
  2.1701250E+04 -4.881E+00 -5.080E+00 -2.114E+00
  2.1701750E+04 -4.818E+00 -5.107E+00 -2.383E+00
  2.1702250E+04 -4.382E+00 -4.584E+00 -2.049E+00
  2.1702750E+04 -3.283E+00 -3.581E+00 -2.282E+00
  2.1703250E+04 -4.339E+00 -4.725E+00 -2.866E+00
  2.1703750E+04 -4.970E+00 -5.188E+00 -2.252E+00
  2.1704250E+04 -4.940E+00 -4.961E+00 -1.388E+00
  2.1704750E+04 -4.608E+00 -5.036E+00 -3.054E+00
  2.1705250E+04 -4.043E+00 -4.209E+00 -1.889E+00
  2.1705750E+04 -5.134E+00 -5.344E+00 -2.137E+00
  2.1706250E+04 -4.649E+00 -4.852E+00 -2.319E+00
  2.1706750E+04 -4.745E+00 -4.736E+00 -1.443E+00
  2.1707250E+04 -4.332E+00 -4.581E+00 -2.261E+00
  2.1707750E+04 -4.248E+00 -4.350E+00 -1.699E+00
  2.1708250E+04 -3.493E+00 -4.216E+00 -4.058E+00
  2.1708750E+04 -4.119E+00 -4.427E+00 -2.446E+00
  2.1709250E+04 -4.361E+00 -4.663E+00 -2.433E+00
  2.1709750E+04 -4.541E+00 -4.772E+00 -2.269E+00
  2.1710250E+04 -4.202E+00 -4.424E+00 -2.203E+00
  2.1710750E+04 -3.902E+00 -4.194E+00 -2.355E+00
  2.1711250E+04 -4.587E+00 -4.731E+00 -1.929E+00
  2.1711750E+04 -4.165E+00 -4.337E+00 -2.182E+00
  2.1712250E+04 -4.265E+00 -4.644E+00 -2.749E+00
  2.1712750E+04 -3.666E+00 -3.970E+00 -2.293E+00
  2.1713250E+04 -3.849E+00 -4.212E+00 -2.698E+00
  2.1713750E+04 -4.432E+00 -4.512E+00 -1.415E+00
  2.1714250E+04 -5.261E+00 -5.351E+00 -1.521E+00
  2.1714750E+04 -4.715E+00 -4.939E+00 -2.134E+00
  2.1715250E+04 -4.716E+00 -5.021E+00 -2.342E+00
  2.1715750E+04 -3.900E+00 -3.974E+00 -1.526E+00
  2.1716250E+04 -4.113E+00 -4.150E+00 -1.426E+00
  2.1716750E+04 -4.524E+00 -4.641E+00 -1.766E+00
  2.1717250E+04 -4.104E+00 -4.350E+00 -2.183E+00
  2.1717750E+04 -4.325E+00 -4.448E+00 -1.551E+00
  2.1718250E+04 -4.044E+00 -4.336E+00 -2.344E+00
  2.1718750E+04 -3.449E+00 -3.812E+00 -2.551E+00
  2.1719250E+04 -3.816E+00 -4.072E+00 -2.075E+00
  2.1719750E+04 -3.960E+00 -4.108E+00 -1.897E+00
  2.1720250E+04 -3.908E+00 -4.183E+00 -2.252E+00
  2.1720750E+04 -4.541E+00 -4.840E+00 -2.463E+00
  2.1721250E+04 -4.572E+00 -4.988E+00 -2.993E+00
  2.1721750E+04 -4.422E+00 -4.359E+00 -7.204E-01
  2.1722250E+04 -3.640E+00 -3.890E+00 -2.161E+00
  2.1722750E+04 -3.547E+00 -3.820E+00 -2.278E+00
  2.1723250E+04 -3.844E+00 -4.016E+00 -1.889E+00
  2.1723750E+04 -4.054E+00 -4.274E+00 -2.081E+00
  2.1724250E+04 -4.242E+00 -4.452E+00 -1.971E+00
  2.1724750E+04 -3.476E+00 -3.659E+00 -1.682E+00
  2.1725250E+04 -4.239E+00 -4.452E+00 -1.989E+00
  2.1725750E+04 -3.723E+00 -3.856E+00 -1.561E+00
  2.1726250E+04 -4.267E+00 -4.418E+00 -1.681E+00
  2.1726750E+04 -4.206E+00 -4.418E+00 -2.240E+00
  2.1727250E+04 -3.338E+00 -3.549E+00 -1.952E+00
  2.1727750E+04 -3.243E+00 -3.609E+00 -2.434E+00
  2.1728250E+04 -3.633E+00 -4.011E+00 -2.528E+00
  2.1728750E+04 -4.354E+00 -4.489E+00 -1.643E+00
  2.1729250E+04 -4.244E+00 -4.373E+00 -1.637E+00
  2.1729750E+04 -4.397E+00 -4.498E+00 -1.666E+00
  2.1730250E+04 -3.719E+00 -3.922E+00 -1.973E+00
  2.1730750E+04 -4.303E+00 -4.596E+00 -2.372E+00
  2.1731250E+04 -3.668E+00 -3.979E+00 -2.398E+00
  2.1731750E+04 -3.710E+00 -4.169E+00 -2.941E+00
  2.1732250E+04 -4.460E+00 -4.572E+00 -1.602E+00
  2.1732750E+04 -4.052E+00 -4.243E+00 -2.094E+00
  2.1733250E+04 -4.004E+00 -4.012E+00 -9.933E-01
  2.1733750E+04 -3.405E+00 -3.537E+00 -1.481E+00
  2.1734250E+04 -3.647E+00 -3.858E+00 -2.047E+00
  2.1734750E+04 -4.624E+00 -4.767E+00 -1.781E+00
  2.1735250E+04 -4.196E+00 -4.334E+00 -1.666E+00
  2.1735750E+04 -3.734E+00 -3.971E+00 -2.090E+00
  2.1736250E+04 -3.999E+00 -4.344E+00 -2.429E+00
  2.1736750E+04 -3.873E+00 -4.095E+00 -1.971E+00
  2.1737250E+04 -3.666E+00 -3.724E+00 -1.210E+00
  2.1737750E+04 -4.006E+00 -4.190E+00 -1.913E+00
  2.1738250E+04 -3.956E+00 -4.043E+00 -1.519E+00
  2.1738750E+04 -2.887E+00 -3.302E+00 -2.671E+00
  2.1739250E+04 -3.797E+00 -4.143E+00 -2.682E+00
  2.1739750E+04 -4.773E+00 -4.609E+00 -5.227E-01
  2.1740250E+04 -3.411E+00 -3.622E+00 -1.934E+00
  2.1740750E+04 -3.598E+00 -3.816E+00 -2.103E+00
  2.1741250E+04 -4.604E+00 -4.689E+00 -1.610E+00
  2.1741750E+04 -3.637E+00 -3.888E+00 -2.064E+00
  2.1742250E+04 -3.565E+00 -3.847E+00 -2.213E+00
  2.1742750E+04 -3.879E+00 -4.188E+00 -2.439E+00
  2.1743250E+04 -3.275E+00 -3.482E+00 -1.789E+00
  2.1743750E+04 -3.487E+00 -3.646E+00 -1.437E+00
  2.1744250E+04 -3.098E+00 -3.490E+00 -2.633E+00
  2.1744750E+04 -3.152E+00 -3.479E+00 -2.397E+00
  2.1745250E+04 -3.621E+00 -3.699E+00 -1.398E+00
  2.1745750E+04 -3.817E+00 -3.887E+00 -1.286E+00
  2.1746250E+04 -3.128E+00 -3.426E+00 -2.291E+00
  2.1746750E+04 -3.672E+00 -3.868E+00 -1.902E+00
  2.1747250E+04 -3.012E+00 -3.077E+00 -1.145E+00
  2.1747750E+04 -3.687E+00 -3.840E+00 -1.704E+00
  2.1748250E+04 -3.692E+00 -4.118E+00 -2.627E+00
  2.1748750E+04 -3.692E+00 -3.793E+00 -1.344E+00
  2.1749250E+04 -3.632E+00 -3.695E+00 -1.259E+00
  2.1749750E+04 -4.031E+00 -4.345E+00 -2.366E+00
  2.1750250E+04 -2.896E+00 -3.204E+00 -2.147E+00
  2.1750750E+04 -3.434E+00 -3.595E+00 -1.443E+00
  2.1751250E+04 -3.308E+00 -3.429E+00 -1.451E+00
  2.1751750E+04 -3.818E+00 -3.987E+00 -1.851E+00
  2.1752250E+04 -3.674E+00 -4.002E+00 -2.477E+00
  2.1752750E+04 -3.426E+00 -3.648E+00 -1.907E+00
  2.1753250E+04 -3.285E+00 -3.450E+00 -1.483E+00
  2.1753750E+04 -3.504E+00 -3.599E+00 -1.374E+00
  2.1754250E+04 -3.736E+00 -3.778E+00 -1.191E+00
  2.1754750E+04 -3.479E+00 -3.746E+00 -2.159E+00
  2.1755250E+04 -3.773E+00 -4.014E+00 -1.925E+00
  2.1755750E+04 -4.291E+00 -4.420E+00 -1.546E+00
  2.1756250E+04 -3.446E+00 -3.674E+00 -1.906E+00
  2.1756750E+04 -2.951E+00 -3.060E+00 -1.324E+00
  2.1757250E+04 -2.754E+00 -2.866E+00 -1.277E+00
  2.1757750E+04 -3.985E+00 -4.294E+00 -2.342E+00
  2.1758250E+04 -3.877E+00 -4.057E+00 -1.896E+00
  2.1758750E+04 -3.152E+00 -3.383E+00 -2.012E+00
  2.1759250E+04 -4.205E+00 -4.503E+00 -2.435E+00
  2.1759750E+04 -3.847E+00 -4.255E+00 -2.921E+00
  2.1760250E+04 -3.715E+00 -3.877E+00 -1.750E+00
  2.1760750E+04 -3.105E+00 -3.302E+00 -1.715E+00
  2.1761250E+04 -2.469E+00 -2.795E+00 -1.974E+00
  2.1761750E+04 -3.402E+00 -3.580E+00 -1.818E+00
  2.1762250E+04 -3.894E+00 -4.024E+00 -1.452E+00
  2.1762750E+04 -3.606E+00 -3.822E+00 -1.820E+00
  2.1763250E+04 -3.097E+00 -3.097E+00 -1.096E+00
  2.1763750E+04 -3.565E+00 -3.892E+00 -2.370E+00
  2.1764250E+04 -3.816E+00 -3.925E+00 -1.378E+00
  2.1764750E+04 -2.700E+00 -2.712E+00 -7.744E-01
  2.1765250E+04 -3.054E+00 -3.178E+00 -1.492E+00
  2.1765750E+04 -3.494E+00 -3.745E+00 -2.083E+00
  2.1766250E+04 -3.368E+00 -3.403E+00 -1.047E+00
  2.1766750E+04 -3.560E+00 -3.740E+00 -1.751E+00
  2.1767250E+04 -3.128E+00 -3.434E+00 -2.163E+00
  2.1767750E+04 -2.994E+00 -3.029E+00 -9.142E-01
  2.1768250E+04 -3.187E+00 -3.289E+00 -1.310E+00
  2.1768750E+04 -3.434E+00 -3.533E+00 -1.431E+00
  2.1769250E+04 -3.441E+00 -3.539E+00 -1.470E+00
  2.1769750E+04 -3.428E+00 -3.432E+00 -9.716E-01
  2.1770250E+04 -3.355E+00 -3.547E+00 -1.797E+00
  2.1770750E+04 -2.736E+00 -2.952E+00 -1.538E+00
  2.1771250E+04 -2.820E+00 -3.132E+00 -2.039E+00
  2.1771750E+04 -4.296E+00 -4.207E+00 -8.506E-01
  2.1772250E+04 -3.535E+00 -3.681E+00 -1.443E+00
  2.1772750E+04 -3.793E+00 -4.103E+00 -2.289E+00
  2.1773250E+04 -3.132E+00 -3.386E+00 -1.903E+00
  2.1773750E+04 -3.331E+00 -3.357E+00 -1.123E+00
  2.1774250E+04 -3.170E+00 -3.424E+00 -2.012E+00
  2.1774750E+04 -2.423E+00 -2.612E+00 -1.525E+00
  2.1775250E+04 -3.051E+00 -3.096E+00 -9.496E-01
  2.1775750E+04 -2.992E+00 -3.480E+00 -3.068E+00
  2.1776250E+04 -3.039E+00 -3.227E+00 -1.510E+00
  2.1776750E+04 -2.884E+00 -3.142E+00 -1.925E+00
  2.1777250E+04 -2.432E+00 -2.554E+00 -1.322E+00
  2.1777750E+04 -3.794E+00 -3.811E+00 -1.077E+00
  2.1778250E+04 -2.831E+00 -2.866E+00 -8.916E-01
  2.1778750E+04 -3.206E+00 -3.286E+00 -1.185E+00
  2.1779250E+04 -3.450E+00 -3.643E+00 -1.740E+00
  2.1779750E+04 -3.010E+00 -3.173E+00 -1.481E+00
  2.1780250E+04 -3.218E+00 -3.406E+00 -1.587E+00
  2.1780750E+04 -2.616E+00 -2.818E+00 -1.538E+00
  2.1781250E+04 -2.612E+00 -2.691E+00 -1.135E+00
  2.1781750E+04 -3.463E+00 -3.707E+00 -1.981E+00
  2.1782250E+04 -3.678E+00 -3.749E+00 -1.269E+00
  2.1782750E+04 -2.712E+00 -3.036E+00 -2.041E+00
  2.1783250E+04 -2.735E+00 -3.003E+00 -2.092E+00
  2.1783750E+04 -3.175E+00 -3.155E+00 -7.543E-01
  2.1784250E+04 -3.159E+00 -3.135E+00 -7.360E-01
  2.1784750E+04 -2.882E+00 -3.081E+00 -1.624E+00
  2.1785250E+04 -2.876E+00 -3.173E+00 -2.015E+00
  2.1785750E+04 -2.865E+00 -2.964E+00 -1.239E+00
  2.1786250E+04 -3.556E+00 -3.574E+00 -1.079E+00
  2.1786750E+04 -3.318E+00 -3.444E+00 -1.451E+00
  2.1787250E+04 -2.897E+00 -3.135E+00 -1.700E+00
  2.1787750E+04 -2.860E+00 -3.066E+00 -1.507E+00
  2.1788250E+04 -2.094E+00 -2.186E+00 -1.126E+00
  2.1788750E+04 -2.559E+00 -2.857E+00 -2.253E+00
  2.1789250E+04 -2.376E+00 -2.520E+00 -1.120E+00
  2.1789750E+04 -2.783E+00 -2.848E+00 -1.077E+00
  2.1790250E+04 -2.827E+00 -2.983E+00 -1.437E+00
  2.1790750E+04 -3.238E+00 -3.342E+00 -1.418E+00
  2.1791250E+04 -2.867E+00 -3.115E+00 -1.951E+00
  2.1791750E+04 -2.655E+00 -2.819E+00 -1.305E+00
  2.1792250E+04 -3.334E+00 -3.586E+00 -1.922E+00
  2.1792750E+04 -3.122E+00 -3.219E+00 -1.421E+00
  2.1793250E+04 -2.891E+00 -3.058E+00 -1.435E+00
  2.1793750E+04 -3.338E+00 -3.531E+00 -1.662E+00
  2.1794250E+04 -2.913E+00 -2.970E+00 -1.148E+00
  2.1794750E+04 -2.712E+00 -2.853E+00 -1.300E+00
  2.1795250E+04 -3.573E+00 -3.559E+00 -7.725E-01
  2.1795750E+04 -2.999E+00 -3.183E+00 -1.440E+00
  2.1796250E+04 -3.073E+00 -3.421E+00 -2.341E+00
  2.1796750E+04 -2.818E+00 -2.871E+00 -8.701E-01
  2.1797250E+04 -2.884E+00 -2.872E+00 -6.834E-01
  2.1797750E+04 -2.361E+00 -2.597E+00 -1.843E+00
  2.1798250E+04 -2.574E+00 -2.814E+00 -1.623E+00
  2.1798750E+04 -2.681E+00 -2.996E+00 -2.175E+00
  2.1799250E+04 -2.519E+00 -2.736E+00 -1.835E+00
  2.1799750E+04 -2.317E+00 -2.608E+00 -2.052E+00
  2.1800250E+04 -2.931E+00 -3.111E+00 -1.644E+00
  2.1800750E+04 -2.714E+00 -2.869E+00 -1.500E+00
  2.1801250E+04 -2.840E+00 -2.909E+00 -1.186E+00
  2.1801750E+04 -2.527E+00 -2.821E+00 -1.941E+00
  2.1802250E+04 -2.590E+00 -2.751E+00 -1.483E+00
  2.1802750E+04 -2.338E+00 -2.424E+00 -1.070E+00
  2.1803250E+04 -2.443E+00 -2.491E+00 -5.889E-01
  2.1803750E+04 -2.438E+00 -2.613E+00 -1.248E+00
  2.1804250E+04 -2.726E+00 -2.840E+00 -1.292E+00
  2.1804750E+04 -3.105E+00 -3.159E+00 -1.055E+00
  2.1805250E+04 -2.964E+00 -3.096E+00 -1.418E+00
  2.1805750E+04 -2.939E+00 -3.060E+00 -1.117E+00
  2.1806250E+04 -3.228E+00 -3.417E+00 -1.592E+00
  2.1806750E+04 -2.670E+00 -2.918E+00 -1.912E+00
  2.1807250E+04 -2.950E+00 -3.287E+00 -2.284E+00
  2.1807750E+04 -2.486E+00 -2.740E+00 -1.819E+00
  2.1808250E+04 -2.505E+00 -2.674E+00 -1.330E+00
  2.1808750E+04 -3.358E+00 -3.530E+00 -1.834E+00
  2.1809250E+04 -3.417E+00 -3.393E+00 -8.036E-01
  2.1809750E+04 -3.121E+00 -3.376E+00 -1.882E+00
  2.1810250E+04 -2.913E+00 -3.037E+00 -1.376E+00
  2.1810750E+04 -2.625E+00 -2.695E+00 -8.776E-01
  2.1811250E+04 -2.746E+00 -2.910E+00 -1.618E+00
  2.1811750E+04 -2.623E+00 -2.738E+00 -1.217E+00
  2.1812250E+04 -2.732E+00 -2.947E+00 -1.533E+00
  2.1812750E+04 -2.751E+00 -2.839E+00 -1.154E+00
  2.1813250E+04 -2.559E+00 -2.684E+00 -1.379E+00
  2.1813750E+04 -3.356E+00 -3.458E+00 -1.223E+00
  2.1814250E+04 -2.656E+00 -2.865E+00 -1.582E+00
  2.1814750E+04 -2.854E+00 -3.135E+00 -1.951E+00
  2.1815250E+04 -3.085E+00 -3.213E+00 -1.440E+00
  2.1815750E+04 -2.585E+00 -2.815E+00 -1.770E+00
  2.1816250E+04 -2.543E+00 -2.725E+00 -1.333E+00
  2.1816750E+04 -2.291E+00 -2.654E+00 -2.126E+00
  2.1817250E+04 -2.654E+00 -2.851E+00 -1.692E+00
  2.1817750E+04 -2.194E+00 -2.308E+00 -1.128E+00
  2.1818250E+04 -1.673E+00 -1.713E+00 -7.658E-01
  2.1818750E+04 -2.661E+00 -2.750E+00 -1.176E+00
  2.1819250E+04 -3.202E+00 -3.185E+00 -7.615E-01
  2.1819750E+04 -2.802E+00 -2.846E+00 -8.882E-01
  2.1820250E+04 -2.735E+00 -2.986E+00 -1.688E+00
  2.1820750E+04 -2.726E+00 -2.922E+00 -1.554E+00
  2.1821250E+04 -2.315E+00 -2.460E+00 -1.278E+00
  2.1821750E+04 -1.809E+00 -2.026E+00 -1.397E+00
  2.1822250E+04 -1.848E+00 -2.041E+00 -1.386E+00
  2.1822750E+04 -3.031E+00 -3.240E+00 -1.668E+00
  2.1823250E+04 -2.058E+00 -2.268E+00 -1.522E+00
  2.1823750E+04 -2.392E+00 -2.571E+00 -1.222E+00
  2.1824250E+04 -2.860E+00 -2.873E+00 -7.134E-01
  2.1824750E+04 -2.913E+00 -3.070E+00 -1.440E+00
  2.1825250E+04 -2.808E+00 -2.926E+00 -1.334E+00
  2.1825750E+04 -2.451E+00 -2.668E+00 -1.656E+00
  2.1826250E+04 -2.326E+00 -2.555E+00 -1.636E+00
  2.1826750E+04 -2.259E+00 -2.320E+00 -8.940E-01
  2.1827250E+04 -2.091E+00 -2.077E+00 -5.390E-01
  2.1827750E+04 -2.482E+00 -2.669E+00 -1.532E+00
  2.1828250E+04 -2.495E+00 -2.775E+00 -2.056E+00
  2.1828750E+04 -2.496E+00 -2.608E+00 -1.074E+00
  2.1829250E+04 -2.474E+00 -2.628E+00 -1.096E+00
  2.1829750E+04 -1.674E+00 -1.776E+00 -9.036E-01
  2.1830250E+04 -2.958E+00 -3.084E+00 -1.330E+00
  2.1830750E+04 -3.305E+00 -3.563E+00 -2.098E+00
  2.1831250E+04 -2.298E+00 -2.657E+00 -2.039E+00
  2.1831750E+04 -1.945E+00 -2.171E+00 -1.603E+00
  2.1832250E+04 -2.363E+00 -2.332E+00 -6.043E-01
  2.1832750E+04 -3.113E+00 -3.053E+00 -8.292E-01
  2.1833250E+04 -2.133E+00 -2.142E+00 -7.072E-01
  2.1833750E+04 -2.055E+00 -2.186E+00 -1.231E+00
  2.1834250E+04 -2.398E+00 -2.513E+00 -1.230E+00
  2.1834750E+04 -2.106E+00 -2.229E+00 -1.057E+00
  2.1835250E+04 -2.925E+00 -2.867E+00 -4.293E-01
  2.1835750E+04 -2.530E+00 -2.644E+00 -1.211E+00
  2.1836250E+04 -2.464E+00 -2.623E+00 -1.251E+00
  2.1836750E+04 -2.816E+00 -2.910E+00 -1.117E+00
  2.1837250E+04 -2.350E+00 -2.491E+00 -1.290E+00
  2.1837750E+04 -1.992E+00 -2.131E+00 -1.080E+00
  2.1838250E+04 -2.294E+00 -2.329E+00 -8.780E-01
  2.1838750E+04 -2.512E+00 -2.574E+00 -9.237E-01
  2.1839250E+04 -2.224E+00 -2.239E+00 -7.186E-01
  2.1839750E+04 -1.595E+00 -1.849E+00 -1.612E+00
  2.1840250E+04 -2.457E+00 -2.673E+00 -1.455E+00
  2.1840750E+04 -2.442E+00 -2.487E+00 -9.280E-01
  2.1841250E+04 -2.673E+00 -2.711E+00 -7.367E-01
  2.1841750E+04 -2.815E+00 -2.829E+00 -8.143E-01
  2.1842250E+04 -2.614E+00 -2.783E+00 -1.296E+00
  2.1842750E+04 -2.789E+00 -2.977E+00 -1.404E+00
  2.1843250E+04 -2.207E+00 -2.328E+00 -1.252E+00
  2.1843750E+04 -2.699E+00 -2.696E+00 -7.842E-01
  2.1844250E+04 -2.127E+00 -2.397E+00 -1.894E+00
  2.1844750E+04 -2.286E+00 -2.540E+00 -1.741E+00
  2.1845250E+04 -2.719E+00 -2.766E+00 -9.212E-01
  2.1845750E+04 -2.705E+00 -2.779E+00 -9.482E-01
  2.1846250E+04 -2.106E+00 -2.177E+00 -8.978E-01
  2.1846750E+04 -2.135E+00 -2.390E+00 -1.776E+00
  2.1847250E+04 -2.839E+00 -3.033E+00 -1.495E+00
  2.1847750E+04 -2.661E+00 -2.664E+00 -7.802E-01
  2.1848250E+04 -2.029E+00 -2.270E+00 -1.691E+00
  2.1848750E+04 -2.324E+00 -2.457E+00 -1.354E+00
  2.1849250E+04 -1.822E+00 -1.984E+00 -1.279E+00
  2.1849750E+04 -1.538E+00 -1.641E+00 -9.118E-01
  2.1850250E+04 -2.440E+00 -2.439E+00 -7.791E-01
  2.1850750E+04 -2.427E+00 -2.514E+00 -9.871E-01
  2.1851250E+04 -1.887E+00 -1.963E+00 -9.489E-01
  2.1851750E+04 -1.917E+00 -1.968E+00 -8.214E-01
  2.1852250E+04 -2.819E+00 -2.882E+00 -9.795E-01
  2.1852750E+04 -2.407E+00 -2.497E+00 -9.512E-01
  2.1853250E+04 -2.554E+00 -2.612E+00 -8.445E-01
  2.1853750E+04 -2.881E+00 -3.004E+00 -1.435E+00
  2.1854250E+04 -2.232E+00 -2.564E+00 -1.976E+00
  2.1854750E+04 -2.412E+00 -2.465E+00 -7.423E-01
  2.1855250E+04 -2.527E+00 -2.625E+00 -1.172E+00
  2.1855750E+04 -2.290E+00 -2.587E+00 -1.800E+00
  2.1856250E+04 -2.004E+00 -2.123E+00 -1.023E+00
  2.1856750E+04 -2.267E+00 -2.382E+00 -1.109E+00
  2.1857250E+04 -2.107E+00 -2.302E+00 -1.337E+00
  2.1857750E+04 -2.302E+00 -2.590E+00 -1.764E+00
  2.1858250E+04 -1.874E+00 -2.110E+00 -1.618E+00
  2.1858750E+04 -1.919E+00 -2.116E+00 -1.522E+00
  2.1859250E+04 -1.947E+00 -2.078E+00 -1.187E+00
  2.1859750E+04 -2.330E+00 -2.443E+00 -1.139E+00
  2.1860250E+04 -2.036E+00 -2.107E+00 -8.218E-01
  2.1860750E+04 -2.257E+00 -2.455E+00 -1.199E+00
  2.1861250E+04 -2.107E+00 -2.368E+00 -1.682E+00
  2.1861750E+04 -2.258E+00 -2.293E+00 -9.447E-01
  2.1862250E+04 -3.094E+00 -3.248E+00 -1.465E+00
  2.1862750E+04 -2.041E+00 -2.188E+00 -1.256E+00
  2.1863250E+04 -1.941E+00 -2.035E+00 -9.290E-01
  2.1863750E+04 -2.159E+00 -2.216E+00 -8.758E-01
  2.1864250E+04 -2.410E+00 -2.431E+00 -7.947E-01
  2.1864750E+04 -2.088E+00 -2.299E+00 -1.593E+00
  2.1865250E+04 -1.543E+00 -1.781E+00 -1.515E+00
  2.1865750E+04 -2.129E+00 -2.186E+00 -8.870E-01
  2.1866250E+04 -1.640E+00 -1.733E+00 -7.870E-01
  2.1866750E+04 -2.210E+00 -2.368E+00 -1.282E+00
  2.1867250E+04 -2.096E+00 -2.150E+00 -7.944E-01
  2.1867750E+04 -2.263E+00 -2.407E+00 -1.237E+00
  2.1868250E+04 -1.911E+00 -2.213E+00 -1.780E+00
  2.1868750E+04 -2.170E+00 -2.161E+00 -5.995E-01
  2.1869250E+04 -2.114E+00 -2.151E+00 -7.528E-01
  2.1869750E+04 -1.866E+00 -2.000E+00 -1.041E+00
  2.1870250E+04 -2.005E+00 -2.169E+00 -1.124E+00
  2.1870750E+04 -2.141E+00 -2.141E+00 -7.151E-01
  2.1871250E+04 -1.872E+00 -2.055E+00 -1.318E+00
  2.1871750E+04 -1.830E+00 -1.852E+00 -5.968E-01
  2.1872250E+04 -2.093E+00 -2.153E+00 -1.035E+00
  2.1872750E+04 -1.704E+00 -1.892E+00 -1.192E+00
  2.1873250E+04 -1.684E+00 -1.704E+00 -4.524E-01
  2.1873750E+04 -2.092E+00 -2.203E+00 -1.149E+00
  2.1874250E+04 -2.654E+00 -2.770E+00 -1.052E+00
  2.1874750E+04 -2.217E+00 -2.273E+00 -8.517E-01
  2.1875250E+04 -1.885E+00 -1.974E+00 -9.013E-01
  2.1875750E+04 -1.899E+00 -2.217E+00 -1.966E+00
  2.1876250E+04 -2.131E+00 -2.183E+00 -7.732E-01
  2.1876750E+04 -1.964E+00 -1.994E+00 -8.111E-01
  2.1877250E+04 -2.008E+00 -2.181E+00 -1.209E+00
  2.1877750E+04 -1.835E+00 -2.131E+00 -1.376E+00
  2.1878250E+04 -2.458E+00 -2.528E+00 -1.002E+00
  2.1878750E+04 -2.280E+00 -2.171E+00 -2.976E-01
  2.1879250E+04 -1.823E+00 -1.806E+00 -3.297E-01
  2.1879750E+04 -1.920E+00 -2.098E+00 -1.209E+00
  2.1880250E+04 -1.671E+00 -1.886E+00 -1.349E+00
  2.1880750E+04 -1.917E+00 -1.960E+00 -7.809E-01
  2.1881250E+04 -1.740E+00 -1.818E+00 -8.315E-01
  2.1881750E+04 -1.845E+00 -1.954E+00 -9.501E-01
  2.1882250E+04 -2.110E+00 -2.201E+00 -1.013E+00
  2.1882750E+04 -2.142E+00 -2.170E+00 -6.731E-01
  2.1883250E+04 -1.778E+00 -1.820E+00 -7.139E-01
  2.1883750E+04 -2.024E+00 -2.128E+00 -7.993E-01
  2.1884250E+04 -2.233E+00 -2.419E+00 -1.279E+00
  2.1884750E+04 -2.041E+00 -2.057E+00 -7.295E-01
  2.1885250E+04 -2.340E+00 -2.386E+00 -9.300E-01
  2.1885750E+04 -1.519E+00 -1.685E+00 -1.194E+00
  2.1886250E+04 -1.961E+00 -1.999E+00 -8.023E-01
  2.1886750E+04 -1.821E+00 -1.984E+00 -1.097E+00
  2.1887250E+04 -1.934E+00 -2.026E+00 -1.197E+00
  2.1887750E+04 -1.831E+00 -2.075E+00 -1.697E+00
  2.1888250E+04 -2.027E+00 -2.204E+00 -1.298E+00
  2.1888750E+04 -2.492E+00 -2.624E+00 -1.069E+00
  2.1889250E+04 -2.199E+00 -2.398E+00 -1.376E+00
  2.1889750E+04 -1.621E+00 -1.698E+00 -9.002E-01
  2.1890250E+04 -1.827E+00 -1.913E+00 -9.324E-01
  2.1890750E+04 -2.149E+00 -2.261E+00 -9.754E-01
  2.1891250E+04 -1.815E+00 -1.846E+00 -7.378E-01
  2.1891750E+04 -2.501E+00 -2.496E+00 -6.217E-01
  2.1892250E+04 -1.992E+00 -2.225E+00 -1.645E+00
  2.1892750E+04 -2.243E+00 -2.232E+00 -5.912E-01
  2.1893250E+04 -2.230E+00 -2.194E+00 -5.900E-01
  2.1893750E+04 -1.419E+00 -1.655E+00 -1.366E+00
  2.1894250E+04 -1.800E+00 -1.809E+00 -5.287E-01
  2.1894750E+04 -1.588E+00 -1.796E+00 -1.359E+00
  2.1895250E+04 -2.029E+00 -2.150E+00 -9.328E-01
  2.1895750E+04 -2.060E+00 -2.198E+00 -1.099E+00
  2.1896250E+04 -2.408E+00 -2.521E+00 -8.934E-01
  2.1896750E+04 -1.469E+00 -1.489E+00 -5.833E-01
  2.1897250E+04 -1.538E+00 -1.604E+00 -7.709E-01
  2.1897750E+04 -1.505E+00 -1.626E+00 -1.008E+00
  2.1898250E+04 -1.720E+00 -1.781E+00 -9.289E-01
  2.1898750E+04 -1.861E+00 -1.990E+00 -1.150E+00
  2.1899250E+04 -1.950E+00 -2.014E+00 -7.559E-01
  2.1899750E+04 -1.865E+00 -1.844E+00 -5.023E-01
  2.1900250E+04 -1.560E+00 -1.595E+00 -6.666E-01
  2.1900750E+04 -1.870E+00 -1.961E+00 -8.242E-01
  2.1901250E+04 -1.865E+00 -1.956E+00 -1.037E+00
  2.1901750E+04 -1.599E+00 -1.803E+00 -1.304E+00
  2.1902250E+04 -1.601E+00 -1.863E+00 -1.523E+00
  2.1902750E+04 -2.076E+00 -2.166E+00 -8.358E-01
  2.1903250E+04 -1.990E+00 -1.972E+00 -5.152E-01
  2.1903750E+04 -1.974E+00 -2.047E+00 -9.589E-01
  2.1904250E+04 -1.546E+00 -1.659E+00 -8.606E-01
  2.1904750E+04 -1.851E+00 -2.069E+00 -1.422E+00
  2.1905250E+04 -1.690E+00 -1.738E+00 -7.900E-01
  2.1905750E+04 -1.850E+00 -1.992E+00 -1.045E+00
  2.1906250E+04 -2.142E+00 -2.155E+00 -6.400E-01
  2.1906750E+04 -2.089E+00 -2.355E+00 -1.866E+00
  2.1907250E+04 -1.710E+00 -1.888E+00 -1.254E+00
  2.1907750E+04 -2.090E+00 -2.175E+00 -9.818E-01
  2.1908250E+04 -1.771E+00 -1.812E+00 -6.751E-01
  2.1908750E+04 -1.858E+00 -1.875E+00 -6.241E-01
  2.1909250E+04 -1.754E+00 -1.835E+00 -9.457E-01
  2.1909750E+04 -1.599E+00 -1.755E+00 -1.044E+00
  2.1910250E+04 -1.607E+00 -1.671E+00 -6.338E-01
  2.1910750E+04 -1.562E+00 -1.660E+00 -8.108E-01
  2.1911250E+04 -1.993E+00 -1.945E+00 -3.471E-01
  2.1911750E+04 -1.938E+00 -2.199E+00 -1.530E+00
  2.1912250E+04 -2.093E+00 -2.059E+00 -2.690E-01
  2.1912750E+04 -1.616E+00 -1.673E+00 -7.811E-01
  2.1913250E+04 -1.403E+00 -1.489E+00 -9.390E-01
  2.1913750E+04 -1.029E+00 -1.227E+00 -1.340E+00
  2.1914250E+04 -1.874E+00 -1.964E+00 -9.385E-01
  2.1914750E+04 -1.903E+00 -2.082E+00 -8.184E-01
  2.1915250E+04 -1.904E+00 -1.965E+00 -4.566E-01
  2.1915750E+04 -1.580E+00 -1.730E+00 -1.194E+00
  2.1916250E+04 -2.221E+00 -2.405E+00 -1.484E+00
  2.1916750E+04 -1.977E+00 -2.089E+00 -1.245E+00
  2.1917250E+04 -1.717E+00 -1.805E+00 -8.074E-01
  2.1917750E+04 -1.545E+00 -1.595E+00 -6.658E-01
  2.1918250E+04 -1.439E+00 -1.692E+00 -1.504E+00
  2.1918750E+04 -1.462E+00 -1.565E+00 -8.933E-01
  2.1919250E+04 -1.583E+00 -1.896E+00 -1.685E+00
  2.1919750E+04 -1.597E+00 -1.808E+00 -1.345E+00
  2.1920250E+04 -1.526E+00 -1.529E+00 -6.250E-01
  2.1920750E+04 -1.955E+00 -2.060E+00 -9.779E-01
  2.1921250E+04 -1.711E+00 -1.655E+00 -3.422E-01
  2.1921750E+04 -1.672E+00 -1.673E+00 -3.861E-01
  2.1922250E+04 -1.622E+00 -1.638E+00 -5.873E-01
  2.1922750E+04 -1.743E+00 -1.939E+00 -1.274E+00
  2.1923250E+04 -1.483E+00 -1.571E+00 -8.848E-01
  2.1923750E+04 -1.647E+00 -1.771E+00 -1.068E+00
  2.1924250E+04 -1.695E+00 -2.023E+00 -1.395E+00
  2.1924750E+04 -1.279E+00 -1.369E+00 -6.754E-01
  2.1925250E+04 -1.454E+00 -1.646E+00 -1.066E+00
  2.1925750E+04 -1.306E+00 -1.338E+00 -6.746E-01
  2.1926250E+04 -2.174E+00 -2.207E+00 -5.996E-01
  2.1926750E+04 -1.766E+00 -1.810E+00 -8.622E-01
  2.1927250E+04 -1.742E+00 -1.772E+00 -7.548E-01
  2.1927750E+04 -1.582E+00 -1.629E+00 -7.277E-01
  2.1928250E+04 -1.839E+00 -1.843E+00 -4.337E-01
  2.1928750E+04 -1.290E+00 -1.415E+00 -8.360E-01
  2.1929250E+04 -1.197E+00 -1.295E+00 -8.790E-01
  2.1929750E+04 -1.546E+00 -1.605E+00 -7.223E-01
  2.1930250E+04 -1.964E+00 -1.974E+00 -5.434E-01
  2.1930750E+04 -1.816E+00 -1.846E+00 -7.931E-01
  2.1931250E+04 -1.797E+00 -1.804E+00 -7.156E-01
  2.1931750E+04 -1.534E+00 -1.685E+00 -9.121E-01
  2.1932250E+04 -1.375E+00 -1.546E+00 -1.025E+00
  2.1932750E+04 -1.703E+00 -1.805E+00 -8.681E-01
  2.1933250E+04 -1.696E+00 -1.787E+00 -8.768E-01
  2.1933750E+04 -1.641E+00 -1.805E+00 -1.135E+00
  2.1934250E+04 -1.484E+00 -1.432E+00 -3.139E-01
  2.1934750E+04 -1.604E+00 -1.750E+00 -1.067E+00
  2.1935250E+04 -1.542E+00 -1.527E+00 -3.913E-01
  2.1935750E+04 -1.709E+00 -1.654E+00 -3.392E-01
  2.1936250E+04 -2.077E+00 -2.049E+00 -4.369E-01
  2.1936750E+04 -1.665E+00 -1.761E+00 -9.458E-01
  2.1937250E+04 -1.194E+00 -1.314E+00 -9.195E-01
  2.1937750E+04 -1.317E+00 -1.513E+00 -1.041E+00
  2.1938250E+04 -1.742E+00 -1.829E+00 -6.887E-01
  2.1938750E+04 -1.512E+00 -1.626E+00 -8.933E-01
  2.1939250E+04 -1.332E+00 -1.419E+00 -7.020E-01
  2.1939750E+04 -1.372E+00 -1.468E+00 -9.035E-01
  2.1940250E+04 -1.436E+00 -1.608E+00 -1.085E+00
  2.1940750E+04 -1.852E+00 -1.915E+00 -5.331E-01
  2.1941250E+04 -1.503E+00 -1.534E+00 -6.724E-01
  2.1941750E+04 -1.427E+00 -1.513E+00 -8.746E-01
  2.1942250E+04 -2.288E+00 -2.270E+00 -6.106E-01
  2.1942750E+04 -1.978E+00 -2.203E+00 -1.566E+00
  2.1943250E+04 -1.647E+00 -1.677E+00 -5.708E-01
  2.1943750E+04 -1.350E+00 -1.316E+00 -4.183E-01
  2.1944250E+04 -1.620E+00 -1.797E+00 -9.535E-01
  2.1944750E+04 -1.453E+00 -1.502E+00 -7.978E-01
  2.1945250E+04 -1.559E+00 -1.765E+00 -1.465E+00
  2.1945750E+04 -1.422E+00 -1.545E+00 -8.490E-01
  2.1946250E+04 -1.849E+00 -1.859E+00 -4.315E-01
  2.1946750E+04 -1.782E+00 -1.952E+00 -1.149E+00
  2.1947250E+04 -1.764E+00 -1.979E+00 -1.351E+00
  2.1947750E+04 -1.168E+00 -1.291E+00 -9.375E-01
  2.1948250E+04 -1.392E+00 -1.430E+00 -4.559E-01
  2.1948750E+04 -1.685E+00 -1.805E+00 -8.292E-01
  2.1949250E+04 -1.598E+00 -1.769E+00 -1.134E+00
  2.1949750E+04 -1.643E+00 -1.602E+00 -1.924E-01
  2.1950250E+04 -1.338E+00 -1.303E+00 -3.442E-01
  2.1950750E+04 -1.322E+00 -1.409E+00 -7.921E-01
  2.1951250E+04 -1.275E+00 -1.330E+00 -6.126E-01
  2.1951750E+04 -1.222E+00 -1.281E+00 -6.699E-01
  2.1952250E+04 -1.300E+00 -1.541E+00 -1.355E+00
  2.1952750E+04 -1.711E+00 -1.813E+00 -9.646E-01
  2.1953250E+04 -1.639E+00 -1.775E+00 -1.007E+00
  2.1953750E+04 -1.667E+00 -1.713E+00 -6.480E-01
  2.1954250E+04 -1.641E+00 -1.730E+00 -8.262E-01
  2.1954750E+04 -1.516E+00 -1.594E+00 -8.602E-01
  2.1955250E+04 -1.739E+00 -1.779E+00 -4.899E-01
  2.1955750E+04 -1.324E+00 -1.374E+00 -5.353E-01
  2.1956250E+04 -1.548E+00 -1.735E+00 -1.184E+00
  2.1956750E+04 -2.192E+00 -2.227E+00 -7.738E-01
  2.1957250E+04 -1.634E+00 -1.720E+00 -6.690E-01
  2.1957750E+04 -1.058E+00 -1.070E+00 -3.572E-01
  2.1958250E+04 -1.938E+00 -1.896E+00 -3.740E-01
  2.1958750E+04 -1.464E+00 -1.279E+00  2.351E-01
  2.1959250E+04 -1.595E+00 -1.532E+00 -1.070E-01
  2.1959750E+04 -1.504E+00 -1.696E+00 -1.190E+00
  2.1960250E+04 -1.677E+00 -1.856E+00 -1.204E+00
  2.1960750E+04 -1.662E+00 -1.719E+00 -7.025E-01
  2.1961250E+04 -1.686E+00 -1.741E+00 -7.730E-01
  2.1961750E+04 -1.163E+00 -1.186E+00 -6.239E-01
  2.1962250E+04 -1.177E+00 -1.275E+00 -8.505E-01
  2.1962750E+04 -1.230E+00 -1.282E+00 -6.241E-01
  2.1963250E+04 -1.379E+00 -1.507E+00 -9.978E-01
  2.1963750E+04 -1.616E+00 -1.695E+00 -8.917E-01
  2.1964250E+04 -1.697E+00 -1.724E+00 -6.807E-01
  2.1964750E+04 -1.679E+00 -1.831E+00 -1.011E+00
  2.1965250E+04 -1.256E+00 -1.436E+00 -9.467E-01
  2.1965750E+04 -1.445E+00 -1.466E+00 -4.406E-01
  2.1966250E+04 -1.385E+00 -1.431E+00 -4.576E-01
  2.1966750E+04 -1.676E+00 -1.588E+00  1.405E-01
  2.1967250E+04 -1.253E+00 -1.302E+00 -5.410E-01
  2.1967750E+04 -1.254E+00 -1.446E+00 -1.259E+00
  2.1968250E+04 -1.241E+00 -1.257E+00 -5.567E-01
  2.1968750E+04 -9.810E-01 -1.044E+00 -5.059E-01
  2.1969250E+04 -1.014E+00 -1.222E+00 -1.277E+00
  2.1969750E+04 -9.841E-01 -1.096E+00 -9.523E-01
  2.1970250E+04 -1.616E+00 -1.788E+00 -1.193E+00
  2.1970750E+04 -1.449E+00 -1.486E+00 -3.930E-01
  2.1971250E+04 -1.536E+00 -1.561E+00 -5.015E-01
  2.1971750E+04 -1.201E+00 -1.257E+00 -7.496E-01
  2.1972250E+04 -1.803E+00 -1.867E+00 -7.411E-01
  2.1972750E+04 -1.641E+00 -1.841E+00 -1.330E+00
  2.1973250E+04 -8.977E-01 -1.021E+00 -8.536E-01
  2.1973750E+04 -1.327E+00 -1.428E+00 -7.254E-01
  2.1974250E+04 -8.556E-01 -1.082E+00 -1.031E+00
  2.1974750E+04 -1.273E+00 -1.427E+00 -1.005E+00
  2.1975250E+04 -1.519E+00 -1.531E+00 -4.408E-01
  2.1975750E+04 -1.534E+00 -1.596E+00 -5.090E-01
  2.1976250E+04 -1.385E+00 -1.388E+00 -4.010E-01
  2.1976750E+04 -1.385E+00 -1.382E+00 -6.181E-01
  2.1977250E+04 -1.649E+00 -1.657E+00 -3.555E-01
  2.1977750E+04 -1.643E+00 -1.720E+00 -8.128E-01
  2.1978250E+04 -1.162E+00 -1.195E+00 -4.727E-01
  2.1978750E+04 -1.215E+00 -1.339E+00 -8.690E-01
  2.1979250E+04 -9.563E-01 -1.077E+00 -8.620E-01
  2.1979750E+04 -1.305E+00 -1.531E+00 -1.273E+00
  2.1980250E+04 -1.401E+00 -1.530E+00 -8.790E-01
  2.1980750E+04 -1.408E+00 -1.360E+00 -1.929E-01
  2.1981250E+04 -1.621E+00 -1.781E+00 -1.092E+00
  2.1981750E+04 -1.706E+00 -1.730E+00 -5.571E-01
  2.1982250E+04 -1.267E+00 -1.371E+00 -7.624E-01
  2.1982750E+04 -1.301E+00 -1.493E+00 -1.329E+00
  2.1983250E+04 -1.324E+00 -1.318E+00 -2.945E-01
  2.1983750E+04 -1.281E+00 -1.320E+00 -4.334E-01
  2.1984250E+04 -1.209E+00 -1.311E+00 -6.324E-01
  2.1984750E+04 -1.534E+00 -1.604E+00 -7.200E-01
  2.1985250E+04 -1.178E+00 -1.176E+00 -2.890E-01
  2.1985750E+04 -1.346E+00 -1.421E+00 -4.781E-01
  2.1986250E+04 -1.505E+00 -1.644E+00 -8.780E-01
  2.1986750E+04 -1.341E+00 -1.502E+00 -1.028E+00
  2.1987250E+04 -1.025E+00 -1.092E+00 -6.997E-01
  2.1987750E+04 -1.044E+00 -1.148E+00 -8.213E-01
  2.1988250E+04 -1.176E+00 -1.307E+00 -9.035E-01
  2.1988750E+04 -1.197E+00 -1.236E+00 -6.922E-01
  2.1989250E+04 -1.227E+00 -1.344E+00 -1.046E+00
  2.1989750E+04 -1.527E+00 -1.655E+00 -9.663E-01
  2.1990250E+04 -1.223E+00 -1.238E+00 -3.491E-01
  2.1990750E+04 -1.521E+00 -1.549E+00 -7.067E-01
  2.1991250E+04 -1.391E+00 -1.476E+00 -7.888E-01
