  1.7314250E+04 -0.000E+00 -0.000E+00  0.000E+00
  1.7314750E+04 -0.000E+00 -0.000E+00  0.000E+00
  1.7315250E+04 -0.000E+00 -0.000E+00  0.000E+00
  1.7315750E+04 -0.000E+00 -0.000E+00  0.000E+00
  1.7316250E+04 -0.000E+00 -0.000E+00  0.000E+00
  1.7316750E+04 -0.000E+00 -0.000E+00  0.000E+00
  1.7317250E+04 -0.000E+00 -0.000E+00  0.000E+00
  1.7317750E+04 -0.000E+00 -0.000E+00  0.000E+00
  1.7318250E+04 -0.000E+00 -0.000E+00  0.000E+00
  1.7318750E+04 -0.000E+00 -0.000E+00  0.000E+00
  1.7319250E+04 -0.000E+00 -0.000E+00  0.000E+00
  1.7319750E+04 -0.000E+00 -0.000E+00  0.000E+00
  1.7320250E+04 -0.000E+00 -0.000E+00  0.000E+00
  1.7320750E+04 -0.000E+00 -0.000E+00  0.000E+00
  1.7321250E+04 -0.000E+00 -0.000E+00  0.000E+00
  1.7321750E+04 -0.000E+00 -0.000E+00  0.000E+00
  1.7322250E+04 -0.000E+00 -0.000E+00  0.000E+00
  1.7322750E+04 -0.000E+00 -0.000E+00  0.000E+00
  1.7323250E+04 -0.000E+00 -0.000E+00  0.000E+00
  1.7323750E+04 -0.000E+00 -0.000E+00  0.000E+00
  1.7324250E+04 -0.000E+00 -0.000E+00  0.000E+00
  1.7324750E+04 -0.000E+00 -0.000E+00  0.000E+00
  1.7325250E+04 -0.000E+00 -0.000E+00  0.000E+00
  1.7325750E+04 -0.000E+00 -0.000E+00  0.000E+00
  1.7326250E+04 -0.000E+00 -0.000E+00  0.000E+00
  1.7326750E+04 -0.000E+00 -0.000E+00  0.000E+00
  1.7327250E+04 -0.000E+00 -0.000E+00  0.000E+00
  1.7327750E+04 -0.000E+00 -0.000E+00  0.000E+00
  1.7328250E+04 -0.000E+00 -0.000E+00  0.000E+00
  1.7328750E+04 -0.000E+00 -0.000E+00  0.000E+00
  1.7329250E+04 -0.000E+00 -0.000E+00  0.000E+00
  1.7329750E+04 -0.000E+00 -0.000E+00  0.000E+00
  1.7330250E+04 -0.000E+00 -0.000E+00  0.000E+00
  1.7330750E+04 -0.000E+00 -0.000E+00  0.000E+00
  1.7331250E+04 -0.000E+00 -0.000E+00  0.000E+00
  1.7331750E+04 -0.000E+00 -0.000E+00  0.000E+00
  1.7332250E+04 -0.000E+00 -0.000E+00  0.000E+00
  1.7332750E+04 -0.000E+00 -0.000E+00  0.000E+00
  1.7333250E+04 -0.000E+00 -0.000E+00  0.000E+00
  1.7333750E+04 -0.000E+00 -0.000E+00  0.000E+00
  1.7334250E+04 -0.000E+00 -0.000E+00  0.000E+00
  1.7334750E+04 -0.000E+00 -0.000E+00  0.000E+00
  1.7335250E+04 -0.000E+00 -0.000E+00  0.000E+00
  1.7335750E+04 -0.000E+00 -0.000E+00  0.000E+00
  1.7336250E+04 -0.000E+00 -0.000E+00  0.000E+00
  1.7336750E+04 -0.000E+00 -0.000E+00  0.000E+00
  1.7337250E+04 -0.000E+00 -0.000E+00  0.000E+00
  1.7337750E+04 -0.000E+00 -0.000E+00  0.000E+00
  1.7338250E+04 -0.000E+00 -0.000E+00  0.000E+00
  1.7338750E+04 -0.000E+00 -0.000E+00  0.000E+00
  1.7339250E+04 -0.000E+00 -0.000E+00  0.000E+00
  1.7339750E+04 -0.000E+00 -0.000E+00  0.000E+00
  1.7340250E+04 -0.000E+00 -0.000E+00  0.000E+00
  1.7340750E+04 -0.000E+00 -0.000E+00  0.000E+00
  1.7341250E+04 -0.000E+00 -0.000E+00  0.000E+00
  1.7341750E+04 -0.000E+00 -0.000E+00  0.000E+00
  1.7342250E+04 -0.000E+00 -0.000E+00  0.000E+00
  1.7342750E+04 -0.000E+00 -0.000E+00  0.000E+00
  1.7343250E+04 -0.000E+00 -0.000E+00  0.000E+00
  1.7343750E+04 -0.000E+00 -0.000E+00  0.000E+00
  1.7344250E+04 -0.000E+00 -0.000E+00  0.000E+00
  1.7344750E+04 -0.000E+00 -0.000E+00  0.000E+00
  1.7345250E+04 -0.000E+00 -0.000E+00  0.000E+00
  1.7345750E+04 -0.000E+00 -0.000E+00  0.000E+00
  1.7346250E+04 -0.000E+00 -0.000E+00  0.000E+00
  1.7346750E+04 -0.000E+00 -0.000E+00  0.000E+00
  1.7347250E+04 -0.000E+00 -0.000E+00  0.000E+00
  1.7347750E+04 -0.000E+00 -0.000E+00  0.000E+00
  1.7348250E+04 -0.000E+00 -0.000E+00  0.000E+00
  1.7348750E+04 -0.000E+00 -0.000E+00  0.000E+00
  1.7349250E+04 -0.000E+00 -0.000E+00  0.000E+00
  1.7349750E+04 -0.000E+00 -0.000E+00  0.000E+00
  1.7350250E+04 -0.000E+00 -0.000E+00  0.000E+00
  1.7350750E+04 -0.000E+00 -0.000E+00  0.000E+00
  1.7351250E+04 -0.000E+00 -0.000E+00  0.000E+00
  1.7351750E+04 -0.000E+00 -0.000E+00  0.000E+00
  1.7352250E+04 -0.000E+00 -0.000E+00  0.000E+00
  1.7352750E+04 -0.000E+00 -0.000E+00  0.000E+00
  1.7353250E+04 -0.000E+00 -0.000E+00  0.000E+00
  1.7353750E+04 -0.000E+00 -0.000E+00  0.000E+00
  1.7354250E+04 -0.000E+00 -0.000E+00  0.000E+00
  1.7354750E+04 -0.000E+00 -0.000E+00  0.000E+00
  1.7355250E+04 -0.000E+00 -0.000E+00  0.000E+00
  1.7355750E+04 -0.000E+00 -0.000E+00  0.000E+00
  1.7356250E+04 -0.000E+00 -0.000E+00  0.000E+00
  1.7356750E+04 -0.000E+00 -0.000E+00  0.000E+00
  1.7357250E+04 -0.000E+00 -0.000E+00  0.000E+00
  1.7357750E+04 -0.000E+00 -0.000E+00  0.000E+00
  1.7358250E+04 -0.000E+00 -0.000E+00  0.000E+00
  1.7358750E+04 -0.000E+00 -0.000E+00  0.000E+00
  1.7359250E+04 -0.000E+00 -0.000E+00  0.000E+00
  1.7359750E+04 -0.000E+00 -0.000E+00  0.000E+00
  1.7360250E+04 -0.000E+00 -0.000E+00  0.000E+00
  1.7360750E+04 -0.000E+00 -0.000E+00  0.000E+00
  1.7361250E+04 -0.000E+00 -0.000E+00  0.000E+00
  1.7361750E+04 -0.000E+00 -0.000E+00  0.000E+00
  1.7362250E+04 -0.000E+00 -0.000E+00  0.000E+00
  1.7362750E+04 -0.000E+00 -0.000E+00  0.000E+00
  1.7363250E+04 -0.000E+00 -0.000E+00  0.000E+00
  1.7363750E+04 -0.000E+00 -0.000E+00  0.000E+00
  1.7364250E+04 -0.000E+00 -0.000E+00  0.000E+00
  1.7364750E+04 -0.000E+00 -0.000E+00  0.000E+00
  1.7365250E+04 -0.000E+00 -0.000E+00  0.000E+00
  1.7365750E+04 -0.000E+00 -0.000E+00  0.000E+00
  1.7366250E+04 -0.000E+00 -0.000E+00  0.000E+00
  1.7366750E+04 -0.000E+00 -0.000E+00  0.000E+00
  1.7367250E+04 -0.000E+00 -0.000E+00  0.000E+00
  1.7367750E+04 -0.000E+00 -0.000E+00  0.000E+00
  1.7368250E+04 -0.000E+00 -0.000E+00  0.000E+00
  1.7368750E+04 -0.000E+00 -0.000E+00  0.000E+00
  1.7369250E+04 -0.000E+00 -0.000E+00  0.000E+00
  1.7369750E+04 -0.000E+00 -0.000E+00  0.000E+00
  1.7370250E+04 -0.000E+00 -0.000E+00  0.000E+00
  1.7370750E+04 -0.000E+00 -0.000E+00  0.000E+00
  1.7371250E+04 -0.000E+00 -0.000E+00  0.000E+00
  1.7371750E+04 -0.000E+00 -0.000E+00  0.000E+00
  1.7372250E+04 -0.000E+00 -0.000E+00  0.000E+00
  1.7372750E+04 -0.000E+00 -0.000E+00  0.000E+00
  1.7373250E+04 -0.000E+00 -0.000E+00  0.000E+00
  1.7373750E+04 -0.000E+00 -0.000E+00  0.000E+00
  1.7374250E+04 -0.000E+00 -0.000E+00  0.000E+00
  1.7374750E+04 -0.000E+00 -0.000E+00  0.000E+00
  1.7375250E+04 -0.000E+00 -0.000E+00  0.000E+00
  1.7375750E+04 -0.000E+00 -0.000E+00  0.000E+00
  1.7376250E+04 -0.000E+00 -0.000E+00  0.000E+00
  1.7376750E+04 -0.000E+00 -0.000E+00  0.000E+00
  1.7377250E+04 -0.000E+00 -0.000E+00  0.000E+00
  1.7377750E+04 -0.000E+00 -0.000E+00  0.000E+00
  1.7378250E+04 -0.000E+00 -0.000E+00  0.000E+00
  1.7378750E+04 -0.000E+00 -0.000E+00  0.000E+00
  1.7379250E+04 -0.000E+00 -0.000E+00  0.000E+00
  1.7379750E+04 -0.000E+00 -0.000E+00  0.000E+00
  1.7380250E+04 -0.000E+00 -0.000E+00  0.000E+00
  1.7380750E+04 -0.000E+00 -0.000E+00  0.000E+00
  1.7381250E+04 -0.000E+00 -0.000E+00  0.000E+00
  1.7381750E+04 -0.000E+00 -0.000E+00  0.000E+00
  1.7382250E+04 -0.000E+00 -0.000E+00  0.000E+00
  1.7382750E+04 -0.000E+00 -0.000E+00  0.000E+00
  1.7383250E+04 -0.000E+00 -0.000E+00  0.000E+00
  1.7383750E+04 -0.000E+00 -0.000E+00  0.000E+00
  1.7384250E+04 -0.000E+00 -0.000E+00  0.000E+00
  1.7384750E+04 -0.000E+00 -0.000E+00  0.000E+00
  1.7385250E+04 -0.000E+00 -0.000E+00  0.000E+00
  1.7385750E+04 -0.000E+00 -0.000E+00  0.000E+00
  1.7386250E+04 -0.000E+00 -0.000E+00  0.000E+00
  1.7386750E+04  3.233E-07  2.457E-07 -1.397E-07
  1.7387250E+04  2.670E-06  7.701E-07 -6.431E-06
  1.7387750E+04  3.928E-04  2.926E-04 -1.956E-04
  1.7388250E+04  2.307E-03  1.728E-03 -1.114E-03
  1.7388750E+04  2.733E-04  2.097E-04 -1.130E-04
  1.7389250E+04  2.602E-05  5.919E-05  1.510E-04
  1.7389750E+04  2.774E-04  3.342E-04  3.926E-04
  1.7390250E+04  8.295E-04  6.230E-04 -3.979E-04
  1.7390750E+04 -1.359E-04 -1.363E-04 -8.660E-05
  1.7391250E+04  1.646E-03  1.409E-03 -6.803E-05
  1.7391750E+04  1.357E-02  1.257E-02  3.416E-03
  1.7392250E+04 -4.343E-03 -2.630E-03  4.721E-03
  1.7392750E+04 -5.509E-05  9.711E-04  4.269E-03
  1.7393250E+04  3.305E-03  2.938E-03  3.647E-04
  1.7393750E+04 -3.758E-03 -2.176E-04  1.273E-02
  1.7394250E+04  1.058E-02  8.278E-03 -3.728E-03
  1.7394750E+04 -7.174E-04 -7.957E-04 -7.232E-04
  1.7395250E+04 -5.127E-04 -4.022E-04  2.149E-04
  1.7395750E+04  6.891E-03  9.714E-03  1.565E-02
  1.7396250E+04  1.266E-02  9.732E-03 -5.258E-03
  1.7396750E+04  7.645E-03  5.320E-04 -2.562E-02
  1.7397250E+04 -2.840E-03  1.527E-03  1.680E-02
  1.7397750E+04 -4.711E-03 -3.021E-03  4.502E-03
  1.7398250E+04 -4.123E-03  2.365E-03  2.498E-02
  1.7398750E+04  2.093E-02  1.792E-02 -1.005E-03
  1.7399250E+04  8.441E-04 -5.923E-04 -5.537E-03
  1.7399750E+04  4.223E-03  5.133E-03  6.333E-03
  1.7400250E+04  1.013E-02  1.127E-02  1.011E-02
  1.7400750E+04  1.565E-02  1.225E-02 -5.731E-03
  1.7401250E+04  1.571E-02  1.725E-02  1.511E-02
  1.7401750E+04  9.207E-02  8.481E-02  1.977E-02
  1.7402250E+04 -4.378E-03 -6.854E-03 -1.262E-02
  1.7402750E+04 -1.155E-02 -1.020E-02 -6.548E-04
  1.7403250E+04  1.970E-02  1.657E-02 -2.758E-03
  1.7403750E+04  5.442E-02  5.409E-02  2.874E-02
  1.7404250E+04  2.506E-01  2.695E-01  2.173E-01
  1.7404750E+04  7.313E-03 -7.749E-03 -5.980E-02
  1.7405250E+04 -2.046E-02  2.310E-03  8.526E-02
  1.7405750E+04 -2.151E-02 -8.424E-03  4.383E-02
  1.7406250E+04  8.881E-02  9.102E-02  5.705E-02
  1.7406750E+04  9.620E-02  1.021E-01  7.750E-02
  1.7407250E+04  5.078E-02  3.789E-02 -2.673E-02
  1.7407750E+04  9.552E-02  1.103E-01  1.138E-01
  1.7408250E+04  5.764E-02  4.102E-02 -3.923E-02
  1.7408750E+04  1.241E-01  9.623E-02 -5.193E-02
  1.7409250E+04  1.611E-01  1.693E-01  1.220E-01
  1.7409750E+04  8.821E-02  8.181E-02  2.129E-02
  1.7410250E+04  9.579E-02  1.158E-01  1.360E-01
  1.7410750E+04  1.083E-01  1.318E-01  1.573E-01
  1.7411250E+04  1.036E-01  1.113E-01  8.736E-02
  1.7411750E+04  1.182E-01  1.757E-01  3.073E-01
  1.7412250E+04  3.322E-01  3.610E-01  3.010E-01
  1.7412750E+04  4.434E-01  3.991E-01  5.044E-02
  1.7413250E+04  3.426E-01  3.062E-01  2.971E-02
  1.7413750E+04  8.468E-02  1.855E-01  4.714E-01
  1.7414250E+04  2.729E-01  3.450E-01  4.503E-01
  1.7414750E+04  5.123E-01  4.902E-01  1.794E-01
  1.7415250E+04  6.450E-01  6.461E-01  3.468E-01
  1.7415750E+04  3.876E-01  3.952E-01  2.376E-01
  1.7416250E+04  6.047E-01  5.519E-01  9.707E-02
  1.7416750E+04  5.005E-01  5.304E-01  3.902E-01
  1.7417250E+04  8.124E-02  1.873E-01  4.907E-01
  1.7417750E+04  5.679E-01  5.630E-01  2.784E-01
  1.7418250E+04  1.090E+00  1.086E+00  5.560E-01
  1.7418750E+04  6.648E-01  6.353E-01  2.245E-01
  1.7419250E+04  7.849E-01  7.394E-01  2.183E-01
  1.7419750E+04  5.486E-01  6.264E-01  6.191E-01
  1.7420250E+04  1.291E+00  1.251E+00  5.071E-01
  1.7420750E+04  8.446E-01  8.285E-01  3.738E-01
  1.7421250E+04  1.828E+00  1.803E+00  8.465E-01
  1.7421750E+04  1.337E+00  1.394E+00  9.404E-01
  1.7422250E+04  8.678E-01  9.450E-01  7.763E-01
  1.7422750E+04  1.570E+00  1.769E+00  1.663E+00
  1.7423250E+04  1.760E+00  1.776E+00  9.845E-01
  1.7423750E+04  1.159E+00  1.248E+00  9.795E-01
  1.7424250E+04  2.440E+00  2.325E+00  7.812E-01
  1.7424750E+04  1.907E+00  2.138E+00  1.969E+00
  1.7425250E+04  2.403E+00  2.433E+00  1.366E+00
  1.7425750E+04  2.315E+00  2.328E+00  1.246E+00
  1.7426250E+04  3.030E+00  3.116E+00  1.927E+00
  1.7426750E+04  3.068E+00  3.038E+00  1.448E+00
  1.7427250E+04  3.240E+00  3.366E+00  2.201E+00
  1.7427750E+04  3.530E+00  3.549E+00  1.895E+00
  1.7428250E+04  3.291E+00  3.521E+00  2.656E+00
  1.7428750E+04  3.062E+00  3.370E+00  2.865E+00
  1.7429250E+04  4.751E+00  4.907E+00  3.082E+00
  1.7429750E+04  4.953E+00  5.246E+00  3.771E+00
  1.7430250E+04  6.818E+00  6.910E+00  3.870E+00
  1.7430750E+04  6.382E+00  6.603E+00  4.186E+00
  1.7431250E+04  6.120E+00  6.208E+00  3.483E+00
  1.7431750E+04  7.685E+00  7.723E+00  4.061E+00
  1.7432250E+04  8.053E+00  8.542E+00  6.156E+00
  1.7432750E+04  9.338E+00  9.311E+00  4.603E+00
  1.7433250E+04  8.581E+00  8.597E+00  4.396E+00
  1.7433750E+04  7.563E+00  8.413E+00  7.419E+00
  1.7434250E+04  1.021E+01  1.026E+01  5.339E+00
  1.7434750E+04  1.003E+01  1.087E+01  8.625E+00
  1.7435250E+04  1.199E+01  1.202E+01  6.128E+00
  1.7435750E+04  1.076E+01  1.111E+01  6.864E+00
  1.7436250E+04  1.218E+01  1.251E+01  7.475E+00
  1.7436750E+04  1.557E+01  1.562E+01  7.996E+00
  1.7437250E+04  1.602E+01  1.641E+01  9.646E+00
  1.7437750E+04  1.555E+01  1.605E+01  9.831E+00
  1.7438250E+04  1.474E+01  1.522E+01  9.383E+00
  1.7438750E+04  1.774E+01  1.805E+01  1.016E+01
  1.7439250E+04  1.785E+01  1.824E+01  1.049E+01
  1.7439750E+04  1.860E+01  1.869E+01  9.598E+00
  1.7440250E+04  1.834E+01  1.914E+01  1.247E+01
  1.7440750E+04  2.022E+01  2.196E+01  1.738E+01
  1.7441250E+04  2.395E+01  2.447E+01  1.400E+01
  1.7441750E+04  2.260E+01  2.313E+01  1.337E+01
  1.7442250E+04  2.619E+01  2.645E+01  1.395E+01
  1.7442750E+04  2.935E+01  2.973E+01  1.601E+01
  1.7443250E+04  2.945E+01  2.979E+01  1.586E+01
  1.7443750E+04  2.902E+01  2.997E+01  1.819E+01
  1.7444250E+04  3.208E+01  3.262E+01  1.797E+01
  1.7444750E+04  3.265E+01  3.290E+01  1.696E+01
  1.7445250E+04  3.326E+01  3.389E+01  1.888E+01
  1.7445750E+04  3.623E+01  3.688E+01  2.034E+01
  1.7446250E+04  3.673E+01  3.810E+01  2.361E+01
  1.7446750E+04  3.798E+01  3.853E+01  2.068E+01
  1.7447250E+04  3.965E+01  4.085E+01  2.426E+01
  1.7447750E+04  4.494E+01  4.541E+01  2.362E+01
  1.7448250E+04  4.427E+01  4.429E+01  2.138E+01
  1.7448750E+04  4.110E+01  4.349E+01  2.997E+01
  1.7449250E+04  4.745E+01  4.895E+01  2.917E+01
  1.7449750E+04  5.142E+01  5.158E+01  2.530E+01
  1.7450250E+04  5.831E+01  5.853E+01  2.880E+01
  1.7450750E+04  5.466E+01  5.618E+01  3.258E+01
  1.7451250E+04  5.976E+01  6.092E+01  3.345E+01
  1.7451750E+04  6.043E+01  6.085E+01  3.051E+01
  1.7452250E+04  6.135E+01  6.218E+01  3.267E+01
  1.7452750E+04  6.227E+01  6.349E+01  3.473E+01
  1.7453250E+04  6.465E+01  6.621E+01  3.726E+01
  1.7453750E+04  6.946E+01  6.972E+01  3.388E+01
  1.7454250E+04  6.557E+01  6.752E+01  3.924E+01
  1.7454750E+04  7.002E+01  7.075E+01  3.604E+01
  1.7455250E+04  7.053E+01  7.157E+01  3.754E+01
  1.7455750E+04  8.102E+01  8.175E+01  4.110E+01
  1.7456250E+04  8.076E+01  8.045E+01  3.649E+01
  1.7456750E+04  7.885E+01  8.023E+01  4.274E+01
  1.7457250E+04  7.744E+01  8.059E+01  4.955E+01
  1.7457750E+04  7.985E+01  8.109E+01  4.251E+01
  1.7458250E+04  8.993E+01  9.155E+01  4.872E+01
  1.7458750E+04  9.257E+01  9.292E+01  4.446E+01
  1.7459250E+04  9.385E+01  9.441E+01  4.590E+01
  1.7459750E+04  8.632E+01  8.933E+01  5.271E+01
  1.7460250E+04  9.259E+01  9.433E+01  5.011E+01
  1.7460750E+04  9.411E+01  9.481E+01  4.630E+01
  1.7461250E+04  9.828E+01  9.958E+01  5.079E+01
  1.7461750E+04  9.937E+01  9.858E+01  4.227E+01
  1.7462250E+04  9.716E+01  9.740E+01  4.546E+01
  1.7462750E+04  9.788E+01  9.939E+01  5.112E+01
  1.7463250E+04  9.536E+01  9.826E+01  5.599E+01
  1.7463750E+04  1.040E+02  1.055E+02  5.380E+01
  1.7464250E+04  1.037E+02  1.041E+02  4.867E+01
  1.7464750E+04  1.035E+02  1.056E+02  5.599E+01
  1.7465250E+04  1.057E+02  1.077E+02  5.608E+01
  1.7465750E+04  1.118E+02  1.126E+02  5.401E+01
  1.7466250E+04  1.123E+02  1.123E+02  5.067E+01
  1.7466750E+04  1.111E+02  1.137E+02  6.105E+01
  1.7467250E+04  1.101E+02  1.105E+02  5.145E+01
  1.7467750E+04  1.157E+02  1.168E+02  5.640E+01
  1.7468250E+04  1.176E+02  1.183E+02  5.549E+01
  1.7468750E+04  1.170E+02  1.191E+02  6.144E+01
  1.7469250E+04  1.109E+02  1.114E+02  5.163E+01
  1.7469750E+04  1.181E+02  1.189E+02  5.600E+01
  1.7470250E+04  1.191E+02  1.207E+02  5.985E+01
  1.7470750E+04  1.161E+02  1.194E+02  6.535E+01
  1.7471250E+04  1.151E+02  1.169E+02  5.855E+01
  1.7471750E+04  1.191E+02  1.196E+02  5.472E+01
  1.7472250E+04  1.186E+02  1.192E+02  5.501E+01
  1.7472750E+04  1.208E+02  1.227E+02  6.141E+01
  1.7473250E+04  1.186E+02  1.195E+02  5.590E+01
  1.7473750E+04  1.199E+02  1.214E+02  5.880E+01
  1.7474250E+04  1.171E+02  1.216E+02  7.001E+01
  1.7474750E+04  1.229E+02  1.243E+02  5.942E+01
  1.7475250E+04  1.223E+02  1.240E+02  6.043E+01
  1.7475750E+04  1.194E+02  1.206E+02  5.675E+01
  1.7476250E+04  1.264E+02  1.269E+02  5.679E+01
  1.7476750E+04  1.201E+02  1.204E+02  5.304E+01
  1.7477250E+04  1.147E+02  1.135E+02  4.420E+01
  1.7477750E+04  1.205E+02  1.213E+02  5.529E+01
  1.7478250E+04  1.180E+02  1.188E+02  5.390E+01
  1.7478750E+04  1.166E+02  1.172E+02  5.220E+01
  1.7479250E+04  1.118E+02  1.142E+02  5.758E+01
  1.7479750E+04  1.057E+02  1.084E+02  5.641E+01
  1.7480250E+04  1.108E+02  1.136E+02  5.878E+01
  1.7480750E+04  1.154E+02  1.165E+02  5.372E+01
  1.7481250E+04  1.138E+02  1.157E+02  5.648E+01
  1.7481750E+04  1.149E+02  1.155E+02  5.133E+01
  1.7482250E+04  1.095E+02  1.086E+02  4.240E+01
  1.7482750E+04  1.037E+02  1.049E+02  4.841E+01
  1.7483250E+04  1.006E+02  1.033E+02  5.377E+01
  1.7483750E+04  1.055E+02  1.076E+02  5.285E+01
  1.7484250E+04  1.099E+02  1.102E+02  4.697E+01
  1.7484750E+04  1.104E+02  1.115E+02  5.081E+01
  1.7485250E+04  9.928E+01  1.032E+02  5.771E+01
  1.7485750E+04  9.843E+01  9.912E+01  4.356E+01
  1.7486250E+04  1.016E+02  1.039E+02  5.137E+01
  1.7486750E+04  1.057E+02  1.073E+02  5.051E+01
  1.7487250E+04  9.893E+01  9.895E+01  4.047E+01
  1.7487750E+04  9.909E+01  9.925E+01  4.098E+01
  1.7488250E+04  8.829E+01  9.002E+01  4.328E+01
  1.7488750E+04  9.545E+01  9.811E+01  5.037E+01
  1.7489250E+04  9.371E+01  9.485E+01  4.269E+01
  1.7489750E+04  9.148E+01  9.194E+01  3.880E+01
  1.7490250E+04  8.917E+01  9.268E+01  5.091E+01
  1.7490750E+04  8.703E+01  8.779E+01  3.812E+01
  1.7491250E+04  9.066E+01  8.948E+01  3.121E+01
  1.7491750E+04  8.101E+01  8.100E+01  3.222E+01
  1.7492250E+04  7.184E+01  7.544E+01  4.365E+01
  1.7492750E+04  7.369E+01  7.604E+01  3.905E+01
  1.7493250E+04  8.065E+01  8.128E+01  3.445E+01
  1.7493750E+04  7.680E+01  7.576E+01  2.561E+01
  1.7494250E+04  6.444E+01  6.600E+01  3.161E+01
  1.7494750E+04  7.389E+01  7.514E+01  3.414E+01
  1.7495250E+04  6.934E+01  7.224E+01  3.921E+01
  1.7495750E+04  6.386E+01  6.437E+01  2.657E+01
  1.7496250E+04  6.646E+01  6.850E+01  3.435E+01
  1.7496750E+04  6.763E+01  6.821E+01  2.838E+01
  1.7497250E+04  6.237E+01  5.996E+01  1.305E+01
  1.7497750E+04  5.421E+01  5.609E+01  2.838E+01
  1.7498250E+04  5.824E+01  5.824E+01  2.185E+01
  1.7498750E+04  5.453E+01  5.599E+01  2.657E+01
  1.7499250E+04  5.236E+01  5.424E+01  2.727E+01
  1.7499750E+04  4.502E+01  4.739E+01  2.642E+01
  1.7500250E+04  4.703E+01  4.728E+01  1.807E+01
  1.7500750E+04  5.317E+01  5.298E+01  1.844E+01
  1.7501250E+04  4.293E+01  4.250E+01  1.326E+01
  1.7501750E+04  3.832E+01  3.952E+01  1.852E+01
  1.7502250E+04  3.936E+01  4.244E+01  2.714E+01
  1.7502750E+04  4.594E+01  4.693E+01  2.046E+01
  1.7503250E+04  4.241E+01  4.328E+01  1.873E+01
  1.7503750E+04  4.086E+01  4.150E+01  1.711E+01
  1.7504250E+04  4.040E+01  4.034E+01  1.366E+01
  1.7504750E+04  4.030E+01  4.156E+01  1.976E+01
  1.7505250E+04  3.177E+01  3.134E+01  8.750E+00
  1.7505750E+04  2.752E+01  2.740E+01  7.833E+00
  1.7506250E+04  2.414E+01  2.447E+01  8.660E+00
  1.7506750E+04  2.511E+01  2.671E+01  1.482E+01
  1.7507250E+04  2.926E+01  2.894E+01  8.065E+00
  1.7507750E+04  2.842E+01  2.824E+01  8.026E+00
  1.7508250E+04  2.472E+01  2.670E+01  1.630E+01
  1.7508750E+04  2.009E+01  1.866E+01 -6.483E-01
  1.7509250E+04  2.271E+01  2.319E+01  8.777E+00
  1.7509750E+04  1.658E+01  1.898E+01  1.457E+01
  1.7510250E+04  1.910E+01  1.915E+01  5.401E+00
  1.7510750E+04  1.830E+01  2.054E+01  1.469E+01
  1.7511250E+04  1.548E+01  1.584E+01  5.188E+00
  1.7511750E+04  9.002E+00  1.066E+01  8.359E+00
  1.7512250E+04  9.145E+00  1.019E+01  5.725E+00
  1.7512750E+04  9.835E+00  1.106E+01  6.590E+00
  1.7513250E+04  6.814E+00  7.649E+00  3.581E+00
  1.7513750E+04  1.102E+01  1.041E+01 -7.095E-01
  1.7514250E+04  5.587E+00  6.810E+00  5.325E+00
  1.7514750E+04  3.521E+00  4.048E+00  1.159E+00
  1.7515250E+04  3.946E+00  4.665E+00  2.162E+00
  1.7515750E+04  4.282E+00  4.651E+00  7.309E-01
  1.7516250E+04  6.197E-01  1.697E+00  2.349E+00
  1.7516750E+04 -4.167E+00 -2.455E+00  3.362E+00
  1.7517250E+04  1.632E+00  4.452E+00  1.039E+01
  1.7517750E+04 -4.393E-01  3.989E-01  8.270E-01
  1.7518250E+04  2.269E+00 -2.909E-01 -1.259E+01
  1.7518750E+04 -4.598E-01 -2.078E+00 -9.599E+00
  1.7519250E+04 -3.731E+00 -4.373E+00 -6.774E+00
  1.7519750E+04 -2.114E+00 -1.526E+00 -8.792E-01
  1.7520250E+04 -7.660E+00 -5.298E+00  4.923E+00
  1.7520750E+04 -2.927E+00 -3.803E+00 -7.217E+00
  1.7521250E+04 -9.962E+00 -9.319E+00 -3.472E+00
  1.7521750E+04 -8.280E+00 -7.096E+00 -7.733E-01
  1.7522250E+04 -7.420E+00 -8.425E+00 -9.596E+00
  1.7522750E+04 -9.267E+00 -1.037E+01 -1.056E+01
  1.7523250E+04 -7.697E+00 -7.701E+00 -5.331E+00
  1.7523750E+04 -1.033E+01 -9.444E+00 -2.714E+00
  1.7524250E+04 -9.673E+00 -1.052E+01 -9.907E+00
  1.7524750E+04 -1.531E+01 -1.390E+01 -2.177E+00
  1.7525250E+04 -1.698E+01 -1.700E+01 -9.062E+00
  1.7525750E+04 -1.279E+01 -1.194E+01 -3.522E+00
  1.7526250E+04 -1.700E+01 -1.523E+01 -1.245E+00
  1.7526750E+04 -1.650E+01 -1.642E+01 -8.400E+00
  1.7527250E+04 -1.659E+01 -1.722E+01 -1.136E+01
  1.7527750E+04 -9.044E+00 -8.516E+00 -3.563E+00
  1.7528250E+04 -1.147E+01 -1.260E+01 -1.156E+01
  1.7528750E+04 -1.535E+01 -1.553E+01 -8.805E+00
  1.7529250E+04 -1.445E+01 -1.420E+01 -6.648E+00
  1.7529750E+04 -1.362E+01 -1.443E+01 -1.115E+01
  1.7530250E+04 -2.224E+01 -2.312E+01 -1.474E+01
  1.7530750E+04 -2.332E+01 -2.311E+01 -1.046E+01
  1.7531250E+04 -1.834E+01 -1.780E+01 -7.091E+00
  1.7531750E+04 -1.791E+01 -1.609E+01 -9.569E-01
  1.7532250E+04 -2.055E+01 -1.953E+01 -5.775E+00
  1.7532750E+04 -1.621E+01 -1.674E+01 -1.077E+01
  1.7533250E+04 -2.467E+01 -2.248E+01 -1.957E+00
  1.7533750E+04 -2.097E+01 -2.046E+01 -8.117E+00
  1.7534250E+04 -2.460E+01 -2.467E+01 -1.187E+01
  1.7534750E+04 -2.547E+01 -2.434E+01 -7.028E+00
  1.7535250E+04 -2.598E+01 -2.429E+01 -4.755E+00
  1.7535750E+04 -2.306E+01 -2.317E+01 -1.173E+01
  1.7536250E+04 -1.878E+01 -1.844E+01 -7.719E+00
  1.7536750E+04 -1.932E+01 -2.021E+01 -1.318E+01
  1.7537250E+04 -2.772E+01 -2.709E+01 -9.906E+00
  1.7537750E+04 -2.615E+01 -2.664E+01 -1.449E+01
  1.7538250E+04 -2.407E+01 -2.475E+01 -1.420E+01
  1.7538750E+04 -2.362E+01 -2.387E+01 -1.209E+01
  1.7539250E+04 -2.514E+01 -2.414E+01 -7.195E+00
  1.7539750E+04 -2.273E+01 -2.219E+01 -8.139E+00
  1.7540250E+04 -2.050E+01 -2.212E+01 -1.673E+01
  1.7540750E+04 -2.448E+01 -2.457E+01 -1.166E+01
  1.7541250E+04 -2.529E+01 -2.482E+01 -9.536E+00
  1.7541750E+04 -2.547E+01 -2.544E+01 -1.162E+01
  1.7542250E+04 -2.779E+01 -2.868E+01 -1.647E+01
  1.7542750E+04 -1.973E+01 -2.029E+01 -1.189E+01
  1.7543250E+04 -2.130E+01 -2.145E+01 -1.063E+01
  1.7543750E+04 -2.623E+01 -2.567E+01 -9.756E+00
  1.7544250E+04 -2.530E+01 -2.494E+01 -1.004E+01
  1.7544750E+04 -2.896E+01 -2.801E+01 -8.607E+00
  1.7545250E+04 -2.763E+01 -2.637E+01 -6.738E+00
  1.7545750E+04 -2.502E+01 -2.634E+01 -1.697E+01
  1.7546250E+04 -2.688E+01 -2.781E+01 -1.598E+01
  1.7546750E+04 -2.389E+01 -2.423E+01 -1.243E+01
  1.7547250E+04 -2.328E+01 -2.287E+01 -8.909E+00
  1.7547750E+04 -2.760E+01 -2.803E+01 -1.425E+01
  1.7548250E+04 -2.303E+01 -2.361E+01 -1.283E+01
  1.7548750E+04 -2.428E+01 -2.426E+01 -1.090E+01
  1.7549250E+04 -2.515E+01 -2.618E+01 -1.586E+01
  1.7549750E+04 -2.611E+01 -2.594E+01 -1.113E+01
  1.7550250E+04 -2.677E+01 -2.734E+01 -1.451E+01
  1.7550750E+04 -2.733E+01 -2.631E+01 -7.813E+00
  1.7551250E+04 -2.806E+01 -2.902E+01 -1.639E+01
  1.7551750E+04 -2.657E+01 -2.637E+01 -1.076E+01
  1.7552250E+04 -2.525E+01 -2.552E+01 -1.259E+01
  1.7552750E+04 -2.669E+01 -2.560E+01 -7.078E+00
  1.7553250E+04 -2.753E+01 -2.856E+01 -1.659E+01
  1.7553750E+04 -2.838E+01 -2.814E+01 -1.141E+01
  1.7554250E+04 -2.400E+01 -2.481E+01 -1.402E+01
  1.7554750E+04 -2.293E+01 -2.352E+01 -1.296E+01
  1.7555250E+04 -2.415E+01 -2.429E+01 -1.128E+01
  1.7555750E+04 -2.583E+01 -2.497E+01 -7.728E+00
  1.7556250E+04 -2.555E+01 -2.464E+01 -7.141E+00
  1.7556750E+04 -3.110E+01 -3.066E+01 -1.163E+01
  1.7557250E+04 -2.584E+01 -2.701E+01 -1.647E+01
  1.7557750E+04 -2.711E+01 -2.682E+01 -1.061E+01
  1.7558250E+04 -2.598E+01 -2.641E+01 -1.334E+01
  1.7558750E+04 -2.547E+01 -2.566E+01 -1.184E+01
  1.7559250E+04 -2.927E+01 -2.914E+01 -1.196E+01
  1.7559750E+04 -2.855E+01 -2.875E+01 -1.314E+01
  1.7560250E+04 -2.797E+01 -2.785E+01 -1.134E+01
  1.7560750E+04 -2.286E+01 -2.430E+01 -1.650E+01
  1.7561250E+04 -2.473E+01 -2.482E+01 -1.137E+01
  1.7561750E+04 -2.884E+01 -2.776E+01 -7.846E+00
  1.7562250E+04 -2.758E+01 -2.786E+01 -1.320E+01
  1.7562750E+04 -2.599E+01 -2.727E+01 -1.676E+01
  1.7563250E+04 -2.824E+01 -2.756E+01 -8.900E+00
  1.7563750E+04 -2.715E+01 -2.737E+01 -1.269E+01
  1.7564250E+04 -2.584E+01 -2.563E+01 -1.020E+01
  1.7564750E+04 -2.422E+01 -2.441E+01 -1.138E+01
  1.7565250E+04 -2.699E+01 -2.814E+01 -1.682E+01
  1.7565750E+04 -2.443E+01 -2.461E+01 -1.135E+01
  1.7566250E+04 -2.752E+01 -2.686E+01 -8.967E+00
  1.7566750E+04 -2.516E+01 -2.510E+01 -1.061E+01
  1.7567250E+04 -2.304E+01 -2.356E+01 -1.253E+01
  1.7567750E+04 -2.562E+01 -2.541E+01 -1.000E+01
  1.7568250E+04 -2.465E+01 -2.480E+01 -1.131E+01
  1.7568750E+04 -2.498E+01 -2.537E+01 -1.249E+01
  1.7569250E+04 -2.393E+01 -2.353E+01 -8.657E+00
  1.7569750E+04 -2.606E+01 -2.676E+01 -1.422E+01
  1.7570250E+04 -2.251E+01 -2.360E+01 -1.442E+01
  1.7570750E+04 -2.544E+01 -2.584E+01 -1.261E+01
  1.7571250E+04 -2.683E+01 -2.716E+01 -1.290E+01
  1.7571750E+04 -2.545E+01 -2.586E+01 -1.282E+01
  1.7572250E+04 -2.446E+01 -2.502E+01 -1.287E+01
  1.7572750E+04 -2.521E+01 -2.556E+01 -1.223E+01
  1.7573250E+04 -2.668E+01 -2.637E+01 -9.996E+00
  1.7573750E+04 -2.493E+01 -2.410E+01 -6.904E+00
  1.7574250E+04 -2.559E+01 -2.557E+01 -1.076E+01
  1.7574750E+04 -2.341E+01 -2.425E+01 -1.379E+01
  1.7575250E+04 -2.555E+01 -2.556E+01 -1.067E+01
  1.7575750E+04 -2.398E+01 -2.427E+01 -1.179E+01
  1.7576250E+04 -2.258E+01 -2.315E+01 -1.226E+01
  1.7576750E+04 -2.373E+01 -2.415E+01 -1.215E+01
  1.7577250E+04 -2.671E+01 -2.621E+01 -8.987E+00
  1.7577750E+04 -2.449E+01 -2.462E+01 -1.113E+01
  1.7578250E+04 -2.325E+01 -2.338E+01 -1.048E+01
  1.7578750E+04 -2.534E+01 -2.537E+01 -1.088E+01
  1.7579250E+04 -2.636E+01 -2.558E+01 -7.750E+00
  1.7579750E+04 -2.286E+01 -2.318E+01 -1.133E+01
  1.7580250E+04 -2.393E+01 -2.391E+01 -1.003E+01
  1.7580750E+04 -2.169E+01 -2.182E+01 -9.777E+00
  1.7581250E+04 -2.127E+01 -2.191E+01 -1.181E+01
  1.7581750E+04 -2.254E+01 -2.345E+01 -1.348E+01
  1.7582250E+04 -2.583E+01 -2.570E+01 -1.033E+01
  1.7582750E+04 -2.532E+01 -2.470E+01 -8.561E+00
  1.7583250E+04 -2.347E+01 -2.324E+01 -8.852E+00
  1.7583750E+04 -2.158E+01 -2.183E+01 -1.033E+01
  1.7584250E+04 -2.200E+01 -2.278E+01 -1.279E+01
  1.7584750E+04 -2.384E+01 -2.336E+01 -7.947E+00
  1.7585250E+04 -2.302E+01 -2.320E+01 -1.031E+01
  1.7585750E+04 -2.168E+01 -2.256E+01 -1.300E+01
  1.7586250E+04 -2.582E+01 -2.610E+01 -1.209E+01
  1.7586750E+04 -2.156E+01 -2.189E+01 -1.086E+01
  1.7587250E+04 -2.189E+01 -2.204E+01 -1.002E+01
  1.7587750E+04 -2.190E+01 -2.195E+01 -9.460E+00
  1.7588250E+04 -2.197E+01 -2.247E+01 -1.175E+01
  1.7588750E+04 -2.432E+01 -2.420E+01 -9.345E+00
  1.7589250E+04 -2.478E+01 -2.538E+01 -1.280E+01
  1.7589750E+04 -1.957E+01 -2.038E+01 -1.194E+01
  1.7590250E+04 -2.278E+01 -2.264E+01 -9.026E+00
  1.7590750E+04 -2.353E+01 -2.387E+01 -1.133E+01
  1.7591250E+04 -2.108E+01 -2.218E+01 -1.370E+01
  1.7591750E+04 -2.121E+01 -2.145E+01 -1.052E+01
  1.7592250E+04 -2.057E+01 -2.093E+01 -9.990E+00
  1.7592750E+04 -2.189E+01 -2.189E+01 -9.293E+00
  1.7593250E+04 -2.428E+01 -2.393E+01 -8.753E+00
  1.7593750E+04 -2.164E+01 -2.230E+01 -1.161E+01
  1.7594250E+04 -2.623E+01 -2.584E+01 -9.446E+00
  1.7594750E+04 -2.113E+01 -2.217E+01 -1.366E+01
  1.7595250E+04 -2.095E+01 -2.120E+01 -9.852E+00
  1.7595750E+04 -2.214E+01 -2.258E+01 -1.119E+01
  1.7596250E+04 -2.033E+01 -2.033E+01 -8.663E+00
  1.7596750E+04 -2.132E+01 -2.176E+01 -1.091E+01
  1.7597250E+04 -2.052E+01 -2.056E+01 -8.878E+00
  1.7597750E+04 -1.994E+01 -2.063E+01 -1.144E+01
  1.7598250E+04 -1.992E+01 -2.034E+01 -1.023E+01
  1.7598750E+04 -1.773E+01 -1.840E+01 -1.045E+01
  1.7599250E+04 -2.082E+01 -2.061E+01 -7.875E+00
  1.7599750E+04 -2.137E+01 -2.146E+01 -9.209E+00
  1.7600250E+04 -1.811E+01 -1.950E+01 -1.378E+01
  1.7600750E+04 -2.254E+01 -2.239E+01 -8.978E+00
  1.7601250E+04 -2.049E+01 -2.074E+01 -9.729E+00
  1.7601750E+04 -2.126E+01 -2.129E+01 -9.076E+00
  1.7602250E+04 -2.073E+01 -2.080E+01 -9.268E+00
  1.7602750E+04 -1.880E+01 -1.936E+01 -1.054E+01
  1.7603250E+04 -2.114E+01 -2.102E+01 -8.239E+00
  1.7603750E+04 -1.958E+01 -2.007E+01 -1.028E+01
  1.7604250E+04 -2.078E+01 -2.129E+01 -1.089E+01
  1.7604750E+04 -2.188E+01 -2.169E+01 -8.423E+00
  1.7605250E+04 -2.039E+01 -2.051E+01 -9.133E+00
  1.7605750E+04 -1.767E+01 -1.833E+01 -1.041E+01
  1.7606250E+04 -1.796E+01 -1.868E+01 -1.085E+01
  1.7606750E+04 -2.069E+01 -2.104E+01 -9.985E+00
  1.7607250E+04 -1.976E+01 -1.923E+01 -6.191E+00
  1.7607750E+04 -2.037E+01 -2.034E+01 -8.462E+00
  1.7608250E+04 -1.845E+01 -1.943E+01 -1.193E+01
  1.7608750E+04 -1.956E+01 -1.987E+01 -9.511E+00
  1.7609250E+04 -1.950E+01 -1.967E+01 -8.903E+00
  1.7609750E+04 -2.080E+01 -2.090E+01 -9.256E+00
  1.7610250E+04 -1.961E+01 -1.983E+01 -9.270E+00
  1.7610750E+04 -1.829E+01 -1.887E+01 -1.031E+01
  1.7611250E+04 -1.877E+01 -1.912E+01 -9.276E+00
  1.7611750E+04 -1.669E+01 -1.705E+01 -8.742E+00
  1.7612250E+04 -1.948E+01 -1.979E+01 -9.621E+00
  1.7612750E+04 -1.867E+01 -1.855E+01 -7.545E+00
  1.7613250E+04 -2.028E+01 -2.045E+01 -9.366E+00
  1.7613750E+04 -1.837E+01 -1.852E+01 -8.272E+00
  1.7614250E+04 -1.905E+01 -1.905E+01 -8.065E+00
  1.7614750E+04 -1.837E+01 -1.894E+01 -1.026E+01
  1.7615250E+04 -2.012E+01 -1.989E+01 -7.536E+00
  1.7615750E+04 -1.863E+01 -1.877E+01 -8.619E+00
  1.7616250E+04 -1.867E+01 -1.858E+01 -7.358E+00
  1.7616750E+04 -1.848E+01 -1.865E+01 -8.313E+00
  1.7617250E+04 -1.905E+01 -1.850E+01 -5.548E+00
  1.7617750E+04 -1.889E+01 -1.881E+01 -7.658E+00
  1.7618250E+04 -1.862E+01 -1.856E+01 -7.566E+00
  1.7618750E+04 -1.617E+01 -1.658E+01 -8.587E+00
  1.7619250E+04 -1.677E+01 -1.716E+01 -8.870E+00
  1.7619750E+04 -1.955E+01 -1.954E+01 -8.230E+00
  1.7620250E+04 -1.919E+01 -1.947E+01 -9.211E+00
  1.7620750E+04 -1.691E+01 -1.721E+01 -8.363E+00
  1.7621250E+04 -1.767E+01 -1.866E+01 -1.178E+01
  1.7621750E+04 -1.889E+01 -1.916E+01 -9.265E+00
  1.7622250E+04 -1.797E+01 -1.807E+01 -8.063E+00
  1.7622750E+04 -1.939E+01 -1.925E+01 -7.150E+00
  1.7623250E+04 -1.657E+01 -1.712E+01 -9.354E+00
  1.7623750E+04 -1.665E+01 -1.688E+01 -8.068E+00
  1.7624250E+04 -1.801E+01 -1.798E+01 -7.428E+00
  1.7624750E+04 -1.809E+01 -1.827E+01 -8.439E+00
  1.7625250E+04 -1.656E+01 -1.736E+01 -1.049E+01
  1.7625750E+04 -1.596E+01 -1.577E+01 -6.235E+00
  1.7626250E+04 -1.785E+01 -1.781E+01 -7.399E+00
  1.7626750E+04 -1.758E+01 -1.770E+01 -7.917E+00
  1.7627250E+04 -1.697E+01 -1.731E+01 -8.837E+00
  1.7627750E+04 -1.560E+01 -1.647E+01 -1.035E+01
  1.7628250E+04 -1.539E+01 -1.629E+01 -1.055E+01
  1.7628750E+04 -1.693E+01 -1.695E+01 -7.043E+00
  1.7629250E+04 -1.644E+01 -1.674E+01 -8.268E+00
  1.7629750E+04 -1.472E+01 -1.544E+01 -9.214E+00
  1.7630250E+04 -1.623E+01 -1.641E+01 -7.487E+00
  1.7630750E+04 -1.647E+01 -1.679E+01 -8.393E+00
  1.7631250E+04 -1.730E+01 -1.773E+01 -9.089E+00
  1.7631750E+04 -1.592E+01 -1.630E+01 -8.342E+00
  1.7632250E+04 -1.663E+01 -1.685E+01 -8.092E+00
  1.7632750E+04 -1.747E+01 -1.750E+01 -7.392E+00
  1.7633250E+04 -1.840E+01 -1.807E+01 -6.328E+00
  1.7633750E+04 -1.527E+01 -1.553E+01 -7.628E+00
  1.7634250E+04 -1.604E+01 -1.614E+01 -7.037E+00
  1.7634750E+04 -1.629E+01 -1.653E+01 -7.764E+00
  1.7635250E+04 -1.550E+01 -1.568E+01 -7.350E+00
  1.7635750E+04 -1.663E+01 -1.723E+01 -9.741E+00
  1.7636250E+04 -1.718E+01 -1.703E+01 -6.635E+00
  1.7636750E+04 -1.479E+01 -1.509E+01 -7.438E+00
  1.7637250E+04 -1.601E+01 -1.656E+01 -8.868E+00
  1.7637750E+04 -1.585E+01 -1.620E+01 -8.273E+00
  1.7638250E+04 -1.520E+01 -1.508E+01 -5.803E+00
  1.7638750E+04 -1.657E+01 -1.656E+01 -6.735E+00
  1.7639250E+04 -1.690E+01 -1.684E+01 -6.789E+00
  1.7639750E+04 -1.589E+01 -1.619E+01 -8.139E+00
  1.7640250E+04 -1.759E+01 -1.734E+01 -6.463E+00
  1.7640750E+04 -1.609E+01 -1.644E+01 -8.027E+00
  1.7641250E+04 -1.622E+01 -1.675E+01 -9.110E+00
  1.7641750E+04 -1.386E+01 -1.444E+01 -8.229E+00
  1.7642250E+04 -1.427E+01 -1.475E+01 -8.160E+00
  1.7642750E+04 -1.726E+01 -1.796E+01 -1.016E+01
  1.7643250E+04 -1.426E+01 -1.439E+01 -6.575E+00
  1.7643750E+04 -1.463E+01 -1.477E+01 -6.717E+00
  1.7644250E+04 -1.464E+01 -1.481E+01 -6.805E+00
  1.7644750E+04 -1.516E+01 -1.506E+01 -5.882E+00
  1.7645250E+04 -1.530E+01 -1.560E+01 -7.903E+00
  1.7645750E+04 -1.518E+01 -1.513E+01 -6.003E+00
  1.7646250E+04 -1.462E+01 -1.506E+01 -8.201E+00
  1.7646750E+04 -1.522E+01 -1.527E+01 -6.487E+00
  1.7647250E+04 -1.448E+01 -1.503E+01 -8.213E+00
  1.7647750E+04 -1.521E+01 -1.526E+01 -6.391E+00
  1.7648250E+04 -1.506E+01 -1.500E+01 -5.940E+00
  1.7648750E+04 -1.467E+01 -1.495E+01 -7.407E+00
  1.7649250E+04 -1.491E+01 -1.477E+01 -5.718E+00
  1.7649750E+04 -1.419E+01 -1.453E+01 -7.449E+00
  1.7650250E+04 -1.542E+01 -1.561E+01 -7.209E+00
  1.7650750E+04 -1.393E+01 -1.453E+01 -8.348E+00
  1.7651250E+04 -1.531E+01 -1.521E+01 -6.073E+00
  1.7651750E+04 -1.330E+01 -1.403E+01 -8.665E+00
  1.7652250E+04 -1.371E+01 -1.414E+01 -7.599E+00
  1.7652750E+04 -1.532E+01 -1.574E+01 -8.288E+00
  1.7653250E+04 -1.441E+01 -1.490E+01 -8.050E+00
  1.7653750E+04 -1.593E+01 -1.571E+01 -5.670E+00
  1.7654250E+04 -1.469E+01 -1.486E+01 -7.271E+00
  1.7654750E+04 -1.348E+01 -1.357E+01 -6.270E+00
  1.7655250E+04 -1.372E+01 -1.394E+01 -6.913E+00
  1.7655750E+04 -1.425E+01 -1.417E+01 -5.824E+00
  1.7656250E+04 -1.390E+01 -1.440E+01 -7.986E+00
  1.7656750E+04 -1.345E+01 -1.388E+01 -7.312E+00
  1.7657250E+04 -1.416E+01 -1.457E+01 -7.839E+00
  1.7657750E+04 -1.177E+01 -1.202E+01 -6.073E+00
  1.7658250E+04 -1.354E+01 -1.336E+01 -4.982E+00
  1.7658750E+04 -1.329E+01 -1.369E+01 -7.199E+00
  1.7659250E+04 -1.450E+01 -1.454E+01 -6.197E+00
  1.7659750E+04 -1.379E+01 -1.395E+01 -6.394E+00
  1.7660250E+04 -1.328E+01 -1.341E+01 -6.351E+00
  1.7660750E+04 -1.344E+01 -1.389E+01 -7.495E+00
  1.7661250E+04 -1.530E+01 -1.533E+01 -6.270E+00
  1.7661750E+04 -1.418E+01 -1.404E+01 -5.447E+00
  1.7662250E+04 -1.170E+01 -1.228E+01 -7.501E+00
  1.7662750E+04 -1.299E+01 -1.352E+01 -7.595E+00
  1.7663250E+04 -1.445E+01 -1.435E+01 -5.519E+00
  1.7663750E+04 -1.423E+01 -1.454E+01 -7.509E+00
  1.7664250E+04 -1.249E+01 -1.259E+01 -5.731E+00
  1.7664750E+04 -1.333E+01 -1.341E+01 -5.979E+00
  1.7665250E+04 -1.294E+01 -1.287E+01 -4.996E+00
  1.7665750E+04 -1.277E+01 -1.309E+01 -6.780E+00
  1.7666250E+04 -1.311E+01 -1.369E+01 -8.009E+00
  1.7666750E+04 -1.376E+01 -1.391E+01 -6.135E+00
  1.7667250E+04 -1.222E+01 -1.256E+01 -6.538E+00
  1.7667750E+04 -1.297E+01 -1.321E+01 -6.519E+00
  1.7668250E+04 -1.351E+01 -1.324E+01 -4.736E+00
  1.7668750E+04 -1.191E+01 -1.191E+01 -5.013E+00
  1.7669250E+04 -1.419E+01 -1.416E+01 -5.611E+00
  1.7669750E+04 -1.436E+01 -1.459E+01 -7.260E+00
  1.7670250E+04 -1.259E+01 -1.273E+01 -5.875E+00
  1.7670750E+04 -1.111E+01 -1.151E+01 -6.413E+00
  1.7671250E+04 -1.284E+01 -1.299E+01 -6.151E+00
  1.7671750E+04 -1.249E+01 -1.275E+01 -6.412E+00
  1.7672250E+04 -1.164E+01 -1.204E+01 -6.821E+00
  1.7672750E+04 -1.215E+01 -1.248E+01 -6.321E+00
  1.7673250E+04 -1.154E+01 -1.177E+01 -5.704E+00
  1.7673750E+04 -1.163E+01 -1.173E+01 -5.080E+00
  1.7674250E+04 -1.271E+01 -1.290E+01 -6.332E+00
  1.7674750E+04 -1.238E+01 -1.240E+01 -5.203E+00
  1.7675250E+04 -1.207E+01 -1.236E+01 -6.422E+00
  1.7675750E+04 -1.277E+01 -1.274E+01 -5.219E+00
  1.7676250E+04 -1.402E+01 -1.406E+01 -5.910E+00
  1.7676750E+04 -1.282E+01 -1.304E+01 -6.418E+00
  1.7677250E+04 -1.221E+01 -1.245E+01 -6.203E+00
  1.7677750E+04 -1.222E+01 -1.217E+01 -4.940E+00
  1.7678250E+04 -1.104E+01 -1.139E+01 -6.053E+00
  1.7678750E+04 -1.148E+01 -1.179E+01 -6.502E+00
  1.7679250E+04 -1.276E+01 -1.307E+01 -6.864E+00
  1.7679750E+04 -1.087E+01 -1.116E+01 -5.895E+00
  1.7680250E+04 -1.226E+01 -1.219E+01 -4.870E+00
  1.7680750E+04 -1.294E+01 -1.304E+01 -5.777E+00
  1.7681250E+04 -1.122E+01 -1.159E+01 -6.286E+00
  1.7681750E+04 -1.351E+01 -1.336E+01 -4.716E+00
  1.7682250E+04 -1.251E+01 -1.256E+01 -5.369E+00
  1.7682750E+04 -1.158E+01 -1.169E+01 -5.412E+00
  1.7683250E+04 -1.195E+01 -1.228E+01 -6.372E+00
  1.7683750E+04 -1.067E+01 -1.116E+01 -6.806E+00
  1.7684250E+04 -1.176E+01 -1.199E+01 -5.624E+00
  1.7684750E+04 -1.165E+01 -1.192E+01 -6.182E+00
  1.7685250E+04 -1.159E+01 -1.153E+01 -4.734E+00
  1.7685750E+04 -1.115E+01 -1.109E+01 -4.471E+00
  1.7686250E+04 -1.255E+01 -1.254E+01 -5.055E+00
  1.7686750E+04 -1.060E+01 -1.084E+01 -5.450E+00
  1.7687250E+04 -1.066E+01 -1.054E+01 -4.118E+00
  1.7687750E+04 -1.125E+01 -1.142E+01 -5.436E+00
  1.7688250E+04 -1.191E+01 -1.187E+01 -4.722E+00
  1.7688750E+04 -1.239E+01 -1.231E+01 -4.817E+00
  1.7689250E+04 -1.152E+01 -1.199E+01 -6.794E+00
  1.7689750E+04 -9.049E+00 -9.757E+00 -6.877E+00
  1.7690250E+04 -1.123E+01 -1.139E+01 -5.394E+00
  1.7690750E+04 -1.029E+01 -1.022E+01 -4.204E+00
  1.7691250E+04 -1.082E+01 -1.110E+01 -5.549E+00
  1.7691750E+04 -1.213E+01 -1.225E+01 -5.530E+00
  1.7692250E+04 -1.018E+01 -1.038E+01 -5.257E+00
  1.7692750E+04 -1.150E+01 -1.173E+01 -6.097E+00
  1.7693250E+04 -1.097E+01 -1.140E+01 -6.352E+00
  1.7693750E+04 -1.066E+01 -1.143E+01 -7.849E+00
  1.7694250E+04 -1.150E+01 -1.153E+01 -4.881E+00
  1.7694750E+04 -1.123E+01 -1.125E+01 -4.712E+00
  1.7695250E+04 -1.046E+01 -1.078E+01 -5.824E+00
  1.7695750E+04 -1.145E+01 -1.164E+01 -5.557E+00
  1.7696250E+04 -1.090E+01 -1.119E+01 -5.944E+00
  1.7696750E+04 -1.152E+01 -1.160E+01 -5.402E+00
  1.7697250E+04 -1.064E+01 -1.098E+01 -5.966E+00
  1.7697750E+04 -1.101E+01 -1.072E+01 -3.165E+00
  1.7698250E+04 -1.077E+01 -1.066E+01 -3.838E+00
  1.7698750E+04 -1.210E+01 -1.209E+01 -4.914E+00
  1.7699250E+04 -1.127E+01 -1.147E+01 -5.570E+00
  1.7699750E+04 -1.057E+01 -1.061E+01 -4.504E+00
  1.7700250E+04 -1.142E+01 -1.165E+01 -6.004E+00
  1.7700750E+04 -1.157E+01 -1.144E+01 -4.365E+00
  1.7701250E+04 -9.735E+00 -1.001E+01 -5.134E+00
  1.7701750E+04 -8.645E+00 -9.052E+00 -5.562E+00
  1.7702250E+04 -1.094E+01 -1.102E+01 -5.025E+00
  1.7702750E+04 -1.086E+01 -1.130E+01 -6.393E+00
  1.7703250E+04 -1.059E+01 -1.100E+01 -6.191E+00
  1.7703750E+04 -8.813E+00 -9.024E+00 -4.393E+00
  1.7704250E+04 -1.067E+01 -1.092E+01 -5.410E+00
  1.7704750E+04 -1.050E+01 -1.067E+01 -4.952E+00
  1.7705250E+04 -9.190E+00 -9.414E+00 -4.867E+00
  1.7705750E+04 -9.640E+00 -9.987E+00 -5.708E+00
  1.7706250E+04 -1.009E+01 -1.028E+01 -5.001E+00
  1.7706750E+04 -1.047E+01 -1.058E+01 -4.906E+00
  1.7707250E+04 -1.057E+01 -1.081E+01 -5.638E+00
  1.7707750E+04 -9.955E+00 -1.011E+01 -4.862E+00
  1.7708250E+04 -8.874E+00 -9.339E+00 -5.623E+00
  1.7708750E+04 -9.796E+00 -1.044E+01 -6.836E+00
  1.7709250E+04 -9.755E+00 -9.779E+00 -4.279E+00
  1.7709750E+04 -1.020E+01 -1.044E+01 -5.450E+00
  1.7710250E+04 -9.694E+00 -1.001E+01 -5.397E+00
  1.7710750E+04 -8.773E+00 -8.849E+00 -4.082E+00
  1.7711250E+04 -8.430E+00 -8.912E+00 -5.549E+00
  1.7711750E+04 -1.055E+01 -1.036E+01 -3.603E+00
  1.7712250E+04 -1.132E+01 -1.107E+01 -3.661E+00
  1.7712750E+04 -8.956E+00 -9.700E+00 -6.965E+00
  1.7713250E+04 -8.770E+00 -8.956E+00 -4.614E+00
  1.7713750E+04 -1.044E+01 -1.027E+01 -3.596E+00
  1.7714250E+04 -9.136E+00 -9.643E+00 -6.116E+00
  1.7714750E+04 -1.018E+01 -1.007E+01 -3.728E+00
  1.7715250E+04 -1.020E+01 -1.021E+01 -4.214E+00
  1.7715750E+04 -8.928E+00 -9.188E+00 -4.970E+00
  1.7716250E+04 -1.001E+01 -9.871E+00 -3.631E+00
  1.7716750E+04 -9.774E+00 -1.001E+01 -5.062E+00
  1.7717250E+04 -9.596E+00 -9.940E+00 -5.450E+00
  1.7717750E+04 -8.605E+00 -9.126E+00 -6.010E+00
  1.7718250E+04 -7.442E+00 -7.943E+00 -5.265E+00
  1.7718750E+04 -9.230E+00 -9.277E+00 -3.986E+00
  1.7719250E+04 -9.782E+00 -9.569E+00 -3.053E+00
  1.7719750E+04 -9.849E+00 -9.825E+00 -4.199E+00
  1.7720250E+04 -9.774E+00 -9.903E+00 -4.500E+00
  1.7720750E+04 -9.519E+00 -9.992E+00 -6.090E+00
  1.7721250E+04 -9.115E+00 -9.279E+00 -4.844E+00
  1.7721750E+04 -8.974E+00 -9.127E+00 -4.340E+00
  1.7722250E+04 -9.626E+00 -9.626E+00 -3.896E+00
  1.7722750E+04 -8.532E+00 -8.548E+00 -3.955E+00
  1.7723250E+04 -9.820E+00 -9.501E+00 -2.829E+00
  1.7723750E+04 -9.168E+00 -9.488E+00 -5.165E+00
  1.7724250E+04 -9.912E+00 -1.013E+01 -5.040E+00
  1.7724750E+04 -9.506E+00 -9.757E+00 -5.034E+00
  1.7725250E+04 -9.515E+00 -9.854E+00 -5.351E+00
  1.7725750E+04 -9.585E+00 -9.749E+00 -4.773E+00
  1.7726250E+04 -8.511E+00 -8.680E+00 -4.184E+00
  1.7726750E+04 -8.235E+00 -8.540E+00 -4.715E+00
  1.7727250E+04 -6.665E+00 -7.273E+00 -5.444E+00
  1.7727750E+04 -8.914E+00 -9.079E+00 -4.400E+00
  1.7728250E+04 -8.786E+00 -8.899E+00 -4.036E+00
  1.7728750E+04 -9.263E+00 -9.450E+00 -4.716E+00
  1.7729250E+04 -8.132E+00 -8.574E+00 -5.436E+00
  1.7729750E+04 -9.092E+00 -9.133E+00 -4.184E+00
  1.7730250E+04 -8.416E+00 -8.894E+00 -5.553E+00
  1.7730750E+04 -8.133E+00 -8.287E+00 -4.187E+00
  1.7731250E+04 -8.033E+00 -8.031E+00 -3.412E+00
  1.7731750E+04 -9.058E+00 -9.115E+00 -3.828E+00
  1.7732250E+04 -8.439E+00 -8.791E+00 -4.990E+00
  1.7732750E+04 -8.815E+00 -8.731E+00 -3.588E+00
  1.7733250E+04 -8.424E+00 -8.632E+00 -4.383E+00
  1.7733750E+04 -9.076E+00 -8.901E+00 -3.169E+00
  1.7734250E+04 -8.438E+00 -8.620E+00 -4.112E+00
  1.7734750E+04 -7.961E+00 -8.326E+00 -4.732E+00
  1.7735250E+04 -8.195E+00 -8.582E+00 -5.291E+00
  1.7735750E+04 -8.576E+00 -8.961E+00 -5.224E+00
  1.7736250E+04 -8.523E+00 -8.659E+00 -4.016E+00
  1.7736750E+04 -8.389E+00 -8.609E+00 -4.584E+00
  1.7737250E+04 -7.921E+00 -8.205E+00 -4.600E+00
  1.7737750E+04 -8.258E+00 -8.394E+00 -4.070E+00
  1.7738250E+04 -9.175E+00 -9.285E+00 -4.271E+00
  1.7738750E+04 -8.205E+00 -8.171E+00 -3.340E+00
  1.7739250E+04 -8.520E+00 -8.794E+00 -4.672E+00
  1.7739750E+04 -8.033E+00 -8.304E+00 -4.676E+00
  1.7740250E+04 -8.036E+00 -8.250E+00 -4.441E+00
  1.7740750E+04 -8.189E+00 -8.576E+00 -5.029E+00
  1.7741250E+04 -7.411E+00 -7.720E+00 -4.340E+00
  1.7741750E+04 -8.111E+00 -8.061E+00 -3.079E+00
  1.7742250E+04 -8.588E+00 -8.692E+00 -3.910E+00
  1.7742750E+04 -7.155E+00 -7.509E+00 -4.540E+00
  1.7743250E+04 -8.155E+00 -8.467E+00 -4.739E+00
  1.7743750E+04 -8.273E+00 -8.035E+00 -2.264E+00
  1.7744250E+04 -7.771E+00 -8.030E+00 -4.463E+00
  1.7744750E+04 -8.131E+00 -8.297E+00 -4.148E+00
  1.7745250E+04 -7.778E+00 -8.065E+00 -4.493E+00
  1.7745750E+04 -6.902E+00 -7.043E+00 -3.506E+00
  1.7746250E+04 -7.432E+00 -7.583E+00 -3.833E+00
  1.7746750E+04 -9.415E+00 -9.345E+00 -3.430E+00
  1.7747250E+04 -8.683E+00 -9.112E+00 -5.713E+00
  1.7747750E+04 -9.054E+00 -8.989E+00 -3.652E+00
  1.7748250E+04 -7.510E+00 -7.572E+00 -3.291E+00
  1.7748750E+04 -7.692E+00 -8.025E+00 -4.710E+00
  1.7749250E+04 -7.997E+00 -7.948E+00 -3.108E+00
  1.7749750E+04 -8.561E+00 -8.744E+00 -4.327E+00
  1.7750250E+04 -7.727E+00 -8.171E+00 -5.166E+00
  1.7750750E+04 -6.065E+00 -6.334E+00 -3.913E+00
  1.7751250E+04 -6.714E+00 -6.707E+00 -2.978E+00
  1.7751750E+04 -7.840E+00 -7.851E+00 -3.097E+00
  1.7752250E+04 -7.772E+00 -7.949E+00 -4.038E+00
  1.7752750E+04 -8.076E+00 -8.238E+00 -4.131E+00
  1.7753250E+04 -7.830E+00 -8.251E+00 -4.952E+00
  1.7753750E+04 -7.995E+00 -8.217E+00 -4.332E+00
  1.7754250E+04 -7.864E+00 -8.012E+00 -4.071E+00
  1.7754750E+04 -7.740E+00 -7.911E+00 -4.028E+00
  1.7755250E+04 -7.102E+00 -7.304E+00 -3.868E+00
  1.7755750E+04 -7.527E+00 -7.640E+00 -3.699E+00
  1.7756250E+04 -8.046E+00 -7.886E+00 -2.700E+00
  1.7756750E+04 -7.945E+00 -8.034E+00 -3.463E+00
  1.7757250E+04 -7.854E+00 -7.962E+00 -3.627E+00
  1.7757750E+04 -6.728E+00 -7.205E+00 -5.074E+00
  1.7758250E+04 -7.082E+00 -7.292E+00 -3.729E+00
  1.7758750E+04 -6.689E+00 -6.469E+00 -2.041E+00
  1.7759250E+04 -7.253E+00 -7.232E+00 -3.201E+00
  1.7759750E+04 -7.084E+00 -7.483E+00 -4.726E+00
  1.7760250E+04 -7.861E+00 -8.001E+00 -3.725E+00
  1.7760750E+04 -7.882E+00 -7.762E+00 -2.801E+00
  1.7761250E+04 -7.143E+00 -7.436E+00 -4.223E+00
  1.7761750E+04 -7.855E+00 -7.869E+00 -3.348E+00
  1.7762250E+04 -7.419E+00 -7.888E+00 -5.281E+00
  1.7762750E+04 -7.538E+00 -7.735E+00 -3.968E+00
  1.7763250E+04 -6.669E+00 -6.990E+00 -4.225E+00
  1.7763750E+04 -7.438E+00 -7.596E+00 -3.847E+00
  1.7764250E+04 -7.896E+00 -7.600E+00 -1.899E+00
  1.7764750E+04 -6.865E+00 -6.930E+00 -3.229E+00
  1.7765250E+04 -8.357E+00 -8.206E+00 -2.570E+00
  1.7765750E+04 -6.748E+00 -6.882E+00 -3.313E+00
  1.7766250E+04 -6.983E+00 -7.215E+00 -3.978E+00
  1.7766750E+04 -6.656E+00 -7.036E+00 -4.424E+00
  1.7767250E+04 -6.024E+00 -6.401E+00 -4.304E+00
  1.7767750E+04 -7.904E+00 -8.061E+00 -3.907E+00
  1.7768250E+04 -7.119E+00 -7.260E+00 -3.451E+00
  1.7768750E+04 -7.194E+00 -7.417E+00 -4.058E+00
  1.7769250E+04 -6.953E+00 -7.258E+00 -4.222E+00
  1.7769750E+04 -6.341E+00 -6.537E+00 -3.418E+00
  1.7770250E+04 -7.439E+00 -7.419E+00 -2.918E+00
  1.7770750E+04 -7.797E+00 -7.964E+00 -4.061E+00
  1.7771250E+04 -7.426E+00 -7.745E+00 -4.426E+00
  1.7771750E+04 -6.102E+00 -6.267E+00 -3.408E+00
  1.7772250E+04 -6.694E+00 -7.009E+00 -4.094E+00
  1.7772750E+04 -6.407E+00 -6.653E+00 -3.822E+00
  1.7773250E+04 -8.118E+00 -8.100E+00 -3.276E+00
  1.7773750E+04 -8.016E+00 -7.987E+00 -3.147E+00
  1.7774250E+04 -6.700E+00 -6.957E+00 -3.943E+00
  1.7774750E+04 -6.128E+00 -6.306E+00 -3.514E+00
  1.7775250E+04 -6.812E+00 -7.002E+00 -3.673E+00
  1.7775750E+04 -7.106E+00 -7.280E+00 -3.634E+00
  1.7776250E+04 -6.491E+00 -6.729E+00 -3.812E+00
  1.7776750E+04 -5.934E+00 -6.030E+00 -2.832E+00
  1.7777250E+04 -6.773E+00 -6.791E+00 -3.003E+00
  1.7777750E+04 -6.573E+00 -6.774E+00 -3.691E+00
  1.7778250E+04 -6.618E+00 -6.703E+00 -3.022E+00
  1.7778750E+04 -6.772E+00 -7.059E+00 -3.713E+00
  1.7779250E+04 -7.394E+00 -7.390E+00 -2.943E+00
  1.7779750E+04 -6.919E+00 -7.175E+00 -3.883E+00
  1.7780250E+04 -6.427E+00 -6.732E+00 -4.250E+00
  1.7780750E+04 -6.594E+00 -6.481E+00 -2.336E+00
  1.7781250E+04 -6.296E+00 -6.448E+00 -3.408E+00
  1.7781750E+04 -6.696E+00 -6.851E+00 -3.683E+00
  1.7782250E+04 -7.359E+00 -7.600E+00 -4.068E+00
  1.7782750E+04 -6.677E+00 -6.724E+00 -2.939E+00
  1.7783250E+04 -6.263E+00 -6.279E+00 -2.455E+00
  1.7783750E+04 -6.221E+00 -6.228E+00 -2.521E+00
  1.7784250E+04 -7.211E+00 -7.148E+00 -2.778E+00
  1.7784750E+04 -6.590E+00 -6.675E+00 -3.364E+00
  1.7785250E+04 -6.342E+00 -6.348E+00 -2.477E+00
  1.7785750E+04 -5.464E+00 -5.747E+00 -3.599E+00
  1.7786250E+04 -6.023E+00 -6.406E+00 -4.315E+00
  1.7786750E+04 -6.013E+00 -6.117E+00 -2.988E+00
  1.7787250E+04 -6.662E+00 -6.748E+00 -2.912E+00
  1.7787750E+04 -6.702E+00 -6.661E+00 -2.543E+00
  1.7788250E+04 -6.563E+00 -6.612E+00 -2.962E+00
  1.7788750E+04 -6.235E+00 -6.743E+00 -4.725E+00
  1.7789250E+04 -4.829E+00 -5.225E+00 -3.710E+00
  1.7789750E+04 -6.421E+00 -6.293E+00 -1.919E+00
  1.7790250E+04 -6.092E+00 -5.950E+00 -1.897E+00
  1.7790750E+04 -6.915E+00 -6.558E+00 -1.516E+00
  1.7791250E+04 -7.813E+00 -7.653E+00 -2.398E+00
  1.7791750E+04 -7.084E+00 -7.093E+00 -2.916E+00
  1.7792250E+04 -5.309E+00 -5.618E+00 -3.778E+00
  1.7792750E+04 -5.363E+00 -5.644E+00 -3.362E+00
  1.7793250E+04 -5.908E+00 -6.039E+00 -3.134E+00
  1.7793750E+04 -5.459E+00 -5.663E+00 -3.250E+00
  1.7794250E+04 -6.298E+00 -6.556E+00 -3.912E+00
  1.7794750E+04 -5.533E+00 -6.082E+00 -5.008E+00
  1.7795250E+04 -6.435E+00 -6.517E+00 -3.021E+00
  1.7795750E+04 -6.083E+00 -6.165E+00 -2.895E+00
  1.7796250E+04 -6.496E+00 -6.535E+00 -2.808E+00
  1.7796750E+04 -6.849E+00 -6.974E+00 -3.439E+00
  1.7797250E+04 -5.859E+00 -6.051E+00 -3.275E+00
  1.7797750E+04 -6.273E+00 -6.287E+00 -2.746E+00
  1.7798250E+04 -5.622E+00 -5.676E+00 -2.534E+00
  1.7798750E+04 -5.683E+00 -6.089E+00 -4.187E+00
  1.7799250E+04 -6.099E+00 -6.137E+00 -2.789E+00
  1.7799750E+04 -5.593E+00 -5.731E+00 -3.087E+00
  1.7800250E+04 -6.562E+00 -6.433E+00 -2.130E+00
  1.7800750E+04 -5.525E+00 -5.642E+00 -2.992E+00
  1.7801250E+04 -6.701E+00 -6.468E+00 -1.707E+00
  1.7801750E+04 -5.213E+00 -5.588E+00 -3.822E+00
  1.7802250E+04 -5.406E+00 -5.628E+00 -3.366E+00
  1.7802750E+04 -6.652E+00 -6.780E+00 -3.314E+00
  1.7803250E+04 -5.575E+00 -5.895E+00 -3.650E+00
  1.7803750E+04 -5.706E+00 -5.965E+00 -3.395E+00
  1.7804250E+04 -5.179E+00 -5.418E+00 -2.861E+00
  1.7804750E+04 -5.248E+00 -5.398E+00 -2.661E+00
  1.7805250E+04 -5.401E+00 -5.602E+00 -3.303E+00
  1.7805750E+04 -5.500E+00 -5.508E+00 -2.440E+00
  1.7806250E+04 -5.108E+00 -5.249E+00 -2.949E+00
  1.7806750E+04 -6.211E+00 -6.261E+00 -3.265E+00
  1.7807250E+04 -6.040E+00 -6.297E+00 -3.705E+00
  1.7807750E+04 -5.574E+00 -5.607E+00 -2.113E+00
  1.7808250E+04 -5.935E+00 -6.060E+00 -2.766E+00
  1.7808750E+04 -5.713E+00 -6.139E+00 -4.331E+00
  1.7809250E+04 -6.025E+00 -6.009E+00 -2.488E+00
  1.7809750E+04 -6.125E+00 -5.958E+00 -1.821E+00
  1.7810250E+04 -5.438E+00 -5.710E+00 -3.474E+00
  1.7810750E+04 -5.713E+00 -5.731E+00 -2.544E+00
  1.7811250E+04 -6.388E+00 -6.437E+00 -2.786E+00
  1.7811750E+04 -6.090E+00 -6.054E+00 -2.236E+00
  1.7812250E+04 -6.443E+00 -6.390E+00 -2.502E+00
  1.7812750E+04 -5.803E+00 -5.696E+00 -1.900E+00
  1.7813250E+04 -5.618E+00 -5.901E+00 -3.909E+00
  1.7813750E+04 -5.199E+00 -5.351E+00 -2.889E+00
  1.7814250E+04 -4.912E+00 -5.196E+00 -3.351E+00
  1.7814750E+04 -5.390E+00 -5.550E+00 -2.859E+00
  1.7815250E+04 -6.388E+00 -6.547E+00 -2.949E+00
  1.7815750E+04 -4.590E+00 -4.944E+00 -3.493E+00
  1.7816250E+04 -6.017E+00 -5.890E+00 -2.220E+00
  1.7816750E+04 -5.555E+00 -5.548E+00 -2.198E+00
  1.7817250E+04 -4.678E+00 -4.552E+00 -1.271E+00
  1.7817750E+04 -4.739E+00 -4.779E+00 -2.245E+00
  1.7818250E+04 -5.110E+00 -5.393E+00 -3.268E+00
  1.7818750E+04 -4.717E+00 -4.925E+00 -3.023E+00
  1.7819250E+04 -5.119E+00 -5.244E+00 -2.774E+00
  1.7819750E+04 -5.715E+00 -5.790E+00 -2.738E+00
  1.7820250E+04 -5.719E+00 -5.580E+00 -1.705E+00
  1.7820750E+04 -5.461E+00 -5.558E+00 -2.791E+00
  1.7821250E+04 -5.886E+00 -5.863E+00 -2.310E+00
  1.7821750E+04 -5.862E+00 -5.888E+00 -2.528E+00
  1.7822250E+04 -5.310E+00 -5.632E+00 -3.514E+00
  1.7822750E+04 -4.898E+00 -5.178E+00 -2.879E+00
  1.7823250E+04 -4.622E+00 -4.584E+00 -2.419E+00
  1.7823750E+04 -5.637E+00 -5.987E+00 -4.178E+00
  1.7824250E+04 -6.373E+00 -6.420E+00 -2.468E+00
  1.7824750E+04 -4.869E+00 -4.924E+00 -2.406E+00
  1.7825250E+04 -4.328E+00 -4.548E+00 -2.821E+00
  1.7825750E+04 -5.233E+00 -4.960E+00 -1.027E+00
  1.7826250E+04 -4.862E+00 -4.984E+00 -2.386E+00
  1.7826750E+04 -4.738E+00 -4.896E+00 -2.712E+00
  1.7827250E+04 -5.728E+00 -5.731E+00 -2.090E+00
  1.7827750E+04 -4.621E+00 -4.917E+00 -3.329E+00
  1.7828250E+04 -5.513E+00 -5.559E+00 -2.647E+00
  1.7828750E+04 -4.624E+00 -5.001E+00 -3.563E+00
  1.7829250E+04 -4.786E+00 -4.763E+00 -1.935E+00
  1.7829750E+04 -4.687E+00 -4.534E+00 -1.395E+00
  1.7830250E+04 -4.497E+00 -4.714E+00 -3.099E+00
  1.7830750E+04 -4.354E+00 -4.597E+00 -2.886E+00
  1.7831250E+04 -4.578E+00 -4.683E+00 -2.329E+00
  1.7831750E+04 -5.939E+00 -6.138E+00 -3.239E+00
  1.7832250E+04 -5.154E+00 -5.051E+00 -1.756E+00
  1.7832750E+04 -5.530E+00 -5.761E+00 -3.095E+00
  1.7833250E+04 -5.418E+00 -5.501E+00 -2.602E+00
  1.7833750E+04 -4.735E+00 -4.810E+00 -2.375E+00
  1.7834250E+04 -4.735E+00 -4.829E+00 -2.481E+00
  1.7834750E+04 -5.318E+00 -5.412E+00 -2.515E+00
  1.7835250E+04 -4.947E+00 -4.871E+00 -1.585E+00
  1.7835750E+04 -4.576E+00 -5.024E+00 -3.972E+00
  1.7836250E+04 -4.765E+00 -4.769E+00 -2.038E+00
  1.7836750E+04 -5.751E+00 -5.593E+00 -1.688E+00
  1.7837250E+04 -5.227E+00 -5.279E+00 -2.494E+00
  1.7837750E+04 -5.392E+00 -5.475E+00 -2.476E+00
  1.7838250E+04 -4.311E+00 -4.640E+00 -3.463E+00
  1.7838750E+04 -4.163E+00 -4.185E+00 -2.053E+00
  1.7839250E+04 -5.390E+00 -5.330E+00 -1.917E+00
  1.7839750E+04 -4.610E+00 -4.692E+00 -2.214E+00
  1.7840250E+04 -5.434E+00 -5.541E+00 -2.406E+00
  1.7840750E+04 -4.647E+00 -4.687E+00 -2.274E+00
  1.7841250E+04 -4.976E+00 -5.102E+00 -2.695E+00
  1.7841750E+04 -5.403E+00 -5.662E+00 -3.409E+00
  1.7842250E+04 -4.958E+00 -5.183E+00 -3.181E+00
  1.7842750E+04 -4.723E+00 -4.812E+00 -2.436E+00
  1.7843250E+04 -4.443E+00 -4.683E+00 -2.987E+00
  1.7843750E+04 -3.947E+00 -4.003E+00 -2.001E+00
  1.7844250E+04 -4.548E+00 -4.623E+00 -2.279E+00
  1.7844750E+04 -4.956E+00 -4.981E+00 -1.964E+00
  1.7845250E+04 -4.792E+00 -4.800E+00 -1.873E+00
  1.7845750E+04 -4.749E+00 -4.850E+00 -2.388E+00
  1.7846250E+04 -4.911E+00 -4.888E+00 -2.073E+00
  1.7846750E+04 -3.704E+00 -3.971E+00 -2.690E+00
  1.7847250E+04 -4.002E+00 -3.993E+00 -1.510E+00
  1.7847750E+04 -4.540E+00 -4.717E+00 -2.651E+00
  1.7848250E+04 -5.077E+00 -5.163E+00 -2.528E+00
  1.7848750E+04 -4.875E+00 -4.806E+00 -1.830E+00
  1.7849250E+04 -4.496E+00 -4.531E+00 -1.933E+00
  1.7849750E+04 -6.155E+00 -5.991E+00 -1.746E+00
  1.7850250E+04 -4.988E+00 -5.143E+00 -2.748E+00
  1.7850750E+04 -4.742E+00 -4.924E+00 -2.887E+00
  1.7851250E+04 -4.503E+00 -4.702E+00 -2.845E+00
  1.7851750E+04 -5.282E+00 -5.345E+00 -2.493E+00
  1.7852250E+04 -4.094E+00 -4.244E+00 -2.196E+00
  1.7852750E+04 -3.435E+00 -3.547E+00 -2.185E+00
  1.7853250E+04 -3.984E+00 -4.245E+00 -2.786E+00
  1.7853750E+04 -4.559E+00 -4.850E+00 -3.278E+00
  1.7854250E+04 -4.241E+00 -4.360E+00 -2.249E+00
  1.7854750E+04 -4.427E+00 -4.491E+00 -2.097E+00
  1.7855250E+04 -4.241E+00 -4.455E+00 -2.578E+00
  1.7855750E+04 -3.962E+00 -4.201E+00 -2.859E+00
  1.7856250E+04 -4.068E+00 -4.161E+00 -2.126E+00
  1.7856750E+04 -3.944E+00 -4.016E+00 -2.113E+00
  1.7857250E+04 -4.473E+00 -4.614E+00 -2.569E+00
  1.7857750E+04 -5.084E+00 -5.007E+00 -1.362E+00
  1.7858250E+04 -4.629E+00 -4.562E+00 -1.663E+00
  1.7858750E+04 -4.779E+00 -4.774E+00 -2.229E+00
  1.7859250E+04 -3.382E+00 -3.639E+00 -2.663E+00
  1.7859750E+04 -4.530E+00 -4.623E+00 -1.931E+00
  1.7860250E+04 -4.316E+00 -4.475E+00 -2.587E+00
  1.7860750E+04 -4.468E+00 -4.356E+00 -1.721E+00
  1.7861250E+04 -4.686E+00 -4.806E+00 -2.495E+00
  1.7861750E+04 -5.387E+00 -5.475E+00 -2.511E+00
  1.7862250E+04 -4.446E+00 -4.534E+00 -2.251E+00
  1.7862750E+04 -4.996E+00 -5.012E+00 -1.967E+00
  1.7863250E+04 -3.683E+00 -3.981E+00 -3.028E+00
  1.7863750E+04 -3.805E+00 -4.106E+00 -2.729E+00
  1.7864250E+04 -4.353E+00 -4.155E+00 -1.323E+00
  1.7864750E+04 -4.341E+00 -4.390E+00 -2.276E+00
  1.7865250E+04 -4.538E+00 -4.495E+00 -1.541E+00
  1.7865750E+04 -3.695E+00 -3.954E+00 -2.666E+00
  1.7866250E+04 -4.416E+00 -4.784E+00 -3.377E+00
  1.7866750E+04 -4.707E+00 -4.709E+00 -1.692E+00
  1.7867250E+04 -4.901E+00 -5.153E+00 -3.196E+00
  1.7867750E+04 -4.042E+00 -4.168E+00 -2.335E+00
  1.7868250E+04 -4.421E+00 -4.572E+00 -2.558E+00
  1.7868750E+04 -3.975E+00 -4.026E+00 -1.774E+00
  1.7869250E+04 -3.635E+00 -3.818E+00 -2.313E+00
  1.7869750E+04 -4.110E+00 -4.440E+00 -2.916E+00
  1.7870250E+04 -4.028E+00 -3.807E+00 -7.623E-01
  1.7870750E+04 -4.158E+00 -4.091E+00 -1.626E+00
  1.7871250E+04 -4.480E+00 -4.446E+00 -1.668E+00
  1.7871750E+04 -4.279E+00 -4.370E+00 -2.072E+00
  1.7872250E+04 -4.021E+00 -4.270E+00 -2.714E+00
  1.7872750E+04 -3.800E+00 -3.603E+00 -6.444E-01
  1.7873250E+04 -4.584E+00 -4.681E+00 -2.092E+00
  1.7873750E+04 -3.613E+00 -3.757E+00 -2.207E+00
  1.7874250E+04 -4.664E+00 -4.730E+00 -2.517E+00
  1.7874750E+04 -3.594E+00 -3.858E+00 -2.798E+00
  1.7875250E+04 -3.714E+00 -3.735E+00 -1.511E+00
  1.7875750E+04 -4.382E+00 -4.411E+00 -1.957E+00
  1.7876250E+04 -3.462E+00 -3.798E+00 -2.861E+00
  1.7876750E+04 -3.489E+00 -3.524E+00 -1.641E+00
  1.7877250E+04 -4.075E+00 -4.039E+00 -1.649E+00
  1.7877750E+04 -4.504E+00 -4.584E+00 -2.313E+00
  1.7878250E+04 -4.060E+00 -4.415E+00 -3.207E+00
  1.7878750E+04 -4.415E+00 -4.638E+00 -2.744E+00
  1.7879250E+04 -3.193E+00 -3.370E+00 -2.193E+00
  1.7879750E+04 -3.376E+00 -3.363E+00 -1.349E+00
  1.7880250E+04 -3.603E+00 -3.847E+00 -2.488E+00
  1.7880750E+04 -4.442E+00 -4.512E+00 -2.062E+00
  1.7881250E+04 -4.635E+00 -4.620E+00 -1.919E+00
  1.7881750E+04 -3.754E+00 -3.786E+00 -1.863E+00
  1.7882250E+04 -4.254E+00 -4.190E+00 -1.566E+00
  1.7882750E+04 -4.377E+00 -4.457E+00 -2.314E+00
  1.7883250E+04 -3.807E+00 -3.927E+00 -1.946E+00
  1.7883750E+04 -3.643E+00 -4.020E+00 -2.931E+00
  1.7884250E+04 -4.523E+00 -4.674E+00 -2.421E+00
  1.7884750E+04 -4.546E+00 -4.571E+00 -1.901E+00
  1.7885250E+04 -3.946E+00 -4.073E+00 -2.140E+00
  1.7885750E+04 -3.508E+00 -3.539E+00 -1.645E+00
  1.7886250E+04 -3.637E+00 -3.680E+00 -1.872E+00
  1.7886750E+04 -3.648E+00 -3.653E+00 -1.713E+00
  1.7887250E+04 -3.730E+00 -3.959E+00 -2.391E+00
  1.7887750E+04 -3.522E+00 -3.714E+00 -2.400E+00
  1.7888250E+04 -4.126E+00 -4.269E+00 -2.232E+00
  1.7888750E+04 -4.157E+00 -4.356E+00 -2.364E+00
  1.7889250E+04 -4.096E+00 -4.160E+00 -2.151E+00
  1.7889750E+04 -4.202E+00 -4.308E+00 -2.108E+00
  1.7890250E+04 -3.368E+00 -3.470E+00 -1.603E+00
  1.7890750E+04 -3.980E+00 -3.893E+00 -9.677E-01
  1.7891250E+04 -3.807E+00 -3.767E+00 -1.394E+00
  1.7891750E+04 -3.491E+00 -3.536E+00 -1.741E+00
  1.7892250E+04 -3.916E+00 -3.922E+00 -1.563E+00
  1.7892750E+04 -3.696E+00 -3.951E+00 -2.857E+00
  1.7893250E+04 -3.255E+00 -3.388E+00 -2.143E+00
  1.7893750E+04 -3.372E+00 -3.448E+00 -1.580E+00
  1.7894250E+04 -3.284E+00 -3.344E+00 -1.789E+00
  1.7894750E+04 -3.633E+00 -3.803E+00 -2.211E+00
  1.7895250E+04 -3.836E+00 -3.975E+00 -2.312E+00
  1.7895750E+04 -4.260E+00 -4.267E+00 -1.696E+00
  1.7896250E+04 -3.789E+00 -3.842E+00 -2.031E+00
  1.7896750E+04 -4.182E+00 -4.097E+00 -1.206E+00
  1.7897250E+04 -3.166E+00 -3.179E+00 -1.278E+00
  1.7897750E+04 -3.037E+00 -3.217E+00 -1.960E+00
  1.7898250E+04 -3.888E+00 -4.210E+00 -2.898E+00
  1.7898750E+04 -3.805E+00 -3.940E+00 -2.234E+00
  1.7899250E+04 -3.235E+00 -3.142E+00 -9.403E-01
  1.7899750E+04 -3.550E+00 -3.641E+00 -1.867E+00
  1.7900250E+04 -3.143E+00 -3.352E+00 -2.260E+00
  1.7900750E+04 -3.591E+00 -3.615E+00 -1.730E+00
  1.7901250E+04 -3.638E+00 -3.614E+00 -1.609E+00
  1.7901750E+04 -4.126E+00 -4.183E+00 -2.013E+00
  1.7902250E+04 -3.368E+00 -3.389E+00 -1.849E+00
  1.7902750E+04 -3.377E+00 -3.394E+00 -1.538E+00
  1.7903250E+04 -3.177E+00 -3.390E+00 -2.073E+00
  1.7903750E+04 -4.022E+00 -3.937E+00 -1.508E+00
  1.7904250E+04 -3.134E+00 -3.264E+00 -2.041E+00
  1.7904750E+04 -3.110E+00 -3.350E+00 -2.175E+00
  1.7905250E+04 -3.257E+00 -3.307E+00 -1.228E+00
  1.7905750E+04 -3.676E+00 -3.599E+00 -1.324E+00
  1.7906250E+04 -2.751E+00 -3.083E+00 -2.811E+00
  1.7906750E+04 -3.906E+00 -4.063E+00 -1.966E+00
  1.7907250E+04 -4.084E+00 -4.183E+00 -2.014E+00
  1.7907750E+04 -3.859E+00 -3.982E+00 -1.860E+00
  1.7908250E+04 -3.705E+00 -3.893E+00 -2.211E+00
  1.7908750E+04 -3.224E+00 -3.320E+00 -2.001E+00
  1.7909250E+04 -3.418E+00 -3.478E+00 -2.084E+00
  1.7909750E+04 -3.547E+00 -3.375E+00 -7.197E-01
  1.7910250E+04 -3.724E+00 -3.776E+00 -1.832E+00
  1.7910750E+04 -3.437E+00 -3.190E+00 -5.578E-01
  1.7911250E+04 -3.039E+00 -3.313E+00 -2.576E+00
  1.7911750E+04 -3.057E+00 -3.085E+00 -1.480E+00
  1.7912250E+04 -3.779E+00 -3.716E+00 -1.333E+00
  1.7912750E+04 -3.483E+00 -3.553E+00 -2.012E+00
  1.7913250E+04 -3.845E+00 -3.998E+00 -2.252E+00
  1.7913750E+04 -3.160E+00 -3.341E+00 -2.026E+00
  1.7914250E+04 -3.378E+00 -3.647E+00 -2.254E+00
  1.7914750E+04 -3.975E+00 -3.920E+00 -1.050E+00
  1.7915250E+04 -3.063E+00 -3.040E+00 -1.134E+00
  1.7915750E+04 -3.482E+00 -3.434E+00 -1.254E+00
  1.7916250E+04 -3.477E+00 -3.692E+00 -2.282E+00
  1.7916750E+04 -3.671E+00 -3.920E+00 -2.837E+00
  1.7917250E+04 -3.308E+00 -3.393E+00 -1.854E+00
  1.7917750E+04 -3.077E+00 -3.069E+00 -1.410E+00
  1.7918250E+04 -3.202E+00 -3.371E+00 -1.902E+00
  1.7918750E+04 -2.963E+00 -3.212E+00 -2.219E+00
  1.7919250E+04 -3.427E+00 -3.477E+00 -1.654E+00
  1.7919750E+04 -3.032E+00 -3.235E+00 -2.475E+00
  1.7920250E+04 -3.861E+00 -3.960E+00 -1.718E+00
  1.7920750E+04 -2.715E+00 -2.916E+00 -1.857E+00
  1.7921250E+04 -2.808E+00 -2.832E+00 -1.259E+00
  1.7921750E+04 -3.266E+00 -3.276E+00 -1.550E+00
  1.7922250E+04 -3.083E+00 -3.087E+00 -1.341E+00
  1.7922750E+04 -3.553E+00 -3.590E+00 -2.001E+00
  1.7923250E+04 -3.101E+00 -3.389E+00 -2.539E+00
  1.7923750E+04 -2.771E+00 -2.792E+00 -1.278E+00
  1.7924250E+04 -3.277E+00 -3.259E+00 -1.294E+00
  1.7924750E+04 -3.289E+00 -3.293E+00 -1.397E+00
  1.7925250E+04 -3.427E+00 -3.354E+00 -9.197E-01
  1.7925750E+04 -2.985E+00 -2.953E+00 -1.259E+00
  1.7926250E+04 -3.189E+00 -3.218E+00 -1.516E+00
  1.7926750E+04 -3.636E+00 -3.781E+00 -2.022E+00
  1.7927250E+04 -3.175E+00 -3.252E+00 -1.670E+00
  1.7927750E+04 -2.920E+00 -2.917E+00 -1.573E+00
  1.7928250E+04 -3.462E+00 -3.569E+00 -1.767E+00
  1.7928750E+04 -3.778E+00 -3.911E+00 -2.340E+00
  1.7929250E+04 -4.308E+00 -4.160E+00 -1.119E+00
  1.7929750E+04 -2.499E+00 -2.633E+00 -1.768E+00
  1.7930250E+04 -2.937E+00 -3.027E+00 -1.590E+00
  1.7930750E+04 -3.082E+00 -3.254E+00 -1.980E+00
  1.7931250E+04 -3.017E+00 -3.213E+00 -1.962E+00
  1.7931750E+04 -3.146E+00 -3.292E+00 -1.922E+00
  1.7932250E+04 -3.395E+00 -3.326E+00 -1.225E+00
  1.7932750E+04 -3.015E+00 -2.882E+00 -7.743E-01
  1.7933250E+04 -3.064E+00 -3.095E+00 -1.277E+00
  1.7933750E+04 -2.623E+00 -2.555E+00 -9.720E-01
  1.7934250E+04 -2.954E+00 -3.075E+00 -1.711E+00
  1.7934750E+04 -3.306E+00 -3.474E+00 -2.060E+00
  1.7935250E+04 -3.678E+00 -3.751E+00 -1.891E+00
  1.7935750E+04 -3.296E+00 -3.194E+00 -9.883E-01
  1.7936250E+04 -3.678E+00 -3.701E+00 -1.608E+00
  1.7936750E+04 -3.183E+00 -3.161E+00 -1.462E+00
  1.7937250E+04 -3.045E+00 -3.057E+00 -1.612E+00
  1.7937750E+04 -2.176E+00 -2.516E+00 -2.176E+00
  1.7938250E+04 -2.531E+00 -2.876E+00 -2.389E+00
  1.7938750E+04 -3.384E+00 -3.252E+00 -9.902E-01
  1.7939250E+04 -2.505E+00 -2.604E+00 -1.479E+00
  1.7939750E+04 -2.637E+00 -2.627E+00 -9.566E-01
  1.7940250E+04 -2.789E+00 -2.949E+00 -1.924E+00
  1.7940750E+04 -2.820E+00 -2.859E+00 -8.704E-01
  1.7941250E+04 -3.166E+00 -3.091E+00 -8.780E-01
  1.7941750E+04 -3.549E+00 -3.587E+00 -1.601E+00
  1.7942250E+04 -3.154E+00 -3.461E+00 -2.373E+00
  1.7942750E+04 -2.377E+00 -2.585E+00 -1.971E+00
  1.7943250E+04 -2.499E+00 -2.627E+00 -1.715E+00
  1.7943750E+04 -3.042E+00 -2.998E+00 -8.542E-01
  1.7944250E+04 -2.921E+00 -2.880E+00 -1.362E+00
  1.7944750E+04 -2.628E+00 -2.757E+00 -1.555E+00
  1.7945250E+04 -3.385E+00 -3.531E+00 -2.026E+00
  1.7945750E+04 -3.264E+00 -3.263E+00 -1.384E+00
  1.7946250E+04 -2.802E+00 -2.858E+00 -1.509E+00
  1.7946750E+04 -3.196E+00 -3.131E+00 -1.175E+00
  1.7947250E+04 -2.807E+00 -2.968E+00 -1.798E+00
  1.7947750E+04 -2.626E+00 -2.405E+00 -1.085E-01
  1.7948250E+04 -2.240E+00 -2.308E+00 -1.269E+00
  1.7948750E+04 -4.225E+00 -4.112E+00 -1.175E+00
  1.7949250E+04 -2.917E+00 -2.968E+00 -1.747E+00
  1.7949750E+04 -2.396E+00 -2.664E+00 -2.136E+00
  1.7950250E+04 -2.939E+00 -3.098E+00 -1.819E+00
  1.7950750E+04 -2.713E+00 -2.835E+00 -1.722E+00
  1.7951250E+04 -2.699E+00 -2.968E+00 -2.137E+00
  1.7951750E+04 -2.884E+00 -2.803E+00 -8.048E-01
  1.7952250E+04 -3.283E+00 -3.341E+00 -1.621E+00
  1.7952750E+04 -2.397E+00 -2.551E+00 -1.628E+00
  1.7953250E+04 -2.355E+00 -2.428E+00 -1.160E+00
  1.7953750E+04 -2.414E+00 -2.400E+00 -1.107E+00
  1.7954250E+04 -2.714E+00 -2.853E+00 -1.725E+00
  1.7954750E+04 -2.932E+00 -2.862E+00 -1.084E+00
  1.7955250E+04 -2.616E+00 -2.895E+00 -2.251E+00
  1.7955750E+04 -2.901E+00 -3.180E+00 -2.341E+00
  1.7956250E+04 -2.787E+00 -2.952E+00 -1.903E+00
  1.7956750E+04 -2.330E+00 -2.203E+00 -5.235E-01
  1.7957250E+04 -2.758E+00 -2.863E+00 -1.511E+00
  1.7957750E+04 -2.760E+00 -2.862E+00 -1.615E+00
  1.7958250E+04 -2.810E+00 -2.931E+00 -1.474E+00
  1.7958750E+04 -2.389E+00 -2.351E+00 -1.282E+00
  1.7959250E+04 -3.631E+00 -3.584E+00 -1.222E+00
  1.7959750E+04 -3.284E+00 -3.359E+00 -1.581E+00
  1.7960250E+04 -3.310E+00 -3.302E+00 -1.383E+00
  1.7960750E+04 -2.990E+00 -3.037E+00 -1.501E+00
  1.7961250E+04 -2.368E+00 -2.550E+00 -2.020E+00
  1.7961750E+04 -2.609E+00 -2.584E+00 -5.616E-01
  1.7962250E+04 -2.611E+00 -2.493E+00 -5.001E-01
  1.7962750E+04 -2.644E+00 -2.611E+00 -9.223E-01
  1.7963250E+04 -3.095E+00 -3.324E+00 -2.158E+00
  1.7963750E+04 -2.300E+00 -2.584E+00 -2.255E+00
  1.7964250E+04 -2.503E+00 -2.404E+00 -6.316E-01
  1.7964750E+04 -2.552E+00 -2.631E+00 -1.264E+00
  1.7965250E+04 -2.981E+00 -2.967E+00 -1.194E+00
  1.7965750E+04 -1.821E+00 -2.110E+00 -1.799E+00
  1.7966250E+04 -2.604E+00 -2.530E+00 -7.619E-01
  1.7966750E+04 -2.818E+00 -2.842E+00 -1.310E+00
  1.7967250E+04 -2.899E+00 -3.004E+00 -1.646E+00
  1.7967750E+04 -2.022E+00 -2.229E+00 -1.764E+00
  1.7968250E+04 -3.323E+00 -3.475E+00 -2.083E+00
  1.7968750E+04 -2.718E+00 -2.873E+00 -1.847E+00
  1.7969250E+04 -2.555E+00 -2.509E+00 -9.126E-01
  1.7969750E+04 -2.371E+00 -2.479E+00 -1.644E+00
  1.7970250E+04 -2.314E+00 -2.266E+00 -7.594E-01
  1.7970750E+04 -2.769E+00 -2.686E+00 -7.709E-01
  1.7971250E+04 -2.551E+00 -2.560E+00 -9.658E-01
  1.7971750E+04 -3.113E+00 -3.141E+00 -1.337E+00
  1.7972250E+04 -1.725E+00 -1.929E+00 -1.971E+00
  1.7972750E+04 -2.996E+00 -3.165E+00 -1.926E+00
  1.7973250E+04 -1.948E+00 -2.180E+00 -2.089E+00
  1.7973750E+04 -2.436E+00 -2.550E+00 -1.519E+00
  1.7974250E+04 -2.797E+00 -2.842E+00 -1.499E+00
  1.7974750E+04 -2.826E+00 -3.000E+00 -1.781E+00
  1.7975250E+04 -2.124E+00 -2.048E+00 -6.690E-01
  1.7975750E+04 -2.406E+00 -2.449E+00 -1.398E+00
  1.7976250E+04 -2.363E+00 -2.454E+00 -1.528E+00
  1.7976750E+04 -3.020E+00 -3.207E+00 -1.715E+00
  1.7977250E+04 -2.916E+00 -2.881E+00 -8.632E-01
  1.7977750E+04 -2.873E+00 -2.818E+00 -9.450E-01
  1.7978250E+04 -2.822E+00 -2.749E+00 -6.898E-01
  1.7978750E+04 -2.568E+00 -2.586E+00 -1.172E+00
  1.7979250E+04 -2.456E+00 -2.499E+00 -1.398E+00
  1.7979750E+04 -2.117E+00 -2.223E+00 -1.271E+00
  1.7980250E+04 -2.469E+00 -2.593E+00 -1.589E+00
  1.7980750E+04 -2.397E+00 -2.588E+00 -2.014E+00
  1.7981250E+04 -2.532E+00 -2.555E+00 -1.286E+00
  1.7981750E+04 -2.533E+00 -2.574E+00 -1.120E+00
  1.7982250E+04 -2.502E+00 -2.503E+00 -1.011E+00
  1.7982750E+04 -2.750E+00 -2.743E+00 -1.119E+00
  1.7983250E+04 -3.402E+00 -3.371E+00 -1.331E+00
  1.7983750E+04 -2.449E+00 -2.615E+00 -1.688E+00
  1.7984250E+04 -3.064E+00 -3.084E+00 -1.473E+00
  1.7984750E+04 -2.685E+00 -2.589E+00 -8.091E-01
  1.7985250E+04 -2.428E+00 -2.465E+00 -1.268E+00
  1.7985750E+04 -2.222E+00 -2.321E+00 -1.420E+00
  1.7986250E+04 -2.323E+00 -2.400E+00 -1.449E+00
  1.7986750E+04 -2.579E+00 -2.666E+00 -1.518E+00
  1.7987250E+04 -2.865E+00 -2.910E+00 -9.443E-01
  1.7987750E+04 -2.232E+00 -2.187E+00 -4.197E-01
  1.7988250E+04 -2.286E+00 -2.396E+00 -1.710E+00
  1.7988750E+04 -2.379E+00 -2.574E+00 -1.815E+00
  1.7989250E+04 -2.423E+00 -2.570E+00 -1.574E+00
  1.7989750E+04 -2.328E+00 -2.511E+00 -1.625E+00
  1.7990250E+04 -2.329E+00 -2.445E+00 -1.193E+00
  1.7990750E+04 -2.538E+00 -2.598E+00 -1.367E+00
  1.7991250E+04 -2.064E+00 -2.197E+00 -1.558E+00
  1.7991750E+04 -2.874E+00 -2.803E+00 -9.154E-01
  1.7992250E+04 -2.697E+00 -2.839E+00 -1.962E+00
  1.7992750E+04 -2.689E+00 -2.567E+00 -6.137E-01
  1.7993250E+04 -2.198E+00 -2.305E+00 -1.371E+00
  1.7993750E+04 -1.849E+00 -1.990E+00 -1.537E+00
  1.7994250E+04 -1.885E+00 -2.006E+00 -1.590E+00
  1.7994750E+04 -3.050E+00 -2.993E+00 -9.695E-01
  1.7995250E+04 -2.343E+00 -2.262E+00 -3.557E-01
  1.7995750E+04 -2.375E+00 -2.262E+00 -5.825E-01
  1.7996250E+04 -2.706E+00 -2.762E+00 -1.329E+00
  1.7996750E+04 -2.383E+00 -2.449E+00 -1.130E+00
  1.7997250E+04 -2.464E+00 -2.570E+00 -1.684E+00
  1.7997750E+04 -2.783E+00 -2.720E+00 -8.329E-01
  1.7998250E+04 -2.141E+00 -2.142E+00 -9.095E-01
  1.7998750E+04 -1.764E+00 -1.929E+00 -1.231E+00
  1.7999250E+04 -2.232E+00 -2.315E+00 -1.041E+00
  1.7999750E+04 -1.851E+00 -2.066E+00 -1.853E+00
  1.8000250E+04 -1.706E+00 -1.956E+00 -1.979E+00
  1.8000750E+04 -2.382E+00 -2.387E+00 -1.158E+00
  1.8001250E+04 -2.285E+00 -2.321E+00 -1.034E+00
  1.8001750E+04 -2.461E+00 -2.468E+00 -1.112E+00
  1.8002250E+04 -2.595E+00 -2.588E+00 -1.135E+00
  1.8002750E+04 -1.696E+00 -1.900E+00 -1.692E+00
  1.8003250E+04 -2.549E+00 -2.604E+00 -1.053E+00
  1.8003750E+04 -2.100E+00 -2.060E+00 -6.819E-01
  1.8004250E+04 -2.218E+00 -2.069E+00 -4.695E-01
  1.8004750E+04 -2.211E+00 -2.213E+00 -1.201E+00
  1.8005250E+04 -1.964E+00 -2.021E+00 -1.140E+00
  1.8005750E+04 -2.200E+00 -2.275E+00 -8.866E-01
  1.8006250E+04 -2.013E+00 -1.961E+00 -4.588E-01
  1.8006750E+04 -2.277E+00 -2.418E+00 -1.614E+00
  1.8007250E+04 -2.902E+00 -2.955E+00 -1.200E+00
  1.8007750E+04 -1.987E+00 -2.247E+00 -2.211E+00
  1.8008250E+04 -2.211E+00 -2.431E+00 -1.844E+00
  1.8008750E+04 -2.564E+00 -2.692E+00 -1.020E+00
  1.8009250E+04 -1.993E+00 -2.005E+00 -1.393E+00
  1.8009750E+04 -2.139E+00 -2.024E+00 -3.353E-01
  1.8010250E+04 -2.133E+00 -2.197E+00 -1.241E+00
  1.8010750E+04 -2.112E+00 -2.221E+00 -1.408E+00
  1.8011250E+04 -1.739E+00 -1.980E+00 -1.694E+00
  1.8011750E+04 -2.249E+00 -2.360E+00 -1.431E+00
  1.8012250E+04 -2.218E+00 -2.116E+00 -5.385E-01
  1.8012750E+04 -2.219E+00 -2.237E+00 -8.402E-01
  1.8013250E+04 -2.401E+00 -2.537E+00 -1.521E+00
  1.8013750E+04 -2.865E+00 -2.915E+00 -1.224E+00
  1.8014250E+04 -1.976E+00 -2.063E+00 -1.127E+00
  1.8014750E+04 -1.852E+00 -1.848E+00 -7.864E-01
  1.8015250E+04 -2.285E+00 -2.254E+00 -7.899E-01
  1.8015750E+04 -2.457E+00 -2.409E+00 -8.554E-01
  1.8016250E+04 -2.528E+00 -2.389E+00 -4.118E-01
  1.8016750E+04 -1.728E+00 -1.740E+00 -8.491E-01
  1.8017250E+04 -2.022E+00 -2.201E+00 -1.395E+00
  1.8017750E+04 -1.764E+00 -1.931E+00 -1.805E+00
  1.8018250E+04 -1.730E+00 -1.782E+00 -1.236E+00
  1.8018750E+04 -2.263E+00 -2.241E+00 -8.365E-01
  1.8019250E+04 -2.001E+00 -2.014E+00 -9.987E-01
  1.8019750E+04 -2.261E+00 -2.167E+00 -3.266E-01
  1.8020250E+04 -2.810E+00 -2.941E+00 -1.247E+00
  1.8020750E+04 -2.062E+00 -2.233E+00 -1.654E+00
  1.8021250E+04 -2.008E+00 -2.100E+00 -1.207E+00
  1.8021750E+04 -2.330E+00 -2.295E+00 -6.705E-01
  1.8022250E+04 -2.047E+00 -2.068E+00 -7.059E-01
  1.8022750E+04 -1.929E+00 -2.017E+00 -1.211E+00
  1.8023250E+04 -2.234E+00 -2.325E+00 -1.558E+00
  1.8023750E+04 -1.711E+00 -1.747E+00 -1.092E+00
  1.8024250E+04 -2.063E+00 -2.256E+00 -1.544E+00
  1.8024750E+04 -1.853E+00 -1.931E+00 -1.024E+00
  1.8025250E+04 -2.823E+00 -2.895E+00 -1.331E+00
  1.8025750E+04 -1.895E+00 -1.937E+00 -9.422E-01
  1.8026250E+04 -1.754E+00 -1.857E+00 -1.353E+00
  1.8026750E+04 -1.633E+00 -1.794E+00 -1.414E+00
  1.8027250E+04 -2.269E+00 -2.326E+00 -1.167E+00
  1.8027750E+04 -1.874E+00 -1.964E+00 -1.188E+00
  1.8028250E+04 -1.634E+00 -1.765E+00 -1.362E+00
  1.8028750E+04 -2.341E+00 -2.279E+00 -9.535E-01
  1.8029250E+04 -2.108E+00 -2.275E+00 -1.530E+00
  1.8029750E+04 -1.461E+00 -1.565E+00 -1.203E+00
  1.8030250E+04 -1.907E+00 -1.918E+00 -9.965E-01
  1.8030750E+04 -2.008E+00 -2.007E+00 -7.565E-01
  1.8031250E+04 -2.533E+00 -2.632E+00 -1.310E+00
  1.8031750E+04 -2.421E+00 -2.499E+00 -1.254E+00
  1.8032250E+04 -1.985E+00 -2.003E+00 -9.522E-01
  1.8032750E+04 -1.860E+00 -1.835E+00 -7.832E-01
  1.8033250E+04 -1.991E+00 -1.973E+00 -7.913E-01
  1.8033750E+04 -2.173E+00 -2.260E+00 -1.063E+00
  1.8034250E+04 -2.488E+00 -2.511E+00 -9.176E-01
  1.8034750E+04 -2.793E+00 -2.846E+00 -1.301E+00
  1.8035250E+04 -1.850E+00 -1.999E+00 -1.519E+00
  1.8035750E+04 -2.006E+00 -2.107E+00 -1.325E+00
  1.8036250E+04 -1.325E+00 -1.384E+00 -9.828E-01
  1.8036750E+04 -1.626E+00 -1.556E+00 -5.551E-01
  1.8037250E+04 -2.658E+00 -2.567E+00 -7.698E-01
  1.8037750E+04 -1.735E+00 -1.775E+00 -7.944E-01
  1.8038250E+04 -1.878E+00 -1.789E+00 -4.365E-01
  1.8038750E+04 -2.350E+00 -2.437E+00 -1.270E+00
  1.8039250E+04 -1.620E+00 -1.583E+00 -7.028E-01
  1.8039750E+04 -1.574E+00 -1.662E+00 -1.095E+00
  1.8040250E+04 -2.127E+00 -2.173E+00 -1.187E+00
  1.8040750E+04 -2.326E+00 -2.426E+00 -1.411E+00
  1.8041250E+04 -2.169E+00 -2.100E+00 -8.091E-01
  1.8041750E+04 -2.078E+00 -2.273E+00 -1.729E+00
  1.8042250E+04 -1.154E+00 -1.464E+00 -1.859E+00
  1.8042750E+04 -1.583E+00 -1.588E+00 -5.388E-01
  1.8043250E+04 -2.137E+00 -2.187E+00 -1.020E+00
  1.8043750E+04 -2.249E+00 -2.231E+00 -4.838E-01
  1.8044250E+04 -1.816E+00 -1.880E+00 -8.034E-01
  1.8044750E+04 -1.578E+00 -1.453E+00 -7.491E-01
  1.8045250E+04 -2.284E+00 -2.236E+00 -7.931E-01
  1.8045750E+04 -1.706E+00 -1.710E+00 -7.583E-01
  1.8046250E+04 -2.055E+00 -2.030E+00 -6.521E-01
  1.8046750E+04 -1.423E+00 -1.449E+00 -9.200E-01
  1.8047250E+04 -1.976E+00 -2.157E+00 -1.374E+00
  1.8047750E+04 -1.907E+00 -1.938E+00 -7.901E-01
  1.8048250E+04 -2.478E+00 -2.490E+00 -7.941E-01
  1.8048750E+04 -1.634E+00 -1.819E+00 -1.458E+00
  1.8049250E+04 -1.899E+00 -1.912E+00 -8.800E-01
  1.8049750E+04 -1.230E+00 -1.362E+00 -1.056E+00
  1.8050250E+04 -1.606E+00 -1.632E+00 -1.135E+00
  1.8050750E+04 -1.843E+00 -1.858E+00 -7.301E-01
  1.8051250E+04 -2.049E+00 -1.999E+00 -5.730E-01
  1.8051750E+04 -1.962E+00 -2.129E+00 -1.504E+00
  1.8052250E+04 -2.211E+00 -2.219E+00 -8.663E-01
  1.8052750E+04 -1.839E+00 -1.793E+00 -5.835E-01
  1.8053250E+04 -1.891E+00 -1.899E+00 -7.788E-01
  1.8053750E+04 -2.166E+00 -2.195E+00 -8.943E-01
  1.8054250E+04 -1.705E+00 -2.057E+00 -2.196E+00
  1.8054750E+04 -1.911E+00 -2.009E+00 -1.241E+00
  1.8055250E+04 -1.719E+00 -1.570E+00  1.393E-02
  1.8055750E+04 -2.092E+00 -2.139E+00 -1.272E+00
  1.8056250E+04 -2.046E+00 -2.031E+00 -9.228E-01
  1.8056750E+04 -2.093E+00 -2.016E+00 -6.727E-01
  1.8057250E+04 -1.705E+00 -1.818E+00 -1.236E+00
  1.8057750E+04 -2.114E+00 -2.291E+00 -1.513E+00
  1.8058250E+04 -1.634E+00 -1.773E+00 -1.236E+00
  1.8058750E+04 -1.918E+00 -1.936E+00 -8.387E-01
  1.8059250E+04 -1.701E+00 -1.795E+00 -1.189E+00
  1.8059750E+04 -2.119E+00 -2.051E+00 -5.848E-01
  1.8060250E+04 -1.821E+00 -1.911E+00 -1.026E+00
  1.8060750E+04 -1.502E+00 -1.705E+00 -1.413E+00
  1.8061250E+04 -1.301E+00 -1.376E+00 -9.212E-01
  1.8061750E+04 -1.810E+00 -1.745E+00 -3.812E-01
  1.8062250E+04 -2.079E+00 -2.105E+00 -8.706E-01
  1.8062750E+04 -1.726E+00 -1.667E+00 -4.182E-01
  1.8063250E+04 -1.379E+00 -1.552E+00 -1.505E+00
  1.8063750E+04 -1.824E+00 -1.862E+00 -8.563E-01
  1.8064250E+04 -2.150E+00 -2.138E+00 -7.679E-01
  1.8064750E+04 -1.417E+00 -1.537E+00 -1.189E+00
  1.8065250E+04 -1.955E+00 -1.871E+00 -6.657E-01
  1.8065750E+04 -1.809E+00 -1.823E+00 -7.862E-01
  1.8066250E+04 -1.409E+00 -1.399E+00 -4.203E-01
  1.8066750E+04 -1.435E+00 -1.349E+00 -4.884E-01
  1.8067250E+04 -1.582E+00 -1.639E+00 -8.324E-01
  1.8067750E+04 -1.935E+00 -1.891E+00 -5.856E-01
  1.8068250E+04 -1.765E+00 -1.877E+00 -1.502E+00
  1.8068750E+04 -1.894E+00 -2.001E+00 -1.228E+00
  1.8069250E+04 -1.720E+00 -1.775E+00 -7.698E-01
  1.8069750E+04 -2.036E+00 -2.129E+00 -1.174E+00
  1.8070250E+04 -1.614E+00 -1.614E+00 -6.341E-01
  1.8070750E+04 -2.022E+00 -1.904E+00 -3.287E-01
  1.8071250E+04 -1.799E+00 -1.797E+00 -5.988E-01
  1.8071750E+04 -1.361E+00 -1.599E+00 -1.749E+00
  1.8072250E+04 -1.572E+00 -1.654E+00 -1.098E+00
  1.8072750E+04 -1.367E+00 -1.329E+00 -5.311E-01
  1.8073250E+04 -1.751E+00 -1.742E+00 -5.842E-01
  1.8073750E+04 -2.081E+00 -2.096E+00 -9.394E-01
  1.8074250E+04 -2.006E+00 -1.970E+00 -6.557E-01
  1.8074750E+04 -1.539E+00 -1.827E+00 -1.852E+00
  1.8075250E+04 -1.466E+00 -1.680E+00 -1.589E+00
  1.8075750E+04 -1.658E+00 -1.803E+00 -1.473E+00
  1.8076250E+04 -1.620E+00 -1.683E+00 -8.114E-01
  1.8076750E+04 -1.710E+00 -1.739E+00 -9.254E-01
  1.8077250E+04 -1.514E+00 -1.502E+00 -5.629E-01
  1.8077750E+04 -1.724E+00 -1.570E+00 -7.388E-02
  1.8078250E+04 -1.608E+00 -1.709E+00 -1.048E+00
  1.8078750E+04 -2.210E+00 -2.029E+00 -5.583E-02
  1.8079250E+04 -1.435E+00 -1.466E+00 -7.358E-01
  1.8079750E+04 -1.473E+00 -1.461E+00 -6.147E-01
  1.8080250E+04 -1.709E+00 -1.796E+00 -1.235E+00
  1.8080750E+04 -1.464E+00 -1.524E+00 -7.888E-01
  1.8081250E+04 -1.214E+00 -1.428E+00 -1.446E+00
  1.8081750E+04 -1.318E+00 -1.345E+00 -6.297E-01
  1.8082250E+04 -1.781E+00 -1.852E+00 -1.077E+00
  1.8082750E+04 -1.610E+00 -1.729E+00 -1.119E+00
  1.8083250E+04 -1.899E+00 -1.963E+00 -9.835E-01
  1.8083750E+04 -1.655E+00 -1.720E+00 -1.028E+00
  1.8084250E+04 -1.312E+00 -1.346E+00 -8.146E-01
  1.8084750E+04 -1.178E+00 -1.253E+00 -9.758E-01
  1.8085250E+04 -1.571E+00 -1.563E+00 -7.255E-01
  1.8085750E+04 -1.605E+00 -1.755E+00 -1.284E+00
  1.8086250E+04 -1.978E+00 -1.946E+00 -7.978E-01
  1.8086750E+04 -2.029E+00 -2.140E+00 -1.233E+00
  1.8087250E+04 -1.543E+00 -1.485E+00 -5.181E-01
  1.8087750E+04 -1.299E+00 -1.335E+00 -5.739E-01
  1.8088250E+04 -1.593E+00 -1.618E+00 -8.708E-01
  1.8088750E+04 -1.377E+00 -1.509E+00 -1.400E+00
  1.8089250E+04 -1.523E+00 -1.582E+00 -7.145E-01
  1.8089750E+04 -1.607E+00 -1.708E+00 -1.023E+00
  1.8090250E+04 -2.253E+00 -2.310E+00 -1.199E+00
  1.8090750E+04 -1.536E+00 -1.491E+00 -4.377E-01
  1.8091250E+04 -1.350E+00 -1.271E+00 -3.919E-02
  1.8091750E+04 -1.724E+00 -1.844E+00 -1.175E+00
  1.8092250E+04 -1.688E+00 -1.837E+00 -1.247E+00
  1.8092750E+04 -1.580E+00 -1.571E+00 -9.989E-01
  1.8093250E+04 -1.571E+00 -1.449E+00 -3.661E-01
  1.8093750E+04 -1.527E+00 -1.576E+00 -5.310E-01
  1.8094250E+04 -1.735E+00 -1.822E+00 -1.043E+00
  1.8094750E+04 -1.956E+00 -2.085E+00 -1.352E+00
  1.8095250E+04 -1.207E+00 -1.336E+00 -9.705E-01
  1.8095750E+04 -1.460E+00 -1.551E+00 -1.039E+00
  1.8096250E+04 -2.443E+00 -2.366E+00 -5.217E-01
  1.8096750E+04 -2.033E+00 -1.917E+00 -8.753E-02
  1.8097250E+04 -2.133E+00 -2.137E+00 -8.167E-01
  1.8097750E+04 -1.845E+00 -1.920E+00 -8.791E-01
  1.8098250E+04 -1.607E+00 -1.648E+00 -9.757E-01
  1.8098750E+04 -1.137E+00 -1.296E+00 -1.098E+00
  1.8099250E+04 -1.765E+00 -1.668E+00 -3.304E-01
  1.8099750E+04 -1.699E+00 -1.742E+00 -9.937E-01
  1.8100250E+04 -1.328E+00 -1.343E+00 -7.059E-01
  1.8100750E+04 -8.283E-01 -1.077E+00 -1.602E+00
  1.8101250E+04 -1.466E+00 -1.554E+00 -8.136E-01
  1.8101750E+04 -1.325E+00 -1.506E+00 -1.239E+00
  1.8102250E+04 -1.694E+00 -1.749E+00 -1.135E+00
  1.8102750E+04 -1.057E+00 -1.182E+00 -7.304E-01
  1.8103250E+04 -1.378E+00 -1.508E+00 -1.037E+00
  1.8103750E+04 -1.650E+00 -1.616E+00 -6.400E-01
  1.8104250E+04 -1.738E+00 -1.813E+00 -9.783E-01
  1.8104750E+04 -2.168E+00 -2.020E+00  1.218E-02
  1.8105250E+04 -1.378E+00 -1.519E+00 -1.173E+00
  1.8105750E+04 -1.454E+00 -1.547E+00 -1.121E+00
  1.8106250E+04 -1.387E+00 -1.280E+00 -1.311E-01
  1.8106750E+04 -1.677E+00 -1.566E+00 -2.574E-01
  1.8107250E+04 -1.367E+00 -1.427E+00 -1.010E+00
  1.8107750E+04 -1.119E+00 -1.200E+00 -9.927E-01
  1.8108250E+04 -1.510E+00 -1.533E+00 -5.066E-01
  1.8108750E+04 -2.054E+00 -2.041E+00 -6.445E-01
  1.8109250E+04 -1.208E+00 -1.366E+00 -1.226E+00
  1.8109750E+04 -1.685E+00 -1.844E+00 -1.175E+00
  1.8110250E+04 -1.383E+00 -1.524E+00 -1.057E+00
  1.8110750E+04 -1.340E+00 -1.333E+00 -9.782E-01
  1.8111250E+04 -2.161E+00 -2.128E+00 -8.984E-01
  1.8111750E+04 -1.232E+00 -1.318E+00 -9.937E-01
  1.8112250E+04 -1.023E+00 -1.089E+00 -6.366E-01
  1.8112750E+04 -1.438E+00 -1.550E+00 -8.203E-01
  1.8113250E+04 -9.048E-01 -1.001E+00 -7.729E-01
  1.8113750E+04 -1.645E+00 -1.542E+00 -1.927E-01
  1.8114250E+04 -1.816E+00 -1.807E+00 -6.194E-01
  1.8114750E+04 -1.701E+00 -1.698E+00 -9.375E-01
  1.8115250E+04 -1.654E+00 -1.594E+00 -4.148E-01
  1.8115750E+04 -1.482E+00 -1.642E+00 -1.335E+00
  1.8116250E+04 -1.315E+00 -1.427E+00 -1.028E+00
  1.8116750E+04 -1.665E+00 -1.587E+00 -4.941E-01
  1.8117250E+04 -1.235E+00 -1.241E+00 -6.767E-01
  1.8117750E+04 -1.591E+00 -1.768E+00 -1.306E+00
  1.8118250E+04 -1.193E+00 -1.395E+00 -1.236E+00
  1.8118750E+04 -1.627E+00 -1.685E+00 -9.539E-01
  1.8119250E+04 -1.436E+00 -1.613E+00 -1.338E+00
  1.8119750E+04 -9.474E-01 -1.006E+00 -7.052E-01
  1.8120250E+04 -1.166E+00 -1.220E+00 -5.546E-01
  1.8120750E+04 -1.864E+00 -1.861E+00 -7.974E-01
  1.8121250E+04 -8.621E-01 -9.229E-01 -8.210E-01
  1.8121750E+04 -1.561E+00 -1.674E+00 -1.054E+00
  1.8122250E+04 -1.416E+00 -1.605E+00 -1.389E+00
  1.8122750E+04 -1.726E+00 -1.849E+00 -1.185E+00
  1.8123250E+04 -1.366E+00 -1.502E+00 -1.036E+00
  1.8123750E+04 -1.011E+00 -9.766E-01 -3.689E-01
  1.8124250E+04 -1.524E+00 -1.481E+00 -4.361E-01
  1.8124750E+04 -1.258E+00 -1.233E+00 -3.590E-01
  1.8125250E+04 -1.333E+00 -1.389E+00 -9.109E-01
  1.8125750E+04 -1.182E+00 -1.318E+00 -1.194E+00
  1.8126250E+04 -1.081E+00 -1.187E+00 -9.059E-01
  1.8126750E+04 -1.517E+00 -1.461E+00 -2.652E-01
  1.8127250E+04 -1.459E+00 -1.454E+00 -1.086E+00
  1.8127750E+04 -1.587E+00 -1.597E+00 -7.040E-01
  1.8128250E+04 -1.295E+00 -1.302E+00 -5.612E-01
  1.8128750E+04 -1.111E+00 -1.189E+00 -6.840E-01
  1.8129250E+04 -1.625E+00 -1.586E+00 -2.915E-01
  1.8129750E+04 -1.283E+00 -1.369E+00 -5.145E-01
  1.8130250E+04 -1.332E+00 -1.430E+00 -1.043E+00
  1.8130750E+04 -1.147E+00 -1.228E+00 -8.502E-01
  1.8131250E+04 -1.901E+00 -1.918E+00 -5.246E-01
  1.8131750E+04 -1.190E+00 -1.272E+00 -1.150E+00
  1.8132250E+04 -1.376E+00 -1.356E+00 -8.641E-01
  1.8132750E+04 -1.353E+00 -1.369E+00 -4.351E-01
  1.8133250E+04 -1.355E+00 -1.326E+00 -7.204E-01
  1.8133750E+04 -1.168E+00 -1.118E+00 -3.490E-01
  1.8134250E+04 -1.465E+00 -1.559E+00 -1.031E+00
  1.8134750E+04 -1.234E+00 -1.337E+00 -9.113E-01
  1.8135250E+04 -1.568E+00 -1.778E+00 -1.279E+00
  1.8135750E+04 -1.259E+00 -1.288E+00 -7.510E-01
  1.8136250E+04 -9.980E-01 -9.079E-01 -2.662E-01
  1.8136750E+04 -1.471E+00 -1.569E+00 -9.047E-01
  1.8137250E+04 -1.691E+00 -1.615E+00 -3.903E-01
  1.8137750E+04 -1.529E+00 -1.516E+00 -4.094E-01
  1.8138250E+04 -9.213E-01 -1.131E+00 -1.005E+00
  1.8138750E+04 -1.133E+00 -1.212E+00 -9.386E-01
  1.8139250E+04 -1.653E+00 -1.533E+00 -4.186E-01
  1.8139750E+04 -1.191E+00 -1.213E+00 -7.891E-01
  1.8140250E+04 -1.743E+00 -1.756E+00 -6.961E-01
  1.8140750E+04 -1.459E+00 -1.467E+00 -5.279E-01
  1.8141250E+04 -1.037E+00 -1.169E+00 -1.062E+00
  1.8141750E+04 -1.477E+00 -1.457E+00 -5.702E-01
  1.8142250E+04 -1.315E+00 -1.303E+00 -4.891E-01
  1.8142750E+04 -1.555E+00 -1.358E+00  8.295E-02
  1.8143250E+04 -1.287E+00 -1.286E+00 -5.173E-01
  1.8143750E+04 -1.106E+00 -1.047E+00 -4.050E-01
  1.8144250E+04 -1.721E+00 -1.863E+00 -8.056E-01
  1.8144750E+04 -1.305E+00 -1.388E+00 -4.615E-01
  1.8145250E+04 -1.307E+00 -1.187E+00 -2.031E-01
  1.8145750E+04 -1.566E+00 -1.505E+00 -5.498E-01
  1.8146250E+04 -1.086E+00 -1.182E+00 -8.274E-01
  1.8146750E+04 -1.044E+00 -1.011E+00 -3.351E-01
  1.8147250E+04 -1.106E+00 -1.048E+00 -4.874E-01
  1.8147750E+04 -1.194E+00 -1.263E+00 -8.716E-01
  1.8148250E+04 -9.590E-01 -1.076E+00 -8.393E-01
  1.8148750E+04 -6.221E-01 -6.733E-01 -1.092E+00
  1.8149250E+04 -1.129E+00 -1.122E+00 -3.984E-01
