  1.3548750E+04 -0.000E+00 -0.000E+00  0.000E+00
  1.3549250E+04 -0.000E+00 -0.000E+00  0.000E+00
  1.3549750E+04 -0.000E+00 -0.000E+00  0.000E+00
  1.3550250E+04 -0.000E+00 -0.000E+00  0.000E+00
  1.3550750E+04 -0.000E+00 -0.000E+00  0.000E+00
  1.3551250E+04 -0.000E+00 -0.000E+00  0.000E+00
  1.3551750E+04 -0.000E+00 -0.000E+00  0.000E+00
  1.3552250E+04 -0.000E+00 -0.000E+00  0.000E+00
  1.3552750E+04 -0.000E+00 -0.000E+00  0.000E+00
  1.3553250E+04 -0.000E+00 -0.000E+00  0.000E+00
  1.3553750E+04 -0.000E+00 -0.000E+00  0.000E+00
  1.3554250E+04 -0.000E+00 -0.000E+00  0.000E+00
  1.3554750E+04 -0.000E+00 -0.000E+00  0.000E+00
  1.3555250E+04 -0.000E+00 -0.000E+00  0.000E+00
  1.3555750E+04 -0.000E+00 -0.000E+00  0.000E+00
  1.3556250E+04 -0.000E+00 -0.000E+00  0.000E+00
  1.3556750E+04 -0.000E+00 -0.000E+00  0.000E+00
  1.3557250E+04 -0.000E+00 -0.000E+00  0.000E+00
  1.3557750E+04 -0.000E+00 -0.000E+00  0.000E+00
  1.3558250E+04 -0.000E+00 -0.000E+00  0.000E+00
  1.3558750E+04 -0.000E+00 -0.000E+00  0.000E+00
  1.3559250E+04 -0.000E+00 -0.000E+00  0.000E+00
  1.3559750E+04 -0.000E+00 -0.000E+00  0.000E+00
  1.3560250E+04 -0.000E+00 -0.000E+00  0.000E+00
  1.3560750E+04 -0.000E+00 -0.000E+00  0.000E+00
  1.3561250E+04 -0.000E+00 -0.000E+00  0.000E+00
  1.3561750E+04 -0.000E+00 -0.000E+00  0.000E+00
  1.3562250E+04 -0.000E+00 -0.000E+00  0.000E+00
  1.3562750E+04 -0.000E+00 -0.000E+00  0.000E+00
  1.3563250E+04 -0.000E+00 -0.000E+00  0.000E+00
  1.3563750E+04 -0.000E+00 -0.000E+00  0.000E+00
  1.3564250E+04 -0.000E+00 -0.000E+00  0.000E+00
  1.3564750E+04 -0.000E+00 -0.000E+00  0.000E+00
  1.3565250E+04 -0.000E+00 -0.000E+00  0.000E+00
  1.3565750E+04 -0.000E+00 -0.000E+00  0.000E+00
  1.3566250E+04 -0.000E+00 -0.000E+00  0.000E+00
  1.3566750E+04 -0.000E+00 -0.000E+00  0.000E+00
  1.3567250E+04 -0.000E+00 -0.000E+00  0.000E+00
  1.3567750E+04 -0.000E+00 -0.000E+00  0.000E+00
  1.3568250E+04 -0.000E+00 -0.000E+00  0.000E+00
  1.3568750E+04 -0.000E+00 -0.000E+00  0.000E+00
  1.3569250E+04 -0.000E+00 -0.000E+00  0.000E+00
  1.3569750E+04 -0.000E+00 -0.000E+00  0.000E+00
  1.3570250E+04 -0.000E+00 -0.000E+00  0.000E+00
  1.3570750E+04 -0.000E+00 -0.000E+00  0.000E+00
  1.3571250E+04 -0.000E+00 -0.000E+00  0.000E+00
  1.3571750E+04 -0.000E+00 -0.000E+00  0.000E+00
  1.3572250E+04 -0.000E+00 -0.000E+00  0.000E+00
  1.3572750E+04 -0.000E+00 -0.000E+00  0.000E+00
  1.3573250E+04 -0.000E+00 -0.000E+00  0.000E+00
  1.3573750E+04 -0.000E+00 -0.000E+00  0.000E+00
  1.3574250E+04 -0.000E+00 -0.000E+00  0.000E+00
  1.3574750E+04 -0.000E+00 -0.000E+00  0.000E+00
  1.3575250E+04 -0.000E+00 -0.000E+00  0.000E+00
  1.3575750E+04 -0.000E+00 -0.000E+00  0.000E+00
  1.3576250E+04 -0.000E+00 -0.000E+00  0.000E+00
  1.3576750E+04 -0.000E+00 -0.000E+00  0.000E+00
  1.3577250E+04 -0.000E+00 -0.000E+00  0.000E+00
  1.3577750E+04 -0.000E+00 -0.000E+00  0.000E+00
  1.3578250E+04 -0.000E+00 -0.000E+00  0.000E+00
  1.3578750E+04 -0.000E+00 -0.000E+00  0.000E+00
  1.3579250E+04 -0.000E+00 -0.000E+00  0.000E+00
  1.3579750E+04 -0.000E+00 -0.000E+00  0.000E+00
  1.3580250E+04 -0.000E+00 -0.000E+00  0.000E+00
  1.3580750E+04 -0.000E+00 -0.000E+00  0.000E+00
  1.3581250E+04 -0.000E+00 -0.000E+00  0.000E+00
  1.3581750E+04 -0.000E+00 -0.000E+00  0.000E+00
  1.3582250E+04 -0.000E+00 -0.000E+00  0.000E+00
  1.3582750E+04 -0.000E+00 -0.000E+00  0.000E+00
  1.3583250E+04 -0.000E+00 -0.000E+00  0.000E+00
  1.3583750E+04 -0.000E+00 -0.000E+00  0.000E+00
  1.3584250E+04 -0.000E+00 -0.000E+00  0.000E+00
  1.3584750E+04 -0.000E+00 -0.000E+00  0.000E+00
  1.3585250E+04 -0.000E+00 -0.000E+00  0.000E+00
  1.3585750E+04 -0.000E+00 -0.000E+00  0.000E+00
  1.3586250E+04 -0.000E+00 -0.000E+00  0.000E+00
  1.3586750E+04 -0.000E+00 -0.000E+00  0.000E+00
  1.3587250E+04 -0.000E+00 -0.000E+00  0.000E+00
  1.3587750E+04 -0.000E+00 -0.000E+00  0.000E+00
  1.3588250E+04 -0.000E+00 -0.000E+00  0.000E+00
  1.3588750E+04 -0.000E+00 -0.000E+00  0.000E+00
  1.3589250E+04 -0.000E+00 -0.000E+00  0.000E+00
  1.3589750E+04 -0.000E+00 -0.000E+00  0.000E+00
  1.3590250E+04 -0.000E+00 -0.000E+00  0.000E+00
  1.3590750E+04 -0.000E+00 -0.000E+00  0.000E+00
  1.3591250E+04 -0.000E+00 -0.000E+00  0.000E+00
  1.3591750E+04 -0.000E+00 -0.000E+00  0.000E+00
  1.3592250E+04 -0.000E+00 -0.000E+00  0.000E+00
  1.3592750E+04 -0.000E+00 -0.000E+00  0.000E+00
  1.3593250E+04 -0.000E+00 -0.000E+00  0.000E+00
  1.3593750E+04 -0.000E+00 -0.000E+00  0.000E+00
  1.3594250E+04 -0.000E+00 -0.000E+00  0.000E+00
  1.3594750E+04 -0.000E+00 -0.000E+00  0.000E+00
  1.3595250E+04 -0.000E+00 -0.000E+00  0.000E+00
  1.3595750E+04 -0.000E+00 -0.000E+00  0.000E+00
  1.3596250E+04 -0.000E+00 -0.000E+00  0.000E+00
  1.3596750E+04 -0.000E+00 -0.000E+00  0.000E+00
  1.3597250E+04 -0.000E+00 -0.000E+00  0.000E+00
  1.3597750E+04 -0.000E+00 -0.000E+00  0.000E+00
  1.3598250E+04 -0.000E+00 -0.000E+00  0.000E+00
  1.3598750E+04 -0.000E+00 -0.000E+00  0.000E+00
  1.3599250E+04 -0.000E+00 -0.000E+00  0.000E+00
  1.3599750E+04 -0.000E+00 -0.000E+00  0.000E+00
  1.3600250E+04 -0.000E+00 -0.000E+00  0.000E+00
  1.3600750E+04 -0.000E+00 -0.000E+00  0.000E+00
  1.3601250E+04 -0.000E+00 -0.000E+00  0.000E+00
  1.3601750E+04 -0.000E+00 -0.000E+00  0.000E+00
  1.3602250E+04 -0.000E+00 -0.000E+00  0.000E+00
  1.3602750E+04 -0.000E+00 -0.000E+00  0.000E+00
  1.3603250E+04 -0.000E+00 -0.000E+00  0.000E+00
  1.3603750E+04 -0.000E+00 -0.000E+00  0.000E+00
  1.3604250E+04 -0.000E+00 -0.000E+00  0.000E+00
  1.3604750E+04 -0.000E+00 -0.000E+00  0.000E+00
  1.3605250E+04 -0.000E+00 -0.000E+00  0.000E+00
  1.3605750E+04 -0.000E+00 -0.000E+00  0.000E+00
  1.3606250E+04 -0.000E+00 -0.000E+00  0.000E+00
  1.3606750E+04 -0.000E+00 -0.000E+00  0.000E+00
  1.3607250E+04 -0.000E+00 -0.000E+00  0.000E+00
  1.3607750E+04 -0.000E+00 -0.000E+00  0.000E+00
  1.3608250E+04 -0.000E+00 -0.000E+00  0.000E+00
  1.3608750E+04 -0.000E+00 -0.000E+00  0.000E+00
  1.3609250E+04 -0.000E+00 -0.000E+00  0.000E+00
  1.3609750E+04 -0.000E+00 -0.000E+00  0.000E+00
  1.3610250E+04 -0.000E+00 -0.000E+00  0.000E+00
  1.3610750E+04 -0.000E+00 -0.000E+00  0.000E+00
  1.3611250E+04 -0.000E+00 -0.000E+00  0.000E+00
  1.3611750E+04 -0.000E+00 -0.000E+00  0.000E+00
  1.3612250E+04 -0.000E+00 -0.000E+00  0.000E+00
  1.3612750E+04 -0.000E+00 -0.000E+00  0.000E+00
  1.3613250E+04 -0.000E+00 -0.000E+00  0.000E+00
  1.3613750E+04 -0.000E+00 -0.000E+00  0.000E+00
  1.3614250E+04 -0.000E+00 -0.000E+00  0.000E+00
  1.3614750E+04 -0.000E+00 -0.000E+00  0.000E+00
  1.3615250E+04 -0.000E+00 -0.000E+00  0.000E+00
  1.3615750E+04 -0.000E+00 -0.000E+00  0.000E+00
  1.3616250E+04 -0.000E+00 -0.000E+00  0.000E+00
  1.3616750E+04 -0.000E+00 -0.000E+00  0.000E+00
  1.3617250E+04 -0.000E+00 -0.000E+00  0.000E+00
  1.3617750E+04 -0.000E+00 -0.000E+00  0.000E+00
  1.3618250E+04 -0.000E+00 -0.000E+00  0.000E+00
  1.3618750E+04 -0.000E+00 -0.000E+00  0.000E+00
  1.3619250E+04 -0.000E+00 -0.000E+00  0.000E+00
  1.3619750E+04 -0.000E+00 -0.000E+00  0.000E+00
  1.3620250E+04 -0.000E+00 -0.000E+00  0.000E+00
  1.3620750E+04 -0.000E+00 -0.000E+00  0.000E+00
  1.3621250E+04 -0.000E+00 -0.000E+00  0.000E+00
  1.3621750E+04 -0.000E+00 -0.000E+00  0.000E+00
  1.3622250E+04 -0.000E+00 -0.000E+00  0.000E+00
  1.3622750E+04 -0.000E+00 -0.000E+00  0.000E+00
  1.3623250E+04 -0.000E+00 -0.000E+00  0.000E+00
  1.3623750E+04 -0.000E+00 -0.000E+00  0.000E+00
  1.3624250E+04 -0.000E+00 -0.000E+00  0.000E+00
  1.3624750E+04 -0.000E+00 -0.000E+00  0.000E+00
  1.3625250E+04 -0.000E+00 -0.000E+00  0.000E+00
  1.3625750E+04 -0.000E+00 -0.000E+00  0.000E+00
  1.3626250E+04 -0.000E+00 -0.000E+00  0.000E+00
  1.3626750E+04 -0.000E+00 -0.000E+00  0.000E+00
  1.3627250E+04 -0.000E+00 -0.000E+00  0.000E+00
  1.3627750E+04 -0.000E+00 -0.000E+00  0.000E+00
  1.3628250E+04 -0.000E+00 -0.000E+00  0.000E+00
  1.3628750E+04 -0.000E+00 -0.000E+00  0.000E+00
  1.3629250E+04 -0.000E+00 -0.000E+00  0.000E+00
  1.3629750E+04 -0.000E+00 -0.000E+00  0.000E+00
  1.3630250E+04 -0.000E+00 -0.000E+00  0.000E+00
  1.3630750E+04 -0.000E+00 -0.000E+00  0.000E+00
  1.3631250E+04 -0.000E+00 -0.000E+00  0.000E+00
  1.3631750E+04 -0.000E+00 -0.000E+00  0.000E+00
  1.3632250E+04 -0.000E+00 -0.000E+00  0.000E+00
  1.3632750E+04 -0.000E+00 -0.000E+00  0.000E+00
  1.3633250E+04 -0.000E+00 -0.000E+00  0.000E+00
  1.3633750E+04 -0.000E+00 -0.000E+00  0.000E+00
  1.3634250E+04 -0.000E+00 -0.000E+00  0.000E+00
  1.3634750E+04 -0.000E+00 -0.000E+00  0.000E+00
  1.3635250E+04 -0.000E+00 -0.000E+00  0.000E+00
  1.3635750E+04 -0.000E+00 -0.000E+00  0.000E+00
  1.3636250E+04 -0.000E+00 -0.000E+00  0.000E+00
  1.3636750E+04 -0.000E+00 -0.000E+00  0.000E+00
  1.3637250E+04 -0.000E+00 -0.000E+00  0.000E+00
  1.3637750E+04 -0.000E+00 -0.000E+00  0.000E+00
  1.3638250E+04 -0.000E+00 -0.000E+00  0.000E+00
  1.3638750E+04 -0.000E+00 -0.000E+00  0.000E+00
  1.3639250E+04 -0.000E+00 -0.000E+00  0.000E+00
  1.3639750E+04 -0.000E+00 -0.000E+00  0.000E+00
  1.3640250E+04 -0.000E+00 -0.000E+00  0.000E+00
  1.3640750E+04 -0.000E+00 -0.000E+00  0.000E+00
  1.3641250E+04 -0.000E+00 -0.000E+00  0.000E+00
  1.3641750E+04 -0.000E+00 -0.000E+00  0.000E+00
  1.3642250E+04 -0.000E+00 -0.000E+00  0.000E+00
  1.3642750E+04 -0.000E+00 -0.000E+00  0.000E+00
  1.3643250E+04 -0.000E+00 -0.000E+00  0.000E+00
  1.3643750E+04 -0.000E+00 -0.000E+00  0.000E+00
  1.3644250E+04 -0.000E+00 -0.000E+00  0.000E+00
  1.3644750E+04 -0.000E+00 -0.000E+00  0.000E+00
  1.3645250E+04 -0.000E+00 -0.000E+00  0.000E+00
  1.3645750E+04 -0.000E+00 -0.000E+00  0.000E+00
  1.3646250E+04 -0.000E+00 -0.000E+00  0.000E+00
  1.3646750E+04 -0.000E+00 -0.000E+00  0.000E+00
  1.3647250E+04 -0.000E+00 -0.000E+00  0.000E+00
  1.3647750E+04 -0.000E+00 -0.000E+00  0.000E+00
  1.3648250E+04 -0.000E+00 -0.000E+00  0.000E+00
  1.3648750E+04 -0.000E+00 -0.000E+00  0.000E+00
  1.3649250E+04 -0.000E+00 -0.000E+00  0.000E+00
  1.3649750E+04 -0.000E+00 -0.000E+00  0.000E+00
  1.3650250E+04 -0.000E+00 -0.000E+00  0.000E+00
  1.3650750E+04 -0.000E+00 -0.000E+00  0.000E+00
  1.3651250E+04 -0.000E+00 -0.000E+00  0.000E+00
  1.3651750E+04 -0.000E+00 -0.000E+00  0.000E+00
  1.3652250E+04 -0.000E+00 -0.000E+00  0.000E+00
  1.3652750E+04 -0.000E+00 -0.000E+00  0.000E+00
  1.3653250E+04 -0.000E+00 -0.000E+00  0.000E+00
  1.3653750E+04 -0.000E+00 -0.000E+00  0.000E+00
  1.3654250E+04 -0.000E+00 -0.000E+00  0.000E+00
  1.3654750E+04 -0.000E+00 -0.000E+00  0.000E+00
  1.3655250E+04 -0.000E+00 -0.000E+00  0.000E+00
  1.3655750E+04 -0.000E+00 -0.000E+00  0.000E+00
  1.3656250E+04 -0.000E+00 -0.000E+00  0.000E+00
  1.3656750E+04 -0.000E+00 -0.000E+00  0.000E+00
  1.3657250E+04 -0.000E+00 -0.000E+00  0.000E+00
  1.3657750E+04 -0.000E+00 -0.000E+00  0.000E+00
  1.3658250E+04 -0.000E+00 -0.000E+00  0.000E+00
  1.3658750E+04 -0.000E+00 -0.000E+00  0.000E+00
  1.3659250E+04 -0.000E+00 -0.000E+00  0.000E+00
  1.3659750E+04 -0.000E+00 -0.000E+00  0.000E+00
  1.3660250E+04 -0.000E+00 -0.000E+00  0.000E+00
  1.3660750E+04 -0.000E+00 -0.000E+00  0.000E+00
  1.3661250E+04 -0.000E+00 -0.000E+00  0.000E+00
  1.3661750E+04 -0.000E+00 -0.000E+00  0.000E+00
  1.3662250E+04 -0.000E+00 -0.000E+00  0.000E+00
  1.3662750E+04 -0.000E+00 -0.000E+00  0.000E+00
  1.3663250E+04 -0.000E+00 -0.000E+00  0.000E+00
  1.3663750E+04 -0.000E+00 -0.000E+00  0.000E+00
  1.3664250E+04 -0.000E+00 -0.000E+00  0.000E+00
  1.3664750E+04 -0.000E+00 -0.000E+00  0.000E+00
  1.3665250E+04 -0.000E+00 -0.000E+00  0.000E+00
  1.3665750E+04 -0.000E+00 -0.000E+00  0.000E+00
  1.3666250E+04 -0.000E+00 -0.000E+00  0.000E+00
  1.3666750E+04 -0.000E+00 -0.000E+00  0.000E+00
  1.3667250E+04 -0.000E+00 -0.000E+00  0.000E+00
  1.3667750E+04 -0.000E+00 -0.000E+00  0.000E+00
  1.3668250E+04 -0.000E+00 -0.000E+00  0.000E+00
  1.3668750E+04 -0.000E+00 -0.000E+00  0.000E+00
  1.3669250E+04 -0.000E+00 -0.000E+00  0.000E+00
  1.3669750E+04 -0.000E+00 -0.000E+00  0.000E+00
  1.3670250E+04 -0.000E+00 -0.000E+00  0.000E+00
  1.3670750E+04 -0.000E+00 -0.000E+00  0.000E+00
  1.3671250E+04 -0.000E+00 -0.000E+00  0.000E+00
  1.3671750E+04 -0.000E+00 -0.000E+00  0.000E+00
  1.3672250E+04 -0.000E+00 -0.000E+00  0.000E+00
  1.3672750E+04 -0.000E+00 -0.000E+00  0.000E+00
  1.3673250E+04 -0.000E+00 -0.000E+00  0.000E+00
  1.3673750E+04 -0.000E+00 -0.000E+00  0.000E+00
  1.3674250E+04 -0.000E+00 -0.000E+00  0.000E+00
  1.3674750E+04 -0.000E+00 -0.000E+00  0.000E+00
  1.3675250E+04 -0.000E+00 -0.000E+00  0.000E+00
  1.3675750E+04 -0.000E+00 -0.000E+00  0.000E+00
  1.3676250E+04 -6.325E-02 -5.864E-02 -5.668E-03
  1.3676750E+04 -1.356E-02 -1.391E-02 -7.699E-03
  1.3677250E+04  7.437E-02  7.408E-02  2.929E-02
  1.3677750E+04 -3.646E-02 -3.625E-02 -1.778E-02
  1.3678250E+04 -4.253E-03 -7.866E-03 -2.117E-02
  1.3678750E+04  5.143E-03  3.549E-03 -6.011E-03
  1.3679250E+04  2.645E-03  4.975E-03  9.299E-03
  1.3679750E+04  2.036E-03  5.738E-04 -7.202E-03
  1.3680250E+04  9.665E-02  7.556E-02 -4.663E-02
  1.3680750E+04  4.619E-02  6.179E-02  1.121E-01
  1.3681250E+04 -4.406E-02 -4.774E-02 -5.110E-02
  1.3681750E+04 -5.158E-03 -6.771E-03 -8.419E-03
  1.3682250E+04 -9.351E-03 -7.917E-03  3.086E-03
  1.3682750E+04 -1.942E-02 -1.033E-02  2.615E-02
  1.3683250E+04 -1.691E-02 -1.831E-02 -1.564E-02
  1.3683750E+04  1.557E-02  1.124E-02 -1.039E-02
  1.3684250E+04  2.536E-03  5.799E-03  1.202E-02
  1.3684750E+04  1.367E-02  2.055E-02  2.907E-02
  1.3685250E+04  8.514E-03  1.759E-02 -3.213E-02
  1.3685750E+04  9.017E-03  1.035E-02 -1.293E-02
  1.3686250E+04 -5.691E-03 -5.857E-03 -1.160E-03
  1.3686750E+04 -1.520E-02 -2.828E-02 -6.436E-02
  1.3687250E+04  1.142E-02  2.133E-03 -5.284E-02
  1.3687750E+04 -1.569E-03  3.058E-03  1.980E-02
  1.3688250E+04  6.347E-03  1.522E-02  4.995E-02
  1.3688750E+04  5.570E-02  6.345E-02  7.229E-02
  1.3689250E+04 -2.332E-02 -1.136E-02  6.724E-02
  1.3689750E+04 -3.099E-02 -3.389E-02 -2.848E-02
  1.3690250E+04 -1.730E-02 -1.951E-02 -1.055E-02
  1.3690750E+04  9.334E-03  2.871E-02 -1.184E-01
  1.3691250E+04 -3.114E-02 -3.484E-02 -2.993E-02
  1.3691750E+04 -1.123E-02 -1.628E-02 -1.441E-02
  1.3692250E+04 -1.021E-03  7.254E-04 -1.635E-03
  1.3692750E+04  2.046E-03  4.679E-04 -6.297E-03
  1.3693250E+04  1.017E-02  9.704E-03  2.675E-03
  1.3693750E+04 -1.666E-03 -5.836E-03  2.307E-02
  1.3694250E+04  4.460E-03  2.603E-03 -9.838E-04
  1.3694750E+04  2.350E-02  2.198E-02  6.905E-03
  1.3695250E+04  1.889E-02  2.258E-02  2.817E-02
  1.3695750E+04 -1.652E-02 -1.734E-02 -1.273E-02
  1.3696250E+04  7.318E-02  7.778E-02  5.755E-02
  1.3696750E+04  6.118E-02  5.185E-02 -3.577E-03
  1.3697250E+04  2.402E-02  1.494E-02 -2.313E-02
  1.3697750E+04  2.082E-01  2.061E-01  1.228E-01
  1.3698250E+04  4.640E-01  4.651E-01  2.909E-01
  1.3698750E+04  3.298E-01  3.729E-01  3.731E-01
  1.3699250E+04  6.082E-01  6.162E-01  4.021E-01
  1.3699750E+04  5.484E-01  5.707E-01  4.127E-01
  1.3700250E+04  1.860E+00  1.725E+00  5.770E-01
  1.3700750E+04  1.904E+00  2.108E+00  2.007E+00
  1.3701250E+04  3.187E+00  3.240E+00  2.136E+00
  1.3701750E+04  3.718E+00  3.813E+00  2.634E+00
  1.3702250E+04  5.569E+00  5.452E+00  2.887E+00
  1.3702750E+04  8.875E+00  8.831E+00  5.152E+00
  1.3703250E+04  1.167E+01  1.159E+01  6.622E+00
  1.3703750E+04  1.384E+01  1.445E+01  1.087E+01
  1.3704250E+04  2.271E+01  2.328E+01  1.600E+01
  1.3704750E+04  3.181E+01  3.234E+01  2.126E+01
  1.3705250E+04  4.770E+01  4.807E+01  3.005E+01
  1.3705750E+04  5.829E+01  5.942E+01  3.953E+01
  1.3706250E+04  7.644E+01  7.646E+01  4.549E+01
  1.3706750E+04  9.437E+01  9.527E+01  5.974E+01
  1.3707250E+04  1.241E+02  1.263E+02  8.297E+01
  1.3707750E+04  1.545E+02  1.547E+02  9.203E+01
  1.3708250E+04  1.882E+02  1.874E+02  1.077E+02
  1.3708750E+04  2.231E+02  2.236E+02  1.335E+02
  1.3709250E+04  2.636E+02  2.620E+02  1.479E+02
  1.3709750E+04  3.109E+02  3.091E+02  1.743E+02
  1.3710250E+04  3.497E+02  3.506E+02  2.075E+02
  1.3710750E+04  3.936E+02  3.899E+02  2.135E+02
  1.3711250E+04  4.393E+02  4.361E+02  2.413E+02
  1.3711750E+04  4.692E+02  4.619E+02  2.406E+02
  1.3712250E+04  4.852E+02  4.825E+02  2.688E+02
  1.3712750E+04  5.391E+02  5.305E+02  2.736E+02
  1.3713250E+04  5.546E+02  5.467E+02  2.847E+02
  1.3713750E+04  5.659E+02  5.580E+02  2.904E+02
  1.3714250E+04  5.845E+02  5.734E+02  2.871E+02
  1.3714750E+04  5.856E+02  5.764E+02  2.945E+02
  1.3715250E+04  5.970E+02  5.856E+02  2.900E+02
  1.3715750E+04  5.678E+02  5.615E+02  2.949E+02
  1.3716250E+04  5.707E+02  5.528E+02  2.459E+02
  1.3716750E+04  5.386E+02  5.291E+02  2.629E+02
  1.3717250E+04  5.200E+02  5.122E+02  2.587E+02
  1.3717750E+04  4.891E+02  4.806E+02  2.373E+02
  1.3718250E+04  4.832E+02  4.717E+02  2.206E+02
  1.3718750E+04  4.384E+02  4.312E+02  2.127E+02
  1.3719250E+04  4.034E+02  3.958E+02  1.914E+02
  1.3719750E+04  3.847E+02  3.758E+02  1.748E+02
  1.3720250E+04  3.440E+02  3.362E+02  1.557E+02
  1.3720750E+04  3.240E+02  3.135E+02  1.326E+02
  1.3721250E+04  2.749E+02  2.689E+02  1.239E+02
  1.3721750E+04  2.525E+02  2.484E+02  1.195E+02
  1.3722250E+04  2.228E+02  2.155E+02  8.910E+01
  1.3722750E+04  1.897E+02  1.871E+02  9.074E+01
  1.3723250E+04  1.583E+02  1.614E+02  9.794E+01
  1.3723750E+04  1.535E+02  1.462E+02  5.011E+01
  1.3724250E+04  1.246E+02  1.208E+02  4.903E+01
  1.3724750E+04  1.099E+02  1.111E+02  6.233E+01
  1.3725250E+04  9.116E+01  8.936E+01  3.936E+01
  1.3725750E+04  8.080E+01  7.748E+01  2.679E+01
  1.3726250E+04  5.994E+01  5.635E+01  1.430E+01
  1.3726750E+04  3.727E+01  4.174E+01  3.668E+01
  1.3727250E+04  4.142E+01  4.127E+01  1.901E+01
  1.3727750E+04  2.237E+01  2.260E+01  1.027E+01
  1.3728250E+04  2.006E+01  2.063E+01  1.053E+01
  1.3728750E+04  1.473E+01  1.520E+01  7.105E+00
  1.3729250E+04 -9.798E+00 -8.625E+00 -3.050E+00
  1.3729750E+04 -2.640E+00 -4.596E+00 -1.278E+01
  1.3730250E+04 -1.168E+01 -1.106E+01 -6.494E+00
  1.3730750E+04 -1.673E+01 -1.380E+01  1.094E+00
  1.3731250E+04 -1.299E+01 -1.441E+01 -1.586E+01
  1.3731750E+04 -2.154E+01 -2.063E+01 -1.051E+01
  1.3732250E+04 -2.136E+01 -2.319E+01 -2.210E+01
  1.3732750E+04 -2.635E+01 -2.508E+01 -1.099E+01
  1.3733250E+04 -3.210E+01 -2.965E+01 -9.330E+00
  1.3733750E+04 -3.880E+01 -3.814E+01 -2.047E+01
  1.3734250E+04 -4.116E+01 -3.813E+01 -1.138E+01
  1.3734750E+04 -3.345E+01 -3.279E+01 -1.765E+01
  1.3735250E+04 -3.678E+01 -3.481E+01 -1.376E+01
  1.3735750E+04 -4.261E+01 -3.964E+01 -1.246E+01
  1.3736250E+04 -3.921E+01 -3.743E+01 -1.593E+01
  1.3736750E+04 -4.638E+01 -4.347E+01 -1.475E+01
  1.3737250E+04 -3.783E+01 -3.892E+01 -2.715E+01
  1.3737750E+04 -4.333E+01 -4.233E+01 -2.122E+01
  1.3738250E+04 -4.007E+01 -4.091E+01 -2.751E+01
  1.3738750E+04 -4.475E+01 -4.169E+01 -1.291E+01
  1.3739250E+04 -4.165E+01 -4.145E+01 -2.360E+01
  1.3739750E+04 -4.080E+01 -4.092E+01 -2.473E+01
  1.3740250E+04 -4.359E+01 -4.348E+01 -2.500E+01
  1.3740750E+04 -4.382E+01 -4.238E+01 -1.951E+01
  1.3741250E+04 -4.893E+01 -4.652E+01 -1.777E+01
  1.3741750E+04 -5.056E+01 -4.910E+01 -2.283E+01
  1.3742250E+04 -4.072E+01 -4.035E+01 -2.208E+01
  1.3742750E+04 -4.517E+01 -4.466E+01 -2.410E+01
  1.3743250E+04 -4.473E+01 -4.274E+01 -1.739E+01
  1.3743750E+04 -3.788E+01 -3.722E+01 -1.950E+01
  1.3744250E+04 -4.898E+01 -4.698E+01 -1.977E+01
  1.3744750E+04 -5.071E+01 -4.880E+01 -2.081E+01
  1.3745250E+04 -4.359E+01 -4.208E+01 -1.890E+01
  1.3745750E+04 -4.220E+01 -4.015E+01 -1.559E+01
  1.3746250E+04 -4.318E+01 -4.279E+01 -2.340E+01
  1.3746750E+04 -4.732E+01 -4.683E+01 -2.520E+01
  1.3747250E+04 -4.378E+01 -4.115E+01 -1.406E+01
  1.3747750E+04 -4.439E+01 -4.182E+01 -1.437E+01
  1.3748250E+04 -4.545E+01 -4.402E+01 -2.005E+01
  1.3748750E+04 -3.812E+01 -3.621E+01 -1.386E+01
  1.3749250E+04 -4.114E+01 -3.966E+01 -1.745E+01
  1.3749750E+04 -4.477E+01 -4.485E+01 -2.585E+01
  1.3750250E+04 -4.329E+01 -4.274E+01 -2.259E+01
  1.3750750E+04 -4.512E+01 -4.361E+01 -1.935E+01
  1.3751250E+04 -4.796E+01 -4.489E+01 -1.429E+01
  1.3751750E+04 -4.213E+01 -4.154E+01 -2.166E+01
  1.3752250E+04 -4.654E+01 -4.439E+01 -1.725E+01
  1.3752750E+04 -4.100E+01 -4.169E+01 -2.675E+01
  1.3753250E+04 -3.642E+01 -3.681E+01 -2.259E+01
  1.3753750E+04 -4.406E+01 -4.282E+01 -2.011E+01
  1.3754250E+04 -3.926E+01 -3.791E+01 -1.680E+01
  1.3754750E+04 -3.982E+01 -3.898E+01 -1.937E+01
  1.3755250E+04 -3.944E+01 -3.805E+01 -1.669E+01
  1.3755750E+04 -4.019E+01 -3.892E+01 -1.761E+01
  1.3756250E+04 -4.130E+01 -4.140E+01 -2.380E+01
  1.3756750E+04 -4.044E+01 -4.058E+01 -2.385E+01
  1.3757250E+04 -3.900E+01 -3.772E+01 -1.686E+01
  1.3757750E+04 -3.968E+01 -3.794E+01 -1.523E+01
  1.3758250E+04 -3.963E+01 -3.990E+01 -2.385E+01
  1.3758750E+04 -4.194E+01 -4.056E+01 -1.795E+01
  1.3759250E+04 -4.176E+01 -4.097E+01 -2.064E+01
  1.3759750E+04 -4.048E+01 -3.957E+01 -1.950E+01
  1.3760250E+04 -4.020E+01 -3.818E+01 -1.414E+01
  1.3760750E+04 -3.974E+01 -3.817E+01 -1.598E+01
  1.3761250E+04 -4.361E+01 -4.113E+01 -1.422E+01
  1.3761750E+04 -3.612E+01 -3.548E+01 -1.794E+01
  1.3762250E+04 -3.915E+01 -3.801E+01 -1.758E+01
  1.3762750E+04 -3.869E+01 -3.809E+01 -1.956E+01
  1.3763250E+04 -3.930E+01 -3.939E+01 -2.291E+01
  1.3763750E+04 -3.822E+01 -3.860E+01 -2.358E+01
  1.3764250E+04 -3.924E+01 -3.858E+01 -1.956E+01
  1.3764750E+04 -3.359E+01 -3.273E+01 -1.540E+01
  1.3765250E+04 -3.809E+01 -3.629E+01 -1.415E+01
  1.3765750E+04 -3.876E+01 -3.768E+01 -1.746E+01
  1.3766250E+04 -3.692E+01 -3.727E+01 -2.261E+01
  1.3766750E+04 -3.759E+01 -3.772E+01 -2.222E+01
  1.3767250E+04 -3.158E+01 -3.143E+01 -1.729E+01
  1.3767750E+04 -3.978E+01 -3.795E+01 -1.463E+01
  1.3768250E+04 -3.876E+01 -3.789E+01 -1.851E+01
  1.3768750E+04 -3.460E+01 -3.353E+01 -1.520E+01
  1.3769250E+04 -3.714E+01 -3.557E+01 -1.458E+01
  1.3769750E+04 -3.341E+01 -3.384E+01 -2.106E+01
  1.3770250E+04 -3.744E+01 -3.577E+01 -1.404E+01
  1.3770750E+04 -3.557E+01 -3.566E+01 -2.067E+01
  1.3771250E+04 -3.329E+01 -3.300E+01 -1.793E+01
  1.3771750E+04 -3.549E+01 -3.337E+01 -1.079E+01
  1.3772250E+04 -3.417E+01 -3.383E+01 -1.810E+01
  1.3772750E+04 -3.689E+01 -3.539E+01 -1.438E+01
  1.3773250E+04 -3.025E+01 -3.089E+01 -1.990E+01
  1.3773750E+04 -3.412E+01 -3.307E+01 -1.494E+01
  1.3774250E+04 -3.441E+01 -3.334E+01 -1.479E+01
  1.3774750E+04 -3.450E+01 -3.436E+01 -1.876E+01
  1.3775250E+04 -3.331E+01 -3.257E+01 -1.573E+01
  1.3775750E+04 -3.656E+01 -3.499E+01 -1.445E+01
  1.3776250E+04 -3.655E+01 -3.542E+01 -1.692E+01
  1.3776750E+04 -3.647E+01 -3.577E+01 -1.665E+01
  1.3777250E+04 -3.287E+01 -3.235E+01 -1.628E+01
  1.3777750E+04 -3.202E+01 -3.168E+01 -1.690E+01
  1.3778250E+04 -3.258E+01 -3.128E+01 -1.282E+01
  1.3778750E+04 -3.427E+01 -3.289E+01 -1.354E+01
  1.3779250E+04 -3.322E+01 -3.297E+01 -1.773E+01
  1.3779750E+04 -3.458E+01 -3.363E+01 -1.563E+01
  1.3780250E+04 -3.291E+01 -3.241E+01 -1.644E+01
  1.3780750E+04 -3.396E+01 -3.368E+01 -1.792E+01
  1.3781250E+04 -3.570E+01 -3.341E+01 -1.171E+01
  1.3781750E+04 -3.194E+01 -3.114E+01 -1.584E+01
  1.3782250E+04 -3.026E+01 -3.084E+01 -1.972E+01
  1.3782750E+04 -2.899E+01 -2.831E+01 -1.392E+01
  1.3783250E+04 -2.766E+01 -2.916E+01 -2.117E+01
  1.3783750E+04 -3.206E+01 -3.099E+01 -1.382E+01
  1.3784250E+04 -2.933E+01 -2.857E+01 -1.352E+01
  1.3784750E+04 -3.087E+01 -3.079E+01 -1.713E+01
  1.3785250E+04 -3.351E+01 -3.233E+01 -1.389E+01
  1.3785750E+04 -3.184E+01 -3.075E+01 -1.349E+01
  1.3786250E+04 -3.072E+01 -3.024E+01 -1.528E+01
  1.3786750E+04 -3.161E+01 -3.094E+01 -1.505E+01
  1.3787250E+04 -3.025E+01 -3.040E+01 -1.782E+01
  1.3787750E+04 -3.115E+01 -3.007E+01 -1.313E+01
  1.3788250E+04 -3.117E+01 -3.031E+01 -1.364E+01
  1.3788750E+04 -2.907E+01 -2.849E+01 -1.412E+01
  1.3789250E+04 -3.013E+01 -2.932E+01 -1.316E+01
  1.3789750E+04 -3.285E+01 -3.217E+01 -1.633E+01
  1.3790250E+04 -2.661E+01 -2.638E+01 -1.401E+01
  1.3790750E+04 -2.757E+01 -2.797E+01 -1.734E+01
  1.3791250E+04 -2.953E+01 -2.785E+01 -9.823E+00
  1.3791750E+04 -3.022E+01 -3.023E+01 -1.721E+01
  1.3792250E+04 -2.552E+01 -2.545E+01 -1.416E+01
  1.3792750E+04 -2.714E+01 -2.660E+01 -1.292E+01
  1.3793250E+04 -3.017E+01 -2.891E+01 -1.120E+01
  1.3793750E+04 -3.341E+01 -3.104E+01 -8.531E+00
  1.3794250E+04 -2.859E+01 -2.745E+01 -1.120E+01
  1.3794750E+04 -2.601E+01 -2.589E+01 -1.411E+01
  1.3795250E+04 -2.845E+01 -2.813E+01 -1.496E+01
  1.3795750E+04 -2.744E+01 -2.724E+01 -1.488E+01
  1.3796250E+04 -2.752E+01 -2.836E+01 -1.929E+01
  1.3796750E+04 -2.657E+01 -2.677E+01 -1.598E+01
  1.3797250E+04 -2.715E+01 -2.723E+01 -1.582E+01
  1.3797750E+04 -2.598E+01 -2.511E+01 -1.101E+01
  1.3798250E+04 -2.479E+01 -2.398E+01 -1.033E+01
  1.3798750E+04 -2.665E+01 -2.632E+01 -1.402E+01
  1.3799250E+04 -2.975E+01 -2.931E+01 -1.481E+01
  1.3799750E+04 -2.836E+01 -2.682E+01 -9.356E+00
  1.3800250E+04 -2.351E+01 -2.339E+01 -1.302E+01
  1.3800750E+04 -2.668E+01 -2.576E+01 -1.121E+01
  1.3801250E+04 -2.729E+01 -2.639E+01 -1.147E+01
  1.3801750E+04 -2.670E+01 -2.674E+01 -1.540E+01
  1.3802250E+04 -2.816E+01 -2.787E+01 -1.473E+01
  1.3802750E+04 -2.571E+01 -2.476E+01 -1.051E+01
  1.3803250E+04 -2.651E+01 -2.670E+01 -1.604E+01
  1.3803750E+04 -2.658E+01 -2.594E+01 -1.224E+01
  1.3804250E+04 -2.276E+01 -2.262E+01 -1.232E+01
  1.3804750E+04 -2.509E+01 -2.464E+01 -1.253E+01
  1.3805250E+04 -2.583E+01 -2.543E+01 -1.294E+01
  1.3805750E+04 -2.637E+01 -2.583E+01 -1.239E+01
  1.3806250E+04 -2.496E+01 -2.505E+01 -1.466E+01
  1.3806750E+04 -2.380E+01 -2.444E+01 -1.617E+01
  1.3807250E+04 -2.587E+01 -2.575E+01 -1.423E+01
  1.3807750E+04 -2.595E+01 -2.553E+01 -1.284E+01
  1.3808250E+04 -2.685E+01 -2.654E+01 -1.381E+01
  1.3808750E+04 -2.739E+01 -2.643E+01 -1.118E+01
  1.3809250E+04 -2.390E+01 -2.411E+01 -1.449E+01
  1.3809750E+04 -2.648E+01 -2.502E+01 -8.824E+00
  1.3810250E+04 -2.474E+01 -2.427E+01 -1.193E+01
  1.3810750E+04 -2.656E+01 -2.557E+01 -1.096E+01
  1.3811250E+04 -2.434E+01 -2.370E+01 -1.084E+01
  1.3811750E+04 -2.512E+01 -2.481E+01 -1.271E+01
  1.3812250E+04 -2.331E+01 -2.290E+01 -1.138E+01
  1.3812750E+04 -2.468E+01 -2.464E+01 -1.367E+01
  1.3813250E+04 -2.445E+01 -2.421E+01 -1.299E+01
  1.3813750E+04 -2.399E+01 -2.309E+01 -9.645E+00
  1.3814250E+04 -2.456E+01 -2.367E+01 -1.017E+01
  1.3814750E+04 -2.610E+01 -2.577E+01 -1.321E+01
  1.3815250E+04 -2.360E+01 -2.348E+01 -1.297E+01
  1.3815750E+04 -2.219E+01 -2.178E+01 -1.081E+01
  1.3816250E+04 -2.299E+01 -2.232E+01 -1.024E+01
  1.3816750E+04 -2.715E+01 -2.624E+01 -1.108E+01
  1.3817250E+04 -2.158E+01 -2.198E+01 -1.412E+01
  1.3817750E+04 -2.342E+01 -2.313E+01 -1.179E+01
  1.3818250E+04 -2.543E+01 -2.441E+01 -9.952E+00
  1.3818750E+04 -2.262E+01 -2.205E+01 -1.031E+01
  1.3819250E+04 -2.567E+01 -2.565E+01 -1.432E+01
  1.3819750E+04 -2.272E+01 -2.255E+01 -1.219E+01
  1.3820250E+04 -2.030E+01 -2.080E+01 -1.367E+01
  1.3820750E+04 -2.021E+01 -2.070E+01 -1.371E+01
  1.3821250E+04 -2.165E+01 -2.108E+01 -9.504E+00
  1.3821750E+04 -2.073E+01 -2.033E+01 -1.033E+01
  1.3822250E+04 -2.230E+01 -2.174E+01 -1.027E+01
  1.3822750E+04 -2.221E+01 -2.191E+01 -1.153E+01
  1.3823250E+04 -2.122E+01 -2.141E+01 -1.262E+01
  1.3823750E+04 -2.323E+01 -2.357E+01 -1.488E+01
  1.3824250E+04 -2.341E+01 -2.257E+01 -9.836E+00
  1.3824750E+04 -2.288E+01 -2.245E+01 -1.073E+01
  1.3825250E+04 -2.274E+01 -2.261E+01 -1.209E+01
  1.3825750E+04 -2.328E+01 -2.219E+01 -8.282E+00
  1.3826250E+04 -2.238E+01 -2.196E+01 -1.079E+01
  1.3826750E+04 -2.036E+01 -1.979E+01 -9.396E+00
  1.3827250E+04 -2.334E+01 -2.300E+01 -1.157E+01
  1.3827750E+04 -2.073E+01 -2.011E+01 -9.200E+00
  1.3828250E+04 -1.890E+01 -1.887E+01 -1.095E+01
  1.3828750E+04 -2.249E+01 -2.224E+01 -1.162E+01
  1.3829250E+04 -2.128E+01 -2.115E+01 -1.148E+01
  1.3829750E+04 -1.944E+01 -1.897E+01 -9.064E+00
  1.3830250E+04 -2.106E+01 -2.021E+01 -7.898E+00
  1.3830750E+04 -2.170E+01 -2.124E+01 -1.029E+01
  1.3831250E+04 -2.121E+01 -2.112E+01 -1.162E+01
  1.3831750E+04 -2.187E+01 -2.197E+01 -1.285E+01
  1.3832250E+04 -2.234E+01 -2.200E+01 -1.127E+01
  1.3832750E+04 -1.857E+01 -1.788E+01 -7.712E+00
  1.3833250E+04 -2.057E+01 -1.925E+01 -5.864E+00
  1.3833750E+04 -2.098E+01 -2.051E+01 -9.562E+00
  1.3834250E+04 -2.151E+01 -2.097E+01 -9.774E+00
  1.3834750E+04 -2.104E+01 -2.080E+01 -1.082E+01
  1.3835250E+04 -1.997E+01 -1.961E+01 -9.604E+00
  1.3835750E+04 -2.044E+01 -2.049E+01 -1.189E+01
  1.3836250E+04 -1.910E+01 -1.963E+01 -1.295E+01
  1.3836750E+04 -1.856E+01 -1.838E+01 -9.786E+00
  1.3837250E+04 -1.876E+01 -1.837E+01 -9.108E+00
  1.3837750E+04 -2.228E+01 -2.119E+01 -7.685E+00
  1.3838250E+04 -1.940E+01 -1.935E+01 -1.085E+01
  1.3838750E+04 -2.040E+01 -2.004E+01 -9.996E+00
  1.3839250E+04 -1.844E+01 -1.823E+01 -9.466E+00
  1.3839750E+04 -2.018E+01 -2.019E+01 -1.158E+01
  1.3840250E+04 -1.939E+01 -1.925E+01 -1.023E+01
  1.3840750E+04 -2.060E+01 -2.048E+01 -1.104E+01
  1.3841250E+04 -2.023E+01 -1.941E+01 -7.763E+00
  1.3841750E+04 -2.050E+01 -1.968E+01 -7.853E+00
  1.3842250E+04 -1.895E+01 -1.849E+01 -8.785E+00
  1.3842750E+04 -1.677E+01 -1.684E+01 -1.009E+01
  1.3843250E+04 -2.070E+01 -2.025E+01 -9.552E+00
  1.3843750E+04 -2.013E+01 -1.942E+01 -8.200E+00
  1.3844250E+04 -2.009E+01 -1.956E+01 -9.291E+00
  1.3844750E+04 -1.993E+01 -1.975E+01 -1.078E+01
  1.3845250E+04 -1.955E+01 -1.894E+01 -8.477E+00
  1.3845750E+04 -1.757E+01 -1.778E+01 -1.082E+01
  1.3846250E+04 -1.787E+01 -1.760E+01 -9.085E+00
  1.3846750E+04 -1.784E+01 -1.813E+01 -1.131E+01
  1.3847250E+04 -1.760E+01 -1.774E+01 -1.067E+01
  1.3847750E+04 -1.840E+01 -1.842E+01 -9.818E+00
  1.3848250E+04 -2.058E+01 -2.043E+01 -1.120E+01
  1.3848750E+04 -1.956E+01 -1.899E+01 -8.655E+00
  1.3849250E+04 -1.890E+01 -1.841E+01 -8.375E+00
  1.3849750E+04 -1.788E+01 -1.774E+01 -9.317E+00
  1.3850250E+04 -1.898E+01 -1.818E+01 -7.193E+00
  1.3850750E+04 -2.017E+01 -1.936E+01 -7.895E+00
  1.3851250E+04 -1.966E+01 -1.883E+01 -7.673E+00
  1.3851750E+04 -1.786E+01 -1.782E+01 -9.803E+00
  1.3852250E+04 -1.576E+01 -1.585E+01 -9.259E+00
  1.3852750E+04 -1.705E+01 -1.705E+01 -9.754E+00
  1.3853250E+04 -1.701E+01 -1.710E+01 -9.634E+00
  1.3853750E+04 -1.865E+01 -1.871E+01 -1.045E+01
  1.3854250E+04 -1.717E+01 -1.741E+01 -1.153E+01
  1.3854750E+04 -1.608E+01 -1.583E+01 -8.334E+00
  1.3855250E+04 -1.756E+01 -1.730E+01 -8.669E+00
  1.3855750E+04 -1.758E+01 -1.688E+01 -6.809E+00
  1.3856250E+04 -1.822E+01 -1.743E+01 -6.880E+00
  1.3856750E+04 -1.833E+01 -1.801E+01 -8.609E+00
  1.3857250E+04 -1.798E+01 -1.799E+01 -1.008E+01
  1.3857750E+04 -1.704E+01 -1.672E+01 -8.567E+00
  1.3858250E+04 -1.716E+01 -1.734E+01 -1.057E+01
  1.3858750E+04 -1.775E+01 -1.701E+01 -6.714E+00
  1.3859250E+04 -1.625E+01 -1.601E+01 -8.096E+00
  1.3859750E+04 -1.758E+01 -1.711E+01 -8.150E+00
  1.3860250E+04 -1.650E+01 -1.648E+01 -9.245E+00
  1.3860750E+04 -1.631E+01 -1.609E+01 -8.028E+00
  1.3861250E+04 -1.661E+01 -1.608E+01 -7.205E+00
  1.3861750E+04 -1.705E+01 -1.673E+01 -8.489E+00
  1.3862250E+04 -1.678E+01 -1.715E+01 -1.055E+01
  1.3862750E+04 -1.703E+01 -1.697E+01 -9.066E+00
  1.3863250E+04 -1.646E+01 -1.574E+01 -6.312E+00
  1.3863750E+04 -1.336E+01 -1.370E+01 -9.217E+00
  1.3864250E+04 -1.882E+01 -1.833E+01 -8.257E+00
  1.3864750E+04 -1.795E+01 -1.808E+01 -1.045E+01
  1.3865250E+04 -1.588E+01 -1.614E+01 -1.007E+01
  1.3865750E+04 -1.797E+01 -1.767E+01 -9.131E+00
  1.3866250E+04 -1.634E+01 -1.549E+01 -5.633E+00
  1.3866750E+04 -1.556E+01 -1.524E+01 -7.841E+00
  1.3867250E+04 -1.620E+01 -1.561E+01 -6.490E+00
  1.3867750E+04 -1.460E+01 -1.431E+01 -7.204E+00
  1.3868250E+04 -1.719E+01 -1.659E+01 -6.734E+00
  1.3868750E+04 -1.681E+01 -1.693E+01 -1.001E+01
  1.3869250E+04 -1.562E+01 -1.561E+01 -8.983E+00
  1.3869750E+04 -1.631E+01 -1.603E+01 -7.660E+00
  1.3870250E+04 -1.705E+01 -1.660E+01 -7.431E+00
  1.3870750E+04 -1.426E+01 -1.416E+01 -7.514E+00
  1.3871250E+04 -1.595E+01 -1.558E+01 -7.441E+00
  1.3871750E+04 -1.518E+01 -1.522E+01 -8.428E+00
  1.3872250E+04 -1.387E+01 -1.399E+01 -8.524E+00
  1.3872750E+04 -1.630E+01 -1.619E+01 -8.729E+00
  1.3873250E+04 -1.742E+01 -1.702E+01 -7.840E+00
  1.3873750E+04 -1.678E+01 -1.623E+01 -6.920E+00
  1.3874250E+04 -1.535E+01 -1.522E+01 -8.301E+00
  1.3874750E+04 -1.567E+01 -1.509E+01 -6.191E+00
  1.3875250E+04 -1.531E+01 -1.499E+01 -7.081E+00
  1.3875750E+04 -1.488E+01 -1.484E+01 -8.308E+00
  1.3876250E+04 -1.417E+01 -1.444E+01 -9.460E+00
  1.3876750E+04 -1.279E+01 -1.293E+01 -7.753E+00
  1.3877250E+04 -1.511E+01 -1.516E+01 -8.677E+00
  1.3877750E+04 -1.656E+01 -1.585E+01 -6.187E+00
  1.3878250E+04 -1.599E+01 -1.560E+01 -7.613E+00
  1.3878750E+04 -1.276E+01 -1.296E+01 -8.228E+00
  1.3879250E+04 -1.467E+01 -1.442E+01 -7.455E+00
  1.3879750E+04 -1.543E+01 -1.502E+01 -7.927E+00
  1.3880250E+04 -1.549E+01 -1.505E+01 -6.719E+00
  1.3880750E+04 -1.423E+01 -1.411E+01 -7.466E+00
  1.3881250E+04 -1.602E+01 -1.561E+01 -7.138E+00
  1.3881750E+04 -1.458E+01 -1.421E+01 -6.765E+00
  1.3882250E+04 -1.524E+01 -1.517E+01 -7.633E+00
  1.3882750E+04 -1.504E+01 -1.507E+01 -8.709E+00
  1.3883250E+04 -1.274E+01 -1.324E+01 -8.868E+00
  1.3883750E+04 -1.437E+01 -1.426E+01 -7.951E+00
  1.3884250E+04 -1.492E+01 -1.466E+01 -7.196E+00
  1.3884750E+04 -1.460E+01 -1.442E+01 -7.644E+00
  1.3885250E+04 -1.387E+01 -1.376E+01 -7.298E+00
  1.3885750E+04 -1.390E+01 -1.337E+01 -5.467E+00
  1.3886250E+04 -1.237E+01 -1.213E+01 -6.298E+00
  1.3886750E+04 -1.377E+01 -1.341E+01 -6.333E+00
  1.3887250E+04 -1.310E+01 -1.264E+01 -5.244E+00
  1.3887750E+04 -1.412E+01 -1.381E+01 -6.633E+00
  1.3888250E+04 -1.496E+01 -1.477E+01 -7.284E+00
  1.3888750E+04 -1.323E+01 -1.335E+01 -7.865E+00
  1.3889250E+04 -1.410E+01 -1.367E+01 -6.683E+00
  1.3889750E+04 -1.371E+01 -1.353E+01 -6.914E+00
  1.3890250E+04 -1.258E+01 -1.273E+01 -7.303E+00
  1.3890750E+04 -1.458E+01 -1.413E+01 -6.121E+00
  1.3891250E+04 -1.504E+01 -1.477E+01 -7.118E+00
  1.3891750E+04 -1.517E+01 -1.453E+01 -5.868E+00
  1.3892250E+04 -1.320E+01 -1.275E+01 -5.905E+00
  1.3892750E+04 -1.422E+01 -1.403E+01 -7.256E+00
  1.3893250E+04 -1.445E+01 -1.443E+01 -7.573E+00
  1.3893750E+04 -1.491E+01 -1.470E+01 -7.091E+00
  1.3894250E+04 -1.328E+01 -1.318E+01 -6.673E+00
  1.3894750E+04 -1.412E+01 -1.352E+01 -5.345E+00
  1.3895250E+04 -1.291E+01 -1.275E+01 -6.703E+00
  1.3895750E+04 -1.295E+01 -1.278E+01 -6.940E+00
  1.3896250E+04 -1.351E+01 -1.350E+01 -7.694E+00
  1.3896750E+04 -1.279E+01 -1.269E+01 -6.785E+00
  1.3897250E+04 -1.319E+01 -1.256E+01 -4.552E+00
  1.3897750E+04 -1.174E+01 -1.206E+01 -8.107E+00
  1.3898250E+04 -1.114E+01 -1.152E+01 -8.171E+00
  1.3898750E+04 -1.263E+01 -1.247E+01 -6.321E+00
  1.3899250E+04 -1.312E+01 -1.303E+01 -6.953E+00
  1.3899750E+04 -1.338E+01 -1.322E+01 -6.838E+00
  1.3900250E+04 -1.195E+01 -1.227E+01 -7.580E+00
  1.3900750E+04 -1.327E+01 -1.294E+01 -6.205E+00
  1.3901250E+04 -1.196E+01 -1.201E+01 -7.040E+00
  1.3901750E+04 -1.346E+01 -1.290E+01 -5.160E+00
  1.3902250E+04 -1.361E+01 -1.334E+01 -6.529E+00
  1.3902750E+04 -1.280E+01 -1.261E+01 -6.257E+00
  1.3903250E+04 -1.271E+01 -1.279E+01 -7.488E+00
  1.3903750E+04 -1.355E+01 -1.315E+01 -5.912E+00
  1.3904250E+04 -1.338E+01 -1.315E+01 -6.649E+00
  1.3904750E+04 -1.191E+01 -1.233E+01 -8.764E+00
  1.3905250E+04 -1.178E+01 -1.198E+01 -7.578E+00
  1.3905750E+04 -1.318E+01 -1.290E+01 -6.178E+00
  1.3906250E+04 -1.250E+01 -1.226E+01 -5.814E+00
  1.3906750E+04 -1.103E+01 -1.088E+01 -5.639E+00
  1.3907250E+04 -1.104E+01 -1.067E+01 -4.569E+00
  1.3907750E+04 -1.363E+01 -1.359E+01 -7.383E+00
  1.3908250E+04 -1.356E+01 -1.301E+01 -5.230E+00
  1.3908750E+04 -1.103E+01 -1.102E+01 -6.244E+00
  1.3909250E+04 -1.237E+01 -1.216E+01 -6.161E+00
  1.3909750E+04 -1.158E+01 -1.139E+01 -5.810E+00
  1.3910250E+04 -1.231E+01 -1.263E+01 -8.301E+00
  1.3910750E+04 -1.237E+01 -1.224E+01 -6.298E+00
  1.3911250E+04 -1.205E+01 -1.229E+01 -7.814E+00
  1.3911750E+04 -1.163E+01 -1.124E+01 -4.876E+00
  1.3912250E+04 -1.197E+01 -1.157E+01 -5.102E+00
  1.3912750E+04 -1.141E+01 -1.150E+01 -6.652E+00
  1.3913250E+04 -1.241E+01 -1.227E+01 -6.251E+00
  1.3913750E+04 -1.056E+01 -1.038E+01 -4.938E+00
  1.3914250E+04 -1.204E+01 -1.193E+01 -6.259E+00
  1.3914750E+04 -9.697E+00 -9.864E+00 -6.923E+00
  1.3915250E+04 -1.077E+01 -1.081E+01 -6.153E+00
  1.3915750E+04 -1.169E+01 -1.158E+01 -5.772E+00
  1.3916250E+04 -1.141E+01 -1.158E+01 -7.295E+00
  1.3916750E+04 -1.220E+01 -1.171E+01 -4.729E+00
  1.3917250E+04 -1.283E+01 -1.250E+01 -5.772E+00
  1.3917750E+04 -1.270E+01 -1.240E+01 -5.767E+00
  1.3918250E+04 -1.193E+01 -1.163E+01 -5.833E+00
  1.3918750E+04 -1.078E+01 -1.074E+01 -5.988E+00
  1.3919250E+04 -1.219E+01 -1.228E+01 -7.079E+00
  1.3919750E+04 -1.177E+01 -1.130E+01 -4.259E+00
  1.3920250E+04 -1.149E+01 -1.109E+01 -4.833E+00
  1.3920750E+04 -1.091E+01 -1.094E+01 -6.388E+00
  1.3921250E+04 -1.126E+01 -1.121E+01 -6.245E+00
  1.3921750E+04 -1.171E+01 -1.133E+01 -4.978E+00
  1.3922250E+04 -1.109E+01 -1.082E+01 -5.210E+00
  1.3922750E+04 -1.128E+01 -1.155E+01 -7.203E+00
  1.3923250E+04 -1.161E+01 -1.154E+01 -6.484E+00
  1.3923750E+04 -9.695E+00 -9.592E+00 -5.095E+00
  1.3924250E+04 -1.043E+01 -1.049E+01 -6.151E+00
  1.3924750E+04 -1.101E+01 -1.078E+01 -5.112E+00
  1.3925250E+04 -1.138E+01 -1.118E+01 -5.630E+00
  1.3925750E+04 -1.040E+01 -1.035E+01 -5.624E+00
  1.3926250E+04 -1.044E+01 -1.042E+01 -5.592E+00
  1.3926750E+04 -1.197E+01 -1.169E+01 -5.045E+00
  1.3927250E+04 -1.109E+01 -1.094E+01 -5.740E+00
  1.3927750E+04 -1.154E+01 -1.127E+01 -5.403E+00
  1.3928250E+04 -1.075E+01 -1.059E+01 -5.825E+00
  1.3928750E+04 -1.142E+01 -1.101E+01 -4.763E+00
  1.3929250E+04 -1.035E+01 -1.026E+01 -5.514E+00
  1.3929750E+04 -9.998E+00 -1.009E+01 -6.461E+00
  1.3930250E+04 -1.075E+01 -1.072E+01 -6.338E+00
  1.3930750E+04 -1.059E+01 -1.044E+01 -5.944E+00
  1.3931250E+04 -9.808E+00 -9.684E+00 -4.921E+00
  1.3931750E+04 -9.430E+00 -9.354E+00 -4.369E+00
  1.3932250E+04 -1.037E+01 -1.043E+01 -5.503E+00
  1.3932750E+04 -1.002E+01 -1.016E+01 -5.843E+00
  1.3933250E+04 -1.028E+01 -1.019E+01 -5.352E+00
  1.3933750E+04 -1.121E+01 -1.112E+01 -5.808E+00
  1.3934250E+04 -1.022E+01 -1.022E+01 -5.990E+00
  1.3934750E+04 -9.021E+00 -8.711E+00 -3.214E+00
  1.3935250E+04 -1.170E+01 -1.109E+01 -4.663E+00
  1.3935750E+04 -1.036E+01 -1.002E+01 -3.685E+00
  1.3936250E+04 -1.076E+01 -1.015E+01 -3.569E+00
  1.3936750E+04 -9.890E+00 -9.722E+00 -5.082E+00
  1.3937250E+04 -9.382E+00 -9.436E+00 -5.907E+00
  1.3937750E+04 -1.027E+01 -1.032E+01 -6.419E+00
  1.3938250E+04 -9.467E+00 -9.519E+00 -5.450E+00
  1.3938750E+04 -9.109E+00 -9.590E+00 -5.749E+00
  1.3939250E+04 -1.107E+01 -1.088E+01 -5.590E+00
  1.3939750E+04 -9.904E+00 -9.823E+00 -5.240E+00
  1.3940250E+04 -9.554E+00 -9.382E+00 -4.662E+00
  1.3940750E+04 -1.030E+01 -1.023E+01 -5.792E+00
  1.3941250E+04 -9.841E+00 -9.606E+00 -4.361E+00
  1.3941750E+04 -1.013E+01 -9.969E+00 -4.980E+00
  1.3942250E+04 -1.076E+01 -1.041E+01 -4.483E+00
  1.3942750E+04 -9.244E+00 -9.254E+00 -5.085E+00
  1.3943250E+04 -1.008E+01 -9.796E+00 -4.445E+00
  1.3943750E+04 -9.883E+00 -1.002E+01 -6.372E+00
  1.3944250E+04 -9.429E+00 -9.564E+00 -5.844E+00
  1.3944750E+04 -9.714E+00 -9.524E+00 -4.723E+00
  1.3945250E+04 -1.058E+01 -1.065E+01 -6.603E+00
  1.3945750E+04 -1.131E+01 -1.083E+01 -4.585E+00
  1.3946250E+04 -1.022E+01 -1.020E+01 -5.667E+00
  1.3946750E+04 -9.035E+00 -9.252E+00 -5.847E+00
  1.3947250E+04 -8.443E+00 -8.255E+00 -3.622E+00
  1.3947750E+04 -1.032E+01 -9.871E+00 -3.829E+00
  1.3948250E+04 -9.022E+00 -8.841E+00 -4.202E+00
  1.3948750E+04 -9.429E+00 -9.264E+00 -4.792E+00
  1.3949250E+04 -9.318E+00 -9.166E+00 -4.324E+00
  1.3949750E+04 -8.983E+00 -8.857E+00 -3.970E+00
  1.3950250E+04 -9.168E+00 -9.093E+00 -4.981E+00
  1.3950750E+04 -9.701E+00 -9.825E+00 -6.001E+00
  1.3951250E+04 -8.995E+00 -9.186E+00 -5.896E+00
  1.3951750E+04 -1.074E+01 -1.057E+01 -5.183E+00
  1.3952250E+04 -8.271E+00 -8.202E+00 -4.411E+00
  1.3952750E+04 -8.506E+00 -8.759E+00 -5.947E+00
  1.3953250E+04 -9.496E+00 -9.610E+00 -5.542E+00
  1.3953750E+04 -9.516E+00 -9.518E+00 -5.299E+00
  1.3954250E+04 -1.004E+01 -9.584E+00 -3.931E+00
  1.3954750E+04 -9.354E+00 -9.027E+00 -3.775E+00
  1.3955250E+04 -9.410E+00 -9.285E+00 -4.480E+00
  1.3955750E+04 -9.136E+00 -9.170E+00 -5.646E+00
  1.3956250E+04 -7.967E+00 -8.085E+00 -4.902E+00
  1.3956750E+04 -9.507E+00 -9.144E+00 -3.577E+00
  1.3957250E+04 -9.257E+00 -9.121E+00 -4.522E+00
  1.3957750E+04 -9.056E+00 -8.849E+00 -4.114E+00
  1.3958250E+04 -9.415E+00 -9.125E+00 -4.006E+00
  1.3958750E+04 -8.502E+00 -8.361E+00 -4.179E+00
  1.3959250E+04 -9.032E+00 -9.027E+00 -4.826E+00
  1.3959750E+04 -8.444E+00 -8.167E+00 -3.549E+00
  1.3960250E+04 -8.858E+00 -8.909E+00 -5.199E+00
  1.3960750E+04 -9.353E+00 -9.171E+00 -4.554E+00
  1.3961250E+04 -8.919E+00 -8.681E+00 -3.843E+00
  1.3961750E+04 -8.342E+00 -8.620E+00 -6.121E+00
  1.3962250E+04 -9.281E+00 -9.174E+00 -4.821E+00
  1.3962750E+04 -8.863E+00 -8.734E+00 -4.597E+00
  1.3963250E+04 -8.101E+00 -8.135E+00 -4.524E+00
  1.3963750E+04 -9.240E+00 -9.302E+00 -5.497E+00
  1.3964250E+04 -9.287E+00 -9.144E+00 -4.166E+00
  1.3964750E+04 -7.847E+00 -7.930E+00 -4.896E+00
  1.3965250E+04 -8.644E+00 -8.679E+00 -5.149E+00
  1.3965750E+04 -9.246E+00 -9.264E+00 -5.021E+00
  1.3966250E+04 -8.681E+00 -8.695E+00 -5.027E+00
  1.3966750E+04 -8.434E+00 -8.727E+00 -5.657E+00
  1.3967250E+04 -7.373E+00 -7.613E+00 -5.728E+00
  1.3967750E+04 -8.840E+00 -8.636E+00 -4.068E+00
  1.3968250E+04 -8.745E+00 -8.726E+00 -4.670E+00
  1.3968750E+04 -7.931E+00 -7.929E+00 -4.393E+00
  1.3969250E+04 -9.103E+00 -9.002E+00 -4.532E+00
  1.3969750E+04 -8.545E+00 -8.600E+00 -5.110E+00
  1.3970250E+04 -8.218E+00 -8.212E+00 -4.784E+00
  1.3970750E+04 -8.235E+00 -8.058E+00 -4.090E+00
  1.3971250E+04 -8.158E+00 -8.296E+00 -5.295E+00
  1.3971750E+04 -9.057E+00 -9.070E+00 -5.002E+00
  1.3972250E+04 -8.384E+00 -8.211E+00 -3.600E+00
  1.3972750E+04 -8.468E+00 -8.088E+00 -3.055E+00
  1.3973250E+04 -9.134E+00 -8.923E+00 -4.204E+00
  1.3973750E+04 -7.010E+00 -6.832E+00 -3.333E+00
  1.3974250E+04 -7.310E+00 -7.603E+00 -5.409E+00
  1.3974750E+04 -8.303E+00 -8.471E+00 -5.495E+00
  1.3975250E+04 -8.715E+00 -8.376E+00 -2.861E+00
  1.3975750E+04 -8.649E+00 -7.700E+00 -3.872E+00
  1.3976250E+04 -7.941E+00 -7.097E+00 -4.485E+00
  1.3976750E+04 -8.049E+00 -8.162E+00 -4.929E+00
  1.3977250E+04 -8.226E+00 -8.168E+00 -4.508E+00
  1.3977750E+04 -7.425E+00 -7.243E+00 -3.631E+00
  1.3978250E+04 -8.002E+00 -7.958E+00 -4.237E+00
  1.3978750E+04 -8.477E+00 -8.334E+00 -4.434E+00
  1.3979250E+04 -7.828E+00 -7.662E+00 -3.749E+00
  1.3979750E+04 -7.286E+00 -7.226E+00 -3.646E+00
  1.3980250E+04 -7.845E+00 -7.723E+00 -3.475E+00
  1.3980750E+04 -7.527E+00 -7.366E+00 -3.735E+00
  1.3981250E+04 -7.496E+00 -7.514E+00 -4.742E+00
  1.3981750E+04 -8.336E+00 -8.390E+00 -4.712E+00
  1.3982250E+04 -9.070E+00 -8.783E+00 -3.870E+00
  1.3982750E+04 -7.835E+00 -7.743E+00 -3.954E+00
  1.3983250E+04 -8.516E+00 -8.243E+00 -3.963E+00
  1.3983750E+04 -8.190E+00 -8.026E+00 -3.999E+00
  1.3984250E+04 -7.663E+00 -7.757E+00 -4.754E+00
  1.3984750E+04 -8.182E+00 -7.960E+00 -3.694E+00
  1.3985250E+04 -8.059E+00 -8.101E+00 -4.656E+00
  1.3985750E+04 -7.632E+00 -7.627E+00 -4.088E+00
  1.3986250E+04 -7.554E+00 -7.658E+00 -4.560E+00
  1.3986750E+04 -6.961E+00 -6.868E+00 -3.338E+00
  1.3987250E+04 -7.652E+00 -7.443E+00 -3.150E+00
  1.3987750E+04 -7.596E+00 -7.670E+00 -4.779E+00
  1.3988250E+04 -7.121E+00 -7.207E+00 -4.634E+00
  1.3988750E+04 -8.033E+00 -7.923E+00 -4.505E+00
  1.3989250E+04 -7.474E+00 -7.543E+00 -4.582E+00
  1.3989750E+04 -7.750E+00 -7.574E+00 -3.890E+00
  1.3990250E+04 -7.808E+00 -7.617E+00 -3.549E+00
  1.3990750E+04 -6.697E+00 -6.864E+00 -4.551E+00
  1.3991250E+04 -8.194E+00 -8.134E+00 -4.460E+00
  1.3991750E+04 -7.584E+00 -7.600E+00 -4.607E+00
  1.3992250E+04 -6.214E+00 -6.225E+00 -3.354E+00
  1.3992750E+04 -6.986E+00 -6.604E+00 -2.157E+00
  1.3993250E+04 -7.558E+00 -7.559E+00 -3.802E+00
  1.3993750E+04 -6.894E+00 -6.907E+00 -4.050E+00
  1.3994250E+04 -6.621E+00 -6.638E+00 -3.889E+00
  1.3994750E+04 -8.200E+00 -7.793E+00 -2.592E+00
  1.3995250E+04 -8.260E+00 -7.890E+00 -2.989E+00
  1.3995750E+04 -6.305E+00 -6.569E+00 -4.513E+00
  1.3996250E+04 -6.919E+00 -6.571E+00 -2.694E+00
  1.3996750E+04 -7.347E+00 -7.347E+00 -4.331E+00
  1.3997250E+04 -8.186E+00 -8.134E+00 -4.519E+00
  1.3997750E+04 -7.060E+00 -7.044E+00 -3.739E+00
  1.3998250E+04 -6.260E+00 -6.330E+00 -3.894E+00
  1.3998750E+04 -7.094E+00 -7.158E+00 -4.107E+00
  1.3999250E+04 -7.059E+00 -6.848E+00 -4.185E+00
  1.3999750E+04 -6.447E+00 -6.291E+00 -3.230E+00
  1.4000250E+04 -7.323E+00 -7.111E+00 -3.054E+00
  1.4000750E+04 -5.765E+00 -5.755E+00 -2.663E+00
  1.4001250E+04 -7.379E+00 -7.175E+00 -4.107E+00
  1.4001750E+04 -6.538E+00 -6.386E+00 -2.400E+00
  1.4002250E+04 -7.209E+00 -7.096E+00 -3.443E+00
  1.4002750E+04 -7.131E+00 -7.144E+00 -3.685E+00
  1.4003250E+04 -7.013E+00 -6.790E+00 -2.886E+00
  1.4003750E+04 -7.958E+00 -8.047E+00 -4.571E+00
  1.4004250E+04 -7.392E+00 -7.360E+00 -4.019E+00
  1.4004750E+04 -6.510E+00 -6.590E+00 -3.951E+00
  1.4005250E+04 -8.329E+00 -7.998E+00 -3.220E+00
  1.4005750E+04 -7.414E+00 -7.250E+00 -2.976E+00
  1.4006250E+04 -6.307E+00 -6.274E+00 -3.348E+00
  1.4006750E+04 -6.033E+00 -6.255E+00 -3.849E+00
  1.4007250E+04 -6.017E+00 -6.412E+00 -5.081E+00
  1.4007750E+04 -6.077E+00 -6.037E+00 -3.670E+00
  1.4008250E+04 -7.316E+00 -7.031E+00 -3.162E+00
  1.4008750E+04 -6.971E+00 -6.906E+00 -3.745E+00
  1.4009250E+04 -6.692E+00 -6.717E+00 -3.940E+00
  1.4009750E+04 -7.119E+00 -6.799E+00 -3.907E+00
  1.4010250E+04 -6.607E+00 -5.896E+00 -2.986E+00
  1.4010750E+04 -7.412E+00 -7.367E+00 -3.472E+00
  1.4011250E+04 -6.551E+00 -6.559E+00 -3.820E+00
  1.4011750E+04 -5.521E+00 -5.539E+00 -3.599E+00
  1.4012250E+04 -5.777E+00 -5.760E+00 -3.063E+00
  1.4012750E+04 -6.902E+00 -6.875E+00 -4.109E+00
  1.4013250E+04 -6.876E+00 -6.906E+00 -3.769E+00
  1.4013750E+04 -5.454E+00 -5.738E+00 -4.855E+00
  1.4014250E+04 -6.037E+00 -6.284E+00 -4.124E+00
  1.4014750E+04 -7.020E+00 -7.004E+00 -3.659E+00
  1.4015250E+04 -6.599E+00 -6.466E+00 -3.119E+00
  1.4015750E+04 -6.286E+00 -6.181E+00 -2.979E+00
  1.4016250E+04 -6.751E+00 -6.316E+00 -2.063E+00
  1.4016750E+04 -6.465E+00 -6.472E+00 -3.421E+00
  1.4017250E+04 -6.625E+00 -6.605E+00 -3.533E+00
  1.4017750E+04 -5.939E+00 -5.831E+00 -2.997E+00
  1.4018250E+04 -6.723E+00 -6.624E+00 -3.224E+00
  1.4018750E+04 -6.318E+00 -6.068E+00 -2.498E+00
  1.4019250E+04 -6.639E+00 -6.593E+00 -3.640E+00
  1.4019750E+04 -6.043E+00 -5.891E+00 -3.146E+00
  1.4020250E+04 -6.380E+00 -6.347E+00 -3.262E+00
  1.4020750E+04 -6.389E+00 -6.460E+00 -3.675E+00
  1.4021250E+04 -6.574E+00 -6.391E+00 -3.006E+00
  1.4021750E+04 -6.817E+00 -6.729E+00 -3.510E+00
  1.4022250E+04 -6.043E+00 -6.204E+00 -3.958E+00
  1.4022750E+04 -6.188E+00 -6.338E+00 -3.970E+00
  1.4023250E+04 -6.601E+00 -6.229E+00 -2.504E+00
  1.4023750E+04 -6.260E+00 -6.275E+00 -3.791E+00
  1.4024250E+04 -5.359E+00 -5.466E+00 -3.416E+00
  1.4024750E+04 -6.513E+00 -6.425E+00 -3.257E+00
  1.4025250E+04 -6.969E+00 -6.798E+00 -2.829E+00
  1.4025750E+04 -5.813E+00 -5.591E+00 -2.106E+00
  1.4026250E+04 -6.385E+00 -6.128E+00 -2.421E+00
  1.4026750E+04 -5.662E+00 -5.396E+00 -2.081E+00
  1.4027250E+04 -6.452E+00 -6.348E+00 -3.080E+00
  1.4027750E+04 -6.718E+00 -6.813E+00 -4.386E+00
  1.4028250E+04 -6.602E+00 -6.758E+00 -4.671E+00
  1.4028750E+04 -6.508E+00 -6.669E+00 -4.480E+00
  1.4029250E+04 -5.632E+00 -5.613E+00 -2.859E+00
  1.4029750E+04 -6.107E+00 -5.948E+00 -2.795E+00
  1.4030250E+04 -6.466E+00 -6.269E+00 -2.977E+00
  1.4030750E+04 -5.197E+00 -5.146E+00 -2.527E+00
  1.4031250E+04 -6.574E+00 -6.471E+00 -3.276E+00
  1.4031750E+04 -6.349E+00 -6.237E+00 -3.116E+00
  1.4032250E+04 -6.142E+00 -6.318E+00 -4.081E+00
  1.4032750E+04 -6.100E+00 -5.958E+00 -2.660E+00
  1.4033250E+04 -4.715E+00 -4.875E+00 -3.173E+00
  1.4033750E+04 -5.865E+00 -5.749E+00 -2.791E+00
  1.4034250E+04 -5.859E+00 -5.870E+00 -3.076E+00
  1.4034750E+04 -6.075E+00 -5.949E+00 -2.351E+00
  1.4035250E+04 -6.476E+00 -6.446E+00 -3.610E+00
  1.4035750E+04 -5.642E+00 -5.569E+00 -3.028E+00
  1.4036250E+04 -5.392E+00 -5.608E+00 -3.930E+00
  1.4036750E+04 -5.740E+00 -5.628E+00 -2.862E+00
  1.4037250E+04 -4.908E+00 -4.831E+00 -2.355E+00
  1.4037750E+04 -5.643E+00 -5.600E+00 -2.449E+00
  1.4038250E+04 -5.389E+00 -5.521E+00 -3.554E+00
  1.4038750E+04 -6.228E+00 -5.918E+00 -2.021E+00
  1.4039250E+04 -5.994E+00 -5.906E+00 -3.080E+00
  1.4039750E+04 -5.235E+00 -5.269E+00 -3.213E+00
  1.4040250E+04 -5.842E+00 -5.667E+00 -2.348E+00
  1.4040750E+04 -6.052E+00 -5.891E+00 -2.787E+00
  1.4041250E+04 -5.256E+00 -5.068E+00 -2.294E+00
  1.4041750E+04 -6.267E+00 -5.980E+00 -1.893E+00
  1.4042250E+04 -6.673E+00 -6.402E+00 -2.562E+00
  1.4042750E+04 -5.360E+00 -5.281E+00 -2.485E+00
  1.4043250E+04 -5.490E+00 -5.629E+00 -3.728E+00
  1.4043750E+04 -5.143E+00 -5.091E+00 -2.444E+00
  1.4044250E+04 -5.262E+00 -5.279E+00 -3.525E+00
  1.4044750E+04 -5.735E+00 -5.818E+00 -3.892E+00
  1.4045250E+04 -6.004E+00 -5.774E+00 -2.502E+00
  1.4045750E+04 -6.166E+00 -5.986E+00 -2.014E+00
  1.4046250E+04 -5.574E+00 -5.754E+00 -3.675E+00
  1.4046750E+04 -5.521E+00 -5.505E+00 -3.275E+00
  1.4047250E+04 -5.485E+00 -5.929E+00 -3.173E+00
  1.4047750E+04 -5.850E+00 -5.487E+00 -1.886E+00
  1.4048250E+04 -5.330E+00 -5.303E+00 -2.559E+00
  1.4048750E+04 -5.402E+00 -5.383E+00 -2.862E+00
  1.4049250E+04 -5.530E+00 -5.678E+00 -3.861E+00
  1.4049750E+04 -6.064E+00 -6.007E+00 -3.200E+00
  1.4050250E+04 -4.798E+00 -4.703E+00 -2.193E+00
  1.4050750E+04 -6.022E+00 -5.906E+00 -2.810E+00
  1.4051250E+04 -6.481E+00 -6.351E+00 -2.789E+00
  1.4051750E+04 -4.990E+00 -4.973E+00 -2.870E+00
  1.4052250E+04 -4.920E+00 -5.095E+00 -3.647E+00
  1.4052750E+04 -5.561E+00 -5.562E+00 -3.011E+00
  1.4053250E+04 -5.717E+00 -5.786E+00 -3.358E+00
  1.4053750E+04 -5.649E+00 -5.650E+00 -2.878E+00
  1.4054250E+04 -6.268E+00 -5.828E+00 -1.630E+00
  1.4054750E+04 -5.941E+00 -5.711E+00 -2.165E+00
  1.4055250E+04 -4.676E+00 -4.570E+00 -2.751E+00
  1.4055750E+04 -4.845E+00 -4.948E+00 -3.215E+00
  1.4056250E+04 -5.057E+00 -5.045E+00 -2.355E+00
  1.4056750E+04 -4.581E+00 -4.577E+00 -2.701E+00
  1.4057250E+04 -4.766E+00 -4.548E+00 -2.007E+00
  1.4057750E+04 -5.599E+00 -5.533E+00 -2.905E+00
  1.4058250E+04 -5.198E+00 -5.306E+00 -2.895E+00
  1.4058750E+04 -5.628E+00 -5.471E+00 -2.523E+00
  1.4059250E+04 -4.965E+00 -5.116E+00 -3.584E+00
  1.4059750E+04 -5.423E+00 -5.515E+00 -3.177E+00
  1.4060250E+04 -6.229E+00 -6.007E+00 -2.494E+00
  1.4060750E+04 -4.776E+00 -4.488E+00 -1.198E+00
  1.4061250E+04 -5.230E+00 -5.144E+00 -2.107E+00
  1.4061750E+04 -5.248E+00 -5.378E+00 -3.545E+00
  1.4062250E+04 -5.006E+00 -5.077E+00 -3.228E+00
  1.4062750E+04 -5.041E+00 -5.161E+00 -3.278E+00
  1.4063250E+04 -4.908E+00 -4.667E+00 -1.786E+00
  1.4063750E+04 -4.220E+00 -4.222E+00 -2.347E+00
  1.4064250E+04 -4.352E+00 -4.355E+00 -2.645E+00
  1.4064750E+04 -4.537E+00 -4.776E+00 -3.403E+00
  1.4065250E+04 -5.333E+00 -5.329E+00 -2.992E+00
  1.4065750E+04 -5.526E+00 -5.280E+00 -1.974E+00
  1.4066250E+04 -4.574E+00 -4.378E+00 -2.099E+00
  1.4066750E+04 -4.416E+00 -4.739E+00 -3.732E+00
  1.4067250E+04 -4.364E+00 -4.211E+00 -1.806E+00
  1.4067750E+04 -4.880E+00 -4.560E+00 -1.445E+00
  1.4068250E+04 -5.593E+00 -5.625E+00 -3.289E+00
  1.4068750E+04 -5.032E+00 -5.052E+00 -3.102E+00
  1.4069250E+04 -5.014E+00 -5.014E+00 -2.707E+00
  1.4069750E+04 -5.043E+00 -5.089E+00 -2.967E+00
  1.4070250E+04 -5.276E+00 -5.248E+00 -2.796E+00
  1.4070750E+04 -5.469E+00 -5.322E+00 -2.138E+00
  1.4071250E+04 -5.518E+00 -5.509E+00 -2.775E+00
  1.4071750E+04 -5.170E+00 -4.255E+00 -3.200E+00
  1.4072250E+04 -4.598E+00 -4.601E+00 -3.506E+00
  1.4072750E+04 -5.368E+00 -5.356E+00 -2.446E+00
  1.4073250E+04 -5.395E+00 -5.301E+00 -2.538E+00
  1.4073750E+04 -4.749E+00 -4.906E+00 -3.664E+00
  1.4074250E+04 -4.192E+00 -4.169E+00 -2.348E+00
  1.4074750E+04 -4.523E+00 -4.597E+00 -2.763E+00
  1.4075250E+04 -4.666E+00 -4.680E+00 -2.976E+00
  1.4075750E+04 -4.689E+00 -4.554E+00 -2.043E+00
  1.4076250E+04 -5.084E+00 -4.961E+00 -2.142E+00
  1.4076750E+04 -4.487E+00 -4.437E+00 -2.259E+00
  1.4077250E+04 -4.543E+00 -4.292E+00 -2.105E+00
  1.4077750E+04 -5.076E+00 -4.354E+00 -1.832E+00
  1.4078250E+04 -4.784E+00 -4.732E+00 -2.326E+00
  1.4078750E+04 -4.588E+00 -4.563E+00 -2.255E+00
  1.4079250E+04 -4.378E+00 -4.552E+00 -3.527E+00
  1.4079750E+04 -4.340E+00 -4.421E+00 -2.690E+00
  1.4080250E+04 -4.486E+00 -4.471E+00 -2.382E+00
  1.4080750E+04 -4.339E+00 -4.613E+00 -3.418E+00
  1.4081250E+04 -5.255E+00 -4.923E+00 -1.984E+00
  1.4081750E+04 -4.422E+00 -4.637E+00 -2.774E+00
  1.4082250E+04 -5.044E+00 -5.077E+00 -2.713E+00
  1.4082750E+04 -4.664E+00 -4.616E+00 -2.430E+00
  1.4083250E+04 -4.701E+00 -4.662E+00 -2.251E+00
  1.4083750E+04 -4.405E+00 -4.904E+00 -2.531E+00
  1.4084250E+04 -4.210E+00 -4.086E+00 -2.436E+00
  1.4084750E+04 -4.432E+00 -4.318E+00 -2.148E+00
  1.4085250E+04 -4.062E+00 -4.082E+00 -2.366E+00
  1.4085750E+04 -4.724E+00 -4.530E+00 -1.838E+00
  1.4086250E+04 -5.174E+00 -5.082E+00 -2.444E+00
  1.4086750E+04 -5.216E+00 -4.932E+00 -1.429E+00
  1.4087250E+04 -4.638E+00 -4.344E+00 -1.104E+00
  1.4087750E+04 -3.892E+00 -4.104E+00 -2.680E+00
  1.4088250E+04 -5.090E+00 -5.034E+00 -2.567E+00
  1.4088750E+04 -4.139E+00 -4.339E+00 -3.112E+00
  1.4089250E+04 -4.557E+00 -4.635E+00 -2.814E+00
  1.4089750E+04 -4.212E+00 -4.135E+00 -1.878E+00
  1.4090250E+04 -3.976E+00 -4.052E+00 -2.598E+00
  1.4090750E+04 -4.242E+00 -4.223E+00 -2.383E+00
  1.4091250E+04 -4.425E+00 -4.617E+00 -3.278E+00
  1.4091750E+04 -4.340E+00 -4.375E+00 -2.133E+00
  1.4092250E+04 -4.675E+00 -4.836E+00 -1.694E+00
  1.4092750E+04 -4.065E+00 -3.911E+00 -1.623E+00
  1.4093250E+04 -4.037E+00 -3.831E+00 -1.362E+00
  1.4093750E+04 -4.296E+00 -4.034E+00 -1.114E+00
  1.4094250E+04 -5.129E+00 -5.117E+00 -2.836E+00
  1.4094750E+04 -4.383E+00 -4.650E+00 -3.406E+00
  1.4095250E+04 -3.832E+00 -3.903E+00 -2.113E+00
  1.4095750E+04 -3.875E+00 -3.871E+00 -1.980E+00
  1.4096250E+04 -4.291E+00 -4.062E+00 -1.522E+00
  1.4096750E+04 -4.408E+00 -4.413E+00 -2.768E+00
  1.4097250E+04 -4.242E+00 -4.346E+00 -2.579E+00
  1.4097750E+04 -4.593E+00 -4.377E+00 -1.363E+00
  1.4098250E+04 -3.729E+00 -3.767E+00 -2.657E+00
  1.4098750E+04 -4.269E+00 -3.985E+00 -1.618E+00
  1.4099250E+04 -4.328E+00 -4.485E+00 -2.933E+00
  1.4099750E+04 -4.226E+00 -4.357E+00 -2.799E+00
  1.4100250E+04 -4.604E+00 -4.689E+00 -2.294E+00
  1.4100750E+04 -4.449E+00 -4.680E+00 -3.344E+00
  1.4101250E+04 -4.202E+00 -4.335E+00 -3.064E+00
  1.4101750E+04 -3.726E+00 -3.817E+00 -2.032E+00
  1.4102250E+04 -3.933E+00 -3.946E+00 -2.208E+00
  1.4102750E+04 -4.267E+00 -4.247E+00 -2.403E+00
  1.4103250E+04 -3.529E+00 -3.476E+00 -1.985E+00
  1.4103750E+04 -4.177E+00 -4.024E+00 -2.019E+00
  1.4104250E+04 -3.754E+00 -3.820E+00 -2.620E+00
  1.4104750E+04 -3.990E+00 -3.866E+00 -1.962E+00
  1.4105250E+04 -4.055E+00 -3.965E+00 -1.903E+00
  1.4105750E+04 -3.765E+00 -3.754E+00 -1.883E+00
  1.4106250E+04 -4.026E+00 -4.073E+00 -2.364E+00
  1.4106750E+04 -4.585E+00 -4.500E+00 -2.301E+00
  1.4107250E+04 -4.863E+00 -4.809E+00 -2.595E+00
  1.4107750E+04 -4.201E+00 -4.207E+00 -2.465E+00
  1.4108250E+04 -3.977E+00 -3.819E+00 -1.635E+00
  1.4108750E+04 -3.435E+00 -3.308E+00 -1.708E+00
  1.4109250E+04 -3.518E+00 -3.815E+00 -3.058E+00
  1.4109750E+04 -3.708E+00 -3.918E+00 -2.923E+00
  1.4110250E+04 -3.421E+00 -3.671E+00 -3.051E+00
  1.4110750E+04 -4.050E+00 -4.121E+00 -2.464E+00
  1.4111250E+04 -3.494E+00 -3.424E+00 -1.928E+00
  1.4111750E+04 -4.217E+00 -4.081E+00 -1.302E+00
  1.4112250E+04 -4.377E+00 -4.389E+00 -2.599E+00
  1.4112750E+04 -4.934E+00 -4.946E+00 -1.472E+00
  1.4113250E+04 -4.656E+00 -4.384E+00 -1.450E+00
  1.4113750E+04 -3.944E+00 -3.777E+00 -1.502E+00
  1.4114250E+04 -4.217E+00 -4.097E+00 -1.934E+00
  1.4114750E+04 -4.242E+00 -4.182E+00 -2.069E+00
  1.4115250E+04 -3.477E+00 -3.628E+00 -2.680E+00
  1.4115750E+04 -3.477E+00 -3.401E+00 -1.478E+00
  1.4116250E+04 -3.760E+00 -3.586E+00 -1.266E+00
  1.4116750E+04 -4.251E+00 -4.281E+00 -2.277E+00
  1.4117250E+04 -3.450E+00 -3.820E+00 -1.844E+00
  1.4117750E+04 -3.407E+00 -3.264E+00 -1.099E+00
  1.4118250E+04 -3.257E+00 -3.470E+00 -3.166E+00
  1.4118750E+04 -4.511E+00 -4.537E+00 -2.340E+00
  1.4119250E+04 -3.898E+00 -3.979E+00 -2.780E+00
  1.4119750E+04 -3.803E+00 -3.800E+00 -2.202E+00
  1.4120250E+04 -4.533E+00 -4.373E+00 -1.653E+00
  1.4120750E+04 -3.328E+00 -3.296E+00 -1.706E+00
  1.4121250E+04 -4.116E+00 -3.992E+00 -1.835E+00
  1.4121750E+04 -4.398E+00 -4.005E+00 -6.582E-01
  1.4122250E+04 -4.450E+00 -4.299E+00 -1.908E+00
  1.4122750E+04 -3.589E+00 -3.823E+00 -3.072E+00
  1.4123250E+04 -3.242E+00 -3.331E+00 -1.992E+00
  1.4123750E+04 -3.211E+00 -3.255E+00 -1.907E+00
  1.4124250E+04 -2.953E+00 -3.179E+00 -2.607E+00
  1.4124750E+04 -3.385E+00 -3.512E+00 -2.359E+00
  1.4125250E+04 -3.700E+00 -3.660E+00 -2.073E+00
  1.4125750E+04 -3.950E+00 -4.052E+00 -2.729E+00
  1.4126250E+04 -4.322E+00 -3.967E+00 -1.015E+00
  1.4126750E+04 -4.325E+00 -4.279E+00 -2.348E+00
  1.4127250E+04 -3.346E+00 -3.372E+00 -2.320E+00
  1.4127750E+04 -3.794E+00 -3.979E+00 -2.943E+00
  1.4128250E+04 -2.740E+00 -2.864E+00 -2.002E+00
  1.4128750E+04 -4.277E+00 -4.305E+00 -2.370E+00
  1.4129250E+04 -3.555E+00 -3.713E+00 -2.236E+00
  1.4129750E+04 -3.616E+00 -3.449E+00 -1.614E+00
  1.4130250E+04 -3.722E+00 -3.773E+00 -1.869E+00
  1.4130750E+04 -3.658E+00 -3.542E+00 -1.620E+00
  1.4131250E+04 -3.761E+00 -3.716E+00 -1.743E+00
  1.4131750E+04 -4.042E+00 -3.820E+00 -1.238E+00
  1.4132250E+04 -3.506E+00 -3.472E+00 -1.846E+00
  1.4132750E+04 -3.868E+00 -3.944E+00 -2.043E+00
  1.4133250E+04 -3.358E+00 -3.545E+00 -2.772E+00
  1.4133750E+04 -4.722E+00 -4.380E+00 -1.375E+00
  1.4134250E+04 -2.962E+00 -3.171E+00 -2.423E+00
  1.4134750E+04 -3.209E+00 -3.205E+00 -1.499E+00
  1.4135250E+04 -3.907E+00 -3.682E+00 -1.200E+00
  1.4135750E+04 -3.986E+00 -3.759E+00 -1.021E+00
  1.4136250E+04 -3.258E+00 -3.325E+00 -1.863E+00
  1.4136750E+04 -3.991E+00 -3.979E+00 -1.578E+00
  1.4137250E+04 -3.499E+00 -3.381E+00 -1.267E+00
  1.4137750E+04 -4.107E+00 -3.937E+00 -1.877E+00
  1.4138250E+04 -3.967E+00 -4.080E+00 -2.981E+00
  1.4138750E+04 -3.148E+00 -3.160E+00 -1.860E+00
  1.4139250E+04 -2.911E+00 -3.064E+00 -2.851E+00
  1.4139750E+04 -3.649E+00 -3.409E+00 -7.678E-01
  1.4140250E+04 -2.998E+00 -2.932E+00 -1.323E+00
  1.4140750E+04 -4.220E+00 -4.135E+00 -1.971E+00
  1.4141250E+04 -3.673E+00 -3.806E+00 -2.203E+00
  1.4141750E+04 -2.996E+00 -3.038E+00 -1.740E+00
  1.4142250E+04 -3.513E+00 -3.270E+00 -7.902E-01
  1.4142750E+04 -2.467E+00 -2.425E+00 -1.500E+00
  1.4143250E+04 -3.673E+00 -3.683E+00 -2.212E+00
  1.4143750E+04 -4.285E+00 -4.217E+00 -1.581E+00
  1.4144250E+04 -2.919E+00 -2.964E+00 -2.123E+00
  1.4144750E+04 -4.156E+00 -4.064E+00 -1.846E+00
  1.4145250E+04 -3.662E+00 -3.564E+00 -1.409E+00
  1.4145750E+04 -2.879E+00 -3.024E+00 -2.014E+00
  1.4146250E+04 -3.549E+00 -3.626E+00 -1.971E+00
  1.4146750E+04 -3.307E+00 -3.259E+00 -1.871E+00
  1.4147250E+04 -3.113E+00 -2.958E+00 -1.406E+00
  1.4147750E+04 -4.091E+00 -3.765E+00 -1.214E+00
  1.4148250E+04 -3.296E+00 -3.225E+00 -2.005E+00
  1.4148750E+04 -3.293E+00 -3.333E+00 -1.753E+00
  1.4149250E+04 -3.156E+00 -3.350E+00 -2.471E+00
  1.4149750E+04 -2.841E+00 -2.879E+00 -1.860E+00
  1.4150250E+04 -3.253E+00 -3.305E+00 -2.116E+00
  1.4150750E+04 -3.529E+00 -3.364E+00 -1.522E+00
  1.4151250E+04 -3.126E+00 -3.166E+00 -1.692E+00
  1.4151750E+04 -3.058E+00 -2.913E+00 -1.118E+00
  1.4152250E+04 -3.467E+00 -3.397E+00 -1.551E+00
  1.4152750E+04 -3.262E+00 -3.208E+00 -1.491E+00
  1.4153250E+04 -3.125E+00 -3.109E+00 -1.482E+00
  1.4153750E+04 -4.264E+00 -4.154E+00 -1.776E+00
  1.4154250E+04 -3.556E+00 -3.517E+00 -2.390E+00
  1.4154750E+04 -3.134E+00 -3.066E+00 -1.847E+00
  1.4155250E+04 -2.655E+00 -2.785E+00 -2.060E+00
  1.4155750E+04 -2.949E+00 -3.054E+00 -1.844E+00
  1.4156250E+04 -3.332E+00 -3.363E+00 -2.238E+00
  1.4156750E+04 -4.090E+00 -3.860E+00 -1.669E+00
  1.4157250E+04 -3.156E+00 -2.956E+00 -1.807E+00
  1.4157750E+04 -2.431E+00 -2.339E+00 -1.100E+00
  1.4158250E+04 -2.592E+00 -2.733E+00 -2.022E+00
  1.4158750E+04 -3.040E+00 -3.056E+00 -1.828E+00
  1.4159250E+04 -3.166E+00 -3.229E+00 -1.962E+00
  1.4159750E+04 -3.514E+00 -3.545E+00 -2.077E+00
  1.4160250E+04 -2.914E+00 -3.145E+00 -1.547E+00
  1.4160750E+04 -2.637E+00 -2.804E+00 -1.718E+00
  1.4161250E+04 -3.074E+00 -2.939E+00 -1.003E+00
  1.4161750E+04 -3.170E+00 -3.340E+00 -3.145E+00
  1.4162250E+04 -3.886E+00 -3.853E+00 -2.185E+00
  1.4162750E+04 -3.278E+00 -3.374E+00 -2.314E+00
  1.4163250E+04 -2.898E+00 -2.968E+00 -1.369E+00
  1.4163750E+04 -2.915E+00 -2.953E+00 -1.763E+00
  1.4164250E+04 -3.156E+00 -3.113E+00 -1.652E+00
  1.4164750E+04 -3.071E+00 -3.104E+00 -1.541E+00
  1.4165250E+04 -3.299E+00 -3.272E+00 -1.780E+00
  1.4165750E+04 -3.364E+00 -3.411E+00 -1.940E+00
  1.4166250E+04 -2.919E+00 -2.933E+00 -1.374E+00
  1.4166750E+04 -3.187E+00 -3.155E+00 -1.589E+00
  1.4167250E+04 -2.239E+00 -2.368E+00 -2.075E+00
  1.4167750E+04 -3.204E+00 -3.245E+00 -1.940E+00
  1.4168250E+04 -2.710E+00 -2.756E+00 -1.455E+00
  1.4168750E+04 -3.328E+00 -3.184E+00 -1.035E+00
  1.4169250E+04 -3.433E+00 -3.159E+00 -1.151E+00
  1.4169750E+04 -3.352E+00 -3.351E+00 -2.141E+00
  1.4170250E+04 -3.321E+00 -3.340E+00 -1.783E+00
  1.4170750E+04 -2.847E+00 -2.775E+00 -1.289E+00
  1.4171250E+04 -2.592E+00 -2.640E+00 -1.565E+00
  1.4171750E+04 -2.447E+00 -2.558E+00 -1.531E+00
  1.4172250E+04 -2.902E+00 -3.057E+00 -2.459E+00
  1.4172750E+04 -3.059E+00 -3.027E+00 -1.426E+00
  1.4173250E+04 -3.119E+00 -3.051E+00 -1.496E+00
  1.4173750E+04 -2.787E+00 -2.713E+00 -1.479E+00
  1.4174250E+04 -3.045E+00 -3.255E+00 -1.939E+00
  1.4174750E+04 -3.610E+00 -3.349E+00 -6.239E-01
  1.4175250E+04 -3.191E+00 -3.121E+00 -1.623E+00
  1.4175750E+04 -3.272E+00 -3.126E+00 -1.378E+00
  1.4176250E+04 -3.248E+00 -3.005E+00 -9.039E-01
  1.4176750E+04 -3.076E+00 -2.913E+00 -1.284E+00
  1.4177250E+04 -2.961E+00 -3.026E+00 -1.725E+00
  1.4177750E+04 -2.859E+00 -2.974E+00 -2.199E+00
  1.4178250E+04 -2.987E+00 -2.968E+00 -1.600E+00
  1.4178750E+04 -3.535E+00 -3.733E+00 -2.507E+00
  1.4179250E+04 -2.969E+00 -3.036E+00 -1.911E+00
  1.4179750E+04 -3.222E+00 -3.200E+00 -1.699E+00
  1.4180250E+04 -2.698E+00 -2.679E+00 -1.305E+00
  1.4180750E+04 -2.687E+00 -2.655E+00 -1.213E+00
  1.4181250E+04 -2.997E+00 -3.056E+00 -1.379E+00
  1.4181750E+04 -2.872E+00 -2.858E+00 -2.034E+00
  1.4182250E+04 -2.311E+00 -2.431E+00 -1.415E+00
  1.4182750E+04 -3.357E+00 -3.336E+00 -1.689E+00
  1.4183250E+04 -2.697E+00 -2.599E+00 -1.436E+00
  1.4183750E+04 -3.364E+00 -3.173E+00 -4.215E-01
  1.4184250E+04 -2.970E+00 -3.048E+00 -1.969E+00
  1.4184750E+04 -2.745E+00 -2.635E+00 -1.312E+00
  1.4185250E+04 -3.286E+00 -3.083E+00 -1.200E+00
  1.4185750E+04 -3.295E+00 -3.199E+00 -1.665E+00
  1.4186250E+04 -3.132E+00 -3.220E+00 -2.175E+00
  1.4186750E+04 -2.151E+00 -2.152E+00 -1.266E+00
  1.4187250E+04 -3.084E+00 -3.117E+00 -1.572E+00
  1.4187750E+04 -2.897E+00 -2.723E+00 -8.883E-01
  1.4188250E+04 -3.017E+00 -2.870E+00 -1.191E+00
  1.4188750E+04 -2.844E+00 -3.087E+00 -2.229E+00
  1.4189250E+04 -2.838E+00 -2.609E+00 -7.281E-01
  1.4189750E+04 -2.976E+00 -2.765E+00 -7.328E-01
  1.4190250E+04 -2.113E+00 -2.168E+00 -2.181E+00
  1.4190750E+04 -3.082E+00 -3.108E+00 -1.809E+00
  1.4191250E+04 -3.061E+00 -2.930E+00 -1.221E+00
  1.4191750E+04 -1.714E+00 -1.882E+00 -1.958E+00
  1.4192250E+04 -2.779E+00 -2.731E+00 -1.607E+00
  1.4192750E+04 -3.312E+00 -3.196E+00 -1.336E+00
  1.4193250E+04 -2.472E+00 -2.549E+00 -1.635E+00
  1.4193750E+04 -2.733E+00 -2.736E+00 -1.667E+00
  1.4194250E+04 -2.729E+00 -2.667E+00 -1.309E+00
  1.4194750E+04 -2.966E+00 -3.151E+00 -1.930E+00
  1.4195250E+04 -2.598E+00 -2.646E+00 -1.795E+00
  1.4195750E+04 -3.410E+00 -3.260E+00 -1.254E+00
  1.4196250E+04 -3.381E+00 -3.333E+00 -1.159E+00
  1.4196750E+04 -2.294E+00 -2.173E+00 -9.306E-01
  1.4197250E+04 -1.721E+00 -1.835E+00 -1.185E+00
  1.4197750E+04 -2.504E+00 -2.643E+00 -1.775E+00
  1.4198250E+04 -2.643E+00 -2.679E+00 -1.407E+00
  1.4198750E+04 -2.703E+00 -2.479E+00 -8.398E-01
  1.4199250E+04 -3.298E+00 -3.531E+00 -1.106E+00
  1.4199750E+04 -2.557E+00 -2.616E+00 -1.617E+00
  1.4200250E+04 -2.545E+00 -2.446E+00 -8.376E-01
  1.4200750E+04 -3.194E+00 -3.062E+00 -1.115E+00
  1.4201250E+04 -3.405E+00 -3.259E+00 -1.561E+00
  1.4201750E+04 -2.001E+00 -2.224E+00 -2.253E+00
  1.4202250E+04 -2.752E+00 -2.616E+00 -7.153E-01
  1.4202750E+04 -2.944E+00 -2.746E+00 -8.800E-01
  1.4203250E+04 -2.524E+00 -2.590E+00 -1.650E+00
  1.4203750E+04 -2.749E+00 -2.835E+00 -1.802E+00
  1.4204250E+04 -2.467E+00 -2.586E+00 -1.787E+00
  1.4204750E+04 -2.429E+00 -2.465E+00 -1.544E+00
  1.4205250E+04 -2.588E+00 -2.719E+00 -1.961E+00
  1.4205750E+04 -2.799E+00 -2.832E+00 -1.521E+00
  1.4206250E+04 -3.191E+00 -2.954E+00 -1.178E+00
  1.4206750E+04 -2.624E+00 -2.674E+00 -1.666E+00
  1.4207250E+04 -2.620E+00 -2.667E+00 -1.606E+00
  1.4207750E+04 -2.401E+00 -2.356E+00 -1.302E+00
  1.4208250E+04 -2.405E+00 -2.510E+00 -1.927E+00
  1.4208750E+04 -2.148E+00 -2.258E+00 -2.041E+00
  1.4209250E+04 -2.419E+00 -2.507E+00 -1.816E+00
  1.4209750E+04 -2.603E+00 -2.531E+00 -1.076E+00
  1.4210250E+04 -2.748E+00 -2.651E+00 -1.269E+00
  1.4210750E+04 -2.665E+00 -2.740E+00 -1.434E+00
  1.4211250E+04 -2.402E+00 -2.439E+00 -1.674E+00
  1.4211750E+04 -2.660E+00 -2.737E+00 -1.618E+00
  1.4212250E+04 -2.424E+00 -2.340E+00 -8.954E-01
  1.4212750E+04 -2.497E+00 -2.412E+00 -9.911E-01
  1.4213250E+04 -2.818E+00 -2.735E+00 -1.077E+00
  1.4213750E+04 -3.308E+00 -3.232E+00 -1.438E+00
  1.4214250E+04 -2.660E+00 -2.519E+00 -8.711E-01
  1.4214750E+04 -2.095E+00 -2.156E+00 -1.258E+00
  1.4215250E+04 -2.553E+00 -2.718E+00 -1.864E+00
  1.4215750E+04 -2.538E+00 -2.492E+00 -1.015E+00
  1.4216250E+04 -1.849E+00 -1.760E+00 -5.622E-01
  1.4216750E+04 -1.846E+00 -1.887E+00 -1.209E+00
  1.4217250E+04 -2.453E+00 -2.489E+00 -1.192E+00
  1.4217750E+04 -2.874E+00 -2.852E+00 -1.627E+00
  1.4218250E+04 -2.521E+00 -2.494E+00 -2.022E+00
  1.4218750E+04 -2.930E+00 -2.921E+00 -1.503E+00
  1.4219250E+04 -2.505E+00 -2.483E+00 -1.000E+00
  1.4219750E+04 -1.841E+00 -1.953E+00 -1.355E+00
  1.4220250E+04 -2.088E+00 -2.106E+00 -1.034E+00
  1.4220750E+04 -2.893E+00 -2.825E+00 -1.201E+00
  1.4221250E+04 -2.440E+00 -2.544E+00 -1.790E+00
  1.4221750E+04 -2.693E+00 -2.633E+00 -1.143E+00
  1.4222250E+04 -2.889E+00 -2.881E+00 -1.340E+00
  1.4222750E+04 -2.625E+00 -2.424E+00 -5.080E-01
  1.4223250E+04 -2.768E+00 -2.676E+00 -1.757E+00
  1.4223750E+04 -2.188E+00 -2.323E+00 -2.095E+00
  1.4224250E+04 -2.160E+00 -2.138E+00 -9.398E-01
  1.4224750E+04 -2.692E+00 -2.473E+00 -6.445E-01
  1.4225250E+04 -2.233E+00 -2.282E+00 -1.273E+00
  1.4225750E+04 -2.026E+00 -2.219E+00 -2.215E+00
  1.4226250E+04 -2.306E+00 -2.227E+00 -8.290E-01
  1.4226750E+04 -2.244E+00 -2.163E+00 -1.466E+00
  1.4227250E+04 -2.225E+00 -2.435E+00 -2.442E+00
  1.4227750E+04 -2.457E+00 -2.193E+00 -2.876E-01
  1.4228250E+04 -2.776E+00 -2.477E+00  1.755E-01
  1.4228750E+04 -1.898E+00 -1.886E+00 -1.082E+00
  1.4229250E+04 -3.157E+00 -3.110E+00 -1.549E+00
  1.4229750E+04 -2.428E+00 -2.301E+00 -7.705E-01
  1.4230250E+04 -2.228E+00 -2.208E+00 -1.293E+00
  1.4230750E+04 -1.676E+00 -1.858E+00 -1.873E+00
  1.4231250E+04 -2.366E+00 -2.255E+00 -5.689E-01
  1.4231750E+04 -2.356E+00 -2.603E+00 -2.354E+00
  1.4232250E+04 -2.907E+00 -2.955E+00 -1.870E+00
  1.4232750E+04 -2.070E+00 -2.237E+00 -1.902E+00
  1.4233250E+04 -1.652E+00 -1.590E+00 -6.360E-01
  1.4233750E+04 -2.132E+00 -2.268E+00 -6.068E-01
  1.4234250E+04 -2.873E+00 -2.944E+00 -7.581E-01
  1.4234750E+04 -3.011E+00 -2.928E+00 -1.245E+00
  1.4235250E+04 -2.104E+00 -2.063E+00 -1.144E+00
  1.4235750E+04 -2.211E+00 -2.309E+00 -1.813E+00
  1.4236250E+04 -1.718E+00 -1.865E+00 -1.518E+00
  1.4236750E+04 -1.614E+00 -1.762E+00 -1.038E+00
  1.4237250E+04 -1.898E+00 -1.880E+00 -1.168E+00
  1.4237750E+04 -2.155E+00 -2.081E+00 -1.146E+00
  1.4238250E+04 -2.896E+00 -2.915E+00 -1.645E+00
  1.4238750E+04 -2.649E+00 -2.603E+00 -1.450E+00
  1.4239250E+04 -2.754E+00 -2.634E+00 -7.658E-01
  1.4239750E+04 -2.101E+00 -2.207E+00 -1.413E+00
  1.4240250E+04 -2.443E+00 -2.382E+00 -1.051E+00
  1.4240750E+04 -2.505E+00 -2.456E+00 -1.206E+00
  1.4241250E+04 -2.524E+00 -2.403E+00 -8.841E-01
  1.4241750E+04 -2.469E+00 -2.320E+00 -8.829E-01
  1.4242250E+04 -1.506E+00 -1.665E+00 -1.308E+00
  1.4242750E+04 -1.799E+00 -1.916E+00 -1.766E+00
  1.4243250E+04 -2.181E+00 -2.080E+00 -7.397E-01
  1.4243750E+04 -2.494E+00 -2.430E+00 -1.177E+00
  1.4244250E+04 -2.470E+00 -2.468E+00 -1.233E+00
  1.4244750E+04 -2.284E+00 -2.401E+00 -1.784E+00
  1.4245250E+04 -1.975E+00 -2.130E+00 -2.255E+00
  1.4245750E+04 -2.099E+00 -1.925E+00 -2.250E-01
  1.4246250E+04 -2.481E+00 -2.241E+00  6.443E-02
  1.4246750E+04 -2.241E+00 -2.157E+00 -9.661E-01
  1.4247250E+04 -2.814E+00 -2.848E+00 -1.530E+00
  1.4247750E+04 -2.102E+00 -2.163E+00 -1.590E+00
  1.4248250E+04 -1.676E+00 -1.794E+00 -1.377E+00
  1.4248750E+04 -1.778E+00 -1.826E+00 -1.383E+00
  1.4249250E+04 -2.333E+00 -2.230E+00 -9.564E-01
  1.4249750E+04 -2.948E+00 -2.681E+00 -8.801E-01
  1.4250250E+04 -2.090E+00 -2.040E+00 -9.138E-01
  1.4250750E+04 -2.502E+00 -2.621E+00 -1.883E+00
  1.4251250E+04 -2.051E+00 -2.095E+00 -1.231E+00
  1.4251750E+04 -2.088E+00 -2.266E+00 -1.389E+00
  1.4252250E+04 -2.474E+00 -2.511E+00 -1.314E+00
  1.4252750E+04 -2.091E+00 -2.071E+00 -8.977E-01
  1.4253250E+04 -2.390E+00 -2.440E+00 -1.393E+00
  1.4253750E+04 -2.427E+00 -2.287E+00 -1.010E+00
  1.4254250E+04 -2.379E+00 -2.407E+00 -1.446E+00
  1.4254750E+04 -1.798E+00 -1.906E+00 -1.398E+00
  1.4255250E+04 -2.130E+00 -2.057E+00 -8.513E-01
  1.4255750E+04 -2.135E+00 -2.228E+00 -1.661E+00
  1.4256250E+04 -2.291E+00 -2.063E+00 -3.420E-01
  1.4256750E+04 -2.425E+00 -2.287E+00 -4.874E-01
  1.4257250E+04 -2.004E+00 -1.904E+00 -9.864E-01
  1.4257750E+04 -2.500E+00 -2.434E+00 -9.676E-01
  1.4258250E+04 -2.364E+00 -2.340E+00 -1.307E+00
  1.4258750E+04 -2.221E+00 -2.182E+00 -8.842E-01
  1.4259250E+04 -2.031E+00 -1.964E+00 -9.420E-01
  1.4259750E+04 -1.635E+00 -1.780E+00 -1.797E+00
  1.4260250E+04 -1.098E+00 -1.356E+00 -1.073E+00
  1.4260750E+04 -1.451E+00 -1.670E+00 -1.276E+00
  1.4261250E+04 -1.860E+00 -1.887E+00 -1.201E+00
  1.4261750E+04 -2.136E+00 -2.111E+00 -1.005E+00
  1.4262250E+04 -2.026E+00 -1.948E+00 -9.142E-01
  1.4262750E+04 -2.588E+00 -2.364E+00 -6.785E-01
  1.4263250E+04 -2.041E+00 -1.959E+00 -1.218E+00
  1.4263750E+04 -1.657E+00 -1.870E+00 -1.673E+00
  1.4264250E+04 -1.728E+00 -1.906E+00 -1.521E+00
  1.4264750E+04 -2.038E+00 -1.892E+00 -5.423E-01
  1.4265250E+04 -2.345E+00 -2.289E+00 -1.211E+00
  1.4265750E+04 -2.171E+00 -2.168E+00 -8.858E-01
  1.4266250E+04 -1.544E+00 -1.573E+00 -9.005E-01
  1.4266750E+04 -1.777E+00 -1.804E+00 -1.355E+00
  1.4267250E+04 -2.628E+00 -2.553E+00 -7.858E-01
  1.4267750E+04 -1.729E+00 -1.691E+00 -9.429E-01
  1.4268250E+04 -2.219E+00 -2.009E+00 -6.177E-01
  1.4268750E+04 -2.074E+00 -2.003E+00 -9.783E-01
  1.4269250E+04 -1.650E+00 -1.768E+00 -1.287E+00
  1.4269750E+04 -1.674E+00 -1.836E+00 -1.602E+00
  1.4270250E+04 -1.871E+00 -2.084E+00 -1.790E+00
  1.4270750E+04 -2.476E+00 -2.290E+00 -4.207E-01
  1.4271250E+04 -1.724E+00 -1.674E+00 -7.662E-01
  1.4271750E+04 -1.740E+00 -1.741E+00 -1.039E+00
  1.4272250E+04 -2.196E+00 -2.108E+00 -8.785E-01
  1.4272750E+04 -2.174E+00 -2.191E+00 -1.217E+00
  1.4273250E+04 -1.883E+00 -1.936E+00 -1.530E+00
  1.4273750E+04 -2.202E+00 -2.077E+00 -6.829E-01
  1.4274250E+04 -1.944E+00 -2.116E+00 -1.795E+00
  1.4274750E+04 -2.203E+00 -2.296E+00 -1.798E+00
  1.4275250E+04 -1.930E+00 -1.937E+00 -1.439E+00
  1.4275750E+04 -2.154E+00 -2.169E+00 -1.249E+00
  1.4276250E+04 -1.974E+00 -2.017E+00 -1.169E+00
  1.4276750E+04 -1.709E+00 -1.873E+00 -1.685E+00
  1.4277250E+04 -1.776E+00 -1.792E+00 -1.270E+00
  1.4277750E+04 -1.696E+00 -1.776E+00 -1.219E+00
  1.4278250E+04 -2.317E+00 -2.382E+00 -1.454E+00
  1.4278750E+04 -2.251E+00 -2.097E+00 -5.308E-01
  1.4279250E+04 -1.939E+00 -1.980E+00 -1.037E+00
  1.4279750E+04 -2.015E+00 -2.068E+00 -1.216E+00
  1.4280250E+04 -1.907E+00 -1.757E+00 -3.369E-01
  1.4280750E+04 -1.748E+00 -1.686E+00 -6.229E-01
  1.4281250E+04 -1.610E+00 -1.670E+00 -1.072E+00
  1.4281750E+04 -1.853E+00 -1.912E+00 -1.275E+00
  1.4282250E+04 -2.069E+00 -2.161E+00 -1.321E+00
  1.4282750E+04 -2.116E+00 -2.112E+00 -1.239E+00
  1.4283250E+04 -2.230E+00 -2.074E+00 -5.634E-01
  1.4283750E+04 -1.787E+00 -1.823E+00 -1.160E+00
  1.4284250E+04 -2.421E+00 -2.457E+00 -1.537E+00
  1.4284750E+04 -1.824E+00 -1.710E+00 -5.088E-01
  1.4285250E+04 -1.336E+00 -1.360E+00 -1.119E+00
  1.4285750E+04 -1.666E+00 -1.648E+00 -9.491E-01
  1.4286250E+04 -1.960E+00 -1.836E+00 -7.024E-01
  1.4286750E+04 -1.958E+00 -1.929E+00 -7.364E-01
  1.4287250E+04 -2.019E+00 -1.951E+00 -8.347E-01
  1.4287750E+04 -2.108E+00 -2.016E+00 -7.409E-01
  1.4288250E+04 -2.138E+00 -2.215E+00 -1.288E+00
  1.4288750E+04 -1.677E+00 -1.776E+00 -1.095E+00
  1.4289250E+04 -9.808E-01 -1.186E+00 -1.519E+00
  1.4289750E+04 -2.155E+00 -2.109E+00 -6.805E-01
  1.4290250E+04 -2.063E+00 -2.117E+00 -1.584E+00
  1.4290750E+04 -2.016E+00 -1.942E+00 -9.764E-01
  1.4291250E+04 -1.960E+00 -1.770E+00 -4.014E-01
  1.4291750E+04 -1.956E+00 -1.911E+00 -5.384E-01
  1.4292250E+04 -1.953E+00 -1.948E+00 -1.171E+00
  1.4292750E+04 -1.794E+00 -1.886E+00 -1.296E+00
  1.4293250E+04 -1.508E+00 -1.566E+00 -1.058E+00
  1.4293750E+04 -1.603E+00 -1.651E+00 -9.483E-01
  1.4294250E+04 -1.477E+00 -1.550E+00 -1.012E+00
  1.4294750E+04 -1.626E+00 -1.514E+00 -4.975E-01
  1.4295250E+04 -1.972E+00 -1.874E+00 -7.686E-01
  1.4295750E+04 -1.887E+00 -1.929E+00 -1.333E+00
  1.4296250E+04 -1.608E+00 -1.586E+00 -1.050E+00
  1.4296750E+04 -1.616E+00 -1.683E+00 -1.208E+00
  1.4297250E+04 -2.029E+00 -1.862E+00 -5.682E-01
  1.4297750E+04 -1.662E+00 -1.737E+00 -1.420E+00
  1.4298250E+04 -2.105E+00 -2.094E+00 -1.124E+00
  1.4298750E+04 -2.067E+00 -2.155E+00 -1.190E+00
  1.4299250E+04 -1.598E+00 -1.492E+00 -7.317E-01
  1.4299750E+04 -1.400E+00 -1.429E+00 -5.030E-01
  1.4300250E+04 -1.999E+00 -1.961E+00 -1.071E+00
  1.4300750E+04 -1.875E+00 -1.926E+00 -1.214E+00
  1.4301250E+04 -1.452E+00 -1.527E+00 -1.128E+00
  1.4301750E+04 -1.382E+00 -1.464E+00 -9.862E-01
  1.4302250E+04 -1.212E+00 -1.306E+00 -1.148E+00
  1.4302750E+04 -1.637E+00 -1.848E+00 -1.382E+00
  1.4303250E+04 -1.665E+00 -1.535E+00 -4.172E-01
  1.4303750E+04 -1.598E+00 -1.608E+00 -1.051E+00
  1.4304250E+04 -1.696E+00 -1.564E+00 -6.662E-01
  1.4304750E+04 -1.599E+00 -1.675E+00 -1.141E+00
  1.4305250E+04 -1.632E+00 -1.599E+00 -1.099E+00
  1.4305750E+04 -1.646E+00 -1.588E+00 -7.517E-01
  1.4306250E+04 -1.943E+00 -1.841E+00 -7.583E-01
  1.4306750E+04 -2.235E+00 -2.156E+00 -7.233E-01
  1.4307250E+04 -1.556E+00 -1.518E+00 -7.412E-01
  1.4307750E+04 -1.329E+00 -1.326E+00 -4.807E-01
  1.4308250E+04 -1.847E+00 -1.726E+00 -5.012E-01
  1.4308750E+04 -1.711E+00 -1.802E+00 -1.251E+00
  1.4309250E+04 -2.049E+00 -1.973E+00 -7.444E-01
  1.4309750E+04 -1.473E+00 -1.483E+00 -6.684E-01
  1.4310250E+04 -1.398E+00 -1.568E+00 -1.354E+00
  1.4310750E+04 -1.271E+00 -1.206E+00 -1.114E+00
  1.4311250E+04 -1.718E+00 -1.747E+00 -9.806E-01
  1.4311750E+04 -2.028E+00 -1.902E+00 -6.325E-01
  1.4312250E+04 -1.486E+00 -1.409E+00 -5.273E-01
  1.4312750E+04 -1.479E+00 -1.630E+00 -1.355E+00
  1.4313250E+04 -1.902E+00 -1.856E+00 -7.350E-01
  1.4313750E+04 -1.576E+00 -1.552E+00 -8.392E-01
  1.4314250E+04 -1.300E+00 -1.380E+00 -1.052E+00
  1.4314750E+04 -1.284E+00 -1.340E+00 -8.157E-01
  1.4315250E+04 -2.248E+00 -2.119E+00 -8.050E-01
  1.4315750E+04 -1.859E+00 -1.890E+00 -1.079E+00
  1.4316250E+04 -1.266E+00 -1.511E+00 -1.876E+00
  1.4316750E+04 -1.643E+00 -1.611E+00 -1.064E+00
  1.4317250E+04 -2.418E+00 -2.362E+00 -7.604E-01
  1.4317750E+04 -2.004E+00 -1.965E+00 -7.385E-01
  1.4318250E+04 -1.739E+00 -1.660E+00 -7.251E-01
  1.4318750E+04 -1.710E+00 -1.681E+00 -8.816E-01
  1.4319250E+04 -1.262E+00 -1.325E+00 -9.095E-01
  1.4319750E+04 -1.845E+00 -1.739E+00 -4.760E-01
  1.4320250E+04 -1.536E+00 -1.519E+00 -6.102E-01
  1.4320750E+04 -1.157E+00 -1.162E+00 -7.072E-01
  1.4321250E+04 -1.598E+00 -1.708E+00 -1.254E+00
  1.4321750E+04 -1.868E+00 -1.989E+00 -1.500E+00
  1.4322250E+04 -2.072E+00 -2.015E+00 -4.240E-01
  1.4322750E+04 -1.496E+00 -1.451E+00 -7.441E-01
  1.4323250E+04 -9.874E-01 -1.209E+00 -1.618E+00
  1.4323750E+04 -1.816E+00 -1.774E+00 -7.498E-01
  1.4324250E+04 -1.531E+00 -1.436E+00 -4.442E-01
  1.4324750E+04 -1.824E+00 -1.729E+00 -6.638E-01
  1.4325250E+04 -1.752E+00 -1.569E+00 -5.419E-01
  1.4325750E+04 -1.861E+00 -1.565E+00  1.139E-01
  1.4326250E+04 -1.637E+00 -1.590E+00 -9.915E-01
  1.4326750E+04 -1.704E+00 -1.755E+00 -8.107E-01
  1.4327250E+04 -1.804E+00 -1.805E+00 -1.057E+00
  1.4327750E+04 -1.430E+00 -1.552E+00 -1.304E+00
  1.4328250E+04 -2.220E+00 -2.172E+00 -8.141E-01
  1.4328750E+04 -1.117E+00 -1.128E+00 -9.342E-01
  1.4329250E+04 -1.032E+00 -9.829E-01 -4.242E-01
  1.4329750E+04 -1.431E+00 -1.467E+00 -9.148E-01
  1.4330250E+04 -1.769E+00 -1.657E+00 -2.721E-01
  1.4330750E+04 -1.770E+00 -1.864E+00 -1.181E+00
  1.4331250E+04 -1.960E+00 -1.890E+00 -7.307E-01
  1.4331750E+04 -1.882E+00 -1.800E+00 -7.538E-01
  1.4332250E+04 -1.420E+00 -1.482E+00 -1.125E+00
  1.4332750E+04 -1.807E+00 -1.765E+00 -1.087E+00
  1.4333250E+04 -1.753E+00 -1.633E+00 -4.441E-01
  1.4333750E+04 -1.224E+00 -1.155E+00 -6.300E-01
  1.4334250E+04 -1.562E+00 -1.648E+00 -1.081E+00
  1.4334750E+04 -1.560E+00 -1.588E+00 -1.016E+00
  1.4335250E+04 -1.890E+00 -1.915E+00 -1.180E+00
  1.4335750E+04 -1.681E+00 -1.683E+00 -6.435E-01
  1.4336250E+04 -1.369E+00 -1.385E+00 -8.330E-01
  1.4336750E+04 -1.932E+00 -1.912E+00 -1.001E+00
  1.4337250E+04 -1.479E+00 -1.495E+00 -1.072E+00
  1.4337750E+04 -1.562E+00 -1.693E+00 -1.426E+00
  1.4338250E+04 -1.365E+00 -1.196E+00 -5.283E-01
  1.4338750E+04 -1.566E+00 -1.526E+00 -2.590E-01
  1.4339250E+04 -1.906E+00 -1.960E+00 -6.795E-01
  1.4339750E+04 -1.535E+00 -1.367E+00 -5.536E-01
  1.4340250E+04 -1.489E+00 -1.531E+00 -1.012E+00
  1.4340750E+04 -1.565E+00 -1.530E+00 -7.704E-01
  1.4341250E+04 -1.459E+00 -1.515E+00 -1.119E+00
  1.4341750E+04 -1.707E+00 -1.703E+00 -8.018E-01
  1.4342250E+04 -1.447E+00 -1.416E+00 -1.023E+00
  1.4342750E+04 -2.106E+00 -1.938E+00 -2.638E-01
  1.4343250E+04 -1.719E+00 -1.738E+00 -1.034E+00
  1.4343750E+04 -1.877E+00 -1.757E+00 -2.731E-01
  1.4344250E+04 -1.467E+00 -1.644E+00 -1.378E+00
  1.4344750E+04 -1.281E+00 -1.316E+00 -7.597E-01
  1.4345250E+04 -1.491E+00 -1.551E+00 -9.379E-01
  1.4345750E+04 -1.749E+00 -1.786E+00 -1.051E+00
  1.4346250E+04 -1.612E+00 -1.548E+00 -7.198E-01
  1.4346750E+04 -9.410E-01 -1.035E+00 -1.141E+00
  1.4347250E+04 -1.534E+00 -1.496E+00 -7.061E-01
  1.4347750E+04 -1.577E+00 -1.608E+00 -6.767E-01
  1.4348250E+04 -1.158E+00 -1.157E+00 -8.168E-01
  1.4348750E+04 -9.545E-01 -9.165E-01 -7.234E-01
  1.4349250E+04 -1.552E+00 -1.466E+00 -7.651E-01
  1.4349750E+04 -1.073E+00 -1.109E+00 -8.103E-01
  1.4350250E+04 -1.281E+00 -1.269E+00 -8.491E-01
  1.4350750E+04 -1.443E+00 -1.666E+00 -1.489E+00
  1.4351250E+04 -1.508E+00 -1.574E+00 -9.024E-01
  1.4351750E+04 -1.860E+00 -1.722E+00 -5.077E-01
  1.4352250E+04 -1.732E+00 -1.475E+00  1.101E-01
  1.4352750E+04 -1.498E+00 -1.362E+00 -3.457E-01
  1.4353250E+04 -1.665E+00 -1.629E+00 -7.426E-01
  1.4353750E+04 -1.550E+00 -1.646E+00 -1.193E+00
  1.4354250E+04 -1.807E+00 -1.739E+00 -6.024E-01
  1.4354750E+04 -1.842E+00 -1.745E+00 -6.930E-01
  1.4355250E+04 -1.646E+00 -1.614E+00 -5.644E-01
  1.4355750E+04 -1.545E+00 -1.364E+00 -5.404E-01
  1.4356250E+04 -1.052E+00 -1.085E+00 -9.589E-01
  1.4356750E+04 -1.311E+00 -1.433E+00 -1.193E+00
  1.4357250E+04 -1.425E+00 -1.572E+00 -1.403E+00
  1.4357750E+04 -1.282E+00 -1.351E+00 -1.049E+00
  1.4358250E+04 -1.741E+00 -1.648E+00 -5.784E-01
  1.4358750E+04 -1.429E+00 -1.405E+00 -8.445E-01
  1.4359250E+04 -1.056E+00 -1.254E+00 -1.342E+00
  1.4359750E+04 -1.231E+00 -1.201E+00 -8.419E-01
  1.4360250E+04 -1.491E+00 -1.470E+00 -5.108E-01
  1.4360750E+04 -1.381E+00 -1.343E+00 -5.874E-01
  1.4361250E+04 -1.779E+00 -1.691E+00 -6.744E-01
  1.4361750E+04 -1.384E+00 -1.409E+00 -9.166E-01
  1.4362250E+04 -1.004E+00 -9.398E-01 -1.919E-01
  1.4362750E+04 -1.307E+00 -1.254E+00 -4.262E-01
  1.4363250E+04 -1.784E+00 -1.601E+00  3.944E-02
  1.4363750E+04 -1.434E+00 -1.472E+00 -8.544E-01
  1.4364250E+04 -1.540E+00 -1.491E+00 -5.929E-01
  1.4364750E+04 -1.326E+00 -1.445E+00 -1.137E+00
  1.4365250E+04 -1.248E+00 -1.293E+00 -5.645E-01
  1.4365750E+04 -1.234E+00 -1.293E+00 -7.825E-01
  1.4366250E+04 -1.075E+00 -1.041E+00 -6.207E-01
  1.4366750E+04 -1.171E+00 -1.150E+00 -7.237E-01
  1.4367250E+04 -1.463E+00 -1.429E+00 -6.395E-01
  1.4367750E+04 -1.504E+00 -1.426E+00 -5.521E-01
  1.4368250E+04 -1.506E+00 -1.621E+00 -1.332E+00
  1.4368750E+04 -9.901E-01 -9.454E-01 -4.479E-01
  1.4369250E+04 -7.995E-01 -8.682E-01 -5.227E-01
  1.4369750E+04 -9.665E-01 -1.109E+00 -1.175E+00
  1.4370250E+04 -1.572E+00 -1.580E+00 -1.172E+00
  1.4370750E+04 -1.754E+00 -1.771E+00 -7.595E-01
  1.4371250E+04 -1.046E+00 -1.273E+00 -1.158E+00
  1.4371750E+04 -1.390E+00 -1.348E+00 -9.015E-01
  1.4372250E+04 -1.546E+00 -1.441E+00 -7.727E-01
  1.4372750E+04 -1.462E+00 -1.424E+00 -2.803E-01
  1.4373250E+04 -1.233E+00 -1.287E+00 -6.658E-01
  1.4373750E+04 -1.462E+00 -1.506E+00 -8.493E-01
  1.4374250E+04 -1.353E+00 -1.423E+00 -1.067E+00
  1.4374750E+04 -1.398E+00 -1.328E+00 -8.434E-01
  1.4375250E+04 -1.120E+00 -1.077E+00 -2.288E-01
  1.4375750E+04 -1.401E+00 -1.305E+00 -7.094E-01
  1.4376250E+04 -1.352E+00 -1.541E+00 -1.507E+00
  1.4376750E+04 -1.581E+00 -1.404E+00 -2.889E-01
  1.4377250E+04 -1.706E+00 -1.789E+00 -9.913E-01
  1.4377750E+04 -1.242E+00 -1.215E+00 -6.255E-01
  1.4378250E+04 -1.307E+00 -1.362E+00 -5.853E-01
  1.4378750E+04 -9.831E-01 -1.055E+00 -8.048E-01
  1.4379250E+04 -1.115E+00 -1.195E+00 -1.039E+00
  1.4379750E+04 -1.426E+00 -1.398E+00 -5.389E-01
  1.4380250E+04 -1.325E+00 -1.314E+00 -5.570E-01
  1.4380750E+04 -1.392E+00 -1.329E+00 -5.992E-01
  1.4381250E+04 -1.320E+00 -1.245E+00 -4.592E-01
  1.4381750E+04 -1.173E+00 -1.229E+00 -1.014E+00
  1.4382250E+04 -1.405E+00 -1.353E+00 -5.645E-01
  1.4382750E+04 -1.691E+00 -1.738E+00 -9.622E-01
  1.4383250E+04 -1.355E+00 -1.313E+00 -4.443E-01
  1.4383750E+04 -1.401E+00 -1.376E+00 -7.894E-01
