  9.8652500E+03 -0.000E+00 -0.000E+00  0.000E+00
  9.8657500E+03 -0.000E+00 -0.000E+00  0.000E+00
  9.8662500E+03 -0.000E+00 -0.000E+00  0.000E+00
  9.8667500E+03 -0.000E+00 -0.000E+00  0.000E+00
  9.8672500E+03 -0.000E+00 -0.000E+00  0.000E+00
  9.8677500E+03 -0.000E+00 -0.000E+00  0.000E+00
  9.8682500E+03 -0.000E+00 -0.000E+00  0.000E+00
  9.8687500E+03 -0.000E+00 -0.000E+00  0.000E+00
  9.8692500E+03 -0.000E+00 -0.000E+00  0.000E+00
  9.8697500E+03 -0.000E+00 -0.000E+00  0.000E+00
  9.8702500E+03 -0.000E+00 -0.000E+00  0.000E+00
  9.8707500E+03 -0.000E+00 -0.000E+00  0.000E+00
  9.8712500E+03 -0.000E+00 -0.000E+00  0.000E+00
  9.8717500E+03 -0.000E+00 -0.000E+00  0.000E+00
  9.8722500E+03 -0.000E+00 -0.000E+00  0.000E+00
  9.8727500E+03 -0.000E+00 -0.000E+00  0.000E+00
  9.8732500E+03 -0.000E+00 -0.000E+00  0.000E+00
  9.8737500E+03 -0.000E+00 -0.000E+00  0.000E+00
  9.8742500E+03 -0.000E+00 -0.000E+00  0.000E+00
  9.8747500E+03 -0.000E+00 -0.000E+00  0.000E+00
  9.8752500E+03 -0.000E+00 -0.000E+00  0.000E+00
  9.8757500E+03 -0.000E+00 -0.000E+00  0.000E+00
  9.8762500E+03 -0.000E+00 -0.000E+00  0.000E+00
  9.8767500E+03 -0.000E+00 -0.000E+00  0.000E+00
  9.8772500E+03 -0.000E+00 -0.000E+00  0.000E+00
  9.8777500E+03 -0.000E+00 -0.000E+00  0.000E+00
  9.8782500E+03 -0.000E+00 -0.000E+00  0.000E+00
  9.8787500E+03 -0.000E+00 -0.000E+00  0.000E+00
  9.8792500E+03 -0.000E+00 -0.000E+00  0.000E+00
  9.8797500E+03 -0.000E+00 -0.000E+00  0.000E+00
  9.8802500E+03 -0.000E+00 -0.000E+00  0.000E+00
  9.8807500E+03 -0.000E+00 -0.000E+00  0.000E+00
  9.8812500E+03 -0.000E+00 -0.000E+00  0.000E+00
  9.8817500E+03 -0.000E+00 -0.000E+00  0.000E+00
  9.8822500E+03 -0.000E+00 -0.000E+00  0.000E+00
  9.8827500E+03 -0.000E+00 -0.000E+00  0.000E+00
  9.8832500E+03 -0.000E+00 -0.000E+00  0.000E+00
  9.8837500E+03 -0.000E+00 -0.000E+00  0.000E+00
  9.8842500E+03 -0.000E+00 -0.000E+00  0.000E+00
  9.8847500E+03 -0.000E+00 -0.000E+00  0.000E+00
  9.8852500E+03 -0.000E+00 -0.000E+00  0.000E+00
  9.8857500E+03 -0.000E+00 -0.000E+00  0.000E+00
  9.8862500E+03 -0.000E+00 -0.000E+00  0.000E+00
  9.8867500E+03 -0.000E+00 -0.000E+00  0.000E+00
  9.8872500E+03 -0.000E+00 -0.000E+00  0.000E+00
  9.8877500E+03 -0.000E+00 -0.000E+00  0.000E+00
  9.8882500E+03 -0.000E+00 -0.000E+00  0.000E+00
  9.8887500E+03 -0.000E+00 -0.000E+00  0.000E+00
  9.8892500E+03 -0.000E+00 -0.000E+00  0.000E+00
  9.8897500E+03 -0.000E+00 -0.000E+00  0.000E+00
  9.8902500E+03 -0.000E+00 -0.000E+00  0.000E+00
  9.8907500E+03 -0.000E+00 -0.000E+00  0.000E+00
  9.8912500E+03 -0.000E+00 -0.000E+00  0.000E+00
  9.8917500E+03 -0.000E+00 -0.000E+00  0.000E+00
  9.8922500E+03 -0.000E+00 -0.000E+00  0.000E+00
  9.8927500E+03 -0.000E+00 -0.000E+00  0.000E+00
  9.8932500E+03 -0.000E+00 -0.000E+00  0.000E+00
  9.8937500E+03 -0.000E+00 -0.000E+00  0.000E+00
  9.8942500E+03 -0.000E+00 -0.000E+00  0.000E+00
  9.8947500E+03 -0.000E+00 -0.000E+00  0.000E+00
  9.8952500E+03 -0.000E+00 -0.000E+00  0.000E+00
  9.8957500E+03 -0.000E+00 -0.000E+00  0.000E+00
  9.8962500E+03 -0.000E+00 -0.000E+00  0.000E+00
  9.8967500E+03 -0.000E+00 -0.000E+00  0.000E+00
  9.8972500E+03 -0.000E+00 -0.000E+00  0.000E+00
  9.8977500E+03 -0.000E+00 -0.000E+00  0.000E+00
  9.8982500E+03 -0.000E+00 -0.000E+00  0.000E+00
  9.8987500E+03 -0.000E+00 -0.000E+00  0.000E+00
  9.8992500E+03 -0.000E+00 -0.000E+00  0.000E+00
  9.8997500E+03 -0.000E+00 -0.000E+00  0.000E+00
  9.9002500E+03 -0.000E+00 -0.000E+00  0.000E+00
  9.9007500E+03 -0.000E+00 -0.000E+00  0.000E+00
  9.9012500E+03 -0.000E+00 -0.000E+00  0.000E+00
  9.9017500E+03 -0.000E+00 -0.000E+00  0.000E+00
  9.9022500E+03 -0.000E+00 -0.000E+00  0.000E+00
  9.9027500E+03 -0.000E+00 -0.000E+00  0.000E+00
  9.9032500E+03 -0.000E+00 -0.000E+00  0.000E+00
  9.9037500E+03 -0.000E+00 -0.000E+00  0.000E+00
  9.9042500E+03 -0.000E+00 -0.000E+00  0.000E+00
  9.9047500E+03 -0.000E+00 -0.000E+00  0.000E+00
  9.9052500E+03 -0.000E+00 -0.000E+00  0.000E+00
  9.9057500E+03 -0.000E+00 -0.000E+00  0.000E+00
  9.9062500E+03 -0.000E+00 -0.000E+00  0.000E+00
  9.9067500E+03 -0.000E+00 -0.000E+00  0.000E+00
  9.9072500E+03 -0.000E+00 -0.000E+00  0.000E+00
  9.9077500E+03 -0.000E+00 -0.000E+00  0.000E+00
  9.9082500E+03 -0.000E+00 -0.000E+00  0.000E+00
  9.9087500E+03 -0.000E+00 -0.000E+00  0.000E+00
  9.9092500E+03 -0.000E+00 -0.000E+00  0.000E+00
  9.9097500E+03 -0.000E+00 -0.000E+00  0.000E+00
  9.9102500E+03 -0.000E+00 -0.000E+00  0.000E+00
  9.9107500E+03 -0.000E+00 -0.000E+00  0.000E+00
  9.9112500E+03 -0.000E+00 -0.000E+00  0.000E+00
  9.9117500E+03 -0.000E+00 -0.000E+00  0.000E+00
  9.9122500E+03 -0.000E+00 -0.000E+00  0.000E+00
  9.9127500E+03 -0.000E+00 -0.000E+00  0.000E+00
  9.9132500E+03 -0.000E+00 -0.000E+00  0.000E+00
  9.9137500E+03 -0.000E+00 -0.000E+00  0.000E+00
  9.9142500E+03 -0.000E+00 -0.000E+00  0.000E+00
  9.9147500E+03 -0.000E+00 -0.000E+00  0.000E+00
  9.9152500E+03 -0.000E+00 -0.000E+00  0.000E+00
  9.9157500E+03 -0.000E+00 -0.000E+00  0.000E+00
  9.9162500E+03 -0.000E+00 -0.000E+00  0.000E+00
  9.9167500E+03 -0.000E+00 -0.000E+00  0.000E+00
  9.9172500E+03 -0.000E+00 -0.000E+00  0.000E+00
  9.9177500E+03 -0.000E+00 -0.000E+00  0.000E+00
  9.9182500E+03 -0.000E+00 -0.000E+00  0.000E+00
  9.9187500E+03 -0.000E+00 -0.000E+00  0.000E+00
  9.9192500E+03 -0.000E+00 -0.000E+00  0.000E+00
  9.9197500E+03 -0.000E+00 -0.000E+00  0.000E+00
  9.9202500E+03 -0.000E+00 -0.000E+00  0.000E+00
  9.9207500E+03 -0.000E+00 -0.000E+00  0.000E+00
  9.9212500E+03 -0.000E+00 -0.000E+00  0.000E+00
  9.9217500E+03 -0.000E+00 -0.000E+00  0.000E+00
  9.9222500E+03 -0.000E+00 -0.000E+00  0.000E+00
  9.9227500E+03 -0.000E+00 -0.000E+00  0.000E+00
  9.9232500E+03 -0.000E+00 -0.000E+00  0.000E+00
  9.9237500E+03 -0.000E+00 -0.000E+00  0.000E+00
  9.9242500E+03 -0.000E+00 -0.000E+00  0.000E+00
  9.9247500E+03 -0.000E+00 -0.000E+00  0.000E+00
  9.9252500E+03 -0.000E+00 -0.000E+00  0.000E+00
  9.9257500E+03 -0.000E+00 -0.000E+00  0.000E+00
  9.9262500E+03 -0.000E+00 -0.000E+00  0.000E+00
  9.9267500E+03 -0.000E+00 -0.000E+00  0.000E+00
  9.9272500E+03 -0.000E+00 -0.000E+00  0.000E+00
  9.9277500E+03 -0.000E+00 -0.000E+00  0.000E+00
  9.9282500E+03 -0.000E+00 -0.000E+00  0.000E+00
  9.9287500E+03 -0.000E+00 -0.000E+00  0.000E+00
  9.9292500E+03 -0.000E+00 -0.000E+00  0.000E+00
  9.9297500E+03 -0.000E+00 -0.000E+00  0.000E+00
  9.9302500E+03 -0.000E+00 -0.000E+00  0.000E+00
  9.9307500E+03 -0.000E+00 -0.000E+00  0.000E+00
  9.9312500E+03 -0.000E+00 -0.000E+00  0.000E+00
  9.9317500E+03 -0.000E+00 -0.000E+00  0.000E+00
  9.9322500E+03 -0.000E+00 -0.000E+00  0.000E+00
  9.9327500E+03 -0.000E+00 -0.000E+00  0.000E+00
  9.9332500E+03 -0.000E+00 -0.000E+00  0.000E+00
  9.9337500E+03 -0.000E+00 -0.000E+00  0.000E+00
  9.9342500E+03 -0.000E+00 -0.000E+00  0.000E+00
  9.9347500E+03 -0.000E+00 -0.000E+00  0.000E+00
  9.9352500E+03 -0.000E+00 -0.000E+00  0.000E+00
  9.9357500E+03 -0.000E+00 -0.000E+00  0.000E+00
  9.9362500E+03 -0.000E+00 -0.000E+00  0.000E+00
  9.9367500E+03 -0.000E+00 -0.000E+00  0.000E+00
  9.9372500E+03 -0.000E+00 -0.000E+00  0.000E+00
  9.9377500E+03 -0.000E+00 -0.000E+00  0.000E+00
  9.9382500E+03 -0.000E+00 -0.000E+00  0.000E+00
  9.9387500E+03 -0.000E+00 -0.000E+00  0.000E+00
  9.9392500E+03 -0.000E+00 -0.000E+00  0.000E+00
  9.9397500E+03 -0.000E+00 -0.000E+00  0.000E+00
  9.9402500E+03 -0.000E+00 -0.000E+00  0.000E+00
  9.9407500E+03 -0.000E+00 -0.000E+00  0.000E+00
  9.9412500E+03 -0.000E+00 -0.000E+00  0.000E+00
  9.9417500E+03 -0.000E+00 -0.000E+00  0.000E+00
  9.9422500E+03 -0.000E+00 -0.000E+00  0.000E+00
  9.9427500E+03 -0.000E+00 -0.000E+00  0.000E+00
  9.9432500E+03 -0.000E+00 -0.000E+00  0.000E+00
  9.9437500E+03 -0.000E+00 -0.000E+00  0.000E+00
  9.9442500E+03 -0.000E+00 -0.000E+00  0.000E+00
  9.9447500E+03 -0.000E+00 -0.000E+00  0.000E+00
  9.9452500E+03 -0.000E+00 -0.000E+00  0.000E+00
  9.9457500E+03 -0.000E+00 -0.000E+00  0.000E+00
  9.9462500E+03 -0.000E+00 -0.000E+00  0.000E+00
  9.9467500E+03 -0.000E+00 -0.000E+00  0.000E+00
  9.9472500E+03 -0.000E+00 -0.000E+00  0.000E+00
  9.9477500E+03 -0.000E+00 -0.000E+00  0.000E+00
  9.9482500E+03 -0.000E+00 -0.000E+00  0.000E+00
  9.9487500E+03 -0.000E+00 -0.000E+00  0.000E+00
  9.9492500E+03 -0.000E+00 -0.000E+00  0.000E+00
  9.9497500E+03 -0.000E+00 -0.000E+00  0.000E+00
  9.9502500E+03 -0.000E+00 -0.000E+00  0.000E+00
  9.9507500E+03 -0.000E+00 -0.000E+00  0.000E+00
  9.9512500E+03 -0.000E+00 -0.000E+00  0.000E+00
  9.9517500E+03 -0.000E+00 -0.000E+00  0.000E+00
  9.9522500E+03 -0.000E+00 -0.000E+00  0.000E+00
  9.9527500E+03 -0.000E+00 -0.000E+00  0.000E+00
  9.9532500E+03 -0.000E+00 -0.000E+00  0.000E+00
  9.9537500E+03 -0.000E+00 -0.000E+00  0.000E+00
  9.9542500E+03 -0.000E+00 -0.000E+00  0.000E+00
  9.9547500E+03 -0.000E+00 -0.000E+00  0.000E+00
  9.9552500E+03 -0.000E+00 -0.000E+00  0.000E+00
  9.9557500E+03 -0.000E+00 -0.000E+00  0.000E+00
  9.9562500E+03 -0.000E+00 -0.000E+00  0.000E+00
  9.9567500E+03 -0.000E+00 -0.000E+00  0.000E+00
  9.9572500E+03 -0.000E+00 -0.000E+00  0.000E+00
  9.9577500E+03 -0.000E+00 -0.000E+00  0.000E+00
  9.9582500E+03 -0.000E+00 -0.000E+00  0.000E+00
  9.9587500E+03 -0.000E+00 -0.000E+00  0.000E+00
  9.9592500E+03 -0.000E+00 -0.000E+00  0.000E+00
  9.9597500E+03 -0.000E+00 -0.000E+00  0.000E+00
  9.9602500E+03 -0.000E+00 -0.000E+00  0.000E+00
  9.9607500E+03 -0.000E+00 -0.000E+00  0.000E+00
  9.9612500E+03 -0.000E+00 -0.000E+00  0.000E+00
  9.9617500E+03 -0.000E+00 -0.000E+00  0.000E+00
  9.9622500E+03 -0.000E+00 -0.000E+00  0.000E+00
  9.9627500E+03 -0.000E+00 -0.000E+00  0.000E+00
  9.9632500E+03 -0.000E+00 -0.000E+00  0.000E+00
  9.9637500E+03 -0.000E+00 -0.000E+00  0.000E+00
  9.9642500E+03 -0.000E+00 -0.000E+00  0.000E+00
  9.9647500E+03 -0.000E+00 -0.000E+00  0.000E+00
  9.9652500E+03 -0.000E+00 -0.000E+00  0.000E+00
  9.9657500E+03 -0.000E+00 -0.000E+00  0.000E+00
  9.9662500E+03 -0.000E+00 -0.000E+00  0.000E+00
  9.9667500E+03 -0.000E+00 -0.000E+00  0.000E+00
  9.9672500E+03 -0.000E+00 -0.000E+00  0.000E+00
  9.9677500E+03 -0.000E+00 -0.000E+00  0.000E+00
  9.9682500E+03 -0.000E+00 -0.000E+00  0.000E+00
  9.9687500E+03 -0.000E+00 -0.000E+00  0.000E+00
  9.9692500E+03 -0.000E+00 -0.000E+00  0.000E+00
  9.9697500E+03 -0.000E+00 -0.000E+00  0.000E+00
  9.9702500E+03 -0.000E+00 -0.000E+00  0.000E+00
  9.9707500E+03 -0.000E+00 -0.000E+00  0.000E+00
  9.9712500E+03 -0.000E+00 -0.000E+00  0.000E+00
  9.9717500E+03 -0.000E+00 -0.000E+00  0.000E+00
  9.9722500E+03 -0.000E+00 -0.000E+00  0.000E+00
  9.9727500E+03 -0.000E+00 -0.000E+00  0.000E+00
  9.9732500E+03 -0.000E+00 -0.000E+00  0.000E+00
  9.9737500E+03 -0.000E+00 -0.000E+00  0.000E+00
  9.9742500E+03 -0.000E+00 -0.000E+00  0.000E+00
  9.9747500E+03 -0.000E+00 -0.000E+00  0.000E+00
  9.9752500E+03 -0.000E+00 -0.000E+00  0.000E+00
  9.9757500E+03 -0.000E+00 -0.000E+00  0.000E+00
  9.9762500E+03 -0.000E+00 -0.000E+00  0.000E+00
  9.9767500E+03 -0.000E+00 -0.000E+00  0.000E+00
  9.9772500E+03 -0.000E+00 -0.000E+00  0.000E+00
  9.9777500E+03 -0.000E+00 -0.000E+00  0.000E+00
  9.9782500E+03 -0.000E+00 -0.000E+00  0.000E+00
  9.9787500E+03 -0.000E+00 -0.000E+00  0.000E+00
  9.9792500E+03 -0.000E+00 -0.000E+00  0.000E+00
  9.9797500E+03 -0.000E+00 -0.000E+00  0.000E+00
  9.9802500E+03 -0.000E+00 -0.000E+00  0.000E+00
  9.9807500E+03 -0.000E+00 -0.000E+00  0.000E+00
  9.9812500E+03 -0.000E+00 -0.000E+00  0.000E+00
  9.9817500E+03 -0.000E+00 -0.000E+00  0.000E+00
  9.9822500E+03 -0.000E+00 -0.000E+00  0.000E+00
  9.9827500E+03 -0.000E+00 -0.000E+00  0.000E+00
  9.9832500E+03 -0.000E+00 -0.000E+00  0.000E+00
  9.9837500E+03 -0.000E+00 -0.000E+00  0.000E+00
  9.9842500E+03 -0.000E+00 -0.000E+00  0.000E+00
  9.9847500E+03 -0.000E+00 -0.000E+00  0.000E+00
  9.9852500E+03 -0.000E+00 -0.000E+00  0.000E+00
  9.9857500E+03 -0.000E+00 -0.000E+00  0.000E+00
  9.9862500E+03 -0.000E+00 -0.000E+00  0.000E+00
  9.9867500E+03 -0.000E+00 -0.000E+00  0.000E+00
  9.9872500E+03 -0.000E+00 -0.000E+00  0.000E+00
  9.9877500E+03 -0.000E+00 -0.000E+00  0.000E+00
  9.9882500E+03 -0.000E+00 -0.000E+00  0.000E+00
  9.9887500E+03 -0.000E+00 -0.000E+00  0.000E+00
  9.9892500E+03 -0.000E+00 -0.000E+00  0.000E+00
  9.9897500E+03 -0.000E+00 -0.000E+00  0.000E+00
  9.9902500E+03 -0.000E+00 -0.000E+00  0.000E+00
  9.9907500E+03 -0.000E+00 -0.000E+00  0.000E+00
  9.9912500E+03 -0.000E+00 -0.000E+00  0.000E+00
  9.9917500E+03 -0.000E+00 -0.000E+00  0.000E+00
  9.9922500E+03 -0.000E+00 -0.000E+00  0.000E+00
  9.9927500E+03 -0.000E+00 -0.000E+00  0.000E+00
  9.9932500E+03 -0.000E+00 -0.000E+00  0.000E+00
  9.9937500E+03 -0.000E+00 -0.000E+00  0.000E+00
  9.9942500E+03 -0.000E+00 -0.000E+00  0.000E+00
  9.9947500E+03 -0.000E+00 -0.000E+00  0.000E+00
  9.9952500E+03 -0.000E+00 -0.000E+00  0.000E+00
  9.9957500E+03 -0.000E+00 -0.000E+00  0.000E+00
  9.9962500E+03 -0.000E+00 -0.000E+00  0.000E+00
  9.9967500E+03 -0.000E+00 -0.000E+00  0.000E+00
  9.9972500E+03 -0.000E+00 -0.000E+00  0.000E+00
  9.9977500E+03 -0.000E+00 -0.000E+00  0.000E+00
  9.9982500E+03 -0.000E+00 -0.000E+00  0.000E+00
  9.9987500E+03 -0.000E+00 -0.000E+00  0.000E+00
  9.9992500E+03 -0.000E+00 -0.000E+00  0.000E+00
  9.9997500E+03 -0.000E+00 -0.000E+00  0.000E+00
  1.0000250E+04 -0.000E+00 -0.000E+00  0.000E+00
  1.0000750E+04 -0.000E+00 -0.000E+00  0.000E+00
  1.0001250E+04 -0.000E+00 -0.000E+00  0.000E+00
  1.0001750E+04 -0.000E+00 -0.000E+00  0.000E+00
  1.0002250E+04 -0.000E+00 -0.000E+00  0.000E+00
  1.0002750E+04  1.724E-05  1.660E-05  7.949E-06
  1.0003250E+04  7.463E-04  3.063E-04 -1.175E-03
  1.0003750E+04  7.174E-03  6.283E-03  8.124E-04
  1.0004250E+04  6.071E-03  5.184E-03 -2.806E-04
  1.0004750E+04 -5.227E-03 -5.734E-03 -7.610E-03
  1.0005250E+04  6.642E-05 -1.117E-03 -4.456E-03
  1.0005750E+04 -7.198E-03 -3.929E-03  1.000E-02
  1.0006250E+04 -4.351E-03 -2.446E-03  5.881E-03
  1.0006750E+04 -2.782E-03  2.007E-03  1.805E-02
  1.0007250E+04  1.078E-02  9.852E-03  3.592E-03
  1.0007750E+04  1.534E-03  4.326E-04 -6.928E-03
  1.0008250E+04  6.384E-03  6.442E-03  3.168E-03
  1.0008750E+04 -2.779E-03 -5.332E-03 -1.478E-02
  1.0009250E+04  1.950E-03  7.102E-04 -7.529E-03
  1.0009750E+04 -1.593E-02 -1.261E-03  4.154E-02
  1.0010250E+04 -1.388E-01 -1.264E-01 -5.324E-02
  1.0010750E+04 -9.016E-03  5.886E-02  2.837E-01
  1.0011250E+04  3.087E-02 -3.981E-02 -2.830E-01
  1.0011750E+04 -6.182E-02 -8.971E-02 -1.814E-01
  1.0012250E+04  9.222E-01  8.040E-01  1.871E-01
  1.0012750E+04 -1.123E-01 -6.199E-02  1.444E-01
  1.0013250E+04 -1.404E-01 -2.237E-01 -4.067E-01
  1.0013750E+04 -2.614E-01 -1.280E-01  3.600E-01
  1.0014250E+04 -2.141E-02  1.236E-01  5.448E-01
  1.0014750E+04  2.236E-01  2.934E-01  4.453E-01
  1.0015250E+04  1.810E-01  1.531E-01  1.575E-02
  1.0015750E+04 -7.450E-02 -4.778E-02  7.524E-02
  1.0016250E+04  1.665E-01  1.687E-01  1.488E-01
  1.0016750E+04  6.269E-01  6.120E-01  3.563E-01
  1.0017250E+04 -8.132E-01 -6.794E-01  7.459E-02
  1.0017750E+04 -1.428E-01 -1.626E-01 -1.633E-01
  1.0018250E+04  4.378E-01  2.716E-01 -4.912E-01
  1.0018750E+04  3.333E-01  3.864E-01  4.448E-01
  1.0019250E+04  1.313E-01  1.825E-02 -3.708E-01
  1.0019750E+04  9.696E-02 -1.658E-02 -4.163E-01
  1.0020250E+04  7.884E-01  6.595E-01 -7.495E-02
  1.0020750E+04 -2.008E-01  1.111E-01  1.224E+00
  1.0021250E+04  3.556E-01  2.789E-01 -4.771E-02
  1.0021750E+04 -1.079E-01 -1.919E-01 -5.022E-01
  1.0022250E+04 -2.749E-01 -1.309E-01  4.264E-01
  1.0022750E+04  8.032E-01  8.906E-01  8.605E-01
  1.0023250E+04  4.146E-01  2.413E-01 -5.536E-01
  1.0023750E+04  9.975E-01  8.399E-01 -2.015E-01
  1.0024250E+04  8.742E-01  6.040E-01 -6.539E-01
  1.0024750E+04 -9.062E-01 -7.980E-01 -5.265E-01
  1.0025250E+04 -2.684E-01 -7.686E-02  6.739E-01
  1.0025750E+04  3.993E-01  6.570E-01  1.736E+00
  1.0026250E+04  1.022E+00  5.782E-01 -1.474E+00
  1.0026750E+04  2.377E-01  2.098E-01 -5.006E-02
  1.0027250E+04  6.200E-01  1.049E+00  2.415E+00
  1.0027750E+04  6.629E-01  6.142E-01  4.035E-02
  1.0028250E+04  3.123E-01  4.117E-01  9.101E-01
  1.0028750E+04  2.507E+00  1.908E+00 -1.072E+00
  1.0029250E+04  4.380E+00  4.042E+00  1.641E+00
  1.0029750E+04  6.963E+00  6.610E+00  3.435E+00
  1.0030250E+04  2.477E+01  2.382E+01  1.338E+01
  1.0030750E+04  9.273E+01  8.513E+01  3.283E+01
  1.0031250E+04  3.092E+02  2.933E+02  1.510E+02
  1.0031750E+04  9.769E+02  9.222E+02  4.554E+02
  1.0032250E+04  2.243E+03  2.121E+03  1.055E+03
  1.0032750E+04  3.839E+03  3.655E+03  1.906E+03
  1.0033250E+04  4.529E+03  4.336E+03  2.339E+03
  1.0033750E+04  3.378E+03  3.268E+03  1.879E+03
  1.0034250E+04  1.304E+03  1.292E+03  8.497E+02
  1.0034750E+04 -4.936E+00  9.822E+00  5.790E+01
  1.0035250E+04 -2.094E+02 -2.058E+02 -1.302E+02
  1.0035750E+04 -1.498E+02 -1.413E+02 -6.828E+01
  1.0036250E+04 -1.233E+02 -1.188E+02 -6.699E+01
  1.0036750E+04 -1.091E+02 -1.044E+02 -5.655E+01
  1.0037250E+04 -1.066E+02 -1.018E+02 -5.409E+01
  1.0037750E+04 -7.912E+01 -7.634E+01 -4.389E+01
  1.0038250E+04 -8.311E+01 -7.719E+01 -3.303E+01
  1.0038750E+04 -7.205E+01 -6.918E+01 -3.863E+01
  1.0039250E+04 -7.728E+01 -7.378E+01 -3.981E+01
  1.0039750E+04 -7.322E+01 -6.985E+01 -3.725E+01
  1.0040250E+04 -7.416E+01 -6.912E+01 -3.233E+01
  1.0040750E+04 -8.307E+01 -7.659E+01 -3.099E+01
  1.0041250E+04 -5.888E+01 -5.602E+01 -2.997E+01
  1.0041750E+04 -7.172E+01 -6.910E+01 -4.010E+01
  1.0042250E+04 -7.339E+01 -7.204E+01 -4.498E+01
  1.0042750E+04 -6.202E+01 -6.006E+01 -3.522E+01
  1.0043250E+04 -6.264E+01 -5.939E+01 -3.063E+01
  1.0043750E+04 -6.407E+01 -6.207E+01 -3.740E+01
  1.0044250E+04 -6.174E+01 -5.862E+01 -3.007E+01
  1.0044750E+04 -7.149E+01 -6.569E+01 -2.575E+01
  1.0045250E+04 -6.078E+01 -5.763E+01 -2.999E+01
  1.0045750E+04 -5.735E+01 -5.620E+01 -3.571E+01
  1.0046250E+04 -6.762E+01 -6.414E+01 -3.280E+01
  1.0046750E+04 -5.620E+01 -5.301E+01 -2.630E+01
  1.0047250E+04 -5.737E+01 -5.503E+01 -3.073E+01
  1.0047750E+04 -7.568E+01 -6.924E+01 -2.598E+01
  1.0048250E+04 -5.404E+01 -5.228E+01 -3.098E+01
  1.0048750E+04 -5.334E+01 -5.133E+01 -2.955E+01
  1.0049250E+04 -6.710E+01 -6.407E+01 -3.463E+01
  1.0049750E+04 -5.790E+01 -5.289E+01 -1.941E+01
  1.0050250E+04 -5.874E+01 -5.332E+01 -1.841E+01
  1.0050750E+04 -5.291E+01 -5.077E+01 -2.846E+01
  1.0051250E+04 -4.957E+01 -4.738E+01 -2.622E+01
  1.0051750E+04 -6.129E+01 -5.830E+01 -3.017E+01
  1.0052250E+04 -5.413E+01 -5.386E+01 -3.748E+01
  1.0052750E+04 -5.332E+01 -5.041E+01 -2.562E+01
  1.0053250E+04 -5.693E+01 -5.293E+01 -2.290E+01
  1.0053750E+04 -5.154E+01 -4.951E+01 -2.787E+01
  1.0054250E+04 -5.376E+01 -5.167E+01 -2.935E+01
  1.0054750E+04 -5.083E+01 -4.835E+01 -2.572E+01
  1.0055250E+04 -5.064E+01 -4.836E+01 -2.632E+01
  1.0055750E+04 -5.799E+01 -5.356E+01 -2.217E+01
  1.0056250E+04 -5.747E+01 -5.268E+01 -1.993E+01
  1.0056750E+04 -5.488E+01 -5.172E+01 -2.535E+01
  1.0057250E+04 -4.997E+01 -4.793E+01 -2.672E+01
  1.0057750E+04 -5.226E+01 -5.029E+01 -2.860E+01
  1.0058250E+04 -4.803E+01 -4.660E+01 -2.805E+01
  1.0058750E+04 -5.121E+01 -4.911E+01 -2.732E+01
  1.0059250E+04 -5.137E+01 -4.869E+01 -2.502E+01
  1.0059750E+04 -4.997E+01 -4.732E+01 -2.402E+01
  1.0060250E+04 -4.935E+01 -4.800E+01 -2.932E+01
  1.0060750E+04 -4.590E+01 -4.523E+01 -2.974E+01
  1.0061250E+04 -4.602E+01 -4.461E+01 -2.648E+01
  1.0061750E+04 -4.870E+01 -4.579E+01 -2.157E+01
  1.0062250E+04 -4.889E+01 -4.545E+01 -1.989E+01
  1.0062750E+04 -4.651E+01 -4.351E+01 -1.986E+01
  1.0063250E+04 -4.919E+01 -4.826E+01 -3.076E+01
  1.0063750E+04 -4.922E+01 -4.669E+01 -2.410E+01
  1.0064250E+04 -4.843E+01 -4.500E+01 -1.971E+01
  1.0064750E+04 -3.700E+01 -3.660E+01 -2.487E+01
  1.0065250E+04 -4.694E+01 -4.485E+01 -2.441E+01
  1.0065750E+04 -5.019E+01 -4.667E+01 -2.002E+01
  1.0066250E+04 -4.730E+01 -4.597E+01 -2.701E+01
  1.0066750E+04 -4.692E+01 -4.529E+01 -2.650E+01
  1.0067250E+04 -4.477E+01 -4.212E+01 -2.068E+01
  1.0067750E+04 -4.458E+01 -4.285E+01 -2.456E+01
  1.0068250E+04 -4.621E+01 -4.375E+01 -2.225E+01
  1.0068750E+04 -4.004E+01 -3.835E+01 -2.105E+01
  1.0069250E+04 -4.389E+01 -4.008E+01 -1.476E+01
  1.0069750E+04 -4.052E+01 -4.001E+01 -2.648E+01
  1.0070250E+04 -4.350E+01 -4.156E+01 -2.255E+01
  1.0070750E+04 -4.282E+01 -4.151E+01 -2.477E+01
  1.0071250E+04 -4.528E+01 -4.419E+01 -2.739E+01
  1.0071750E+04 -4.677E+01 -4.330E+01 -1.790E+01
  1.0072250E+04 -4.119E+01 -3.930E+01 -2.093E+01
  1.0072750E+04 -4.285E+01 -4.054E+01 -2.042E+01
  1.0073250E+04 -4.371E+01 -4.227E+01 -2.460E+01
  1.0073750E+04 -3.938E+01 -3.882E+01 -2.493E+01
  1.0074250E+04 -4.288E+01 -4.122E+01 -2.351E+01
  1.0074750E+04 -3.919E+01 -3.865E+01 -2.538E+01
  1.0075250E+04 -3.938E+01 -3.792E+01 -2.101E+01
  1.0075750E+04 -4.194E+01 -4.008E+01 -2.181E+01
  1.0076250E+04 -4.549E+01 -4.222E+01 -1.844E+01
  1.0076750E+04 -3.930E+01 -3.643E+01 -1.531E+01
  1.0077250E+04 -3.993E+01 -3.832E+01 -2.167E+01
  1.0077750E+04 -4.257E+01 -4.050E+01 -2.104E+01
  1.0078250E+04 -4.120E+01 -3.986E+01 -2.388E+01
  1.0078750E+04 -4.054E+01 -3.782E+01 -1.679E+01
  1.0079250E+04 -3.225E+01 -3.098E+01 -1.751E+01
  1.0079750E+04 -4.064E+01 -3.932E+01 -2.319E+01
  1.0080250E+04 -4.146E+01 -3.894E+01 -1.868E+01
  1.0080750E+04 -4.194E+01 -3.945E+01 -1.927E+01
  1.0081250E+04 -4.079E+01 -3.839E+01 -1.841E+01
  1.0081750E+04 -3.568E+01 -3.471E+01 -2.101E+01
  1.0082250E+04 -3.650E+01 -3.552E+01 -2.142E+01
  1.0082750E+04 -3.906E+01 -3.666E+01 -1.736E+01
  1.0083250E+04 -3.928E+01 -3.625E+01 -1.476E+01
  1.0083750E+04 -3.549E+01 -3.452E+01 -2.119E+01
  1.0084250E+04 -3.619E+01 -3.480E+01 -1.974E+01
  1.0084750E+04 -3.697E+01 -3.578E+01 -2.112E+01
  1.0085250E+04 -3.764E+01 -3.481E+01 -1.453E+01
  1.0085750E+04 -3.378E+01 -3.347E+01 -2.283E+01
  1.0086250E+04 -3.556E+01 -3.389E+01 -1.752E+01
  1.0086750E+04 -3.668E+01 -3.482E+01 -1.801E+01
  1.0087250E+04 -3.828E+01 -3.588E+01 -1.688E+01
  1.0087750E+04 -3.870E+01 -3.760E+01 -2.273E+01
  1.0088250E+04 -3.430E+01 -3.390E+01 -2.276E+01
  1.0088750E+04 -3.497E+01 -3.195E+01 -1.169E+01
  1.0089250E+04 -3.193E+01 -2.981E+01 -1.406E+01
  1.0089750E+04 -3.727E+01 -3.500E+01 -1.610E+01
  1.0090250E+04 -3.800E+01 -3.594E+01 -1.780E+01
  1.0090750E+04 -3.112E+01 -3.025E+01 -1.808E+01
  1.0091250E+04 -3.331E+01 -3.334E+01 -2.405E+01
  1.0091750E+04 -3.595E+01 -3.458E+01 -1.974E+01
  1.0092250E+04 -3.458E+01 -3.292E+01 -1.743E+01
  1.0092750E+04 -3.514E+01 -3.284E+01 -1.488E+01
  1.0093250E+04 -3.627E+01 -3.481E+01 -1.916E+01
  1.0093750E+04 -3.326E+01 -3.168E+01 -1.647E+01
  1.0094250E+04 -3.393E+01 -3.136E+01 -1.247E+01
  1.0094750E+04 -3.320E+01 -3.202E+01 -1.806E+01
  1.0095250E+04 -3.284E+01 -3.127E+01 -1.687E+01
  1.0095750E+04 -3.179E+01 -3.083E+01 -1.849E+01
  1.0096250E+04 -3.275E+01 -3.049E+01 -1.328E+01
  1.0096750E+04 -3.353E+01 -3.228E+01 -1.833E+01
  1.0097250E+04 -3.477E+01 -3.389E+01 -2.128E+01
  1.0097750E+04 -3.184E+01 -3.057E+01 -1.709E+01
  1.0098250E+04 -3.081E+01 -2.864E+01 -1.216E+01
  1.0098750E+04 -3.140E+01 -2.979E+01 -1.525E+01
  1.0099250E+04 -3.001E+01 -2.781E+01 -1.195E+01
  1.0099750E+04 -2.955E+01 -2.859E+01 -1.657E+01
  1.0100250E+04 -3.242E+01 -3.129E+01 -1.854E+01
  1.0100750E+04 -3.536E+01 -3.392E+01 -1.851E+01
  1.0101250E+04 -3.411E+01 -3.248E+01 -1.714E+01
  1.0101750E+04 -3.208E+01 -2.966E+01 -1.209E+01
  1.0102250E+04 -2.946E+01 -2.823E+01 -1.613E+01
  1.0102750E+04 -3.092E+01 -2.917E+01 -1.413E+01
  1.0103250E+04 -3.103E+01 -2.996E+01 -1.719E+01
  1.0103750E+04 -3.144E+01 -2.992E+01 -1.527E+01
  1.0104250E+04 -3.142E+01 -3.040E+01 -1.842E+01
  1.0104750E+04 -2.714E+01 -2.675E+01 -1.796E+01
  1.0105250E+04 -3.113E+01 -2.932E+01 -1.406E+01
  1.0105750E+04 -3.176E+01 -2.983E+01 -1.311E+01
  1.0106250E+04 -2.854E+01 -2.727E+01 -1.485E+01
  1.0106750E+04 -2.671E+01 -2.541E+01 -1.359E+01
  1.0107250E+04 -2.837E+01 -2.735E+01 -1.529E+01
  1.0107750E+04 -3.040E+01 -2.884E+01 -1.442E+01
  1.0108250E+04 -2.720E+01 -2.691E+01 -1.771E+01
  1.0108750E+04 -2.663E+01 -2.619E+01 -1.698E+01
  1.0109250E+04 -3.044E+01 -2.858E+01 -1.401E+01
  1.0109750E+04 -2.930E+01 -2.805E+01 -1.536E+01
  1.0110250E+04 -2.997E+01 -2.910E+01 -1.752E+01
  1.0110750E+04 -2.983E+01 -2.782E+01 -1.143E+01
  1.0111250E+04 -2.535E+01 -2.494E+01 -1.563E+01
  1.0111750E+04 -2.868E+01 -2.731E+01 -1.457E+01
  1.0112250E+04 -2.819E+01 -2.724E+01 -1.521E+01
  1.0112750E+04 -2.763E+01 -2.684E+01 -1.604E+01
  1.0113250E+04 -2.868E+01 -2.629E+01 -1.056E+01
  1.0113750E+04 -2.822E+01 -2.653E+01 -1.273E+01
  1.0114250E+04 -2.554E+01 -2.492E+01 -1.531E+01
  1.0114750E+04 -3.116E+01 -2.944E+01 -1.450E+01
  1.0115250E+04 -2.505E+01 -2.468E+01 -1.592E+01
  1.0115750E+04 -2.566E+01 -2.417E+01 -1.170E+01
  1.0116250E+04 -2.702E+01 -2.541E+01 -1.261E+01
  1.0116750E+04 -2.902E+01 -2.683E+01 -1.087E+01
  1.0117250E+04 -2.907E+01 -2.728E+01 -1.235E+01
  1.0117750E+04 -2.947E+01 -2.818E+01 -1.557E+01
  1.0118250E+04 -2.748E+01 -2.655E+01 -1.546E+01
  1.0118750E+04 -2.712E+01 -2.602E+01 -1.444E+01
  1.0119250E+04 -2.629E+01 -2.594E+01 -1.740E+01
  1.0119750E+04 -2.605E+01 -2.494E+01 -1.320E+01
  1.0120250E+04 -2.564E+01 -2.449E+01 -1.318E+01
  1.0120750E+04 -2.752E+01 -2.635E+01 -1.460E+01
  1.0121250E+04 -2.574E+01 -2.442E+01 -1.233E+01
  1.0121750E+04 -2.487E+01 -2.427E+01 -1.514E+01
  1.0122250E+04 -2.449E+01 -2.367E+01 -1.382E+01
  1.0122750E+04 -2.611E+01 -2.475E+01 -1.259E+01
  1.0123250E+04 -2.501E+01 -2.431E+01 -1.460E+01
  1.0123750E+04 -2.429E+01 -2.267E+01 -1.030E+01
  1.0124250E+04 -2.434E+01 -2.396E+01 -1.567E+01
  1.0124750E+04 -2.528E+01 -2.415E+01 -1.281E+01
  1.0125250E+04 -2.691E+01 -2.496E+01 -1.021E+01
  1.0125750E+04 -2.640E+01 -2.471E+01 -1.110E+01
  1.0126250E+04 -2.624E+01 -2.543E+01 -1.479E+01
  1.0126750E+04 -2.482E+01 -2.364E+01 -1.293E+01
  1.0127250E+04 -2.558E+01 -2.437E+01 -1.277E+01
  1.0127750E+04 -2.572E+01 -2.510E+01 -1.522E+01
  1.0128250E+04 -2.437E+01 -2.307E+01 -1.128E+01
  1.0128750E+04 -2.295E+01 -2.241E+01 -1.352E+01
  1.0129250E+04 -2.319E+01 -2.246E+01 -1.351E+01
  1.0129750E+04 -2.244E+01 -2.139E+01 -1.179E+01
  1.0130250E+04 -2.453E+01 -2.380E+01 -1.398E+01
  1.0130750E+04 -2.648E+01 -2.487E+01 -1.188E+01
  1.0131250E+04 -2.258E+01 -2.153E+01 -1.185E+01
  1.0131750E+04 -2.255E+01 -2.133E+01 -1.016E+01
  1.0132250E+04 -2.534E+01 -2.395E+01 -1.122E+01
  1.0132750E+04 -2.328E+01 -2.256E+01 -1.346E+01
  1.0133250E+04 -2.370E+01 -2.245E+01 -1.142E+01
  1.0133750E+04 -2.303E+01 -2.173E+01 -1.129E+01
  1.0134250E+04 -2.193E+01 -2.070E+01 -1.026E+01
  1.0134750E+04 -2.310E+01 -2.239E+01 -1.319E+01
  1.0135250E+04 -2.425E+01 -2.331E+01 -1.306E+01
  1.0135750E+04 -2.168E+01 -2.075E+01 -1.106E+01
  1.0136250E+04 -2.264E+01 -2.188E+01 -1.272E+01
  1.0136750E+04 -2.095E+01 -2.029E+01 -1.212E+01
  1.0137250E+04 -2.074E+01 -1.992E+01 -1.068E+01
  1.0137750E+04 -2.547E+01 -2.425E+01 -1.304E+01
  1.0138250E+04 -2.370E+01 -2.311E+01 -1.445E+01
  1.0138750E+04 -2.262E+01 -2.296E+01 -1.694E+01
  1.0139250E+04 -2.445E+01 -2.326E+01 -1.203E+01
  1.0139750E+04 -2.120E+01 -2.014E+01 -1.057E+01
  1.0140250E+04 -2.056E+01 -1.931E+01 -9.267E+00
  1.0140750E+04 -2.070E+01 -2.062E+01 -1.402E+01
  1.0141250E+04 -2.161E+01 -2.048E+01 -1.023E+01
  1.0141750E+04 -2.514E+01 -2.291E+01 -7.947E+00
  1.0142250E+04 -2.357E+01 -2.208E+01 -1.067E+01
  1.0142750E+04 -2.341E+01 -2.238E+01 -1.164E+01
  1.0143250E+04 -2.031E+01 -1.978E+01 -1.224E+01
  1.0143750E+04 -2.033E+01 -2.110E+01 -1.790E+01
  1.0144250E+04 -2.289E+01 -2.199E+01 -1.227E+01
  1.0144750E+04 -2.163E+01 -2.072E+01 -1.141E+01
  1.0145250E+04 -2.412E+01 -2.168E+01 -6.988E+00
  1.0145750E+04 -2.229E+01 -2.086E+01 -9.676E+00
  1.0146250E+04 -2.089E+01 -2.068E+01 -1.385E+01
  1.0146750E+04 -2.039E+01 -1.954E+01 -1.027E+01
  1.0147250E+04 -2.116E+01 -1.985E+01 -9.038E+00
  1.0147750E+04 -2.067E+01 -2.064E+01 -1.496E+01
  1.0148250E+04 -2.035E+01 -1.952E+01 -1.093E+01
  1.0148750E+04 -1.984E+01 -1.926E+01 -1.207E+01
  1.0149250E+04 -2.187E+01 -2.089E+01 -1.093E+01
  1.0149750E+04 -2.065E+01 -1.911E+01 -8.033E+00
  1.0150250E+04 -1.993E+01 -1.899E+01 -9.446E+00
  1.0150750E+04 -2.105E+01 -2.027E+01 -1.174E+01
  1.0151250E+04 -2.018E+01 -1.937E+01 -1.109E+01
  1.0151750E+04 -2.060E+01 -1.994E+01 -1.203E+01
  1.0152250E+04 -2.007E+01 -1.937E+01 -1.113E+01
  1.0152750E+04 -1.979E+01 -1.935E+01 -1.183E+01
  1.0153250E+04 -2.245E+01 -2.143E+01 -1.119E+01
  1.0153750E+04 -1.931E+01 -1.870E+01 -1.089E+01
  1.0154250E+04 -1.875E+01 -1.809E+01 -9.963E+00
  1.0154750E+04 -1.991E+01 -1.818E+01 -6.352E+00
  1.0155250E+04 -2.145E+01 -2.028E+01 -9.096E+00
  1.0155750E+04 -2.055E+01 -1.983E+01 -1.154E+01
  1.0156250E+04 -1.942E+01 -1.801E+01 -7.577E+00
  1.0156750E+04 -2.015E+01 -1.840E+01 -6.970E+00
  1.0157250E+04 -1.950E+01 -1.872E+01 -9.916E+00
  1.0157750E+04 -1.935E+01 -1.930E+01 -1.344E+01
  1.0158250E+04 -2.078E+01 -2.006E+01 -1.166E+01
  1.0158750E+04 -1.830E+01 -1.748E+01 -9.695E+00
  1.0159250E+04 -1.896E+01 -1.841E+01 -1.069E+01
  1.0159750E+04 -1.963E+01 -1.883E+01 -9.745E+00
  1.0160250E+04 -1.973E+01 -1.839E+01 -7.866E+00
  1.0160750E+04 -1.748E+01 -1.688E+01 -9.743E+00
  1.0161250E+04 -1.873E+01 -1.763E+01 -9.433E+00
  1.0161750E+04 -1.839E+01 -1.727E+01 -8.779E+00
  1.0162250E+04 -2.022E+01 -1.886E+01 -8.265E+00
  1.0162750E+04 -2.033E+01 -1.953E+01 -1.009E+01
  1.0163250E+04 -1.890E+01 -1.811E+01 -9.864E+00
  1.0163750E+04 -1.939E+01 -1.915E+01 -1.292E+01
  1.0164250E+04 -1.784E+01 -1.751E+01 -1.061E+01
  1.0164750E+04 -1.864E+01 -1.810E+01 -1.083E+01
  1.0165250E+04 -2.002E+01 -1.867E+01 -7.972E+00
  1.0165750E+04 -1.750E+01 -1.680E+01 -9.752E+00
  1.0166250E+04 -1.800E+01 -1.718E+01 -9.147E+00
  1.0166750E+04 -1.787E+01 -1.727E+01 -9.877E+00
  1.0167250E+04 -2.012E+01 -1.902E+01 -9.134E+00
  1.0167750E+04 -1.781E+01 -1.756E+01 -1.149E+01
  1.0168250E+04 -1.688E+01 -1.605E+01 -8.184E+00
  1.0168750E+04 -1.817E+01 -1.743E+01 -9.402E+00
  1.0169250E+04 -1.696E+01 -1.631E+01 -8.916E+00
  1.0169750E+04 -1.805E+01 -1.751E+01 -1.014E+01
  1.0170250E+04 -1.819E+01 -1.757E+01 -1.057E+01
  1.0170750E+04 -1.595E+01 -1.599E+01 -1.166E+01
  1.0171250E+04 -1.934E+01 -1.808E+01 -7.704E+00
  1.0171750E+04 -1.782E+01 -1.716E+01 -9.563E+00
  1.0172250E+04 -1.680E+01 -1.632E+01 -9.695E+00
  1.0172750E+04 -1.816E+01 -1.707E+01 -8.586E+00
  1.0173250E+04 -1.889E+01 -1.858E+01 -1.156E+01
  1.0173750E+04 -1.850E+01 -1.778E+01 -9.450E+00
  1.0174250E+04 -1.542E+01 -1.525E+01 -1.038E+01
  1.0174750E+04 -1.685E+01 -1.649E+01 -1.037E+01
  1.0175250E+04 -1.858E+01 -1.774E+01 -9.557E+00
  1.0175750E+04 -1.704E+01 -1.607E+01 -7.712E+00
  1.0176250E+04 -1.789E+01 -1.681E+01 -7.880E+00
  1.0176750E+04 -1.583E+01 -1.506E+01 -8.006E+00
  1.0177250E+04 -1.614E+01 -1.540E+01 -8.346E+00
  1.0177750E+04 -1.664E+01 -1.621E+01 -9.369E+00
  1.0178250E+04 -1.871E+01 -1.736E+01 -6.948E+00
  1.0178750E+04 -1.749E+01 -1.666E+01 -9.673E+00
  1.0179250E+04 -1.360E+01 -1.346E+01 -8.992E+00
  1.0179750E+04 -1.695E+01 -1.577E+01 -6.951E+00
  1.0180250E+04 -1.814E+01 -1.671E+01 -6.878E+00
  1.0180750E+04 -1.605E+01 -1.545E+01 -8.999E+00
  1.0181250E+04 -1.417E+01 -1.428E+01 -1.083E+01
  1.0181750E+04 -1.672E+01 -1.596E+01 -8.437E+00
  1.0182250E+04 -1.537E+01 -1.451E+01 -6.944E+00
  1.0182750E+04 -1.705E+01 -1.694E+01 -1.091E+01
  1.0183250E+04 -1.373E+01 -1.359E+01 -8.744E+00
  1.0183750E+04 -1.545E+01 -1.502E+01 -8.692E+00
  1.0184250E+04 -1.706E+01 -1.647E+01 -9.838E+00
  1.0184750E+04 -1.621E+01 -1.600E+01 -1.011E+01
  1.0185250E+04 -1.556E+01 -1.460E+01 -6.957E+00
  1.0185750E+04 -1.753E+01 -1.687E+01 -9.302E+00
  1.0186250E+04 -1.767E+01 -1.627E+01 -6.615E+00
  1.0186750E+04 -1.682E+01 -1.599E+01 -8.295E+00
  1.0187250E+04 -1.482E+01 -1.418E+01 -7.552E+00
  1.0187750E+04 -1.611E+01 -1.525E+01 -8.041E+00
  1.0188250E+04 -1.586E+01 -1.524E+01 -8.544E+00
  1.0188750E+04 -1.579E+01 -1.539E+01 -9.167E+00
  1.0189250E+04 -1.545E+01 -1.465E+01 -7.684E+00
  1.0189750E+04 -1.500E+01 -1.460E+01 -8.956E+00
  1.0190250E+04 -1.403E+01 -1.354E+01 -7.790E+00
  1.0190750E+04 -1.619E+01 -1.532E+01 -7.912E+00
  1.0191250E+04 -1.523E+01 -1.460E+01 -8.064E+00
  1.0191750E+04 -1.555E+01 -1.457E+01 -6.203E+00
  1.0192250E+04 -1.532E+01 -1.417E+01 -5.928E+00
  1.0192750E+04 -1.489E+01 -1.464E+01 -9.793E+00
  1.0193250E+04 -1.404E+01 -1.351E+01 -7.501E+00
  1.0193750E+04 -1.517E+01 -1.512E+01 -1.035E+01
  1.0194250E+04 -1.525E+01 -1.460E+01 -7.664E+00
  1.0194750E+04 -1.535E+01 -1.452E+01 -7.099E+00
  1.0195250E+04 -1.708E+01 -1.596E+01 -6.836E+00
  1.0195750E+04 -1.503E+01 -1.518E+01 -1.099E+01
  1.0196250E+04 -1.522E+01 -1.505E+01 -9.517E+00
  1.0196750E+04 -1.396E+01 -1.289E+01 -5.212E+00
  1.0197250E+04 -1.512E+01 -1.459E+01 -8.687E+00
  1.0197750E+04 -1.360E+01 -1.324E+01 -8.208E+00
  1.0198250E+04 -1.562E+01 -1.457E+01 -6.337E+00
  1.0198750E+04 -1.534E+01 -1.426E+01 -6.039E+00
  1.0199250E+04 -1.429E+01 -1.382E+01 -8.538E+00
  1.0199750E+04 -1.579E+01 -1.494E+01 -7.289E+00
  1.0200250E+04 -1.345E+01 -1.327E+01 -7.955E+00
  1.0200750E+04 -1.350E+01 -1.318E+01 -9.173E+00
  1.0201250E+04 -1.302E+01 -1.267E+01 -7.595E+00
  1.0201750E+04 -1.514E+01 -1.443E+01 -7.773E+00
  1.0202250E+04 -1.489E+01 -1.408E+01 -7.357E+00
  1.0202750E+04 -1.232E+01 -1.180E+01 -6.146E+00
  1.0203250E+04 -1.385E+01 -1.352E+01 -8.089E+00
  1.0203750E+04 -1.601E+01 -1.508E+01 -6.765E+00
  1.0204250E+04 -1.560E+01 -1.479E+01 -7.379E+00
  1.0204750E+04 -1.384E+01 -1.335E+01 -7.358E+00
  1.0205250E+04 -1.508E+01 -1.446E+01 -7.381E+00
  1.0205750E+04 -1.215E+01 -1.209E+01 -7.911E+00
  1.0206250E+04 -1.183E+01 -1.145E+01 -6.675E+00
  1.0206750E+04 -1.359E+01 -1.312E+01 -7.764E+00
  1.0207250E+04 -1.435E+01 -1.364E+01 -7.013E+00
  1.0207750E+04 -1.402E+01 -1.308E+01 -5.946E+00
  1.0208250E+04 -1.295E+01 -1.244E+01 -7.356E+00
  1.0208750E+04 -1.391E+01 -1.320E+01 -6.559E+00
  1.0209250E+04 -1.489E+01 -1.422E+01 -7.683E+00
  1.0209750E+04 -1.394E+01 -1.370E+01 -8.795E+00
  1.0210250E+04 -1.292E+01 -1.205E+01 -5.218E+00
  1.0210750E+04 -1.375E+01 -1.303E+01 -6.475E+00
  1.0211250E+04 -1.332E+01 -1.262E+01 -6.746E+00
  1.0211750E+04 -1.249E+01 -1.226E+01 -7.838E+00
  1.0212250E+04 -1.414E+01 -1.403E+01 -9.279E+00
  1.0212750E+04 -1.295E+01 -1.250E+01 -6.956E+00
  1.0213250E+04 -1.417E+01 -1.332E+01 -6.436E+00
  1.0213750E+04 -1.276E+01 -1.197E+01 -5.344E+00
  1.0214250E+04 -1.321E+01 -1.248E+01 -5.783E+00
  1.0214750E+04 -1.400E+01 -1.347E+01 -7.893E+00
  1.0215250E+04 -1.323E+01 -1.263E+01 -6.861E+00
  1.0215750E+04 -1.330E+01 -1.284E+01 -7.594E+00
  1.0216250E+04 -1.275E+01 -1.216E+01 -6.331E+00
  1.0216750E+04 -1.246E+01 -1.199E+01 -6.024E+00
  1.0217250E+04 -1.340E+01 -1.284E+01 -7.123E+00
  1.0217750E+04 -1.252E+01 -1.214E+01 -7.491E+00
  1.0218250E+04 -1.404E+01 -1.325E+01 -6.282E+00
  1.0218750E+04 -1.354E+01 -1.289E+01 -6.578E+00
  1.0219250E+04 -1.246E+01 -1.244E+01 -7.952E+00
  1.0219750E+04 -1.245E+01 -1.177E+01 -6.579E+00
  1.0220250E+04 -1.184E+01 -1.124E+01 -6.600E+00
  1.0220750E+04 -1.268E+01 -1.245E+01 -8.079E+00
  1.0221250E+04 -1.259E+01 -1.233E+01 -7.439E+00
  1.0221750E+04 -1.249E+01 -1.169E+01 -5.517E+00
  1.0222250E+04 -1.140E+01 -1.073E+01 -4.596E+00
  1.0222750E+04 -1.060E+01 -1.006E+01 -5.768E+00
  1.0223250E+04 -1.171E+01 -1.108E+01 -5.629E+00
  1.0223750E+04 -1.355E+01 -1.303E+01 -7.294E+00
  1.0224250E+04 -1.336E+01 -1.250E+01 -5.324E+00
  1.0224750E+04 -1.303E+01 -1.228E+01 -6.143E+00
  1.0225250E+04 -1.201E+01 -1.132E+01 -4.785E+00
  1.0225750E+04 -1.277E+01 -1.313E+01 -8.436E+00
  1.0226250E+04 -1.189E+01 -1.165E+01 -8.173E+00
  1.0226750E+04 -1.207E+01 -1.134E+01 -5.330E+00
  1.0227250E+04 -1.352E+01 -1.287E+01 -6.740E+00
  1.0227750E+04 -1.444E+01 -1.395E+01 -8.081E+00
  1.0228250E+04 -1.164E+01 -1.140E+01 -7.045E+00
  1.0228750E+04 -1.190E+01 -1.119E+01 -5.009E+00
  1.0229250E+04 -1.118E+01 -1.094E+01 -6.890E+00
  1.0229750E+04 -1.155E+01 -1.112E+01 -6.496E+00
  1.0230250E+04 -1.135E+01 -1.100E+01 -6.331E+00
  1.0230750E+04 -1.044E+01 -1.003E+01 -5.313E+00
  1.0231250E+04 -1.070E+01 -1.044E+01 -6.509E+00
  1.0231750E+04 -1.081E+01 -1.009E+01 -5.125E+00
  1.0232250E+04 -1.020E+01 -1.015E+01 -7.252E+00
  1.0232750E+04 -1.239E+01 -1.193E+01 -6.855E+00
  1.0233250E+04 -1.105E+01 -1.106E+01 -7.088E+00
  1.0233750E+04 -1.161E+01 -1.085E+01 -4.443E+00
  1.0234250E+04 -1.216E+01 -1.137E+01 -5.169E+00
  1.0234750E+04 -1.112E+01 -1.047E+01 -4.971E+00
  1.0235250E+04 -1.257E+01 -1.146E+01 -4.883E+00
  1.0235750E+04 -1.144E+01 -1.063E+01 -4.773E+00
  1.0236250E+04 -1.132E+01 -1.081E+01 -5.724E+00
  1.0236750E+04 -1.175E+01 -1.107E+01 -5.587E+00
  1.0237250E+04 -1.147E+01 -1.094E+01 -6.496E+00
  1.0237750E+04 -1.053E+01 -1.048E+01 -7.803E+00
  1.0238250E+04 -1.129E+01 -1.093E+01 -6.188E+00
  1.0238750E+04 -1.214E+01 -1.191E+01 -6.683E+00
  1.0239250E+04 -1.153E+01 -1.106E+01 -5.773E+00
  1.0239750E+04 -1.068E+01 -1.032E+01 -5.665E+00
  1.0240250E+04 -1.209E+01 -1.150E+01 -5.769E+00
  1.0240750E+04 -9.880E+00 -9.785E+00 -6.141E+00
  1.0241250E+04 -1.058E+01 -1.029E+01 -5.811E+00
  1.0241750E+04 -1.153E+01 -1.101E+01 -5.432E+00
  1.0242250E+04 -1.143E+01 -1.083E+01 -6.140E+00
  1.0242750E+04 -1.227E+01 -1.178E+01 -5.903E+00
  1.0243250E+04 -1.021E+01 -9.923E+00 -5.734E+00
  1.0243750E+04 -8.513E+00 -8.323E+00 -5.826E+00
  1.0244250E+04 -1.023E+01 -1.018E+01 -7.031E+00
  1.0244750E+04 -1.127E+01 -1.095E+01 -6.396E+00
  1.0245250E+04 -1.162E+01 -1.133E+01 -6.884E+00
  1.0245750E+04 -1.059E+01 -1.051E+01 -6.406E+00
  1.0246250E+04 -1.169E+01 -1.099E+01 -5.641E+00
  1.0246750E+04 -1.067E+01 -1.016E+01 -5.127E+00
  1.0247250E+04 -1.003E+01 -9.944E+00 -6.740E+00
  1.0247750E+04 -1.155E+01 -1.063E+01 -3.964E+00
  1.0248250E+04 -1.097E+01 -1.060E+01 -6.463E+00
  1.0248750E+04 -1.075E+01 -1.013E+01 -4.292E+00
  1.0249250E+04 -1.041E+01 -1.018E+01 -6.368E+00
  1.0249750E+04 -1.087E+01 -1.086E+01 -7.128E+00
  1.0250250E+04 -9.249E+00 -9.128E+00 -6.358E+00
  1.0250750E+04 -1.125E+01 -1.033E+01 -3.986E+00
  1.0251250E+04 -9.441E+00 -8.794E+00 -4.280E+00
  1.0251750E+04 -1.072E+01 -1.024E+01 -5.342E+00
  1.0252250E+04 -9.647E+00 -9.495E+00 -5.786E+00
  1.0252750E+04 -9.726E+00 -9.819E+00 -7.573E+00
  1.0253250E+04 -1.040E+01 -9.854E+00 -5.880E+00
  1.0253750E+04 -1.035E+01 -9.848E+00 -4.180E+00
  1.0254250E+04 -9.919E+00 -9.678E+00 -6.018E+00
  1.0254750E+04 -9.878E+00 -9.491E+00 -5.220E+00
  1.0255250E+04 -9.648E+00 -9.635E+00 -6.623E+00
  1.0255750E+04 -9.370E+00 -9.559E+00 -6.254E+00
  1.0256250E+04 -1.082E+01 -1.060E+01 -6.113E+00
  1.0256750E+04 -1.078E+01 -1.017E+01 -5.101E+00
  1.0257250E+04 -9.137E+00 -9.061E+00 -5.689E+00
  1.0257750E+04 -1.007E+01 -9.558E+00 -4.630E+00
  1.0258250E+04 -9.797E+00 -9.525E+00 -5.629E+00
  1.0258750E+04 -9.536E+00 -9.131E+00 -3.634E+00
  1.0259250E+04 -1.120E+01 -1.085E+01 -6.360E+00
  1.0259750E+04 -1.080E+01 -9.987E+00 -4.211E+00
  1.0260250E+04 -8.918E+00 -8.835E+00 -5.741E+00
  1.0260750E+04 -9.049E+00 -8.674E+00 -4.727E+00
  1.0261250E+04 -1.001E+01 -9.661E+00 -5.326E+00
  1.0261750E+04 -1.022E+01 -9.620E+00 -4.592E+00
  1.0262250E+04 -9.160E+00 -8.594E+00 -4.677E+00
  1.0262750E+04 -9.236E+00 -8.973E+00 -5.161E+00
  1.0263250E+04 -9.865E+00 -9.440E+00 -5.271E+00
  1.0263750E+04 -1.020E+01 -9.372E+00 -3.384E+00
  1.0264250E+04 -1.014E+01 -9.369E+00 -3.796E+00
  1.0264750E+04 -9.164E+00 -8.925E+00 -5.372E+00
  1.0265250E+04 -9.158E+00 -9.253E+00 -6.673E+00
  1.0265750E+04 -9.130E+00 -9.107E+00 -6.467E+00
  1.0266250E+04 -1.026E+01 -9.632E+00 -4.420E+00
  1.0266750E+04 -9.779E+00 -9.263E+00 -4.876E+00
  1.0267250E+04 -1.096E+01 -1.031E+01 -5.203E+00
  1.0267750E+04 -1.070E+01 -1.013E+01 -4.838E+00
  1.0268250E+04 -9.258E+00 -8.759E+00 -4.730E+00
  1.0268750E+04 -8.732E+00 -8.581E+00 -5.626E+00
  1.0269250E+04 -9.483E+00 -9.311E+00 -5.283E+00
  1.0269750E+04 -9.292E+00 -8.614E+00 -3.969E+00
  1.0270250E+04 -8.668E+00 -8.397E+00 -4.891E+00
  1.0270750E+04 -8.984E+00 -8.922E+00 -5.848E+00
  1.0271250E+04 -9.080E+00 -8.971E+00 -5.865E+00
  1.0271750E+04 -9.702E+00 -9.137E+00 -4.403E+00
  1.0272250E+04 -9.087E+00 -8.646E+00 -4.403E+00
  1.0272750E+04 -9.641E+00 -9.141E+00 -4.836E+00
  1.0273250E+04 -9.723E+00 -9.303E+00 -6.002E+00
  1.0273750E+04 -8.876E+00 -8.872E+00 -6.450E+00
  1.0274250E+04 -8.526E+00 -8.429E+00 -5.369E+00
  1.0274750E+04 -9.684E+00 -9.312E+00 -4.282E+00
  1.0275250E+04 -9.430E+00 -9.164E+00 -5.460E+00
  1.0275750E+04 -9.757E+00 -9.306E+00 -4.493E+00
  1.0276250E+04 -9.127E+00 -8.297E+00 -4.093E+00
  1.0276750E+04 -9.505E+00 -8.731E+00 -3.913E+00
  1.0277250E+04 -8.629E+00 -7.867E+00 -3.521E+00
  1.0277750E+04 -8.288E+00 -8.139E+00 -5.405E+00
  1.0278250E+04 -8.735E+00 -8.454E+00 -4.976E+00
  1.0278750E+04 -8.923E+00 -8.621E+00 -4.658E+00
  1.0279250E+04 -8.139E+00 -7.993E+00 -5.789E+00
  1.0279750E+04 -8.474E+00 -7.924E+00 -3.070E+00
  1.0280250E+04 -9.422E+00 -9.088E+00 -5.488E+00
  1.0280750E+04 -8.811E+00 -8.642E+00 -5.316E+00
  1.0281250E+04 -8.801E+00 -8.315E+00 -4.094E+00
  1.0281750E+04 -7.503E+00 -7.049E+00 -3.284E+00
  1.0282250E+04 -7.121E+00 -7.322E+00 -4.706E+00
  1.0282750E+04 -8.295E+00 -8.325E+00 -5.696E+00
  1.0283250E+04 -8.816E+00 -8.399E+00 -4.639E+00
  1.0283750E+04 -8.165E+00 -8.209E+00 -5.720E+00
  1.0284250E+04 -9.778E+00 -9.308E+00 -5.005E+00
  1.0284750E+04 -8.707E+00 -8.231E+00 -4.063E+00
  1.0285250E+04 -7.983E+00 -7.819E+00 -4.476E+00
  1.0285750E+04 -8.921E+00 -8.729E+00 -5.123E+00
  1.0286250E+04 -9.798E+00 -9.129E+00 -4.199E+00
  1.0286750E+04 -9.261E+00 -8.706E+00 -4.414E+00
  1.0287250E+04 -7.983E+00 -7.553E+00 -3.935E+00
  1.0287750E+04 -6.664E+00 -7.103E+00 -4.797E+00
  1.0288250E+04 -7.709E+00 -7.693E+00 -5.716E+00
  1.0288750E+04 -9.298E+00 -9.342E+00 -6.213E+00
  1.0289250E+04 -8.509E+00 -7.765E+00 -4.201E+00
  1.0289750E+04 -8.874E+00 -8.046E+00 -3.602E+00
  1.0290250E+04 -8.480E+00 -8.160E+00 -3.874E+00
  1.0290750E+04 -7.959E+00 -7.508E+00 -3.588E+00
  1.0291250E+04 -6.953E+00 -6.976E+00 -4.937E+00
  1.0291750E+04 -7.342E+00 -6.956E+00 -3.573E+00
  1.0292250E+04 -8.127E+00 -7.930E+00 -4.752E+00
  1.0292750E+04 -7.434E+00 -7.065E+00 -4.799E+00
  1.0293250E+04 -7.610E+00 -7.324E+00 -4.612E+00
  1.0293750E+04 -8.330E+00 -7.791E+00 -3.932E+00
  1.0294250E+04 -7.463E+00 -7.362E+00 -4.469E+00
  1.0294750E+04 -7.405E+00 -7.351E+00 -4.041E+00
  1.0295250E+04 -8.270E+00 -7.839E+00 -3.404E+00
  1.0295750E+04 -7.328E+00 -7.400E+00 -5.081E+00
  1.0296250E+04 -8.071E+00 -7.783E+00 -4.620E+00
  1.0296750E+04 -8.961E+00 -8.670E+00 -4.835E+00
  1.0297250E+04 -8.325E+00 -7.965E+00 -4.128E+00
  1.0297750E+04 -7.169E+00 -7.033E+00 -4.529E+00
  1.0298250E+04 -8.100E+00 -7.609E+00 -3.698E+00
  1.0298750E+04 -8.910E+00 -8.473E+00 -4.173E+00
  1.0299250E+04 -8.813E+00 -8.400E+00 -4.762E+00
  1.0299750E+04 -8.190E+00 -7.842E+00 -4.235E+00
  1.0300250E+04 -7.186E+00 -6.882E+00 -4.073E+00
  1.0300750E+04 -8.833E+00 -8.134E+00 -3.147E+00
  1.0301250E+04 -7.995E+00 -7.672E+00 -4.146E+00
  1.0301750E+04 -8.285E+00 -7.400E+00 -4.274E+00
  1.0302250E+04 -7.584E+00 -7.180E+00 -4.061E+00
  1.0302750E+04 -8.201E+00 -7.651E+00 -3.125E+00
  1.0303250E+04 -8.015E+00 -7.895E+00 -5.071E+00
  1.0303750E+04 -7.877E+00 -7.537E+00 -4.304E+00
  1.0304250E+04 -8.303E+00 -8.150E+00 -4.843E+00
  1.0304750E+04 -6.913E+00 -6.620E+00 -3.779E+00
  1.0305250E+04 -7.385E+00 -7.241E+00 -4.023E+00
  1.0305750E+04 -8.364E+00 -7.932E+00 -3.707E+00
  1.0306250E+04 -7.298E+00 -6.838E+00 -3.809E+00
  1.0306750E+04 -6.975E+00 -6.603E+00 -3.284E+00
  1.0307250E+04 -7.500E+00 -7.204E+00 -4.068E+00
  1.0307750E+04 -7.604E+00 -7.685E+00 -5.958E+00
  1.0308250E+04 -6.839E+00 -6.735E+00 -3.724E+00
  1.0308750E+04 -6.588E+00 -6.570E+00 -3.591E+00
  1.0309250E+04 -7.552E+00 -7.170E+00 -3.821E+00
  1.0309750E+04 -7.606E+00 -6.775E+00 -1.520E+00
  1.0310250E+04 -7.735E+00 -7.231E+00 -3.067E+00
  1.0310750E+04 -6.917E+00 -6.531E+00 -3.270E+00
  1.0311250E+04 -6.227E+00 -6.380E+00 -5.468E+00
  1.0311750E+04 -5.597E+00 -5.775E+00 -4.243E+00
  1.0312250E+04 -7.100E+00 -6.872E+00 -2.999E+00
  1.0312750E+04 -8.326E+00 -7.827E+00 -4.065E+00
  1.0313250E+04 -7.694E+00 -7.272E+00 -3.649E+00
  1.0313750E+04 -7.808E+00 -7.492E+00 -4.170E+00
  1.0314250E+04 -7.682E+00 -7.527E+00 -5.038E+00
  1.0314750E+04 -7.682E+00 -7.247E+00 -3.282E+00
  1.0315250E+04 -7.958E+00 -7.194E+00 -2.431E+00
  1.0315750E+04 -7.289E+00 -7.106E+00 -4.638E+00
  1.0316250E+04 -6.427E+00 -6.415E+00 -4.547E+00
  1.0316750E+04 -7.320E+00 -7.084E+00 -3.735E+00
  1.0317250E+04 -7.531E+00 -7.141E+00 -4.228E+00
  1.0317750E+04 -7.731E+00 -7.614E+00 -5.031E+00
  1.0318250E+04 -7.598E+00 -7.241E+00 -3.066E+00
  1.0318750E+04 -7.608E+00 -7.149E+00 -3.805E+00
  1.0319250E+04 -6.404E+00 -5.878E+00 -2.322E+00
  1.0319750E+04 -7.783E+00 -7.347E+00 -3.628E+00
  1.0320250E+04 -7.346E+00 -7.119E+00 -4.425E+00
  1.0320750E+04 -6.120E+00 -5.986E+00 -3.792E+00
  1.0321250E+04 -7.060E+00 -6.718E+00 -2.230E+00
  1.0321750E+04 -6.415E+00 -6.416E+00 -4.199E+00
  1.0322250E+04 -7.573E+00 -6.909E+00 -2.421E+00
  1.0322750E+04 -6.125E+00 -6.003E+00 -3.391E+00
  1.0323250E+04 -7.497E+00 -7.381E+00 -5.616E+00
  1.0323750E+04 -7.762E+00 -7.152E+00 -3.326E+00
  1.0324250E+04 -7.209E+00 -6.749E+00 -3.479E+00
  1.0324750E+04 -6.464E+00 -6.232E+00 -3.090E+00
  1.0325250E+04 -6.784E+00 -6.631E+00 -4.050E+00
  1.0325750E+04 -5.972E+00 -5.524E+00 -2.697E+00
  1.0326250E+04 -6.723E+00 -6.549E+00 -4.213E+00
  1.0326750E+04 -6.503E+00 -6.337E+00 -3.633E+00
  1.0327250E+04 -7.688E+00 -7.591E+00 -4.667E+00
  1.0327750E+04 -6.338E+00 -6.114E+00 -3.694E+00
  1.0328250E+04 -7.588E+00 -7.144E+00 -3.361E+00
  1.0328750E+04 -6.690E+00 -6.247E+00 -2.674E+00
  1.0329250E+04 -7.241E+00 -7.004E+00 -4.109E+00
  1.0329750E+04 -6.644E+00 -6.513E+00 -4.287E+00
  1.0330250E+04 -6.940E+00 -6.780E+00 -4.229E+00
  1.0330750E+04 -7.455E+00 -6.879E+00 -2.207E+00
  1.0331250E+04 -6.190E+00 -5.696E+00 -2.228E+00
  1.0331750E+04 -6.197E+00 -6.508E+00 -5.498E+00
  1.0332250E+04 -5.662E+00 -5.821E+00 -4.333E+00
  1.0332750E+04 -5.539E+00 -5.564E+00 -3.907E+00
  1.0333250E+04 -6.867E+00 -6.492E+00 -3.257E+00
  1.0333750E+04 -6.691E+00 -6.260E+00 -2.728E+00
  1.0334250E+04 -7.081E+00 -6.853E+00 -3.561E+00
  1.0334750E+04 -5.903E+00 -5.744E+00 -3.191E+00
  1.0335250E+04 -5.814E+00 -5.437E+00 -3.522E+00
  1.0335750E+04 -6.817E+00 -6.685E+00 -3.825E+00
  1.0336250E+04 -7.084E+00 -6.676E+00 -2.882E+00
  1.0336750E+04 -5.695E+00 -5.524E+00 -3.287E+00
  1.0337250E+04 -6.225E+00 -6.189E+00 -4.225E+00
  1.0337750E+04 -6.571E+00 -6.182E+00 -3.744E+00
  1.0338250E+04 -5.421E+00 -5.413E+00 -3.507E+00
  1.0338750E+04 -6.672E+00 -6.255E+00 -2.768E+00
  1.0339250E+04 -5.476E+00 -5.467E+00 -3.778E+00
  1.0339750E+04 -6.499E+00 -5.856E+00 -1.542E+00
  1.0340250E+04 -5.996E+00 -6.035E+00 -4.270E+00
  1.0340750E+04 -6.854E+00 -6.975E+00 -4.707E+00
  1.0341250E+04 -6.759E+00 -6.312E+00 -3.107E+00
  1.0341750E+04 -6.990E+00 -7.014E+00 -4.686E+00
  1.0342250E+04 -6.100E+00 -6.152E+00 -4.065E+00
  1.0342750E+04 -7.325E+00 -6.960E+00 -3.715E+00
  1.0343250E+04 -5.792E+00 -5.828E+00 -4.734E+00
  1.0343750E+04 -6.288E+00 -5.989E+00 -2.718E+00
  1.0344250E+04 -5.069E+00 -4.909E+00 -2.884E+00
  1.0344750E+04 -5.337E+00 -5.200E+00 -3.110E+00
  1.0345250E+04 -6.368E+00 -5.842E+00 -2.388E+00
  1.0345750E+04 -5.738E+00 -5.307E+00 -2.607E+00
  1.0346250E+04 -5.892E+00 -5.718E+00 -2.914E+00
  1.0346750E+04 -6.298E+00 -6.339E+00 -4.049E+00
  1.0347250E+04 -5.728E+00 -5.643E+00 -4.188E+00
  1.0347750E+04 -5.445E+00 -5.407E+00 -3.612E+00
  1.0348250E+04 -5.390E+00 -5.504E+00 -3.723E+00
  1.0348750E+04 -5.565E+00 -5.531E+00 -3.527E+00
  1.0349250E+04 -6.180E+00 -5.751E+00 -2.222E+00
  1.0349750E+04 -6.045E+00 -5.918E+00 -3.449E+00
  1.0350250E+04 -6.370E+00 -6.027E+00 -3.355E+00
  1.0350750E+04 -5.967E+00 -5.765E+00 -3.076E+00
  1.0351250E+04 -6.105E+00 -5.713E+00 -2.446E+00
  1.0351750E+04 -6.349E+00 -5.978E+00 -3.042E+00
  1.0352250E+04 -6.123E+00 -6.036E+00 -3.380E+00
  1.0352750E+04 -5.782E+00 -5.661E+00 -3.516E+00
  1.0353250E+04 -5.915E+00 -5.570E+00 -2.752E+00
  1.0353750E+04 -5.425E+00 -5.614E+00 -4.305E+00
  1.0354250E+04 -6.348E+00 -5.995E+00 -3.094E+00
  1.0354750E+04 -6.199E+00 -6.002E+00 -3.597E+00
  1.0355250E+04 -6.410E+00 -5.878E+00 -2.400E+00
  1.0355750E+04 -6.343E+00 -5.993E+00 -2.412E+00
  1.0356250E+04 -5.568E+00 -5.642E+00 -4.377E+00
  1.0356750E+04 -5.227E+00 -5.049E+00 -2.517E+00
  1.0357250E+04 -5.114E+00 -4.844E+00 -2.629E+00
  1.0357750E+04 -4.920E+00 -4.546E+00 -1.473E+00
  1.0358250E+04 -6.009E+00 -5.713E+00 -2.848E+00
  1.0358750E+04 -5.363E+00 -5.462E+00 -4.204E+00
  1.0359250E+04 -5.998E+00 -5.899E+00 -3.699E+00
  1.0359750E+04 -5.463E+00 -5.278E+00 -3.047E+00
  1.0360250E+04 -6.165E+00 -5.844E+00 -2.970E+00
  1.0360750E+04 -5.490E+00 -5.789E+00 -4.870E+00
  1.0361250E+04 -6.393E+00 -6.010E+00 -2.694E+00
  1.0361750E+04 -5.108E+00 -4.910E+00 -2.859E+00
  1.0362250E+04 -5.947E+00 -5.902E+00 -3.636E+00
  1.0362750E+04 -4.787E+00 -4.455E+00 -2.208E+00
  1.0363250E+04 -5.625E+00 -5.276E+00 -3.063E+00
  1.0363750E+04 -5.955E+00 -5.705E+00 -2.861E+00
  1.0364250E+04 -5.675E+00 -5.357E+00 -1.914E+00
  1.0364750E+04 -5.434E+00 -5.154E+00 -2.340E+00
  1.0365250E+04 -4.726E+00 -4.490E+00 -2.397E+00
  1.0365750E+04 -5.331E+00 -5.178E+00 -2.989E+00
  1.0366250E+04 -5.418E+00 -5.244E+00 -3.732E+00
  1.0366750E+04 -6.012E+00 -5.703E+00 -2.816E+00
  1.0367250E+04 -5.688E+00 -5.378E+00 -2.392E+00
  1.0367750E+04 -5.875E+00 -5.792E+00 -3.798E+00
  1.0368250E+04 -7.061E+00 -6.556E+00 -2.858E+00
  1.0368750E+04 -6.149E+00 -5.852E+00 -2.931E+00
  1.0369250E+04 -5.286E+00 -5.107E+00 -2.485E+00
  1.0369750E+04 -5.286E+00 -5.288E+00 -3.417E+00
  1.0370250E+04 -5.335E+00 -5.256E+00 -3.348E+00
  1.0370750E+04 -3.948E+00 -4.023E+00 -3.124E+00
  1.0371250E+04 -4.657E+00 -4.459E+00 -2.657E+00
  1.0371750E+04 -4.164E+00 -4.473E+00 -3.794E+00
  1.0372250E+04 -5.670E+00 -5.385E+00 -2.202E+00
  1.0372750E+04 -5.923E+00 -5.365E+00 -1.428E+00
  1.0373250E+04 -5.770E+00 -5.403E+00 -2.585E+00
  1.0373750E+04 -4.529E+00 -4.507E+00 -2.841E+00
  1.0374250E+04 -5.017E+00 -4.689E+00 -2.590E+00
  1.0374750E+04 -4.003E+00 -4.084E+00 -2.987E+00
  1.0375250E+04 -4.696E+00 -4.475E+00 -1.873E+00
  1.0375750E+04 -4.834E+00 -4.400E+00 -2.172E+00
  1.0376250E+04 -5.307E+00 -5.047E+00 -2.407E+00
  1.0376750E+04 -4.957E+00 -5.003E+00 -3.430E+00
  1.0377250E+04 -5.048E+00 -4.987E+00 -3.094E+00
  1.0377750E+04 -5.398E+00 -5.080E+00 -2.331E+00
  1.0378250E+04 -4.968E+00 -4.759E+00 -2.538E+00
  1.0378750E+04 -5.648E+00 -5.449E+00 -2.958E+00
  1.0379250E+04 -4.720E+00 -4.749E+00 -3.308E+00
  1.0379750E+04 -5.491E+00 -5.149E+00 -2.468E+00
  1.0380250E+04 -4.647E+00 -4.448E+00 -2.285E+00
  1.0380750E+04 -4.489E+00 -4.261E+00 -2.084E+00
  1.0381250E+04 -4.794E+00 -4.573E+00 -2.466E+00
  1.0381750E+04 -5.396E+00 -5.125E+00 -2.699E+00
  1.0382250E+04 -6.228E+00 -5.990E+00 -3.499E+00
  1.0382750E+04 -4.973E+00 -5.051E+00 -3.734E+00
  1.0383250E+04 -4.974E+00 -4.801E+00 -2.842E+00
  1.0383750E+04 -5.007E+00 -5.055E+00 -3.777E+00
  1.0384250E+04 -4.002E+00 -4.108E+00 -3.823E+00
  1.0384750E+04 -5.501E+00 -5.184E+00 -2.457E+00
  1.0385250E+04 -5.543E+00 -5.246E+00 -2.563E+00
  1.0385750E+04 -5.628E+00 -5.192E+00 -1.642E+00
  1.0386250E+04 -5.414E+00 -5.452E+00 -3.124E+00
  1.0386750E+04 -4.472E+00 -4.428E+00 -2.325E+00
  1.0387250E+04 -4.564E+00 -4.239E+00 -1.816E+00
  1.0387750E+04 -4.106E+00 -4.054E+00 -2.419E+00
  1.0388250E+04 -5.197E+00 -5.023E+00 -2.829E+00
  1.0388750E+04 -4.413E+00 -4.408E+00 -3.334E+00
  1.0389250E+04 -5.265E+00 -4.914E+00 -2.476E+00
  1.0389750E+04 -5.103E+00 -4.773E+00 -1.884E+00
  1.0390250E+04 -4.214E+00 -4.143E+00 -2.584E+00
  1.0390750E+04 -5.442E+00 -5.055E+00 -2.019E+00
  1.0391250E+04 -5.012E+00 -4.921E+00 -2.677E+00
  1.0391750E+04 -5.439E+00 -5.273E+00 -3.144E+00
  1.0392250E+04 -4.515E+00 -4.351E+00 -2.593E+00
  1.0392750E+04 -3.872E+00 -3.805E+00 -2.507E+00
  1.0393250E+04 -4.978E+00 -5.048E+00 -3.893E+00
  1.0393750E+04 -5.403E+00 -5.013E+00 -2.214E+00
  1.0394250E+04 -4.992E+00 -4.688E+00 -2.464E+00
  1.0394750E+04 -3.880E+00 -3.964E+00 -2.863E+00
  1.0395250E+04 -3.533E+00 -3.585E+00 -2.347E+00
  1.0395750E+04 -4.309E+00 -4.345E+00 -2.962E+00
  1.0396250E+04 -4.614E+00 -4.431E+00 -2.381E+00
  1.0396750E+04 -5.080E+00 -4.715E+00 -1.949E+00
  1.0397250E+04 -4.104E+00 -4.199E+00 -3.108E+00
  1.0397750E+04 -3.853E+00 -3.999E+00 -2.997E+00
  1.0398250E+04 -4.085E+00 -3.829E+00 -1.938E+00
  1.0398750E+04 -4.809E+00 -4.479E+00 -1.824E+00
  1.0399250E+04 -4.886E+00 -4.853E+00 -2.540E+00
  1.0399750E+04 -4.630E+00 -4.407E+00 -2.608E+00
  1.0400250E+04 -4.929E+00 -4.697E+00 -2.729E+00
  1.0400750E+04 -4.158E+00 -3.866E+00 -1.249E+00
  1.0401250E+04 -4.847E+00 -4.601E+00 -2.401E+00
  1.0401750E+04 -4.972E+00 -4.806E+00 -2.403E+00
  1.0402250E+04 -5.095E+00 -4.988E+00 -3.095E+00
  1.0402750E+04 -4.480E+00 -4.274E+00 -2.508E+00
  1.0403250E+04 -4.913E+00 -4.659E+00 -2.666E+00
  1.0403750E+04 -4.341E+00 -4.021E+00 -1.435E+00
  1.0404250E+04 -3.911E+00 -3.986E+00 -2.676E+00
  1.0404750E+04 -5.016E+00 -5.203E+00 -4.214E+00
  1.0405250E+04 -4.547E+00 -4.384E+00 -1.949E+00
  1.0405750E+04 -4.740E+00 -4.396E+00 -2.640E+00
  1.0406250E+04 -4.622E+00 -4.194E+00 -2.519E+00
  1.0406750E+04 -4.995E+00 -4.538E+00 -1.158E+00
  1.0407250E+04 -4.249E+00 -3.929E+00 -1.727E+00
  1.0407750E+04 -3.892E+00 -3.861E+00 -2.788E+00
  1.0408250E+04 -4.751E+00 -4.442E+00 -2.150E+00
  1.0408750E+04 -3.949E+00 -3.799E+00 -2.350E+00
  1.0409250E+04 -4.683E+00 -4.656E+00 -2.946E+00
  1.0409750E+04 -4.087E+00 -3.923E+00 -2.344E+00
  1.0410250E+04 -4.070E+00 -3.756E+00 -1.412E+00
  1.0410750E+04 -5.203E+00 -4.770E+00 -2.027E+00
  1.0411250E+04 -4.415E+00 -4.435E+00 -3.379E+00
  1.0411750E+04 -4.361E+00 -4.555E+00 -3.847E+00
  1.0412250E+04 -3.513E+00 -3.667E+00 -2.738E+00
  1.0412750E+04 -4.973E+00 -4.403E+00 -1.144E+00
  1.0413250E+04 -4.486E+00 -4.263E+00 -2.287E+00
  1.0413750E+04 -3.850E+00 -3.915E+00 -3.228E+00
  1.0414250E+04 -4.045E+00 -3.956E+00 -2.773E+00
  1.0414750E+04 -4.289E+00 -4.148E+00 -2.278E+00
  1.0415250E+04 -4.132E+00 -3.830E+00 -1.607E+00
  1.0415750E+04 -5.264E+00 -4.867E+00 -1.857E+00
  1.0416250E+04 -4.737E+00 -4.574E+00 -2.107E+00
  1.0416750E+04 -4.124E+00 -4.432E+00 -3.537E+00
  1.0417250E+04 -3.972E+00 -3.760E+00 -2.081E+00
  1.0417750E+04 -3.418E+00 -3.223E+00 -1.851E+00
  1.0418250E+04 -3.923E+00 -3.786E+00 -2.206E+00
  1.0418750E+04 -3.478E+00 -3.834E+00 -3.356E+00
  1.0419250E+04 -4.545E+00 -4.223E+00 -1.821E+00
  1.0419750E+04 -4.405E+00 -4.410E+00 -2.571E+00
  1.0420250E+04 -3.713E+00 -3.846E+00 -2.917E+00
  1.0420750E+04 -3.989E+00 -3.985E+00 -2.863E+00
  1.0421250E+04 -3.822E+00 -3.730E+00 -2.767E+00
  1.0421750E+04 -4.563E+00 -3.958E+00 -7.952E-01
  1.0422250E+04 -4.562E+00 -4.257E+00 -1.889E+00
  1.0422750E+04 -5.266E+00 -4.589E+00 -1.039E+00
  1.0423250E+04 -3.510E+00 -3.305E+00 -2.039E+00
  1.0423750E+04 -3.836E+00 -3.926E+00 -2.520E+00
  1.0424250E+04 -4.366E+00 -4.027E+00 -9.929E-01
  1.0424750E+04 -4.390E+00 -4.087E+00 -1.668E+00
  1.0425250E+04 -4.199E+00 -4.000E+00 -1.796E+00
  1.0425750E+04 -5.017E+00 -4.654E+00 -1.991E+00
  1.0426250E+04 -4.099E+00 -3.979E+00 -1.916E+00
  1.0426750E+04 -4.190E+00 -3.894E+00 -1.705E+00
  1.0427250E+04 -4.672E+00 -4.545E+00 -2.714E+00
  1.0427750E+04 -3.806E+00 -3.768E+00 -2.484E+00
  1.0428250E+04 -3.909E+00 -3.727E+00 -1.748E+00
  1.0428750E+04 -4.040E+00 -4.084E+00 -2.656E+00
  1.0429250E+04 -3.586E+00 -3.658E+00 -3.037E+00
  1.0429750E+04 -3.801E+00 -3.729E+00 -2.712E+00
  1.0430250E+04 -4.338E+00 -4.064E+00 -1.903E+00
  1.0430750E+04 -3.773E+00 -3.727E+00 -2.369E+00
  1.0431250E+04 -3.688E+00 -3.785E+00 -2.902E+00
  1.0431750E+04 -3.788E+00 -3.666E+00 -2.117E+00
  1.0432250E+04 -4.338E+00 -4.220E+00 -2.344E+00
  1.0432750E+04 -3.561E+00 -3.435E+00 -1.652E+00
  1.0433250E+04 -4.438E+00 -4.338E+00 -2.496E+00
  1.0433750E+04 -3.418E+00 -3.455E+00 -2.527E+00
  1.0434250E+04 -3.776E+00 -3.640E+00 -2.257E+00
  1.0434750E+04 -3.973E+00 -3.872E+00 -1.956E+00
  1.0435250E+04 -4.211E+00 -3.779E+00 -2.019E+00
  1.0435750E+04 -3.713E+00 -3.480E+00 -1.660E+00
  1.0436250E+04 -3.516E+00 -3.567E+00 -2.412E+00
  1.0436750E+04 -3.946E+00 -4.021E+00 -3.150E+00
  1.0437250E+04 -3.590E+00 -3.645E+00 -2.430E+00
  1.0437750E+04 -4.019E+00 -3.827E+00 -1.923E+00
  1.0438250E+04 -3.744E+00 -3.674E+00 -2.287E+00
  1.0438750E+04 -3.823E+00 -3.631E+00 -2.278E+00
  1.0439250E+04 -4.141E+00 -3.968E+00 -2.449E+00
  1.0439750E+04 -3.613E+00 -3.279E+00 -1.243E+00
  1.0440250E+04 -3.955E+00 -3.386E+00 -7.257E-01
  1.0440750E+04 -3.964E+00 -3.698E+00 -2.038E+00
  1.0441250E+04 -4.094E+00 -3.925E+00 -2.544E+00
  1.0441750E+04 -3.825E+00 -3.638E+00 -1.847E+00
  1.0442250E+04 -3.174E+00 -3.108E+00 -1.789E+00
  1.0442750E+04 -3.632E+00 -3.640E+00 -2.569E+00
  1.0443250E+04 -3.539E+00 -3.423E+00 -1.716E+00
  1.0443750E+04 -3.387E+00 -3.303E+00 -2.266E+00
  1.0444250E+04 -3.989E+00 -3.762E+00 -1.849E+00
  1.0444750E+04 -3.583E+00 -3.508E+00 -2.104E+00
  1.0445250E+04 -2.984E+00 -2.823E+00 -1.510E+00
  1.0445750E+04 -3.414E+00 -3.327E+00 -1.800E+00
  1.0446250E+04 -3.949E+00 -3.781E+00 -2.178E+00
  1.0446750E+04 -3.152E+00 -3.078E+00 -1.886E+00
  1.0447250E+04 -3.199E+00 -3.235E+00 -2.506E+00
  1.0447750E+04 -4.446E+00 -4.132E+00 -1.940E+00
  1.0448250E+04 -3.609E+00 -3.404E+00 -1.467E+00
  1.0448750E+04 -3.950E+00 -3.917E+00 -2.103E+00
  1.0449250E+04 -3.934E+00 -3.726E+00 -2.156E+00
  1.0449750E+04 -4.304E+00 -3.937E+00 -1.853E+00
  1.0450250E+04 -4.121E+00 -4.028E+00 -2.180E+00
  1.0450750E+04 -3.091E+00 -3.068E+00 -2.102E+00
  1.0451250E+04 -3.408E+00 -3.230E+00 -1.611E+00
  1.0451750E+04 -3.131E+00 -3.222E+00 -2.172E+00
  1.0452250E+04 -3.834E+00 -3.815E+00 -2.328E+00
  1.0452750E+04 -2.984E+00 -2.974E+00 -1.905E+00
  1.0453250E+04 -3.546E+00 -3.318E+00 -1.638E+00
  1.0453750E+04 -3.332E+00 -3.355E+00 -2.103E+00
  1.0454250E+04 -3.592E+00 -3.673E+00 -2.943E+00
  1.0454750E+04 -3.364E+00 -3.152E+00 -1.770E+00
  1.0455250E+04 -3.559E+00 -3.512E+00 -2.014E+00
  1.0455750E+04 -3.943E+00 -3.864E+00 -2.153E+00
  1.0456250E+04 -3.673E+00 -3.450E+00 -1.778E+00
  1.0456750E+04 -3.128E+00 -2.966E+00 -1.361E+00
  1.0457250E+04 -3.290E+00 -3.267E+00 -2.254E+00
  1.0457750E+04 -3.999E+00 -3.784E+00 -2.048E+00
  1.0458250E+04 -3.909E+00 -3.712E+00 -1.903E+00
  1.0458750E+04 -2.932E+00 -2.927E+00 -2.025E+00
  1.0459250E+04 -3.306E+00 -3.158E+00 -1.387E+00
  1.0459750E+04 -3.633E+00 -3.352E+00 -1.628E+00
  1.0460250E+04 -4.071E+00 -3.476E+00 -4.352E-01
  1.0460750E+04 -3.312E+00 -3.147E+00 -1.062E+00
  1.0461250E+04 -3.141E+00 -3.158E+00 -1.834E+00
  1.0461750E+04 -2.783E+00 -2.911E+00 -2.040E+00
  1.0462250E+04 -4.149E+00 -3.874E+00 -1.725E+00
  1.0462750E+04 -3.915E+00 -3.737E+00 -2.246E+00
  1.0463250E+04 -3.939E+00 -3.612E+00 -1.419E+00
  1.0463750E+04 -2.959E+00 -2.913E+00 -1.776E+00
  1.0464250E+04 -2.261E+00 -2.512E+00 -2.364E+00
  1.0464750E+04 -3.193E+00 -3.044E+00 -1.321E+00
  1.0465250E+04 -3.486E+00 -3.357E+00 -2.109E+00
  1.0465750E+04 -3.279E+00 -3.224E+00 -2.091E+00
  1.0466250E+04 -3.599E+00 -3.628E+00 -2.690E+00
  1.0466750E+04 -3.669E+00 -3.420E+00 -1.663E+00
  1.0467250E+04 -3.037E+00 -2.918E+00 -1.275E+00
  1.0467750E+04 -3.214E+00 -3.007E+00 -1.631E+00
  1.0468250E+04 -3.952E+00 -3.754E+00 -1.648E+00
  1.0468750E+04 -2.839E+00 -2.796E+00 -1.643E+00
  1.0469250E+04 -3.219E+00 -3.181E+00 -2.303E+00
  1.0469750E+04 -3.287E+00 -3.198E+00 -1.780E+00
  1.0470250E+04 -3.558E+00 -3.477E+00 -2.049E+00
  1.0470750E+04 -3.462E+00 -3.271E+00 -1.388E+00
  1.0471250E+04 -3.559E+00 -3.133E+00 -5.548E-01
  1.0471750E+04 -3.288E+00 -3.102E+00 -2.246E+00
  1.0472250E+04 -3.275E+00 -3.226E+00 -1.784E+00
  1.0472750E+04 -3.215E+00 -3.219E+00 -2.425E+00
  1.0473250E+04 -2.893E+00 -2.793E+00 -1.710E+00
  1.0473750E+04 -2.978E+00 -2.850E+00 -9.675E-01
  1.0474250E+04 -3.243E+00 -3.310E+00 -2.418E+00
  1.0474750E+04 -3.657E+00 -3.679E+00 -2.827E+00
  1.0475250E+04 -3.503E+00 -3.321E+00 -1.766E+00
  1.0475750E+04 -3.159E+00 -3.075E+00 -1.660E+00
  1.0476250E+04 -3.357E+00 -3.153E+00 -1.483E+00
  1.0476750E+04 -3.159E+00 -3.090E+00 -2.043E+00
  1.0477250E+04 -3.740E+00 -3.531E+00 -1.656E+00
  1.0477750E+04 -3.661E+00 -3.512E+00 -1.747E+00
  1.0478250E+04 -3.555E+00 -3.461E+00 -1.887E+00
  1.0478750E+04 -3.400E+00 -3.156E+00 -1.501E+00
  1.0479250E+04 -3.515E+00 -3.152E+00 -1.018E+00
  1.0479750E+04 -3.449E+00 -3.414E+00 -2.006E+00
  1.0480250E+04 -3.451E+00 -3.438E+00 -2.480E+00
  1.0480750E+04 -2.497E+00 -2.521E+00 -2.090E+00
  1.0481250E+04 -2.848E+00 -2.664E+00 -1.542E+00
  1.0481750E+04 -2.955E+00 -3.005E+00 -1.926E+00
  1.0482250E+04 -3.390E+00 -3.418E+00 -2.003E+00
  1.0482750E+04 -3.323E+00 -3.041E+00 -1.182E+00
  1.0483250E+04 -2.801E+00 -2.930E+00 -2.515E+00
  1.0483750E+04 -3.406E+00 -3.090E+00 -1.515E+00
  1.0484250E+04 -3.439E+00 -3.368E+00 -2.058E+00
  1.0484750E+04 -3.465E+00 -3.485E+00 -1.931E+00
  1.0485250E+04 -2.952E+00 -2.807E+00 -1.338E+00
  1.0485750E+04 -3.152E+00 -2.856E+00 -1.331E+00
  1.0486250E+04 -3.764E+00 -3.546E+00 -2.130E+00
  1.0486750E+04 -3.974E+00 -3.705E+00 -1.477E+00
  1.0487250E+04 -2.835E+00 -3.075E+00 -2.619E+00
  1.0487750E+04 -3.086E+00 -2.883E+00 -1.260E+00
  1.0488250E+04 -3.575E+00 -3.351E+00 -1.366E+00
  1.0488750E+04 -2.606E+00 -2.836E+00 -2.759E+00
  1.0489250E+04 -3.049E+00 -2.944E+00 -1.541E+00
  1.0489750E+04 -2.391E+00 -2.486E+00 -2.137E+00
  1.0490250E+04 -3.633E+00 -3.593E+00 -2.253E+00
  1.0490750E+04 -2.699E+00 -2.664E+00 -1.862E+00
  1.0491250E+04 -2.842E+00 -2.636E+00 -7.377E-01
  1.0491750E+04 -3.075E+00 -2.932E+00 -1.679E+00
  1.0492250E+04 -2.603E+00 -2.474E+00 -1.156E+00
  1.0492750E+04 -3.135E+00 -2.905E+00 -1.184E+00
  1.0493250E+04 -3.110E+00 -2.999E+00 -1.309E+00
  1.0493750E+04 -3.221E+00 -3.304E+00 -2.670E+00
  1.0494250E+04 -2.512E+00 -2.574E+00 -1.696E+00
  1.0494750E+04 -2.923E+00 -2.659E+00 -1.060E+00
  1.0495250E+04 -2.985E+00 -2.766E+00 -1.096E+00
  1.0495750E+04 -2.682E+00 -2.645E+00 -1.576E+00
  1.0496250E+04 -2.551E+00 -2.400E+00 -1.220E+00
  1.0496750E+04 -2.209E+00 -2.160E+00 -1.878E+00
  1.0497250E+04 -2.490E+00 -2.692E+00 -2.520E+00
  1.0497750E+04 -2.332E+00 -2.507E+00 -1.831E+00
  1.0498250E+04 -2.982E+00 -2.734E+00 -1.598E+00
  1.0498750E+04 -2.581E+00 -2.360E+00 -1.292E+00
  1.0499250E+04 -2.811E+00 -2.769E+00 -1.615E+00
  1.0499750E+04 -2.463E+00 -2.522E+00 -1.366E+00
  1.0500250E+04 -3.287E+00 -3.180E+00 -1.462E+00
  1.0500750E+04 -2.814E+00 -2.828E+00 -2.310E+00
  1.0501250E+04 -2.806E+00 -2.700E+00 -1.318E+00
  1.0501750E+04 -2.910E+00 -2.562E+00 -5.501E-01
  1.0502250E+04 -2.680E+00 -2.613E+00 -1.832E+00
  1.0502750E+04 -2.943E+00 -2.916E+00 -2.084E+00
  1.0503250E+04 -3.070E+00 -2.820E+00 -1.166E+00
  1.0503750E+04 -3.483E+00 -3.139E+00 -4.455E-01
  1.0504250E+04 -2.632E+00 -2.627E+00 -1.648E+00
  1.0504750E+04 -3.102E+00 -3.134E+00 -2.250E+00
  1.0505250E+04 -2.427E+00 -2.417E+00 -1.729E+00
  1.0505750E+04 -3.340E+00 -3.377E+00 -1.616E+00
  1.0506250E+04 -2.355E+00 -2.610E+00 -2.481E+00
  1.0506750E+04 -3.114E+00 -2.760E+00 -1.181E+00
  1.0507250E+04 -3.047E+00 -2.552E+00 -3.151E-01
  1.0507750E+04 -2.839E+00 -2.714E+00 -1.582E+00
  1.0508250E+04 -3.584E+00 -3.324E+00 -1.265E+00
  1.0508750E+04 -3.089E+00 -2.742E+00 -1.374E+00
  1.0509250E+04 -3.174E+00 -2.866E+00 -9.285E-01
  1.0509750E+04 -3.363E+00 -2.962E+00 -5.924E-01
  1.0510250E+04 -2.322E+00 -2.517E+00 -2.225E+00
  1.0510750E+04 -2.479E+00 -2.627E+00 -2.079E+00
  1.0511250E+04 -2.453E+00 -2.516E+00 -2.075E+00
  1.0511750E+04 -2.866E+00 -2.998E+00 -2.398E+00
  1.0512250E+04 -2.628E+00 -2.663E+00 -1.741E+00
  1.0512750E+04 -2.491E+00 -2.492E+00 -1.605E+00
  1.0513250E+04 -2.492E+00 -2.246E+00 -5.621E-01
  1.0513750E+04 -2.298E+00 -2.264E+00 -1.648E+00
  1.0514250E+04 -2.645E+00 -2.627E+00 -1.793E+00
  1.0514750E+04 -2.860E+00 -2.842E+00 -1.750E+00
  1.0515250E+04 -2.810E+00 -2.724E+00 -8.991E-01
  1.0515750E+04 -2.701E+00 -2.273E+00 -2.418E-01
  1.0516250E+04 -3.164E+00 -3.027E+00 -1.553E+00
  1.0516750E+04 -3.280E+00 -2.824E+00 -9.735E-01
  1.0517250E+04 -2.991E+00 -2.513E+00 -7.182E-01
  1.0517750E+04 -3.074E+00 -2.889E+00 -1.790E+00
  1.0518250E+04 -1.989E+00 -2.207E+00 -2.624E+00
  1.0518750E+04 -2.026E+00 -2.126E+00 -1.369E+00
  1.0519250E+04 -2.120E+00 -2.017E+00 -1.196E+00
  1.0519750E+04 -2.859E+00 -2.515E+00 -6.296E-01
  1.0520250E+04 -3.016E+00 -2.668E+00 -6.177E-01
  1.0520750E+04 -2.574E+00 -2.531E+00 -1.540E+00
  1.0521250E+04 -2.916E+00 -2.880E+00 -1.672E+00
  1.0521750E+04 -2.783E+00 -2.778E+00 -1.735E+00
  1.0522250E+04 -2.542E+00 -2.850E+00 -2.711E+00
  1.0522750E+04 -3.041E+00 -2.991E+00 -1.633E+00
  1.0523250E+04 -3.264E+00 -2.968E+00 -1.413E+00
  1.0523750E+04 -2.511E+00 -2.484E+00 -1.301E+00
  1.0524250E+04 -2.021E+00 -2.141E+00 -1.477E+00
  1.0524750E+04 -2.881E+00 -2.666E+00 -6.618E-01
  1.0525250E+04 -3.615E+00 -3.241E+00 -9.998E-01
  1.0525750E+04 -2.517E+00 -2.472E+00 -1.588E+00
  1.0526250E+04 -1.728E+00 -1.841E+00 -2.047E+00
  1.0526750E+04 -2.390E+00 -2.297E+00 -1.146E+00
  1.0527250E+04 -2.444E+00 -2.420E+00 -1.651E+00
  1.0527750E+04 -2.844E+00 -2.568E+00 -7.248E-01
  1.0528250E+04 -3.039E+00 -2.889E+00 -1.057E+00
  1.0528750E+04 -2.445E+00 -2.336E+00 -1.176E+00
  1.0529250E+04 -2.621E+00 -2.538E+00 -1.832E+00
  1.0529750E+04 -2.100E+00 -2.080E+00 -1.447E+00
  1.0530250E+04 -2.838E+00 -2.467E+00 -6.414E-01
  1.0530750E+04 -2.758E+00 -2.668E+00 -1.521E+00
  1.0531250E+04 -2.425E+00 -2.395E+00 -1.287E+00
  1.0531750E+04 -2.778E+00 -2.635E+00 -1.377E+00
  1.0532250E+04 -3.293E+00 -3.073E+00 -1.271E+00
  1.0532750E+04 -2.740E+00 -2.488E+00 -9.047E-01
  1.0533250E+04 -2.625E+00 -2.468E+00 -1.723E+00
  1.0533750E+04 -2.053E+00 -2.010E+00 -1.568E+00
  1.0534250E+04 -2.172E+00 -2.196E+00 -1.525E+00
  1.0534750E+04 -3.309E+00 -3.173E+00 -1.848E+00
  1.0535250E+04 -2.870E+00 -2.909E+00 -2.170E+00
  1.0535750E+04 -2.268E+00 -2.657E+00 -2.592E+00
  1.0536250E+04 -1.915E+00 -2.004E+00 -1.580E+00
  1.0536750E+04 -2.049E+00 -2.104E+00 -1.078E+00
  1.0537250E+04 -2.180E+00 -2.252E+00 -1.755E+00
  1.0537750E+04 -2.994E+00 -2.787E+00 -1.511E+00
  1.0538250E+04 -2.569E+00 -2.432E+00 -1.536E+00
  1.0538750E+04 -2.252E+00 -2.137E+00 -1.209E+00
  1.0539250E+04 -2.066E+00 -1.903E+00 -6.038E-01
  1.0539750E+04 -2.041E+00 -2.053E+00 -1.395E+00
  1.0540250E+04 -2.787E+00 -2.707E+00 -1.680E+00
  1.0540750E+04 -2.721E+00 -2.712E+00 -1.755E+00
  1.0541250E+04 -2.446E+00 -2.511E+00 -1.832E+00
  1.0541750E+04 -2.012E+00 -1.758E+00  1.273E-02
  1.0542250E+04 -2.690E+00 -2.338E+00 -7.440E-01
  1.0542750E+04 -2.669E+00 -2.579E+00 -1.614E+00
  1.0543250E+04 -2.478E+00 -2.282E+00 -9.605E-01
  1.0543750E+04 -2.459E+00 -2.260E+00 -1.160E+00
  1.0544250E+04 -2.703E+00 -2.406E+00 -6.973E-01
  1.0544750E+04 -2.375E+00 -2.441E+00 -1.928E+00
  1.0545250E+04 -1.838E+00 -2.006E+00 -1.326E+00
  1.0545750E+04 -2.455E+00 -2.422E+00 -1.401E+00
  1.0546250E+04 -2.265E+00 -2.176E+00 -1.352E+00
  1.0546750E+04 -2.259E+00 -2.233E+00 -9.038E-01
  1.0547250E+04 -2.198E+00 -2.066E+00 -9.542E-01
  1.0547750E+04 -2.174E+00 -2.103E+00 -1.128E+00
  1.0548250E+04 -2.301E+00 -2.447E+00 -2.212E+00
  1.0548750E+04 -2.219E+00 -2.410E+00 -2.195E+00
  1.0549250E+04 -2.469E+00 -2.224E+00 -6.002E-01
  1.0549750E+04 -2.208E+00 -2.260E+00 -1.713E+00
  1.0550250E+04 -2.594E+00 -2.499E+00 -1.100E+00
  1.0550750E+04 -1.898E+00 -1.902E+00 -1.097E+00
  1.0551250E+04 -3.179E+00 -2.785E+00 -1.105E+00
  1.0551750E+04 -2.664E+00 -2.392E+00 -7.665E-01
  1.0552250E+04 -2.186E+00 -2.182E+00 -1.660E+00
  1.0552750E+04 -2.591E+00 -2.320E+00 -1.334E+00
  1.0553250E+04 -2.762E+00 -2.588E+00 -8.332E-01
  1.0553750E+04 -1.859E+00 -1.949E+00 -1.299E+00
  1.0554250E+04 -1.973E+00 -1.972E+00 -1.345E+00
  1.0554750E+04 -2.136E+00 -1.857E+00 -8.278E-01
  1.0555250E+04 -2.522E+00 -2.472E+00 -1.613E+00
  1.0555750E+04 -2.224E+00 -2.154E+00 -1.772E+00
  1.0556250E+04 -2.517E+00 -2.447E+00 -1.419E+00
  1.0556750E+04 -2.350E+00 -2.351E+00 -1.521E+00
  1.0557250E+04 -2.255E+00 -2.285E+00 -1.643E+00
  1.0557750E+04 -2.285E+00 -1.958E+00 -5.293E-01
  1.0558250E+04 -2.288E+00 -2.401E+00 -1.954E+00
  1.0558750E+04 -2.255E+00 -2.298E+00 -1.815E+00
  1.0559250E+04 -1.991E+00 -2.034E+00 -1.602E+00
  1.0559750E+04 -2.530E+00 -2.519E+00 -1.469E+00
  1.0560250E+04 -2.411E+00 -2.284E+00 -1.193E+00
  1.0560750E+04 -2.059E+00 -1.996E+00 -1.534E+00
  1.0561250E+04 -1.843E+00 -1.709E+00 -1.008E+00
  1.0561750E+04 -2.195E+00 -2.036E+00 -1.165E+00
  1.0562250E+04 -2.316E+00 -2.266E+00 -1.624E+00
  1.0562750E+04 -2.002E+00 -1.968E+00 -9.186E-01
  1.0563250E+04 -1.662E+00 -1.687E+00 -1.212E+00
  1.0563750E+04 -2.471E+00 -2.300E+00 -1.021E+00
  1.0564250E+04 -2.629E+00 -2.386E+00 -7.320E-01
  1.0564750E+04 -2.406E+00 -2.319E+00 -1.327E+00
  1.0565250E+04 -2.339E+00 -2.159E+00 -8.990E-01
  1.0565750E+04 -2.342E+00 -2.208E+00 -9.489E-01
  1.0566250E+04 -1.942E+00 -1.839E+00 -6.009E-01
  1.0566750E+04 -2.671E+00 -2.582E+00 -1.472E+00
  1.0567250E+04 -2.199E+00 -2.111E+00 -1.031E+00
  1.0567750E+04 -2.394E+00 -2.262E+00 -1.658E+00
  1.0568250E+04 -2.301E+00 -2.197E+00 -1.341E+00
  1.0568750E+04 -1.653E+00 -1.796E+00 -1.684E+00
  1.0569250E+04 -1.891E+00 -1.775E+00 -9.269E-01
  1.0569750E+04 -2.004E+00 -1.998E+00 -1.244E+00
  1.0570250E+04 -2.147E+00 -2.101E+00 -1.456E+00
  1.0570750E+04 -2.013E+00 -2.060E+00 -1.169E+00
  1.0571250E+04 -2.000E+00 -2.041E+00 -1.559E+00
  1.0571750E+04 -2.363E+00 -2.284E+00 -1.269E+00
  1.0572250E+04 -2.230E+00 -2.205E+00 -1.174E+00
  1.0572750E+04 -1.784E+00 -1.840E+00 -1.311E+00
  1.0573250E+04 -2.065E+00 -1.886E+00 -1.210E+00
  1.0573750E+04 -1.965E+00 -1.884E+00 -9.691E-01
  1.0574250E+04 -1.656E+00 -1.591E+00 -1.117E+00
  1.0574750E+04 -2.330E+00 -2.241E+00 -7.798E-01
  1.0575250E+04 -2.202E+00 -2.133E+00 -1.521E+00
  1.0575750E+04 -1.625E+00 -1.951E+00 -2.502E+00
  1.0576250E+04 -2.567E+00 -2.417E+00 -1.386E+00
  1.0576750E+04 -2.574E+00 -2.179E+00 -3.081E-01
  1.0577250E+04 -2.333E+00 -2.283E+00 -1.196E+00
  1.0577750E+04 -2.541E+00 -2.456E+00 -1.283E+00
  1.0578250E+04 -2.690E+00 -2.547E+00 -1.017E+00
  1.0578750E+04 -1.941E+00 -2.093E+00 -1.454E+00
  1.0579250E+04 -2.125E+00 -2.144E+00 -1.362E+00
  1.0579750E+04 -2.236E+00 -2.128E+00 -1.247E+00
  1.0580250E+04 -1.262E+00 -1.641E+00 -1.489E+00
  1.0580750E+04 -2.189E+00 -1.907E+00 -8.186E-01
  1.0581250E+04 -2.236E+00 -1.936E+00 -1.388E+00
  1.0581750E+04 -2.510E+00 -2.190E+00 -3.142E-01
  1.0582250E+04 -2.136E+00 -2.091E+00 -1.073E+00
  1.0582750E+04 -1.924E+00 -1.945E+00 -8.980E-01
  1.0583250E+04 -1.765E+00 -1.791E+00 -1.489E+00
  1.0583750E+04 -2.047E+00 -1.863E+00 -7.093E-01
  1.0584250E+04 -2.212E+00 -2.188E+00 -1.260E+00
  1.0584750E+04 -1.191E+00 -1.174E+00 -6.789E-01
  1.0585250E+04 -1.810E+00 -1.765E+00 -8.625E-01
  1.0585750E+04 -2.189E+00 -2.227E+00 -1.321E+00
  1.0586250E+04 -1.637E+00 -1.735E+00 -1.573E+00
  1.0586750E+04 -1.421E+00 -1.459E+00 -1.511E+00
  1.0587250E+04 -1.779E+00 -1.673E+00 -7.666E-01
  1.0587750E+04 -2.151E+00 -2.024E+00 -6.858E-01
  1.0588250E+04 -2.171E+00 -2.049E+00 -7.478E-01
  1.0588750E+04 -2.220E+00 -2.278E+00 -1.950E+00
  1.0589250E+04 -2.159E+00 -2.233E+00 -1.602E+00
  1.0589750E+04 -2.001E+00 -2.030E+00 -1.345E+00
  1.0590250E+04 -1.865E+00 -1.804E+00 -1.568E+00
  1.0590750E+04 -2.188E+00 -2.211E+00 -1.690E+00
  1.0591250E+04 -2.216E+00 -2.015E+00 -8.004E-01
  1.0591750E+04 -2.495E+00 -2.260E+00 -5.194E-01
  1.0592250E+04 -2.033E+00 -1.730E+00 -2.683E-01
  1.0592750E+04 -2.270E+00 -2.188E+00 -1.093E+00
  1.0593250E+04 -2.182E+00 -2.104E+00 -9.493E-01
  1.0593750E+04 -1.863E+00 -1.771E+00 -8.143E-01
  1.0594250E+04 -2.311E+00 -2.065E+00 -5.369E-01
  1.0594750E+04 -2.164E+00 -2.065E+00 -1.077E+00
  1.0595250E+04 -1.717E+00 -1.778E+00 -1.405E+00
  1.0595750E+04 -1.998E+00 -1.868E+00 -1.084E+00
  1.0596250E+04 -2.227E+00 -2.052E+00 -1.006E+00
  1.0596750E+04 -2.142E+00 -2.163E+00 -1.360E+00
  1.0597250E+04 -1.858E+00 -1.956E+00 -1.503E+00
  1.0597750E+04 -1.891E+00 -1.819E+00 -8.539E-01
  1.0598250E+04 -1.902E+00 -1.693E+00 -7.891E-01
  1.0598750E+04 -1.758E+00 -1.606E+00 -5.657E-01
  1.0599250E+04 -1.131E+00 -1.408E+00 -1.676E+00
  1.0599750E+04 -1.471E+00 -1.552E+00 -1.173E+00
  1.0600250E+04 -2.414E+00 -2.212E+00 -7.670E-01
  1.0600750E+04 -1.642E+00 -1.618E+00 -8.817E-01
  1.0601250E+04 -1.595E+00 -1.557E+00 -8.188E-01
  1.0601750E+04 -2.095E+00 -2.014E+00 -1.176E+00
  1.0602250E+04 -2.399E+00 -2.302E+00 -1.159E+00
  1.0602750E+04 -2.481E+00 -2.345E+00 -1.392E+00
  1.0603250E+04 -1.642E+00 -1.588E+00 -9.766E-01
  1.0603750E+04 -1.488E+00 -1.333E+00 -1.928E-01
  1.0604250E+04 -1.528E+00 -1.378E+00 -6.366E-01
  1.0604750E+04 -1.911E+00 -1.953E+00 -6.973E-01
  1.0605250E+04 -2.097E+00 -1.878E+00 -7.350E-01
  1.0605750E+04 -2.035E+00 -1.891E+00 -5.350E-01
  1.0606250E+04 -1.109E+00 -1.307E+00 -1.578E+00
  1.0606750E+04 -1.557E+00 -1.735E+00 -1.760E+00
  1.0607250E+04 -1.699E+00 -1.597E+00 -1.390E+00
  1.0607750E+04 -2.272E+00 -2.074E+00 -9.188E-01
  1.0608250E+04 -2.157E+00 -2.152E+00 -1.473E+00
  1.0608750E+04 -1.907E+00 -1.804E+00 -7.162E-01
  1.0609250E+04 -1.607E+00 -1.537E+00 -7.972E-01
  1.0609750E+04 -2.350E+00 -2.129E+00 -1.040E+00
  1.0610250E+04 -1.121E+00 -1.092E+00 -1.063E+00
  1.0610750E+04 -1.337E+00 -1.427E+00 -1.469E+00
  1.0611250E+04 -2.036E+00 -2.032E+00 -9.616E-01
  1.0611750E+04 -1.850E+00 -1.823E+00 -1.261E+00
  1.0612250E+04 -1.865E+00 -1.813E+00 -1.237E+00
  1.0612750E+04 -2.110E+00 -1.994E+00 -1.035E+00
  1.0613250E+04 -2.014E+00 -1.859E+00 -9.370E-01
  1.0613750E+04 -1.810E+00 -1.789E+00 -7.120E-01
  1.0614250E+04 -1.746E+00 -1.867E+00 -1.368E+00
  1.0614750E+04 -1.303E+00 -1.147E+00 -6.317E-01
  1.0615250E+04 -1.385E+00 -1.198E+00 -5.168E-01
  1.0615750E+04 -1.777E+00 -1.717E+00 -9.539E-01
  1.0616250E+04 -2.200E+00 -2.178E+00 -1.031E+00
  1.0616750E+04 -1.798E+00 -1.720E+00 -7.774E-01
  1.0617250E+04 -1.578E+00 -1.553E+00 -7.360E-01
  1.0617750E+04 -1.823E+00 -1.679E+00 -8.502E-01
  1.0618250E+04 -1.878E+00 -1.613E+00 -3.172E-01
  1.0618750E+04 -1.694E+00 -1.707E+00 -1.085E+00
  1.0619250E+04 -1.993E+00 -2.039E+00 -1.372E+00
  1.0619750E+04 -1.619E+00 -1.562E+00 -1.071E+00
  1.0620250E+04 -1.862E+00 -1.864E+00 -1.179E+00
  1.0620750E+04 -1.909E+00 -1.800E+00 -8.286E-01
  1.0621250E+04 -2.103E+00 -1.843E+00 -4.052E-01
  1.0621750E+04 -1.556E+00 -1.659E+00 -1.606E+00
  1.0622250E+04 -1.387E+00 -1.348E+00 -8.732E-01
  1.0622750E+04 -1.395E+00 -1.611E+00 -1.943E+00
  1.0623250E+04 -2.279E+00 -2.018E+00 -1.002E+00
  1.0623750E+04 -1.201E+00 -1.301E+00 -1.192E+00
  1.0624250E+04 -1.341E+00 -1.385E+00 -1.115E+00
  1.0624750E+04 -1.649E+00 -1.628E+00 -8.302E-01
  1.0625250E+04 -1.676E+00 -1.739E+00 -9.172E-01
  1.0625750E+04 -1.631E+00 -1.621E+00 -8.444E-01
  1.0626250E+04 -1.953E+00 -1.808E+00 -7.706E-01
  1.0626750E+04 -1.627E+00 -1.570E+00 -9.755E-01
  1.0627250E+04 -2.190E+00 -1.893E+00 -1.027E+00
  1.0627750E+04 -1.921E+00 -1.808E+00 -1.138E+00
  1.0628250E+04 -1.814E+00 -1.775E+00 -9.247E-01
  1.0628750E+04 -1.544E+00 -1.760E+00 -2.032E+00
  1.0629250E+04 -1.819E+00 -1.843E+00 -1.034E+00
  1.0629750E+04 -2.013E+00 -1.825E+00 -5.259E-01
  1.0630250E+04 -1.382E+00 -1.255E+00 -7.637E-01
  1.0630750E+04 -2.247E+00 -1.933E+00 -2.355E-01
  1.0631250E+04 -2.351E+00 -2.306E+00 -1.138E+00
  1.0631750E+04 -8.927E-01 -1.126E+00 -1.204E+00
  1.0632250E+04 -1.132E+00 -1.335E+00 -1.544E+00
  1.0632750E+04 -1.661E+00 -1.471E+00 -6.331E-01
  1.0633250E+04 -2.131E+00 -1.887E+00 -7.776E-01
  1.0633750E+04 -1.871E+00 -1.701E+00 -7.556E-01
  1.0634250E+04 -1.733E+00 -1.637E+00 -4.087E-01
  1.0634750E+04 -1.704E+00 -1.608E+00 -6.696E-01
  1.0635250E+04 -2.097E+00 -2.118E+00 -1.115E+00
  1.0635750E+04 -1.241E+00 -1.298E+00 -9.946E-01
  1.0636250E+04 -1.806E+00 -1.671E+00 -5.031E-01
  1.0636750E+04 -1.421E+00 -1.525E+00 -1.364E+00
  1.0637250E+04 -1.606E+00 -1.490E+00 -6.302E-01
  1.0637750E+04 -1.721E+00 -1.726E+00 -1.211E+00
  1.0638250E+04 -2.056E+00 -1.974E+00 -1.256E+00
  1.0638750E+04 -1.561E+00 -1.827E+00 -1.555E+00
  1.0639250E+04 -1.639E+00 -1.687E+00 -1.343E+00
  1.0639750E+04 -1.157E+00 -1.169E+00 -9.093E-01
  1.0640250E+04 -1.327E+00 -1.351E+00 -9.484E-01
  1.0640750E+04 -2.309E+00 -2.018E+00 -5.149E-02
  1.0641250E+04 -1.754E+00 -1.616E+00 -6.460E-01
  1.0641750E+04 -1.875E+00 -1.737E+00 -9.198E-01
  1.0642250E+04 -1.762E+00 -1.644E+00 -9.493E-01
  1.0642750E+04 -2.103E+00 -1.962E+00 -9.348E-01
  1.0643250E+04 -1.642E+00 -1.620E+00 -9.004E-01
  1.0643750E+04 -1.359E+00 -1.364E+00 -1.037E+00
  1.0644250E+04 -1.619E+00 -1.540E+00 -5.709E-01
  1.0644750E+04 -1.188E+00 -1.174E+00 -8.962E-01
  1.0645250E+04 -1.586E+00 -1.608E+00 -1.252E+00
  1.0645750E+04 -2.427E+00 -2.401E+00 -1.343E+00
  1.0646250E+04 -1.526E+00 -1.546E+00 -1.150E+00
  1.0646750E+04 -1.467E+00 -1.518E+00 -1.226E+00
  1.0647250E+04 -1.754E+00 -1.644E+00 -4.525E-01
  1.0647750E+04 -2.192E+00 -1.797E+00  2.863E-01
  1.0648250E+04 -1.259E+00 -1.460E+00 -1.072E+00
  1.0648750E+04 -1.513E+00 -1.327E+00 -5.537E-01
  1.0649250E+04 -1.633E+00 -1.514E+00 -6.480E-01
  1.0649750E+04 -2.238E+00 -2.109E+00 -1.115E+00
  1.0650250E+04 -1.218E+00 -9.850E-01 -8.681E-01
  1.0650750E+04 -1.027E+00 -1.201E+00 -1.170E+00
  1.0651250E+04 -1.924E+00 -1.914E+00 -4.880E-01
  1.0651750E+04 -1.792E+00 -1.677E+00 -7.790E-01
  1.0652250E+04 -1.501E+00 -1.319E+00 -4.444E-01
  1.0652750E+04 -1.818E+00 -1.691E+00 -1.328E+00
  1.0653250E+04 -1.902E+00 -1.748E+00 -1.447E+00
  1.0653750E+04 -2.002E+00 -1.854E+00 -3.902E-01
  1.0654250E+04 -1.523E+00 -1.571E+00 -1.050E+00
  1.0654750E+04 -1.264E+00 -1.362E+00 -1.061E+00
  1.0655250E+04 -1.596E+00 -1.521E+00 -6.414E-01
  1.0655750E+04 -9.767E-01 -1.064E+00 -9.714E-01
  1.0656250E+04 -1.298E+00 -1.256E+00 -7.578E-01
  1.0656750E+04 -1.412E+00 -1.365E+00 -5.137E-01
  1.0657250E+04 -1.530E+00 -1.617E+00 -8.565E-01
  1.0657750E+04 -8.554E-01 -9.158E-01 -1.015E+00
  1.0658250E+04 -1.088E+00 -1.075E+00 -6.935E-01
  1.0658750E+04 -1.702E+00 -1.610E+00 -8.040E-01
  1.0659250E+04 -1.841E+00 -1.692E+00 -7.018E-01
  1.0659750E+04 -1.406E+00 -1.435E+00 -1.133E+00
  1.0660250E+04 -1.557E+00 -1.660E+00 -1.273E+00
  1.0660750E+04 -1.297E+00 -1.205E+00 -6.154E-01
  1.0661250E+04 -2.047E+00 -1.752E+00 -4.682E-01
  1.0661750E+04 -8.611E-01 -1.022E+00 -7.806E-01
  1.0662250E+04 -1.207E+00 -1.211E+00 -4.533E-01
  1.0662750E+04 -2.107E+00 -1.833E+00 -4.932E-02
  1.0663250E+04 -1.654E+00 -1.794E+00 -1.468E+00
  1.0663750E+04 -1.200E+00 -1.216E+00 -1.142E+00
  1.0664250E+04 -1.863E+00 -1.915E+00 -1.288E+00
  1.0664750E+04 -1.144E+00 -1.113E+00 -7.520E-01
  1.0665250E+04 -1.397E+00 -1.272E+00 -6.799E-01
  1.0665750E+04 -1.887E+00 -1.826E+00 -8.982E-01
  1.0666250E+04 -1.909E+00 -1.754E+00 -7.404E-01
  1.0666750E+04 -1.615E+00 -1.515E+00 -7.643E-01
  1.0667250E+04 -1.404E+00 -1.494E+00 -9.853E-01
  1.0667750E+04 -1.391E+00 -1.211E+00 -1.568E-01
  1.0668250E+04 -1.427E+00 -1.344E+00 -5.753E-01
  1.0668750E+04 -1.443E+00 -1.319E+00 -6.942E-01
  1.0669250E+04 -1.587E+00 -1.312E+00 -1.949E-01
  1.0669750E+04 -1.294E+00 -1.241E+00 -8.579E-01
  1.0670250E+04 -1.642E+00 -1.556E+00 -4.939E-01
  1.0670750E+04 -1.347E+00 -1.226E+00 -3.799E-01
  1.0671250E+04 -1.875E+00 -1.833E+00 -1.133E+00
  1.0671750E+04 -1.590E+00 -1.572E+00 -8.674E-01
  1.0672250E+04 -1.382E+00 -1.325E+00 -7.352E-01
  1.0672750E+04 -1.163E+00 -1.245E+00 -1.027E+00
  1.0673250E+04 -1.149E+00 -9.691E-01 -1.031E+00
  1.0673750E+04 -1.407E+00 -1.319E+00 -1.298E+00
  1.0674250E+04 -1.487E+00 -1.676E+00 -1.439E+00
  1.0674750E+04 -1.507E+00 -1.464E+00 -1.165E+00
  1.0675250E+04 -1.616E+00 -1.498E+00 -8.013E-01
  1.0675750E+04 -1.197E+00 -1.195E+00 -5.122E-01
  1.0676250E+04 -1.536E+00 -1.421E+00 -6.095E-01
  1.0676750E+04 -1.574E+00 -1.451E+00 -5.558E-01
  1.0677250E+04 -9.797E-01 -1.100E+00 -1.122E+00
  1.0677750E+04 -1.305E+00 -1.275E+00 -5.920E-01
  1.0678250E+04 -1.516E+00 -1.312E+00 -3.879E-01
  1.0678750E+04 -1.988E+00 -1.905E+00 -8.260E-01
  1.0679250E+04 -1.701E+00 -1.770E+00 -1.271E+00
  1.0679750E+04 -1.561E+00 -1.506E+00 -7.416E-01
  1.0680250E+04 -9.335E-01 -9.313E-01 -8.205E-01
  1.0680750E+04 -1.368E+00 -1.158E+00 -3.505E-01
  1.0681250E+04 -1.592E+00 -1.525E+00 -5.022E-01
  1.0681750E+04 -1.240E+00 -1.406E+00 -1.291E+00
  1.0682250E+04 -1.266E+00 -1.123E+00 -1.766E-01
  1.0682750E+04 -7.896E-01 -9.788E-01 -9.770E-01
  1.0683250E+04 -1.758E+00 -1.522E+00 -5.110E-01
  1.0683750E+04 -1.416E+00 -1.353E+00 -9.322E-01
  1.0684250E+04 -1.455E+00 -1.479E+00 -1.116E+00
  1.0684750E+04 -1.211E+00 -1.173E+00 -8.195E-01
  1.0685250E+04 -1.149E+00 -1.066E+00 -7.601E-01
  1.0685750E+04 -1.206E+00 -1.251E+00 -6.631E-01
  1.0686250E+04 -1.513E+00 -1.565E+00 -4.381E-01
  1.0686750E+04 -1.380E+00 -1.346E+00 -5.467E-01
  1.0687250E+04 -1.505E+00 -1.377E+00 -3.280E-01
  1.0687750E+04 -9.909E-01 -1.002E+00 -8.524E-01
  1.0688250E+04 -1.281E+00 -1.331E+00 -1.113E+00
  1.0688750E+04 -1.617E+00 -1.624E+00 -7.344E-01
  1.0689250E+04 -1.815E+00 -1.529E+00 -2.126E-01
  1.0689750E+04 -1.102E+00 -1.102E+00 -8.159E-01
  1.0690250E+04 -8.320E-01 -9.570E-01 -9.600E-01
  1.0690750E+04 -1.449E+00 -1.272E+00 -6.276E-01
  1.0691250E+04 -1.179E+00 -1.218E+00 -8.971E-01
  1.0691750E+04 -1.108E+00 -9.109E-01 -3.440E-01
  1.0692250E+04 -2.106E+00 -1.864E+00 -4.702E-01
  1.0692750E+04 -1.264E+00 -1.278E+00 -6.220E-01
  1.0693250E+04 -1.540E+00 -1.484E+00 -9.240E-01
  1.0693750E+04 -1.333E+00 -1.096E+00 -1.552E-01
  1.0694250E+04 -1.131E+00 -1.195E+00 -9.894E-01
  1.0694750E+04 -1.432E+00 -1.340E+00 -5.664E-01
  1.0695250E+04 -1.370E+00 -1.268E+00 -6.285E-01
  1.0695750E+04 -1.185E+00 -1.134E+00 -5.742E-01
  1.0696250E+04 -1.333E+00 -1.321E+00 -7.539E-01
  1.0696750E+04 -9.987E-01 -1.159E+00 -1.326E+00
  1.0697250E+04 -1.362E+00 -1.343E+00 -9.854E-01
  1.0697750E+04 -1.617E+00 -1.542E+00 -7.310E-01
  1.0698250E+04 -1.273E+00 -1.070E+00 -8.611E-01
  1.0698750E+04 -9.084E-01 -9.834E-01 -1.109E+00
  1.0699250E+04 -1.425E+00 -1.433E+00 -7.922E-01
  1.0699750E+04 -9.342E-01 -1.004E+00 -8.593E-01
  1.0700250E+04 -9.545E-01 -8.652E-01 -3.710E-01
