  2.3568750E+04 -0.000E+00 -0.000E+00  0.000E+00
  2.3569250E+04 -0.000E+00 -0.000E+00  0.000E+00
  2.3569750E+04 -0.000E+00 -0.000E+00  0.000E+00
  2.3570250E+04 -0.000E+00 -0.000E+00  0.000E+00
  2.3570750E+04 -0.000E+00 -0.000E+00  0.000E+00
  2.3571250E+04 -0.000E+00 -0.000E+00  0.000E+00
  2.3571750E+04 -0.000E+00 -0.000E+00  0.000E+00
  2.3572250E+04 -0.000E+00 -0.000E+00  0.000E+00
  2.3572750E+04 -0.000E+00 -0.000E+00  0.000E+00
  2.3573250E+04 -0.000E+00 -0.000E+00  0.000E+00
  2.3573750E+04 -0.000E+00 -0.000E+00  0.000E+00
  2.3574250E+04 -0.000E+00 -0.000E+00  0.000E+00
  2.3574750E+04 -0.000E+00 -0.000E+00  0.000E+00
  2.3575250E+04 -0.000E+00 -0.000E+00  0.000E+00
  2.3575750E+04 -0.000E+00 -0.000E+00  0.000E+00
  2.3576250E+04 -0.000E+00 -0.000E+00  0.000E+00
  2.3576750E+04 -0.000E+00 -0.000E+00  0.000E+00
  2.3577250E+04 -0.000E+00 -0.000E+00  0.000E+00
  2.3577750E+04 -0.000E+00 -0.000E+00  0.000E+00
  2.3578250E+04 -0.000E+00 -0.000E+00  0.000E+00
  2.3578750E+04 -0.000E+00 -0.000E+00  0.000E+00
  2.3579250E+04 -0.000E+00 -0.000E+00  0.000E+00
  2.3579750E+04 -0.000E+00 -0.000E+00  0.000E+00
  2.3580250E+04 -0.000E+00 -0.000E+00  0.000E+00
  2.3580750E+04 -0.000E+00 -0.000E+00  0.000E+00
  2.3581250E+04 -0.000E+00 -0.000E+00  0.000E+00
  2.3581750E+04  1.171E-06  8.758E-07 -6.016E-07
  2.3582250E+04 -2.110E-06 -1.574E-06  1.103E-06
  2.3582750E+04  3.008E-06  1.097E-06 -6.411E-06
  2.3583250E+04  9.990E-06  6.555E-06 -9.015E-06
  2.3583750E+04  4.732E-04  3.531E-04 -2.476E-04
  2.3584250E+04  1.317E-03  9.844E-04 -6.853E-04
  2.3584750E+04  6.449E-04  4.836E-04 -3.292E-04
  2.3585250E+04 -1.955E-04 -1.452E-04  1.041E-04
  2.3585750E+04  4.678E-04  6.234E-04  9.085E-04
  2.3586250E+04 -1.750E-04 -2.566E-04 -4.402E-04
  2.3586750E+04  2.028E-04  2.171E-04  1.690E-04
  2.3587250E+04  4.190E-04  2.811E-04 -3.560E-04
  2.3587750E+04  1.327E-04  9.938E-05 -7.050E-05
  2.3588250E+04  9.547E-05  7.543E-06 -3.219E-04
  2.3588750E+04 -1.182E-05 -1.240E-04 -4.825E-04
  2.3589250E+04 -6.719E-04 -5.577E-04  1.184E-04
  2.3589750E+04  1.972E-03  1.808E-03  3.703E-04
  2.3590250E+04  3.149E-03  2.762E-03  5.998E-05
  2.3590750E+04  1.551E-04  1.255E-03  4.745E-03
  2.3591250E+04  7.551E-04  7.676E-04  4.548E-04
  2.3591750E+04  1.345E-03  1.010E-03 -7.247E-04
  2.3592250E+04  6.356E-03  8.838E-03  1.384E-02
  2.3592750E+04 -9.516E-04 -1.982E-04  2.692E-03
  2.3593250E+04  1.184E-03  1.236E-03  8.600E-04
  2.3593750E+04 -8.799E-04 -1.153E-03 -1.604E-03
  2.3594250E+04 -5.348E-03 -3.896E-03  3.303E-03
  2.3594750E+04  7.007E-03  7.556E-03  6.070E-03
  2.3595250E+04  7.201E-03  3.385E-03 -1.229E-02
  2.3595750E+04  2.295E-03  1.204E-03 -3.390E-03
  2.3596250E+04 -2.357E-03 -5.447E-04  6.378E-03
  2.3596750E+04  2.135E-03  1.892E-03  8.738E-05
  2.3597250E+04  2.257E-03  1.598E-03 -1.571E-03
  2.3597750E+04  3.612E-03  2.535E-03 -2.638E-03
  2.3598250E+04  8.842E-03  3.341E-03 -1.871E-02
  2.3598750E+04 -1.543E-03  4.110E-03  2.320E-02
  2.3599250E+04  5.690E-03  7.300E-03  9.771E-03
  2.3599750E+04  4.207E-04 -4.689E-04 -3.543E-03
  2.3600250E+04 -2.417E-03 -2.334E-04  7.922E-03
  2.3600750E+04 -1.814E-03 -2.441E-03 -3.563E-03
  2.3601250E+04  2.432E-03  1.928E-03 -8.310E-04
  2.3601750E+04 -9.328E-03 -4.933E-03  1.374E-02
  2.3602250E+04  8.233E-03  9.931E-03  1.156E-02
  2.3602750E+04  1.037E-02  7.226E-03 -7.869E-03
  2.3603250E+04 -2.664E-03 -4.222E-03 -7.973E-03
  2.3603750E+04  2.014E-03  2.745E-03  4.039E-03
  2.3604250E+04  7.686E-03  5.870E-03 -3.603E-03
  2.3604750E+04  1.404E-02  1.402E-02  7.288E-03
  2.3605250E+04  7.324E-03  6.321E-03 -4.376E-04
  2.3605750E+04 -6.531E-03 -3.887E-03  7.869E-03
  2.3606250E+04  1.586E-02  1.285E-02 -4.431E-03
  2.3606750E+04  3.293E-02  2.992E-02  4.626E-03
  2.3607250E+04  1.306E-02  1.212E-02  2.725E-03
  2.3607750E+04 -5.116E-03 -3.113E-03  5.841E-03
  2.3608250E+04 -1.560E-02 -1.179E-02  7.978E-03
  2.3608750E+04  3.978E-02  3.743E-02  1.049E-02
  2.3609250E+04  2.812E-02  3.086E-02  2.609E-02
  2.3609750E+04  2.761E-02  2.895E-02  1.987E-02
  2.3610250E+04 -5.528E-03  6.822E-04  2.385E-02
  2.3610750E+04  1.806E-01  1.920E-01  1.419E-01
  2.3611250E+04 -1.968E-02 -3.424E-02 -7.211E-02
  2.3611750E+04 -1.292E-02 -2.652E-02 -6.508E-02
  2.3612250E+04 -1.428E-02 -1.863E-02 -2.591E-02
  2.3612750E+04  2.861E-02  3.583E-02  4.606E-02
  2.3613250E+04 -6.471E-03  4.413E-04  2.613E-02
  2.3613750E+04  1.501E-02  3.989E-02  1.140E-01
  2.3614250E+04  4.504E-02  4.477E-02  2.194E-02
  2.3614750E+04  1.657E-02  1.938E-02  2.048E-02
  2.3615250E+04  4.907E-02  5.372E-02  4.509E-02
  2.3615750E+04  7.331E-02  8.301E-02  7.860E-02
  2.3616250E+04  7.194E-02  7.610E-02  5.486E-02
  2.3616750E+04  5.121E-02  4.697E-02  8.215E-03
  2.3617250E+04  3.703E-02  2.556E-02 -2.974E-02
  2.3617750E+04  3.042E-02  3.130E-02  1.909E-02
  2.3618250E+04  3.830E-02  3.864E-02  2.101E-02
  2.3618750E+04  7.305E-02  6.675E-02  1.040E-02
  2.3619250E+04  2.797E-02  1.705E-02 -3.265E-02
  2.3619750E+04  4.404E-02  4.559E-02  2.859E-02
  2.3620250E+04  1.416E-01  1.331E-01  3.572E-02
  2.3620750E+04  1.170E-01  1.074E-01  1.818E-02
  2.3621250E+04  3.345E-02  4.682E-02  7.444E-02
  2.3621750E+04  9.481E-02  1.050E-01  9.204E-02
  2.3622250E+04  9.429E-02  8.820E-02  2.172E-02
  2.3622750E+04  1.068E-01  1.169E-01  9.663E-02
  2.3623250E+04  1.105E-01  1.389E-01  1.782E-01
  2.3623750E+04  7.921E-02  1.092E-01  1.682E-01
  2.3624250E+04  2.307E-01  2.305E-01  1.159E-01
  2.3624750E+04  2.965E-01  2.668E-01  2.310E-02
  2.3625250E+04  3.720E-02  5.285E-02  8.573E-02
  2.3625750E+04  1.283E-01  1.245E-01  4.773E-02
  2.3626250E+04  6.573E-03  9.562E-02  3.824E-01
  2.3626750E+04 -3.196E-02  1.571E-02  1.878E-01
  2.3627250E+04  1.616E-01  1.613E-01  7.938E-02
  2.3627750E+04  2.397E-01  2.361E-01  1.047E-01
  2.3628250E+04  2.339E-01  2.510E-01  1.893E-01
  2.3628750E+04  3.033E-01  2.963E-01  1.215E-01
  2.3629250E+04  2.760E-01  3.101E-01  2.860E-01
  2.3629750E+04  3.842E-01  3.479E-01  3.498E-02
  2.3630250E+04  1.366E-01  1.484E-01  1.202E-01
  2.3630750E+04  2.266E-01  2.125E-01  5.145E-02
  2.3631250E+04  1.900E-01  2.222E-01  2.305E-01
  2.3631750E+04  3.171E-01  2.978E-01  7.292E-02
  2.3632250E+04  4.139E-01  4.060E-01  1.722E-01
  2.3632750E+04  4.045E-01  4.328E-01  3.230E-01
  2.3633250E+04  4.467E-01  4.492E-01  2.347E-01
  2.3633750E+04  5.882E-01  5.701E-01  2.158E-01
  2.3634250E+04  2.899E-01  3.279E-01  3.050E-01
  2.3634750E+04  4.394E-01  4.144E-01  1.091E-01
  2.3635250E+04  3.509E-01  3.597E-01  2.103E-01
  2.3635750E+04  3.469E-01  4.101E-01  4.419E-01
  2.3636250E+04  4.243E-01  4.555E-01  3.412E-01
  2.3636750E+04  4.558E-01  4.768E-01  3.105E-01
  2.3637250E+04  9.718E-01  9.453E-01  3.632E-01
  2.3637750E+04  8.021E-01  7.498E-01  1.700E-01
  2.3638250E+04  7.437E-01  7.035E-01  1.911E-01
  2.3638750E+04  7.028E-01  7.627E-01  6.009E-01
  2.3639250E+04  6.524E-01  8.129E-01  1.004E+00
  2.3639750E+04  6.900E-01  6.798E-01  2.929E-01
  2.3640250E+04  4.137E-01  4.121E-01  1.932E-01
  2.3640750E+04  7.081E-01  7.887E-01  6.880E-01
  2.3641250E+04  1.174E+00  1.199E+00  6.802E-01
  2.3641750E+04  1.060E+00  1.080E+00  6.028E-01
  2.3642250E+04  9.186E-01  9.490E-01  5.741E-01
  2.3642750E+04  1.258E+00  1.211E+00  4.059E-01
  2.3643250E+04  9.837E-01  1.029E+00  6.686E-01
  2.3643750E+04  9.119E-01  1.026E+00  9.308E-01
  2.3644250E+04  1.271E+00  1.331E+00  8.685E-01
  2.3644750E+04  8.332E-01  9.250E-01  7.898E-01
  2.3645250E+04  1.561E+00  1.548E+00  6.963E-01
  2.3645750E+04  1.253E+00  1.301E+00  8.058E-01
  2.3646250E+04  1.188E+00  1.343E+00  1.235E+00
  2.3646750E+04  2.210E+00  2.259E+00  1.266E+00
  2.3647250E+04  1.864E+00  1.788E+00  5.623E-01
  2.3647750E+04  1.857E+00  1.737E+00  3.704E-01
  2.3648250E+04  1.738E+00  1.713E+00  7.148E-01
  2.3648750E+04  1.758E+00  1.811E+00  1.071E+00
  2.3649250E+04  1.880E+00  2.012E+00  1.463E+00
  2.3649750E+04  1.553E+00  1.757E+00  1.602E+00
  2.3650250E+04  1.576E+00  1.830E+00  1.841E+00
  2.3650750E+04  2.623E+00  2.784E+00  1.939E+00
  2.3651250E+04  2.086E+00  2.140E+00  1.225E+00
  2.3651750E+04  2.678E+00  2.721E+00  1.451E+00
  2.3652250E+04  3.215E+00  3.420E+00  2.397E+00
  2.3652750E+04  3.212E+00  3.263E+00  1.743E+00
  2.3653250E+04  3.441E+00  3.493E+00  1.839E+00
  2.3653750E+04  3.484E+00  3.694E+00  2.539E+00
  2.3654250E+04  3.422E+00  3.520E+00  2.028E+00
  2.3654750E+04  3.969E+00  4.030E+00  2.127E+00
  2.3655250E+04  3.557E+00  3.757E+00  2.529E+00
  2.3655750E+04  3.970E+00  4.126E+00  2.526E+00
  2.3656250E+04  3.140E+00  3.607E+00  3.470E+00
  2.3656750E+04  4.621E+00  4.657E+00  2.321E+00
  2.3657250E+04  5.703E+00  5.434E+00  1.503E+00
  2.3657750E+04  5.173E+00  5.443E+00  3.582E+00
  2.3658250E+04  4.417E+00  4.542E+00  2.598E+00
  2.3658750E+04  5.019E+00  5.147E+00  2.894E+00
  2.3659250E+04  4.555E+00  5.042E+00  4.207E+00
  2.3659750E+04  6.062E+00  6.433E+00  4.397E+00
  2.3660250E+04  4.798E+00  4.949E+00  2.871E+00
  2.3660750E+04  6.349E+00  6.784E+00  4.825E+00
  2.3661250E+04  7.924E+00  7.604E+00  2.287E+00
  2.3661750E+04  5.940E+00  6.101E+00  3.412E+00
  2.3662250E+04  5.922E+00  6.113E+00  3.542E+00
  2.3662750E+04  7.003E+00  7.410E+00  4.974E+00
  2.3663250E+04  7.438E+00  7.839E+00  5.137E+00
  2.3663750E+04  8.110E+00  8.503E+00  5.405E+00
  2.3664250E+04  8.989E+00  9.080E+00  4.506E+00
  2.3664750E+04  7.014E+00  7.369E+00  4.748E+00
  2.3665250E+04  8.767E+00  9.271E+00  6.189E+00
  2.3665750E+04  8.555E+00  8.698E+00  4.527E+00
  2.3666250E+04  9.232E+00  9.522E+00  5.464E+00
  2.3666750E+04  9.397E+00  9.540E+00  4.900E+00
  2.3667250E+04  9.031E+00  9.329E+00  5.387E+00
  2.3667750E+04  1.128E+01  1.139E+01  5.639E+00
  2.3668250E+04  9.827E+00  1.010E+01  5.627E+00
  2.3668750E+04  1.130E+01  1.169E+01  6.776E+00
  2.3669250E+04  1.052E+01  1.101E+01  6.875E+00
  2.3669750E+04  1.120E+01  1.186E+01  7.878E+00
  2.3670250E+04  1.133E+01  1.190E+01  7.584E+00
  2.3670750E+04  1.247E+01  1.301E+01  7.959E+00
  2.3671250E+04  1.320E+01  1.335E+01  6.580E+00
  2.3671750E+04  1.358E+01  1.400E+01  7.918E+00
  2.3672250E+04  1.232E+01  1.301E+01  8.476E+00
  2.3672750E+04  1.516E+01  1.549E+01  8.202E+00
  2.3673250E+04  1.640E+01  1.705E+01  1.014E+01
  2.3673750E+04  1.627E+01  1.666E+01  9.011E+00
  2.3674250E+04  1.625E+01  1.694E+01  1.023E+01
  2.3674750E+04  1.750E+01  1.733E+01  7.113E+00
  2.3675250E+04  1.758E+01  1.808E+01  9.999E+00
  2.3675750E+04  1.773E+01  1.803E+01  9.172E+00
  2.3676250E+04  1.684E+01  1.751E+01  1.040E+01
  2.3676750E+04  1.757E+01  1.833E+01  1.107E+01
  2.3677250E+04  1.925E+01  1.994E+01  1.149E+01
  2.3677750E+04  2.101E+01  2.084E+01  8.555E+00
  2.3678250E+04  2.099E+01  2.076E+01  8.309E+00
  2.3678750E+04  1.820E+01  1.895E+01  1.128E+01
  2.3679250E+04  1.870E+01  2.017E+01  1.460E+01
  2.3679750E+04  2.167E+01  2.243E+01  1.277E+01
  2.3680250E+04  2.492E+01  2.513E+01  1.185E+01
  2.3680750E+04  2.214E+01  2.244E+01  1.100E+01
  2.3681250E+04  2.652E+01  2.669E+01  1.234E+01
  2.3681750E+04  2.494E+01  2.563E+01  1.390E+01
  2.3682250E+04  2.362E+01  2.435E+01  1.343E+01
  2.3682750E+04  2.206E+01  2.332E+01  1.507E+01
  2.3683250E+04  2.608E+01  2.663E+01  1.373E+01
  2.3683750E+04  2.615E+01  2.726E+01  1.617E+01
  2.3684250E+04  2.662E+01  2.723E+01  1.417E+01
  2.3684750E+04  2.925E+01  3.014E+01  1.651E+01
  2.3685250E+04  3.141E+01  3.251E+01  1.836E+01
  2.3685750E+04  3.280E+01  3.375E+01  1.825E+01
  2.3686250E+04  3.363E+01  3.375E+01  1.503E+01
  2.3686750E+04  3.325E+01  3.415E+01  1.822E+01
  2.3687250E+04  3.166E+01  3.216E+01  1.579E+01
  2.3687750E+04  3.268E+01  3.316E+01  1.616E+01
  2.3688250E+04  3.098E+01  3.179E+01  1.679E+01
  2.3688750E+04  3.396E+01  3.543E+01  2.088E+01
  2.3689250E+04  3.499E+01  3.596E+01  1.919E+01
  2.3689750E+04  3.594E+01  3.718E+01  2.068E+01
  2.3690250E+04  3.577E+01  3.615E+01  1.693E+01
  2.3690750E+04  3.927E+01  3.959E+01  1.812E+01
  2.3691250E+04  3.964E+01  4.055E+01  2.074E+01
  2.3691750E+04  4.097E+01  4.209E+01  2.231E+01
  2.3692250E+04  3.940E+01  4.005E+01  1.953E+01
  2.3692750E+04  3.929E+01  4.081E+01  2.322E+01
  2.3693250E+04  3.990E+01  4.063E+01  2.000E+01
  2.3693750E+04  4.036E+01  4.169E+01  2.280E+01
  2.3694250E+04  4.474E+01  4.560E+01  2.260E+01
  2.3694750E+04  4.287E+01  4.372E+01  2.169E+01
  2.3695250E+04  4.360E+01  4.399E+01  2.002E+01
  2.3695750E+04  4.674E+01  4.700E+01  2.069E+01
  2.3696250E+04  4.469E+01  4.651E+01  2.657E+01
  2.3696750E+04  4.017E+01  4.209E+01  2.512E+01
  2.3697250E+04  4.602E+01  4.665E+01  2.196E+01
  2.3697750E+04  5.097E+01  5.179E+01  2.483E+01
  2.3698250E+04  4.580E+01  4.800E+01  2.859E+01
  2.3698750E+04  5.190E+01  5.203E+01  2.206E+01
  2.3699250E+04  5.121E+01  5.276E+01  2.800E+01
  2.3699750E+04  5.163E+01  5.301E+01  2.741E+01
  2.3700250E+04  5.153E+01  5.230E+01  2.465E+01
  2.3700750E+04  4.944E+01  5.232E+01  3.291E+01
  2.3701250E+04  5.203E+01  5.363E+01  2.844E+01
  2.3701750E+04  4.892E+01  5.036E+01  2.632E+01
  2.3702250E+04  5.669E+01  5.724E+01  2.566E+01
  2.3702750E+04  5.610E+01  5.733E+01  2.840E+01
  2.3703250E+04  5.776E+01  5.838E+01  2.628E+01
  2.3703750E+04  5.041E+01  5.087E+01  2.254E+01
  2.3704250E+04  5.618E+01  5.638E+01  2.376E+01
  2.3704750E+04  5.707E+01  5.741E+01  2.475E+01
  2.3705250E+04  5.276E+01  5.434E+01  2.831E+01
  2.3705750E+04  5.287E+01  5.500E+01  3.069E+01
  2.3706250E+04  5.699E+01  5.780E+01  2.657E+01
  2.3706750E+04  6.065E+01  6.151E+01  2.834E+01
  2.3707250E+04  5.725E+01  5.895E+01  3.053E+01
  2.3707750E+04  6.097E+01  6.181E+01  2.828E+01
  2.3708250E+04  6.228E+01  6.304E+01  2.836E+01
  2.3708750E+04  5.823E+01  6.045E+01  3.299E+01
  2.3709250E+04  6.168E+01  6.245E+01  2.814E+01
  2.3709750E+04  5.991E+01  6.224E+01  3.422E+01
  2.3710250E+04  6.406E+01  6.440E+01  2.714E+01
  2.3710750E+04  5.767E+01  5.982E+01  3.230E+01
  2.3711250E+04  6.154E+01  6.372E+01  3.398E+01
  2.3711750E+04  6.108E+01  6.308E+01  3.307E+01
  2.3712250E+04  6.343E+01  6.483E+01  3.126E+01
  2.3712750E+04  6.472E+01  6.492E+01  2.647E+01
  2.3713250E+04  6.353E+01  6.452E+01  2.945E+01
  2.3713750E+04  6.921E+01  7.001E+01  3.087E+01
  2.3714250E+04  5.960E+01  6.134E+01  3.102E+01
  2.3714750E+04  7.008E+01  7.093E+01  3.135E+01
  2.3715250E+04  6.525E+01  6.610E+01  2.927E+01
  2.3715750E+04  6.556E+01  6.768E+01  3.494E+01
  2.3716250E+04  6.827E+01  7.016E+01  3.508E+01
  2.3716750E+04  6.925E+01  6.882E+01  2.521E+01
  2.3717250E+04  6.087E+01  6.371E+01  3.600E+01
  2.3717750E+04  6.737E+01  6.874E+01  3.217E+01
  2.3718250E+04  6.267E+01  6.447E+01  3.203E+01
  2.3718750E+04  6.519E+01  6.687E+01  3.259E+01
  2.3719250E+04  6.395E+01  6.556E+01  3.158E+01
  2.3719750E+04  6.668E+01  6.674E+01  2.606E+01
  2.3720250E+04  7.037E+01  7.250E+01  3.646E+01
  2.3720750E+04  7.271E+01  7.425E+01  3.479E+01
  2.3721250E+04  6.532E+01  6.638E+01  2.966E+01
  2.3721750E+04  6.489E+01  6.641E+01  3.154E+01
  2.3722250E+04  6.654E+01  6.827E+01  3.297E+01
  2.3722750E+04  6.716E+01  6.965E+01  3.654E+01
  2.3723250E+04  6.756E+01  7.023E+01  3.738E+01
  2.3723750E+04  7.342E+01  7.404E+01  3.059E+01
  2.3724250E+04  6.652E+01  6.912E+01  3.663E+01
  2.3724750E+04  7.062E+01  7.077E+01  2.736E+01
  2.3725250E+04  6.472E+01  6.700E+01  3.442E+01
  2.3725750E+04  6.639E+01  6.858E+01  3.452E+01
  2.3726250E+04  6.647E+01  6.715E+01  2.797E+01
  2.3726750E+04  7.371E+01  7.315E+01  2.539E+01
  2.3727250E+04  6.743E+01  6.971E+01  3.526E+01
  2.3727750E+04  6.725E+01  6.899E+01  3.272E+01
  2.3728250E+04  6.960E+01  6.870E+01  2.190E+01
  2.3728750E+04  6.257E+01  6.304E+01  2.521E+01
  2.3729250E+04  6.960E+01  7.165E+01  3.485E+01
  2.3729750E+04  6.310E+01  6.464E+01  3.003E+01
  2.3730250E+04  6.417E+01  6.713E+01  3.661E+01
  2.3730750E+04  6.490E+01  6.688E+01  3.246E+01
  2.3731250E+04  6.754E+01  6.780E+01  2.603E+01
  2.3731750E+04  5.802E+01  6.041E+01  3.167E+01
  2.3732250E+04  6.268E+01  6.531E+01  3.448E+01
  2.3732750E+04  5.864E+01  6.217E+01  3.677E+01
  2.3733250E+04  6.822E+01  6.883E+01  2.750E+01
  2.3733750E+04  6.303E+01  6.329E+01  2.404E+01
  2.3734250E+04  6.827E+01  6.851E+01  2.588E+01
  2.3734750E+04  6.460E+01  6.477E+01  2.421E+01
  2.3735250E+04  6.373E+01  6.512E+01  2.911E+01
  2.3735750E+04  6.315E+01  6.542E+01  3.265E+01
  2.3736250E+04  5.946E+01  6.287E+01  3.631E+01
  2.3736750E+04  5.904E+01  6.078E+01  2.862E+01
  2.3737250E+04  6.073E+01  6.237E+01  2.880E+01
  2.3737750E+04  6.564E+01  6.719E+01  3.032E+01
  2.3738250E+04  5.622E+01  5.832E+01  2.916E+01
  2.3738750E+04  5.638E+01  5.798E+01  2.688E+01
  2.3739250E+04  6.410E+01  6.436E+01  2.402E+01
  2.3739750E+04  5.484E+01  5.586E+01  2.368E+01
  2.3740250E+04  6.000E+01  6.075E+01  2.447E+01
  2.3740750E+04  6.054E+01  6.047E+01  2.099E+01
  2.3741250E+04  5.395E+01  5.600E+01  2.781E+01
  2.3741750E+04  5.860E+01  6.145E+01  3.283E+01
  2.3742250E+04  5.265E+01  5.416E+01  2.487E+01
  2.3742750E+04  5.639E+01  5.883E+01  3.030E+01
  2.3743250E+04  5.519E+01  5.661E+01  2.522E+01
  2.3743750E+04  5.552E+01  5.656E+01  2.370E+01
  2.3744250E+04  5.496E+01  5.668E+01  2.652E+01
  2.3744750E+04  5.354E+01  5.582E+01  2.840E+01
  2.3745250E+04  5.284E+01  5.311E+01  1.919E+01
  2.3745750E+04  5.096E+01  5.077E+01  1.619E+01
  2.3746250E+04  5.425E+01  5.577E+01  2.506E+01
  2.3746750E+04  4.868E+01  5.069E+01  2.531E+01
  2.3747250E+04  4.997E+01  5.185E+01  2.512E+01
  2.3747750E+04  5.059E+01  5.306E+01  2.776E+01
  2.3748250E+04  5.215E+01  5.409E+01  2.604E+01
  2.3748750E+04  4.923E+01  5.002E+01  1.989E+01
  2.3749250E+04  5.043E+01  5.161E+01  2.211E+01
  2.3749750E+04  4.749E+01  4.959E+01  2.496E+01
  2.3750250E+04  4.677E+01  4.674E+01  1.515E+01
  2.3750750E+04  4.082E+01  4.185E+01  1.780E+01
  2.3751250E+04  4.975E+01  5.134E+01  2.331E+01
  2.3751750E+04  4.394E+01  4.351E+01  1.227E+01
  2.3752250E+04  4.739E+01  4.872E+01  2.123E+01
  2.3752750E+04  3.729E+01  3.944E+01  2.129E+01
  2.3753250E+04  4.448E+01  4.575E+01  2.000E+01
  2.3753750E+04  3.652E+01  3.817E+01  1.871E+01
  2.3754250E+04  3.381E+01  3.701E+01  2.454E+01
  2.3754750E+04  3.778E+01  3.781E+01  1.213E+01
  2.3755250E+04  3.968E+01  4.158E+01  2.082E+01
  2.3755750E+04  3.955E+01  3.932E+01  1.139E+01
  2.3756250E+04  3.700E+01  3.790E+01  1.545E+01
  2.3756750E+04  3.407E+01  3.460E+01  1.272E+01
  2.3757250E+04  3.813E+01  3.976E+01  1.907E+01
  2.3757750E+04  3.587E+01  3.619E+01  1.253E+01
  2.3758250E+04  3.467E+01  3.514E+01  1.264E+01
  2.3758750E+04  3.407E+01  3.621E+01  1.966E+01
  2.3759250E+04  3.211E+01  3.302E+01  1.367E+01
  2.3759750E+04  2.527E+01  2.736E+01  1.642E+01
  2.3760250E+04  3.358E+01  3.403E+01  1.179E+01
  2.3760750E+04  2.947E+01  2.804E+01  2.122E+00
  2.3761250E+04  2.728E+01  2.896E+01  1.513E+01
  2.3761750E+04  3.025E+01  3.127E+01  1.336E+01
  2.3762250E+04  3.041E+01  3.011E+01  7.643E+00
  2.3762750E+04  3.041E+01  3.067E+01  1.001E+01
  2.3763250E+04  2.564E+01  2.607E+01  9.015E+00
  2.3763750E+04  2.959E+01  3.141E+01  1.671E+01
  2.3764250E+04  2.522E+01  2.613E+01  1.097E+01
  2.3764750E+04  2.381E+01  2.311E+01  3.278E+00
  2.3765250E+04  2.325E+01  2.357E+01  7.519E+00
  2.3765750E+04  2.702E+01  2.729E+01  8.660E+00
  2.3766250E+04  2.553E+01  2.609E+01  9.520E+00
  2.3766750E+04  2.046E+01  2.167E+01  1.048E+01
  2.3767250E+04  1.975E+01  2.349E+01  2.145E+01
  2.3767750E+04  2.312E+01  2.198E+01  9.900E-01
  2.3768250E+04  2.090E+01  2.007E+01  1.698E+00
  2.3768750E+04  2.340E+01  2.518E+01  1.392E+01
  2.3769250E+04  2.013E+01  2.201E+01  1.326E+01
  2.3769750E+04  1.590E+01  1.554E+01  1.910E+00
  2.3770250E+04  8.075E+00  9.334E+00  6.432E+00
  2.3770750E+04  1.713E+01  1.737E+01  4.803E+00
  2.3771250E+04  1.566E+01  1.723E+01  1.041E+01
  2.3771750E+04  2.096E+01  2.135E+01  7.060E+00
  2.3772250E+04  1.118E+01  1.350E+01  1.197E+01
  2.3772750E+04  1.357E+01  1.485E+01  8.348E+00
  2.3773250E+04  6.217E+00  7.678E+00  6.410E+00
  2.3773750E+04  1.388E+01  1.517E+01  8.377E+00
  2.3774250E+04  1.643E+01  1.581E+01  7.766E-01
  2.3774750E+04  1.331E+01  1.311E+01  1.737E+00
  2.3775250E+04  5.957E+00  5.889E+00 -3.206E-01
  2.3775750E+04  1.026E+01  1.200E+01  9.247E+00
  2.3776250E+04  1.534E+01  1.517E+01  2.580E+00
  2.3776750E+04  6.982E+00  6.361E+00 -2.340E+00
  2.3777250E+04  8.597E+00  8.507E+00  2.820E-01
  2.3777750E+04  4.255E+00  5.453E+00  4.729E+00
  2.3778250E+04  9.675E+00  9.172E+00 -8.633E-01
  2.3778750E+04  9.991E+00  9.504E+00 -7.265E-01
  2.3779250E+04  2.573E+00  4.122E+00  5.600E+00
  2.3779750E+04 -9.863E-01  1.213E+00  7.204E+00
  2.3780250E+04  7.284E+00  6.951E+00 -1.062E+00
  2.3780750E+04  6.750E+00  6.751E+00  1.641E-01
  2.3781250E+04  5.078E+00  5.404E+00  1.175E+00
  2.3781750E+04  6.154E+00  6.791E+00  2.808E+00
  2.3782250E+04  1.563E+00  2.324E+00  1.938E+00
  2.3782750E+04  1.093E+00  1.514E+00  2.027E-01
  2.3783250E+04  2.601E+00  2.598E+00 -9.898E-01
  2.3783750E+04 -2.074E+00 -9.561E-01  2.022E+00
  2.3784250E+04  3.307E+00  3.865E+00  1.388E+00
  2.3784750E+04 -1.968E+00  3.578E-01  7.639E+00
  2.3785250E+04 -4.711E+00 -2.803E+00  4.892E+00
  2.3785750E+04 -3.011E+00 -2.635E+00 -1.650E+00
  2.3786250E+04 -1.818E+00 -3.545E+00 -1.039E+01
  2.3786750E+04  5.598E+00  4.713E+00 -3.959E+00
  2.3787250E+04 -7.285E-01 -1.443E+00 -5.407E+00
  2.3787750E+04 -6.561E+00 -5.371E+00  1.043E+00
  2.3788250E+04 -5.045E+00 -4.523E+00 -1.652E+00
  2.3788750E+04 -2.145E+00 -2.396E+00 -3.662E+00
  2.3789250E+04 -9.030E-01 -8.073E-01 -1.905E+00
  2.3789750E+04 -4.027E+00 -3.153E+00  5.391E-01
  2.3790250E+04 -5.833E+00 -5.298E+00 -1.824E+00
  2.3790750E+04 -1.479E+00 -5.992E-01  1.423E+00
  2.3791250E+04 -7.421E+00 -6.892E+00 -2.321E+00
  2.3791750E+04 -7.290E+00 -6.212E+00  2.137E-01
  2.3792250E+04 -8.659E+00 -8.452E+00 -4.112E+00
  2.3792750E+04 -7.796E+00 -8.985E+00 -9.700E+00
  2.3793250E+04 -6.274E+00 -6.487E+00 -5.142E+00
  2.3793750E+04 -1.838E+00 -2.037E+00 -3.619E+00
  2.3794250E+04 -4.536E+00 -5.457E+00 -7.528E+00
  2.3794750E+04 -1.074E+01 -1.169E+01 -9.685E+00
  2.3795250E+04 -1.139E+01 -1.084E+01 -3.151E+00
  2.3795750E+04 -1.125E+01 -1.129E+01 -6.068E+00
  2.3796250E+04 -1.208E+01 -1.064E+01  3.882E-01
  2.3796750E+04 -8.910E+00 -8.566E+00 -3.387E+00
  2.3797250E+04 -1.016E+01 -9.605E+00 -2.799E+00
  2.3797750E+04 -1.177E+01 -1.119E+01 -3.126E+00
  2.3798250E+04 -1.247E+01 -1.309E+01 -8.738E+00
  2.3798750E+04 -7.051E+00 -7.675E+00 -6.920E+00
  2.3799250E+04 -1.042E+01 -1.009E+01 -3.715E+00
  2.3799750E+04 -6.007E+00 -6.993E+00 -8.283E+00
  2.3800250E+04 -1.405E+01 -1.341E+01 -3.694E+00
  2.3800750E+04 -1.349E+01 -1.312E+01 -4.762E+00
  2.3801250E+04 -9.921E+00 -9.179E+00 -1.975E+00
  2.3801750E+04 -8.566E+00 -7.821E+00 -1.468E+00
  2.3802250E+04 -1.589E+01 -1.563E+01 -5.952E+00
  2.3802750E+04 -1.601E+01 -1.598E+01 -7.131E+00
  2.3803250E+04 -1.734E+01 -1.646E+01 -3.534E+00
  2.3803750E+04 -1.489E+01 -1.371E+01 -1.415E+00
  2.3804250E+04 -1.179E+01 -1.242E+01 -8.584E+00
  2.3804750E+04 -1.515E+01 -1.498E+01 -6.149E+00
  2.3805250E+04 -1.252E+01 -1.184E+01 -3.045E+00
  2.3805750E+04 -1.578E+01 -1.519E+01 -4.285E+00
  2.3806250E+04 -1.426E+01 -1.429E+01 -6.585E+00
  2.3806750E+04 -1.236E+01 -1.222E+01 -5.189E+00
  2.3807250E+04 -1.851E+01 -1.766E+01 -4.008E+00
  2.3807750E+04 -1.625E+01 -1.661E+01 -8.551E+00
  2.3808250E+04 -1.424E+01 -1.467E+01 -8.280E+00
  2.3808750E+04 -1.798E+01 -1.754E+01 -5.687E+00
  2.3809250E+04 -1.546E+01 -1.616E+01 -9.872E+00
  2.3809750E+04 -1.360E+01 -1.269E+01 -2.072E+00
  2.3810250E+04 -1.392E+01 -1.498E+01 -1.090E+01
  2.3810750E+04 -1.487E+01 -1.540E+01 -8.999E+00
  2.3811250E+04 -1.749E+01 -1.763E+01 -8.161E+00
  2.3811750E+04 -1.554E+01 -1.598E+01 -8.489E+00
  2.3812250E+04 -1.649E+01 -1.643E+01 -6.830E+00
  2.3812750E+04 -1.469E+01 -1.583E+01 -1.140E+01
  2.3813250E+04 -1.772E+01 -1.779E+01 -7.702E+00
  2.3813750E+04 -1.561E+01 -1.685E+01 -1.247E+01
  2.3814250E+04 -1.864E+01 -1.890E+01 -9.073E+00
  2.3814750E+04 -1.554E+01 -1.502E+01 -4.420E+00
  2.3815250E+04 -1.642E+01 -1.641E+01 -6.982E+00
  2.3815750E+04 -1.763E+01 -1.784E+01 -8.195E+00
  2.3816250E+04 -1.894E+01 -1.787E+01 -3.087E+00
  2.3816750E+04 -1.599E+01 -1.611E+01 -7.305E+00
  2.3817250E+04 -1.819E+01 -1.832E+01 -8.137E+00
  2.3817750E+04 -2.094E+01 -1.998E+01 -3.981E+00
  2.3818250E+04 -1.930E+01 -2.007E+01 -1.122E+01
  2.3818750E+04 -1.353E+01 -1.419E+01 -9.125E+00
  2.3819250E+04 -1.831E+01 -1.936E+01 -1.193E+01
  2.3819750E+04 -1.850E+01 -1.884E+01 -9.231E+00
  2.3820250E+04 -2.039E+01 -1.924E+01 -3.206E+00
  2.3820750E+04 -2.016E+01 -2.002E+01 -7.217E+00
  2.3821250E+04 -2.113E+01 -2.090E+01 -7.242E+00
  2.3821750E+04 -1.805E+01 -1.913E+01 -1.214E+01
  2.3822250E+04 -1.683E+01 -1.772E+01 -1.109E+01
  2.3822750E+04 -1.783E+01 -1.741E+01 -5.571E+00
  2.3823250E+04 -1.930E+01 -2.002E+01 -1.069E+01
  2.3823750E+04 -2.297E+01 -2.311E+01 -9.481E+00
  2.3824250E+04 -2.074E+01 -2.051E+01 -7.274E+00
  2.3824750E+04 -2.312E+01 -2.267E+01 -6.755E+00
  2.3825250E+04 -2.128E+01 -2.183E+01 -1.067E+01
  2.3825750E+04 -1.661E+01 -1.719E+01 -9.556E+00
  2.3826250E+04 -1.812E+01 -1.871E+01 -9.746E+00
  2.3826750E+04 -1.615E+01 -1.669E+01 -9.064E+00
  2.3827250E+04 -2.051E+01 -2.084E+01 -9.763E+00
  2.3827750E+04 -2.023E+01 -2.033E+01 -8.549E+00
  2.3828250E+04 -1.805E+01 -1.876E+01 -1.048E+01
  2.3828750E+04 -1.960E+01 -2.008E+01 -9.825E+00
  2.3829250E+04 -1.763E+01 -1.829E+01 -9.910E+00
  2.3829750E+04 -1.913E+01 -1.924E+01 -8.205E+00
  2.3830250E+04 -1.887E+01 -1.816E+01 -4.294E+00
  2.3830750E+04 -2.113E+01 -2.108E+01 -7.981E+00
  2.3831250E+04 -2.114E+01 -2.156E+01 -9.940E+00
  2.3831750E+04 -1.667E+01 -1.607E+01 -4.003E+00
  2.3832250E+04 -1.904E+01 -1.926E+01 -8.231E+00
  2.3832750E+04 -1.781E+01 -1.914E+01 -1.307E+01
  2.3833250E+04 -1.789E+01 -1.930E+01 -1.313E+01
  2.3833750E+04 -1.969E+01 -1.925E+01 -5.773E+00
  2.3834250E+04 -2.134E+01 -2.082E+01 -6.086E+00
  2.3834750E+04 -2.345E+01 -2.312E+01 -7.323E+00
  2.3835250E+04 -1.699E+01 -1.745E+01 -8.782E+00
  2.3835750E+04 -1.983E+01 -2.048E+01 -1.037E+01
  2.3836250E+04 -2.178E+01 -2.218E+01 -1.005E+01
  2.3836750E+04 -2.033E+01 -2.115E+01 -1.142E+01
  2.3837250E+04 -1.699E+01 -1.722E+01 -7.755E+00
  2.3837750E+04 -1.981E+01 -1.976E+01 -7.313E+00
  2.3838250E+04 -1.925E+01 -1.996E+01 -1.045E+01
  2.3838750E+04 -2.151E+01 -2.151E+01 -8.229E+00
  2.3839250E+04 -1.988E+01 -2.055E+01 -1.053E+01
  2.3839750E+04 -1.905E+01 -1.974E+01 -1.038E+01
  2.3840250E+04 -1.959E+01 -2.033E+01 -1.101E+01
  2.3840750E+04 -2.027E+01 -2.085E+01 -1.018E+01
  2.3841250E+04 -2.189E+01 -2.190E+01 -8.168E+00
  2.3841750E+04 -2.328E+01 -2.286E+01 -6.689E+00
  2.3842250E+04 -1.715E+01 -1.764E+01 -8.860E+00
  2.3842750E+04 -2.033E+01 -2.080E+01 -9.867E+00
  2.3843250E+04 -2.153E+01 -2.147E+01 -7.717E+00
  2.3843750E+04 -1.882E+01 -1.934E+01 -9.456E+00
  2.3844250E+04 -1.871E+01 -1.897E+01 -8.320E+00
  2.3844750E+04 -1.950E+01 -2.026E+01 -1.080E+01
  2.3845250E+04 -2.030E+01 -2.053E+01 -8.804E+00
  2.3845750E+04 -1.784E+01 -1.829E+01 -8.739E+00
  2.3846250E+04 -1.923E+01 -1.992E+01 -1.058E+01
  2.3846750E+04 -2.099E+01 -2.171E+01 -1.082E+01
  2.3847250E+04 -2.007E+01 -2.081E+01 -1.058E+01
  2.3847750E+04 -2.154E+01 -2.106E+01 -5.597E+00
  2.3848250E+04 -1.941E+01 -1.944E+01 -7.509E+00
  2.3848750E+04 -1.934E+01 -1.957E+01 -8.408E+00
  2.3849250E+04 -1.921E+01 -1.931E+01 -7.745E+00
  2.3849750E+04 -2.043E+01 -2.087E+01 -9.448E+00
  2.3850250E+04 -2.162E+01 -2.224E+01 -1.064E+01
  2.3850750E+04 -1.947E+01 -1.967E+01 -8.254E+00
  2.3851250E+04 -2.071E+01 -2.023E+01 -5.417E+00
  2.3851750E+04 -2.131E+01 -2.170E+01 -9.331E+00
  2.3852250E+04 -1.755E+01 -1.885E+01 -1.277E+01
  2.3852750E+04 -1.888E+01 -1.976E+01 -1.098E+01
  2.3853250E+04 -1.831E+01 -1.925E+01 -1.100E+01
  2.3853750E+04 -1.775E+01 -1.819E+01 -8.649E+00
  2.3854250E+04 -2.085E+01 -2.075E+01 -7.066E+00
  2.3854750E+04 -1.742E+01 -1.788E+01 -8.509E+00
  2.3855250E+04 -1.825E+01 -1.896E+01 -9.881E+00
  2.3855750E+04 -1.783E+01 -1.774E+01 -6.358E+00
  2.3856250E+04 -2.030E+01 -1.996E+01 -6.023E+00
  2.3856750E+04 -2.223E+01 -2.220E+01 -7.746E+00
  2.3857250E+04 -1.937E+01 -2.032E+01 -1.125E+01
  2.3857750E+04 -1.961E+01 -1.994E+01 -8.654E+00
  2.3858250E+04 -1.737E+01 -1.771E+01 -7.772E+00
  2.3858750E+04 -1.749E+01 -1.778E+01 -7.876E+00
  2.3859250E+04 -2.237E+01 -2.229E+01 -7.793E+00
  2.3859750E+04 -1.948E+01 -2.014E+01 -1.012E+01
  2.3860250E+04 -1.969E+01 -1.996E+01 -8.521E+00
  2.3860750E+04 -1.854E+01 -1.915E+01 -9.544E+00
  2.3861250E+04 -1.712E+01 -1.784E+01 -9.587E+00
  2.3861750E+04 -1.846E+01 -1.856E+01 -7.361E+00
  2.3862250E+04 -1.914E+01 -1.984E+01 -9.955E+00
  2.3862750E+04 -1.746E+01 -1.821E+01 -9.612E+00
  2.3863250E+04 -1.810E+01 -1.798E+01 -6.250E+00
  2.3863750E+04 -2.108E+01 -2.156E+01 -9.645E+00
  2.3864250E+04 -1.881E+01 -1.983E+01 -1.155E+01
  2.3864750E+04 -1.776E+01 -1.834E+01 -9.046E+00
  2.3865250E+04 -2.053E+01 -2.072E+01 -8.241E+00
  2.3865750E+04 -1.878E+01 -1.815E+01 -4.246E+00
  2.3866250E+04 -1.926E+01 -1.896E+01 -5.765E+00
  2.3866750E+04 -1.637E+01 -1.790E+01 -1.296E+01
  2.3867250E+04 -1.928E+01 -1.979E+01 -9.169E+00
  2.3867750E+04 -1.737E+01 -1.776E+01 -7.996E+00
  2.3868250E+04 -1.746E+01 -1.781E+01 -8.128E+00
  2.3868750E+04 -1.952E+01 -1.951E+01 -7.110E+00
  2.3869250E+04 -1.947E+01 -1.974E+01 -8.134E+00
  2.3869750E+04 -1.916E+01 -1.898E+01 -6.183E+00
  2.3870250E+04 -1.639E+01 -1.688E+01 -8.357E+00
  2.3870750E+04 -1.826E+01 -1.895E+01 -9.774E+00
  2.3871250E+04 -1.871E+01 -1.912E+01 -8.358E+00
  2.3871750E+04 -1.875E+01 -1.951E+01 -9.995E+00
  2.3872250E+04 -1.629E+01 -1.694E+01 -9.006E+00
  2.3872750E+04 -1.650E+01 -1.617E+01 -4.670E+00
  2.3873250E+04 -1.755E+01 -1.796E+01 -8.309E+00
  2.3873750E+04 -1.835E+01 -1.855E+01 -7.342E+00
  2.3874250E+04 -1.659E+01 -1.739E+01 -9.812E+00
  2.3874750E+04 -1.810E+01 -1.844E+01 -8.067E+00
  2.3875250E+04 -1.857E+01 -1.898E+01 -8.357E+00
  2.3875750E+04 -2.006E+01 -2.009E+01 -7.244E+00
  2.3876250E+04 -1.713E+01 -1.746E+01 -7.755E+00
  2.3876750E+04 -1.813E+01 -1.769E+01 -4.620E+00
  2.3877250E+04 -1.673E+01 -1.724E+01 -8.402E+00
  2.3877750E+04 -1.678E+01 -1.786E+01 -1.089E+01
  2.3878250E+04 -1.652E+01 -1.667E+01 -6.770E+00
  2.3878750E+04 -1.741E+01 -1.833E+01 -1.047E+01
  2.3879250E+04 -1.679E+01 -1.724E+01 -8.012E+00
  2.3879750E+04 -1.637E+01 -1.718E+01 -9.415E+00
  2.3880250E+04 -1.674E+01 -1.684E+01 -6.370E+00
  2.3880750E+04 -1.719E+01 -1.686E+01 -4.759E+00
  2.3881250E+04 -1.550E+01 -1.646E+01 -9.967E+00
  2.3881750E+04 -1.629E+01 -1.718E+01 -9.897E+00
  2.3882250E+04 -1.618E+01 -1.711E+01 -9.824E+00
  2.3882750E+04 -1.559E+01 -1.642E+01 -9.350E+00
  2.3883250E+04 -1.690E+01 -1.760E+01 -9.251E+00
  2.3883750E+04 -1.646E+01 -1.668E+01 -7.071E+00
  2.3884250E+04 -1.804E+01 -1.803E+01 -6.354E+00
  2.3884750E+04 -1.692E+01 -1.740E+01 -8.193E+00
  2.3885250E+04 -1.632E+01 -1.680E+01 -8.093E+00
  2.3885750E+04 -1.321E+01 -1.387E+01 -7.977E+00
  2.3886250E+04 -1.779E+01 -1.821E+01 -8.065E+00
  2.3886750E+04 -1.780E+01 -1.829E+01 -8.394E+00
  2.3887250E+04 -1.747E+01 -1.749E+01 -6.401E+00
  2.3887750E+04 -1.623E+01 -1.656E+01 -7.222E+00
  2.3888250E+04 -1.498E+01 -1.563E+01 -8.083E+00
  2.3888750E+04 -1.699E+01 -1.731E+01 -7.624E+00
  2.3889250E+04 -1.688E+01 -1.731E+01 -7.979E+00
  2.3889750E+04 -1.565E+01 -1.590E+01 -6.725E+00
  2.3890250E+04 -1.699E+01 -1.661E+01 -4.303E+00
  2.3890750E+04 -1.273E+01 -1.349E+01 -8.041E+00
  2.3891250E+04 -1.484E+01 -1.545E+01 -7.905E+00
  2.3891750E+04 -1.593E+01 -1.627E+01 -7.343E+00
  2.3892250E+04 -1.770E+01 -1.769E+01 -6.114E+00
  2.3892750E+04 -1.520E+01 -1.559E+01 -7.252E+00
  2.3893250E+04 -1.585E+01 -1.663E+01 -9.012E+00
  2.3893750E+04 -1.756E+01 -1.789E+01 -7.821E+00
  2.3894250E+04 -1.735E+01 -1.721E+01 -5.516E+00
  2.3894750E+04 -1.547E+01 -1.579E+01 -6.752E+00
  2.3895250E+04 -1.694E+01 -1.721E+01 -7.318E+00
  2.3895750E+04 -1.519E+01 -1.535E+01 -6.238E+00
  2.3896250E+04 -1.526E+01 -1.558E+01 -6.931E+00
  2.3896750E+04 -1.689E+01 -1.728E+01 -7.791E+00
  2.3897250E+04 -1.384E+01 -1.448E+01 -7.967E+00
  2.3897750E+04 -1.534E+01 -1.590E+01 -7.970E+00
  2.3898250E+04 -1.619E+01 -1.642E+01 -6.812E+00
  2.3898750E+04 -1.554E+01 -1.610E+01 -7.937E+00
  2.3899250E+04 -1.318E+01 -1.334E+01 -5.510E+00
  2.3899750E+04 -1.534E+01 -1.568E+01 -6.844E+00
  2.3900250E+04 -1.551E+01 -1.599E+01 -7.609E+00
  2.3900750E+04 -1.428E+01 -1.480E+01 -7.389E+00
  2.3901250E+04 -1.547E+01 -1.537E+01 -5.412E+00
  2.3901750E+04 -1.423E+01 -1.472E+01 -7.384E+00
  2.3902250E+04 -1.471E+01 -1.435E+01 -3.681E+00
  2.3902750E+04 -1.337E+01 -1.419E+01 -8.394E+00
  2.3903250E+04 -1.331E+01 -1.396E+01 -7.759E+00
  2.3903750E+04 -1.419E+01 -1.464E+01 -7.087E+00
  2.3904250E+04 -1.565E+01 -1.613E+01 -7.503E+00
  2.3904750E+04 -1.500E+01 -1.532E+01 -6.824E+00
  2.3905250E+04 -1.521E+01 -1.544E+01 -6.456E+00
  2.3905750E+04 -1.503E+01 -1.549E+01 -7.251E+00
  2.3906250E+04 -1.459E+01 -1.527E+01 -8.066E+00
  2.3906750E+04 -1.400E+01 -1.428E+01 -6.234E+00
  2.3907250E+04 -1.559E+01 -1.536E+01 -4.354E+00
  2.3907750E+04 -1.347E+01 -1.422E+01 -8.181E+00
  2.3908250E+04 -1.399E+01 -1.443E+01 -6.893E+00
  2.3908750E+04 -1.446E+01 -1.498E+01 -7.648E+00
  2.3909250E+04 -1.391E+01 -1.422E+01 -6.402E+00
  2.3909750E+04 -1.466E+01 -1.510E+01 -7.042E+00
  2.3910250E+04 -1.410E+01 -1.433E+01 -6.061E+00
  2.3910750E+04 -1.301E+01 -1.361E+01 -7.432E+00
  2.3911250E+04 -1.479E+01 -1.500E+01 -6.115E+00
  2.3911750E+04 -1.466E+01 -1.518E+01 -7.572E+00
  2.3912250E+04 -1.267E+01 -1.340E+01 -7.862E+00
  2.3912750E+04 -1.465E+01 -1.496E+01 -6.513E+00
  2.3913250E+04 -1.668E+01 -1.647E+01 -4.921E+00
  2.3913750E+04 -1.473E+01 -1.481E+01 -5.444E+00
  2.3914250E+04 -1.381E+01 -1.385E+01 -5.140E+00
  2.3914750E+04 -1.226E+01 -1.256E+01 -5.845E+00
  2.3915250E+04 -1.392E+01 -1.421E+01 -6.207E+00
  2.3915750E+04 -1.330E+01 -1.365E+01 -6.321E+00
  2.3916250E+04 -1.345E+01 -1.396E+01 -7.077E+00
  2.3916750E+04 -1.304E+01 -1.359E+01 -7.100E+00
  2.3917250E+04 -1.407E+01 -1.433E+01 -6.015E+00
  2.3917750E+04 -1.423E+01 -1.415E+01 -4.794E+00
  2.3918250E+04 -1.398E+01 -1.502E+01 -9.468E+00
  2.3918750E+04 -1.217E+01 -1.254E+01 -6.190E+00
  2.3919250E+04 -1.154E+01 -1.176E+01 -5.219E+00
  2.3919750E+04 -1.300E+01 -1.326E+01 -5.678E+00
  2.3920250E+04 -1.408E+01 -1.421E+01 -5.545E+00
  2.3920750E+04 -1.346E+01 -1.382E+01 -6.478E+00
  2.3921250E+04 -1.289E+01 -1.359E+01 -7.718E+00
  2.3921750E+04 -1.244E+01 -1.296E+01 -6.787E+00
  2.3922250E+04 -1.291E+01 -1.366E+01 -7.906E+00
  2.3922750E+04 -1.308E+01 -1.298E+01 -4.192E+00
  2.3923250E+04 -1.289E+01 -1.309E+01 -5.516E+00
  2.3923750E+04 -1.330E+01 -1.355E+01 -6.053E+00
  2.3924250E+04 -1.369E+01 -1.386E+01 -5.681E+00
  2.3924750E+04 -1.388E+01 -1.437E+01 -7.151E+00
  2.3925250E+04 -1.261E+01 -1.292E+01 -5.899E+00
  2.3925750E+04 -1.324E+01 -1.355E+01 -6.132E+00
  2.3926250E+04 -1.275E+01 -1.328E+01 -7.030E+00
  2.3926750E+04 -1.356E+01 -1.355E+01 -4.703E+00
  2.3927250E+04 -1.291E+01 -1.275E+01 -3.924E+00
  2.3927750E+04 -1.158E+01 -1.191E+01 -5.708E+00
  2.3928250E+04 -1.264E+01 -1.301E+01 -6.185E+00
  2.3928750E+04 -1.312E+01 -1.328E+01 -5.575E+00
  2.3929250E+04 -1.289E+01 -1.304E+01 -4.947E+00
  2.3929750E+04 -1.287E+01 -1.298E+01 -4.813E+00
  2.3930250E+04 -1.247E+01 -1.289E+01 -6.288E+00
  2.3930750E+04 -1.272E+01 -1.330E+01 -7.109E+00
  2.3931250E+04 -1.168E+01 -1.196E+01 -5.383E+00
  2.3931750E+04 -1.137E+01 -1.200E+01 -6.860E+00
  2.3932250E+04 -1.374E+01 -1.393E+01 -5.893E+00
  2.3932750E+04 -1.129E+01 -1.160E+01 -5.408E+00
  2.3933250E+04 -1.238E+01 -1.291E+01 -6.707E+00
  2.3933750E+04 -1.320E+01 -1.337E+01 -5.380E+00
  2.3934250E+04 -1.168E+01 -1.225E+01 -6.723E+00
  2.3934750E+04 -1.283E+01 -1.310E+01 -5.639E+00
  2.3935250E+04 -1.253E+01 -1.229E+01 -3.671E+00
  2.3935750E+04 -1.222E+01 -1.265E+01 -6.189E+00
  2.3936250E+04 -1.150E+01 -1.200E+01 -6.244E+00
  2.3936750E+04 -1.155E+01 -1.215E+01 -6.714E+00
  2.3937250E+04 -1.252E+01 -1.293E+01 -6.330E+00
  2.3937750E+04 -1.269E+01 -1.271E+01 -4.810E+00
  2.3938250E+04 -1.054E+01 -1.071E+01 -4.545E+00
  2.3938750E+04 -1.097E+01 -1.115E+01 -4.730E+00
  2.3939250E+04 -1.186E+01 -1.223E+01 -5.743E+00
  2.3939750E+04 -1.335E+01 -1.334E+01 -4.659E+00
  2.3940250E+04 -1.341E+01 -1.355E+01 -5.472E+00
  2.3940750E+04 -1.091E+01 -1.141E+01 -5.992E+00
  2.3941250E+04 -1.050E+01 -1.107E+01 -6.388E+00
  2.3941750E+04 -1.195E+01 -1.227E+01 -5.586E+00
  2.3942250E+04 -9.394E+00 -9.712E+00 -4.795E+00
  2.3942750E+04 -9.667E+00 -1.024E+01 -6.053E+00
  2.3943250E+04 -1.142E+01 -1.184E+01 -6.034E+00
  2.3943750E+04 -1.252E+01 -1.282E+01 -5.679E+00
  2.3944250E+04 -1.316E+01 -1.276E+01 -2.940E+00
  2.3944750E+04 -1.211E+01 -1.227E+01 -4.985E+00
  2.3945250E+04 -1.206E+01 -1.238E+01 -5.699E+00
  2.3945750E+04 -1.019E+01 -1.117E+01 -7.912E+00
  2.3946250E+04 -1.241E+01 -1.282E+01 -6.152E+00
  2.3946750E+04 -1.109E+01 -1.122E+01 -4.655E+00
  2.3947250E+04 -1.018E+01 -1.098E+01 -7.182E+00
  2.3947750E+04 -1.113E+01 -1.140E+01 -5.007E+00
  2.3948250E+04 -1.145E+01 -1.156E+01 -4.656E+00
  2.3948750E+04 -1.066E+01 -1.056E+01 -3.334E+00
  2.3949250E+04 -1.095E+01 -1.091E+01 -3.399E+00
  2.3949750E+04 -1.088E+01 -1.118E+01 -5.031E+00
  2.3950250E+04 -9.637E+00 -1.035E+01 -6.766E+00
  2.3950750E+04 -1.040E+01 -1.085E+01 -5.772E+00
  2.3951250E+04 -1.161E+01 -1.160E+01 -4.202E+00
  2.3951750E+04 -1.158E+01 -1.175E+01 -4.924E+00
  2.3952250E+04 -1.192E+01 -1.212E+01 -5.165E+00
  2.3952750E+04 -1.079E+01 -1.085E+01 -4.190E+00
  2.3953250E+04 -1.021E+01 -1.057E+01 -5.131E+00
  2.3953750E+04 -1.041E+01 -1.073E+01 -4.983E+00
  2.3954250E+04 -9.716E+00 -9.981E+00 -4.629E+00
  2.3954750E+04 -1.133E+01 -1.142E+01 -4.260E+00
  2.3955250E+04 -1.062E+01 -1.092E+01 -5.199E+00
  2.3955750E+04 -1.081E+01 -1.116E+01 -5.535E+00
  2.3956250E+04 -1.011E+01 -1.072E+01 -6.300E+00
  2.3956750E+04 -9.753E+00 -1.005E+01 -4.962E+00
  2.3957250E+04 -1.050E+01 -1.094E+01 -5.542E+00
  2.3957750E+04 -1.037E+01 -1.061E+01 -4.654E+00
  2.3958250E+04 -1.059E+01 -1.085E+01 -5.091E+00
  2.3958750E+04 -1.130E+01 -1.170E+01 -5.786E+00
  2.3959250E+04 -1.057E+01 -1.063E+01 -4.042E+00
  2.3959750E+04 -1.103E+01 -1.128E+01 -4.824E+00
  2.3960250E+04 -1.066E+01 -1.106E+01 -5.602E+00
  2.3960750E+04 -1.093E+01 -1.078E+01 -3.376E+00
  2.3961250E+04 -9.950E+00 -1.024E+01 -4.945E+00
  2.3961750E+04 -9.285E+00 -9.786E+00 -5.193E+00
  2.3962250E+04 -1.053E+01 -1.041E+01 -3.003E+00
  2.3962750E+04 -1.042E+01 -1.075E+01 -5.183E+00
  2.3963250E+04 -1.056E+01 -1.091E+01 -5.439E+00
  2.3963750E+04 -9.575E+00 -1.007E+01 -5.621E+00
  2.3964250E+04 -1.086E+01 -1.103E+01 -4.554E+00
  2.3964750E+04 -9.648E+00 -1.012E+01 -5.467E+00
  2.3965250E+04 -9.940E+00 -1.055E+01 -6.487E+00
  2.3965750E+04 -9.201E+00 -9.798E+00 -6.032E+00
  2.3966250E+04 -9.651E+00 -1.025E+01 -6.356E+00
  2.3966750E+04 -9.996E+00 -1.045E+01 -5.538E+00
  2.3967250E+04 -9.547E+00 -9.890E+00 -4.745E+00
  2.3967750E+04 -8.936E+00 -9.327E+00 -4.845E+00
  2.3968250E+04 -1.065E+01 -1.074E+01 -4.134E+00
  2.3968750E+04 -9.815E+00 -1.006E+01 -4.629E+00
  2.3969250E+04 -9.131E+00 -9.284E+00 -3.867E+00
  2.3969750E+04 -9.248E+00 -9.456E+00 -4.027E+00
  2.3970250E+04 -9.985E+00 -1.046E+01 -5.611E+00
  2.3970750E+04 -9.185E+00 -9.382E+00 -3.952E+00
  2.3971250E+04 -8.766E+00 -8.865E+00 -3.510E+00
  2.3971750E+04 -9.634E+00 -1.007E+01 -5.362E+00
  2.3972250E+04 -9.528E+00 -9.880E+00 -4.954E+00
  2.3972750E+04 -9.475E+00 -9.870E+00 -5.087E+00
  2.3973250E+04 -9.831E+00 -1.005E+01 -4.503E+00
  2.3973750E+04 -9.938E+00 -1.009E+01 -4.019E+00
  2.3974250E+04 -9.513E+00 -9.831E+00 -4.758E+00
  2.3974750E+04 -8.121E+00 -8.508E+00 -4.486E+00
  2.3975250E+04 -8.435E+00 -8.713E+00 -4.186E+00
  2.3975750E+04 -1.059E+01 -1.093E+01 -5.192E+00
  2.3976250E+04 -9.885E+00 -9.713E+00 -2.801E+00
  2.3976750E+04 -9.173E+00 -9.078E+00 -2.859E+00
  2.3977250E+04 -8.855E+00 -9.057E+00 -4.162E+00
  2.3977750E+04 -9.057E+00 -9.656E+00 -6.188E+00
  2.3978250E+04 -1.006E+01 -1.012E+01 -3.736E+00
  2.3978750E+04 -1.023E+01 -1.078E+01 -5.892E+00
  2.3979250E+04 -8.565E+00 -8.900E+00 -4.622E+00
  2.3979750E+04 -9.227E+00 -9.523E+00 -4.743E+00
  2.3980250E+04 -9.564E+00 -9.757E+00 -4.249E+00
  2.3980750E+04 -9.045E+00 -9.516E+00 -4.997E+00
  2.3981250E+04 -8.467E+00 -8.886E+00 -4.885E+00
  2.3981750E+04 -8.807E+00 -9.123E+00 -4.591E+00
  2.3982250E+04 -8.164E+00 -8.512E+00 -4.404E+00
  2.3982750E+04 -8.272E+00 -8.421E+00 -3.541E+00
  2.3983250E+04 -9.001E+00 -9.387E+00 -4.798E+00
  2.3983750E+04 -9.014E+00 -9.125E+00 -3.812E+00
  2.3984250E+04 -9.682E+00 -9.800E+00 -3.935E+00
  2.3984750E+04 -8.572E+00 -8.817E+00 -4.213E+00
  2.3985250E+04 -8.994E+00 -9.524E+00 -5.330E+00
  2.3985750E+04 -8.572E+00 -8.911E+00 -4.614E+00
  2.3986250E+04 -7.741E+00 -8.076E+00 -4.377E+00
  2.3986750E+04 -8.731E+00 -9.097E+00 -4.583E+00
  2.3987250E+04 -9.225E+00 -9.178E+00 -3.011E+00
  2.3987750E+04 -9.166E+00 -9.407E+00 -4.451E+00
  2.3988250E+04 -1.022E+01 -1.014E+01 -3.153E+00
  2.3988750E+04 -8.815E+00 -8.971E+00 -4.082E+00
  2.3989250E+04 -9.256E+00 -9.721E+00 -5.397E+00
  2.3989750E+04 -7.774E+00 -7.761E+00 -2.756E+00
  2.3990250E+04 -7.948E+00 -8.106E+00 -3.561E+00
  2.3990750E+04 -8.136E+00 -8.363E+00 -3.889E+00
  2.3991250E+04 -8.186E+00 -8.624E+00 -4.761E+00
  2.3991750E+04 -8.903E+00 -9.174E+00 -4.220E+00
  2.3992250E+04 -8.282E+00 -8.891E+00 -5.713E+00
  2.3992750E+04 -7.074E+00 -7.733E+00 -5.448E+00
  2.3993250E+04 -9.019E+00 -8.970E+00 -2.746E+00
  2.3993750E+04 -8.757E+00 -8.829E+00 -3.501E+00
  2.3994250E+04 -7.854E+00 -7.854E+00 -2.827E+00
  2.3994750E+04 -7.935E+00 -8.138E+00 -3.637E+00
  2.3995250E+04 -8.079E+00 -8.206E+00 -3.433E+00
  2.3995750E+04 -8.461E+00 -8.665E+00 -3.826E+00
  2.3996250E+04 -8.404E+00 -8.590E+00 -3.895E+00
  2.3996750E+04 -7.942E+00 -8.180E+00 -3.913E+00
  2.3997250E+04 -8.610E+00 -9.048E+00 -4.894E+00
  2.3997750E+04 -8.669E+00 -8.775E+00 -3.585E+00
  2.3998250E+04 -8.121E+00 -8.058E+00 -2.624E+00
  2.3998750E+04 -7.194E+00 -7.459E+00 -3.766E+00
  2.3999250E+04 -7.642E+00 -8.123E+00 -4.833E+00
  2.3999750E+04 -8.091E+00 -8.411E+00 -4.202E+00
  2.4000250E+04 -8.510E+00 -8.503E+00 -3.126E+00
  2.4000750E+04 -7.946E+00 -8.239E+00 -4.182E+00
  2.4001250E+04 -7.678E+00 -7.894E+00 -3.761E+00
  2.4001750E+04 -8.308E+00 -8.487E+00 -3.745E+00
  2.4002250E+04 -8.245E+00 -8.472E+00 -3.869E+00
  2.4002750E+04 -7.924E+00 -8.349E+00 -4.757E+00
  2.4003250E+04 -7.709E+00 -8.008E+00 -4.095E+00
  2.4003750E+04 -7.531E+00 -7.592E+00 -2.874E+00
  2.4004250E+04 -7.750E+00 -8.333E+00 -5.147E+00
  2.4004750E+04 -8.851E+00 -9.067E+00 -4.214E+00
  2.4005250E+04 -8.230E+00 -8.567E+00 -4.343E+00
  2.4005750E+04 -7.674E+00 -8.015E+00 -4.129E+00
  2.4006250E+04 -7.543E+00 -7.776E+00 -3.812E+00
  2.4006750E+04 -8.348E+00 -8.734E+00 -4.646E+00
  2.4007250E+04 -6.907E+00 -7.412E+00 -4.574E+00
  2.4007750E+04 -7.261E+00 -7.721E+00 -4.503E+00
  2.4008250E+04 -8.573E+00 -8.722E+00 -3.774E+00
  2.4008750E+04 -6.924E+00 -7.118E+00 -3.348E+00
  2.4009250E+04 -7.453E+00 -7.827E+00 -4.338E+00
  2.4009750E+04 -7.611E+00 -7.918E+00 -3.991E+00
  2.4010250E+04 -8.248E+00 -8.701E+00 -5.014E+00
  2.4010750E+04 -7.821E+00 -8.034E+00 -3.711E+00
  2.4011250E+04 -7.955E+00 -8.199E+00 -3.966E+00
  2.4011750E+04 -7.443E+00 -7.823E+00 -4.458E+00
  2.4012250E+04 -7.238E+00 -7.195E+00 -2.462E+00
  2.4012750E+04 -7.370E+00 -7.619E+00 -3.791E+00
  2.4013250E+04 -8.466E+00 -8.638E+00 -3.646E+00
  2.4013750E+04 -7.578E+00 -7.881E+00 -3.908E+00
  2.4014250E+04 -7.588E+00 -7.672E+00 -3.086E+00
  2.4014750E+04 -7.480E+00 -7.765E+00 -3.889E+00
  2.4015250E+04 -6.184E+00 -6.386E+00 -3.170E+00
  2.4015750E+04 -6.653E+00 -7.241E+00 -5.017E+00
  2.4016250E+04 -7.216E+00 -7.383E+00 -3.394E+00
  2.4016750E+04 -8.014E+00 -7.979E+00 -2.601E+00
  2.4017250E+04 -6.896E+00 -7.049E+00 -3.230E+00
  2.4017750E+04 -6.454E+00 -6.648E+00 -3.074E+00
  2.4018250E+04 -8.495E+00 -8.494E+00 -2.896E+00
  2.4018750E+04 -7.482E+00 -7.662E+00 -3.407E+00
  2.4019250E+04 -7.088E+00 -7.202E+00 -3.110E+00
  2.4019750E+04 -6.784E+00 -6.611E+00 -1.751E+00
  2.4020250E+04 -6.195E+00 -6.922E+00 -5.342E+00
  2.4020750E+04 -5.922E+00 -6.319E+00 -3.791E+00
  2.4021250E+04 -8.398E+00 -8.676E+00 -4.183E+00
  2.4021750E+04 -8.147E+00 -8.201E+00 -3.168E+00
  2.4022250E+04 -7.472E+00 -8.005E+00 -5.109E+00
  2.4022750E+04 -7.720E+00 -7.789E+00 -2.991E+00
  2.4023250E+04 -5.609E+00 -6.004E+00 -3.911E+00
  2.4023750E+04 -6.479E+00 -6.661E+00 -3.161E+00
  2.4024250E+04 -6.055E+00 -6.439E+00 -4.074E+00
  2.4024750E+04 -6.820E+00 -7.144E+00 -3.789E+00
  2.4025250E+04 -8.410E+00 -8.551E+00 -3.586E+00
  2.4025750E+04 -7.115E+00 -7.239E+00 -3.201E+00
  2.4026250E+04 -6.895E+00 -7.126E+00 -3.258E+00
  2.4026750E+04 -7.673E+00 -7.537E+00 -2.005E+00
  2.4027250E+04 -6.774E+00 -6.815E+00 -2.537E+00
  2.4027750E+04 -6.332E+00 -6.775E+00 -4.040E+00
  2.4028250E+04 -7.467E+00 -7.603E+00 -3.251E+00
  2.4028750E+04 -6.793E+00 -7.087E+00 -3.682E+00
  2.4029250E+04 -5.423E+00 -5.654E+00 -3.033E+00
  2.4029750E+04 -6.771E+00 -6.826E+00 -2.848E+00
  2.4030250E+04 -7.558E+00 -7.436E+00 -2.059E+00
  2.4030750E+04 -6.518E+00 -6.922E+00 -4.043E+00
  2.4031250E+04 -6.836E+00 -7.334E+00 -4.471E+00
  2.4031750E+04 -6.740E+00 -7.210E+00 -4.507E+00
  2.4032250E+04 -6.635E+00 -7.148E+00 -4.600E+00
  2.4032750E+04 -7.275E+00 -7.597E+00 -3.874E+00
  2.4033250E+04 -7.398E+00 -7.639E+00 -3.772E+00
  2.4033750E+04 -6.774E+00 -6.726E+00 -2.229E+00
  2.4034250E+04 -6.753E+00 -6.818E+00 -2.801E+00
  2.4034750E+04 -7.415E+00 -7.358E+00 -2.358E+00
  2.4035250E+04 -6.636E+00 -6.689E+00 -2.584E+00
  2.4035750E+04 -6.616E+00 -6.757E+00 -2.871E+00
  2.4036250E+04 -6.584E+00 -6.792E+00 -3.224E+00
  2.4036750E+04 -6.899E+00 -7.071E+00 -3.113E+00
  2.4037250E+04 -6.957E+00 -7.233E+00 -3.738E+00
  2.4037750E+04 -5.969E+00 -6.294E+00 -3.581E+00
  2.4038250E+04 -5.819E+00 -6.241E+00 -3.952E+00
  2.4038750E+04 -6.477E+00 -6.742E+00 -3.485E+00
  2.4039250E+04 -6.700E+00 -7.197E+00 -4.813E+00
  2.4039750E+04 -7.051E+00 -6.963E+00 -2.029E+00
  2.4040250E+04 -6.153E+00 -6.241E+00 -2.554E+00
  2.4040750E+04 -6.487E+00 -6.759E+00 -3.705E+00
  2.4041250E+04 -5.706E+00 -5.881E+00 -2.946E+00
  2.4041750E+04 -6.849E+00 -7.048E+00 -3.107E+00
  2.4042250E+04 -6.840E+00 -6.860E+00 -2.437E+00
  2.4042750E+04 -6.372E+00 -6.404E+00 -2.430E+00
  2.4043250E+04 -5.838E+00 -6.172E+00 -3.572E+00
  2.4043750E+04 -6.297E+00 -6.555E+00 -3.429E+00
  2.4044250E+04 -7.038E+00 -7.320E+00 -3.752E+00
  2.4044750E+04 -6.760E+00 -6.750E+00 -2.235E+00
  2.4045250E+04 -6.346E+00 -6.529E+00 -3.078E+00
  2.4045750E+04 -5.780E+00 -5.974E+00 -3.076E+00
  2.4046250E+04 -6.758E+00 -6.834E+00 -2.806E+00
  2.4046750E+04 -5.706E+00 -6.026E+00 -3.669E+00
  2.4047250E+04 -6.444E+00 -6.583E+00 -2.817E+00
  2.4047750E+04 -5.819E+00 -6.084E+00 -3.277E+00
  2.4048250E+04 -5.834E+00 -6.131E+00 -3.567E+00
  2.4048750E+04 -6.537E+00 -6.773E+00 -3.382E+00
  2.4049250E+04 -6.928E+00 -7.127E+00 -3.355E+00
  2.4049750E+04 -6.640E+00 -6.803E+00 -3.273E+00
  2.4050250E+04 -5.214E+00 -5.305E+00 -2.218E+00
  2.4050750E+04 -6.017E+00 -6.137E+00 -2.574E+00
  2.4051250E+04 -5.912E+00 -6.031E+00 -2.549E+00
  2.4051750E+04 -6.499E+00 -6.749E+00 -3.406E+00
  2.4052250E+04 -5.438E+00 -5.572E+00 -2.528E+00
  2.4052750E+04 -6.353E+00 -6.577E+00 -3.221E+00
  2.4053250E+04 -6.414E+00 -6.501E+00 -2.436E+00
  2.4053750E+04 -6.416E+00 -6.563E+00 -2.791E+00
  2.4054250E+04 -5.139E+00 -5.538E+00 -3.862E+00
  2.4054750E+04 -4.954E+00 -5.258E+00 -3.317E+00
  2.4055250E+04 -6.322E+00 -6.274E+00 -2.142E+00
  2.4055750E+04 -5.228E+00 -5.417E+00 -2.629E+00
  2.4056250E+04 -5.662E+00 -5.776E+00 -2.408E+00
  2.4056750E+04 -6.446E+00 -6.643E+00 -3.138E+00
  2.4057250E+04 -5.978E+00 -6.141E+00 -3.064E+00
  2.4057750E+04 -6.139E+00 -6.309E+00 -3.010E+00
  2.4058250E+04 -6.778E+00 -6.928E+00 -2.906E+00
  2.4058750E+04 -6.353E+00 -6.458E+00 -2.617E+00
  2.4059250E+04 -6.072E+00 -6.070E+00 -2.179E+00
  2.4059750E+04 -5.565E+00 -5.690E+00 -2.578E+00
  2.4060250E+04 -5.545E+00 -5.881E+00 -3.570E+00
  2.4060750E+04 -5.686E+00 -6.115E+00 -3.969E+00
  2.4061250E+04 -5.772E+00 -5.940E+00 -2.793E+00
  2.4061750E+04 -5.473E+00 -5.526E+00 -2.245E+00
  2.4062250E+04 -5.580E+00 -5.850E+00 -3.017E+00
  2.4062750E+04 -5.813E+00 -6.050E+00 -3.017E+00
  2.4063250E+04 -6.067E+00 -6.082E+00 -2.345E+00
  2.4063750E+04 -5.976E+00 -5.896E+00 -1.784E+00
  2.4064250E+04 -5.577E+00 -5.811E+00 -2.985E+00
  2.4064750E+04 -6.076E+00 -6.465E+00 -3.890E+00
  2.4065250E+04 -5.354E+00 -5.759E+00 -3.820E+00
  2.4065750E+04 -5.096E+00 -5.282E+00 -2.664E+00
  2.4066250E+04 -5.223E+00 -5.397E+00 -2.477E+00
  2.4066750E+04 -5.480E+00 -5.410E+00 -1.675E+00
  2.4067250E+04 -5.440E+00 -5.465E+00 -2.098E+00
  2.4067750E+04 -6.399E+00 -6.601E+00 -3.171E+00
  2.4068250E+04 -5.125E+00 -5.490E+00 -3.504E+00
  2.4068750E+04 -5.486E+00 -5.772E+00 -3.182E+00
  2.4069250E+04 -6.182E+00 -6.266E+00 -2.649E+00
  2.4069750E+04 -6.093E+00 -6.177E+00 -2.683E+00
  2.4070250E+04 -5.227E+00 -5.418E+00 -2.683E+00
  2.4070750E+04 -5.247E+00 -5.332E+00 -2.098E+00
  2.4071250E+04 -5.176E+00 -5.473E+00 -3.183E+00
  2.4071750E+04 -5.801E+00 -5.891E+00 -2.380E+00
  2.4072250E+04 -4.699E+00 -4.890E+00 -2.608E+00
  2.4072750E+04 -6.084E+00 -6.302E+00 -3.121E+00
  2.4073250E+04 -5.758E+00 -5.969E+00 -2.879E+00
  2.4073750E+04 -6.186E+00 -6.370E+00 -3.170E+00
  2.4074250E+04 -5.055E+00 -5.323E+00 -3.045E+00
  2.4074750E+04 -5.661E+00 -5.896E+00 -3.034E+00
  2.4075250E+04 -5.253E+00 -5.331E+00 -2.315E+00
  2.4075750E+04 -4.936E+00 -5.164E+00 -2.884E+00
  2.4076250E+04 -6.290E+00 -6.236E+00 -1.895E+00
  2.4076750E+04 -5.336E+00 -5.371E+00 -1.958E+00
  2.4077250E+04 -4.929E+00 -5.235E+00 -2.996E+00
  2.4077750E+04 -5.838E+00 -6.072E+00 -3.068E+00
  2.4078250E+04 -5.937E+00 -6.007E+00 -2.526E+00
  2.4078750E+04 -4.431E+00 -4.936E+00 -3.757E+00
  2.4079250E+04 -5.280E+00 -5.496E+00 -2.712E+00
  2.4079750E+04 -4.661E+00 -4.731E+00 -2.028E+00
  2.4080250E+04 -5.158E+00 -5.224E+00 -1.705E+00
  2.4080750E+04 -4.931E+00 -5.218E+00 -3.203E+00
  2.4081250E+04 -4.746E+00 -4.858E+00 -2.258E+00
  2.4081750E+04 -4.895E+00 -4.675E+00 -8.687E-01
  2.4082250E+04 -5.169E+00 -5.437E+00 -3.054E+00
  2.4082750E+04 -5.978E+00 -6.027E+00 -2.310E+00
  2.4083250E+04 -4.656E+00 -4.792E+00 -2.223E+00
  2.4083750E+04 -5.039E+00 -5.319E+00 -2.951E+00
  2.4084250E+04 -5.429E+00 -5.604E+00 -2.853E+00
  2.4084750E+04 -5.327E+00 -5.442E+00 -2.280E+00
  2.4085250E+04 -4.532E+00 -4.736E+00 -2.724E+00
  2.4085750E+04 -4.634E+00 -4.795E+00 -2.445E+00
  2.4086250E+04 -5.368E+00 -5.625E+00 -3.030E+00
  2.4086750E+04 -5.128E+00 -5.575E+00 -3.877E+00
  2.4087250E+04 -5.022E+00 -4.968E+00 -1.578E+00
  2.4087750E+04 -4.961E+00 -4.983E+00 -2.025E+00
  2.4088250E+04 -4.539E+00 -4.754E+00 -2.641E+00
  2.4088750E+04 -4.740E+00 -4.771E+00 -1.725E+00
  2.4089250E+04 -4.831E+00 -5.113E+00 -2.980E+00
  2.4089750E+04 -5.192E+00 -5.194E+00 -1.764E+00
  2.4090250E+04 -5.445E+00 -5.294E+00 -1.228E+00
  2.4090750E+04 -5.225E+00 -5.216E+00 -1.853E+00
  2.4091250E+04 -5.218E+00 -5.483E+00 -3.033E+00
  2.4091750E+04 -3.943E+00 -4.244E+00 -2.790E+00
  2.4092250E+04 -4.852E+00 -5.090E+00 -2.756E+00
  2.4092750E+04 -4.815E+00 -4.815E+00 -1.817E+00
  2.4093250E+04 -5.173E+00 -5.259E+00 -2.259E+00
  2.4093750E+04 -4.809E+00 -5.095E+00 -2.949E+00
  2.4094250E+04 -4.193E+00 -4.596E+00 -3.247E+00
  2.4094750E+04 -4.906E+00 -5.135E+00 -2.789E+00
  2.4095250E+04 -4.868E+00 -4.998E+00 -2.296E+00
  2.4095750E+04 -5.177E+00 -5.191E+00 -1.644E+00
  2.4096250E+04 -4.676E+00 -4.811E+00 -2.284E+00
  2.4096750E+04 -4.651E+00 -4.696E+00 -1.919E+00
  2.4097250E+04 -4.801E+00 -4.635E+00 -1.049E+00
  2.4097750E+04 -4.847E+00 -4.839E+00 -1.726E+00
  2.4098250E+04 -4.638E+00 -4.769E+00 -2.210E+00
  2.4098750E+04 -4.392E+00 -4.528E+00 -2.179E+00
  2.4099250E+04 -4.963E+00 -5.237E+00 -3.039E+00
  2.4099750E+04 -5.286E+00 -5.624E+00 -3.315E+00
  2.4100250E+04 -4.463E+00 -4.692E+00 -2.581E+00
  2.4100750E+04 -4.428E+00 -4.636E+00 -2.620E+00
  2.4101250E+04 -4.043E+00 -4.284E+00 -2.465E+00
  2.4101750E+04 -3.842E+00 -3.810E+00 -1.132E+00
  2.4102250E+04 -5.025E+00 -4.995E+00 -1.738E+00
  2.4102750E+04 -4.945E+00 -5.272E+00 -3.237E+00
  2.4103250E+04 -4.222E+00 -4.440E+00 -2.642E+00
  2.4103750E+04 -4.825E+00 -4.974E+00 -2.423E+00
  2.4104250E+04 -4.200E+00 -4.452E+00 -2.533E+00
  2.4104750E+04 -4.995E+00 -5.265E+00 -2.937E+00
  2.4105250E+04 -3.953E+00 -4.110E+00 -2.109E+00
  2.4105750E+04 -4.493E+00 -4.728E+00 -2.740E+00
  2.4106250E+04 -5.798E+00 -5.913E+00 -2.410E+00
  2.4106750E+04 -4.597E+00 -4.820E+00 -2.474E+00
  2.4107250E+04 -3.610E+00 -3.975E+00 -2.854E+00
  2.4107750E+04 -3.600E+00 -3.974E+00 -2.936E+00
  2.4108250E+04 -4.532E+00 -4.395E+00 -1.067E+00
  2.4108750E+04 -4.448E+00 -4.565E+00 -2.147E+00
  2.4109250E+04 -4.428E+00 -4.633E+00 -2.511E+00
  2.4109750E+04 -4.618E+00 -4.935E+00 -3.102E+00
  2.4110250E+04 -4.448E+00 -4.632E+00 -2.410E+00
  2.4110750E+04 -4.668E+00 -4.886E+00 -2.703E+00
  2.4111250E+04 -4.666E+00 -4.756E+00 -1.918E+00
  2.4111750E+04 -3.927E+00 -4.045E+00 -2.044E+00
  2.4112250E+04 -4.467E+00 -4.354E+00 -1.269E+00
  2.4112750E+04 -4.639E+00 -4.643E+00 -1.645E+00
  2.4113250E+04 -4.451E+00 -4.467E+00 -1.562E+00
  2.4113750E+04 -4.133E+00 -4.434E+00 -2.935E+00
  2.4114250E+04 -3.874E+00 -4.320E+00 -3.559E+00
  2.4114750E+04 -4.456E+00 -4.785E+00 -2.932E+00
  2.4115250E+04 -4.040E+00 -4.077E+00 -1.722E+00
  2.4115750E+04 -4.844E+00 -4.871E+00 -1.843E+00
  2.4116250E+04 -4.102E+00 -4.204E+00 -1.867E+00
  2.4116750E+04 -4.557E+00 -4.945E+00 -3.219E+00
  2.4117250E+04 -4.210E+00 -4.307E+00 -1.941E+00
  2.4117750E+04 -4.350E+00 -4.277E+00 -1.234E+00
  2.4118250E+04 -4.159E+00 -4.262E+00 -2.001E+00
  2.4118750E+04 -4.684E+00 -4.864E+00 -2.443E+00
  2.4119250E+04 -4.934E+00 -5.054E+00 -2.334E+00
  2.4119750E+04 -4.418E+00 -4.646E+00 -2.648E+00
  2.4120250E+04 -4.596E+00 -4.610E+00 -1.636E+00
  2.4120750E+04 -3.639E+00 -4.035E+00 -3.061E+00
  2.4121250E+04 -3.683E+00 -3.993E+00 -2.631E+00
  2.4121750E+04 -4.291E+00 -4.598E+00 -2.955E+00
  2.4122250E+04 -3.465E+00 -3.730E+00 -2.217E+00
  2.4122750E+04 -4.422E+00 -4.546E+00 -1.993E+00
  2.4123250E+04 -4.551E+00 -4.361E+00 -8.179E-01
  2.4123750E+04 -4.563E+00 -4.584E+00 -1.744E+00
  2.4124250E+04 -4.201E+00 -4.367E+00 -2.135E+00
  2.4124750E+04 -3.679E+00 -3.814E+00 -1.983E+00
  2.4125250E+04 -3.969E+00 -4.194E+00 -2.503E+00
  2.4125750E+04 -4.751E+00 -4.880E+00 -2.224E+00
  2.4126250E+04 -4.589E+00 -4.560E+00 -1.630E+00
  2.4126750E+04 -4.519E+00 -4.687E+00 -2.512E+00
  2.4127250E+04 -4.435E+00 -4.644E+00 -2.382E+00
  2.4127750E+04 -3.923E+00 -4.238E+00 -2.897E+00
  2.4128250E+04 -4.156E+00 -4.307E+00 -1.970E+00
  2.4128750E+04 -3.619E+00 -3.784E+00 -2.075E+00
  2.4129250E+04 -3.085E+00 -3.339E+00 -2.221E+00
  2.4129750E+04 -4.753E+00 -4.818E+00 -1.798E+00
  2.4130250E+04 -3.499E+00 -3.576E+00 -1.632E+00
  2.4130750E+04 -4.227E+00 -4.322E+00 -1.771E+00
  2.4131250E+04 -4.144E+00 -4.097E+00 -1.447E+00
  2.4131750E+04 -3.511E+00 -3.835E+00 -2.762E+00
  2.4132250E+04 -4.324E+00 -4.566E+00 -2.587E+00
  2.4132750E+04 -4.645E+00 -4.679E+00 -1.564E+00
  2.4133250E+04 -3.587E+00 -3.697E+00 -1.464E+00
  2.4133750E+04 -4.204E+00 -4.519E+00 -2.938E+00
  2.4134250E+04 -3.988E+00 -4.150E+00 -1.984E+00
  2.4134750E+04 -4.990E+00 -4.823E+00 -1.037E+00
  2.4135250E+04 -4.061E+00 -4.048E+00 -1.403E+00
  2.4135750E+04 -3.850E+00 -4.145E+00 -2.551E+00
  2.4136250E+04 -3.606E+00 -3.795E+00 -2.155E+00
  2.4136750E+04 -3.484E+00 -3.867E+00 -2.927E+00
  2.4137250E+04 -4.113E+00 -4.244E+00 -2.091E+00
  2.4137750E+04 -4.165E+00 -4.280E+00 -1.895E+00
  2.4138250E+04 -4.351E+00 -4.497E+00 -2.289E+00
  2.4138750E+04 -3.654E+00 -3.841E+00 -2.290E+00
  2.4139250E+04 -3.965E+00 -3.844E+00 -9.160E-01
  2.4139750E+04 -4.447E+00 -4.413E+00 -1.459E+00
  2.4140250E+04 -3.317E+00 -3.714E+00 -2.894E+00
  2.4140750E+04 -3.253E+00 -3.527E+00 -2.423E+00
  2.4141250E+04 -3.833E+00 -4.011E+00 -2.032E+00
  2.4141750E+04 -3.329E+00 -3.481E+00 -1.869E+00
  2.4142250E+04 -3.250E+00 -3.344E+00 -1.713E+00
  2.4142750E+04 -4.012E+00 -4.212E+00 -2.250E+00
  2.4143250E+04 -3.452E+00 -3.505E+00 -1.477E+00
  2.4143750E+04 -4.212E+00 -4.458E+00 -2.674E+00
  2.4144250E+04 -3.982E+00 -4.224E+00 -2.734E+00
  2.4144750E+04 -3.437E+00 -3.436E+00 -1.194E+00
  2.4145250E+04 -4.098E+00 -4.117E+00 -1.507E+00
  2.4145750E+04 -3.854E+00 -3.995E+00 -2.004E+00
  2.4146250E+04 -3.705E+00 -3.716E+00 -1.380E+00
  2.4146750E+04 -3.623E+00 -3.708E+00 -1.663E+00
  2.4147250E+04 -3.453E+00 -3.546E+00 -1.616E+00
  2.4147750E+04 -3.485E+00 -3.638E+00 -1.865E+00
  2.4148250E+04 -3.849E+00 -4.005E+00 -2.143E+00
  2.4148750E+04 -3.580E+00 -3.773E+00 -2.155E+00
  2.4149250E+04 -3.079E+00 -3.313E+00 -2.523E+00
  2.4149750E+04 -4.080E+00 -4.423E+00 -2.928E+00
  2.4150250E+04 -4.255E+00 -4.346E+00 -1.861E+00
  2.4150750E+04 -3.834E+00 -3.900E+00 -1.671E+00
  2.4151250E+04 -3.375E+00 -3.535E+00 -1.950E+00
  2.4151750E+04 -3.974E+00 -3.911E+00 -1.142E+00
  2.4152250E+04 -3.495E+00 -3.591E+00 -1.523E+00
  2.4152750E+04 -2.975E+00 -2.957E+00 -1.033E+00
  2.4153250E+04 -3.414E+00 -3.710E+00 -2.534E+00
  2.4153750E+04 -3.746E+00 -3.879E+00 -1.834E+00
  2.4154250E+04 -3.354E+00 -3.457E+00 -1.850E+00
  2.4154750E+04 -3.911E+00 -4.018E+00 -1.808E+00
  2.4155250E+04 -4.286E+00 -4.327E+00 -1.607E+00
  2.4155750E+04 -3.668E+00 -3.913E+00 -2.473E+00
  2.4156250E+04 -3.193E+00 -3.509E+00 -2.339E+00
  2.4156750E+04 -3.463E+00 -3.515E+00 -1.523E+00
  2.4157250E+04 -3.455E+00 -3.421E+00 -1.048E+00
  2.4157750E+04 -3.667E+00 -3.651E+00 -1.237E+00
  2.4158250E+04 -3.713E+00 -3.685E+00 -1.215E+00
  2.4158750E+04 -4.178E+00 -4.217E+00 -1.551E+00
  2.4159250E+04 -4.021E+00 -4.111E+00 -1.515E+00
  2.4159750E+04 -2.613E+00 -2.812E+00 -1.755E+00
  2.4160250E+04 -3.004E+00 -3.139E+00 -1.805E+00
  2.4160750E+04 -3.345E+00 -3.575E+00 -2.169E+00
  2.4161250E+04 -3.272E+00 -3.563E+00 -2.731E+00
  2.4161750E+04 -3.191E+00 -3.247E+00 -1.497E+00
  2.4162250E+04 -3.828E+00 -3.768E+00 -1.253E+00
  2.4162750E+04 -3.308E+00 -3.389E+00 -1.533E+00
  2.4163250E+04 -2.863E+00 -2.974E+00 -1.592E+00
  2.4163750E+04 -3.406E+00 -3.291E+00 -6.534E-01
  2.4164250E+04 -3.667E+00 -3.862E+00 -1.690E+00
  2.4164750E+04 -3.115E+00 -3.187E+00 -1.528E+00
  2.4165250E+04 -3.389E+00 -3.662E+00 -2.357E+00
  2.4165750E+04 -3.470E+00 -3.559E+00 -1.698E+00
  2.4166250E+04 -3.187E+00 -3.446E+00 -2.237E+00
  2.4166750E+04 -4.105E+00 -4.156E+00 -1.801E+00
  2.4167250E+04 -4.165E+00 -4.164E+00 -1.394E+00
  2.4167750E+04 -3.858E+00 -3.907E+00 -1.351E+00
  2.4168250E+04 -3.041E+00 -3.315E+00 -2.449E+00
  2.4168750E+04 -2.809E+00 -3.059E+00 -2.201E+00
  2.4169250E+04 -3.281E+00 -3.389E+00 -1.712E+00
  2.4169750E+04 -2.905E+00 -2.877E+00 -9.399E-01
  2.4170250E+04 -3.242E+00 -3.257E+00 -1.112E+00
  2.4170750E+04 -3.358E+00 -3.540E+00 -1.916E+00
  2.4171250E+04 -3.444E+00 -3.593E+00 -1.870E+00
  2.4171750E+04 -2.898E+00 -2.926E+00 -1.175E+00
  2.4172250E+04 -2.896E+00 -3.205E+00 -2.144E+00
  2.4172750E+04 -2.681E+00 -3.029E+00 -2.847E+00
  2.4173250E+04 -2.647E+00 -2.903E+00 -2.173E+00
  2.4173750E+04 -3.909E+00 -3.967E+00 -1.607E+00
  2.4174250E+04 -3.674E+00 -3.634E+00 -1.189E+00
  2.4174750E+04 -3.449E+00 -3.335E+00 -8.499E-01
  2.4175250E+04 -2.893E+00 -2.855E+00 -8.915E-01
  2.4175750E+04 -2.862E+00 -2.884E+00 -1.129E+00
  2.4176250E+04 -2.794E+00 -3.066E+00 -2.253E+00
  2.4176750E+04 -4.317E+00 -4.234E+00 -9.151E-01
  2.4177250E+04 -3.610E+00 -3.721E+00 -1.587E+00
  2.4177750E+04 -3.553E+00 -3.749E+00 -2.022E+00
  2.4178250E+04 -3.280E+00 -3.148E+00 -6.908E-01
  2.4178750E+04 -3.409E+00 -3.320E+00 -7.171E-01
  2.4179250E+04 -3.525E+00 -3.588E+00 -1.530E+00
  2.4179750E+04 -2.841E+00 -3.002E+00 -1.744E+00
  2.4180250E+04 -2.797E+00 -2.768E+00 -9.137E-01
  2.4180750E+04 -2.443E+00 -2.602E+00 -1.618E+00
  2.4181250E+04 -3.637E+00 -3.778E+00 -1.768E+00
  2.4181750E+04 -3.099E+00 -3.251E+00 -1.641E+00
  2.4182250E+04 -3.122E+00 -3.284E+00 -1.619E+00
  2.4182750E+04 -3.457E+00 -3.520E+00 -1.568E+00
  2.4183250E+04 -3.154E+00 -3.139E+00 -1.162E+00
  2.4183750E+04 -3.174E+00 -3.403E+00 -2.446E+00
  2.4184250E+04 -2.751E+00 -2.955E+00 -2.022E+00
  2.4184750E+04 -3.504E+00 -3.622E+00 -1.601E+00
  2.4185250E+04 -2.518E+00 -2.556E+00 -1.072E+00
  2.4185750E+04 -3.325E+00 -3.404E+00 -1.677E+00
  2.4186250E+04 -3.846E+00 -3.802E+00 -1.358E+00
  2.4186750E+04 -2.973E+00 -2.816E+00 -2.708E-01
  2.4187250E+04 -2.393E+00 -2.625E+00 -1.817E+00
  2.4187750E+04 -3.022E+00 -3.332E+00 -2.378E+00
  2.4188250E+04 -3.461E+00 -3.625E+00 -1.912E+00
  2.4188750E+04 -3.104E+00 -3.369E+00 -2.290E+00
  2.4189250E+04 -3.589E+00 -3.491E+00 -1.034E+00
  2.4189750E+04 -3.104E+00 -3.177E+00 -1.376E+00
  2.4190250E+04 -2.419E+00 -2.602E+00 -1.743E+00
  2.4190750E+04 -2.717E+00 -2.904E+00 -1.715E+00
  2.4191250E+04 -3.185E+00 -3.108E+00 -8.363E-01
  2.4191750E+04 -2.717E+00 -2.937E+00 -2.077E+00
  2.4192250E+04 -3.165E+00 -3.292E+00 -1.596E+00
  2.4192750E+04 -3.318E+00 -3.474E+00 -1.878E+00
  2.4193250E+04 -3.204E+00 -3.298E+00 -1.739E+00
  2.4193750E+04 -3.195E+00 -2.917E+00  3.733E-01
  2.4194250E+04 -2.799E+00 -2.972E+00 -1.752E+00
  2.4194750E+04 -2.781E+00 -2.795E+00 -1.084E+00
  2.4195250E+04 -2.817E+00 -2.918E+00 -1.641E+00
  2.4195750E+04 -2.951E+00 -3.200E+00 -2.205E+00
  2.4196250E+04 -2.596E+00 -2.700E+00 -1.575E+00
  2.4196750E+04 -2.971E+00 -3.108E+00 -1.801E+00
  2.4197250E+04 -3.066E+00 -3.142E+00 -1.478E+00
  2.4197750E+04 -3.663E+00 -3.689E+00 -1.322E+00
  2.4198250E+04 -2.812E+00 -2.977E+00 -1.526E+00
  2.4198750E+04 -2.681E+00 -2.891E+00 -1.945E+00
  2.4199250E+04 -2.694E+00 -2.900E+00 -1.870E+00
  2.4199750E+04 -2.981E+00 -3.073E+00 -1.408E+00
  2.4200250E+04 -2.741E+00 -2.906E+00 -1.764E+00
  2.4200750E+04 -2.462E+00 -2.542E+00 -1.230E+00
  2.4201250E+04 -3.056E+00 -3.153E+00 -1.512E+00
  2.4201750E+04 -2.758E+00 -2.819E+00 -1.168E+00
  2.4202250E+04 -2.868E+00 -2.930E+00 -1.371E+00
  2.4202750E+04 -3.141E+00 -3.278E+00 -1.658E+00
  2.4203250E+04 -2.957E+00 -3.012E+00 -1.260E+00
  2.4203750E+04 -2.441E+00 -2.746E+00 -2.232E+00
  2.4204250E+04 -2.812E+00 -2.998E+00 -1.504E+00
  2.4204750E+04 -3.008E+00 -3.073E+00 -1.233E+00
  2.4205250E+04 -2.959E+00 -3.044E+00 -1.501E+00
  2.4205750E+04 -3.143E+00 -3.254E+00 -1.562E+00
  2.4206250E+04 -3.427E+00 -3.627E+00 -2.092E+00
  2.4206750E+04 -2.619E+00 -2.668E+00 -1.291E+00
  2.4207250E+04 -2.820E+00 -2.753E+00 -7.282E-01
  2.4207750E+04 -2.897E+00 -3.019E+00 -1.495E+00
  2.4208250E+04 -3.192E+00 -3.388E+00 -1.941E+00
  2.4208750E+04 -2.838E+00 -2.909E+00 -1.200E+00
  2.4209250E+04 -2.680E+00 -2.726E+00 -1.173E+00
  2.4209750E+04 -3.109E+00 -3.257E+00 -1.652E+00
  2.4210250E+04 -2.565E+00 -2.857E+00 -2.103E+00
  2.4210750E+04 -3.381E+00 -3.400E+00 -1.192E+00
  2.4211250E+04 -3.377E+00 -3.319E+00 -7.842E-01
  2.4211750E+04 -3.262E+00 -3.421E+00 -1.849E+00
  2.4212250E+04 -2.504E+00 -2.828E+00 -2.191E+00
  2.4212750E+04 -2.375E+00 -2.422E+00 -1.050E+00
  2.4213250E+04 -2.187E+00 -2.175E+00 -8.010E-01
  2.4213750E+04 -2.536E+00 -2.658E+00 -1.888E+00
  2.4214250E+04 -2.933E+00 -3.020E+00 -1.499E+00
  2.4214750E+04 -2.504E+00 -2.679E+00 -1.793E+00
  2.4215250E+04 -2.421E+00 -2.491E+00 -1.095E+00
  2.4215750E+04 -2.350E+00 -2.423E+00 -1.197E+00
  2.4216250E+04 -2.912E+00 -2.847E+00 -9.568E-01
  2.4216750E+04 -2.068E+00 -2.067E+00 -9.127E-01
  2.4217250E+04 -2.826E+00 -3.080E+00 -2.043E+00
  2.4217750E+04 -2.429E+00 -2.719E+00 -2.506E+00
  2.4218250E+04 -2.379E+00 -2.352E+00 -8.727E-01
  2.4218750E+04 -2.235E+00 -2.363E+00 -1.280E+00
  2.4219250E+04 -2.585E+00 -2.799E+00 -1.797E+00
  2.4219750E+04 -2.683E+00 -2.875E+00 -1.872E+00
  2.4220250E+04 -2.550E+00 -2.457E+00 -5.176E-01
  2.4220750E+04 -2.595E+00 -2.650E+00 -1.067E+00
  2.4221250E+04 -2.466E+00 -2.552E+00 -1.235E+00
  2.4221750E+04 -2.598E+00 -2.612E+00 -7.761E-01
  2.4222250E+04 -3.185E+00 -3.278E+00 -1.652E+00
  2.4222750E+04 -2.331E+00 -2.449E+00 -1.277E+00
  2.4223250E+04 -2.559E+00 -2.653E+00 -1.495E+00
  2.4223750E+04 -2.798E+00 -2.805E+00 -8.557E-01
  2.4224250E+04 -2.981E+00 -3.032E+00 -1.247E+00
  2.4224750E+04 -2.694E+00 -2.799E+00 -1.455E+00
  2.4225250E+04 -2.700E+00 -2.781E+00 -1.282E+00
  2.4225750E+04 -1.971E+00 -2.093E+00 -1.530E+00
  2.4226250E+04 -3.277E+00 -3.373E+00 -1.427E+00
  2.4226750E+04 -3.110E+00 -3.339E+00 -2.056E+00
  2.4227250E+04 -2.142E+00 -2.324E+00 -1.500E+00
  2.4227750E+04 -2.455E+00 -2.595E+00 -1.400E+00
  2.4228250E+04 -2.438E+00 -2.391E+00 -6.739E-01
  2.4228750E+04 -2.437E+00 -2.552E+00 -1.284E+00
  2.4229250E+04 -3.101E+00 -3.427E+00 -2.576E+00
  2.4229750E+04 -2.492E+00 -2.492E+00 -9.734E-01
  2.4230250E+04 -2.064E+00 -2.192E+00 -1.348E+00
  2.4230750E+04 -3.128E+00 -3.278E+00 -1.851E+00
  2.4231250E+04 -2.203E+00 -2.382E+00 -1.554E+00
  2.4231750E+04 -2.438E+00 -2.346E+00 -4.306E-01
  2.4232250E+04 -1.776E+00 -1.883E+00 -1.032E+00
  2.4232750E+04 -2.815E+00 -2.699E+00 -6.277E-01
  2.4233250E+04 -3.034E+00 -3.008E+00 -7.377E-01
  2.4233750E+04 -2.760E+00 -2.697E+00 -6.486E-01
  2.4234250E+04 -2.338E+00 -2.505E+00 -1.613E+00
  2.4234750E+04 -2.564E+00 -2.486E+00 -5.544E-01
  2.4235250E+04 -2.320E+00 -2.457E+00 -1.609E+00
  2.4235750E+04 -2.465E+00 -2.419E+00 -8.535E-01
  2.4236250E+04 -3.487E+00 -3.263E+00 -2.322E-01
  2.4236750E+04 -2.088E+00 -2.196E+00 -1.278E+00
  2.4237250E+04 -2.326E+00 -2.259E+00 -5.530E-01
  2.4237750E+04 -2.372E+00 -2.547E+00 -1.110E+00
  2.4238250E+04 -2.517E+00 -2.724E+00 -1.454E+00
  2.4238750E+04 -2.858E+00 -2.981E+00 -1.553E+00
  2.4239250E+04 -1.904E+00 -1.951E+00 -1.058E+00
  2.4239750E+04 -2.548E+00 -2.658E+00 -1.411E+00
  2.4240250E+04 -2.594E+00 -2.762E+00 -1.770E+00
  2.4240750E+04 -2.303E+00 -2.556E+00 -1.843E+00
  2.4241250E+04 -2.424E+00 -2.550E+00 -1.287E+00
  2.4241750E+04 -2.578E+00 -2.566E+00 -9.213E-01
  2.4242250E+04 -2.465E+00 -2.510E+00 -1.059E+00
  2.4242750E+04 -2.456E+00 -2.544E+00 -1.256E+00
  2.4243250E+04 -2.212E+00 -2.371E+00 -1.500E+00
  2.4243750E+04 -3.072E+00 -3.203E+00 -1.527E+00
  2.4244250E+04 -2.816E+00 -2.812E+00 -9.769E-01
  2.4244750E+04 -2.285E+00 -2.362E+00 -1.078E+00
  2.4245250E+04 -1.725E+00 -1.846E+00 -1.300E+00
  2.4245750E+04 -2.658E+00 -2.675E+00 -1.013E+00
  2.4246250E+04 -2.213E+00 -2.116E+00 -4.904E-01
  2.4246750E+04 -2.196E+00 -2.352E+00 -1.515E+00
  2.4247250E+04 -2.579E+00 -2.771E+00 -1.674E+00
  2.4247750E+04 -1.997E+00 -1.909E+00 -3.490E-01
  2.4248250E+04 -1.881E+00 -1.991E+00 -1.374E+00
  2.4248750E+04 -2.125E+00 -2.248E+00 -1.072E+00
  2.4249250E+04 -2.143E+00 -2.253E+00 -1.283E+00
  2.4249750E+04 -2.559E+00 -2.673E+00 -1.576E+00
  2.4250250E+04 -2.605E+00 -2.759E+00 -1.522E+00
  2.4250750E+04 -2.002E+00 -2.257E+00 -1.906E+00
  2.4251250E+04 -1.837E+00 -2.112E+00 -1.928E+00
  2.4251750E+04 -2.626E+00 -2.687E+00 -1.279E+00
  2.4252250E+04 -2.373E+00 -2.407E+00 -1.052E+00
  2.4252750E+04 -2.317E+00 -2.474E+00 -1.503E+00
  2.4253250E+04 -1.586E+00 -1.648E+00 -9.613E-01
  2.4253750E+04 -2.477E+00 -2.408E+00 -7.575E-01
  2.4254250E+04 -2.329E+00 -2.612E+00 -2.236E+00
  2.4254750E+04 -2.183E+00 -2.291E+00 -1.361E+00
  2.4255250E+04 -2.407E+00 -2.481E+00 -1.123E+00
  2.4255750E+04 -2.487E+00 -2.517E+00 -9.217E-01
  2.4256250E+04 -2.830E+00 -2.804E+00 -8.324E-01
  2.4256750E+04 -2.264E+00 -2.358E+00 -1.082E+00
  2.4257250E+04 -2.075E+00 -2.215E+00 -1.345E+00
  2.4257750E+04 -2.602E+00 -2.639E+00 -1.110E+00
  2.4258250E+04 -2.467E+00 -2.563E+00 -1.192E+00
  2.4258750E+04 -2.403E+00 -2.501E+00 -1.306E+00
  2.4259250E+04 -2.514E+00 -2.648E+00 -1.423E+00
  2.4259750E+04 -1.943E+00 -2.045E+00 -1.208E+00
  2.4260250E+04 -1.896E+00 -1.968E+00 -1.154E+00
  2.4260750E+04 -2.101E+00 -2.175E+00 -9.258E-01
  2.4261250E+04 -2.157E+00 -2.222E+00 -1.202E+00
  2.4261750E+04 -1.878E+00 -2.042E+00 -1.494E+00
  2.4262250E+04 -1.894E+00 -1.978E+00 -1.107E+00
  2.4262750E+04 -2.097E+00 -2.069E+00 -4.604E-01
  2.4263250E+04 -1.542E+00 -1.516E+00 -6.037E-01
  2.4263750E+04 -2.141E+00 -2.370E+00 -1.844E+00
  2.4264250E+04 -2.228E+00 -2.402E+00 -1.485E+00
  2.4264750E+04 -2.509E+00 -2.579E+00 -9.663E-01
  2.4265250E+04 -2.198E+00 -2.107E+00 -4.944E-01
  2.4265750E+04 -2.390E+00 -2.534E+00 -1.740E+00
  2.4266250E+04 -1.644E+00 -1.765E+00 -1.005E+00
  2.4266750E+04 -1.923E+00 -2.003E+00 -1.181E+00
  2.4267250E+04 -2.400E+00 -2.388E+00 -7.093E-01
  2.4267750E+04 -2.621E+00 -2.805E+00 -1.603E+00
  2.4268250E+04 -2.006E+00 -2.129E+00 -1.374E+00
  2.4268750E+04 -2.201E+00 -2.374E+00 -1.614E+00
  2.4269250E+04 -2.624E+00 -2.669E+00 -8.982E-01
  2.4269750E+04 -2.466E+00 -2.500E+00 -9.744E-01
  2.4270250E+04 -2.024E+00 -2.178E+00 -1.207E+00
  2.4270750E+04 -2.103E+00 -2.137E+00 -1.071E+00
  2.4271250E+04 -1.709E+00 -1.724E+00 -1.348E+00
  2.4271750E+04 -2.438E+00 -2.567E+00 -1.588E+00
  2.4272250E+04 -2.983E+00 -3.037E+00 -1.046E+00
  2.4272750E+04 -1.914E+00 -2.085E+00 -1.716E+00
  2.4273250E+04 -1.464E+00 -1.389E+00 -2.672E-01
  2.4273750E+04 -2.626E+00 -2.573E+00 -4.562E-01
  2.4274250E+04 -2.516E+00 -2.715E+00 -1.707E+00
  2.4274750E+04 -2.045E+00 -2.058E+00 -7.197E-01
  2.4275250E+04 -2.362E+00 -2.402E+00 -1.177E+00
  2.4275750E+04 -1.546E+00 -1.555E+00 -6.764E-01
  2.4276250E+04 -1.888E+00 -1.876E+00 -5.318E-01
  2.4276750E+04 -1.290E+00 -1.233E+00 -3.909E-01
  2.4277250E+04 -2.502E+00 -2.648E+00 -1.380E+00
  2.4277750E+04 -2.743E+00 -2.876E+00 -1.592E+00
  2.4278250E+04 -1.924E+00 -2.012E+00 -1.019E+00
  2.4278750E+04 -1.672E+00 -1.806E+00 -1.276E+00
  2.4279250E+04 -2.018E+00 -2.106E+00 -1.146E+00
  2.4279750E+04 -1.987E+00 -2.031E+00 -9.681E-01
  2.4280250E+04 -1.802E+00 -1.949E+00 -1.432E+00
  2.4280750E+04 -1.815E+00 -1.966E+00 -1.285E+00
  2.4281250E+04 -1.845E+00 -1.975E+00 -1.258E+00
  2.4281750E+04 -2.097E+00 -2.104E+00 -6.244E-01
  2.4282250E+04 -2.197E+00 -2.334E+00 -1.529E+00
  2.4282750E+04 -2.037E+00 -2.079E+00 -9.702E-01
  2.4283250E+04 -2.449E+00 -2.476E+00 -1.002E+00
  2.4283750E+04 -2.067E+00 -2.102E+00 -8.126E-01
  2.4284250E+04 -1.579E+00 -1.621E+00 -7.746E-01
  2.4284750E+04 -1.851E+00 -1.859E+00 -7.894E-01
  2.4285250E+04 -1.822E+00 -1.843E+00 -7.078E-01
  2.4285750E+04 -2.146E+00 -2.420E+00 -1.842E+00
  2.4286250E+04 -2.267E+00 -2.366E+00 -1.219E+00
  2.4286750E+04 -2.345E+00 -2.436E+00 -1.259E+00
  2.4287250E+04 -1.677E+00 -1.823E+00 -1.065E+00
  2.4287750E+04 -1.523E+00 -1.679E+00 -1.450E+00
  2.4288250E+04 -1.636E+00 -1.605E+00 -4.325E-01
  2.4288750E+04 -2.168E+00 -2.088E+00 -3.976E-01
  2.4289250E+04 -2.460E+00 -2.558E+00 -1.408E+00
  2.4289750E+04 -1.916E+00 -1.927E+00 -6.937E-01
  2.4290250E+04 -2.493E+00 -2.548E+00 -9.945E-01
  2.4290750E+04 -2.109E+00 -2.106E+00 -9.669E-01
  2.4291250E+04 -1.634E+00 -1.700E+00 -1.117E+00
  2.4291750E+04 -1.422E+00 -1.655E+00 -1.637E+00
  2.4292250E+04 -2.416E+00 -2.390E+00 -4.260E-01
  2.4292750E+04 -2.274E+00 -2.335E+00 -1.020E+00
  2.4293250E+04 -1.462E+00 -1.593E+00 -1.161E+00
  2.4293750E+04 -1.953E+00 -1.955E+00 -5.819E-01
  2.4294250E+04 -1.728E+00 -1.770E+00 -1.114E+00
  2.4294750E+04 -1.613E+00 -1.733E+00 -9.729E-01
  2.4295250E+04 -1.963E+00 -2.033E+00 -9.834E-01
  2.4295750E+04 -2.400E+00 -2.559E+00 -1.537E+00
  2.4296250E+04 -1.884E+00 -2.009E+00 -1.071E+00
  2.4296750E+04 -2.055E+00 -2.122E+00 -8.699E-01
  2.4297250E+04 -1.855E+00 -2.052E+00 -1.600E+00
  2.4297750E+04 -2.200E+00 -2.301E+00 -1.234E+00
  2.4298250E+04 -2.160E+00 -2.217E+00 -8.346E-01
  2.4298750E+04 -1.942E+00 -1.929E+00 -6.857E-01
  2.4299250E+04 -1.527E+00 -1.644E+00 -1.165E+00
  2.4299750E+04 -1.783E+00 -1.914E+00 -1.124E+00
  2.4300250E+04 -2.470E+00 -2.417E+00 -7.505E-01
  2.4300750E+04 -2.049E+00 -1.938E+00 -5.659E-01
  2.4301250E+04 -2.209E+00 -2.304E+00 -9.316E-01
  2.4301750E+04 -2.214E+00 -2.200E+00 -7.954E-01
  2.4302250E+04 -2.262E+00 -2.221E+00 -7.579E-01
  2.4302750E+04 -1.359E+00 -1.668E+00 -1.668E+00
  2.4303250E+04 -1.370E+00 -1.482E+00 -1.019E+00
  2.4303750E+04 -2.182E+00 -2.294E+00 -1.426E+00
  2.4304250E+04 -2.154E+00 -2.219E+00 -9.340E-01
  2.4304750E+04 -1.809E+00 -1.823E+00 -7.655E-01
  2.4305250E+04 -1.844E+00 -1.935E+00 -7.991E-01
  2.4305750E+04 -1.744E+00 -1.772E+00 -7.241E-01
  2.4306250E+04 -2.041E+00 -2.170E+00 -1.327E+00
  2.4306750E+04 -1.867E+00 -2.018E+00 -1.117E+00
  2.4307250E+04 -1.783E+00 -1.696E+00 -3.494E-01
  2.4307750E+04 -1.363E+00 -1.481E+00 -9.690E-01
  2.4308250E+04 -1.628E+00 -1.823E+00 -1.553E+00
  2.4308750E+04 -1.785E+00 -1.770E+00 -5.000E-01
  2.4309250E+04 -2.064E+00 -2.165E+00 -1.129E+00
  2.4309750E+04 -1.988E+00 -2.098E+00 -1.289E+00
  2.4310250E+04 -1.682E+00 -1.504E+00  4.300E-02
  2.4310750E+04 -1.879E+00 -1.894E+00 -7.881E-01
  2.4311250E+04 -1.902E+00 -1.917E+00 -6.535E-01
  2.4311750E+04 -1.826E+00 -1.919E+00 -1.190E+00
  2.4312250E+04 -2.062E+00 -2.224E+00 -1.345E+00
  2.4312750E+04 -1.862E+00 -1.860E+00 -6.750E-01
  2.4313250E+04 -1.822E+00 -1.804E+00 -7.021E-01
  2.4313750E+04 -1.641E+00 -1.756E+00 -8.310E-01
  2.4314250E+04 -1.759E+00 -1.777E+00 -9.607E-01
  2.4314750E+04 -1.347E+00 -1.479E+00 -1.208E+00
  2.4315250E+04 -1.943E+00 -2.095E+00 -1.376E+00
  2.4315750E+04 -2.233E+00 -2.255E+00 -8.374E-01
  2.4316250E+04 -1.900E+00 -1.943E+00 -6.891E-01
  2.4316750E+04 -2.030E+00 -1.906E+00 -4.862E-01
  2.4317250E+04 -9.995E-01 -1.219E+00 -1.429E+00
  2.4317750E+04 -1.597E+00 -1.748E+00 -1.301E+00
  2.4318250E+04 -1.694E+00 -1.656E+00 -4.228E-01
  2.4318750E+04 -2.033E+00 -2.051E+00 -7.824E-01
  2.4319250E+04 -2.203E+00 -2.231E+00 -8.710E-01
  2.4319750E+04 -1.408E+00 -1.452E+00 -6.040E-01
  2.4320250E+04 -1.731E+00 -1.859E+00 -1.205E+00
  2.4320750E+04 -1.813E+00 -1.956E+00 -1.346E+00
  2.4321250E+04 -1.391E+00 -1.464E+00 -8.786E-01
  2.4321750E+04 -1.236E+00 -1.309E+00 -1.131E+00
  2.4322250E+04 -1.564E+00 -1.776E+00 -1.790E+00
  2.4322750E+04 -1.654E+00 -1.678E+00 -6.237E-01
  2.4323250E+04 -1.503E+00 -1.505E+00 -3.547E-01
  2.4323750E+04 -1.418E+00 -1.397E+00 -5.426E-01
  2.4324250E+04 -1.628E+00 -1.619E+00 -7.551E-01
  2.4324750E+04 -1.928E+00 -1.974E+00 -1.004E+00
  2.4325250E+04 -2.052E+00 -2.082E+00 -9.293E-01
  2.4325750E+04 -2.554E+00 -2.465E+00 -5.108E-01
  2.4326250E+04 -1.792E+00 -1.825E+00 -7.796E-01
  2.4326750E+04 -1.648E+00 -1.626E+00 -8.288E-01
  2.4327250E+04 -1.667E+00 -1.649E+00 -8.189E-01
  2.4327750E+04 -1.713E+00 -1.813E+00 -9.017E-01
  2.4328250E+04 -1.406E+00 -1.407E+00 -3.614E-01
  2.4328750E+04 -1.774E+00 -1.790E+00 -7.916E-01
  2.4329250E+04 -1.393E+00 -1.444E+00 -6.711E-01
  2.4329750E+04 -1.832E+00 -1.953E+00 -8.502E-01
  2.4330250E+04 -1.998E+00 -2.014E+00 -9.447E-01
  2.4330750E+04 -1.450E+00 -1.633E+00 -7.459E-01
  2.4331250E+04 -1.560E+00 -1.769E+00 -1.300E+00
  2.4331750E+04 -1.727E+00 -1.826E+00 -1.129E+00
  2.4332250E+04 -2.306E+00 -2.462E+00 -1.282E+00
  2.4332750E+04 -1.502E+00 -1.522E+00 -7.780E-01
  2.4333250E+04 -1.274E+00 -1.461E+00 -1.245E+00
  2.4333750E+04 -1.572E+00 -1.652E+00 -6.958E-01
  2.4334250E+04 -1.474E+00 -1.512E+00 -1.100E+00
  2.4334750E+04 -1.868E+00 -1.907E+00 -8.371E-01
  2.4335250E+04 -1.767E+00 -1.888E+00 -1.110E+00
  2.4335750E+04 -1.903E+00 -1.904E+00 -5.526E-01
  2.4336250E+04 -1.684E+00 -1.684E+00 -4.574E-01
  2.4336750E+04 -1.870E+00 -1.877E+00 -6.904E-01
  2.4337250E+04 -1.916E+00 -1.900E+00 -4.577E-01
  2.4337750E+04 -1.758E+00 -1.744E+00 -5.977E-01
  2.4338250E+04 -1.849E+00 -1.844E+00 -8.465E-01
  2.4338750E+04 -1.411E+00 -1.557E+00 -1.317E+00
  2.4339250E+04 -1.230E+00 -1.259E+00 -4.843E-01
  2.4339750E+04 -1.784E+00 -1.830E+00 -8.299E-01
  2.4340250E+04 -1.116E+00 -1.218E+00 -8.394E-01
  2.4340750E+04 -1.502E+00 -1.540E+00 -9.456E-01
  2.4341250E+04 -1.752E+00 -1.826E+00 -1.021E+00
  2.4341750E+04 -1.452E+00 -1.493E+00 -6.276E-01
  2.4342250E+04 -1.504E+00 -1.611E+00 -1.308E+00
  2.4342750E+04 -1.434E+00 -1.484E+00 -7.738E-01
  2.4343250E+04 -1.747E+00 -1.747E+00 -3.491E-01
  2.4343750E+04 -1.345E+00 -1.281E+00 -2.034E-01
  2.4344250E+04 -1.188E+00 -1.291E+00 -9.875E-01
  2.4344750E+04 -1.610E+00 -1.646E+00 -9.185E-01
  2.4345250E+04 -1.762E+00 -1.901E+00 -1.489E+00
  2.4345750E+04 -1.517E+00 -1.522E+00 -5.894E-01
  2.4346250E+04 -1.382E+00 -1.470E+00 -1.174E+00
  2.4346750E+04 -1.811E+00 -1.891E+00 -1.032E+00
  2.4347250E+04 -1.350E+00 -1.479E+00 -1.225E+00
  2.4347750E+04 -1.722E+00 -1.716E+00 -3.706E-01
  2.4348250E+04 -1.381E+00 -1.447E+00 -4.398E-01
  2.4348750E+04 -1.550E+00 -1.568E+00 -6.973E-01
  2.4349250E+04 -1.223E+00 -1.276E+00 -5.979E-01
  2.4349750E+04 -1.580E+00 -1.634E+00 -8.007E-01
  2.4350250E+04 -1.959E+00 -1.846E+00 -1.350E-01
  2.4350750E+04 -1.391E+00 -1.423E+00 -7.604E-01
  2.4351250E+04 -1.028E+00 -1.096E+00 -8.919E-01
  2.4351750E+04 -1.630E+00 -1.812E+00 -1.221E+00
  2.4352250E+04 -1.284E+00 -1.435E+00 -9.334E-01
  2.4352750E+04 -1.801E+00 -1.679E+00  2.900E-01
  2.4353250E+04 -1.536E+00 -1.475E+00 -3.495E-01
  2.4353750E+04 -1.534E+00 -1.481E+00 -6.939E-01
  2.4354250E+04 -1.742E+00 -1.720E+00 -5.510E-01
  2.4354750E+04 -1.373E+00 -1.647E+00 -1.396E+00
  2.4355250E+04 -8.861E-01 -1.100E+00 -1.251E+00
  2.4355750E+04 -1.273E+00 -1.552E+00 -1.704E+00
  2.4356250E+04 -1.601E+00 -1.589E+00 -5.830E-01
  2.4356750E+04 -2.101E+00 -1.985E+00 -4.627E-01
  2.4357250E+04 -1.445E+00 -1.570E+00 -1.127E+00
  2.4357750E+04 -1.188E+00 -1.244E+00 -4.394E-01
  2.4358250E+04 -1.646E+00 -1.765E+00 -7.367E-01
  2.4358750E+04 -1.846E+00 -1.774E+00 -2.323E-01
  2.4359250E+04 -1.613E+00 -1.489E+00 -1.299E-02
  2.4359750E+04 -1.500E+00 -1.625E+00 -9.275E-01
  2.4360250E+04 -1.733E+00 -1.789E+00 -8.346E-01
  2.4360750E+04 -1.942E+00 -1.997E+00 -8.948E-01
  2.4361250E+04 -1.102E+00 -1.143E+00 -6.886E-01
  2.4361750E+04 -1.425E+00 -1.480E+00 -7.603E-01
  2.4362250E+04 -1.628E+00 -1.624E+00 -5.244E-01
  2.4362750E+04 -1.226E+00 -1.318E+00 -9.473E-01
  2.4363250E+04 -1.097E+00 -1.145E+00 -5.755E-01
  2.4363750E+04 -1.670E+00 -1.823E+00 -1.227E+00
  2.4364250E+04 -1.468E+00 -1.664E+00 -1.322E+00
  2.4364750E+04 -1.246E+00 -1.458E+00 -1.401E+00
  2.4365250E+04 -1.116E+00 -1.116E+00 -2.062E-01
  2.4365750E+04 -1.482E+00 -1.476E+00 -5.393E-01
  2.4366250E+04 -1.633E+00 -1.591E+00 -5.213E-01
  2.4366750E+04 -1.322E+00 -1.390E+00 -7.824E-01
  2.4367250E+04 -1.608E+00 -1.622E+00 -4.412E-01
  2.4367750E+04 -1.476E+00 -1.659E+00 -1.382E+00
  2.4368250E+04 -1.389E+00 -1.555E+00 -1.235E+00
  2.4368750E+04 -1.537E+00 -1.500E+00 -4.869E-01
  2.4369250E+04 -1.786E+00 -1.675E+00 -2.948E-02
  2.4369750E+04 -1.154E+00 -1.278E+00 -1.226E+00
  2.4370250E+04 -1.316E+00 -1.594E+00 -1.568E+00
  2.4370750E+04 -1.081E+00 -1.228E+00 -1.096E+00
  2.4371250E+04 -1.463E+00 -1.621E+00 -1.405E+00
  2.4371750E+04 -1.520E+00 -1.605E+00 -8.400E-01
  2.4372250E+04 -1.495E+00 -1.372E+00 -1.036E-02
  2.4372750E+04 -1.396E+00 -1.367E+00 -4.212E-01
  2.4373250E+04 -1.598E+00 -1.680E+00 -7.980E-01
  2.4373750E+04 -6.052E-01 -8.071E-01 -1.506E+00
  2.4374250E+04 -1.293E+00 -1.544E+00 -1.471E+00
  2.4374750E+04 -1.676E+00 -1.774E+00 -9.019E-01
  2.4375250E+04 -1.615E+00 -1.513E+00  1.587E-02
  2.4375750E+04 -1.263E+00 -1.392E+00 -9.592E-01
  2.4376250E+04 -1.605E+00 -1.646E+00 -3.673E-01
  2.4376750E+04 -1.323E+00 -1.383E+00 -9.187E-01
  2.4377250E+04 -1.735E+00 -1.778E+00 -7.752E-01
  2.4377750E+04 -1.306E+00 -1.383E+00 -8.908E-01
  2.4378250E+04 -1.870E+00 -1.920E+00 -7.616E-01
  2.4378750E+04 -1.487E+00 -1.473E+00 -4.778E-01
  2.4379250E+04 -1.678E+00 -1.606E+00 -5.120E-01
  2.4379750E+04 -1.499E+00 -1.506E+00 -4.560E-01
  2.4380250E+04 -1.215E+00 -1.210E+00 -4.322E-01
  2.4380750E+04 -1.213E+00 -1.337E+00 -9.194E-01
  2.4381250E+04 -1.481E+00 -1.482E+00 -6.082E-01
  2.4381750E+04 -1.948E+00 -1.941E+00 -6.566E-01
  2.4382250E+04 -1.737E+00 -1.777E+00 -6.399E-01
  2.4382750E+04 -1.378E+00 -1.582E+00 -1.447E+00
  2.4383250E+04 -9.808E-01 -1.050E+00 -6.623E-01
  2.4383750E+04 -1.304E+00 -1.241E+00 -2.658E-01
  2.4384250E+04 -9.563E-01 -1.104E+00 -8.381E-01
  2.4384750E+04 -1.489E+00 -1.613E+00 -1.140E+00
  2.4385250E+04 -1.206E+00 -1.437E+00 -1.627E+00
  2.4385750E+04 -1.567E+00 -1.638E+00 -9.034E-01
  2.4386250E+04 -1.145E+00 -1.187E+00 -7.695E-01
  2.4386750E+04 -1.162E+00 -1.334E+00 -1.330E+00
  2.4387250E+04 -1.586E+00 -1.503E+00 -3.427E-01
  2.4387750E+04 -1.651E+00 -1.633E+00 -4.114E-01
  2.4388250E+04 -1.782E+00 -1.867E+00 -9.002E-01
  2.4388750E+04 -1.642E+00 -1.626E+00 -5.468E-01
  2.4389250E+04 -1.202E+00 -1.219E+00 -5.468E-01
  2.4389750E+04 -1.095E+00 -1.157E+00 -9.238E-01
  2.4390250E+04 -1.317E+00 -1.348E+00 -4.764E-01
  2.4390750E+04 -1.041E+00 -9.851E-01 -2.656E-01
  2.4391250E+04 -1.735E+00 -1.765E+00 -7.384E-01
  2.4391750E+04 -2.154E+00 -2.294E+00 -1.249E+00
  2.4392250E+04 -1.240E+00 -1.344E+00 -7.624E-01
  2.4392750E+04 -6.966E-01 -5.788E-01  9.077E-03
  2.4393250E+04 -9.291E-01 -1.051E+00 -9.169E-01
  2.4393750E+04 -1.240E+00 -1.432E+00 -1.075E+00
  2.4394250E+04 -1.336E+00 -1.443E+00 -1.023E+00
  2.4394750E+04 -1.652E+00 -1.721E+00 -1.019E+00
  2.4395250E+04 -1.574E+00 -1.471E+00 -3.422E-01
  2.4395750E+04 -1.219E+00 -1.176E+00 -2.299E-01
  2.4396250E+04 -1.544E+00 -1.637E+00 -9.311E-01
  2.4396750E+04 -1.490E+00 -1.587E+00 -1.062E+00
  2.4397250E+04 -1.182E+00 -1.243E+00 -6.056E-01
  2.4397750E+04 -1.348E+00 -1.407E+00 -7.138E-01
  2.4398250E+04 -1.533E+00 -1.497E+00 -3.460E-01
  2.4398750E+04 -7.760E-01 -8.886E-01 -3.235E-01
  2.4399250E+04 -1.302E+00 -1.226E+00  1.561E-01
  2.4399750E+04 -1.412E+00 -1.489E+00 -1.070E+00
  2.4400250E+04 -1.045E+00 -1.200E+00 -1.157E+00
  2.4400750E+04 -1.404E+00 -1.493E+00 -8.404E-01
  2.4401250E+04 -1.490E+00 -1.502E+00 -3.734E-01
  2.4401750E+04 -1.142E+00 -1.285E+00 -1.054E+00
  2.4402250E+04 -1.399E+00 -1.421E+00 -7.866E-01
  2.4402750E+04 -1.363E+00 -1.385E+00 -6.411E-01
  2.4403250E+04 -1.060E+00 -1.118E+00 -8.261E-01
  2.4403750E+04 -1.079E+00 -1.190E+00 -8.670E-01
