  1.9759250E+04 -0.000E+00 -0.000E+00  0.000E+00
  1.9759750E+04 -0.000E+00 -0.000E+00  0.000E+00
  1.9760250E+04 -0.000E+00 -0.000E+00  0.000E+00
  1.9760750E+04 -0.000E+00 -0.000E+00  0.000E+00
  1.9761250E+04 -0.000E+00 -0.000E+00  0.000E+00
  1.9761750E+04 -0.000E+00 -0.000E+00  0.000E+00
  1.9762250E+04 -0.000E+00 -0.000E+00  0.000E+00
  1.9762750E+04 -0.000E+00 -0.000E+00  0.000E+00
  1.9763250E+04 -0.000E+00 -0.000E+00  0.000E+00
  1.9763750E+04 -0.000E+00 -0.000E+00  0.000E+00
  1.9764250E+04 -0.000E+00 -0.000E+00  0.000E+00
  1.9764750E+04 -0.000E+00 -0.000E+00  0.000E+00
  1.9765250E+04 -0.000E+00 -0.000E+00  0.000E+00
  1.9765750E+04 -0.000E+00 -0.000E+00  0.000E+00
  1.9766250E+04 -0.000E+00 -0.000E+00  0.000E+00
  1.9766750E+04 -0.000E+00 -0.000E+00  0.000E+00
  1.9767250E+04 -0.000E+00 -0.000E+00  0.000E+00
  1.9767750E+04 -0.000E+00 -0.000E+00  0.000E+00
  1.9768250E+04 -0.000E+00 -0.000E+00  0.000E+00
  1.9768750E+04 -0.000E+00 -0.000E+00  0.000E+00
  1.9769250E+04 -0.000E+00 -0.000E+00  0.000E+00
  1.9769750E+04 -0.000E+00 -0.000E+00  0.000E+00
  1.9770250E+04 -0.000E+00 -0.000E+00  0.000E+00
  1.9770750E+04 -0.000E+00 -0.000E+00  0.000E+00
  1.9771250E+04 -0.000E+00 -0.000E+00  0.000E+00
  1.9771750E+04 -0.000E+00 -0.000E+00  0.000E+00
  1.9772250E+04 -0.000E+00 -0.000E+00  0.000E+00
  1.9772750E+04 -0.000E+00 -0.000E+00  0.000E+00
  1.9773250E+04 -0.000E+00 -0.000E+00  0.000E+00
  1.9773750E+04 -0.000E+00 -0.000E+00  0.000E+00
  1.9774250E+04 -0.000E+00 -0.000E+00  0.000E+00
  1.9774750E+04 -0.000E+00 -0.000E+00  0.000E+00
  1.9775250E+04 -0.000E+00 -0.000E+00  0.000E+00
  1.9775750E+04 -0.000E+00 -0.000E+00  0.000E+00
  1.9776250E+04 -0.000E+00 -0.000E+00  0.000E+00
  1.9776750E+04 -0.000E+00 -0.000E+00  0.000E+00
  1.9777250E+04 -0.000E+00 -0.000E+00  0.000E+00
  1.9777750E+04 -0.000E+00 -0.000E+00  0.000E+00
  1.9778250E+04 -0.000E+00 -0.000E+00  0.000E+00
  1.9778750E+04 -0.000E+00 -0.000E+00  0.000E+00
  1.9779250E+04 -0.000E+00 -0.000E+00  0.000E+00
  1.9779750E+04 -0.000E+00 -0.000E+00  0.000E+00
  1.9780250E+04 -0.000E+00 -0.000E+00  0.000E+00
  1.9780750E+04 -0.000E+00 -0.000E+00  0.000E+00
  1.9781250E+04 -0.000E+00 -0.000E+00  0.000E+00
  1.9781750E+04 -0.000E+00 -0.000E+00  0.000E+00
  1.9782250E+04 -0.000E+00 -0.000E+00  0.000E+00
  1.9782750E+04 -0.000E+00 -0.000E+00  0.000E+00
  1.9783250E+04 -0.000E+00 -0.000E+00  0.000E+00
  1.9783750E+04 -0.000E+00 -0.000E+00  0.000E+00
  1.9784250E+04 -0.000E+00 -0.000E+00  0.000E+00
  1.9784750E+04 -0.000E+00 -0.000E+00  0.000E+00
  1.9785250E+04 -0.000E+00 -0.000E+00  0.000E+00
  1.9785750E+04 -0.000E+00 -0.000E+00  0.000E+00
  1.9786250E+04 -0.000E+00 -0.000E+00  0.000E+00
  1.9786750E+04 -0.000E+00 -0.000E+00  0.000E+00
  1.9787250E+04 -0.000E+00 -0.000E+00  0.000E+00
  1.9787750E+04 -0.000E+00 -0.000E+00  0.000E+00
  1.9788250E+04 -0.000E+00 -0.000E+00  0.000E+00
  1.9788750E+04 -0.000E+00 -0.000E+00  0.000E+00
  1.9789250E+04 -0.000E+00 -0.000E+00  0.000E+00
  1.9789750E+04 -0.000E+00 -0.000E+00  0.000E+00
  1.9790250E+04 -0.000E+00 -0.000E+00  0.000E+00
  1.9790750E+04 -0.000E+00 -0.000E+00  0.000E+00
  1.9791250E+04 -0.000E+00 -0.000E+00  0.000E+00
  1.9791750E+04 -0.000E+00 -0.000E+00  0.000E+00
  1.9792250E+04 -0.000E+00 -0.000E+00  0.000E+00
  1.9792750E+04 -0.000E+00 -0.000E+00  0.000E+00
  1.9793250E+04 -0.000E+00 -0.000E+00  0.000E+00
  1.9793750E+04 -0.000E+00 -0.000E+00  0.000E+00
  1.9794250E+04 -0.000E+00 -0.000E+00  0.000E+00
  1.9794750E+04 -0.000E+00 -0.000E+00  0.000E+00
  1.9795250E+04 -0.000E+00 -0.000E+00  0.000E+00
  1.9795750E+04 -0.000E+00 -0.000E+00  0.000E+00
  1.9796250E+04 -0.000E+00 -0.000E+00  0.000E+00
  1.9796750E+04 -0.000E+00 -0.000E+00  0.000E+00
  1.9797250E+04 -0.000E+00 -0.000E+00  0.000E+00
  1.9797750E+04 -0.000E+00 -0.000E+00  0.000E+00
  1.9798250E+04 -0.000E+00 -0.000E+00  0.000E+00
  1.9798750E+04 -0.000E+00 -0.000E+00  0.000E+00
  1.9799250E+04 -0.000E+00 -0.000E+00  0.000E+00
  1.9799750E+04 -0.000E+00 -0.000E+00  0.000E+00
  1.9800250E+04 -0.000E+00 -0.000E+00  0.000E+00
  1.9800750E+04 -0.000E+00 -0.000E+00  0.000E+00
  1.9801250E+04 -0.000E+00 -0.000E+00  0.000E+00
  1.9801750E+04 -0.000E+00 -0.000E+00  0.000E+00
  1.9802250E+04 -0.000E+00 -0.000E+00  0.000E+00
  1.9802750E+04 -0.000E+00 -0.000E+00  0.000E+00
  1.9803250E+04 -0.000E+00 -0.000E+00  0.000E+00
  1.9803750E+04 -0.000E+00 -0.000E+00  0.000E+00
  1.9804250E+04 -0.000E+00 -0.000E+00  0.000E+00
  1.9804750E+04 -0.000E+00 -0.000E+00  0.000E+00
  1.9805250E+04 -0.000E+00 -0.000E+00  0.000E+00
  1.9805750E+04 -0.000E+00 -0.000E+00  0.000E+00
  1.9806250E+04 -0.000E+00 -0.000E+00  0.000E+00
  1.9806750E+04 -0.000E+00 -0.000E+00  0.000E+00
  1.9807250E+04 -0.000E+00 -0.000E+00  0.000E+00
  1.9807750E+04 -0.000E+00 -0.000E+00  0.000E+00
  1.9808250E+04 -0.000E+00 -0.000E+00  0.000E+00
  1.9808750E+04 -0.000E+00 -0.000E+00  0.000E+00
  1.9809250E+04 -0.000E+00 -0.000E+00  0.000E+00
  1.9809750E+04 -0.000E+00 -0.000E+00  0.000E+00
  1.9810250E+04 -0.000E+00 -0.000E+00  0.000E+00
  1.9810750E+04 -0.000E+00 -0.000E+00  0.000E+00
  1.9811250E+04 -0.000E+00 -0.000E+00  0.000E+00
  1.9811750E+04 -0.000E+00 -0.000E+00  0.000E+00
  1.9812250E+04 -0.000E+00 -0.000E+00  0.000E+00
  1.9812750E+04 -0.000E+00 -0.000E+00  0.000E+00
  1.9813250E+04 -0.000E+00 -0.000E+00  0.000E+00
  1.9813750E+04 -0.000E+00 -0.000E+00  0.000E+00
  1.9814250E+04 -0.000E+00 -0.000E+00  0.000E+00
  1.9814750E+04 -0.000E+00 -0.000E+00  0.000E+00
  1.9815250E+04 -0.000E+00 -0.000E+00  0.000E+00
  1.9815750E+04 -0.000E+00 -0.000E+00  0.000E+00
  1.9816250E+04 -0.000E+00 -0.000E+00  0.000E+00
  1.9816750E+04 -0.000E+00 -0.000E+00  0.000E+00
  1.9817250E+04 -0.000E+00 -0.000E+00  0.000E+00
  1.9817750E+04 -0.000E+00 -0.000E+00  0.000E+00
  1.9818250E+04 -0.000E+00 -0.000E+00  0.000E+00
  1.9818750E+04 -0.000E+00 -0.000E+00  0.000E+00
  1.9819250E+04 -0.000E+00 -0.000E+00  0.000E+00
  1.9819750E+04 -0.000E+00 -0.000E+00  0.000E+00
  1.9820250E+04 -0.000E+00 -0.000E+00  0.000E+00
  1.9820750E+04 -0.000E+00 -0.000E+00  0.000E+00
  1.9821250E+04 -0.000E+00 -0.000E+00  0.000E+00
  1.9821750E+04 -0.000E+00 -0.000E+00  0.000E+00
  1.9822250E+04 -0.000E+00 -0.000E+00  0.000E+00
  1.9822750E+04 -0.000E+00 -0.000E+00  0.000E+00
  1.9823250E+04 -0.000E+00 -0.000E+00  0.000E+00
  1.9823750E+04 -0.000E+00 -0.000E+00  0.000E+00
  1.9824250E+04 -0.000E+00 -0.000E+00  0.000E+00
  1.9824750E+04 -0.000E+00 -0.000E+00  0.000E+00
  1.9825250E+04 -0.000E+00 -0.000E+00  0.000E+00
  1.9825750E+04 -0.000E+00 -0.000E+00  0.000E+00
  1.9826250E+04 -0.000E+00 -0.000E+00  0.000E+00
  1.9826750E+04 -0.000E+00 -0.000E+00  0.000E+00
  1.9827250E+04 -0.000E+00 -0.000E+00  0.000E+00
  1.9827750E+04 -0.000E+00 -0.000E+00  0.000E+00
  1.9828250E+04 -0.000E+00 -0.000E+00  0.000E+00
  1.9828750E+04 -0.000E+00 -0.000E+00  0.000E+00
  1.9829250E+04 -0.000E+00 -0.000E+00  0.000E+00
  1.9829750E+04 -0.000E+00 -0.000E+00  0.000E+00
  1.9830250E+04 -0.000E+00 -0.000E+00  0.000E+00
  1.9830750E+04 -0.000E+00 -0.000E+00  0.000E+00
  1.9831250E+04 -0.000E+00 -0.000E+00  0.000E+00
  1.9831750E+04 -0.000E+00 -0.000E+00  0.000E+00
  1.9832250E+04 -0.000E+00 -0.000E+00  0.000E+00
  1.9832750E+04 -0.000E+00 -0.000E+00  0.000E+00
  1.9833250E+04 -0.000E+00 -0.000E+00  0.000E+00
  1.9833750E+04 -0.000E+00 -0.000E+00  0.000E+00
  1.9834250E+04 -0.000E+00 -0.000E+00  0.000E+00
  1.9834750E+04 -0.000E+00 -0.000E+00  0.000E+00
  1.9835250E+04 -0.000E+00 -0.000E+00  0.000E+00
  1.9835750E+04 -0.000E+00 -0.000E+00  0.000E+00
  1.9836250E+04 -0.000E+00 -0.000E+00  0.000E+00
  1.9836750E+04 -0.000E+00 -0.000E+00  0.000E+00
  1.9837250E+04 -0.000E+00 -0.000E+00  0.000E+00
  1.9837750E+04 -0.000E+00 -0.000E+00  0.000E+00
  1.9838250E+04 -0.000E+00 -0.000E+00  0.000E+00
  1.9838750E+04 -0.000E+00 -0.000E+00  0.000E+00
  1.9839250E+04 -0.000E+00 -0.000E+00  0.000E+00
  1.9839750E+04 -0.000E+00 -0.000E+00  0.000E+00
  1.9840250E+04 -0.000E+00 -0.000E+00  0.000E+00
  1.9840750E+04 -0.000E+00 -0.000E+00  0.000E+00
  1.9841250E+04 -0.000E+00 -0.000E+00  0.000E+00
  1.9841750E+04 -0.000E+00 -0.000E+00  0.000E+00
  1.9842250E+04 -0.000E+00 -0.000E+00  0.000E+00
  1.9842750E+04 -0.000E+00 -0.000E+00  0.000E+00
  1.9843250E+04 -0.000E+00 -0.000E+00  0.000E+00
  1.9843750E+04 -0.000E+00 -0.000E+00  0.000E+00
  1.9844250E+04 -0.000E+00 -0.000E+00  0.000E+00
  1.9844750E+04 -0.000E+00 -0.000E+00  0.000E+00
  1.9845250E+04 -0.000E+00 -0.000E+00  0.000E+00
  1.9845750E+04 -0.000E+00 -0.000E+00  0.000E+00
  1.9846250E+04 -0.000E+00 -0.000E+00  0.000E+00
  1.9846750E+04 -0.000E+00 -0.000E+00  0.000E+00
  1.9847250E+04 -0.000E+00 -0.000E+00  0.000E+00
  1.9847750E+04 -0.000E+00 -0.000E+00  0.000E+00
  1.9848250E+04 -0.000E+00 -0.000E+00  0.000E+00
  1.9848750E+04 -0.000E+00 -0.000E+00  0.000E+00
  1.9849250E+04 -0.000E+00 -0.000E+00  0.000E+00
  1.9849750E+04 -0.000E+00 -0.000E+00  0.000E+00
  1.9850250E+04 -0.000E+00 -0.000E+00  0.000E+00
  1.9850750E+04 -0.000E+00 -0.000E+00  0.000E+00
  1.9851250E+04 -0.000E+00 -0.000E+00  0.000E+00
  1.9851750E+04 -0.000E+00 -0.000E+00  0.000E+00
  1.9852250E+04 -0.000E+00 -0.000E+00  0.000E+00
  1.9852750E+04 -0.000E+00 -0.000E+00  0.000E+00
  1.9853250E+04 -0.000E+00 -0.000E+00  0.000E+00
  1.9853750E+04 -0.000E+00 -0.000E+00  0.000E+00
  1.9854250E+04 -0.000E+00 -0.000E+00  0.000E+00
  1.9854750E+04 -0.000E+00 -0.000E+00  0.000E+00
  1.9855250E+04 -0.000E+00 -0.000E+00  0.000E+00
  1.9855750E+04 -0.000E+00 -0.000E+00  0.000E+00
  1.9856250E+04 -0.000E+00 -0.000E+00  0.000E+00
  1.9856750E+04 -0.000E+00 -0.000E+00  0.000E+00
  1.9857250E+04 -0.000E+00 -0.000E+00  0.000E+00
  1.9857750E+04 -0.000E+00 -0.000E+00  0.000E+00
  1.9858250E+04 -0.000E+00 -0.000E+00  0.000E+00
  1.9858750E+04 -0.000E+00 -0.000E+00  0.000E+00
  1.9859250E+04 -0.000E+00 -0.000E+00  0.000E+00
  1.9859750E+04 -0.000E+00 -0.000E+00  0.000E+00
  1.9860250E+04 -0.000E+00 -0.000E+00  0.000E+00
  1.9860750E+04 -0.000E+00 -0.000E+00  0.000E+00
  1.9861250E+04 -0.000E+00 -0.000E+00  0.000E+00
  1.9861750E+04 -0.000E+00 -0.000E+00  0.000E+00
  1.9862250E+04 -0.000E+00 -0.000E+00  0.000E+00
  1.9862750E+04 -0.000E+00 -0.000E+00  0.000E+00
  1.9863250E+04 -0.000E+00 -0.000E+00  0.000E+00
  1.9863750E+04 -0.000E+00 -0.000E+00  0.000E+00
  1.9864250E+04 -0.000E+00 -0.000E+00  0.000E+00
  1.9864750E+04 -0.000E+00 -0.000E+00  0.000E+00
  1.9865250E+04 -0.000E+00 -0.000E+00  0.000E+00
  1.9865750E+04 -0.000E+00 -0.000E+00  0.000E+00
  1.9866250E+04  2.176E-07  1.537E-07 -1.381E-07
  1.9866750E+04  2.275E-05  1.427E-05 -2.209E-05
  1.9867250E+04  2.526E-03  1.734E-03 -1.824E-03
  1.9867750E+04  1.012E-03  7.349E-04 -5.642E-04
  1.9868250E+04  5.980E-04  6.248E-04  4.676E-04
  1.9868750E+04  1.013E-02  8.836E-03  5.894E-04
  1.9869250E+04 -2.906E-04  8.545E-04  4.643E-03
  1.9869750E+04  7.711E-03  6.823E-03  8.354E-04
  1.9870250E+04 -2.817E-03 -9.521E-06  1.018E-02
  1.9870750E+04  6.290E-03  5.478E-03  3.180E-04
  1.9871250E+04  1.192E-02  1.616E-02  2.496E-02
  1.9871750E+04  1.652E-03 -1.525E-03 -1.246E-02
  1.9872250E+04 -2.013E-03 -1.473E-03  1.109E-03
  1.9872750E+04  1.075E-03  1.718E-03  3.410E-03
  1.9873250E+04  7.951E-03  6.980E-03  5.603E-04
  1.9873750E+04 -4.488E-03  5.352E-04  1.872E-02
  1.9874250E+04  1.672E-02  1.326E-02 -4.802E-03
  1.9874750E+04  2.864E-02  2.399E-02 -2.881E-03
  1.9875250E+04  5.821E-02  5.917E-02  3.829E-02
  1.9875750E+04 -2.035E-04 -1.926E-03 -7.386E-03
  1.9876250E+04  6.925E-02  5.202E-02 -3.217E-02
  1.9876750E+04 -1.281E-02  2.113E-03  5.586E-02
  1.9877250E+04  3.363E-02  3.421E-02  2.214E-02
  1.9877750E+04  1.836E-01  1.791E-01  8.858E-02
  1.9878250E+04  1.059E-01  1.085E-01  7.330E-02
  1.9878750E+04 -3.621E-02 -1.975E-02  4.854E-02
  1.9879250E+04  1.573E-01  1.686E-01  1.406E-01
  1.9879750E+04  2.307E-01  2.389E-01  1.689E-01
  1.9880250E+04  1.274E-01  1.100E-01 -2.092E-04
  1.9880750E+04  7.912E-02  6.266E-02 -2.465E-02
  1.9881250E+04  1.629E-01  1.780E-01  1.607E-01
  1.9881750E+04  1.530E-01  1.630E-01  1.322E-01
  1.9882250E+04  3.141E-01  3.238E-01  2.246E-01
  1.9882750E+04  4.460E-01  4.622E-01  3.296E-01
  1.9883250E+04  4.359E-01  4.191E-01  1.801E-01
  1.9883750E+04  4.322E-01  4.938E-01  5.111E-01
  1.9884250E+04  5.676E-01  6.321E-01  6.016E-01
  1.9884750E+04  1.041E+00  1.097E+00  8.377E-01
  1.9885250E+04  9.118E-01  9.019E-01  4.814E-01
  1.9885750E+04  7.758E-01  7.877E-01  4.971E-01
  1.9886250E+04  9.009E-01  9.832E-01  8.666E-01
  1.9886750E+04  8.872E-01  8.053E-01  1.571E-01
  1.9887250E+04  1.206E+00  1.224E+00  7.654E-01
  1.9887750E+04  1.498E+00  1.558E+00  1.115E+00
  1.9888250E+04  2.080E+00  1.991E+00  8.024E-01
  1.9888750E+04  2.091E+00  1.942E+00  5.512E-01
  1.9889250E+04  1.909E+00  1.984E+00  1.411E+00
  1.9889750E+04  2.411E+00  2.587E+00  2.128E+00
  1.9890250E+04  3.122E+00  3.041E+00  1.425E+00
  1.9890750E+04  3.319E+00  3.421E+00  2.317E+00
  1.9891250E+04  4.356E+00  4.304E+00  2.241E+00
  1.9891750E+04  3.837E+00  3.912E+00  2.489E+00
  1.9892250E+04  4.590E+00  4.605E+00  2.660E+00
  1.9892750E+04  6.161E+00  6.121E+00  3.307E+00
  1.9893250E+04  6.118E+00  6.435E+00  4.797E+00
  1.9893750E+04  6.440E+00  7.069E+00  6.324E+00
  1.9894250E+04  1.052E+01  1.058E+01  6.166E+00
  1.9894750E+04  9.107E+00  9.387E+00  6.308E+00
  1.9895250E+04  1.229E+01  1.223E+01  6.647E+00
  1.9895750E+04  1.327E+01  1.347E+01  8.286E+00
  1.9896250E+04  1.530E+01  1.553E+01  9.578E+00
  1.9896750E+04  1.533E+01  1.564E+01  9.907E+00
  1.9897250E+04  1.606E+01  1.668E+01  1.162E+01
  1.9897750E+04  1.888E+01  1.916E+01  1.170E+01
  1.9898250E+04  1.988E+01  2.058E+01  1.410E+01
  1.9898750E+04  2.563E+01  2.574E+01  1.472E+01
  1.9899250E+04  2.601E+01  2.558E+01  1.256E+01
  1.9899750E+04  2.823E+01  2.862E+01  1.729E+01
  1.9900250E+04  3.110E+01  3.144E+01  1.865E+01
  1.9900750E+04  3.250E+01  3.379E+01  2.348E+01
  1.9901250E+04  3.660E+01  3.796E+01  2.603E+01
  1.9901750E+04  4.232E+01  4.179E+01  2.101E+01
  1.9902250E+04  4.504E+01  4.489E+01  2.407E+01
  1.9902750E+04  4.631E+01  4.722E+01  2.932E+01
  1.9903250E+04  5.060E+01  5.095E+01  2.922E+01
  1.9903750E+04  5.674E+01  5.654E+01  3.017E+01
  1.9904250E+04  5.656E+01  5.724E+01  3.382E+01
  1.9904750E+04  6.574E+01  6.574E+01  3.585E+01
  1.9905250E+04  7.420E+01  7.320E+01  3.606E+01
  1.9905750E+04  7.203E+01  7.212E+01  3.951E+01
  1.9906250E+04  7.225E+01  7.517E+01  5.179E+01
  1.9906750E+04  8.469E+01  8.483E+01  4.648E+01
  1.9907250E+04  9.550E+01  9.615E+01  5.447E+01
  1.9907750E+04  1.011E+02  1.009E+02  5.350E+01
  1.9908250E+04  9.782E+01  9.802E+01  5.359E+01
  1.9908750E+04  1.049E+02  1.057E+02  5.985E+01
  1.9909250E+04  1.100E+02  1.097E+02  5.786E+01
  1.9909750E+04  1.138E+02  1.153E+02  6.772E+01
  1.9910250E+04  1.273E+02  1.251E+02  5.869E+01
  1.9910750E+04  1.277E+02  1.264E+02  6.301E+01
  1.9911250E+04  1.323E+02  1.331E+02  7.424E+01
  1.9911750E+04  1.355E+02  1.375E+02  8.104E+01
  1.9912250E+04  1.524E+02  1.513E+02  7.613E+01
  1.9912750E+04  1.559E+02  1.547E+02  7.765E+01
  1.9913250E+04  1.564E+02  1.558E+02  8.058E+01
  1.9913750E+04  1.583E+02  1.573E+02  7.977E+01
  1.9914250E+04  1.574E+02  1.558E+02  7.647E+01
  1.9914750E+04  1.583E+02  1.582E+02  8.286E+01
  1.9915250E+04  1.644E+02  1.653E+02  9.055E+01
  1.9915750E+04  1.767E+02  1.761E+02  9.031E+01
  1.9916250E+04  1.751E+02  1.738E+02  8.662E+01
  1.9916750E+04  1.814E+02  1.806E+02  9.156E+01
  1.9917250E+04  1.812E+02  1.804E+02  9.152E+01
  1.9917750E+04  1.963E+02  1.933E+02  8.939E+01
  1.9918250E+04  1.924E+02  1.898E+02  8.870E+01
  1.9918750E+04  1.879E+02  1.865E+02  9.170E+01
  1.9919250E+04  1.968E+02  1.954E+02  9.607E+01
  1.9919750E+04  1.974E+02  1.993E+02  1.107E+02
  1.9920250E+04  2.007E+02  1.994E+02  9.826E+01
  1.9920750E+04  1.998E+02  1.988E+02  9.869E+01
  1.9921250E+04  1.980E+02  1.980E+02  1.020E+02
  1.9921750E+04  2.108E+02  2.070E+02  9.205E+01
  1.9922250E+04  2.054E+02  2.054E+02  1.055E+02
  1.9922750E+04  2.042E+02  2.014E+02  9.270E+01
  1.9923250E+04  2.065E+02  2.054E+02  1.006E+02
  1.9923750E+04  1.914E+02  1.915E+02  9.828E+01
  1.9924250E+04  1.981E+02  1.960E+02  9.160E+01
  1.9924750E+04  1.909E+02  1.878E+02  8.374E+01
  1.9925250E+04  2.015E+02  1.980E+02  8.702E+01
  1.9925750E+04  1.878E+02  1.885E+02  9.825E+01
  1.9926250E+04  1.887E+02  1.881E+02  9.284E+01
  1.9926750E+04  1.937E+02  1.914E+02  8.777E+01
  1.9927250E+04  1.844E+02  1.832E+02  8.767E+01
  1.9927750E+04  1.861E+02  1.844E+02  8.637E+01
  1.9928250E+04  1.820E+02  1.812E+02  8.777E+01
  1.9928750E+04  1.702E+02  1.702E+02  8.479E+01
  1.9929250E+04  1.756E+02  1.759E+02  8.900E+01
  1.9929750E+04  1.777E+02  1.733E+02  6.949E+01
  1.9930250E+04  1.642E+02  1.632E+02  7.728E+01
  1.9930750E+04  1.664E+02  1.652E+02  7.734E+01
  1.9931250E+04  1.689E+02  1.654E+02  6.774E+01
  1.9931750E+04  1.507E+02  1.517E+02  7.893E+01
  1.9932250E+04  1.514E+02  1.507E+02  7.164E+01
  1.9932750E+04  1.522E+02  1.482E+02  5.705E+01
  1.9933250E+04  1.301E+02  1.300E+02  6.283E+01
  1.9933750E+04  1.367E+02  1.389E+02  7.608E+01
  1.9934250E+04  1.311E+02  1.308E+02  6.229E+01
  1.9934750E+04  1.285E+02  1.261E+02  5.157E+01
  1.9935250E+04  1.209E+02  1.206E+02  5.714E+01
  1.9935750E+04  1.097E+02  1.099E+02  5.362E+01
  1.9936250E+04  1.184E+02  1.171E+02  5.112E+01
  1.9936750E+04  1.128E+02  1.075E+02  3.040E+01
  1.9937250E+04  1.093E+02  1.084E+02  4.809E+01
  1.9937750E+04  9.755E+01  9.865E+01  5.108E+01
  1.9938250E+04  9.355E+01  9.306E+01  4.187E+01
  1.9938750E+04  8.905E+01  8.931E+01  4.309E+01
  1.9939250E+04  8.656E+01  8.590E+01  3.767E+01
  1.9939750E+04  8.532E+01  8.641E+01  4.485E+01
  1.9940250E+04  7.280E+01  7.399E+01  3.886E+01
  1.9940750E+04  7.884E+01  7.693E+01  2.814E+01
  1.9941250E+04  5.904E+01  6.111E+01  3.563E+01
  1.9941750E+04  6.831E+01  6.599E+01  2.106E+01
  1.9942250E+04  6.409E+01  5.896E+01  6.516E+00
  1.9942750E+04  5.998E+01  6.115E+01  3.229E+01
  1.9943250E+04  4.950E+01  5.003E+01  2.422E+01
  1.9943750E+04  4.223E+01  4.355E+01  2.429E+01
  1.9944250E+04  4.897E+01  4.683E+01  1.201E+01
  1.9944750E+04  4.623E+01  4.648E+01  2.129E+01
  1.9945250E+04  3.672E+01  3.810E+01  2.160E+01
  1.9945750E+04  3.398E+01  3.496E+01  1.839E+01
  1.9946250E+04  3.522E+01  3.390E+01  8.654E+00
  1.9946750E+04  2.687E+01  2.714E+01  1.199E+01
  1.9947250E+04  2.160E+01  2.239E+01  1.179E+01
  1.9947750E+04  2.100E+01  2.072E+01  6.506E+00
  1.9948250E+04  2.709E+01  2.663E+01  8.736E+00
  1.9948750E+04  1.669E+01  1.791E+01  1.116E+01
  1.9949250E+04  1.204E+01  1.345E+01  9.581E+00
  1.9949750E+04  1.860E+01  1.846E+01  5.811E+00
  1.9950250E+04  4.400E+00  4.915E+00  1.918E+00
  1.9950750E+04  3.034E+00  5.034E+00  7.835E+00
  1.9951250E+04  7.237E+00  5.828E+00 -5.261E+00
  1.9951750E+04  6.864E+00  6.030E+00 -2.800E+00
  1.9952250E+04 -2.098E+00 -8.449E-01  2.255E+00
  1.9952750E+04 -5.608E-02 -9.522E-01 -6.373E+00
  1.9953250E+04 -2.667E-01  9.510E-01  2.812E+00
  1.9953750E+04 -8.261E+00 -6.723E+00  4.343E-01
  1.9954250E+04 -1.119E+01 -1.003E+01 -2.552E+00
  1.9954750E+04 -5.039E+00 -4.832E+00 -3.657E+00
  1.9955250E+04 -6.424E+00 -7.019E+00 -7.965E+00
  1.9955750E+04 -1.332E+01 -1.276E+01 -6.335E+00
  1.9956250E+04 -1.229E+01 -1.244E+01 -8.810E+00
  1.9956750E+04 -1.238E+01 -1.380E+01 -1.439E+01
  1.9957250E+04 -1.557E+01 -1.307E+01  1.362E+00
  1.9957750E+04 -1.991E+01 -2.064E+01 -1.502E+01
  1.9958250E+04 -1.776E+01 -1.638E+01 -4.777E+00
  1.9958750E+04 -9.716E+00 -8.922E+00 -3.168E+00
  1.9959250E+04 -2.255E+01 -2.166E+01 -8.902E+00
  1.9959750E+04 -1.864E+01 -1.779E+01 -6.918E+00
  1.9960250E+04 -2.203E+01 -1.856E+01  2.724E+00
  1.9960750E+04 -1.839E+01 -1.953E+01 -1.635E+01
  1.9961250E+04 -2.042E+01 -1.986E+01 -9.540E+00
  1.9961750E+04 -2.727E+01 -2.691E+01 -1.371E+01
  1.9962250E+04 -2.898E+01 -2.797E+01 -1.152E+01
  1.9962750E+04 -2.566E+01 -2.530E+01 -1.261E+01
  1.9963250E+04 -2.418E+01 -2.347E+01 -1.036E+01
  1.9963750E+04 -2.559E+01 -2.467E+01 -1.031E+01
  1.9964250E+04 -2.909E+01 -2.794E+01 -1.078E+01
  1.9964750E+04 -3.037E+01 -2.953E+01 -1.286E+01
  1.9965250E+04 -2.589E+01 -2.623E+01 -1.600E+01
  1.9965750E+04 -2.558E+01 -2.494E+01 -1.131E+01
  1.9966250E+04 -3.271E+01 -3.116E+01 -1.070E+01
  1.9966750E+04 -2.924E+01 -2.861E+01 -1.285E+01
  1.9967250E+04 -2.953E+01 -2.927E+01 -1.472E+01
  1.9967750E+04 -3.337E+01 -3.272E+01 -1.471E+01
  1.9968250E+04 -2.929E+01 -2.806E+01 -1.052E+01
  1.9968750E+04 -3.368E+01 -3.173E+01 -9.339E+00
  1.9969250E+04 -2.556E+01 -2.487E+01 -1.075E+01
  1.9969750E+04 -3.392E+01 -3.376E+01 -1.724E+01
  1.9970250E+04 -3.092E+01 -3.077E+01 -1.566E+01
  1.9970750E+04 -3.129E+01 -3.051E+01 -1.328E+01
  1.9971250E+04 -3.218E+01 -3.105E+01 -1.209E+01
  1.9971750E+04 -3.402E+01 -3.187E+01 -8.309E+00
  1.9972250E+04 -3.263E+01 -3.274E+01 -1.769E+01
  1.9972750E+04 -3.498E+01 -3.566E+01 -2.130E+01
  1.9973250E+04 -3.348E+01 -3.366E+01 -1.838E+01
  1.9973750E+04 -2.474E+01 -2.543E+01 -1.655E+01
  1.9974250E+04 -3.036E+01 -2.991E+01 -1.397E+01
  1.9974750E+04 -3.662E+01 -3.527E+01 -1.315E+01
  1.9975250E+04 -3.316E+01 -3.303E+01 -1.695E+01
  1.9975750E+04 -3.162E+01 -3.136E+01 -1.551E+01
  1.9976250E+04 -3.308E+01 -3.171E+01 -1.111E+01
  1.9976750E+04 -3.087E+01 -3.184E+01 -2.048E+01
  1.9977250E+04 -3.652E+01 -3.582E+01 -1.585E+01
  1.9977750E+04 -3.128E+01 -3.149E+01 -1.742E+01
  1.9978250E+04 -3.222E+01 -3.144E+01 -1.308E+01
  1.9978750E+04 -3.039E+01 -3.051E+01 -1.664E+01
  1.9979250E+04 -3.320E+01 -3.212E+01 -1.256E+01
  1.9979750E+04 -3.191E+01 -3.022E+01 -8.906E+00
  1.9980250E+04 -3.549E+01 -3.479E+01 -1.492E+01
  1.9980750E+04 -2.984E+01 -2.953E+01 -1.430E+01
  1.9981250E+04 -3.235E+01 -3.205E+01 -1.547E+01
  1.9981750E+04 -3.093E+01 -3.081E+01 -1.557E+01
  1.9982250E+04 -3.706E+01 -3.511E+01 -1.069E+01
  1.9982750E+04 -3.135E+01 -3.144E+01 -1.671E+01
  1.9983250E+04 -3.181E+01 -3.164E+01 -1.588E+01
  1.9983750E+04 -3.274E+01 -3.215E+01 -1.405E+01
  1.9984250E+04 -3.017E+01 -3.012E+01 -1.543E+01
  1.9984750E+04 -3.315E+01 -3.204E+01 -1.227E+01
  1.9985250E+04 -3.474E+01 -3.293E+01 -9.663E+00
  1.9985750E+04 -2.888E+01 -2.928E+01 -1.681E+01
  1.9986250E+04 -3.500E+01 -3.439E+01 -1.521E+01
  1.9986750E+04 -2.892E+01 -2.844E+01 -1.276E+01
  1.9987250E+04 -2.797E+01 -2.846E+01 -1.676E+01
  1.9987750E+04 -2.857E+01 -2.839E+01 -1.415E+01
  1.9988250E+04 -3.114E+01 -3.019E+01 -1.194E+01
  1.9988750E+04 -2.794E+01 -2.817E+01 -1.555E+01
  1.9989250E+04 -3.329E+01 -3.221E+01 -1.220E+01
  1.9989750E+04 -3.325E+01 -3.300E+01 -1.594E+01
  1.9990250E+04 -3.111E+01 -2.949E+01 -8.501E+00
  1.9990750E+04 -3.451E+01 -3.350E+01 -1.276E+01
  1.9991250E+04 -3.161E+01 -3.234E+01 -1.951E+01
  1.9991750E+04 -3.179E+01 -3.198E+01 -1.713E+01
  1.9992250E+04 -3.230E+01 -3.088E+01 -1.039E+01
  1.9992750E+04 -3.086E+01 -2.954E+01 -9.816E+00
  1.9993250E+04 -3.326E+01 -3.346E+01 -1.794E+01
  1.9993750E+04 -3.169E+01 -3.127E+01 -1.435E+01
  1.9994250E+04 -3.030E+01 -3.011E+01 -1.448E+01
  1.9994750E+04 -3.190E+01 -3.197E+01 -1.690E+01
  1.9995250E+04 -3.210E+01 -3.208E+01 -1.649E+01
  1.9995750E+04 -2.844E+01 -2.766E+01 -1.114E+01
  1.9996250E+04 -2.810E+01 -2.761E+01 -1.224E+01
  1.9996750E+04 -2.860E+01 -2.815E+01 -1.275E+01
  1.9997250E+04 -3.105E+01 -3.094E+01 -1.538E+01
  1.9997750E+04 -2.769E+01 -2.723E+01 -1.226E+01
  1.9998250E+04 -2.852E+01 -2.819E+01 -1.322E+01
  1.9998750E+04 -2.802E+01 -2.795E+01 -1.393E+01
  1.9999250E+04 -2.789E+01 -2.820E+01 -1.556E+01
  1.9999750E+04 -3.210E+01 -3.152E+01 -1.357E+01
  2.0000250E+04 -2.872E+01 -2.831E+01 -1.297E+01
  2.0000750E+04 -3.011E+01 -3.021E+01 -1.581E+01
  2.0001250E+04 -2.955E+01 -2.883E+01 -1.166E+01
  2.0001750E+04 -2.760E+01 -2.773E+01 -1.475E+01
  2.0002250E+04 -2.841E+01 -2.879E+01 -1.624E+01
  2.0002750E+04 -2.978E+01 -2.983E+01 -1.538E+01
  2.0003250E+04 -2.866E+01 -2.784E+01 -1.091E+01
  2.0003750E+04 -2.808E+01 -2.737E+01 -1.128E+01
  2.0004250E+04 -2.985E+01 -2.908E+01 -1.144E+01
  2.0004750E+04 -2.927E+01 -2.912E+01 -1.404E+01
  2.0005250E+04 -2.832E+01 -2.772E+01 -1.173E+01
  2.0005750E+04 -2.967E+01 -2.949E+01 -1.443E+01
  2.0006250E+04 -2.851E+01 -2.804E+01 -1.244E+01
  2.0006750E+04 -2.543E+01 -2.611E+01 -1.619E+01
  2.0007250E+04 -2.712E+01 -2.702E+01 -1.338E+01
  2.0007750E+04 -2.577E+01 -2.532E+01 -1.122E+01
  2.0008250E+04 -2.626E+01 -2.625E+01 -1.329E+01
  2.0008750E+04 -2.430E+01 -2.418E+01 -1.193E+01
  2.0009250E+04 -2.597E+01 -2.529E+01 -1.042E+01
  2.0009750E+04 -2.817E+01 -2.769E+01 -1.216E+01
  2.0010250E+04 -2.808E+01 -2.761E+01 -1.218E+01
  2.0010750E+04 -2.649E+01 -2.624E+01 -1.228E+01
  2.0011250E+04 -2.694E+01 -2.650E+01 -1.167E+01
  2.0011750E+04 -2.605E+01 -2.596E+01 -1.281E+01
  2.0012250E+04 -2.605E+01 -2.603E+01 -1.321E+01
  2.0012750E+04 -2.625E+01 -2.648E+01 -1.455E+01
  2.0013250E+04 -2.532E+01 -2.456E+01 -9.402E+00
  2.0013750E+04 -2.519E+01 -2.546E+01 -1.372E+01
  2.0014250E+04 -2.494E+01 -2.464E+01 -1.140E+01
  2.0014750E+04 -2.489E+01 -2.470E+01 -1.215E+01
  2.0015250E+04 -2.664E+01 -2.582E+01 -9.931E+00
  2.0015750E+04 -2.574E+01 -2.574E+01 -1.312E+01
  2.0016250E+04 -2.717E+01 -2.633E+01 -1.005E+01
  2.0016750E+04 -2.391E+01 -2.381E+01 -1.145E+01
  2.0017250E+04 -2.585E+01 -2.552E+01 -1.173E+01
  2.0017750E+04 -2.415E+01 -2.384E+01 -1.107E+01
  2.0018250E+04 -2.517E+01 -2.534E+01 -1.382E+01
  2.0018750E+04 -2.434E+01 -2.436E+01 -1.203E+01
  2.0019250E+04 -2.423E+01 -2.400E+01 -1.141E+01
  2.0019750E+04 -2.707E+01 -2.598E+01 -8.887E+00
  2.0020250E+04 -2.444E+01 -2.403E+01 -1.047E+01
  2.0020750E+04 -2.397E+01 -2.446E+01 -1.417E+01
  2.0021250E+04 -2.638E+01 -2.628E+01 -1.293E+01
  2.0021750E+04 -2.246E+01 -2.232E+01 -1.072E+01
  2.0022250E+04 -2.341E+01 -2.286E+01 -9.506E+00
  2.0022750E+04 -2.672E+01 -2.729E+01 -1.595E+01
  2.0023250E+04 -2.306E+01 -2.307E+01 -1.170E+01
  2.0023750E+04 -2.266E+01 -2.270E+01 -1.177E+01
  2.0024250E+04 -2.493E+01 -2.456E+01 -1.090E+01
  2.0024750E+04 -2.382E+01 -2.376E+01 -1.182E+01
  2.0025250E+04 -2.332E+01 -2.339E+01 -1.215E+01
  2.0025750E+04 -2.126E+01 -2.172E+01 -1.290E+01
  2.0026250E+04 -2.309E+01 -2.231E+01 -8.217E+00
  2.0026750E+04 -2.372E+01 -2.357E+01 -1.162E+01
  2.0027250E+04 -2.488E+01 -2.458E+01 -1.146E+01
  2.0027750E+04 -2.629E+01 -2.589E+01 -1.131E+01
  2.0028250E+04 -2.155E+01 -2.156E+01 -1.111E+01
  2.0028750E+04 -2.052E+01 -2.045E+01 -1.019E+01
  2.0029250E+04 -2.338E+01 -2.343E+01 -1.184E+01
  2.0029750E+04 -2.541E+01 -2.354E+01 -4.716E+00
  2.0030250E+04 -2.370E+01 -2.366E+01 -1.179E+01
  2.0030750E+04 -2.359E+01 -2.331E+01 -1.070E+01
  2.0031250E+04 -2.110E+01 -2.088E+01 -9.800E+00
  2.0031750E+04 -2.050E+01 -2.061E+01 -1.099E+01
  2.0032250E+04 -2.063E+01 -2.102E+01 -1.236E+01
  2.0032750E+04 -2.279E+01 -2.290E+01 -1.206E+01
  2.0033250E+04 -2.133E+01 -2.086E+01 -8.812E+00
  2.0033750E+04 -2.344E+01 -2.330E+01 -1.141E+01
  2.0034250E+04 -2.264E+01 -2.235E+01 -1.021E+01
  2.0034750E+04 -2.334E+01 -2.312E+01 -1.092E+01
  2.0035250E+04 -2.239E+01 -2.208E+01 -9.968E+00
  2.0035750E+04 -2.119E+01 -2.144E+01 -1.157E+01
  2.0036250E+04 -2.291E+01 -2.278E+01 -1.121E+01
  2.0036750E+04 -2.022E+01 -1.970E+01 -8.042E+00
  2.0037250E+04 -2.001E+01 -1.961E+01 -8.460E+00
  2.0037750E+04 -1.836E+01 -1.868E+01 -1.073E+01
  2.0038250E+04 -2.085E+01 -2.100E+01 -1.114E+01
  2.0038750E+04 -2.056E+01 -2.099E+01 -1.205E+01
  2.0039250E+04 -2.335E+01 -2.309E+01 -1.055E+01
  2.0039750E+04 -2.171E+01 -2.144E+01 -9.977E+00
  2.0040250E+04 -2.186E+01 -2.156E+01 -9.672E+00
  2.0040750E+04 -2.102E+01 -2.029E+01 -7.365E+00
  2.0041250E+04 -2.138E+01 -2.038E+01 -6.403E+00
  2.0041750E+04 -2.107E+01 -2.059E+01 -8.393E+00
  2.0042250E+04 -2.022E+01 -2.054E+01 -1.172E+01
  2.0042750E+04 -1.999E+01 -2.078E+01 -1.353E+01
  2.0043250E+04 -2.124E+01 -2.093E+01 -9.368E+00
  2.0043750E+04 -2.072E+01 -2.044E+01 -9.389E+00
  2.0044250E+04 -2.141E+01 -2.075E+01 -8.164E+00
  2.0044750E+04 -2.094E+01 -2.067E+01 -9.215E+00
  2.0045250E+04 -1.876E+01 -1.882E+01 -9.651E+00
  2.0045750E+04 -1.991E+01 -1.952E+01 -8.439E+00
  2.0046250E+04 -1.907E+01 -1.915E+01 -1.008E+01
  2.0046750E+04 -1.945E+01 -1.931E+01 -9.322E+00
  2.0047250E+04 -1.953E+01 -1.945E+01 -9.511E+00
  2.0047750E+04 -2.088E+01 -2.069E+01 -9.825E+00
  2.0048250E+04 -2.029E+01 -2.034E+01 -1.043E+01
  2.0048750E+04 -1.983E+01 -1.997E+01 -1.080E+01
  2.0049250E+04 -1.987E+01 -1.944E+01 -8.122E+00
  2.0049750E+04 -1.898E+01 -1.912E+01 -1.046E+01
  2.0050250E+04 -1.940E+01 -1.972E+01 -1.116E+01
  2.0050750E+04 -1.919E+01 -1.910E+01 -9.231E+00
  2.0051250E+04 -1.935E+01 -1.948E+01 -1.020E+01
  2.0051750E+04 -2.018E+01 -1.963E+01 -7.998E+00
  2.0052250E+04 -1.915E+01 -1.912E+01 -9.436E+00
  2.0052750E+04 -2.092E+01 -2.035E+01 -8.054E+00
  2.0053250E+04 -1.972E+01 -1.900E+01 -6.865E+00
  2.0053750E+04 -1.996E+01 -2.009E+01 -1.074E+01
  2.0054250E+04 -1.801E+01 -1.861E+01 -1.172E+01
  2.0054750E+04 -1.875E+01 -1.903E+01 -1.072E+01
  2.0055250E+04 -2.011E+01 -1.986E+01 -9.048E+00
  2.0055750E+04 -1.767E+01 -1.750E+01 -8.259E+00
  2.0056250E+04 -1.875E+01 -1.848E+01 -8.104E+00
  2.0056750E+04 -1.839E+01 -1.873E+01 -1.074E+01
  2.0057250E+04 -1.956E+01 -1.943E+01 -9.278E+00
  2.0057750E+04 -1.749E+01 -1.734E+01 -8.130E+00
  2.0058250E+04 -1.728E+01 -1.704E+01 -7.547E+00
  2.0058750E+04 -1.917E+01 -1.895E+01 -8.855E+00
  2.0059250E+04 -1.642E+01 -1.683E+01 -1.029E+01
  2.0059750E+04 -1.783E+01 -1.772E+01 -8.594E+00
  2.0060250E+04 -1.803E+01 -1.792E+01 -8.265E+00
  2.0060750E+04 -1.760E+01 -1.772E+01 -9.218E+00
  2.0061250E+04 -1.925E+01 -1.868E+01 -7.153E+00
  2.0061750E+04 -1.837E+01 -1.797E+01 -7.694E+00
  2.0062250E+04 -1.699E+01 -1.712E+01 -9.267E+00
  2.0062750E+04 -1.897E+01 -1.894E+01 -9.476E+00
  2.0063250E+04 -1.634E+01 -1.644E+01 -8.693E+00
  2.0063750E+04 -1.505E+01 -1.483E+01 -6.612E+00
  2.0064250E+04 -1.751E+01 -1.746E+01 -8.668E+00
  2.0064750E+04 -1.606E+01 -1.623E+01 -8.955E+00
  2.0065250E+04 -1.811E+01 -1.786E+01 -8.333E+00
  2.0065750E+04 -1.850E+01 -1.831E+01 -8.521E+00
  2.0066250E+04 -1.673E+01 -1.660E+01 -7.883E+00
  2.0066750E+04 -1.704E+01 -1.710E+01 -8.684E+00
  2.0067250E+04 -1.804E+01 -1.823E+01 -9.969E+00
  2.0067750E+04 -1.782E+01 -1.754E+01 -7.680E+00
  2.0068250E+04 -1.734E+01 -1.716E+01 -7.982E+00
  2.0068750E+04 -1.664E+01 -1.642E+01 -7.436E+00
  2.0069250E+04 -1.679E+01 -1.668E+01 -7.790E+00
  2.0069750E+04 -1.830E+01 -1.821E+01 -9.038E+00
  2.0070250E+04 -1.794E+01 -1.804E+01 -9.408E+00
  2.0070750E+04 -1.788E+01 -1.791E+01 -8.989E+00
  2.0071250E+04 -1.668E+01 -1.709E+01 -1.038E+01
  2.0071750E+04 -1.610E+01 -1.563E+01 -6.107E+00
  2.0072250E+04 -1.629E+01 -1.616E+01 -7.774E+00
  2.0072750E+04 -1.701E+01 -1.697E+01 -8.483E+00
  2.0073250E+04 -1.702E+01 -1.706E+01 -8.992E+00
  2.0073750E+04 -1.682E+01 -1.671E+01 -7.917E+00
  2.0074250E+04 -1.658E+01 -1.658E+01 -8.136E+00
  2.0074750E+04 -1.766E+01 -1.736E+01 -7.559E+00
  2.0075250E+04 -1.572E+01 -1.551E+01 -6.934E+00
  2.0075750E+04 -1.631E+01 -1.671E+01 -9.767E+00
  2.0076250E+04 -1.698E+01 -1.680E+01 -7.825E+00
  2.0076750E+04 -1.589E+01 -1.519E+01 -5.159E+00
  2.0077250E+04 -1.674E+01 -1.669E+01 -8.139E+00
  2.0077750E+04 -1.699E+01 -1.700E+01 -8.501E+00
  2.0078250E+04 -1.763E+01 -1.739E+01 -7.859E+00
  2.0078750E+04 -1.618E+01 -1.566E+01 -5.802E+00
  2.0079250E+04 -1.451E+01 -1.471E+01 -8.248E+00
  2.0079750E+04 -1.682E+01 -1.700E+01 -9.198E+00
  2.0080250E+04 -1.538E+01 -1.537E+01 -7.826E+00
  2.0080750E+04 -1.426E+01 -1.418E+01 -6.983E+00
  2.0081250E+04 -1.388E+01 -1.393E+01 -7.262E+00
  2.0081750E+04 -1.500E+01 -1.464E+01 -5.881E+00
  2.0082250E+04 -1.501E+01 -1.508E+01 -7.873E+00
  2.0082750E+04 -1.512E+01 -1.545E+01 -9.065E+00
  2.0083250E+04 -1.549E+01 -1.538E+01 -7.110E+00
  2.0083750E+04 -1.688E+01 -1.679E+01 -8.124E+00
  2.0084250E+04 -1.624E+01 -1.647E+01 -9.177E+00
  2.0084750E+04 -1.486E+01 -1.493E+01 -7.785E+00
  2.0085250E+04 -1.497E+01 -1.493E+01 -7.503E+00
  2.0085750E+04 -1.483E+01 -1.476E+01 -7.363E+00
  2.0086250E+04 -1.508E+01 -1.477E+01 -6.266E+00
  2.0086750E+04 -1.460E+01 -1.469E+01 -7.792E+00
  2.0087250E+04 -1.571E+01 -1.589E+01 -8.652E+00
  2.0087750E+04 -1.555E+01 -1.538E+01 -7.150E+00
  2.0088250E+04 -1.492E+01 -1.464E+01 -6.311E+00
  2.0088750E+04 -1.599E+01 -1.616E+01 -8.666E+00
  2.0089250E+04 -1.400E+01 -1.374E+01 -5.923E+00
  2.0089750E+04 -1.472E+01 -1.455E+01 -7.108E+00
  2.0090250E+04 -1.418E+01 -1.447E+01 -8.357E+00
  2.0090750E+04 -1.381E+01 -1.401E+01 -7.777E+00
  2.0091250E+04 -1.382E+01 -1.377E+01 -6.736E+00
  2.0091750E+04 -1.492E+01 -1.447E+01 -5.445E+00
  2.0092250E+04 -1.484E+01 -1.484E+01 -7.487E+00
  2.0092750E+04 -1.420E+01 -1.402E+01 -6.409E+00
  2.0093250E+04 -1.411E+01 -1.436E+01 -8.219E+00
  2.0093750E+04 -1.510E+01 -1.455E+01 -5.214E+00
  2.0094250E+04 -1.463E+01 -1.426E+01 -5.811E+00
  2.0094750E+04 -1.557E+01 -1.540E+01 -6.930E+00
  2.0095250E+04 -1.385E+01 -1.355E+01 -5.704E+00
  2.0095750E+04 -1.458E+01 -1.463E+01 -7.811E+00
  2.0096250E+04 -1.408E+01 -1.398E+01 -6.415E+00
  2.0096750E+04 -1.206E+01 -1.247E+01 -8.197E+00
  2.0097250E+04 -1.360E+01 -1.380E+01 -7.982E+00
  2.0097750E+04 -1.397E+01 -1.414E+01 -7.713E+00
  2.0098250E+04 -1.450E+01 -1.406E+01 -5.258E+00
  2.0098750E+04 -1.290E+01 -1.269E+01 -5.359E+00
  2.0099250E+04 -1.241E+01 -1.249E+01 -6.771E+00
  2.0099750E+04 -1.466E+01 -1.452E+01 -6.697E+00
  2.0100250E+04 -1.474E+01 -1.429E+01 -5.794E+00
  2.0100750E+04 -1.387E+01 -1.350E+01 -5.464E+00
  2.0101250E+04 -1.455E+01 -1.464E+01 -7.498E+00
  2.0101750E+04 -1.340E+01 -1.368E+01 -7.931E+00
  2.0102250E+04 -1.364E+01 -1.395E+01 -8.393E+00
  2.0102750E+04 -1.392E+01 -1.415E+01 -7.968E+00
  2.0103250E+04 -1.170E+01 -1.236E+01 -8.877E+00
  2.0103750E+04 -1.234E+01 -1.250E+01 -7.005E+00
  2.0104250E+04 -1.390E+01 -1.351E+01 -5.307E+00
  2.0104750E+04 -1.355E+01 -1.393E+01 -8.403E+00
  2.0105250E+04 -1.442E+01 -1.409E+01 -5.821E+00
  2.0105750E+04 -1.306E+01 -1.325E+01 -7.586E+00
  2.0106250E+04 -1.302E+01 -1.313E+01 -7.054E+00
  2.0106750E+04 -1.321E+01 -1.315E+01 -6.261E+00
  2.0107250E+04 -1.288E+01 -1.300E+01 -7.093E+00
  2.0107750E+04 -1.422E+01 -1.378E+01 -5.282E+00
  2.0108250E+04 -1.436E+01 -1.411E+01 -6.127E+00
  2.0108750E+04 -1.446E+01 -1.395E+01 -4.948E+00
  2.0109250E+04 -1.358E+01 -1.313E+01 -4.720E+00
  2.0109750E+04 -1.225E+01 -1.258E+01 -7.732E+00
  2.0110250E+04 -1.208E+01 -1.257E+01 -8.381E+00
  2.0110750E+04 -1.150E+01 -1.146E+01 -5.831E+00
  2.0111250E+04 -1.139E+01 -1.137E+01 -5.546E+00
  2.0111750E+04 -1.345E+01 -1.339E+01 -6.314E+00
  2.0112250E+04 -1.253E+01 -1.231E+01 -5.184E+00
  2.0112750E+04 -1.270E+01 -1.277E+01 -6.673E+00
  2.0113250E+04 -1.317E+01 -1.287E+01 -5.195E+00
  2.0113750E+04 -1.071E+01 -1.080E+01 -5.776E+00
  2.0114250E+04 -1.353E+01 -1.318E+01 -5.381E+00
  2.0114750E+04 -1.299E+01 -1.265E+01 -5.019E+00
  2.0115250E+04 -1.265E+01 -1.290E+01 -7.539E+00
  2.0115750E+04 -1.320E+01 -1.286E+01 -4.919E+00
  2.0116250E+04 -1.133E+01 -1.126E+01 -5.478E+00
  2.0116750E+04 -1.286E+01 -1.220E+01 -3.487E+00
  2.0117250E+04 -1.238E+01 -1.221E+01 -5.583E+00
  2.0117750E+04 -1.195E+01 -1.222E+01 -7.341E+00
  2.0118250E+04 -1.200E+01 -1.200E+01 -5.979E+00
  2.0118750E+04 -1.108E+01 -1.102E+01 -5.394E+00
  2.0119250E+04 -1.135E+01 -1.129E+01 -5.317E+00
  2.0119750E+04 -1.256E+01 -1.221E+01 -4.563E+00
  2.0120250E+04 -1.241E+01 -1.243E+01 -6.487E+00
  2.0120750E+04 -1.165E+01 -1.177E+01 -6.622E+00
  2.0121250E+04 -1.119E+01 -1.141E+01 -6.576E+00
  2.0121750E+04 -1.272E+01 -1.214E+01 -4.314E+00
  2.0122250E+04 -1.288E+01 -1.246E+01 -4.737E+00
  2.0122750E+04 -1.206E+01 -1.220E+01 -6.579E+00
  2.0123250E+04 -1.081E+01 -1.104E+01 -6.133E+00
  2.0123750E+04 -1.148E+01 -1.158E+01 -5.995E+00
  2.0124250E+04 -1.242E+01 -1.274E+01 -7.321E+00
  2.0124750E+04 -1.152E+01 -1.155E+01 -5.993E+00
  2.0125250E+04 -1.236E+01 -1.217E+01 -5.645E+00
  2.0125750E+04 -1.073E+01 -1.062E+01 -4.901E+00
  2.0126250E+04 -1.245E+01 -1.225E+01 -5.284E+00
  2.0126750E+04 -1.227E+01 -1.214E+01 -5.530E+00
  2.0127250E+04 -1.046E+01 -1.092E+01 -7.423E+00
  2.0127750E+04 -1.149E+01 -1.147E+01 -5.861E+00
  2.0128250E+04 -1.140E+01 -1.104E+01 -4.160E+00
  2.0128750E+04 -1.157E+01 -1.138E+01 -4.867E+00
  2.0129250E+04 -1.217E+01 -1.196E+01 -5.269E+00
  2.0129750E+04 -1.112E+01 -1.109E+01 -5.537E+00
  2.0130250E+04 -1.106E+01 -1.119E+01 -5.853E+00
  2.0130750E+04 -1.039E+01 -1.043E+01 -5.409E+00
  2.0131250E+04 -1.153E+01 -1.150E+01 -5.857E+00
  2.0131750E+04 -1.016E+01 -1.041E+01 -6.356E+00
  2.0132250E+04 -1.155E+01 -1.140E+01 -5.148E+00
  2.0132750E+04 -1.218E+01 -1.209E+01 -5.673E+00
  2.0133250E+04 -1.007E+01 -9.845E+00 -4.295E+00
  2.0133750E+04 -1.044E+01 -1.065E+01 -5.836E+00
  2.0134250E+04 -1.046E+01 -1.077E+01 -6.616E+00
  2.0134750E+04 -1.146E+01 -1.097E+01 -3.673E+00
  2.0135250E+04 -1.122E+01 -1.123E+01 -5.751E+00
  2.0135750E+04 -9.881E+00 -1.004E+01 -5.770E+00
  2.0136250E+04 -1.103E+01 -1.124E+01 -6.421E+00
  2.0136750E+04 -1.078E+01 -1.074E+01 -5.206E+00
  2.0137250E+04 -9.920E+00 -9.816E+00 -4.720E+00
  2.0137750E+04 -1.127E+01 -1.133E+01 -6.087E+00
  2.0138250E+04 -1.095E+01 -1.086E+01 -5.068E+00
  2.0138750E+04 -1.104E+01 -1.123E+01 -6.177E+00
  2.0139250E+04 -9.917E+00 -1.002E+01 -5.626E+00
  2.0139750E+04 -9.745E+00 -9.952E+00 -5.948E+00
  2.0140250E+04 -1.056E+01 -1.072E+01 -6.099E+00
  2.0140750E+04 -1.025E+01 -1.015E+01 -4.965E+00
  2.0141250E+04 -1.128E+01 -1.114E+01 -5.109E+00
  2.0141750E+04 -1.016E+01 -9.963E+00 -4.058E+00
  2.0142250E+04 -9.806E+00 -9.738E+00 -4.471E+00
  2.0142750E+04 -1.133E+01 -1.099E+01 -4.057E+00
  2.0143250E+04 -1.161E+01 -1.140E+01 -4.799E+00
  2.0143750E+04 -9.125E+00 -9.359E+00 -5.653E+00
  2.0144250E+04 -9.036E+00 -9.410E+00 -6.098E+00
  2.0144750E+04 -1.008E+01 -1.017E+01 -5.619E+00
  2.0145250E+04 -1.125E+01 -1.106E+01 -4.943E+00
  2.0145750E+04 -1.015E+01 -1.011E+01 -4.823E+00
  2.0146250E+04 -1.102E+01 -1.080E+01 -4.485E+00
  2.0146750E+04 -1.071E+01 -1.060E+01 -4.816E+00
  2.0147250E+04 -9.695E+00 -9.614E+00 -4.625E+00
  2.0147750E+04 -1.018E+01 -1.064E+01 -7.463E+00
  2.0148250E+04 -9.825E+00 -9.772E+00 -4.457E+00
  2.0148750E+04 -9.471E+00 -9.098E+00 -2.997E+00
  2.0149250E+04 -9.963E+00 -9.801E+00 -4.459E+00
  2.0149750E+04 -1.063E+01 -1.048E+01 -4.498E+00
  2.0150250E+04 -8.494E+00 -8.781E+00 -5.555E+00
  2.0150750E+04 -9.176E+00 -9.642E+00 -6.671E+00
  2.0151250E+04 -9.616E+00 -9.636E+00 -4.810E+00
  2.0151750E+04 -9.949E+00 -9.587E+00 -3.614E+00
  2.0152250E+04 -1.055E+01 -1.061E+01 -5.527E+00
  2.0152750E+04 -1.128E+01 -1.094E+01 -4.158E+00
  2.0153250E+04 -9.743E+00 -9.797E+00 -5.137E+00
  2.0153750E+04 -8.961E+00 -9.030E+00 -4.641E+00
  2.0154250E+04 -1.029E+01 -1.047E+01 -6.093E+00
  2.0154750E+04 -9.851E+00 -9.611E+00 -3.988E+00
  2.0155250E+04 -9.389E+00 -9.570E+00 -5.243E+00
  2.0155750E+04 -9.757E+00 -9.646E+00 -4.325E+00
  2.0156250E+04 -9.823E+00 -9.940E+00 -5.783E+00
  2.0156750E+04 -9.430E+00 -9.792E+00 -6.434E+00
  2.0157250E+04 -1.088E+01 -1.086E+01 -5.195E+00
  2.0157750E+04 -1.024E+01 -1.025E+01 -5.255E+00
  2.0158250E+04 -8.128E+00 -8.373E+00 -5.263E+00
  2.0158750E+04 -8.458E+00 -8.437E+00 -4.307E+00
  2.0159250E+04 -8.367E+00 -8.406E+00 -4.231E+00
  2.0159750E+04 -9.557E+00 -9.204E+00 -3.256E+00
  2.0160250E+04 -9.772E+00 -9.921E+00 -5.648E+00
  2.0160750E+04 -8.606E+00 -9.014E+00 -6.195E+00
  2.0161250E+04 -8.961E+00 -8.788E+00 -3.663E+00
  2.0161750E+04 -9.935E+00 -9.707E+00 -4.023E+00
  2.0162250E+04 -8.939E+00 -9.074E+00 -5.118E+00
  2.0162750E+04 -9.134E+00 -9.228E+00 -4.858E+00
  2.0163250E+04 -8.317E+00 -8.171E+00 -3.327E+00
  2.0163750E+04 -9.844E+00 -9.686E+00 -4.430E+00
  2.0164250E+04 -8.622E+00 -8.576E+00 -4.182E+00
  2.0164750E+04 -9.390E+00 -9.233E+00 -4.076E+00
  2.0165250E+04 -1.026E+01 -1.076E+01 -7.572E+00
  2.0165750E+04 -8.325E+00 -8.412E+00 -4.756E+00
  2.0166250E+04 -9.102E+00 -9.122E+00 -4.553E+00
  2.0166750E+04 -7.974E+00 -8.132E+00 -4.648E+00
  2.0167250E+04 -1.009E+01 -1.006E+01 -4.924E+00
  2.0167750E+04 -8.354E+00 -8.448E+00 -4.455E+00
  2.0168250E+04 -8.934E+00 -9.015E+00 -4.808E+00
  2.0168750E+04 -8.831E+00 -8.962E+00 -4.967E+00
  2.0169250E+04 -8.803E+00 -8.705E+00 -4.020E+00
  2.0169750E+04 -9.655E+00 -9.614E+00 -4.491E+00
  2.0170250E+04 -8.034E+00 -8.264E+00 -5.214E+00
  2.0170750E+04 -7.614E+00 -7.922E+00 -5.354E+00
  2.0171250E+04 -9.218E+00 -9.033E+00 -4.049E+00
  2.0171750E+04 -8.820E+00 -9.002E+00 -5.034E+00
  2.0172250E+04 -7.867E+00 -7.852E+00 -4.010E+00
  2.0172750E+04 -7.872E+00 -7.683E+00 -3.182E+00
  2.0173250E+04 -7.598E+00 -7.902E+00 -5.145E+00
  2.0173750E+04 -8.829E+00 -8.956E+00 -4.901E+00
  2.0174250E+04 -8.816E+00 -8.870E+00 -4.799E+00
  2.0174750E+04 -9.048E+00 -8.942E+00 -4.326E+00
  2.0175250E+04 -8.092E+00 -8.270E+00 -4.650E+00
  2.0175750E+04 -8.615E+00 -8.935E+00 -5.829E+00
  2.0176250E+04 -9.821E+00 -9.838E+00 -4.823E+00
  2.0176750E+04 -8.232E+00 -8.056E+00 -3.307E+00
  2.0177250E+04 -7.657E+00 -7.709E+00 -4.268E+00
  2.0177750E+04 -9.208E+00 -9.284E+00 -4.941E+00
  2.0178250E+04 -9.538E+00 -9.442E+00 -4.194E+00
  2.0178750E+04 -8.743E+00 -8.407E+00 -2.718E+00
  2.0179250E+04 -6.981E+00 -7.411E+00 -4.831E+00
  2.0179750E+04 -8.332E+00 -8.568E+00 -5.122E+00
  2.0180250E+04 -8.142E+00 -8.168E+00 -4.498E+00
  2.0180750E+04 -9.532E+00 -9.366E+00 -3.821E+00
  2.0181250E+04 -8.340E+00 -8.189E+00 -3.655E+00
  2.0181750E+04 -7.656E+00 -7.831E+00 -4.947E+00
  2.0182250E+04 -8.334E+00 -8.170E+00 -3.462E+00
  2.0182750E+04 -8.339E+00 -8.469E+00 -4.667E+00
  2.0183250E+04 -7.473E+00 -7.548E+00 -4.183E+00
  2.0183750E+04 -7.263E+00 -7.394E+00 -4.096E+00
  2.0184250E+04 -6.843E+00 -6.974E+00 -3.802E+00
  2.0184750E+04 -8.277E+00 -8.203E+00 -3.909E+00
  2.0185250E+04 -7.874E+00 -7.982E+00 -4.259E+00
  2.0185750E+04 -9.071E+00 -8.787E+00 -3.351E+00
  2.0186250E+04 -8.564E+00 -8.701E+00 -4.662E+00
  2.0186750E+04 -8.388E+00 -8.630E+00 -5.257E+00
  2.0187250E+04 -9.165E+00 -8.798E+00 -3.104E+00
  2.0187750E+04 -7.656E+00 -7.959E+00 -5.322E+00
  2.0188250E+04 -8.152E+00 -8.211E+00 -4.276E+00
  2.0188750E+04 -8.053E+00 -7.754E+00 -2.804E+00
  2.0189250E+04 -6.834E+00 -6.885E+00 -3.742E+00
  2.0189750E+04 -7.201E+00 -7.165E+00 -3.508E+00
  2.0190250E+04 -7.671E+00 -7.912E+00 -5.007E+00
  2.0190750E+04 -9.025E+00 -8.629E+00 -2.745E+00
  2.0191250E+04 -7.140E+00 -7.168E+00 -3.930E+00
  2.0191750E+04 -7.436E+00 -7.752E+00 -5.379E+00
  2.0192250E+04 -8.229E+00 -8.033E+00 -3.049E+00
  2.0192750E+04 -8.045E+00 -8.100E+00 -4.246E+00
  2.0193250E+04 -7.620E+00 -7.930E+00 -5.294E+00
  2.0193750E+04 -6.836E+00 -6.913E+00 -3.994E+00
  2.0194250E+04 -8.373E+00 -8.540E+00 -4.693E+00
  2.0194750E+04 -7.156E+00 -7.003E+00 -2.757E+00
  2.0195250E+04 -6.781E+00 -6.646E+00 -2.982E+00
  2.0195750E+04 -8.809E+00 -8.781E+00 -4.399E+00
  2.0196250E+04 -8.224E+00 -8.251E+00 -4.291E+00
  2.0196750E+04 -6.456E+00 -6.843E+00 -4.869E+00
  2.0197250E+04 -7.225E+00 -7.245E+00 -3.749E+00
  2.0197750E+04 -8.154E+00 -8.110E+00 -3.743E+00
  2.0198250E+04 -7.833E+00 -7.578E+00 -2.823E+00
  2.0198750E+04 -7.665E+00 -7.621E+00 -3.738E+00
  2.0199250E+04 -7.407E+00 -7.651E+00 -4.967E+00
  2.0199750E+04 -7.752E+00 -7.531E+00 -2.627E+00
  2.0200250E+04 -8.227E+00 -8.024E+00 -3.101E+00
  2.0200750E+04 -7.542E+00 -7.487E+00 -3.641E+00
  2.0201250E+04 -6.872E+00 -6.601E+00 -3.016E+00
  2.0201750E+04 -7.509E+00 -7.767E+00 -4.304E+00
  2.0202250E+04 -6.761E+00 -6.775E+00 -3.599E+00
  2.0202750E+04 -7.617E+00 -7.593E+00 -3.668E+00
  2.0203250E+04 -8.478E+00 -8.427E+00 -4.101E+00
  2.0203750E+04 -8.002E+00 -7.893E+00 -3.312E+00
  2.0204250E+04 -7.484E+00 -7.481E+00 -3.757E+00
  2.0204750E+04 -7.223E+00 -7.103E+00 -3.068E+00
  2.0205250E+04 -6.235E+00 -6.358E+00 -3.602E+00
  2.0205750E+04 -6.983E+00 -6.903E+00 -3.253E+00
  2.0206250E+04 -6.624E+00 -6.486E+00 -2.639E+00
  2.0206750E+04 -7.042E+00 -6.975E+00 -3.372E+00
  2.0207250E+04 -6.801E+00 -6.786E+00 -3.334E+00
  2.0207750E+04 -6.566E+00 -7.029E+00 -5.060E+00
  2.0208250E+04 -6.975E+00 -7.271E+00 -4.998E+00
  2.0208750E+04 -8.603E+00 -8.555E+00 -3.955E+00
  2.0209250E+04 -6.532E+00 -6.311E+00 -2.596E+00
  2.0209750E+04 -7.070E+00 -6.695E+00 -2.193E+00
  2.0210250E+04 -6.999E+00 -7.198E+00 -4.325E+00
  2.0210750E+04 -8.379E+00 -8.491E+00 -4.481E+00
  2.0211250E+04 -7.357E+00 -7.595E+00 -4.755E+00
  2.0211750E+04 -6.735E+00 -7.035E+00 -4.743E+00
  2.0212250E+04 -6.929E+00 -7.009E+00 -3.858E+00
  2.0212750E+04 -6.971E+00 -6.952E+00 -3.343E+00
  2.0213250E+04 -8.019E+00 -7.785E+00 -2.692E+00
  2.0213750E+04 -8.127E+00 -7.730E+00 -2.425E+00
  2.0214250E+04 -6.690E+00 -6.429E+00 -2.289E+00
  2.0214750E+04 -6.358E+00 -6.533E+00 -3.899E+00
  2.0215250E+04 -6.174E+00 -6.299E+00 -3.801E+00
  2.0215750E+04 -6.269E+00 -6.224E+00 -3.130E+00
  2.0216250E+04 -5.575E+00 -5.380E+00 -2.373E+00
  2.0216750E+04 -6.946E+00 -7.164E+00 -4.462E+00
  2.0217250E+04 -7.835E+00 -7.600E+00 -2.779E+00
  2.0217750E+04 -6.045E+00 -6.218E+00 -3.856E+00
  2.0218250E+04 -6.469E+00 -6.504E+00 -3.053E+00
  2.0218750E+04 -6.378E+00 -6.349E+00 -2.996E+00
  2.0219250E+04 -6.191E+00 -6.370E+00 -3.746E+00
  2.0219750E+04 -6.858E+00 -6.831E+00 -3.298E+00
  2.0220250E+04 -7.691E+00 -7.411E+00 -2.661E+00
  2.0220750E+04 -5.734E+00 -5.952E+00 -3.936E+00
  2.0221250E+04 -6.452E+00 -6.417E+00 -3.139E+00
  2.0221750E+04 -6.615E+00 -6.703E+00 -3.935E+00
  2.0222250E+04 -6.632E+00 -6.662E+00 -3.337E+00
  2.0222750E+04 -6.273E+00 -6.373E+00 -3.454E+00
  2.0223250E+04 -6.949E+00 -6.826E+00 -2.772E+00
  2.0223750E+04 -5.923E+00 -6.294E+00 -4.775E+00
  2.0224250E+04 -6.786E+00 -6.956E+00 -3.974E+00
  2.0224750E+04 -6.670E+00 -6.611E+00 -2.887E+00
  2.0225250E+04 -7.294E+00 -7.155E+00 -2.958E+00
  2.0225750E+04 -6.445E+00 -6.352E+00 -2.911E+00
  2.0226250E+04 -5.370E+00 -5.350E+00 -2.518E+00
  2.0226750E+04 -6.131E+00 -6.328E+00 -4.354E+00
  2.0227250E+04 -6.399E+00 -6.414E+00 -3.366E+00
  2.0227750E+04 -6.932E+00 -6.937E+00 -3.645E+00
  2.0228250E+04 -6.962E+00 -6.941E+00 -3.127E+00
  2.0228750E+04 -6.173E+00 -6.194E+00 -2.829E+00
  2.0229250E+04 -5.836E+00 -5.908E+00 -3.368E+00
  2.0229750E+04 -6.126E+00 -6.223E+00 -3.867E+00
  2.0230250E+04 -6.744E+00 -6.595E+00 -2.770E+00
  2.0230750E+04 -6.895E+00 -6.624E+00 -2.115E+00
  2.0231250E+04 -7.182E+00 -7.062E+00 -3.025E+00
  2.0231750E+04 -5.517E+00 -5.697E+00 -3.523E+00
  2.0232250E+04 -5.664E+00 -5.882E+00 -3.560E+00
  2.0232750E+04 -5.932E+00 -6.016E+00 -3.323E+00
  2.0233250E+04 -6.845E+00 -6.571E+00 -1.994E+00
  2.0233750E+04 -6.763E+00 -6.542E+00 -2.510E+00
  2.0234250E+04 -6.582E+00 -6.485E+00 -2.780E+00
  2.0234750E+04 -6.091E+00 -6.042E+00 -3.045E+00
  2.0235250E+04 -6.580E+00 -6.685E+00 -3.512E+00
  2.0235750E+04 -5.975E+00 -6.132E+00 -3.055E+00
  2.0236250E+04 -5.526E+00 -5.769E+00 -4.049E+00
  2.0236750E+04 -6.060E+00 -6.092E+00 -3.468E+00
  2.0237250E+04 -5.616E+00 -5.716E+00 -3.233E+00
  2.0237750E+04 -6.105E+00 -6.342E+00 -3.915E+00
  2.0238250E+04 -5.757E+00 -5.737E+00 -2.873E+00
  2.0238750E+04 -6.673E+00 -6.518E+00 -2.661E+00
  2.0239250E+04 -6.446E+00 -6.167E+00 -1.875E+00
  2.0239750E+04 -4.812E+00 -4.918E+00 -2.965E+00
  2.0240250E+04 -5.752E+00 -5.796E+00 -3.023E+00
  2.0240750E+04 -5.471E+00 -5.523E+00 -2.985E+00
  2.0241250E+04 -6.001E+00 -5.990E+00 -3.153E+00
  2.0241750E+04 -6.576E+00 -6.298E+00 -2.189E+00
  2.0242250E+04 -6.134E+00 -6.152E+00 -2.970E+00
  2.0242750E+04 -5.397E+00 -5.528E+00 -3.342E+00
  2.0243250E+04 -5.762E+00 -5.906E+00 -3.042E+00
  2.0243750E+04 -5.091E+00 -5.395E+00 -3.955E+00
  2.0244250E+04 -5.083E+00 -5.022E+00 -2.075E+00
  2.0244750E+04 -4.858E+00 -5.072E+00 -3.676E+00
  2.0245250E+04 -5.793E+00 -5.861E+00 -3.436E+00
  2.0245750E+04 -5.067E+00 -5.099E+00 -2.946E+00
  2.0246250E+04 -5.129E+00 -5.191E+00 -2.663E+00
  2.0246750E+04 -5.494E+00 -5.490E+00 -2.606E+00
  2.0247250E+04 -6.018E+00 -5.830E+00 -1.999E+00
  2.0247750E+04 -6.125E+00 -5.899E+00 -1.888E+00
  2.0248250E+04 -6.749E+00 -6.672E+00 -3.276E+00
  2.0248750E+04 -6.327E+00 -6.562E+00 -4.306E+00
  2.0249250E+04 -5.771E+00 -5.932E+00 -3.593E+00
  2.0249750E+04 -6.411E+00 -6.256E+00 -2.584E+00
  2.0250250E+04 -5.779E+00 -5.762E+00 -2.998E+00
  2.0250750E+04 -4.480E+00 -4.778E+00 -3.739E+00
  2.0251250E+04 -6.048E+00 -5.975E+00 -2.475E+00
  2.0251750E+04 -5.714E+00 -5.697E+00 -2.802E+00
  2.0252250E+04 -4.813E+00 -4.947E+00 -3.227E+00
  2.0252750E+04 -5.483E+00 -5.657E+00 -3.606E+00
  2.0253250E+04 -4.788E+00 -4.864E+00 -2.866E+00
  2.0253750E+04 -5.081E+00 -4.940E+00 -1.895E+00
  2.0254250E+04 -6.596E+00 -6.396E+00 -2.406E+00
  2.0254750E+04 -5.165E+00 -5.070E+00 -1.862E+00
  2.0255250E+04 -4.987E+00 -5.214E+00 -3.553E+00
  2.0255750E+04 -5.332E+00 -5.538E+00 -3.658E+00
  2.0256250E+04 -5.748E+00 -5.613E+00 -2.374E+00
  2.0256750E+04 -5.601E+00 -5.592E+00 -2.856E+00
  2.0257250E+04 -5.381E+00 -5.475E+00 -2.788E+00
  2.0257750E+04 -5.855E+00 -5.771E+00 -2.315E+00
  2.0258250E+04 -5.380E+00 -5.576E+00 -3.957E+00
  2.0258750E+04 -4.903E+00 -4.975E+00 -2.884E+00
  2.0259250E+04 -5.014E+00 -4.914E+00 -2.005E+00
  2.0259750E+04 -5.902E+00 -5.670E+00 -1.866E+00
  2.0260250E+04 -4.327E+00 -4.312E+00 -2.338E+00
  2.0260750E+04 -5.289E+00 -5.310E+00 -2.592E+00
  2.0261250E+04 -5.670E+00 -5.799E+00 -3.184E+00
  2.0261750E+04 -6.173E+00 -6.097E+00 -2.612E+00
  2.0262250E+04 -5.112E+00 -5.202E+00 -3.043E+00
  2.0262750E+04 -5.707E+00 -5.676E+00 -2.870E+00
  2.0263250E+04 -5.630E+00 -5.470E+00 -2.035E+00
  2.0263750E+04 -5.672E+00 -5.541E+00 -2.596E+00
  2.0264250E+04 -4.475E+00 -4.430E+00 -1.896E+00
  2.0264750E+04 -4.946E+00 -4.930E+00 -2.293E+00
  2.0265250E+04 -5.673E+00 -5.713E+00 -3.100E+00
  2.0265750E+04 -5.454E+00 -5.673E+00 -3.647E+00
  2.0266250E+04 -4.923E+00 -5.161E+00 -3.234E+00
  2.0266750E+04 -5.631E+00 -5.519E+00 -2.363E+00
  2.0267250E+04 -5.928E+00 -5.649E+00 -1.596E+00
  2.0267750E+04 -5.250E+00 -5.097E+00 -2.141E+00
  2.0268250E+04 -5.769E+00 -5.572E+00 -2.340E+00
  2.0268750E+04 -5.841E+00 -5.813E+00 -2.961E+00
  2.0269250E+04 -4.207E+00 -4.437E+00 -3.280E+00
  2.0269750E+04 -4.755E+00 -4.908E+00 -3.171E+00
  2.0270250E+04 -5.718E+00 -5.639E+00 -2.359E+00
  2.0270750E+04 -5.404E+00 -5.282E+00 -2.208E+00
  2.0271250E+04 -5.230E+00 -5.242E+00 -2.450E+00
  2.0271750E+04 -5.165E+00 -5.311E+00 -3.235E+00
  2.0272250E+04 -4.678E+00 -4.866E+00 -3.239E+00
  2.0272750E+04 -5.089E+00 -5.287E+00 -3.605E+00
  2.0273250E+04 -6.004E+00 -5.588E+00 -1.063E+00
  2.0273750E+04 -4.016E+00 -4.370E+00 -3.975E+00
  2.0274250E+04 -5.023E+00 -5.238E+00 -3.596E+00
  2.0274750E+04 -5.486E+00 -5.389E+00 -2.165E+00
  2.0275250E+04 -6.166E+00 -5.934E+00 -1.753E+00
  2.0275750E+04 -4.742E+00 -4.765E+00 -2.493E+00
  2.0276250E+04 -4.355E+00 -4.531E+00 -3.028E+00
  2.0276750E+04 -5.265E+00 -5.299E+00 -2.646E+00
  2.0277250E+04 -5.145E+00 -5.117E+00 -2.560E+00
  2.0277750E+04 -5.506E+00 -5.637E+00 -3.222E+00
  2.0278250E+04 -5.818E+00 -5.861E+00 -2.925E+00
  2.0278750E+04 -3.991E+00 -4.005E+00 -2.187E+00
  2.0279250E+04 -4.885E+00 -4.928E+00 -2.693E+00
  2.0279750E+04 -5.618E+00 -5.466E+00 -1.905E+00
  2.0280250E+04 -5.291E+00 -5.192E+00 -2.260E+00
  2.0280750E+04 -4.280E+00 -4.582E+00 -3.352E+00
  2.0281250E+04 -4.703E+00 -4.785E+00 -2.508E+00
  2.0281750E+04 -5.536E+00 -5.546E+00 -2.724E+00
  2.0282250E+04 -3.956E+00 -4.015E+00 -2.106E+00
  2.0282750E+04 -4.328E+00 -4.478E+00 -2.921E+00
  2.0283250E+04 -4.642E+00 -4.682E+00 -2.725E+00
  2.0283750E+04 -4.519E+00 -4.479E+00 -1.936E+00
  2.0284250E+04 -4.698E+00 -4.769E+00 -2.524E+00
  2.0284750E+04 -4.915E+00 -4.699E+00 -1.569E+00
  2.0285250E+04 -4.962E+00 -4.785E+00 -1.709E+00
  2.0285750E+04 -4.973E+00 -4.971E+00 -2.501E+00
  2.0286250E+04 -4.211E+00 -4.426E+00 -2.945E+00
  2.0286750E+04 -3.898E+00 -4.044E+00 -2.589E+00
  2.0287250E+04 -4.805E+00 -4.602E+00 -1.715E+00
  2.0287750E+04 -4.945E+00 -4.829E+00 -2.093E+00
  2.0288250E+04 -3.757E+00 -3.769E+00 -1.897E+00
  2.0288750E+04 -4.795E+00 -4.739E+00 -2.162E+00
  2.0289250E+04 -4.953E+00 -4.928E+00 -2.526E+00
  2.0289750E+04 -4.696E+00 -4.750E+00 -2.588E+00
  2.0290250E+04 -4.585E+00 -4.707E+00 -2.856E+00
  2.0290750E+04 -4.255E+00 -4.282E+00 -1.974E+00
  2.0291250E+04 -4.852E+00 -4.874E+00 -2.449E+00
  2.0291750E+04 -4.620E+00 -4.626E+00 -2.469E+00
  2.0292250E+04 -4.576E+00 -4.466E+00 -1.604E+00
  2.0292750E+04 -4.016E+00 -4.098E+00 -2.497E+00
  2.0293250E+04 -4.717E+00 -4.820E+00 -2.745E+00
  2.0293750E+04 -4.491E+00 -4.574E+00 -2.846E+00
  2.0294250E+04 -4.055E+00 -4.094E+00 -2.351E+00
  2.0294750E+04 -4.202E+00 -4.174E+00 -2.111E+00
  2.0295250E+04 -4.782E+00 -4.747E+00 -2.268E+00
  2.0295750E+04 -4.722E+00 -4.520E+00 -1.534E+00
  2.0296250E+04 -4.876E+00 -4.904E+00 -2.717E+00
  2.0296750E+04 -3.586E+00 -3.627E+00 -1.880E+00
  2.0297250E+04 -3.845E+00 -4.193E+00 -3.207E+00
  2.0297750E+04 -4.679E+00 -4.776E+00 -2.791E+00
  2.0298250E+04 -4.400E+00 -4.659E+00 -3.435E+00
  2.0298750E+04 -4.519E+00 -4.552E+00 -2.297E+00
  2.0299250E+04 -3.994E+00 -3.861E+00 -1.568E+00
  2.0299750E+04 -4.113E+00 -4.038E+00 -1.429E+00
  2.0300250E+04 -4.331E+00 -4.301E+00 -1.936E+00
  2.0300750E+04 -4.133E+00 -4.170E+00 -2.224E+00
  2.0301250E+04 -4.579E+00 -4.828E+00 -3.540E+00
  2.0301750E+04 -3.709E+00 -3.654E+00 -1.526E+00
  2.0302250E+04 -4.932E+00 -4.837E+00 -1.939E+00
  2.0302750E+04 -4.726E+00 -4.584E+00 -2.053E+00
  2.0303250E+04 -4.739E+00 -4.301E+00 -8.729E-01
  2.0303750E+04 -4.773E+00 -4.641E+00 -1.625E+00
  2.0304250E+04 -4.114E+00 -4.243E+00 -2.588E+00
  2.0304750E+04 -4.038E+00 -4.283E+00 -2.990E+00
  2.0305250E+04 -5.028E+00 -5.107E+00 -2.587E+00
  2.0305750E+04 -3.863E+00 -3.733E+00 -1.332E+00
  2.0306250E+04 -4.465E+00 -4.485E+00 -2.271E+00
  2.0306750E+04 -5.293E+00 -5.179E+00 -2.403E+00
  2.0307250E+04 -3.798E+00 -3.959E+00 -2.594E+00
  2.0307750E+04 -3.909E+00 -3.919E+00 -2.107E+00
  2.0308250E+04 -4.607E+00 -4.718E+00 -2.513E+00
  2.0308750E+04 -4.224E+00 -4.393E+00 -2.973E+00
  2.0309250E+04 -4.072E+00 -4.045E+00 -1.863E+00
  2.0309750E+04 -3.901E+00 -3.896E+00 -2.139E+00
  2.0310250E+04 -4.241E+00 -4.278E+00 -2.252E+00
  2.0310750E+04 -4.638E+00 -4.427E+00 -1.115E+00
  2.0311250E+04 -4.488E+00 -4.522E+00 -2.145E+00
  2.0311750E+04 -3.879E+00 -4.066E+00 -2.860E+00
  2.0312250E+04 -4.614E+00 -4.623E+00 -2.145E+00
  2.0312750E+04 -3.799E+00 -3.816E+00 -1.990E+00
  2.0313250E+04 -4.492E+00 -4.415E+00 -1.986E+00
  2.0313750E+04 -3.656E+00 -3.723E+00 -2.488E+00
  2.0314250E+04 -3.894E+00 -4.139E+00 -2.972E+00
  2.0314750E+04 -3.895E+00 -3.985E+00 -2.862E+00
  2.0315250E+04 -4.692E+00 -4.367E+00 -1.303E+00
  2.0315750E+04 -4.445E+00 -4.636E+00 -2.863E+00
  2.0316250E+04 -3.615E+00 -3.734E+00 -1.992E+00
  2.0316750E+04 -3.828E+00 -3.968E+00 -2.448E+00
  2.0317250E+04 -3.746E+00 -3.725E+00 -1.336E+00
  2.0317750E+04 -3.723E+00 -3.791E+00 -2.441E+00
  2.0318250E+04 -3.395E+00 -3.465E+00 -1.848E+00
  2.0318750E+04 -4.505E+00 -4.365E+00 -1.770E+00
  2.0319250E+04 -3.864E+00 -3.790E+00 -1.690E+00
  2.0319750E+04 -3.958E+00 -3.736E+00 -1.282E+00
  2.0320250E+04 -3.744E+00 -3.613E+00 -1.672E+00
  2.0320750E+04 -4.322E+00 -4.576E+00 -2.420E+00
  2.0321250E+04 -3.555E+00 -3.672E+00 -2.231E+00
  2.0321750E+04 -3.754E+00 -3.830E+00 -2.179E+00
  2.0322250E+04 -3.905E+00 -4.052E+00 -2.850E+00
  2.0322750E+04 -4.440E+00 -4.304E+00 -1.243E+00
  2.0323250E+04 -4.775E+00 -4.631E+00 -1.549E+00
  2.0323750E+04 -3.645E+00 -3.549E+00 -1.579E+00
  2.0324250E+04 -3.748E+00 -3.859E+00 -2.445E+00
  2.0324750E+04 -4.000E+00 -4.155E+00 -2.782E+00
  2.0325250E+04 -4.246E+00 -4.211E+00 -2.055E+00
  2.0325750E+04 -4.003E+00 -3.987E+00 -2.013E+00
  2.0326250E+04 -3.661E+00 -3.700E+00 -1.988E+00
  2.0326750E+04 -3.120E+00 -3.263E+00 -2.434E+00
  2.0327250E+04 -3.518E+00 -3.529E+00 -1.866E+00
  2.0327750E+04 -4.000E+00 -3.921E+00 -1.584E+00
  2.0328250E+04 -4.085E+00 -3.796E+00 -9.019E-01
  2.0328750E+04 -3.978E+00 -4.028E+00 -2.239E+00
  2.0329250E+04 -3.862E+00 -3.949E+00 -2.196E+00
  2.0329750E+04 -4.162E+00 -4.025E+00 -1.199E+00
  2.0330250E+04 -4.748E+00 -4.759E+00 -2.387E+00
  2.0330750E+04 -3.642E+00 -3.714E+00 -2.221E+00
  2.0331250E+04 -3.311E+00 -3.343E+00 -1.926E+00
  2.0331750E+04 -3.967E+00 -4.142E+00 -2.767E+00
  2.0332250E+04 -3.553E+00 -3.722E+00 -2.249E+00
  2.0332750E+04 -3.451E+00 -3.609E+00 -2.268E+00
  2.0333250E+04 -3.035E+00 -3.400E+00 -2.939E+00
  2.0333750E+04 -4.329E+00 -4.159E+00 -1.537E+00
  2.0334250E+04 -3.596E+00 -3.496E+00 -1.734E+00
  2.0334750E+04 -3.262E+00 -3.435E+00 -2.422E+00
  2.0335250E+04 -4.052E+00 -3.995E+00 -1.908E+00
  2.0335750E+04 -4.066E+00 -4.124E+00 -2.327E+00
  2.0336250E+04 -4.340E+00 -4.191E+00 -1.096E+00
  2.0336750E+04 -3.887E+00 -3.640E+00 -8.841E-01
  2.0337250E+04 -3.489E+00 -3.540E+00 -2.267E+00
  2.0337750E+04 -2.878E+00 -3.110E+00 -2.429E+00
  2.0338250E+04 -3.969E+00 -3.941E+00 -1.891E+00
  2.0338750E+04 -3.279E+00 -3.277E+00 -1.440E+00
  2.0339250E+04 -2.941E+00 -3.149E+00 -2.334E+00
  2.0339750E+04 -3.569E+00 -3.444E+00 -1.277E+00
  2.0340250E+04 -3.711E+00 -3.644E+00 -2.239E+00
  2.0340750E+04 -3.249E+00 -3.345E+00 -2.529E+00
  2.0341250E+04 -3.275E+00 -3.111E+00 -9.466E-01
  2.0341750E+04 -4.221E+00 -4.107E+00 -1.424E+00
  2.0342250E+04 -3.339E+00 -3.340E+00 -1.445E+00
  2.0342750E+04 -3.791E+00 -3.918E+00 -2.023E+00
  2.0343250E+04 -3.781E+00 -3.652E+00 -1.325E+00
  2.0343750E+04 -3.435E+00 -3.510E+00 -2.212E+00
  2.0344250E+04 -3.258E+00 -3.290E+00 -2.038E+00
  2.0344750E+04 -3.607E+00 -3.664E+00 -2.041E+00
  2.0345250E+04 -3.942E+00 -3.909E+00 -1.923E+00
  2.0345750E+04 -3.226E+00 -3.219E+00 -1.595E+00
  2.0346250E+04 -3.087E+00 -3.219E+00 -2.256E+00
  2.0346750E+04 -3.549E+00 -3.511E+00 -1.589E+00
  2.0347250E+04 -4.170E+00 -4.205E+00 -1.942E+00
  2.0347750E+04 -3.921E+00 -4.029E+00 -2.043E+00
  2.0348250E+04 -3.330E+00 -3.387E+00 -1.863E+00
  2.0348750E+04 -3.146E+00 -2.990E+00 -9.816E-01
  2.0349250E+04 -3.070E+00 -3.194E+00 -2.263E+00
  2.0349750E+04 -3.546E+00 -3.769E+00 -2.516E+00
  2.0350250E+04 -4.040E+00 -4.282E+00 -2.859E+00
  2.0350750E+04 -3.771E+00 -3.711E+00 -1.461E+00
  2.0351250E+04 -3.209E+00 -3.047E+00 -1.045E+00
  2.0351750E+04 -2.901E+00 -3.039E+00 -2.160E+00
  2.0352250E+04 -2.925E+00 -2.896E+00 -1.057E+00
  2.0352750E+04 -3.151E+00 -3.299E+00 -2.604E+00
  2.0353250E+04 -3.838E+00 -3.832E+00 -1.866E+00
  2.0353750E+04 -3.338E+00 -3.165E+00 -1.054E+00
  2.0354250E+04 -2.917E+00 -2.888E+00 -1.750E+00
  2.0354750E+04 -3.267E+00 -3.441E+00 -2.559E+00
  2.0355250E+04 -3.808E+00 -4.028E+00 -1.928E+00
  2.0355750E+04 -3.350E+00 -3.404E+00 -1.569E+00
  2.0356250E+04 -2.722E+00 -2.711E+00 -1.535E+00
  2.0356750E+04 -3.423E+00 -3.453E+00 -1.716E+00
  2.0357250E+04 -3.253E+00 -3.294E+00 -1.512E+00
  2.0357750E+04 -3.312E+00 -3.687E+00 -3.147E+00
  2.0358250E+04 -3.955E+00 -3.929E+00 -2.055E+00
  2.0358750E+04 -3.078E+00 -2.957E+00 -9.927E-01
  2.0359250E+04 -3.611E+00 -3.490E+00 -1.558E+00
  2.0359750E+04 -3.975E+00 -3.996E+00 -1.790E+00
  2.0360250E+04 -4.124E+00 -4.247E+00 -1.409E+00
  2.0360750E+04 -3.095E+00 -3.109E+00 -5.458E-01
  2.0361250E+04 -2.912E+00 -2.668E+00 -8.120E-01
  2.0361750E+04 -2.950E+00 -2.829E+00 -1.032E+00
  2.0362250E+04 -3.085E+00 -3.030E+00 -1.206E+00
  2.0362750E+04 -2.704E+00 -2.542E+00 -1.139E+00
  2.0363250E+04 -3.750E+00 -3.617E+00 -1.952E+00
  2.0363750E+04 -3.971E+00 -4.025E+00 -2.179E+00
  2.0364250E+04 -3.375E+00 -3.337E+00 -1.711E+00
  2.0364750E+04 -3.004E+00 -3.092E+00 -2.829E+00
  2.0365250E+04 -3.139E+00 -3.082E+00 -8.158E-01
  2.0365750E+04 -3.106E+00 -3.230E+00 -1.981E+00
  2.0366250E+04 -3.263E+00 -3.517E+00 -2.733E+00
  2.0366750E+04 -2.938E+00 -2.997E+00 -1.939E+00
  2.0367250E+04 -2.542E+00 -2.626E+00 -1.722E+00
  2.0367750E+04 -2.526E+00 -2.616E+00 -1.285E+00
  2.0368250E+04 -3.545E+00 -3.546E+00 -1.477E+00
  2.0368750E+04 -3.256E+00 -3.281E+00 -1.510E+00
  2.0369250E+04 -3.730E+00 -3.766E+00 -2.062E+00
  2.0369750E+04 -2.510E+00 -2.454E+00 -1.033E+00
  2.0370250E+04 -3.474E+00 -3.300E+00 -1.273E+00
  2.0370750E+04 -3.163E+00 -3.280E+00 -2.269E+00
  2.0371250E+04 -3.398E+00 -3.340E+00 -1.509E+00
  2.0371750E+04 -2.774E+00 -2.892E+00 -1.788E+00
  2.0372250E+04 -3.222E+00 -3.127E+00 -5.712E-01
  2.0372750E+04 -3.066E+00 -3.143E+00 -1.725E+00
  2.0373250E+04 -3.478E+00 -3.550E+00 -2.030E+00
  2.0373750E+04 -3.439E+00 -3.425E+00 -1.510E+00
  2.0374250E+04 -3.107E+00 -3.073E+00 -1.342E+00
  2.0374750E+04 -3.010E+00 -2.972E+00 -1.376E+00
  2.0375250E+04 -3.444E+00 -3.400E+00 -1.614E+00
  2.0375750E+04 -3.371E+00 -3.481E+00 -2.157E+00
  2.0376250E+04 -3.287E+00 -3.245E+00 -1.508E+00
  2.0376750E+04 -2.894E+00 -2.990E+00 -1.887E+00
  2.0377250E+04 -3.036E+00 -3.191E+00 -2.146E+00
  2.0377750E+04 -2.428E+00 -2.485E+00 -1.640E+00
  2.0378250E+04 -2.517E+00 -2.656E+00 -1.879E+00
  2.0378750E+04 -2.969E+00 -3.058E+00 -1.745E+00
  2.0379250E+04 -3.479E+00 -3.285E+00 -8.702E-01
  2.0379750E+04 -2.803E+00 -2.938E+00 -2.281E+00
  2.0380250E+04 -2.895E+00 -2.897E+00 -1.528E+00
  2.0380750E+04 -2.607E+00 -2.702E+00 -1.801E+00
  2.0381250E+04 -3.365E+00 -3.286E+00 -1.428E+00
  2.0381750E+04 -2.551E+00 -2.713E+00 -2.047E+00
  2.0382250E+04 -3.097E+00 -3.095E+00 -1.666E+00
  2.0382750E+04 -2.869E+00 -2.884E+00 -1.530E+00
  2.0383250E+04 -2.762E+00 -2.694E+00 -1.211E+00
  2.0383750E+04 -3.133E+00 -3.127E+00 -1.308E+00
  2.0384250E+04 -3.603E+00 -3.559E+00 -1.765E+00
  2.0384750E+04 -2.987E+00 -3.040E+00 -1.633E+00
  2.0385250E+04 -2.769E+00 -2.912E+00 -1.863E+00
  2.0385750E+04 -2.678E+00 -2.791E+00 -1.590E+00
  2.0386250E+04 -3.106E+00 -3.163E+00 -1.849E+00
  2.0386750E+04 -2.902E+00 -2.871E+00 -1.514E+00
  2.0387250E+04 -2.256E+00 -2.300E+00 -1.489E+00
  2.0387750E+04 -3.124E+00 -3.058E+00 -1.271E+00
  2.0388250E+04 -2.783E+00 -2.922E+00 -2.015E+00
  2.0388750E+04 -3.081E+00 -3.168E+00 -1.948E+00
  2.0389250E+04 -2.992E+00 -2.809E+00 -5.746E-01
  2.0389750E+04 -3.058E+00 -3.180E+00 -2.244E+00
  2.0390250E+04 -3.157E+00 -3.117E+00 -1.287E+00
  2.0390750E+04 -2.868E+00 -2.728E+00 -8.376E-01
  2.0391250E+04 -2.751E+00 -2.896E+00 -1.858E+00
  2.0391750E+04 -3.357E+00 -3.297E+00 -1.499E+00
  2.0392250E+04 -3.150E+00 -3.152E+00 -1.838E+00
  2.0392750E+04 -2.966E+00 -2.945E+00 -1.384E+00
  2.0393250E+04 -3.431E+00 -3.512E+00 -1.957E+00
  2.0393750E+04 -2.846E+00 -2.830E+00 -1.310E+00
  2.0394250E+04 -2.426E+00 -2.402E+00 -1.197E+00
  2.0394750E+04 -2.378E+00 -2.420E+00 -1.270E+00
  2.0395250E+04 -2.948E+00 -2.972E+00 -1.455E+00
  2.0395750E+04 -3.212E+00 -3.046E+00 -7.931E-01
  2.0396250E+04 -3.169E+00 -3.152E+00 -1.040E+00
  2.0396750E+04 -2.941E+00 -3.086E+00 -1.891E+00
  2.0397250E+04 -2.395E+00 -2.326E+00 -1.164E+00
  2.0397750E+04 -2.928E+00 -2.641E+00 -2.152E-01
  2.0398250E+04 -2.332E+00 -2.507E+00 -1.571E+00
  2.0398750E+04 -2.592E+00 -2.735E+00 -1.778E+00
  2.0399250E+04 -2.177E+00 -2.133E+00 -1.030E+00
  2.0399750E+04 -2.466E+00 -2.479E+00 -1.231E+00
  2.0400250E+04 -3.057E+00 -3.093E+00 -1.756E+00
  2.0400750E+04 -2.629E+00 -2.603E+00 -1.206E+00
  2.0401250E+04 -2.446E+00 -2.584E+00 -1.743E+00
  2.0401750E+04 -2.561E+00 -2.497E+00 -9.848E-01
  2.0402250E+04 -2.723E+00 -2.663E+00 -1.421E+00
  2.0402750E+04 -2.905E+00 -2.928E+00 -1.462E+00
  2.0403250E+04 -2.648E+00 -2.672E+00 -1.384E+00
  2.0403750E+04 -2.769E+00 -2.605E+00 -1.493E+00
  2.0404250E+04 -3.163E+00 -2.990E+00 -1.157E+00
  2.0404750E+04 -3.203E+00 -3.351E+00 -1.790E+00
  2.0405250E+04 -3.161E+00 -3.364E+00 -1.834E+00
  2.0405750E+04 -2.485E+00 -2.601E+00 -1.862E+00
  2.0406250E+04 -2.891E+00 -2.914E+00 -1.753E+00
  2.0406750E+04 -3.394E+00 -3.274E+00 -1.221E+00
  2.0407250E+04 -2.455E+00 -1.966E+00 -9.338E-01
  2.0407750E+04 -2.347E+00 -1.970E+00 -1.392E+00
  2.0408250E+04 -2.694E+00 -3.090E+00 -9.298E-01
  2.0408750E+04 -2.626E+00 -2.760E+00 -1.888E+00
  2.0409250E+04 -2.472E+00 -2.721E+00 -2.301E+00
  2.0409750E+04 -2.435E+00 -2.537E+00 -1.563E+00
  2.0410250E+04 -2.816E+00 -2.760E+00 -1.325E+00
  2.0410750E+04 -2.324E+00 -2.409E+00 -1.775E+00
  2.0411250E+04 -2.928E+00 -2.976E+00 -1.477E+00
  2.0411750E+04 -3.102E+00 -2.964E+00 -1.328E+00
  2.0412250E+04 -2.250E+00 -2.335E+00 -1.046E+00
  2.0412750E+04 -2.919E+00 -3.228E+00 -1.491E+00
  2.0413250E+04 -2.608E+00 -2.030E+00 -5.153E-01
  2.0413750E+04 -2.593E+00 -2.634E+00 -1.273E+00
  2.0414250E+04 -2.680E+00 -2.719E+00 -1.472E+00
  2.0414750E+04 -2.838E+00 -2.840E+00 -1.180E+00
  2.0415250E+04 -2.728E+00 -2.679E+00 -1.551E+00
  2.0415750E+04 -2.833E+00 -2.818E+00 -1.574E+00
  2.0416250E+04 -2.595E+00 -2.766E+00 -1.845E+00
  2.0416750E+04 -2.583E+00 -2.646E+00 -1.393E+00
  2.0417250E+04 -2.930E+00 -2.918E+00 -1.490E+00
  2.0417750E+04 -3.374E+00 -3.138E+00 -6.108E-01
  2.0418250E+04 -2.885E+00 -2.963E+00 -1.684E+00
  2.0418750E+04 -2.023E+00 -2.144E+00 -1.303E+00
  2.0419250E+04 -2.289E+00 -2.086E+00 -1.036E-01
  2.0419750E+04 -2.138E+00 -2.136E+00 -8.114E-01
  2.0420250E+04 -1.695E+00 -1.846E+00 -1.800E+00
  2.0420750E+04 -2.216E+00 -2.356E+00 -1.984E+00
  2.0421250E+04 -2.709E+00 -2.774E+00 -1.503E+00
  2.0421750E+04 -2.839E+00 -2.562E+00 -5.817E-02
  2.0422250E+04 -2.131E+00 -2.126E+00 -8.968E-01
  2.0422750E+04 -2.393E+00 -2.449E+00 -1.456E+00
  2.0423250E+04 -2.393E+00 -2.370E+00 -1.031E+00
  2.0423750E+04 -3.003E+00 -2.971E+00 -1.483E+00
  2.0424250E+04 -2.019E+00 -2.083E+00 -1.439E+00
  2.0424750E+04 -2.370E+00 -2.417E+00 -1.335E+00
  2.0425250E+04 -2.493E+00 -2.599E+00 -1.680E+00
  2.0425750E+04 -2.154E+00 -2.208E+00 -1.241E+00
  2.0426250E+04 -3.018E+00 -3.017E+00 -1.358E+00
  2.0426750E+04 -3.217E+00 -3.234E+00 -1.642E+00
  2.0427250E+04 -2.638E+00 -2.670E+00 -1.452E+00
  2.0427750E+04 -1.995E+00 -2.051E+00 -1.321E+00
  2.0428250E+04 -2.050E+00 -2.238E+00 -1.974E+00
  2.0428750E+04 -2.503E+00 -2.502E+00 -1.283E+00
  2.0429250E+04 -2.387E+00 -2.403E+00 -1.374E+00
  2.0429750E+04 -2.143E+00 -2.070E+00 -7.244E-01
  2.0430250E+04 -2.282E+00 -2.309E+00 -1.340E+00
  2.0430750E+04 -2.250E+00 -2.402E+00 -2.095E+00
  2.0431250E+04 -2.820E+00 -2.937E+00 -1.762E+00
  2.0431750E+04 -2.997E+00 -2.999E+00 -1.364E+00
  2.0432250E+04 -1.748E+00 -1.832E+00 -1.375E+00
  2.0432750E+04 -1.906E+00 -1.871E+00 -8.354E-01
  2.0433250E+04 -2.252E+00 -2.338E+00 -1.401E+00
  2.0433750E+04 -2.285E+00 -2.226E+00 -1.450E+00
  2.0434250E+04 -1.928E+00 -1.961E+00 -1.263E+00
  2.0434750E+04 -2.278E+00 -2.215E+00 -1.105E+00
  2.0435250E+04 -2.394E+00 -2.386E+00 -1.215E+00
  2.0435750E+04 -2.424E+00 -2.451E+00 -1.298E+00
  2.0436250E+04 -2.406E+00 -2.544E+00 -1.616E+00
  2.0436750E+04 -2.252E+00 -2.264E+00 -9.726E-01
  2.0437250E+04 -2.977E+00 -2.949E+00 -1.220E+00
  2.0437750E+04 -2.034E+00 -1.998E+00 -1.579E+00
  2.0438250E+04 -1.963E+00 -1.987E+00 -1.619E+00
  2.0438750E+04 -2.391E+00 -2.450E+00 -7.761E-01
  2.0439250E+04 -2.085E+00 -2.146E+00 -1.279E+00
  2.0439750E+04 -2.063E+00 -1.999E+00 -5.047E-01
  2.0440250E+04 -2.796E+00 -2.768E+00 -1.385E+00
  2.0440750E+04 -2.549E+00 -2.461E+00 -6.189E-01
  2.0441250E+04 -1.821E+00 -2.013E+00 -1.691E+00
  2.0441750E+04 -3.019E+00 -3.008E+00 -1.038E+00
  2.0442250E+04 -2.760E+00 -2.761E+00 -1.479E+00
  2.0442750E+04 -2.325E+00 -2.313E+00 -1.184E+00
  2.0443250E+04 -2.597E+00 -2.467E+00 -7.027E-01
  2.0443750E+04 -2.277E+00 -2.249E+00 -9.695E-01
  2.0444250E+04 -2.178E+00 -2.227E+00 -1.354E+00
  2.0444750E+04 -2.557E+00 -2.609E+00 -1.755E+00
  2.0445250E+04 -1.720E+00 -1.804E+00 -1.143E+00
  2.0445750E+04 -2.530E+00 -2.482E+00 -1.047E+00
  2.0446250E+04 -2.376E+00 -2.408E+00 -1.707E+00
  2.0446750E+04 -2.537E+00 -2.691E+00 -1.651E+00
  2.0447250E+04 -2.316E+00 -2.451E+00 -1.206E+00
  2.0447750E+04 -1.762E+00 -1.844E+00 -1.013E+00
  2.0448250E+04 -1.814E+00 -1.625E+00 -3.059E-01
  2.0448750E+04 -2.453E+00 -2.290E+00 -4.014E-01
  2.0449250E+04 -1.701E+00 -1.871E+00 -1.539E+00
  2.0449750E+04 -2.649E+00 -2.625E+00 -1.254E+00
  2.0450250E+04 -2.380E+00 -2.191E+00 -4.576E-01
  2.0450750E+04 -2.417E+00 -2.207E+00 -3.398E-01
  2.0451250E+04 -2.150E+00 -2.171E+00 -1.143E+00
  2.0451750E+04 -2.029E+00 -2.320E+00 -2.122E+00
  2.0452250E+04 -2.516E+00 -2.663E+00 -1.760E+00
  2.0452750E+04 -2.315E+00 -2.274E+00 -9.202E-01
  2.0453250E+04 -1.647E+00 -1.836E+00 -1.397E+00
  2.0453750E+04 -1.932E+00 -1.970E+00 -1.233E+00
  2.0454250E+04 -2.044E+00 -2.102E+00 -1.214E+00
  2.0454750E+04 -1.737E+00 -1.757E+00 -9.644E-01
  2.0455250E+04 -2.115E+00 -2.195E+00 -1.414E+00
  2.0455750E+04 -1.780E+00 -1.819E+00 -1.126E+00
  2.0456250E+04 -2.075E+00 -2.187E+00 -1.861E+00
  2.0456750E+04 -2.522E+00 -2.484E+00 -1.257E+00
  2.0457250E+04 -2.398E+00 -2.227E+00 -2.136E-01
  2.0457750E+04 -2.612E+00 -2.587E+00 -9.877E-01
  2.0458250E+04 -1.917E+00 -1.899E+00 -9.518E-01
  2.0458750E+04 -2.178E+00 -2.043E+00 -4.728E-01
  2.0459250E+04 -2.318E+00 -2.263E+00 -7.812E-01
  2.0459750E+04 -2.037E+00 -2.156E+00 -1.732E+00
  2.0460250E+04 -2.432E+00 -2.435E+00 -1.161E+00
  2.0460750E+04 -1.842E+00 -1.754E+00 -5.852E-01
  2.0461250E+04 -2.223E+00 -2.223E+00 -1.058E+00
  2.0461750E+04 -2.064E+00 -1.958E+00 -4.003E-01
  2.0462250E+04 -2.616E+00 -2.488E+00 -7.810E-01
  2.0462750E+04 -2.415E+00 -2.503E+00 -1.579E+00
  2.0463250E+04 -2.084E+00 -2.050E+00 -1.167E+00
  2.0463750E+04 -2.180E+00 -2.227E+00 -9.586E-01
  2.0464250E+04 -1.933E+00 -2.083E+00 -1.274E+00
  2.0464750E+04 -1.762E+00 -1.799E+00 -1.174E+00
  2.0465250E+04 -1.832E+00 -1.787E+00 -9.368E-01
  2.0465750E+04 -1.663E+00 -1.627E+00 -8.300E-01
  2.0466250E+04 -2.373E+00 -2.384E+00 -1.247E+00
  2.0466750E+04 -2.281E+00 -2.330E+00 -1.638E+00
  2.0467250E+04 -2.266E+00 -2.257E+00 -9.023E-01
  2.0467750E+04 -2.069E+00 -1.945E+00 -3.564E-01
  2.0468250E+04 -2.324E+00 -2.287E+00 -9.167E-01
  2.0468750E+04 -1.726E+00 -1.818E+00 -1.459E+00
  2.0469250E+04 -1.896E+00 -1.963E+00 -9.392E-01
  2.0469750E+04 -2.301E+00 -2.273E+00 -9.527E-01
  2.0470250E+04 -1.872E+00 -1.936E+00 -9.456E-01
  2.0470750E+04 -1.871E+00 -1.886E+00 -9.193E-01
  2.0471250E+04 -1.858E+00 -1.973E+00 -1.454E+00
  2.0471750E+04 -2.062E+00 -2.117E+00 -1.375E+00
  2.0472250E+04 -1.854E+00 -1.869E+00 -8.892E-01
  2.0472750E+04 -1.896E+00 -1.963E+00 -1.361E+00
  2.0473250E+04 -1.353E+00 -1.417E+00 -1.068E+00
  2.0473750E+04 -1.796E+00 -1.807E+00 -1.143E+00
  2.0474250E+04 -2.043E+00 -2.089E+00 -1.315E+00
  2.0474750E+04 -1.887E+00 -1.950E+00 -1.251E+00
  2.0475250E+04 -2.494E+00 -2.498E+00 -1.437E+00
  2.0475750E+04 -2.343E+00 -2.273E+00 -7.172E-01
  2.0476250E+04 -2.042E+00 -2.088E+00 -1.283E+00
  2.0476750E+04 -1.861E+00 -1.835E+00 -5.357E-01
  2.0477250E+04 -1.351E+00 -1.433E+00 -1.058E+00
  2.0477750E+04 -1.350E+00 -1.409E+00 -1.054E+00
  2.0478250E+04 -2.264E+00 -2.472E+00 -1.976E+00
  2.0478750E+04 -2.673E+00 -2.577E+00 -9.450E-01
  2.0479250E+04 -1.983E+00 -1.989E+00 -8.135E-01
  2.0479750E+04 -1.936E+00 -1.841E+00 -6.318E-01
  2.0480250E+04 -1.743E+00 -1.658E+00 -6.910E-01
  2.0480750E+04 -1.279E+00 -1.309E+00 -1.005E+00
  2.0481250E+04 -2.025E+00 -2.138E+00 -1.246E+00
  2.0481750E+04 -2.246E+00 -2.375E+00 -1.753E+00
  2.0482250E+04 -1.527E+00 -1.621E+00 -1.296E+00
  2.0482750E+04 -1.587E+00 -1.628E+00 -9.395E-01
  2.0483250E+04 -2.241E+00 -2.381E+00 -1.941E+00
  2.0483750E+04 -1.760E+00 -1.808E+00 -1.209E+00
  2.0484250E+04 -2.115E+00 -2.206E+00 -1.108E+00
  2.0484750E+04 -1.531E+00 -1.554E+00 -1.083E+00
  2.0485250E+04 -2.199E+00 -1.983E+00 -2.548E-01
  2.0485750E+04 -1.997E+00 -1.834E+00 -3.069E-01
  2.0486250E+04 -2.067E+00 -1.963E+00 -6.636E-01
  2.0486750E+04 -2.128E+00 -2.036E+00 -5.717E-01
  2.0487250E+04 -1.583E+00 -1.561E+00 -1.127E+00
  2.0487750E+04 -2.020E+00 -1.949E+00 -6.287E-01
  2.0488250E+04 -2.849E+00 -2.822E+00 -1.208E+00
  2.0488750E+04 -1.825E+00 -2.003E+00 -2.115E+00
  2.0489250E+04 -2.293E+00 -2.402E+00 -1.404E+00
  2.0489750E+04 -1.726E+00 -1.654E+00 -6.065E-01
  2.0490250E+04 -1.728E+00 -1.630E+00 -2.538E-01
  2.0490750E+04 -1.368E+00 -1.431E+00 -1.185E+00
  2.0491250E+04 -1.528E+00 -1.554E+00 -1.018E+00
  2.0491750E+04 -2.134E+00 -2.110E+00 -9.750E-01
  2.0492250E+04 -1.819E+00 -1.799E+00 -7.080E-01
  2.0492750E+04 -1.690E+00 -1.730E+00 -1.056E+00
  2.0493250E+04 -1.968E+00 -2.012E+00 -1.261E+00
  2.0493750E+04 -2.050E+00 -1.998E+00 -7.381E-01
  2.0494250E+04 -2.207E+00 -2.233E+00 -9.316E-01
  2.0494750E+04 -1.760E+00 -1.852E+00 -1.142E+00
  2.0495250E+04 -2.230E+00 -2.187E+00 -8.433E-01
  2.0495750E+04 -2.125E+00 -2.071E+00 -1.101E+00
  2.0496250E+04 -2.231E+00 -2.266E+00 -1.187E+00
  2.0496750E+04 -1.964E+00 -1.976E+00 -8.815E-01
  2.0497250E+04 -1.694E+00 -1.746E+00 -7.020E-01
  2.0497750E+04 -1.519E+00 -1.522E+00 -7.503E-01
  2.0498250E+04 -1.841E+00 -1.889E+00 -1.164E+00
  2.0498750E+04 -1.816E+00 -1.824E+00 -1.133E+00
  2.0499250E+04 -1.717E+00 -1.761E+00 -1.173E+00
  2.0499750E+04 -1.727E+00 -1.679E+00 -8.149E-01
  2.0500250E+04 -1.620E+00 -1.674E+00 -9.798E-01
  2.0500750E+04 -2.137E+00 -2.191E+00 -1.192E+00
  2.0501250E+04 -1.909E+00 -1.905E+00 -1.082E+00
  2.0501750E+04 -2.396E+00 -2.385E+00 -9.054E-01
  2.0502250E+04 -1.590E+00 -1.729E+00 -1.376E+00
  2.0502750E+04 -1.871E+00 -1.844E+00 -9.780E-01
  2.0503250E+04 -1.505E+00 -1.537E+00 -9.993E-01
  2.0503750E+04 -1.780E+00 -1.949E+00 -1.728E+00
  2.0504250E+04 -2.195E+00 -2.198E+00 -1.071E+00
  2.0504750E+04 -1.978E+00 -1.912E+00 -6.540E-01
  2.0505250E+04 -1.251E+00 -1.120E+00 -3.073E-01
  2.0505750E+04 -1.491E+00 -1.459E+00 -8.587E-01
  2.0506250E+04 -1.685E+00 -1.615E+00 -5.215E-01
  2.0506750E+04 -1.312E+00 -1.261E+00 -5.639E-01
  2.0507250E+04 -1.780E+00 -2.004E+00 -1.795E+00
  2.0507750E+04 -2.274E+00 -2.299E+00 -1.035E+00
  2.0508250E+04 -1.609E+00 -1.648E+00 -8.243E-01
  2.0508750E+04 -1.652E+00 -1.617E+00 -4.763E-01
  2.0509250E+04 -1.673E+00 -1.699E+00 -1.194E+00
  2.0509750E+04 -2.079E+00 -2.063E+00 -6.658E-01
  2.0510250E+04 -1.846E+00 -1.872E+00 -8.411E-01
  2.0510750E+04 -1.687E+00 -1.874E+00 -1.894E+00
  2.0511250E+04 -1.785E+00 -1.878E+00 -1.296E+00
  2.0511750E+04 -1.681E+00 -1.744E+00 -1.119E+00
  2.0512250E+04 -1.452E+00 -1.520E+00 -1.002E+00
  2.0512750E+04 -1.865E+00 -1.804E+00 -5.509E-01
  2.0513250E+04 -1.626E+00 -1.622E+00 -7.007E-01
  2.0513750E+04 -1.822E+00 -1.830E+00 -6.999E-01
  2.0514250E+04 -1.200E+00 -1.245E+00 -1.041E+00
  2.0514750E+04 -1.927E+00 -1.845E+00 -6.948E-01
  2.0515250E+04 -2.173E+00 -2.218E+00 -1.226E+00
  2.0515750E+04 -2.055E+00 -2.104E+00 -1.165E+00
  2.0516250E+04 -1.500E+00 -1.721E+00 -1.869E+00
  2.0516750E+04 -1.308E+00 -1.450E+00 -1.120E+00
  2.0517250E+04 -1.692E+00 -1.768E+00 -1.109E+00
  2.0517750E+04 -1.853E+00 -1.771E+00 -5.334E-01
  2.0518250E+04 -1.935E+00 -1.662E+00  9.582E-02
  2.0518750E+04 -1.225E+00 -1.226E+00 -6.844E-01
  2.0519250E+04 -1.353E+00 -1.378E+00 -9.367E-01
  2.0519750E+04 -1.905E+00 -1.730E+00 -3.078E-01
  2.0520250E+04 -1.510E+00 -1.608E+00 -1.376E+00
  2.0520750E+04 -2.339E+00 -2.250E+00 -3.595E-01
  2.0521250E+04 -1.139E+00 -1.152E+00 -7.071E-01
  2.0521750E+04 -1.733E+00 -1.811E+00 -1.062E+00
  2.0522250E+04 -2.032E+00 -2.091E+00 -1.259E+00
  2.0522750E+04 -1.543E+00 -1.676E+00 -1.365E+00
  2.0523250E+04 -1.913E+00 -1.965E+00 -1.354E+00
  2.0523750E+04 -1.501E+00 -1.488E+00 -6.538E-01
  2.0524250E+04 -1.660E+00 -1.533E+00 -3.338E-01
  2.0524750E+04 -1.814E+00 -1.942E+00 -1.175E+00
  2.0525250E+04 -1.886E+00 -2.028E+00 -1.484E+00
  2.0525750E+04 -1.605E+00 -1.716E+00 -1.339E+00
  2.0526250E+04 -1.280E+00 -1.362E+00 -1.245E+00
  2.0526750E+04 -1.121E+00 -1.136E+00 -7.571E-01
  2.0527250E+04 -1.594E+00 -1.639E+00 -9.680E-01
  2.0527750E+04 -1.629E+00 -1.670E+00 -1.115E+00
  2.0528250E+04 -1.500E+00 -1.453E+00 -5.789E-01
  2.0528750E+04 -1.225E+00 -1.314E+00 -1.202E+00
  2.0529250E+04 -1.276E+00 -1.400E+00 -1.357E+00
  2.0529750E+04 -1.590E+00 -1.630E+00 -1.112E+00
  2.0530250E+04 -1.581E+00 -1.572E+00 -6.356E-01
  2.0530750E+04 -1.659E+00 -1.628E+00 -6.561E-01
  2.0531250E+04 -1.782E+00 -1.746E+00 -4.712E-01
  2.0531750E+04 -1.567E+00 -1.709E+00 -1.093E+00
  2.0532250E+04 -1.325E+00 -1.381E+00 -9.259E-01
  2.0532750E+04 -1.500E+00 -1.344E+00 -2.109E-01
  2.0533250E+04 -1.356E+00 -1.434E+00 -9.914E-01
  2.0533750E+04 -1.585E+00 -1.619E+00 -9.684E-01
  2.0534250E+04 -1.690E+00 -1.748E+00 -1.177E+00
  2.0534750E+04 -1.720E+00 -1.567E+00  1.906E-02
  2.0535250E+04 -1.294E+00 -1.355E+00 -1.245E+00
  2.0535750E+04 -1.228E+00 -1.142E+00 -4.454E-01
  2.0536250E+04 -1.682E+00 -1.678E+00 -6.607E-01
  2.0536750E+04 -1.532E+00 -1.586E+00 -1.050E+00
  2.0537250E+04 -1.653E+00 -1.729E+00 -9.420E-01
  2.0537750E+04 -1.183E+00 -1.216E+00 -6.091E-01
  2.0538250E+04 -1.544E+00 -1.591E+00 -1.012E+00
  2.0538750E+04 -1.298E+00 -1.235E+00 -3.704E-01
  2.0539250E+04 -1.617E+00 -1.651E+00 -1.019E+00
  2.0539750E+04 -1.312E+00 -1.208E+00 -2.263E-01
  2.0540250E+04 -1.499E+00 -1.554E+00 -9.110E-01
  2.0540750E+04 -1.722E+00 -1.741E+00 -9.985E-01
  2.0541250E+04 -1.837E+00 -1.805E+00 -4.757E-01
  2.0541750E+04 -1.406E+00 -1.459E+00 -9.295E-01
  2.0542250E+04 -1.719E+00 -1.691E+00 -7.449E-01
  2.0542750E+04 -1.846E+00 -1.779E+00 -6.538E-01
  2.0543250E+04 -1.436E+00 -1.467E+00 -1.070E+00
  2.0543750E+04 -1.949E+00 -2.006E+00 -1.055E+00
  2.0544250E+04 -1.514E+00 -1.499E+00 -6.860E-01
  2.0544750E+04 -1.570E+00 -1.532E+00 -6.242E-01
  2.0545250E+04 -1.773E+00 -1.664E+00 -4.545E-01
  2.0545750E+04 -1.770E+00 -1.825E+00 -9.069E-01
  2.0546250E+04 -1.458E+00 -1.490E+00 -8.698E-01
  2.0546750E+04 -1.404E+00 -1.368E+00 -7.183E-01
  2.0547250E+04 -1.323E+00 -1.313E+00 -5.325E-01
  2.0547750E+04 -1.470E+00 -1.543E+00 -1.222E+00
  2.0548250E+04 -1.998E+00 -1.976E+00 -8.103E-01
  2.0548750E+04 -1.234E+00 -1.094E+00 -8.556E-02
  2.0549250E+04 -1.783E+00 -1.770E+00 -8.902E-01
  2.0549750E+04 -2.079E+00 -2.041E+00 -7.313E-01
  2.0550250E+04 -1.776E+00 -1.788E+00 -8.200E-01
  2.0550750E+04 -1.346E+00 -1.273E+00 -4.361E-01
  2.0551250E+04 -1.018E+00 -1.085E+00 -6.419E-01
  2.0551750E+04 -1.457E+00 -1.382E+00 -3.552E-01
  2.0552250E+04 -1.544E+00 -1.549E+00 -7.978E-01
  2.0552750E+04 -1.294E+00 -1.489E+00 -1.615E+00
  2.0553250E+04 -1.570E+00 -1.672E+00 -1.119E+00
  2.0553750E+04 -1.766E+00 -1.774E+00 -8.295E-01
  2.0554250E+04 -1.681E+00 -1.639E+00 -6.493E-01
  2.0554750E+04 -1.583E+00 -1.591E+00 -7.020E-01
  2.0555250E+04 -1.510E+00 -1.662E+00 -1.217E+00
  2.0555750E+04 -1.103E+00 -1.022E+00 -6.098E-01
  2.0556250E+04 -1.469E+00 -1.336E+00 -8.853E-02
  2.0556750E+04 -1.817E+00 -1.958E+00 -1.460E+00
  2.0557250E+04 -1.279E+00 -1.551E+00 -1.568E+00
  2.0557750E+04 -1.436E+00 -1.332E+00 -5.047E-02
  2.0558250E+04 -1.648E+00 -1.704E+00 -1.113E+00
  2.0558750E+04 -1.558E+00 -1.621E+00 -1.155E+00
  2.0559250E+04 -1.460E+00 -1.521E+00 -8.028E-01
  2.0559750E+04 -1.688E+00 -1.592E+00 -5.166E-01
  2.0560250E+04 -1.601E+00 -1.592E+00 -7.543E-01
  2.0560750E+04 -1.689E+00 -1.664E+00 -7.821E-01
  2.0561250E+04 -1.486E+00 -1.432E+00 -7.144E-01
  2.0561750E+04 -1.724E+00 -1.600E+00 -5.774E-01
  2.0562250E+04 -1.931E+00 -1.834E+00 -1.183E-01
  2.0562750E+04 -1.000E+00 -1.158E+00 -1.153E+00
  2.0563250E+04 -1.351E+00 -1.352E+00 -8.177E-01
  2.0563750E+04 -1.618E+00 -1.590E+00 -7.839E-01
  2.0564250E+04 -1.327E+00 -1.255E+00 -3.851E-01
  2.0564750E+04 -8.804E-01 -1.044E+00 -1.083E+00
  2.0565250E+04 -1.484E+00 -1.596E+00 -1.053E+00
  2.0565750E+04 -1.867E+00 -1.761E+00 -3.874E-01
  2.0566250E+04 -1.363E+00 -1.351E+00 -5.862E-01
  2.0566750E+04 -1.224E+00 -1.194E+00 -5.125E-01
  2.0567250E+04 -1.192E+00 -1.144E+00 -6.888E-01
  2.0567750E+04 -1.490E+00 -1.386E+00 -2.615E-01
  2.0568250E+04 -1.374E+00 -1.237E+00 -4.564E-01
  2.0568750E+04 -1.179E+00 -1.237E+00 -9.530E-01
  2.0569250E+04 -1.610E+00 -1.564E+00 -3.261E-01
  2.0569750E+04 -1.449E+00 -1.484E+00 -8.728E-01
  2.0570250E+04 -1.391E+00 -1.265E+00 -3.975E-01
  2.0570750E+04 -1.536E+00 -1.531E+00 -9.416E-01
  2.0571250E+04 -1.250E+00 -1.373E+00 -1.170E+00
  2.0571750E+04 -1.251E+00 -1.160E+00 -2.215E-01
  2.0572250E+04 -1.680E+00 -1.515E+00 -9.506E-02
  2.0572750E+04 -1.500E+00 -1.511E+00 -8.129E-01
  2.0573250E+04 -1.817E+00 -1.885E+00 -1.243E+00
  2.0573750E+04 -1.587E+00 -1.536E+00 -3.042E-01
  2.0574250E+04 -1.522E+00 -1.641E+00 -9.609E-01
  2.0574750E+04 -1.302E+00 -1.107E+00  3.123E-01
  2.0575250E+04 -1.656E+00 -1.499E+00 -1.651E-01
  2.0575750E+04 -1.341E+00 -1.425E+00 -1.128E+00
  2.0576250E+04 -8.993E-01 -1.084E+00 -1.572E+00
  2.0576750E+04 -9.867E-01 -9.646E-01 -5.542E-01
  2.0577250E+04 -7.151E-01 -8.387E-01 -1.258E+00
  2.0577750E+04 -1.274E+00 -1.350E+00 -6.841E-01
  2.0578250E+04 -1.057E+00 -1.042E+00 -4.335E-01
  2.0578750E+04 -1.348E+00 -1.332E+00 -5.248E-01
  2.0579250E+04 -1.522E+00 -1.545E+00 -8.920E-01
  2.0579750E+04 -1.699E+00 -1.750E+00 -6.769E-01
  2.0580250E+04 -1.669E+00 -1.673E+00 -9.020E-01
  2.0580750E+04 -1.476E+00 -1.500E+00 -7.594E-01
  2.0581250E+04 -1.505E+00 -1.619E+00 -1.254E+00
  2.0581750E+04 -1.204E+00 -1.336E+00 -1.132E+00
  2.0582250E+04 -1.357E+00 -1.371E+00 -6.499E-01
  2.0582750E+04 -1.294E+00 -1.263E+00 -7.176E-01
  2.0583250E+04 -1.505E+00 -1.418E+00 -9.444E-02
  2.0583750E+04 -1.436E+00 -1.486E+00 -7.696E-01
  2.0584250E+04 -1.177E+00 -1.244E+00 -1.060E+00
  2.0584750E+04 -1.133E+00 -1.233E+00 -1.018E+00
  2.0585250E+04 -1.424E+00 -1.433E+00 -5.476E-02
  2.0585750E+04 -1.411E+00 -1.398E+00 -5.260E-01
  2.0586250E+04 -1.066E+00 -8.757E-01 -2.568E-01
  2.0586750E+04 -1.599E+00 -1.540E+00 -4.860E-01
  2.0587250E+04 -9.548E-01 -8.935E-01 -3.532E-01
  2.0587750E+04 -6.307E-01 -7.616E-01 -9.779E-01
  2.0588250E+04 -1.190E+00 -1.202E+00 -7.693E-01
  2.0588750E+04 -1.490E+00 -1.597E+00 -1.176E+00
  2.0589250E+04 -1.370E+00 -1.311E+00 -4.737E-01
  2.0589750E+04 -1.399E+00 -1.403E+00 -7.626E-01
  2.0590250E+04 -1.306E+00 -1.435E+00 -1.268E+00
  2.0590750E+04 -1.322E+00 -1.354E+00 -8.197E-01
  2.0591250E+04 -9.464E-01 -1.072E+00 -7.902E-01
  2.0591750E+04 -1.181E+00 -1.202E+00 -6.469E-01
  2.0592250E+04 -1.169E+00 -1.203E+00 -5.424E-01
  2.0592750E+04 -1.589E+00 -1.480E+00 -7.155E-01
  2.0593250E+04 -1.511E+00 -1.387E+00  1.731E-02
  2.0593750E+04 -1.237E+00 -1.288E+00 -5.243E-01
  2.0594250E+04 -1.302E+00 -1.339E+00 -8.201E-01
