  1.6036250E+04 -0.000E+00 -0.000E+00  0.000E+00
  1.6036750E+04 -0.000E+00 -0.000E+00  0.000E+00
  1.6037250E+04 -0.000E+00 -0.000E+00  0.000E+00
  1.6037750E+04 -0.000E+00 -0.000E+00  0.000E+00
  1.6038250E+04 -0.000E+00 -0.000E+00  0.000E+00
  1.6038750E+04 -0.000E+00 -0.000E+00  0.000E+00
  1.6039250E+04 -0.000E+00 -0.000E+00  0.000E+00
  1.6039750E+04 -0.000E+00 -0.000E+00  0.000E+00
  1.6040250E+04 -0.000E+00 -0.000E+00  0.000E+00
  1.6040750E+04 -0.000E+00 -0.000E+00  0.000E+00
  1.6041250E+04 -0.000E+00 -0.000E+00  0.000E+00
  1.6041750E+04 -0.000E+00 -0.000E+00  0.000E+00
  1.6042250E+04 -0.000E+00 -0.000E+00  0.000E+00
  1.6042750E+04 -0.000E+00 -0.000E+00  0.000E+00
  1.6043250E+04 -0.000E+00 -0.000E+00  0.000E+00
  1.6043750E+04 -0.000E+00 -0.000E+00  0.000E+00
  1.6044250E+04 -0.000E+00 -0.000E+00  0.000E+00
  1.6044750E+04 -0.000E+00 -0.000E+00  0.000E+00
  1.6045250E+04 -0.000E+00 -0.000E+00  0.000E+00
  1.6045750E+04 -0.000E+00 -0.000E+00  0.000E+00
  1.6046250E+04 -0.000E+00 -0.000E+00  0.000E+00
  1.6046750E+04 -0.000E+00 -0.000E+00  0.000E+00
  1.6047250E+04 -0.000E+00 -0.000E+00  0.000E+00
  1.6047750E+04 -0.000E+00 -0.000E+00  0.000E+00
  1.6048250E+04 -0.000E+00 -0.000E+00  0.000E+00
  1.6048750E+04 -0.000E+00 -0.000E+00  0.000E+00
  1.6049250E+04 -0.000E+00 -0.000E+00  0.000E+00
  1.6049750E+04 -0.000E+00 -0.000E+00  0.000E+00
  1.6050250E+04 -0.000E+00 -0.000E+00  0.000E+00
  1.6050750E+04 -0.000E+00 -0.000E+00  0.000E+00
  1.6051250E+04 -0.000E+00 -0.000E+00  0.000E+00
  1.6051750E+04 -0.000E+00 -0.000E+00  0.000E+00
  1.6052250E+04 -0.000E+00 -0.000E+00  0.000E+00
  1.6052750E+04 -0.000E+00 -0.000E+00  0.000E+00
  1.6053250E+04 -0.000E+00 -0.000E+00  0.000E+00
  1.6053750E+04 -0.000E+00 -0.000E+00  0.000E+00
  1.6054250E+04 -0.000E+00 -0.000E+00  0.000E+00
  1.6054750E+04 -0.000E+00 -0.000E+00  0.000E+00
  1.6055250E+04 -0.000E+00 -0.000E+00  0.000E+00
  1.6055750E+04 -0.000E+00 -0.000E+00  0.000E+00
  1.6056250E+04 -0.000E+00 -0.000E+00  0.000E+00
  1.6056750E+04 -0.000E+00 -0.000E+00  0.000E+00
  1.6057250E+04 -0.000E+00 -0.000E+00  0.000E+00
  1.6057750E+04 -0.000E+00 -0.000E+00  0.000E+00
  1.6058250E+04 -0.000E+00 -0.000E+00  0.000E+00
  1.6058750E+04 -0.000E+00 -0.000E+00  0.000E+00
  1.6059250E+04 -0.000E+00 -0.000E+00  0.000E+00
  1.6059750E+04 -0.000E+00 -0.000E+00  0.000E+00
  1.6060250E+04 -0.000E+00 -0.000E+00  0.000E+00
  1.6060750E+04 -0.000E+00 -0.000E+00  0.000E+00
  1.6061250E+04 -0.000E+00 -0.000E+00  0.000E+00
  1.6061750E+04 -0.000E+00 -0.000E+00  0.000E+00
  1.6062250E+04 -0.000E+00 -0.000E+00  0.000E+00
  1.6062750E+04 -0.000E+00 -0.000E+00  0.000E+00
  1.6063250E+04 -0.000E+00 -0.000E+00  0.000E+00
  1.6063750E+04 -0.000E+00 -0.000E+00  0.000E+00
  1.6064250E+04 -0.000E+00 -0.000E+00  0.000E+00
  1.6064750E+04 -0.000E+00 -0.000E+00  0.000E+00
  1.6065250E+04 -0.000E+00 -0.000E+00  0.000E+00
  1.6065750E+04 -0.000E+00 -0.000E+00  0.000E+00
  1.6066250E+04 -0.000E+00 -0.000E+00  0.000E+00
  1.6066750E+04 -0.000E+00 -0.000E+00  0.000E+00
  1.6067250E+04 -0.000E+00 -0.000E+00  0.000E+00
  1.6067750E+04 -0.000E+00 -0.000E+00  0.000E+00
  1.6068250E+04 -0.000E+00 -0.000E+00  0.000E+00
  1.6068750E+04 -0.000E+00 -0.000E+00  0.000E+00
  1.6069250E+04 -0.000E+00 -0.000E+00  0.000E+00
  1.6069750E+04 -0.000E+00 -0.000E+00  0.000E+00
  1.6070250E+04 -0.000E+00 -0.000E+00  0.000E+00
  1.6070750E+04 -0.000E+00 -0.000E+00  0.000E+00
  1.6071250E+04 -0.000E+00 -0.000E+00  0.000E+00
  1.6071750E+04 -0.000E+00 -0.000E+00  0.000E+00
  1.6072250E+04 -0.000E+00 -0.000E+00  0.000E+00
  1.6072750E+04 -0.000E+00 -0.000E+00  0.000E+00
  1.6073250E+04 -0.000E+00 -0.000E+00  0.000E+00
  1.6073750E+04 -0.000E+00 -0.000E+00  0.000E+00
  1.6074250E+04 -0.000E+00 -0.000E+00  0.000E+00
  1.6074750E+04 -0.000E+00 -0.000E+00  0.000E+00
  1.6075250E+04 -0.000E+00 -0.000E+00  0.000E+00
  1.6075750E+04 -0.000E+00 -0.000E+00  0.000E+00
  1.6076250E+04 -0.000E+00 -0.000E+00  0.000E+00
  1.6076750E+04 -0.000E+00 -0.000E+00  0.000E+00
  1.6077250E+04 -0.000E+00 -0.000E+00  0.000E+00
  1.6077750E+04 -0.000E+00 -0.000E+00  0.000E+00
  1.6078250E+04 -0.000E+00 -0.000E+00  0.000E+00
  1.6078750E+04 -0.000E+00 -0.000E+00  0.000E+00
  1.6079250E+04 -0.000E+00 -0.000E+00  0.000E+00
  1.6079750E+04 -0.000E+00 -0.000E+00  0.000E+00
  1.6080250E+04 -0.000E+00 -0.000E+00  0.000E+00
  1.6080750E+04 -0.000E+00 -0.000E+00  0.000E+00
  1.6081250E+04 -0.000E+00 -0.000E+00  0.000E+00
  1.6081750E+04 -0.000E+00 -0.000E+00  0.000E+00
  1.6082250E+04 -0.000E+00 -0.000E+00  0.000E+00
  1.6082750E+04 -0.000E+00 -0.000E+00  0.000E+00
  1.6083250E+04 -0.000E+00 -0.000E+00  0.000E+00
  1.6083750E+04 -0.000E+00 -0.000E+00  0.000E+00
  1.6084250E+04 -0.000E+00 -0.000E+00  0.000E+00
  1.6084750E+04 -0.000E+00 -0.000E+00  0.000E+00
  1.6085250E+04 -0.000E+00 -0.000E+00  0.000E+00
  1.6085750E+04 -0.000E+00 -0.000E+00  0.000E+00
  1.6086250E+04 -0.000E+00 -0.000E+00  0.000E+00
  1.6086750E+04 -0.000E+00 -0.000E+00  0.000E+00
  1.6087250E+04 -0.000E+00 -0.000E+00  0.000E+00
  1.6087750E+04 -0.000E+00 -0.000E+00  0.000E+00
  1.6088250E+04 -0.000E+00 -0.000E+00  0.000E+00
  1.6088750E+04 -0.000E+00 -0.000E+00  0.000E+00
  1.6089250E+04 -0.000E+00 -0.000E+00  0.000E+00
  1.6089750E+04 -0.000E+00 -0.000E+00  0.000E+00
  1.6090250E+04 -0.000E+00 -0.000E+00  0.000E+00
  1.6090750E+04 -0.000E+00 -0.000E+00  0.000E+00
  1.6091250E+04 -0.000E+00 -0.000E+00  0.000E+00
  1.6091750E+04 -0.000E+00 -0.000E+00  0.000E+00
  1.6092250E+04 -0.000E+00 -0.000E+00  0.000E+00
  1.6092750E+04 -0.000E+00 -0.000E+00  0.000E+00
  1.6093250E+04 -0.000E+00 -0.000E+00  0.000E+00
  1.6093750E+04 -0.000E+00 -0.000E+00  0.000E+00
  1.6094250E+04 -0.000E+00 -0.000E+00  0.000E+00
  1.6094750E+04 -0.000E+00 -0.000E+00  0.000E+00
  1.6095250E+04 -0.000E+00 -0.000E+00  0.000E+00
  1.6095750E+04 -0.000E+00 -0.000E+00  0.000E+00
  1.6096250E+04 -0.000E+00 -0.000E+00  0.000E+00
  1.6096750E+04 -0.000E+00 -0.000E+00  0.000E+00
  1.6097250E+04 -0.000E+00 -0.000E+00  0.000E+00
  1.6097750E+04 -0.000E+00 -0.000E+00  0.000E+00
  1.6098250E+04 -0.000E+00 -0.000E+00  0.000E+00
  1.6098750E+04 -0.000E+00 -0.000E+00  0.000E+00
  1.6099250E+04 -0.000E+00 -0.000E+00  0.000E+00
  1.6099750E+04 -0.000E+00 -0.000E+00  0.000E+00
  1.6100250E+04 -0.000E+00 -0.000E+00  0.000E+00
  1.6100750E+04 -0.000E+00 -0.000E+00  0.000E+00
  1.6101250E+04 -0.000E+00 -0.000E+00  0.000E+00
  1.6101750E+04 -0.000E+00 -0.000E+00  0.000E+00
  1.6102250E+04 -0.000E+00 -0.000E+00  0.000E+00
  1.6102750E+04 -0.000E+00 -0.000E+00  0.000E+00
  1.6103250E+04 -0.000E+00 -0.000E+00  0.000E+00
  1.6103750E+04 -0.000E+00 -0.000E+00  0.000E+00
  1.6104250E+04 -0.000E+00 -0.000E+00  0.000E+00
  1.6104750E+04 -0.000E+00 -0.000E+00  0.000E+00
  1.6105250E+04 -0.000E+00 -0.000E+00  0.000E+00
  1.6105750E+04 -0.000E+00 -0.000E+00  0.000E+00
  1.6106250E+04 -0.000E+00 -0.000E+00  0.000E+00
  1.6106750E+04 -0.000E+00 -0.000E+00  0.000E+00
  1.6107250E+04 -0.000E+00 -0.000E+00  0.000E+00
  1.6107750E+04 -0.000E+00 -0.000E+00  0.000E+00
  1.6108250E+04 -0.000E+00 -0.000E+00  0.000E+00
  1.6108750E+04 -0.000E+00 -0.000E+00  0.000E+00
  1.6109250E+04 -0.000E+00 -0.000E+00  0.000E+00
  1.6109750E+04 -0.000E+00 -0.000E+00  0.000E+00
  1.6110250E+04 -0.000E+00 -0.000E+00  0.000E+00
  1.6110750E+04 -0.000E+00 -0.000E+00  0.000E+00
  1.6111250E+04 -0.000E+00 -0.000E+00  0.000E+00
  1.6111750E+04 -0.000E+00 -0.000E+00  0.000E+00
  1.6112250E+04 -0.000E+00 -0.000E+00  0.000E+00
  1.6112750E+04 -0.000E+00 -0.000E+00  0.000E+00
  1.6113250E+04 -0.000E+00 -0.000E+00  0.000E+00
  1.6113750E+04 -0.000E+00 -0.000E+00  0.000E+00
  1.6114250E+04 -0.000E+00 -0.000E+00  0.000E+00
  1.6114750E+04 -0.000E+00 -0.000E+00  0.000E+00
  1.6115250E+04 -0.000E+00 -0.000E+00  0.000E+00
  1.6115750E+04 -0.000E+00 -0.000E+00  0.000E+00
  1.6116250E+04 -0.000E+00 -0.000E+00  0.000E+00
  1.6116750E+04 -0.000E+00 -0.000E+00  0.000E+00
  1.6117250E+04 -0.000E+00 -0.000E+00  0.000E+00
  1.6117750E+04 -0.000E+00 -0.000E+00  0.000E+00
  1.6118250E+04 -0.000E+00 -0.000E+00  0.000E+00
  1.6118750E+04 -0.000E+00 -0.000E+00  0.000E+00
  1.6119250E+04 -0.000E+00 -0.000E+00  0.000E+00
  1.6119750E+04 -0.000E+00 -0.000E+00  0.000E+00
  1.6120250E+04 -0.000E+00 -0.000E+00  0.000E+00
  1.6120750E+04 -0.000E+00 -0.000E+00  0.000E+00
  1.6121250E+04 -0.000E+00 -0.000E+00  0.000E+00
  1.6121750E+04 -0.000E+00 -0.000E+00  0.000E+00
  1.6122250E+04 -0.000E+00 -0.000E+00  0.000E+00
  1.6122750E+04 -0.000E+00 -0.000E+00  0.000E+00
  1.6123250E+04 -0.000E+00 -0.000E+00  0.000E+00
  1.6123750E+04 -0.000E+00 -0.000E+00  0.000E+00
  1.6124250E+04 -0.000E+00 -0.000E+00  0.000E+00
  1.6124750E+04 -0.000E+00 -0.000E+00  0.000E+00
  1.6125250E+04 -0.000E+00 -0.000E+00  0.000E+00
  1.6125750E+04 -0.000E+00 -0.000E+00  0.000E+00
  1.6126250E+04 -0.000E+00 -0.000E+00  0.000E+00
  1.6126750E+04 -0.000E+00 -0.000E+00  0.000E+00
  1.6127250E+04 -0.000E+00 -0.000E+00  0.000E+00
  1.6127750E+04 -0.000E+00 -0.000E+00  0.000E+00
  1.6128250E+04 -0.000E+00 -0.000E+00  0.000E+00
  1.6128750E+04 -0.000E+00 -0.000E+00  0.000E+00
  1.6129250E+04 -0.000E+00 -0.000E+00  0.000E+00
  1.6129750E+04 -0.000E+00 -0.000E+00  0.000E+00
  1.6130250E+04 -0.000E+00 -0.000E+00  0.000E+00
  1.6130750E+04 -0.000E+00 -0.000E+00  0.000E+00
  1.6131250E+04 -0.000E+00 -0.000E+00  0.000E+00
  1.6131750E+04 -0.000E+00 -0.000E+00  0.000E+00
  1.6132250E+04 -0.000E+00 -0.000E+00  0.000E+00
  1.6132750E+04 -0.000E+00 -0.000E+00  0.000E+00
  1.6133250E+04 -0.000E+00 -0.000E+00  0.000E+00
  1.6133750E+04 -0.000E+00 -0.000E+00  0.000E+00
  1.6134250E+04 -0.000E+00 -0.000E+00  0.000E+00
  1.6134750E+04 -0.000E+00 -0.000E+00  0.000E+00
  1.6135250E+04 -0.000E+00 -0.000E+00  0.000E+00
  1.6135750E+04 -0.000E+00 -0.000E+00  0.000E+00
  1.6136250E+04 -0.000E+00 -0.000E+00  0.000E+00
  1.6136750E+04 -0.000E+00 -0.000E+00  0.000E+00
  1.6137250E+04 -0.000E+00 -0.000E+00  0.000E+00
  1.6137750E+04 -0.000E+00 -0.000E+00  0.000E+00
  1.6138250E+04 -0.000E+00 -0.000E+00  0.000E+00
  1.6138750E+04 -0.000E+00 -0.000E+00  0.000E+00
  1.6139250E+04 -0.000E+00 -0.000E+00  0.000E+00
  1.6139750E+04 -0.000E+00 -0.000E+00  0.000E+00
  1.6140250E+04 -0.000E+00 -0.000E+00  0.000E+00
  1.6140750E+04 -0.000E+00 -0.000E+00  0.000E+00
  1.6141250E+04 -0.000E+00 -0.000E+00  0.000E+00
  1.6141750E+04 -0.000E+00 -0.000E+00  0.000E+00
  1.6142250E+04 -0.000E+00 -0.000E+00  0.000E+00
  1.6142750E+04 -0.000E+00 -0.000E+00  0.000E+00
  1.6143250E+04 -0.000E+00 -0.000E+00  0.000E+00
  1.6143750E+04 -0.000E+00 -0.000E+00  0.000E+00
  1.6144250E+04 -0.000E+00 -0.000E+00  0.000E+00
  1.6144750E+04 -0.000E+00 -0.000E+00  0.000E+00
  1.6145250E+04 -0.000E+00 -0.000E+00  0.000E+00
  1.6145750E+04 -0.000E+00 -0.000E+00  0.000E+00
  1.6146250E+04 -0.000E+00 -0.000E+00  0.000E+00
  1.6146750E+04 -0.000E+00 -0.000E+00  0.000E+00
  1.6147250E+04 -0.000E+00 -0.000E+00  0.000E+00
  1.6147750E+04 -0.000E+00 -0.000E+00  0.000E+00
  1.6148250E+04 -0.000E+00 -0.000E+00  0.000E+00
  1.6148750E+04 -0.000E+00 -0.000E+00  0.000E+00
  1.6149250E+04 -0.000E+00 -0.000E+00  0.000E+00
  1.6149750E+04 -0.000E+00 -0.000E+00  0.000E+00
  1.6150250E+04 -0.000E+00 -0.000E+00  0.000E+00
  1.6150750E+04 -0.000E+00 -0.000E+00  0.000E+00
  1.6151250E+04 -0.000E+00 -0.000E+00  0.000E+00
  1.6151750E+04 -0.000E+00 -0.000E+00  0.000E+00
  1.6152250E+04 -0.000E+00 -0.000E+00  0.000E+00
  1.6152750E+04 -0.000E+00 -0.000E+00  0.000E+00
  1.6153250E+04 -0.000E+00 -0.000E+00  0.000E+00
  1.6153750E+04 -0.000E+00 -0.000E+00  0.000E+00
  1.6154250E+04 -0.000E+00 -0.000E+00  0.000E+00
  1.6154750E+04 -0.000E+00 -0.000E+00  0.000E+00
  1.6155250E+04 -0.000E+00 -0.000E+00  0.000E+00
  1.6155750E+04 -0.000E+00 -0.000E+00  0.000E+00
  1.6156250E+04 -0.000E+00 -0.000E+00  0.000E+00
  1.6156750E+04 -0.000E+00 -0.000E+00  0.000E+00
  1.6157250E+04 -0.000E+00 -0.000E+00  0.000E+00
  1.6157750E+04 -0.000E+00 -0.000E+00  0.000E+00
  1.6158250E+04 -0.000E+00 -0.000E+00  0.000E+00
  1.6158750E+04 -0.000E+00 -0.000E+00  0.000E+00
  1.6159250E+04 -0.000E+00 -0.000E+00  0.000E+00
  1.6159750E+04 -0.000E+00 -0.000E+00  0.000E+00
  1.6160250E+04 -0.000E+00 -0.000E+00  0.000E+00
  1.6160750E+04 -0.000E+00 -0.000E+00  0.000E+00
  1.6161250E+04 -0.000E+00 -0.000E+00  0.000E+00
  1.6161750E+04 -0.000E+00 -0.000E+00  0.000E+00
  1.6162250E+04 -0.000E+00 -0.000E+00  0.000E+00
  1.6162750E+04 -0.000E+00 -0.000E+00  0.000E+00
  1.6163250E+04 -0.000E+00 -0.000E+00  0.000E+00
  1.6163750E+04 -0.000E+00 -0.000E+00  0.000E+00
  1.6164250E+04 -0.000E+00 -0.000E+00  0.000E+00
  1.6164750E+04 -0.000E+00 -0.000E+00  0.000E+00
  1.6165250E+04 -0.000E+00 -0.000E+00  0.000E+00
  1.6165750E+04 -0.000E+00 -0.000E+00  0.000E+00
  1.6166250E+04 -0.000E+00 -0.000E+00  0.000E+00
  1.6166750E+04 -0.000E+00 -0.000E+00  0.000E+00
  1.6167250E+04 -0.000E+00 -0.000E+00  0.000E+00
  1.6167750E+04  1.174E-04  8.394E-05 -5.918E-05
  1.6168250E+04  5.043E-03  4.030E-03 -5.095E-04
  1.6168750E+04  3.754E-04  5.109E-04  1.024E-03
  1.6169250E+04 -2.449E-03 -2.228E-03 -1.072E-03
  1.6169750E+04 -9.491E-05  3.693E-04  2.110E-03
  1.6170250E+04 -1.080E-03 -1.168E-03 -1.007E-03
  1.6170750E+04 -8.311E-03 -6.563E-03  1.312E-03
  1.6171250E+04 -1.378E-02 -8.576E-03  1.289E-02
  1.6171750E+04  1.288E-03  2.799E-03  7.587E-03
  1.6172250E+04  2.456E-03  2.494E-03  1.860E-03
  1.6172750E+04  2.418E-03  1.828E-03 -1.114E-03
  1.6173250E+04  5.728E-03  2.597E-03 -9.612E-03
  1.6173750E+04  1.089E-03 -1.513E-03 -1.114E-02
  1.6174250E+04 -6.748E-03 -4.302E-03  4.474E-03
  1.6174750E+04  2.153E-03  1.676E-03 -3.759E-04
  1.6175250E+04 -8.922E-05 -5.070E-04 -1.795E-03
  1.6175750E+04  3.025E-03  1.180E-03 -6.085E-03
  1.6176250E+04  1.390E-02  1.054E-02 -3.297E-03
  1.6176750E+04 -1.340E-04  2.379E-03  1.448E-02
  1.6177250E+04 -1.185E-03 -6.675E-04 -8.321E-04
  1.6177750E+04  4.297E-03  1.189E-03 -1.181E-02
  1.6178250E+04 -4.382E-02  1.168E-02  2.000E-01
  1.6178750E+04  3.021E-02  1.982E-02 -2.375E-02
  1.6179250E+04  1.261E-02  1.438E-02  1.820E-02
  1.6179750E+04 -4.928E-03 -1.949E-02 -6.491E-02
  1.6180250E+04  4.367E-02  8.953E-03 -1.129E-01
  1.6180750E+04 -2.630E-02 -1.372E-02  3.615E-02
  1.6181250E+04 -1.367E-02 -1.675E-02 -2.430E-02
  1.6181750E+04  4.113E-02  4.498E-02  4.556E-02
  1.6182250E+04  3.371E-03 -6.742E-03 -4.211E-02
  1.6182750E+04 -2.920E-02  1.758E-02  1.709E-01
  1.6183250E+04 -6.897E-02 -6.209E-02 -1.199E-02
  1.6183750E+04 -4.680E-02 -1.125E-01 -2.669E-01
  1.6184250E+04  2.883E-01  2.593E-01  1.312E-02
  1.6184750E+04  1.854E-03  6.451E-03  1.026E-02
  1.6185250E+04 -1.685E-02 -2.202E-02 -2.600E-02
  1.6185750E+04  1.894E-02 -8.511E-03 -1.061E-01
  1.6186250E+04  1.410E-01  1.145E-01 -2.785E-02
  1.6186750E+04  6.514E-02  8.318E-02  1.115E-01
  1.6187250E+04 -7.085E-02 -7.684E-02 -6.208E-02
  1.6187750E+04 -1.190E-01 -8.551E-02  7.357E-02
  1.6188250E+04 -2.203E-03  3.328E-02  1.370E-01
  1.6188750E+04  1.603E-02 -4.932E-03 -7.739E-02
  1.6189250E+04 -1.390E-02  1.678E-03  5.624E-02
  1.6189750E+04 -5.766E-03  4.870E-02  2.137E-01
  1.6190250E+04  5.710E-02 -7.487E-03 -2.408E-01
  1.6190750E+04  5.963E-02  6.833E-02  6.527E-02
  1.6191250E+04 -7.244E-03  3.677E-03  4.473E-02
  1.6191750E+04 -1.126E-01 -1.341E-01 -1.406E-01
  1.6192250E+04 -1.819E-03 -1.914E-02 -7.666E-02
  1.6192750E+04 -6.789E-02  4.710E-02  4.281E-01
  1.6193250E+04 -2.324E-02 -7.213E-02 -2.144E-01
  1.6193750E+04  1.700E-01  1.558E-01  4.271E-02
  1.6194250E+04  1.823E-01  1.696E-01  6.411E-02
  1.6194750E+04  1.121E-01  1.818E-01  3.761E-01
  1.6195250E+04  3.815E-01  3.848E-01  2.666E-01
  1.6195750E+04  9.555E-01  9.183E-01  4.500E-01
  1.6196250E+04  2.519E+00  2.569E+00  1.873E+00
  1.6196750E+04  4.820E+00  4.496E+00  1.767E+00
  1.6197250E+04  8.572E+00  8.595E+00  5.667E+00
  1.6197750E+04  1.692E+01  1.624E+01  8.059E+00
  1.6198250E+04  3.643E+01  3.583E+01  2.115E+01
  1.6198750E+04  7.271E+01  7.180E+01  4.332E+01
  1.6199250E+04  1.454E+02  1.439E+02  8.818E+01
  1.6199750E+04  2.638E+02  2.594E+02  1.522E+02
  1.6200250E+04  4.339E+02  4.258E+02  2.463E+02
  1.6200750E+04  6.673E+02  6.488E+02  3.527E+02
  1.6201250E+04  9.372E+02  9.137E+02  5.050E+02
  1.6201750E+04  1.169E+03  1.139E+03  6.279E+02
  1.6202250E+04  1.345E+03  1.300E+03  6.726E+02
  1.6202750E+04  1.483E+03  1.433E+03  7.413E+02
  1.6203250E+04  1.460E+03  1.413E+03  7.363E+02
  1.6203750E+04  1.377E+03  1.329E+03  6.759E+02
  1.6204250E+04  1.216E+03  1.175E+03  6.024E+02
  1.6204750E+04  1.050E+03  1.010E+03  4.999E+02
  1.6205250E+04  8.591E+02  8.267E+02  4.086E+02
  1.6205750E+04  6.937E+02  6.627E+02  3.074E+02
  1.6206250E+04  5.019E+02  4.863E+02  2.514E+02
  1.6206750E+04  3.884E+02  3.693E+02  1.631E+02
  1.6207250E+04  2.646E+02  2.528E+02  1.153E+02
  1.6207750E+04  1.854E+02  1.807E+02  9.593E+01
  1.6208250E+04  1.202E+02  1.199E+02  7.352E+01
  1.6208750E+04  9.918E+01  9.531E+01  4.449E+01
  1.6209250E+04  6.553E+01  6.376E+01  3.226E+01
  1.6209750E+04  3.022E+01  2.935E+01  1.385E+01
  1.6210250E+04  4.633E+00  2.869E+00 -6.970E+00
  1.6210750E+04 -6.399E+00 -4.124E+00  4.479E+00
  1.6211250E+04 -1.853E+01 -1.568E+01 -8.753E-01
  1.6211750E+04 -1.861E+01 -1.877E+01 -1.413E+01
  1.6212250E+04 -2.338E+01 -2.609E+01 -2.850E+01
  1.6212750E+04 -3.723E+01 -3.406E+01 -1.154E+01
  1.6213250E+04 -3.977E+01 -3.771E+01 -1.796E+01
  1.6213750E+04 -5.067E+01 -4.728E+01 -1.897E+01
  1.6214250E+04 -5.034E+01 -4.760E+01 -2.142E+01
  1.6214750E+04 -4.793E+01 -4.624E+01 -2.448E+01
  1.6215250E+04 -5.014E+01 -4.834E+01 -2.546E+01
  1.6215750E+04 -5.053E+01 -4.560E+01 -1.152E+01
  1.6216250E+04 -5.991E+01 -5.319E+01 -1.001E+01
  1.6216750E+04 -5.916E+01 -5.714E+01 -3.029E+01
  1.6217250E+04 -3.921E+01 -3.936E+01 -2.694E+01
  1.6217750E+04 -4.424E+01 -4.097E+01 -1.506E+01
  1.6218250E+04 -5.209E+01 -5.084E+01 -2.888E+01
  1.6218750E+04 -4.757E+01 -4.543E+01 -2.210E+01
  1.6219250E+04 -6.140E+01 -5.743E+01 -2.286E+01
  1.6219750E+04 -5.145E+01 -4.854E+01 -2.111E+01
  1.6220250E+04 -4.322E+01 -4.170E+01 -2.191E+01
  1.6220750E+04 -5.348E+01 -5.054E+01 -2.212E+01
  1.6221250E+04 -5.159E+01 -4.946E+01 -2.458E+01
  1.6221750E+04 -5.462E+01 -5.108E+01 -2.034E+01
  1.6222250E+04 -5.358E+01 -5.246E+01 -3.034E+01
  1.6222750E+04 -5.648E+01 -5.225E+01 -1.846E+01
  1.6223250E+04 -5.284E+01 -5.344E+01 -3.716E+01
  1.6223750E+04 -4.648E+01 -4.359E+01 -1.789E+01
  1.6224250E+04 -4.658E+01 -4.584E+01 -2.748E+01
  1.6224750E+04 -4.971E+01 -4.719E+01 -2.143E+01
  1.6225250E+04 -5.109E+01 -4.977E+01 -2.762E+01
  1.6225750E+04 -5.133E+01 -4.952E+01 -2.570E+01
  1.6226250E+04 -4.365E+01 -4.207E+01 -2.202E+01
  1.6226750E+04 -5.254E+01 -4.945E+01 -2.082E+01
  1.6227250E+04 -5.316E+01 -4.945E+01 -1.859E+01
  1.6227750E+04 -5.046E+01 -4.710E+01 -1.826E+01
  1.6228250E+04 -4.929E+01 -4.636E+01 -1.941E+01
  1.6228750E+04 -4.826E+01 -4.641E+01 -2.358E+01
  1.6229250E+04 -4.444E+01 -4.425E+01 -2.821E+01
  1.6229750E+04 -4.547E+01 -4.321E+01 -1.989E+01
  1.6230250E+04 -4.913E+01 -4.824E+01 -2.843E+01
  1.6230750E+04 -4.952E+01 -4.658E+01 -1.940E+01
  1.6231250E+04 -4.355E+01 -4.315E+01 -2.677E+01
  1.6231750E+04 -4.590E+01 -4.418E+01 -2.262E+01
  1.6232250E+04 -4.891E+01 -4.657E+01 -2.175E+01
  1.6232750E+04 -4.484E+01 -4.207E+01 -1.720E+01
  1.6233250E+04 -4.550E+01 -4.447E+01 -2.519E+01
  1.6233750E+04 -4.862E+01 -4.507E+01 -1.619E+01
  1.6234250E+04 -4.764E+01 -4.362E+01 -1.334E+01
  1.6234750E+04 -4.684E+01 -4.506E+01 -2.294E+01
  1.6235250E+04 -4.340E+01 -4.192E+01 -2.192E+01
  1.6235750E+04 -4.441E+01 -4.226E+01 -1.954E+01
  1.6236250E+04 -4.978E+01 -4.714E+01 -2.086E+01
  1.6236750E+04 -4.396E+01 -4.362E+01 -2.710E+01
  1.6237250E+04 -4.173E+01 -3.938E+01 -1.696E+01
  1.6237750E+04 -4.476E+01 -4.281E+01 -2.062E+01
  1.6238250E+04 -4.197E+01 -3.983E+01 -1.808E+01
  1.6238750E+04 -4.583E+01 -4.403E+01 -2.217E+01
  1.6239250E+04 -4.820E+01 -4.689E+01 -2.555E+01
  1.6239750E+04 -4.109E+01 -3.873E+01 -1.648E+01
  1.6240250E+04 -3.831E+01 -3.809E+01 -2.408E+01
  1.6240750E+04 -4.018E+01 -3.903E+01 -2.121E+01
  1.6241250E+04 -4.074E+01 -3.998E+01 -2.324E+01
  1.6241750E+04 -4.302E+01 -4.205E+01 -2.378E+01
  1.6242250E+04 -4.491E+01 -4.226E+01 -1.761E+01
  1.6242750E+04 -3.710E+01 -3.654E+01 -2.175E+01
  1.6243250E+04 -4.033E+01 -3.773E+01 -1.512E+01
  1.6243750E+04 -4.344E+01 -4.081E+01 -1.655E+01
  1.6244250E+04 -3.841E+01 -3.742E+01 -2.097E+01
  1.6244750E+04 -4.062E+01 -3.856E+01 -1.755E+01
  1.6245250E+04 -3.987E+01 -3.890E+01 -2.184E+01
  1.6245750E+04 -4.045E+01 -3.794E+01 -1.525E+01
  1.6246250E+04 -3.838E+01 -3.774E+01 -2.223E+01
  1.6246750E+04 -4.036E+01 -3.975E+01 -2.363E+01
  1.6247250E+04 -3.948E+01 -3.835E+01 -2.072E+01
  1.6247750E+04 -3.850E+01 -3.710E+01 -1.899E+01
  1.6248250E+04 -4.555E+01 -4.300E+01 -1.850E+01
  1.6248750E+04 -4.085E+01 -3.825E+01 -1.501E+01
  1.6249250E+04 -3.774E+01 -3.651E+01 -1.926E+01
  1.6249750E+04 -3.754E+01 -3.655E+01 -2.023E+01
  1.6250250E+04 -3.865E+01 -3.723E+01 -1.917E+01
  1.6250750E+04 -4.086E+01 -3.861E+01 -1.624E+01
  1.6251250E+04 -4.178E+01 -3.943E+01 -1.646E+01
  1.6251750E+04 -3.671E+01 -3.474E+01 -1.543E+01
  1.6252250E+04 -3.560E+01 -3.471E+01 -1.944E+01
  1.6252750E+04 -4.015E+01 -3.864E+01 -1.957E+01
  1.6253250E+04 -3.703E+01 -3.516E+01 -1.564E+01
  1.6253750E+04 -4.032E+01 -3.802E+01 -1.605E+01
  1.6254250E+04 -3.624E+01 -3.534E+01 -1.968E+01
  1.6254750E+04 -3.517E+01 -3.459E+01 -2.032E+01
  1.6255250E+04 -3.703E+01 -3.624E+01 -2.067E+01
  1.6255750E+04 -3.722E+01 -3.603E+01 -1.922E+01
  1.6256250E+04 -3.526E+01 -3.452E+01 -1.959E+01
  1.6256750E+04 -3.141E+01 -3.034E+01 -1.591E+01
  1.6257250E+04 -3.593E+01 -3.388E+01 -1.443E+01
  1.6257750E+04 -3.712E+01 -3.626E+01 -2.034E+01
  1.6258250E+04 -3.803E+01 -3.649E+01 -1.795E+01
  1.6258750E+04 -3.217E+01 -3.121E+01 -1.660E+01
  1.6259250E+04 -3.373E+01 -3.222E+01 -1.566E+01
  1.6259750E+04 -3.279E+01 -3.082E+01 -1.284E+01
  1.6260250E+04 -3.229E+01 -3.177E+01 -1.865E+01
  1.6260750E+04 -3.430E+01 -3.383E+01 -2.034E+01
  1.6261250E+04 -3.408E+01 -3.354E+01 -1.983E+01
  1.6261750E+04 -3.722E+01 -3.468E+01 -1.286E+01
  1.6262250E+04 -3.108E+01 -3.049E+01 -1.770E+01
  1.6262750E+04 -3.274E+01 -3.233E+01 -1.946E+01
  1.6263250E+04 -3.302E+01 -3.186E+01 -1.620E+01
  1.6263750E+04 -3.581E+01 -3.420E+01 -1.606E+01
  1.6264250E+04 -3.262E+01 -3.070E+01 -1.279E+01
  1.6264750E+04 -3.439E+01 -3.291E+01 -1.588E+01
  1.6265250E+04 -3.569E+01 -3.457E+01 -1.831E+01
  1.6265750E+04 -3.517E+01 -3.292E+01 -1.284E+01
  1.6266250E+04 -2.776E+01 -2.809E+01 -1.952E+01
  1.6266750E+04 -3.363E+01 -3.228E+01 -1.574E+01
  1.6267250E+04 -3.077E+01 -2.982E+01 -1.563E+01
  1.6267750E+04 -3.237E+01 -3.070E+01 -1.371E+01
  1.6268250E+04 -3.132E+01 -2.943E+01 -1.213E+01
  1.6268750E+04 -3.521E+01 -3.349E+01 -1.537E+01
  1.6269250E+04 -2.968E+01 -2.825E+01 -1.311E+01
  1.6269750E+04 -3.037E+01 -2.889E+01 -1.320E+01
  1.6270250E+04 -2.993E+01 -2.923E+01 -1.640E+01
  1.6270750E+04 -3.145E+01 -3.002E+01 -1.436E+01
  1.6271250E+04 -3.194E+01 -3.020E+01 -1.293E+01
  1.6271750E+04 -3.219E+01 -3.117E+01 -1.635E+01
  1.6272250E+04 -3.093E+01 -2.968E+01 -1.440E+01
  1.6272750E+04 -3.097E+01 -2.949E+01 -1.341E+01
  1.6273250E+04 -2.938E+01 -2.803E+01 -1.331E+01
  1.6273750E+04 -3.220E+01 -3.033E+01 -1.270E+01
  1.6274250E+04 -2.861E+01 -2.788E+01 -1.537E+01
  1.6274750E+04 -3.126E+01 -3.064E+01 -1.778E+01
  1.6275250E+04 -2.790E+01 -2.707E+01 -1.429E+01
  1.6275750E+04 -2.839E+01 -2.705E+01 -1.257E+01
  1.6276250E+04 -3.165E+01 -3.025E+01 -1.431E+01
  1.6276750E+04 -2.791E+01 -2.711E+01 -1.449E+01
  1.6277250E+04 -3.109E+01 -2.973E+01 -1.405E+01
  1.6277750E+04 -2.755E+01 -2.652E+01 -1.357E+01
  1.6278250E+04 -2.762E+01 -2.684E+01 -1.459E+01
  1.6278750E+04 -2.852E+01 -2.730E+01 -1.300E+01
  1.6279250E+04 -2.862E+01 -2.778E+01 -1.485E+01
  1.6279750E+04 -3.125E+01 -2.943E+01 -1.208E+01
  1.6280250E+04 -2.841E+01 -2.692E+01 -1.209E+01
  1.6280750E+04 -2.634E+01 -2.573E+01 -1.445E+01
  1.6281250E+04 -2.823E+01 -2.761E+01 -1.560E+01
  1.6281750E+04 -2.840E+01 -2.826E+01 -1.758E+01
  1.6282250E+04 -2.721E+01 -2.709E+01 -1.700E+01
  1.6282750E+04 -3.028E+01 -2.837E+01 -1.101E+01
  1.6283250E+04 -2.498E+01 -2.375E+01 -1.089E+01
  1.6283750E+04 -2.943E+01 -2.757E+01 -1.112E+01
  1.6284250E+04 -2.812E+01 -2.721E+01 -1.408E+01
  1.6284750E+04 -2.708E+01 -2.614E+01 -1.334E+01
  1.6285250E+04 -2.627E+01 -2.547E+01 -1.348E+01
  1.6285750E+04 -2.764E+01 -2.726E+01 -1.626E+01
  1.6286250E+04 -2.667E+01 -2.560E+01 -1.237E+01
  1.6286750E+04 -2.814E+01 -2.667E+01 -1.182E+01
  1.6287250E+04 -2.553E+01 -2.448E+01 -1.212E+01
  1.6287750E+04 -2.675E+01 -2.561E+01 -1.266E+01
  1.6288250E+04 -2.635E+01 -2.511E+01 -1.185E+01
  1.6288750E+04 -2.623E+01 -2.576E+01 -1.504E+01
  1.6289250E+04 -2.534E+01 -2.543E+01 -1.665E+01
  1.6289750E+04 -2.559E+01 -2.582E+01 -1.781E+01
  1.6290250E+04 -2.619E+01 -2.501E+01 -1.186E+01
  1.6290750E+04 -2.849E+01 -2.735E+01 -1.331E+01
  1.6291250E+04 -2.572E+01 -2.467E+01 -1.200E+01
  1.6291750E+04 -2.618E+01 -2.497E+01 -1.164E+01
  1.6292250E+04 -2.444E+01 -2.447E+01 -1.596E+01
  1.6292750E+04 -2.405E+01 -2.347E+01 -1.297E+01
  1.6293250E+04 -2.522E+01 -2.436E+01 -1.253E+01
  1.6293750E+04 -2.525E+01 -2.474E+01 -1.391E+01
  1.6294250E+04 -2.553E+01 -2.487E+01 -1.376E+01
  1.6294750E+04 -2.416E+01 -2.343E+01 -1.243E+01
  1.6295250E+04 -2.595E+01 -2.437E+01 -1.004E+01
  1.6295750E+04 -2.596E+01 -2.509E+01 -1.313E+01
  1.6296250E+04 -2.360E+01 -2.294E+01 -1.240E+01
  1.6296750E+04 -2.559E+01 -2.511E+01 -1.427E+01
  1.6297250E+04 -2.350E+01 -2.254E+01 -1.103E+01
  1.6297750E+04 -2.312E+01 -2.318E+01 -1.529E+01
  1.6298250E+04 -2.230E+01 -2.178E+01 -1.206E+01
  1.6298750E+04 -2.244E+01 -2.223E+01 -1.378E+01
  1.6299250E+04 -2.670E+01 -2.556E+01 -1.232E+01
  1.6299750E+04 -2.501E+01 -2.386E+01 -1.111E+01
  1.6300250E+04 -2.336E+01 -2.285E+01 -1.272E+01
  1.6300750E+04 -2.413E+01 -2.324E+01 -1.195E+01
  1.6301250E+04 -2.274E+01 -2.240E+01 -1.300E+01
  1.6301750E+04 -2.329E+01 -2.280E+01 -1.278E+01
  1.6302250E+04 -2.337E+01 -2.280E+01 -1.256E+01
  1.6302750E+04 -2.389E+01 -2.307E+01 -1.195E+01
  1.6303250E+04 -2.430E+01 -2.334E+01 -1.133E+01
  1.6303750E+04 -2.304E+01 -2.226E+01 -1.147E+01
  1.6304250E+04 -2.421E+01 -2.337E+01 -1.215E+01
  1.6304750E+04 -2.282E+01 -2.167E+01 -9.767E+00
  1.6305250E+04 -2.281E+01 -2.198E+01 -1.103E+01
  1.6305750E+04 -2.312E+01 -2.221E+01 -1.073E+01
  1.6306250E+04 -2.252E+01 -2.197E+01 -1.221E+01
  1.6306750E+04 -2.203E+01 -2.149E+01 -1.205E+01
  1.6307250E+04 -2.121E+01 -2.068E+01 -1.142E+01
  1.6307750E+04 -2.287E+01 -2.176E+01 -1.007E+01
  1.6308250E+04 -2.201E+01 -2.143E+01 -1.174E+01
  1.6308750E+04 -2.117E+01 -2.034E+01 -1.033E+01
  1.6309250E+04 -2.320E+01 -2.226E+01 -1.088E+01
  1.6309750E+04 -2.246E+01 -2.173E+01 -1.127E+01
  1.6310250E+04 -2.171E+01 -2.051E+01 -8.751E+00
  1.6310750E+04 -2.031E+01 -1.996E+01 -1.141E+01
  1.6311250E+04 -2.154E+01 -2.130E+01 -1.283E+01
  1.6311750E+04 -2.126E+01 -2.091E+01 -1.227E+01
  1.6312250E+04 -2.364E+01 -2.239E+01 -9.621E+00
  1.6312750E+04 -2.230E+01 -2.125E+01 -1.005E+01
  1.6313250E+04 -2.206E+01 -2.104E+01 -9.450E+00
  1.6313750E+04 -2.143E+01 -2.071E+01 -1.067E+01
  1.6314250E+04 -2.235E+01 -2.126E+01 -9.661E+00
  1.6314750E+04 -2.034E+01 -1.997E+01 -1.166E+01
  1.6315250E+04 -2.185E+01 -2.127E+01 -1.159E+01
  1.6315750E+04 -2.257E+01 -2.172E+01 -1.075E+01
  1.6316250E+04 -2.216E+01 -2.082E+01 -8.307E+00
  1.6316750E+04 -2.053E+01 -1.978E+01 -9.647E+00
  1.6317250E+04 -2.219E+01 -2.122E+01 -1.005E+01
  1.6317750E+04 -2.193E+01 -2.137E+01 -1.167E+01
  1.6318250E+04 -2.263E+01 -2.207E+01 -1.231E+01
  1.6318750E+04 -2.014E+01 -1.924E+01 -9.207E+00
  1.6319250E+04 -2.114E+01 -1.965E+01 -7.044E+00
  1.6319750E+04 -1.788E+01 -1.754E+01 -1.011E+01
  1.6320250E+04 -2.009E+01 -1.902E+01 -8.502E+00
  1.6320750E+04 -1.935E+01 -1.882E+01 -9.758E+00
  1.6321250E+04 -2.097E+01 -2.035E+01 -1.098E+01
  1.6321750E+04 -2.069E+01 -2.006E+01 -1.059E+01
  1.6322250E+04 -1.909E+01 -1.869E+01 -1.061E+01
  1.6322750E+04 -1.971E+01 -1.909E+01 -1.011E+01
  1.6323250E+04 -2.107E+01 -2.057E+01 -1.147E+01
  1.6323750E+04 -1.976E+01 -1.928E+01 -1.076E+01
  1.6324250E+04 -2.109E+01 -1.997E+01 -8.767E+00
  1.6324750E+04 -1.877E+01 -1.802E+01 -8.642E+00
  1.6325250E+04 -2.101E+01 -2.010E+01 -9.550E+00
  1.6325750E+04 -2.023E+01 -2.006E+01 -1.263E+01
  1.6326250E+04 -1.836E+01 -1.819E+01 -1.106E+01
  1.6326750E+04 -1.905E+01 -1.811E+01 -7.972E+00
  1.6327250E+04 -1.979E+01 -1.916E+01 -1.038E+01
  1.6327750E+04 -1.759E+01 -1.762E+01 -1.174E+01
  1.6328250E+04 -1.865E+01 -1.790E+01 -8.703E+00
  1.6328750E+04 -2.004E+01 -1.920E+01 -9.153E+00
  1.6329250E+04 -1.958E+01 -1.833E+01 -6.945E+00
  1.6329750E+04 -1.996E+01 -1.932E+01 -1.004E+01
  1.6330250E+04 -1.981E+01 -1.941E+01 -1.082E+01
  1.6330750E+04 -1.649E+01 -1.635E+01 -9.621E+00
  1.6331250E+04 -1.858E+01 -1.800E+01 -9.632E+00
  1.6331750E+04 -2.168E+01 -2.072E+01 -9.992E+00
  1.6332250E+04 -2.014E+01 -1.965E+01 -1.063E+01
  1.6332750E+04 -1.941E+01 -1.835E+01 -7.564E+00
  1.6333250E+04 -1.859E+01 -1.795E+01 -9.554E+00
  1.6333750E+04 -1.847E+01 -1.792E+01 -9.183E+00
  1.6334250E+04 -1.801E+01 -1.768E+01 -1.038E+01
  1.6334750E+04 -1.820E+01 -1.768E+01 -9.725E+00
  1.6335250E+04 -1.814E+01 -1.747E+01 -8.794E+00
  1.6335750E+04 -1.708E+01 -1.678E+01 -9.632E+00
  1.6336250E+04 -1.755E+01 -1.700E+01 -8.810E+00
  1.6336750E+04 -1.822E+01 -1.743E+01 -8.178E+00
  1.6337250E+04 -1.854E+01 -1.765E+01 -8.059E+00
  1.6337750E+04 -1.840E+01 -1.714E+01 -6.182E+00
  1.6338250E+04 -1.875E+01 -1.800E+01 -8.787E+00
  1.6338750E+04 -1.760E+01 -1.763E+01 -1.180E+01
  1.6339250E+04 -1.606E+01 -1.624E+01 -1.108E+01
  1.6339750E+04 -1.738E+01 -1.624E+01 -6.295E+00
  1.6340250E+04 -1.821E+01 -1.780E+01 -9.849E+00
  1.6340750E+04 -1.712E+01 -1.661E+01 -9.061E+00
  1.6341250E+04 -1.911E+01 -1.846E+01 -9.442E+00
  1.6341750E+04 -1.609E+01 -1.594E+01 -9.615E+00
  1.6342250E+04 -1.586E+01 -1.573E+01 -9.700E+00
  1.6342750E+04 -1.723E+01 -1.619E+01 -6.607E+00
  1.6343250E+04 -1.750E+01 -1.698E+01 -8.968E+00
  1.6343750E+04 -1.647E+01 -1.607E+01 -8.685E+00
  1.6344250E+04 -1.787E+01 -1.751E+01 -1.000E+01
  1.6344750E+04 -1.578E+01 -1.538E+01 -8.713E+00
  1.6345250E+04 -1.618E+01 -1.562E+01 -8.051E+00
  1.6345750E+04 -2.005E+01 -1.901E+01 -8.362E+00
  1.6346250E+04 -1.808E+01 -1.775E+01 -1.011E+01
  1.6346750E+04 -1.669E+01 -1.633E+01 -9.497E+00
  1.6347250E+04 -1.741E+01 -1.676E+01 -8.683E+00
  1.6347750E+04 -1.754E+01 -1.725E+01 -9.958E+00
  1.6348250E+04 -1.711E+01 -1.656E+01 -8.437E+00
  1.6348750E+04 -1.697E+01 -1.671E+01 -9.776E+00
  1.6349250E+04 -1.626E+01 -1.610E+01 -9.709E+00
  1.6349750E+04 -1.591E+01 -1.522E+01 -7.232E+00
  1.6350250E+04 -1.695E+01 -1.620E+01 -7.646E+00
  1.6350750E+04 -1.673E+01 -1.643E+01 -9.536E+00
  1.6351250E+04 -1.712E+01 -1.656E+01 -8.687E+00
  1.6351750E+04 -1.522E+01 -1.509E+01 -9.197E+00
  1.6352250E+04 -1.450E+01 -1.406E+01 -7.520E+00
  1.6352750E+04 -1.607E+01 -1.514E+01 -6.412E+00
  1.6353250E+04 -1.588E+01 -1.526E+01 -7.366E+00
  1.6353750E+04 -1.487E+01 -1.423E+01 -6.569E+00
  1.6354250E+04 -1.481E+01 -1.486E+01 -1.032E+01
  1.6354750E+04 -1.626E+01 -1.593E+01 -8.667E+00
  1.6355250E+04 -1.569E+01 -1.519E+01 -8.035E+00
  1.6355750E+04 -1.679E+01 -1.612E+01 -7.560E+00
  1.6356250E+04 -1.597E+01 -1.549E+01 -8.264E+00
  1.6356750E+04 -1.595E+01 -1.521E+01 -6.970E+00
  1.6357250E+04 -1.564E+01 -1.538E+01 -8.958E+00
  1.6357750E+04 -1.508E+01 -1.479E+01 -8.531E+00
  1.6358250E+04 -1.348E+01 -1.349E+01 -8.797E+00
  1.6358750E+04 -1.632E+01 -1.559E+01 -7.217E+00
  1.6359250E+04 -1.738E+01 -1.631E+01 -6.564E+00
  1.6359750E+04 -1.702E+01 -1.610E+01 -6.766E+00
  1.6360250E+04 -1.531E+01 -1.463E+01 -6.784E+00
  1.6360750E+04 -1.580E+01 -1.529E+01 -8.176E+00
  1.6361250E+04 -1.499E+01 -1.426E+01 -6.576E+00
  1.6361750E+04 -1.516E+01 -1.437E+01 -5.962E+00
  1.6362250E+04 -1.554E+01 -1.517E+01 -8.450E+00
  1.6362750E+04 -1.493E+01 -1.482E+01 -9.256E+00
  1.6363250E+04 -1.350E+01 -1.335E+01 -8.051E+00
  1.6363750E+04 -1.352E+01 -1.316E+01 -7.104E+00
  1.6364250E+04 -1.498E+01 -1.471E+01 -8.613E+00
  1.6364750E+04 -1.617E+01 -1.593E+01 -9.237E+00
  1.6365250E+04 -1.645E+01 -1.552E+01 -6.385E+00
  1.6365750E+04 -1.582E+01 -1.546E+01 -8.437E+00
  1.6366250E+04 -1.340E+01 -1.321E+01 -7.670E+00
  1.6366750E+04 -1.543E+01 -1.497E+01 -8.006E+00
  1.6367250E+04 -1.592E+01 -1.518E+01 -7.232E+00
  1.6367750E+04 -1.571E+01 -1.529E+01 -8.475E+00
  1.6368250E+04 -1.402E+01 -1.378E+01 -7.820E+00
  1.6368750E+04 -1.428E+01 -1.368E+01 -6.371E+00
  1.6369250E+04 -1.543E+01 -1.434E+01 -5.292E+00
  1.6369750E+04 -1.398E+01 -1.313E+01 -5.835E+00
  1.6370250E+04 -1.282E+01 -1.289E+01 -8.438E+00
  1.6370750E+04 -1.377E+01 -1.371E+01 -8.694E+00
  1.6371250E+04 -1.438E+01 -1.414E+01 -8.424E+00
  1.6371750E+04 -1.360E+01 -1.300E+01 -5.986E+00
  1.6372250E+04 -1.389E+01 -1.351E+01 -7.293E+00
  1.6372750E+04 -1.421E+01 -1.348E+01 -5.951E+00
  1.6373250E+04 -1.436E+01 -1.343E+01 -5.307E+00
  1.6373750E+04 -1.265E+01 -1.215E+01 -6.301E+00
  1.6374250E+04 -1.339E+01 -1.252E+01 -4.558E+00
  1.6374750E+04 -1.517E+01 -1.420E+01 -5.413E+00
  1.6375250E+04 -1.414E+01 -1.380E+01 -7.370E+00
  1.6375750E+04 -1.353E+01 -1.340E+01 -8.383E+00
  1.6376250E+04 -1.331E+01 -1.280E+01 -6.267E+00
  1.6376750E+04 -1.175E+01 -1.170E+01 -7.570E+00
  1.6377250E+04 -1.579E+01 -1.505E+01 -6.818E+00
  1.6377750E+04 -1.406E+01 -1.348E+01 -6.193E+00
  1.6378250E+04 -1.312E+01 -1.275E+01 -7.188E+00
  1.6378750E+04 -1.295E+01 -1.256E+01 -6.389E+00
  1.6379250E+04 -1.321E+01 -1.279E+01 -6.522E+00
  1.6379750E+04 -1.280E+01 -1.267E+01 -7.650E+00
  1.6380250E+04 -1.225E+01 -1.204E+01 -6.908E+00
  1.6380750E+04 -1.443E+01 -1.379E+01 -6.669E+00
  1.6381250E+04 -1.326E+01 -1.322E+01 -8.662E+00
  1.6381750E+04 -1.225E+01 -1.196E+01 -6.549E+00
  1.6382250E+04 -1.296E+01 -1.270E+01 -7.662E+00
  1.6382750E+04 -1.206E+01 -1.156E+01 -5.989E+00
  1.6383250E+04 -1.484E+01 -1.391E+01 -5.012E+00
  1.6383750E+04 -1.305E+01 -1.322E+01 -9.323E+00
  1.6384250E+04 -1.154E+01 -1.138E+01 -6.575E+00
  1.6384750E+04 -1.329E+01 -1.280E+01 -6.345E+00
  1.6385250E+04 -1.308E+01 -1.289E+01 -7.537E+00
  1.6385750E+04 -1.117E+01 -1.113E+01 -6.909E+00
  1.6386250E+04 -1.316E+01 -1.262E+01 -6.080E+00
  1.6386750E+04 -1.241E+01 -1.199E+01 -6.598E+00
  1.6387250E+04 -1.295E+01 -1.272E+01 -7.054E+00
  1.6387750E+04 -1.227E+01 -1.181E+01 -5.259E+00
  1.6388250E+04 -1.186E+01 -1.173E+01 -6.787E+00
  1.6388750E+04 -1.329E+01 -1.275E+01 -6.954E+00
  1.6389250E+04 -1.215E+01 -1.187E+01 -6.852E+00
  1.6389750E+04 -1.347E+01 -1.314E+01 -6.894E+00
  1.6390250E+04 -1.499E+01 -1.419E+01 -5.630E+00
  1.6390750E+04 -1.259E+01 -1.247E+01 -7.697E+00
  1.6391250E+04 -1.245E+01 -1.215E+01 -7.018E+00
  1.6391750E+04 -1.228E+01 -1.198E+01 -6.491E+00
  1.6392250E+04 -1.321E+01 -1.254E+01 -4.973E+00
  1.6392750E+04 -1.105E+01 -1.063E+01 -4.995E+00
  1.6393250E+04 -1.258E+01 -1.212E+01 -6.406E+00
  1.6393750E+04 -1.244E+01 -1.202E+01 -6.148E+00
  1.6394250E+04 -1.318E+01 -1.249E+01 -5.193E+00
  1.6394750E+04 -1.007E+01 -1.019E+01 -7.211E+00
  1.6395250E+04 -1.157E+01 -1.152E+01 -7.350E+00
  1.6395750E+04 -1.259E+01 -1.225E+01 -6.587E+00
  1.6396250E+04 -1.265E+01 -1.150E+01 -3.251E+00
  1.6396750E+04 -1.147E+01 -1.096E+01 -4.947E+00
  1.6397250E+04 -1.210E+01 -1.185E+01 -6.993E+00
  1.6397750E+04 -1.169E+01 -1.148E+01 -6.263E+00
  1.6398250E+04 -1.221E+01 -1.147E+01 -4.315E+00
  1.6398750E+04 -1.140E+01 -1.133E+01 -6.864E+00
  1.6399250E+04 -1.149E+01 -1.126E+01 -6.503E+00
  1.6399750E+04 -1.220E+01 -1.240E+01 -8.896E+00
  1.6400250E+04 -1.270E+01 -1.220E+01 -5.864E+00
  1.6400750E+04 -1.063E+01 -1.003E+01 -4.225E+00
  1.6401250E+04 -1.145E+01 -1.146E+01 -7.455E+00
  1.6401750E+04 -1.311E+01 -1.279E+01 -7.056E+00
  1.6402250E+04 -1.129E+01 -1.112E+01 -6.572E+00
  1.6402750E+04 -1.240E+01 -1.149E+01 -3.649E+00
  1.6403250E+04 -1.083E+01 -1.040E+01 -5.051E+00
  1.6403750E+04 -9.786E+00 -9.504E+00 -5.588E+00
  1.6404250E+04 -1.119E+01 -1.094E+01 -6.414E+00
  1.6404750E+04 -1.123E+01 -1.082E+01 -5.685E+00
  1.6405250E+04 -1.153E+01 -1.137E+01 -6.735E+00
  1.6405750E+04 -1.141E+01 -1.101E+01 -5.459E+00
  1.6406250E+04 -1.151E+01 -1.136E+01 -7.146E+00
  1.6406750E+04 -1.236E+01 -1.197E+01 -6.213E+00
  1.6407250E+04 -1.178E+01 -1.128E+01 -5.462E+00
  1.6407750E+04 -1.058E+01 -1.057E+01 -6.929E+00
  1.6408250E+04 -9.273E+00 -9.515E+00 -7.067E+00
  1.6408750E+04 -1.086E+01 -1.015E+01 -3.273E+00
  1.6409250E+04 -1.177E+01 -1.106E+01 -4.297E+00
  1.6409750E+04 -1.152E+01 -1.124E+01 -6.465E+00
  1.6410250E+04 -1.089E+01 -1.054E+01 -5.575E+00
  1.6410750E+04 -1.185E+01 -1.115E+01 -4.422E+00
  1.6411250E+04 -1.107E+01 -1.073E+01 -5.404E+00
  1.6411750E+04 -1.034E+01 -1.021E+01 -5.931E+00
  1.6412250E+04 -9.821E+00 -9.545E+00 -5.170E+00
  1.6412750E+04 -9.435E+00 -9.560E+00 -6.660E+00
  1.6413250E+04 -1.014E+01 -1.014E+01 -6.353E+00
  1.6413750E+04 -1.066E+01 -1.021E+01 -5.128E+00
  1.6414250E+04 -1.276E+01 -1.217E+01 -5.676E+00
  1.6414750E+04 -1.100E+01 -1.058E+01 -5.162E+00
  1.6415250E+04 -1.076E+01 -1.029E+01 -4.853E+00
  1.6415750E+04 -1.167E+01 -1.107E+01 -5.048E+00
  1.6416250E+04 -1.117E+01 -1.106E+01 -6.622E+00
  1.6416750E+04 -1.039E+01 -1.025E+01 -5.701E+00
  1.6417250E+04 -1.055E+01 -1.038E+01 -6.262E+00
  1.6417750E+04 -9.370E+00 -9.398E+00 -6.146E+00
  1.6418250E+04 -9.542E+00 -9.293E+00 -4.670E+00
  1.6418750E+04 -1.046E+01 -9.980E+00 -4.682E+00
  1.6419250E+04 -1.082E+01 -1.029E+01 -4.673E+00
  1.6419750E+04 -9.929E+00 -9.944E+00 -6.685E+00
  1.6420250E+04 -1.051E+01 -9.993E+00 -4.333E+00
  1.6420750E+04 -1.045E+01 -1.008E+01 -4.772E+00
  1.6421250E+04 -1.023E+01 -9.651E+00 -4.125E+00
  1.6421750E+04 -1.038E+01 -1.001E+01 -5.100E+00
  1.6422250E+04 -1.043E+01 -1.026E+01 -5.779E+00
  1.6422750E+04 -9.732E+00 -9.309E+00 -4.598E+00
  1.6423250E+04 -1.101E+01 -1.083E+01 -6.142E+00
  1.6423750E+04 -8.408E+00 -8.372E+00 -5.302E+00
  1.6424250E+04 -1.039E+01 -1.033E+01 -6.669E+00
  1.6424750E+04 -9.608E+00 -9.619E+00 -6.223E+00
  1.6425250E+04 -1.146E+01 -1.088E+01 -4.642E+00
  1.6425750E+04 -1.041E+01 -9.940E+00 -4.486E+00
  1.6426250E+04 -8.755E+00 -8.695E+00 -5.452E+00
  1.6426750E+04 -9.447E+00 -9.250E+00 -5.442E+00
  1.6427250E+04 -1.064E+01 -1.045E+01 -5.717E+00
  1.6427750E+04 -1.104E+01 -1.038E+01 -4.096E+00
  1.6428250E+04 -9.376E+00 -9.238E+00 -5.716E+00
  1.6428750E+04 -9.020E+00 -8.744E+00 -4.578E+00
  1.6429250E+04 -9.352E+00 -9.454E+00 -6.253E+00
  1.6429750E+04 -9.774E+00 -9.596E+00 -5.324E+00
  1.6430250E+04 -1.053E+01 -9.917E+00 -4.539E+00
  1.6430750E+04 -9.329E+00 -9.026E+00 -4.431E+00
  1.6431250E+04 -9.704E+00 -9.590E+00 -6.123E+00
  1.6431750E+04 -1.005E+01 -9.868E+00 -5.512E+00
  1.6432250E+04 -9.317E+00 -9.414E+00 -6.209E+00
  1.6432750E+04 -8.984E+00 -8.951E+00 -5.659E+00
  1.6433250E+04 -9.910E+00 -9.427E+00 -4.166E+00
  1.6433750E+04 -9.947E+00 -9.449E+00 -4.206E+00
  1.6434250E+04 -9.612E+00 -9.354E+00 -4.987E+00
  1.6434750E+04 -8.653E+00 -8.539E+00 -5.473E+00
  1.6435250E+04 -1.062E+01 -9.895E+00 -3.773E+00
  1.6435750E+04 -1.121E+01 -1.042E+01 -3.292E+00
  1.6436250E+04 -1.028E+01 -9.830E+00 -3.933E+00
  1.6436750E+04 -1.048E+01 -1.013E+01 -5.479E+00
  1.6437250E+04 -7.874E+00 -7.806E+00 -5.251E+00
  1.6437750E+04 -8.855E+00 -8.428E+00 -3.654E+00
  1.6438250E+04 -9.008E+00 -8.656E+00 -4.190E+00
  1.6438750E+04 -1.060E+01 -1.016E+01 -5.317E+00
  1.6439250E+04 -8.882E+00 -9.096E+00 -6.169E+00
  1.6439750E+04 -7.581E+00 -7.531E+00 -4.834E+00
  1.6440250E+04 -8.389E+00 -8.245E+00 -4.578E+00
  1.6440750E+04 -9.363E+00 -9.304E+00 -5.738E+00
  1.6441250E+04 -1.007E+01 -9.567E+00 -4.495E+00
  1.6441750E+04 -9.553E+00 -9.270E+00 -4.519E+00
  1.6442250E+04 -8.952E+00 -8.737E+00 -4.661E+00
  1.6442750E+04 -8.435E+00 -8.307E+00 -5.105E+00
  1.6443250E+04 -8.308E+00 -8.134E+00 -4.665E+00
  1.6443750E+04 -8.998E+00 -8.642E+00 -4.085E+00
  1.6444250E+04 -9.900E+00 -9.648E+00 -5.266E+00
  1.6444750E+04 -8.987E+00 -8.682E+00 -4.753E+00
  1.6445250E+04 -9.159E+00 -8.624E+00 -3.335E+00
  1.6445750E+04 -8.356E+00 -8.192E+00 -4.695E+00
  1.6446250E+04 -8.969E+00 -8.944E+00 -5.331E+00
  1.6446750E+04 -7.598E+00 -7.717E+00 -6.215E+00
  1.6447250E+04 -7.194E+00 -7.346E+00 -5.045E+00
  1.6447750E+04 -8.972E+00 -8.645E+00 -4.086E+00
  1.6448250E+04 -1.023E+01 -9.970E+00 -5.348E+00
  1.6448750E+04 -1.008E+01 -9.775E+00 -4.813E+00
  1.6449250E+04 -9.758E+00 -9.024E+00 -2.712E+00
  1.6449750E+04 -8.177E+00 -7.676E+00 -3.533E+00
  1.6450250E+04 -7.189E+00 -7.335E+00 -5.185E+00
  1.6450750E+04 -8.017E+00 -8.003E+00 -4.944E+00
  1.6451250E+04 -8.473E+00 -8.403E+00 -5.182E+00
  1.6451750E+04 -9.023E+00 -8.758E+00 -4.639E+00
  1.6452250E+04 -8.044E+00 -7.768E+00 -4.072E+00
  1.6452750E+04 -8.340E+00 -8.388E+00 -5.675E+00
  1.6453250E+04 -8.249E+00 -8.021E+00 -4.293E+00
  1.6453750E+04 -8.044E+00 -7.680E+00 -3.335E+00
  1.6454250E+04 -8.667E+00 -8.040E+00 -2.778E+00
  1.6454750E+04 -8.423E+00 -8.226E+00 -4.352E+00
  1.6455250E+04 -7.599E+00 -7.618E+00 -5.063E+00
  1.6455750E+04 -8.466E+00 -8.101E+00 -3.921E+00
  1.6456250E+04 -8.207E+00 -7.869E+00 -4.469E+00
  1.6456750E+04 -9.214E+00 -8.738E+00 -3.986E+00
  1.6457250E+04 -9.052E+00 -8.944E+00 -5.013E+00
  1.6457750E+04 -8.375E+00 -8.258E+00 -4.746E+00
  1.6458250E+04 -8.260E+00 -8.111E+00 -4.749E+00
  1.6458750E+04 -9.214E+00 -8.875E+00 -4.630E+00
  1.6459250E+04 -8.309E+00 -8.188E+00 -5.018E+00
  1.6459750E+04 -8.504E+00 -8.043E+00 -3.510E+00
  1.6460250E+04 -8.222E+00 -8.160E+00 -4.641E+00
  1.6460750E+04 -8.199E+00 -7.942E+00 -4.564E+00
  1.6461250E+04 -7.508E+00 -7.415E+00 -4.417E+00
  1.6461750E+04 -6.672E+00 -6.417E+00 -3.307E+00
  1.6462250E+04 -7.989E+00 -7.781E+00 -3.718E+00
  1.6462750E+04 -7.823E+00 -7.540E+00 -3.765E+00
  1.6463250E+04 -7.892E+00 -7.801E+00 -4.529E+00
  1.6463750E+04 -7.541E+00 -7.476E+00 -4.348E+00
  1.6464250E+04 -7.419E+00 -7.647E+00 -5.544E+00
  1.6464750E+04 -8.761E+00 -8.411E+00 -4.011E+00
  1.6465250E+04 -6.819E+00 -6.823E+00 -4.625E+00
  1.6465750E+04 -6.904E+00 -6.657E+00 -3.507E+00
  1.6466250E+04 -7.220E+00 -7.005E+00 -3.868E+00
  1.6466750E+04 -8.193E+00 -7.898E+00 -4.179E+00
  1.6467250E+04 -8.162E+00 -7.946E+00 -4.828E+00
  1.6467750E+04 -7.700E+00 -7.402E+00 -3.271E+00
  1.6468250E+04 -7.598E+00 -7.569E+00 -4.479E+00
  1.6468750E+04 -8.003E+00 -7.813E+00 -4.002E+00
  1.6469250E+04 -8.168E+00 -8.057E+00 -4.866E+00
  1.6469750E+04 -7.578E+00 -7.282E+00 -3.454E+00
  1.6470250E+04 -7.584E+00 -7.447E+00 -4.544E+00
  1.6470750E+04 -8.028E+00 -7.844E+00 -4.306E+00
  1.6471250E+04 -6.859E+00 -7.046E+00 -5.225E+00
  1.6471750E+04 -7.069E+00 -6.753E+00 -3.224E+00
  1.6472250E+04 -7.891E+00 -7.920E+00 -5.117E+00
  1.6472750E+04 -7.564E+00 -7.672E+00 -5.493E+00
  1.6473250E+04 -7.330E+00 -7.176E+00 -3.828E+00
  1.6473750E+04 -7.456E+00 -7.313E+00 -4.089E+00
  1.6474250E+04 -8.174E+00 -7.724E+00 -3.284E+00
  1.6474750E+04 -6.269E+00 -6.248E+00 -3.895E+00
  1.6475250E+04 -7.306E+00 -6.961E+00 -2.955E+00
  1.6475750E+04 -7.657E+00 -7.604E+00 -4.264E+00
  1.6476250E+04 -7.423E+00 -7.115E+00 -3.419E+00
  1.6476750E+04 -7.089E+00 -6.790E+00 -3.211E+00
  1.6477250E+04 -7.732E+00 -7.387E+00 -3.391E+00
  1.6477750E+04 -7.546E+00 -7.338E+00 -3.932E+00
  1.6478250E+04 -7.437E+00 -7.242E+00 -3.764E+00
  1.6478750E+04 -7.106E+00 -7.089E+00 -4.510E+00
  1.6479250E+04 -7.869E+00 -7.515E+00 -3.518E+00
  1.6479750E+04 -7.861E+00 -7.655E+00 -3.938E+00
  1.6480250E+04 -7.919E+00 -7.644E+00 -3.778E+00
  1.6480750E+04 -7.564E+00 -7.147E+00 -3.102E+00
  1.6481250E+04 -7.521E+00 -7.369E+00 -3.905E+00
  1.6481750E+04 -6.868E+00 -6.628E+00 -3.149E+00
  1.6482250E+04 -6.840E+00 -7.019E+00 -5.232E+00
  1.6482750E+04 -7.742E+00 -7.584E+00 -4.218E+00
  1.6483250E+04 -7.688E+00 -7.542E+00 -4.463E+00
  1.6483750E+04 -6.313E+00 -6.114E+00 -3.169E+00
  1.6484250E+04 -6.031E+00 -6.097E+00 -4.264E+00
  1.6484750E+04 -8.116E+00 -7.606E+00 -2.809E+00
  1.6485250E+04 -8.738E+00 -8.262E+00 -3.605E+00
  1.6485750E+04 -7.247E+00 -6.916E+00 -3.254E+00
  1.6486250E+04 -6.805E+00 -6.704E+00 -3.988E+00
  1.6486750E+04 -6.640E+00 -6.288E+00 -2.838E+00
  1.6487250E+04 -7.229E+00 -7.053E+00 -4.079E+00
  1.6487750E+04 -7.977E+00 -7.711E+00 -3.874E+00
  1.6488250E+04 -7.592E+00 -7.406E+00 -3.968E+00
  1.6488750E+04 -6.882E+00 -6.646E+00 -3.273E+00
  1.6489250E+04 -5.868E+00 -5.738E+00 -3.387E+00
  1.6489750E+04 -5.907E+00 -5.913E+00 -4.104E+00
  1.6490250E+04 -7.235E+00 -6.974E+00 -3.767E+00
  1.6490750E+04 -6.967E+00 -6.404E+00 -1.752E+00
  1.6491250E+04 -6.930E+00 -6.526E+00 -2.508E+00
  1.6491750E+04 -6.781E+00 -6.770E+00 -4.395E+00
  1.6492250E+04 -6.905E+00 -7.078E+00 -5.620E+00
  1.6492750E+04 -6.200E+00 -6.143E+00 -3.852E+00
  1.6493250E+04 -6.631E+00 -6.124E+00 -1.887E+00
  1.6493750E+04 -7.016E+00 -6.908E+00 -4.203E+00
  1.6494250E+04 -7.068E+00 -6.686E+00 -2.467E+00
  1.6494750E+04 -6.510E+00 -6.265E+00 -2.868E+00
  1.6495250E+04 -6.965E+00 -6.834E+00 -3.820E+00
  1.6495750E+04 -7.256E+00 -7.186E+00 -4.038E+00
  1.6496250E+04 -6.840E+00 -6.698E+00 -4.215E+00
  1.6496750E+04 -6.905E+00 -6.659E+00 -3.365E+00
  1.6497250E+04 -5.303E+00 -5.357E+00 -3.527E+00
  1.6497750E+04 -6.262E+00 -6.037E+00 -2.799E+00
  1.6498250E+04 -5.812E+00 -5.748E+00 -3.050E+00
  1.6498750E+04 -6.974E+00 -6.544E+00 -2.625E+00
  1.6499250E+04 -7.628E+00 -7.509E+00 -4.346E+00
  1.6499750E+04 -6.745E+00 -6.695E+00 -4.092E+00
  1.6500250E+04 -6.945E+00 -6.925E+00 -4.527E+00
  1.6500750E+04 -7.417E+00 -7.023E+00 -2.558E+00
  1.6501250E+04 -6.627E+00 -6.803E+00 -5.027E+00
  1.6501750E+04 -6.709E+00 -6.405E+00 -3.118E+00
  1.6502250E+04 -6.138E+00 -5.991E+00 -3.352E+00
  1.6502750E+04 -7.060E+00 -6.878E+00 -4.234E+00
  1.6503250E+04 -6.598E+00 -6.519E+00 -3.880E+00
  1.6503750E+04 -6.156E+00 -5.942E+00 -3.035E+00
  1.6504250E+04 -7.939E+00 -7.538E+00 -2.899E+00
  1.6504750E+04 -6.388E+00 -6.132E+00 -2.816E+00
  1.6505250E+04 -5.764E+00 -5.755E+00 -3.746E+00
  1.6505750E+04 -5.525E+00 -5.540E+00 -3.540E+00
  1.6506250E+04 -6.603E+00 -6.538E+00 -3.827E+00
  1.6506750E+04 -7.006E+00 -6.838E+00 -3.956E+00
  1.6507250E+04 -6.214E+00 -5.991E+00 -3.221E+00
  1.6507750E+04 -6.368E+00 -6.196E+00 -3.254E+00
  1.6508250E+04 -6.355E+00 -6.364E+00 -3.809E+00
  1.6508750E+04 -6.362E+00 -6.393E+00 -4.122E+00
  1.6509250E+04 -6.165E+00 -5.858E+00 -2.534E+00
  1.6509750E+04 -6.368E+00 -6.125E+00 -2.973E+00
  1.6510250E+04 -5.758E+00 -5.670E+00 -3.600E+00
  1.6510750E+04 -6.469E+00 -6.105E+00 -2.493E+00
  1.6511250E+04 -5.391E+00 -5.489E+00 -4.010E+00
  1.6511750E+04 -6.484E+00 -6.205E+00 -2.423E+00
  1.6512250E+04 -5.384E+00 -5.570E+00 -4.423E+00
  1.6512750E+04 -6.608E+00 -6.212E+00 -2.406E+00
  1.6513250E+04 -5.786E+00 -5.628E+00 -2.775E+00
  1.6513750E+04 -5.777E+00 -6.072E+00 -4.923E+00
  1.6514250E+04 -6.725E+00 -6.485E+00 -3.164E+00
  1.6514750E+04 -5.478E+00 -5.241E+00 -2.567E+00
  1.6515250E+04 -5.064E+00 -5.247E+00 -3.467E+00
  1.6515750E+04 -4.887E+00 -4.686E+00 -2.305E+00
  1.6516250E+04 -5.775E+00 -5.668E+00 -4.059E+00
  1.6516750E+04 -5.655E+00 -5.612E+00 -3.774E+00
  1.6517250E+04 -6.151E+00 -5.820E+00 -2.034E+00
  1.6517750E+04 -6.733E+00 -6.435E+00 -2.887E+00
  1.6518250E+04 -6.195E+00 -5.945E+00 -2.898E+00
  1.6518750E+04 -6.705E+00 -6.489E+00 -3.366E+00
  1.6519250E+04 -6.040E+00 -5.644E+00 -2.123E+00
  1.6519750E+04 -6.326E+00 -5.996E+00 -2.917E+00
  1.6520250E+04 -6.439E+00 -5.908E+00 -2.063E+00
  1.6520750E+04 -5.864E+00 -5.674E+00 -2.931E+00
  1.6521250E+04 -5.163E+00 -5.131E+00 -3.033E+00
  1.6521750E+04 -5.153E+00 -5.276E+00 -3.386E+00
  1.6522250E+04 -5.011E+00 -4.809E+00 -2.602E+00
  1.6522750E+04 -6.895E+00 -6.587E+00 -2.938E+00
  1.6523250E+04 -5.965E+00 -5.871E+00 -3.238E+00
  1.6523750E+04 -5.716E+00 -5.751E+00 -3.838E+00
  1.6524250E+04 -5.060E+00 -5.010E+00 -3.736E+00
  1.6524750E+04 -5.649E+00 -5.597E+00 -3.090E+00
  1.6525250E+04 -6.555E+00 -6.133E+00 -2.619E+00
  1.6525750E+04 -5.976E+00 -5.854E+00 -2.984E+00
  1.6526250E+04 -6.104E+00 -5.771E+00 -2.180E+00
  1.6526750E+04 -6.057E+00 -6.071E+00 -4.068E+00
  1.6527250E+04 -5.672E+00 -5.396E+00 -2.792E+00
  1.6527750E+04 -5.562E+00 -5.311E+00 -2.721E+00
  1.6528250E+04 -5.019E+00 -4.773E+00 -2.223E+00
  1.6528750E+04 -4.786E+00 -4.835E+00 -2.907E+00
  1.6529250E+04 -4.856E+00 -4.876E+00 -3.147E+00
  1.6529750E+04 -5.800E+00 -5.431E+00 -2.175E+00
  1.6530250E+04 -6.254E+00 -5.929E+00 -2.852E+00
  1.6530750E+04 -6.014E+00 -5.891E+00 -3.166E+00
  1.6531250E+04 -5.170E+00 -4.950E+00 -2.423E+00
  1.6531750E+04 -5.754E+00 -5.783E+00 -3.823E+00
  1.6532250E+04 -5.038E+00 -5.219E+00 -3.711E+00
  1.6532750E+04 -4.799E+00 -4.538E+00 -1.827E+00
  1.6533250E+04 -5.751E+00 -5.358E+00 -2.143E+00
  1.6533750E+04 -5.624E+00 -5.375E+00 -3.041E+00
  1.6534250E+04 -6.247E+00 -5.781E+00 -1.484E+00
  1.6534750E+04 -4.088E+00 -4.134E+00 -2.521E+00
  1.6535250E+04 -5.705E+00 -5.613E+00 -3.060E+00
  1.6535750E+04 -6.103E+00 -5.900E+00 -2.751E+00
  1.6536250E+04 -5.549E+00 -5.692E+00 -4.750E+00
  1.6536750E+04 -5.548E+00 -5.410E+00 -3.125E+00
  1.6537250E+04 -5.706E+00 -5.439E+00 -2.352E+00
  1.6537750E+04 -5.397E+00 -4.820E+00 -8.128E-01
  1.6538250E+04 -4.591E+00 -4.737E+00 -3.611E+00
  1.6538750E+04 -5.088E+00 -5.069E+00 -3.397E+00
  1.6539250E+04 -5.538E+00 -5.354E+00 -2.978E+00
  1.6539750E+04 -5.245E+00 -4.916E+00 -1.973E+00
  1.6540250E+04 -4.448E+00 -4.301E+00 -2.347E+00
  1.6540750E+04 -5.566E+00 -5.482E+00 -3.121E+00
  1.6541250E+04 -5.765E+00 -5.359E+00 -1.569E+00
  1.6541750E+04 -5.178E+00 -5.199E+00 -3.259E+00
  1.6542250E+04 -5.859E+00 -5.685E+00 -2.845E+00
  1.6542750E+04 -6.007E+00 -5.900E+00 -3.224E+00
  1.6543250E+04 -5.068E+00 -5.045E+00 -3.232E+00
  1.6543750E+04 -4.932E+00 -4.658E+00 -2.093E+00
  1.6544250E+04 -5.158E+00 -5.257E+00 -3.787E+00
  1.6544750E+04 -4.843E+00 -4.569E+00 -1.791E+00
  1.6545250E+04 -4.858E+00 -4.835E+00 -2.510E+00
  1.6545750E+04 -4.788E+00 -4.586E+00 -1.976E+00
  1.6546250E+04 -4.973E+00 -4.655E+00 -1.724E+00
  1.6546750E+04 -5.296E+00 -5.391E+00 -3.850E+00
  1.6547250E+04 -5.365E+00 -5.291E+00 -3.041E+00
  1.6547750E+04 -6.530E+00 -6.103E+00 -2.388E+00
  1.6548250E+04 -5.276E+00 -4.952E+00 -2.241E+00
  1.6548750E+04 -4.428E+00 -4.317E+00 -2.828E+00
  1.6549250E+04 -5.174E+00 -5.140E+00 -2.896E+00
  1.6549750E+04 -3.949E+00 -4.349E+00 -3.912E+00
  1.6550250E+04 -4.853E+00 -4.987E+00 -3.239E+00
  1.6550750E+04 -5.627E+00 -5.447E+00 -2.614E+00
  1.6551250E+04 -4.313E+00 -4.143E+00 -2.322E+00
  1.6551750E+04 -4.210E+00 -4.214E+00 -3.640E+00
  1.6552250E+04 -4.619E+00 -4.563E+00 -2.436E+00
  1.6552750E+04 -4.474E+00 -4.332E+00 -2.177E+00
  1.6553250E+04 -4.817E+00 -4.524E+00 -2.220E+00
  1.6553750E+04 -4.372E+00 -4.387E+00 -2.904E+00
  1.6554250E+04 -4.312E+00 -4.425E+00 -3.415E+00
  1.6554750E+04 -5.313E+00 -4.960E+00 -2.219E+00
  1.6555250E+04 -5.327E+00 -5.013E+00 -1.615E+00
  1.6555750E+04 -4.727E+00 -4.482E+00 -1.917E+00
  1.6556250E+04 -5.119E+00 -5.147E+00 -3.610E+00
  1.6556750E+04 -5.075E+00 -5.000E+00 -2.988E+00
  1.6557250E+04 -4.946E+00 -4.782E+00 -1.973E+00
  1.6557750E+04 -4.323E+00 -4.406E+00 -2.999E+00
  1.6558250E+04 -4.385E+00 -4.395E+00 -2.631E+00
  1.6558750E+04 -4.626E+00 -4.641E+00 -2.918E+00
  1.6559250E+04 -4.896E+00 -4.931E+00 -2.781E+00
  1.6559750E+04 -5.103E+00 -4.701E+00 -1.274E+00
  1.6560250E+04 -5.322E+00 -5.171E+00 -2.974E+00
  1.6560750E+04 -5.800E+00 -5.374E+00 -1.898E+00
  1.6561250E+04 -5.536E+00 -5.068E+00 -1.447E+00
  1.6561750E+04 -4.571E+00 -4.523E+00 -2.949E+00
  1.6562250E+04 -4.762E+00 -4.708E+00 -2.683E+00
  1.6562750E+04 -4.144E+00 -4.129E+00 -2.680E+00
  1.6563250E+04 -4.525E+00 -4.605E+00 -3.294E+00
  1.6563750E+04 -5.444E+00 -5.310E+00 -2.736E+00
  1.6564250E+04 -4.522E+00 -4.529E+00 -2.592E+00
  1.6564750E+04 -5.333E+00 -5.069E+00 -2.107E+00
  1.6565250E+04 -4.884E+00 -4.571E+00 -1.685E+00
  1.6565750E+04 -5.156E+00 -4.966E+00 -2.880E+00
  1.6566250E+04 -4.876E+00 -4.718E+00 -2.424E+00
  1.6566750E+04 -4.013E+00 -4.179E+00 -3.397E+00
  1.6567250E+04 -4.764E+00 -4.539E+00 -2.104E+00
  1.6567750E+04 -4.135E+00 -3.975E+00 -2.010E+00
  1.6568250E+04 -4.118E+00 -3.908E+00 -1.727E+00
  1.6568750E+04 -4.150E+00 -4.206E+00 -3.077E+00
  1.6569250E+04 -4.659E+00 -4.711E+00 -3.304E+00
  1.6569750E+04 -4.166E+00 -4.334E+00 -2.994E+00
  1.6570250E+04 -4.409E+00 -4.339E+00 -2.767E+00
  1.6570750E+04 -4.043E+00 -3.771E+00 -1.973E+00
  1.6571250E+04 -4.591E+00 -4.147E+00 -1.273E+00
  1.6571750E+04 -4.338E+00 -4.499E+00 -2.989E+00
  1.6572250E+04 -5.061E+00 -4.827E+00 -1.872E+00
  1.6572750E+04 -4.291E+00 -4.464E+00 -2.666E+00
  1.6573250E+04 -4.323E+00 -4.220E+00 -2.356E+00
  1.6573750E+04 -4.917E+00 -4.678E+00 -2.307E+00
  1.6574250E+04 -4.023E+00 -3.958E+00 -2.567E+00
  1.6574750E+04 -4.854E+00 -4.609E+00 -2.022E+00
  1.6575250E+04 -4.272E+00 -4.158E+00 -1.990E+00
  1.6575750E+04 -4.370E+00 -4.352E+00 -2.507E+00
  1.6576250E+04 -5.380E+00 -5.107E+00 -2.388E+00
  1.6576750E+04 -4.507E+00 -4.621E+00 -3.565E+00
  1.6577250E+04 -3.786E+00 -3.823E+00 -2.534E+00
  1.6577750E+04 -4.209E+00 -4.071E+00 -2.342E+00
  1.6578250E+04 -3.675E+00 -3.856E+00 -2.779E+00
  1.6578750E+04 -4.371E+00 -4.200E+00 -1.857E+00
  1.6579250E+04 -3.656E+00 -3.651E+00 -2.335E+00
  1.6579750E+04 -4.142E+00 -3.912E+00 -2.024E+00
  1.6580250E+04 -4.108E+00 -3.927E+00 -9.173E-01
  1.6580750E+04 -4.719E+00 -4.634E+00 -2.739E+00
  1.6581250E+04 -5.195E+00 -4.897E+00 -1.869E+00
  1.6581750E+04 -3.597E+00 -3.637E+00 -2.785E+00
  1.6582250E+04 -4.607E+00 -4.138E+00 -1.116E+00
  1.6582750E+04 -3.958E+00 -3.750E+00 -1.584E+00
  1.6583250E+04 -4.687E+00 -4.737E+00 -2.746E+00
  1.6583750E+04 -4.068E+00 -4.509E+00 -4.443E+00
  1.6584250E+04 -4.988E+00 -4.620E+00 -1.612E+00
  1.6584750E+04 -4.035E+00 -3.857E+00 -2.122E+00
  1.6585250E+04 -4.398E+00 -4.213E+00 -1.976E+00
  1.6585750E+04 -3.647E+00 -3.468E+00 -1.652E+00
  1.6586250E+04 -4.325E+00 -4.188E+00 -1.853E+00
  1.6586750E+04 -3.774E+00 -3.718E+00 -2.567E+00
  1.6587250E+04 -4.098E+00 -4.071E+00 -2.606E+00
  1.6587750E+04 -3.602E+00 -3.611E+00 -1.700E+00
  1.6588250E+04 -4.142E+00 -4.038E+00 -2.212E+00
  1.6588750E+04 -4.025E+00 -3.885E+00 -2.020E+00
  1.6589250E+04 -3.609E+00 -3.536E+00 -2.084E+00
  1.6589750E+04 -3.443E+00 -3.698E+00 -3.243E+00
  1.6590250E+04 -4.362E+00 -4.210E+00 -2.115E+00
  1.6590750E+04 -4.403E+00 -4.157E+00 -1.747E+00
  1.6591250E+04 -4.303E+00 -3.990E+00 -1.573E+00
  1.6591750E+04 -3.992E+00 -4.210E+00 -3.281E+00
  1.6592250E+04 -4.708E+00 -4.501E+00 -2.275E+00
  1.6592750E+04 -4.097E+00 -3.873E+00 -1.249E+00
  1.6593250E+04 -4.101E+00 -3.884E+00 -2.091E+00
  1.6593750E+04 -4.289E+00 -4.292E+00 -2.272E+00
  1.6594250E+04 -4.333E+00 -4.088E+00 -1.630E+00
  1.6594750E+04 -4.749E+00 -4.241E+00 -9.999E-01
  1.6595250E+04 -4.833E+00 -4.662E+00 -2.585E+00
  1.6595750E+04 -3.831E+00 -3.966E+00 -2.741E+00
  1.6596250E+04 -3.491E+00 -3.571E+00 -2.458E+00
  1.6596750E+04 -3.897E+00 -3.688E+00 -1.882E+00
  1.6597250E+04 -3.977E+00 -3.736E+00 -1.747E+00
  1.6597750E+04 -3.963E+00 -3.867E+00 -2.291E+00
  1.6598250E+04 -3.491E+00 -3.429E+00 -2.061E+00
  1.6598750E+04 -3.422E+00 -3.228E+00 -1.429E+00
  1.6599250E+04 -3.603E+00 -3.449E+00 -1.538E+00
  1.6599750E+04 -4.666E+00 -4.672E+00 -2.703E+00
  1.6600250E+04 -4.096E+00 -4.243E+00 -3.230E+00
  1.6600750E+04 -4.439E+00 -4.205E+00 -1.728E+00
  1.6601250E+04 -4.156E+00 -4.012E+00 -2.117E+00
  1.6601750E+04 -3.872E+00 -3.678E+00 -1.906E+00
  1.6602250E+04 -3.081E+00 -3.229E+00 -2.394E+00
  1.6602750E+04 -3.343E+00 -3.492E+00 -2.460E+00
  1.6603250E+04 -3.742E+00 -3.537E+00 -1.168E+00
  1.6603750E+04 -3.663E+00 -3.650E+00 -2.450E+00
  1.6604250E+04 -4.398E+00 -4.297E+00 -2.374E+00
  1.6604750E+04 -4.078E+00 -3.941E+00 -2.019E+00
  1.6605250E+04 -3.848E+00 -3.808E+00 -2.117E+00
  1.6605750E+04 -3.567E+00 -3.564E+00 -2.295E+00
  1.6606250E+04 -4.284E+00 -4.087E+00 -2.271E+00
  1.6606750E+04 -4.352E+00 -4.133E+00 -1.453E+00
  1.6607250E+04 -4.488E+00 -4.191E+00 -1.602E+00
  1.6607750E+04 -2.455E+00 -2.485E+00 -1.983E+00
  1.6608250E+04 -4.079E+00 -3.751E+00 -1.470E+00
  1.6608750E+04 -3.654E+00 -3.749E+00 -2.708E+00
  1.6609250E+04 -3.528E+00 -3.509E+00 -1.873E+00
  1.6609750E+04 -3.463E+00 -3.461E+00 -2.235E+00
  1.6610250E+04 -3.067E+00 -3.111E+00 -1.565E+00
  1.6610750E+04 -4.189E+00 -4.266E+00 -3.277E+00
  1.6611250E+04 -4.056E+00 -3.957E+00 -2.367E+00
  1.6611750E+04 -3.861E+00 -3.670E+00 -1.515E+00
  1.6612250E+04 -4.350E+00 -4.076E+00 -1.353E+00
  1.6612750E+04 -3.581E+00 -3.495E+00 -1.828E+00
  1.6613250E+04 -3.416E+00 -3.240E+00 -1.352E+00
  1.6613750E+04 -3.756E+00 -3.685E+00 -2.238E+00
  1.6614250E+04 -3.604E+00 -3.654E+00 -2.918E+00
  1.6614750E+04 -3.996E+00 -4.013E+00 -2.384E+00
  1.6615250E+04 -4.101E+00 -3.930E+00 -1.829E+00
  1.6615750E+04 -3.498E+00 -3.508E+00 -2.345E+00
  1.6616250E+04 -3.447E+00 -3.319E+00 -1.586E+00
  1.6616750E+04 -3.956E+00 -3.670E+00 -1.031E+00
  1.6617250E+04 -3.660E+00 -3.504E+00 -1.970E+00
  1.6617750E+04 -3.376E+00 -3.353E+00 -2.329E+00
  1.6618250E+04 -2.996E+00 -3.043E+00 -2.122E+00
  1.6618750E+04 -3.786E+00 -3.521E+00 -1.700E+00
  1.6619250E+04 -2.588E+00 -2.549E+00 -1.183E+00
  1.6619750E+04 -3.505E+00 -3.594E+00 -2.582E+00
  1.6620250E+04 -3.854E+00 -3.764E+00 -2.505E+00
  1.6620750E+04 -3.810E+00 -3.547E+00 -1.261E+00
  1.6621250E+04 -3.436E+00 -3.471E+00 -2.247E+00
  1.6621750E+04 -4.420E+00 -4.236E+00 -1.546E+00
  1.6622250E+04 -3.785E+00 -3.624E+00 -1.360E+00
  1.6622750E+04 -3.329E+00 -3.368E+00 -2.459E+00
  1.6623250E+04 -3.607E+00 -3.546E+00 -2.006E+00
  1.6623750E+04 -3.769E+00 -3.597E+00 -1.259E+00
  1.6624250E+04 -4.218E+00 -4.000E+00 -1.717E+00
  1.6624750E+04 -3.569E+00 -3.500E+00 -2.243E+00
  1.6625250E+04 -3.314E+00 -3.254E+00 -2.273E+00
  1.6625750E+04 -2.824E+00 -2.971E+00 -2.196E+00
  1.6626250E+04 -3.024E+00 -2.911E+00 -1.231E+00
  1.6626750E+04 -3.501E+00 -3.285E+00 -1.955E+00
  1.6627250E+04 -3.595E+00 -3.376E+00 -1.518E+00
  1.6627750E+04 -3.324E+00 -3.133E+00 -8.975E-01
  1.6628250E+04 -3.746E+00 -3.566E+00 -1.731E+00
  1.6628750E+04 -3.365E+00 -3.248E+00 -1.393E+00
  1.6629250E+04 -3.253E+00 -3.247E+00 -1.920E+00
  1.6629750E+04 -3.450E+00 -3.519E+00 -2.909E+00
  1.6630250E+04 -3.607E+00 -3.494E+00 -2.006E+00
  1.6630750E+04 -4.169E+00 -3.821E+00 -1.100E+00
  1.6631250E+04 -3.380E+00 -3.266E+00 -1.465E+00
  1.6631750E+04 -3.133E+00 -3.233E+00 -2.259E+00
  1.6632250E+04 -3.745E+00 -3.741E+00 -2.355E+00
  1.6632750E+04 -4.144E+00 -4.083E+00 -1.940E+00
  1.6633250E+04 -2.272E+00 -2.677E+00 -2.685E+00
  1.6633750E+04 -3.740E+00 -3.658E+00 -2.106E+00
  1.6634250E+04 -3.046E+00 -2.954E+00 -2.036E+00
  1.6634750E+04 -2.448E+00 -2.433E+00 -1.071E+00
  1.6635250E+04 -2.809E+00 -2.602E+00 -1.293E+00
  1.6635750E+04 -3.262E+00 -3.154E+00 -1.796E+00
  1.6636250E+04 -3.450E+00 -3.342E+00 -1.822E+00
  1.6636750E+04 -2.738E+00 -2.692E+00 -1.669E+00
  1.6637250E+04 -3.258E+00 -3.186E+00 -1.822E+00
  1.6637750E+04 -3.180E+00 -3.126E+00 -1.850E+00
  1.6638250E+04 -3.768E+00 -3.562E+00 -1.361E+00
  1.6638750E+04 -3.157E+00 -3.195E+00 -1.865E+00
  1.6639250E+04 -3.380E+00 -3.150E+00 -1.125E+00
  1.6639750E+04 -2.944E+00 -2.812E+00 -1.383E+00
  1.6640250E+04 -4.069E+00 -3.806E+00 -1.148E+00
  1.6640750E+04 -2.946E+00 -2.934E+00 -1.862E+00
  1.6641250E+04 -3.682E+00 -3.365E+00 -1.495E+00
  1.6641750E+04 -3.456E+00 -3.422E+00 -2.152E+00
  1.6642250E+04 -3.144E+00 -3.061E+00 -1.604E+00
  1.6642750E+04 -2.292E+00 -2.452E+00 -2.163E+00
  1.6643250E+04 -2.893E+00 -2.898E+00 -1.861E+00
  1.6643750E+04 -2.454E+00 -2.405E+00 -1.417E+00
  1.6644250E+04 -3.377E+00 -3.398E+00 -2.235E+00
  1.6644750E+04 -3.168E+00 -3.124E+00 -1.719E+00
  1.6645250E+04 -2.709E+00 -2.775E+00 -1.550E+00
  1.6645750E+04 -3.459E+00 -3.348E+00 -2.120E+00
  1.6646250E+04 -2.989E+00 -2.798E+00 -1.635E+00
  1.6646750E+04 -2.599E+00 -2.707E+00 -1.873E+00
  1.6647250E+04 -3.028E+00 -2.879E+00 -1.427E+00
  1.6647750E+04 -3.409E+00 -3.272E+00 -1.322E+00
  1.6648250E+04 -3.571E+00 -3.348E+00 -1.674E+00
  1.6648750E+04 -2.773E+00 -2.798E+00 -2.038E+00
  1.6649250E+04 -3.696E+00 -3.537E+00 -1.741E+00
  1.6649750E+04 -3.569E+00 -3.360E+00 -9.972E-01
  1.6650250E+04 -3.093E+00 -2.938E+00 -1.190E+00
  1.6650750E+04 -3.109E+00 -3.207E+00 -2.184E+00
  1.6651250E+04 -2.860E+00 -2.881E+00 -1.813E+00
  1.6651750E+04 -3.347E+00 -3.181E+00 -1.402E+00
  1.6652250E+04 -3.178E+00 -3.046E+00 -1.565E+00
  1.6652750E+04 -3.446E+00 -3.242E+00 -1.228E+00
  1.6653250E+04 -2.989E+00 -2.964E+00 -1.402E+00
  1.6653750E+04 -3.418E+00 -3.245E+00 -1.699E+00
  1.6654250E+04 -3.471E+00 -3.332E+00 -1.608E+00
  1.6654750E+04 -3.166E+00 -3.049E+00 -1.294E+00
  1.6655250E+04 -3.102E+00 -3.058E+00 -1.992E+00
  1.6655750E+04 -2.621E+00 -2.719E+00 -1.965E+00
  1.6656250E+04 -2.715E+00 -2.677E+00 -1.558E+00
  1.6656750E+04 -3.917E+00 -3.763E+00 -1.726E+00
  1.6657250E+04 -2.718E+00 -2.557E+00 -1.143E+00
  1.6657750E+04 -3.231E+00 -3.130E+00 -1.544E+00
  1.6658250E+04 -3.151E+00 -2.893E+00 -1.234E+00
  1.6658750E+04 -2.446E+00 -2.498E+00 -1.785E+00
  1.6659250E+04 -2.806E+00 -2.788E+00 -1.862E+00
  1.6659750E+04 -3.191E+00 -3.179E+00 -1.911E+00
  1.6660250E+04 -2.268E+00 -2.290E+00 -1.231E+00
  1.6660750E+04 -2.382E+00 -2.202E+00 -9.105E-01
  1.6661250E+04 -3.097E+00 -3.188E+00 -2.226E+00
  1.6661750E+04 -2.728E+00 -2.827E+00 -2.370E+00
  1.6662250E+04 -3.506E+00 -3.467E+00 -2.216E+00
  1.6662750E+04 -2.739E+00 -2.679E+00 -1.401E+00
  1.6663250E+04 -3.543E+00 -3.276E+00 -1.180E+00
  1.6663750E+04 -3.208E+00 -3.053E+00 -1.579E+00
  1.6664250E+04 -3.412E+00 -3.293E+00 -1.304E+00
  1.6664750E+04 -3.428E+00 -3.300E+00 -1.636E+00
  1.6665250E+04 -2.832E+00 -2.863E+00 -2.004E+00
  1.6665750E+04 -3.524E+00 -3.525E+00 -2.332E+00
  1.6666250E+04 -2.963E+00 -2.881E+00 -1.830E+00
  1.6666750E+04 -2.966E+00 -2.890E+00 -1.544E+00
  1.6667250E+04 -3.249E+00 -3.210E+00 -1.705E+00
  1.6667750E+04 -2.679E+00 -2.724E+00 -2.046E+00
  1.6668250E+04 -2.340E+00 -2.327E+00 -1.594E+00
  1.6668750E+04 -2.727E+00 -2.650E+00 -1.460E+00
  1.6669250E+04 -3.086E+00 -2.874E+00 -1.431E+00
  1.6669750E+04 -2.859E+00 -2.890E+00 -1.621E+00
  1.6670250E+04 -2.890E+00 -2.742E+00 -1.234E+00
  1.6670750E+04 -2.761E+00 -2.726E+00 -1.378E+00
  1.6671250E+04 -2.433E+00 -2.336E+00 -1.004E+00
  1.6671750E+04 -2.989E+00 -2.828E+00 -6.685E-01
  1.6672250E+04 -2.589E+00 -2.472E+00 -7.094E-01
  1.6672750E+04 -2.853E+00 -3.050E+00 -2.493E+00
  1.6673250E+04 -3.262E+00 -3.370E+00 -2.365E+00
  1.6673750E+04 -3.022E+00 -2.914E+00 -1.437E+00
  1.6674250E+04 -2.130E+00 -2.283E+00 -2.075E+00
  1.6674750E+04 -2.324E+00 -2.383E+00 -1.836E+00
  1.6675250E+04 -2.614E+00 -2.457E+00 -9.744E-01
  1.6675750E+04 -2.773E+00 -2.428E+00 -9.300E-01
  1.6676250E+04 -2.466E+00 -2.258E+00 -6.695E-01
  1.6676750E+04 -2.885E+00 -2.760E+00 -1.183E+00
  1.6677250E+04 -2.776E+00 -2.823E+00 -2.171E+00
  1.6677750E+04 -3.279E+00 -3.165E+00 -1.642E+00
  1.6678250E+04 -2.413E+00 -2.383E+00 -1.512E+00
  1.6678750E+04 -2.211E+00 -2.064E+00 -9.505E-01
  1.6679250E+04 -2.841E+00 -2.540E+00 -4.277E-01
  1.6679750E+04 -2.077E+00 -2.403E+00 -2.495E+00
  1.6680250E+04 -2.707E+00 -2.937E+00 -2.407E+00
  1.6680750E+04 -3.172E+00 -3.129E+00 -1.725E+00
  1.6681250E+04 -2.263E+00 -2.330E+00 -1.976E+00
  1.6681750E+04 -2.528E+00 -2.595E+00 -1.561E+00
  1.6682250E+04 -2.391E+00 -2.342E+00 -1.465E+00
  1.6682750E+04 -2.054E+00 -2.008E+00 -1.867E+00
  1.6683250E+04 -3.135E+00 -2.866E+00 -9.092E-01
  1.6683750E+04 -2.802E+00 -2.848E+00 -2.006E+00
  1.6684250E+04 -3.441E+00 -3.240E+00 -1.219E+00
  1.6684750E+04 -2.724E+00 -2.676E+00 -1.235E+00
  1.6685250E+04 -2.810E+00 -2.694E+00 -9.090E-01
  1.6685750E+04 -2.565E+00 -2.512E+00 -1.485E+00
  1.6686250E+04 -2.323E+00 -2.243E+00 -1.327E+00
  1.6686750E+04 -2.612E+00 -2.528E+00 -1.304E+00
  1.6687250E+04 -3.288E+00 -3.265E+00 -1.787E+00
  1.6687750E+04 -2.711E+00 -2.648E+00 -1.294E+00
  1.6688250E+04 -2.998E+00 -2.895E+00 -1.520E+00
  1.6688750E+04 -2.735E+00 -2.551E+00 -1.055E+00
  1.6689250E+04 -2.728E+00 -2.689E+00 -1.929E+00
  1.6689750E+04 -2.559E+00 -2.515E+00 -1.484E+00
  1.6690250E+04 -2.487E+00 -2.383E+00 -9.113E-01
  1.6690750E+04 -2.229E+00 -2.094E+00 -9.990E-01
  1.6691250E+04 -2.302E+00 -2.391E+00 -1.923E+00
  1.6691750E+04 -2.858E+00 -2.770E+00 -1.713E+00
  1.6692250E+04 -2.702E+00 -2.682E+00 -1.382E+00
  1.6692750E+04 -2.255E+00 -2.237E+00 -1.123E+00
  1.6693250E+04 -3.450E+00 -3.472E+00 -2.214E+00
  1.6693750E+04 -2.959E+00 -2.942E+00 -1.715E+00
  1.6694250E+04 -1.595E+00 -1.695E+00 -1.327E+00
  1.6694750E+04 -2.997E+00 -2.899E+00 -1.343E+00
  1.6695250E+04 -2.805E+00 -2.681E+00 -1.178E+00
  1.6695750E+04 -2.820E+00 -2.688E+00 -1.046E+00
  1.6696250E+04 -3.062E+00 -2.823E+00 -1.079E+00
  1.6696750E+04 -2.478E+00 -2.389E+00 -1.710E+00
  1.6697250E+04 -2.470E+00 -2.516E+00 -1.550E+00
  1.6697750E+04 -2.497E+00 -2.480E+00 -1.475E+00
  1.6698250E+04 -2.117E+00 -2.052E+00 -1.560E+00
  1.6698750E+04 -2.378E+00 -2.512E+00 -1.736E+00
  1.6699250E+04 -3.628E+00 -3.275E+00 -4.761E-01
  1.6699750E+04 -3.114E+00 -2.868E+00 -9.211E-01
  1.6700250E+04 -2.403E+00 -2.362E+00 -1.606E+00
  1.6700750E+04 -2.626E+00 -2.690E+00 -1.951E+00
  1.6701250E+04 -2.519E+00 -2.502E+00 -1.613E+00
  1.6701750E+04 -2.902E+00 -2.650E+00 -4.039E-01
  1.6702250E+04 -2.753E+00 -2.742E+00 -2.029E+00
  1.6702750E+04 -2.337E+00 -2.172E+00 -9.840E-01
  1.6703250E+04 -2.297E+00 -2.318E+00 -1.673E+00
  1.6703750E+04 -2.188E+00 -2.217E+00 -1.350E+00
  1.6704250E+04 -2.073E+00 -2.058E+00 -1.170E+00
  1.6704750E+04 -1.818E+00 -1.854E+00 -1.145E+00
  1.6705250E+04 -2.369E+00 -2.289E+00 -1.138E+00
  1.6705750E+04 -2.474E+00 -2.385E+00 -1.182E+00
  1.6706250E+04 -1.849E+00 -1.899E+00 -1.076E+00
  1.6706750E+04 -2.124E+00 -2.051E+00 -1.093E+00
  1.6707250E+04 -2.980E+00 -2.701E+00 -7.517E-01
  1.6707750E+04 -2.684E+00 -2.603E+00 -1.231E+00
  1.6708250E+04 -2.151E+00 -2.209E+00 -1.655E+00
  1.6708750E+04 -2.825E+00 -2.592E+00 -1.087E+00
  1.6709250E+04 -2.498E+00 -2.565E+00 -1.828E+00
  1.6709750E+04 -2.885E+00 -2.756E+00 -1.133E+00
  1.6710250E+04 -2.031E+00 -2.033E+00 -1.393E+00
  1.6710750E+04 -2.515E+00 -2.506E+00 -1.405E+00
  1.6711250E+04 -2.241E+00 -2.280E+00 -1.443E+00
  1.6711750E+04 -2.503E+00 -2.324E+00 -7.517E-01
  1.6712250E+04 -2.557E+00 -2.441E+00 -1.074E+00
  1.6712750E+04 -2.126E+00 -2.081E+00 -9.888E-01
  1.6713250E+04 -2.542E+00 -2.344E+00 -7.646E-01
  1.6713750E+04 -2.523E+00 -2.362E+00 -6.359E-01
  1.6714250E+04 -1.907E+00 -1.877E+00 -1.404E+00
  1.6714750E+04 -1.755E+00 -1.842E+00 -1.699E+00
  1.6715250E+04 -2.694E+00 -2.468E+00 -8.549E-01
  1.6715750E+04 -2.324E+00 -2.187E+00 -7.573E-01
  1.6716250E+04 -2.431E+00 -2.305E+00 -8.731E-01
  1.6716750E+04 -2.854E+00 -2.925E+00 -2.233E+00
  1.6717250E+04 -2.350E+00 -2.253E+00 -1.323E+00
  1.6717750E+04 -2.386E+00 -2.352E+00 -1.527E+00
  1.6718250E+04 -2.691E+00 -2.577E+00 -1.514E+00
  1.6718750E+04 -2.665E+00 -2.528E+00 -8.034E-01
  1.6719250E+04 -2.158E+00 -2.229E+00 -1.480E+00
  1.6719750E+04 -2.586E+00 -2.585E+00 -1.467E+00
  1.6720250E+04 -1.959E+00 -1.939E+00 -1.323E+00
  1.6720750E+04 -1.919E+00 -1.927E+00 -1.013E+00
  1.6721250E+04 -1.940E+00 -1.683E+00 -6.281E-02
  1.6721750E+04 -2.302E+00 -2.246E+00 -8.900E-01
  1.6722250E+04 -2.526E+00 -2.547E+00 -1.744E+00
  1.6722750E+04 -2.028E+00 -2.059E+00 -1.581E+00
  1.6723250E+04 -2.740E+00 -2.690E+00 -1.512E+00
  1.6723750E+04 -2.374E+00 -2.302E+00 -1.276E+00
  1.6724250E+04 -2.070E+00 -2.024E+00 -1.183E+00
  1.6724750E+04 -2.242E+00 -2.278E+00 -1.680E+00
  1.6725250E+04 -2.612E+00 -2.568E+00 -1.622E+00
  1.6725750E+04 -2.479E+00 -2.403E+00 -1.181E+00
  1.6726250E+04 -2.035E+00 -2.103E+00 -1.710E+00
  1.6726750E+04 -2.099E+00 -1.951E+00 -1.014E+00
  1.6727250E+04 -1.877E+00 -1.906E+00 -1.134E+00
  1.6727750E+04 -2.819E+00 -2.887E+00 -1.632E+00
  1.6728250E+04 -1.925E+00 -1.970E+00 -1.226E+00
  1.6728750E+04 -2.130E+00 -2.122E+00 -1.145E+00
  1.6729250E+04 -1.607E+00 -1.566E+00 -4.777E-01
  1.6729750E+04 -2.080E+00 -2.088E+00 -1.053E+00
  1.6730250E+04 -2.324E+00 -2.332E+00 -1.544E+00
  1.6730750E+04 -2.507E+00 -2.490E+00 -1.478E+00
  1.6731250E+04 -2.625E+00 -2.482E+00 -9.050E-01
  1.6731750E+04 -2.139E+00 -2.114E+00 -1.440E+00
  1.6732250E+04 -2.196E+00 -2.195E+00 -1.483E+00
  1.6732750E+04 -2.192E+00 -2.128E+00 -1.329E+00
  1.6733250E+04 -1.944E+00 -1.863E+00 -1.020E+00
  1.6733750E+04 -1.989E+00 -2.049E+00 -1.761E+00
  1.6734250E+04 -1.933E+00 -1.821E+00 -9.333E-01
  1.6734750E+04 -2.294E+00 -2.202E+00 -1.035E+00
  1.6735250E+04 -2.484E+00 -2.274E+00 -1.081E+00
  1.6735750E+04 -2.384E+00 -2.278E+00 -9.403E-01
  1.6736250E+04 -2.153E+00 -2.128E+00 -9.708E-01
  1.6736750E+04 -2.355E+00 -2.212E+00 -7.260E-01
  1.6737250E+04 -1.903E+00 -1.968E+00 -1.467E+00
  1.6737750E+04 -2.182E+00 -2.072E+00 -7.896E-01
  1.6738250E+04 -2.583E+00 -2.477E+00 -1.010E+00
  1.6738750E+04 -1.458E+00 -1.511E+00 -1.171E+00
  1.6739250E+04 -2.259E+00 -2.209E+00 -1.106E+00
  1.6739750E+04 -2.220E+00 -2.234E+00 -1.727E+00
  1.6740250E+04 -2.314E+00 -2.304E+00 -1.347E+00
  1.6740750E+04 -1.531E+00 -1.516E+00 -8.860E-01
  1.6741250E+04 -2.072E+00 -2.169E+00 -1.969E+00
  1.6741750E+04 -1.872E+00 -1.776E+00 -1.302E+00
  1.6742250E+04 -2.602E+00 -2.500E+00 -7.065E-01
  1.6742750E+04 -2.254E+00 -2.289E+00 -1.383E+00
  1.6743250E+04 -2.166E+00 -2.131E+00 -1.324E+00
  1.6743750E+04 -2.040E+00 -2.101E+00 -1.825E+00
  1.6744250E+04 -2.384E+00 -2.258E+00 -1.102E+00
  1.6744750E+04 -2.039E+00 -1.898E+00 -8.301E-01
  1.6745250E+04 -2.427E+00 -2.361E+00 -1.108E+00
  1.6745750E+04 -2.100E+00 -2.014E+00 -1.010E+00
  1.6746250E+04 -2.231E+00 -2.072E+00 -6.058E-01
  1.6746750E+04 -2.328E+00 -2.156E+00 -5.148E-01
  1.6747250E+04 -2.661E+00 -2.668E+00 -1.424E+00
  1.6747750E+04 -2.599E+00 -2.396E+00 -8.009E-01
  1.6748250E+04 -1.472E+00 -1.645E+00 -1.336E+00
  1.6748750E+04 -1.482E+00 -1.614E+00 -1.618E+00
  1.6749250E+04 -2.224E+00 -2.068E+00 -1.123E+00
  1.6749750E+04 -1.837E+00 -1.909E+00 -1.784E+00
  1.6750250E+04 -2.177E+00 -2.149E+00 -1.263E+00
  1.6750750E+04 -2.144E+00 -1.884E+00 -6.268E-01
  1.6751250E+04 -1.811E+00 -1.841E+00 -1.191E+00
  1.6751750E+04 -1.972E+00 -1.918E+00 -9.051E-01
  1.6752250E+04 -1.987E+00 -2.029E+00 -1.337E+00
  1.6752750E+04 -1.934E+00 -1.778E+00 -8.884E-01
  1.6753250E+04 -2.197E+00 -2.078E+00 -9.441E-01
  1.6753750E+04 -1.789E+00 -1.751E+00 -1.209E+00
  1.6754250E+04 -1.933E+00 -2.105E+00 -1.464E+00
  1.6754750E+04 -1.805E+00 -1.761E+00 -5.800E-01
  1.6755250E+04 -2.345E+00 -2.338E+00 -1.335E+00
  1.6755750E+04 -1.806E+00 -1.817E+00 -1.465E+00
  1.6756250E+04 -2.444E+00 -2.278E+00 -6.299E-01
  1.6756750E+04 -1.871E+00 -1.853E+00 -1.685E+00
  1.6757250E+04 -2.217E+00 -2.175E+00 -1.140E+00
  1.6757750E+04 -2.112E+00 -2.037E+00 -9.755E-01
  1.6758250E+04 -1.575E+00 -1.464E+00 -1.200E-01
  1.6758750E+04 -2.125E+00 -1.854E+00 -3.306E-01
  1.6759250E+04 -2.153E+00 -1.921E+00 -6.709E-01
  1.6759750E+04 -1.575E+00 -1.599E+00 -1.001E+00
  1.6760250E+04 -1.762E+00 -1.771E+00 -9.610E-01
  1.6760750E+04 -2.397E+00 -2.231E+00 -6.869E-01
  1.6761250E+04 -1.419E+00 -1.534E+00 -1.579E+00
  1.6761750E+04 -1.982E+00 -1.858E+00 -5.543E-01
  1.6762250E+04 -2.038E+00 -2.016E+00 -1.122E+00
  1.6762750E+04 -2.100E+00 -1.985E+00 -1.546E+00
  1.6763250E+04 -1.745E+00 -1.789E+00 -1.263E+00
  1.6763750E+04 -1.463E+00 -1.456E+00 -3.773E-01
  1.6764250E+04 -1.527E+00 -1.567E+00 -1.016E+00
  1.6764750E+04 -1.660E+00 -1.441E+00 -2.563E-01
  1.6765250E+04 -2.012E+00 -2.123E+00 -1.810E+00
  1.6765750E+04 -2.452E+00 -2.458E+00 -1.708E+00
  1.6766250E+04 -1.658E+00 -1.409E+00  4.283E-02
  1.6766750E+04 -1.910E+00 -1.950E+00 -1.519E+00
  1.6767250E+04 -2.282E+00 -2.197E+00 -7.214E-01
  1.6767750E+04 -1.590E+00 -1.506E+00 -5.404E-01
  1.6768250E+04 -1.386E+00 -1.445E+00 -1.147E+00
  1.6768750E+04 -1.969E+00 -1.915E+00 -9.862E-01
  1.6769250E+04 -1.734E+00 -1.989E+00 -2.168E+00
  1.6769750E+04 -1.168E+00 -1.285E+00 -9.087E-01
  1.6770250E+04 -1.881E+00 -1.821E+00 -8.283E-01
  1.6770750E+04 -1.559E+00 -1.513E+00 -1.037E+00
  1.6771250E+04 -1.722E+00 -1.648E+00 -9.059E-01
  1.6771750E+04 -1.787E+00 -1.884E+00 -1.612E+00
  1.6772250E+04 -2.592E+00 -2.507E+00 -8.934E-01
  1.6772750E+04 -2.210E+00 -2.133E+00 -8.118E-01
  1.6773250E+04 -1.917E+00 -2.065E+00 -1.435E+00
  1.6773750E+04 -1.466E+00 -1.439E+00 -1.177E+00
  1.6774250E+04 -1.539E+00 -1.449E+00 -6.540E-01
  1.6774750E+04 -1.401E+00 -1.217E+00 -8.068E-02
  1.6775250E+04 -1.955E+00 -1.809E+00 -6.051E-01
  1.6775750E+04 -2.077E+00 -2.091E+00 -1.121E+00
  1.6776250E+04 -1.446E+00 -1.610E+00 -1.426E+00
  1.6776750E+04 -1.576E+00 -1.593E+00 -1.255E+00
  1.6777250E+04 -1.956E+00 -1.939E+00 -1.282E+00
  1.6777750E+04 -1.988E+00 -2.001E+00 -1.509E+00
  1.6778250E+04 -1.788E+00 -1.643E+00 -2.935E-01
  1.6778750E+04 -2.401E+00 -2.280E+00 -8.773E-01
  1.6779250E+04 -1.819E+00 -1.799E+00 -1.430E+00
  1.6779750E+04 -2.520E+00 -2.421E+00 -1.238E+00
  1.6780250E+04 -1.639E+00 -1.565E+00 -1.070E+00
  1.6780750E+04 -1.816E+00 -1.858E+00 -1.067E+00
  1.6781250E+04 -1.660E+00 -1.650E+00 -8.254E-01
  1.6781750E+04 -1.721E+00 -1.695E+00 -9.552E-01
  1.6782250E+04 -1.691E+00 -1.655E+00 -1.123E+00
  1.6782750E+04 -1.982E+00 -2.024E+00 -1.271E+00
  1.6783250E+04 -1.948E+00 -1.840E+00 -6.208E-01
  1.6783750E+04 -1.974E+00 -1.873E+00 -1.069E+00
  1.6784250E+04 -1.475E+00 -1.314E+00 -4.296E-01
  1.6784750E+04 -1.876E+00 -1.885E+00 -9.946E-01
  1.6785250E+04 -1.863E+00 -1.862E+00 -1.368E+00
  1.6785750E+04 -2.159E+00 -2.032E+00 -1.139E+00
  1.6786250E+04 -1.331E+00 -1.296E+00 -5.095E-01
  1.6786750E+04 -2.000E+00 -1.852E+00 -3.479E-01
  1.6787250E+04 -1.798E+00 -2.029E+00 -2.000E+00
  1.6787750E+04 -1.904E+00 -2.033E+00 -1.744E+00
  1.6788250E+04 -1.305E+00 -1.316E+00 -5.934E-01
  1.6788750E+04 -1.646E+00 -1.652E+00 -7.544E-01
  1.6789250E+04 -1.700E+00 -1.606E+00 -4.305E-01
  1.6789750E+04 -2.132E+00 -2.066E+00 -1.380E+00
  1.6790250E+04 -1.872E+00 -1.766E+00 -1.095E+00
  1.6790750E+04 -1.699E+00 -1.687E+00 -8.939E-01
  1.6791250E+04 -1.682E+00 -1.694E+00 -1.166E+00
  1.6791750E+04 -1.856E+00 -1.709E+00 -5.320E-01
  1.6792250E+04 -2.203E+00 -2.186E+00 -1.242E+00
  1.6792750E+04 -2.117E+00 -2.030E+00 -1.215E+00
  1.6793250E+04 -1.630E+00 -1.556E+00 -7.750E-01
  1.6793750E+04 -1.601E+00 -1.583E+00 -9.576E-01
  1.6794250E+04 -9.207E-01 -1.215E+00 -1.643E+00
  1.6794750E+04 -1.676E+00 -1.651E+00 -6.910E-01
  1.6795250E+04 -1.687E+00 -1.554E+00 -6.582E-01
  1.6795750E+04 -1.741E+00 -1.725E+00 -8.811E-01
  1.6796250E+04 -2.148E+00 -1.989E+00 -4.554E-01
  1.6796750E+04 -1.231E+00 -1.240E+00 -1.041E+00
  1.6797250E+04 -1.648E+00 -1.645E+00 -1.003E+00
  1.6797750E+04 -1.526E+00 -1.522E+00 -9.535E-01
  1.6798250E+04 -1.622E+00 -1.638E+00 -9.024E-01
  1.6798750E+04 -1.119E+00 -1.242E+00 -1.219E+00
  1.6799250E+04 -2.021E+00 -1.947E+00 -1.088E+00
  1.6799750E+04 -1.872E+00 -1.799E+00 -1.160E+00
  1.6800250E+04 -2.095E+00 -2.086E+00 -1.123E+00
  1.6800750E+04 -1.337E+00 -1.361E+00 -9.762E-01
  1.6801250E+04 -1.423E+00 -1.481E+00 -1.222E+00
  1.6801750E+04 -1.568E+00 -1.639E+00 -1.475E+00
  1.6802250E+04 -1.731E+00 -1.627E+00 -8.752E-01
  1.6802750E+04 -2.140E+00 -1.834E+00 -1.383E-01
  1.6803250E+04 -1.534E+00 -1.511E+00 -7.126E-01
  1.6803750E+04 -1.857E+00 -1.810E+00 -7.886E-01
  1.6804250E+04 -1.125E+00 -1.316E+00 -1.550E+00
  1.6804750E+04 -1.607E+00 -1.703E+00 -1.710E+00
  1.6805250E+04 -1.882E+00 -1.675E+00 -3.425E-01
  1.6805750E+04 -1.651E+00 -1.646E+00 -9.935E-01
  1.6806250E+04 -1.966E+00 -1.951E+00 -7.712E-01
  1.6806750E+04 -1.292E+00 -1.276E+00 -3.397E-01
  1.6807250E+04 -1.675E+00 -1.463E+00  1.173E-01
  1.6807750E+04 -1.363E+00 -1.392E+00 -1.193E+00
  1.6808250E+04 -1.823E+00 -1.855E+00 -9.463E-01
  1.6808750E+04 -1.365E+00 -1.150E+00 -3.068E-01
  1.6809250E+04 -1.787E+00 -1.834E+00 -9.620E-01
  1.6809750E+04 -1.407E+00 -1.490E+00 -1.118E+00
  1.6810250E+04 -1.593E+00 -1.533E+00 -1.089E+00
  1.6810750E+04 -1.708E+00 -1.683E+00 -1.010E+00
  1.6811250E+04 -1.889E+00 -1.763E+00 -4.687E-01
  1.6811750E+04 -1.599E+00 -1.584E+00 -7.683E-01
  1.6812250E+04 -1.160E+00 -1.294E+00 -1.229E+00
  1.6812750E+04 -1.419E+00 -1.423E+00 -7.949E-01
  1.6813250E+04 -1.816E+00 -1.661E+00 -1.002E+00
  1.6813750E+04 -1.750E+00 -1.565E+00 -4.156E-01
  1.6814250E+04 -1.528E+00 -1.538E+00 -7.626E-01
  1.6814750E+04 -1.732E+00 -1.670E+00 -6.912E-01
  1.6815250E+04 -1.699E+00 -1.777E+00 -1.559E+00
  1.6815750E+04 -1.586E+00 -1.425E+00 -5.657E-01
  1.6816250E+04 -2.268E+00 -1.946E+00 -1.970E-01
  1.6816750E+04 -1.404E+00 -1.406E+00 -1.054E+00
  1.6817250E+04 -1.439E+00 -1.632E+00 -1.252E+00
  1.6817750E+04 -9.514E-01 -8.800E-01 -7.743E-01
  1.6818250E+04 -1.416E+00 -1.363E+00 -6.487E-01
  1.6818750E+04 -1.897E+00 -1.842E+00 -7.976E-01
  1.6819250E+04 -1.775E+00 -1.800E+00 -1.033E+00
  1.6819750E+04 -1.611E+00 -1.649E+00 -1.369E+00
  1.6820250E+04 -1.567E+00 -1.522E+00 -9.002E-01
  1.6820750E+04 -1.888E+00 -1.731E+00 -4.847E-01
  1.6821250E+04 -1.461E+00 -1.368E+00 -7.377E-01
  1.6821750E+04 -1.162E+00 -1.454E+00 -1.345E+00
  1.6822250E+04 -1.957E+00 -1.938E+00 -1.305E+00
  1.6822750E+04 -1.314E+00 -1.264E+00 -7.909E-01
  1.6823250E+04 -1.495E+00 -1.487E+00 -8.853E-01
  1.6823750E+04 -1.492E+00 -1.324E+00 -4.493E-01
  1.6824250E+04 -1.619E+00 -1.621E+00 -1.011E+00
  1.6824750E+04 -1.658E+00 -1.630E+00 -1.026E+00
  1.6825250E+04 -1.786E+00 -1.637E+00 -6.031E-01
  1.6825750E+04 -1.665E+00 -1.574E+00 -3.442E-01
  1.6826250E+04 -1.489E+00 -1.446E+00 -1.136E+00
  1.6826750E+04 -1.327E+00 -1.299E+00 -6.151E-01
  1.6827250E+04 -9.290E-01 -9.642E-01 -4.013E-01
  1.6827750E+04 -1.207E+00 -1.080E+00 -6.546E-01
  1.6828250E+04 -1.719E+00 -1.653E+00 -5.530E-01
  1.6828750E+04 -1.501E+00 -1.545E+00 -1.271E+00
  1.6829250E+04 -1.426E+00 -1.423E+00 -9.757E-01
  1.6829750E+04 -1.384E+00 -1.263E+00 -3.284E-01
  1.6830250E+04 -1.948E+00 -1.353E+00 -4.406E-01
  1.6830750E+04 -1.579E+00 -1.484E+00 -7.070E-01
  1.6831250E+04 -1.578E+00 -1.349E+00 -2.647E-02
  1.6831750E+04 -1.709E+00 -1.772E+00 -1.280E+00
  1.6832250E+04 -1.512E+00 -1.782E+00 -1.630E+00
  1.6832750E+04 -1.277E+00 -1.383E+00 -1.219E+00
  1.6833250E+04 -8.466E-01 -8.324E-01 -8.433E-01
  1.6833750E+04 -1.725E+00 -1.442E+00 -2.316E-01
  1.6834250E+04 -1.237E+00 -1.281E+00 -9.216E-01
  1.6834750E+04 -1.120E+00 -1.295E+00 -1.308E+00
  1.6835250E+04 -1.627E+00 -1.776E+00 -1.861E+00
  1.6835750E+04 -1.591E+00 -1.544E+00 -2.949E-01
  1.6836250E+04 -1.703E+00 -1.452E+00 -4.343E-01
  1.6836750E+04 -1.655E+00 -1.650E+00 -6.850E-01
  1.6837250E+04 -1.546E+00 -1.389E+00 -3.125E-01
  1.6837750E+04 -9.804E-01 -1.277E+00 -1.558E+00
  1.6838250E+04 -1.591E+00 -1.571E+00 -6.218E-01
  1.6838750E+04 -1.525E+00 -1.461E+00 -6.623E-01
  1.6839250E+04 -1.647E+00 -1.596E+00 -7.057E-01
  1.6839750E+04 -1.632E+00 -1.393E+00 -2.973E-01
  1.6840250E+04 -1.161E+00 -1.064E+00 -4.387E-01
  1.6840750E+04 -1.483E+00 -1.486E+00 -7.059E-01
  1.6841250E+04 -1.141E+00 -1.221E+00 -5.624E-01
  1.6841750E+04 -8.099E-01 -8.922E-01 -7.111E-01
  1.6842250E+04 -1.265E+00 -1.394E+00 -1.398E+00
  1.6842750E+04 -1.268E+00 -1.119E+00 -3.931E-01
  1.6843250E+04 -1.360E+00 -1.271E+00 -6.188E-01
  1.6843750E+04 -1.740E+00 -1.771E+00 -9.969E-01
  1.6844250E+04 -1.291E+00 -1.260E+00 -7.244E-01
  1.6844750E+04 -1.779E+00 -1.707E+00 -9.864E-01
  1.6845250E+04 -1.545E+00 -1.497E+00 -8.232E-01
  1.6845750E+04 -1.558E+00 -1.561E+00 -9.346E-01
  1.6846250E+04 -1.232E+00 -1.287E+00 -8.346E-01
  1.6846750E+04 -1.488E+00 -1.289E+00 -1.004E-01
  1.6847250E+04 -1.543E+00 -1.512E+00 -8.135E-01
  1.6847750E+04 -1.491E+00 -1.598E+00 -1.257E+00
  1.6848250E+04 -1.615E+00 -1.613E+00 -1.030E+00
  1.6848750E+04 -1.705E+00 -1.607E+00 -6.875E-01
  1.6849250E+04 -1.461E+00 -1.434E+00 -8.417E-01
  1.6849750E+04 -1.926E+00 -1.831E+00 -1.122E+00
  1.6850250E+04 -1.320E+00 -1.325E+00 -1.018E+00
  1.6850750E+04 -1.472E+00 -1.433E+00 -7.038E-01
  1.6851250E+04 -1.368E+00 -1.238E+00 -5.101E-01
  1.6851750E+04 -8.841E-01 -7.897E-01 -1.978E-01
  1.6852250E+04 -1.443E+00 -1.291E+00 -2.250E-01
  1.6852750E+04 -1.150E+00 -1.109E+00 -3.805E-01
  1.6853250E+04 -1.266E+00 -1.232E+00 -5.591E-01
  1.6853750E+04 -1.555E+00 -1.579E+00 -9.531E-01
  1.6854250E+04 -1.466E+00 -1.493E+00 -1.036E+00
  1.6854750E+04 -1.221E+00 -1.232E+00 -9.948E-01
  1.6855250E+04 -1.684E+00 -1.692E+00 -7.995E-01
  1.6855750E+04 -1.611E+00 -1.616E+00 -9.333E-01
  1.6856250E+04 -1.792E+00 -1.705E+00 -6.513E-01
  1.6856750E+04 -1.368E+00 -1.363E+00 -1.079E+00
  1.6857250E+04 -1.296E+00 -1.275E+00 -6.611E-01
  1.6857750E+04 -1.077E+00 -1.100E+00 -6.922E-01
  1.6858250E+04 -8.475E-01 -7.577E-01 -4.674E-01
  1.6858750E+04 -1.205E+00 -1.084E+00 -2.568E-01
  1.6859250E+04 -1.509E+00 -1.476E+00 -6.460E-01
  1.6859750E+04 -1.350E+00 -1.393E+00 -1.013E+00
  1.6860250E+04 -1.534E+00 -1.472E+00 -6.973E-01
  1.6860750E+04 -1.749E+00 -1.663E+00 -3.199E-01
  1.6861250E+04 -1.093E+00 -1.099E+00 -7.531E-01
  1.6861750E+04 -9.329E-01 -9.169E-01 -8.340E-01
  1.6862250E+04 -1.266E+00 -1.112E+00 -5.708E-01
  1.6862750E+04 -1.347E+00 -1.421E+00 -1.247E+00
  1.6863250E+04 -1.655E+00 -1.623E+00 -9.895E-01
  1.6863750E+04 -1.210E+00 -1.232E+00 -1.597E-01
  1.6864250E+04 -1.289E+00 -1.390E+00 -9.563E-01
  1.6864750E+04 -1.581E+00 -1.519E+00 -6.273E-01
  1.6865250E+04 -1.316E+00 -1.335E+00 -8.168E-01
  1.6865750E+04 -1.006E+00 -9.200E-01 -3.453E-01
  1.6866250E+04 -1.214E+00 -1.114E+00 -5.370E-01
  1.6866750E+04 -1.655E+00 -1.480E+00 -1.291E-01
  1.6867250E+04 -1.456E+00 -1.445E+00 -1.100E+00
  1.6867750E+04 -1.145E+00 -1.213E+00 -1.756E+00
  1.6868250E+04 -1.152E+00 -1.174E+00 -3.907E-01
  1.6868750E+04 -1.708E+00 -1.664E+00 -6.628E-01
  1.6869250E+04 -1.260E+00 -1.223E+00 -7.372E-02
  1.6869750E+04 -1.447E+00 -1.412E+00 -5.819E-01
  1.6870250E+04 -1.166E+00 -1.032E+00 -2.078E-01
  1.6870750E+04 -1.029E+00 -1.158E+00 -1.511E+00
  1.6871250E+04 -1.153E+00 -1.138E+00 -7.048E-01
