  1.2392250E+04 -0.000E+00 -0.000E+00  0.000E+00
  1.2392750E+04 -0.000E+00 -0.000E+00  0.000E+00
  1.2393250E+04 -0.000E+00 -0.000E+00  0.000E+00
  1.2393750E+04 -0.000E+00 -0.000E+00  0.000E+00
  1.2394250E+04 -0.000E+00 -0.000E+00  0.000E+00
  1.2394750E+04 -0.000E+00 -0.000E+00  0.000E+00
  1.2395250E+04 -0.000E+00 -0.000E+00  0.000E+00
  1.2395750E+04 -0.000E+00 -0.000E+00  0.000E+00
  1.2396250E+04 -0.000E+00 -0.000E+00  0.000E+00
  1.2396750E+04 -0.000E+00 -0.000E+00  0.000E+00
  1.2397250E+04 -0.000E+00 -0.000E+00  0.000E+00
  1.2397750E+04 -0.000E+00 -0.000E+00  0.000E+00
  1.2398250E+04 -0.000E+00 -0.000E+00  0.000E+00
  1.2398750E+04 -0.000E+00 -0.000E+00  0.000E+00
  1.2399250E+04 -0.000E+00 -0.000E+00  0.000E+00
  1.2399750E+04 -0.000E+00 -0.000E+00  0.000E+00
  1.2400250E+04 -0.000E+00 -0.000E+00  0.000E+00
  1.2400750E+04 -0.000E+00 -0.000E+00  0.000E+00
  1.2401250E+04 -0.000E+00 -0.000E+00  0.000E+00
  1.2401750E+04 -0.000E+00 -0.000E+00  0.000E+00
  1.2402250E+04 -0.000E+00 -0.000E+00  0.000E+00
  1.2402750E+04 -0.000E+00 -0.000E+00  0.000E+00
  1.2403250E+04 -0.000E+00 -0.000E+00  0.000E+00
  1.2403750E+04 -0.000E+00 -0.000E+00  0.000E+00
  1.2404250E+04 -0.000E+00 -0.000E+00  0.000E+00
  1.2404750E+04 -0.000E+00 -0.000E+00  0.000E+00
  1.2405250E+04 -0.000E+00 -0.000E+00  0.000E+00
  1.2405750E+04 -0.000E+00 -0.000E+00  0.000E+00
  1.2406250E+04 -0.000E+00 -0.000E+00  0.000E+00
  1.2406750E+04 -0.000E+00 -0.000E+00  0.000E+00
  1.2407250E+04 -0.000E+00 -0.000E+00  0.000E+00
  1.2407750E+04 -0.000E+00 -0.000E+00  0.000E+00
  1.2408250E+04 -0.000E+00 -0.000E+00  0.000E+00
  1.2408750E+04 -0.000E+00 -0.000E+00  0.000E+00
  1.2409250E+04 -0.000E+00 -0.000E+00  0.000E+00
  1.2409750E+04 -0.000E+00 -0.000E+00  0.000E+00
  1.2410250E+04 -0.000E+00 -0.000E+00  0.000E+00
  1.2410750E+04 -0.000E+00 -0.000E+00  0.000E+00
  1.2411250E+04 -0.000E+00 -0.000E+00  0.000E+00
  1.2411750E+04 -0.000E+00 -0.000E+00  0.000E+00
  1.2412250E+04 -0.000E+00 -0.000E+00  0.000E+00
  1.2412750E+04 -0.000E+00 -0.000E+00  0.000E+00
  1.2413250E+04 -0.000E+00 -0.000E+00  0.000E+00
  1.2413750E+04 -0.000E+00 -0.000E+00  0.000E+00
  1.2414250E+04 -0.000E+00 -0.000E+00  0.000E+00
  1.2414750E+04 -0.000E+00 -0.000E+00  0.000E+00
  1.2415250E+04 -0.000E+00 -0.000E+00  0.000E+00
  1.2415750E+04 -0.000E+00 -0.000E+00  0.000E+00
  1.2416250E+04 -0.000E+00 -0.000E+00  0.000E+00
  1.2416750E+04 -0.000E+00 -0.000E+00  0.000E+00
  1.2417250E+04 -0.000E+00 -0.000E+00  0.000E+00
  1.2417750E+04 -0.000E+00 -0.000E+00  0.000E+00
  1.2418250E+04 -0.000E+00 -0.000E+00  0.000E+00
  1.2418750E+04 -0.000E+00 -0.000E+00  0.000E+00
  1.2419250E+04 -0.000E+00 -0.000E+00  0.000E+00
  1.2419750E+04 -0.000E+00 -0.000E+00  0.000E+00
  1.2420250E+04 -0.000E+00 -0.000E+00  0.000E+00
  1.2420750E+04 -0.000E+00 -0.000E+00  0.000E+00
  1.2421250E+04 -0.000E+00 -0.000E+00  0.000E+00
  1.2421750E+04 -0.000E+00 -0.000E+00  0.000E+00
  1.2422250E+04 -0.000E+00 -0.000E+00  0.000E+00
  1.2422750E+04 -0.000E+00 -0.000E+00  0.000E+00
  1.2423250E+04 -0.000E+00 -0.000E+00  0.000E+00
  1.2423750E+04 -0.000E+00 -0.000E+00  0.000E+00
  1.2424250E+04 -0.000E+00 -0.000E+00  0.000E+00
  1.2424750E+04 -0.000E+00 -0.000E+00  0.000E+00
  1.2425250E+04 -0.000E+00 -0.000E+00  0.000E+00
  1.2425750E+04 -0.000E+00 -0.000E+00  0.000E+00
  1.2426250E+04 -0.000E+00 -0.000E+00  0.000E+00
  1.2426750E+04 -0.000E+00 -0.000E+00  0.000E+00
  1.2427250E+04 -0.000E+00 -0.000E+00  0.000E+00
  1.2427750E+04 -0.000E+00 -0.000E+00  0.000E+00
  1.2428250E+04 -0.000E+00 -0.000E+00  0.000E+00
  1.2428750E+04 -0.000E+00 -0.000E+00  0.000E+00
  1.2429250E+04 -0.000E+00 -0.000E+00  0.000E+00
  1.2429750E+04 -0.000E+00 -0.000E+00  0.000E+00
  1.2430250E+04 -0.000E+00 -0.000E+00  0.000E+00
  1.2430750E+04 -0.000E+00 -0.000E+00  0.000E+00
  1.2431250E+04 -0.000E+00 -0.000E+00  0.000E+00
  1.2431750E+04 -0.000E+00 -0.000E+00  0.000E+00
  1.2432250E+04 -0.000E+00 -0.000E+00  0.000E+00
  1.2432750E+04 -0.000E+00 -0.000E+00  0.000E+00
  1.2433250E+04 -0.000E+00 -0.000E+00  0.000E+00
  1.2433750E+04 -0.000E+00 -0.000E+00  0.000E+00
  1.2434250E+04 -0.000E+00 -0.000E+00  0.000E+00
  1.2434750E+04 -0.000E+00 -0.000E+00  0.000E+00
  1.2435250E+04 -0.000E+00 -0.000E+00  0.000E+00
  1.2435750E+04 -0.000E+00 -0.000E+00  0.000E+00
  1.2436250E+04 -0.000E+00 -0.000E+00  0.000E+00
  1.2436750E+04 -0.000E+00 -0.000E+00  0.000E+00
  1.2437250E+04 -0.000E+00 -0.000E+00  0.000E+00
  1.2437750E+04 -0.000E+00 -0.000E+00  0.000E+00
  1.2438250E+04 -0.000E+00 -0.000E+00  0.000E+00
  1.2438750E+04 -0.000E+00 -0.000E+00  0.000E+00
  1.2439250E+04 -0.000E+00 -0.000E+00  0.000E+00
  1.2439750E+04 -0.000E+00 -0.000E+00  0.000E+00
  1.2440250E+04 -0.000E+00 -0.000E+00  0.000E+00
  1.2440750E+04 -0.000E+00 -0.000E+00  0.000E+00
  1.2441250E+04 -0.000E+00 -0.000E+00  0.000E+00
  1.2441750E+04 -0.000E+00 -0.000E+00  0.000E+00
  1.2442250E+04 -0.000E+00 -0.000E+00  0.000E+00
  1.2442750E+04 -0.000E+00 -0.000E+00  0.000E+00
  1.2443250E+04 -0.000E+00 -0.000E+00  0.000E+00
  1.2443750E+04 -0.000E+00 -0.000E+00  0.000E+00
  1.2444250E+04 -0.000E+00 -0.000E+00  0.000E+00
  1.2444750E+04 -0.000E+00 -0.000E+00  0.000E+00
  1.2445250E+04 -0.000E+00 -0.000E+00  0.000E+00
  1.2445750E+04 -0.000E+00 -0.000E+00  0.000E+00
  1.2446250E+04 -0.000E+00 -0.000E+00  0.000E+00
  1.2446750E+04 -0.000E+00 -0.000E+00  0.000E+00
  1.2447250E+04 -0.000E+00 -0.000E+00  0.000E+00
  1.2447750E+04 -0.000E+00 -0.000E+00  0.000E+00
  1.2448250E+04 -0.000E+00 -0.000E+00  0.000E+00
  1.2448750E+04 -0.000E+00 -0.000E+00  0.000E+00
  1.2449250E+04 -0.000E+00 -0.000E+00  0.000E+00
  1.2449750E+04 -0.000E+00 -0.000E+00  0.000E+00
  1.2450250E+04 -0.000E+00 -0.000E+00  0.000E+00
  1.2450750E+04 -0.000E+00 -0.000E+00  0.000E+00
  1.2451250E+04 -0.000E+00 -0.000E+00  0.000E+00
  1.2451750E+04 -0.000E+00 -0.000E+00  0.000E+00
  1.2452250E+04 -0.000E+00 -0.000E+00  0.000E+00
  1.2452750E+04 -0.000E+00 -0.000E+00  0.000E+00
  1.2453250E+04 -0.000E+00 -0.000E+00  0.000E+00
  1.2453750E+04 -0.000E+00 -0.000E+00  0.000E+00
  1.2454250E+04 -0.000E+00 -0.000E+00  0.000E+00
  1.2454750E+04 -0.000E+00 -0.000E+00  0.000E+00
  1.2455250E+04 -0.000E+00 -0.000E+00  0.000E+00
  1.2455750E+04 -0.000E+00 -0.000E+00  0.000E+00
  1.2456250E+04 -0.000E+00 -0.000E+00  0.000E+00
  1.2456750E+04 -0.000E+00 -0.000E+00  0.000E+00
  1.2457250E+04 -0.000E+00 -0.000E+00  0.000E+00
  1.2457750E+04 -0.000E+00 -0.000E+00  0.000E+00
  1.2458250E+04 -0.000E+00 -0.000E+00  0.000E+00
  1.2458750E+04 -0.000E+00 -0.000E+00  0.000E+00
  1.2459250E+04 -0.000E+00 -0.000E+00  0.000E+00
  1.2459750E+04 -0.000E+00 -0.000E+00  0.000E+00
  1.2460250E+04 -0.000E+00 -0.000E+00  0.000E+00
  1.2460750E+04 -0.000E+00 -0.000E+00  0.000E+00
  1.2461250E+04 -0.000E+00 -0.000E+00  0.000E+00
  1.2461750E+04 -0.000E+00 -0.000E+00  0.000E+00
  1.2462250E+04 -0.000E+00 -0.000E+00  0.000E+00
  1.2462750E+04 -0.000E+00 -0.000E+00  0.000E+00
  1.2463250E+04 -0.000E+00 -0.000E+00  0.000E+00
  1.2463750E+04 -0.000E+00 -0.000E+00  0.000E+00
  1.2464250E+04 -0.000E+00 -0.000E+00  0.000E+00
  1.2464750E+04 -0.000E+00 -0.000E+00  0.000E+00
  1.2465250E+04 -0.000E+00 -0.000E+00  0.000E+00
  1.2465750E+04 -0.000E+00 -0.000E+00  0.000E+00
  1.2466250E+04 -0.000E+00 -0.000E+00  0.000E+00
  1.2466750E+04 -0.000E+00 -0.000E+00  0.000E+00
  1.2467250E+04 -0.000E+00 -0.000E+00  0.000E+00
  1.2467750E+04 -0.000E+00 -0.000E+00  0.000E+00
  1.2468250E+04 -0.000E+00 -0.000E+00  0.000E+00
  1.2468750E+04 -0.000E+00 -0.000E+00  0.000E+00
  1.2469250E+04 -0.000E+00 -0.000E+00  0.000E+00
  1.2469750E+04 -0.000E+00 -0.000E+00  0.000E+00
  1.2470250E+04 -0.000E+00 -0.000E+00  0.000E+00
  1.2470750E+04 -0.000E+00 -0.000E+00  0.000E+00
  1.2471250E+04 -0.000E+00 -0.000E+00  0.000E+00
  1.2471750E+04 -0.000E+00 -0.000E+00  0.000E+00
  1.2472250E+04 -0.000E+00 -0.000E+00  0.000E+00
  1.2472750E+04 -0.000E+00 -0.000E+00  0.000E+00
  1.2473250E+04 -0.000E+00 -0.000E+00  0.000E+00
  1.2473750E+04 -0.000E+00 -0.000E+00  0.000E+00
  1.2474250E+04 -0.000E+00 -0.000E+00  0.000E+00
  1.2474750E+04 -0.000E+00 -0.000E+00  0.000E+00
  1.2475250E+04 -0.000E+00 -0.000E+00  0.000E+00
  1.2475750E+04 -0.000E+00 -0.000E+00  0.000E+00
  1.2476250E+04 -0.000E+00 -0.000E+00  0.000E+00
  1.2476750E+04 -0.000E+00 -0.000E+00  0.000E+00
  1.2477250E+04 -0.000E+00 -0.000E+00  0.000E+00
  1.2477750E+04 -0.000E+00 -0.000E+00  0.000E+00
  1.2478250E+04 -0.000E+00 -0.000E+00  0.000E+00
  1.2478750E+04 -0.000E+00 -0.000E+00  0.000E+00
  1.2479250E+04 -0.000E+00 -0.000E+00  0.000E+00
  1.2479750E+04 -0.000E+00 -0.000E+00  0.000E+00
  1.2480250E+04 -0.000E+00 -0.000E+00  0.000E+00
  1.2480750E+04 -0.000E+00 -0.000E+00  0.000E+00
  1.2481250E+04 -0.000E+00 -0.000E+00  0.000E+00
  1.2481750E+04 -0.000E+00 -0.000E+00  0.000E+00
  1.2482250E+04 -0.000E+00 -0.000E+00  0.000E+00
  1.2482750E+04 -0.000E+00 -0.000E+00  0.000E+00
  1.2483250E+04 -0.000E+00 -0.000E+00  0.000E+00
  1.2483750E+04 -0.000E+00 -0.000E+00  0.000E+00
  1.2484250E+04 -0.000E+00 -0.000E+00  0.000E+00
  1.2484750E+04 -0.000E+00 -0.000E+00  0.000E+00
  1.2485250E+04 -0.000E+00 -0.000E+00  0.000E+00
  1.2485750E+04 -0.000E+00 -0.000E+00  0.000E+00
  1.2486250E+04 -0.000E+00 -0.000E+00  0.000E+00
  1.2486750E+04 -0.000E+00 -0.000E+00  0.000E+00
  1.2487250E+04 -0.000E+00 -0.000E+00  0.000E+00
  1.2487750E+04 -0.000E+00 -0.000E+00  0.000E+00
  1.2488250E+04 -0.000E+00 -0.000E+00  0.000E+00
  1.2488750E+04 -0.000E+00 -0.000E+00  0.000E+00
  1.2489250E+04 -0.000E+00 -0.000E+00  0.000E+00
  1.2489750E+04 -0.000E+00 -0.000E+00  0.000E+00
  1.2490250E+04 -0.000E+00 -0.000E+00  0.000E+00
  1.2490750E+04 -0.000E+00 -0.000E+00  0.000E+00
  1.2491250E+04 -0.000E+00 -0.000E+00  0.000E+00
  1.2491750E+04 -0.000E+00 -0.000E+00  0.000E+00
  1.2492250E+04 -0.000E+00 -0.000E+00  0.000E+00
  1.2492750E+04 -0.000E+00 -0.000E+00  0.000E+00
  1.2493250E+04 -0.000E+00 -0.000E+00  0.000E+00
  1.2493750E+04 -0.000E+00 -0.000E+00  0.000E+00
  1.2494250E+04 -0.000E+00 -0.000E+00  0.000E+00
  1.2494750E+04 -0.000E+00 -0.000E+00  0.000E+00
  1.2495250E+04 -0.000E+00 -0.000E+00  0.000E+00
  1.2495750E+04 -0.000E+00 -0.000E+00  0.000E+00
  1.2496250E+04 -0.000E+00 -0.000E+00  0.000E+00
  1.2496750E+04 -0.000E+00 -0.000E+00  0.000E+00
  1.2497250E+04 -0.000E+00 -0.000E+00  0.000E+00
  1.2497750E+04 -0.000E+00 -0.000E+00  0.000E+00
  1.2498250E+04 -0.000E+00 -0.000E+00  0.000E+00
  1.2498750E+04 -0.000E+00 -0.000E+00  0.000E+00
  1.2499250E+04 -0.000E+00 -0.000E+00  0.000E+00
  1.2499750E+04 -0.000E+00 -0.000E+00  0.000E+00
  1.2500250E+04 -0.000E+00 -0.000E+00  0.000E+00
  1.2500750E+04 -0.000E+00 -0.000E+00  0.000E+00
  1.2501250E+04 -0.000E+00 -0.000E+00  0.000E+00
  1.2501750E+04 -0.000E+00 -0.000E+00  0.000E+00
  1.2502250E+04 -0.000E+00 -0.000E+00  0.000E+00
  1.2502750E+04 -0.000E+00 -0.000E+00  0.000E+00
  1.2503250E+04 -0.000E+00 -0.000E+00  0.000E+00
  1.2503750E+04 -0.000E+00 -0.000E+00  0.000E+00
  1.2504250E+04 -0.000E+00 -0.000E+00  0.000E+00
  1.2504750E+04 -0.000E+00 -0.000E+00  0.000E+00
  1.2505250E+04 -0.000E+00 -0.000E+00  0.000E+00
  1.2505750E+04 -0.000E+00 -0.000E+00  0.000E+00
  1.2506250E+04 -0.000E+00 -0.000E+00  0.000E+00
  1.2506750E+04 -0.000E+00 -0.000E+00  0.000E+00
  1.2507250E+04 -0.000E+00 -0.000E+00  0.000E+00
  1.2507750E+04 -0.000E+00 -0.000E+00  0.000E+00
  1.2508250E+04 -0.000E+00 -0.000E+00  0.000E+00
  1.2508750E+04 -0.000E+00 -0.000E+00  0.000E+00
  1.2509250E+04 -0.000E+00 -0.000E+00  0.000E+00
  1.2509750E+04 -0.000E+00 -0.000E+00  0.000E+00
  1.2510250E+04 -0.000E+00 -0.000E+00  0.000E+00
  1.2510750E+04 -0.000E+00 -0.000E+00  0.000E+00
  1.2511250E+04 -0.000E+00 -0.000E+00  0.000E+00
  1.2511750E+04 -0.000E+00 -0.000E+00  0.000E+00
  1.2512250E+04 -0.000E+00 -0.000E+00  0.000E+00
  1.2512750E+04 -0.000E+00 -0.000E+00  0.000E+00
  1.2513250E+04 -0.000E+00 -0.000E+00  0.000E+00
  1.2513750E+04 -0.000E+00 -0.000E+00  0.000E+00
  1.2514250E+04 -0.000E+00 -0.000E+00  0.000E+00
  1.2514750E+04 -0.000E+00 -0.000E+00  0.000E+00
  1.2515250E+04 -0.000E+00 -0.000E+00  0.000E+00
  1.2515750E+04 -0.000E+00 -0.000E+00  0.000E+00
  1.2516250E+04 -0.000E+00 -0.000E+00  0.000E+00
  1.2516750E+04 -0.000E+00 -0.000E+00  0.000E+00
  1.2517250E+04  1.119E-03 -2.951E-04 -5.892E-03
  1.2517750E+04  1.049E-02  5.175E-03 -1.704E-02
  1.2518250E+04 -4.274E-03 -4.520E-04  1.473E-02
  1.2518750E+04 -3.270E-03 -2.137E-03  2.503E-03
  1.2519250E+04 -1.658E-04 -7.185E-04 -2.731E-03
  1.2519750E+04 -3.460E-03 -3.657E-03 -3.403E-03
  1.2520250E+04  1.375E-03  2.385E-03  5.558E-03
  1.2520750E+04  8.322E-04  1.080E-03  1.458E-03
  1.2521250E+04  9.373E-04  7.240E-04 -3.545E-04
  1.2521750E+04  3.282E-04  5.542E-04  1.526E-03
  1.2522250E+04 -1.090E-03 -2.985E-04  2.735E-03
  1.2522750E+04 -4.254E-05 -2.758E-04 -1.102E-03
  1.2523250E+04  2.101E-04  3.341E-04  6.999E-04
  1.2523750E+04 -9.063E-04 -8.738E-04 -6.152E-04
  1.2524250E+04  8.353E-04  2.187E-04 -2.042E-03
  1.2524750E+04 -1.012E-02 -1.041E-02 -7.841E-03
  1.2525250E+04 -1.280E-02 -8.805E-03  7.884E-03
  1.2525750E+04  1.860E-03  1.117E-03 -2.073E-03
  1.2526250E+04  9.075E-03  7.467E-03 -1.248E-03
  1.2526750E+04  2.979E-02  2.601E-02  2.610E-03
  1.2527250E+04 -1.221E-02 -3.068E-05  4.657E-02
  1.2527750E+04  2.144E-03  1.891E-02  7.064E-02
  1.2528250E+04  5.265E-02  4.139E-02 -1.417E-02
  1.2528750E+04  1.961E-02 -6.448E-04 -7.652E-02
  1.2529250E+04  4.706E-03 -2.740E-02 -1.406E-01
  1.2529750E+04 -6.316E-02 -4.154E-02  5.400E-02
  1.2530250E+04 -4.608E-02 -2.640E-02  4.976E-02
  1.2530750E+04  7.725E-03 -2.343E-02 -1.265E-01
  1.2531250E+04  8.608E-02  7.500E-02 -1.470E-02
  1.2531750E+04 -9.107E-02 -4.124E-02  1.338E-01
  1.2532250E+04 -1.254E-02  1.645E-02  1.261E-01
  1.2532750E+04  5.076E-02  4.901E-02  3.768E-02
  1.2533250E+04  1.227E-02 -1.134E-02 -9.780E-02
  1.2533750E+04 -6.645E-05 -1.093E-02 -4.762E-02
  1.2534250E+04  6.808E-02  6.083E-02  2.019E-02
  1.2534750E+04  2.985E-02  1.819E-02 -4.663E-02
  1.2535250E+04  2.159E-02  8.722E-03 -5.722E-02
  1.2535750E+04  3.889E-02  3.278E-02  2.727E-03
  1.2536250E+04  2.353E-02  2.326E-02  2.668E-02
  1.2536750E+04  9.837E-02  9.094E-02  4.909E-02
  1.2537250E+04  2.741E-02  4.807E-02  9.716E-02
  1.2537750E+04  2.843E-02 -3.608E-03 -1.341E-01
  1.2538250E+04 -1.648E-03 -1.528E-02 -7.809E-02
  1.2538750E+04  3.544E-01  2.827E-01 -6.054E-02
  1.2539250E+04 -3.608E-01 -3.008E-01 -2.832E-02
  1.2539750E+04  1.235E-01  1.364E-01  1.547E-01
  1.2540250E+04 -3.513E-03  9.351E-03  5.399E-02
  1.2540750E+04  1.014E-01  8.680E-02  2.287E-02
  1.2541250E+04  1.459E-01  1.197E-01  7.899E-03
  1.2541750E+04  5.732E-02  9.324E-02  1.799E-01
  1.2542250E+04 -2.833E-01 -2.520E-01 -6.617E-02
  1.2542750E+04  3.926E-01  3.755E-01  2.031E-01
  1.2543250E+04  5.673E-01  4.529E-01 -1.119E-01
  1.2543750E+04 -4.258E-01 -2.736E-01  2.881E-01
  1.2544250E+04  2.710E-01  1.915E-01 -9.259E-02
  1.2544750E+04  4.727E-01  5.224E-01  4.721E-01
  1.2545250E+04 -3.124E-01 -3.518E-01 -4.757E-01
  1.2545750E+04  4.070E-01  2.303E-01 -3.260E-01
  1.2546250E+04 -3.372E-01 -4.520E-01 -6.684E-01
  1.2546750E+04  3.523E-01  3.288E-01  1.784E-01
  1.2547250E+04  2.551E-01  2.752E-01  2.699E-01
  1.2547750E+04  1.194E-01  2.777E-01  7.424E-01
  1.2548250E+04  2.505E-01  1.857E-01 -1.984E-01
  1.2548750E+04 -2.088E-01 -2.595E-01 -4.301E-01
  1.2549250E+04 -1.092E-01  1.701E-01  1.107E+00
  1.2549750E+04  8.246E-01  7.960E-01  4.511E-01
  1.2550250E+04  2.454E-01  9.836E-02 -5.348E-01
  1.2550750E+04 -2.797E-01 -8.120E-02  6.914E-01
  1.2551250E+04  7.772E-01  7.225E-01  3.358E-01
  1.2551750E+04  4.873E-01  4.324E-01  1.183E-01
  1.2552250E+04  8.682E-01  9.386E-01  1.005E+00
  1.2552750E+04  2.008E+00  1.819E+00  7.251E-01
  1.2553250E+04  5.271E+00  4.818E+00  1.938E+00
  1.2553750E+04  8.747E+00  8.321E+00  4.638E+00
  1.2554250E+04  2.001E+01  1.855E+01  8.479E+00
  1.2554750E+04  4.685E+01  4.368E+01  2.102E+01
  1.2555250E+04  9.646E+01  9.023E+01  4.477E+01
  1.2555750E+04  2.144E+02  1.986E+02  9.200E+01
  1.2556250E+04  3.980E+02  3.717E+02  1.846E+02
  1.2556750E+04  6.989E+02  6.511E+02  3.197E+02
  1.2557250E+04  1.070E+03  9.946E+02  4.825E+02
  1.2557750E+04  1.437E+03  1.345E+03  6.940E+02
  1.2558250E+04  1.681E+03  1.584E+03  8.694E+02
  1.2558750E+04  1.778E+03  1.677E+03  9.348E+02
  1.2559250E+04  1.723E+03  1.630E+03  9.313E+02
  1.2559750E+04  1.552E+03  1.468E+03  8.449E+02
  1.2560250E+04  1.251E+03  1.192E+03  7.258E+02
  1.2560750E+04  9.722E+02  9.193E+02  5.383E+02
  1.2561250E+04  7.026E+02  6.697E+02  4.157E+02
  1.2561750E+04  5.030E+02  4.732E+02  2.725E+02
  1.2562250E+04  3.456E+02  3.292E+02  2.077E+02
  1.2562750E+04  2.439E+02  2.304E+02  1.389E+02
  1.2563250E+04  1.477E+02  1.379E+02  7.842E+01
  1.2563750E+04  8.838E+01  8.953E+01  7.890E+01
  1.2564250E+04  5.788E+01  5.437E+01  3.343E+01
  1.2564750E+04  2.804E+01  2.686E+01  1.955E+01
  1.2565250E+04  5.705E+00  4.989E+00  3.282E+00
  1.2565750E+04 -1.098E+01 -7.976E+00  6.222E+00
  1.2566250E+04 -1.286E+01 -1.165E+01 -3.259E+00
  1.2566750E+04 -2.846E+01 -2.942E+01 -2.574E+01
  1.2567250E+04 -3.385E+01 -3.390E+01 -2.572E+01
  1.2567750E+04 -4.694E+01 -4.134E+01 -1.098E+01
  1.2568250E+04 -4.623E+01 -3.999E+01 -8.730E+00
  1.2568750E+04 -4.057E+01 -4.029E+01 -3.001E+01
  1.2569250E+04 -5.014E+01 -4.539E+01 -1.859E+01
  1.2569750E+04 -4.936E+01 -4.609E+01 -2.401E+01
  1.2570250E+04 -4.496E+01 -4.480E+01 -3.470E+01
  1.2570750E+04 -4.144E+01 -4.067E+01 -2.889E+01
  1.2571250E+04 -5.187E+01 -4.911E+01 -2.833E+01
  1.2571750E+04 -5.143E+01 -4.744E+01 -2.311E+01
  1.2572250E+04 -5.557E+01 -5.209E+01 -2.864E+01
  1.2572750E+04 -5.122E+01 -4.765E+01 -2.469E+01
  1.2573250E+04 -5.375E+01 -5.036E+01 -2.706E+01
  1.2573750E+04 -4.591E+01 -4.309E+01 -2.335E+01
  1.2574250E+04 -4.821E+01 -4.236E+01 -1.220E+01
  1.2574750E+04 -5.233E+01 -4.994E+01 -3.101E+01
  1.2575250E+04 -5.336E+01 -4.728E+01 -1.522E+01
  1.2575750E+04 -5.338E+01 -4.952E+01 -2.494E+01
  1.2576250E+04 -4.907E+01 -4.740E+01 -3.105E+01
  1.2576750E+04 -5.630E+01 -5.024E+01 -1.792E+01
  1.2577250E+04 -5.419E+01 -5.187E+01 -3.258E+01
  1.2577750E+04 -4.872E+01 -4.679E+01 -2.974E+01
  1.2578250E+04 -4.816E+01 -4.596E+01 -2.800E+01
  1.2578750E+04 -5.313E+01 -4.952E+01 -2.604E+01
  1.2579250E+04 -4.439E+01 -4.329E+01 -3.018E+01
  1.2579750E+04 -5.081E+01 -4.729E+01 -2.458E+01
  1.2580250E+04 -5.620E+01 -5.240E+01 -2.753E+01
  1.2580750E+04 -5.044E+01 -4.658E+01 -2.255E+01
  1.2581250E+04 -4.927E+01 -4.531E+01 -2.114E+01
  1.2581750E+04 -3.714E+01 -3.773E+01 -3.208E+01
  1.2582250E+04 -5.239E+01 -4.928E+01 -2.766E+01
  1.2582750E+04 -5.386E+01 -4.901E+01 -2.087E+01
  1.2583250E+04 -4.854E+01 -4.430E+01 -1.972E+01
  1.2583750E+04 -4.552E+01 -4.471E+01 -3.233E+01
  1.2584250E+04 -4.618E+01 -4.329E+01 -2.376E+01
  1.2584750E+04 -5.193E+01 -4.811E+01 -2.430E+01
  1.2585250E+04 -4.877E+01 -4.468E+01 -2.042E+01
  1.2585750E+04 -4.802E+01 -4.465E+01 -2.263E+01
  1.2586250E+04 -4.534E+01 -4.315E+01 -2.626E+01
  1.2586750E+04 -5.268E+01 -5.017E+01 -3.067E+01
  1.2587250E+04 -5.239E+01 -4.909E+01 -2.708E+01
  1.2587750E+04 -4.950E+01 -4.539E+01 -2.083E+01
  1.2588250E+04 -4.719E+01 -4.273E+01 -1.786E+01
  1.2588750E+04 -4.269E+01 -3.923E+01 -1.846E+01
  1.2589250E+04 -4.642E+01 -4.350E+01 -2.357E+01
  1.2589750E+04 -4.098E+01 -3.943E+01 -2.536E+01
  1.2590250E+04 -4.910E+01 -4.500E+01 -2.095E+01
  1.2590750E+04 -4.594E+01 -4.354E+01 -2.571E+01
  1.2591250E+04 -4.554E+01 -4.413E+01 -2.954E+01
  1.2591750E+04 -4.186E+01 -3.845E+01 -1.731E+01
  1.2592250E+04 -4.865E+01 -4.593E+01 -2.604E+01
  1.2592750E+04 -4.730E+01 -4.593E+01 -3.154E+01
  1.2593250E+04 -4.517E+01 -4.268E+01 -2.471E+01
  1.2593750E+04 -4.064E+01 -3.873E+01 -2.384E+01
  1.2594250E+04 -3.717E+01 -3.488E+01 -1.940E+01
  1.2594750E+04 -4.123E+01 -3.871E+01 -2.107E+01
  1.2595250E+04 -4.664E+01 -4.242E+01 -1.758E+01
  1.2595750E+04 -4.298E+01 -3.964E+01 -1.957E+01
  1.2596250E+04 -4.221E+01 -3.943E+01 -2.145E+01
  1.2596750E+04 -4.519E+01 -4.052E+01 -1.555E+01
  1.2597250E+04 -4.377E+01 -4.147E+01 -2.430E+01
  1.2597750E+04 -4.241E+01 -3.970E+01 -2.135E+01
  1.2598250E+04 -4.482E+01 -4.075E+01 -1.771E+01
  1.2598750E+04 -4.241E+01 -3.962E+01 -2.120E+01
  1.2599250E+04 -4.136E+01 -3.927E+01 -2.358E+01
  1.2599750E+04 -3.735E+01 -3.453E+01 -1.694E+01
  1.2600250E+04 -4.115E+01 -3.964E+01 -2.585E+01
  1.2600750E+04 -4.195E+01 -3.953E+01 -2.255E+01
  1.2601250E+04 -4.067E+01 -3.847E+01 -2.235E+01
  1.2601750E+04 -4.387E+01 -4.094E+01 -2.159E+01
  1.2602250E+04 -4.079E+01 -3.773E+01 -1.895E+01
  1.2602750E+04 -3.785E+01 -3.558E+01 -1.970E+01
  1.2603250E+04 -3.949E+01 -3.885E+01 -2.839E+01
  1.2603750E+04 -3.897E+01 -3.744E+01 -2.373E+01
  1.2604250E+04 -3.935E+01 -3.615E+01 -1.665E+01
  1.2604750E+04 -4.183E+01 -3.807E+01 -1.659E+01
  1.2605250E+04 -3.680E+01 -3.564E+01 -2.397E+01
  1.2605750E+04 -3.747E+01 -3.550E+01 -2.072E+01
  1.2606250E+04 -3.613E+01 -3.426E+01 -2.036E+01
  1.2606750E+04 -3.437E+01 -3.274E+01 -1.963E+01
  1.2607250E+04 -3.461E+01 -3.284E+01 -1.924E+01
  1.2607750E+04 -3.614E+01 -3.363E+01 -1.781E+01
  1.2608250E+04 -3.398E+01 -3.276E+01 -2.180E+01
  1.2608750E+04 -3.757E+01 -3.456E+01 -1.664E+01
  1.2609250E+04 -3.909E+01 -3.705E+01 -2.209E+01
  1.2609750E+04 -3.585E+01 -3.319E+01 -1.667E+01
  1.2610250E+04 -3.636E+01 -3.332E+01 -1.494E+01
  1.2610750E+04 -3.722E+01 -3.499E+01 -1.974E+01
  1.2611250E+04 -3.625E+01 -3.348E+01 -1.640E+01
  1.2611750E+04 -3.871E+01 -3.656E+01 -2.080E+01
  1.2612250E+04 -3.586E+01 -3.416E+01 -2.077E+01
  1.2612750E+04 -3.423E+01 -3.174E+01 -1.600E+01
  1.2613250E+04 -3.552E+01 -3.264E+01 -1.496E+01
  1.2613750E+04 -3.650E+01 -3.383E+01 -1.704E+01
  1.2614250E+04 -3.754E+01 -3.534E+01 -2.033E+01
  1.2614750E+04 -3.626E+01 -3.412E+01 -1.951E+01
  1.2615250E+04 -3.288E+01 -3.113E+01 -1.758E+01
  1.2615750E+04 -3.487E+01 -3.190E+01 -1.463E+01
  1.2616250E+04 -3.451E+01 -3.230E+01 -1.694E+01
  1.2616750E+04 -3.307E+01 -3.143E+01 -1.853E+01
  1.2617250E+04 -3.192E+01 -3.037E+01 -1.853E+01
  1.2617750E+04 -3.475E+01 -3.208E+01 -1.560E+01
  1.2618250E+04 -3.303E+01 -3.219E+01 -2.242E+01
  1.2618750E+04 -3.213E+01 -3.073E+01 -1.918E+01
  1.2619250E+04 -3.205E+01 -2.954E+01 -1.433E+01
  1.2619750E+04 -3.682E+01 -3.460E+01 -1.916E+01
  1.2620250E+04 -3.553E+01 -3.305E+01 -1.715E+01
  1.2620750E+04 -3.234E+01 -3.063E+01 -1.774E+01
  1.2621250E+04 -3.300E+01 -3.065E+01 -1.589E+01
  1.2621750E+04 -3.318E+01 -3.084E+01 -1.602E+01
  1.2622250E+04 -3.366E+01 -3.147E+01 -1.710E+01
  1.2622750E+04 -3.511E+01 -3.171E+01 -1.251E+01
  1.2623250E+04 -3.124E+01 -2.969E+01 -1.789E+01
  1.2623750E+04 -3.413E+01 -3.199E+01 -1.739E+01
  1.2624250E+04 -3.190E+01 -3.035E+01 -1.832E+01
  1.2624750E+04 -3.250E+01 -3.125E+01 -1.988E+01
  1.2625250E+04 -3.209E+01 -2.982E+01 -1.612E+01
  1.2625750E+04 -3.306E+01 -3.039E+01 -1.422E+01
  1.2626250E+04 -3.401E+01 -3.202E+01 -1.799E+01
  1.2626750E+04 -2.857E+01 -2.684E+01 -1.507E+01
  1.2627250E+04 -2.580E+01 -2.483E+01 -1.583E+01
  1.2627750E+04 -2.857E+01 -2.652E+01 -1.338E+01
  1.2628250E+04 -3.238E+01 -3.046E+01 -1.645E+01
  1.2628750E+04 -3.455E+01 -3.210E+01 -1.623E+01
  1.2629250E+04 -3.267E+01 -2.947E+01 -1.189E+01
  1.2629750E+04 -2.987E+01 -2.808E+01 -1.545E+01
  1.2630250E+04 -2.953E+01 -2.843E+01 -1.892E+01
  1.2630750E+04 -3.144E+01 -2.977E+01 -1.737E+01
  1.2631250E+04 -2.752E+01 -2.542E+01 -1.195E+01
  1.2631750E+04 -2.965E+01 -2.786E+01 -1.541E+01
  1.2632250E+04 -2.916E+01 -2.776E+01 -1.674E+01
  1.2632750E+04 -3.110E+01 -2.954E+01 -1.773E+01
  1.2633250E+04 -2.915E+01 -2.688E+01 -1.298E+01
  1.2633750E+04 -2.805E+01 -2.549E+01 -1.123E+01
  1.2634250E+04 -2.995E+01 -2.852E+01 -1.738E+01
  1.2634750E+04 -2.899E+01 -2.668E+01 -1.318E+01
  1.2635250E+04 -2.642E+01 -2.466E+01 -1.297E+01
  1.2635750E+04 -2.851E+01 -2.758E+01 -1.846E+01
  1.2636250E+04 -2.898E+01 -2.732E+01 -1.534E+01
  1.2636750E+04 -2.809E+01 -2.713E+01 -1.806E+01
  1.2637250E+04 -2.826E+01 -2.629E+01 -1.415E+01
  1.2637750E+04 -3.127E+01 -2.912E+01 -1.501E+01
  1.2638250E+04 -2.861E+01 -2.666E+01 -1.400E+01
  1.2638750E+04 -3.055E+01 -2.820E+01 -1.322E+01
  1.2639250E+04 -2.880E+01 -2.606E+01 -1.001E+01
  1.2639750E+04 -2.839E+01 -2.539E+01 -9.372E+00
  1.2640250E+04 -2.740E+01 -2.522E+01 -1.147E+01
  1.2640750E+04 -2.325E+01 -2.239E+01 -1.412E+01
  1.2641250E+04 -2.397E+01 -2.365E+01 -1.628E+01
  1.2641750E+04 -2.961E+01 -2.875E+01 -1.997E+01
  1.2642250E+04 -2.426E+01 -2.326E+01 -1.540E+01
  1.2642750E+04 -2.847E+01 -2.700E+01 -1.584E+01
  1.2643250E+04 -2.797E+01 -2.613E+01 -1.421E+01
  1.2643750E+04 -2.284E+01 -2.217E+01 -1.529E+01
  1.2644250E+04 -2.533E+01 -2.403E+01 -1.468E+01
  1.2644750E+04 -2.653E+01 -2.542E+01 -1.661E+01
  1.2645250E+04 -2.841E+01 -2.643E+01 -1.245E+01
  1.2645750E+04 -2.462E+01 -2.321E+01 -1.254E+01
  1.2646250E+04 -2.729E+01 -2.593E+01 -1.545E+01
  1.2646750E+04 -2.493E+01 -2.377E+01 -1.487E+01
  1.2647250E+04 -2.436E+01 -2.243E+01 -1.127E+01
  1.2647750E+04 -2.752E+01 -2.533E+01 -1.225E+01
  1.2648250E+04 -2.567E+01 -2.335E+01 -9.637E+00
  1.2648750E+04 -2.508E+01 -2.335E+01 -1.172E+01
  1.2649250E+04 -2.789E+01 -2.582E+01 -1.255E+01
  1.2649750E+04 -2.566E+01 -2.451E+01 -1.495E+01
  1.2650250E+04 -2.291E+01 -2.169E+01 -1.253E+01
  1.2650750E+04 -2.731E+01 -2.594E+01 -1.567E+01
  1.2651250E+04 -2.765E+01 -2.630E+01 -1.619E+01
  1.2651750E+04 -2.472E+01 -2.330E+01 -1.328E+01
  1.2652250E+04 -2.716E+01 -2.446E+01 -9.896E+00
  1.2652750E+04 -2.356E+01 -2.292E+01 -1.561E+01
  1.2653250E+04 -2.231E+01 -2.161E+01 -1.410E+01
  1.2653750E+04 -2.723E+01 -2.483E+01 -1.145E+01
  1.2654250E+04 -2.536E+01 -2.381E+01 -1.339E+01
  1.2654750E+04 -2.431E+01 -2.330E+01 -1.474E+01
  1.2655250E+04 -2.368E+01 -2.185E+01 -1.062E+01
  1.2655750E+04 -2.574E+01 -2.378E+01 -1.195E+01
  1.2656250E+04 -2.310E+01 -2.141E+01 -1.062E+01
  1.2656750E+04 -2.367E+01 -2.209E+01 -1.048E+01
  1.2657250E+04 -2.492E+01 -2.345E+01 -1.380E+01
  1.2657750E+04 -2.381E+01 -2.227E+01 -1.132E+01
  1.2658250E+04 -2.295E+01 -2.147E+01 -1.156E+01
  1.2658750E+04 -2.351E+01 -2.252E+01 -1.370E+01
  1.2659250E+04 -2.474E+01 -2.295E+01 -1.197E+01
  1.2659750E+04 -2.323E+01 -2.209E+01 -1.326E+01
  1.2660250E+04 -2.325E+01 -2.203E+01 -1.363E+01
  1.2660750E+04 -2.269E+01 -2.127E+01 -1.177E+01
  1.2661250E+04 -2.521E+01 -2.306E+01 -1.117E+01
  1.2661750E+04 -2.486E+01 -2.330E+01 -1.142E+01
  1.2662250E+04 -2.165E+01 -2.090E+01 -1.361E+01
  1.2662750E+04 -2.209E+01 -2.121E+01 -1.365E+01
  1.2663250E+04 -2.128E+01 -2.017E+01 -1.212E+01
  1.2663750E+04 -2.370E+01 -2.167E+01 -9.718E+00
  1.2664250E+04 -2.007E+01 -1.936E+01 -1.264E+01
  1.2664750E+04 -2.028E+01 -1.924E+01 -1.104E+01
  1.2665250E+04 -2.520E+01 -2.263E+01 -8.841E+00
  1.2665750E+04 -2.141E+01 -2.080E+01 -1.411E+01
  1.2666250E+04 -2.135E+01 -2.044E+01 -1.233E+01
  1.2666750E+04 -2.218E+01 -2.038E+01 -1.019E+01
  1.2667250E+04 -2.279E+01 -2.048E+01 -7.816E+00
  1.2667750E+04 -2.330E+01 -2.162E+01 -1.072E+01
  1.2668250E+04 -2.302E+01 -2.185E+01 -1.262E+01
  1.2668750E+04 -2.158E+01 -2.074E+01 -1.374E+01
  1.2669250E+04 -2.508E+01 -2.268E+01 -7.437E+00
  1.2669750E+04 -2.399E+01 -2.251E+01 -1.163E+01
  1.2670250E+04 -2.205E+01 -2.077E+01 -1.201E+01
  1.2670750E+04 -2.123E+01 -2.045E+01 -1.323E+01
  1.2671250E+04 -1.977E+01 -1.862E+01 -1.057E+01
  1.2671750E+04 -2.097E+01 -1.956E+01 -1.104E+01
  1.2672250E+04 -2.258E+01 -2.100E+01 -1.072E+01
  1.2672750E+04 -1.783E+01 -1.758E+01 -1.336E+01
  1.2673250E+04 -2.107E+01 -1.975E+01 -1.110E+01
  1.2673750E+04 -1.965E+01 -1.864E+01 -1.118E+01
  1.2674250E+04 -2.171E+01 -2.039E+01 -1.079E+01
  1.2674750E+04 -1.958E+01 -1.904E+01 -1.334E+01
  1.2675250E+04 -2.017E+01 -1.906E+01 -1.145E+01
  1.2675750E+04 -2.139E+01 -1.989E+01 -1.017E+01
  1.2676250E+04 -1.929E+01 -1.797E+01 -9.328E+00
  1.2676750E+04 -1.941E+01 -1.828E+01 -1.051E+01
  1.2677250E+04 -2.203E+01 -2.053E+01 -1.045E+01
  1.2677750E+04 -2.063E+01 -1.923E+01 -9.120E+00
  1.2678250E+04 -2.358E+01 -2.170E+01 -1.031E+01
  1.2678750E+04 -2.077E+01 -1.946E+01 -1.122E+01
  1.2679250E+04 -2.029E+01 -1.885E+01 -1.019E+01
  1.2679750E+04 -1.860E+01 -1.802E+01 -1.187E+01
  1.2680250E+04 -2.205E+01 -2.099E+01 -1.205E+01
  1.2680750E+04 -1.930E+01 -1.823E+01 -1.064E+01
  1.2681250E+04 -1.903E+01 -1.784E+01 -9.461E+00
  1.2681750E+04 -1.874E+01 -1.790E+01 -1.203E+01
  1.2682250E+04 -1.763E+01 -1.651E+01 -9.037E+00
  1.2682750E+04 -2.033E+01 -1.900E+01 -9.965E+00
  1.2683250E+04 -1.828E+01 -1.725E+01 -9.794E+00
  1.2683750E+04 -2.014E+01 -1.909E+01 -1.134E+01
  1.2684250E+04 -1.899E+01 -1.775E+01 -9.941E+00
  1.2684750E+04 -1.897E+01 -1.810E+01 -1.063E+01
  1.2685250E+04 -2.067E+01 -1.928E+01 -9.262E+00
  1.2685750E+04 -2.075E+01 -1.957E+01 -1.129E+01
  1.2686250E+04 -1.823E+01 -1.768E+01 -1.156E+01
  1.2686750E+04 -1.906E+01 -1.787E+01 -9.525E+00
  1.2687250E+04 -2.111E+01 -1.925E+01 -8.765E+00
  1.2687750E+04 -1.833E+01 -1.740E+01 -1.003E+01
  1.2688250E+04 -1.776E+01 -1.636E+01 -6.916E+00
  1.2688750E+04 -1.685E+01 -1.641E+01 -1.104E+01
  1.2689250E+04 -1.693E+01 -1.660E+01 -1.179E+01
  1.2689750E+04 -1.827E+01 -1.729E+01 -1.016E+01
  1.2690250E+04 -1.945E+01 -1.823E+01 -1.025E+01
  1.2690750E+04 -2.059E+01 -1.916E+01 -1.025E+01
  1.2691250E+04 -1.786E+01 -1.722E+01 -1.106E+01
  1.2691750E+04 -1.832E+01 -1.707E+01 -9.306E+00
  1.2692250E+04 -2.027E+01 -1.905E+01 -1.117E+01
  1.2692750E+04 -1.782E+01 -1.640E+01 -7.458E+00
  1.2693250E+04 -1.846E+01 -1.683E+01 -6.854E+00
  1.2693750E+04 -1.867E+01 -1.725E+01 -8.092E+00
  1.2694250E+04 -1.585E+01 -1.519E+01 -9.574E+00
  1.2694750E+04 -1.768E+01 -1.634E+01 -7.714E+00
  1.2695250E+04 -1.554E+01 -1.517E+01 -1.062E+01
  1.2695750E+04 -1.950E+01 -1.800E+01 -8.362E+00
  1.2696250E+04 -1.869E+01 -1.736E+01 -8.635E+00
  1.2696750E+04 -1.530E+01 -1.453E+01 -8.723E+00
  1.2697250E+04 -1.821E+01 -1.769E+01 -1.172E+01
  1.2697750E+04 -1.872E+01 -1.737E+01 -8.545E+00
  1.2698250E+04 -1.754E+01 -1.608E+01 -7.286E+00
  1.2698750E+04 -1.700E+01 -1.589E+01 -8.028E+00
  1.2699250E+04 -1.585E+01 -1.565E+01 -1.202E+01
  1.2699750E+04 -1.711E+01 -1.585E+01 -8.303E+00
  1.2700250E+04 -1.853E+01 -1.765E+01 -1.115E+01
  1.2700750E+04 -1.700E+01 -1.671E+01 -1.176E+01
  1.2701250E+04 -1.797E+01 -1.669E+01 -8.481E+00
  1.2701750E+04 -1.609E+01 -1.489E+01 -7.979E+00
  1.2702250E+04 -1.722E+01 -1.629E+01 -9.320E+00
  1.2702750E+04 -1.603E+01 -1.520E+01 -8.645E+00
  1.2703250E+04 -1.785E+01 -1.643E+01 -7.671E+00
  1.2703750E+04 -1.701E+01 -1.631E+01 -1.018E+01
  1.2704250E+04 -1.621E+01 -1.512E+01 -7.300E+00
  1.2704750E+04 -1.462E+01 -1.415E+01 -9.126E+00
  1.2705250E+04 -1.495E+01 -1.433E+01 -9.036E+00
  1.2705750E+04 -1.733E+01 -1.657E+01 -1.044E+01
  1.2706250E+04 -1.851E+01 -1.723E+01 -8.871E+00
  1.2706750E+04 -1.639E+01 -1.579E+01 -1.022E+01
  1.2707250E+04 -1.693E+01 -1.575E+01 -8.988E+00
  1.2707750E+04 -1.610E+01 -1.515E+01 -8.337E+00
  1.2708250E+04 -1.699E+01 -1.601E+01 -8.162E+00
  1.2708750E+04 -1.604E+01 -1.488E+01 -6.909E+00
  1.2709250E+04 -1.815E+01 -1.656E+01 -7.363E+00
  1.2709750E+04 -1.463E+01 -1.418E+01 -9.736E+00
  1.2710250E+04 -1.385E+01 -1.343E+01 -8.574E+00
  1.2710750E+04 -1.598E+01 -1.513E+01 -8.410E+00
  1.2711250E+04 -1.608E+01 -1.522E+01 -8.708E+00
  1.2711750E+04 -1.578E+01 -1.548E+01 -1.082E+01
  1.2712250E+04 -1.528E+01 -1.468E+01 -9.885E+00
  1.2712750E+04 -1.559E+01 -1.436E+01 -7.246E+00
  1.2713250E+04 -1.530E+01 -1.462E+01 -8.504E+00
  1.2713750E+04 -1.503E+01 -1.451E+01 -9.251E+00
  1.2714250E+04 -1.602E+01 -1.474E+01 -7.708E+00
  1.2714750E+04 -1.685E+01 -1.580E+01 -8.484E+00
  1.2715250E+04 -1.559E+01 -1.477E+01 -8.704E+00
  1.2715750E+04 -1.478E+01 -1.469E+01 -1.067E+01
  1.2716250E+04 -1.485E+01 -1.401E+01 -7.073E+00
  1.2716750E+04 -1.566E+01 -1.442E+01 -6.640E+00
  1.2717250E+04 -1.431E+01 -1.386E+01 -9.717E+00
  1.2717750E+04 -1.477E+01 -1.393E+01 -8.280E+00
  1.2718250E+04 -1.315E+01 -1.308E+01 -9.771E+00
  1.2718750E+04 -1.495E+01 -1.399E+01 -7.265E+00
  1.2719250E+04 -1.509E+01 -1.387E+01 -6.491E+00
  1.2719750E+04 -1.552E+01 -1.473E+01 -9.191E+00
  1.2720250E+04 -1.491E+01 -1.419E+01 -8.631E+00
  1.2720750E+04 -1.599E+01 -1.455E+01 -6.123E+00
  1.2721250E+04 -1.689E+01 -1.579E+01 -8.375E+00
  1.2721750E+04 -1.533E+01 -1.455E+01 -8.547E+00
  1.2722250E+04 -1.616E+01 -1.509E+01 -7.725E+00
  1.2722750E+04 -1.618E+01 -1.500E+01 -7.670E+00
  1.2723250E+04 -1.527E+01 -1.422E+01 -7.083E+00
  1.2723750E+04 -1.575E+01 -1.481E+01 -8.092E+00
  1.2724250E+04 -1.524E+01 -1.447E+01 -8.172E+00
  1.2724750E+04 -1.506E+01 -1.340E+01 -4.489E+00
  1.2725250E+04 -1.521E+01 -1.447E+01 -8.817E+00
  1.2725750E+04 -1.515E+01 -1.441E+01 -8.570E+00
  1.2726250E+04 -1.398E+01 -1.317E+01 -7.385E+00
  1.2726750E+04 -1.560E+01 -1.448E+01 -8.532E+00
  1.2727250E+04 -1.502E+01 -1.436E+01 -8.666E+00
  1.2727750E+04 -1.369E+01 -1.311E+01 -8.348E+00
  1.2728250E+04 -1.462E+01 -1.321E+01 -5.023E+00
  1.2728750E+04 -1.498E+01 -1.391E+01 -6.889E+00
  1.2729250E+04 -1.269E+01 -1.179E+01 -6.517E+00
  1.2729750E+04 -1.384E+01 -1.291E+01 -6.552E+00
  1.2730250E+04 -1.411E+01 -1.344E+01 -7.540E+00
  1.2730750E+04 -1.323E+01 -1.258E+01 -7.365E+00
  1.2731250E+04 -1.253E+01 -1.186E+01 -6.794E+00
  1.2731750E+04 -1.179E+01 -1.178E+01 -9.123E+00
  1.2732250E+04 -1.457E+01 -1.366E+01 -7.222E+00
  1.2732750E+04 -1.466E+01 -1.388E+01 -8.297E+00
  1.2733250E+04 -1.361E+01 -1.220E+01 -4.454E+00
  1.2733750E+04 -1.465E+01 -1.324E+01 -5.142E+00
  1.2734250E+04 -1.421E+01 -1.361E+01 -8.557E+00
  1.2734750E+04 -1.399E+01 -1.327E+01 -7.593E+00
  1.2735250E+04 -1.245E+01 -1.230E+01 -9.108E+00
  1.2735750E+04 -1.310E+01 -1.226E+01 -6.571E+00
  1.2736250E+04 -1.369E+01 -1.307E+01 -7.659E+00
  1.2736750E+04 -1.278E+01 -1.234E+01 -8.331E+00
  1.2737250E+04 -1.221E+01 -1.174E+01 -7.273E+00
  1.2737750E+04 -1.552E+01 -1.412E+01 -6.890E+00
  1.2738250E+04 -1.245E+01 -1.185E+01 -7.452E+00
  1.2738750E+04 -1.333E+01 -1.285E+01 -8.169E+00
  1.2739250E+04 -1.452E+01 -1.333E+01 -6.211E+00
  1.2739750E+04 -1.314E+01 -1.232E+01 -6.541E+00
  1.2740250E+04 -1.232E+01 -1.169E+01 -7.946E+00
  1.2740750E+04 -1.332E+01 -1.225E+01 -5.743E+00
  1.2741250E+04 -1.404E+01 -1.295E+01 -5.985E+00
  1.2741750E+04 -1.342E+01 -1.276E+01 -7.005E+00
  1.2742250E+04 -1.193E+01 -1.123E+01 -6.495E+00
  1.2742750E+04 -1.363E+01 -1.240E+01 -5.079E+00
  1.2743250E+04 -1.199E+01 -1.139E+01 -6.821E+00
  1.2743750E+04 -1.121E+01 -1.058E+01 -6.372E+00
  1.2744250E+04 -1.215E+01 -1.121E+01 -5.064E+00
  1.2744750E+04 -1.419E+01 -1.294E+01 -6.186E+00
  1.2745250E+04 -1.284E+01 -1.229E+01 -7.663E+00
  1.2745750E+04 -1.296E+01 -1.291E+01 -9.935E+00
  1.2746250E+04 -1.186E+01 -1.144E+01 -7.822E+00
  1.2746750E+04 -1.359E+01 -1.257E+01 -5.785E+00
  1.2747250E+04 -1.238E+01 -1.181E+01 -7.411E+00
  1.2747750E+04 -1.315E+01 -1.219E+01 -5.724E+00
  1.2748250E+04 -1.264E+01 -1.178E+01 -8.006E+00
  1.2748750E+04 -1.217E+01 -1.175E+01 -7.617E+00
  1.2749250E+04 -1.264E+01 -1.223E+01 -8.623E+00
  1.2749750E+04 -1.156E+01 -1.087E+01 -6.264E+00
  1.2750250E+04 -1.222E+01 -1.079E+01 -3.822E+00
  1.2750750E+04 -1.201E+01 -1.130E+01 -5.835E+00
  1.2751250E+04 -1.063E+01 -1.056E+01 -7.817E+00
  1.2751750E+04 -1.185E+01 -1.082E+01 -4.901E+00
  1.2752250E+04 -1.280E+01 -1.164E+01 -5.153E+00
  1.2752750E+04 -1.259E+01 -1.228E+01 -8.021E+00
  1.2753250E+04 -1.167E+01 -1.107E+01 -6.215E+00
  1.2753750E+04 -1.015E+01 -9.693E+00 -6.162E+00
  1.2754250E+04 -1.198E+01 -1.130E+01 -6.491E+00
  1.2754750E+04 -1.309E+01 -1.189E+01 -4.621E+00
  1.2755250E+04 -1.247E+01 -1.194E+01 -6.563E+00
  1.2755750E+04 -1.286E+01 -1.197E+01 -6.096E+00
  1.2756250E+04 -1.041E+01 -9.924E+00 -5.838E+00
  1.2756750E+04 -1.186E+01 -1.142E+01 -6.426E+00
  1.2757250E+04 -1.193E+01 -1.134E+01 -6.114E+00
  1.2757750E+04 -1.161E+01 -1.135E+01 -7.100E+00
  1.2758250E+04 -1.201E+01 -1.124E+01 -5.961E+00
  1.2758750E+04 -1.259E+01 -1.116E+01 -3.995E+00
  1.2759250E+04 -1.298E+01 -1.220E+01 -6.386E+00
  1.2759750E+04 -1.327E+01 -1.241E+01 -6.662E+00
  1.2760250E+04 -1.134E+01 -1.104E+01 -7.571E+00
  1.2760750E+04 -8.928E+00 -9.306E+00 -7.807E+00
  1.2761250E+04 -1.068E+01 -9.875E+00 -4.761E+00
  1.2761750E+04 -1.213E+01 -1.133E+01 -6.562E+00
  1.2762250E+04 -1.168E+01 -1.102E+01 -7.529E+00
  1.2762750E+04 -1.224E+01 -1.154E+01 -6.286E+00
  1.2763250E+04 -1.098E+01 -1.034E+01 -4.746E+00
  1.2763750E+04 -1.066E+01 -1.010E+01 -5.813E+00
  1.2764250E+04 -1.091E+01 -1.069E+01 -7.705E+00
  1.2764750E+04 -9.889E+00 -9.429E+00 -5.454E+00
  1.2765250E+04 -1.179E+01 -1.134E+01 -5.967E+00
  1.2765750E+04 -1.135E+01 -1.051E+01 -4.725E+00
  1.2766250E+04 -1.152E+01 -1.103E+01 -6.514E+00
  1.2766750E+04 -1.267E+01 -1.164E+01 -7.239E+00
  1.2767250E+04 -1.151E+01 -1.084E+01 -6.389E+00
  1.2767750E+04 -1.144E+01 -1.062E+01 -5.323E+00
  1.2768250E+04 -9.123E+00 -8.792E+00 -5.373E+00
  1.2768750E+04 -1.231E+01 -1.110E+01 -4.087E+00
  1.2769250E+04 -1.116E+01 -1.040E+01 -5.034E+00
  1.2769750E+04 -9.830E+00 -9.414E+00 -6.110E+00
  1.2770250E+04 -1.097E+01 -1.030E+01 -5.740E+00
  1.2770750E+04 -1.250E+01 -1.146E+01 -5.486E+00
  1.2771250E+04 -1.095E+01 -1.011E+01 -5.636E+00
  1.2771750E+04 -1.040E+01 -9.424E+00 -4.061E+00
  1.2772250E+04 -1.071E+01 -1.061E+01 -8.535E+00
  1.2772750E+04 -9.910E+00 -9.246E+00 -4.849E+00
  1.2773250E+04 -9.834E+00 -9.543E+00 -5.552E+00
  1.2773750E+04 -1.085E+01 -1.050E+01 -7.081E+00
  1.2774250E+04 -8.718E+00 -8.796E+00 -6.261E+00
  1.2774750E+04 -1.148E+01 -1.113E+01 -7.002E+00
  1.2775250E+04 -9.273E+00 -8.923E+00 -5.471E+00
  1.2775750E+04 -1.045E+01 -9.786E+00 -5.150E+00
  1.2776250E+04 -1.216E+01 -1.116E+01 -5.455E+00
  1.2776750E+04 -1.132E+01 -1.057E+01 -5.813E+00
  1.2777250E+04 -1.002E+01 -9.881E+00 -6.981E+00
  1.2777750E+04 -9.768E+00 -9.539E+00 -6.283E+00
  1.2778250E+04 -9.044E+00 -8.501E+00 -4.104E+00
  1.2778750E+04 -1.090E+01 -9.833E+00 -3.608E+00
  1.2779250E+04 -9.202E+00 -8.825E+00 -5.309E+00
  1.2779750E+04 -9.884E+00 -9.446E+00 -6.573E+00
  1.2780250E+04 -9.816E+00 -9.512E+00 -6.617E+00
  1.2780750E+04 -9.516E+00 -9.300E+00 -6.831E+00
  1.2781250E+04 -1.094E+01 -1.030E+01 -5.730E+00
  1.2781750E+04 -1.070E+01 -9.987E+00 -5.030E+00
  1.2782250E+04 -1.122E+01 -1.089E+01 -7.286E+00
  1.2782750E+04 -1.079E+01 -9.519E+00 -2.808E+00
  1.2783250E+04 -9.455E+00 -9.147E+00 -4.554E+00
  1.2783750E+04 -8.471E+00 -7.971E+00 -4.644E+00
  1.2784250E+04 -1.036E+01 -9.930E+00 -6.184E+00
  1.2784750E+04 -8.374E+00 -7.896E+00 -5.106E+00
  1.2785250E+04 -1.030E+01 -9.325E+00 -4.407E+00
  1.2785750E+04 -1.054E+01 -9.799E+00 -4.967E+00
  1.2786250E+04 -9.034E+00 -8.837E+00 -6.159E+00
  1.2786750E+04 -9.800E+00 -9.120E+00 -4.249E+00
  1.2787250E+04 -9.947E+00 -9.444E+00 -5.203E+00
  1.2787750E+04 -9.230E+00 -8.819E+00 -4.939E+00
  1.2788250E+04 -1.061E+01 -1.006E+01 -5.685E+00
  1.2788750E+04 -9.713E+00 -9.331E+00 -6.555E+00
  1.2789250E+04 -9.536E+00 -9.211E+00 -6.128E+00
  1.2789750E+04 -8.986E+00 -8.318E+00 -4.185E+00
  1.2790250E+04 -8.970E+00 -8.679E+00 -5.501E+00
  1.2790750E+04 -9.998E+00 -9.549E+00 -5.910E+00
  1.2791250E+04 -1.055E+01 -1.011E+01 -6.266E+00
  1.2791750E+04 -1.060E+01 -9.692E+00 -4.137E+00
  1.2792250E+04 -9.336E+00 -8.630E+00 -4.309E+00
  1.2792750E+04 -1.022E+01 -9.205E+00 -4.265E+00
  1.2793250E+04 -7.985E+00 -7.546E+00 -4.065E+00
  1.2793750E+04 -8.010E+00 -7.526E+00 -3.834E+00
  1.2794250E+04 -9.681E+00 -9.432E+00 -6.415E+00
  1.2794750E+04 -1.067E+01 -1.013E+01 -5.333E+00
  1.2795250E+04 -9.727E+00 -9.396E+00 -5.650E+00
  1.2795750E+04 -1.030E+01 -9.545E+00 -4.750E+00
  1.2796250E+04 -9.601E+00 -9.197E+00 -5.894E+00
  1.2796750E+04 -6.957E+00 -6.615E+00 -3.923E+00
  1.2797250E+04 -1.007E+01 -9.451E+00 -4.826E+00
  1.2797750E+04 -9.685E+00 -9.008E+00 -4.955E+00
  1.2798250E+04 -8.691E+00 -7.963E+00 -3.330E+00
  1.2798750E+04 -8.993E+00 -8.309E+00 -3.971E+00
  1.2799250E+04 -9.235E+00 -8.657E+00 -4.759E+00
  1.2799750E+04 -8.488E+00 -8.048E+00 -4.923E+00
  1.2800250E+04 -9.750E+00 -8.914E+00 -4.198E+00
  1.2800750E+04 -9.209E+00 -9.278E+00 -7.312E+00
  1.2801250E+04 -8.515E+00 -8.480E+00 -6.224E+00
  1.2801750E+04 -8.662E+00 -8.347E+00 -5.180E+00
  1.2802250E+04 -1.043E+01 -9.599E+00 -4.175E+00
  1.2802750E+04 -9.925E+00 -9.150E+00 -4.280E+00
  1.2803250E+04 -8.907E+00 -8.279E+00 -4.462E+00
  1.2803750E+04 -8.038E+00 -8.018E+00 -6.447E+00
  1.2804250E+04 -9.042E+00 -8.426E+00 -4.254E+00
  1.2804750E+04 -9.271E+00 -8.375E+00 -3.331E+00
  1.2805250E+04 -8.497E+00 -8.467E+00 -6.838E+00
  1.2805750E+04 -9.166E+00 -8.751E+00 -5.077E+00
  1.2806250E+04 -9.750E+00 -9.118E+00 -4.639E+00
  1.2806750E+04 -9.303E+00 -8.243E+00 -2.961E+00
  1.2807250E+04 -9.735E+00 -9.180E+00 -5.303E+00
  1.2807750E+04 -8.875E+00 -8.326E+00 -4.703E+00
  1.2808250E+04 -7.608E+00 -6.977E+00 -3.119E+00
  1.2808750E+04 -8.370E+00 -7.997E+00 -4.669E+00
  1.2809250E+04 -7.416E+00 -7.699E+00 -6.764E+00
  1.2809750E+04 -8.469E+00 -8.147E+00 -5.387E+00
  1.2810250E+04 -8.031E+00 -7.490E+00 -4.203E+00
  1.2810750E+04 -7.210E+00 -6.782E+00 -4.754E+00
  1.2811250E+04 -9.022E+00 -8.469E+00 -4.866E+00
  1.2811750E+04 -9.216E+00 -8.209E+00 -3.195E+00
  1.2812250E+04 -8.358E+00 -7.838E+00 -3.383E+00
  1.2812750E+04 -8.936E+00 -8.434E+00 -4.542E+00
  1.2813250E+04 -7.960E+00 -7.861E+00 -5.495E+00
  1.2813750E+04 -8.112E+00 -7.605E+00 -4.298E+00
  1.2814250E+04 -8.754E+00 -8.254E+00 -4.641E+00
  1.2814750E+04 -8.791E+00 -7.836E+00 -2.352E+00
  1.2815250E+04 -8.350E+00 -7.713E+00 -4.512E+00
  1.2815750E+04 -8.076E+00 -7.823E+00 -5.342E+00
  1.2816250E+04 -8.113E+00 -7.786E+00 -4.697E+00
  1.2816750E+04 -8.337E+00 -7.689E+00 -3.751E+00
  1.2817250E+04 -8.114E+00 -7.487E+00 -3.525E+00
  1.2817750E+04 -8.813E+00 -8.349E+00 -4.650E+00
  1.2818250E+04 -7.874E+00 -7.671E+00 -4.969E+00
  1.2818750E+04 -7.430E+00 -6.943E+00 -3.521E+00
  1.2819250E+04 -8.650E+00 -7.868E+00 -2.986E+00
  1.2819750E+04 -7.319E+00 -6.904E+00 -3.684E+00
  1.2820250E+04 -7.675E+00 -7.206E+00 -3.800E+00
  1.2820750E+04 -7.833E+00 -7.291E+00 -4.187E+00
  1.2821250E+04 -8.082E+00 -7.579E+00 -4.067E+00
  1.2821750E+04 -9.005E+00 -8.664E+00 -5.263E+00
  1.2822250E+04 -8.692E+00 -8.108E+00 -4.516E+00
  1.2822750E+04 -7.520E+00 -7.119E+00 -4.172E+00
  1.2823250E+04 -8.781E+00 -8.196E+00 -4.125E+00
  1.2823750E+04 -8.652E+00 -8.195E+00 -5.171E+00
  1.2824250E+04 -7.886E+00 -7.293E+00 -3.775E+00
  1.2824750E+04 -7.369E+00 -7.251E+00 -4.120E+00
  1.2825250E+04 -8.158E+00 -7.761E+00 -4.337E+00
  1.2825750E+04 -7.423E+00 -6.807E+00 -3.340E+00
  1.2826250E+04 -7.244E+00 -6.930E+00 -4.342E+00
  1.2826750E+04 -7.800E+00 -7.514E+00 -4.518E+00
  1.2827250E+04 -7.827E+00 -7.619E+00 -5.409E+00
  1.2827750E+04 -6.621E+00 -6.374E+00 -4.046E+00
  1.2828250E+04 -7.618E+00 -6.832E+00 -2.268E+00
  1.2828750E+04 -7.892E+00 -7.446E+00 -4.501E+00
  1.2829250E+04 -7.527E+00 -7.244E+00 -4.620E+00
  1.2829750E+04 -7.935E+00 -7.633E+00 -4.972E+00
  1.2830250E+04 -7.362E+00 -7.522E+00 -6.384E+00
  1.2830750E+04 -6.713E+00 -6.264E+00 -3.127E+00
  1.2831250E+04 -7.014E+00 -6.756E+00 -4.046E+00
  1.2831750E+04 -6.925E+00 -6.657E+00 -3.453E+00
  1.2832250E+04 -7.560E+00 -7.305E+00 -4.804E+00
  1.2832750E+04 -7.860E+00 -7.311E+00 -3.635E+00
  1.2833250E+04 -7.795E+00 -7.179E+00 -3.477E+00
  1.2833750E+04 -6.287E+00 -5.955E+00 -3.254E+00
  1.2834250E+04 -7.307E+00 -6.769E+00 -3.277E+00
  1.2834750E+04 -6.672E+00 -6.252E+00 -3.313E+00
  1.2835250E+04 -7.105E+00 -6.801E+00 -4.505E+00
  1.2835750E+04 -7.043E+00 -6.541E+00 -2.858E+00
  1.2836250E+04 -7.106E+00 -7.196E+00 -5.373E+00
  1.2836750E+04 -7.522E+00 -7.170E+00 -3.848E+00
  1.2837250E+04 -7.403E+00 -6.840E+00 -3.878E+00
  1.2837750E+04 -7.753E+00 -7.445E+00 -4.531E+00
  1.2838250E+04 -6.228E+00 -6.085E+00 -4.281E+00
  1.2838750E+04 -7.899E+00 -7.273E+00 -3.276E+00
  1.2839250E+04 -6.953E+00 -6.931E+00 -4.814E+00
  1.2839750E+04 -6.822E+00 -6.694E+00 -4.787E+00
  1.2840250E+04 -6.418E+00 -6.346E+00 -4.796E+00
  1.2840750E+04 -8.012E+00 -7.122E+00 -2.824E+00
  1.2841250E+04 -7.273E+00 -7.044E+00 -4.838E+00
  1.2841750E+04 -6.054E+00 -6.065E+00 -4.830E+00
  1.2842250E+04 -6.971E+00 -6.620E+00 -3.816E+00
  1.2842750E+04 -5.535E+00 -5.551E+00 -3.949E+00
  1.2843250E+04 -6.987E+00 -6.317E+00 -2.937E+00
  1.2843750E+04 -7.491E+00 -7.084E+00 -3.846E+00
  1.2844250E+04 -7.558E+00 -6.928E+00 -2.900E+00
  1.2844750E+04 -7.613E+00 -7.047E+00 -3.668E+00
  1.2845250E+04 -7.200E+00 -6.770E+00 -4.073E+00
  1.2845750E+04 -6.587E+00 -6.483E+00 -4.963E+00
  1.2846250E+04 -6.990E+00 -6.676E+00 -4.092E+00
  1.2846750E+04 -6.314E+00 -6.137E+00 -3.983E+00
  1.2847250E+04 -7.338E+00 -6.796E+00 -2.815E+00
  1.2847750E+04 -6.999E+00 -6.685E+00 -3.715E+00
  1.2848250E+04 -6.512E+00 -6.264E+00 -4.313E+00
  1.2848750E+04 -6.991E+00 -6.316E+00 -2.289E+00
  1.2849250E+04 -6.574E+00 -6.226E+00 -3.658E+00
  1.2849750E+04 -8.377E+00 -7.864E+00 -4.606E+00
  1.2850250E+04 -7.255E+00 -6.881E+00 -4.262E+00
  1.2850750E+04 -6.462E+00 -6.240E+00 -3.808E+00
  1.2851250E+04 -7.012E+00 -6.410E+00 -2.928E+00
  1.2851750E+04 -7.046E+00 -6.544E+00 -3.373E+00
  1.2852250E+04 -6.612E+00 -6.073E+00 -2.727E+00
  1.2852750E+04 -6.701E+00 -6.269E+00 -3.486E+00
  1.2853250E+04 -7.138E+00 -6.946E+00 -4.493E+00
  1.2853750E+04 -6.742E+00 -6.629E+00 -4.910E+00
  1.2854250E+04 -5.436E+00 -5.212E+00 -2.736E+00
  1.2854750E+04 -7.276E+00 -6.827E+00 -3.669E+00
  1.2855250E+04 -6.181E+00 -5.734E+00 -3.520E+00
  1.2855750E+04 -6.996E+00 -6.450E+00 -2.667E+00
  1.2856250E+04 -6.582E+00 -6.073E+00 -2.936E+00
  1.2856750E+04 -6.315E+00 -5.893E+00 -3.391E+00
  1.2857250E+04 -6.479E+00 -5.852E+00 -2.483E+00
  1.2857750E+04 -6.210E+00 -5.914E+00 -3.469E+00
  1.2858250E+04 -7.319E+00 -6.737E+00 -3.108E+00
  1.2858750E+04 -6.433E+00 -6.173E+00 -3.840E+00
  1.2859250E+04 -6.775E+00 -6.274E+00 -3.324E+00
  1.2859750E+04 -6.097E+00 -5.790E+00 -3.821E+00
  1.2860250E+04 -6.431E+00 -5.883E+00 -2.460E+00
  1.2860750E+04 -6.751E+00 -6.405E+00 -3.231E+00
  1.2861250E+04 -6.608E+00 -6.164E+00 -2.672E+00
  1.2861750E+04 -6.221E+00 -6.013E+00 -3.574E+00
  1.2862250E+04 -6.970E+00 -6.648E+00 -3.678E+00
  1.2862750E+04 -6.230E+00 -5.916E+00 -3.332E+00
  1.2863250E+04 -6.981E+00 -6.422E+00 -3.089E+00
  1.2863750E+04 -6.632E+00 -6.237E+00 -3.200E+00
  1.2864250E+04 -5.727E+00 -5.512E+00 -3.703E+00
  1.2864750E+04 -4.985E+00 -4.952E+00 -3.518E+00
  1.2865250E+04 -6.205E+00 -5.624E+00 -2.608E+00
  1.2865750E+04 -5.259E+00 -5.080E+00 -3.399E+00
  1.2866250E+04 -6.241E+00 -5.886E+00 -3.450E+00
  1.2866750E+04 -6.055E+00 -5.726E+00 -3.521E+00
  1.2867250E+04 -7.319E+00 -7.209E+00 -5.279E+00
  1.2867750E+04 -6.771E+00 -6.366E+00 -3.974E+00
  1.2868250E+04 -6.559E+00 -5.957E+00 -3.445E+00
  1.2868750E+04 -5.840E+00 -5.634E+00 -3.575E+00
  1.2869250E+04 -6.093E+00 -6.020E+00 -3.462E+00
  1.2869750E+04 -6.198E+00 -5.798E+00 -3.451E+00
  1.2870250E+04 -6.043E+00 -5.476E+00 -2.526E+00
  1.2870750E+04 -6.121E+00 -5.805E+00 -3.093E+00
  1.2871250E+04 -6.586E+00 -6.283E+00 -3.488E+00
  1.2871750E+04 -6.233E+00 -6.159E+00 -4.389E+00
  1.2872250E+04 -5.734E+00 -5.486E+00 -3.493E+00
  1.2872750E+04 -6.254E+00 -5.699E+00 -2.117E+00
  1.2873250E+04 -4.997E+00 -5.117E+00 -3.795E+00
  1.2873750E+04 -5.518E+00 -5.505E+00 -4.474E+00
  1.2874250E+04 -7.307E+00 -6.528E+00 -2.358E+00
  1.2874750E+04 -5.759E+00 -5.187E+00 -2.047E+00
  1.2875250E+04 -6.095E+00 -5.640E+00 -2.874E+00
  1.2875750E+04 -5.746E+00 -5.534E+00 -3.725E+00
  1.2876250E+04 -6.741E+00 -6.219E+00 -3.415E+00
  1.2876750E+04 -6.149E+00 -5.728E+00 -2.899E+00
  1.2877250E+04 -5.653E+00 -5.357E+00 -3.107E+00
  1.2877750E+04 -6.683E+00 -6.374E+00 -3.984E+00
  1.2878250E+04 -5.950E+00 -5.746E+00 -3.598E+00
  1.2878750E+04 -6.308E+00 -6.104E+00 -4.337E+00
  1.2879250E+04 -4.821E+00 -4.720E+00 -2.942E+00
  1.2879750E+04 -5.831E+00 -5.916E+00 -4.562E+00
  1.2880250E+04 -5.668E+00 -5.369E+00 -3.328E+00
  1.2880750E+04 -6.546E+00 -6.221E+00 -3.536E+00
  1.2881250E+04 -6.515E+00 -6.111E+00 -2.952E+00
  1.2881750E+04 -5.176E+00 -4.853E+00 -2.272E+00
  1.2882250E+04 -4.610E+00 -4.517E+00 -3.164E+00
  1.2882750E+04 -5.400E+00 -5.302E+00 -3.885E+00
  1.2883250E+04 -5.971E+00 -5.656E+00 -2.978E+00
  1.2883750E+04 -5.627E+00 -5.446E+00 -4.180E+00
  1.2884250E+04 -5.753E+00 -5.521E+00 -3.380E+00
  1.2884750E+04 -5.343E+00 -5.087E+00 -3.243E+00
  1.2885250E+04 -5.652E+00 -5.319E+00 -2.890E+00
  1.2885750E+04 -6.653E+00 -5.960E+00 -2.024E+00
  1.2886250E+04 -5.515E+00 -5.242E+00 -3.240E+00
  1.2886750E+04 -5.206E+00 -4.915E+00 -2.856E+00
  1.2887250E+04 -6.190E+00 -5.797E+00 -3.166E+00
  1.2887750E+04 -5.616E+00 -5.380E+00 -3.023E+00
  1.2888250E+04 -5.795E+00 -5.274E+00 -2.226E+00
  1.2888750E+04 -4.439E+00 -4.347E+00 -2.850E+00
  1.2889250E+04 -5.032E+00 -4.789E+00 -3.248E+00
  1.2889750E+04 -6.202E+00 -5.797E+00 -2.895E+00
  1.2890250E+04 -5.881E+00 -5.811E+00 -3.666E+00
  1.2890750E+04 -5.831E+00 -5.482E+00 -2.990E+00
  1.2891250E+04 -5.156E+00 -5.048E+00 -3.342E+00
  1.2891750E+04 -6.266E+00 -5.715E+00 -2.824E+00
  1.2892250E+04 -5.466E+00 -5.145E+00 -2.828E+00
  1.2892750E+04 -5.730E+00 -5.361E+00 -3.023E+00
  1.2893250E+04 -4.462E+00 -4.748E+00 -3.782E+00
  1.2893750E+04 -4.621E+00 -3.800E+00 -1.942E+00
  1.2894250E+04 -6.107E+00 -5.623E+00 -2.426E+00
  1.2894750E+04 -6.072E+00 -5.841E+00 -3.300E+00
  1.2895250E+04 -4.382E+00 -4.343E+00 -3.072E+00
  1.2895750E+04 -3.687E+00 -3.863E+00 -3.318E+00
  1.2896250E+04 -4.737E+00 -4.396E+00 -2.499E+00
  1.2896750E+04 -5.058E+00 -4.824E+00 -2.931E+00
  1.2897250E+04 -5.603E+00 -5.131E+00 -1.905E+00
  1.2897750E+04 -5.635E+00 -5.307E+00 -2.637E+00
  1.2898250E+04 -6.450E+00 -5.893E+00 -1.974E+00
  1.2898750E+04 -5.537E+00 -5.282E+00 -3.528E+00
  1.2899250E+04 -4.615E+00 -4.793E+00 -4.049E+00
  1.2899750E+04 -4.303E+00 -4.254E+00 -2.142E+00
  1.2900250E+04 -5.443E+00 -5.205E+00 -3.216E+00
  1.2900750E+04 -5.505E+00 -5.048E+00 -2.545E+00
  1.2901250E+04 -6.056E+00 -5.501E+00 -2.387E+00
  1.2901750E+04 -5.653E+00 -5.333E+00 -2.775E+00
  1.2902250E+04 -4.811E+00 -4.855E+00 -4.104E+00
  1.2902750E+04 -5.023E+00 -4.632E+00 -2.240E+00
  1.2903250E+04 -5.358E+00 -5.043E+00 -2.619E+00
  1.2903750E+04 -5.309E+00 -4.890E+00 -2.290E+00
  1.2904250E+04 -5.041E+00 -4.865E+00 -3.520E+00
  1.2904750E+04 -4.500E+00 -4.548E+00 -3.694E+00
  1.2905250E+04 -5.034E+00 -4.511E+00 -1.923E+00
  1.2905750E+04 -5.361E+00 -5.073E+00 -2.563E+00
  1.2906250E+04 -5.954E+00 -5.572E+00 -2.789E+00
  1.2906750E+04 -5.539E+00 -5.223E+00 -3.128E+00
  1.2907250E+04 -4.633E+00 -4.180E+00 -2.191E+00
  1.2907750E+04 -5.259E+00 -4.971E+00 -2.737E+00
  1.2908250E+04 -4.621E+00 -4.206E+00 -1.702E+00
  1.2908750E+04 -5.107E+00 -4.635E+00 -2.028E+00
  1.2909250E+04 -4.374E+00 -4.412E+00 -3.596E+00
  1.2909750E+04 -5.258E+00 -4.768E+00 -2.121E+00
  1.2910250E+04 -4.385E+00 -3.935E+00 -1.752E+00
  1.2910750E+04 -4.906E+00 -4.570E+00 -2.305E+00
  1.2911250E+04 -4.644E+00 -4.248E+00 -1.669E+00
  1.2911750E+04 -4.658E+00 -4.407E+00 -2.503E+00
  1.2912250E+04 -3.974E+00 -3.944E+00 -2.853E+00
  1.2912750E+04 -4.456E+00 -4.559E+00 -3.970E+00
  1.2913250E+04 -4.198E+00 -3.901E+00 -1.838E+00
  1.2913750E+04 -4.261E+00 -4.046E+00 -2.617E+00
  1.2914250E+04 -4.343E+00 -4.072E+00 -1.965E+00
  1.2914750E+04 -5.300E+00 -4.984E+00 -3.048E+00
  1.2915250E+04 -4.861E+00 -4.777E+00 -3.360E+00
  1.2915750E+04 -4.799E+00 -4.564E+00 -3.024E+00
  1.2916250E+04 -5.103E+00 -4.747E+00 -2.401E+00
  1.2916750E+04 -4.742E+00 -4.564E+00 -2.598E+00
  1.2917250E+04 -4.954E+00 -4.660E+00 -2.282E+00
  1.2917750E+04 -4.537E+00 -4.401E+00 -2.537E+00
  1.2918250E+04 -4.135E+00 -4.348E+00 -4.094E+00
  1.2918750E+04 -5.156E+00 -4.944E+00 -3.352E+00
  1.2919250E+04 -3.984E+00 -3.790E+00 -2.336E+00
  1.2919750E+04 -4.967E+00 -4.728E+00 -2.819E+00
  1.2920250E+04 -5.002E+00 -5.002E+00 -3.497E+00
  1.2920750E+04 -5.437E+00 -5.051E+00 -1.967E+00
  1.2921250E+04 -4.877E+00 -4.507E+00 -2.057E+00
  1.2921750E+04 -4.073E+00 -3.845E+00 -2.098E+00
  1.2922250E+04 -4.385E+00 -4.256E+00 -2.626E+00
  1.2922750E+04 -4.155E+00 -4.223E+00 -3.503E+00
  1.2923250E+04 -5.447E+00 -5.279E+00 -3.315E+00
  1.2923750E+04 -4.699E+00 -4.341E+00 -1.928E+00
  1.2924250E+04 -4.257E+00 -3.937E+00 -1.788E+00
  1.2924750E+04 -4.192E+00 -4.151E+00 -3.288E+00
  1.2925250E+04 -4.672E+00 -4.548E+00 -2.933E+00
  1.2925750E+04 -5.203E+00 -4.836E+00 -2.611E+00
  1.2926250E+04 -4.726E+00 -4.309E+00 -1.871E+00
  1.2926750E+04 -4.036E+00 -3.935E+00 -2.725E+00
  1.2927250E+04 -4.966E+00 -4.756E+00 -2.516E+00
  1.2927750E+04 -5.082E+00 -4.536E+00 -1.710E+00
  1.2928250E+04 -4.673E+00 -4.415E+00 -2.154E+00
  1.2928750E+04 -4.172E+00 -4.122E+00 -2.535E+00
  1.2929250E+04 -4.230E+00 -3.966E+00 -2.431E+00
  1.2929750E+04 -4.905E+00 -4.531E+00 -2.337E+00
  1.2930250E+04 -4.709E+00 -4.504E+00 -2.639E+00
  1.2930750E+04 -4.089E+00 -3.821E+00 -1.711E+00
  1.2931250E+04 -5.233E+00 -4.845E+00 -2.147E+00
  1.2931750E+04 -5.065E+00 -4.768E+00 -2.671E+00
  1.2932250E+04 -3.713E+00 -3.505E+00 -2.392E+00
  1.2932750E+04 -4.081E+00 -3.908E+00 -2.199E+00
  1.2933250E+04 -3.553E+00 -3.485E+00 -2.275E+00
  1.2933750E+04 -3.938E+00 -3.669E+00 -2.281E+00
  1.2934250E+04 -5.329E+00 -4.812E+00 -2.083E+00
  1.2934750E+04 -4.877E+00 -4.551E+00 -1.877E+00
  1.2935250E+04 -4.789E+00 -4.515E+00 -2.337E+00
  1.2935750E+04 -4.265E+00 -3.944E+00 -2.142E+00
  1.2936250E+04 -3.747E+00 -3.365E+00 -9.438E-01
  1.2936750E+04 -3.558E+00 -3.490E+00 -2.723E+00
  1.2937250E+04 -3.961E+00 -3.784E+00 -2.340E+00
  1.2937750E+04 -4.244E+00 -4.286E+00 -3.286E+00
  1.2938250E+04 -4.355E+00 -4.026E+00 -2.061E+00
  1.2938750E+04 -4.415E+00 -4.097E+00 -1.951E+00
  1.2939250E+04 -4.003E+00 -3.782E+00 -2.170E+00
  1.2939750E+04 -5.059E+00 -4.798E+00 -2.718E+00
  1.2940250E+04 -4.717E+00 -4.462E+00 -2.677E+00
  1.2940750E+04 -4.094E+00 -3.896E+00 -2.364E+00
  1.2941250E+04 -4.881E+00 -4.452E+00 -2.029E+00
  1.2941750E+04 -4.480E+00 -4.216E+00 -2.769E+00
  1.2942250E+04 -4.127E+00 -4.108E+00 -3.023E+00
  1.2942750E+04 -3.353E+00 -2.852E+00 -2.879E+00
  1.2943250E+04 -4.016E+00 -3.741E+00 -2.864E+00
  1.2943750E+04 -3.954E+00 -3.659E+00 -1.277E+00
  1.2944250E+04 -4.886E+00 -4.449E+00 -2.136E+00
  1.2944750E+04 -3.894E+00 -3.594E+00 -1.600E+00
  1.2945250E+04 -3.868E+00 -3.793E+00 -2.116E+00
  1.2945750E+04 -4.694E+00 -4.529E+00 -2.781E+00
  1.2946250E+04 -4.182E+00 -3.938E+00 -1.855E+00
  1.2946750E+04 -3.731E+00 -3.688E+00 -2.730E+00
  1.2947250E+04 -4.590E+00 -4.501E+00 -2.901E+00
  1.2947750E+04 -3.963E+00 -3.900E+00 -2.069E+00
  1.2948250E+04 -4.027E+00 -3.848E+00 -1.953E+00
  1.2948750E+04 -4.106E+00 -3.997E+00 -1.452E+00
  1.2949250E+04 -3.760E+00 -3.676E+00 -2.778E+00
  1.2949750E+04 -3.577E+00 -3.621E+00 -2.871E+00
  1.2950250E+04 -4.385E+00 -3.966E+00 -1.175E+00
  1.2950750E+04 -4.091E+00 -3.799E+00 -2.149E+00
  1.2951250E+04 -3.921E+00 -3.811E+00 -2.189E+00
  1.2951750E+04 -2.852E+00 -3.160E+00 -1.721E+00
  1.2952250E+04 -4.160E+00 -4.023E+00 -3.502E+00
  1.2952750E+04 -4.691E+00 -3.719E+00 -2.336E+00
  1.2953250E+04 -4.436E+00 -3.944E+00 -1.347E+00
  1.2953750E+04 -4.358E+00 -3.971E+00 -1.968E+00
  1.2954250E+04 -3.938E+00 -3.775E+00 -2.336E+00
  1.2954750E+04 -3.682E+00 -3.576E+00 -1.899E+00
  1.2955250E+04 -4.375E+00 -4.379E+00 -2.742E+00
  1.2955750E+04 -3.199E+00 -3.184E+00 -2.139E+00
  1.2956250E+04 -4.434E+00 -4.143E+00 -1.857E+00
  1.2956750E+04 -4.692E+00 -4.202E+00 -1.451E+00
  1.2957250E+04 -3.398E+00 -3.283E+00 -2.474E+00
  1.2957750E+04 -3.709E+00 -3.832E+00 -3.127E+00
  1.2958250E+04 -3.999E+00 -3.789E+00 -2.175E+00
  1.2958750E+04 -3.429E+00 -3.116E+00 -9.019E-01
  1.2959250E+04 -4.333E+00 -3.720E+00 -1.480E+00
  1.2959750E+04 -4.369E+00 -4.045E+00 -2.173E+00
  1.2960250E+04 -4.149E+00 -3.942E+00 -2.734E+00
  1.2960750E+04 -3.114E+00 -2.893E+00 -2.258E+00
  1.2961250E+04 -3.602E+00 -3.496E+00 -2.765E+00
  1.2961750E+04 -4.616E+00 -4.304E+00 -2.081E+00
  1.2962250E+04 -3.536E+00 -3.297E+00 -2.188E+00
  1.2962750E+04 -2.817E+00 -2.782E+00 -2.873E+00
  1.2963250E+04 -3.901E+00 -3.955E+00 -2.664E+00
  1.2963750E+04 -3.519E+00 -3.394E+00 -1.960E+00
  1.2964250E+04 -3.570E+00 -3.181E+00 -1.060E+00
  1.2964750E+04 -4.148E+00 -3.948E+00 -1.770E+00
  1.2965250E+04 -4.030E+00 -3.389E+00 -1.165E+00
  1.2965750E+04 -4.073E+00 -3.643E+00 -1.324E+00
  1.2966250E+04 -3.437E+00 -3.330E+00 -2.311E+00
  1.2966750E+04 -3.367E+00 -3.815E+00 -2.943E+00
  1.2967250E+04 -4.708E+00 -4.474E+00 -2.248E+00
  1.2967750E+04 -4.025E+00 -4.029E+00 -2.999E+00
  1.2968250E+04 -4.332E+00 -4.098E+00 -2.246E+00
  1.2968750E+04 -4.220E+00 -4.042E+00 -2.206E+00
  1.2969250E+04 -3.005E+00 -2.977E+00 -1.708E+00
  1.2969750E+04 -4.175E+00 -3.964E+00 -2.595E+00
  1.2970250E+04 -4.437E+00 -4.201E+00 -2.662E+00
  1.2970750E+04 -3.358E+00 -3.225E+00 -2.070E+00
  1.2971250E+04 -3.730E+00 -3.695E+00 -2.557E+00
  1.2971750E+04 -2.836E+00 -2.703E+00 -1.609E+00
  1.2972250E+04 -3.553E+00 -3.483E+00 -2.358E+00
  1.2972750E+04 -3.751E+00 -3.451E+00 -1.436E+00
  1.2973250E+04 -3.321E+00 -3.178E+00 -1.943E+00
  1.2973750E+04 -4.492E+00 -4.315E+00 -2.700E+00
  1.2974250E+04 -2.991E+00 -3.049E+00 -2.470E+00
  1.2974750E+04 -3.582E+00 -3.295E+00 -1.659E+00
  1.2975250E+04 -4.064E+00 -3.693E+00 -1.525E+00
  1.2975750E+04 -3.596E+00 -3.281E+00 -1.138E+00
  1.2976250E+04 -3.971E+00 -3.678E+00 -2.224E+00
  1.2976750E+04 -3.694E+00 -3.391E+00 -2.030E+00
  1.2977250E+04 -3.421E+00 -3.263E+00 -2.307E+00
  1.2977750E+04 -3.725E+00 -3.355E+00 -1.564E+00
  1.2978250E+04 -3.680E+00 -3.555E+00 -2.916E+00
  1.2978750E+04 -3.591E+00 -3.540E+00 -2.160E+00
  1.2979250E+04 -3.877E+00 -3.634E+00 -1.620E+00
  1.2979750E+04 -3.507E+00 -3.466E+00 -1.792E+00
  1.2980250E+04 -3.149E+00 -2.679E+00 -8.681E-01
  1.2980750E+04 -3.008E+00 -2.903E+00 -1.815E+00
  1.2981250E+04 -2.826E+00 -2.651E+00 -1.100E+00
  1.2981750E+04 -3.778E+00 -3.567E+00 -2.082E+00
  1.2982250E+04 -3.932E+00 -3.644E+00 -1.751E+00
  1.2982750E+04 -4.098E+00 -3.790E+00 -1.368E+00
  1.2983250E+04 -3.935E+00 -3.794E+00 -2.217E+00
  1.2983750E+04 -4.019E+00 -3.437E+00 -2.400E+00
  1.2984250E+04 -3.030E+00 -2.794E+00 -1.195E+00
  1.2984750E+04 -3.489E+00 -3.205E+00 -1.250E+00
  1.2985250E+04 -3.820E+00 -3.513E+00 -1.678E+00
  1.2985750E+04 -3.696E+00 -3.624E+00 -2.115E+00
  1.2986250E+04 -3.227E+00 -3.532E+00 -2.538E+00
  1.2986750E+04 -3.066E+00 -2.972E+00 -2.177E+00
  1.2987250E+04 -3.117E+00 -2.956E+00 -2.045E+00
  1.2987750E+04 -3.654E+00 -3.527E+00 -2.416E+00
  1.2988250E+04 -4.032E+00 -3.741E+00 -2.046E+00
  1.2988750E+04 -3.975E+00 -3.600E+00 -1.488E+00
  1.2989250E+04 -3.626E+00 -3.193E+00 -1.122E+00
  1.2989750E+04 -2.992E+00 -2.891E+00 -1.084E+00
  1.2990250E+04 -3.377E+00 -3.160E+00 -1.764E+00
  1.2990750E+04 -3.276E+00 -3.295E+00 -2.817E+00
  1.2991250E+04 -3.269E+00 -3.195E+00 -2.153E+00
  1.2991750E+04 -3.234E+00 -3.331E+00 -2.947E+00
  1.2992250E+04 -3.327E+00 -3.191E+00 -2.127E+00
  1.2992750E+04 -3.348E+00 -3.059E+00 -9.642E-01
  1.2993250E+04 -3.236E+00 -2.974E+00 -1.919E+00
  1.2993750E+04 -3.109E+00 -3.055E+00 -3.069E+00
  1.2994250E+04 -3.482E+00 -3.215E+00 -1.432E+00
  1.2994750E+04 -3.308E+00 -3.327E+00 -1.392E+00
  1.2995250E+04 -3.245E+00 -2.982E+00 -1.091E+00
  1.2995750E+04 -3.732E+00 -3.493E+00 -1.593E+00
  1.2996250E+04 -3.597E+00 -3.288E+00 -1.296E+00
  1.2996750E+04 -2.934E+00 -3.021E+00 -2.372E+00
  1.2997250E+04 -3.239E+00 -3.134E+00 -2.033E+00
  1.2997750E+04 -3.246E+00 -3.212E+00 -2.316E+00
  1.2998250E+04 -3.123E+00 -2.809E+00 -5.980E-01
  1.2998750E+04 -2.763E+00 -3.015E+00 -3.081E+00
  1.2999250E+04 -2.951E+00 -3.012E+00 -1.614E+00
  1.2999750E+04 -2.346E+00 -2.351E+00 -2.268E+00
  1.3000250E+04 -3.253E+00 -3.006E+00 -1.368E+00
  1.3000750E+04 -3.683E+00 -3.378E+00 -1.749E+00
  1.3001250E+04 -3.164E+00 -2.939E+00 -1.642E+00
  1.3001750E+04 -3.299E+00 -3.075E+00 -1.633E+00
  1.3002250E+04 -3.310E+00 -3.175E+00 -1.649E+00
  1.3002750E+04 -3.013E+00 -2.788E+00 -1.569E+00
  1.3003250E+04 -2.772E+00 -2.645E+00 -1.341E+00
  1.3003750E+04 -3.932E+00 -3.575E+00 -1.534E+00
  1.3004250E+04 -3.887E+00 -3.518E+00 -1.816E+00
  1.3004750E+04 -3.523E+00 -3.427E+00 -2.127E+00
  1.3005250E+04 -3.301E+00 -2.945E+00 -9.657E-01
  1.3005750E+04 -3.928E+00 -3.445E+00 -4.600E-01
  1.3006250E+04 -3.001E+00 -2.819E+00 -1.776E+00
  1.3006750E+04 -3.077E+00 -3.137E+00 -2.476E+00
  1.3007250E+04 -3.253E+00 -2.855E+00 -2.077E+00
  1.3007750E+04 -2.884E+00 -2.940E+00 -2.351E+00
  1.3008250E+04 -3.266E+00 -2.877E+00 -1.214E+00
  1.3008750E+04 -3.256E+00 -3.230E+00 -2.054E+00
  1.3009250E+04 -2.389E+00 -2.310E+00 -1.149E+00
  1.3009750E+04 -3.522E+00 -3.212E+00 -1.060E+00
  1.3010250E+04 -3.414E+00 -3.034E+00 -1.010E+00
  1.3010750E+04 -3.894E+00 -3.419E+00 -1.277E+00
  1.3011250E+04 -2.367E+00 -2.509E+00 -2.388E+00
  1.3011750E+04 -2.093E+00 -2.123E+00 -1.968E+00
  1.3012250E+04 -1.834E+00 -1.916E+00 -1.224E+00
  1.3012750E+04 -3.080E+00 -2.926E+00 -1.723E+00
  1.3013250E+04 -2.494E+00 -2.420E+00 -1.454E+00
  1.3013750E+04 -4.071E+00 -3.425E+00 -4.524E-01
  1.3014250E+04 -3.424E+00 -3.233E+00 -1.792E+00
  1.3014750E+04 -2.754E+00 -2.501E+00 -1.166E+00
  1.3015250E+04 -2.095E+00 -2.218E+00 -2.372E+00
  1.3015750E+04 -3.405E+00 -3.184E+00 -1.726E+00
  1.3016250E+04 -3.223E+00 -2.914E+00 -1.449E+00
  1.3016750E+04 -2.562E+00 -2.488E+00 -1.349E+00
  1.3017250E+04 -3.072E+00 -2.884E+00 -1.415E+00
  1.3017750E+04 -2.845E+00 -2.653E+00 -1.161E+00
  1.3018250E+04 -3.256E+00 -2.890E+00 -8.114E-01
  1.3018750E+04 -3.510E+00 -3.367E+00 -1.881E+00
  1.3019250E+04 -3.209E+00 -3.028E+00 -1.408E+00
  1.3019750E+04 -2.999E+00 -2.884E+00 -1.304E+00
  1.3020250E+04 -2.198E+00 -2.186E+00 -1.636E+00
  1.3020750E+04 -2.898E+00 -2.611E+00 -1.542E+00
  1.3021250E+04 -3.493E+00 -3.207E+00 -1.402E+00
  1.3021750E+04 -2.725E+00 -2.572E+00 -1.333E+00
  1.3022250E+04 -2.576E+00 -2.764E+00 -2.842E+00
  1.3022750E+04 -3.084E+00 -2.904E+00 -1.719E+00
  1.3023250E+04 -2.758E+00 -2.548E+00 -1.297E+00
  1.3023750E+04 -3.209E+00 -3.187E+00 -2.213E+00
  1.3024250E+04 -2.474E+00 -2.644E+00 -2.597E+00
  1.3024750E+04 -2.619E+00 -2.571E+00 -1.784E+00
  1.3025250E+04 -3.611E+00 -3.281E+00 -1.292E+00
  1.3025750E+04 -3.409E+00 -3.288E+00 -1.857E+00
  1.3026250E+04 -2.647E+00 -2.526E+00 -1.058E+00
  1.3026750E+04 -2.176E+00 -2.097E+00 -1.473E+00
  1.3027250E+04 -2.496E+00 -2.395E+00 -2.124E+00
  1.3027750E+04 -3.046E+00 -2.849E+00 -1.388E+00
  1.3028250E+04 -3.619E+00 -3.361E+00 -2.012E+00
  1.3028750E+04 -3.461E+00 -3.235E+00 -2.062E+00
  1.3029250E+04 -2.511E+00 -2.312E+00 -6.795E-01
  1.3029750E+04 -2.195E+00 -2.008E+00 -2.961E-01
  1.3030250E+04 -2.668E+00 -2.708E+00 -2.427E+00
  1.3030750E+04 -2.434E+00 -2.375E+00 -1.787E+00
  1.3031250E+04 -2.704E+00 -2.663E+00 -1.511E+00
  1.3031750E+04 -3.937E+00 -3.559E+00 -1.250E+00
  1.3032250E+04 -2.563E+00 -2.705E+00 -2.235E+00
  1.3032750E+04 -2.596E+00 -2.465E+00 -1.487E+00
  1.3033250E+04 -3.133E+00 -2.999E+00 -1.988E+00
  1.3033750E+04 -2.935E+00 -2.763E+00 -1.558E+00
  1.3034250E+04 -2.184E+00 -2.280E+00 -1.427E+00
  1.3034750E+04 -1.835E+00 -1.926E+00 -1.982E+00
  1.3035250E+04 -2.884E+00 -2.500E+00 -1.459E+00
  1.3035750E+04 -2.750E+00 -2.872E+00 -1.891E+00
  1.3036250E+04 -3.233E+00 -2.614E+00 -3.635E-01
  1.3036750E+04 -2.907E+00 -2.692E+00 -1.686E+00
  1.3037250E+04 -2.933E+00 -2.747E+00 -1.562E+00
  1.3037750E+04 -2.420E+00 -2.211E+00 -1.556E+00
  1.3038250E+04 -3.430E+00 -2.985E+00 -8.004E-01
  1.3038750E+04 -3.048E+00 -2.841E+00 -1.008E+00
  1.3039250E+04 -2.309E+00 -2.152E+00 -1.221E+00
  1.3039750E+04 -2.965E+00 -2.817E+00 -1.546E+00
  1.3040250E+04 -2.591E+00 -2.526E+00 -1.464E+00
  1.3040750E+04 -3.477E+00 -3.249E+00 -1.802E+00
  1.3041250E+04 -2.827E+00 -2.626E+00 -1.317E+00
  1.3041750E+04 -2.651E+00 -2.569E+00 -1.539E+00
  1.3042250E+04 -3.173E+00 -2.946E+00 -1.027E+00
  1.3042750E+04 -3.008E+00 -2.758E+00 -1.119E+00
  1.3043250E+04 -1.978E+00 -2.031E+00 -1.767E+00
  1.3043750E+04 -2.312E+00 -2.418E+00 -2.208E+00
  1.3044250E+04 -2.579E+00 -2.632E+00 -2.116E+00
  1.3044750E+04 -2.602E+00 -2.432E+00 -1.164E+00
  1.3045250E+04 -2.592E+00 -2.562E+00 -1.798E+00
  1.3045750E+04 -3.092E+00 -2.895E+00 -9.068E-01
  1.3046250E+04 -2.836E+00 -2.550E+00 -8.136E-01
  1.3046750E+04 -2.695E+00 -2.553E+00 -1.745E+00
  1.3047250E+04 -2.552E+00 -2.727E+00 -2.746E+00
  1.3047750E+04 -2.402E+00 -2.411E+00 -1.929E+00
  1.3048250E+04 -2.539E+00 -2.371E+00 -9.709E-01
  1.3048750E+04 -2.754E+00 -2.508E+00 -1.205E+00
  1.3049250E+04 -2.862E+00 -2.338E+00 -1.100E+00
  1.3049750E+04 -2.477E+00 -2.214E+00 -7.815E-01
  1.3050250E+04 -3.187E+00 -2.816E+00 -1.123E+00
  1.3050750E+04 -2.457E+00 -2.606E+00 -1.685E+00
  1.3051250E+04 -2.489E+00 -2.650E+00 -1.587E+00
  1.3051750E+04 -3.201E+00 -2.996E+00 -1.762E+00
  1.3052250E+04 -2.532E+00 -2.447E+00 -1.774E+00
  1.3052750E+04 -2.494E+00 -2.377E+00 -1.488E+00
  1.3053250E+04 -2.249E+00 -2.426E+00 -2.210E+00
  1.3053750E+04 -2.597E+00 -2.253E+00 -2.216E-01
  1.3054250E+04 -2.790E+00 -2.302E+00 -1.140E+00
  1.3054750E+04 -2.541E+00 -2.277E+00 -8.663E-01
  1.3055250E+04 -2.336E+00 -2.126E+00 -9.756E-01
  1.3055750E+04 -1.751E+00 -1.778E+00 -2.273E+00
  1.3056250E+04 -2.324E+00 -2.149E+00 -1.545E+00
  1.3056750E+04 -2.639E+00 -2.583E+00 -1.372E+00
  1.3057250E+04 -1.835E+00 -1.901E+00 -1.474E+00
  1.3057750E+04 -2.068E+00 -2.187E+00 -1.407E+00
  1.3058250E+04 -2.590E+00 -2.534E+00 -1.561E+00
  1.3058750E+04 -2.753E+00 -2.646E+00 -1.618E+00
  1.3059250E+04 -2.350E+00 -2.275E+00 -1.834E+00
  1.3059750E+04 -2.541E+00 -2.445E+00 -1.864E+00
  1.3060250E+04 -2.681E+00 -2.536E+00 -1.665E+00
  1.3060750E+04 -3.156E+00 -2.993E+00 -1.576E+00
  1.3061250E+04 -2.741E+00 -2.509E+00 -9.511E-01
  1.3061750E+04 -2.600E+00 -2.442E+00 -1.454E+00
  1.3062250E+04 -2.243E+00 -2.145E+00 -1.048E+00
  1.3062750E+04 -2.582E+00 -2.241E+00 -1.212E+00
  1.3063250E+04 -2.029E+00 -1.670E+00 -4.538E-01
  1.3063750E+04 -2.397E+00 -2.096E+00 -7.598E-01
  1.3064250E+04 -2.508E+00 -2.357E+00 -1.405E+00
  1.3064750E+04 -2.346E+00 -2.422E+00 -1.733E+00
  1.3065250E+04 -2.982E+00 -2.691E+00 -1.426E+00
  1.3065750E+04 -2.409E+00 -2.256E+00 -1.319E+00
  1.3066250E+04 -1.863E+00 -1.847E+00 -1.019E+00
  1.3066750E+04 -2.436E+00 -2.405E+00 -1.726E+00
  1.3067250E+04 -2.137E+00 -2.052E+00 -1.438E+00
  1.3067750E+04 -2.626E+00 -2.395E+00 -6.068E-01
  1.3068250E+04 -2.508E+00 -2.321E+00 -1.316E+00
  1.3068750E+04 -1.993E+00 -2.037E+00 -1.601E+00
  1.3069250E+04 -2.193E+00 -2.227E+00 -1.614E+00
  1.3069750E+04 -2.746E+00 -2.378E+00 -6.966E-01
  1.3070250E+04 -2.484E+00 -2.209E+00 -9.018E-01
  1.3070750E+04 -2.423E+00 -2.373E+00 -1.528E+00
  1.3071250E+04 -2.073E+00 -2.111E+00 -1.624E+00
  1.3071750E+04 -2.624E+00 -2.549E+00 -1.840E+00
  1.3072250E+04 -2.457E+00 -2.395E+00 -1.636E+00
  1.3072750E+04 -3.022E+00 -2.754E+00 -9.716E-01
  1.3073250E+04 -2.297E+00 -2.319E+00 -1.602E+00
  1.3073750E+04 -2.125E+00 -2.302E+00 -2.385E+00
  1.3074250E+04 -1.956E+00 -2.039E+00 -1.758E+00
  1.3074750E+04 -2.859E+00 -2.675E+00 -1.382E+00
  1.3075250E+04 -2.291E+00 -2.099E+00 -8.238E-01
  1.3075750E+04 -2.450E+00 -2.035E+00 -4.117E-01
  1.3076250E+04 -2.985E+00 -2.547E+00 -1.782E-01
  1.3076750E+04 -1.897E+00 -1.902E+00 -1.708E+00
  1.3077250E+04 -1.793E+00 -2.023E+00 -2.440E+00
  1.3077750E+04 -2.455E+00 -2.382E+00 -1.231E+00
  1.3078250E+04 -2.766E+00 -2.549E+00 -1.211E+00
  1.3078750E+04 -2.722E+00 -2.428E+00 -8.802E-01
  1.3079250E+04 -2.851E+00 -2.667E+00 -1.467E+00
  1.3079750E+04 -2.532E+00 -2.418E+00 -1.557E+00
  1.3080250E+04 -2.183E+00 -2.152E+00 -1.612E+00
  1.3080750E+04 -2.696E+00 -2.451E+00 -8.090E-01
  1.3081250E+04 -2.086E+00 -2.060E+00 -1.360E+00
  1.3081750E+04 -2.148E+00 -2.157E+00 -1.592E+00
  1.3082250E+04 -2.232E+00 -2.084E+00 -1.030E+00
  1.3082750E+04 -2.219E+00 -2.188E+00 -1.516E+00
  1.3083250E+04 -1.959E+00 -1.917E+00 -1.226E+00
  1.3083750E+04 -2.611E+00 -2.416E+00 -1.377E+00
  1.3084250E+04 -2.580E+00 -2.428E+00 -1.343E+00
  1.3084750E+04 -2.150E+00 -2.141E+00 -1.682E+00
  1.3085250E+04 -1.812E+00 -1.726E+00 -8.989E-01
  1.3085750E+04 -2.067E+00 -1.937E+00 -1.432E+00
  1.3086250E+04 -1.752E+00 -1.594E+00 -9.597E-01
  1.3086750E+04 -2.073E+00 -2.099E+00 -1.639E+00
  1.3087250E+04 -2.121E+00 -2.093E+00 -1.025E+00
  1.3087750E+04 -1.663E+00 -1.920E+00 -1.215E+00
  1.3088250E+04 -2.028E+00 -1.924E+00 -1.443E+00
  1.3088750E+04 -1.551E+00 -1.497E+00 -1.578E+00
  1.3089250E+04 -2.286E+00 -2.010E+00 -8.580E-01
  1.3089750E+04 -2.122E+00 -2.060E+00 -1.533E+00
  1.3090250E+04 -2.775E+00 -2.554E+00 -9.610E-01
  1.3090750E+04 -2.240E+00 -2.078E+00 -9.114E-01
  1.3091250E+04 -2.583E+00 -2.323E+00 -1.091E+00
  1.3091750E+04 -1.855E+00 -1.665E+00 -1.439E-01
  1.3092250E+04 -1.642E+00 -1.887E+00 -1.786E+00
  1.3092750E+04 -2.135E+00 -2.110E+00 -1.425E+00
  1.3093250E+04 -2.229E+00 -2.120E+00 -1.387E+00
  1.3093750E+04 -2.335E+00 -2.182E+00 -1.123E+00
  1.3094250E+04 -2.647E+00 -2.408E+00 -1.263E+00
  1.3094750E+04 -1.837E+00 -1.610E+00 -6.204E-01
  1.3095250E+04 -1.465E+00 -1.392E+00 -9.243E-01
  1.3095750E+04 -2.630E+00 -2.569E+00 -1.916E+00
  1.3096250E+04 -2.106E+00 -2.033E+00 -1.232E+00
  1.3096750E+04 -2.725E+00 -1.930E+00 -3.519E-01
  1.3097250E+04 -2.545E+00 -2.231E+00 -1.409E+00
  1.3097750E+04 -3.058E+00 -2.787E+00 -1.159E+00
  1.3098250E+04 -2.435E+00 -2.403E+00 -1.532E+00
  1.3098750E+04 -2.243E+00 -1.930E+00 -6.158E-01
  1.3099250E+04 -2.351E+00 -2.276E+00 -5.847E-01
  1.3099750E+04 -1.748E+00 -1.783E+00 -1.140E+00
  1.3100250E+04 -1.928E+00 -1.864E+00 -1.128E+00
  1.3100750E+04 -2.213E+00 -2.284E+00 -2.038E+00
  1.3101250E+04 -1.880E+00 -1.892E+00 -1.579E+00
  1.3101750E+04 -2.178E+00 -2.332E+00 -1.340E+00
  1.3102250E+04 -2.255E+00 -2.239E+00 -1.346E+00
  1.3102750E+04 -2.014E+00 -2.102E+00 -1.863E+00
  1.3103250E+04 -2.111E+00 -2.168E+00 -1.598E+00
  1.3103750E+04 -1.597E+00 -1.414E+00 -1.285E+00
  1.3104250E+04 -2.011E+00 -1.704E+00 -4.229E-01
  1.3104750E+04 -2.064E+00 -1.970E+00 -9.738E-01
  1.3105250E+04 -1.682E+00 -1.611E+00 -7.414E-01
  1.3105750E+04 -1.913E+00 -1.850E+00 -1.503E+00
  1.3106250E+04 -1.086E+00 -7.909E-01 -8.158E-01
  1.3106750E+04 -2.531E+00 -2.224E+00 -6.431E-01
  1.3107250E+04 -1.945E+00 -2.008E+00 -1.555E+00
  1.3107750E+04 -2.129E+00 -2.021E+00 -1.163E+00
  1.3108250E+04 -1.999E+00 -1.927E+00 -1.045E+00
  1.3108750E+04 -2.370E+00 -2.180E+00 -1.422E+00
  1.3109250E+04 -1.720E+00 -1.650E+00 -1.337E+00
  1.3109750E+04 -2.216E+00 -2.044E+00 -5.730E-01
  1.3110250E+04 -2.191E+00 -1.921E+00 -5.124E-01
  1.3110750E+04 -2.375E+00 -2.020E+00 -1.022E+00
  1.3111250E+04 -1.921E+00 -1.881E+00 -1.147E+00
  1.3111750E+04 -1.864E+00 -1.903E+00 -1.795E+00
  1.3112250E+04 -2.218E+00 -2.117E+00 -1.522E+00
  1.3112750E+04 -1.868E+00 -2.141E+00 -1.392E+00
  1.3113250E+04 -2.225E+00 -2.200E+00 -1.655E+00
  1.3113750E+04 -1.768E+00 -1.811E+00 -1.357E+00
  1.3114250E+04 -2.545E+00 -2.419E+00 -8.632E-01
  1.3114750E+04 -1.977E+00 -2.010E+00 -1.371E+00
  1.3115250E+04 -1.425E+00 -1.269E+00 -3.393E-01
  1.3115750E+04 -2.473E+00 -2.191E+00 -4.404E-01
  1.3116250E+04 -2.044E+00 -1.877E+00 -1.125E+00
  1.3116750E+04 -1.897E+00 -1.703E+00 -7.905E-01
  1.3117250E+04 -1.831E+00 -1.854E+00 -9.955E-01
  1.3117750E+04 -2.015E+00 -2.010E+00 -1.453E+00
  1.3118250E+04 -1.820E+00 -1.755E+00 -1.296E+00
  1.3118750E+04 -2.078E+00 -1.865E+00 -5.752E-01
  1.3119250E+04 -2.539E+00 -2.053E+00 -4.616E-01
  1.3119750E+04 -2.339E+00 -2.300E+00 -1.444E+00
  1.3120250E+04 -1.805E+00 -1.630E+00 -5.677E-01
  1.3120750E+04 -1.961E+00 -2.022E+00 -1.683E+00
  1.3121250E+04 -2.068E+00 -2.088E+00 -1.763E+00
  1.3121750E+04 -1.329E+00 -1.288E+00 -8.959E-01
  1.3122250E+04 -2.274E+00 -2.044E+00 -9.899E-01
  1.3122750E+04 -1.938E+00 -1.936E+00 -1.319E+00
  1.3123250E+04 -1.921E+00 -1.702E+00 -2.535E-01
  1.3123750E+04 -1.762E+00 -1.640E+00 -1.051E+00
  1.3124250E+04 -1.956E+00 -1.897E+00 -9.593E-01
  1.3124750E+04 -1.898E+00 -1.943E+00 -1.589E+00
  1.3125250E+04 -1.520E+00 -1.496E+00 -1.135E+00
  1.3125750E+04 -2.511E+00 -2.290E+00 -1.116E+00
  1.3126250E+04 -1.775E+00 -1.706E+00 -7.792E-01
  1.3126750E+04 -1.648E+00 -1.636E+00 -1.356E+00
  1.3127250E+04 -1.501E+00 -1.390E+00 -7.092E-01
  1.3127750E+04 -1.555E+00 -1.535E+00 -7.747E-01
  1.3128250E+04 -1.699E+00 -1.698E+00 -1.081E+00
  1.3128750E+04 -1.678E+00 -1.834E+00 -1.688E+00
  1.3129250E+04 -2.613E+00 -2.564E+00 -1.141E+00
  1.3129750E+04 -2.062E+00 -1.640E+00 -8.790E-01
  1.3130250E+04 -1.433E+00 -1.452E+00 -1.491E+00
  1.3130750E+04 -2.287E+00 -2.091E+00 -1.149E+00
  1.3131250E+04 -1.979E+00 -1.902E+00 -1.312E+00
  1.3131750E+04 -1.964E+00 -1.840E+00 -1.365E+00
  1.3132250E+04 -1.741E+00 -1.550E+00 -5.779E-01
  1.3132750E+04 -1.315E+00 -1.419E+00 -1.215E+00
  1.3133250E+04 -1.188E+00 -1.241E+00 -9.941E-01
  1.3133750E+04 -2.078E+00 -1.911E+00 -1.206E+00
  1.3134250E+04 -1.913E+00 -1.790E+00 -5.935E-01
  1.3134750E+04 -1.728E+00 -1.524E+00 -7.590E-01
  1.3135250E+04 -1.607E+00 -1.600E+00 -1.290E+00
  1.3135750E+04 -1.978E+00 -1.873E+00 -9.826E-01
  1.3136250E+04 -2.382E+00 -2.261E+00 -1.021E+00
  1.3136750E+04 -2.383E+00 -2.386E+00 -1.161E+00
  1.3137250E+04 -2.097E+00 -1.759E+00 -2.646E-01
  1.3137750E+04 -1.240E+00 -1.631E+00 -1.257E+00
  1.3138250E+04 -1.655E+00 -1.467E+00 -3.090E-01
  1.3138750E+04 -1.782E+00 -1.538E+00 -1.029E+00
  1.3139250E+04 -2.105E+00 -2.144E+00 -1.415E+00
  1.3139750E+04 -1.760E+00 -1.675E+00 -4.939E-01
  1.3140250E+04 -1.773E+00 -1.768E+00 -1.362E+00
  1.3140750E+04 -1.368E+00 -1.589E+00 -1.719E+00
  1.3141250E+04 -1.612E+00 -1.529E+00 -9.542E-01
  1.3141750E+04 -1.394E+00 -1.394E+00 -1.326E+00
  1.3142250E+04 -1.731E+00 -1.752E+00 -8.212E-01
  1.3142750E+04 -1.727E+00 -1.616E+00 -1.292E+00
  1.3143250E+04 -1.729E+00 -1.690E+00 -1.510E+00
  1.3143750E+04 -1.491E+00 -1.499E+00 -1.151E+00
  1.3144250E+04 -1.834E+00 -1.641E+00 -5.657E-01
  1.3144750E+04 -2.290E+00 -1.964E+00 -5.401E-01
  1.3145250E+04 -2.150E+00 -2.063E+00 -6.241E-01
  1.3145750E+04 -1.639E+00 -1.653E+00 -9.970E-01
  1.3146250E+04 -1.936E+00 -1.839E+00 -8.181E-01
  1.3146750E+04 -1.658E+00 -1.696E+00 -1.443E+00
  1.3147250E+04 -1.974E+00 -1.939E+00 -1.946E+00
  1.3147750E+04 -1.937E+00 -1.746E+00 -8.995E-01
  1.3148250E+04 -1.829E+00 -1.664E+00 -2.925E-01
  1.3148750E+04 -1.888E+00 -1.629E+00 -3.489E-01
  1.3149250E+04 -1.484E+00 -1.507E+00 -9.732E-01
  1.3149750E+04 -1.509E+00 -1.458E+00 -1.036E+00
  1.3150250E+04 -1.752E+00 -1.708E+00 -8.676E-01
  1.3150750E+04 -1.924E+00 -1.755E+00 -4.064E-01
  1.3151250E+04 -1.768E+00 -1.752E+00 -1.802E+00
  1.3151750E+04 -2.026E+00 -1.691E+00 -5.555E-01
  1.3152250E+04 -1.603E+00 -1.430E+00 -6.319E-01
  1.3152750E+04 -1.577E+00 -1.698E+00 -1.721E+00
  1.3153250E+04 -2.342E+00 -2.086E+00 -8.667E-01
  1.3153750E+04 -2.078E+00 -1.972E+00 -9.285E-01
  1.3154250E+04 -8.529E-01 -8.435E-01 -7.441E-01
  1.3154750E+04 -1.834E+00 -1.556E+00 -6.384E-01
  1.3155250E+04 -2.070E+00 -1.945E+00 -1.039E+00
  1.3155750E+04 -1.515E+00 -1.442E+00 -3.801E-01
  1.3156250E+04 -1.641E+00 -1.649E+00 -1.165E+00
  1.3156750E+04 -2.202E+00 -1.996E+00 -8.620E-01
  1.3157250E+04 -1.639E+00 -1.454E+00 -5.583E-01
  1.3157750E+04 -1.511E+00 -1.463E+00 -8.037E-01
  1.3158250E+04 -1.625E+00 -1.489E+00 -4.290E-01
  1.3158750E+04 -1.632E+00 -1.487E+00 -8.003E-01
  1.3159250E+04 -1.380E+00 -1.442E+00 -1.633E+00
  1.3159750E+04 -1.165E+00 -9.745E-01 -2.815E-01
  1.3160250E+04 -1.609E+00 -1.702E+00 -1.674E+00
  1.3160750E+04 -1.770E+00 -1.770E+00 -1.250E+00
  1.3161250E+04 -1.695E+00 -1.745E+00 -1.026E+00
  1.3161750E+04 -1.776E+00 -1.695E+00 -9.930E-01
  1.3162250E+04 -1.999E+00 -1.652E+00 -5.693E-01
  1.3162750E+04 -9.744E-01 -1.273E+00 -1.452E+00
  1.3163250E+04 -1.794E+00 -1.654E+00 -8.695E-01
  1.3163750E+04 -1.890E+00 -1.685E+00 -5.702E-01
  1.3164250E+04 -1.648E+00 -1.680E+00 -1.019E+00
  1.3164750E+04 -9.179E-01 -1.032E+00 -9.700E-01
  1.3165250E+04 -1.604E+00 -1.732E+00 -1.258E+00
  1.3165750E+04 -1.505E+00 -1.392E+00 -9.745E-01
  1.3166250E+04 -1.513E+00 -1.360E+00 -6.995E-01
  1.3166750E+04 -1.585E+00 -1.385E+00 -4.016E-01
  1.3167250E+04 -1.652E+00 -1.599E+00 -9.277E-01
  1.3167750E+04 -1.747E+00 -1.722E+00 -1.242E+00
  1.3168250E+04 -1.770E+00 -1.681E+00 -9.262E-01
  1.3168750E+04 -1.801E+00 -1.788E+00 -1.427E+00
  1.3169250E+04 -1.885E+00 -1.863E+00 -5.843E-01
  1.3169750E+04 -1.991E+00 -1.708E+00 -2.749E-01
  1.3170250E+04 -1.392E+00 -1.398E+00 -8.744E-01
  1.3170750E+04 -1.658E+00 -1.560E+00 -8.507E-01
  1.3171250E+04 -1.648E+00 -1.463E+00 -6.329E-01
  1.3171750E+04 -2.107E+00 -1.899E+00 -8.990E-01
  1.3172250E+04 -1.589E+00 -1.309E+00 -3.727E-01
  1.3172750E+04 -1.469E+00 -1.336E+00 -5.285E-01
  1.3173250E+04 -1.161E+00 -1.206E+00 -8.321E-01
  1.3173750E+04 -9.892E-01 -1.114E+00 -1.080E+00
  1.3174250E+04 -1.162E+00 -1.051E+00 -5.684E-01
  1.3174750E+04 -1.905E+00 -1.850E+00 -1.223E+00
  1.3175250E+04 -1.400E+00 -1.532E+00 -1.360E+00
  1.3175750E+04 -1.281E+00 -1.311E+00 -1.231E+00
  1.3176250E+04 -2.027E+00 -1.808E+00 -5.230E-01
  1.3176750E+04 -1.955E+00 -1.852E+00 -1.274E+00
  1.3177250E+04 -1.696E+00 -1.527E+00 -1.673E-01
  1.3177750E+04 -1.396E+00 -1.367E+00 -8.927E-01
  1.3178250E+04 -1.773E+00 -1.746E+00 -1.226E+00
  1.3178750E+04 -1.305E+00 -1.098E+00 -2.748E-01
  1.3179250E+04 -1.192E+00 -1.226E+00 -9.062E-01
  1.3179750E+04 -1.142E+00 -1.219E+00 -1.005E+00
  1.3180250E+04 -1.770E+00 -1.722E+00 -1.030E+00
  1.3180750E+04 -1.097E+00 -1.039E+00 -5.953E-01
  1.3181250E+04 -1.478E+00 -1.278E+00 -1.020E-01
  1.3181750E+04 -2.125E+00 -1.859E+00 -6.614E-01
  1.3182250E+04 -1.614E+00 -1.477E+00 -6.367E-01
  1.3182750E+04 -1.354E+00 -1.274E+00 -6.138E-01
  1.3183250E+04 -8.097E-01 -1.006E+00 -1.360E+00
  1.3183750E+04 -1.537E+00 -1.552E+00 -8.425E-01
  1.3184250E+04 -1.604E+00 -1.543E+00 -7.174E-01
  1.3184750E+04 -1.787E+00 -1.556E+00 -6.927E-01
  1.3185250E+04 -1.911E+00 -1.565E+00  1.898E-01
  1.3185750E+04 -1.599E+00 -1.630E+00 -1.260E+00
  1.3186250E+04 -1.937E+00 -1.770E+00 -1.008E+00
  1.3186750E+04 -1.010E+00 -9.916E-01 -9.927E-01
  1.3187250E+04 -1.589E+00 -1.471E+00 -8.032E-01
  1.3187750E+04 -1.678E+00 -1.605E+00 -8.432E-01
  1.3188250E+04 -1.769E+00 -1.787E+00 -1.544E+00
  1.3188750E+04 -1.062E+00 -1.126E+00 -1.170E+00
  1.3189250E+04 -1.289E+00 -1.261E+00 -6.122E-01
  1.3189750E+04 -1.654E+00 -1.547E+00 -8.620E-01
  1.3190250E+04 -2.319E+00 -2.098E+00 -9.855E-01
  1.3190750E+04 -1.655E+00 -1.584E+00 -6.392E-01
  1.3191250E+04 -1.130E+00 -1.092E+00 -6.334E-01
  1.3191750E+04 -1.097E+00 -1.032E+00 -3.682E-01
  1.3192250E+04 -1.558E+00 -1.396E+00 -7.132E-01
  1.3192750E+04 -1.667E+00 -1.511E+00 -7.096E-01
  1.3193250E+04 -1.059E+00 -1.132E+00 -1.030E+00
  1.3193750E+04 -1.558E+00 -1.473E+00 -9.625E-01
  1.3194250E+04 -1.222E+00 -1.271E+00 -1.054E+00
  1.3194750E+04 -1.341E+00 -1.251E+00 -9.199E-02
  1.3195250E+04 -1.728E+00 -1.597E+00 -1.156E+00
  1.3195750E+04 -1.659E+00 -1.739E+00 -1.088E+00
  1.3196250E+04 -1.668E+00 -1.569E+00 -7.130E-01
  1.3196750E+04 -1.482E+00 -1.233E+00 -5.110E-01
  1.3197250E+04 -1.099E+00 -9.687E-01 -8.050E-01
  1.3197750E+04 -1.406E+00 -1.310E+00 -7.291E-01
  1.3198250E+04 -1.573E+00 -1.742E+00 -1.672E+00
  1.3198750E+04 -1.941E+00 -1.864E+00 -9.963E-01
  1.3199250E+04 -1.311E+00 -1.256E+00 -6.954E-01
  1.3199750E+04 -1.320E+00 -1.357E+00 -1.113E+00
  1.3200250E+04 -1.914E+00 -1.834E+00 -7.911E-01
  1.3200750E+04 -1.685E+00 -1.597E+00 -8.035E-01
  1.3201250E+04 -1.702E+00 -1.577E+00 -6.473E-01
  1.3201750E+04 -9.593E-01 -8.179E-01 -4.812E-01
  1.3202250E+04 -1.752E+00 -1.490E+00 -3.821E-01
  1.3202750E+04 -9.348E-01 -8.874E-01 -2.792E-01
  1.3203250E+04 -9.767E-01 -8.829E-01 -2.524E-01
  1.3203750E+04 -1.699E+00 -1.686E+00 -9.257E-01
  1.3204250E+04 -1.662E+00 -1.626E+00 -7.822E-01
  1.3204750E+04 -8.125E-01 -8.698E-01 -1.178E+00
  1.3205250E+04 -1.572E+00 -1.579E+00 -1.189E+00
  1.3205750E+04 -1.472E+00 -1.414E+00 -1.082E+00
  1.3206250E+04 -1.131E+00 -1.064E+00 -6.098E-01
  1.3206750E+04 -1.472E+00 -1.298E+00 -5.070E-01
  1.3207250E+04 -1.249E+00 -1.170E+00 -6.812E-01
  1.3207750E+04 -1.186E+00 -1.049E+00 -2.944E-01
  1.3208250E+04 -1.313E+00 -1.324E+00 -9.374E-01
  1.3208750E+04 -1.380E+00 -1.310E+00 -8.532E-01
  1.3209250E+04 -1.854E+00 -1.786E+00 -1.181E+00
  1.3209750E+04 -1.592E+00 -1.549E+00 -1.059E+00
  1.3210250E+04 -9.002E-01 -1.032E+00 -1.137E+00
  1.3210750E+04 -8.074E-01 -6.087E-01 -4.108E-01
  1.3211250E+04 -1.304E+00 -9.821E-01 -6.005E-01
  1.3211750E+04 -1.669E+00 -1.595E+00 -6.176E-01
  1.3212250E+04 -1.327E+00 -1.452E+00 -1.064E+00
  1.3212750E+04 -1.070E+00 -9.820E-01 -3.852E-01
  1.3213250E+04 -9.771E-01 -8.933E-01 -6.486E-01
  1.3213750E+04 -9.516E-01 -7.784E-01 -5.870E-01
  1.3214250E+04 -1.538E+00 -1.354E+00 -2.968E-01
  1.3214750E+04 -1.059E+00 -1.296E+00 -1.324E+00
  1.3215250E+04 -1.367E+00 -1.149E+00 -2.753E-01
  1.3215750E+04 -1.191E+00 -1.261E+00 -1.091E+00
  1.3216250E+04 -1.997E+00 -1.861E+00 -9.154E-01
  1.3216750E+04 -1.392E+00 -1.367E+00 -9.738E-01
  1.3217250E+04 -1.209E+00 -1.230E+00 -9.235E-01
  1.3217750E+04 -1.145E+00 -1.085E+00 -6.203E-02
  1.3218250E+04 -6.701E-01 -7.772E-01 -8.414E-01
  1.3218750E+04 -1.632E+00 -1.450E+00 -4.533E-01
  1.3219250E+04 -1.463E+00 -1.454E+00 -8.052E-01
  1.3219750E+04 -1.651E+00 -1.462E+00 -8.478E-01
  1.3220250E+04 -1.433E+00 -1.528E+00 -7.927E-01
  1.3220750E+04 -1.839E+00 -1.745E+00 -1.140E+00
  1.3221250E+04 -1.195E+00 -1.124E+00 -8.449E-01
  1.3221750E+04 -1.109E+00 -1.026E+00 -8.875E-01
  1.3222250E+04 -8.990E-01 -9.544E-01 -8.494E-01
  1.3222750E+04 -1.933E+00 -1.495E+00 -1.150E-01
  1.3223250E+04 -1.804E+00 -1.473E+00 -8.573E-02
  1.3223750E+04 -1.244E+00 -1.277E+00 -8.380E-01
  1.3224250E+04 -1.194E+00 -1.173E+00 -6.870E-01
  1.3224750E+04 -1.440E+00 -1.347E+00 -5.406E-01
  1.3225250E+04 -1.451E+00 -1.570E+00 -1.258E+00
  1.3225750E+04 -1.523E+00 -1.387E+00 -8.866E-01
  1.3226250E+04 -1.331E+00 -1.243E+00 -5.298E-01
  1.3226750E+04 -1.639E+00 -1.382E+00 -4.548E-01
  1.3227250E+04 -8.504E-01 -9.436E-01 -1.054E+00
