 -4.8262500E+03  6.132E-02  6.414E-02  3.752E-02
 -4.8257500E+03  3.662E-03  9.500E-03  2.576E-02
 -4.8252500E+03  1.852E-01  1.890E-01  9.518E-02
 -4.8247500E+03 -7.717E-03 -3.155E-04  2.573E-02
 -4.8242500E+03  9.030E-02  9.440E-02  5.567E-02
 -4.8237500E+03  8.129E-02  4.365E-02 -1.148E-01
 -4.8232500E+03 -2.195E-02 -1.983E-02 -1.201E-03
 -4.8227500E+03  1.779E-02  1.653E-03 -5.632E-02
 -4.8222500E+03  1.115E-01  9.926E-02  1.419E-03
 -4.8217500E+03 -1.118E-02  2.128E-02  1.231E-01
 -4.8212500E+03  9.610E-02  1.042E-01  7.296E-02
 -4.8207500E+03  6.975E-02  5.808E-02 -1.690E-02
 -4.8202500E+03  6.811E-02  8.814E-02  1.087E-01
 -4.8197500E+03  1.977E-01  1.737E-01 -1.004E-02
 -4.8192500E+03  9.390E-03  2.844E-02  7.998E-02
 -4.8187500E+03 -3.830E-02 -2.143E-02  4.983E-02
 -4.8182500E+03  9.183E-02  1.053E-01  9.234E-02
 -4.8177500E+03  6.072E-02  5.232E-02 -7.420E-03
 -4.8172500E+03  1.647E-01  1.788E-01  1.308E-01
 -4.8167500E+03  3.120E-02  5.655E-02  1.117E-01
 -4.8162500E+03  2.683E-01  2.554E-01  6.104E-02
 -4.8157500E+03  1.116E-01  9.587E-02 -1.476E-02
 -4.8152500E+03  1.364E-01  1.823E-01  2.398E-01
 -4.8147500E+03  1.641E-01  1.522E-01  2.143E-02
 -4.8142500E+03  1.384E-01  1.346E-01  4.142E-02
 -4.8137500E+03 -1.108E-02 -5.123E-02 -1.628E-01
 -4.8132500E+03  3.979E-01  4.301E-01  2.956E-01
 -4.8127500E+03 -1.065E-01 -9.027E-02  1.636E-02
 -4.8122500E+03  2.420E-01  2.168E-01  2.358E-03
 -4.8117500E+03 -2.575E-02  6.802E-02  3.607E-01
 -4.8112500E+03  5.587E-02  1.187E-01  2.708E-01
 -4.8107500E+03  9.653E-02  1.293E-01  1.695E-01
 -4.8102500E+03  3.186E-01  2.977E-01  4.894E-02
 -4.8097500E+03  4.728E-01  4.056E-01 -6.874E-02
 -4.8092500E+03  3.392E-01  3.987E-01  3.760E-01
 -4.8087500E+03  3.848E-01  3.200E-01 -9.358E-02
 -4.8082500E+03 -2.708E-01 -2.624E-01 -7.914E-02
 -4.8077500E+03  2.613E-01  3.463E-01  4.431E-01
 -4.8072500E+03  4.408E-01  4.289E-01  1.332E-01
 -4.8067500E+03  1.906E-01  2.312E-01  2.336E-01
 -4.8062500E+03  6.013E-01  5.897E-01  1.978E-01
 -4.8057500E+03  1.019E-01  9.916E-02  2.994E-02
 -4.8052500E+03  1.817E-01  1.699E-01  3.092E-02
 -4.8047500E+03  5.991E-02  1.228E-01  2.684E-01
 -4.8042500E+03  7.060E-01  7.410E-01  4.232E-01
 -4.8037500E+03  5.335E-01  5.024E-01  9.364E-02
 -4.8032500E+03  4.448E-01  4.591E-01  2.380E-01
 -4.8027500E+03  3.002E-01  3.064E-01  1.445E-01
 -4.8022500E+03  4.308E-01  4.863E-01  3.982E-01
 -4.8017500E+03  6.570E-01  6.159E-01  1.059E-01
 -4.8012500E+03  2.959E-01  2.757E-01  4.009E-02
 -4.8007500E+03  5.011E-01  5.601E-01  4.399E-01
 -4.8002500E+03  4.944E-01  4.321E-01 -4.788E-02
 -4.7997500E+03  1.582E-01  1.285E-01 -5.562E-02
 -4.7992500E+03 -1.373E-01 -4.090E-03  4.714E-01
 -4.7987500E+03  9.452E-01  1.061E+00  8.365E-01
 -4.7982500E+03  4.799E-01  5.057E-01  2.925E-01
 -4.7977500E+03  5.391E-01  4.950E-01  3.835E-02
 -4.7972500E+03  3.127E-01  3.786E-01  3.856E-01
 -4.7967500E+03  1.178E+00  1.179E+00  4.727E-01
 -4.7962500E+03  8.625E-01  8.522E-01  3.040E-01
 -4.7957500E+03  5.170E-01  6.180E-01  6.033E-01
 -4.7952500E+03  7.551E-01  8.282E-01  5.864E-01
 -4.7947500E+03  7.450E-01  7.523E-01  3.193E-01
 -4.7942500E+03  8.252E-01  8.303E-01  3.425E-01
 -4.7937500E+03  2.018E-01  2.579E-01  2.993E-01
 -4.7932500E+03  5.965E-01  6.110E-01  2.932E-01
 -4.7927500E+03  1.312E+00  1.328E+00  5.817E-01
 -4.7922500E+03  4.822E-01  4.447E-01  4.200E-02
 -4.7917500E+03  6.178E-01  6.403E-01  3.328E-01
 -4.7912500E+03  7.034E-01  8.969E-01  1.041E+00
 -4.7907500E+03  1.245E+00  1.216E+00  3.759E-01
 -4.7902500E+03  1.003E+00  1.296E+00  1.548E+00
 -4.7897500E+03  7.679E-01  7.254E-01  1.267E-01
 -4.7892500E+03  1.053E+00  1.028E+00  3.062E-01
 -4.7887500E+03  1.242E+00  1.284E+00  6.493E-01
 -4.7882500E+03  5.702E-01  7.372E-01  8.774E-01
 -4.7877500E+03  1.453E+00  1.496E+00  7.307E-01
 -4.7872500E+03  9.170E-01  9.855E-01  6.202E-01
 -4.7867500E+03  1.627E+00  1.703E+00  9.258E-01
 -4.7862500E+03  7.939E-01  8.097E-01  3.625E-01
 -4.7857500E+03  9.352E-01  1.063E+00  8.611E-01
 -4.7852500E+03  1.421E+00  1.496E+00  8.312E-01
 -4.7847500E+03  1.413E+00  1.414E+00  5.439E-01
 -4.7842500E+03  1.858E+00  1.984E+00  1.207E+00
 -4.7837500E+03  1.676E+00  1.721E+00  8.184E-01
 -4.7832500E+03  1.970E+00  1.977E+00  7.957E-01
 -4.7827500E+03  1.917E+00  1.766E+00  1.246E-01
 -4.7822500E+03  1.339E+00  1.552E+00  1.342E+00
 -4.7817500E+03  1.365E+00  1.287E+00  2.074E-01
 -4.7812500E+03  1.549E+00  1.683E+00  1.100E+00
 -4.7807500E+03  1.225E+00  1.409E+00  1.190E+00
 -4.7802500E+03  2.112E+00  2.359E+00  1.768E+00
 -4.7797500E+03  2.354E+00  2.618E+00  1.919E+00
 -4.7792500E+03  1.891E+00  2.088E+00  1.472E+00
 -4.7787500E+03  1.058E+00  1.273E+00  1.250E+00
 -4.7782500E+03  2.764E+00  2.890E+00  1.545E+00
 -4.7777500E+03  2.357E+00  2.253E+00  4.168E-01
 -4.7772500E+03  3.260E+00  3.403E+00  1.772E+00
 -4.7767500E+03  2.661E+00  2.896E+00  1.915E+00
 -4.7762500E+03  3.718E+00  3.802E+00  1.722E+00
 -4.7757500E+03  2.602E+00  2.597E+00  9.385E-01
 -4.7752500E+03  3.230E+00  3.501E+00  2.249E+00
 -4.7747500E+03  3.147E+00  3.479E+00  2.442E+00
 -4.7742500E+03  3.891E+00  4.135E+00  2.376E+00
 -4.7737500E+03  3.043E+00  3.156E+00  1.485E+00
 -4.7732500E+03  3.215E+00  3.276E+00  1.380E+00
 -4.7727500E+03  3.150E+00  3.366E+00  1.893E+00
 -4.7722500E+03  3.836E+00  4.153E+00  2.649E+00
 -4.7717500E+03  2.279E+00  2.497E+00  1.681E+00
 -4.7712500E+03  4.477E+00  4.716E+00  2.789E+00
 -4.7707500E+03  4.565E+00  4.797E+00  2.639E+00
 -4.7702500E+03  4.880E+00  4.694E+00  1.056E+00
 -4.7697500E+03  3.686E+00  3.954E+00  2.385E+00
 -4.7692500E+03  2.997E+00  3.379E+00  2.573E+00
 -4.7687500E+03  4.154E+00  4.442E+00  2.636E+00
 -4.7682500E+03  4.643E+00  4.872E+00  2.580E+00
 -4.7677500E+03  5.287E+00  5.294E+00  1.945E+00
 -4.7672500E+03  5.168E+00  5.416E+00  2.817E+00
 -4.7667500E+03  4.574E+00  5.238E+00  4.233E+00
 -4.7662500E+03  4.950E+00  5.397E+00  3.501E+00
 -4.7657500E+03  5.042E+00  5.301E+00  2.828E+00
 -4.7652500E+03  7.246E+00  7.390E+00  3.162E+00
 -4.7647500E+03  4.749E+00  4.981E+00  2.609E+00
 -4.7642500E+03  5.881E+00  6.519E+00  4.564E+00
 -4.7637500E+03  5.188E+00  5.229E+00  2.006E+00
 -4.7632500E+03  3.845E+00  4.431E+00  3.644E+00
 -4.7627500E+03  5.831E+00  6.278E+00  3.811E+00
 -4.7622500E+03  6.109E+00  7.009E+00  5.691E+00
 -4.7617500E+03  8.120E+00  8.529E+00  4.478E+00
 -4.7612500E+03  5.512E+00  5.465E+00  1.555E+00
 -4.7607500E+03  8.905E+00  9.026E+00  3.596E+00
 -4.7602500E+03  8.394E+00  8.934E+00  5.036E+00
 -4.7597500E+03  6.158E+00  6.992E+00  5.370E+00
 -4.7592500E+03  8.844E+00  8.875E+00  3.219E+00
 -4.7587500E+03  7.435E+00  7.625E+00  3.321E+00
 -4.7582500E+03  7.681E+00  7.841E+00  3.355E+00
 -4.7577500E+03  7.112E+00  7.535E+00  4.150E+00
 -4.7572500E+03  6.254E+00  7.119E+00  5.574E+00
 -4.7567500E+03  9.440E+00  9.999E+00  5.458E+00
 -4.7562500E+03  1.115E+01  1.113E+01  3.794E+00
 -4.7557500E+03  8.865E+00  9.353E+00  4.925E+00
 -4.7552500E+03  8.229E+00  8.411E+00  3.548E+00
 -4.7547500E+03  8.142E+00  8.565E+00  4.423E+00
 -4.7542500E+03  7.320E+00  8.386E+00  6.663E+00
 -4.7537500E+03  9.616E+00  1.023E+01  5.677E+00
 -4.7532500E+03  8.777E+00  9.843E+00  7.116E+00
 -4.7527500E+03  1.107E+01  1.149E+01  5.417E+00
 -4.7522500E+03  1.305E+01  1.367E+01  6.843E+00
 -4.7517500E+03  9.855E+00  1.051E+01  5.866E+00
 -4.7512500E+03  1.037E+01  1.073E+01  4.905E+00
 -4.7507500E+03  1.021E+01  1.086E+01  6.010E+00
 -4.7502500E+03  1.162E+01  1.195E+01  5.214E+00
 -4.7497500E+03  1.278E+01  1.374E+01  8.031E+00
 -4.7492500E+03  1.332E+01  1.459E+01  9.406E+00
 -4.7487500E+03  1.305E+01  1.366E+01  6.771E+00
 -4.7482500E+03  1.346E+01  1.404E+01  6.787E+00
 -4.7477500E+03  1.258E+01  1.385E+01  9.081E+00
 -4.7472500E+03  1.558E+01  1.620E+01  7.606E+00
 -4.7467500E+03  1.220E+01  1.251E+01  5.277E+00
 -4.7462500E+03  1.197E+01  1.228E+01  5.183E+00
 -4.7457500E+03  1.539E+01  1.590E+01  7.143E+00
 -4.7452500E+03  1.328E+01  1.409E+01  7.559E+00
 -4.7447500E+03  1.041E+01  1.193E+01  9.362E+00
 -4.7442500E+03  1.554E+01  1.627E+01  7.938E+00
 -4.7437500E+03  1.388E+01  1.544E+01  1.063E+01
 -4.7432500E+03  1.572E+01  1.687E+01  9.647E+00
 -4.7427500E+03  1.589E+01  1.655E+01  7.784E+00
 -4.7422500E+03  1.554E+01  1.634E+01  8.210E+00
 -4.7417500E+03  1.528E+01  1.604E+01  7.927E+00
 -4.7412500E+03  1.621E+01  1.736E+01  9.726E+00
 -4.7407500E+03  1.700E+01  1.796E+01  9.286E+00
 -4.7402500E+03  1.674E+01  1.815E+01  1.085E+01
 -4.7397500E+03  2.015E+01  2.053E+01  8.043E+00
 -4.7392500E+03  2.033E+01  2.131E+01  1.038E+01
 -4.7387500E+03  1.912E+01  2.021E+01  1.038E+01
 -4.7382500E+03  1.666E+01  1.845E+01  1.229E+01
 -4.7377500E+03  2.077E+01  2.215E+01  1.203E+01
 -4.7372500E+03  1.889E+01  1.994E+01  1.014E+01
 -4.7367500E+03  1.755E+01  1.873E+01  1.017E+01
 -4.7362500E+03  2.166E+01  2.191E+01  7.873E+00
 -4.7357500E+03  1.878E+01  2.004E+01  1.088E+01
 -4.7352500E+03  1.806E+01  1.955E+01  1.149E+01
 -4.7347500E+03  2.114E+01  2.266E+01  1.254E+01
 -4.7342500E+03  1.984E+01  2.087E+01  1.027E+01
 -4.7337500E+03  2.132E+01  2.240E+01  1.093E+01
 -4.7332500E+03  2.048E+01  2.216E+01  1.296E+01
 -4.7327500E+03  2.243E+01  2.370E+01  1.197E+01
 -4.7322500E+03  2.390E+01  2.552E+01  1.373E+01
 -4.7317500E+03  2.409E+01  2.620E+01  1.572E+01
 -4.7312500E+03  2.499E+01  2.606E+01  1.194E+01
 -4.7307500E+03  2.567E+01  2.689E+01  1.275E+01
 -4.7302500E+03  2.454E+01  2.659E+01  1.559E+01
 -4.7297500E+03  2.722E+01  2.742E+01  9.224E+00
 -4.7292500E+03  2.573E+01  2.749E+01  1.476E+01
 -4.7287500E+03  2.578E+01  2.739E+01  1.418E+01
 -4.7282500E+03  2.642E+01  2.757E+01  1.257E+01
 -4.7277500E+03  2.670E+01  2.813E+01  1.371E+01
 -4.7272500E+03  2.350E+01  2.597E+01  1.673E+01
 -4.7267500E+03  2.868E+01  3.019E+01  1.462E+01
 -4.7262500E+03  2.824E+01  2.917E+01  1.223E+01
 -4.7257500E+03  2.729E+01  2.870E+01  1.382E+01
 -4.7252500E+03  2.716E+01  2.923E+01  1.623E+01
 -4.7247500E+03  2.811E+01  3.024E+01  1.668E+01
 -4.7242500E+03  3.115E+01  3.215E+01  1.337E+01
 -4.7237500E+03  2.904E+01  3.090E+01  1.595E+01
 -4.7232500E+03  2.563E+01  2.832E+01  1.807E+01
 -4.7227500E+03  2.855E+01  3.090E+01  1.770E+01
 -4.7222500E+03  2.560E+01  2.760E+01  1.535E+01
 -4.7217500E+03  2.886E+01  3.084E+01  1.629E+01
 -4.7212500E+03  2.991E+01  3.168E+01  1.577E+01
 -4.7207500E+03  3.083E+01  3.325E+01  1.850E+01
 -4.7202500E+03  3.295E+01  3.546E+01  1.941E+01
 -4.7197500E+03  3.474E+01  3.575E+01  1.425E+01
 -4.7192500E+03  3.190E+01  3.420E+01  1.830E+01
 -4.7187500E+03  3.213E+01  3.449E+01  1.847E+01
 -4.7182500E+03  3.108E+01  3.247E+01  1.445E+01
 -4.7177500E+03  3.690E+01  3.891E+01  1.872E+01
 -4.7172500E+03  2.994E+01  3.194E+01  1.646E+01
 -4.7167500E+03  3.072E+01  3.328E+01  1.875E+01
 -4.7162500E+03  3.419E+01  3.573E+01  1.591E+01
 -4.7157500E+03  3.281E+01  3.527E+01  1.908E+01
 -4.7152500E+03  3.144E+01  3.406E+01  1.919E+01
 -4.7147500E+03  3.844E+01  4.065E+01  1.967E+01
 -4.7142500E+03  3.784E+01  4.159E+01  2.546E+01
 -4.7137500E+03  3.951E+01  4.238E+01  2.243E+01
 -4.7132500E+03  3.908E+01  4.078E+01  1.775E+01
 -4.7127500E+03  3.641E+01  3.749E+01  1.464E+01
 -4.7122500E+03  3.657E+01  3.855E+01  1.808E+01
 -4.7117500E+03  3.992E+01  4.275E+01  2.228E+01
 -4.7112500E+03  3.845E+01  4.081E+01  2.003E+01
 -4.7107500E+03  3.659E+01  3.860E+01  1.813E+01
 -4.7102500E+03  3.780E+01  4.109E+01  2.334E+01
 -4.7097500E+03  3.883E+01  4.053E+01  1.758E+01
 -4.7092500E+03  3.824E+01  4.249E+01  2.713E+01
 -4.7087500E+03  3.893E+01  3.993E+01  1.473E+01
 -4.7082500E+03  4.012E+01  4.369E+01  2.498E+01
 -4.7077500E+03  4.332E+01  4.527E+01  1.968E+01
 -4.7072500E+03  3.638E+01  3.881E+01  1.951E+01
 -4.7067500E+03  3.793E+01  4.012E+01  1.897E+01
 -4.7062500E+03  4.048E+01  4.172E+01  1.604E+01
 -4.7057500E+03  3.934E+01  4.256E+01  2.325E+01
 -4.7052500E+03  4.474E+01  4.825E+01  2.579E+01
 -4.7047500E+03  4.136E+01  4.412E+01  2.200E+01
 -4.7042500E+03  4.163E+01  4.375E+01  1.941E+01
 -4.7037500E+03  4.014E+01  4.209E+01  1.842E+01
 -4.7032500E+03  4.468E+01  4.756E+01  2.339E+01
 -4.7027500E+03  4.039E+01  4.232E+01  1.843E+01
 -4.7022500E+03  4.215E+01  4.520E+01  2.312E+01
 -4.7017500E+03  3.490E+01  3.829E+01  2.239E+01
 -4.7012500E+03  4.225E+01  4.522E+01  2.286E+01
 -4.7007500E+03  4.051E+01  4.362E+01  2.277E+01
 -4.7002500E+03  4.184E+01  4.430E+01  2.070E+01
 -4.6997500E+03  3.952E+01  4.212E+01  2.051E+01
 -4.6992500E+03  3.963E+01  4.314E+01  2.401E+01
 -4.6987500E+03  4.800E+01  5.045E+01  2.226E+01
 -4.6982500E+03  4.423E+01  4.818E+01  2.695E+01
 -4.6977500E+03  4.448E+01  4.875E+01  2.816E+01
 -4.6972500E+03  4.557E+01  4.808E+01  2.172E+01
 -4.6967500E+03  4.011E+01  4.242E+01  1.938E+01
 -4.6962500E+03  4.689E+01  4.964E+01  2.287E+01
 -4.6957500E+03  4.192E+01  4.525E+01  2.371E+01
 -4.6952500E+03  4.371E+01  4.802E+01  2.796E+01
 -4.6947500E+03  4.759E+01  4.986E+01  2.112E+01
 -4.6942500E+03  4.466E+01  4.695E+01  2.050E+01
 -4.6937500E+03  4.428E+01  4.697E+01  2.169E+01
 -4.6932500E+03  4.328E+01  4.544E+01  1.943E+01
 -4.6927500E+03  4.609E+01  4.862E+01  2.156E+01
 -4.6922500E+03  4.814E+01  5.004E+01  1.970E+01
 -4.6917500E+03  4.784E+01  5.135E+01  2.570E+01
 -4.6912500E+03  5.012E+01  5.422E+01  2.865E+01
 -4.6907500E+03  4.477E+01  4.815E+01  2.428E+01
 -4.6902500E+03  4.711E+01  4.925E+01  2.006E+01
 -4.6897500E+03  4.264E+01  4.679E+01  2.659E+01
 -4.6892500E+03  4.542E+01  4.815E+01  2.193E+01
 -4.6887500E+03  4.128E+01  4.514E+01  2.510E+01
 -4.6882500E+03  4.643E+01  4.902E+01  2.154E+01
 -4.6877500E+03  4.895E+01  5.052E+01  1.831E+01
 -4.6872500E+03  4.652E+01  4.989E+01  2.446E+01
 -4.6867500E+03  4.221E+01  4.633E+01  2.623E+01
 -4.6862500E+03  4.846E+01  5.168E+01  2.431E+01
 -4.6857500E+03  4.819E+01  5.156E+01  2.481E+01
 -4.6852500E+03  4.315E+01  4.816E+01  2.966E+01
 -4.6847500E+03  4.794E+01  5.115E+01  2.399E+01
 -4.6842500E+03  4.537E+01  4.900E+01  2.505E+01
 -4.6837500E+03  4.886E+01  5.276E+01  2.690E+01
 -4.6832500E+03  5.061E+01  5.212E+01  1.821E+01
 -4.6827500E+03  4.422E+01  4.764E+01  2.370E+01
 -4.6822500E+03  4.204E+01  4.531E+01  2.252E+01
 -4.6817500E+03  4.475E+01  4.738E+01  2.071E+01
 -4.6812500E+03  4.477E+01  4.824E+01  2.391E+01
 -4.6807500E+03  4.808E+01  5.333E+01  3.169E+01
 -4.6802500E+03  4.034E+01  4.564E+01  2.954E+01
 -4.6797500E+03  5.219E+01  5.719E+01  3.162E+01
 -4.6792500E+03  4.669E+01  5.001E+01  2.373E+01
 -4.6787500E+03  4.038E+01  4.419E+01  2.392E+01
 -4.6782500E+03  4.238E+01  4.538E+01  2.140E+01
 -4.6777500E+03  4.816E+01  5.175E+01  2.489E+01
 -4.6772500E+03  4.530E+01  4.791E+01  2.046E+01
 -4.6767500E+03  4.716E+01  5.042E+01  2.347E+01
 -4.6762500E+03  4.941E+01  5.323E+01  2.605E+01
 -4.6757500E+03  4.744E+01  5.095E+01  2.431E+01
 -4.6752500E+03  4.507E+01  4.670E+01  1.651E+01
 -4.6747500E+03  4.582E+01  4.867E+01  2.136E+01
 -4.6742500E+03  4.820E+01  5.331E+01  3.045E+01
 -4.6737500E+03  3.967E+01  4.451E+01  2.729E+01
 -4.6732500E+03  4.701E+01  5.033E+01  2.327E+01
 -4.6727500E+03  5.026E+01  5.382E+01  2.496E+01
 -4.6722500E+03  4.626E+01  4.902E+01  2.088E+01
 -4.6717500E+03  4.861E+01  4.945E+01  1.424E+01
 -4.6712500E+03  4.784E+01  5.097E+01  2.261E+01
 -4.6707500E+03  3.994E+01  4.481E+01  2.728E+01
 -4.6702500E+03  4.266E+01  4.587E+01  2.153E+01
 -4.6697500E+03  4.162E+01  4.656E+01  2.781E+01
 -4.6692500E+03  4.200E+01  4.520E+01  2.134E+01
 -4.6687500E+03  4.446E+01  4.815E+01  2.378E+01
 -4.6682500E+03  4.184E+01  4.737E+01  2.992E+01
 -4.6677500E+03  4.564E+01  4.980E+01  2.568E+01
 -4.6672500E+03  4.319E+01  4.625E+01  2.102E+01
 -4.6667500E+03  4.341E+01  4.558E+01  1.763E+01
 -4.6662500E+03  4.654E+01  4.900E+01  1.928E+01
 -4.6657500E+03  3.998E+01  4.430E+01  2.480E+01
 -4.6652500E+03  3.604E+01  3.993E+01  2.237E+01
 -4.6647500E+03  4.038E+01  4.487E+01  2.550E+01
 -4.6642500E+03  3.998E+01  4.406E+01  2.374E+01
 -4.6637500E+03  4.761E+01  4.952E+01  1.729E+01
 -4.6632500E+03  4.724E+01  4.925E+01  1.763E+01
 -4.6627500E+03  4.561E+01  4.835E+01  2.003E+01
 -4.6622500E+03  4.351E+01  4.548E+01  1.646E+01
 -4.6617500E+03  4.275E+01  4.535E+01  1.878E+01
 -4.6612500E+03  4.171E+01  4.576E+01  2.387E+01
 -4.6607500E+03  4.026E+01  4.572E+01  2.881E+01
 -4.6602500E+03  4.056E+01  4.439E+01  2.280E+01
 -4.6597500E+03  3.575E+01  3.803E+01  1.557E+01
 -4.6592500E+03  3.826E+01  4.296E+01  2.545E+01
 -4.6587500E+03  3.826E+01  4.239E+01  2.340E+01
 -4.6582500E+03  4.498E+01  4.654E+01  1.494E+01
 -4.6577500E+03  3.571E+01  3.922E+01  2.014E+01
 -4.6572500E+03  4.261E+01  4.575E+01  2.032E+01
 -4.6567500E+03  3.383E+01  3.834E+01  2.340E+01
 -4.6562500E+03  4.103E+01  4.511E+01  2.365E+01
 -4.6557500E+03  3.746E+01  3.856E+01  1.137E+01
 -4.6552500E+03  3.802E+01  3.917E+01  1.142E+01
 -4.6547500E+03  3.764E+01  4.149E+01  2.157E+01
 -4.6542500E+03  3.385E+01  3.754E+01  2.030E+01
 -4.6537500E+03  3.837E+01  3.968E+01  1.212E+01
 -4.6532500E+03  3.886E+01  4.235E+01  2.055E+01
 -4.6527500E+03  3.614E+01  3.972E+01  2.039E+01
 -4.6522500E+03  3.065E+01  3.315E+01  1.484E+01
 -4.6517500E+03  3.691E+01  4.048E+01  2.033E+01
 -4.6512500E+03  3.338E+01  3.570E+01  1.464E+01
 -4.6507500E+03  4.220E+01  4.423E+01  1.557E+01
 -4.6502500E+03  3.723E+01  3.883E+01  1.281E+01
 -4.6497500E+03  2.907E+01  3.112E+01  1.253E+01
 -4.6492500E+03  3.173E+01  3.753E+01  2.741E+01
 -4.6487500E+03  3.649E+01  4.076E+01  2.285E+01
 -4.6482500E+03  3.284E+01  3.528E+01  1.497E+01
 -4.6477500E+03  3.648E+01  4.027E+01  2.085E+01
 -4.6472500E+03  3.173E+01  3.503E+01  1.781E+01
 -4.6467500E+03  3.315E+01  3.571E+01  1.527E+01
 -4.6462500E+03  2.865E+01  3.055E+01  1.177E+01
 -4.6457500E+03  2.717E+01  3.110E+01  1.914E+01
 -4.6452500E+03  3.435E+01  3.717E+01  1.648E+01
 -4.6447500E+03  3.760E+01  4.061E+01  1.762E+01
 -4.6442500E+03  3.908E+01  4.196E+01  1.772E+01
 -4.6437500E+03  3.939E+01  4.112E+01  1.360E+01
 -4.6432500E+03  2.871E+01  3.279E+01  1.970E+01
 -4.6427500E+03  2.678E+01  2.854E+01  1.055E+01
 -4.6422500E+03  2.646E+01  3.016E+01  1.800E+01
 -4.6417500E+03  2.840E+01  3.110E+01  1.448E+01
 -4.6412500E+03  2.971E+01  3.211E+01  1.365E+01
 -4.6407500E+03  3.018E+01  3.216E+01  1.192E+01
 -4.6402500E+03  2.687E+01  2.898E+01  1.189E+01
 -4.6397500E+03  2.805E+01  3.018E+01  1.215E+01
 -4.6392500E+03  2.872E+01  3.123E+01  1.380E+01
 -4.6387500E+03  2.800E+01  3.118E+01  1.621E+01
 -4.6382500E+03  3.299E+01  3.433E+01  1.010E+01
 -4.6377500E+03  3.201E+01  3.610E+01  2.033E+01
 -4.6372500E+03  2.814E+01  3.222E+01  1.953E+01
 -4.6367500E+03  2.794E+01  3.049E+01  1.351E+01
 -4.6362500E+03  2.203E+01  2.415E+01  1.069E+01
 -4.6357500E+03  2.531E+01  2.845E+01  1.544E+01
 -4.6352500E+03  2.179E+01  2.366E+01  9.455E+00
 -4.6347500E+03  3.134E+01  3.256E+01  9.273E+00
 -4.6342500E+03  1.662E+01  2.054E+01  1.639E+01
 -4.6337500E+03  2.205E+01  2.505E+01  1.391E+01
 -4.6332500E+03  1.927E+01  2.192E+01  1.194E+01
 -4.6327500E+03  2.135E+01  2.577E+01  1.920E+01
 -4.6322500E+03  1.959E+01  2.248E+01  1.284E+01
 -4.6317500E+03  2.475E+01  2.716E+01  1.210E+01
 -4.6312500E+03  2.287E+01  2.670E+01  1.704E+01
 -4.6307500E+03  2.103E+01  2.141E+01  3.703E+00
 -4.6302500E+03  2.460E+01  2.509E+01  4.943E+00
 -4.6297500E+03  1.838E+01  1.983E+01  7.115E+00
 -4.6292500E+03  2.054E+01  2.112E+01  4.269E+00
 -4.6287500E+03  2.422E+01  2.541E+01  7.310E+00
 -4.6282500E+03  1.981E+01  2.136E+01  7.672E+00
 -4.6277500E+03  1.568E+01  1.835E+01  1.117E+01
 -4.6272500E+03  1.970E+01  2.249E+01  1.244E+01
 -4.6267500E+03  1.717E+01  1.994E+01  1.195E+01
 -4.6262500E+03  2.099E+01  2.232E+01  7.062E+00
 -4.6257500E+03  2.407E+01  2.493E+01  5.857E+00
 -4.6252500E+03  1.175E+01  1.372E+01  7.623E+00
 -4.6247500E+03  1.581E+01  1.880E+01  1.247E+01
 -4.6242500E+03  1.853E+01  1.918E+01  4.065E+00
 -4.6237500E+03  2.017E+01  2.200E+01  8.827E+00
 -4.6232500E+03  1.608E+01  1.863E+01  1.050E+01
 -4.6227500E+03  1.508E+01  1.626E+01  5.377E+00
 -4.6222500E+03  1.592E+01  1.577E+01  4.710E-01
 -4.6217500E+03  1.145E+01  1.449E+01  1.165E+01
 -4.6212500E+03  1.093E+01  1.339E+01  9.240E+00
 -4.6207500E+03  1.524E+01  1.568E+01  2.387E+00
 -4.6202500E+03  1.576E+01  1.803E+01  9.460E+00
 -4.6197500E+03  1.804E+01  1.902E+01  4.672E+00
 -4.6192500E+03  1.478E+01  1.595E+01  5.076E+00
 -4.6187500E+03  6.747E+00  1.023E+01  1.249E+01
 -4.6182500E+03  1.326E+01  1.492E+01  6.694E+00
 -4.6177500E+03  9.613E+00  1.283E+01  1.165E+01
 -4.6172500E+03  8.817E+00  1.026E+01  4.920E+00
 -4.6167500E+03  1.042E+01  1.309E+01  9.976E+00
 -4.6162500E+03  1.678E+01  1.753E+01  3.637E+00
 -4.6157500E+03  1.497E+01  1.499E+01  5.598E-01
 -4.6152500E+03  1.351E+01  1.490E+01  5.623E+00
 -4.6147500E+03  5.533E+00  9.347E+00  1.321E+01
 -4.6142500E+03  6.303E+00  5.969E+00 -2.370E+00
 -4.6137500E+03  1.052E+01  1.170E+01  4.141E+00
 -4.6132500E+03  9.704E+00  1.066E+01  3.329E+00
 -4.6127500E+03  1.062E+01  1.099E+01  1.264E+00
 -4.6122500E+03  4.475E+00  4.768E+00 -5.762E-01
 -4.6117500E+03  1.152E+01  1.326E+01  6.406E+00
 -4.6112500E+03  7.107E+00  7.828E+00  1.717E+00
 -4.6107500E+03  6.909E+00  9.022E+00  7.058E+00
 -4.6102500E+03  1.026E+01  1.174E+01  5.304E+00
 -4.6097500E+03  4.988E+00  5.250E+00 -4.520E-01
 -4.6092500E+03  6.208E+00  7.560E+00  3.936E+00
 -4.6087500E+03  3.806E+00  5.308E+00  4.078E+00
 -4.6082500E+03  5.795E+00  7.813E+00  6.332E+00
 -4.6077500E+03  7.103E+00  9.390E+00  7.652E+00
 -4.6072500E+03  4.985E+00  6.565E+00  4.719E+00
 -4.6067500E+03  5.939E+00  7.112E+00  3.226E+00
 -4.6062500E+03  5.998E-01  3.213E+00  7.701E+00
 -4.6057500E+03  5.201E+00  5.732E+00  5.829E-01
 -4.6052500E+03  2.581E+00  4.464E+00  5.180E+00
 -4.6047500E+03  7.032E+00  6.822E+00 -2.041E+00
 -4.6042500E+03  4.791E+00  5.490E+00  1.127E+00
 -4.6037500E+03  3.707E+00  6.956E+00  1.053E+01
 -4.6032500E+03  1.076E+00  1.421E+00 -1.061E+00
 -4.6027500E+03  3.903E+00  4.077E+00 -9.744E-01
 -4.6022500E+03  7.705E+00  8.257E+00  1.211E+00
 -4.6017500E+03  3.234E+00  4.869E+00  4.505E+00
 -4.6012500E+03  7.052E+00  7.432E+00  1.183E-01
 -4.6007500E+03 -3.322E+00 -2.287E+00  8.400E-01
 -4.6002500E+03  7.209E-01  1.024E+00 -1.104E+00
 -4.5997500E+03 -3.403E+00 -1.457E+00  4.435E+00
 -4.5992500E+03 -1.785E+00 -1.829E+00 -2.615E+00
 -4.5987500E+03 -3.412E+00 -2.351E+00  8.639E-01
 -4.5982500E+03  2.695E+00  2.993E+00 -6.626E-01
 -4.5977500E+03 -8.643E-01  1.424E-01  1.057E+00
 -4.5972500E+03  1.695E+00  3.622E-01 -7.219E+00
 -4.5967500E+03 -3.506E-02  4.121E-01 -7.581E-01
 -4.5962500E+03  9.158E-01  1.420E+00 -3.852E-01
 -4.5957500E+03 -1.422E+00 -1.147E+00 -1.697E+00
 -4.5952500E+03 -2.314E+00 -2.218E+00 -2.418E+00
 -4.5947500E+03 -4.000E+00 -3.989E+00 -3.240E+00
 -4.5942500E+03  8.432E-01  2.115E+00  2.496E+00
 -4.5937500E+03 -2.221E+00 -1.180E+00  1.162E+00
 -4.5932500E+03 -3.591E+00 -4.825E+00 -7.611E+00
 -4.5927500E+03 -3.120E+00 -2.556E+00 -7.996E-01
 -4.5922500E+03 -9.020E-01 -7.759E-01 -2.284E+00
 -4.5917500E+03 -1.448E+00 -1.898E+00 -4.307E+00
 -4.5912500E+03 -3.403E+00 -1.183E+00  5.576E+00
 -4.5907500E+03 -5.759E+00 -4.717E+00  5.216E-01
 -4.5902500E+03 -4.018E+00 -4.572E+00 -5.175E+00
 -4.5897500E+03 -2.831E+00 -2.689E+00 -2.127E+00
 -4.5892500E+03 -3.280E+00 -2.105E+00  1.283E+00
 -4.5887500E+03 -5.658E+00 -5.390E+00 -2.336E+00
 -4.5882500E+03 -5.851E+00 -4.964E+00  5.426E-02
 -4.5877500E+03 -2.058E+00 -9.816E-01  1.313E+00
 -4.5872500E+03 -3.538E+00 -2.506E+00  9.112E-01
 -4.5867500E+03 -4.623E+00 -4.327E+00 -2.135E+00
 -4.5862500E+03 -6.304E+00 -6.620E+00 -4.588E+00
 -4.5857500E+03 -5.333E+00 -6.046E+00 -6.049E+00
 -4.5852500E+03 -7.937E+00 -7.117E+00 -6.265E-01
 -4.5847500E+03 -6.564E+00 -5.684E+00 -1.506E-01
 -4.5842500E+03 -5.498E+00 -6.160E+00 -5.893E+00
 -4.5837500E+03 -1.028E+01 -9.999E+00 -3.102E+00
 -4.5832500E+03 -6.123E+00 -6.008E+00 -2.704E+00
 -4.5827500E+03 -7.386E+00 -7.437E+00 -3.864E+00
 -4.5822500E+03 -8.545E+00 -6.938E+00  2.162E+00
 -4.5817500E+03 -5.685E+00 -7.392E+00 -9.801E+00
 -4.5812500E+03 -8.158E+00 -9.119E+00 -7.427E+00
 -4.5807500E+03 -7.483E+00 -6.832E+00 -1.183E+00
 -4.5802500E+03 -9.202E+00 -9.203E+00 -4.048E+00
 -4.5797500E+03 -8.395E+00 -9.225E+00 -6.783E+00
 -4.5792500E+03 -1.124E+01 -1.094E+01 -2.939E+00
 -4.5787500E+03 -8.579E+00 -8.788E+00 -4.432E+00
 -4.5782500E+03 -8.402E+00 -9.752E+00 -8.871E+00
 -4.5777500E+03 -8.760E+00 -8.262E+00 -1.790E+00
 -4.5772500E+03 -7.102E+00 -6.962E+00 -3.170E+00
 -4.5767500E+03 -9.406E+00 -9.344E+00 -3.744E+00
 -4.5762500E+03 -7.886E+00 -9.091E+00 -8.021E+00
 -4.5757500E+03 -5.780E+00 -6.005E+00 -4.169E+00
 -4.5752500E+03 -9.854E+00 -9.511E+00 -2.681E+00
 -4.5747500E+03 -1.135E+01 -1.073E+01 -1.977E+00
 -4.5742500E+03 -1.463E+01 -1.450E+01 -4.440E+00
 -4.5737500E+03 -1.055E+01 -1.073E+01 -4.620E+00
 -4.5732500E+03 -8.924E+00 -8.406E+00 -1.899E+00
 -4.5727500E+03 -7.767E+00 -8.390E+00 -5.977E+00
 -4.5722500E+03 -1.015E+01 -9.826E+00 -2.953E+00
 -4.5717500E+03 -1.147E+01 -1.253E+01 -8.100E+00
 -4.5712500E+03 -8.864E+00 -8.958E+00 -4.090E+00
 -4.5707500E+03 -7.155E+00 -7.493E+00 -4.802E+00
 -4.5702500E+03 -1.022E+01 -1.248E+01 -1.253E+01
 -4.5697500E+03 -1.154E+01 -1.162E+01 -4.549E+00
 -4.5692500E+03 -1.083E+01 -1.108E+01 -4.961E+00
 -4.5687500E+03 -8.958E+00 -1.027E+01 -8.791E+00
 -4.5682500E+03 -8.411E+00 -9.801E+00 -8.636E+00
 -4.5677500E+03 -9.003E+00 -8.973E+00 -3.716E+00
 -4.5672500E+03 -1.063E+01 -1.133E+01 -6.550E+00
 -4.5667500E+03 -1.422E+01 -1.366E+01 -2.366E+00
 -4.5662500E+03 -1.601E+01 -1.611E+01 -4.854E+00
 -4.5657500E+03 -1.223E+01 -1.229E+01 -4.559E+00
 -4.5652500E+03 -9.974E+00 -9.892E+00 -3.412E+00
 -4.5647500E+03 -9.994E+00 -1.048E+01 -5.565E+00
 -4.5642500E+03 -1.159E+01 -1.393E+01 -1.281E+01
 -4.5637500E+03 -1.504E+01 -1.600E+01 -8.233E+00
 -4.5632500E+03 -1.327E+01 -1.500E+01 -1.095E+01
 -4.5627500E+03 -1.315E+01 -1.458E+01 -9.702E+00
 -4.5622500E+03 -1.087E+01 -1.113E+01 -4.954E+00
 -4.5617500E+03 -1.070E+01 -9.836E+00 -8.981E-01
 -4.5612500E+03 -1.400E+01 -1.423E+01 -4.934E+00
 -4.5607500E+03 -1.328E+01 -1.419E+01 -7.842E+00
 -4.5602500E+03 -1.267E+01 -1.326E+01 -6.462E+00
 -4.5597500E+03 -1.070E+01 -1.096E+01 -4.810E+00
 -4.5592500E+03 -1.545E+01 -1.601E+01 -6.611E+00
 -4.5587500E+03 -1.446E+01 -1.498E+01 -6.219E+00
 -4.5582500E+03 -1.585E+01 -1.563E+01 -3.676E+00
 -4.5577500E+03 -1.335E+01 -1.502E+01 -1.045E+01
 -4.5572500E+03 -1.393E+01 -1.553E+01 -1.039E+01
 -4.5567500E+03 -1.529E+01 -1.519E+01 -4.029E+00
 -4.5562500E+03 -1.260E+01 -1.334E+01 -6.534E+00
 -4.5557500E+03 -1.394E+01 -1.504E+01 -8.470E+00
 -4.5552500E+03 -1.223E+01 -1.253E+01 -5.010E+00
 -4.5547500E+03 -1.732E+01 -1.753E+01 -5.249E+00
 -4.5542500E+03 -1.420E+01 -1.672E+01 -1.369E+01
 -4.5537500E+03 -1.745E+01 -1.700E+01 -3.445E+00
 -4.5532500E+03 -1.459E+01 -1.415E+01 -2.864E+00
 -4.5527500E+03 -1.170E+01 -1.246E+01 -6.569E+00
 -4.5522500E+03 -1.130E+01 -1.195E+01 -6.424E+00
 -4.5517500E+03 -1.382E+01 -1.430E+01 -5.918E+00
 -4.5512500E+03 -1.513E+01 -1.635E+01 -8.919E+00
 -4.5507500E+03 -1.568E+01 -1.725E+01 -1.037E+01
 -4.5502500E+03 -1.504E+01 -1.542E+01 -5.772E+00
 -4.5497500E+03 -1.604E+01 -1.623E+01 -5.196E+00
 -4.5492500E+03 -1.792E+01 -1.856E+01 -7.231E+00
 -4.5487500E+03 -1.394E+01 -1.484E+01 -7.350E+00
 -4.5482500E+03 -1.609E+01 -1.693E+01 -7.750E+00
 -4.5477500E+03 -1.094E+01 -1.269E+01 -1.039E+01
 -4.5472500E+03 -1.331E+01 -1.450E+01 -8.410E+00
 -4.5467500E+03 -1.513E+01 -1.660E+01 -9.992E+00
 -4.5462500E+03 -1.621E+01 -1.704E+01 -7.464E+00
 -4.5457500E+03 -2.034E+01 -2.062E+01 -5.883E+00
 -4.5452500E+03 -1.323E+01 -1.434E+01 -8.199E+00
 -4.5447500E+03 -1.656E+01 -1.731E+01 -7.344E+00
 -4.5442500E+03 -1.322E+01 -1.441E+01 -8.591E+00
 -4.5437500E+03 -1.250E+01 -1.418E+01 -1.023E+01
 -4.5432500E+03 -1.493E+01 -1.530E+01 -5.451E+00
 -4.5427500E+03 -1.292E+01 -1.472E+01 -1.057E+01
 -4.5422500E+03 -1.574E+01 -1.576E+01 -4.593E+00
 -4.5417500E+03 -1.858E+01 -1.922E+01 -6.834E+00
 -4.5412500E+03 -1.875E+01 -2.014E+01 -9.937E+00
 -4.5407500E+03 -1.404E+01 -1.491E+01 -7.337E+00
 -4.5402500E+03 -1.311E+01 -1.394E+01 -6.800E+00
 -4.5397500E+03 -1.342E+01 -1.402E+01 -6.061E+00
 -4.5392500E+03 -1.573E+01 -1.629E+01 -6.382E+00
 -4.5387500E+03 -1.623E+01 -1.694E+01 -7.085E+00
 -4.5382500E+03 -1.663E+01 -1.753E+01 -7.892E+00
 -4.5377500E+03 -1.813E+01 -1.862E+01 -6.570E+00
 -4.5372500E+03 -1.258E+01 -1.315E+01 -5.460E+00
 -4.5367500E+03 -1.879E+01 -1.852E+01 -3.689E+00
 -4.5362500E+03 -1.572E+01 -1.693E+01 -8.521E+00
 -4.5357500E+03 -1.345E+01 -1.411E+01 -6.152E+00
 -4.5352500E+03 -1.552E+01 -1.760E+01 -1.198E+01
 -4.5347500E+03 -1.813E+01 -1.958E+01 -1.003E+01
 -4.5342500E+03 -1.751E+01 -1.844E+01 -8.060E+00
 -4.5337500E+03 -1.111E+01 -1.323E+01 -1.160E+01
 -4.5332500E+03 -1.727E+01 -1.766E+01 -6.345E+00
 -4.5327500E+03 -1.412E+01 -1.551E+01 -9.162E+00
 -4.5322500E+03 -1.539E+01 -1.632E+01 -7.551E+00
 -4.5317500E+03 -1.838E+01 -1.939E+01 -8.020E+00
 -4.5312500E+03 -1.522E+01 -1.637E+01 -8.544E+00
 -4.5307500E+03 -1.714E+01 -1.919E+01 -1.178E+01
 -4.5302500E+03 -1.648E+01 -1.840E+01 -1.130E+01
 -4.5297500E+03 -1.492E+01 -1.539E+01 -5.498E+00
 -4.5292500E+03 -1.640E+01 -1.773E+01 -9.258E+00
 -4.5287500E+03 -1.550E+01 -1.691E+01 -9.539E+00
 -4.5282500E+03 -1.682E+01 -1.803E+01 -8.934E+00
 -4.5277500E+03 -1.657E+01 -1.704E+01 -6.036E+00
 -4.5272500E+03 -1.503E+01 -1.557E+01 -5.945E+00
 -4.5267500E+03 -1.769E+01 -1.848E+01 -7.439E+00
 -4.5262500E+03 -1.652E+01 -1.663E+01 -4.235E+00
 -4.5257500E+03 -1.300E+01 -1.514E+01 -1.148E+01
 -4.5252500E+03 -1.698E+01 -1.775E+01 -7.104E+00
 -4.5247500E+03 -1.707E+01 -1.866E+01 -9.868E+00
 -4.5242500E+03 -1.335E+01 -1.491E+01 -9.541E+00
 -4.5237500E+03 -1.455E+01 -1.577E+01 -8.695E+00
 -4.5232500E+03 -1.668E+01 -1.801E+01 -9.155E+00
 -4.5227500E+03 -1.768E+01 -1.845E+01 -7.069E+00
 -4.5222500E+03 -1.643E+01 -1.674E+01 -5.125E+00
 -4.5217500E+03 -1.464E+01 -1.617E+01 -9.459E+00
 -4.5212500E+03 -1.549E+01 -1.795E+01 -1.314E+01
 -4.5207500E+03 -1.694E+01 -1.726E+01 -5.192E+00
 -4.5202500E+03 -1.520E+01 -1.642E+01 -8.622E+00
 -4.5197500E+03 -1.610E+01 -1.758E+01 -9.673E+00
 -4.5192500E+03 -2.105E+01 -2.223E+01 -9.001E+00
 -4.5187500E+03 -1.674E+01 -1.798E+01 -8.868E+00
 -4.5182500E+03 -1.529E+01 -1.643E+01 -7.893E+00
 -4.5177500E+03 -1.437E+01 -1.609E+01 -1.008E+01
 -4.5172500E+03 -1.625E+01 -1.676E+01 -5.909E+00
 -4.5167500E+03 -1.852E+01 -1.878E+01 -5.373E+00
 -4.5162500E+03 -1.511E+01 -1.671E+01 -9.881E+00
 -4.5157500E+03 -1.393E+01 -1.459E+01 -6.051E+00
 -4.5152500E+03 -1.489E+01 -1.573E+01 -6.939E+00
 -4.5147500E+03 -1.703E+01 -1.836E+01 -8.929E+00
 -4.5142500E+03 -1.617E+01 -1.731E+01 -8.273E+00
 -4.5137500E+03 -1.509E+01 -1.670E+01 -9.586E+00
 -4.5132500E+03 -1.583E+01 -1.741E+01 -9.749E+00
 -4.5127500E+03 -1.598E+01 -1.684E+01 -7.207E+00
 -4.5122500E+03 -1.416E+01 -1.492E+01 -6.372E+00
 -4.5117500E+03 -1.474E+01 -1.581E+01 -7.705E+00
 -4.5112500E+03 -1.688E+01 -1.797E+01 -7.932E+00
 -4.5107500E+03 -1.496E+01 -1.685E+01 -1.065E+01
 -4.5102500E+03 -1.392E+01 -1.592E+01 -1.113E+01
 -4.5097500E+03 -1.903E+01 -1.919E+01 -4.735E+00
 -4.5092500E+03 -1.440E+01 -1.437E+01 -3.367E+00
 -4.5087500E+03 -1.474E+01 -1.575E+01 -7.283E+00
 -4.5082500E+03 -1.866E+01 -1.962E+01 -7.636E+00
 -4.5077500E+03 -1.517E+01 -1.673E+01 -9.840E+00
 -4.5072500E+03 -1.743E+01 -1.802E+01 -6.077E+00
 -4.5067500E+03 -1.789E+01 -1.877E+01 -7.090E+00
 -4.5062500E+03 -1.448E+01 -1.618E+01 -1.006E+01
 -4.5057500E+03 -1.585E+01 -1.734E+01 -9.303E+00
 -4.5052500E+03 -1.267E+01 -1.414E+01 -8.740E+00
 -4.5047500E+03 -1.831E+01 -1.958E+01 -8.656E+00
 -4.5042500E+03 -1.510E+01 -1.578E+01 -6.235E+00
 -4.5037500E+03 -1.812E+01 -1.977E+01 -1.017E+01
 -4.5032500E+03 -1.615E+01 -1.782E+01 -9.966E+00
 -4.5027500E+03 -1.581E+01 -1.638E+01 -5.915E+00
 -4.5022500E+03 -1.540E+01 -1.652E+01 -7.748E+00
 -4.5017500E+03 -1.511E+01 -1.656E+01 -9.081E+00
 -4.5012500E+03 -1.630E+01 -1.719E+01 -6.883E+00
 -4.5007500E+03 -1.517E+01 -1.592E+01 -6.190E+00
 -4.5002500E+03 -1.330E+01 -1.479E+01 -8.640E+00
 -4.4997500E+03 -1.813E+01 -1.827E+01 -4.320E+00
 -4.4992500E+03 -1.779E+01 -1.832E+01 -5.796E+00
 -4.4987500E+03 -1.413E+01 -1.540E+01 -8.423E+00
 -4.4982500E+03 -1.472E+01 -1.608E+01 -8.509E+00
 -4.4977500E+03 -1.559E+01 -1.685E+01 -8.085E+00
 -4.4972500E+03 -1.735E+01 -1.866E+01 -8.564E+00
 -4.4967500E+03 -1.583E+01 -1.698E+01 -7.925E+00
 -4.4962500E+03 -1.327E+01 -1.492E+01 -9.415E+00
 -4.4957500E+03 -1.692E+01 -1.829E+01 -8.964E+00
 -4.4952500E+03 -1.471E+01 -1.572E+01 -7.159E+00
 -4.4947500E+03 -1.503E+01 -1.699E+01 -1.066E+01
 -4.4942500E+03 -1.511E+01 -1.681E+01 -9.822E+00
 -4.4937500E+03 -1.708E+01 -1.761E+01 -5.630E+00
 -4.4932500E+03 -1.590E+01 -1.692E+01 -7.555E+00
 -4.4927500E+03 -1.214E+01 -1.380E+01 -9.240E+00
 -4.4922500E+03 -1.410E+01 -1.571E+01 -9.222E+00
 -4.4917500E+03 -1.675E+01 -1.778E+01 -7.559E+00
 -4.4912500E+03 -1.432E+01 -1.564E+01 -8.360E+00
 -4.4907500E+03 -1.542E+01 -1.693E+01 -8.978E+00
 -4.4902500E+03 -1.374E+01 -1.531E+01 -9.021E+00
 -4.4897500E+03 -1.761E+01 -1.823E+01 -5.981E+00
 -4.4892500E+03 -1.475E+01 -1.519E+01 -5.268E+00
 -4.4887500E+03 -1.696E+01 -1.829E+01 -8.719E+00
 -4.4882500E+03 -1.470E+01 -1.647E+01 -9.885E+00
 -4.4877500E+03 -1.253E+01 -1.409E+01 -8.854E+00
 -4.4872500E+03 -1.511E+01 -1.497E+01 -2.823E+00
 -4.4867500E+03 -1.557E+01 -1.629E+01 -6.140E+00
 -4.4862500E+03 -1.655E+01 -1.757E+01 -7.090E+00
 -4.4857500E+03 -1.412E+01 -1.540E+01 -7.806E+00
 -4.4852500E+03 -1.435E+01 -1.608E+01 -9.696E+00
 -4.4847500E+03 -1.464E+01 -1.589E+01 -7.750E+00
 -4.4842500E+03 -1.449E+01 -1.575E+01 -7.830E+00
 -4.4837500E+03 -1.427E+01 -1.529E+01 -7.117E+00
 -4.4832500E+03 -1.488E+01 -1.564E+01 -6.215E+00
 -4.4827500E+03 -1.435E+01 -1.644E+01 -1.080E+01
 -4.4822500E+03 -1.432E+01 -1.484E+01 -5.224E+00
 -4.4817500E+03 -1.538E+01 -1.574E+01 -4.628E+00
 -4.4812500E+03 -1.576E+01 -1.720E+01 -8.916E+00
 -4.4807500E+03 -1.592E+01 -1.658E+01 -5.807E+00
 -4.4802500E+03 -1.470E+01 -1.593E+01 -7.696E+00
 -4.4797500E+03 -1.428E+01 -1.624E+01 -1.027E+01
 -4.4792500E+03 -1.401E+01 -1.505E+01 -6.903E+00
 -4.4787500E+03 -1.494E+01 -1.604E+01 -7.285E+00
 -4.4782500E+03 -1.576E+01 -1.619E+01 -4.901E+00
 -4.4777500E+03 -1.580E+01 -1.729E+01 -8.899E+00
 -4.4772500E+03 -1.588E+01 -1.703E+01 -7.681E+00
 -4.4767500E+03 -1.471E+01 -1.564E+01 -6.848E+00
 -4.4762500E+03 -1.556E+01 -1.702E+01 -8.523E+00
 -4.4757500E+03 -1.296E+01 -1.474E+01 -9.588E+00
 -4.4752500E+03 -1.420E+01 -1.578E+01 -9.145E+00
 -4.4747500E+03 -1.430E+01 -1.484E+01 -5.112E+00
 -4.4742500E+03 -1.526E+01 -1.632E+01 -7.170E+00
 -4.4737500E+03 -1.468E+01 -1.520E+01 -5.143E+00
 -4.4732500E+03 -1.347E+01 -1.418E+01 -5.678E+00
 -4.4727500E+03 -1.504E+01 -1.628E+01 -7.719E+00
 -4.4722500E+03 -1.258E+01 -1.398E+01 -8.177E+00
 -4.4717500E+03 -1.252E+01 -1.388E+01 -7.640E+00
 -4.4712500E+03 -1.367E+01 -1.509E+01 -8.384E+00
 -4.4707500E+03 -1.505E+01 -1.685E+01 -9.746E+00
 -4.4702500E+03 -1.461E+01 -1.526E+01 -5.769E+00
 -4.4697500E+03 -1.376E+01 -1.449E+01 -5.752E+00
 -4.4692500E+03 -1.469E+01 -1.527E+01 -5.164E+00
 -4.4687500E+03 -1.562E+01 -1.688E+01 -7.857E+00
 -4.4682500E+03 -1.309E+01 -1.423E+01 -7.004E+00
 -4.4677500E+03 -1.359E+01 -1.536E+01 -9.442E+00
 -4.4672500E+03 -1.334E+01 -1.473E+01 -8.271E+00
 -4.4667500E+03 -1.369E+01 -1.419E+01 -4.926E+00
 -4.4662500E+03 -1.407E+01 -1.502E+01 -6.748E+00
 -4.4657500E+03 -1.325E+01 -1.470E+01 -8.332E+00
 -4.4652500E+03 -1.387E+01 -1.473E+01 -6.131E+00
 -4.4647500E+03 -1.476E+01 -1.546E+01 -5.406E+00
 -4.4642500E+03 -1.388E+01 -1.510E+01 -7.026E+00
 -4.4637500E+03 -1.187E+01 -1.359E+01 -9.065E+00
 -4.4632500E+03 -1.235E+01 -1.363E+01 -7.654E+00
 -4.4627500E+03 -1.417E+01 -1.493E+01 -5.647E+00
 -4.4622500E+03 -1.382E+01 -1.500E+01 -7.528E+00
 -4.4617500E+03 -1.283E+01 -1.374E+01 -6.360E+00
 -4.4612500E+03 -1.322E+01 -1.462E+01 -8.219E+00
 -4.4607500E+03 -1.512E+01 -1.581E+01 -5.645E+00
 -4.4602500E+03 -1.350E+01 -1.419E+01 -5.382E+00
 -4.4597500E+03 -1.293E+01 -1.427E+01 -7.706E+00
 -4.4592500E+03 -1.215E+01 -1.300E+01 -5.752E+00
 -4.4587500E+03 -1.176E+01 -1.314E+01 -7.822E+00
 -4.4582500E+03 -1.412E+01 -1.522E+01 -6.946E+00
 -4.4577500E+03 -1.284E+01 -1.406E+01 -7.071E+00
 -4.4572500E+03 -1.322E+01 -1.425E+01 -6.403E+00
 -4.4567500E+03 -1.419E+01 -1.464E+01 -4.486E+00
 -4.4562500E+03 -1.360E+01 -1.471E+01 -6.831E+00
 -4.4557500E+03 -1.317E+01 -1.401E+01 -6.156E+00
 -4.4552500E+03 -1.217E+01 -1.349E+01 -7.549E+00
 -4.4547500E+03 -1.375E+01 -1.512E+01 -8.013E+00
 -4.4542500E+03 -1.294E+01 -1.414E+01 -7.119E+00
 -4.4537500E+03 -1.200E+01 -1.329E+01 -7.829E+00
 -4.4532500E+03 -1.270E+01 -1.365E+01 -6.269E+00
 -4.4527500E+03 -1.242E+01 -1.339E+01 -6.079E+00
 -4.4522500E+03 -1.360E+01 -1.483E+01 -7.390E+00
 -4.4517500E+03 -1.315E+01 -1.447E+01 -7.812E+00
 -4.4512500E+03 -1.248E+01 -1.367E+01 -7.258E+00
 -4.4507500E+03 -1.366E+01 -1.438E+01 -5.450E+00
 -4.4502500E+03 -1.426E+01 -1.557E+01 -7.528E+00
 -4.4497500E+03 -1.124E+01 -1.190E+01 -5.068E+00
 -4.4492500E+03 -1.173E+01 -1.309E+01 -7.411E+00
 -4.4487500E+03 -1.247E+01 -1.371E+01 -7.191E+00
 -4.4482500E+03 -1.196E+01 -1.300E+01 -6.376E+00
 -4.4477500E+03 -1.293E+01 -1.392E+01 -6.280E+00
 -4.4472500E+03 -1.114E+01 -1.244E+01 -7.182E+00
 -4.4467500E+03 -1.203E+01 -1.290E+01 -5.504E+00
 -4.4462500E+03 -1.191E+01 -1.256E+01 -4.994E+00
 -4.4457500E+03 -1.106E+01 -1.262E+01 -8.225E+00
 -4.4452500E+03 -1.196E+01 -1.301E+01 -6.402E+00
 -4.4447500E+03 -1.278E+01 -1.357E+01 -5.494E+00
 -4.4442500E+03 -1.152E+01 -1.253E+01 -6.364E+00
 -4.4437500E+03 -1.272E+01 -1.350E+01 -5.535E+00
 -4.4432500E+03 -1.372E+01 -1.441E+01 -5.052E+00
 -4.4427500E+03 -1.305E+01 -1.358E+01 -4.684E+00
 -4.4422500E+03 -1.149E+01 -1.264E+01 -6.693E+00
 -4.4417500E+03 -1.038E+01 -1.194E+01 -8.101E+00
 -4.4412500E+03 -1.238E+01 -1.316E+01 -5.474E+00
 -4.4407500E+03 -1.369E+01 -1.445E+01 -5.728E+00
 -4.4402500E+03 -1.161E+01 -1.243E+01 -5.595E+00
 -4.4397500E+03 -1.309E+01 -1.415E+01 -6.180E+00
 -4.4392500E+03 -1.089E+01 -1.197E+01 -6.445E+00
 -4.4387500E+03 -1.201E+01 -1.275E+01 -5.294E+00
 -4.4382500E+03 -1.133E+01 -1.194E+01 -4.706E+00
 -4.4377500E+03 -1.249E+01 -1.309E+01 -4.817E+00
 -4.4372500E+03 -1.080E+01 -1.239E+01 -8.029E+00
 -4.4367500E+03 -1.205E+01 -1.327E+01 -6.863E+00
 -4.4362500E+03 -1.155E+01 -1.241E+01 -5.822E+00
 -4.4357500E+03 -1.093E+01 -1.179E+01 -5.695E+00
 -4.4352500E+03 -1.190E+01 -1.276E+01 -5.722E+00
 -4.4347500E+03 -1.233E+01 -1.275E+01 -3.968E+00
 -4.4342500E+03 -1.225E+01 -1.275E+01 -4.350E+00
 -4.4337500E+03 -1.172E+01 -1.235E+01 -5.038E+00
 -4.4332500E+03 -1.171E+01 -1.315E+01 -7.407E+00
 -4.4327500E+03 -1.135E+01 -1.285E+01 -7.893E+00
 -4.4322500E+03 -1.244E+01 -1.375E+01 -7.366E+00
 -4.4317500E+03 -1.148E+01 -1.239E+01 -5.992E+00
 -4.4312500E+03 -1.170E+01 -1.255E+01 -5.653E+00
 -4.4307500E+03 -1.221E+01 -1.329E+01 -6.467E+00
 -4.4302500E+03 -1.294E+01 -1.403E+01 -6.717E+00
 -4.4297500E+03 -1.117E+01 -1.261E+01 -7.975E+00
 -4.4292500E+03 -1.206E+01 -1.285E+01 -5.425E+00
 -4.4287500E+03 -1.270E+01 -1.366E+01 -6.146E+00
 -4.4282500E+03 -1.122E+01 -1.230E+01 -6.381E+00
 -4.4277500E+03 -1.162E+01 -1.268E+01 -6.405E+00
 -4.4272500E+03 -1.136E+01 -1.227E+01 -5.892E+00
 -4.4267500E+03 -1.085E+01 -1.169E+01 -5.410E+00
 -4.4262500E+03 -9.579E+00 -1.078E+01 -6.601E+00
 -4.4257500E+03 -9.549E+00 -1.041E+01 -5.206E+00
 -4.4252500E+03 -1.182E+01 -1.228E+01 -3.854E+00
 -4.4247500E+03 -1.201E+01 -1.256E+01 -4.439E+00
 -4.4242500E+03 -1.210E+01 -1.343E+01 -7.377E+00
 -4.4237500E+03 -9.838E+00 -1.054E+01 -4.927E+00
 -4.4232500E+03 -1.106E+01 -1.197E+01 -5.834E+00
 -4.4227500E+03 -1.154E+01 -1.237E+01 -5.069E+00
 -4.4222500E+03 -1.074E+01 -1.155E+01 -4.999E+00
 -4.4217500E+03 -1.039E+01 -1.149E+01 -6.114E+00
 -4.4212500E+03 -1.024E+01 -1.109E+01 -5.477E+00
 -4.4207500E+03 -9.772E+00 -1.068E+01 -5.675E+00
 -4.4202500E+03 -1.157E+01 -1.192E+01 -3.567E+00
 -4.4197500E+03 -9.236E+00 -1.060E+01 -7.160E+00
 -4.4192500E+03 -1.126E+01 -1.181E+01 -4.279E+00
 -4.4187500E+03 -1.040E+01 -1.190E+01 -7.597E+00
 -4.4182500E+03 -1.192E+01 -1.261E+01 -4.755E+00
 -4.4177500E+03 -9.953E+00 -1.090E+01 -5.713E+00
 -4.4172500E+03 -9.576E+00 -1.018E+01 -4.357E+00
 -4.4167500E+03 -1.173E+01 -1.197E+01 -3.129E+00
 -4.4162500E+03 -1.175E+01 -1.277E+01 -6.093E+00
 -4.4157500E+03 -1.151E+01 -1.225E+01 -4.791E+00
 -4.4152500E+03 -1.111E+01 -1.176E+01 -4.750E+00
 -4.4147500E+03 -1.062E+01 -1.138E+01 -5.134E+00
 -4.4142500E+03 -1.044E+01 -1.153E+01 -6.134E+00
 -4.4137500E+03 -9.418E+00 -1.053E+01 -6.259E+00
 -4.4132500E+03 -9.515E+00 -1.016E+01 -4.377E+00
 -4.4127500E+03 -1.015E+01 -1.107E+01 -5.451E+00
 -4.4122500E+03 -9.561E+00 -1.011E+01 -4.220E+00
 -4.4117500E+03 -1.167E+01 -1.247E+01 -5.220E+00
 -4.4112500E+03 -9.599E+00 -1.038E+01 -5.070E+00
 -4.4107500E+03 -1.176E+01 -1.288E+01 -6.681E+00
 -4.4102500E+03 -1.065E+01 -1.141E+01 -4.920E+00
 -4.4097500E+03 -1.029E+01 -1.115E+01 -5.151E+00
 -4.4092500E+03 -1.005E+01 -1.055E+01 -4.003E+00
 -4.4087500E+03 -1.206E+01 -1.257E+01 -4.213E+00
 -4.4082500E+03 -9.904E+00 -1.083E+01 -5.464E+00
 -4.4077500E+03 -9.283E+00 -1.043E+01 -6.161E+00
 -4.4072500E+03 -9.914E+00 -1.105E+01 -6.308E+00
 -4.4067500E+03 -1.055E+01 -1.118E+01 -4.381E+00
 -4.4062500E+03 -9.703E+00 -1.019E+01 -3.788E+00
 -4.4057500E+03 -9.549E+00 -1.027E+01 -4.680E+00
 -4.4052500E+03 -9.889E+00 -1.053E+01 -4.463E+00
 -4.4047500E+03 -9.585E+00 -1.004E+01 -3.453E+00
 -4.4042500E+03 -8.601E+00 -9.552E+00 -5.569E+00
 -4.4037500E+03 -8.939E+00 -1.033E+01 -7.213E+00
 -4.4032500E+03 -1.018E+01 -1.125E+01 -5.986E+00
 -4.4027500E+03 -9.224E+00 -1.046E+01 -6.448E+00
 -4.4022500E+03 -1.019E+01 -1.064E+01 -3.562E+00
 -4.4017500E+03 -9.015E+00 -9.881E+00 -5.044E+00
 -4.4012500E+03 -8.924E+00 -9.704E+00 -4.839E+00
 -4.4007500E+03 -9.110E+00 -9.996E+00 -5.137E+00
 -4.4002500E+03 -1.028E+01 -1.127E+01 -5.650E+00
 -4.3997500E+03 -9.220E+00 -9.874E+00 -4.354E+00
 -4.3992500E+03 -1.048E+01 -1.123E+01 -4.773E+00
 -4.3987500E+03 -9.543E+00 -1.032E+01 -4.946E+00
 -4.3982500E+03 -1.086E+01 -1.085E+01 -1.967E+00
 -4.3977500E+03 -9.099E+00 -9.750E+00 -4.357E+00
 -4.3972500E+03 -9.985E+00 -1.135E+01 -7.162E+00
 -4.3967500E+03 -1.008E+01 -1.091E+01 -5.044E+00
 -4.3962500E+03 -9.458E+00 -1.030E+01 -4.847E+00
 -4.3957500E+03 -9.751E+00 -1.001E+01 -2.942E+00
 -4.3952500E+03 -8.974E+00 -9.446E+00 -3.984E+00
 -4.3947500E+03 -9.414E+00 -1.029E+01 -5.167E+00
 -4.3942500E+03 -8.868E+00 -9.106E+00 -2.726E+00
 -4.3937500E+03 -9.921E+00 -1.113E+01 -6.285E+00
 -4.3932500E+03 -9.377E+00 -1.055E+01 -6.294E+00
 -4.3927500E+03 -1.068E+01 -1.142E+01 -4.498E+00
 -4.3922500E+03 -8.369E+00 -9.730E+00 -6.862E+00
 -4.3917500E+03 -8.460E+00 -9.053E+00 -3.906E+00
 -4.3912500E+03 -8.440E+00 -9.452E+00 -5.558E+00
 -4.3907500E+03 -9.035E+00 -9.679E+00 -4.087E+00
 -4.3902500E+03 -8.913E+00 -9.793E+00 -5.042E+00
 -4.3897500E+03 -9.177E+00 -9.831E+00 -4.307E+00
 -4.3892500E+03 -1.020E+01 -1.081E+01 -4.346E+00
 -4.3887500E+03 -8.638E+00 -9.498E+00 -5.096E+00
 -4.3882500E+03 -8.505E+00 -9.492E+00 -5.433E+00
 -4.3877500E+03 -8.950E+00 -9.938E+00 -5.537E+00
 -4.3872500E+03 -8.980E+00 -9.799E+00 -4.989E+00
 -4.3867500E+03 -8.368E+00 -9.076E+00 -4.455E+00
 -4.3862500E+03 -8.655E+00 -9.111E+00 -3.452E+00
 -4.3857500E+03 -9.177E+00 -9.747E+00 -4.124E+00
 -4.3852500E+03 -9.477E+00 -1.036E+01 -5.139E+00
 -4.3847500E+03 -9.360E+00 -1.023E+01 -5.316E+00
 -4.3842500E+03 -7.773E+00 -8.117E+00 -2.906E+00
 -4.3837500E+03 -8.265E+00 -8.703E+00 -3.305E+00
 -4.3832500E+03 -7.867E+00 -9.121E+00 -6.320E+00
 -4.3827500E+03 -9.642E+00 -1.044E+01 -4.579E+00
 -4.3822500E+03 -9.109E+00 -9.788E+00 -4.318E+00
 -4.3817500E+03 -9.183E+00 -9.926E+00 -4.423E+00
 -4.3812500E+03 -8.588E+00 -9.419E+00 -4.723E+00
 -4.3807500E+03 -7.823E+00 -8.788E+00 -5.255E+00
 -4.3802500E+03 -8.529E+00 -9.426E+00 -5.114E+00
 -4.3797500E+03 -8.010E+00 -8.949E+00 -5.151E+00
 -4.3792500E+03 -8.280E+00 -9.493E+00 -6.470E+00
 -4.3787500E+03 -9.711E+00 -1.066E+01 -5.375E+00
 -4.3782500E+03 -8.659E+00 -9.342E+00 -4.375E+00
 -4.3777500E+03 -8.373E+00 -9.150E+00 -4.301E+00
 -4.3772500E+03 -8.954E+00 -9.718E+00 -4.586E+00
 -4.3767500E+03 -8.549E+00 -9.692E+00 -5.990E+00
 -4.3762500E+03 -8.463E+00 -9.189E+00 -4.399E+00
 -4.3757500E+03 -7.245E+00 -7.658E+00 -2.996E+00
 -4.3752500E+03 -7.855E+00 -8.366E+00 -3.396E+00
 -4.3747500E+03 -7.943E+00 -8.661E+00 -4.125E+00
 -4.3742500E+03 -7.942E+00 -8.759E+00 -4.832E+00
 -4.3737500E+03 -8.091E+00 -8.656E+00 -3.851E+00
 -4.3732500E+03 -8.379E+00 -8.877E+00 -3.524E+00
 -4.3727500E+03 -7.413E+00 -8.230E+00 -4.991E+00
 -4.3722500E+03 -7.355E+00 -8.622E+00 -5.909E+00
 -4.3717500E+03 -9.604E+00 -1.007E+01 -3.482E+00
 -4.3712500E+03 -9.720E+00 -9.909E+00 -2.828E+00
 -4.3707500E+03 -9.211E+00 -9.497E+00 -2.669E+00
 -4.3702500E+03 -8.995E+00 -9.143E+00 -2.312E+00
 -4.3697500E+03 -8.062E+00 -8.901E+00 -4.712E+00
 -4.3692500E+03 -8.002E+00 -8.959E+00 -5.312E+00
 -4.3687500E+03 -8.007E+00 -8.691E+00 -4.272E+00
 -4.3682500E+03 -6.977E+00 -7.930E+00 -5.213E+00
 -4.3677500E+03 -8.179E+00 -8.935E+00 -4.647E+00
 -4.3672500E+03 -7.650E+00 -8.467E+00 -4.672E+00
 -4.3667500E+03 -8.232E+00 -8.821E+00 -3.877E+00
 -4.3662500E+03 -7.826E+00 -8.722E+00 -4.916E+00
 -4.3657500E+03 -7.312E+00 -8.058E+00 -4.168E+00
 -4.3652500E+03 -7.767E+00 -8.322E+00 -3.852E+00
 -4.3647500E+03 -7.632E+00 -8.635E+00 -5.065E+00
 -4.3642500E+03 -7.702E+00 -8.327E+00 -3.708E+00
 -4.3637500E+03 -8.347E+00 -9.023E+00 -4.047E+00
 -4.3632500E+03 -7.350E+00 -7.995E+00 -4.179E+00
 -4.3627500E+03 -6.525E+00 -7.109E+00 -3.856E+00
 -4.3622500E+03 -6.477E+00 -7.425E+00 -4.698E+00
 -4.3617500E+03 -8.098E+00 -8.762E+00 -3.993E+00
 -4.3612500E+03 -9.010E+00 -9.980E+00 -5.264E+00
 -4.3607500E+03 -7.928E+00 -8.354E+00 -3.199E+00
 -4.3602500E+03 -7.640E+00 -8.130E+00 -3.365E+00
 -4.3597500E+03 -7.699E+00 -8.661E+00 -5.126E+00
 -4.3592500E+03 -8.267E+00 -8.509E+00 -2.683E+00
 -4.3587500E+03 -7.810E+00 -8.387E+00 -3.697E+00
 -4.3582500E+03 -8.168E+00 -8.694E+00 -3.554E+00
 -4.3577500E+03 -7.932E+00 -8.840E+00 -5.059E+00
 -4.3572500E+03 -7.711E+00 -8.181E+00 -3.234E+00
 -4.3567500E+03 -7.233E+00 -8.143E+00 -4.943E+00
 -4.3562500E+03 -7.018E+00 -7.458E+00 -3.187E+00
 -4.3557500E+03 -7.423E+00 -7.970E+00 -3.541E+00
 -4.3552500E+03 -6.737E+00 -7.597E+00 -4.520E+00
 -4.3547500E+03 -7.469E+00 -7.664E+00 -2.329E+00
 -4.3542500E+03 -8.025E+00 -8.901E+00 -4.649E+00
 -4.3537500E+03 -7.247E+00 -7.908E+00 -3.870E+00
 -4.3532500E+03 -7.584E+00 -7.699E+00 -2.094E+00
 -4.3527500E+03 -7.831E+00 -8.574E+00 -4.440E+00
 -4.3522500E+03 -7.506E+00 -8.137E+00 -3.850E+00
 -4.3517500E+03 -5.496E+00 -6.561E+00 -5.163E+00
 -4.3512500E+03 -8.563E+00 -9.230E+00 -3.983E+00
 -4.3507500E+03 -8.787E+00 -9.340E+00 -3.387E+00
 -4.3502500E+03 -7.722E+00 -8.077E+00 -2.877E+00
 -4.3497500E+03 -6.350E+00 -6.782E+00 -3.153E+00
 -4.3492500E+03 -7.918E+00 -8.362E+00 -3.263E+00
 -4.3487500E+03 -7.458E+00 -8.192E+00 -4.141E+00
 -4.3482500E+03 -7.777E+00 -7.920E+00 -2.181E+00
 -4.3477500E+03 -6.799E+00 -7.440E+00 -4.210E+00
 -4.3472500E+03 -6.335E+00 -6.938E+00 -3.622E+00
 -4.3467500E+03 -7.141E+00 -7.576E+00 -2.951E+00
 -4.3462500E+03 -7.309E+00 -7.962E+00 -3.873E+00
 -4.3457500E+03 -6.482E+00 -7.390E+00 -4.852E+00
 -4.3452500E+03 -7.288E+00 -8.210E+00 -5.002E+00
 -4.3447500E+03 -6.530E+00 -7.348E+00 -4.253E+00
 -4.3442500E+03 -8.359E+00 -8.974E+00 -3.794E+00
 -4.3437500E+03 -6.753E+00 -6.847E+00 -1.974E+00
 -4.3432500E+03 -6.564E+00 -6.707E+00 -1.766E+00
 -4.3427500E+03 -7.117E+00 -8.182E+00 -5.308E+00
 -4.3422500E+03 -7.494E+00 -7.931E+00 -3.135E+00
 -4.3417500E+03 -6.810E+00 -7.485E+00 -3.786E+00
 -4.3412500E+03 -6.945E+00 -7.631E+00 -4.356E+00
 -4.3407500E+03 -7.553E+00 -8.021E+00 -3.273E+00
 -4.3402500E+03 -6.731E+00 -7.221E+00 -3.274E+00
 -4.3397500E+03 -6.411E+00 -7.215E+00 -4.352E+00
 -4.3392500E+03 -7.339E+00 -7.972E+00 -3.928E+00
 -4.3387500E+03 -7.125E+00 -7.602E+00 -3.139E+00
 -4.3382500E+03 -7.524E+00 -8.268E+00 -4.183E+00
 -4.3377500E+03 -6.671E+00 -7.434E+00 -4.291E+00
 -4.3372500E+03 -7.297E+00 -7.929E+00 -3.475E+00
 -4.3367500E+03 -6.528E+00 -7.436E+00 -4.593E+00
 -4.3362500E+03 -6.272E+00 -6.657E+00 -2.784E+00
 -4.3357500E+03 -6.488E+00 -6.893E+00 -2.935E+00
 -4.3352500E+03 -5.788E+00 -6.500E+00 -3.910E+00
 -4.3347500E+03 -6.715E+00 -7.103E+00 -2.633E+00
 -4.3342500E+03 -7.184E+00 -8.055E+00 -4.343E+00
 -4.3337500E+03 -7.070E+00 -7.828E+00 -4.205E+00
 -4.3332500E+03 -7.016E+00 -7.338E+00 -2.920E+00
 -4.3327500E+03 -5.808E+00 -6.460E+00 -3.766E+00
 -4.3322500E+03 -6.865E+00 -7.952E+00 -5.318E+00
 -4.3317500E+03 -6.809E+00 -7.514E+00 -4.120E+00
 -4.3312500E+03 -5.865E+00 -6.468E+00 -3.502E+00
 -4.3307500E+03 -7.367E+00 -8.027E+00 -3.874E+00
 -4.3302500E+03 -6.548E+00 -6.857E+00 -2.291E+00
 -4.3297500E+03 -6.178E+00 -6.522E+00 -2.389E+00
 -4.3292500E+03 -5.942E+00 -6.360E+00 -2.856E+00
 -4.3287500E+03 -6.611E+00 -7.168E+00 -3.599E+00
 -4.3282500E+03 -6.757E+00 -6.806E+00 -1.551E+00
 -4.3277500E+03 -6.691E+00 -7.232E+00 -3.348E+00
 -4.3272500E+03 -6.533E+00 -7.002E+00 -2.930E+00
 -4.3267500E+03 -6.611E+00 -6.989E+00 -2.756E+00
 -4.3262500E+03 -6.244E+00 -6.681E+00 -2.928E+00
 -4.3257500E+03 -6.594E+00 -7.083E+00 -2.962E+00
 -4.3252500E+03 -4.860E+00 -5.823E+00 -4.816E+00
 -4.3247500E+03 -6.249E+00 -7.276E+00 -5.036E+00
 -4.3242500E+03 -7.197E+00 -7.799E+00 -3.385E+00
 -4.3237500E+03 -5.919E+00 -6.321E+00 -2.693E+00
 -4.3232500E+03 -5.781E+00 -6.777E+00 -5.006E+00
 -4.3227500E+03 -6.631E+00 -6.994E+00 -2.711E+00
 -4.3222500E+03 -6.805E+00 -7.175E+00 -2.628E+00
 -4.3217500E+03 -6.540E+00 -7.055E+00 -3.325E+00
 -4.3212500E+03 -5.930E+00 -6.723E+00 -4.213E+00
 -4.3207500E+03 -7.232E+00 -7.656E+00 -2.755E+00
 -4.3202500E+03 -6.400E+00 -6.994E+00 -3.499E+00
 -4.3197500E+03 -6.521E+00 -6.753E+00 -2.253E+00
 -4.3192500E+03 -6.231E+00 -6.459E+00 -2.266E+00
 -4.3187500E+03 -5.785E+00 -6.253E+00 -3.026E+00
 -4.3182500E+03 -6.405E+00 -6.636E+00 -2.070E+00
 -4.3177500E+03 -6.416E+00 -7.029E+00 -3.677E+00
 -4.3172500E+03 -6.736E+00 -7.392E+00 -3.932E+00
 -4.3167500E+03 -6.014E+00 -6.866E+00 -4.318E+00
 -4.3162500E+03 -5.282E+00 -5.807E+00 -3.102E+00
 -4.3157500E+03 -5.129E+00 -5.846E+00 -3.665E+00
 -4.3152500E+03 -5.529E+00 -6.151E+00 -3.411E+00
 -4.3147500E+03 -6.300E+00 -6.962E+00 -3.636E+00
 -4.3142500E+03 -6.510E+00 -6.897E+00 -2.832E+00
 -4.3137500E+03 -5.932E+00 -6.151E+00 -1.924E+00
 -4.3132500E+03 -6.439E+00 -6.725E+00 -2.366E+00
 -4.3127500E+03 -6.109E+00 -6.158E+00 -1.407E+00
 -4.3122500E+03 -6.410E+00 -7.091E+00 -3.805E+00
 -4.3117500E+03 -5.608E+00 -6.324E+00 -4.064E+00
 -4.3112500E+03 -5.609E+00 -6.249E+00 -3.746E+00
 -4.3107500E+03 -6.168E+00 -6.629E+00 -2.708E+00
 -4.3102500E+03 -5.764E+00 -6.295E+00 -3.070E+00
 -4.3097500E+03 -5.474E+00 -5.951E+00 -3.052E+00
 -4.3092500E+03 -6.058E+00 -6.759E+00 -3.641E+00
 -4.3087500E+03 -5.616E+00 -6.205E+00 -3.220E+00
 -4.3082500E+03 -7.544E+00 -7.877E+00 -2.544E+00
 -4.3077500E+03 -6.202E+00 -6.384E+00 -2.078E+00
 -4.3072500E+03 -6.186E+00 -7.037E+00 -4.530E+00
 -4.3067500E+03 -4.605E+00 -5.148E+00 -3.032E+00
 -4.3062500E+03 -4.851E+00 -5.315E+00 -2.758E+00
 -4.3057500E+03 -5.631E+00 -5.871E+00 -2.036E+00
 -4.3052500E+03 -6.594E+00 -6.784E+00 -2.333E+00
 -4.3047500E+03 -4.799E+00 -5.607E+00 -4.016E+00
 -4.3042500E+03 -4.997E+00 -5.636E+00 -3.479E+00
 -4.3037500E+03 -5.955E+00 -6.470E+00 -2.974E+00
 -4.3032500E+03 -6.008E+00 -6.180E+00 -1.759E+00
 -4.3027500E+03 -6.054E+00 -6.452E+00 -2.769E+00
 -4.3022500E+03 -4.527E+00 -5.147E+00 -3.532E+00
 -4.3017500E+03 -5.151E+00 -5.873E+00 -3.587E+00
 -4.3012500E+03 -5.234E+00 -6.319E+00 -4.910E+00
 -4.3007500E+03 -5.738E+00 -6.167E+00 -2.822E+00
 -4.3002500E+03 -5.379E+00 -6.012E+00 -3.417E+00
 -4.2997500E+03 -5.257E+00 -5.653E+00 -2.888E+00
 -4.2992500E+03 -6.024E+00 -6.340E+00 -2.477E+00
 -4.2987500E+03 -5.623E+00 -6.431E+00 -4.057E+00
 -4.2982500E+03 -5.648E+00 -5.992E+00 -2.300E+00
 -4.2977500E+03 -5.955E+00 -6.609E+00 -3.569E+00
 -4.2972500E+03 -5.582E+00 -6.246E+00 -3.586E+00
 -4.2967500E+03 -6.093E+00 -6.467E+00 -2.507E+00
 -4.2962500E+03 -6.353E+00 -6.495E+00 -1.697E+00
 -4.2957500E+03 -5.180E+00 -5.710E+00 -3.002E+00
 -4.2952500E+03 -5.332E+00 -6.183E+00 -4.469E+00
 -4.2947500E+03 -5.589E+00 -6.272E+00 -3.663E+00
 -4.2942500E+03 -4.935E+00 -5.376E+00 -2.921E+00
 -4.2937500E+03 -5.491E+00 -5.833E+00 -2.267E+00
 -4.2932500E+03 -5.360E+00 -5.773E+00 -2.681E+00
 -4.2927500E+03 -5.653E+00 -6.001E+00 -2.589E+00
 -4.2922500E+03 -5.108E+00 -5.168E+00 -1.458E+00
 -4.2917500E+03 -5.582E+00 -6.300E+00 -3.744E+00
 -4.2912500E+03 -4.488E+00 -5.236E+00 -3.804E+00
 -4.2907500E+03 -4.772E+00 -5.070E+00 -2.457E+00
 -4.2902500E+03 -5.465E+00 -5.816E+00 -2.191E+00
 -4.2897500E+03 -5.593E+00 -5.700E+00 -1.473E+00
 -4.2892500E+03 -4.999E+00 -5.401E+00 -2.780E+00
 -4.2887500E+03 -5.362E+00 -5.833E+00 -2.844E+00
 -4.2882500E+03 -5.614E+00 -6.083E+00 -2.918E+00
 -4.2877500E+03 -4.411E+00 -5.083E+00 -3.452E+00
 -4.2872500E+03 -5.701E+00 -6.194E+00 -2.923E+00
 -4.2867500E+03 -5.188E+00 -5.298E+00 -1.032E+00
 -4.2862500E+03 -4.145E+00 -4.402E+00 -2.023E+00
 -4.2857500E+03 -5.724E+00 -6.113E+00 -2.551E+00
 -4.2852500E+03 -5.934E+00 -6.597E+00 -3.543E+00
 -4.2847500E+03 -4.949E+00 -5.516E+00 -3.032E+00
 -4.2842500E+03 -5.399E+00 -5.943E+00 -3.058E+00
 -4.2837500E+03 -5.533E+00 -6.001E+00 -2.797E+00
 -4.2832500E+03 -5.448E+00 -5.841E+00 -2.709E+00
 -4.2827500E+03 -5.554E+00 -5.866E+00 -2.417E+00
 -4.2822500E+03 -4.979E+00 -5.581E+00 -3.162E+00
 -4.2817500E+03 -5.350E+00 -5.731E+00 -2.353E+00
 -4.2812500E+03 -4.618E+00 -5.055E+00 -2.656E+00
 -4.2807500E+03 -4.988E+00 -5.380E+00 -2.536E+00
 -4.2802500E+03 -4.878E+00 -5.304E+00 -2.892E+00
 -4.2797500E+03 -4.142E+00 -4.582E+00 -2.523E+00
 -4.2792500E+03 -4.302E+00 -4.674E+00 -2.356E+00
 -4.2787500E+03 -4.801E+00 -5.264E+00 -2.714E+00
 -4.2782500E+03 -4.823E+00 -5.005E+00 -1.672E+00
 -4.2777500E+03 -4.714E+00 -5.252E+00 -2.719E+00
 -4.2772500E+03 -4.511E+00 -4.787E+00 -1.886E+00
 -4.2767500E+03 -5.045E+00 -5.360E+00 -2.369E+00
 -4.2762500E+03 -5.176E+00 -5.568E+00 -2.554E+00
 -4.2757500E+03 -5.492E+00 -5.708E+00 -2.036E+00
 -4.2752500E+03 -5.155E+00 -5.702E+00 -3.175E+00
 -4.2747500E+03 -5.136E+00 -5.366E+00 -1.836E+00
 -4.2742500E+03 -4.263E+00 -4.766E+00 -2.592E+00
 -4.2737500E+03 -4.326E+00 -4.921E+00 -3.049E+00
 -4.2732500E+03 -5.558E+00 -5.810E+00 -1.970E+00
 -4.2727500E+03 -5.048E+00 -5.427E+00 -2.650E+00
 -4.2722500E+03 -5.289E+00 -5.685E+00 -2.533E+00
 -4.2717500E+03 -4.694E+00 -5.342E+00 -3.355E+00
 -4.2712500E+03 -4.958E+00 -5.505E+00 -2.998E+00
 -4.2707500E+03 -4.227E+00 -4.607E+00 -2.231E+00
 -4.2702500E+03 -3.532E+00 -3.962E+00 -2.390E+00
 -4.2697500E+03 -4.128E+00 -4.648E+00 -2.950E+00
 -4.2692500E+03 -5.188E+00 -5.513E+00 -2.435E+00
 -4.2687500E+03 -4.848E+00 -5.489E+00 -3.134E+00
 -4.2682500E+03 -4.748E+00 -5.269E+00 -2.995E+00
 -4.2677500E+03 -5.425E+00 -5.738E+00 -2.169E+00
 -4.2672500E+03 -4.746E+00 -4.989E+00 -1.814E+00
 -4.2667500E+03 -4.684E+00 -5.057E+00 -2.211E+00
 -4.2662500E+03 -4.873E+00 -5.266E+00 -2.550E+00
 -4.2657500E+03 -4.426E+00 -5.222E+00 -3.731E+00
 -4.2652500E+03 -4.206E+00 -4.516E+00 -2.189E+00
 -4.2647500E+03 -4.283E+00 -4.805E+00 -2.699E+00
 -4.2642500E+03 -4.798E+00 -5.121E+00 -2.124E+00
 -4.2637500E+03 -5.142E+00 -5.505E+00 -2.213E+00
 -4.2632500E+03 -5.218E+00 -5.718E+00 -2.905E+00
 -4.2627500E+03 -3.740E+00 -4.409E+00 -3.437E+00
 -4.2622500E+03 -4.419E+00 -4.753E+00 -2.221E+00
 -4.2617500E+03 -4.651E+00 -5.377E+00 -3.510E+00
 -4.2612500E+03 -3.990E+00 -4.204E+00 -1.476E+00
 -4.2607500E+03 -4.843E+00 -4.854E+00 -1.090E+00
 -4.2602500E+03 -4.425E+00 -4.812E+00 -2.100E+00
 -4.2597500E+03 -5.200E+00 -5.599E+00 -2.557E+00
 -4.2592500E+03 -4.151E+00 -4.602E+00 -2.648E+00
 -4.2587500E+03 -5.032E+00 -5.327E+00 -2.226E+00
 -4.2582500E+03 -4.518E+00 -5.011E+00 -2.705E+00
 -4.2577500E+03 -5.054E+00 -5.585E+00 -3.022E+00
 -4.2572500E+03 -4.579E+00 -4.721E+00 -1.503E+00
 -4.2567500E+03 -5.321E+00 -5.558E+00 -1.976E+00
 -4.2562500E+03 -3.681E+00 -3.967E+00 -2.012E+00
 -4.2557500E+03 -3.977E+00 -4.754E+00 -3.598E+00
 -4.2552500E+03 -4.126E+00 -4.928E+00 -4.314E+00
 -4.2547500E+03 -3.454E+00 -3.991E+00 -2.856E+00
 -4.2542500E+03 -3.843E+00 -4.193E+00 -2.015E+00
 -4.2537500E+03 -4.799E+00 -4.923E+00 -1.375E+00
 -4.2532500E+03 -4.580E+00 -4.902E+00 -2.226E+00
 -4.2527500E+03 -4.038E+00 -4.461E+00 -2.449E+00
 -4.2522500E+03 -3.561E+00 -4.119E+00 -2.692E+00
 -4.2517500E+03 -4.010E+00 -4.606E+00 -2.878E+00
 -4.2512500E+03 -4.514E+00 -5.156E+00 -3.411E+00
 -4.2507500E+03 -4.874E+00 -5.067E+00 -1.784E+00
 -4.2502500E+03 -4.820E+00 -5.124E+00 -2.177E+00
 -4.2497500E+03 -4.326E+00 -4.411E+00 -1.365E+00
 -4.2492500E+03 -4.137E+00 -4.760E+00 -2.958E+00
 -4.2487500E+03 -3.781E+00 -4.179E+00 -2.211E+00
 -4.2482500E+03 -3.741E+00 -3.873E+00 -1.603E+00
 -4.2477500E+03 -4.570E+00 -4.763E+00 -1.727E+00
 -4.2472500E+03 -4.118E+00 -4.714E+00 -2.936E+00
 -4.2467500E+03 -4.883E+00 -5.360E+00 -2.485E+00
 -4.2462500E+03 -4.199E+00 -4.709E+00 -2.385E+00
 -4.2457500E+03 -4.807E+00 -5.005E+00 -1.768E+00
 -4.2452500E+03 -3.854E+00 -4.280E+00 -2.523E+00
 -4.2447500E+03 -3.942E+00 -4.698E+00 -3.437E+00
 -4.2442500E+03 -4.490E+00 -4.833E+00 -2.201E+00
 -4.2437500E+03 -3.476E+00 -3.814E+00 -1.905E+00
 -4.2432500E+03 -4.092E+00 -4.673E+00 -3.191E+00
 -4.2427500E+03 -4.047E+00 -4.606E+00 -2.937E+00
 -4.2422500E+03 -3.847E+00 -4.366E+00 -2.923E+00
 -4.2417500E+03 -4.887E+00 -4.755E+00 -5.003E-01
 -4.2412500E+03 -4.425E+00 -4.379E+00 -6.374E-01
 -4.2407500E+03 -4.145E+00 -4.152E+00 -9.208E-01
 -4.2402500E+03 -4.023E+00 -4.412E+00 -2.360E+00
 -4.2397500E+03 -4.264E+00 -4.734E+00 -2.528E+00
 -4.2392500E+03 -3.740E+00 -4.172E+00 -2.266E+00
 -4.2387500E+03 -4.638E+00 -4.852E+00 -1.870E+00
 -4.2382500E+03 -3.648E+00 -4.292E+00 -3.217E+00
 -4.2377500E+03 -3.785E+00 -4.381E+00 -2.799E+00
 -4.2372500E+03 -4.344E+00 -4.909E+00 -2.589E+00
 -4.2367500E+03 -3.688E+00 -4.130E+00 -2.059E+00
 -4.2362500E+03 -3.975E+00 -4.449E+00 -2.488E+00
 -4.2357500E+03 -3.262E+00 -3.719E+00 -2.415E+00
 -4.2352500E+03 -4.202E+00 -4.497E+00 -2.137E+00
 -4.2347500E+03 -3.942E+00 -4.146E+00 -2.033E+00
 -4.2342500E+03 -3.715E+00 -4.252E+00 -2.869E+00
 -4.2337500E+03 -3.444E+00 -3.898E+00 -2.276E+00
 -4.2332500E+03 -4.762E+00 -4.990E+00 -1.760E+00
 -4.2327500E+03 -3.040E+00 -3.300E+00 -1.897E+00
 -4.2322500E+03 -4.459E+00 -4.720E+00 -2.050E+00
 -4.2317500E+03 -4.063E+00 -4.087E+00 -8.921E-01
 -4.2312500E+03 -4.217E+00 -4.349E+00 -1.397E+00
 -4.2307500E+03 -3.573E+00 -4.073E+00 -2.934E+00
 -4.2302500E+03 -3.662E+00 -3.818E+00 -1.229E+00
 -4.2297500E+03 -3.085E+00 -3.472E+00 -2.080E+00
 -4.2292500E+03 -4.392E+00 -4.697E+00 -2.064E+00
 -4.2287500E+03 -4.878E+00 -5.238E+00 -2.113E+00
 -4.2282500E+03 -4.755E+00 -5.333E+00 -2.897E+00
 -4.2277500E+03 -4.143E+00 -4.499E+00 -2.013E+00
 -4.2272500E+03 -4.432E+00 -4.655E+00 -1.932E+00
 -4.2267500E+03 -3.135E+00 -3.701E+00 -2.941E+00
 -4.2262500E+03 -3.417E+00 -4.028E+00 -2.849E+00
 -4.2257500E+03 -3.108E+00 -3.597E+00 -2.450E+00
 -4.2252500E+03 -4.000E+00 -4.189E+00 -1.589E+00
 -4.2247500E+03 -4.406E+00 -4.484E+00 -1.038E+00
 -4.2242500E+03 -4.082E+00 -4.417E+00 -2.127E+00
 -4.2237500E+03 -4.323E+00 -4.392E+00 -1.161E+00
 -4.2232500E+03 -4.248E+00 -4.520E+00 -1.752E+00
 -4.2227500E+03 -3.434E+00 -3.922E+00 -2.553E+00
 -4.2222500E+03 -3.221E+00 -3.531E+00 -1.900E+00
 -4.2217500E+03 -4.179E+00 -4.626E+00 -2.281E+00
 -4.2212500E+03 -3.739E+00 -4.203E+00 -2.388E+00
 -4.2207500E+03 -3.491E+00 -3.778E+00 -1.865E+00
 -4.2202500E+03 -3.114E+00 -3.478E+00 -1.876E+00
 -4.2197500E+03 -4.348E+00 -4.391E+00 -1.069E+00
 -4.2192500E+03 -4.240E+00 -4.228E+00 -7.430E-01
 -4.2187500E+03 -4.333E+00 -4.689E+00 -2.148E+00
 -4.2182500E+03 -3.349E+00 -3.956E+00 -3.247E+00
 -4.2177500E+03 -3.047E+00 -3.537E+00 -2.577E+00
 -4.2172500E+03 -4.064E+00 -4.143E+00 -1.110E+00
 -4.2167500E+03 -4.065E+00 -4.118E+00 -1.093E+00
 -4.2162500E+03 -3.847E+00 -4.295E+00 -2.184E+00
 -4.2157500E+03 -3.259E+00 -3.702E+00 -2.276E+00
 -4.2152500E+03 -3.566E+00 -3.885E+00 -2.077E+00
 -4.2147500E+03 -3.595E+00 -4.074E+00 -2.556E+00
 -4.2142500E+03 -3.531E+00 -3.840E+00 -2.145E+00
 -4.2137500E+03 -3.450E+00 -3.825E+00 -2.025E+00
 -4.2132500E+03 -3.431E+00 -3.674E+00 -1.674E+00
 -4.2127500E+03 -4.279E+00 -4.449E+00 -1.370E+00
 -4.2122500E+03 -3.517E+00 -3.670E+00 -1.222E+00
 -4.2117500E+03 -3.647E+00 -4.081E+00 -2.153E+00
 -4.2112500E+03 -3.248E+00 -3.906E+00 -3.286E+00
 -4.2107500E+03 -3.048E+00 -3.158E+00 -1.322E+00
 -4.2102500E+03 -3.345E+00 -3.823E+00 -2.362E+00
 -4.2097500E+03 -3.487E+00 -3.688E+00 -1.993E+00
 -4.2092500E+03 -2.549E+00 -3.030E+00 -2.397E+00
 -4.2087500E+03 -4.230E+00 -4.670E+00 -2.299E+00
 -4.2082500E+03 -3.473E+00 -3.703E+00 -1.690E+00
 -4.2077500E+03 -4.017E+00 -4.380E+00 -2.055E+00
 -4.2072500E+03 -4.123E+00 -4.404E+00 -1.605E+00
 -4.2067500E+03 -3.913E+00 -4.264E+00 -1.930E+00
 -4.2062500E+03 -4.014E+00 -4.189E+00 -1.713E+00
 -4.2057500E+03 -3.781E+00 -4.110E+00 -1.828E+00
 -4.2052500E+03 -2.663E+00 -3.001E+00 -1.843E+00
 -4.2047500E+03 -3.252E+00 -3.376E+00 -1.263E+00
 -4.2042500E+03 -3.683E+00 -3.947E+00 -1.446E+00
 -4.2037500E+03 -2.990E+00 -3.461E+00 -2.433E+00
 -4.2032500E+03 -3.790E+00 -4.124E+00 -2.037E+00
 -4.2027500E+03 -3.275E+00 -3.798E+00 -2.634E+00
 -4.2022500E+03 -3.669E+00 -4.163E+00 -2.141E+00
 -4.2017500E+03 -3.694E+00 -3.742E+00 -9.316E-01
 -4.2012500E+03 -3.249E+00 -3.318E+00 -1.342E+00
 -4.2007500E+03 -3.597E+00 -3.993E+00 -1.815E+00
 -4.2002500E+03 -2.747E+00 -3.200E+00 -2.910E+00
 -4.1997500E+03 -3.127E+00 -3.463E+00 -2.108E+00
 -4.1992500E+03 -2.565E+00 -2.919E+00 -2.222E+00
 -4.1987500E+03 -3.031E+00 -3.326E+00 -2.076E+00
 -4.1982500E+03 -3.343E+00 -3.563E+00 -1.658E+00
 -4.1977500E+03 -3.168E+00 -3.509E+00 -1.976E+00
 -4.1972500E+03 -3.776E+00 -4.082E+00 -1.514E+00
 -4.1967500E+03 -3.354E+00 -3.375E+00 -8.255E-01
 -4.1962500E+03 -3.315E+00 -3.462E+00 -1.353E+00
 -4.1957500E+03 -3.680E+00 -4.195E+00 -2.611E+00
 -4.1952500E+03 -3.157E+00 -3.485E+00 -1.971E+00
 -4.1947500E+03 -3.220E+00 -3.801E+00 -2.781E+00
 -4.1942500E+03 -3.820E+00 -3.977E+00 -1.530E+00
 -4.1937500E+03 -3.466E+00 -3.768E+00 -1.775E+00
 -4.1932500E+03 -3.137E+00 -3.414E+00 -1.775E+00
 -4.1927500E+03 -2.940E+00 -3.237E+00 -1.774E+00
 -4.1922500E+03 -3.675E+00 -3.866E+00 -1.449E+00
 -4.1917500E+03 -3.595E+00 -3.869E+00 -1.744E+00
 -4.1912500E+03 -3.082E+00 -3.596E+00 -2.611E+00
 -4.1907500E+03 -2.605E+00 -2.795E+00 -1.204E+00
 -4.1902500E+03 -3.215E+00 -3.498E+00 -1.754E+00
 -4.1897500E+03 -2.727E+00 -3.029E+00 -1.615E+00
 -4.1892500E+03 -3.102E+00 -3.421E+00 -1.684E+00
 -4.1887500E+03 -3.685E+00 -3.599E+00 -5.517E-01
 -4.1882500E+03 -3.004E+00 -2.991E+00 -7.886E-01
 -4.1877500E+03 -3.364E+00 -3.736E+00 -2.065E+00
 -4.1872500E+03 -2.680E+00 -3.143E+00 -2.132E+00
 -4.1867500E+03 -3.024E+00 -3.812E+00 -3.526E+00
 -4.1862500E+03 -3.519E+00 -3.823E+00 -1.831E+00
 -4.1857500E+03 -3.347E+00 -3.488E+00 -1.205E+00
 -4.1852500E+03 -3.572E+00 -3.715E+00 -1.293E+00
 -4.1847500E+03 -3.139E+00 -3.557E+00 -2.070E+00
 -4.1842500E+03 -3.406E+00 -3.652E+00 -1.338E+00
 -4.1837500E+03 -3.004E+00 -3.586E+00 -2.848E+00
 -4.1832500E+03 -2.832E+00 -3.162E+00 -1.924E+00
 -4.1827500E+03 -2.922E+00 -2.917E+00 -8.024E-01
 -4.1822500E+03 -2.913E+00 -2.854E+00 -3.464E-01
 -4.1817500E+03 -2.752E+00 -3.034E+00 -1.600E+00
 -4.1812500E+03 -3.279E+00 -3.497E+00 -1.412E+00
 -4.1807500E+03 -4.035E+00 -4.284E+00 -1.766E+00
 -4.1802500E+03 -2.963E+00 -3.273E+00 -1.973E+00
 -4.1797500E+03 -2.811E+00 -3.196E+00 -1.734E+00
 -4.1792500E+03 -2.964E+00 -2.983E+00 -6.382E-01
 -4.1787500E+03 -2.535E+00 -2.721E+00 -1.253E+00
 -4.1782500E+03 -3.053E+00 -3.165E+00 -1.036E+00
 -4.1777500E+03 -3.704E+00 -3.872E+00 -1.391E+00
 -4.1772500E+03 -3.188E+00 -3.654E+00 -2.407E+00
 -4.1767500E+03 -3.036E+00 -3.458E+00 -2.133E+00
 -4.1762500E+03 -3.077E+00 -3.342E+00 -1.669E+00
 -4.1757500E+03 -2.831E+00 -3.109E+00 -1.400E+00
 -4.1752500E+03 -3.166E+00 -3.430E+00 -1.945E+00
 -4.1747500E+03 -2.760E+00 -3.083E+00 -1.723E+00
 -4.1742500E+03 -3.630E+00 -3.984E+00 -1.802E+00
 -4.1737500E+03 -3.251E+00 -3.391E+00 -1.385E+00
 -4.1732500E+03 -3.123E+00 -3.379E+00 -1.631E+00
 -4.1727500E+03 -3.251E+00 -3.484E+00 -1.508E+00
 -4.1722500E+03 -3.441E+00 -3.821E+00 -1.987E+00
 -4.1717500E+03 -2.536E+00 -2.925E+00 -2.065E+00
 -4.1712500E+03 -2.417E+00 -2.639E+00 -1.496E+00
 -4.1707500E+03 -3.254E+00 -3.621E+00 -1.888E+00
 -4.1702500E+03 -2.876E+00 -3.159E+00 -1.575E+00
 -4.1697500E+03 -2.687E+00 -3.188E+00 -2.265E+00
 -4.1692500E+03 -3.335E+00 -3.514E+00 -1.313E+00
 -4.1687500E+03 -3.290E+00 -3.625E+00 -2.035E+00
 -4.1682500E+03 -3.394E+00 -3.554E+00 -1.218E+00
 -4.1677500E+03 -2.941E+00 -3.249E+00 -1.645E+00
 -4.1672500E+03 -2.555E+00 -2.601E+00 -8.447E-01
 -4.1667500E+03 -3.245E+00 -3.637E+00 -2.200E+00
 -4.1662500E+03 -3.522E+00 -4.022E+00 -2.538E+00
 -4.1657500E+03 -3.060E+00 -3.427E+00 -1.816E+00
 -4.1652500E+03 -3.190E+00 -3.537E+00 -1.818E+00
 -4.1647500E+03 -2.852E+00 -2.994E+00 -1.233E+00
 -4.1642500E+03 -3.782E+00 -3.938E+00 -1.449E+00
 -4.1637500E+03 -2.269E+00 -2.416E+00 -1.298E+00
 -4.1632500E+03 -2.248E+00 -2.699E+00 -2.234E+00
 -4.1627500E+03 -2.441E+00 -2.599E+00 -1.126E+00
 -4.1622500E+03 -2.436E+00 -2.699E+00 -1.331E+00
 -4.1617500E+03 -3.466E+00 -3.922E+00 -2.124E+00
 -4.1612500E+03 -3.549E+00 -3.733E+00 -1.347E+00
 -4.1607500E+03 -2.370E+00 -2.480E+00 -1.180E+00
 -4.1602500E+03 -2.556E+00 -2.714E+00 -1.287E+00
 -4.1597500E+03 -2.907E+00 -3.006E+00 -7.244E-01
 -4.1592500E+03 -2.581E+00 -2.886E+00 -1.503E+00
 -4.1587500E+03 -3.023E+00 -3.183E+00 -1.135E+00
 -4.1582500E+03 -2.876E+00 -3.224E+00 -2.452E+00
 -4.1577500E+03 -2.983E+00 -2.968E+00 -8.596E-01
 -4.1572500E+03 -2.724E+00 -2.929E+00 -1.316E+00
 -4.1567500E+03 -2.864E+00 -3.253E+00 -2.105E+00
 -4.1562500E+03 -2.959E+00 -3.439E+00 -2.434E+00
 -4.1557500E+03 -2.732E+00 -2.850E+00 -1.272E+00
 -4.1552500E+03 -2.872E+00 -3.130E+00 -1.688E+00
 -4.1547500E+03 -2.460E+00 -2.868E+00 -1.955E+00
 -4.1542500E+03 -2.389E+00 -2.769E+00 -1.594E+00
 -4.1537500E+03 -2.517E+00 -2.824E+00 -1.743E+00
 -4.1532500E+03 -2.737E+00 -3.320E+00 -2.716E+00
 -4.1527500E+03 -2.632E+00 -3.171E+00 -2.461E+00
 -4.1522500E+03 -2.601E+00 -2.623E+00 -4.820E-01
 -4.1517500E+03 -2.971E+00 -3.100E+00 -1.102E+00
 -4.1512500E+03 -3.248E+00 -3.551E+00 -1.585E+00
 -4.1507500E+03 -3.026E+00 -2.862E+00 -2.747E-01
 -4.1502500E+03 -2.780E+00 -2.805E+00 -5.554E-01
 -4.1497500E+03 -2.560E+00 -2.764E+00 -1.268E+00
 -4.1492500E+03 -2.373E+00 -2.608E+00 -1.366E+00
 -4.1487500E+03 -2.591E+00 -2.852E+00 -1.610E+00
 -4.1482500E+03 -2.403E+00 -2.628E+00 -1.437E+00
 -4.1477500E+03 -2.491E+00 -2.566E+00 -7.519E-01
 -4.1472500E+03 -3.044E+00 -3.173E+00 -1.033E+00
 -4.1467500E+03 -3.134E+00 -3.386E+00 -1.447E+00
 -4.1462500E+03 -2.454E+00 -2.792E+00 -1.881E+00
 -4.1457500E+03 -3.367E+00 -3.510E+00 -1.375E+00
 -4.1452500E+03 -3.218E+00 -3.496E+00 -1.507E+00
 -4.1447500E+03 -2.312E+00 -2.591E+00 -1.467E+00
 -4.1442500E+03 -2.247E+00 -2.728E+00 -2.360E+00
 -4.1437500E+03 -2.668E+00 -2.821E+00 -1.242E+00
 -4.1432500E+03 -3.320E+00 -3.635E+00 -1.763E+00
 -4.1427500E+03 -2.470E+00 -2.774E+00 -1.629E+00
 -4.1422500E+03 -2.650E+00 -2.835E+00 -1.143E+00
 -4.1417500E+03 -2.736E+00 -2.860E+00 -1.101E+00
 -4.1412500E+03 -2.177E+00 -2.300E+00 -8.978E-01
 -4.1407500E+03 -2.546E+00 -2.556E+00 -5.429E-01
 -4.1402500E+03 -2.552E+00 -2.669E+00 -1.201E+00
 -4.1397500E+03 -2.983E+00 -3.093E+00 -1.348E+00
 -4.1392500E+03 -3.068E+00 -3.376E+00 -1.936E+00
 -4.1387500E+03 -2.292E+00 -2.476E+00 -1.248E+00
 -4.1382500E+03 -2.043E+00 -2.300E+00 -1.250E+00
 -4.1377500E+03 -2.803E+00 -2.958E+00 -8.859E-01
 -4.1372500E+03 -2.347E+00 -2.479E+00 -8.624E-01
 -4.1367500E+03 -2.262E+00 -2.684E+00 -2.018E+00
 -4.1362500E+03 -3.458E+00 -3.623E+00 -1.309E+00
 -4.1357500E+03 -2.580E+00 -2.979E+00 -1.819E+00
 -4.1352500E+03 -2.633E+00 -2.759E+00 -9.341E-01
 -4.1347500E+03 -2.142E+00 -2.357E+00 -1.362E+00
 -4.1342500E+03 -2.285E+00 -2.711E+00 -1.937E+00
 -4.1337500E+03 -2.629E+00 -2.815E+00 -1.133E+00
 -4.1332500E+03 -2.654E+00 -2.939E+00 -1.619E+00
 -4.1327500E+03 -2.716E+00 -2.873E+00 -1.269E+00
 -4.1322500E+03 -2.790E+00 -2.920E+00 -1.404E+00
 -4.1317500E+03 -2.193E+00 -2.615E+00 -1.929E+00
 -4.1312500E+03 -2.412E+00 -2.639E+00 -1.271E+00
 -4.1307500E+03 -2.588E+00 -2.888E+00 -1.448E+00
 -4.1302500E+03 -2.918E+00 -3.269E+00 -1.585E+00
 -4.1297500E+03 -2.149E+00 -2.418E+00 -1.547E+00
 -4.1292500E+03 -2.489E+00 -2.656E+00 -1.253E+00
 -4.1287500E+03 -1.719E+00 -1.959E+00 -1.587E+00
 -4.1282500E+03 -2.228E+00 -2.274E+00 -8.130E-01
 -4.1277500E+03 -2.169E+00 -2.461E+00 -1.717E+00
 -4.1272500E+03 -2.507E+00 -2.685E+00 -1.203E+00
 -4.1267500E+03 -2.642E+00 -2.864E+00 -1.337E+00
 -4.1262500E+03 -1.936E+00 -2.305E+00 -1.617E+00
 -4.1257500E+03 -2.063E+00 -2.491E+00 -2.169E+00
 -4.1252500E+03 -2.751E+00 -2.844E+00 -9.834E-01
 -4.1247500E+03 -2.574E+00 -2.567E+00 -4.966E-01
 -4.1242500E+03 -2.283E+00 -2.464E+00 -1.082E+00
 -4.1237500E+03 -2.460E+00 -2.726E+00 -1.271E+00
 -4.1232500E+03 -2.627E+00 -2.842E+00 -1.220E+00
 -4.1227500E+03 -2.318E+00 -2.480E+00 -1.274E+00
 -4.1222500E+03 -2.423E+00 -2.733E+00 -1.526E+00
 -4.1217500E+03 -2.301E+00 -2.348E+00 -8.325E-01
 -4.1212500E+03 -2.321E+00 -2.547E+00 -1.214E+00
 -4.1207500E+03 -2.974E+00 -3.134E+00 -1.047E+00
 -4.1202500E+03 -2.563E+00 -2.840E+00 -1.501E+00
 -4.1197500E+03 -2.481E+00 -2.657E+00 -1.196E+00
 -4.1192500E+03 -2.910E+00 -3.126E+00 -1.453E+00
 -4.1187500E+03 -2.803E+00 -3.093E+00 -1.624E+00
 -4.1182500E+03 -2.574E+00 -2.563E+00 -6.622E-01
 -4.1177500E+03 -2.282E+00 -2.536E+00 -1.417E+00
 -4.1172500E+03 -2.104E+00 -2.452E+00 -1.731E+00
 -4.1167500E+03 -2.234E+00 -2.784E+00 -1.764E+00
 -4.1162500E+03 -2.128E+00 -2.338E+00 -1.175E+00
 -4.1157500E+03 -2.435E+00 -2.452E+00 -6.671E-01
 -4.1152500E+03 -2.460E+00 -2.716E+00 -1.636E+00
 -4.1147500E+03 -2.454E+00 -2.809E+00 -1.869E+00
 -4.1142500E+03 -2.437E+00 -2.501E+00 -7.440E-01
 -4.1137500E+03 -2.348E+00 -2.490E+00 -1.142E+00
 -4.1132500E+03 -2.295E+00 -2.511E+00 -1.467E+00
 -4.1127500E+03 -1.907E+00 -2.084E+00 -1.281E+00
 -4.1122500E+03 -2.673E+00 -2.848E+00 -1.065E+00
 -4.1117500E+03 -1.677E+00 -2.110E+00 -2.057E+00
 -4.1112500E+03 -2.870E+00 -2.988E+00 -1.101E+00
 -4.1107500E+03 -1.955E+00 -2.303E+00 -1.673E+00
 -4.1102500E+03 -2.312E+00 -2.633E+00 -1.723E+00
 -4.1097500E+03 -2.384E+00 -2.582E+00 -1.196E+00
 -4.1092500E+03 -2.678E+00 -2.930E+00 -1.365E+00
 -4.1087500E+03 -2.174E+00 -2.203E+00 -6.897E-01
 -4.1082500E+03 -2.919E+00 -3.127E+00 -1.385E+00
 -4.1077500E+03 -2.645E+00 -2.900E+00 -1.523E+00
 -4.1072500E+03 -1.708E+00 -1.879E+00 -9.550E-01
 -4.1067500E+03 -2.138E+00 -2.429E+00 -1.722E+00
 -4.1062500E+03 -2.185E+00 -2.567E+00 -1.699E+00
 -4.1057500E+03 -2.134E+00 -2.036E+00 -6.016E-02
 -4.1052500E+03 -2.485E+00 -2.475E+00 -4.553E-01
 -4.1047500E+03 -2.442E+00 -2.536E+00 -7.482E-01
 -4.1042500E+03 -1.473E+00 -1.588E+00 -7.811E-01
 -4.1037500E+03 -2.661E+00 -2.871E+00 -9.016E-01
 -4.1032500E+03 -1.959E+00 -2.367E+00 -1.943E+00
 -4.1027500E+03 -2.389E+00 -2.579E+00 -1.073E+00
 -4.1022500E+03 -1.913E+00 -2.211E+00 -1.685E+00
 -4.1017500E+03 -2.293E+00 -2.544E+00 -1.252E+00
 -4.1012500E+03 -2.395E+00 -2.621E+00 -1.654E+00
 -4.1007500E+03 -2.014E+00 -2.127E+00 -6.444E-01
 -4.1002500E+03 -2.011E+00 -2.112E+00 -7.055E-01
 -4.0997500E+03 -2.660E+00 -2.640E+00 -6.327E-01
 -4.0992500E+03 -2.188E+00 -2.501E+00 -1.722E+00
 -4.0987500E+03 -2.113E+00 -2.502E+00 -1.989E+00
 -4.0982500E+03 -2.555E+00 -2.941E+00 -1.708E+00
 -4.0977500E+03 -2.185E+00 -2.161E+00 -5.091E-01
 -4.0972500E+03 -2.024E+00 -2.297E+00 -1.537E+00
 -4.0967500E+03 -1.923E+00 -2.097E+00 -1.129E+00
 -4.0962500E+03 -2.108E+00 -2.249E+00 -1.112E+00
 -4.0957500E+03 -2.682E+00 -2.960E+00 -1.452E+00
 -4.0952500E+03 -2.492E+00 -2.646E+00 -1.132E+00
 -4.0947500E+03 -2.841E+00 -2.854E+00 -4.783E-01
 -4.0942500E+03 -2.012E+00 -2.263E+00 -1.291E+00
 -4.0937500E+03 -2.234E+00 -2.577E+00 -1.589E+00
 -4.0932500E+03 -2.590E+00 -2.627E+00 -5.602E-01
 -4.0927500E+03 -2.044E+00 -2.428E+00 -1.706E+00
 -4.0922500E+03 -2.337E+00 -2.520E+00 -1.143E+00
 -4.0917500E+03 -1.792E+00 -1.814E+00 -7.050E-01
 -4.0912500E+03 -2.083E+00 -2.300E+00 -1.377E+00
 -4.0907500E+03 -1.547E+00 -1.883E+00 -1.677E+00
 -4.0902500E+03 -1.854E+00 -2.057E+00 -1.147E+00
 -4.0897500E+03 -2.754E+00 -2.978E+00 -1.398E+00
 -4.0892500E+03 -2.031E+00 -2.131E+00 -9.258E-01
 -4.0887500E+03 -1.711E+00 -1.943E+00 -1.497E+00
 -4.0882500E+03 -1.616E+00 -1.691E+00 -6.802E-01
 -4.0877500E+03 -1.973E+00 -2.195E+00 -1.237E+00
 -4.0872500E+03 -1.997E+00 -2.302E+00 -1.426E+00
 -4.0867500E+03 -2.117E+00 -2.211E+00 -7.362E-01
 -4.0862500E+03 -2.025E+00 -2.133E+00 -7.042E-01
 -4.0857500E+03 -1.931E+00 -2.266E+00 -1.713E+00
 -4.0852500E+03 -1.981E+00 -2.178E+00 -1.132E+00
 -4.0847500E+03 -2.349E+00 -2.638E+00 -1.602E+00
 -4.0842500E+03 -2.397E+00 -2.724E+00 -1.792E+00
 -4.0837500E+03 -1.619E+00 -1.731E+00 -7.230E-01
 -4.0832500E+03 -1.559E+00 -1.703E+00 -9.320E-01
 -4.0827500E+03 -1.913E+00 -2.073E+00 -1.132E+00
 -4.0822500E+03 -1.226E+00 -1.338E+00 -8.698E-01
 -4.0817500E+03 -1.906E+00 -2.162E+00 -1.262E+00
 -4.0812500E+03 -2.726E+00 -2.834E+00 -7.071E-01
 -4.0807500E+03 -2.376E+00 -2.900E+00 -1.939E+00
 -4.0802500E+03 -1.770E+00 -1.769E+00 -8.477E-01
 -4.0797500E+03 -1.874E+00 -2.107E+00 -1.266E+00
 -4.0792500E+03 -1.654E+00 -1.920E+00 -1.268E+00
 -4.0787500E+03 -2.135E+00 -2.289E+00 -1.216E+00
 -4.0782500E+03 -1.539E+00 -1.870E+00 -1.652E+00
 -4.0777500E+03 -2.200E+00 -2.503E+00 -1.555E+00
 -4.0772500E+03 -1.842E+00 -1.973E+00 -7.830E-01
 -4.0767500E+03 -2.005E+00 -1.902E+00  1.618E-03
 -4.0762500E+03 -2.452E+00 -2.602E+00 -1.033E+00
 -4.0757500E+03 -1.508E+00 -1.597E+00 -8.735E-01
 -4.0752500E+03 -1.907E+00 -2.190E+00 -1.434E+00
 -4.0747500E+03 -1.874E+00 -2.274E+00 -1.580E+00
 -4.0742500E+03 -2.308E+00 -2.514E+00 -1.326E+00
 -4.0737500E+03 -2.005E+00 -2.134E+00 -1.041E+00
 -4.0732500E+03 -2.211E+00 -2.347E+00 -7.557E-01
 -4.0727500E+03 -2.130E+00 -2.270E+00 -8.928E-01
 -4.0722500E+03 -2.012E+00 -2.199E+00 -1.343E+00
 -4.0717500E+03 -1.554E+00 -1.630E+00 -6.571E-01
 -4.0712500E+03 -2.173E+00 -2.196E+00 -4.817E-01
 -4.0707500E+03 -2.068E+00 -2.212E+00 -1.122E+00
 -4.0702500E+03 -2.076E+00 -2.251E+00 -1.191E+00
 -4.0697500E+03 -1.679E+00 -1.609E+00 -2.337E-01
 -4.0692500E+03 -1.580E+00 -1.614E+00 -6.559E-01
 -4.0687500E+03 -2.433E+00 -2.496E+00 -6.261E-01
 -4.0682500E+03 -1.903E+00 -2.027E+00 -8.028E-01
 -4.0677500E+03 -1.832E+00 -2.052E+00 -1.163E+00
 -4.0672500E+03 -2.139E+00 -2.461E+00 -1.389E+00
 -4.0667500E+03 -1.672E+00 -2.152E+00 -1.561E+00
 -4.0662500E+03 -1.481E+00 -1.529E+00 -5.956E-01
 -4.0657500E+03 -2.126E+00 -2.218E+00 -1.378E+00
 -4.0652500E+03 -2.650E+00 -2.823E+00 -1.196E+00
 -4.0647500E+03 -1.599E+00 -2.002E+00 -1.846E+00
 -4.0642500E+03 -1.739E+00 -1.989E+00 -1.234E+00
 -4.0637500E+03 -1.834E+00 -1.910E+00 -8.234E-01
 -4.0632500E+03 -1.965E+00 -2.004E+00 -6.739E-01
 -4.0627500E+03 -2.103E+00 -2.312E+00 -8.849E-01
 -4.0622500E+03 -1.749E+00 -2.081E+00 -1.684E+00
 -4.0617500E+03 -1.802E+00 -2.068E+00 -1.306E+00
 -4.0612500E+03 -1.711E+00 -2.163E+00 -1.861E+00
 -4.0607500E+03 -2.028E+00 -2.383E+00 -1.719E+00
 -4.0602500E+03 -1.940E+00 -2.044E+00 -7.134E-01
 -4.0597500E+03 -1.215E+00 -1.355E+00 -8.023E-01
 -4.0592500E+03 -2.369E+00 -2.321E+00 -4.683E-01
 -4.0587500E+03 -1.944E+00 -2.131E+00 -1.225E+00
 -4.0582500E+03 -2.150E+00 -2.249E+00 -7.026E-01
 -4.0577500E+03 -2.119E+00 -2.283E+00 -7.766E-01
 -4.0572500E+03 -2.064E+00 -2.186E+00 -8.973E-01
 -4.0567500E+03 -1.510E+00 -1.586E+00 -7.566E-01
 -4.0562500E+03 -1.825E+00 -1.961E+00 -8.969E-01
 -4.0557500E+03 -1.423E+00 -1.682E+00 -1.462E+00
 -4.0552500E+03 -1.720E+00 -2.020E+00 -1.474E+00
 -4.0547500E+03 -1.630E+00 -1.884E+00 -1.326E+00
 -4.0542500E+03 -1.653E+00 -1.779E+00 -9.144E-01
 -4.0537500E+03 -1.667E+00 -2.018E+00 -1.613E+00
 -4.0532500E+03 -1.526E+00 -1.606E+00 -6.002E-01
 -4.0527500E+03 -1.974E+00 -2.020E+00 -7.679E-01
 -4.0522500E+03 -2.596E+00 -2.743E+00 -8.742E-01
 -4.0517500E+03 -2.050E+00 -2.078E+00 -4.761E-01
 -4.0512500E+03 -1.610E+00 -1.859E+00 -1.159E+00
 -4.0507500E+03 -1.447E+00 -1.346E+00 -3.182E-01
 -4.0502500E+03 -1.531E+00 -1.659E+00 -1.101E+00
 -4.0497500E+03 -1.359E+00 -1.608E+00 -1.667E+00
 -4.0492500E+03 -1.826E+00 -2.194E+00 -1.525E+00
 -4.0487500E+03 -1.574E+00 -1.674E+00 -7.038E-01
 -4.0482500E+03 -1.703E+00 -1.962E+00 -1.270E+00
 -4.0477500E+03 -1.598E+00 -1.891E+00 -1.433E+00
 -4.0472500E+03 -1.825E+00 -1.877E+00 -8.945E-01
 -4.0467500E+03 -1.802E+00 -2.011E+00 -1.094E+00
 -4.0462500E+03 -2.166E+00 -2.202E+00 -6.245E-01
 -4.0457500E+03 -1.422E+00 -1.798E+00 -1.492E+00
 -4.0452500E+03 -1.684E+00 -1.681E+00 -3.841E-01
 -4.0447500E+03 -1.351E+00 -1.325E+00 -2.289E-01
 -4.0442500E+03 -2.168E+00 -2.382E+00 -1.250E+00
 -4.0437500E+03 -1.502E+00 -1.619E+00 -8.665E-01
 -4.0432500E+03 -1.626E+00 -1.625E+00 -4.620E-01
 -4.0427500E+03 -1.448E+00 -1.518E+00 -5.782E-01
 -4.0422500E+03 -1.985E+00 -2.177E+00 -1.111E+00
 -4.0417500E+03 -2.384E+00 -2.360E+00 -5.781E-01
 -4.0412500E+03 -1.250E+00 -1.292E+00 -5.692E-01
 -4.0407500E+03 -1.755E+00 -2.238E+00 -1.729E+00
 -4.0402500E+03 -2.222E+00 -2.245E+00 -3.666E-01
 -4.0397500E+03 -2.286E+00 -2.394E+00 -9.030E-01
 -4.0392500E+03 -1.382E+00 -1.443E+00 -9.016E-01
 -4.0387500E+03 -1.646E+00 -1.717E+00 -6.749E-01
 -4.0382500E+03 -2.024E+00 -2.366E+00 -1.184E+00
 -4.0377500E+03 -1.557E+00 -1.615E+00 -5.371E-01
 -4.0372500E+03 -1.385E+00 -1.763E+00 -1.717E+00
 -4.0367500E+03 -1.371E+00 -1.609E+00 -1.538E+00
 -4.0362500E+03 -1.993E+00 -2.042E+00 -4.213E-01
 -4.0357500E+03 -1.535E+00 -1.897E+00 -1.806E+00
 -4.0352500E+03 -1.914E+00 -1.959E+00 -5.999E-01
 -4.0347500E+03 -1.720E+00 -1.946E+00 -1.164E+00
 -4.0342500E+03 -1.431E+00 -1.657E+00 -9.265E-01
 -4.0337500E+03 -2.023E+00 -2.187E+00 -7.193E-01
 -4.0332500E+03 -1.908E+00 -1.983E+00 -4.760E-01
 -4.0327500E+03 -2.140E+00 -2.240E+00 -8.620E-01
 -4.0322500E+03 -1.603E+00 -1.844E+00 -1.113E+00
 -4.0317500E+03 -1.557E+00 -1.748E+00 -1.193E+00
 -4.0312500E+03 -1.387E+00 -1.568E+00 -1.076E+00
 -4.0307500E+03 -1.195E+00 -1.277E+00 -5.846E-01
 -4.0302500E+03 -1.898E+00 -2.127E+00 -1.131E+00
 -4.0297500E+03 -1.804E+00 -1.933E+00 -7.455E-01
 -4.0292500E+03 -2.060E+00 -2.148E+00 -1.051E+00
 -4.0287500E+03 -1.640E+00 -1.679E+00 -6.258E-01
 -4.0282500E+03 -1.288E+00 -1.493E+00 -9.132E-01
 -4.0277500E+03 -1.433E+00 -1.496E+00 -6.698E-01
 -4.0272500E+03 -1.609E+00 -1.792E+00 -1.029E+00
 -4.0267500E+03 -1.546E+00 -1.624E+00 -6.657E-01
 -4.0262500E+03 -1.571E+00 -1.582E+00 -5.267E-01
 -4.0257500E+03 -1.836E+00 -1.940E+00 -1.019E+00
 -4.0252500E+03 -1.849E+00 -1.999E+00 -7.755E-01
 -4.0247500E+03 -1.406E+00 -1.683E+00 -1.036E+00
 -4.0242500E+03 -2.053E+00 -2.005E+00 -5.854E-01
 -4.0237500E+03 -1.644E+00 -1.727E+00 -7.007E-01
 -4.0232500E+03 -1.458E+00 -1.652E+00 -1.065E+00
 -4.0227500E+03 -1.348E+00 -1.668E+00 -1.393E+00
 -4.0222500E+03 -1.664E+00 -1.805E+00 -9.714E-01
 -4.0217500E+03 -1.604E+00 -1.769E+00 -7.659E-01
 -4.0212500E+03 -1.841E+00 -1.911E+00 -5.760E-01
 -4.0207500E+03 -7.632E-01 -1.014E+00 -1.588E+00
 -4.0202500E+03 -1.589E+00 -1.652E+00 -6.571E-01
 -4.0197500E+03 -1.560E+00 -1.597E+00 -4.896E-01
 -4.0192500E+03 -2.094E+00 -2.300E+00 -7.249E-01
 -4.0187500E+03 -1.374E+00 -1.652E+00 -1.321E+00
 -4.0182500E+03 -1.204E+00 -1.498E+00 -1.414E+00
 -4.0177500E+03 -1.312E+00 -1.565E+00 -1.161E+00
 -4.0172500E+03 -1.834E+00 -1.803E+00 -5.254E-01
 -4.0167500E+03 -1.828E+00 -1.767E+00 -2.993E-01
 -4.0162500E+03 -1.644E+00 -1.746E+00 -8.331E-01
 -4.0157500E+03 -1.699E+00 -1.919E+00 -9.562E-01
 -4.0152500E+03 -1.780E+00 -1.881E+00 -3.085E-01
 -4.0147500E+03 -1.692E+00 -1.484E+00  4.827E-01
 -4.0142500E+03 -1.233E+00 -1.484E+00 -1.382E+00
 -4.0137500E+03 -1.628E+00 -1.775E+00 -9.937E-01
 -4.0132500E+03 -1.678E+00 -1.757E+00 -6.254E-01
 -4.0127500E+03 -2.460E+00 -2.537E+00 -7.936E-01
 -4.0122500E+03 -1.868E+00 -2.081E+00 -9.358E-01
 -4.0117500E+03 -1.688E+00 -1.780E+00 -5.926E-01
 -4.0112500E+03 -1.271E+00 -1.283E+00 -6.170E-01
 -4.0107500E+03 -1.345E+00 -1.583E+00 -9.697E-01
 -4.0102500E+03 -1.110E+00 -1.257E+00 -9.670E-01
 -4.0097500E+03 -1.654E+00 -1.868E+00 -9.268E-01
 -4.0092500E+03 -1.259E+00 -1.417E+00 -8.341E-01
 -4.0087500E+03 -1.868E+00 -1.993E+00 -5.245E-01
 -4.0082500E+03 -1.628E+00 -1.879E+00 -1.299E+00
 -4.0077500E+03 -1.282E+00 -1.498E+00 -9.429E-01
 -4.0072500E+03 -1.669E+00 -1.956E+00 -1.558E+00
 -4.0067500E+03 -2.110E+00 -2.199E+00 -6.182E-01
 -4.0062500E+03 -1.149E+00 -1.286E+00 -5.992E-01
 -4.0057500E+03 -1.541E+00 -1.593E+00 -7.751E-01
 -4.0052500E+03 -1.544E+00 -1.659E+00 -7.977E-01
 -4.0047500E+03 -9.080E-01 -1.073E+00 -8.911E-01
 -4.0042500E+03 -1.653E+00 -1.757E+00 -1.092E+00
 -4.0037500E+03 -1.085E+00 -1.342E+00 -1.407E+00
 -4.0032500E+03 -1.545E+00 -1.721E+00 -1.103E+00
 -4.0027500E+03 -1.434E+00 -1.514E+00 -4.017E-01
 -4.0022500E+03 -1.413E+00 -1.569E+00 -9.873E-01
 -4.0017500E+03 -1.673E+00 -1.488E+00 -1.450E-01
 -4.0012500E+03 -1.952E+00 -2.367E+00 -1.282E+00
 -4.0007500E+03 -1.323E+00 -1.559E+00 -8.452E-01
 -4.0002500E+03 -1.501E+00 -1.521E+00 -5.253E-01
 -3.9997500E+03 -1.338E+00 -1.549E+00 -1.163E+00
 -3.9992500E+03 -1.832E+00 -1.910E+00 -4.434E-01
 -3.9987500E+03 -1.559E+00 -1.643E+00 -5.624E-01
 -3.9982500E+03 -1.416E+00 -1.721E+00 -1.389E+00
 -3.9977500E+03 -1.280E+00 -1.302E+00 -4.930E-01
 -3.9972500E+03 -1.645E+00 -1.488E+00  2.320E-01
 -3.9967500E+03 -1.466E+00 -1.524E+00 -5.910E-01
 -3.9962500E+03 -1.059E+00 -1.337E+00 -1.278E+00
 -3.9957500E+03 -1.021E+00 -1.214E+00 -9.661E-01
 -3.9952500E+03 -8.892E-01 -1.154E+00 -7.643E-01
 -3.9947500E+03 -1.850E+00 -2.087E+00 -1.123E+00
 -3.9942500E+03 -1.806E+00 -1.868E+00 -8.284E-01
 -3.9937500E+03 -1.717E+00 -1.757E+00 -5.528E-01
 -3.9932500E+03 -1.607E+00 -1.563E+00 -6.154E-01
 -3.9927500E+03 -1.439E+00 -1.731E+00 -1.310E+00
 -3.9922500E+03 -6.482E-01 -1.003E+00 -1.157E+00
 -3.9917500E+03 -1.324E+00 -1.370E+00 -3.672E-01
 -3.9912500E+03 -1.365E+00 -1.378E+00 -7.429E-01
