  2.6701750E+04  8.331E-03  5.228E-03 -8.966E-03
  2.6702250E+04 -7.366E-03 -3.393E-03  1.317E-02
  2.6702750E+04 -1.974E-03  3.232E-03  2.106E-02
  2.6703250E+04  4.353E-03  1.515E-03 -9.792E-03
  2.6703750E+04  9.627E-04  5.594E-04 -1.207E-03
  2.6704250E+04  6.365E-04  5.738E-04  7.474E-05
  2.6704750E+04 -5.931E-04 -7.526E-04 -9.696E-04
  2.6705250E+04 -2.086E-03 -2.270E-03 -1.853E-03
  2.6705750E+04 -5.697E-03 -8.728E-04  1.766E-02
  2.6706250E+04  7.715E-03  8.500E-03  7.334E-03
  2.6706750E+04  2.908E-03  1.515E-03 -4.417E-03
  2.6707250E+04  5.188E-03  4.172E-03 -1.699E-03
  2.6707750E+04  4.080E-03  2.782E-03 -3.438E-03
  2.6708250E+04  5.157E-03  3.439E-03 -4.691E-03
  2.6708750E+04  1.705E-03  2.440E-03  3.968E-03
  2.6709250E+04  1.333E-02  1.225E-02  2.179E-03
  2.6709750E+04  8.272E-03  6.932E-03 -1.488E-03
  2.6710250E+04  1.038E-02  6.646E-03 -1.056E-02
  2.6710750E+04  3.538E-03  5.923E-03  1.196E-02
  2.6711250E+04  1.105E-02  9.778E-03  2.735E-04
  2.6711750E+04  4.949E-03  8.278E-03  1.688E-02
  2.6712250E+04  2.838E-03  3.986E-03  6.281E-03
  2.6712750E+04  1.699E-04  3.572E-03  1.460E-02
  2.6713250E+04  1.151E-03 -1.898E-04 -5.247E-03
  2.6713750E+04 -1.762E-03 -4.813E-04  4.566E-03
  2.6714250E+04  1.009E-02  1.076E-02  7.984E-03
  2.6714750E+04  5.316E-02  5.033E-02  1.479E-02
  2.6715250E+04  2.233E-02  2.379E-02  1.740E-02
  2.6715750E+04  3.097E-03  1.960E-02  7.208E-02
  2.6716250E+04  1.534E-01  1.563E-01  8.963E-02
  2.6716750E+04 -2.482E-02 -3.626E-02 -6.180E-02
  2.6717250E+04 -1.076E-02 -2.150E-02 -5.148E-02
  2.6717750E+04 -2.905E-02 -3.081E-02 -2.214E-02
  2.6718250E+04  1.111E-02  3.848E-03 -2.575E-02
  2.6718750E+04  1.529E-02  1.073E-02 -1.208E-02
  2.6719250E+04  1.482E-02  2.017E-02  3.060E-02
  2.6719750E+04  5.507E-02  6.727E-02  7.997E-02
  2.6720250E+04  4.581E-03  9.034E-03  2.139E-02
  2.6720750E+04 -3.421E-03 -3.845E-03 -3.445E-03
  2.6721250E+04 -3.772E-02 -1.655E-02  7.238E-02
  2.6721750E+04  8.021E-03  2.161E-02  6.249E-02
  2.6722250E+04  1.072E-01  1.223E-01  1.179E-01
  2.6722750E+04  8.388E-02  7.748E-02  1.458E-02
  2.6723250E+04  4.739E-02  4.612E-02  1.798E-02
  2.6723750E+04  2.624E-02  1.720E-02 -2.584E-02
  2.6724250E+04  4.909E-02  4.435E-02  4.433E-03
  2.6724750E+04  1.732E-02  1.726E-02  8.275E-03
  2.6725250E+04  4.565E-02  4.400E-02  1.589E-02
  2.6725750E+04  4.061E-02  3.852E-02  1.106E-02
  2.6726250E+04  4.597E-02  5.334E-02  5.449E-02
  2.6726750E+04  8.644E-02  7.666E-02  7.210E-04
  2.6727250E+04  3.230E-02  1.482E-02 -5.908E-02
  2.6727750E+04  1.072E-01  9.157E-02 -1.451E-02
  2.6728250E+04  3.635E-02  7.739E-02  1.941E-01
  2.6728750E+04  5.388E-02  3.230E-02 -6.618E-02
  2.6729250E+04  4.024E-02  3.640E-02  2.945E-03
  2.6729750E+04  6.950E-02  6.756E-02  2.561E-02
  2.6730250E+04  2.308E-03  2.017E-02  7.775E-02
  2.6730750E+04  1.153E-01  1.245E-01  9.563E-02
  2.6731250E+04  1.380E-01  1.562E-01  1.454E-01
  2.6731750E+04  8.617E-02  8.877E-02  5.373E-02
  2.6732250E+04  1.320E-01  1.489E-01  1.380E-01
  2.6732750E+04  1.691E-01  1.756E-01  1.113E-01
  2.6733250E+04  1.270E-01  1.257E-01  5.638E-02
  2.6733750E+04  8.882E-02  7.293E-02 -2.549E-02
  2.6734250E+04  1.122E-01  9.898E-02 -2.141E-03
  2.6734750E+04 -7.424E-02 -3.874E-02  1.162E-01
  2.6735250E+04 -8.294E-03  7.049E-02  3.324E-01
  2.6735750E+04  5.918E-03  3.707E-02  1.378E-01
  2.6736250E+04  2.112E-01  2.218E-01  1.485E-01
  2.6736750E+04  1.303E-01  1.289E-01  5.769E-02
  2.6737250E+04  1.987E-01  2.007E-01  1.050E-01
  2.6737750E+04  2.338E-01  2.361E-01  1.240E-01
  2.6738250E+04  1.412E-01  1.272E-01  7.454E-03
  2.6738750E+04  2.556E-01  2.422E-01  6.661E-02
  2.6739250E+04  2.506E-01  2.449E-01  9.710E-02
  2.6739750E+04  2.029E-01  2.213E-01  1.769E-01
  2.6740250E+04  1.683E-01  1.802E-01  1.313E-01
  2.6740750E+04  1.239E-01  1.603E-01  2.174E-01
  2.6741250E+04  2.539E-01  2.209E-01 -2.101E-02
  2.6741750E+04  2.590E-01  2.641E-01  1.453E-01
  2.6742250E+04  2.054E-01  1.701E-01 -5.446E-02
  2.6742750E+04  3.759E-01  4.319E-01  4.231E-01
  2.6743250E+04  2.870E-01  3.041E-01  2.128E-01
  2.6743750E+04  4.966E-01  4.844E-01  1.865E-01
  2.6744250E+04  2.086E-01  2.167E-01  1.335E-01
  2.6744750E+04  2.475E-01  2.495E-01  1.261E-01
  2.6745250E+04  4.316E-01  4.167E-01  1.426E-01
  2.6745750E+04  1.749E-01  1.982E-01  1.837E-01
  2.6746250E+04  3.172E-01  3.783E-01  4.149E-01
  2.6746750E+04  4.513E-01  4.294E-01  1.187E-01
  2.6747250E+04  2.257E-01  2.678E-01  2.877E-01
  2.6747750E+04  3.594E-01  3.391E-01  8.239E-02
  2.6748250E+04  6.032E-01  6.069E-01  3.025E-01
  2.6748750E+04  6.510E-01  5.935E-01  6.177E-02
  2.6749250E+04  6.724E-01  7.234E-01  5.388E-01
  2.6749750E+04  7.624E-01  7.977E-01  5.157E-01
  2.6750250E+04  4.897E-01  4.827E-01  1.991E-01
  2.6750750E+04  2.475E-01  3.422E-01  5.212E-01
  2.6751250E+04  4.977E-01  5.642E-01  5.202E-01
  2.6751750E+04  5.914E-01  5.864E-01  2.546E-01
  2.6752250E+04  6.142E-01  6.052E-01  2.502E-01
  2.6752750E+04  4.474E-01  5.587E-01  6.885E-01
  2.6753250E+04  1.073E+00  1.004E+00  2.059E-01
  2.6753750E+04  8.053E-01  7.852E-01  2.900E-01
  2.6754250E+04  5.377E-01  5.390E-01  2.581E-01
  2.6754750E+04  9.034E-01  9.463E-01  6.049E-01
  2.6755250E+04  6.745E-01  7.274E-01  5.392E-01
  2.6755750E+04  7.939E-01  8.314E-01  5.326E-01
  2.6756250E+04  1.028E+00  1.113E+00  8.535E-01
  2.6756750E+04  6.288E-01  6.569E-01  4.069E-01
  2.6757250E+04  7.777E-01  8.732E-01  7.748E-01
  2.6757750E+04  1.049E+00  1.036E+00  4.267E-01
  2.6758250E+04  9.072E-01  9.075E-01  4.161E-01
  2.6758750E+04  9.843E-01  1.002E+00  5.331E-01
  2.6759250E+04  1.147E+00  1.250E+00  9.728E-01
  2.6759750E+04  1.528E+00  1.507E+00  6.116E-01
  2.6760250E+04  1.013E+00  1.163E+00  1.118E+00
  2.6760750E+04  1.317E+00  1.413E+00  1.027E+00
  2.6761250E+04  1.678E+00  1.538E+00  1.649E-01
  2.6761750E+04  1.419E+00  1.389E+00  5.200E-01
  2.6762250E+04  1.306E+00  1.328E+00  6.898E-01
  2.6762750E+04  1.555E+00  1.582E+00  8.287E-01
  2.6763250E+04  1.297E+00  1.374E+00  9.248E-01
  2.6763750E+04  1.377E+00  1.519E+00  1.250E+00
  2.6764250E+04  1.644E+00  1.823E+00  1.524E+00
  2.6764750E+04  1.600E+00  1.669E+00  1.027E+00
  2.6765250E+04  1.528E+00  1.607E+00  1.044E+00
  2.6765750E+04  1.721E+00  1.830E+00  1.259E+00
  2.6766250E+04  2.442E+00  2.632E+00  1.933E+00
  2.6766750E+04  2.542E+00  2.574E+00  1.286E+00
  2.6767250E+04  2.107E+00  2.266E+00  1.635E+00
  2.6767750E+04  2.371E+00  2.441E+00  1.376E+00
  2.6768250E+04  2.534E+00  2.590E+00  1.385E+00
  2.6768750E+04  3.044E+00  3.041E+00  1.365E+00
  2.6769250E+04  2.374E+00  2.550E+00  1.837E+00
  2.6769750E+04  3.084E+00  3.185E+00  1.832E+00
  2.6770250E+04  2.895E+00  2.902E+00  1.317E+00
  2.6770750E+04  2.960E+00  3.114E+00  1.995E+00
  2.6771250E+04  3.392E+00  3.661E+00  2.688E+00
  2.6771750E+04  2.392E+00  2.704E+00  2.443E+00
  2.6772250E+04  3.893E+00  3.914E+00  1.832E+00
  2.6772750E+04  4.016E+00  3.959E+00  1.546E+00
  2.6773250E+04  3.936E+00  3.979E+00  1.948E+00
  2.6773750E+04  3.287E+00  3.581E+00  2.753E+00
  2.6774250E+04  4.640E+00  4.608E+00  1.937E+00
  2.6774750E+04  3.301E+00  3.397E+00  1.869E+00
  2.6775250E+04  3.361E+00  3.671E+00  2.835E+00
  2.6775750E+04  3.935E+00  4.328E+00  3.446E+00
  2.6776250E+04  4.236E+00  4.490E+00  2.980E+00
  2.6776750E+04  3.956E+00  4.245E+00  3.016E+00
  2.6777250E+04  5.475E+00  5.687E+00  3.350E+00
  2.6777750E+04  5.832E+00  5.833E+00  2.580E+00
  2.6778250E+04  5.608E+00  5.702E+00  2.880E+00
  2.6778750E+04  4.370E+00  4.544E+00  2.674E+00
  2.6779250E+04  4.580E+00  4.803E+00  2.994E+00
  2.6779750E+04  5.443E+00  5.819E+00  4.020E+00
  2.6780250E+04  6.453E+00  6.523E+00  3.141E+00
  2.6780750E+04  5.466E+00  5.913E+00  4.336E+00
  2.6781250E+04  6.852E+00  7.000E+00  3.638E+00
  2.6781750E+04  6.981E+00  7.014E+00  3.201E+00
  2.6782250E+04  6.130E+00  6.608E+00  4.765E+00
  2.6782750E+04  6.792E+00  7.062E+00  4.142E+00
  2.6783250E+04  6.516E+00  6.646E+00  3.421E+00
  2.6783750E+04  6.494E+00  6.810E+00  4.205E+00
  2.6784250E+04  7.574E+00  7.736E+00  4.001E+00
  2.6784750E+04  7.382E+00  7.450E+00  3.506E+00
  2.6785250E+04  6.221E+00  6.575E+00  4.219E+00
  2.6785750E+04  8.372E+00  8.635E+00  4.762E+00
  2.6786250E+04  8.426E+00  8.541E+00  4.146E+00
  2.6786750E+04  8.565E+00  8.873E+00  5.047E+00
  2.6787250E+04  8.627E+00  8.917E+00  4.991E+00
  2.6787750E+04  7.585E+00  8.037E+00  5.235E+00
  2.6788250E+04  1.089E+01  1.106E+01  5.428E+00
  2.6788750E+04  8.786E+00  9.483E+00  6.797E+00
  2.6789250E+04  9.745E+00  1.043E+01  7.153E+00
  2.6789750E+04  1.135E+01  1.124E+01  4.399E+00
  2.6790250E+04  8.856E+00  9.427E+00  6.265E+00
  2.6790750E+04  9.162E+00  9.846E+00  6.912E+00
  2.6791250E+04  1.086E+01  1.144E+01  7.200E+00
  2.6791750E+04  1.239E+01  1.230E+01  4.910E+00
  2.6792250E+04  1.165E+01  1.209E+01  6.864E+00
  2.6792750E+04  1.299E+01  1.334E+01  7.056E+00
  2.6793250E+04  1.279E+01  1.311E+01  6.856E+00
  2.6793750E+04  1.327E+01  1.362E+01  7.194E+00
  2.6794250E+04  1.146E+01  1.194E+01  6.918E+00
  2.6794750E+04  1.308E+01  1.365E+01  8.002E+00
  2.6795250E+04  1.505E+01  1.533E+01  7.601E+00
  2.6795750E+04  1.513E+01  1.545E+01  7.779E+00
  2.6796250E+04  1.256E+01  1.330E+01  8.529E+00
  2.6796750E+04  1.375E+01  1.393E+01  6.578E+00
  2.6797250E+04  1.649E+01  1.650E+01  6.954E+00
  2.6797750E+04  1.586E+01  1.637E+01  8.869E+00
  2.6798250E+04  1.547E+01  1.530E+01  5.752E+00
  2.6798750E+04  1.513E+01  1.578E+01  9.214E+00
  2.6799250E+04  1.530E+01  1.585E+01  8.798E+00
  2.6799750E+04  1.443E+01  1.565E+01  1.133E+01
  2.6800250E+04  1.680E+01  1.788E+01  1.171E+01
  2.6800750E+04  1.738E+01  1.781E+01  9.109E+00
  2.6801250E+04  1.717E+01  1.778E+01  9.815E+00
  2.6801750E+04  1.793E+01  1.790E+01  7.339E+00
  2.6802250E+04  2.198E+01  2.203E+01  9.323E+00
  2.6802750E+04  1.902E+01  2.020E+01  1.301E+01
  2.6803250E+04  2.053E+01  2.111E+01  1.103E+01
  2.6803750E+04  1.828E+01  1.889E+01  1.024E+01
  2.6804250E+04  1.804E+01  1.883E+01  1.088E+01
  2.6804750E+04  1.996E+01  2.076E+01  1.171E+01
  2.6805250E+04  2.129E+01  2.175E+01  1.081E+01
  2.6805750E+04  2.273E+01  2.294E+01  1.029E+01
  2.6806250E+04  2.043E+01  2.158E+01  1.344E+01
  2.6806750E+04  2.442E+01  2.528E+01  1.376E+01
  2.6807250E+04  2.435E+01  2.548E+01  1.491E+01
  2.6807750E+04  2.676E+01  2.707E+01  1.228E+01
  2.6808250E+04  2.406E+01  2.425E+01  1.064E+01
  2.6808750E+04  2.619E+01  2.653E+01  1.219E+01
  2.6809250E+04  2.579E+01  2.600E+01  1.145E+01
  2.6809750E+04  2.510E+01  2.581E+01  1.329E+01
  2.6810250E+04  2.606E+01  2.734E+01  1.620E+01
  2.6810750E+04  2.728E+01  2.796E+01  1.406E+01
  2.6811250E+04  2.464E+01  2.542E+01  1.342E+01
  2.6811750E+04  2.653E+01  2.777E+01  1.614E+01
  2.6812250E+04  2.782E+01  2.819E+01  1.280E+01
  2.6812750E+04  2.829E+01  2.915E+01  1.517E+01
  2.6813250E+04  2.882E+01  2.982E+01  1.599E+01
  2.6813750E+04  3.024E+01  3.114E+01  1.613E+01
  2.6814250E+04  3.315E+01  3.332E+01  1.410E+01
  2.6814750E+04  2.933E+01  3.067E+01  1.757E+01
  2.6815250E+04  3.254E+01  3.307E+01  1.535E+01
  2.6815750E+04  2.992E+01  3.062E+01  1.502E+01
  2.6816250E+04  3.142E+01  3.271E+01  1.819E+01
  2.6816750E+04  2.873E+01  3.056E+01  1.943E+01
  2.6817250E+04  3.074E+01  3.121E+01  1.430E+01
  2.6817750E+04  3.477E+01  3.584E+01  1.852E+01
  2.6818250E+04  3.961E+01  4.043E+01  1.937E+01
  2.6818750E+04  3.372E+01  3.350E+01  1.241E+01
  2.6819250E+04  3.215E+01  3.323E+01  1.744E+01
  2.6819750E+04  3.510E+01  3.637E+01  1.946E+01
  2.6820250E+04  3.729E+01  3.722E+01  1.437E+01
  2.6820750E+04  3.347E+01  3.538E+01  2.150E+01
  2.6821250E+04  3.219E+01  3.435E+01  2.213E+01
  2.6821750E+04  3.544E+01  3.560E+01  1.462E+01
  2.6822250E+04  4.028E+01  4.155E+01  2.141E+01
  2.6822750E+04  3.659E+01  3.869E+01  2.360E+01
  2.6823250E+04  3.988E+01  4.039E+01  1.786E+01
  2.6823750E+04  3.768E+01  3.823E+01  1.713E+01
  2.6824250E+04  3.801E+01  3.993E+01  2.320E+01
  2.6824750E+04  4.328E+01  4.437E+01  2.160E+01
  2.6825250E+04  4.025E+01  4.119E+01  1.977E+01
  2.6825750E+04  3.806E+01  3.989E+01  2.276E+01
  2.6826250E+04  4.184E+01  4.319E+01  2.212E+01
  2.6826750E+04  4.024E+01  4.167E+01  2.183E+01
  2.6827250E+04  4.060E+01  4.168E+01  2.040E+01
  2.6827750E+04  4.535E+01  4.578E+01  1.936E+01
  2.6828250E+04  4.268E+01  4.376E+01  2.116E+01
  2.6828750E+04  4.627E+01  4.706E+01  2.130E+01
  2.6829250E+04  4.301E+01  4.331E+01  1.782E+01
  2.6829750E+04  4.163E+01  4.266E+01  2.048E+01
  2.6830250E+04  4.235E+01  4.291E+01  1.867E+01
  2.6830750E+04  4.194E+01  4.286E+01  2.002E+01
  2.6831250E+04  4.500E+01  4.608E+01  2.196E+01
  2.6831750E+04  4.778E+01  4.805E+01  1.944E+01
  2.6832250E+04  4.414E+01  4.639E+01  2.668E+01
  2.6832750E+04  4.348E+01  4.395E+01  1.848E+01
  2.6833250E+04  4.723E+01  4.808E+01  2.161E+01
  2.6833750E+04  4.546E+01  4.717E+01  2.469E+01
  2.6834250E+04  4.812E+01  4.938E+01  2.366E+01
  2.6834750E+04  4.674E+01  4.858E+01  2.570E+01
  2.6835250E+04  4.779E+01  4.871E+01  2.207E+01
  2.6835750E+04  4.449E+01  4.638E+01  2.499E+01
  2.6836250E+04  4.983E+01  5.144E+01  2.588E+01
  2.6836750E+04  4.755E+01  4.824E+01  2.082E+01
  2.6837250E+04  4.780E+01  4.926E+01  2.428E+01
  2.6837750E+04  4.795E+01  5.015E+01  2.759E+01
  2.6838250E+04  5.045E+01  5.095E+01  2.098E+01
  2.6838750E+04  4.329E+01  4.513E+01  2.416E+01
  2.6839250E+04  5.061E+01  5.216E+01  2.563E+01
  2.6839750E+04  5.004E+01  5.151E+01  2.499E+01
  2.6840250E+04  5.042E+01  5.131E+01  2.254E+01
  2.6840750E+04  4.945E+01  5.093E+01  2.469E+01
  2.6841250E+04  5.187E+01  5.279E+01  2.311E+01
  2.6841750E+04  5.218E+01  5.308E+01  2.315E+01
  2.6842250E+04  4.785E+01  4.929E+01  2.386E+01
  2.6842750E+04  5.065E+01  5.153E+01  2.240E+01
  2.6843250E+04  5.567E+01  5.648E+01  2.411E+01
  2.6843750E+04  5.110E+01  5.229E+01  2.383E+01
  2.6844250E+04  5.070E+01  5.267E+01  2.711E+01
  2.6844750E+04  5.777E+01  5.801E+01  2.215E+01
  2.6845250E+04  5.093E+01  5.277E+01  2.666E+01
  2.6845750E+04  5.253E+01  5.409E+01  2.592E+01
  2.6846250E+04  4.770E+01  4.801E+01  1.850E+01
  2.6846750E+04  4.948E+01  5.195E+01  2.873E+01
  2.6847250E+04  5.190E+01  5.400E+01  2.797E+01
  2.6847750E+04  5.053E+01  5.140E+01  2.193E+01
  2.6848250E+04  5.033E+01  5.377E+01  3.328E+01
  2.6848750E+04  5.617E+01  5.640E+01  2.115E+01
  2.6849250E+04  5.483E+01  5.491E+01  2.003E+01
  2.6849750E+04  5.554E+01  5.792E+01  3.034E+01
  2.6850250E+04  5.657E+01  5.790E+01  2.612E+01
  2.6850750E+04  4.894E+01  5.097E+01  2.627E+01
  2.6851250E+04  5.126E+01  5.224E+01  2.249E+01
  2.6851750E+04  5.366E+01  5.472E+01  2.366E+01
  2.6852250E+04  4.932E+01  5.101E+01  2.481E+01
  2.6852750E+04  5.075E+01  5.302E+01  2.791E+01
  2.6853250E+04  5.410E+01  5.599E+01  2.740E+01
  2.6853750E+04  5.223E+01  5.375E+01  2.500E+01
  2.6854250E+04  5.686E+01  5.759E+01  2.321E+01
  2.6854750E+04  5.210E+01  5.386E+01  2.600E+01
  2.6855250E+04  5.157E+01  5.311E+01  2.471E+01
  2.6855750E+04  5.412E+01  5.644E+01  2.913E+01
  2.6856250E+04  5.424E+01  5.484E+01  2.143E+01
  2.6856750E+04  5.087E+01  5.257E+01  2.517E+01
  2.6857250E+04  5.446E+01  5.439E+01  1.855E+01
  2.6857750E+04  5.329E+01  5.327E+01  1.832E+01
  2.6858250E+04  5.456E+01  5.738E+01  3.136E+01
  2.6858750E+04  5.039E+01  5.136E+01  2.154E+01
  2.6859250E+04  5.281E+01  5.439E+01  2.504E+01
  2.6859750E+04  6.006E+01  6.019E+01  2.138E+01
  2.6860250E+04  4.934E+01  5.113E+01  2.471E+01
  2.6860750E+04  5.205E+01  5.386E+01  2.577E+01
  2.6861250E+04  4.785E+01  4.921E+01  2.229E+01
  2.6861750E+04  5.109E+01  5.190E+01  2.080E+01
  2.6862250E+04  5.006E+01  5.278E+01  2.890E+01
  2.6862750E+04  5.418E+01  5.428E+01  1.890E+01
  2.6863250E+04  4.538E+01  4.761E+01  2.504E+01
  2.6863750E+04  5.036E+01  5.236E+01  2.577E+01
  2.6864250E+04  5.167E+01  5.371E+01  2.641E+01
  2.6864750E+04  4.800E+01  4.877E+01  1.936E+01
  2.6865250E+04  5.264E+01  5.439E+01  2.534E+01
  2.6865750E+04  4.793E+01  4.975E+01  2.395E+01
  2.6866250E+04  4.889E+01  5.019E+01  2.185E+01
  2.6866750E+04  5.253E+01  5.344E+01  2.149E+01
  2.6867250E+04  4.954E+01  5.054E+01  2.085E+01
  2.6867750E+04  4.560E+01  4.698E+01  2.105E+01
  2.6868250E+04  4.763E+01  5.015E+01  2.687E+01
  2.6868750E+04  5.012E+01  5.259E+01  2.738E+01
  2.6869250E+04  4.571E+01  4.817E+01  2.579E+01
  2.6869750E+04  4.687E+01  4.726E+01  1.698E+01
  2.6870250E+04  4.751E+01  4.927E+01  2.325E+01
  2.6870750E+04  4.794E+01  5.059E+01  2.725E+01
  2.6871250E+04  4.434E+01  4.569E+01  2.021E+01
  2.6871750E+04  4.095E+01  4.248E+01  1.977E+01
  2.6872250E+04  4.703E+01  4.780E+01  1.854E+01
  2.6872750E+04  4.735E+01  4.782E+01  1.733E+01
  2.6873250E+04  4.836E+01  4.867E+01  1.701E+01
  2.6873750E+04  4.616E+01  4.654E+01  1.646E+01
  2.6874250E+04  3.889E+01  4.086E+01  2.088E+01
  2.6874750E+04  4.553E+01  4.650E+01  1.868E+01
  2.6875250E+04  4.179E+01  4.561E+01  3.011E+01
  2.6875750E+04  4.254E+01  4.530E+01  2.554E+01
  2.6876250E+04  4.435E+01  4.440E+01  1.424E+01
  2.6876750E+04  4.274E+01  4.531E+01  2.487E+01
  2.6877250E+04  4.483E+01  4.546E+01  1.677E+01
  2.6877750E+04  4.830E+01  4.725E+01  1.061E+01
  2.6878250E+04  4.255E+01  4.413E+01  2.025E+01
  2.6878750E+04  4.134E+01  4.289E+01  1.974E+01
  2.6879250E+04  3.463E+01  3.712E+01  2.162E+01
  2.6879750E+04  4.186E+01  4.330E+01  1.924E+01
  2.6880250E+04  4.472E+01  4.543E+01  1.695E+01
  2.6880750E+04  4.301E+01  4.411E+01  1.813E+01
  2.6881250E+04  4.161E+01  4.364E+01  2.187E+01
  2.6881750E+04  3.845E+01  4.003E+01  1.849E+01
  2.6882250E+04  3.674E+01  3.787E+01  1.602E+01
  2.6882750E+04  3.335E+01  3.512E+01  1.769E+01
  2.6883250E+04  4.097E+01  4.112E+01  1.308E+01
  2.6883750E+04  4.175E+01  4.223E+01  1.472E+01
  2.6884250E+04  3.566E+01  3.640E+01  1.384E+01
  2.6884750E+04  3.698E+01  4.038E+01  2.597E+01
  2.6885250E+04  3.954E+01  4.118E+01  1.905E+01
  2.6885750E+04  3.564E+01  3.641E+01  1.378E+01
  2.6886250E+04  3.309E+01  3.385E+01  1.293E+01
  2.6886750E+04  3.033E+01  3.064E+01  1.003E+01
  2.6887250E+04  3.662E+01  3.785E+01  1.616E+01
  2.6887750E+04  4.067E+01  4.031E+01  1.042E+01
  2.6888250E+04  3.385E+01  3.498E+01  1.465E+01
  2.6888750E+04  2.773E+01  2.997E+01  1.764E+01
  2.6889250E+04  3.137E+01  3.152E+01  9.533E+00
  2.6889750E+04  2.971E+01  3.110E+01  1.454E+01
  2.6890250E+04  2.260E+01  2.432E+01  1.356E+01
  2.6890750E+04  2.752E+01  2.905E+01  1.434E+01
  2.6891250E+04  3.116E+01  3.120E+01  8.823E+00
  2.6891750E+04  3.145E+01  3.289E+01  1.523E+01
  2.6892250E+04  2.973E+01  2.992E+01  9.026E+00
  2.6892750E+04  3.159E+01  3.273E+01  1.401E+01
  2.6893250E+04  2.626E+01  2.718E+01  1.099E+01
  2.6893750E+04  2.606E+01  2.642E+01  8.511E+00
  2.6894250E+04  2.701E+01  2.890E+01  1.578E+01
  2.6894750E+04  2.574E+01  2.718E+01  1.316E+01
  2.6895250E+04  2.282E+01  2.395E+01  1.063E+01
  2.6895750E+04  2.053E+01  2.193E+01  1.138E+01
  2.6896250E+04  2.704E+01  2.761E+01  9.571E+00
  2.6896750E+04  2.742E+01  2.887E+01  1.367E+01
  2.6897250E+04  2.221E+01  2.171E+01  3.348E+00
  2.6897750E+04  2.194E+01  2.209E+01  6.057E+00
  2.6898250E+04  2.301E+01  2.303E+01  5.738E+00
  2.6898750E+04  2.227E+01  2.281E+01  7.889E+00
  2.6899250E+04  1.836E+01  1.984E+01  1.071E+01
  2.6899750E+04  2.735E+01  2.784E+01  9.304E+00
  2.6900250E+04  1.900E+01  2.011E+01  9.233E+00
  2.6900750E+04  1.701E+01  1.963E+01  1.545E+01
  2.6901250E+04  1.729E+01  1.934E+01  1.291E+01
  2.6901750E+04  2.324E+01  2.296E+01  4.374E+00
  2.6902250E+04  1.855E+01  1.798E+01  1.723E+00
  2.6902750E+04  2.061E+01  2.125E+01  7.746E+00
  2.6903250E+04  1.781E+01  1.765E+01  3.269E+00
  2.6903750E+04  1.829E+01  1.935E+01  8.697E+00
  2.6904250E+04  1.874E+01  1.937E+01  6.964E+00
  2.6904750E+04  1.653E+01  1.788E+01  9.531E+00
  2.6905250E+04  1.468E+01  1.573E+01  7.565E+00
  2.6905750E+04  1.457E+01  1.395E+01  1.827E-01
  2.6906250E+04  1.546E+01  1.542E+01  3.046E+00
  2.6906750E+04  1.710E+01  1.942E+01  1.397E+01
  2.6907250E+04  1.648E+01  1.554E+01 -8.577E-01
  2.6907750E+04  1.188E+01  1.375E+01  1.019E+01
  2.6908250E+04  1.486E+01  1.453E+01  1.344E+00
  2.6908750E+04  1.587E+01  1.519E+01  1.052E-01
  2.6909250E+04  1.160E+01  1.421E+01  1.359E+01
  2.6909750E+04  9.500E+00  9.316E+00  2.695E-01
  2.6910250E+04  7.666E+00  8.742E+00  5.472E+00
  2.6910750E+04  8.006E+00  8.535E+00  2.920E+00
  2.6911250E+04  7.965E+00  9.132E+00  5.909E+00
  2.6911750E+04  7.761E+00  8.747E+00  5.134E+00
  2.6912250E+04  1.104E+01  1.192E+01  5.528E+00
  2.6912750E+04  9.726E+00  1.036E+01  3.810E+00
  2.6913250E+04  9.504E+00  9.756E+00  2.204E+00
  2.6913750E+04  4.856E+00  5.353E+00  1.942E+00
  2.6914250E+04  4.643E+00  5.063E+00  1.504E+00
  2.6914750E+04  1.208E+01  1.340E+01  7.736E+00
  2.6915250E+04  9.819E+00  8.797E+00 -3.509E+00
  2.6915750E+04  5.768E+00  5.542E+00 -1.185E+00
  2.6916250E+04  4.549E+00  5.018E+00  1.661E+00
  2.6916750E+04  3.955E+00  6.584E+00  1.086E+01
  2.6917250E+04  2.982E+00  2.774E+00 -1.943E+00
  2.6917750E+04  4.866E+00  5.817E+00  4.005E+00
  2.6918250E+04  3.162E+00  4.257E+00  4.077E+00
  2.6918750E+04  3.433E+00  4.222E+00  2.680E+00
  2.6919250E+04  1.632E+00  1.431E+00 -2.204E+00
  2.6919750E+04  4.381E+00  5.004E+00  2.347E+00
  2.6920250E+04  7.029E+00  7.184E+00  9.397E-01
  2.6920750E+04  1.134E+00  2.231E+00  3.274E+00
  2.6921250E+04  4.703E+00  5.412E+00  2.717E+00
  2.6921750E+04  3.132E-01 -4.378E-01 -5.256E+00
  2.6922250E+04  1.233E+00  1.532E-01 -6.300E+00
  2.6922750E+04  2.347E+00  2.706E+00  5.372E-01
  2.6923250E+04  2.736E+00  4.599E+00  7.533E+00
  2.6923750E+04 -4.019E+00 -2.556E+00  3.391E+00
  2.6924250E+04  4.694E-01 -4.443E-01 -5.812E+00
  2.6924750E+04  4.319E-01  1.401E+00  2.649E+00
  2.6925250E+04 -4.382E+00 -3.415E+00  1.009E+00
  2.6925750E+04 -2.989E+00 -2.558E+00 -8.369E-01
  2.6926250E+04 -7.179E-01 -7.358E-01 -2.025E+00
  2.6926750E+04 -1.920E+00 -8.000E-01  2.535E+00
  2.6927250E+04 -1.552E+00 -1.046E+00 -1.097E-01
  2.6927750E+04 -4.291E+00 -3.185E+00  1.690E+00
  2.6928250E+04 -2.879E+00 -2.090E+00  7.664E-01
  2.6928750E+04 -1.499E+00 -1.057E+00 -2.484E-01
  2.6929250E+04 -3.172E+00 -3.798E+00 -5.663E+00
  2.6929750E+04 -3.356E+00 -3.754E+00 -4.778E+00
  2.6930250E+04 -1.127E+00 -1.763E+00 -5.005E+00
  2.6930750E+04 -1.049E+00 -2.051E+00 -6.698E+00
  2.6931250E+04 -4.498E+00 -3.636E+00  6.326E-01
  2.6931750E+04 -5.309E+00 -5.176E+00 -2.984E+00
  2.6932250E+04 -6.183E+00 -5.330E+00  2.967E-02
  2.6932750E+04 -6.057E+00 -5.284E+00 -1.463E-01
  2.6933250E+04 -5.050E+00 -6.144E+00 -8.233E+00
  2.6933750E+04 -6.943E+00 -6.179E+00 -4.618E-01
  2.6934250E+04 -1.295E+00 -2.272E+00 -6.807E+00
  2.6934750E+04 -7.702E+00 -6.775E+00  1.446E-02
  2.6935250E+04 -1.083E+01 -9.984E+00 -1.232E+00
  2.6935750E+04 -6.516E+00 -5.964E+00 -1.430E+00
  2.6936250E+04 -1.084E+01 -1.034E+01 -2.926E+00
  2.6936750E+04 -8.848E+00 -9.180E+00 -6.003E+00
  2.6937250E+04 -6.724E+00 -7.263E+00 -6.278E+00
  2.6937750E+04 -1.060E+01 -1.002E+01 -2.334E+00
  2.6938250E+04 -5.268E+00 -5.278E+00 -3.532E+00
  2.6938750E+04 -6.578E+00 -5.594E+00  8.682E-01
  2.6939250E+04 -6.867E+00 -7.667E+00 -7.315E+00
  2.6939750E+04 -1.545E+01 -1.578E+01 -7.942E+00
  2.6940250E+04 -9.796E+00 -8.973E+00 -1.133E+00
  2.6940750E+04 -9.628E+00 -1.046E+01 -8.411E+00
  2.6941250E+04 -6.836E+00 -6.609E+00 -2.685E+00
  2.6941750E+04 -8.136E+00 -8.134E+00 -4.285E+00
  2.6942250E+04 -1.246E+01 -1.276E+01 -6.747E+00
  2.6942750E+04 -9.861E+00 -9.919E+00 -4.971E+00
  2.6943250E+04 -9.859E+00 -9.980E+00 -5.153E+00
  2.6943750E+04 -6.848E+00 -8.343E+00 -1.064E+01
  2.6944250E+04 -1.565E+01 -1.472E+01 -2.133E+00
  2.6944750E+04 -1.260E+01 -1.200E+01 -2.780E+00
  2.6945250E+04 -1.230E+01 -1.239E+01 -5.637E+00
  2.6945750E+04 -7.110E+00 -8.575E+00 -1.051E+01
  2.6946250E+04 -8.372E+00 -9.064E+00 -7.478E+00
  2.6946750E+04 -1.279E+01 -1.221E+01 -2.920E+00
  2.6947250E+04 -1.533E+01 -1.495E+01 -4.347E+00
  2.6947750E+04 -1.170E+01 -1.122E+01 -3.010E+00
  2.6948250E+04 -1.346E+01 -1.289E+01 -3.164E+00
  2.6948750E+04 -1.404E+01 -1.409E+01 -6.010E+00
  2.6949250E+04 -1.150E+01 -1.169E+01 -5.865E+00
  2.6949750E+04 -1.372E+01 -1.451E+01 -9.309E+00
  2.6950250E+04 -1.563E+01 -1.479E+01 -2.467E+00
  2.6950750E+04 -1.341E+01 -1.217E+01 -1.331E-01
  2.6951250E+04 -1.202E+01 -1.206E+01 -5.502E+00
  2.6951750E+04 -1.284E+01 -1.276E+01 -5.041E+00
  2.6952250E+04 -1.319E+01 -1.402E+01 -9.389E+00
  2.6952750E+04 -1.308E+01 -1.325E+01 -6.163E+00
  2.6953250E+04 -1.286E+01 -1.279E+01 -5.054E+00
  2.6953750E+04 -1.466E+01 -1.442E+01 -4.619E+00
  2.6954250E+04 -1.246E+01 -1.262E+01 -5.942E+00
  2.6954750E+04 -1.434E+01 -1.440E+01 -6.146E+00
  2.6955250E+04 -1.717E+01 -1.785E+01 -9.649E+00
  2.6955750E+04 -1.460E+01 -1.459E+01 -5.694E+00
  2.6956250E+04 -1.470E+01 -1.458E+01 -5.609E+00
  2.6956750E+04 -1.617E+01 -1.551E+01 -3.366E+00
  2.6957250E+04 -1.266E+01 -1.244E+01 -4.196E+00
  2.6957750E+04 -1.423E+01 -1.427E+01 -5.987E+00
  2.6958250E+04 -1.360E+01 -1.455E+01 -9.969E+00
  2.6958750E+04 -1.634E+01 -1.679E+01 -8.211E+00
  2.6959250E+04 -1.475E+01 -1.503E+01 -7.168E+00
  2.6959750E+04 -1.581E+01 -1.559E+01 -5.137E+00
  2.6960250E+04 -1.717E+01 -1.740E+01 -7.525E+00
  2.6960750E+04 -1.539E+01 -1.532E+01 -5.676E+00
  2.6961250E+04 -1.442E+01 -1.514E+01 -9.082E+00
  2.6961750E+04 -1.625E+01 -1.685E+01 -9.114E+00
  2.6962250E+04 -1.707E+01 -1.721E+01 -7.085E+00
  2.6962750E+04 -1.460E+01 -1.524E+01 -8.446E+00
  2.6963250E+04 -1.342E+01 -1.369E+01 -6.787E+00
  2.6963750E+04 -1.518E+01 -1.508E+01 -5.686E+00
  2.6964250E+04 -1.721E+01 -1.736E+01 -7.283E+00
  2.6964750E+04 -1.848E+01 -1.857E+01 -7.087E+00
  2.6965250E+04 -1.535E+01 -1.555E+01 -6.663E+00
  2.6965750E+04 -1.563E+01 -1.503E+01 -3.045E+00
  2.6966250E+04 -1.374E+01 -1.437E+01 -8.306E+00
  2.6966750E+04 -1.762E+01 -1.782E+01 -7.587E+00
  2.6967250E+04 -1.852E+01 -1.869E+01 -7.630E+00
  2.6967750E+04 -1.989E+01 -1.974E+01 -6.579E+00
  2.6968250E+04 -1.986E+01 -2.014E+01 -8.405E+00
  2.6968750E+04 -1.197E+01 -1.340E+01 -1.137E+01
  2.6969250E+04 -1.662E+01 -1.681E+01 -7.094E+00
  2.6969750E+04 -2.006E+01 -2.036E+01 -8.447E+00
  2.6970250E+04 -1.666E+01 -1.718E+01 -8.516E+00
  2.6970750E+04 -1.585E+01 -1.584E+01 -5.862E+00
  2.6971250E+04 -1.781E+01 -1.787E+01 -6.580E+00
  2.6971750E+04 -1.644E+01 -1.646E+01 -6.321E+00
  2.6972250E+04 -1.611E+01 -1.590E+01 -5.010E+00
  2.6972750E+04 -1.781E+01 -1.782E+01 -6.593E+00
  2.6973250E+04 -1.437E+01 -1.543E+01 -1.026E+01
  2.6973750E+04 -1.516E+01 -1.606E+01 -9.896E+00
  2.6974250E+04 -1.638E+01 -1.684E+01 -7.998E+00
  2.6974750E+04 -1.715E+01 -1.749E+01 -7.861E+00
  2.6975250E+04 -1.865E+01 -1.880E+01 -7.239E+00
  2.6975750E+04 -1.394E+01 -1.478E+01 -9.228E+00
  2.6976250E+04 -1.857E+01 -1.893E+01 -8.167E+00
  2.6976750E+04 -1.790E+01 -1.793E+01 -6.593E+00
  2.6977250E+04 -1.639E+01 -1.671E+01 -7.564E+00
  2.6977750E+04 -1.718E+01 -1.787E+01 -9.359E+00
  2.6978250E+04 -1.477E+01 -1.605E+01 -1.147E+01
  2.6978750E+04 -1.855E+01 -1.925E+01 -9.735E+00
  2.6979250E+04 -1.654E+01 -1.642E+01 -5.205E+00
  2.6979750E+04 -1.408E+01 -1.477E+01 -8.322E+00
  2.6980250E+04 -1.783E+01 -1.797E+01 -7.179E+00
  2.6980750E+04 -1.724E+01 -1.821E+01 -1.067E+01
  2.6981250E+04 -1.507E+01 -1.525E+01 -6.358E+00
  2.6981750E+04 -1.863E+01 -1.814E+01 -4.455E+00
  2.6982250E+04 -1.511E+01 -1.604E+01 -9.757E+00
  2.6982750E+04 -2.008E+01 -2.067E+01 -9.677E+00
  2.6983250E+04 -1.752E+01 -1.750E+01 -6.034E+00
  2.6983750E+04 -1.846E+01 -1.836E+01 -5.947E+00
  2.6984250E+04 -1.953E+01 -1.968E+01 -7.452E+00
  2.6984750E+04 -1.773E+01 -1.793E+01 -7.188E+00
  2.6985250E+04 -1.685E+01 -1.698E+01 -6.628E+00
  2.6985750E+04 -1.722E+01 -1.778E+01 -8.653E+00
  2.6986250E+04 -1.967E+01 -2.012E+01 -8.808E+00
  2.6986750E+04 -1.574E+01 -1.638E+01 -8.404E+00
  2.6987250E+04 -1.610E+01 -1.647E+01 -7.370E+00
  2.6987750E+04 -1.891E+01 -1.844E+01 -4.511E+00
  2.6988250E+04 -1.646E+01 -1.691E+01 -7.844E+00
  2.6988750E+04 -1.626E+01 -1.675E+01 -8.053E+00
  2.6989250E+04 -1.701E+01 -1.842E+01 -1.257E+01
  2.6989750E+04 -1.610E+01 -1.733E+01 -1.122E+01
  2.6990250E+04 -1.691E+01 -1.748E+01 -8.556E+00
  2.6990750E+04 -1.840E+01 -1.841E+01 -6.390E+00
  2.6991250E+04 -1.934E+01 -1.997E+01 -9.482E+00
  2.6991750E+04 -1.616E+01 -1.634E+01 -6.600E+00
  2.6992250E+04 -1.867E+01 -1.927E+01 -9.002E+00
  2.6992750E+04 -1.554E+01 -1.619E+01 -8.417E+00
  2.6993250E+04 -1.741E+01 -1.782E+01 -7.896E+00
  2.6993750E+04 -1.806E+01 -1.863E+01 -8.733E+00
  2.6994250E+04 -1.954E+01 -1.878E+01 -3.193E+00
  2.6994750E+04 -1.773E+01 -1.879E+01 -1.104E+01
  2.6995250E+04 -1.730E+01 -1.785E+01 -8.411E+00
  2.6995750E+04 -1.540E+01 -1.569E+01 -6.682E+00
  2.6996250E+04 -1.718E+01 -1.729E+01 -6.387E+00
  2.6996750E+04 -1.753E+01 -1.804E+01 -8.294E+00
  2.6997250E+04 -1.808E+01 -1.792E+01 -5.488E+00
  2.6997750E+04 -1.631E+01 -1.647E+01 -6.313E+00
  2.6998250E+04 -1.686E+01 -1.695E+01 -6.295E+00
  2.6998750E+04 -1.595E+01 -1.712E+01 -1.104E+01
  2.6999250E+04 -1.814E+01 -1.844E+01 -7.630E+00
  2.6999750E+04 -1.836E+01 -1.849E+01 -6.697E+00
  2.7000250E+04 -1.890E+01 -1.886E+01 -6.140E+00
  2.7000750E+04 -1.608E+01 -1.649E+01 -7.476E+00
  2.7001250E+04 -1.832E+01 -1.855E+01 -7.146E+00
  2.7001750E+04 -1.846E+01 -1.975E+01 -1.208E+01
  2.7002250E+04 -1.792E+01 -1.831E+01 -7.829E+00
  2.7002750E+04 -1.722E+01 -1.764E+01 -7.750E+00
  2.7003250E+04 -1.635E+01 -1.677E+01 -7.277E+00
  2.7003750E+04 -1.516E+01 -1.531E+01 -5.949E+00
  2.7004250E+04 -1.857E+01 -1.879E+01 -7.139E+00
  2.7004750E+04 -1.790E+01 -1.790E+01 -5.955E+00
  2.7005250E+04 -1.796E+01 -1.800E+01 -6.178E+00
  2.7005750E+04 -1.720E+01 -1.767E+01 -7.983E+00
  2.7006250E+04 -1.676E+01 -1.738E+01 -8.495E+00
  2.7006750E+04 -1.463E+01 -1.569E+01 -9.872E+00
  2.7007250E+04 -1.529E+01 -1.575E+01 -7.142E+00
  2.7007750E+04 -1.700E+01 -1.805E+01 -1.041E+01
  2.7008250E+04 -1.526E+01 -1.622E+01 -9.644E+00
  2.7008750E+04 -1.723E+01 -1.717E+01 -5.518E+00
  2.7009250E+04 -1.630E+01 -1.683E+01 -7.889E+00
  2.7009750E+04 -1.678E+01 -1.702E+01 -6.683E+00
  2.7010250E+04 -1.645E+01 -1.711E+01 -8.578E+00
  2.7010750E+04 -1.541E+01 -1.604E+01 -8.059E+00
  2.7011250E+04 -1.768E+01 -1.814E+01 -7.893E+00
  2.7011750E+04 -1.816E+01 -1.869E+01 -8.244E+00
  2.7012250E+04 -1.776E+01 -1.829E+01 -8.209E+00
  2.7012750E+04 -1.663E+01 -1.673E+01 -6.169E+00
  2.7013250E+04 -1.405E+01 -1.485E+01 -8.503E+00
  2.7013750E+04 -1.483E+01 -1.512E+01 -6.232E+00
  2.7014250E+04 -1.588E+01 -1.613E+01 -6.644E+00
  2.7014750E+04 -1.894E+01 -1.906E+01 -6.645E+00
  2.7015250E+04 -1.747E+01 -1.768E+01 -6.674E+00
  2.7015750E+04 -1.511E+01 -1.584E+01 -8.411E+00
  2.7016250E+04 -1.643E+01 -1.671E+01 -7.001E+00
  2.7016750E+04 -1.639E+01 -1.690E+01 -7.761E+00
  2.7017250E+04 -1.617E+01 -1.609E+01 -5.136E+00
  2.7017750E+04 -1.871E+01 -1.875E+01 -6.261E+00
  2.7018250E+04 -1.522E+01 -1.596E+01 -8.448E+00
  2.7018750E+04 -1.310E+01 -1.370E+01 -7.238E+00
  2.7019250E+04 -1.671E+01 -1.728E+01 -7.861E+00
  2.7019750E+04 -1.564E+01 -1.641E+01 -8.633E+00
  2.7020250E+04 -1.649E+01 -1.743E+01 -9.850E+00
  2.7020750E+04 -1.677E+01 -1.718E+01 -7.235E+00
  2.7021250E+04 -1.637E+01 -1.611E+01 -4.207E+00
  2.7021750E+04 -1.546E+01 -1.614E+01 -8.286E+00
  2.7022250E+04 -1.654E+01 -1.664E+01 -5.956E+00
  2.7022750E+04 -1.578E+01 -1.624E+01 -7.013E+00
  2.7023250E+04 -1.544E+01 -1.673E+01 -1.102E+01
  2.7023750E+04 -1.494E+01 -1.545E+01 -7.415E+00
  2.7024250E+04 -1.591E+01 -1.606E+01 -5.907E+00
  2.7024750E+04 -1.637E+01 -1.657E+01 -6.320E+00
  2.7025250E+04 -1.670E+01 -1.671E+01 -5.597E+00
  2.7025750E+04 -1.486E+01 -1.546E+01 -7.698E+00
  2.7026250E+04 -1.387E+01 -1.437E+01 -6.982E+00
  2.7026750E+04 -1.436E+01 -1.465E+01 -6.103E+00
  2.7027250E+04 -1.456E+01 -1.536E+01 -8.513E+00
  2.7027750E+04 -1.555E+01 -1.614E+01 -7.780E+00
  2.7028250E+04 -1.373E+01 -1.418E+01 -6.711E+00
  2.7028750E+04 -1.401E+01 -1.416E+01 -5.326E+00
  2.7029250E+04 -1.576E+01 -1.638E+01 -7.934E+00
  2.7029750E+04 -1.617E+01 -1.706E+01 -9.347E+00
  2.7030250E+04 -1.484E+01 -1.506E+01 -5.855E+00
  2.7030750E+04 -1.617E+01 -1.640E+01 -6.452E+00
  2.7031250E+04 -1.491E+01 -1.536E+01 -6.872E+00
  2.7031750E+04 -1.411E+01 -1.501E+01 -8.681E+00
  2.7032250E+04 -1.679E+01 -1.743E+01 -8.229E+00
  2.7032750E+04 -1.437E+01 -1.481E+01 -6.866E+00
  2.7033250E+04 -1.384E+01 -1.382E+01 -4.724E+00
  2.7033750E+04 -1.228E+01 -1.254E+01 -5.421E+00
  2.7034250E+04 -1.439E+01 -1.445E+01 -4.985E+00
  2.7034750E+04 -1.527E+01 -1.581E+01 -7.488E+00
  2.7035250E+04 -1.427E+01 -1.474E+01 -6.649E+00
  2.7035750E+04 -1.505E+01 -1.526E+01 -5.889E+00
  2.7036250E+04 -1.528E+01 -1.554E+01 -6.242E+00
  2.7036750E+04 -1.482E+01 -1.518E+01 -6.472E+00
  2.7037250E+04 -1.336E+01 -1.373E+01 -6.016E+00
  2.7037750E+04 -1.527E+01 -1.578E+01 -7.216E+00
  2.7038250E+04 -1.436E+01 -1.501E+01 -7.602E+00
  2.7038750E+04 -1.532E+01 -1.602E+01 -8.160E+00
  2.7039250E+04 -1.379E+01 -1.404E+01 -5.639E+00
  2.7039750E+04 -1.395E+01 -1.394E+01 -4.619E+00
  2.7040250E+04 -1.477E+01 -1.525E+01 -7.136E+00
  2.7040750E+04 -1.461E+01 -1.494E+01 -6.199E+00
  2.7041250E+04 -1.510E+01 -1.534E+01 -6.004E+00
  2.7041750E+04 -1.330E+01 -1.369E+01 -6.164E+00
  2.7042250E+04 -1.348E+01 -1.384E+01 -6.024E+00
  2.7042750E+04 -1.471E+01 -1.533E+01 -7.620E+00
  2.7043250E+04 -1.355E+01 -1.394E+01 -6.196E+00
  2.7043750E+04 -1.378E+01 -1.462E+01 -8.353E+00
  2.7044250E+04 -1.301E+01 -1.362E+01 -6.967E+00
  2.7044750E+04 -1.484E+01 -1.539E+01 -7.282E+00
  2.7045250E+04 -1.492E+01 -1.495E+01 -4.808E+00
  2.7045750E+04 -1.517E+01 -1.512E+01 -4.548E+00
  2.7046250E+04 -1.468E+01 -1.541E+01 -8.065E+00
  2.7046750E+04 -1.371E+01 -1.433E+01 -7.377E+00
  2.7047250E+04 -1.317E+01 -1.343E+01 -5.414E+00
  2.7047750E+04 -1.232E+01 -1.276E+01 -5.996E+00
  2.7048250E+04 -1.365E+01 -1.409E+01 -6.451E+00
  2.7048750E+04 -1.395E+01 -1.424E+01 -5.972E+00
  2.7049250E+04 -1.301E+01 -1.340E+01 -5.974E+00
  2.7049750E+04 -1.413E+01 -1.467E+01 -7.034E+00
  2.7050250E+04 -1.391E+01 -1.428E+01 -6.149E+00
  2.7050750E+04 -1.346E+01 -1.403E+01 -7.027E+00
  2.7051250E+04 -1.358E+01 -1.402E+01 -6.454E+00
  2.7051750E+04 -1.414E+01 -1.415E+01 -4.584E+00
  2.7052250E+04 -1.262E+01 -1.258E+01 -3.874E+00
  2.7052750E+04 -1.313E+01 -1.359E+01 -6.227E+00
  2.7053250E+04 -1.381E+01 -1.447E+01 -7.387E+00
  2.7053750E+04 -1.082E+01 -1.145E+01 -6.592E+00
  2.7054250E+04 -1.281E+01 -1.336E+01 -6.674E+00
  2.7054750E+04 -1.462E+01 -1.541E+01 -8.065E+00
  2.7055250E+04 -1.293E+01 -1.326E+01 -5.771E+00
  2.7055750E+04 -1.262E+01 -1.294E+01 -5.629E+00
  2.7056250E+04 -1.380E+01 -1.416E+01 -6.103E+00
  2.7056750E+04 -1.346E+01 -1.358E+01 -4.797E+00
  2.7057250E+04 -1.408E+01 -1.407E+01 -4.493E+00
  2.7057750E+04 -1.338E+01 -1.336E+01 -4.246E+00
  2.7058250E+04 -1.314E+01 -1.346E+01 -5.965E+00
  2.7058750E+04 -1.368E+01 -1.433E+01 -7.303E+00
  2.7059250E+04 -1.261E+01 -1.328E+01 -7.226E+00
  2.7059750E+04 -1.275E+01 -1.295E+01 -5.103E+00
  2.7060250E+04 -1.317E+01 -1.326E+01 -4.617E+00
  2.7060750E+04 -1.533E+01 -1.582E+01 -6.923E+00
  2.7061250E+04 -1.335E+01 -1.388E+01 -6.751E+00
  2.7061750E+04 -1.214E+01 -1.248E+01 -5.598E+00
  2.7062250E+04 -1.225E+01 -1.227E+01 -4.038E+00
  2.7062750E+04 -1.200E+01 -1.212E+01 -4.488E+00
  2.7063250E+04 -1.324E+01 -1.352E+01 -5.216E+00
  2.7063750E+04 -1.281E+01 -1.313E+01 -5.498E+00
  2.7064250E+04 -1.134E+01 -1.200E+01 -6.924E+00
  2.7064750E+04 -1.284E+01 -1.319E+01 -5.768E+00
  2.7065250E+04 -1.325E+01 -1.394E+01 -7.341E+00
  2.7065750E+04 -1.278E+01 -1.329E+01 -6.284E+00
  2.7066250E+04 -1.099E+01 -1.120E+01 -4.607E+00
  2.7066750E+04 -1.058E+01 -1.111E+01 -5.954E+00
  2.7067250E+04 -1.123E+01 -1.152E+01 -4.898E+00
  2.7067750E+04 -1.167E+01 -1.259E+01 -7.893E+00
  2.7068250E+04 -1.101E+01 -1.186E+01 -7.423E+00
  2.7068750E+04 -1.162E+01 -1.167E+01 -4.231E+00
  2.7069250E+04 -1.260E+01 -1.285E+01 -5.019E+00
  2.7069750E+04 -1.318E+01 -1.381E+01 -7.052E+00
  2.7070250E+04 -1.325E+01 -1.353E+01 -5.499E+00
  2.7070750E+04 -1.292E+01 -1.297E+01 -4.392E+00
  2.7071250E+04 -1.280E+01 -1.289E+01 -4.804E+00
  2.7071750E+04 -1.161E+01 -1.144E+01 -3.113E+00
  2.7072250E+04 -1.164E+01 -1.211E+01 -5.792E+00
  2.7072750E+04 -1.061E+01 -1.101E+01 -5.372E+00
  2.7073250E+04 -1.162E+01 -1.171E+01 -4.174E+00
  2.7073750E+04 -1.090E+01 -1.130E+01 -5.329E+00
  2.7074250E+04 -1.049E+01 -1.081E+01 -4.867E+00
  2.7074750E+04 -1.117E+01 -1.180E+01 -6.516E+00
  2.7075250E+04 -1.252E+01 -1.291E+01 -5.565E+00
  2.7075750E+04 -1.175E+01 -1.246E+01 -6.977E+00
  2.7076250E+04 -1.122E+01 -1.197E+01 -6.994E+00
  2.7076750E+04 -1.200E+01 -1.259E+01 -6.643E+00
  2.7077250E+04 -1.154E+01 -1.210E+01 -6.307E+00
  2.7077750E+04 -1.169E+01 -1.226E+01 -6.443E+00
  2.7078250E+04 -1.021E+01 -1.037E+01 -4.383E+00
  2.7078750E+04 -1.223E+01 -1.244E+01 -4.839E+00
  2.7079250E+04 -1.251E+01 -1.251E+01 -3.987E+00
  2.7079750E+04 -9.692E+00 -1.043E+01 -6.534E+00
  2.7080250E+04 -1.007E+01 -1.074E+01 -6.277E+00
  2.7080750E+04 -1.233E+01 -1.212E+01 -2.659E+00
  2.7081250E+04 -1.095E+01 -1.142E+01 -5.602E+00
  2.7081750E+04 -1.182E+01 -1.230E+01 -5.897E+00
  2.7082250E+04 -1.053E+01 -1.086E+01 -4.733E+00
  2.7082750E+04 -9.559E+00 -1.047E+01 -7.231E+00
  2.7083250E+04 -1.002E+01 -1.052E+01 -5.458E+00
  2.7083750E+04 -1.100E+01 -1.125E+01 -4.672E+00
  2.7084250E+04 -1.226E+01 -1.230E+01 -4.078E+00
  2.7084750E+04 -1.072E+01 -1.071E+01 -3.611E+00
  2.7085250E+04 -1.132E+01 -1.160E+01 -4.804E+00
  2.7085750E+04 -1.148E+01 -1.185E+01 -5.173E+00
  2.7086250E+04 -1.063E+01 -1.127E+01 -6.111E+00
  2.7086750E+04 -1.069E+01 -1.122E+01 -5.961E+00
  2.7087250E+04 -9.915E+00 -1.003E+01 -3.764E+00
  2.7087750E+04 -1.132E+01 -1.156E+01 -4.684E+00
  2.7088250E+04 -1.101E+01 -1.127E+01 -4.775E+00
  2.7088750E+04 -1.119E+01 -1.135E+01 -4.271E+00
  2.7089250E+04 -1.030E+01 -1.050E+01 -4.212E+00
  2.7089750E+04 -1.070E+01 -1.119E+01 -5.799E+00
  2.7090250E+04 -1.057E+01 -1.063E+01 -3.648E+00
  2.7090750E+04 -1.048E+01 -1.075E+01 -4.743E+00
  2.7091250E+04 -1.131E+01 -1.174E+01 -5.591E+00
  2.7091750E+04 -1.068E+01 -1.108E+01 -5.203E+00
  2.7092250E+04 -1.130E+01 -1.169E+01 -5.375E+00
  2.7092750E+04 -1.130E+01 -1.161E+01 -4.944E+00
  2.7093250E+04 -1.014E+01 -1.047E+01 -4.900E+00
  2.7093750E+04 -9.021E+00 -9.137E+00 -3.503E+00
  2.7094250E+04 -9.402E+00 -9.834E+00 -5.001E+00
  2.7094750E+04 -1.096E+01 -1.129E+01 -4.966E+00
  2.7095250E+04 -1.064E+01 -1.112E+01 -5.470E+00
  2.7095750E+04 -1.121E+01 -1.167E+01 -5.690E+00
  2.7096250E+04 -9.405E+00 -9.771E+00 -4.649E+00
  2.7096750E+04 -9.519E+00 -9.956E+00 -5.070E+00
  2.7097250E+04 -1.024E+01 -1.048E+01 -4.529E+00
  2.7097750E+04 -1.033E+01 -1.068E+01 -5.051E+00
  2.7098250E+04 -1.016E+01 -1.044E+01 -4.346E+00
  2.7098750E+04 -9.014E+00 -9.380E+00 -4.487E+00
  2.7099250E+04 -9.499E+00 -9.793E+00 -4.513E+00
  2.7099750E+04 -9.436E+00 -1.010E+01 -6.116E+00
  2.7100250E+04 -9.765E+00 -9.957E+00 -3.895E+00
  2.7100750E+04 -9.516E+00 -9.718E+00 -3.979E+00
  2.7101250E+04 -9.583E+00 -9.858E+00 -4.261E+00
  2.7101750E+04 -9.753E+00 -1.017E+01 -5.175E+00
  2.7102250E+04 -1.029E+01 -1.058E+01 -4.638E+00
  2.7102750E+04 -1.058E+01 -1.092E+01 -4.795E+00
  2.7103250E+04 -1.011E+01 -1.054E+01 -5.269E+00
  2.7103750E+04 -1.063E+01 -1.120E+01 -5.996E+00
  2.7104250E+04 -8.844E+00 -9.471E+00 -5.719E+00
  2.7104750E+04 -9.958E+00 -1.002E+01 -3.557E+00
  2.7105250E+04 -9.814E+00 -1.003E+01 -4.055E+00
  2.7105750E+04 -1.025E+01 -1.059E+01 -4.735E+00
  2.7106250E+04 -1.035E+01 -1.052E+01 -4.083E+00
  2.7106750E+04 -9.222E+00 -9.638E+00 -4.847E+00
  2.7107250E+04 -7.370E+00 -7.819E+00 -4.350E+00
  2.7107750E+04 -9.693E+00 -1.024E+01 -5.691E+00
  2.7108250E+04 -8.953E+00 -9.274E+00 -4.382E+00
  2.7108750E+04 -9.400E+00 -9.708E+00 -4.398E+00
  2.7109250E+04 -9.517E+00 -9.875E+00 -4.736E+00
  2.7109750E+04 -1.087E+01 -1.101E+01 -4.155E+00
  2.7110250E+04 -9.550E+00 -9.503E+00 -2.832E+00
  2.7110750E+04 -8.890E+00 -8.778E+00 -2.406E+00
  2.7111250E+04 -9.439E+00 -9.289E+00 -2.364E+00
  2.7111750E+04 -9.026E+00 -9.572E+00 -5.466E+00
  2.7112250E+04 -9.882E+00 -1.023E+01 -4.634E+00
  2.7112750E+04 -9.438E+00 -9.540E+00 -3.567E+00
  2.7113250E+04 -9.053E+00 -9.749E+00 -6.021E+00
  2.7113750E+04 -9.320E+00 -9.859E+00 -5.349E+00
  2.7114250E+04 -1.011E+01 -1.052E+01 -4.820E+00
  2.7114750E+04 -9.251E+00 -9.771E+00 -5.430E+00
  2.7115250E+04 -8.025E+00 -8.598E+00 -5.281E+00
  2.7115750E+04 -8.786E+00 -9.021E+00 -3.916E+00
  2.7116250E+04 -9.542E+00 -9.682E+00 -3.733E+00
  2.7116750E+04 -9.282E+00 -9.457E+00 -3.480E+00
  2.7117250E+04 -8.406E+00 -8.631E+00 -3.729E+00
  2.7117750E+04 -9.584E+00 -9.872E+00 -4.270E+00
  2.7118250E+04 -7.856E+00 -8.134E+00 -3.926E+00
  2.7118750E+04 -8.989E+00 -9.209E+00 -3.901E+00
  2.7119250E+04 -8.983E+00 -9.203E+00 -3.882E+00
  2.7119750E+04 -7.413E+00 -8.158E+00 -5.703E+00
  2.7120250E+04 -8.343E+00 -8.696E+00 -4.282E+00
  2.7120750E+04 -8.356E+00 -8.665E+00 -4.004E+00
  2.7121250E+04 -8.467E+00 -8.723E+00 -3.743E+00
  2.7121750E+04 -9.417E+00 -9.613E+00 -3.910E+00
  2.7122250E+04 -8.223E+00 -8.620E+00 -4.535E+00
  2.7122750E+04 -1.006E+01 -1.018E+01 -3.700E+00
  2.7123250E+04 -8.660E+00 -9.054E+00 -4.672E+00
  2.7123750E+04 -8.675E+00 -8.943E+00 -4.010E+00
  2.7124250E+04 -8.639E+00 -8.958E+00 -4.422E+00
  2.7124750E+04 -8.018E+00 -8.329E+00 -4.336E+00
  2.7125250E+04 -9.108E+00 -9.248E+00 -3.524E+00
  2.7125750E+04 -8.086E+00 -8.493E+00 -4.498E+00
  2.7126250E+04 -8.777E+00 -9.029E+00 -3.985E+00
  2.7126750E+04 -8.755E+00 -9.005E+00 -3.902E+00
  2.7127250E+04 -7.043E+00 -7.363E+00 -3.691E+00
  2.7127750E+04 -8.341E+00 -8.586E+00 -3.727E+00
  2.7128250E+04 -8.488E+00 -8.735E+00 -3.830E+00
  2.7128750E+04 -9.045E+00 -9.041E+00 -2.881E+00
  2.7129250E+04 -8.318E+00 -8.717E+00 -4.413E+00
  2.7129750E+04 -8.859E+00 -8.922E+00 -2.986E+00
  2.7130250E+04 -8.184E+00 -8.348E+00 -3.311E+00
  2.7130750E+04 -8.040E+00 -8.294E+00 -3.767E+00
  2.7131250E+04 -8.053E+00 -8.427E+00 -4.457E+00
  2.7131750E+04 -7.515E+00 -7.897E+00 -4.324E+00
  2.7132250E+04 -8.082E+00 -8.848E+00 -5.860E+00
  2.7132750E+04 -7.804E+00 -8.078E+00 -3.631E+00
  2.7133250E+04 -8.398E+00 -8.514E+00 -3.206E+00
  2.7133750E+04 -8.317E+00 -8.850E+00 -5.089E+00
  2.7134250E+04 -8.618E+00 -8.789E+00 -3.549E+00
  2.7134750E+04 -7.509E+00 -7.734E+00 -3.495E+00
  2.7135250E+04 -8.364E+00 -8.615E+00 -3.765E+00
  2.7135750E+04 -7.762E+00 -8.055E+00 -3.683E+00
  2.7136250E+04 -8.288E+00 -8.744E+00 -4.638E+00
  2.7136750E+04 -7.966E+00 -8.260E+00 -3.783E+00
  2.7137250E+04 -7.967E+00 -8.247E+00 -3.884E+00
  2.7137750E+04 -8.508E+00 -8.638E+00 -3.247E+00
  2.7138250E+04 -8.226E+00 -8.694E+00 -4.731E+00
  2.7138750E+04 -7.122E+00 -7.397E+00 -3.739E+00
  2.7139250E+04 -7.998E+00 -8.533E+00 -5.006E+00
  2.7139750E+04 -7.687E+00 -8.095E+00 -4.242E+00
  2.7140250E+04 -8.017E+00 -8.296E+00 -3.918E+00
  2.7140750E+04 -8.364E+00 -8.386E+00 -2.799E+00
  2.7141250E+04 -8.865E+00 -9.074E+00 -3.686E+00
  2.7141750E+04 -7.966E+00 -8.305E+00 -4.121E+00
  2.7142250E+04 -7.434E+00 -7.804E+00 -4.037E+00
  2.7142750E+04 -6.671E+00 -7.220E+00 -4.671E+00
  2.7143250E+04 -7.329E+00 -7.886E+00 -4.777E+00
  2.7143750E+04 -7.962E+00 -8.335E+00 -4.169E+00
  2.7144250E+04 -7.632E+00 -7.967E+00 -4.024E+00
  2.7144750E+04 -7.115E+00 -7.399E+00 -3.628E+00
  2.7145250E+04 -8.552E+00 -8.740E+00 -3.638E+00
  2.7145750E+04 -6.818E+00 -6.997E+00 -3.044E+00
  2.7146250E+04 -6.431E+00 -6.748E+00 -3.437E+00
  2.7146750E+04 -8.518E+00 -8.701E+00 -3.615E+00
  2.7147250E+04 -7.247E+00 -7.728E+00 -4.620E+00
  2.7147750E+04 -7.071E+00 -7.569E+00 -4.507E+00
  2.7148250E+04 -7.644E+00 -7.992E+00 -3.958E+00
  2.7148750E+04 -7.333E+00 -7.481E+00 -3.010E+00
  2.7149250E+04 -7.301E+00 -7.485E+00 -3.093E+00
  2.7149750E+04 -7.966E+00 -8.187E+00 -3.415E+00
  2.7150250E+04 -6.758E+00 -7.090E+00 -3.809E+00
  2.7150750E+04 -6.157E+00 -6.390E+00 -3.362E+00
  2.7151250E+04 -7.183E+00 -7.551E+00 -4.045E+00
  2.7151750E+04 -7.763E+00 -8.064E+00 -3.824E+00
  2.7152250E+04 -7.335E+00 -7.752E+00 -4.036E+00
  2.7152750E+04 -7.054E+00 -7.301E+00 -3.342E+00
  2.7153250E+04 -7.271E+00 -7.547E+00 -3.561E+00
  2.7153750E+04 -6.822E+00 -7.250E+00 -4.249E+00
  2.7154250E+04 -7.030E+00 -7.251E+00 -3.270E+00
  2.7154750E+04 -7.946E+00 -8.040E+00 -2.985E+00
  2.7155250E+04 -7.497E+00 -7.830E+00 -3.928E+00
  2.7155750E+04 -7.244E+00 -7.381E+00 -2.878E+00
  2.7156250E+04 -7.325E+00 -7.449E+00 -2.831E+00
  2.7156750E+04 -6.879E+00 -7.006E+00 -2.808E+00
  2.7157250E+04 -7.057E+00 -7.424E+00 -3.916E+00
  2.7157750E+04 -7.127E+00 -7.623E+00 -4.624E+00
  2.7158250E+04 -6.816E+00 -6.882E+00 -2.460E+00
  2.7158750E+04 -6.767E+00 -7.073E+00 -3.577E+00
  2.7159250E+04 -7.614E+00 -7.935E+00 -3.836E+00
  2.7159750E+04 -7.290E+00 -7.387E+00 -2.758E+00
  2.7160250E+04 -7.097E+00 -7.285E+00 -2.995E+00
  2.7160750E+04 -7.157E+00 -7.127E+00 -2.125E+00
  2.7161250E+04 -7.219E+00 -7.340E+00 -2.883E+00
  2.7161750E+04 -6.785E+00 -6.918E+00 -2.653E+00
  2.7162250E+04 -7.483E+00 -7.589E+00 -2.748E+00
  2.7162750E+04 -7.173E+00 -7.320E+00 -3.164E+00
  2.7163250E+04 -7.617E+00 -7.780E+00 -3.260E+00
  2.7163750E+04 -6.231E+00 -6.685E+00 -4.078E+00
  2.7164250E+04 -6.553E+00 -6.837E+00 -3.548E+00
  2.7164750E+04 -6.153E+00 -6.476E+00 -3.485E+00
  2.7165250E+04 -5.932E+00 -6.397E+00 -4.024E+00
  2.7165750E+04 -6.458E+00 -6.822E+00 -3.705E+00
  2.7166250E+04 -6.633E+00 -6.647E+00 -2.237E+00
  2.7166750E+04 -6.683E+00 -6.968E+00 -3.522E+00
  2.7167250E+04 -6.586E+00 -6.858E+00 -3.384E+00
  2.7167750E+04 -7.105E+00 -7.213E+00 -3.003E+00
  2.7168250E+04 -6.422E+00 -6.791E+00 -3.817E+00
  2.7168750E+04 -7.894E+00 -8.147E+00 -3.572E+00
  2.7169250E+04 -6.685E+00 -6.861E+00 -2.898E+00
  2.7169750E+04 -6.768E+00 -6.904E+00 -2.728E+00
  2.7170250E+04 -6.834E+00 -6.987E+00 -2.896E+00
  2.7170750E+04 -7.098E+00 -7.072E+00 -2.254E+00
  2.7171250E+04 -7.414E+00 -7.688E+00 -3.561E+00
  2.7171750E+04 -6.596E+00 -6.917E+00 -3.489E+00
  2.7172250E+04 -5.858E+00 -6.503E+00 -4.758E+00
  2.7172750E+04 -6.397E+00 -6.667E+00 -3.498E+00
  2.7173250E+04 -6.004E+00 -6.002E+00 -2.002E+00
  2.7173750E+04 -6.857E+00 -6.956E+00 -2.548E+00
  2.7174250E+04 -6.654E+00 -6.772E+00 -2.534E+00
  2.7174750E+04 -6.243E+00 -6.624E+00 -3.669E+00
  2.7175250E+04 -6.193E+00 -6.331E+00 -2.615E+00
  2.7175750E+04 -6.150E+00 -6.359E+00 -2.852E+00
  2.7176250E+04 -7.016E+00 -7.346E+00 -3.776E+00
  2.7176750E+04 -6.385E+00 -6.814E+00 -4.020E+00
  2.7177250E+04 -6.858E+00 -7.207E+00 -3.841E+00
  2.7177750E+04 -6.305E+00 -6.403E+00 -2.303E+00
  2.7178250E+04 -6.643E+00 -6.641E+00 -2.255E+00
  2.7178750E+04 -6.495E+00 -6.653E+00 -2.670E+00
  2.7179250E+04 -5.371E+00 -5.683E+00 -3.380E+00
  2.7179750E+04 -6.452E+00 -6.664E+00 -2.858E+00
  2.7180250E+04 -6.710E+00 -7.068E+00 -3.725E+00
  2.7180750E+04 -6.408E+00 -6.720E+00 -3.501E+00
  2.7181250E+04 -6.661E+00 -6.937E+00 -3.422E+00
  2.7181750E+04 -6.431E+00 -6.463E+00 -2.117E+00
  2.7182250E+04 -6.315E+00 -6.244E+00 -1.782E+00
  2.7182750E+04 -6.040E+00 -6.208E+00 -2.690E+00
  2.7183250E+04 -6.210E+00 -6.404E+00 -2.797E+00
  2.7183750E+04 -5.516E+00 -5.886E+00 -3.386E+00
  2.7184250E+04 -5.878E+00 -5.915E+00 -2.088E+00
  2.7184750E+04 -6.281E+00 -6.435E+00 -2.725E+00
  2.7185250E+04 -6.506E+00 -6.983E+00 -4.343E+00
  2.7185750E+04 -5.201E+00 -5.618E+00 -3.627E+00
  2.7186250E+04 -6.470E+00 -6.768E+00 -3.583E+00
  2.7186750E+04 -6.315E+00 -6.546E+00 -3.122E+00
  2.7187250E+04 -5.926E+00 -6.157E+00 -2.874E+00
  2.7187750E+04 -5.313E+00 -5.517E+00 -2.724E+00
  2.7188250E+04 -6.550E+00 -6.660E+00 -2.518E+00
  2.7188750E+04 -6.519E+00 -6.743E+00 -3.038E+00
  2.7189250E+04 -5.519E+00 -5.477E+00 -1.676E+00
  2.7189750E+04 -6.317E+00 -6.469E+00 -2.643E+00
  2.7190250E+04 -5.072E+00 -5.388E+00 -2.982E+00
  2.7190750E+04 -4.888E+00 -5.246E+00 -3.322E+00
  2.7191250E+04 -6.063E+00 -6.331E+00 -3.196E+00
  2.7191750E+04 -6.733E+00 -6.867E+00 -2.664E+00
  2.7192250E+04 -6.262E+00 -6.236E+00 -2.028E+00
  2.7192750E+04 -5.271E+00 -5.614E+00 -3.466E+00
  2.7193250E+04 -5.565E+00 -5.792E+00 -2.753E+00
  2.7193750E+04 -5.463E+00 -5.610E+00 -2.403E+00
  2.7194250E+04 -5.952E+00 -6.053E+00 -2.372E+00
  2.7194750E+04 -6.312E+00 -6.475E+00 -2.644E+00
  2.7195250E+04 -5.895E+00 -6.120E+00 -2.893E+00
  2.7195750E+04 -5.888E+00 -6.038E+00 -2.591E+00
  2.7196250E+04 -6.087E+00 -6.340E+00 -3.116E+00
  2.7196750E+04 -6.087E+00 -6.368E+00 -3.388E+00
  2.7197250E+04 -6.550E+00 -6.919E+00 -3.743E+00
  2.7197750E+04 -4.891E+00 -5.087E+00 -2.335E+00
  2.7198250E+04 -5.621E+00 -5.824E+00 -2.867E+00
  2.7198750E+04 -6.098E+00 -6.214E+00 -2.492E+00
  2.7199250E+04 -5.423E+00 -5.667E+00 -2.868E+00
  2.7199750E+04 -5.529E+00 -5.819E+00 -3.111E+00
  2.7200250E+04 -4.912E+00 -5.152E+00 -2.734E+00
  2.7200750E+04 -5.735E+00 -5.626E+00 -1.390E+00
  2.7201250E+04 -5.780E+00 -5.883E+00 -2.176E+00
  2.7201750E+04 -4.954E+00 -5.454E+00 -3.923E+00
  2.7202250E+04 -6.346E+00 -6.653E+00 -3.289E+00
  2.7202750E+04 -5.573E+00 -5.874E+00 -3.411E+00
  2.7203250E+04 -5.616E+00 -5.989E+00 -3.523E+00
  2.7203750E+04 -5.001E+00 -5.268E+00 -2.721E+00
  2.7204250E+04 -5.309E+00 -5.436E+00 -2.195E+00
  2.7204750E+04 -6.226E+00 -6.265E+00 -2.083E+00
  2.7205250E+04 -5.321E+00 -5.418E+00 -2.160E+00
  2.7205750E+04 -5.589E+00 -5.891E+00 -3.176E+00
  2.7206250E+04 -4.910E+00 -4.925E+00 -1.567E+00
  2.7206750E+04 -5.543E+00 -6.036E+00 -3.845E+00
  2.7207250E+04 -6.002E+00 -6.307E+00 -3.160E+00
  2.7207750E+04 -4.776E+00 -4.842E+00 -1.889E+00
  2.7208250E+04 -5.418E+00 -5.679E+00 -2.868E+00
  2.7208750E+04 -5.815E+00 -6.096E+00 -3.067E+00
  2.7209250E+04 -5.120E+00 -5.253E+00 -2.292E+00
  2.7209750E+04 -5.511E+00 -5.550E+00 -2.066E+00
  2.7210250E+04 -6.477E+00 -6.795E+00 -3.529E+00
  2.7210750E+04 -5.693E+00 -5.989E+00 -3.359E+00
  2.7211250E+04 -5.684E+00 -5.998E+00 -3.356E+00
  2.7211750E+04 -4.851E+00 -5.003E+00 -2.252E+00
  2.7212250E+04 -4.573E+00 -4.864E+00 -2.814E+00
  2.7212750E+04 -4.919E+00 -4.994E+00 -1.942E+00
  2.7213250E+04 -6.003E+00 -6.174E+00 -2.629E+00
  2.7213750E+04 -5.301E+00 -5.578E+00 -2.925E+00
  2.7214250E+04 -4.930E+00 -5.104E+00 -2.218E+00
  2.7214750E+04 -5.087E+00 -5.090E+00 -1.730E+00
  2.7215250E+04 -5.071E+00 -5.326E+00 -2.785E+00
  2.7215750E+04 -5.614E+00 -5.767E+00 -2.589E+00
  2.7216250E+04 -5.768E+00 -5.787E+00 -2.052E+00
  2.7216750E+04 -4.627E+00 -4.848E+00 -2.562E+00
  2.7217250E+04 -4.277E+00 -4.431E+00 -2.052E+00
  2.7217750E+04 -4.404E+00 -4.920E+00 -3.673E+00
  2.7218250E+04 -5.045E+00 -5.220E+00 -2.309E+00
  2.7218750E+04 -5.334E+00 -5.263E+00 -1.482E+00
  2.7219250E+04 -5.741E+00 -5.894E+00 -2.521E+00
  2.7219750E+04 -5.461E+00 -5.500E+00 -1.757E+00
  2.7220250E+04 -4.967E+00 -5.133E+00 -2.412E+00
  2.7220750E+04 -4.432E+00 -4.477E+00 -1.765E+00
  2.7221250E+04 -4.366E+00 -4.502E+00 -2.396E+00
  2.7221750E+04 -5.535E+00 -5.647E+00 -2.526E+00
  2.7222250E+04 -4.850E+00 -5.046E+00 -2.629E+00
  2.7222750E+04 -4.938E+00 -5.235E+00 -2.891E+00
  2.7223250E+04 -6.284E+00 -6.188E+00 -1.386E+00
  2.7223750E+04 -5.174E+00 -5.262E+00 -2.269E+00
  2.7224250E+04 -4.713E+00 -4.881E+00 -2.239E+00
  2.7224750E+04 -5.105E+00 -5.213E+00 -2.012E+00
  2.7225250E+04 -4.690E+00 -5.003E+00 -2.931E+00
  2.7225750E+04 -4.718E+00 -5.068E+00 -3.150E+00
  2.7226250E+04 -4.004E+00 -4.490E+00 -3.400E+00
  2.7226750E+04 -4.624E+00 -4.881E+00 -2.688E+00
  2.7227250E+04 -4.682E+00 -4.884E+00 -2.421E+00
  2.7227750E+04 -4.950E+00 -4.920E+00 -1.399E+00
  2.7228250E+04 -5.026E+00 -5.208E+00 -2.271E+00
  2.7228750E+04 -5.406E+00 -5.430E+00 -1.795E+00
  2.7229250E+04 -4.834E+00 -4.900E+00 -1.702E+00
  2.7229750E+04 -4.393E+00 -4.745E+00 -2.979E+00
  2.7230250E+04 -4.473E+00 -4.902E+00 -3.501E+00
  2.7230750E+04 -4.085E+00 -4.494E+00 -3.280E+00
  2.7231250E+04 -4.932E+00 -5.422E+00 -3.712E+00
  2.7231750E+04 -4.356E+00 -4.776E+00 -3.219E+00
  2.7232250E+04 -4.848E+00 -5.077E+00 -2.576E+00
  2.7232750E+04 -4.148E+00 -4.292E+00 -2.090E+00
  2.7233250E+04 -5.042E+00 -5.055E+00 -1.675E+00
  2.7233750E+04 -4.817E+00 -4.887E+00 -1.813E+00
  2.7234250E+04 -4.609E+00 -4.821E+00 -2.436E+00
  2.7234750E+04 -4.769E+00 -4.782E+00 -1.448E+00
  2.7235250E+04 -4.284E+00 -4.592E+00 -2.770E+00
  2.7235750E+04 -4.602E+00 -4.729E+00 -2.071E+00
  2.7236250E+04 -4.064E+00 -4.101E+00 -1.662E+00
  2.7236750E+04 -4.667E+00 -5.026E+00 -3.245E+00
  2.7237250E+04 -5.013E+00 -4.926E+00 -1.168E+00
  2.7237750E+04 -4.386E+00 -4.470E+00 -1.848E+00
  2.7238250E+04 -4.691E+00 -4.652E+00 -1.446E+00
  2.7238750E+04 -4.530E+00 -4.778E+00 -2.547E+00
  2.7239250E+04 -4.408E+00 -4.753E+00 -3.062E+00
  2.7239750E+04 -4.037E+00 -4.147E+00 -1.833E+00
  2.7240250E+04 -4.298E+00 -4.551E+00 -2.660E+00
  2.7240750E+04 -4.659E+00 -5.027E+00 -3.086E+00
  2.7241250E+04 -4.346E+00 -4.604E+00 -2.716E+00
  2.7241750E+04 -5.127E+00 -5.334E+00 -2.425E+00
  2.7242250E+04 -4.955E+00 -5.239E+00 -2.749E+00
  2.7242750E+04 -4.557E+00 -4.448E+00 -1.202E+00
  2.7243250E+04 -4.789E+00 -4.971E+00 -2.618E+00
  2.7243750E+04 -3.951E+00 -4.358E+00 -3.056E+00
  2.7244250E+04 -3.921E+00 -4.130E+00 -2.200E+00
  2.7244750E+04 -4.199E+00 -4.522E+00 -2.816E+00
  2.7245250E+04 -4.872E+00 -5.145E+00 -2.702E+00
  2.7245750E+04 -4.441E+00 -4.364E+00 -1.206E+00
  2.7246250E+04 -4.576E+00 -4.529E+00 -1.228E+00
  2.7246750E+04 -4.344E+00 -4.590E+00 -2.377E+00
  2.7247250E+04 -4.088E+00 -4.259E+00 -2.252E+00
  2.7247750E+04 -4.498E+00 -4.567E+00 -1.819E+00
  2.7248250E+04 -4.052E+00 -4.308E+00 -2.479E+00
  2.7248750E+04 -4.720E+00 -4.893E+00 -2.301E+00
  2.7249250E+04 -4.417E+00 -4.507E+00 -1.846E+00
  2.7249750E+04 -4.410E+00 -4.612E+00 -2.434E+00
  2.7250250E+04 -4.845E+00 -4.804E+00 -1.401E+00
  2.7250750E+04 -4.721E+00 -4.917E+00 -2.565E+00
  2.7251250E+04 -4.429E+00 -4.548E+00 -2.139E+00
  2.7251750E+04 -3.445E+00 -3.670E+00 -2.052E+00
  2.7252250E+04 -4.327E+00 -4.597E+00 -2.516E+00
  2.7252750E+04 -3.956E+00 -4.258E+00 -2.699E+00
  2.7253250E+04 -4.068E+00 -4.328E+00 -2.396E+00
  2.7253750E+04 -4.316E+00 -4.524E+00 -2.461E+00
  2.7254250E+04 -4.693E+00 -4.857E+00 -1.992E+00
  2.7254750E+04 -3.909E+00 -4.253E+00 -2.811E+00
  2.7255250E+04 -4.706E+00 -4.765E+00 -1.787E+00
  2.7255750E+04 -4.316E+00 -4.391E+00 -1.894E+00
  2.7256250E+04 -3.880E+00 -3.993E+00 -1.712E+00
  2.7256750E+04 -3.742E+00 -3.912E+00 -1.893E+00
  2.7257250E+04 -3.906E+00 -4.087E+00 -2.059E+00
  2.7257750E+04 -4.682E+00 -4.784E+00 -2.028E+00
  2.7258250E+04 -4.243E+00 -4.312E+00 -1.613E+00
  2.7258750E+04 -4.427E+00 -4.649E+00 -2.290E+00
  2.7259250E+04 -4.281E+00 -4.497E+00 -2.427E+00
  2.7259750E+04 -4.346E+00 -4.604E+00 -2.688E+00
  2.7260250E+04 -3.874E+00 -4.026E+00 -1.941E+00
  2.7260750E+04 -4.235E+00 -4.435E+00 -2.214E+00
  2.7261250E+04 -4.001E+00 -4.010E+00 -1.432E+00
  2.7261750E+04 -3.890E+00 -4.083E+00 -2.174E+00
  2.7262250E+04 -3.364E+00 -3.706E+00 -2.582E+00
  2.7262750E+04 -3.714E+00 -3.918E+00 -2.253E+00
  2.7263250E+04 -4.002E+00 -4.070E+00 -1.681E+00
  2.7263750E+04 -4.251E+00 -4.249E+00 -1.301E+00
  2.7264250E+04 -3.884E+00 -4.012E+00 -1.805E+00
  2.7264750E+04 -4.011E+00 -4.119E+00 -1.706E+00
  2.7265250E+04 -4.064E+00 -4.200E+00 -1.967E+00
  2.7265750E+04 -4.371E+00 -4.411E+00 -1.849E+00
  2.7266250E+04 -3.904E+00 -4.107E+00 -2.127E+00
  2.7266750E+04 -3.277E+00 -3.622E+00 -2.600E+00
  2.7267250E+04 -4.313E+00 -4.413E+00 -1.816E+00
  2.7267750E+04 -3.579E+00 -3.711E+00 -1.818E+00
  2.7268250E+04 -4.368E+00 -4.148E+00 -4.054E-01
  2.7268750E+04 -4.018E+00 -4.211E+00 -2.275E+00
  2.7269250E+04 -4.478E+00 -4.732E+00 -2.387E+00
  2.7269750E+04 -4.603E+00 -4.716E+00 -1.946E+00
  2.7270250E+04 -3.645E+00 -3.811E+00 -2.047E+00
  2.7270750E+04 -3.678E+00 -3.672E+00 -1.469E+00
  2.7271250E+04 -4.279E+00 -4.517E+00 -2.289E+00
  2.7271750E+04 -3.344E+00 -3.716E+00 -2.755E+00
  2.7272250E+04 -4.013E+00 -4.212E+00 -2.184E+00
  2.7272750E+04 -4.041E+00 -4.075E+00 -1.488E+00
  2.7273250E+04 -3.630E+00 -3.758E+00 -1.961E+00
  2.7273750E+04 -3.872E+00 -3.998E+00 -1.709E+00
  2.7274250E+04 -4.123E+00 -4.243E+00 -1.790E+00
  2.7274750E+04 -4.038E+00 -4.099E+00 -1.532E+00
  2.7275250E+04 -3.470E+00 -3.696E+00 -2.174E+00
  2.7275750E+04 -3.424E+00 -3.653E+00 -2.071E+00
  2.7276250E+04 -3.654E+00 -3.579E+00 -1.016E+00
  2.7276750E+04 -4.292E+00 -4.480E+00 -2.221E+00
  2.7277250E+04 -4.292E+00 -4.356E+00 -1.673E+00
  2.7277750E+04 -3.951E+00 -4.117E+00 -1.991E+00
  2.7278250E+04 -3.678E+00 -3.852E+00 -1.600E+00
  2.7278750E+04 -3.782E+00 -3.972E+00 -2.078E+00
  2.7279250E+04 -3.716E+00 -4.035E+00 -2.588E+00
  2.7279750E+04 -3.559E+00 -3.676E+00 -1.664E+00
  2.7280250E+04 -3.673E+00 -3.820E+00 -1.821E+00
  2.7280750E+04 -3.961E+00 -3.937E+00 -1.201E+00
  2.7281250E+04 -3.416E+00 -3.629E+00 -2.141E+00
  2.7281750E+04 -2.601E+00 -2.956E+00 -2.158E+00
  2.7282250E+04 -3.906E+00 -4.086E+00 -1.935E+00
  2.7282750E+04 -3.963E+00 -3.986E+00 -1.438E+00
  2.7283250E+04 -3.590E+00 -3.726E+00 -1.770E+00
  2.7283750E+04 -3.831E+00 -3.961E+00 -1.778E+00
  2.7284250E+04 -4.169E+00 -4.200E+00 -1.597E+00
  2.7284750E+04 -4.012E+00 -4.301E+00 -2.536E+00
  2.7285250E+04 -3.171E+00 -3.428E+00 -2.079E+00
  2.7285750E+04 -3.175E+00 -3.245E+00 -1.256E+00
  2.7286250E+04 -3.866E+00 -4.218E+00 -2.799E+00
  2.7286750E+04 -3.797E+00 -3.934E+00 -1.762E+00
  2.7287250E+04 -3.726E+00 -3.974E+00 -2.367E+00
  2.7287750E+04 -3.274E+00 -3.305E+00 -1.268E+00
  2.7288250E+04 -3.743E+00 -3.698E+00 -1.468E+00
  2.7288750E+04 -3.907E+00 -3.704E+00 -8.289E-01
  2.7289250E+04 -3.325E+00 -3.519E+00 -2.090E+00
  2.7289750E+04 -3.667E+00 -3.934E+00 -2.447E+00
  2.7290250E+04 -3.441E+00 -3.680E+00 -2.159E+00
  2.7290750E+04 -3.245E+00 -3.564E+00 -2.830E+00
  2.7291250E+04 -3.439E+00 -3.633E+00 -2.332E+00
  2.7291750E+04 -3.062E+00 -3.200E+00 -1.463E+00
  2.7292250E+04 -3.679E+00 -3.547E+00 -4.311E-01
  2.7292750E+04 -3.624E+00 -3.650E+00 -1.233E+00
  2.7293250E+04 -3.478E+00 -3.647E+00 -1.640E+00
  2.7293750E+04 -3.570E+00 -3.709E+00 -1.787E+00
  2.7294250E+04 -3.841E+00 -3.957E+00 -1.738E+00
  2.7294750E+04 -3.082E+00 -2.997E+00 -7.551E-01
  2.7295250E+04 -4.067E+00 -4.013E+00 -1.434E+00
  2.7295750E+04 -3.664E+00 -3.823E+00 -2.085E+00
  2.7296250E+04 -3.226E+00 -3.406E+00 -1.822E+00
  2.7296750E+04 -3.594E+00 -3.624E+00 -1.110E+00
  2.7297250E+04 -3.215E+00 -3.287E+00 -1.356E+00
  2.7297750E+04 -3.390E+00 -3.334E+00 -1.105E+00
  2.7298250E+04 -3.191E+00 -3.499E+00 -1.990E+00
  2.7298750E+04 -3.679E+00 -3.740E+00 -1.448E+00
  2.7299250E+04 -3.280E+00 -3.509E+00 -2.056E+00
  2.7299750E+04 -3.345E+00 -3.458E+00 -1.936E+00
  2.7300250E+04 -3.541E+00 -3.431E+00 -3.767E-01
  2.7300750E+04 -3.249E+00 -3.421E+00 -1.356E+00
  2.7301250E+04 -3.360E+00 -3.697E+00 -2.190E+00
  2.7301750E+04 -3.437E+00 -3.681E+00 -2.082E+00
  2.7302250E+04 -3.510E+00 -3.724E+00 -1.907E+00
  2.7302750E+04 -3.291E+00 -3.428E+00 -1.903E+00
  2.7303250E+04 -3.124E+00 -3.333E+00 -2.037E+00
  2.7303750E+04 -2.591E+00 -2.842E+00 -1.992E+00
  2.7304250E+04 -2.632E+00 -2.700E+00 -1.309E+00
  2.7304750E+04 -3.574E+00 -3.636E+00 -1.363E+00
  2.7305250E+04 -2.794E+00 -2.996E+00 -1.788E+00
  2.7305750E+04 -3.112E+00 -3.170E+00 -1.463E+00
  2.7306250E+04 -3.678E+00 -4.025E+00 -2.657E+00
  2.7306750E+04 -3.628E+00 -3.756E+00 -1.892E+00
  2.7307250E+04 -3.110E+00 -3.177E+00 -2.031E+00
  2.7307750E+04 -3.392E+00 -3.438E+00 -1.500E+00
  2.7308250E+04 -3.434E+00 -3.467E+00 -1.169E+00
  2.7308750E+04 -3.268E+00 -3.341E+00 -1.071E+00
  2.7309250E+04 -3.121E+00 -3.228E+00 -1.660E+00
  2.7309750E+04 -3.707E+00 -3.939E+00 -2.000E+00
  2.7310250E+04 -3.298E+00 -3.528E+00 -1.579E+00
  2.7310750E+04 -3.062E+00 -3.380E+00 -2.394E+00
  2.7311250E+04 -3.388E+00 -3.635E+00 -2.028E+00
  2.7311750E+04 -3.208E+00 -3.146E+00 -5.950E-01
  2.7312250E+04 -2.859E+00 -2.902E+00 -1.068E+00
  2.7312750E+04 -2.881E+00 -3.135E+00 -1.891E+00
  2.7313250E+04 -3.185E+00 -3.474E+00 -2.377E+00
  2.7313750E+04 -2.947E+00 -3.173E+00 -1.860E+00
  2.7314250E+04 -2.812E+00 -2.917E+00 -1.120E+00
  2.7314750E+04 -3.010E+00 -3.322E+00 -2.294E+00
  2.7315250E+04 -2.888E+00 -3.066E+00 -2.156E+00
  2.7315750E+04 -2.654E+00 -2.585E+00 -8.791E-01
  2.7316250E+04 -3.325E+00 -3.351E+00 -1.364E+00
  2.7316750E+04 -3.208E+00 -3.184E+00 -8.149E-01
  2.7317250E+04 -2.811E+00 -2.994E+00 -1.834E+00
  2.7317750E+04 -3.562E+00 -3.759E+00 -1.931E+00
  2.7318250E+04 -3.328E+00 -3.310E+00 -9.616E-01
  2.7318750E+04 -3.164E+00 -3.178E+00 -1.049E+00
  2.7319250E+04 -2.956E+00 -2.938E+00 -9.970E-01
  2.7319750E+04 -3.388E+00 -3.445E+00 -1.471E+00
  2.7320250E+04 -2.944E+00 -3.056E+00 -1.501E+00
  2.7320750E+04 -2.817E+00 -3.010E+00 -1.928E+00
  2.7321250E+04 -3.222E+00 -3.536E+00 -2.417E+00
  2.7321750E+04 -3.540E+00 -3.631E+00 -1.399E+00
  2.7322250E+04 -3.421E+00 -3.644E+00 -2.037E+00
  2.7322750E+04 -2.882E+00 -2.936E+00 -1.073E+00
  2.7323250E+04 -2.694E+00 -2.518E+00  4.585E-02
  2.7323750E+04 -2.626E+00 -2.860E+00 -1.697E+00
  2.7324250E+04 -3.067E+00 -3.231E+00 -1.995E+00
  2.7324750E+04 -2.935E+00 -3.087E+00 -1.670E+00
  2.7325250E+04 -3.249E+00 -3.275E+00 -1.134E+00
  2.7325750E+04 -3.473E+00 -3.510E+00 -1.270E+00
  2.7326250E+04 -2.957E+00 -3.091E+00 -1.694E+00
  2.7326750E+04 -3.156E+00 -3.140E+00 -1.114E+00
  2.7327250E+04 -3.197E+00 -3.307E+00 -1.681E+00
  2.7327750E+04 -3.607E+00 -3.646E+00 -1.331E+00
  2.7328250E+04 -2.970E+00 -3.084E+00 -1.591E+00
  2.7328750E+04 -2.728E+00 -2.926E+00 -1.849E+00
  2.7329250E+04 -3.289E+00 -3.343E+00 -1.260E+00
  2.7329750E+04 -3.272E+00 -3.285E+00 -1.222E+00
  2.7330250E+04 -2.616E+00 -2.761E+00 -1.554E+00
  2.7330750E+04 -2.461E+00 -2.820E+00 -2.465E+00
  2.7331250E+04 -2.449E+00 -2.745E+00 -2.261E+00
  2.7331750E+04 -2.818E+00 -2.956E+00 -1.441E+00
  2.7332250E+04 -2.852E+00 -3.003E+00 -1.545E+00
  2.7332750E+04 -2.698E+00 -2.889E+00 -1.770E+00
  2.7333250E+04 -2.854E+00 -2.876E+00 -9.720E-01
  2.7333750E+04 -3.297E+00 -3.403E+00 -1.294E+00
  2.7334250E+04 -2.908E+00 -2.955E+00 -9.382E-01
  2.7334750E+04 -2.783E+00 -2.916E+00 -1.522E+00
  2.7335250E+04 -2.877E+00 -2.865E+00 -9.989E-01
  2.7335750E+04 -2.831E+00 -2.802E+00 -7.891E-01
  2.7336250E+04 -2.689E+00 -3.005E+00 -2.127E+00
  2.7336750E+04 -2.182E+00 -2.424E+00 -1.815E+00
  2.7337250E+04 -3.208E+00 -3.235E+00 -1.339E+00
  2.7337750E+04 -2.829E+00 -2.856E+00 -1.179E+00
  2.7338250E+04 -3.269E+00 -3.148E+00 -5.277E-01
  2.7338750E+04 -2.697E+00 -3.027E+00 -2.370E+00
  2.7339250E+04 -2.685E+00 -2.912E+00 -1.830E+00
  2.7339750E+04 -2.498E+00 -2.570E+00 -1.104E+00
  2.7340250E+04 -3.007E+00 -3.248E+00 -2.034E+00
  2.7340750E+04 -3.095E+00 -3.086E+00 -9.010E-01
  2.7341250E+04 -2.906E+00 -3.047E+00 -1.649E+00
  2.7341750E+04 -2.857E+00 -2.965E+00 -1.476E+00
  2.7342250E+04 -2.897E+00 -3.002E+00 -1.438E+00
  2.7342750E+04 -2.409E+00 -2.489E+00 -1.170E+00
  2.7343250E+04 -2.835E+00 -3.064E+00 -1.970E+00
  2.7343750E+04 -2.586E+00 -2.751E+00 -1.590E+00
  2.7344250E+04 -2.601E+00 -2.842E+00 -1.834E+00
  2.7344750E+04 -3.107E+00 -3.233E+00 -1.521E+00
  2.7345250E+04 -3.120E+00 -3.179E+00 -1.226E+00
  2.7345750E+04 -2.796E+00 -2.800E+00 -1.040E+00
  2.7346250E+04 -2.650E+00 -2.857E+00 -1.747E+00
  2.7346750E+04 -2.860E+00 -3.061E+00 -1.555E+00
  2.7347250E+04 -2.398E+00 -2.753E+00 -2.268E+00
  2.7347750E+04 -2.868E+00 -2.924E+00 -1.119E+00
  2.7348250E+04 -2.939E+00 -2.859E+00 -1.355E+00
  2.7348750E+04 -2.349E+00 -2.484E+00 -1.412E+00
  2.7349250E+04 -2.745E+00 -2.655E+00 -6.369E-01
  2.7349750E+04 -2.796E+00 -2.749E+00 -5.582E-01
  2.7350250E+04 -2.547E+00 -2.637E+00 -1.254E+00
  2.7350750E+04 -2.960E+00 -2.930E+00 -8.283E-01
  2.7351250E+04 -2.377E+00 -2.337E+00 -6.785E-01
  2.7351750E+04 -2.681E+00 -2.843E+00 -1.475E+00
  2.7352250E+04 -2.426E+00 -2.530E+00 -1.372E+00
  2.7352750E+04 -2.846E+00 -3.142E+00 -2.095E+00
  2.7353250E+04 -3.004E+00 -3.160E+00 -1.685E+00
  2.7353750E+04 -2.709E+00 -2.767E+00 -1.189E+00
  2.7354250E+04 -2.398E+00 -2.508E+00 -1.148E+00
  2.7354750E+04 -2.580E+00 -2.785E+00 -1.637E+00
  2.7355250E+04 -2.423E+00 -2.550E+00 -1.324E+00
  2.7355750E+04 -2.524E+00 -2.518E+00 -7.341E-01
  2.7356250E+04 -2.693E+00 -2.730E+00 -1.125E+00
  2.7356750E+04 -2.340E+00 -2.708E+00 -2.387E+00
  2.7357250E+04 -3.029E+00 -3.315E+00 -2.192E+00
  2.7357750E+04 -3.030E+00 -3.022E+00 -9.148E-01
  2.7358250E+04 -2.335E+00 -2.388E+00 -1.051E+00
  2.7358750E+04 -2.538E+00 -2.754E+00 -1.602E+00
  2.7359250E+04 -2.560E+00 -2.613E+00 -1.084E+00
  2.7359750E+04 -2.833E+00 -2.786E+00 -7.519E-01
  2.7360250E+04 -3.231E+00 -3.171E+00 -8.671E-01
  2.7360750E+04 -2.161E+00 -2.335E+00 -1.551E+00
  2.7361250E+04 -1.979E+00 -2.091E+00 -1.169E+00
  2.7361750E+04 -2.539E+00 -2.600E+00 -1.166E+00
  2.7362250E+04 -2.384E+00 -2.511E+00 -1.199E+00
  2.7362750E+04 -2.065E+00 -2.240E+00 -1.656E+00
  2.7363250E+04 -2.157E+00 -2.411E+00 -2.035E+00
  2.7363750E+04 -2.930E+00 -3.006E+00 -1.172E+00
  2.7364250E+04 -2.291E+00 -2.512E+00 -1.693E+00
  2.7364750E+04 -2.254E+00 -2.357E+00 -1.054E+00
  2.7365250E+04 -2.649E+00 -2.774E+00 -1.392E+00
  2.7365750E+04 -2.349E+00 -2.614E+00 -1.942E+00
  2.7366250E+04 -2.177E+00 -2.276E+00 -1.077E+00
  2.7366750E+04 -2.470E+00 -2.506E+00 -1.010E+00
  2.7367250E+04 -3.086E+00 -3.114E+00 -1.259E+00
  2.7367750E+04 -2.941E+00 -3.017E+00 -1.397E+00
  2.7368250E+04 -2.519E+00 -2.721E+00 -1.516E+00
  2.7368750E+04 -2.505E+00 -2.416E+00 -2.947E-01
  2.7369250E+04 -2.457E+00 -2.459E+00 -6.217E-01
  2.7369750E+04 -2.376E+00 -2.414E+00 -1.079E+00
  2.7370250E+04 -2.219E+00 -2.347E+00 -1.406E+00
  2.7370750E+04 -2.452E+00 -2.529E+00 -1.136E+00
  2.7371250E+04 -2.699E+00 -2.802E+00 -1.248E+00
  2.7371750E+04 -3.162E+00 -3.166E+00 -9.255E-01
  2.7372250E+04 -2.613E+00 -2.591E+00 -6.330E-01
  2.7372750E+04 -2.354E+00 -2.485E+00 -1.438E+00
  2.7373250E+04 -2.064E+00 -2.224E+00 -1.409E+00
  2.7373750E+04 -2.194E+00 -2.465E+00 -1.986E+00
  2.7374250E+04 -2.338E+00 -2.468E+00 -1.454E+00
  2.7374750E+04 -1.624E+00 -1.629E+00 -6.440E-01
  2.7375250E+04 -2.251E+00 -2.254E+00 -8.595E-01
  2.7375750E+04 -2.582E+00 -2.487E+00 -4.109E-01
  2.7376250E+04 -2.229E+00 -2.463E+00 -1.726E+00
  2.7376750E+04 -2.568E+00 -2.657E+00 -1.098E+00
  2.7377250E+04 -2.987E+00 -3.081E+00 -1.281E+00
  2.7377750E+04 -2.828E+00 -2.935E+00 -1.242E+00
  2.7378250E+04 -2.554E+00 -2.675E+00 -1.369E+00
  2.7378750E+04 -2.248E+00 -2.449E+00 -1.648E+00
  2.7379250E+04 -1.928E+00 -2.092E+00 -1.738E+00
  2.7379750E+04 -2.548E+00 -2.585E+00 -1.323E+00
  2.7380250E+04 -2.727E+00 -2.843E+00 -1.355E+00
  2.7380750E+04 -2.625E+00 -2.729E+00 -1.385E+00
  2.7381250E+04 -2.236E+00 -2.469E+00 -1.298E+00
  2.7381750E+04 -2.124E+00 -2.294E+00 -1.475E+00
  2.7382250E+04 -2.545E+00 -2.741E+00 -1.626E+00
  2.7382750E+04 -2.952E+00 -2.951E+00 -8.792E-01
  2.7383250E+04 -2.724E+00 -2.711E+00 -8.340E-01
  2.7383750E+04 -2.210E+00 -2.306E+00 -1.402E+00
  2.7384250E+04 -2.493E+00 -2.477E+00 -8.006E-01
  2.7384750E+04 -1.866E+00 -2.094E+00 -1.574E+00
  2.7385250E+04 -2.360E+00 -2.590E+00 -1.738E+00
  2.7385750E+04 -1.608E+00 -1.803E+00 -1.315E+00
  2.7386250E+04 -1.739E+00 -1.895E+00 -1.388E+00
  2.7386750E+04 -2.410E+00 -2.444E+00 -9.852E-01
  2.7387250E+04 -2.229E+00 -2.493E+00 -1.993E+00
  2.7387750E+04 -2.242E+00 -2.355E+00 -1.199E+00
  2.7388250E+04 -1.845E+00 -2.051E+00 -1.568E+00
  2.7388750E+04 -1.724E+00 -1.819E+00 -1.131E+00
  2.7389250E+04 -2.366E+00 -2.497E+00 -1.418E+00
  2.7389750E+04 -2.175E+00 -2.235E+00 -1.005E+00
  2.7390250E+04 -2.224E+00 -2.248E+00 -8.237E-01
  2.7390750E+04 -2.142E+00 -2.204E+00 -1.048E+00
  2.7391250E+04 -2.307E+00 -2.369E+00 -1.042E+00
  2.7391750E+04 -2.462E+00 -2.531E+00 -9.315E-01
  2.7392250E+04 -2.513E+00 -2.551E+00 -9.850E-01
  2.7392750E+04 -2.431E+00 -2.519E+00 -1.124E+00
  2.7393250E+04 -2.331E+00 -2.416E+00 -1.039E+00
  2.7393750E+04 -2.434E+00 -2.362E+00 -4.098E-01
  2.7394250E+04 -2.144E+00 -2.144E+00 -3.490E-01
  2.7394750E+04 -2.294E+00 -2.459E+00 -1.689E+00
  2.7395250E+04 -2.665E+00 -2.710E+00 -1.155E+00
  2.7395750E+04 -2.532E+00 -2.553E+00 -9.324E-01
  2.7396250E+04 -2.271E+00 -2.250E+00 -7.054E-01
  2.7396750E+04 -1.974E+00 -2.054E+00 -9.491E-01
  2.7397250E+04 -2.027E+00 -2.299E+00 -2.003E+00
  2.7397750E+04 -2.134E+00 -2.251E+00 -1.183E+00
  2.7398250E+04 -1.758E+00 -1.818E+00 -8.217E-01
  2.7398750E+04 -2.371E+00 -2.311E+00 -5.032E-01
  2.7399250E+04 -2.421E+00 -2.425E+00 -6.776E-01
  2.7399750E+04 -2.056E+00 -2.123E+00 -1.035E+00
  2.7400250E+04 -2.315E+00 -2.286E+00 -5.869E-01
  2.7400750E+04 -2.077E+00 -2.031E+00 -5.118E-01
  2.7401250E+04 -1.747E+00 -1.840E+00 -9.334E-01
  2.7401750E+04 -2.106E+00 -2.157E+00 -9.033E-01
  2.7402250E+04 -2.096E+00 -2.259E+00 -1.329E+00
  2.7402750E+04 -2.320E+00 -2.396E+00 -9.447E-01
  2.7403250E+04 -2.045E+00 -2.158E+00 -1.262E+00
  2.7403750E+04 -2.017E+00 -2.141E+00 -1.373E+00
  2.7404250E+04 -2.090E+00 -2.217E+00 -1.178E+00
  2.7404750E+04 -1.873E+00 -2.055E+00 -1.666E+00
  2.7405250E+04 -2.242E+00 -2.363E+00 -1.182E+00
  2.7405750E+04 -1.727E+00 -1.914E+00 -1.566E+00
  2.7406250E+04 -1.943E+00 -2.054E+00 -1.171E+00
  2.7406750E+04 -2.180E+00 -2.207E+00 -8.931E-01
  2.7407250E+04 -2.250E+00 -2.353E+00 -1.313E+00
  2.7407750E+04 -2.147E+00 -2.290E+00 -1.282E+00
  2.7408250E+04 -2.203E+00 -2.509E+00 -2.098E+00
  2.7408750E+04 -1.951E+00 -1.930E+00 -6.998E-01
  2.7409250E+04 -1.827E+00 -2.084E+00 -1.640E+00
  2.7409750E+04 -2.106E+00 -2.167E+00 -9.672E-01
  2.7410250E+04 -1.963E+00 -2.050E+00 -8.091E-01
  2.7410750E+04 -1.991E+00 -2.113E+00 -1.142E+00
  2.7411250E+04 -2.158E+00 -2.176E+00 -6.905E-01
  2.7411750E+04 -2.195E+00 -2.328E+00 -1.303E+00
  2.7412250E+04 -2.480E+00 -2.414E+00 -3.529E-01
  2.7412750E+04 -2.012E+00 -2.154E+00 -1.292E+00
  2.7413250E+04 -1.984E+00 -2.067E+00 -1.106E+00
  2.7413750E+04 -2.170E+00 -2.230E+00 -1.149E+00
  2.7414250E+04 -2.264E+00 -2.390E+00 -1.230E+00
  2.7414750E+04 -1.837E+00 -2.000E+00 -1.326E+00
  2.7415250E+04 -2.704E+00 -2.849E+00 -1.280E+00
  2.7415750E+04 -2.155E+00 -2.277E+00 -1.146E+00
  2.7416250E+04 -1.573E+00 -1.667E+00 -8.949E-01
  2.7416750E+04 -2.090E+00 -2.015E+00 -3.308E-01
  2.7417250E+04 -1.735E+00 -1.769E+00 -8.279E-01
  2.7417750E+04 -1.617E+00 -1.827E+00 -1.617E+00
  2.7418250E+04 -2.521E+00 -2.435E+00 -4.516E-01
  2.7418750E+04 -1.977E+00 -1.917E+00 -3.476E-01
  2.7419250E+04 -1.754E+00 -1.694E+00 -1.306E-01
  2.7419750E+04 -1.958E+00 -2.091E+00 -1.194E+00
  2.7420250E+04 -2.206E+00 -2.267E+00 -9.001E-01
  2.7420750E+04 -1.571E+00 -1.658E+00 -9.211E-01
  2.7421250E+04 -1.930E+00 -2.006E+00 -1.235E+00
  2.7421750E+04 -2.946E+00 -2.592E+00 -9.939E-01
  2.7422250E+04 -1.769E+00 -1.408E+00 -3.425E-01
  2.7422750E+04 -1.149E+00 -1.444E+00 -1.638E+00
  2.7423250E+04 -1.491E+00 -1.621E+00 -1.385E+00
  2.7423750E+04 -1.993E+00 -2.093E+00 -9.779E-01
  2.7424250E+04 -1.871E+00 -1.930E+00 -9.037E-01
  2.7424750E+04 -1.850E+00 -1.889E+00 -8.151E-01
  2.7425250E+04 -2.284E+00 -2.366E+00 -9.665E-01
  2.7425750E+04 -2.693E+00 -2.496E+00 -6.480E-01
  2.7426250E+04 -1.859E+00 -1.865E+00 -6.239E-01
  2.7426750E+04 -2.044E+00 -2.109E+00 -9.648E-01
  2.7427250E+04 -1.810E+00 -1.862E+00 -7.961E-01
  2.7427750E+04 -1.902E+00 -2.016E+00 -1.003E+00
  2.7428250E+04 -1.846E+00 -2.052E+00 -1.633E+00
  2.7428750E+04 -1.750E+00 -1.871E+00 -1.210E+00
  2.7429250E+04 -2.502E+00 -2.697E+00 -1.205E+00
  2.7429750E+04 -2.203E+00 -2.220E+00 -7.939E-01
  2.7430250E+04 -1.965E+00 -1.957E+00 -6.674E-01
  2.7430750E+04 -1.651E+00 -1.715E+00 -7.474E-01
  2.7431250E+04 -2.007E+00 -2.075E+00 -8.702E-01
  2.7431750E+04 -2.141E+00 -2.383E+00 -1.736E+00
  2.7432250E+04 -1.574E+00 -1.712E+00 -1.618E+00
  2.7432750E+04 -1.832E+00 -1.896E+00 -1.010E+00
  2.7433250E+04 -2.024E+00 -2.109E+00 -1.003E+00
  2.7433750E+04 -1.638E+00 -1.730E+00 -9.055E-01
  2.7434250E+04 -1.628E+00 -1.673E+00 -5.895E-01
  2.7434750E+04 -2.111E+00 -2.262E+00 -8.399E-01
  2.7435250E+04 -2.537E+00 -2.767E+00 -1.101E+00
  2.7435750E+04 -1.870E+00 -2.099E+00 -1.627E+00
  2.7436250E+04 -1.622E+00 -1.732E+00 -1.019E+00
  2.7436750E+04 -1.393E+00 -1.484E+00 -9.749E-01
  2.7437250E+04 -1.851E+00 -1.930E+00 -8.441E-01
  2.7437750E+04 -1.799E+00 -1.823E+00 -6.553E-01
  2.7438250E+04 -2.300E+00 -2.352E+00 -8.696E-01
  2.7438750E+04 -1.373E+00 -1.307E+00 -1.394E+00
  2.7439250E+04 -1.607E+00 -1.582E+00 -9.252E-01
  2.7439750E+04 -2.071E+00 -2.066E+00 -7.584E-01
  2.7440250E+04 -1.943E+00 -1.966E+00 -7.804E-01
  2.7440750E+04 -2.107E+00 -2.125E+00 -6.233E-01
  2.7441250E+04 -5.850E-01 -1.162E+00 -6.389E-01
  2.7441750E+04 -1.807E+00 -1.842E+00 -5.811E-01
  2.7442250E+04 -2.236E+00 -2.197E+00 -4.487E-01
  2.7442750E+04 -1.720E+00 -1.977E+00 -1.017E+00
  2.7443250E+04 -1.873E+00 -1.998E+00 -9.405E-01
  2.7443750E+04 -1.692E+00 -1.881E+00 -1.155E+00
  2.7444250E+04 -1.723E+00 -1.886E+00 -1.257E+00
  2.7444750E+04 -1.811E+00 -2.012E+00 -1.434E+00
  2.7445250E+04 -1.740E+00 -1.795E+00 -7.629E-01
  2.7445750E+04 -1.803E+00 -1.740E+00 -3.102E-01
  2.7446250E+04 -1.598E+00 -1.668E+00 -1.087E+00
  2.7446750E+04 -2.495E+00 -2.560E+00 -1.242E+00
  2.7447250E+04 -1.810E+00 -1.934E+00 -1.195E+00
  2.7447750E+04 -1.687E+00 -1.797E+00 -1.090E+00
  2.7448250E+04 -1.918E+00 -1.915E+00 -5.465E-01
  2.7448750E+04 -1.883E+00 -1.920E+00 -7.085E-01
  2.7449250E+04 -1.147E+00 -1.242E+00 -6.526E-01
  2.7449750E+04 -1.328E+00 -1.562E+00 -1.062E+00
  2.7450250E+04 -1.899E+00 -1.903E+00 -5.901E-01
  2.7450750E+04 -1.767E+00 -1.839E+00 -8.508E-01
  2.7451250E+04 -1.818E+00 -1.895E+00 -9.199E-01
  2.7451750E+04 -1.704E+00 -1.811E+00 -1.085E+00
  2.7452250E+04 -1.842E+00 -1.826E+00 -3.874E-01
  2.7452750E+04 -1.989E+00 -1.888E+00 -1.042E-01
  2.7453250E+04 -1.686E+00 -1.832E+00 -1.403E+00
  2.7453750E+04 -2.077E+00 -2.149E+00 -9.879E-01
  2.7454250E+04 -1.759E+00 -2.023E+00 -1.799E+00
  2.7454750E+04 -1.462E+00 -1.567E+00 -1.131E+00
  2.7455250E+04 -2.016E+00 -2.089E+00 -1.000E+00
  2.7455750E+04 -1.666E+00 -1.813E+00 -1.215E+00
  2.7456250E+04 -1.816E+00 -1.800E+00 -8.850E-01
  2.7456750E+04 -1.597E+00 -1.772E+00 -1.049E+00
  2.7457250E+04 -1.652E+00 -1.646E+00 -3.587E-01
  2.7457750E+04 -1.735E+00 -1.741E+00 -7.082E-01
  2.7458250E+04 -1.984E+00 -2.158E+00 -1.399E+00
  2.7458750E+04 -1.582E+00 -1.670E+00 -9.122E-01
  2.7459250E+04 -1.607E+00 -1.622E+00 -5.255E-01
  2.7459750E+04 -2.035E+00 -2.127E+00 -1.326E+00
  2.7460250E+04 -2.049E+00 -1.954E+00 -7.919E-01
  2.7460750E+04 -9.103E-01 -1.025E+00 -8.666E-01
  2.7461250E+04 -1.671E+00 -1.639E+00 -2.457E-01
  2.7461750E+04 -1.736E+00 -1.920E+00 -1.001E+00
  2.7462250E+04 -1.640E+00 -1.621E+00 -5.844E-01
  2.7462750E+04 -1.742E+00 -1.808E+00 -9.148E-01
  2.7463250E+04 -2.126E+00 -2.164E+00 -8.969E-01
  2.7463750E+04 -1.478E+00 -1.639E+00 -1.064E+00
  2.7464250E+04 -1.424E+00 -1.477E+00 -7.918E-01
  2.7464750E+04 -1.600E+00 -1.591E+00 -4.730E-01
  2.7465250E+04 -1.702E+00 -1.663E+00 -2.855E-01
  2.7465750E+04 -9.909E-01 -1.063E+00 -7.213E-01
  2.7466250E+04 -1.902E+00 -1.978E+00 -9.681E-01
  2.7466750E+04 -1.672E+00 -1.803E+00 -1.185E+00
  2.7467250E+04 -1.834E+00 -1.744E+00 -1.446E-01
  2.7467750E+04 -2.190E+00 -2.124E+00 -2.993E-01
  2.7468250E+04 -1.610E+00 -1.864E+00 -1.594E+00
  2.7468750E+04 -1.780E+00 -1.813E+00 -6.372E-01
  2.7469250E+04 -1.390E+00 -1.488E+00 -8.533E-01
  2.7469750E+04 -1.250E+00 -1.397E+00 -9.275E-01
  2.7470250E+04 -1.523E+00 -1.522E+00 -4.481E-01
  2.7470750E+04 -1.193E+00 -1.267E+00 -6.588E-01
  2.7471250E+04 -1.478E+00 -1.570E+00 -9.667E-01
  2.7471750E+04 -1.557E+00 -1.710E+00 -1.170E+00
  2.7472250E+04 -1.328E+00 -1.432E+00 -9.911E-01
  2.7472750E+04 -2.044E+00 -2.207E+00 -1.181E+00
  2.7473250E+04 -1.758E+00 -1.678E+00 -1.066E-01
  2.7473750E+04 -1.971E+00 -2.003E+00 -5.379E-01
  2.7474250E+04 -1.697E+00 -1.833E+00 -1.168E+00
  2.7474750E+04 -2.039E+00 -2.145E+00 -1.019E+00
  2.7475250E+04 -1.337E+00 -1.454E+00 -1.085E+00
  2.7475750E+04 -1.738E+00 -1.945E+00 -1.408E+00
  2.7476250E+04 -1.270E+00 -1.431E+00 -1.044E+00
  2.7476750E+04 -1.523E+00 -1.509E+00 -5.796E-01
  2.7477250E+04 -1.320E+00 -1.347E+00 -5.371E-01
  2.7477750E+04 -1.531E+00 -1.434E+00 -2.191E-02
  2.7478250E+04 -1.163E+00 -1.304E+00 -1.050E+00
  2.7478750E+04 -1.462E+00 -1.609E+00 -1.394E+00
  2.7479250E+04 -1.853E+00 -1.836E+00 -5.992E-01
  2.7479750E+04 -1.584E+00 -1.520E+00 -2.137E-01
  2.7480250E+04 -1.662E+00 -1.779E+00 -9.422E-01
  2.7480750E+04 -1.546E+00 -1.549E+00 -6.008E-01
  2.7481250E+04 -1.772E+00 -1.757E+00 -6.381E-01
  2.7481750E+04 -1.480E+00 -1.589E+00 -8.589E-01
  2.7482250E+04 -1.780E+00 -1.847E+00 -1.034E+00
  2.7482750E+04 -1.869E+00 -2.017E+00 -1.437E+00
  2.7483250E+04 -1.988E+00 -2.067E+00 -1.058E+00
  2.7483750E+04 -1.279E+00 -1.373E+00 -8.365E-01
  2.7484250E+04 -1.331E+00 -1.456E+00 -9.031E-01
  2.7484750E+04 -1.747E+00 -1.714E+00 -4.956E-01
  2.7485250E+04 -1.466E+00 -1.556E+00 -9.246E-01
  2.7485750E+04 -1.380E+00 -1.525E+00 -8.858E-01
  2.7486250E+04 -1.332E+00 -1.255E+00  2.138E-03
  2.7486750E+04 -1.277E+00 -1.371E+00 -9.444E-01
  2.7487250E+04 -1.710E+00 -1.900E+00 -1.245E+00
  2.7487750E+04 -1.324E+00 -1.405E+00 -8.310E-01
  2.7488250E+04 -1.649E+00 -1.629E+00 -2.440E-01
  2.7488750E+04 -1.646E+00 -1.704E+00 -8.265E-01
  2.7489250E+04 -1.699E+00 -1.764E+00 -9.217E-01
  2.7489750E+04 -1.319E+00 -1.292E+00 -5.973E-01
  2.7490250E+04 -1.573E+00 -1.636E+00 -8.864E-01
  2.7490750E+04 -1.510E+00 -1.658E+00 -1.255E+00
  2.7491250E+04 -1.639E+00 -1.581E+00 -1.741E-01
  2.7491750E+04 -1.665E+00 -1.811E+00 -9.560E-01
  2.7492250E+04 -1.321E+00 -1.428E+00 -7.113E-01
  2.7492750E+04 -9.467E-01 -1.010E+00 -4.755E-01
  2.7493250E+04 -1.401E+00 -1.469E+00 -6.315E-01
  2.7493750E+04 -9.957E-01 -1.139E+00 -8.342E-01
  2.7494250E+04 -1.444E+00 -1.555E+00 -8.103E-01
  2.7494750E+04 -2.233E+00 -2.275E+00 -8.367E-01
  2.7495250E+04 -1.399E+00 -1.575E+00 -1.272E+00
  2.7495750E+04 -1.249E+00 -1.304E+00 -7.573E-01
  2.7496250E+04 -1.779E+00 -1.803E+00 -6.599E-01
  2.7496750E+04 -1.373E+00 -1.439E+00 -6.573E-01
  2.7497250E+04 -1.399E+00 -1.558E+00 -1.196E+00
  2.7497750E+04 -1.436E+00 -1.480E+00 -6.816E-01
  2.7498250E+04 -1.281E+00 -1.258E+00 -4.928E-01
  2.7498750E+04 -1.354E+00 -1.367E+00 -5.744E-01
  2.7499250E+04 -1.474E+00 -1.586E+00 -9.691E-01
  2.7499750E+04 -1.483E+00 -1.578E+00 -9.433E-01
  2.7500250E+04 -1.588E+00 -1.607E+00 -6.523E-01
  2.7500750E+04 -1.165E+00 -1.306E+00 -1.234E+00
  2.7501250E+04 -1.652E+00 -1.700E+00 -7.737E-01
  2.7501750E+04 -1.622E+00 -1.775E+00 -1.190E+00
  2.7502250E+04 -1.716E+00 -1.761E+00 -9.126E-01
  2.7502750E+04 -1.033E+00 -1.059E+00 -4.222E-01
  2.7503250E+04 -1.096E+00 -1.239E+00 -1.119E+00
  2.7503750E+04 -1.539E+00 -1.608E+00 -8.003E-01
  2.7504250E+04 -1.377E+00 -1.437E+00 -8.515E-01
  2.7504750E+04 -1.393E+00 -1.461E+00 -8.635E-01
  2.7505250E+04 -1.385E+00 -1.424E+00 -7.946E-01
  2.7505750E+04 -1.174E+00 -1.220E+00 -6.956E-01
  2.7506250E+04 -1.009E+00 -1.062E+00 -4.297E-01
  2.7506750E+04 -1.175E+00 -1.252E+00 -7.593E-01
  2.7507250E+04 -2.192E+00 -2.105E+00 -3.337E-01
  2.7507750E+04 -1.704E+00 -1.824E+00 -1.080E+00
  2.7508250E+04 -1.698E+00 -1.562E+00  6.311E-02
  2.7508750E+04 -1.701E+00 -1.750E+00 -6.867E-01
  2.7509250E+04 -1.324E+00 -1.332E+00 -5.560E-01
  2.7509750E+04 -1.475E+00 -1.538E+00 -7.212E-01
  2.7510250E+04 -1.414E+00 -1.602E+00 -1.241E+00
  2.7510750E+04 -1.296E+00 -1.285E+00 -6.559E-01
  2.7511250E+04 -1.704E+00 -1.647E+00 -2.528E-01
  2.7511750E+04 -1.396E+00 -1.438E+00 -6.335E-01
  2.7512250E+04 -9.634E-01 -1.038E+00 -6.360E-01
  2.7512750E+04 -1.483E+00 -1.493E+00 -7.731E-01
  2.7513250E+04 -1.431E+00 -1.513E+00 -8.034E-01
  2.7513750E+04 -1.578E+00 -1.720E+00 -9.567E-01
  2.7514250E+04 -1.314E+00 -1.307E+00 -2.952E-01
  2.7514750E+04 -8.627E-01 -1.024E+00 -9.274E-01
  2.7515250E+04 -1.611E+00 -1.582E+00 -4.227E-01
  2.7515750E+04 -1.392E+00 -1.462E+00 -9.892E-01
  2.7516250E+04 -1.272E+00 -1.333E+00 -8.011E-01
  2.7516750E+04 -1.664E+00 -1.777E+00 -9.422E-01
  2.7517250E+04 -1.576E+00 -1.630E+00 -7.045E-01
  2.7517750E+04 -1.023E+00 -1.299E+00 -1.440E+00
  2.7518250E+04 -1.241E+00 -1.321E+00 -6.467E-01
  2.7518750E+04 -1.130E+00 -1.200E+00 -5.151E-01
  2.7519250E+04 -1.405E+00 -1.391E+00 -5.930E-01
  2.7519750E+04 -1.499E+00 -1.448E+00 -4.550E-01
  2.7520250E+04 -1.267E+00 -1.265E+00 -6.476E-01
  2.7520750E+04 -1.078E+00 -1.122E+00 -4.531E-01
  2.7521250E+04 -1.193E+00 -1.201E+00 -4.104E-01
  2.7521750E+04 -1.433E+00 -1.437E+00 -6.126E-01
  2.7522250E+04 -1.385E+00 -1.522E+00 -1.133E+00
  2.7522750E+04 -1.063E+00 -1.208E+00 -1.075E+00
  2.7523250E+04 -1.463E+00 -1.505E+00 -3.763E-01
  2.7523750E+04 -1.346E+00 -1.429E+00 -5.170E-01
  2.7524250E+04 -1.048E+00 -9.976E-01 -1.650E-01
  2.7524750E+04 -1.388E+00 -1.441E+00 -8.015E-01
  2.7525250E+04 -1.067E+00 -1.161E+00 -9.183E-01
  2.7525750E+04 -8.553E-01 -8.385E-01 -3.006E-01
  2.7526250E+04 -1.285E+00 -1.304E+00 -4.903E-01
  2.7526750E+04 -1.337E+00 -1.505E+00 -9.294E-01
  2.7527250E+04 -1.436E+00 -1.483E+00 -6.037E-01
  2.7527750E+04 -9.065E-01 -9.816E-01 -5.281E-01
  2.7528250E+04 -1.317E+00 -1.403E+00 -7.407E-01
  2.7528750E+04 -1.724E+00 -1.737E+00 -5.995E-01
  2.7529250E+04 -1.616E+00 -1.592E+00 -4.667E-01
  2.7529750E+04 -1.441E+00 -1.282E+00  1.145E-01
  2.7530250E+04 -1.211E+00 -1.285E+00 -8.552E-01
  2.7530750E+04 -1.942E+00 -1.934E+00 -5.113E-01
  2.7531250E+04 -1.427E+00 -1.603E+00 -1.313E+00
  2.7531750E+04 -1.305E+00 -1.457E+00 -1.223E+00
  2.7532250E+04 -1.108E+00 -1.253E+00 -8.642E-01
  2.7532750E+04 -1.007E+00 -1.107E+00 -9.238E-01
  2.7533250E+04 -1.232E+00 -1.254E+00 -8.190E-01
  2.7533750E+04 -1.245E+00 -1.244E+00 -2.879E-01
  2.7534250E+04 -1.394E+00 -1.550E+00 -1.013E+00
  2.7534750E+04 -1.700E+00 -1.813E+00 -1.022E+00
  2.7535250E+04 -1.019E+00 -1.105E+00 -6.213E-01
  2.7535750E+04 -9.820E-01 -1.136E+00 -1.055E+00
  2.7536250E+04 -1.327E+00 -1.367E+00 -6.694E-01
  2.7536750E+04 -1.484E+00 -1.519E+00 -5.015E-01
