  2.2878250E+04 -0.000E+00 -0.000E+00  0.000E+00
  2.2878750E+04 -0.000E+00 -0.000E+00  0.000E+00
  2.2879250E+04 -0.000E+00 -0.000E+00  0.000E+00
  2.2879750E+04 -0.000E+00 -0.000E+00  0.000E+00
  2.2880250E+04 -0.000E+00 -0.000E+00  0.000E+00
  2.2880750E+04 -0.000E+00 -0.000E+00  0.000E+00
  2.2881250E+04 -0.000E+00 -0.000E+00  0.000E+00
  2.2881750E+04 -0.000E+00 -0.000E+00  0.000E+00
  2.2882250E+04 -0.000E+00 -0.000E+00  0.000E+00
  2.2882750E+04 -0.000E+00 -0.000E+00  0.000E+00
  2.2883250E+04 -0.000E+00 -0.000E+00  0.000E+00
  2.2883750E+04 -0.000E+00 -0.000E+00  0.000E+00
  2.2884250E+04 -0.000E+00 -0.000E+00  0.000E+00
  2.2884750E+04 -0.000E+00 -0.000E+00  0.000E+00
  2.2885250E+04 -0.000E+00 -0.000E+00  0.000E+00
  2.2885750E+04 -0.000E+00 -0.000E+00  0.000E+00
  2.2886250E+04 -0.000E+00 -0.000E+00  0.000E+00
  2.2886750E+04 -0.000E+00 -0.000E+00  0.000E+00
  2.2887250E+04 -0.000E+00 -0.000E+00  0.000E+00
  2.2887750E+04 -0.000E+00 -0.000E+00  0.000E+00
  2.2888250E+04 -0.000E+00 -0.000E+00  0.000E+00
  2.2888750E+04 -0.000E+00 -0.000E+00  0.000E+00
  2.2889250E+04 -0.000E+00 -0.000E+00  0.000E+00
  2.2889750E+04 -0.000E+00 -0.000E+00  0.000E+00
  2.2890250E+04 -0.000E+00 -0.000E+00  0.000E+00
  2.2890750E+04 -0.000E+00 -0.000E+00  0.000E+00
  2.2891250E+04 -0.000E+00 -0.000E+00  0.000E+00
  2.2891750E+04 -0.000E+00 -0.000E+00  0.000E+00
  2.2892250E+04 -0.000E+00 -0.000E+00  0.000E+00
  2.2892750E+04 -0.000E+00 -0.000E+00  0.000E+00
  2.2893250E+04 -0.000E+00 -0.000E+00  0.000E+00
  2.2893750E+04 -0.000E+00 -0.000E+00  0.000E+00
  2.2894250E+04 -0.000E+00 -0.000E+00  0.000E+00
  2.2894750E+04 -0.000E+00 -0.000E+00  0.000E+00
  2.2895250E+04 -0.000E+00 -0.000E+00  0.000E+00
  2.2895750E+04 -0.000E+00 -0.000E+00  0.000E+00
  2.2896250E+04 -0.000E+00 -0.000E+00  0.000E+00
  2.2896750E+04 -0.000E+00 -0.000E+00  0.000E+00
  2.2897250E+04 -0.000E+00 -0.000E+00  0.000E+00
  2.2897750E+04 -0.000E+00 -0.000E+00  0.000E+00
  2.2898250E+04 -0.000E+00 -0.000E+00  0.000E+00
  2.2898750E+04 -0.000E+00 -0.000E+00  0.000E+00
  2.2899250E+04 -0.000E+00 -0.000E+00  0.000E+00
  2.2899750E+04 -0.000E+00 -0.000E+00  0.000E+00
  2.2900250E+04 -0.000E+00 -0.000E+00  0.000E+00
  2.2900750E+04 -0.000E+00 -0.000E+00  0.000E+00
  2.2901250E+04 -0.000E+00 -0.000E+00  0.000E+00
  2.2901750E+04 -0.000E+00 -0.000E+00  0.000E+00
  2.2902250E+04 -0.000E+00 -0.000E+00  0.000E+00
  2.2902750E+04 -0.000E+00 -0.000E+00  0.000E+00
  2.2903250E+04 -0.000E+00 -0.000E+00  0.000E+00
  2.2903750E+04 -0.000E+00 -0.000E+00  0.000E+00
  2.2904250E+04 -0.000E+00 -0.000E+00  0.000E+00
  2.2904750E+04 -0.000E+00 -0.000E+00  0.000E+00
  2.2905250E+04 -0.000E+00 -0.000E+00  0.000E+00
  2.2905750E+04 -0.000E+00 -0.000E+00  0.000E+00
  2.2906250E+04 -0.000E+00 -0.000E+00  0.000E+00
  2.2906750E+04 -0.000E+00 -0.000E+00  0.000E+00
  2.2907250E+04 -0.000E+00 -0.000E+00  0.000E+00
  2.2907750E+04 -0.000E+00 -0.000E+00  0.000E+00
  2.2908250E+04 -0.000E+00 -0.000E+00  0.000E+00
  2.2908750E+04 -0.000E+00 -0.000E+00  0.000E+00
  2.2909250E+04 -0.000E+00 -0.000E+00  0.000E+00
  2.2909750E+04 -0.000E+00 -0.000E+00  0.000E+00
  2.2910250E+04 -0.000E+00 -0.000E+00  0.000E+00
  2.2910750E+04 -0.000E+00 -0.000E+00  0.000E+00
  2.2911250E+04 -0.000E+00 -0.000E+00  0.000E+00
  2.2911750E+04 -0.000E+00 -0.000E+00  0.000E+00
  2.2912250E+04 -0.000E+00 -0.000E+00  0.000E+00
  2.2912750E+04 -0.000E+00 -0.000E+00  0.000E+00
  2.2913250E+04 -0.000E+00 -0.000E+00  0.000E+00
  2.2913750E+04 -0.000E+00 -0.000E+00  0.000E+00
  2.2914250E+04 -0.000E+00 -0.000E+00  0.000E+00
  2.2914750E+04 -0.000E+00 -0.000E+00  0.000E+00
  2.2915250E+04 -0.000E+00 -0.000E+00  0.000E+00
  2.2915750E+04 -0.000E+00 -0.000E+00  0.000E+00
  2.2916250E+04 -0.000E+00 -0.000E+00  0.000E+00
  2.2916750E+04 -0.000E+00 -0.000E+00  0.000E+00
  2.2917250E+04 -0.000E+00 -0.000E+00  0.000E+00
  2.2917750E+04 -0.000E+00 -0.000E+00  0.000E+00
  2.2918250E+04 -0.000E+00 -0.000E+00  0.000E+00
  2.2918750E+04 -0.000E+00 -0.000E+00  0.000E+00
  2.2919250E+04 -0.000E+00 -0.000E+00  0.000E+00
  2.2919750E+04 -0.000E+00 -0.000E+00  0.000E+00
  2.2920250E+04 -0.000E+00 -0.000E+00  0.000E+00
  2.2920750E+04 -0.000E+00 -0.000E+00  0.000E+00
  2.2921250E+04 -0.000E+00 -0.000E+00  0.000E+00
  2.2921750E+04 -0.000E+00 -0.000E+00  0.000E+00
  2.2922250E+04 -0.000E+00 -0.000E+00  0.000E+00
  2.2922750E+04 -0.000E+00 -0.000E+00  0.000E+00
  2.2923250E+04 -0.000E+00 -0.000E+00  0.000E+00
  2.2923750E+04 -0.000E+00 -0.000E+00  0.000E+00
  2.2924250E+04 -0.000E+00 -0.000E+00  0.000E+00
  2.2924750E+04 -0.000E+00 -0.000E+00  0.000E+00
  2.2925250E+04 -0.000E+00 -0.000E+00  0.000E+00
  2.2925750E+04 -0.000E+00 -0.000E+00  0.000E+00
  2.2926250E+04 -0.000E+00 -0.000E+00  0.000E+00
  2.2926750E+04 -0.000E+00 -0.000E+00  0.000E+00
  2.2927250E+04 -0.000E+00 -0.000E+00  0.000E+00
  2.2927750E+04 -0.000E+00 -0.000E+00  0.000E+00
  2.2928250E+04 -0.000E+00 -0.000E+00  0.000E+00
  2.2928750E+04 -0.000E+00 -0.000E+00  0.000E+00
  2.2929250E+04 -0.000E+00 -0.000E+00  0.000E+00
  2.2929750E+04 -0.000E+00 -0.000E+00  0.000E+00
  2.2930250E+04 -0.000E+00 -0.000E+00  0.000E+00
  2.2930750E+04 -0.000E+00 -0.000E+00  0.000E+00
  2.2931250E+04 -0.000E+00 -0.000E+00  0.000E+00
  2.2931750E+04 -0.000E+00 -0.000E+00  0.000E+00
  2.2932250E+04 -0.000E+00 -0.000E+00  0.000E+00
  2.2932750E+04 -0.000E+00 -0.000E+00  0.000E+00
  2.2933250E+04 -0.000E+00 -0.000E+00  0.000E+00
  2.2933750E+04 -0.000E+00 -0.000E+00  0.000E+00
  2.2934250E+04 -0.000E+00 -0.000E+00  0.000E+00
  2.2934750E+04 -0.000E+00 -0.000E+00  0.000E+00
  2.2935250E+04 -0.000E+00 -0.000E+00  0.000E+00
  2.2935750E+04 -0.000E+00 -0.000E+00  0.000E+00
  2.2936250E+04 -0.000E+00 -0.000E+00  0.000E+00
  2.2936750E+04 -0.000E+00 -0.000E+00  0.000E+00
  2.2937250E+04 -0.000E+00 -0.000E+00  0.000E+00
  2.2937750E+04 -0.000E+00 -0.000E+00  0.000E+00
  2.2938250E+04 -0.000E+00 -0.000E+00  0.000E+00
  2.2938750E+04 -0.000E+00 -0.000E+00  0.000E+00
  2.2939250E+04 -0.000E+00 -0.000E+00  0.000E+00
  2.2939750E+04 -0.000E+00 -0.000E+00  0.000E+00
  2.2940250E+04 -0.000E+00 -0.000E+00  0.000E+00
  2.2940750E+04 -0.000E+00 -0.000E+00  0.000E+00
  2.2941250E+04 -0.000E+00 -0.000E+00  0.000E+00
  2.2941750E+04 -0.000E+00 -0.000E+00  0.000E+00
  2.2942250E+04 -0.000E+00 -0.000E+00  0.000E+00
  2.2942750E+04 -0.000E+00 -0.000E+00  0.000E+00
  2.2943250E+04 -0.000E+00 -0.000E+00  0.000E+00
  2.2943750E+04 -0.000E+00 -0.000E+00  0.000E+00
  2.2944250E+04 -0.000E+00 -0.000E+00  0.000E+00
  2.2944750E+04 -0.000E+00 -0.000E+00  0.000E+00
  2.2945250E+04 -0.000E+00 -0.000E+00  0.000E+00
  2.2945750E+04 -0.000E+00 -0.000E+00  0.000E+00
  2.2946250E+04 -0.000E+00 -0.000E+00  0.000E+00
  2.2946750E+04 -0.000E+00 -0.000E+00  0.000E+00
  2.2947250E+04 -0.000E+00 -0.000E+00  0.000E+00
  2.2947750E+04 -0.000E+00 -0.000E+00  0.000E+00
  2.2948250E+04 -0.000E+00 -0.000E+00  0.000E+00
  2.2948750E+04 -0.000E+00 -0.000E+00  0.000E+00
  2.2949250E+04 -0.000E+00 -0.000E+00  0.000E+00
  2.2949750E+04 -0.000E+00 -0.000E+00  0.000E+00
  2.2950250E+04 -0.000E+00 -0.000E+00  0.000E+00
  2.2950750E+04 -0.000E+00 -0.000E+00  0.000E+00
  2.2951250E+04 -0.000E+00 -0.000E+00  0.000E+00
  2.2951750E+04 -0.000E+00 -0.000E+00  0.000E+00
  2.2952250E+04 -0.000E+00 -0.000E+00  0.000E+00
  2.2952750E+04 -0.000E+00 -0.000E+00  0.000E+00
  2.2953250E+04 -0.000E+00 -0.000E+00  0.000E+00
  2.2953750E+04 -0.000E+00 -0.000E+00  0.000E+00
  2.2954250E+04 -0.000E+00 -0.000E+00  0.000E+00
  2.2954750E+04 -0.000E+00 -0.000E+00  0.000E+00
  2.2955250E+04 -0.000E+00 -0.000E+00  0.000E+00
  2.2955750E+04 -0.000E+00 -0.000E+00  0.000E+00
  2.2956250E+04 -0.000E+00 -0.000E+00  0.000E+00
  2.2956750E+04 -0.000E+00 -0.000E+00  0.000E+00
  2.2957250E+04 -0.000E+00 -0.000E+00  0.000E+00
  2.2957750E+04 -0.000E+00 -0.000E+00  0.000E+00
  2.2958250E+04 -0.000E+00 -0.000E+00  0.000E+00
  2.2958750E+04 -0.000E+00 -0.000E+00  0.000E+00
  2.2959250E+04 -0.000E+00 -0.000E+00  0.000E+00
  2.2959750E+04 -0.000E+00 -0.000E+00  0.000E+00
  2.2960250E+04 -0.000E+00 -0.000E+00  0.000E+00
  2.2960750E+04 -0.000E+00 -0.000E+00  0.000E+00
  2.2961250E+04 -0.000E+00 -0.000E+00  0.000E+00
  2.2961750E+04 -0.000E+00 -0.000E+00  0.000E+00
  2.2962250E+04  8.999E-07  6.255E-07 -6.291E-07
  2.2962750E+04 -1.214E-06 -1.141E-06 -4.102E-07
  2.2963250E+04  1.652E-04  1.129E-04 -1.241E-04
  2.2963750E+04  2.005E-03  1.391E-03 -1.419E-03
  2.2964250E+04  8.360E-04  5.861E-04 -5.682E-04
  2.2964750E+04  5.184E-05  9.067E-05  1.920E-04
  2.2965250E+04  5.202E-04  5.145E-04  2.786E-04
  2.2965750E+04  7.706E-03  7.078E-03  1.834E-03
  2.2966250E+04 -1.719E-03 -1.168E-03  1.334E-03
  2.2966750E+04  4.182E-03  4.125E-03  2.196E-03
  2.2967250E+04  5.319E-03  4.500E-03 -3.749E-04
  2.2967750E+04  7.189E-05 -7.327E-05 -5.625E-04
  2.2968250E+04 -3.012E-03  2.014E-03  1.955E-02
  2.2968750E+04  6.539E-03  4.672E-03 -4.134E-03
  2.2969250E+04 -4.102E-03 -2.991E-03  2.370E-03
  2.2969750E+04  7.600E-03  8.491E-03  8.213E-03
  2.2970250E+04  1.575E-02  1.560E-02  8.374E-03
  2.2970750E+04 -1.187E-03 -2.358E-03 -5.611E-03
  2.2971250E+04 -3.944E-03 -3.966E-03 -2.344E-03
  2.2971750E+04 -1.652E-03 -1.355E-03  3.311E-04
  2.2972250E+04  1.040E-03  9.119E-04  6.622E-05
  2.2972750E+04 -4.458E-03 -2.165E-03  7.203E-03
  2.2973250E+04  6.235E-03  7.872E-03  1.054E-02
  2.2973750E+04  2.845E-02  1.877E-02 -2.482E-02
  2.2974250E+04  1.430E-02  1.372E-02  5.889E-03
  2.2974750E+04  6.701E-03  8.166E-03  1.015E-02
  2.2975250E+04  3.715E-02  3.649E-02  1.856E-02
  2.2975750E+04  6.139E-02  6.140E-02  3.539E-02
  2.2976250E+04  2.661E-03 -3.406E-03 -2.450E-02
  2.2976750E+04  4.194E-03  4.083E-03  1.780E-03
  2.2977250E+04 -1.313E-02 -1.875E-03  4.048E-02
  2.2977750E+04  3.936E-02  3.390E-02 -7.321E-04
  2.2978250E+04  1.448E-01  1.506E-01  1.080E-01
  2.2978750E+04  4.424E-02  5.046E-02  5.165E-02
  2.2979250E+04  1.660E-02  7.881E-03 -2.782E-02
  2.2979750E+04  3.096E-02  4.305E-02  6.952E-02
  2.2980250E+04  4.406E-02  5.168E-02  5.799E-02
  2.2980750E+04  9.932E-02  9.696E-02  4.675E-02
  2.2981250E+04  1.860E-01  2.042E-01  1.832E-01
  2.2981750E+04  7.598E-02  5.852E-02 -3.175E-02
  2.2982250E+04  1.049E-01  8.438E-02 -2.747E-02
  2.2982750E+04  1.055E-01  9.640E-02  2.165E-02
  2.2983250E+04  1.406E-01  1.703E-01  2.070E-01
  2.2983750E+04  1.150E-01  1.236E-01  1.008E-01
  2.2984250E+04  9.735E-02  9.739E-02  5.471E-02
  2.2984750E+04  2.038E-01  2.166E-01  1.700E-01
  2.2985250E+04  3.160E-01  2.990E-01  1.056E-01
  2.2985750E+04  3.725E-01  3.448E-01  9.099E-02
  2.2986250E+04  3.475E-01  3.640E-01  2.660E-01
  2.2986750E+04  3.303E-02  1.510E-01  5.249E-01
  2.2987250E+04  4.887E-01  5.216E-01  4.160E-01
  2.2987750E+04  5.560E-01  6.303E-01  6.311E-01
  2.2988250E+04  5.495E-01  5.821E-01  4.478E-01
  2.2988750E+04  5.343E-01  4.713E-01  2.838E-02
  2.2989250E+04  4.247E-01  4.415E-01  3.103E-01
  2.2989750E+04  4.217E-01  4.747E-01  4.615E-01
  2.2990250E+04  7.772E-01  8.216E-01  6.232E-01
  2.2990750E+04  7.426E-01  7.357E-01  3.846E-01
  2.2991250E+04  9.869E-01  8.741E-01  6.310E-02
  2.2991750E+04  7.817E-01  7.500E-01  2.992E-01
  2.2992250E+04  1.043E+00  1.102E+00  8.324E-01
  2.2992750E+04  1.366E+00  1.298E+00  4.622E-01
  2.2993250E+04  1.264E+00  1.167E+00  2.812E-01
  2.2993750E+04  1.464E+00  1.504E+00  9.781E-01
  2.2994250E+04  1.313E+00  1.315E+00  7.302E-01
  2.2994750E+04  1.649E+00  1.845E+00  1.754E+00
  2.2995250E+04  2.171E+00  2.200E+00  1.323E+00
  2.2995750E+04  2.198E+00  2.084E+00  7.211E-01
  2.2996250E+04  1.883E+00  2.071E+00  1.846E+00
  2.2996750E+04  2.449E+00  2.506E+00  1.591E+00
  2.2997250E+04  3.264E+00  3.239E+00  1.679E+00
  2.2997750E+04  2.823E+00  2.927E+00  1.988E+00
  2.2998250E+04  2.999E+00  2.993E+00  1.613E+00
  2.2998750E+04  4.271E+00  4.117E+00  1.664E+00
  2.2999250E+04  3.262E+00  3.543E+00  2.989E+00
  2.2999750E+04  4.181E+00  4.451E+00  3.445E+00
  2.3000250E+04  5.050E+00  5.189E+00  3.355E+00
  2.3000750E+04  4.623E+00  4.971E+00  4.018E+00
  2.3001250E+04  6.918E+00  6.814E+00  3.305E+00
  2.3001750E+04  7.030E+00  7.230E+00  4.674E+00
  2.3002250E+04  7.111E+00  7.207E+00  4.264E+00
  2.3002750E+04  8.057E+00  8.416E+00  5.910E+00
  2.3003250E+04  9.288E+00  9.434E+00  5.663E+00
  2.3003750E+04  1.017E+01  9.959E+00  4.569E+00
  2.3004250E+04  9.060E+00  9.528E+00  6.898E+00
  2.3004750E+04  1.136E+01  1.160E+01  7.189E+00
  2.3005250E+04  1.142E+01  1.203E+01  8.799E+00
  2.3005750E+04  1.253E+01  1.243E+01  6.288E+00
  2.3006250E+04  1.267E+01  1.317E+01  8.943E+00
  2.3006750E+04  1.416E+01  1.490E+01  1.083E+01
  2.3007250E+04  1.756E+01  1.743E+01  8.836E+00
  2.3007750E+04  1.782E+01  1.744E+01  7.890E+00
  2.3008250E+04  1.780E+01  1.809E+01  1.077E+01
  2.3008750E+04  1.947E+01  1.968E+01  1.126E+01
  2.3009250E+04  2.017E+01  2.020E+01  1.090E+01
  2.3009750E+04  2.117E+01  2.165E+01  1.332E+01
  2.3010250E+04  2.269E+01  2.367E+01  1.630E+01
  2.3010750E+04  2.519E+01  2.600E+01  1.687E+01
  2.3011250E+04  2.430E+01  2.517E+01  1.666E+01
  2.3011750E+04  3.065E+01  3.056E+01  1.581E+01
  2.3012250E+04  2.889E+01  2.966E+01  1.859E+01
  2.3012750E+04  3.342E+01  3.306E+01  1.604E+01
  2.3013250E+04  3.307E+01  3.339E+01  1.881E+01
  2.3013750E+04  3.571E+01  3.551E+01  1.791E+01
  2.3014250E+04  3.730E+01  3.786E+01  2.205E+01
  2.3014750E+04  3.887E+01  3.914E+01  2.156E+01
  2.3015250E+04  4.215E+01  4.281E+01  2.495E+01
  2.3015750E+04  4.275E+01  4.311E+01  2.388E+01
  2.3016250E+04  4.869E+01  4.926E+01  2.788E+01
  2.3016750E+04  5.144E+01  5.059E+01  2.311E+01
  2.3017250E+04  4.666E+01  4.757E+01  2.827E+01
  2.3017750E+04  5.030E+01  5.248E+01  3.566E+01
  2.3018250E+04  5.542E+01  5.684E+01  3.499E+01
  2.3018750E+04  6.570E+01  6.532E+01  3.241E+01
  2.3019250E+04  6.517E+01  6.529E+01  3.424E+01
  2.3019750E+04  6.597E+01  6.558E+01  3.242E+01
  2.3020250E+04  6.429E+01  6.469E+01  3.492E+01
  2.3020750E+04  6.552E+01  6.608E+01  3.623E+01
  2.3021250E+04  7.649E+01  7.714E+01  4.226E+01
  2.3021750E+04  7.970E+01  7.914E+01  3.856E+01
  2.3022250E+04  7.707E+01  7.858E+01  4.619E+01
  2.3022750E+04  7.673E+01  7.784E+01  4.425E+01
  2.3023250E+04  8.633E+01  8.623E+01  4.378E+01
  2.3023750E+04  9.192E+01  9.040E+01  4.038E+01
  2.3024250E+04  9.140E+01  9.134E+01  4.638E+01
  2.3024750E+04  8.828E+01  8.930E+01  4.943E+01
  2.3025250E+04  9.262E+01  9.255E+01  4.684E+01
  2.3025750E+04  9.960E+01  9.998E+01  5.230E+01
  2.3026250E+04  9.788E+01  9.901E+01  5.459E+01
  2.3026750E+04  1.103E+02  1.090E+02  5.037E+01
  2.3027250E+04  1.053E+02  1.080E+02  6.501E+01
  2.3027750E+04  1.090E+02  1.089E+02  5.469E+01
  2.3028250E+04  1.092E+02  1.087E+02  5.264E+01
  2.3028750E+04  1.083E+02  1.073E+02  5.013E+01
  2.3029250E+04  1.127E+02  1.123E+02  5.473E+01
  2.3029750E+04  1.102E+02  1.100E+02  5.438E+01
  2.3030250E+04  1.136E+02  1.151E+02  6.369E+01
  2.3030750E+04  1.235E+02  1.243E+02  6.508E+01
  2.3031250E+04  1.174E+02  1.170E+02  5.675E+01
  2.3031750E+04  1.206E+02  1.206E+02  6.001E+01
  2.3032250E+04  1.266E+02  1.266E+02  6.304E+01
  2.3032750E+04  1.314E+02  1.301E+02  5.979E+01
  2.3033250E+04  1.248E+02  1.254E+02  6.437E+01
  2.3033750E+04  1.332E+02  1.334E+02  6.667E+01
  2.3034250E+04  1.345E+02  1.320E+02  5.574E+01
  2.3034750E+04  1.318E+02  1.305E+02  5.955E+01
  2.3035250E+04  1.294E+02  1.298E+02  6.561E+01
  2.3035750E+04  1.325E+02  1.323E+02  6.444E+01
  2.3036250E+04  1.400E+02  1.408E+02  7.221E+01
  2.3036750E+04  1.355E+02  1.373E+02  7.456E+01
  2.3037250E+04  1.382E+02  1.380E+02  6.661E+01
  2.3037750E+04  1.402E+02  1.407E+02  7.081E+01
  2.3038250E+04  1.366E+02  1.383E+02  7.413E+01
  2.3038750E+04  1.326E+02  1.321E+02  6.249E+01
  2.3039250E+04  1.422E+02  1.412E+02  6.493E+01
  2.3039750E+04  1.382E+02  1.385E+02  6.843E+01
  2.3040250E+04  1.484E+02  1.471E+02  6.652E+01
  2.3040750E+04  1.452E+02  1.433E+02  6.214E+01
  2.3041250E+04  1.353E+02  1.355E+02  6.639E+01
  2.3041750E+04  1.358E+02  1.348E+02  6.116E+01
  2.3042250E+04  1.339E+02  1.344E+02  6.691E+01
  2.3042750E+04  1.392E+02  1.383E+02  6.281E+01
  2.3043250E+04  1.379E+02  1.344E+02  5.035E+01
  2.3043750E+04  1.393E+02  1.387E+02  6.419E+01
  2.3044250E+04  1.326E+02  1.341E+02  7.032E+01
  2.3044750E+04  1.278E+02  1.303E+02  7.208E+01
  2.3045250E+04  1.353E+02  1.334E+02  5.604E+01
  2.3045750E+04  1.311E+02  1.328E+02  6.953E+01
  2.3046250E+04  1.261E+02  1.251E+02  5.535E+01
  2.3046750E+04  1.253E+02  1.250E+02  5.817E+01
  2.3047250E+04  1.283E+02  1.276E+02  5.743E+01
  2.3047750E+04  1.195E+02  1.206E+02  6.084E+01
  2.3048250E+04  1.258E+02  1.267E+02  6.295E+01
  2.3048750E+04  1.309E+02  1.307E+02  6.033E+01
  2.3049250E+04  1.194E+02  1.189E+02  5.378E+01
  2.3049750E+04  1.241E+02  1.220E+02  4.864E+01
  2.3050250E+04  1.146E+02  1.140E+02  5.070E+01
  2.3050750E+04  1.129E+02  1.139E+02  5.694E+01
  2.3051250E+04  1.107E+02  1.091E+02  4.420E+01
  2.3051750E+04  1.087E+02  1.110E+02  6.022E+01
  2.3052250E+04  1.104E+02  1.117E+02  5.674E+01
  2.3052750E+04  1.119E+02  1.103E+02  4.465E+01
  2.3053250E+04  1.053E+02  1.044E+02  4.438E+01
  2.3053750E+04  1.032E+02  1.036E+02  4.895E+01
  2.3054250E+04  1.057E+02  1.048E+02  4.453E+01
  2.3054750E+04  1.031E+02  9.915E+01  2.959E+01
  2.3055250E+04  9.248E+01  9.470E+01  5.200E+01
  2.3055750E+04  8.965E+01  9.307E+01  5.574E+01
  2.3056250E+04  8.695E+01  8.828E+01  4.514E+01
  2.3056750E+04  8.443E+01  8.297E+01  3.143E+01
  2.3057250E+04  8.867E+01  8.650E+01  3.013E+01
  2.3057750E+04  7.654E+01  7.914E+01  4.553E+01
  2.3058250E+04  8.500E+01  8.498E+01  3.792E+01
  2.3058750E+04  7.751E+01  7.607E+01  2.816E+01
  2.3059250E+04  7.794E+01  7.647E+01  2.788E+01
  2.3059750E+04  7.317E+01  7.295E+01  3.130E+01
  2.3060250E+04  7.281E+01  7.308E+01  3.325E+01
  2.3060750E+04  5.901E+01  6.098E+01  3.431E+01
  2.3061250E+04  7.035E+01  6.989E+01  2.877E+01
  2.3061750E+04  6.754E+01  6.401E+01  1.363E+01
  2.3062250E+04  6.128E+01  6.237E+01  3.115E+01
  2.3062750E+04  6.232E+01  6.038E+01  1.839E+01
  2.3063250E+04  5.031E+01  5.201E+01  2.884E+01
  2.3063750E+04  5.334E+01  5.434E+01  2.708E+01
  2.3064250E+04  4.574E+01  4.754E+01  2.698E+01
  2.3064750E+04  4.433E+01  4.320E+01  1.329E+01
  2.3065250E+04  4.980E+01  4.954E+01  1.976E+01
  2.3065750E+04  4.486E+01  4.701E+01  2.803E+01
  2.3066250E+04  4.405E+01  4.437E+01  1.959E+01
  2.3066750E+04  4.403E+01  4.222E+01  1.001E+01
  2.3067250E+04  3.687E+01  3.719E+01  1.606E+01
  2.3067750E+04  3.666E+01  3.679E+01  1.513E+01
  2.3068250E+04  3.072E+01  2.980E+01  7.853E+00
  2.3068750E+04  2.917E+01  2.900E+01  1.051E+01
  2.3069250E+04  3.043E+01  3.095E+01  1.416E+01
  2.3069750E+04  3.214E+01  3.320E+01  1.725E+01
  2.3070250E+04  2.521E+01  2.633E+01  1.433E+01
  2.3070750E+04  2.606E+01  2.602E+01  9.483E+00
  2.3071250E+04  1.730E+01  1.770E+01  7.363E+00
  2.3071750E+04  1.963E+01  2.071E+01  1.166E+01
  2.3072250E+04  1.959E+01  2.053E+01  1.097E+01
  2.3072750E+04  2.381E+01  2.446E+01  1.162E+01
  2.3073250E+04  1.220E+01  1.211E+01  2.800E+00
  2.3073750E+04  1.057E+01  1.065E+01  2.925E+00
  2.3074250E+04  8.046E+00  9.124E+00  6.117E+00
  2.3074750E+04  1.337E+01  1.364E+01  5.014E+00
  2.3075250E+04  1.033E+01  9.886E+00  6.179E-01
  2.3075750E+04  9.812E+00  9.752E+00  1.854E+00
  2.3076250E+04  9.774E-02  2.343E+00  7.876E+00
  2.3076750E+04  2.195E+00  2.163E+00 -1.494E+00
  2.3077250E+04 -3.105E-01  8.273E-01  2.689E+00
  2.3077750E+04  1.373E+00  8.851E-01 -4.006E+00
  2.3078250E+04  1.424E+00  5.324E-01 -5.539E+00
  2.3078750E+04  2.577E+00  1.128E+00 -7.581E+00
  2.3079250E+04 -1.405E+00 -5.182E-01  1.055E+00
  2.3079750E+04 -2.847E+00 -2.415E+00 -1.609E+00
  2.3080250E+04 -5.767E+00 -6.997E+00 -1.033E+01
  2.3080750E+04 -4.192E+00 -2.736E+00  2.646E+00
  2.3081250E+04 -1.141E+01 -9.269E+00  2.303E+00
  2.3081750E+04 -1.206E+01 -1.043E+01 -3.747E-01
  2.3082250E+04 -8.715E+00 -7.381E+00 -1.480E-01
  2.3082750E+04 -1.253E+01 -9.987E+00  3.463E+00
  2.3083250E+04 -8.030E+00 -8.496E+00 -7.759E+00
  2.3083750E+04 -1.436E+01 -1.356E+01 -4.933E+00
  2.3084250E+04 -1.338E+01 -1.252E+01 -4.242E+00
  2.3084750E+04 -9.462E+00 -9.092E+00 -4.724E+00
  2.3085250E+04 -1.037E+01 -1.014E+01 -5.760E+00
  2.3085750E+04 -1.525E+01 -1.557E+01 -1.034E+01
  2.3086250E+04 -1.286E+01 -1.330E+01 -9.815E+00
  2.3086750E+04 -1.884E+01 -1.841E+01 -8.434E+00
  2.3087250E+04 -1.215E+01 -1.306E+01 -1.142E+01
  2.3087750E+04 -1.359E+01 -1.440E+01 -1.186E+01
  2.3088250E+04 -1.869E+01 -1.765E+01 -5.725E+00
  2.3088750E+04 -2.126E+01 -1.900E+01 -1.446E+00
  2.3089250E+04 -2.121E+01 -2.155E+01 -1.313E+01
  2.3089750E+04 -1.694E+01 -1.667E+01 -8.264E+00
  2.3090250E+04 -1.895E+01 -1.854E+01 -8.669E+00
  2.3090750E+04 -2.204E+01 -2.217E+01 -1.238E+01
  2.3091250E+04 -2.347E+01 -2.333E+01 -1.159E+01
  2.3091750E+04 -2.060E+01 -1.814E+01  1.356E-01
  2.3092250E+04 -2.102E+01 -2.106E+01 -1.131E+01
  2.3092750E+04 -2.427E+01 -2.401E+01 -1.155E+01
  2.3093250E+04 -1.779E+01 -1.709E+01 -6.495E+00
  2.3093750E+04 -2.249E+01 -2.191E+01 -9.156E+00
  2.3094250E+04 -2.274E+01 -2.289E+01 -1.292E+01
  2.3094750E+04 -2.082E+01 -2.099E+01 -1.196E+01
  2.3095250E+04 -2.611E+01 -2.542E+01 -1.031E+01
  2.3095750E+04 -2.935E+01 -2.757E+01 -6.575E+00
  2.3096250E+04 -3.062E+01 -2.775E+01 -2.565E+00
  2.3096750E+04 -2.487E+01 -2.616E+01 -1.901E+01
  2.3097250E+04 -2.736E+01 -2.670E+01 -1.102E+01
  2.3097750E+04 -2.586E+01 -2.582E+01 -1.310E+01
  2.3098250E+04 -2.344E+01 -2.378E+01 -1.361E+01
  2.3098750E+04 -2.366E+01 -2.461E+01 -1.673E+01
  2.3099250E+04 -2.745E+01 -2.605E+01 -7.657E+00
  2.3099750E+04 -2.797E+01 -2.739E+01 -1.128E+01
  2.3100250E+04 -2.751E+01 -2.752E+01 -1.393E+01
  2.3100750E+04 -2.390E+01 -2.392E+01 -1.206E+01
  2.3101250E+04 -2.781E+01 -2.746E+01 -1.235E+01
  2.3101750E+04 -3.053E+01 -3.000E+01 -1.293E+01
  2.3102250E+04 -2.726E+01 -2.678E+01 -1.151E+01
  2.3102750E+04 -2.951E+01 -2.914E+01 -1.311E+01
  2.3103250E+04 -2.871E+01 -2.728E+01 -8.130E+00
  2.3103750E+04 -2.695E+01 -2.647E+01 -1.130E+01
  2.3104250E+04 -2.726E+01 -2.751E+01 -1.475E+01
  2.3104750E+04 -2.462E+01 -2.462E+01 -1.237E+01
  2.3105250E+04 -2.548E+01 -2.467E+01 -9.471E+00
  2.3105750E+04 -2.557E+01 -2.537E+01 -1.199E+01
  2.3106250E+04 -3.210E+01 -3.178E+01 -1.404E+01
  2.3106750E+04 -2.833E+01 -2.838E+01 -1.421E+01
  2.3107250E+04 -2.563E+01 -2.542E+01 -1.177E+01
  2.3107750E+04 -2.762E+01 -2.732E+01 -1.247E+01
  2.3108250E+04 -2.716E+01 -2.777E+01 -1.623E+01
  2.3108750E+04 -2.340E+01 -2.336E+01 -1.169E+01
  2.3109250E+04 -2.794E+01 -2.756E+01 -1.211E+01
  2.3109750E+04 -2.643E+01 -2.642E+01 -1.301E+01
  2.3110250E+04 -2.491E+01 -2.662E+01 -2.003E+01
  2.3110750E+04 -2.658E+01 -2.636E+01 -1.186E+01
  2.3111250E+04 -3.096E+01 -2.946E+01 -8.311E+00
  2.3111750E+04 -3.334E+01 -3.224E+01 -1.123E+01
  2.3112250E+04 -2.793E+01 -2.780E+01 -1.302E+01
  2.3112750E+04 -2.881E+01 -2.799E+01 -1.038E+01
  2.3113250E+04 -2.839E+01 -2.773E+01 -1.104E+01
  2.3113750E+04 -2.818E+01 -2.864E+01 -1.585E+01
  2.3114250E+04 -2.896E+01 -2.862E+01 -1.283E+01
  2.3114750E+04 -2.816E+01 -2.810E+01 -1.347E+01
  2.3115250E+04 -3.004E+01 -2.938E+01 -1.149E+01
  2.3115750E+04 -2.843E+01 -2.820E+01 -1.264E+01
  2.3116250E+04 -2.591E+01 -2.569E+01 -1.168E+01
  2.3116750E+04 -2.903E+01 -2.808E+01 -1.001E+01
  2.3117250E+04 -2.761E+01 -2.756E+01 -1.313E+01
  2.3117750E+04 -2.755E+01 -2.821E+01 -1.641E+01
  2.3118250E+04 -2.967E+01 -2.954E+01 -1.381E+01
  2.3118750E+04 -2.682E+01 -2.692E+01 -1.364E+01
  2.3119250E+04 -2.821E+01 -2.727E+01 -9.406E+00
  2.3119750E+04 -2.669E+01 -2.644E+01 -1.167E+01
  2.3120250E+04 -2.843E+01 -2.852E+01 -1.426E+01
  2.3120750E+04 -2.683E+01 -2.619E+01 -1.003E+01
  2.3121250E+04 -2.972E+01 -2.919E+01 -1.204E+01
  2.3121750E+04 -2.769E+01 -2.759E+01 -1.315E+01
  2.3122250E+04 -2.705E+01 -2.678E+01 -1.186E+01
  2.3122750E+04 -2.827E+01 -2.764E+01 -1.082E+01
  2.3123250E+04 -2.557E+01 -2.578E+01 -1.352E+01
  2.3123750E+04 -2.445E+01 -2.399E+01 -9.770E+00
  2.3124250E+04 -2.987E+01 -2.891E+01 -9.842E+00
  2.3124750E+04 -2.630E+01 -2.696E+01 -1.568E+01
  2.3125250E+04 -2.533E+01 -2.554E+01 -1.306E+01
  2.3125750E+04 -2.688E+01 -2.692E+01 -1.301E+01
  2.3126250E+04 -2.695E+01 -2.668E+01 -1.190E+01
  2.3126750E+04 -2.679E+01 -2.674E+01 -1.276E+01
  2.3127250E+04 -2.623E+01 -2.616E+01 -1.219E+01
  2.3127750E+04 -2.669E+01 -2.648E+01 -1.201E+01
  2.3128250E+04 -2.585E+01 -2.556E+01 -1.128E+01
  2.3128750E+04 -2.708E+01 -2.655E+01 -1.059E+01
  2.3129250E+04 -2.766E+01 -2.747E+01 -1.236E+01
  2.3129750E+04 -2.531E+01 -2.609E+01 -1.554E+01
  2.3130250E+04 -2.367E+01 -2.422E+01 -1.392E+01
  2.3130750E+04 -2.492E+01 -2.439E+01 -9.465E+00
  2.3131250E+04 -2.414E+01 -2.389E+01 -1.053E+01
  2.3131750E+04 -2.553E+01 -2.505E+01 -1.010E+01
  2.3132250E+04 -2.729E+01 -2.711E+01 -1.229E+01
  2.3132750E+04 -2.952E+01 -2.954E+01 -1.396E+01
  2.3133250E+04 -2.610E+01 -2.642E+01 -1.395E+01
  2.3133750E+04 -2.536E+01 -2.572E+01 -1.389E+01
  2.3134250E+04 -2.481E+01 -2.452E+01 -1.083E+01
  2.3134750E+04 -2.598E+01 -2.512E+01 -8.318E+00
  2.3135250E+04 -2.653E+01 -2.640E+01 -1.220E+01
  2.3135750E+04 -2.535E+01 -2.509E+01 -1.104E+01
  2.3136250E+04 -2.380E+01 -2.328E+01 -9.269E+00
  2.3136750E+04 -2.693E+01 -2.635E+01 -1.012E+01
  2.3137250E+04 -2.558E+01 -2.534E+01 -1.111E+01
  2.3137750E+04 -2.504E+01 -2.448E+01 -9.444E+00
  2.3138250E+04 -2.350E+01 -2.359E+01 -1.172E+01
  2.3138750E+04 -2.378E+01 -2.419E+01 -1.346E+01
  2.3139250E+04 -2.556E+01 -2.534E+01 -1.121E+01
  2.3139750E+04 -2.406E+01 -2.432E+01 -1.265E+01
  2.3140250E+04 -2.255E+01 -2.307E+01 -1.340E+01
  2.3140750E+04 -2.652E+01 -2.547E+01 -7.778E+00
  2.3141250E+04 -2.464E+01 -2.370E+01 -7.526E+00
  2.3141750E+04 -2.443E+01 -2.407E+01 -1.023E+01
  2.3142250E+04 -2.494E+01 -2.441E+01 -9.274E+00
  2.3142750E+04 -2.410E+01 -2.394E+01 -1.060E+01
  2.3143250E+04 -2.245E+01 -2.320E+01 -1.409E+01
  2.3143750E+04 -2.251E+01 -2.340E+01 -1.453E+01
  2.3144250E+04 -2.469E+01 -2.416E+01 -9.304E+00
  2.3144750E+04 -2.161E+01 -2.214E+01 -1.288E+01
  2.3145250E+04 -2.146E+01 -2.112E+01 -8.862E+00
  2.3145750E+04 -2.182E+01 -2.150E+01 -9.140E+00
  2.3146250E+04 -2.286E+01 -2.258E+01 -9.908E+00
  2.3146750E+04 -2.226E+01 -2.225E+01 -1.053E+01
  2.3147250E+04 -2.478E+01 -2.474E+01 -1.155E+01
  2.3147750E+04 -2.315E+01 -2.323E+01 -1.126E+01
  2.3148250E+04 -2.290E+01 -2.238E+01 -8.593E+00
  2.3148750E+04 -2.524E+01 -2.573E+01 -1.406E+01
  2.3149250E+04 -2.073E+01 -2.067E+01 -9.852E+00
  2.3149750E+04 -2.142E+01 -2.160E+01 -1.104E+01
  2.3150250E+04 -2.311E+01 -2.366E+01 -1.344E+01
  2.3150750E+04 -2.211E+01 -2.227E+01 -1.140E+01
  2.3151250E+04 -2.284E+01 -2.267E+01 -1.010E+01
  2.3151750E+04 -2.367E+01 -2.314E+01 -8.942E+00
  2.3152250E+04 -2.236E+01 -2.199E+01 -8.958E+00
  2.3152750E+04 -2.187E+01 -2.230E+01 -1.218E+01
  2.3153250E+04 -2.284E+01 -2.319E+01 -1.241E+01
  2.3153750E+04 -2.158E+01 -2.129E+01 -8.903E+00
  2.3154250E+04 -2.222E+01 -2.211E+01 -1.002E+01
  2.3154750E+04 -2.120E+01 -2.149E+01 -1.163E+01
  2.3155250E+04 -2.237E+01 -2.204E+01 -9.068E+00
  2.3155750E+04 -2.140E+01 -2.121E+01 -9.246E+00
  2.3156250E+04 -2.205E+01 -2.207E+01 -1.065E+01
  2.3156750E+04 -2.328E+01 -2.267E+01 -8.154E+00
  2.3157250E+04 -2.323E+01 -2.262E+01 -8.320E+00
  2.3157750E+04 -2.116E+01 -2.066E+01 -8.155E+00
  2.3158250E+04 -1.921E+01 -2.004E+01 -1.311E+01
  2.3158750E+04 -1.983E+01 -2.045E+01 -1.211E+01
  2.3159250E+04 -2.093E+01 -2.061E+01 -8.359E+00
  2.3159750E+04 -1.994E+01 -2.010E+01 -1.025E+01
  2.3160250E+04 -1.890E+01 -1.872E+01 -8.232E+00
  2.3160750E+04 -2.203E+01 -2.181E+01 -9.573E+00
  2.3161250E+04 -2.351E+01 -2.280E+01 -7.802E+00
  2.3161750E+04 -2.027E+01 -2.022E+01 -9.385E+00
  2.3162250E+04 -1.729E+01 -1.754E+01 -9.574E+00
  2.3162750E+04 -1.972E+01 -1.968E+01 -9.315E+00
  2.3163250E+04 -2.087E+01 -2.063E+01 -8.631E+00
  2.3163750E+04 -2.087E+01 -2.098E+01 -1.050E+01
  2.3164250E+04 -2.198E+01 -2.197E+01 -1.039E+01
  2.3164750E+04 -2.004E+01 -2.011E+01 -9.935E+00
  2.3165250E+04 -2.140E+01 -2.109E+01 -8.948E+00
  2.3165750E+04 -2.045E+01 -2.016E+01 -8.504E+00
  2.3166250E+04 -1.710E+01 -1.769E+01 -1.078E+01
  2.3166750E+04 -1.989E+01 -1.956E+01 -8.046E+00
  2.3167250E+04 -1.923E+01 -1.921E+01 -8.986E+00
  2.3167750E+04 -1.924E+01 -1.920E+01 -8.916E+00
  2.3168250E+04 -2.001E+01 -2.048E+01 -1.152E+01
  2.3168750E+04 -1.878E+01 -1.890E+01 -9.239E+00
  2.3169250E+04 -1.801E+01 -1.855E+01 -1.096E+01
  2.3169750E+04 -1.950E+01 -1.915E+01 -7.719E+00
  2.3170250E+04 -2.027E+01 -1.993E+01 -7.907E+00
  2.3170750E+04 -2.156E+01 -2.083E+01 -7.021E+00
  2.3171250E+04 -1.975E+01 -1.964E+01 -8.960E+00
  2.3171750E+04 -2.014E+01 -1.983E+01 -8.079E+00
  2.3172250E+04 -1.847E+01 -1.858E+01 -9.377E+00
  2.3172750E+04 -1.802E+01 -1.806E+01 -8.729E+00
  2.3173250E+04 -1.862E+01 -1.927E+01 -1.169E+01
  2.3173750E+04 -1.812E+01 -1.808E+01 -8.584E+00
  2.3174250E+04 -1.744E+01 -1.761E+01 -9.011E+00
  2.3174750E+04 -2.059E+01 -2.056E+01 -9.528E+00
  2.3175250E+04 -2.003E+01 -2.009E+01 -9.984E+00
  2.3175750E+04 -1.815E+01 -1.813E+01 -8.437E+00
  2.3176250E+04 -1.982E+01 -1.998E+01 -1.029E+01
  2.3176750E+04 -1.947E+01 -1.928E+01 -8.278E+00
  2.3177250E+04 -1.909E+01 -1.893E+01 -8.252E+00
  2.3177750E+04 -1.974E+01 -1.974E+01 -9.411E+00
  2.3178250E+04 -1.898E+01 -1.880E+01 -8.213E+00
  2.3178750E+04 -1.589E+01 -1.581E+01 -7.451E+00
  2.3179250E+04 -1.833E+01 -1.740E+01 -4.415E+00
  2.3179750E+04 -1.770E+01 -1.805E+01 -1.015E+01
  2.3180250E+04 -1.562E+01 -1.640E+01 -1.091E+01
  2.3180750E+04 -1.670E+01 -1.746E+01 -1.127E+01
  2.3181250E+04 -1.745E+01 -1.764E+01 -8.995E+00
  2.3181750E+04 -1.711E+01 -1.745E+01 -9.727E+00
  2.3182250E+04 -1.850E+01 -1.816E+01 -7.361E+00
  2.3182750E+04 -1.745E+01 -1.700E+01 -6.324E+00
  2.3183250E+04 -1.830E+01 -1.815E+01 -7.908E+00
  2.3183750E+04 -1.738E+01 -1.744E+01 -8.383E+00
  2.3184250E+04 -1.776E+01 -1.825E+01 -1.055E+01
  2.3184750E+04 -1.785E+01 -1.754E+01 -7.169E+00
  2.3185250E+04 -1.828E+01 -1.796E+01 -7.319E+00
  2.3185750E+04 -1.857E+01 -1.834E+01 -7.471E+00
  2.3186250E+04 -1.737E+01 -1.730E+01 -7.951E+00
  2.3186750E+04 -1.814E+01 -1.808E+01 -8.395E+00
  2.3187250E+04 -1.748E+01 -1.795E+01 -1.048E+01
  2.3187750E+04 -1.753E+01 -1.755E+01 -8.574E+00
  2.3188250E+04 -1.744E+01 -1.755E+01 -8.659E+00
  2.3188750E+04 -1.683E+01 -1.706E+01 -8.909E+00
  2.3189250E+04 -1.532E+01 -1.551E+01 -8.133E+00
  2.3189750E+04 -1.707E+01 -1.664E+01 -6.357E+00
  2.3190250E+04 -1.781E+01 -1.804E+01 -9.494E+00
  2.3190750E+04 -1.810E+01 -1.829E+01 -9.521E+00
  2.3191250E+04 -1.368E+01 -1.397E+01 -7.996E+00
  2.3191750E+04 -1.730E+01 -1.707E+01 -7.199E+00
  2.3192250E+04 -1.816E+01 -1.839E+01 -9.537E+00
  2.3192750E+04 -1.633E+01 -1.598E+01 -6.145E+00
  2.3193250E+04 -1.472E+01 -1.528E+01 -9.717E+00
  2.3193750E+04 -1.727E+01 -1.753E+01 -9.288E+00
  2.3194250E+04 -1.627E+01 -1.571E+01 -5.098E+00
  2.3194750E+04 -1.728E+01 -1.725E+01 -7.976E+00
  2.3195250E+04 -1.552E+01 -1.557E+01 -7.547E+00
  2.3195750E+04 -1.637E+01 -1.587E+01 -5.566E+00
  2.3196250E+04 -1.605E+01 -1.581E+01 -6.708E+00
  2.3196750E+04 -1.653E+01 -1.675E+01 -8.680E+00
  2.3197250E+04 -1.628E+01 -1.600E+01 -6.155E+00
  2.3197750E+04 -1.668E+01 -1.670E+01 -7.885E+00
  2.3198250E+04 -1.648E+01 -1.657E+01 -8.456E+00
  2.3198750E+04 -1.502E+01 -1.517E+01 -7.826E+00
  2.3199250E+04 -1.546E+01 -1.560E+01 -7.969E+00
  2.3199750E+04 -1.539E+01 -1.508E+01 -5.752E+00
  2.3200250E+04 -1.415E+01 -1.458E+01 -8.496E+00
  2.3200750E+04 -1.627E+01 -1.643E+01 -8.567E+00
  2.3201250E+04 -1.582E+01 -1.597E+01 -8.102E+00
  2.3201750E+04 -1.560E+01 -1.542E+01 -6.434E+00
  2.3202250E+04 -1.636E+01 -1.619E+01 -6.965E+00
  2.3202750E+04 -1.601E+01 -1.608E+01 -7.856E+00
  2.3203250E+04 -1.463E+01 -1.489E+01 -8.048E+00
  2.3203750E+04 -1.513E+01 -1.459E+01 -4.820E+00
  2.3204250E+04 -1.503E+01 -1.529E+01 -8.233E+00
  2.3204750E+04 -1.505E+01 -1.514E+01 -7.620E+00
  2.3205250E+04 -1.606E+01 -1.592E+01 -6.845E+00
  2.3205750E+04 -1.421E+01 -1.428E+01 -7.095E+00
  2.3206250E+04 -1.528E+01 -1.504E+01 -6.252E+00
  2.3206750E+04 -1.456E+01 -1.486E+01 -8.244E+00
  2.3207250E+04 -1.476E+01 -1.535E+01 -9.898E+00
  2.3207750E+04 -1.447E+01 -1.469E+01 -7.796E+00
  2.3208250E+04 -1.507E+01 -1.479E+01 -5.820E+00
  2.3208750E+04 -1.611E+01 -1.568E+01 -5.809E+00
  2.3209250E+04 -1.474E+01 -1.460E+01 -6.463E+00
  2.3209750E+04 -1.461E+01 -1.475E+01 -7.571E+00
  2.3210250E+04 -1.484E+01 -1.513E+01 -8.381E+00
  2.3210750E+04 -1.496E+01 -1.508E+01 -7.805E+00
  2.3211250E+04 -1.556E+01 -1.553E+01 -7.105E+00
  2.3211750E+04 -1.562E+01 -1.527E+01 -5.778E+00
  2.3212250E+04 -1.521E+01 -1.510E+01 -6.413E+00
  2.3212750E+04 -1.357E+01 -1.372E+01 -6.952E+00
  2.3213250E+04 -1.357E+01 -1.369E+01 -7.098E+00
  2.3213750E+04 -1.381E+01 -1.378E+01 -6.454E+00
  2.3214250E+04 -1.442E+01 -1.426E+01 -5.927E+00
  2.3214750E+04 -1.442E+01 -1.478E+01 -8.431E+00
  2.3215250E+04 -1.497E+01 -1.471E+01 -5.895E+00
  2.3215750E+04 -1.507E+01 -1.498E+01 -6.713E+00
  2.3216250E+04 -1.361E+01 -1.336E+01 -5.417E+00
  2.3216750E+04 -1.414E+01 -1.423E+01 -7.242E+00
  2.3217250E+04 -1.472E+01 -1.452E+01 -6.125E+00
  2.3217750E+04 -1.396E+01 -1.364E+01 -5.237E+00
  2.3218250E+04 -1.493E+01 -1.448E+01 -4.914E+00
  2.3218750E+04 -1.263E+01 -1.288E+01 -7.038E+00
  2.3219250E+04 -1.365E+01 -1.364E+01 -6.422E+00
  2.3219750E+04 -1.301E+01 -1.331E+01 -7.430E+00
  2.3220250E+04 -1.314E+01 -1.311E+01 -6.048E+00
  2.3220750E+04 -1.361E+01 -1.335E+01 -5.368E+00
  2.3221250E+04 -1.300E+01 -1.348E+01 -8.220E+00
  2.3221750E+04 -1.411E+01 -1.444E+01 -8.075E+00
  2.3222250E+04 -1.448E+01 -1.444E+01 -6.738E+00
  2.3222750E+04 -1.332E+01 -1.353E+01 -7.357E+00
  2.3223250E+04 -1.272E+01 -1.302E+01 -7.234E+00
  2.3223750E+04 -1.494E+01 -1.494E+01 -6.923E+00
  2.3224250E+04 -1.396E+01 -1.405E+01 -6.940E+00
  2.3224750E+04 -1.157E+01 -1.185E+01 -6.850E+00
  2.3225250E+04 -1.263E+01 -1.250E+01 -5.417E+00
  2.3225750E+04 -1.253E+01 -1.280E+01 -7.124E+00
  2.3226250E+04 -1.224E+01 -1.247E+01 -6.831E+00
  2.3226750E+04 -1.399E+01 -1.392E+01 -6.313E+00
  2.3227250E+04 -1.389E+01 -1.383E+01 -6.314E+00
  2.3227750E+04 -1.279E+01 -1.249E+01 -4.769E+00
  2.3228250E+04 -1.339E+01 -1.345E+01 -6.643E+00
  2.3228750E+04 -1.278E+01 -1.279E+01 -5.856E+00
  2.3229250E+04 -1.385E+01 -1.375E+01 -6.114E+00
  2.3229750E+04 -1.183E+01 -1.205E+01 -6.610E+00
  2.3230250E+04 -1.192E+01 -1.214E+01 -6.813E+00
  2.3230750E+04 -1.291E+01 -1.326E+01 -7.746E+00
  2.3231250E+04 -1.165E+01 -1.180E+01 -6.501E+00
  2.3231750E+04 -1.254E+01 -1.252E+01 -5.780E+00
  2.3232250E+04 -1.413E+01 -1.357E+01 -4.318E+00
  2.3232750E+04 -1.222E+01 -1.215E+01 -5.601E+00
  2.3233250E+04 -1.131E+01 -1.131E+01 -5.207E+00
  2.3233750E+04 -1.187E+01 -1.168E+01 -4.757E+00
  2.3234250E+04 -1.129E+01 -1.183E+01 -7.652E+00
  2.3234750E+04 -1.408E+01 -1.408E+01 -6.664E+00
  2.3235250E+04 -1.284E+01 -1.291E+01 -6.361E+00
  2.3235750E+04 -1.387E+01 -1.385E+01 -6.369E+00
  2.3236250E+04 -1.203E+01 -1.227E+01 -6.892E+00
  2.3236750E+04 -1.204E+01 -1.185E+01 -4.934E+00
  2.3237250E+04 -1.129E+01 -1.139E+01 -5.754E+00
  2.3237750E+04 -1.179E+01 -1.172E+01 -5.128E+00
  2.3238250E+04 -1.134E+01 -1.147E+01 -5.902E+00
  2.3238750E+04 -1.231E+01 -1.221E+01 -5.341E+00
  2.3239250E+04 -1.241E+01 -1.249E+01 -6.456E+00
  2.3239750E+04 -1.267E+01 -1.252E+01 -5.337E+00
  2.3240250E+04 -1.111E+01 -1.099E+01 -4.801E+00
  2.3240750E+04 -1.163E+01 -1.172E+01 -5.974E+00
  2.3241250E+04 -1.221E+01 -1.227E+01 -5.991E+00
  2.3241750E+04 -1.229E+01 -1.189E+01 -4.028E+00
  2.3242250E+04 -1.158E+01 -1.165E+01 -5.982E+00
  2.3242750E+04 -1.138E+01 -1.145E+01 -5.535E+00
  2.3243250E+04 -1.238E+01 -1.250E+01 -6.438E+00
  2.3243750E+04 -1.098E+01 -1.099E+01 -5.342E+00
  2.3244250E+04 -1.222E+01 -1.189E+01 -4.295E+00
  2.3244750E+04 -1.183E+01 -1.163E+01 -4.604E+00
  2.3245250E+04 -1.065E+01 -1.056E+01 -4.584E+00
  2.3245750E+04 -1.134E+01 -1.143E+01 -5.641E+00
  2.3246250E+04 -1.199E+01 -1.187E+01 -5.257E+00
  2.3246750E+04 -1.097E+01 -1.124E+01 -6.409E+00
  2.3247250E+04 -1.127E+01 -1.112E+01 -4.727E+00
  2.3247750E+04 -1.190E+01 -1.184E+01 -5.494E+00
  2.3248250E+04 -1.087E+01 -1.101E+01 -5.651E+00
  2.3248750E+04 -1.186E+01 -1.164E+01 -4.438E+00
  2.3249250E+04 -1.132E+01 -1.161E+01 -6.678E+00
  2.3249750E+04 -1.358E+01 -1.378E+01 -7.380E+00
  2.3250250E+04 -1.290E+01 -1.258E+01 -4.622E+00
  2.3250750E+04 -1.081E+01 -1.104E+01 -6.105E+00
  2.3251250E+04 -1.122E+01 -1.123E+01 -5.412E+00
  2.3251750E+04 -1.077E+01 -1.084E+01 -5.523E+00
  2.3252250E+04 -1.058E+01 -1.058E+01 -4.914E+00
  2.3252750E+04 -1.226E+01 -1.238E+01 -6.349E+00
  2.3253250E+04 -1.161E+01 -1.181E+01 -6.505E+00
  2.3253750E+04 -1.114E+01 -1.111E+01 -5.198E+00
  2.3254250E+04 -9.892E+00 -1.010E+01 -5.615E+00
  2.3254750E+04 -1.050E+01 -1.029E+01 -4.007E+00
  2.3255250E+04 -1.149E+01 -1.149E+01 -5.349E+00
  2.3255750E+04 -1.035E+01 -1.083E+01 -6.969E+00
  2.3256250E+04 -9.249E+00 -9.384E+00 -4.944E+00
  2.3256750E+04 -1.080E+01 -1.062E+01 -4.404E+00
  2.3257250E+04 -1.129E+01 -1.096E+01 -3.891E+00
  2.3257750E+04 -1.039E+01 -1.079E+01 -6.598E+00
  2.3258250E+04 -9.456E+00 -9.111E+00 -2.966E+00
  2.3258750E+04 -1.028E+01 -1.035E+01 -5.174E+00
  2.3259250E+04 -1.126E+01 -1.120E+01 -4.993E+00
  2.3259750E+04 -1.083E+01 -1.115E+01 -6.530E+00
  2.3260250E+04 -1.102E+01 -1.117E+01 -5.877E+00
  2.3260750E+04 -1.022E+01 -1.049E+01 -6.221E+00
  2.3261250E+04 -1.052E+01 -1.065E+01 -5.544E+00
  2.3261750E+04 -1.026E+01 -1.038E+01 -5.345E+00
  2.3262250E+04 -1.099E+01 -1.105E+01 -5.439E+00
  2.3262750E+04 -1.139E+01 -1.149E+01 -5.817E+00
  2.3263250E+04 -1.067E+01 -1.059E+01 -4.699E+00
  2.3263750E+04 -9.165E+00 -9.572E+00 -6.343E+00
  2.3264250E+04 -9.010E+00 -8.591E+00 -2.218E+00
  2.3264750E+04 -9.958E+00 -9.666E+00 -3.355E+00
  2.3265250E+04 -9.374E+00 -9.388E+00 -4.500E+00
  2.3265750E+04 -1.066E+01 -1.059E+01 -4.850E+00
  2.3266250E+04 -1.108E+01 -1.151E+01 -7.198E+00
  2.3266750E+04 -1.011E+01 -1.025E+01 -5.331E+00
  2.3267250E+04 -9.941E+00 -1.018E+01 -5.808E+00
  2.3267750E+04 -9.570E+00 -9.736E+00 -5.342E+00
  2.3268250E+04 -1.095E+01 -1.089E+01 -4.945E+00
  2.3268750E+04 -1.065E+01 -1.067E+01 -5.055E+00
  2.3269250E+04 -8.837E+00 -8.996E+00 -4.813E+00
  2.3269750E+04 -8.551E+00 -8.790E+00 -5.053E+00
  2.3270250E+04 -9.447E+00 -9.487E+00 -4.884E+00
  2.3270750E+04 -9.226E+00 -9.726E+00 -6.517E+00
  2.3271250E+04 -1.035E+01 -1.039E+01 -4.937E+00
  2.3271750E+04 -1.035E+01 -1.026E+01 -4.628E+00
  2.3272250E+04 -1.061E+01 -1.030E+01 -3.705E+00
  2.3272750E+04 -9.122E+00 -9.019E+00 -3.655E+00
  2.3273250E+04 -9.462E+00 -9.468E+00 -4.521E+00
  2.3273750E+04 -9.532E+00 -9.635E+00 -4.904E+00
  2.3274250E+04 -9.312E+00 -9.608E+00 -5.612E+00
  2.3274750E+04 -9.438E+00 -9.106E+00 -2.996E+00
  2.3275250E+04 -9.657E+00 -9.697E+00 -4.976E+00
  2.3275750E+04 -1.024E+01 -1.048E+01 -5.989E+00
  2.3276250E+04 -9.252E+00 -9.542E+00 -5.664E+00
  2.3276750E+04 -9.903E+00 -1.020E+01 -6.032E+00
  2.3277250E+04 -1.031E+01 -1.023E+01 -4.402E+00
  2.3277750E+04 -8.917E+00 -8.769E+00 -3.436E+00
  2.3278250E+04 -1.014E+01 -9.979E+00 -4.019E+00
  2.3278750E+04 -9.416E+00 -9.479E+00 -5.035E+00
  2.3279250E+04 -8.946E+00 -8.837E+00 -3.842E+00
  2.3279750E+04 -8.437E+00 -8.290E+00 -3.305E+00
  2.3280250E+04 -9.243E+00 -9.493E+00 -5.347E+00
  2.3280750E+04 -9.706E+00 -9.469E+00 -3.312E+00
  2.3281250E+04 -9.520E+00 -9.579E+00 -4.826E+00
  2.3281750E+04 -8.735E+00 -8.874E+00 -4.597E+00
  2.3282250E+04 -8.816E+00 -9.071E+00 -5.364E+00
  2.3282750E+04 -8.931E+00 -9.160E+00 -5.244E+00
  2.3283250E+04 -9.862E+00 -9.569E+00 -3.227E+00
  2.3283750E+04 -8.059E+00 -8.083E+00 -3.949E+00
  2.3284250E+04 -1.036E+01 -1.018E+01 -4.059E+00
  2.3284750E+04 -9.018E+00 -9.326E+00 -5.603E+00
  2.3285250E+04 -9.519E+00 -9.562E+00 -4.477E+00
  2.3285750E+04 -8.955E+00 -9.138E+00 -5.018E+00
  2.3286250E+04 -9.466E+00 -9.966E+00 -6.738E+00
  2.3286750E+04 -8.347E+00 -8.387E+00 -4.290E+00
  2.3287250E+04 -7.744E+00 -7.947E+00 -4.315E+00
  2.3287750E+04 -8.873E+00 -8.841E+00 -4.058E+00
  2.3288250E+04 -9.351E+00 -9.344E+00 -4.519E+00
  2.3288750E+04 -8.853E+00 -8.972E+00 -4.929E+00
  2.3289250E+04 -8.824E+00 -9.026E+00 -4.986E+00
  2.3289750E+04 -9.157E+00 -9.089E+00 -3.860E+00
  2.3290250E+04 -9.073E+00 -9.044E+00 -4.032E+00
  2.3290750E+04 -8.607E+00 -8.696E+00 -4.535E+00
  2.3291250E+04 -8.135E+00 -8.227E+00 -4.338E+00
  2.3291750E+04 -9.092E+00 -8.988E+00 -3.873E+00
  2.3292250E+04 -8.147E+00 -8.288E+00 -4.485E+00
  2.3292750E+04 -8.956E+00 -9.073E+00 -4.699E+00
  2.3293250E+04 -8.144E+00 -8.330E+00 -4.874E+00
  2.3293750E+04 -8.159E+00 -8.327E+00 -4.999E+00
  2.3294250E+04 -8.044E+00 -8.200E+00 -4.663E+00
  2.3294750E+04 -8.543E+00 -8.752E+00 -4.429E+00
  2.3295250E+04 -7.703E+00 -7.875E+00 -4.222E+00
  2.3295750E+04 -9.537E+00 -9.129E+00 -2.837E+00
  2.3296250E+04 -7.672E+00 -8.207E+00 -5.405E+00
  2.3296750E+04 -8.130E+00 -8.340E+00 -4.674E+00
  2.3297250E+04 -7.695E+00 -8.102E+00 -5.584E+00
  2.3297750E+04 -7.946E+00 -7.905E+00 -3.640E+00
  2.3298250E+04 -9.773E+00 -9.587E+00 -3.868E+00
  2.3298750E+04 -9.484E+00 -9.450E+00 -4.433E+00
  2.3299250E+04 -8.399E+00 -8.087E+00 -2.470E+00
  2.3299750E+04 -6.920E+00 -7.071E+00 -4.055E+00
  2.3300250E+04 -8.784E+00 -8.572E+00 -2.581E+00
  2.3300750E+04 -8.392E+00 -8.503E+00 -4.383E+00
  2.3301250E+04 -8.220E+00 -8.172E+00 -3.862E+00
  2.3301750E+04 -8.108E+00 -8.276E+00 -4.599E+00
  2.3302250E+04 -7.867E+00 -7.669E+00 -2.577E+00
  2.3302750E+04 -7.454E+00 -7.474E+00 -3.813E+00
  2.3303250E+04 -7.754E+00 -7.941E+00 -4.459E+00
  2.3303750E+04 -8.017E+00 -8.362E+00 -5.095E+00
  2.3304250E+04 -8.072E+00 -8.114E+00 -4.098E+00
  2.3304750E+04 -8.330E+00 -8.348E+00 -4.214E+00
  2.3305250E+04 -7.426E+00 -7.801E+00 -5.292E+00
  2.3305750E+04 -7.272E+00 -7.345E+00 -3.964E+00
  2.3306250E+04 -7.671E+00 -7.599E+00 -3.377E+00
  2.3306750E+04 -8.523E+00 -8.362E+00 -3.221E+00
  2.3307250E+04 -8.036E+00 -8.292E+00 -4.974E+00
  2.3307750E+04 -7.935E+00 -8.521E+00 -6.358E+00
  2.3308250E+04 -7.304E+00 -7.754E+00 -5.313E+00
  2.3308750E+04 -8.282E+00 -8.142E+00 -3.265E+00
  2.3309250E+04 -7.543E+00 -7.552E+00 -3.710E+00
  2.3309750E+04 -7.404E+00 -7.569E+00 -4.262E+00
  2.3310250E+04 -8.512E+00 -8.452E+00 -3.507E+00
  2.3310750E+04 -7.770E+00 -7.800E+00 -3.873E+00
  2.3311250E+04 -7.920E+00 -7.988E+00 -4.180E+00
  2.3311750E+04 -7.619E+00 -7.692E+00 -3.904E+00
  2.3312250E+04 -6.815E+00 -6.985E+00 -3.661E+00
  2.3312750E+04 -8.040E+00 -8.135E+00 -4.200E+00
  2.3313250E+04 -6.569E+00 -6.739E+00 -4.001E+00
  2.3313750E+04 -6.906E+00 -7.324E+00 -5.486E+00
  2.3314250E+04 -7.936E+00 -7.914E+00 -3.991E+00
  2.3314750E+04 -8.061E+00 -7.915E+00 -3.020E+00
  2.3315250E+04 -7.797E+00 -7.690E+00 -3.230E+00
  2.3315750E+04 -7.172E+00 -7.180E+00 -3.563E+00
  2.3316250E+04 -7.583E+00 -7.693E+00 -4.021E+00
  2.3316750E+04 -7.730E+00 -7.988E+00 -4.617E+00
  2.3317250E+04 -6.908E+00 -7.111E+00 -4.296E+00
  2.3317750E+04 -7.887E+00 -7.897E+00 -3.686E+00
  2.3318250E+04 -8.348E+00 -8.047E+00 -2.738E+00
  2.3318750E+04 -7.759E+00 -7.793E+00 -3.831E+00
  2.3319250E+04 -7.082E+00 -7.464E+00 -4.890E+00
  2.3319750E+04 -7.312E+00 -7.279E+00 -3.267E+00
  2.3320250E+04 -7.222E+00 -7.250E+00 -3.666E+00
  2.3320750E+04 -7.779E+00 -7.718E+00 -3.439E+00
  2.3321250E+04 -7.014E+00 -7.269E+00 -4.400E+00
  2.3321750E+04 -7.638E+00 -7.610E+00 -3.531E+00
  2.3322250E+04 -7.553E+00 -7.725E+00 -4.249E+00
  2.3322750E+04 -7.401E+00 -7.613E+00 -4.162E+00
  2.3323250E+04 -8.234E+00 -8.035E+00 -2.952E+00
  2.3323750E+04 -7.004E+00 -7.164E+00 -4.011E+00
  2.3324250E+04 -7.297E+00 -7.141E+00 -2.664E+00
  2.3324750E+04 -7.496E+00 -7.566E+00 -3.793E+00
  2.3325250E+04 -7.097E+00 -7.303E+00 -4.474E+00
  2.3325750E+04 -7.688E+00 -7.518E+00 -2.999E+00
  2.3326250E+04 -7.558E+00 -7.341E+00 -2.636E+00
  2.3326750E+04 -7.272E+00 -7.428E+00 -3.945E+00
  2.3327250E+04 -7.160E+00 -7.484E+00 -4.574E+00
  2.3327750E+04 -7.521E+00 -7.635E+00 -3.973E+00
  2.3328250E+04 -5.639E+00 -5.784E+00 -3.462E+00
  2.3328750E+04 -6.952E+00 -7.112E+00 -3.981E+00
  2.3329250E+04 -7.123E+00 -7.232E+00 -3.780E+00
  2.3329750E+04 -7.173E+00 -7.086E+00 -3.037E+00
  2.3330250E+04 -6.744E+00 -6.555E+00 -2.482E+00
  2.3330750E+04 -7.384E+00 -7.250E+00 -2.770E+00
  2.3331250E+04 -7.260E+00 -7.306E+00 -3.752E+00
  2.3331750E+04 -6.441E+00 -6.465E+00 -3.365E+00
  2.3332250E+04 -7.711E+00 -7.562E+00 -2.780E+00
  2.3332750E+04 -7.613E+00 -7.675E+00 -3.723E+00
  2.3333250E+04 -7.196E+00 -6.939E+00 -2.171E+00
  2.3333750E+04 -7.421E+00 -7.370E+00 -3.269E+00
  2.3334250E+04 -6.871E+00 -6.788E+00 -3.000E+00
  2.3334750E+04 -6.523E+00 -6.507E+00 -2.805E+00
  2.3335250E+04 -7.308E+00 -7.135E+00 -2.611E+00
  2.3335750E+04 -6.645E+00 -7.070E+00 -5.210E+00
  2.3336250E+04 -6.332E+00 -6.492E+00 -4.016E+00
  2.3336750E+04 -6.624E+00 -6.530E+00 -2.613E+00
  2.3337250E+04 -5.954E+00 -6.249E+00 -4.310E+00
  2.3337750E+04 -6.577E+00 -6.386E+00 -2.215E+00
  2.3338250E+04 -7.140E+00 -7.186E+00 -3.537E+00
  2.3338750E+04 -6.638E+00 -6.582E+00 -2.690E+00
  2.3339250E+04 -7.174E+00 -7.016E+00 -2.744E+00
  2.3339750E+04 -7.265E+00 -7.121E+00 -2.568E+00
  2.3340250E+04 -6.866E+00 -6.790E+00 -2.823E+00
  2.3340750E+04 -5.730E+00 -5.979E+00 -4.048E+00
  2.3341250E+04 -6.387E+00 -6.711E+00 -4.610E+00
  2.3341750E+04 -6.868E+00 -7.091E+00 -4.379E+00
  2.3342250E+04 -7.058E+00 -7.051E+00 -3.235E+00
  2.3342750E+04 -6.440E+00 -6.542E+00 -3.394E+00
  2.3343250E+04 -6.160E+00 -6.309E+00 -3.598E+00
  2.3343750E+04 -6.041E+00 -5.897E+00 -2.205E+00
  2.3344250E+04 -5.578E+00 -5.374E+00 -2.092E+00
  2.3344750E+04 -5.983E+00 -5.886E+00 -2.063E+00
  2.3345250E+04 -5.868E+00 -6.048E+00 -3.448E+00
  2.3345750E+04 -6.349E+00 -6.377E+00 -3.122E+00
  2.3346250E+04 -6.475E+00 -6.728E+00 -4.198E+00
  2.3346750E+04 -6.778E+00 -6.636E+00 -2.558E+00
  2.3347250E+04 -5.933E+00 -6.081E+00 -3.912E+00
  2.3347750E+04 -7.274E+00 -7.700E+00 -4.557E+00
  2.3348250E+04 -5.305E+00 -5.150E+00 -2.269E+00
  2.3348750E+04 -6.323E+00 -6.286E+00 -2.538E+00
  2.3349250E+04 -6.730E+00 -6.745E+00 -3.035E+00
  2.3349750E+04 -7.464E+00 -7.218E+00 -2.187E+00
  2.3350250E+04 -6.155E+00 -6.338E+00 -3.795E+00
  2.3350750E+04 -6.165E+00 -6.223E+00 -3.188E+00
  2.3351250E+04 -6.082E+00 -6.240E+00 -3.747E+00
  2.3351750E+04 -6.492E+00 -6.526E+00 -3.296E+00
  2.3352250E+04 -5.697E+00 -6.059E+00 -4.259E+00
  2.3352750E+04 -5.911E+00 -5.843E+00 -2.436E+00
  2.3353250E+04 -5.903E+00 -6.212E+00 -4.198E+00
  2.3353750E+04 -5.876E+00 -6.179E+00 -4.134E+00
  2.3354250E+04 -5.895E+00 -6.038E+00 -3.533E+00
  2.3354750E+04 -6.224E+00 -6.407E+00 -3.660E+00
  2.3355250E+04 -6.627E+00 -6.643E+00 -3.255E+00
  2.3355750E+04 -6.641E+00 -6.606E+00 -2.948E+00
  2.3356250E+04 -5.486E+00 -5.643E+00 -3.039E+00
  2.3356750E+04 -5.767E+00 -5.707E+00 -2.466E+00
  2.3357250E+04 -5.731E+00 -5.779E+00 -2.974E+00
  2.3357750E+04 -6.732E+00 -6.897E+00 -3.837E+00
  2.3358250E+04 -5.998E+00 -5.973E+00 -2.784E+00
  2.3358750E+04 -5.128E+00 -5.343E+00 -3.276E+00
  2.3359250E+04 -6.072E+00 -6.173E+00 -3.599E+00
  2.3359750E+04 -6.105E+00 -5.983E+00 -2.316E+00
  2.3360250E+04 -5.804E+00 -5.476E+00 -1.312E+00
  2.3360750E+04 -5.919E+00 -6.028E+00 -3.508E+00
  2.3361250E+04 -6.268E+00 -6.717E+00 -5.056E+00
  2.3361750E+04 -4.911E+00 -5.117E+00 -3.239E+00
  2.3362250E+04 -5.940E+00 -5.762E+00 -2.003E+00
  2.3362750E+04 -5.714E+00 -5.620E+00 -1.942E+00
  2.3363250E+04 -4.666E+00 -4.761E+00 -2.996E+00
  2.3363750E+04 -6.670E+00 -6.474E+00 -2.118E+00
  2.3364250E+04 -5.439E+00 -5.373E+00 -2.018E+00
  2.3364750E+04 -6.270E+00 -6.258E+00 -2.992E+00
  2.3365250E+04 -6.151E+00 -6.027E+00 -2.313E+00
  2.3365750E+04 -6.450E+00 -6.500E+00 -3.156E+00
  2.3366250E+04 -5.662E+00 -5.671E+00 -2.543E+00
  2.3366750E+04 -6.157E+00 -6.298E+00 -3.539E+00
  2.3367250E+04 -5.210E+00 -5.276E+00 -2.721E+00
  2.3367750E+04 -6.130E+00 -5.867E+00 -1.495E+00
  2.3368250E+04 -5.732E+00 -5.678E+00 -2.403E+00
  2.3368750E+04 -6.101E+00 -6.336E+00 -3.906E+00
  2.3369250E+04 -5.718E+00 -5.630E+00 -2.359E+00
  2.3369750E+04 -5.479E+00 -5.289E+00 -1.726E+00
  2.3370250E+04 -5.561E+00 -5.545E+00 -2.872E+00
  2.3370750E+04 -5.234E+00 -5.380E+00 -3.311E+00
  2.3371250E+04 -5.660E+00 -5.550E+00 -1.968E+00
  2.3371750E+04 -6.368E+00 -6.433E+00 -3.182E+00
  2.3372250E+04 -5.735E+00 -5.719E+00 -2.816E+00
  2.3372750E+04 -4.636E+00 -4.745E+00 -2.510E+00
  2.3373250E+04 -5.043E+00 -5.166E+00 -2.718E+00
  2.3373750E+04 -4.852E+00 -4.960E+00 -2.904E+00
  2.3374250E+04 -5.311E+00 -5.332E+00 -2.722E+00
  2.3374750E+04 -5.462E+00 -5.553E+00 -3.186E+00
  2.3375250E+04 -5.839E+00 -5.727E+00 -2.225E+00
  2.3375750E+04 -6.077E+00 -6.253E+00 -3.757E+00
  2.3376250E+04 -5.288E+00 -5.349E+00 -2.577E+00
  2.3376750E+04 -4.631E+00 -4.762E+00 -2.699E+00
  2.3377250E+04 -5.126E+00 -5.563E+00 -4.131E+00
  2.3377750E+04 -5.802E+00 -5.877E+00 -3.069E+00
  2.3378250E+04 -5.306E+00 -5.206E+00 -2.180E+00
  2.3378750E+04 -5.959E+00 -5.604E+00 -1.278E+00
  2.3379250E+04 -5.090E+00 -4.895E+00 -1.661E+00
  2.3379750E+04 -5.507E+00 -5.431E+00 -2.285E+00
  2.3380250E+04 -5.553E+00 -5.796E+00 -3.618E+00
  2.3380750E+04 -4.793E+00 -4.969E+00 -2.972E+00
  2.3381250E+04 -5.245E+00 -5.226E+00 -2.550E+00
  2.3381750E+04 -5.911E+00 -5.842E+00 -2.638E+00
  2.3382250E+04 -6.281E+00 -6.439E+00 -3.633E+00
  2.3382750E+04 -5.151E+00 -5.130E+00 -2.210E+00
  2.3383250E+04 -5.494E+00 -5.692E+00 -3.570E+00
  2.3383750E+04 -4.933E+00 -4.969E+00 -2.355E+00
  2.3384250E+04 -6.318E+00 -6.339E+00 -2.921E+00
  2.3384750E+04 -6.473E+00 -6.538E+00 -3.376E+00
  2.3385250E+04 -5.273E+00 -5.327E+00 -2.858E+00
  2.3385750E+04 -5.246E+00 -5.330E+00 -2.910E+00
  2.3386250E+04 -4.480E+00 -4.324E+00 -1.160E+00
  2.3386750E+04 -3.789E+00 -3.927E+00 -2.570E+00
  2.3387250E+04 -5.431E+00 -5.314E+00 -2.126E+00
  2.3387750E+04 -4.739E+00 -4.752E+00 -2.149E+00
  2.3388250E+04 -5.278E+00 -5.175E+00 -1.910E+00
  2.3388750E+04 -5.219E+00 -5.340E+00 -3.344E+00
  2.3389250E+04 -4.844E+00 -4.899E+00 -2.401E+00
  2.3389750E+04 -4.322E+00 -4.370E+00 -2.484E+00
  2.3390250E+04 -4.656E+00 -4.974E+00 -3.623E+00
  2.3390750E+04 -4.825E+00 -4.822E+00 -2.586E+00
  2.3391250E+04 -5.462E+00 -5.415E+00 -2.434E+00
  2.3391750E+04 -5.824E+00 -5.834E+00 -2.718E+00
  2.3392250E+04 -4.756E+00 -4.903E+00 -2.859E+00
  2.3392750E+04 -4.650E+00 -4.724E+00 -2.645E+00
  2.3393250E+04 -5.737E+00 -5.751E+00 -2.435E+00
  2.3393750E+04 -4.619E+00 -4.785E+00 -2.956E+00
  2.3394250E+04 -4.840E+00 -5.031E+00 -3.055E+00
  2.3394750E+04 -4.666E+00 -4.859E+00 -3.207E+00
  2.3395250E+04 -5.186E+00 -5.143E+00 -2.366E+00
  2.3395750E+04 -5.161E+00 -5.139E+00 -2.352E+00
  2.3396250E+04 -4.776E+00 -4.855E+00 -2.541E+00
  2.3396750E+04 -5.246E+00 -5.139E+00 -2.033E+00
  2.3397250E+04 -5.217E+00 -5.172E+00 -2.205E+00
  2.3397750E+04 -5.434E+00 -5.556E+00 -3.243E+00
  2.3398250E+04 -4.353E+00 -4.570E+00 -3.026E+00
  2.3398750E+04 -3.633E+00 -3.717E+00 -2.071E+00
  2.3399250E+04 -4.758E+00 -4.860E+00 -2.622E+00
  2.3399750E+04 -5.226E+00 -5.304E+00 -2.836E+00
  2.3400250E+04 -4.596E+00 -4.562E+00 -2.014E+00
  2.3400750E+04 -5.189E+00 -5.100E+00 -1.885E+00
  2.3401250E+04 -5.000E+00 -4.924E+00 -1.589E+00
  2.3401750E+04 -5.579E+00 -5.619E+00 -2.912E+00
  2.3402250E+04 -5.382E+00 -5.286E+00 -1.974E+00
  2.3402750E+04 -4.879E+00 -4.576E+00 -9.660E-01
  2.3403250E+04 -4.344E+00 -4.515E+00 -2.888E+00
  2.3403750E+04 -3.933E+00 -4.065E+00 -2.289E+00
  2.3404250E+04 -4.919E+00 -4.801E+00 -1.987E+00
  2.3404750E+04 -4.324E+00 -4.296E+00 -1.963E+00
  2.3405250E+04 -4.568E+00 -4.823E+00 -3.411E+00
  2.3405750E+04 -5.050E+00 -5.151E+00 -2.814E+00
  2.3406250E+04 -4.656E+00 -4.597E+00 -2.076E+00
  2.3406750E+04 -5.038E+00 -5.085E+00 -2.573E+00
  2.3407250E+04 -4.337E+00 -4.459E+00 -2.616E+00
  2.3407750E+04 -4.833E+00 -4.985E+00 -2.886E+00
  2.3408250E+04 -4.873E+00 -4.864E+00 -2.320E+00
  2.3408750E+04 -4.198E+00 -4.243E+00 -2.093E+00
  2.3409250E+04 -4.204E+00 -4.303E+00 -2.409E+00
  2.3409750E+04 -4.109E+00 -4.298E+00 -2.955E+00
  2.3410250E+04 -4.355E+00 -4.584E+00 -3.059E+00
  2.3410750E+04 -4.081E+00 -4.059E+00 -1.904E+00
  2.3411250E+04 -4.740E+00 -4.805E+00 -2.507E+00
  2.3411750E+04 -4.386E+00 -4.561E+00 -2.731E+00
  2.3412250E+04 -4.982E+00 -5.022E+00 -2.390E+00
  2.3412750E+04 -4.472E+00 -4.462E+00 -2.003E+00
  2.3413250E+04 -3.906E+00 -4.186E+00 -3.091E+00
  2.3413750E+04 -4.308E+00 -4.356E+00 -2.169E+00
  2.3414250E+04 -5.109E+00 -4.961E+00 -1.719E+00
  2.3414750E+04 -4.634E+00 -4.623E+00 -2.053E+00
  2.3415250E+04 -4.565E+00 -4.529E+00 -2.295E+00
  2.3415750E+04 -4.197E+00 -4.402E+00 -2.903E+00
  2.3416250E+04 -4.243E+00 -4.306E+00 -2.188E+00
  2.3416750E+04 -4.399E+00 -4.413E+00 -1.725E+00
  2.3417250E+04 -4.418E+00 -4.461E+00 -2.521E+00
  2.3417750E+04 -4.194E+00 -4.266E+00 -2.378E+00
  2.3418250E+04 -3.986E+00 -3.966E+00 -1.967E+00
  2.3418750E+04 -4.694E+00 -4.646E+00 -2.051E+00
  2.3419250E+04 -4.258E+00 -4.421E+00 -2.648E+00
  2.3419750E+04 -4.607E+00 -4.510E+00 -1.542E+00
  2.3420250E+04 -4.254E+00 -4.168E+00 -1.671E+00
  2.3420750E+04 -3.608E+00 -3.799E+00 -2.713E+00
  2.3421250E+04 -4.072E+00 -4.052E+00 -1.882E+00
  2.3421750E+04 -4.891E+00 -4.986E+00 -2.739E+00
  2.3422250E+04 -4.603E+00 -4.618E+00 -1.966E+00
  2.3422750E+04 -4.610E+00 -4.588E+00 -1.887E+00
  2.3423250E+04 -5.561E+00 -5.521E+00 -2.323E+00
  2.3423750E+04 -4.514E+00 -4.495E+00 -2.006E+00
  2.3424250E+04 -4.060E+00 -4.017E+00 -1.896E+00
  2.3424750E+04 -4.787E+00 -4.682E+00 -1.773E+00
  2.3425250E+04 -3.777E+00 -4.018E+00 -2.909E+00
  2.3425750E+04 -4.505E+00 -4.506E+00 -2.287E+00
  2.3426250E+04 -3.618E+00 -3.524E+00 -1.322E+00
  2.3426750E+04 -3.560E+00 -3.722E+00 -2.791E+00
  2.3427250E+04 -3.984E+00 -4.197E+00 -2.622E+00
  2.3427750E+04 -4.821E+00 -4.588E+00 -8.663E-01
  2.3428250E+04 -5.358E+00 -5.174E+00 -1.728E+00
  2.3428750E+04 -3.515E+00 -3.624E+00 -2.291E+00
  2.3429250E+04 -3.494E+00 -3.617E+00 -2.130E+00
  2.3429750E+04 -4.200E+00 -4.032E+00 -1.303E+00
  2.3430250E+04 -4.113E+00 -4.224E+00 -2.479E+00
  2.3430750E+04 -4.539E+00 -4.655E+00 -2.683E+00
  2.3431250E+04 -4.391E+00 -4.430E+00 -2.277E+00
  2.3431750E+04 -4.529E+00 -4.395E+00 -1.534E+00
  2.3432250E+04 -4.805E+00 -4.715E+00 -2.056E+00
  2.3432750E+04 -3.936E+00 -4.226E+00 -3.030E+00
  2.3433250E+04 -4.177E+00 -4.473E+00 -3.150E+00
  2.3433750E+04 -4.138E+00 -4.050E+00 -1.520E+00
  2.3434250E+04 -3.886E+00 -3.991E+00 -2.135E+00
  2.3434750E+04 -4.160E+00 -4.142E+00 -1.914E+00
  2.3435250E+04 -4.309E+00 -4.269E+00 -1.739E+00
  2.3435750E+04 -4.120E+00 -4.189E+00 -2.189E+00
  2.3436250E+04 -3.668E+00 -3.771E+00 -2.300E+00
  2.3436750E+04 -4.539E+00 -4.488E+00 -1.906E+00
  2.3437250E+04 -3.876E+00 -4.084E+00 -2.667E+00
  2.3437750E+04 -4.127E+00 -4.068E+00 -1.793E+00
  2.3438250E+04 -3.808E+00 -3.728E+00 -1.517E+00
  2.3438750E+04 -3.808E+00 -3.943E+00 -2.546E+00
  2.3439250E+04 -3.672E+00 -3.883E+00 -2.773E+00
  2.3439750E+04 -3.981E+00 -4.064E+00 -1.977E+00
  2.3440250E+04 -4.308E+00 -4.386E+00 -2.258E+00
  2.3440750E+04 -4.370E+00 -4.125E+00 -9.128E-01
  2.3441250E+04 -3.700E+00 -3.601E+00 -1.767E+00
  2.3441750E+04 -3.999E+00 -4.176E+00 -2.644E+00
  2.3442250E+04 -3.892E+00 -3.802E+00 -1.553E+00
  2.3442750E+04 -3.519E+00 -3.490E+00 -1.471E+00
  2.3443250E+04 -3.997E+00 -4.025E+00 -1.836E+00
  2.3443750E+04 -3.571E+00 -3.757E+00 -2.525E+00
  2.3444250E+04 -4.247E+00 -4.308E+00 -2.198E+00
  2.3444750E+04 -3.777E+00 -3.706E+00 -1.194E+00
  2.3445250E+04 -3.465E+00 -3.537E+00 -1.962E+00
  2.3445750E+04 -4.149E+00 -4.315E+00 -2.879E+00
  2.3446250E+04 -3.999E+00 -4.122E+00 -2.653E+00
  2.3446750E+04 -3.749E+00 -4.043E+00 -2.986E+00
  2.3447250E+04 -3.091E+00 -3.157E+00 -1.688E+00
  2.3447750E+04 -3.714E+00 -3.705E+00 -1.573E+00
  2.3448250E+04 -3.523E+00 -3.602E+00 -2.170E+00
  2.3448750E+04 -4.337E+00 -4.343E+00 -1.982E+00
  2.3449250E+04 -4.251E+00 -4.271E+00 -2.125E+00
  2.3449750E+04 -3.788E+00 -3.887E+00 -2.181E+00
  2.3450250E+04 -3.647E+00 -3.570E+00 -1.258E+00
  2.3450750E+04 -4.330E+00 -4.201E+00 -1.276E+00
  2.3451250E+04 -3.510E+00 -3.779E+00 -2.993E+00
  2.3451750E+04 -3.332E+00 -3.544E+00 -2.491E+00
  2.3452250E+04 -3.433E+00 -3.618E+00 -2.270E+00
  2.3452750E+04 -4.104E+00 -4.047E+00 -1.782E+00
  2.3453250E+04 -3.938E+00 -3.898E+00 -1.590E+00
  2.3453750E+04 -2.929E+00 -2.880E+00 -1.289E+00
  2.3454250E+04 -3.935E+00 -3.813E+00 -1.622E+00
  2.3454750E+04 -4.029E+00 -4.041E+00 -1.763E+00
  2.3455250E+04 -3.465E+00 -3.748E+00 -3.003E+00
  2.3455750E+04 -3.035E+00 -3.212E+00 -2.299E+00
  2.3456250E+04 -3.065E+00 -2.944E+00 -1.420E+00
  2.3456750E+04 -3.335E+00 -3.481E+00 -2.204E+00
  2.3457250E+04 -4.422E+00 -4.373E+00 -1.483E+00
  2.3457750E+04 -4.171E+00 -4.003E+00 -1.020E+00
  2.3458250E+04 -3.219E+00 -3.237E+00 -1.869E+00
  2.3458750E+04 -3.472E+00 -3.680E+00 -2.510E+00
  2.3459250E+04 -3.534E+00 -3.531E+00 -1.763E+00
  2.3459750E+04 -3.279E+00 -3.325E+00 -1.848E+00
  2.3460250E+04 -3.190E+00 -3.021E+00 -6.140E-01
  2.3460750E+04 -3.578E+00 -3.637E+00 -1.712E+00
  2.3461250E+04 -3.564E+00 -3.737E+00 -2.536E+00
  2.3461750E+04 -3.806E+00 -3.851E+00 -2.174E+00
  2.3462250E+04 -3.896E+00 -3.890E+00 -1.787E+00
  2.3462750E+04 -3.910E+00 -4.049E+00 -2.433E+00
  2.3463250E+04 -3.355E+00 -3.473E+00 -2.280E+00
  2.3463750E+04 -3.125E+00 -3.017E+00 -1.044E+00
  2.3464250E+04 -3.568E+00 -3.406E+00 -1.053E+00
  2.3464750E+04 -3.498E+00 -3.449E+00 -1.060E+00
  2.3465250E+04 -3.571E+00 -3.685E+00 -1.802E+00
  2.3465750E+04 -3.866E+00 -3.748E+00 -1.481E+00
  2.3466250E+04 -3.540E+00 -3.707E+00 -2.415E+00
  2.3466750E+04 -3.064E+00 -3.177E+00 -1.862E+00
  2.3467250E+04 -3.626E+00 -3.778E+00 -2.215E+00
  2.3467750E+04 -3.138E+00 -3.171E+00 -1.870E+00
  2.3468250E+04 -3.344E+00 -3.359E+00 -1.409E+00
  2.3468750E+04 -3.378E+00 -3.466E+00 -1.878E+00
  2.3469250E+04 -3.593E+00 -3.588E+00 -1.541E+00
  2.3469750E+04 -3.039E+00 -3.220E+00 -2.455E+00
  2.3470250E+04 -2.754E+00 -2.747E+00 -1.478E+00
  2.3470750E+04 -3.199E+00 -3.258E+00 -1.680E+00
  2.3471250E+04 -3.548E+00 -3.529E+00 -1.548E+00
  2.3471750E+04 -2.788E+00 -2.922E+00 -1.971E+00
  2.3472250E+04 -3.405E+00 -3.463E+00 -1.538E+00
  2.3472750E+04 -3.147E+00 -3.185E+00 -1.994E+00
  2.3473250E+04 -3.651E+00 -3.617E+00 -1.404E+00
  2.3473750E+04 -3.772E+00 -3.734E+00 -1.582E+00
  2.3474250E+04 -3.221E+00 -3.169E+00 -1.521E+00
  2.3474750E+04 -3.528E+00 -3.312E+00 -9.555E-01
  2.3475250E+04 -3.503E+00 -3.508E+00 -1.600E+00
  2.3475750E+04 -2.726E+00 -2.899E+00 -2.100E+00
  2.3476250E+04 -2.936E+00 -3.216E+00 -2.664E+00
  2.3476750E+04 -3.900E+00 -3.858E+00 -1.317E+00
  2.3477250E+04 -2.817E+00 -3.079E+00 -2.695E+00
  2.3477750E+04 -2.549E+00 -2.456E+00 -1.040E+00
  2.3478250E+04 -3.045E+00 -2.973E+00 -8.673E-01
  2.3478750E+04 -3.127E+00 -3.279E+00 -2.036E+00
  2.3479250E+04 -2.984E+00 -2.953E+00 -1.011E+00
  2.3479750E+04 -4.034E+00 -3.961E+00 -1.594E+00
  2.3480250E+04 -4.442E+00 -4.290E+00 -1.481E+00
  2.3480750E+04 -3.573E+00 -3.515E+00 -1.633E+00
  2.3481250E+04 -2.675E+00 -2.863E+00 -2.052E+00
  2.3481750E+04 -3.178E+00 -3.324E+00 -2.213E+00
  2.3482250E+04 -3.135E+00 -3.197E+00 -1.834E+00
  2.3482750E+04 -3.630E+00 -3.530E+00 -1.256E+00
  2.3483250E+04 -2.747E+00 -2.793E+00 -1.676E+00
  2.3483750E+04 -3.679E+00 -3.665E+00 -1.599E+00
  2.3484250E+04 -2.839E+00 -3.079E+00 -2.819E+00
  2.3484750E+04 -2.343E+00 -2.479E+00 -2.053E+00
  2.3485250E+04 -3.842E+00 -4.159E+00 -2.074E+00
  2.3485750E+04 -3.045E+00 -2.968E+00 -1.102E+00
  2.3486250E+04 -3.497E+00 -3.526E+00 -1.567E+00
  2.3486750E+04 -3.700E+00 -3.573E+00 -1.156E+00
  2.3487250E+04 -2.913E+00 -2.892E+00 -1.395E+00
  2.3487750E+04 -3.196E+00 -3.065E+00 -9.927E-01
  2.3488250E+04 -3.449E+00 -3.332E+00 -8.842E-01
  2.3488750E+04 -3.238E+00 -3.194E+00 -1.778E+00
  2.3489250E+04 -3.193E+00 -3.392E+00 -2.354E+00
  2.3489750E+04 -3.144E+00 -3.245E+00 -1.959E+00
  2.3490250E+04 -3.124E+00 -3.362E+00 -2.557E+00
  2.3490750E+04 -3.518E+00 -3.596E+00 -1.470E+00
  2.3491250E+04 -3.702E+00 -3.352E+00 -2.597E-01
  2.3491750E+04 -3.121E+00 -3.139E+00 -1.562E+00
  2.3492250E+04 -3.164E+00 -3.233E+00 -1.917E+00
  2.3492750E+04 -3.488E+00 -3.553E+00 -1.971E+00
  2.3493250E+04 -2.562E+00 -2.770E+00 -1.948E+00
  2.3493750E+04 -3.830E+00 -3.807E+00 -2.010E+00
  2.3494250E+04 -3.190E+00 -3.252E+00 -1.868E+00
  2.3494750E+04 -2.695E+00 -2.685E+00 -1.242E+00
  2.3495250E+04 -3.415E+00 -3.474E+00 -1.723E+00
  2.3495750E+04 -3.305E+00 -3.455E+00 -2.132E+00
  2.3496250E+04 -3.126E+00 -3.215E+00 -1.798E+00
  2.3496750E+04 -2.708E+00 -2.791E+00 -1.877E+00
  2.3497250E+04 -3.364E+00 -3.253E+00 -1.305E+00
  2.3497750E+04 -3.315E+00 -3.406E+00 -1.700E+00
  2.3498250E+04 -3.347E+00 -3.394E+00 -1.611E+00
  2.3498750E+04 -3.309E+00 -3.306E+00 -1.359E+00
  2.3499250E+04 -2.820E+00 -2.605E+00 -3.058E-01
  2.3499750E+04 -3.290E+00 -3.373E+00 -1.989E+00
  2.3500250E+04 -2.784E+00 -2.820E+00 -1.469E+00
  2.3500750E+04 -2.530E+00 -2.499E+00 -1.319E+00
  2.3501250E+04 -2.463E+00 -2.591E+00 -1.949E+00
  2.3501750E+04 -2.436E+00 -2.475E+00 -1.498E+00
  2.3502250E+04 -2.852E+00 -2.702E+00 -8.129E-01
  2.3502750E+04 -3.475E+00 -3.544E+00 -1.827E+00
  2.3503250E+04 -2.858E+00 -3.114E+00 -2.239E+00
  2.3503750E+04 -3.495E+00 -3.357E+00 -6.743E-01
  2.3504250E+04 -2.954E+00 -3.026E+00 -1.761E+00
  2.3504750E+04 -3.797E+00 -3.799E+00 -1.794E+00
  2.3505250E+04 -3.004E+00 -2.937E+00 -1.364E+00
  2.3505750E+04 -2.891E+00 -2.976E+00 -1.559E+00
  2.3506250E+04 -1.869E+00 -2.050E+00 -1.648E+00
  2.3506750E+04 -2.933E+00 -3.010E+00 -1.759E+00
  2.3507250E+04 -2.927E+00 -2.864E+00 -8.939E-01
  2.3507750E+04 -3.005E+00 -2.901E+00 -8.252E-01
  2.3508250E+04 -2.536E+00 -2.658E+00 -1.895E+00
  2.3508750E+04 -2.211E+00 -2.276E+00 -1.413E+00
  2.3509250E+04 -2.762E+00 -2.736E+00 -1.450E+00
  2.3509750E+04 -2.851E+00 -2.843E+00 -1.193E+00
  2.3510250E+04 -2.532E+00 -2.489E+00 -9.272E-01
  2.3510750E+04 -2.348E+00 -2.597E+00 -2.274E+00
  2.3511250E+04 -3.065E+00 -3.243E+00 -2.019E+00
  2.3511750E+04 -3.426E+00 -3.294E+00 -1.018E+00
  2.3512250E+04 -3.090E+00 -2.990E+00 -1.021E+00
  2.3512750E+04 -2.685E+00 -2.775E+00 -1.459E+00
  2.3513250E+04 -2.694E+00 -2.731E+00 -1.348E+00
  2.3513750E+04 -2.370E+00 -2.410E+00 -1.497E+00
  2.3514250E+04 -2.961E+00 -2.877E+00 -1.230E+00
  2.3514750E+04 -3.205E+00 -3.236E+00 -1.738E+00
  2.3515250E+04 -2.718E+00 -2.603E+00 -7.103E-01
  2.3515750E+04 -2.502E+00 -2.645E+00 -1.622E+00
  2.3516250E+04 -2.802E+00 -2.730E+00 -1.026E+00
  2.3516750E+04 -3.366E+00 -3.253E+00 -1.528E+00
  2.3517250E+04 -2.965E+00 -3.066E+00 -1.606E+00
  2.3517750E+04 -3.063E+00 -3.201E+00 -1.863E+00
  2.3518250E+04 -2.536E+00 -2.547E+00 -1.054E+00
  2.3518750E+04 -3.051E+00 -3.087E+00 -1.772E+00
  2.3519250E+04 -2.741E+00 -2.790E+00 -1.476E+00
  2.3519750E+04 -2.577E+00 -2.708E+00 -1.683E+00
  2.3520250E+04 -2.877E+00 -3.020E+00 -2.129E+00
  2.3520750E+04 -2.755E+00 -2.821E+00 -1.721E+00
  2.3521250E+04 -2.761E+00 -2.799E+00 -1.673E+00
  2.3521750E+04 -2.640E+00 -2.543E+00 -7.814E-01
  2.3522250E+04 -2.808E+00 -2.608E+00 -6.633E-01
  2.3522750E+04 -2.393E+00 -2.406E+00 -1.415E+00
  2.3523250E+04 -2.967E+00 -3.030E+00 -1.603E+00
  2.3523750E+04 -3.054E+00 -3.045E+00 -1.272E+00
  2.3524250E+04 -2.559E+00 -2.556E+00 -9.545E-01
  2.3524750E+04 -2.434E+00 -2.492E+00 -1.535E+00
  2.3525250E+04 -2.566E+00 -2.520E+00 -1.095E+00
  2.3525750E+04 -3.140E+00 -3.240E+00 -2.056E+00
  2.3526250E+04 -3.159E+00 -3.218E+00 -1.661E+00
  2.3526750E+04 -2.795E+00 -2.795E+00 -1.298E+00
  2.3527250E+04 -2.915E+00 -2.965E+00 -1.711E+00
  2.3527750E+04 -2.372E+00 -2.408E+00 -1.220E+00
  2.3528250E+04 -2.197E+00 -2.282E+00 -1.268E+00
  2.3528750E+04 -2.586E+00 -2.636E+00 -1.610E+00
  2.3529250E+04 -2.942E+00 -3.043E+00 -1.595E+00
  2.3529750E+04 -2.754E+00 -2.801E+00 -1.454E+00
  2.3530250E+04 -2.236E+00 -2.429E+00 -1.706E+00
  2.3530750E+04 -2.436E+00 -2.581E+00 -1.370E+00
  2.3531250E+04 -2.767E+00 -2.817E+00 -1.437E+00
  2.3531750E+04 -2.040E+00 -2.108E+00 -1.504E+00
  2.3532250E+04 -2.139E+00 -2.135E+00 -1.201E+00
  2.3532750E+04 -2.741E+00 -2.773E+00 -1.567E+00
  2.3533250E+04 -2.726E+00 -2.737E+00 -1.180E+00
  2.3533750E+04 -2.936E+00 -2.830E+00 -1.111E+00
  2.3534250E+04 -2.580E+00 -2.642E+00 -1.446E+00
  2.3534750E+04 -2.377E+00 -2.440E+00 -1.472E+00
  2.3535250E+04 -2.343E+00 -2.195E+00 -4.566E-01
  2.3535750E+04 -2.642E+00 -2.569E+00 -9.728E-01
  2.3536250E+04 -2.879E+00 -2.858E+00 -1.302E+00
  2.3536750E+04 -2.699E+00 -2.724E+00 -1.360E+00
  2.3537250E+04 -2.750E+00 -2.710E+00 -8.564E-01
  2.3537750E+04 -2.676E+00 -2.628E+00 -1.060E+00
  2.3538250E+04 -1.945E+00 -2.105E+00 -1.448E+00
  2.3538750E+04 -2.301E+00 -2.391E+00 -1.665E+00
  2.3539250E+04 -3.151E+00 -3.136E+00 -1.390E+00
  2.3539750E+04 -2.536E+00 -2.675E+00 -1.763E+00
  2.3540250E+04 -2.461E+00 -2.469E+00 -1.164E+00
  2.3540750E+04 -3.086E+00 -3.011E+00 -1.040E+00
  2.3541250E+04 -2.393E+00 -2.494E+00 -1.636E+00
  2.3541750E+04 -1.680E+00 -1.615E+00 -6.893E-01
  2.3542250E+04 -2.356E+00 -2.453E+00 -1.512E+00
  2.3542750E+04 -3.456E+00 -3.410E+00 -1.219E+00
  2.3543250E+04 -2.660E+00 -2.710E+00 -1.431E+00
  2.3543750E+04 -2.681E+00 -2.606E+00 -8.478E-01
  2.3544250E+04 -1.908E+00 -1.989E+00 -1.382E+00
  2.3544750E+04 -2.302E+00 -2.253E+00 -8.372E-01
  2.3545250E+04 -2.091E+00 -2.033E+00 -6.745E-01
  2.3545750E+04 -1.882E+00 -2.104E+00 -1.842E+00
  2.3546250E+04 -2.432E+00 -2.594E+00 -1.915E+00
  2.3546750E+04 -2.408E+00 -2.315E+00 -5.763E-01
  2.3547250E+04 -1.912E+00 -2.037E+00 -1.449E+00
  2.3547750E+04 -2.217E+00 -2.364E+00 -1.881E+00
  2.3548250E+04 -2.388E+00 -2.456E+00 -1.323E+00
  2.3548750E+04 -2.569E+00 -2.637E+00 -1.344E+00
  2.3549250E+04 -2.259E+00 -2.366E+00 -1.490E+00
  2.3549750E+04 -2.839E+00 -2.880E+00 -1.493E+00
  2.3550250E+04 -2.037E+00 -2.255E+00 -1.795E+00
  2.3550750E+04 -2.086E+00 -2.103E+00 -8.713E-01
  2.3551250E+04 -2.186E+00 -2.095E+00 -8.319E-01
  2.3551750E+04 -2.458E+00 -2.327E+00 -7.049E-01
  2.3552250E+04 -2.581E+00 -2.466E+00 -6.147E-01
  2.3552750E+04 -2.079E+00 -2.081E+00 -8.459E-01
  2.3553250E+04 -2.700E+00 -2.774E+00 -1.548E+00
  2.3553750E+04 -2.075E+00 -2.283E+00 -1.798E+00
  2.3554250E+04 -2.316E+00 -2.355E+00 -1.254E+00
  2.3554750E+04 -2.130E+00 -2.225E+00 -1.372E+00
  2.3555250E+04 -2.565E+00 -2.635E+00 -1.480E+00
  2.3555750E+04 -2.605E+00 -2.664E+00 -1.595E+00
  2.3556250E+04 -2.369E+00 -2.408E+00 -1.213E+00
  2.3556750E+04 -2.631E+00 -2.660E+00 -1.235E+00
  2.3557250E+04 -2.897E+00 -2.883E+00 -1.313E+00
  2.3557750E+04 -2.865E+00 -2.814E+00 -1.290E+00
  2.3558250E+04 -1.849E+00 -1.924E+00 -1.253E+00
  2.3558750E+04 -2.451E+00 -2.488E+00 -1.196E+00
  2.3559250E+04 -2.968E+00 -2.856E+00 -9.138E-01
  2.3559750E+04 -1.598E+00 -1.890E+00 -2.270E+00
  2.3560250E+04 -2.695E+00 -2.614E+00 -8.886E-01
  2.3560750E+04 -2.177E+00 -2.102E+00 -5.278E-01
  2.3561250E+04 -2.288E+00 -2.388E+00 -1.622E+00
  2.3561750E+04 -2.088E+00 -2.229E+00 -1.706E+00
  2.3562250E+04 -2.741E+00 -2.658E+00 -7.568E-01
  2.3562750E+04 -2.178E+00 -2.385E+00 -1.922E+00
  2.3563250E+04 -2.458E+00 -2.426E+00 -1.048E+00
  2.3563750E+04 -2.340E+00 -2.316E+00 -1.113E+00
  2.3564250E+04 -2.077E+00 -2.060E+00 -7.554E-01
  2.3564750E+04 -2.112E+00 -2.000E+00 -5.778E-01
  2.3565250E+04 -2.292E+00 -2.263E+00 -8.249E-01
  2.3565750E+04 -2.565E+00 -2.564E+00 -9.562E-01
  2.3566250E+04 -2.107E+00 -2.120E+00 -9.602E-01
  2.3566750E+04 -2.057E+00 -2.070E+00 -9.641E-01
  2.3567250E+04 -2.730E+00 -2.783E+00 -1.786E+00
  2.3567750E+04 -2.313E+00 -2.373E+00 -1.295E+00
  2.3568250E+04 -1.924E+00 -1.932E+00 -1.081E+00
  2.3568750E+04 -2.055E+00 -2.064E+00 -1.069E+00
  2.3569250E+04 -1.864E+00 -1.941E+00 -1.167E+00
  2.3569750E+04 -2.577E+00 -2.545E+00 -1.139E+00
  2.3570250E+04 -2.040E+00 -2.091E+00 -1.241E+00
  2.3570750E+04 -2.167E+00 -2.241E+00 -1.527E+00
  2.3571250E+04 -1.446E+00 -1.620E+00 -1.696E+00
  2.3571750E+04 -2.303E+00 -2.408E+00 -1.548E+00
  2.3572250E+04 -2.200E+00 -2.210E+00 -9.878E-01
  2.3572750E+04 -1.724E+00 -1.892E+00 -1.573E+00
  2.3573250E+04 -2.375E+00 -2.404E+00 -1.271E+00
  2.3573750E+04 -1.460E+00 -1.384E+00 -3.029E-01
  2.3574250E+04 -1.612E+00 -1.618E+00 -1.001E+00
  2.3574750E+04 -2.314E+00 -2.235E+00 -6.552E-01
  2.3575250E+04 -2.158E+00 -2.126E+00 -1.010E+00
  2.3575750E+04 -1.942E+00 -1.972E+00 -7.997E-01
  2.3576250E+04 -2.763E+00 -2.703E+00 -9.788E-01
  2.3576750E+04 -2.230E+00 -2.180E+00 -7.205E-01
  2.3577250E+04 -2.062E+00 -2.166E+00 -1.329E+00
  2.3577750E+04 -2.713E+00 -2.798E+00 -1.680E+00
  2.3578250E+04 -2.242E+00 -2.308E+00 -1.291E+00
  2.3578750E+04 -2.236E+00 -2.239E+00 -9.670E-01
  2.3579250E+04 -2.021E+00 -2.035E+00 -1.234E+00
  2.3579750E+04 -2.475E+00 -2.451E+00 -1.123E+00
  2.3580250E+04 -2.297E+00 -2.214E+00 -8.577E-01
  2.3580750E+04 -2.294E+00 -2.197E+00 -8.034E-01
  2.3581250E+04 -2.152E+00 -2.251E+00 -1.313E+00
  2.3581750E+04 -1.934E+00 -1.870E+00 -5.730E-01
  2.3582250E+04 -1.588E+00 -1.686E+00 -1.127E+00
  2.3582750E+04 -1.733E+00 -1.847E+00 -1.353E+00
  2.3583250E+04 -2.440E+00 -2.472E+00 -1.524E+00
  2.3583750E+04 -2.077E+00 -2.088E+00 -1.042E+00
  2.3584250E+04 -1.487E+00 -1.650E+00 -1.556E+00
  2.3584750E+04 -2.446E+00 -2.342E+00 -5.153E-01
  2.3585250E+04 -2.098E+00 -1.982E+00 -3.568E-01
  2.3585750E+04 -1.955E+00 -1.868E+00 -4.518E-01
  2.3586250E+04 -1.814E+00 -1.728E+00 -6.172E-01
  2.3586750E+04 -2.062E+00 -2.174E+00 -1.508E+00
  2.3587250E+04 -1.967E+00 -2.005E+00 -1.218E+00
  2.3587750E+04 -2.191E+00 -2.203E+00 -1.050E+00
  2.3588250E+04 -2.169E+00 -2.263E+00 -1.344E+00
  2.3588750E+04 -1.859E+00 -2.072E+00 -1.733E+00
  2.3589250E+04 -2.143E+00 -2.123E+00 -1.041E+00
  2.3589750E+04 -1.999E+00 -2.003E+00 -1.114E+00
  2.3590250E+04 -1.702E+00 -1.694E+00 -6.429E-01
  2.3590750E+04 -1.759E+00 -1.793E+00 -1.040E+00
  2.3591250E+04 -2.029E+00 -2.103E+00 -1.247E+00
  2.3591750E+04 -1.330E+00 -1.435E+00 -1.220E+00
  2.3592250E+04 -2.013E+00 -1.989E+00 -9.189E-01
  2.3592750E+04 -1.846E+00 -1.792E+00 -6.004E-01
  2.3593250E+04 -2.122E+00 -2.042E+00 -2.351E-01
  2.3593750E+04 -2.083E+00 -2.094E+00 -1.260E+00
  2.3594250E+04 -2.263E+00 -2.146E+00 -7.878E-01
  2.3594750E+04 -2.365E+00 -2.307E+00 -6.579E-01
  2.3595250E+04 -2.040E+00 -2.041E+00 -8.567E-01
  2.3595750E+04 -1.892E+00 -1.940E+00 -1.006E+00
  2.3596250E+04 -1.562E+00 -1.556E+00 -7.721E-01
  2.3596750E+04 -2.189E+00 -2.231E+00 -9.073E-01
  2.3597250E+04 -1.936E+00 -2.148E+00 -1.798E+00
  2.3597750E+04 -1.718E+00 -1.742E+00 -1.193E+00
  2.3598250E+04 -2.410E+00 -2.459E+00 -1.182E+00
  2.3598750E+04 -2.109E+00 -2.208E+00 -1.213E+00
  2.3599250E+04 -1.728E+00 -1.987E+00 -1.903E+00
  2.3599750E+04 -1.199E+00 -1.206E+00 -1.277E+00
  2.3600250E+04 -1.992E+00 -2.081E+00 -1.636E+00
  2.3600750E+04 -2.569E+00 -2.546E+00 -1.130E+00
  2.3601250E+04 -2.104E+00 -1.971E+00 -3.413E-01
  2.3601750E+04 -2.025E+00 -1.924E+00 -3.040E-01
  2.3602250E+04 -1.844E+00 -2.048E+00 -1.598E+00
  2.3602750E+04 -2.066E+00 -2.327E+00 -1.795E+00
  2.3603250E+04 -1.589E+00 -1.428E+00 -2.463E-01
  2.3603750E+04 -1.390E+00 -1.322E+00 -6.256E-01
  2.3604250E+04 -2.203E+00 -2.165E+00 -7.632E-01
  2.3604750E+04 -2.077E+00 -2.089E+00 -8.009E-01
  2.3605250E+04 -1.779E+00 -1.711E+00 -4.656E-01
  2.3605750E+04 -2.338E+00 -2.331E+00 -1.063E+00
  2.3606250E+04 -2.215E+00 -2.255E+00 -1.039E+00
  2.3606750E+04 -1.813E+00 -1.961E+00 -7.574E-01
  2.3607250E+04 -1.568E+00 -1.537E+00 -7.508E-01
  2.3607750E+04 -1.431E+00 -1.327E+00 -1.252E+00
  2.3608250E+04 -2.117E+00 -1.984E+00 -2.725E-01
  2.3608750E+04 -2.092E+00 -2.113E+00 -1.301E+00
  2.3609250E+04 -2.276E+00 -2.356E+00 -1.337E+00
  2.3609750E+04 -1.677E+00 -1.714E+00 -8.386E-01
  2.3610250E+04 -1.889E+00 -1.860E+00 -1.266E+00
  2.3610750E+04 -1.505E+00 -1.497E+00 -6.514E-01
  2.3611250E+04 -1.826E+00 -1.763E+00 -6.200E-01
  2.3611750E+04 -2.063E+00 -2.264E+00 -1.965E+00
  2.3612250E+04 -1.582E+00 -1.599E+00 -5.555E-01
  2.3612750E+04 -2.093E+00 -2.118E+00 -6.300E-01
  2.3613250E+04 -2.121E+00 -2.143E+00 -9.310E-01
  2.3613750E+04 -2.168E+00 -2.175E+00 -1.289E+00
  2.3614250E+04 -2.161E+00 -2.060E+00 -8.347E-01
  2.3614750E+04 -1.729E+00 -1.739E+00 -8.742E-01
  2.3615250E+04 -1.619E+00 -1.611E+00 -1.024E+00
  2.3615750E+04 -1.914E+00 -2.116E+00 -1.858E+00
  2.3616250E+04 -2.017E+00 -1.995E+00 -9.328E-01
  2.3616750E+04 -1.636E+00 -1.668E+00 -1.093E+00
  2.3617250E+04 -1.095E+00 -1.149E+00 -8.701E-01
  2.3617750E+04 -1.545E+00 -1.605E+00 -7.541E-01
  2.3618250E+04 -1.181E+00 -1.303E+00 -8.695E-01
  2.3618750E+04 -2.149E+00 -2.155E+00 -1.268E+00
  2.3619250E+04 -2.319E+00 -2.468E+00 -1.542E+00
  2.3619750E+04 -2.046E+00 -1.980E+00 -7.801E-01
  2.3620250E+04 -1.628E+00 -1.696E+00 -9.802E-01
  2.3620750E+04 -1.675E+00 -1.737E+00 -9.019E-01
  2.3621250E+04 -1.687E+00 -1.754E+00 -1.072E+00
  2.3621750E+04 -2.177E+00 -2.231E+00 -8.869E-01
  2.3622250E+04 -1.614E+00 -1.593E+00 -9.014E-01
  2.3622750E+04 -2.021E+00 -2.037E+00 -9.917E-01
  2.3623250E+04 -1.781E+00 -1.759E+00 -6.595E-01
  2.3623750E+04 -1.513E+00 -1.579E+00 -7.701E-01
  2.3624250E+04 -1.324E+00 -1.479E+00 -1.372E+00
  2.3624750E+04 -2.150E+00 -2.237E+00 -1.523E+00
  2.3625250E+04 -1.552E+00 -1.551E+00 -9.107E-01
  2.3625750E+04 -1.518E+00 -1.500E+00 -4.047E-01
  2.3626250E+04 -2.570E+00 -2.520E+00 -7.885E-01
  2.3626750E+04 -1.655E+00 -1.456E+00 -1.882E-01
  2.3627250E+04 -1.867E+00 -1.753E+00 -4.232E-01
  2.3627750E+04 -2.361E+00 -2.330E+00 -1.231E+00
  2.3628250E+04 -1.790E+00 -1.879E+00 -1.107E+00
  2.3628750E+04 -1.448E+00 -1.316E+00 -3.405E-01
  2.3629250E+04 -1.467E+00 -1.637E+00 -1.406E+00
  2.3629750E+04 -1.363E+00 -1.575E+00 -1.452E+00
  2.3630250E+04 -1.896E+00 -2.025E+00 -1.302E+00
  2.3630750E+04 -1.631E+00 -1.628E+00 -6.854E-01
  2.3631250E+04 -1.420E+00 -1.511E+00 -1.101E+00
  2.3631750E+04 -1.458E+00 -1.481E+00 -8.200E-01
  2.3632250E+04 -2.038E+00 -2.062E+00 -1.082E+00
  2.3632750E+04 -1.595E+00 -1.639E+00 -8.254E-01
  2.3633250E+04 -1.481E+00 -1.552E+00 -1.064E+00
  2.3633750E+04 -1.735E+00 -1.774E+00 -8.760E-01
  2.3634250E+04 -1.913E+00 -1.879E+00 -6.711E-01
  2.3634750E+04 -2.138E+00 -2.108E+00 -6.566E-01
  2.3635250E+04 -1.653E+00 -1.803E+00 -1.448E+00
  2.3635750E+04 -2.086E+00 -2.134E+00 -1.233E+00
  2.3636250E+04 -1.785E+00 -1.803E+00 -1.078E+00
  2.3636750E+04 -1.519E+00 -1.571E+00 -9.497E-01
  2.3637250E+04 -1.726E+00 -1.680E+00 -6.811E-01
  2.3637750E+04 -1.513E+00 -1.448E+00 -2.998E-01
  2.3638250E+04 -1.412E+00 -1.523E+00 -1.106E+00
  2.3638750E+04 -1.527E+00 -1.643E+00 -1.429E+00
  2.3639250E+04 -1.461E+00 -1.548E+00 -1.190E+00
  2.3639750E+04 -1.876E+00 -1.835E+00 -5.749E-01
  2.3640250E+04 -1.494E+00 -1.473E+00 -2.999E-01
  2.3640750E+04 -1.665E+00 -1.771E+00 -1.270E+00
  2.3641250E+04 -1.781E+00 -1.746E+00 -6.508E-01
  2.3641750E+04 -1.959E+00 -1.924E+00 -7.775E-01
  2.3642250E+04 -1.679E+00 -1.706E+00 -7.347E-01
  2.3642750E+04 -1.449E+00 -1.427E+00 -6.082E-01
  2.3643250E+04 -1.476E+00 -1.617E+00 -1.596E+00
  2.3643750E+04 -1.387E+00 -1.539E+00 -1.394E+00
  2.3644250E+04 -2.125E+00 -2.220E+00 -1.084E+00
  2.3644750E+04 -1.403E+00 -1.421E+00 -8.606E-01
  2.3645250E+04 -1.303E+00 -1.421E+00 -1.195E+00
  2.3645750E+04 -1.611E+00 -1.565E+00 -5.600E-01
  2.3646250E+04 -1.790E+00 -1.644E+00 -1.633E-01
  2.3646750E+04 -1.399E+00 -1.474E+00 -1.001E+00
  2.3647250E+04 -1.529E+00 -1.548E+00 -1.041E+00
  2.3647750E+04 -1.647E+00 -1.710E+00 -1.306E+00
  2.3648250E+04 -1.709E+00 -1.728E+00 -9.657E-01
  2.3648750E+04 -1.569E+00 -1.572E+00 -7.646E-01
  2.3649250E+04 -1.629E+00 -1.617E+00 -5.599E-01
  2.3649750E+04 -1.604E+00 -1.620E+00 -9.688E-01
  2.3650250E+04 -1.612E+00 -1.747E+00 -1.531E+00
  2.3650750E+04 -1.782E+00 -1.723E+00 -4.921E-01
  2.3651250E+04 -1.846E+00 -1.639E+00  4.099E-02
  2.3651750E+04 -2.064E+00 -1.995E+00 -5.544E-01
  2.3652250E+04 -1.925E+00 -2.056E+00 -1.398E+00
  2.3652750E+04 -1.461E+00 -1.560E+00 -1.136E+00
  2.3653250E+04 -1.443E+00 -1.499E+00 -9.926E-01
  2.3653750E+04 -1.214E+00 -1.339E+00 -1.152E+00
  2.3654250E+04 -1.237E+00 -1.272E+00 -1.022E+00
  2.3654750E+04 -1.771E+00 -1.761E+00 -6.479E-01
  2.3655250E+04 -1.743E+00 -1.658E+00 -4.348E-01
  2.3655750E+04 -1.761E+00 -1.806E+00 -8.815E-01
  2.3656250E+04 -8.185E-01 -8.535E-01 -6.333E-01
  2.3656750E+04 -1.224E+00 -1.321E+00 -1.060E+00
  2.3657250E+04 -1.613E+00 -1.653E+00 -1.094E+00
  2.3657750E+04 -1.423E+00 -1.322E+00 -1.072E-01
  2.3658250E+04 -1.888E+00 -1.913E+00 -8.803E-01
  2.3658750E+04 -1.838E+00 -1.863E+00 -1.080E+00
  2.3659250E+04 -1.520E+00 -1.442E+00 -4.791E-01
  2.3659750E+04 -1.640E+00 -1.573E+00 -5.156E-01
  2.3660250E+04 -1.260E+00 -1.407E+00 -1.315E+00
  2.3660750E+04 -1.722E+00 -1.845E+00 -1.337E+00
  2.3661250E+04 -1.964E+00 -1.911E+00 -2.732E-01
  2.3661750E+04 -1.567E+00 -1.684E+00 -1.172E+00
  2.3662250E+04 -1.527E+00 -1.538E+00 -8.267E-01
  2.3662750E+04 -1.310E+00 -1.357E+00 -7.922E-01
  2.3663250E+04 -1.224E+00 -1.186E+00 -3.864E-01
  2.3663750E+04 -1.313E+00 -1.349E+00 -6.438E-01
  2.3664250E+04 -1.095E+00 -1.107E+00 -6.724E-01
  2.3664750E+04 -1.736E+00 -1.627E+00 -5.253E-01
  2.3665250E+04 -1.810E+00 -1.642E+00 -3.085E-01
  2.3665750E+04 -1.562E+00 -1.508E+00 -1.883E-01
  2.3666250E+04 -1.387E+00 -1.541E+00 -1.200E+00
  2.3666750E+04 -1.156E+00 -1.181E+00 -9.094E-01
  2.3667250E+04 -1.728E+00 -1.627E+00 -4.846E-01
  2.3667750E+04 -1.175E+00 -1.214E+00 -8.241E-01
  2.3668250E+04 -1.014E+00 -1.175E+00 -1.251E+00
  2.3668750E+04 -1.563E+00 -1.808E+00 -1.548E+00
  2.3669250E+04 -1.622E+00 -1.729E+00 -1.250E+00
  2.3669750E+04 -1.765E+00 -1.733E+00 -5.753E-01
  2.3670250E+04 -2.053E+00 -1.879E+00 -1.877E-01
  2.3670750E+04 -1.501E+00 -1.439E+00 -4.445E-01
  2.3671250E+04 -1.138E+00 -1.107E+00 -4.527E-01
  2.3671750E+04 -1.178E+00 -1.292E+00 -9.355E-01
  2.3672250E+04 -1.271E+00 -1.242E+00 -7.655E-01
  2.3672750E+04 -1.551E+00 -1.569E+00 -1.006E+00
  2.3673250E+04 -1.968E+00 -1.907E+00 -7.038E-01
  2.3673750E+04 -1.326E+00 -1.422E+00 -9.958E-01
  2.3674250E+04 -1.369E+00 -1.350E+00 -4.856E-01
  2.3674750E+04 -1.629E+00 -1.771E+00 -1.119E+00
  2.3675250E+04 -1.008E+00 -9.993E-01 -4.300E-01
  2.3675750E+04 -1.608E+00 -1.561E+00 -6.176E-01
  2.3676250E+04 -1.505E+00 -1.534E+00 -9.569E-01
  2.3676750E+04 -1.344E+00 -1.434E+00 -9.419E-01
  2.3677250E+04 -1.306E+00 -1.319E+00 -6.184E-01
  2.3677750E+04 -1.597E+00 -1.699E+00 -1.032E+00
  2.3678250E+04 -1.560E+00 -1.450E+00 -2.036E-01
  2.3678750E+04 -1.712E+00 -1.660E+00 -6.729E-01
  2.3679250E+04 -1.694E+00 -1.607E+00 -5.897E-01
  2.3679750E+04 -1.471E+00 -1.406E+00 -4.070E-01
  2.3680250E+04 -1.272E+00 -1.426E+00 -1.172E+00
  2.3680750E+04 -1.831E+00 -1.751E+00 -4.941E-01
  2.3681250E+04 -1.763E+00 -1.740E+00 -4.331E-01
  2.3681750E+04 -1.065E+00 -1.029E+00 -6.230E-01
  2.3682250E+04 -9.721E-01 -9.647E-01 -4.188E-01
  2.3682750E+04 -1.266E+00 -1.253E+00 -4.883E-01
  2.3683250E+04 -1.843E+00 -1.852E+00 -7.707E-01
  2.3683750E+04 -1.876E+00 -1.865E+00 -6.431E-01
  2.3684250E+04 -1.320E+00 -1.368E+00 -9.069E-01
  2.3684750E+04 -1.296E+00 -1.210E+00 -3.190E-01
  2.3685250E+04 -7.791E-01 -7.354E-01 -3.824E-01
  2.3685750E+04 -1.382E+00 -1.520E+00 -1.322E+00
  2.3686250E+04 -1.629E+00 -1.693E+00 -8.943E-01
  2.3686750E+04 -1.303E+00 -1.384E+00 -9.935E-01
  2.3687250E+04 -1.349E+00 -1.216E+00  6.332E-02
  2.3687750E+04 -1.576E+00 -1.704E+00 -1.097E+00
  2.3688250E+04 -1.468E+00 -1.678E+00 -1.770E+00
  2.3688750E+04 -1.580E+00 -1.468E+00 -6.301E-01
  2.3689250E+04 -1.140E+00 -1.300E+00 -1.483E+00
  2.3689750E+04 -1.652E+00 -1.655E+00 -7.825E-01
  2.3690250E+04 -1.528E+00 -1.533E+00 -6.594E-01
  2.3690750E+04 -1.170E+00 -1.116E+00 -2.978E-01
  2.3691250E+04 -1.493E+00 -1.585E+00 -8.882E-01
  2.3691750E+04 -1.617E+00 -1.652E+00 -8.597E-01
  2.3692250E+04 -1.509E+00 -1.485E+00 -3.895E-01
  2.3692750E+04 -1.472E+00 -1.506E+00 -8.809E-01
  2.3693250E+04 -1.037E+00 -1.194E+00 -1.123E+00
  2.3693750E+04 -1.051E+00 -1.008E+00 -2.046E-01
  2.3694250E+04 -1.309E+00 -1.167E+00 -5.861E-01
  2.3694750E+04 -1.469E+00 -1.416E+00 -7.783E-01
  2.3695250E+04 -1.376E+00 -1.392E+00 -5.017E-01
  2.3695750E+04 -9.763E-01 -1.009E+00 -6.530E-01
  2.3696250E+04 -1.515E+00 -1.734E+00 -1.230E+00
  2.3696750E+04 -1.115E+00 -1.056E+00 -2.046E-01
  2.3697250E+04 -1.044E+00 -1.116E+00 -7.671E-01
  2.3697750E+04 -1.441E+00 -1.543E+00 -1.329E+00
  2.3698250E+04 -1.499E+00 -1.543E+00 -7.470E-01
  2.3698750E+04 -6.746E-01 -6.898E-01 -8.394E-01
  2.3699250E+04 -1.410E+00 -1.438E+00 -3.356E-01
  2.3699750E+04 -1.404E+00 -1.608E+00 -1.785E+00
  2.3700250E+04 -1.264E+00 -1.369E+00 -1.004E+00
  2.3700750E+04 -1.473E+00 -1.687E+00 -1.565E+00
  2.3701250E+04 -1.742E+00 -1.611E+00 -8.627E-02
  2.3701750E+04 -1.444E+00 -1.316E+00 -7.949E-02
  2.3702250E+04 -1.429E+00 -1.329E+00 -3.420E-01
  2.3702750E+04 -1.278E+00 -1.348E+00 -1.033E+00
  2.3703250E+04 -1.011E+00 -1.035E+00 -7.438E-01
  2.3703750E+04 -4.955E-01 -5.827E-01 -8.289E-01
  2.3704250E+04 -1.440E+00 -1.410E+00  7.555E-03
  2.3704750E+04 -1.448E+00 -1.367E+00 -9.866E-02
  2.3705250E+04 -1.450E+00 -1.400E+00 -4.611E-02
  2.3705750E+04 -1.597E+00 -1.650E+00 -8.583E-01
  2.3706250E+04 -1.193E+00 -1.109E+00 -5.136E-01
  2.3706750E+04 -6.505E-01 -7.785E-01 -1.149E+00
  2.3707250E+04 -1.250E+00 -1.313E+00 -9.391E-01
  2.3707750E+04 -1.537E+00 -1.511E+00 -4.675E-01
  2.3708250E+04 -1.467E+00 -1.381E+00 -1.858E-01
  2.3708750E+04 -1.144E+00 -1.086E+00 -1.945E-01
  2.3709250E+04 -1.408E+00 -1.461E+00 -1.122E+00
  2.3709750E+04 -1.086E+00 -1.235E+00 -1.312E+00
  2.3710250E+04 -1.238E+00 -1.291E+00 -7.198E-01
  2.3710750E+04 -1.357E+00 -1.420E+00 -8.921E-01
  2.3711250E+04 -9.539E-01 -9.791E-01 -6.887E-01
  2.3711750E+04 -1.002E+00 -1.091E+00 -9.494E-01
  2.3712250E+04 -1.345E+00 -1.492E+00 -1.214E+00
  2.3712750E+04 -1.289E+00 -1.217E+00 -2.914E-01
  2.3713250E+04 -1.301E+00 -1.341E+00 -7.484E-01
