  1.9131250E+04 -0.000E+00 -0.000E+00  0.000E+00
  1.9131750E+04 -0.000E+00 -0.000E+00  0.000E+00
  1.9132250E+04 -0.000E+00 -0.000E+00  0.000E+00
  1.9132750E+04 -0.000E+00 -0.000E+00  0.000E+00
  1.9133250E+04 -0.000E+00 -0.000E+00  0.000E+00
  1.9133750E+04 -0.000E+00 -0.000E+00  0.000E+00
  1.9134250E+04 -0.000E+00 -0.000E+00  0.000E+00
  1.9134750E+04 -0.000E+00 -0.000E+00  0.000E+00
  1.9135250E+04 -0.000E+00 -0.000E+00  0.000E+00
  1.9135750E+04 -0.000E+00 -0.000E+00  0.000E+00
  1.9136250E+04 -0.000E+00 -0.000E+00  0.000E+00
  1.9136750E+04 -0.000E+00 -0.000E+00  0.000E+00
  1.9137250E+04 -0.000E+00 -0.000E+00  0.000E+00
  1.9137750E+04 -0.000E+00 -0.000E+00  0.000E+00
  1.9138250E+04 -0.000E+00 -0.000E+00  0.000E+00
  1.9138750E+04 -0.000E+00 -0.000E+00  0.000E+00
  1.9139250E+04 -0.000E+00 -0.000E+00  0.000E+00
  1.9139750E+04 -0.000E+00 -0.000E+00  0.000E+00
  1.9140250E+04 -0.000E+00 -0.000E+00  0.000E+00
  1.9140750E+04 -0.000E+00 -0.000E+00  0.000E+00
  1.9141250E+04 -0.000E+00 -0.000E+00  0.000E+00
  1.9141750E+04 -0.000E+00 -0.000E+00  0.000E+00
  1.9142250E+04 -0.000E+00 -0.000E+00  0.000E+00
  1.9142750E+04 -0.000E+00 -0.000E+00  0.000E+00
  1.9143250E+04 -0.000E+00 -0.000E+00  0.000E+00
  1.9143750E+04 -0.000E+00 -0.000E+00  0.000E+00
  1.9144250E+04 -0.000E+00 -0.000E+00  0.000E+00
  1.9144750E+04 -0.000E+00 -0.000E+00  0.000E+00
  1.9145250E+04 -0.000E+00 -0.000E+00  0.000E+00
  1.9145750E+04 -0.000E+00 -0.000E+00  0.000E+00
  1.9146250E+04 -0.000E+00 -0.000E+00  0.000E+00
  1.9146750E+04 -0.000E+00 -0.000E+00  0.000E+00
  1.9147250E+04 -0.000E+00 -0.000E+00  0.000E+00
  1.9147750E+04 -0.000E+00 -0.000E+00  0.000E+00
  1.9148250E+04 -0.000E+00 -0.000E+00  0.000E+00
  1.9148750E+04 -0.000E+00 -0.000E+00  0.000E+00
  1.9149250E+04 -0.000E+00 -0.000E+00  0.000E+00
  1.9149750E+04 -0.000E+00 -0.000E+00  0.000E+00
  1.9150250E+04 -0.000E+00 -0.000E+00  0.000E+00
  1.9150750E+04 -0.000E+00 -0.000E+00  0.000E+00
  1.9151250E+04 -0.000E+00 -0.000E+00  0.000E+00
  1.9151750E+04 -0.000E+00 -0.000E+00  0.000E+00
  1.9152250E+04 -0.000E+00 -0.000E+00  0.000E+00
  1.9152750E+04 -0.000E+00 -0.000E+00  0.000E+00
  1.9153250E+04 -0.000E+00 -0.000E+00  0.000E+00
  1.9153750E+04 -0.000E+00 -0.000E+00  0.000E+00
  1.9154250E+04 -0.000E+00 -0.000E+00  0.000E+00
  1.9154750E+04 -0.000E+00 -0.000E+00  0.000E+00
  1.9155250E+04 -0.000E+00 -0.000E+00  0.000E+00
  1.9155750E+04 -0.000E+00 -0.000E+00  0.000E+00
  1.9156250E+04 -0.000E+00 -0.000E+00  0.000E+00
  1.9156750E+04 -0.000E+00 -0.000E+00  0.000E+00
  1.9157250E+04 -0.000E+00 -0.000E+00  0.000E+00
  1.9157750E+04 -0.000E+00 -0.000E+00  0.000E+00
  1.9158250E+04 -0.000E+00 -0.000E+00  0.000E+00
  1.9158750E+04 -0.000E+00 -0.000E+00  0.000E+00
  1.9159250E+04 -0.000E+00 -0.000E+00  0.000E+00
  1.9159750E+04 -0.000E+00 -0.000E+00  0.000E+00
  1.9160250E+04 -0.000E+00 -0.000E+00  0.000E+00
  1.9160750E+04 -0.000E+00 -0.000E+00  0.000E+00
  1.9161250E+04 -0.000E+00 -0.000E+00  0.000E+00
  1.9161750E+04 -0.000E+00 -0.000E+00  0.000E+00
  1.9162250E+04 -0.000E+00 -0.000E+00  0.000E+00
  1.9162750E+04 -0.000E+00 -0.000E+00  0.000E+00
  1.9163250E+04 -0.000E+00 -0.000E+00  0.000E+00
  1.9163750E+04 -0.000E+00 -0.000E+00  0.000E+00
  1.9164250E+04 -0.000E+00 -0.000E+00  0.000E+00
  1.9164750E+04 -0.000E+00 -0.000E+00  0.000E+00
  1.9165250E+04 -0.000E+00 -0.000E+00  0.000E+00
  1.9165750E+04 -0.000E+00 -0.000E+00  0.000E+00
  1.9166250E+04 -0.000E+00 -0.000E+00  0.000E+00
  1.9166750E+04 -0.000E+00 -0.000E+00  0.000E+00
  1.9167250E+04 -0.000E+00 -0.000E+00  0.000E+00
  1.9167750E+04 -0.000E+00 -0.000E+00  0.000E+00
  1.9168250E+04 -0.000E+00 -0.000E+00  0.000E+00
  1.9168750E+04 -0.000E+00 -0.000E+00  0.000E+00
  1.9169250E+04 -0.000E+00 -0.000E+00  0.000E+00
  1.9169750E+04 -0.000E+00 -0.000E+00  0.000E+00
  1.9170250E+04 -0.000E+00 -0.000E+00  0.000E+00
  1.9170750E+04 -0.000E+00 -0.000E+00  0.000E+00
  1.9171250E+04 -0.000E+00 -0.000E+00  0.000E+00
  1.9171750E+04 -0.000E+00 -0.000E+00  0.000E+00
  1.9172250E+04 -0.000E+00 -0.000E+00  0.000E+00
  1.9172750E+04 -0.000E+00 -0.000E+00  0.000E+00
  1.9173250E+04 -0.000E+00 -0.000E+00  0.000E+00
  1.9173750E+04 -0.000E+00 -0.000E+00  0.000E+00
  1.9174250E+04 -0.000E+00 -0.000E+00  0.000E+00
  1.9174750E+04 -0.000E+00 -0.000E+00  0.000E+00
  1.9175250E+04 -0.000E+00 -0.000E+00  0.000E+00
  1.9175750E+04 -0.000E+00 -0.000E+00  0.000E+00
  1.9176250E+04 -0.000E+00 -0.000E+00  0.000E+00
  1.9176750E+04 -0.000E+00 -0.000E+00  0.000E+00
  1.9177250E+04 -0.000E+00 -0.000E+00  0.000E+00
  1.9177750E+04 -0.000E+00 -0.000E+00  0.000E+00
  1.9178250E+04 -0.000E+00 -0.000E+00  0.000E+00
  1.9178750E+04 -0.000E+00 -0.000E+00  0.000E+00
  1.9179250E+04 -0.000E+00 -0.000E+00  0.000E+00
  1.9179750E+04 -0.000E+00 -0.000E+00  0.000E+00
  1.9180250E+04 -0.000E+00 -0.000E+00  0.000E+00
  1.9180750E+04 -0.000E+00 -0.000E+00  0.000E+00
  1.9181250E+04 -0.000E+00 -0.000E+00  0.000E+00
  1.9181750E+04 -0.000E+00 -0.000E+00  0.000E+00
  1.9182250E+04 -0.000E+00 -0.000E+00  0.000E+00
  1.9182750E+04 -0.000E+00 -0.000E+00  0.000E+00
  1.9183250E+04 -0.000E+00 -0.000E+00  0.000E+00
  1.9183750E+04 -0.000E+00 -0.000E+00  0.000E+00
  1.9184250E+04 -0.000E+00 -0.000E+00  0.000E+00
  1.9184750E+04 -0.000E+00 -0.000E+00  0.000E+00
  1.9185250E+04 -0.000E+00 -0.000E+00  0.000E+00
  1.9185750E+04 -0.000E+00 -0.000E+00  0.000E+00
  1.9186250E+04 -0.000E+00 -0.000E+00  0.000E+00
  1.9186750E+04 -0.000E+00 -0.000E+00  0.000E+00
  1.9187250E+04 -0.000E+00 -0.000E+00  0.000E+00
  1.9187750E+04 -0.000E+00 -0.000E+00  0.000E+00
  1.9188250E+04 -0.000E+00 -0.000E+00  0.000E+00
  1.9188750E+04 -0.000E+00 -0.000E+00  0.000E+00
  1.9189250E+04 -0.000E+00 -0.000E+00  0.000E+00
  1.9189750E+04 -0.000E+00 -0.000E+00  0.000E+00
  1.9190250E+04 -0.000E+00 -0.000E+00  0.000E+00
  1.9190750E+04 -0.000E+00 -0.000E+00  0.000E+00
  1.9191250E+04 -0.000E+00 -0.000E+00  0.000E+00
  1.9191750E+04 -0.000E+00 -0.000E+00  0.000E+00
  1.9192250E+04 -0.000E+00 -0.000E+00  0.000E+00
  1.9192750E+04 -0.000E+00 -0.000E+00  0.000E+00
  1.9193250E+04 -0.000E+00 -0.000E+00  0.000E+00
  1.9193750E+04 -0.000E+00 -0.000E+00  0.000E+00
  1.9194250E+04 -0.000E+00 -0.000E+00  0.000E+00
  1.9194750E+04 -0.000E+00 -0.000E+00  0.000E+00
  1.9195250E+04 -0.000E+00 -0.000E+00  0.000E+00
  1.9195750E+04 -0.000E+00 -0.000E+00  0.000E+00
  1.9196250E+04 -0.000E+00 -0.000E+00  0.000E+00
  1.9196750E+04 -0.000E+00 -0.000E+00  0.000E+00
  1.9197250E+04 -0.000E+00 -0.000E+00  0.000E+00
  1.9197750E+04 -0.000E+00 -0.000E+00  0.000E+00
  1.9198250E+04 -0.000E+00 -0.000E+00  0.000E+00
  1.9198750E+04 -0.000E+00 -0.000E+00  0.000E+00
  1.9199250E+04 -0.000E+00 -0.000E+00  0.000E+00
  1.9199750E+04 -0.000E+00 -0.000E+00  0.000E+00
  1.9200250E+04 -0.000E+00 -0.000E+00  0.000E+00
  1.9200750E+04 -0.000E+00 -0.000E+00  0.000E+00
  1.9201250E+04 -0.000E+00 -0.000E+00  0.000E+00
  1.9201750E+04 -0.000E+00 -0.000E+00  0.000E+00
  1.9202250E+04 -0.000E+00 -0.000E+00  0.000E+00
  1.9202750E+04 -0.000E+00 -0.000E+00  0.000E+00
  1.9203250E+04 -0.000E+00 -0.000E+00  0.000E+00
  1.9203750E+04 -0.000E+00 -0.000E+00  0.000E+00
  1.9204250E+04 -0.000E+00 -0.000E+00  0.000E+00
  1.9204750E+04 -0.000E+00 -0.000E+00  0.000E+00
  1.9205250E+04 -0.000E+00 -0.000E+00  0.000E+00
  1.9205750E+04 -0.000E+00 -0.000E+00  0.000E+00
  1.9206250E+04 -0.000E+00 -0.000E+00  0.000E+00
  1.9206750E+04 -0.000E+00 -0.000E+00  0.000E+00
  1.9207250E+04 -0.000E+00 -0.000E+00  0.000E+00
  1.9207750E+04 -0.000E+00 -0.000E+00  0.000E+00
  1.9208250E+04 -0.000E+00 -0.000E+00  0.000E+00
  1.9208750E+04 -0.000E+00 -0.000E+00  0.000E+00
  1.9209250E+04 -0.000E+00 -0.000E+00  0.000E+00
  1.9209750E+04 -0.000E+00 -0.000E+00  0.000E+00
  1.9210250E+04 -0.000E+00 -0.000E+00  0.000E+00
  1.9210750E+04 -0.000E+00 -0.000E+00  0.000E+00
  1.9211250E+04 -0.000E+00 -0.000E+00  0.000E+00
  1.9211750E+04 -0.000E+00 -0.000E+00  0.000E+00
  1.9212250E+04 -0.000E+00 -0.000E+00  0.000E+00
  1.9212750E+04 -0.000E+00 -0.000E+00  0.000E+00
  1.9213250E+04 -0.000E+00 -0.000E+00  0.000E+00
  1.9213750E+04 -0.000E+00 -0.000E+00  0.000E+00
  1.9214250E+04 -0.000E+00 -0.000E+00  0.000E+00
  1.9214750E+04 -0.000E+00 -0.000E+00  0.000E+00
  1.9215250E+04 -0.000E+00 -0.000E+00  0.000E+00
  1.9215750E+04 -0.000E+00 -0.000E+00  0.000E+00
  1.9216250E+04 -0.000E+00 -0.000E+00  0.000E+00
  1.9216750E+04 -0.000E+00 -0.000E+00  0.000E+00
  1.9217250E+04 -0.000E+00 -0.000E+00  0.000E+00
  1.9217750E+04 -0.000E+00 -0.000E+00  0.000E+00
  1.9218250E+04 -0.000E+00 -0.000E+00  0.000E+00
  1.9218750E+04 -0.000E+00 -0.000E+00  0.000E+00
  1.9219250E+04 -0.000E+00 -0.000E+00  0.000E+00
  1.9219750E+04 -0.000E+00 -0.000E+00  0.000E+00
  1.9220250E+04 -0.000E+00 -0.000E+00  0.000E+00
  1.9220750E+04 -0.000E+00 -0.000E+00  0.000E+00
  1.9221250E+04 -0.000E+00 -0.000E+00  0.000E+00
  1.9221750E+04 -0.000E+00 -0.000E+00  0.000E+00
  1.9222250E+04 -0.000E+00 -0.000E+00  0.000E+00
  1.9222750E+04 -0.000E+00 -0.000E+00  0.000E+00
  1.9223250E+04 -0.000E+00 -0.000E+00  0.000E+00
  1.9223750E+04 -0.000E+00 -0.000E+00  0.000E+00
  1.9224250E+04 -0.000E+00 -0.000E+00  0.000E+00
  1.9224750E+04 -0.000E+00 -0.000E+00  0.000E+00
  1.9225250E+04 -0.000E+00 -0.000E+00  0.000E+00
  1.9225750E+04 -0.000E+00 -0.000E+00  0.000E+00
  1.9226250E+04 -0.000E+00 -0.000E+00  0.000E+00
  1.9226750E+04 -0.000E+00 -0.000E+00  0.000E+00
  1.9227250E+04 -0.000E+00 -0.000E+00  0.000E+00
  1.9227750E+04 -0.000E+00 -0.000E+00  0.000E+00
  1.9228250E+04 -0.000E+00 -0.000E+00  0.000E+00
  1.9228750E+04 -0.000E+00 -0.000E+00  0.000E+00
  1.9229250E+04 -0.000E+00 -0.000E+00  0.000E+00
  1.9229750E+04 -0.000E+00 -0.000E+00  0.000E+00
  1.9230250E+04 -0.000E+00 -0.000E+00  0.000E+00
  1.9230750E+04 -0.000E+00 -0.000E+00  0.000E+00
  1.9231250E+04 -0.000E+00 -0.000E+00  0.000E+00
  1.9231750E+04 -0.000E+00 -0.000E+00  0.000E+00
  1.9232250E+04 -0.000E+00 -0.000E+00  0.000E+00
  1.9232750E+04 -0.000E+00 -0.000E+00  0.000E+00
  1.9233250E+04 -0.000E+00 -0.000E+00  0.000E+00
  1.9233750E+04 -0.000E+00 -0.000E+00  0.000E+00
  1.9234250E+04 -0.000E+00 -0.000E+00  0.000E+00
  1.9234750E+04 -0.000E+00 -0.000E+00  0.000E+00
  1.9235250E+04 -0.000E+00 -0.000E+00  0.000E+00
  1.9235750E+04 -0.000E+00 -0.000E+00  0.000E+00
  1.9236250E+04 -0.000E+00 -0.000E+00  0.000E+00
  1.9236750E+04 -0.000E+00 -0.000E+00  0.000E+00
  1.9237250E+04 -0.000E+00 -0.000E+00  0.000E+00
  1.9237750E+04 -0.000E+00 -0.000E+00  0.000E+00
  1.9238250E+04 -0.000E+00 -0.000E+00  0.000E+00
  1.9238750E+04 -0.000E+00 -0.000E+00  0.000E+00
  1.9239250E+04 -0.000E+00 -0.000E+00  0.000E+00
  1.9239750E+04 -0.000E+00 -0.000E+00  0.000E+00
  1.9240250E+04 -0.000E+00 -0.000E+00  0.000E+00
  1.9240750E+04 -0.000E+00 -0.000E+00  0.000E+00
  1.9241250E+04 -0.000E+00 -0.000E+00  0.000E+00
  1.9241750E+04 -0.000E+00 -0.000E+00  0.000E+00
  1.9242250E+04 -0.000E+00 -0.000E+00  0.000E+00
  1.9242750E+04 -0.000E+00 -0.000E+00  0.000E+00
  1.9243250E+04 -0.000E+00 -0.000E+00  0.000E+00
  1.9243750E+04 -0.000E+00 -0.000E+00  0.000E+00
  1.9244250E+04 -0.000E+00 -0.000E+00  0.000E+00
  1.9244750E+04 -0.000E+00 -0.000E+00  0.000E+00
  1.9245250E+04 -0.000E+00 -0.000E+00  0.000E+00
  1.9245750E+04 -0.000E+00 -0.000E+00  0.000E+00
  1.9246250E+04 -0.000E+00 -0.000E+00  0.000E+00
  1.9246750E+04 -0.000E+00 -0.000E+00  0.000E+00
  1.9247250E+04 -0.000E+00 -0.000E+00  0.000E+00
  1.9247750E+04 -0.000E+00 -0.000E+00  0.000E+00
  1.9248250E+04 -0.000E+00 -0.000E+00  0.000E+00
  1.9248750E+04 -0.000E+00 -0.000E+00  0.000E+00
  1.9249250E+04 -0.000E+00 -0.000E+00  0.000E+00
  1.9249750E+04 -0.000E+00 -0.000E+00  0.000E+00
  1.9250250E+04 -0.000E+00 -0.000E+00  0.000E+00
  1.9250750E+04 -0.000E+00 -0.000E+00  0.000E+00
  1.9251250E+04 -0.000E+00 -0.000E+00  0.000E+00
  1.9251750E+04 -0.000E+00 -0.000E+00  0.000E+00
  1.9252250E+04 -0.000E+00 -0.000E+00  0.000E+00
  1.9252750E+04 -0.000E+00 -0.000E+00  0.000E+00
  1.9253250E+04 -0.000E+00 -0.000E+00  0.000E+00
  1.9253750E+04 -0.000E+00 -0.000E+00  0.000E+00
  1.9254250E+04 -0.000E+00 -0.000E+00  0.000E+00
  1.9254750E+04 -0.000E+00 -0.000E+00  0.000E+00
  1.9255250E+04 -0.000E+00 -0.000E+00  0.000E+00
  1.9255750E+04 -0.000E+00 -0.000E+00  0.000E+00
  1.9256250E+04 -0.000E+00 -0.000E+00  0.000E+00
  1.9256750E+04 -0.000E+00 -0.000E+00  0.000E+00
  1.9257250E+04 -0.000E+00 -0.000E+00  0.000E+00
  1.9257750E+04 -0.000E+00 -0.000E+00  0.000E+00
  1.9258250E+04 -0.000E+00 -0.000E+00  0.000E+00
  1.9258750E+04 -0.000E+00 -0.000E+00  0.000E+00
  1.9259250E+04 -0.000E+00 -0.000E+00  0.000E+00
  1.9259750E+04 -0.000E+00 -0.000E+00  0.000E+00
  1.9260250E+04 -0.000E+00 -0.000E+00  0.000E+00
  1.9260750E+04 -0.000E+00 -0.000E+00  0.000E+00
  1.9261250E+04 -0.000E+00 -0.000E+00  0.000E+00
  1.9261750E+04  5.131E-06  7.133E-06  1.220E-05
  1.9262250E+04  4.003E-06  1.264E-05  4.008E-05
  1.9262750E+04 -1.503E-05 -2.008E-05 -3.177E-05
  1.9263250E+04 -1.038E-05 -4.565E-06  1.869E-05
  1.9263750E+04 -1.156E-07  1.235E-05  5.373E-05
  1.9264250E+04  8.096E-06  7.851E-06  4.111E-06
  1.9264750E+04 -2.903E-06  9.557E-07  1.397E-05
  1.9265250E+04  2.203E-06 -1.919E-06 -1.517E-05
  1.9265750E+04 -2.163E-05 -2.450E-05 -3.241E-05
  1.9266250E+04 -2.355E-05 -1.860E-05  3.292E-06
  1.9266750E+04  3.178E-05  2.987E-05  1.693E-05
  1.9267250E+04  3.066E-06 -7.663E-06 -4.979E-05
  1.9267750E+04  2.836E-05  1.245E-05 -4.743E-05
  1.9268250E+04 -3.309E-05 -4.672E-05 -8.613E-05
  1.9268750E+04 -4.426E-06  6.463E-06  4.228E-05
  1.9269250E+04 -3.712E-05 -1.833E-05  5.091E-05
  1.9269750E+04  3.618E-06 -1.398E-05 -7.582E-05
  1.9270250E+04  7.085E-06  1.380E-05  4.075E-05
  1.9270750E+04  3.602E-06  6.748E-06  1.943E-05
  1.9271250E+04 -9.515E-04  2.199E-04  4.724E-03
  1.9271750E+04 -5.964E-04 -6.505E-05  2.109E-03
  1.9272250E+04  3.223E-03  3.215E-03  1.820E-03
  1.9272750E+04  3.245E-04  4.089E-04  4.633E-04
  1.9273250E+04 -3.077E-04 -2.274E-03 -9.094E-03
  1.9273750E+04  7.922E-04 -3.438E-04 -4.916E-03
  1.9274250E+04 -1.549E-03 -6.868E-04  2.923E-03
  1.9274750E+04  4.451E-03  4.768E-03  4.187E-03
  1.9275250E+04  8.151E-04 -8.712E-04 -7.425E-03
  1.9275750E+04 -9.582E-03 -7.599E-03  4.755E-03
  1.9276250E+04 -6.253E-03 -3.381E-03  1.088E-02
  1.9276750E+04 -1.212E-03  5.120E-02  2.266E-01
  1.9277250E+04 -7.460E-02 -6.164E-02  1.977E-02
  1.9277750E+04  1.209E-01  7.528E-02 -1.376E-01
  1.9278250E+04  8.138E-02  7.039E-02 -4.142E-03
  1.9278750E+04 -6.980E-02 -7.856E-02 -7.589E-02
  1.9279250E+04 -2.615E-02 -2.228E-02  4.360E-03
  1.9279750E+04  7.104E-02  7.457E-02  5.868E-02
  1.9280250E+04  4.505E-02  6.177E-02  9.787E-02
  1.9280750E+04  1.568E-01  1.717E-01  1.507E-01
  1.9281250E+04  3.511E-01  3.055E-01  3.849E-02
  1.9281750E+04  4.569E-01  4.926E-01  4.481E-01
  1.9282250E+04  5.548E-01  5.081E-01  1.538E-01
  1.9282750E+04  6.561E-01  6.562E-01  4.113E-01
  1.9283250E+04  1.410E+00  1.327E+00  5.354E-01
  1.9283750E+04  1.945E+00  2.044E+00  1.667E+00
  1.9284250E+04  2.771E+00  2.843E+00  2.073E+00
  1.9284750E+04  3.183E+00  3.292E+00  2.483E+00
  1.9285250E+04  5.025E+00  4.633E+00  1.505E+00
  1.9285750E+04  8.688E+00  8.472E+00  4.563E+00
  1.9286250E+04  1.049E+01  1.050E+01  6.715E+00
  1.9286750E+04  1.605E+01  1.576E+01  8.909E+00
  1.9287250E+04  2.207E+01  2.204E+01  1.384E+01
  1.9287750E+04  3.352E+01  3.295E+01  1.872E+01
  1.9288250E+04  4.582E+01  4.567E+01  2.828E+01
  1.9288750E+04  5.813E+01  5.921E+01  4.131E+01
  1.9289250E+04  7.769E+01  7.575E+01  4.053E+01
  1.9289750E+04  9.824E+01  9.774E+01  5.964E+01
  1.9290250E+04  1.286E+02  1.276E+02  7.663E+01
  1.9290750E+04  1.579E+02  1.562E+02  9.198E+01
  1.9291250E+04  2.005E+02  1.967E+02  1.091E+02
  1.9291750E+04  2.419E+02  2.377E+02  1.333E+02
  1.9292250E+04  2.904E+02  2.844E+02  1.556E+02
  1.9292750E+04  3.357E+02  3.294E+02  1.827E+02
  1.9293250E+04  3.856E+02  3.778E+02  2.066E+02
  1.9293750E+04  4.245E+02  4.162E+02  2.283E+02
  1.9294250E+04  4.767E+02  4.642E+02  2.424E+02
  1.9294750E+04  4.986E+02  4.878E+02  2.628E+02
  1.9295250E+04  5.368E+02  5.233E+02  2.747E+02
  1.9295750E+04  5.747E+02  5.572E+02  2.800E+02
  1.9296250E+04  5.928E+02  5.742E+02  2.857E+02
  1.9296750E+04  6.058E+02  5.930E+02  3.185E+02
  1.9297250E+04  6.238E+02  6.074E+02  3.137E+02
  1.9297750E+04  6.266E+02  6.074E+02  3.021E+02
  1.9298250E+04  6.029E+02  5.836E+02  2.864E+02
  1.9298750E+04  5.900E+02  5.703E+02  2.763E+02
  1.9299250E+04  5.802E+02  5.602E+02  2.684E+02
  1.9299750E+04  5.478E+02  5.347E+02  2.783E+02
  1.9300250E+04  5.208E+02  5.041E+02  2.454E+02
  1.9300750E+04  4.852E+02  4.703E+02  2.308E+02
  1.9301250E+04  4.556E+02  4.379E+02  2.000E+02
  1.9301750E+04  4.130E+02  4.028E+02  2.068E+02
  1.9302250E+04  3.717E+02  3.632E+02  1.886E+02
  1.9302750E+04  3.538E+02  3.394E+02  1.507E+02
  1.9303250E+04  3.145E+02  3.041E+02  1.443E+02
  1.9303750E+04  2.710E+02  2.614E+02  1.212E+02
  1.9304250E+04  2.392E+02  2.312E+02  1.083E+02
  1.9304750E+04  2.070E+02  2.004E+02  9.514E+01
  1.9305250E+04  1.691E+02  1.631E+02  7.424E+01
  1.9305750E+04  1.524E+02  1.488E+02  7.438E+01
  1.9306250E+04  1.354E+02  1.307E+02  5.939E+01
  1.9306750E+04  1.174E+02  1.147E+02  5.752E+01
  1.9307250E+04  9.749E+01  9.266E+01  3.569E+01
  1.9307750E+04  7.124E+01  6.717E+01  2.287E+01
  1.9308250E+04  5.767E+01  5.699E+01  2.990E+01
  1.9308750E+04  4.910E+01  5.141E+01  3.829E+01
  1.9309250E+04  3.325E+01  3.363E+01  1.984E+01
  1.9309750E+04  1.569E+01  1.616E+01  9.550E+00
  1.9310250E+04  2.206E+01  2.077E+01  5.633E+00
  1.9310750E+04 -1.859E+00 -1.216E+00 -9.962E-02
  1.9311250E+04  2.786E+00  2.377E+00 -2.130E+00
  1.9311750E+04 -3.436E+00 -1.705E+00  3.950E+00
  1.9312250E+04 -8.008E+00 -9.017E+00 -1.113E+01
  1.9312750E+04 -2.378E+01 -2.196E+01 -8.395E+00
  1.9313250E+04 -2.243E+01 -2.177E+01 -1.253E+01
  1.9313750E+04 -2.775E+01 -2.731E+01 -1.651E+01
  1.9314250E+04 -3.380E+01 -3.113E+01 -1.025E+01
  1.9314750E+04 -2.533E+01 -2.450E+01 -1.344E+01
  1.9315250E+04 -3.570E+01 -3.233E+01 -7.968E+00
  1.9315750E+04 -3.111E+01 -2.985E+01 -1.455E+01
  1.9316250E+04 -4.214E+01 -4.095E+01 -2.177E+01
  1.9316750E+04 -3.994E+01 -3.763E+01 -1.550E+01
  1.9317250E+04 -3.361E+01 -3.433E+01 -2.500E+01
  1.9317750E+04 -5.150E+01 -4.817E+01 -1.791E+01
  1.9318250E+04 -3.619E+01 -3.386E+01 -1.295E+01
  1.9318750E+04 -4.171E+01 -3.877E+01 -1.359E+01
  1.9319250E+04 -4.575E+01 -4.628E+01 -3.161E+01
  1.9319750E+04 -4.147E+01 -3.999E+01 -1.979E+01
  1.9320250E+04 -4.501E+01 -4.183E+01 -1.417E+01
  1.9320750E+04 -4.455E+01 -4.333E+01 -2.280E+01
  1.9321250E+04 -4.835E+01 -4.762E+01 -2.716E+01
  1.9321750E+04 -4.336E+01 -4.190E+01 -2.098E+01
  1.9322250E+04 -4.310E+01 -4.010E+01 -1.393E+01
  1.9322750E+04 -3.592E+01 -3.549E+01 -2.090E+01
  1.9323250E+04 -4.987E+01 -4.671E+01 -1.716E+01
  1.9323750E+04 -4.876E+01 -4.460E+01 -1.213E+01
  1.9324250E+04 -4.926E+01 -4.692E+01 -2.052E+01
  1.9324750E+04 -4.470E+01 -4.236E+01 -1.782E+01
  1.9325250E+04 -4.165E+01 -4.122E+01 -2.418E+01
  1.9325750E+04 -3.840E+01 -3.868E+01 -2.546E+01
  1.9326250E+04 -4.559E+01 -4.407E+01 -2.200E+01
  1.9326750E+04 -4.757E+01 -4.490E+01 -1.802E+01
  1.9327250E+04 -4.644E+01 -4.485E+01 -2.205E+01
  1.9327750E+04 -4.496E+01 -4.245E+01 -1.699E+01
  1.9328250E+04 -4.291E+01 -4.248E+01 -2.516E+01
  1.9328750E+04 -4.439E+01 -4.014E+01 -8.827E+00
  1.9329250E+04 -4.302E+01 -4.111E+01 -1.854E+01
  1.9329750E+04 -4.415E+01 -4.377E+01 -2.614E+01
  1.9330250E+04 -4.270E+01 -4.096E+01 -1.884E+01
  1.9330750E+04 -4.380E+01 -4.123E+01 -1.586E+01
  1.9331250E+04 -4.889E+01 -4.527E+01 -1.434E+01
  1.9331750E+04 -3.983E+01 -3.884E+01 -2.063E+01
  1.9332250E+04 -3.965E+01 -3.932E+01 -2.350E+01
  1.9332750E+04 -4.488E+01 -4.319E+01 -2.075E+01
  1.9333250E+04 -3.753E+01 -3.593E+01 -1.664E+01
  1.9333750E+04 -4.315E+01 -4.214E+01 -2.251E+01
  1.9334250E+04 -4.271E+01 -4.002E+01 -1.451E+01
  1.9334750E+04 -4.592E+01 -4.413E+01 -2.083E+01
  1.9335250E+04 -4.435E+01 -4.280E+01 -2.101E+01
  1.9335750E+04 -4.155E+01 -3.987E+01 -1.844E+01
  1.9336250E+04 -4.213E+01 -4.057E+01 -1.931E+01
  1.9336750E+04 -3.920E+01 -3.799E+01 -1.909E+01
  1.9337250E+04 -4.023E+01 -3.775E+01 -1.405E+01
  1.9337750E+04 -4.109E+01 -3.974E+01 -1.980E+01
  1.9338250E+04 -4.124E+01 -3.985E+01 -1.964E+01
  1.9338750E+04 -4.021E+01 -4.008E+01 -2.430E+01
  1.9339250E+04 -4.093E+01 -3.966E+01 -1.970E+01
  1.9339750E+04 -3.837E+01 -3.639E+01 -1.529E+01
  1.9340250E+04 -3.845E+01 -3.816E+01 -2.288E+01
  1.9340750E+04 -3.843E+01 -3.584E+01 -1.251E+01
  1.9341250E+04 -3.778E+01 -3.547E+01 -1.332E+01
  1.9341750E+04 -4.113E+01 -4.013E+01 -2.118E+01
  1.9342250E+04 -3.899E+01 -3.758E+01 -1.814E+01
  1.9342750E+04 -4.259E+01 -3.996E+01 -1.482E+01
  1.9343250E+04 -3.719E+01 -3.531E+01 -1.474E+01
  1.9343750E+04 -3.687E+01 -3.619E+01 -1.980E+01
  1.9344250E+04 -4.021E+01 -3.899E+01 -1.964E+01
  1.9344750E+04 -3.686E+01 -3.700E+01 -2.372E+01
  1.9345250E+04 -4.296E+01 -4.077E+01 -1.683E+01
  1.9345750E+04 -3.528E+01 -3.280E+01 -1.103E+01
  1.9346250E+04 -3.813E+01 -3.707E+01 -1.916E+01
  1.9346750E+04 -3.270E+01 -3.325E+01 -2.288E+01
  1.9347250E+04 -3.338E+01 -3.265E+01 -1.760E+01
  1.9347750E+04 -3.960E+01 -3.798E+01 -1.752E+01
  1.9348250E+04 -3.670E+01 -3.627E+01 -2.098E+01
  1.9348750E+04 -3.705E+01 -3.613E+01 -1.908E+01
  1.9349250E+04 -3.669E+01 -3.527E+01 -1.645E+01
  1.9349750E+04 -3.552E+01 -3.379E+01 -1.435E+01
  1.9350250E+04 -3.867E+01 -3.652E+01 -1.447E+01
  1.9350750E+04 -3.596E+01 -3.463E+01 -1.651E+01
  1.9351250E+04 -3.172E+01 -3.194E+01 -2.059E+01
  1.9351750E+04 -3.833E+01 -3.567E+01 -1.187E+01
  1.9352250E+04 -3.757E+01 -3.593E+01 -1.603E+01
  1.9352750E+04 -3.338E+01 -3.312E+01 -1.984E+01
  1.9353250E+04 -3.850E+01 -3.653E+01 -1.515E+01
  1.9353750E+04 -3.707E+01 -3.503E+01 -1.396E+01
  1.9354250E+04 -3.284E+01 -3.244E+01 -1.876E+01
  1.9354750E+04 -3.400E+01 -3.346E+01 -1.884E+01
  1.9355250E+04 -3.585E+01 -3.446E+01 -1.619E+01
  1.9355750E+04 -3.364E+01 -3.253E+01 -1.575E+01
  1.9356250E+04 -3.511E+01 -3.401E+01 -1.689E+01
  1.9356750E+04 -3.599E+01 -3.497E+01 -1.754E+01
  1.9357250E+04 -3.049E+01 -3.086E+01 -2.068E+01
  1.9357750E+04 -3.259E+01 -3.236E+01 -1.931E+01
  1.9358250E+04 -3.216E+01 -3.123E+01 -1.576E+01
  1.9358750E+04 -3.405E+01 -3.212E+01 -1.265E+01
  1.9359250E+04 -3.162E+01 -3.024E+01 -1.354E+01
  1.9359750E+04 -3.377E+01 -3.316E+01 -1.825E+01
  1.9360250E+04 -3.016E+01 -2.944E+01 -1.535E+01
  1.9360750E+04 -3.311E+01 -3.146E+01 -1.332E+01
  1.9361250E+04 -3.486E+01 -3.300E+01 -1.341E+01
  1.9361750E+04 -3.195E+01 -3.050E+01 -1.356E+01
  1.9362250E+04 -3.324E+01 -3.190E+01 -1.458E+01
  1.9362750E+04 -3.156E+01 -3.092E+01 -1.668E+01
  1.9363250E+04 -2.976E+01 -2.881E+01 -1.442E+01
  1.9363750E+04 -3.170E+01 -2.957E+01 -1.025E+01
  1.9364250E+04 -3.180E+01 -3.013E+01 -1.233E+01
  1.9364750E+04 -3.216E+01 -3.074E+01 -1.363E+01
  1.9365250E+04 -3.405E+01 -3.296E+01 -1.632E+01
  1.9365750E+04 -2.845E+01 -2.735E+01 -1.269E+01
  1.9366250E+04 -2.944E+01 -2.796E+01 -1.181E+01
  1.9366750E+04 -3.222E+01 -3.121E+01 -1.561E+01
  1.9367250E+04 -2.968E+01 -2.891E+01 -1.493E+01
  1.9367750E+04 -2.823E+01 -2.717E+01 -1.274E+01
  1.9368250E+04 -2.752E+01 -2.652E+01 -1.291E+01
  1.9368750E+04 -3.113E+01 -3.043E+01 -1.610E+01
  1.9369250E+04 -3.075E+01 -2.994E+01 -1.548E+01
  1.9369750E+04 -3.121E+01 -3.059E+01 -1.653E+01
  1.9370250E+04 -2.955E+01 -2.871E+01 -1.464E+01
  1.9370750E+04 -2.733E+01 -2.722E+01 -1.651E+01
  1.9371250E+04 -3.267E+01 -3.114E+01 -1.337E+01
  1.9371750E+04 -2.759E+01 -2.751E+01 -1.665E+01
  1.9372250E+04 -2.532E+01 -2.468E+01 -1.306E+01
  1.9372750E+04 -3.198E+01 -3.051E+01 -1.325E+01
  1.9373250E+04 -2.881E+01 -2.814E+01 -1.472E+01
  1.9373750E+04 -2.906E+01 -2.743E+01 -1.083E+01
  1.9374250E+04 -3.007E+01 -2.929E+01 -1.535E+01
  1.9374750E+04 -2.896E+01 -2.721E+01 -1.031E+01
  1.9375250E+04 -2.823E+01 -2.727E+01 -1.320E+01
  1.9375750E+04 -2.796E+01 -2.758E+01 -1.568E+01
  1.9376250E+04 -2.786E+01 -2.665E+01 -1.183E+01
  1.9376750E+04 -2.491E+01 -2.442E+01 -1.319E+01
  1.9377250E+04 -2.969E+01 -2.845E+01 -1.284E+01
  1.9377750E+04 -2.625E+01 -2.520E+01 -1.163E+01
  1.9378250E+04 -2.834E+01 -2.738E+01 -1.334E+01
  1.9378750E+04 -2.908E+01 -2.832E+01 -1.488E+01
  1.9379250E+04 -2.665E+01 -2.603E+01 -1.375E+01
  1.9379750E+04 -2.680E+01 -2.621E+01 -1.410E+01
  1.9380250E+04 -2.799E+01 -2.717E+01 -1.349E+01
  1.9380750E+04 -2.558E+01 -2.470E+01 -1.203E+01
  1.9381250E+04 -2.457E+01 -2.416E+01 -1.349E+01
  1.9381750E+04 -2.578E+01 -2.526E+01 -1.366E+01
  1.9382250E+04 -2.806E+01 -2.755E+01 -1.517E+01
  1.9382750E+04 -2.799E+01 -2.704E+01 -1.277E+01
  1.9383250E+04 -2.665E+01 -2.519E+01 -9.805E+00
  1.9383750E+04 -2.652E+01 -2.499E+01 -9.715E+00
  1.9384250E+04 -2.300E+01 -2.285E+01 -1.365E+01
  1.9384750E+04 -2.357E+01 -2.374E+01 -1.532E+01
  1.9385250E+04 -2.508E+01 -2.441E+01 -1.272E+01
  1.9385750E+04 -2.545E+01 -2.411E+01 -9.936E+00
  1.9386250E+04 -2.484E+01 -2.376E+01 -1.065E+01
  1.9386750E+04 -2.772E+01 -2.760E+01 -1.655E+01
  1.9387250E+04 -2.492E+01 -2.477E+01 -1.470E+01
  1.9387750E+04 -2.306E+01 -2.275E+01 -1.294E+01
  1.9388250E+04 -2.875E+01 -2.779E+01 -1.338E+01
  1.9388750E+04 -2.654E+01 -2.545E+01 -1.142E+01
  1.9389250E+04 -2.419E+01 -2.355E+01 -1.193E+01
  1.9389750E+04 -2.741E+01 -2.634E+01 -1.219E+01
  1.9390250E+04 -2.698E+01 -2.579E+01 -1.150E+01
  1.9390750E+04 -2.304E+01 -2.320E+01 -1.491E+01
  1.9391250E+04 -2.463E+01 -2.274E+01 -6.635E+00
  1.9391750E+04 -2.382E+01 -2.325E+01 -1.225E+01
  1.9392250E+04 -2.500E+01 -2.472E+01 -1.427E+01
  1.9392750E+04 -2.598E+01 -2.469E+01 -1.027E+01
  1.9393250E+04 -2.447E+01 -2.315E+01 -9.365E+00
  1.9393750E+04 -2.323E+01 -2.298E+01 -1.307E+01
  1.9394250E+04 -2.339E+01 -2.266E+01 -1.120E+01
  1.9394750E+04 -2.388E+01 -2.377E+01 -1.434E+01
  1.9395250E+04 -2.190E+01 -2.145E+01 -1.142E+01
  1.9395750E+04 -2.248E+01 -2.207E+01 -1.216E+01
  1.9396250E+04 -2.383E+01 -2.367E+01 -1.401E+01
  1.9396750E+04 -2.408E+01 -2.358E+01 -1.276E+01
  1.9397250E+04 -2.541E+01 -2.485E+01 -1.340E+01
  1.9397750E+04 -2.296E+01 -2.229E+01 -1.099E+01
  1.9398250E+04 -2.261E+01 -2.215E+01 -1.196E+01
  1.9398750E+04 -2.412E+01 -2.281E+01 -9.053E+00
  1.9399250E+04 -2.253E+01 -2.267E+01 -1.447E+01
  1.9399750E+04 -2.435E+01 -2.339E+01 -1.086E+01
  1.9400250E+04 -2.328E+01 -2.250E+01 -1.108E+01
  1.9400750E+04 -2.281E+01 -2.222E+01 -1.129E+01
  1.9401250E+04 -2.196E+01 -2.179E+01 -1.297E+01
  1.9401750E+04 -2.341E+01 -2.301E+01 -1.261E+01
  1.9402250E+04 -2.102E+01 -2.081E+01 -1.235E+01
  1.9402750E+04 -2.402E+01 -2.307E+01 -1.047E+01
  1.9403250E+04 -2.164E+01 -2.079E+01 -9.463E+00
  1.9403750E+04 -2.160E+01 -2.093E+01 -1.063E+01
  1.9404250E+04 -2.354E+01 -2.262E+01 -1.052E+01
  1.9404750E+04 -2.298E+01 -2.199E+01 -9.699E+00
  1.9405250E+04 -2.094E+01 -2.016E+01 -9.502E+00
  1.9405750E+04 -2.138E+01 -2.092E+01 -1.119E+01
  1.9406250E+04 -2.310E+01 -2.197E+01 -9.097E+00
  1.9406750E+04 -2.136E+01 -2.105E+01 -1.179E+01
  1.9407250E+04 -2.076E+01 -2.050E+01 -1.182E+01
  1.9407750E+04 -1.888E+01 -1.819E+01 -8.631E+00
  1.9408250E+04 -2.075E+01 -2.008E+01 -9.819E+00
  1.9408750E+04 -2.207E+01 -2.151E+01 -1.124E+01
  1.9409250E+04 -2.178E+01 -2.095E+01 -9.673E+00
  1.9409750E+04 -2.096E+01 -2.012E+01 -9.067E+00
  1.9410250E+04 -2.148E+01 -2.089E+01 -1.073E+01
  1.9410750E+04 -2.089E+01 -2.038E+01 -1.063E+01
  1.9411250E+04 -2.033E+01 -1.987E+01 -1.055E+01
  1.9411750E+04 -1.919E+01 -1.891E+01 -1.073E+01
  1.9412250E+04 -2.206E+01 -2.151E+01 -1.142E+01
  1.9412750E+04 -2.028E+01 -1.963E+01 -9.647E+00
  1.9413250E+04 -2.205E+01 -2.204E+01 -1.324E+01
  1.9413750E+04 -2.176E+01 -2.105E+01 -1.008E+01
  1.9414250E+04 -2.112E+01 -2.023E+01 -9.262E+00
  1.9414750E+04 -1.766E+01 -1.746E+01 -1.014E+01
  1.9415250E+04 -1.836E+01 -1.779E+01 -8.844E+00
  1.9415750E+04 -2.102E+01 -2.029E+01 -9.617E+00
  1.9416250E+04 -2.148E+01 -2.116E+01 -1.174E+01
  1.9416750E+04 -2.126E+01 -2.044E+01 -9.663E+00
  1.9417250E+04 -1.949E+01 -1.896E+01 -9.611E+00
  1.9417750E+04 -1.978E+01 -1.950E+01 -1.065E+01
  1.9418250E+04 -2.071E+01 -2.005E+01 -9.821E+00
  1.9418750E+04 -1.771E+01 -1.778E+01 -1.123E+01
  1.9419250E+04 -2.095E+01 -1.991E+01 -8.453E+00
  1.9419750E+04 -1.924E+01 -1.869E+01 -9.243E+00
  1.9420250E+04 -2.012E+01 -1.920E+01 -8.189E+00
  1.9420750E+04 -2.038E+01 -1.932E+01 -7.913E+00
  1.9421250E+04 -1.801E+01 -1.782E+01 -1.043E+01
  1.9421750E+04 -2.146E+01 -2.030E+01 -8.066E+00
  1.9422250E+04 -1.900E+01 -1.849E+01 -9.378E+00
  1.9422750E+04 -1.950E+01 -1.876E+01 -8.812E+00
  1.9423250E+04 -2.011E+01 -1.900E+01 -7.552E+00
  1.9423750E+04 -1.912E+01 -1.828E+01 -8.192E+00
  1.9424250E+04 -1.787E+01 -1.747E+01 -9.322E+00
  1.9424750E+04 -1.685E+01 -1.662E+01 -9.437E+00
  1.9425250E+04 -1.756E+01 -1.775E+01 -1.150E+01
  1.9425750E+04 -1.968E+01 -1.885E+01 -8.154E+00
  1.9426250E+04 -1.883E+01 -1.874E+01 -1.091E+01
  1.9426750E+04 -2.154E+01 -2.099E+01 -1.048E+01
  1.9427250E+04 -1.956E+01 -1.904E+01 -9.912E+00
  1.9427750E+04 -1.842E+01 -1.766E+01 -7.698E+00
  1.9428250E+04 -1.855E+01 -1.806E+01 -9.076E+00
  1.9428750E+04 -1.781E+01 -1.751E+01 -9.461E+00
  1.9429250E+04 -2.061E+01 -1.950E+01 -8.005E+00
  1.9429750E+04 -2.009E+01 -1.871E+01 -7.575E+00
  1.9430250E+04 -1.842E+01 -1.817E+01 -1.039E+01
  1.9430750E+04 -1.715E+01 -1.717E+01 -1.062E+01
  1.9431250E+04 -1.771E+01 -1.698E+01 -7.047E+00
  1.9431750E+04 -2.010E+01 -1.884E+01 -7.651E+00
  1.9432250E+04 -1.781E+01 -1.716E+01 -8.649E+00
  1.9432750E+04 -1.773E+01 -1.748E+01 -9.596E+00
  1.9433250E+04 -1.759E+01 -1.721E+01 -9.113E+00
  1.9433750E+04 -1.709E+01 -1.711E+01 -1.055E+01
  1.9434250E+04 -1.680E+01 -1.728E+01 -1.207E+01
  1.9434750E+04 -1.782E+01 -1.731E+01 -8.675E+00
  1.9435250E+04 -1.756E+01 -1.719E+01 -9.228E+00
  1.9435750E+04 -1.752E+01 -1.660E+01 -6.564E+00
  1.9436250E+04 -1.734E+01 -1.696E+01 -8.834E+00
  1.9436750E+04 -1.685E+01 -1.647E+01 -8.747E+00
  1.9437250E+04 -1.651E+01 -1.659E+01 -1.070E+01
  1.9437750E+04 -1.788E+01 -1.731E+01 -8.336E+00
  1.9438250E+04 -1.736E+01 -1.669E+01 -7.931E+00
  1.9438750E+04 -1.713E+01 -1.712E+01 -1.044E+01
  1.9439250E+04 -1.621E+01 -1.534E+01 -6.272E+00
  1.9439750E+04 -1.592E+01 -1.586E+01 -9.410E+00
  1.9440250E+04 -1.690E+01 -1.601E+01 -6.431E+00
  1.9440750E+04 -1.559E+01 -1.487E+01 -6.389E+00
  1.9441250E+04 -1.522E+01 -1.483E+01 -7.793E+00
  1.9441750E+04 -1.970E+01 -1.841E+01 -6.312E+00
  1.9442250E+04 -1.554E+01 -1.515E+01 -7.670E+00
  1.9442750E+04 -1.718E+01 -1.680E+01 -9.038E+00
  1.9443250E+04 -1.669E+01 -1.692E+01 -1.134E+01
  1.9443750E+04 -1.702E+01 -1.698E+01 -1.044E+01
  1.9444250E+04 -1.587E+01 -1.609E+01 -1.060E+01
  1.9444750E+04 -1.775E+01 -1.695E+01 -7.019E+00
  1.9445250E+04 -1.640E+01 -1.591E+01 -8.099E+00
  1.9445750E+04 -1.591E+01 -1.567E+01 -8.828E+00
  1.9446250E+04 -1.724E+01 -1.662E+01 -7.862E+00
  1.9446750E+04 -1.731E+01 -1.640E+01 -6.566E+00
  1.9447250E+04 -1.617E+01 -1.556E+01 -7.477E+00
  1.9447750E+04 -1.655E+01 -1.595E+01 -7.634E+00
  1.9448250E+04 -1.596E+01 -1.588E+01 -9.209E+00
  1.9448750E+04 -1.662E+01 -1.588E+01 -7.023E+00
  1.9449250E+04 -1.589E+01 -1.519E+01 -6.773E+00
  1.9449750E+04 -1.555E+01 -1.539E+01 -8.880E+00
  1.9450250E+04 -1.572E+01 -1.539E+01 -8.296E+00
  1.9450750E+04 -1.608E+01 -1.550E+01 -7.229E+00
  1.9451250E+04 -1.531E+01 -1.466E+01 -6.406E+00
  1.9451750E+04 -1.499E+01 -1.473E+01 -8.060E+00
  1.9452250E+04 -1.508E+01 -1.496E+01 -8.715E+00
  1.9452750E+04 -1.717E+01 -1.687E+01 -9.113E+00
  1.9453250E+04 -1.333E+01 -1.378E+01 -1.016E+01
  1.9453750E+04 -1.453E+01 -1.428E+01 -7.673E+00
  1.9454250E+04 -1.491E+01 -1.460E+01 -8.150E+00
  1.9454750E+04 -1.412E+01 -1.384E+01 -7.390E+00
  1.9455250E+04 -1.538E+01 -1.498E+01 -7.647E+00
  1.9455750E+04 -1.625E+01 -1.548E+01 -6.565E+00
  1.9456250E+04 -1.529E+01 -1.441E+01 -5.541E+00
  1.9456750E+04 -1.588E+01 -1.555E+01 -8.477E+00
  1.9457250E+04 -1.621E+01 -1.588E+01 -8.408E+00
  1.9457750E+04 -1.399E+01 -1.312E+01 -4.605E+00
  1.9458250E+04 -1.502E+01 -1.446E+01 -6.599E+00
  1.9458750E+04 -1.575E+01 -1.519E+01 -7.347E+00
  1.9459250E+04 -1.364E+01 -1.376E+01 -9.205E+00
  1.9459750E+04 -1.500E+01 -1.460E+01 -7.435E+00
  1.9460250E+04 -1.392E+01 -1.354E+01 -6.889E+00
  1.9460750E+04 -1.481E+01 -1.438E+01 -7.061E+00
  1.9461250E+04 -1.525E+01 -1.484E+01 -7.599E+00
  1.9461750E+04 -1.568E+01 -1.511E+01 -7.070E+00
  1.9462250E+04 -1.544E+01 -1.493E+01 -7.496E+00
  1.9462750E+04 -1.572E+01 -1.537E+01 -8.017E+00
  1.9463250E+04 -1.526E+01 -1.474E+01 -7.167E+00
  1.9463750E+04 -1.493E+01 -1.449E+01 -7.039E+00
  1.9464250E+04 -1.462E+01 -1.391E+01 -5.908E+00
  1.9464750E+04 -1.374E+01 -1.318E+01 -5.923E+00
  1.9465250E+04 -1.313E+01 -1.292E+01 -7.182E+00
  1.9465750E+04 -1.411E+01 -1.368E+01 -6.692E+00
  1.9466250E+04 -1.480E+01 -1.443E+01 -7.404E+00
  1.9466750E+04 -1.276E+01 -1.312E+01 -9.562E+00
  1.9467250E+04 -1.433E+01 -1.408E+01 -7.540E+00
  1.9467750E+04 -1.463E+01 -1.405E+01 -6.149E+00
  1.9468250E+04 -1.354E+01 -1.322E+01 -6.865E+00
  1.9468750E+04 -1.345E+01 -1.338E+01 -7.765E+00
  1.9469250E+04 -1.443E+01 -1.376E+01 -5.983E+00
  1.9469750E+04 -1.339E+01 -1.281E+01 -5.908E+00
  1.9470250E+04 -1.378E+01 -1.350E+01 -7.357E+00
  1.9470750E+04 -1.262E+01 -1.233E+01 -6.492E+00
  1.9471250E+04 -1.462E+01 -1.400E+01 -6.236E+00
  1.9471750E+04 -1.323E+01 -1.316E+01 -7.660E+00
  1.9472250E+04 -1.314E+01 -1.287E+01 -6.883E+00
  1.9472750E+04 -1.342E+01 -1.252E+01 -4.098E+00
  1.9473250E+04 -1.437E+01 -1.383E+01 -6.258E+00
  1.9473750E+04 -1.327E+01 -1.342E+01 -9.015E+00
  1.9474250E+04 -1.243E+01 -1.246E+01 -7.704E+00
  1.9474750E+04 -1.364E+01 -1.343E+01 -7.208E+00
  1.9475250E+04 -1.313E+01 -1.259E+01 -5.777E+00
  1.9475750E+04 -1.334E+01 -1.278E+01 -5.483E+00
  1.9476250E+04 -1.250E+01 -1.259E+01 -8.210E+00
  1.9476750E+04 -1.121E+01 -1.091E+01 -5.663E+00
  1.9477250E+04 -1.448E+01 -1.382E+01 -6.047E+00
  1.9477750E+04 -1.400E+01 -1.339E+01 -6.104E+00
  1.9478250E+04 -1.270E+01 -1.239E+01 -6.582E+00
  1.9478750E+04 -1.233E+01 -1.233E+01 -7.349E+00
  1.9479250E+04 -1.305E+01 -1.260E+01 -6.028E+00
  1.9479750E+04 -1.395E+01 -1.350E+01 -6.770E+00
  1.9480250E+04 -1.286E+01 -1.273E+01 -7.503E+00
  1.9480750E+04 -1.168E+01 -1.162E+01 -6.801E+00
  1.9481250E+04 -1.272E+01 -1.250E+01 -6.915E+00
  1.9481750E+04 -1.241E+01 -1.175E+01 -4.820E+00
  1.9482250E+04 -1.320E+01 -1.259E+01 -5.153E+00
  1.9482750E+04 -1.226E+01 -1.192E+01 -6.259E+00
  1.9483250E+04 -1.330E+01 -1.289E+01 -6.377E+00
  1.9483750E+04 -1.264E+01 -1.193E+01 -4.158E+00
  1.9484250E+04 -1.137E+01 -1.130E+01 -7.160E+00
  1.9484750E+04 -1.227E+01 -1.215E+01 -6.945E+00
  1.9485250E+04 -1.250E+01 -1.197E+01 -5.473E+00
  1.9485750E+04 -1.129E+01 -1.085E+01 -5.173E+00
  1.9486250E+04 -1.248E+01 -1.248E+01 -7.732E+00
  1.9486750E+04 -1.021E+01 -1.041E+01 -7.323E+00
  1.9487250E+04 -1.263E+01 -1.223E+01 -5.919E+00
  1.9487750E+04 -1.379E+01 -1.346E+01 -7.035E+00
  1.9488250E+04 -1.253E+01 -1.240E+01 -7.078E+00
  1.9488750E+04 -1.062E+01 -1.069E+01 -7.211E+00
  1.9489250E+04 -1.199E+01 -1.184E+01 -6.374E+00
  1.9489750E+04 -1.365E+01 -1.298E+01 -5.190E+00
  1.9490250E+04 -1.172E+01 -1.102E+01 -4.223E+00
  1.9490750E+04 -1.246E+01 -1.170E+01 -4.318E+00
  1.9491250E+04 -1.222E+01 -1.181E+01 -5.791E+00
  1.9491750E+04 -1.230E+01 -1.178E+01 -5.237E+00
  1.9492250E+04 -1.242E+01 -1.244E+01 -7.989E+00
  1.9492750E+04 -1.200E+01 -1.172E+01 -6.250E+00
  1.9493250E+04 -1.177E+01 -1.164E+01 -6.729E+00
  1.9493750E+04 -1.174E+01 -1.155E+01 -6.538E+00
  1.9494250E+04 -1.130E+01 -1.094E+01 -5.336E+00
  1.9494750E+04 -1.266E+01 -1.235E+01 -6.245E+00
  1.9495250E+04 -1.063E+01 -1.090E+01 -7.840E+00
  1.9495750E+04 -1.267E+01 -1.239E+01 -6.372E+00
  1.9496250E+04 -1.029E+01 -1.052E+01 -6.941E+00
  1.9496750E+04 -1.143E+01 -1.083E+01 -4.229E+00
  1.9497250E+04 -1.219E+01 -1.184E+01 -5.870E+00
  1.9497750E+04 -1.131E+01 -1.134E+01 -7.172E+00
  1.9498250E+04 -1.173E+01 -1.109E+01 -4.397E+00
  1.9498750E+04 -1.074E+01 -1.062E+01 -6.050E+00
  1.9499250E+04 -1.273E+01 -1.242E+01 -6.127E+00
  1.9499750E+04 -1.135E+01 -1.104E+01 -5.708E+00
  1.9500250E+04 -1.019E+01 -9.868E+00 -4.764E+00
  1.9500750E+04 -1.080E+01 -1.065E+01 -5.931E+00
  1.9501250E+04 -1.245E+01 -1.217E+01 -6.695E+00
  1.9501750E+04 -1.065E+01 -1.054E+01 -6.043E+00
  1.9502250E+04 -9.655E+00 -9.702E+00 -6.212E+00
  1.9502750E+04 -1.166E+01 -1.140E+01 -6.015E+00
  1.9503250E+04 -1.195E+01 -1.181E+01 -6.747E+00
  1.9503750E+04 -1.043E+01 -1.035E+01 -6.232E+00
  1.9504250E+04 -1.045E+01 -1.019E+01 -5.210E+00
  1.9504750E+04 -1.159E+01 -1.127E+01 -5.483E+00
  1.9505250E+04 -1.181E+01 -1.122E+01 -4.567E+00
  1.9505750E+04 -1.018E+01 -1.005E+01 -5.846E+00
  1.9506250E+04 -9.708E+00 -9.716E+00 -6.339E+00
  1.9506750E+04 -1.231E+01 -1.183E+01 -5.409E+00
  1.9507250E+04 -1.171E+01 -1.118E+01 -4.477E+00
  1.9507750E+04 -1.088E+01 -1.045E+01 -4.525E+00
  1.9508250E+04 -1.111E+01 -1.073E+01 -5.193E+00
  1.9508750E+04 -9.823E+00 -9.272E+00 -3.907E+00
  1.9509250E+04 -1.226E+01 -1.180E+01 -5.383E+00
  1.9509750E+04 -1.143E+01 -1.124E+01 -5.927E+00
  1.9510250E+04 -8.508E+00 -8.953E+00 -7.149E+00
  1.9510750E+04 -9.488E+00 -8.987E+00 -3.535E+00
  1.9511250E+04 -1.037E+01 -1.022E+01 -5.723E+00
  1.9511750E+04 -1.047E+01 -1.045E+01 -6.267E+00
  1.9512250E+04 -9.639E+00 -9.431E+00 -4.942E+00
  1.9512750E+04 -1.018E+01 -9.671E+00 -3.948E+00
  1.9513250E+04 -1.000E+01 -9.858E+00 -5.438E+00
  1.9513750E+04 -1.061E+01 -1.046E+01 -5.975E+00
  1.9514250E+04 -1.012E+01 -9.843E+00 -5.038E+00
  1.9514750E+04 -1.103E+01 -1.061E+01 -4.986E+00
  1.9515250E+04 -1.062E+01 -1.059E+01 -6.585E+00
  1.9515750E+04 -9.858E+00 -9.524E+00 -4.588E+00
  1.9516250E+04 -1.036E+01 -1.005E+01 -5.160E+00
  1.9516750E+04 -1.039E+01 -9.854E+00 -4.484E+00
  1.9517250E+04 -9.657E+00 -9.411E+00 -4.745E+00
  1.9517750E+04 -1.109E+01 -1.072E+01 -5.325E+00
  1.9518250E+04 -9.575E+00 -9.764E+00 -6.632E+00
  1.9518750E+04 -1.040E+01 -9.961E+00 -4.303E+00
  1.9519250E+04 -1.051E+01 -1.013E+01 -4.657E+00
  1.9519750E+04 -9.606E+00 -9.378E+00 -4.695E+00
  1.9520250E+04 -9.477E+00 -9.523E+00 -6.127E+00
  1.9520750E+04 -9.778E+00 -9.577E+00 -5.073E+00
  1.9521250E+04 -9.960E+00 -9.515E+00 -3.882E+00
  1.9521750E+04 -9.672E+00 -9.610E+00 -5.676E+00
  1.9522250E+04 -1.043E+01 -1.017E+01 -4.944E+00
  1.9522750E+04 -9.485E+00 -9.448E+00 -5.903E+00
  1.9523250E+04 -1.091E+01 -1.048E+01 -4.789E+00
  1.9523750E+04 -1.031E+01 -1.029E+01 -6.118E+00
  1.9524250E+04 -9.094E+00 -8.892E+00 -4.673E+00
  1.9524750E+04 -9.792E+00 -9.514E+00 -4.825E+00
  1.9525250E+04 -9.856E+00 -9.709E+00 -5.287E+00
  1.9525750E+04 -1.014E+01 -9.947E+00 -5.322E+00
  1.9526250E+04 -9.738E+00 -9.381E+00 -4.357E+00
  1.9526750E+04 -9.214E+00 -9.394E+00 -6.471E+00
  1.9527250E+04 -1.012E+01 -9.345E+00 -3.098E+00
  1.9527750E+04 -9.923E+00 -9.312E+00 -3.285E+00
  1.9528250E+04 -9.224E+00 -9.212E+00 -5.625E+00
  1.9528750E+04 -9.565E+00 -9.437E+00 -5.112E+00
  1.9529250E+04 -8.253E+00 -8.465E+00 -5.909E+00
  1.9529750E+04 -9.805E+00 -9.437E+00 -4.382E+00
  1.9530250E+04 -9.632E+00 -9.242E+00 -4.288E+00
  1.9530750E+04 -9.094E+00 -8.859E+00 -4.678E+00
  1.9531250E+04 -1.011E+01 -9.566E+00 -3.598E+00
  1.9531750E+04 -9.411E+00 -9.212E+00 -4.723E+00
  1.9532250E+04 -8.946E+00 -8.815E+00 -4.674E+00
  1.9532750E+04 -1.034E+01 -1.000E+01 -4.914E+00
  1.9533250E+04 -9.988E+00 -9.534E+00 -4.006E+00
  1.9533750E+04 -8.474E+00 -8.383E+00 -4.826E+00
  1.9534250E+04 -7.351E+00 -7.400E+00 -4.968E+00
  1.9534750E+04 -7.626E+00 -7.716E+00 -4.899E+00
  1.9535250E+04 -8.713E+00 -8.511E+00 -4.699E+00
  1.9535750E+04 -9.584E+00 -9.472E+00 -5.730E+00
  1.9536250E+04 -8.785E+00 -8.641E+00 -4.542E+00
  1.9536750E+04 -9.772E+00 -9.515E+00 -4.723E+00
  1.9537250E+04 -9.033E+00 -8.302E+00 -1.933E+00
  1.9537750E+04 -9.543E+00 -9.080E+00 -4.157E+00
  1.9538250E+04 -8.658E+00 -8.588E+00 -5.220E+00
  1.9538750E+04 -8.947E+00 -8.998E+00 -5.769E+00
  1.9539250E+04 -9.165E+00 -9.010E+00 -4.501E+00
  1.9539750E+04 -9.707E+00 -9.622E+00 -5.783E+00
  1.9540250E+04 -8.579E+00 -8.303E+00 -4.304E+00
  1.9540750E+04 -7.984E+00 -7.736E+00 -3.379E+00
  1.9541250E+04 -8.586E+00 -8.698E+00 -5.801E+00
  1.9541750E+04 -8.556E+00 -8.388E+00 -4.708E+00
  1.9542250E+04 -8.186E+00 -8.083E+00 -4.442E+00
  1.9542750E+04 -8.944E+00 -8.830E+00 -4.922E+00
  1.9543250E+04 -7.782E+00 -7.699E+00 -4.425E+00
  1.9543750E+04 -8.241E+00 -7.981E+00 -4.105E+00
  1.9544250E+04 -8.979E+00 -8.672E+00 -4.132E+00
  1.9544750E+04 -9.574E+00 -8.971E+00 -3.380E+00
  1.9545250E+04 -9.662E+00 -9.493E+00 -5.349E+00
  1.9545750E+04 -7.851E+00 -7.984E+00 -5.547E+00
  1.9546250E+04 -7.951E+00 -7.868E+00 -4.355E+00
  1.9546750E+04 -8.640E+00 -8.404E+00 -4.059E+00
  1.9547250E+04 -1.007E+01 -9.709E+00 -4.405E+00
  1.9547750E+04 -9.733E+00 -9.739E+00 -5.797E+00
  1.9548250E+04 -7.403E+00 -7.506E+00 -5.353E+00
  1.9548750E+04 -7.157E+00 -7.006E+00 -3.648E+00
  1.9549250E+04 -8.553E+00 -8.401E+00 -4.625E+00
  1.9549750E+04 -8.166E+00 -7.814E+00 -3.195E+00
  1.9550250E+04 -8.034E+00 -7.838E+00 -3.929E+00
  1.9550750E+04 -7.456E+00 -7.712E+00 -5.739E+00
  1.9551250E+04 -9.192E+00 -8.875E+00 -4.277E+00
  1.9551750E+04 -8.476E+00 -8.461E+00 -5.155E+00
  1.9552250E+04 -8.051E+00 -8.034E+00 -5.019E+00
  1.9552750E+04 -8.065E+00 -8.287E+00 -5.801E+00
  1.9553250E+04 -7.965E+00 -7.763E+00 -4.168E+00
  1.9553750E+04 -8.520E+00 -7.943E+00 -2.686E+00
  1.9554250E+04 -8.096E+00 -7.961E+00 -4.246E+00
  1.9554750E+04 -7.327E+00 -7.637E+00 -6.078E+00
  1.9555250E+04 -7.383E+00 -7.344E+00 -4.223E+00
  1.9555750E+04 -8.560E+00 -7.997E+00 -2.668E+00
  1.9556250E+04 -7.752E+00 -7.497E+00 -3.862E+00
  1.9556750E+04 -8.947E+00 -8.600E+00 -3.932E+00
  1.9557250E+04 -8.062E+00 -7.862E+00 -4.132E+00
  1.9557750E+04 -7.339E+00 -7.135E+00 -3.474E+00
  1.9558250E+04 -8.186E+00 -8.213E+00 -4.967E+00
  1.9558750E+04 -7.827E+00 -7.694E+00 -4.019E+00
  1.9559250E+04 -7.490E+00 -7.380E+00 -3.974E+00
  1.9559750E+04 -6.986E+00 -7.091E+00 -4.783E+00
  1.9560250E+04 -8.115E+00 -7.928E+00 -4.209E+00
  1.9560750E+04 -7.525E+00 -7.274E+00 -3.486E+00
  1.9561250E+04 -8.786E+00 -7.934E+00 -1.638E+00
  1.9561750E+04 -8.003E+00 -7.999E+00 -5.354E+00
  1.9562250E+04 -6.981E+00 -6.933E+00 -4.010E+00
  1.9562750E+04 -7.759E+00 -7.527E+00 -3.822E+00
  1.9563250E+04 -7.717E+00 -7.600E+00 -3.754E+00
  1.9563750E+04 -6.855E+00 -6.817E+00 -3.766E+00
  1.9564250E+04 -6.324E+00 -6.349E+00 -4.164E+00
  1.9564750E+04 -8.137E+00 -8.133E+00 -4.840E+00
  1.9565250E+04 -8.121E+00 -8.035E+00 -4.604E+00
  1.9565750E+04 -8.225E+00 -8.215E+00 -4.967E+00
  1.9566250E+04 -8.001E+00 -7.756E+00 -3.769E+00
  1.9566750E+04 -7.487E+00 -7.358E+00 -4.279E+00
  1.9567250E+04 -7.694E+00 -7.434E+00 -3.223E+00
  1.9567750E+04 -8.184E+00 -7.960E+00 -4.012E+00
  1.9568250E+04 -7.010E+00 -6.998E+00 -4.101E+00
  1.9568750E+04 -7.699E+00 -7.337E+00 -3.686E+00
  1.9569250E+04 -7.796E+00 -7.503E+00 -3.421E+00
  1.9569750E+04 -7.400E+00 -7.297E+00 -4.026E+00
  1.9570250E+04 -7.296E+00 -7.155E+00 -3.970E+00
  1.9570750E+04 -7.848E+00 -7.979E+00 -5.492E+00
  1.9571250E+04 -6.650E+00 -6.711E+00 -4.911E+00
  1.9571750E+04 -7.423E+00 -7.206E+00 -3.461E+00
  1.9572250E+04 -8.065E+00 -7.655E+00 -3.201E+00
  1.9572750E+04 -7.510E+00 -7.012E+00 -2.473E+00
  1.9573250E+04 -7.121E+00 -6.746E+00 -2.543E+00
  1.9573750E+04 -7.040E+00 -6.757E+00 -3.176E+00
  1.9574250E+04 -7.734E+00 -7.573E+00 -3.886E+00
  1.9574750E+04 -6.931E+00 -7.336E+00 -5.924E+00
  1.9575250E+04 -6.854E+00 -6.702E+00 -3.398E+00
  1.9575750E+04 -7.480E+00 -7.179E+00 -3.332E+00
  1.9576250E+04 -7.187E+00 -7.030E+00 -4.022E+00
  1.9576750E+04 -7.836E+00 -7.638E+00 -3.961E+00
  1.9577250E+04 -7.714E+00 -7.526E+00 -3.030E+00
  1.9577750E+04 -7.514E+00 -7.375E+00 -3.535E+00
  1.9578250E+04 -7.225E+00 -7.189E+00 -4.520E+00
  1.9578750E+04 -7.638E+00 -7.149E+00 -2.460E+00
  1.9579250E+04 -6.182E+00 -6.110E+00 -3.409E+00
  1.9579750E+04 -6.913E+00 -6.826E+00 -4.705E+00
  1.9580250E+04 -6.428E+00 -6.503E+00 -4.773E+00
  1.9580750E+04 -6.008E+00 -6.221E+00 -4.404E+00
  1.9581250E+04 -6.100E+00 -6.014E+00 -2.935E+00
  1.9581750E+04 -6.847E+00 -6.719E+00 -2.839E+00
  1.9582250E+04 -6.937E+00 -6.874E+00 -4.179E+00
  1.9582750E+04 -7.614E+00 -7.013E+00 -2.545E+00
  1.9583250E+04 -6.694E+00 -6.554E+00 -3.876E+00
  1.9583750E+04 -6.881E+00 -6.940E+00 -4.584E+00
  1.9584250E+04 -6.192E+00 -6.153E+00 -3.466E+00
  1.9584750E+04 -7.309E+00 -7.075E+00 -3.119E+00
  1.9585250E+04 -6.093E+00 -5.996E+00 -3.928E+00
  1.9585750E+04 -6.693E+00 -6.789E+00 -4.193E+00
  1.9586250E+04 -6.142E+00 -6.238E+00 -4.454E+00
  1.9586750E+04 -7.299E+00 -6.898E+00 -3.060E+00
  1.9587250E+04 -7.099E+00 -6.868E+00 -3.324E+00
  1.9587750E+04 -6.585E+00 -6.274E+00 -2.373E+00
  1.9588250E+04 -6.657E+00 -6.548E+00 -3.399E+00
  1.9588750E+04 -7.781E+00 -7.559E+00 -4.366E+00
  1.9589250E+04 -6.717E+00 -6.764E+00 -4.282E+00
  1.9589750E+04 -6.386E+00 -6.420E+00 -3.791E+00
  1.9590250E+04 -6.211E+00 -6.038E+00 -3.364E+00
  1.9590750E+04 -6.791E+00 -6.779E+00 -3.628E+00
  1.9591250E+04 -6.561E+00 -6.363E+00 -2.984E+00
  1.9591750E+04 -6.431E+00 -6.259E+00 -3.178E+00
  1.9592250E+04 -7.025E+00 -6.812E+00 -3.744E+00
  1.9592750E+04 -6.660E+00 -6.272E+00 -3.072E+00
  1.9593250E+04 -5.999E+00 -5.978E+00 -3.779E+00
  1.9593750E+04 -7.365E+00 -7.219E+00 -3.859E+00
  1.9594250E+04 -6.612E+00 -6.372E+00 -2.779E+00
  1.9594750E+04 -6.258E+00 -6.022E+00 -2.317E+00
  1.9595250E+04 -7.561E+00 -7.211E+00 -3.176E+00
  1.9595750E+04 -7.250E+00 -7.095E+00 -4.194E+00
  1.9596250E+04 -6.315E+00 -6.333E+00 -4.034E+00
  1.9596750E+04 -7.335E+00 -7.000E+00 -2.660E+00
  1.9597250E+04 -5.956E+00 -5.952E+00 -3.826E+00
  1.9597750E+04 -5.722E+00 -5.831E+00 -3.507E+00
  1.9598250E+04 -6.344E+00 -6.149E+00 -2.839E+00
  1.9598750E+04 -6.584E+00 -6.252E+00 -2.578E+00
  1.9599250E+04 -6.236E+00 -6.270E+00 -4.018E+00
  1.9599750E+04 -6.553E+00 -6.267E+00 -2.593E+00
  1.9600250E+04 -6.124E+00 -5.792E+00 -2.421E+00
  1.9600750E+04 -6.214E+00 -6.330E+00 -4.394E+00
  1.9601250E+04 -5.426E+00 -5.448E+00 -3.797E+00
  1.9601750E+04 -5.813E+00 -5.641E+00 -2.983E+00
  1.9602250E+04 -6.703E+00 -6.443E+00 -2.735E+00
  1.9602750E+04 -5.669E+00 -5.368E+00 -1.841E+00
  1.9603250E+04 -6.308E+00 -6.081E+00 -2.852E+00
  1.9603750E+04 -5.814E+00 -5.920E+00 -4.177E+00
  1.9604250E+04 -6.790E+00 -6.393E+00 -1.755E+00
  1.9604750E+04 -6.993E+00 -6.820E+00 -3.583E+00
  1.9605250E+04 -6.448E+00 -6.147E+00 -3.159E+00
  1.9605750E+04 -6.375E+00 -6.292E+00 -3.990E+00
  1.9606250E+04 -6.448E+00 -6.458E+00 -3.573E+00
  1.9606750E+04 -6.680E+00 -6.566E+00 -3.581E+00
  1.9607250E+04 -6.338E+00 -6.174E+00 -2.778E+00
  1.9607750E+04 -5.974E+00 -5.622E+00 -2.562E+00
  1.9608250E+04 -6.048E+00 -6.003E+00 -3.806E+00
  1.9608750E+04 -5.494E+00 -5.282E+00 -2.145E+00
  1.9609250E+04 -6.228E+00 -6.040E+00 -3.039E+00
  1.9609750E+04 -6.161E+00 -6.231E+00 -4.480E+00
  1.9610250E+04 -5.519E+00 -5.744E+00 -3.981E+00
  1.9610750E+04 -6.526E+00 -6.334E+00 -2.677E+00
  1.9611250E+04 -5.806E+00 -5.800E+00 -3.555E+00
  1.9611750E+04 -6.318E+00 -6.183E+00 -3.454E+00
  1.9612250E+04 -6.856E+00 -6.665E+00 -3.410E+00
  1.9612750E+04 -4.971E+00 -4.840E+00 -2.305E+00
  1.9613250E+04 -5.454E+00 -5.429E+00 -3.481E+00
  1.9613750E+04 -5.915E+00 -5.794E+00 -3.234E+00
  1.9614250E+04 -4.815E+00 -4.852E+00 -2.588E+00
  1.9614750E+04 -6.059E+00 -5.751E+00 -2.561E+00
  1.9615250E+04 -6.098E+00 -5.992E+00 -3.260E+00
  1.9615750E+04 -6.281E+00 -6.295E+00 -3.918E+00
  1.9616250E+04 -5.610E+00 -5.302E+00 -2.044E+00
  1.9616750E+04 -5.996E+00 -5.761E+00 -2.166E+00
  1.9617250E+04 -5.336E+00 -5.287E+00 -3.026E+00
  1.9617750E+04 -5.338E+00 -5.165E+00 -2.832E+00
  1.9618250E+04 -5.922E+00 -5.910E+00 -3.628E+00
  1.9618750E+04 -6.160E+00 -5.898E+00 -2.622E+00
  1.9619250E+04 -5.993E+00 -5.754E+00 -2.536E+00
  1.9619750E+04 -6.173E+00 -6.035E+00 -3.068E+00
  1.9620250E+04 -5.945E+00 -5.758E+00 -2.877E+00
  1.9620750E+04 -5.734E+00 -5.609E+00 -2.556E+00
  1.9621250E+04 -5.652E+00 -5.724E+00 -4.234E+00
  1.9621750E+04 -5.181E+00 -5.111E+00 -3.284E+00
  1.9622250E+04 -5.142E+00 -4.858E+00 -1.528E+00
  1.9622750E+04 -4.968E+00 -4.910E+00 -2.991E+00
  1.9623250E+04 -4.932E+00 -4.627E+00 -2.355E+00
  1.9623750E+04 -5.456E+00 -5.203E+00 -3.026E+00
  1.9624250E+04 -5.402E+00 -6.071E+00 -4.402E+00
  1.9624750E+04 -6.368E+00 -6.340E+00 -3.493E+00
  1.9625250E+04 -5.732E+00 -5.208E+00 -2.300E+00
  1.9625750E+04 -5.864E+00 -5.770E+00 -2.370E+00
  1.9626250E+04 -6.255E+00 -6.137E+00 -3.115E+00
  1.9626750E+04 -5.542E+00 -5.260E+00 -2.006E+00
  1.9627250E+04 -5.491E+00 -5.388E+00 -2.436E+00
  1.9627750E+04 -4.506E+00 -4.707E+00 -3.480E+00
  1.9628250E+04 -5.734E+00 -5.386E+00 -2.144E+00
  1.9628750E+04 -5.200E+00 -5.004E+00 -2.865E+00
  1.9629250E+04 -4.862E+00 -4.869E+00 -2.831E+00
  1.9629750E+04 -6.038E+00 -5.934E+00 -3.177E+00
  1.9630250E+04 -5.536E+00 -5.506E+00 -3.104E+00
  1.9630750E+04 -5.141E+00 -5.134E+00 -2.912E+00
  1.9631250E+04 -5.739E+00 -5.395E+00 -1.980E+00
  1.9631750E+04 -4.969E+00 -4.958E+00 -3.015E+00
  1.9632250E+04 -4.820E+00 -4.745E+00 -2.900E+00
  1.9632750E+04 -4.831E+00 -4.930E+00 -3.143E+00
  1.9633250E+04 -5.826E+00 -5.777E+00 -3.721E+00
  1.9633750E+04 -5.496E+00 -5.269E+00 -2.695E+00
  1.9634250E+04 -5.333E+00 -5.215E+00 -2.457E+00
  1.9634750E+04 -5.305E+00 -5.374E+00 -3.167E+00
  1.9635250E+04 -5.274E+00 -5.148E+00 -2.457E+00
  1.9635750E+04 -5.721E+00 -5.561E+00 -2.439E+00
  1.9636250E+04 -4.458E+00 -4.302E+00 -2.546E+00
  1.9636750E+04 -4.983E+00 -4.761E+00 -2.146E+00
  1.9637250E+04 -4.786E+00 -4.793E+00 -2.964E+00
  1.9637750E+04 -5.143E+00 -5.157E+00 -2.691E+00
  1.9638250E+04 -5.607E+00 -5.591E+00 -3.399E+00
  1.9638750E+04 -5.852E+00 -5.374E+00 -1.487E+00
  1.9639250E+04 -4.818E+00 -4.938E+00 -3.432E+00
  1.9639750E+04 -5.246E+00 -5.058E+00 -2.556E+00
  1.9640250E+04 -5.227E+00 -4.785E+00 -5.808E-01
  1.9640750E+04 -5.716E+00 -5.380E+00 -1.824E+00
  1.9641250E+04 -5.499E+00 -5.186E+00 -1.815E+00
  1.9641750E+04 -5.061E+00 -4.730E+00 -1.536E+00
  1.9642250E+04 -5.195E+00 -5.233E+00 -3.789E+00
  1.9642750E+04 -4.943E+00 -4.910E+00 -3.091E+00
  1.9643250E+04 -4.690E+00 -4.729E+00 -3.062E+00
  1.9643750E+04 -4.825E+00 -4.657E+00 -2.417E+00
  1.9644250E+04 -4.468E+00 -4.359E+00 -2.198E+00
  1.9644750E+04 -4.004E+00 -4.251E+00 -3.407E+00
  1.9645250E+04 -4.996E+00 -4.976E+00 -3.305E+00
  1.9645750E+04 -6.247E+00 -5.939E+00 -2.378E+00
  1.9646250E+04 -5.139E+00 -5.043E+00 -2.670E+00
  1.9646750E+04 -5.192E+00 -4.994E+00 -1.992E+00
  1.9647250E+04 -4.584E+00 -4.432E+00 -2.088E+00
  1.9647750E+04 -4.325E+00 -4.237E+00 -1.873E+00
  1.9648250E+04 -5.070E+00 -5.058E+00 -3.112E+00
  1.9648750E+04 -5.165E+00 -5.021E+00 -2.710E+00
  1.9649250E+04 -4.530E+00 -4.459E+00 -2.248E+00
  1.9649750E+04 -5.208E+00 -5.137E+00 -3.076E+00
  1.9650250E+04 -4.964E+00 -4.806E+00 -2.570E+00
  1.9650750E+04 -5.266E+00 -4.809E+00 -1.453E+00
  1.9651250E+04 -5.139E+00 -5.153E+00 -2.917E+00
  1.9651750E+04 -5.302E+00 -5.345E+00 -3.130E+00
  1.9652250E+04 -5.085E+00 -5.139E+00 -3.188E+00
  1.9652750E+04 -4.722E+00 -4.804E+00 -3.434E+00
  1.9653250E+04 -5.441E+00 -5.296E+00 -2.388E+00
  1.9653750E+04 -3.810E+00 -4.012E+00 -3.223E+00
  1.9654250E+04 -4.788E+00 -4.480E+00 -1.549E+00
  1.9654750E+04 -4.669E+00 -4.646E+00 -2.595E+00
  1.9655250E+04 -4.673E+00 -4.783E+00 -3.144E+00
  1.9655750E+04 -4.411E+00 -4.221E+00 -2.322E+00
  1.9656250E+04 -4.341E+00 -4.223E+00 -2.147E+00
  1.9656750E+04 -4.205E+00 -4.044E+00 -2.148E+00
  1.9657250E+04 -5.564E+00 -5.617E+00 -3.499E+00
  1.9657750E+04 -5.002E+00 -4.889E+00 -2.302E+00
  1.9658250E+04 -4.081E+00 -3.991E+00 -1.874E+00
  1.9658750E+04 -4.297E+00 -4.333E+00 -2.686E+00
  1.9659250E+04 -3.951E+00 -3.926E+00 -2.507E+00
  1.9659750E+04 -4.673E+00 -4.452E+00 -2.198E+00
  1.9660250E+04 -5.001E+00 -4.652E+00 -1.699E+00
  1.9660750E+04 -4.332E+00 -4.566E+00 -3.504E+00
  1.9661250E+04 -4.482E+00 -4.184E+00 -1.465E+00
  1.9661750E+04 -4.643E+00 -4.553E+00 -2.513E+00
  1.9662250E+04 -4.986E+00 -4.801E+00 -2.351E+00
  1.9662750E+04 -4.706E+00 -4.511E+00 -2.010E+00
  1.9663250E+04 -4.784E+00 -4.627E+00 -1.861E+00
  1.9663750E+04 -4.739E+00 -4.758E+00 -2.884E+00
  1.9664250E+04 -5.037E+00 -4.866E+00 -2.173E+00
  1.9664750E+04 -4.860E+00 -4.829E+00 -2.681E+00
  1.9665250E+04 -3.961E+00 -4.085E+00 -2.893E+00
  1.9665750E+04 -4.107E+00 -3.960E+00 -1.879E+00
  1.9666250E+04 -4.697E+00 -4.513E+00 -2.283E+00
  1.9666750E+04 -4.792E+00 -4.811E+00 -2.732E+00
  1.9667250E+04 -4.672E+00 -4.603E+00 -2.196E+00
  1.9667750E+04 -4.668E+00 -4.635E+00 -2.682E+00
  1.9668250E+04 -5.089E+00 -5.067E+00 -2.950E+00
  1.9668750E+04 -4.479E+00 -4.464E+00 -2.770E+00
  1.9669250E+04 -3.799E+00 -3.679E+00 -2.422E+00
  1.9669750E+04 -4.445E+00 -4.239E+00 -1.868E+00
  1.9670250E+04 -3.907E+00 -3.667E+00 -1.300E+00
  1.9670750E+04 -4.168E+00 -4.175E+00 -2.934E+00
  1.9671250E+04 -5.414E+00 -5.085E+00 -1.923E+00
  1.9671750E+04 -4.446E+00 -4.094E+00 -8.083E-01
  1.9672250E+04 -4.596E+00 -4.398E+00 -2.910E+00
  1.9672750E+04 -4.368E+00 -4.534E+00 -3.040E+00
  1.9673250E+04 -2.940E+00 -3.259E+00 -2.776E+00
  1.9673750E+04 -3.981E+00 -4.181E+00 -3.434E+00
  1.9674250E+04 -4.543E+00 -4.449E+00 -1.998E+00
  1.9674750E+04 -4.649E+00 -4.592E+00 -2.449E+00
  1.9675250E+04 -3.758E+00 -3.850E+00 -2.508E+00
  1.9675750E+04 -4.162E+00 -4.063E+00 -1.906E+00
  1.9676250E+04 -3.808E+00 -3.494E+00 -6.732E-01
  1.9676750E+04 -4.266E+00 -4.191E+00 -1.883E+00
  1.9677250E+04 -4.059E+00 -4.049E+00 -3.194E+00
  1.9677750E+04 -3.934E+00 -4.000E+00 -2.895E+00
  1.9678250E+04 -3.069E+00 -3.307E+00 -2.988E+00
  1.9678750E+04 -4.129E+00 -4.029E+00 -2.498E+00
  1.9679250E+04 -4.822E+00 -4.731E+00 -2.504E+00
  1.9679750E+04 -3.853E+00 -3.780E+00 -1.879E+00
  1.9680250E+04 -4.777E+00 -4.624E+00 -2.344E+00
  1.9680750E+04 -3.716E+00 -3.723E+00 -2.075E+00
  1.9681250E+04 -4.121E+00 -3.971E+00 -1.581E+00
  1.9681750E+04 -3.900E+00 -3.953E+00 -2.602E+00
  1.9682250E+04 -3.842E+00 -3.818E+00 -2.724E+00
  1.9682750E+04 -4.642E+00 -4.500E+00 -1.687E+00
  1.9683250E+04 -3.544E+00 -3.575E+00 -2.353E+00
  1.9683750E+04 -3.700E+00 -3.524E+00 -1.571E+00
  1.9684250E+04 -4.917E+00 -4.432E+00 -1.021E+00
  1.9684750E+04 -4.330E+00 -4.185E+00 -2.050E+00
  1.9685250E+04 -3.901E+00 -3.848E+00 -1.935E+00
  1.9685750E+04 -4.235E+00 -4.064E+00 -1.730E+00
  1.9686250E+04 -3.961E+00 -3.846E+00 -1.416E+00
  1.9686750E+04 -4.124E+00 -4.030E+00 -1.997E+00
  1.9687250E+04 -4.006E+00 -4.001E+00 -2.453E+00
  1.9687750E+04 -3.619E+00 -3.768E+00 -3.073E+00
  1.9688250E+04 -4.110E+00 -4.171E+00 -2.914E+00
  1.9688750E+04 -4.077E+00 -3.827E+00 -1.339E+00
  1.9689250E+04 -4.494E+00 -4.336E+00 -2.331E+00
  1.9689750E+04 -3.796E+00 -3.810E+00 -2.390E+00
  1.9690250E+04 -4.060E+00 -3.959E+00 -1.825E+00
  1.9690750E+04 -4.045E+00 -3.795E+00 -1.631E+00
  1.9691250E+04 -4.014E+00 -3.932E+00 -2.274E+00
  1.9691750E+04 -4.440E+00 -4.236E+00 -1.727E+00
  1.9692250E+04 -3.718E+00 -3.463E+00 -1.059E+00
  1.9692750E+04 -3.554E+00 -3.687E+00 -2.780E+00
  1.9693250E+04 -3.964E+00 -3.960E+00 -2.409E+00
  1.9693750E+04 -4.287E+00 -4.228E+00 -2.301E+00
  1.9694250E+04 -4.088E+00 -4.025E+00 -2.221E+00
  1.9694750E+04 -4.203E+00 -4.105E+00 -2.168E+00
  1.9695250E+04 -4.111E+00 -3.928E+00 -1.748E+00
  1.9695750E+04 -4.484E+00 -4.442E+00 -2.559E+00
  1.9696250E+04 -3.849E+00 -3.798E+00 -2.050E+00
  1.9696750E+04 -3.377E+00 -3.202E+00 -1.517E+00
  1.9697250E+04 -3.779E+00 -3.676E+00 -2.137E+00
  1.9697750E+04 -3.679E+00 -3.842E+00 -2.833E+00
  1.9698250E+04 -3.812E+00 -3.749E+00 -1.936E+00
  1.9698750E+04 -4.091E+00 -3.869E+00 -1.582E+00
  1.9699250E+04 -4.070E+00 -4.076E+00 -2.672E+00
  1.9699750E+04 -3.456E+00 -3.353E+00 -1.287E+00
  1.9700250E+04 -4.389E+00 -3.951E+00 -5.837E-01
  1.9700750E+04 -3.998E+00 -3.872E+00 -1.790E+00
  1.9701250E+04 -3.883E+00 -3.852E+00 -2.308E+00
  1.9701750E+04 -3.431E+00 -3.468E+00 -2.463E+00
  1.9702250E+04 -4.048E+00 -4.107E+00 -2.864E+00
  1.9702750E+04 -3.115E+00 -3.195E+00 -2.187E+00
  1.9703250E+04 -2.984E+00 -3.242E+00 -2.824E+00
  1.9703750E+04 -3.873E+00 -3.911E+00 -2.592E+00
  1.9704250E+04 -4.350E+00 -4.270E+00 -2.013E+00
  1.9704750E+04 -3.851E+00 -3.925E+00 -2.764E+00
  1.9705250E+04 -3.520E+00 -3.432E+00 -1.973E+00
  1.9705750E+04 -4.208E+00 -3.862E+00 -8.647E-01
  1.9706250E+04 -4.192E+00 -4.050E+00 -1.620E+00
  1.9706750E+04 -3.187E+00 -3.012E+00 -1.023E+00
  1.9707250E+04 -3.293E+00 -3.313E+00 -2.054E+00
  1.9707750E+04 -3.471E+00 -3.552E+00 -2.241E+00
  1.9708250E+04 -4.148E+00 -4.056E+00 -2.068E+00
  1.9708750E+04 -4.145E+00 -3.864E+00 -1.345E+00
  1.9709250E+04 -4.084E+00 -3.701E+00 -9.413E-01
  1.9709750E+04 -3.554E+00 -3.531E+00 -1.841E+00
  1.9710250E+04 -3.389E+00 -3.486E+00 -1.867E+00
  1.9710750E+04 -3.391E+00 -3.418E+00 -1.701E+00
  1.9711250E+04 -4.112E+00 -4.034E+00 -2.688E+00
  1.9711750E+04 -4.115E+00 -4.139E+00 -2.024E+00
  1.9712250E+04 -3.073E+00 -3.170E+00 -2.155E+00
  1.9712750E+04 -4.160E+00 -4.169E+00 -1.706E+00
  1.9713250E+04 -3.752E+00 -3.334E+00 -9.384E-01
  1.9713750E+04 -2.762E+00 -2.758E+00 -2.064E+00
  1.9714250E+04 -3.065E+00 -3.247E+00 -2.705E+00
  1.9714750E+04 -3.216E+00 -3.265E+00 -2.211E+00
  1.9715250E+04 -3.687E+00 -3.205E+00 -1.301E+00
  1.9715750E+04 -2.985E+00 -2.734E+00 -1.622E+00
  1.9716250E+04 -3.509E+00 -3.702E+00 -2.105E+00
  1.9716750E+04 -3.453E+00 -3.457E+00 -2.057E+00
  1.9717250E+04 -3.792E+00 -3.572E+00 -1.399E+00
  1.9717750E+04 -2.956E+00 -2.956E+00 -1.580E+00
  1.9718250E+04 -3.215E+00 -3.150E+00 -1.639E+00
  1.9718750E+04 -4.252E+00 -4.238E+00 -2.709E+00
  1.9719250E+04 -3.480E+00 -3.510E+00 -1.938E+00
  1.9719750E+04 -3.334E+00 -3.344E+00 -1.692E+00
  1.9720250E+04 -3.609E+00 -3.487E+00 -1.522E+00
  1.9720750E+04 -4.114E+00 -3.867E+00 -1.961E+00
  1.9721250E+04 -3.726E+00 -3.266E+00 -1.040E+00
  1.9721750E+04 -3.393E+00 -3.237E+00 -1.416E+00
  1.9722250E+04 -2.346E+00 -2.441E+00 -1.818E+00
  1.9722750E+04 -3.457E+00 -3.337E+00 -1.333E+00
  1.9723250E+04 -3.605E+00 -3.479E+00 -1.539E+00
  1.9723750E+04 -3.594E+00 -3.335E+00 -1.192E+00
  1.9724250E+04 -3.328E+00 -3.466E+00 -2.498E+00
  1.9724750E+04 -3.351E+00 -3.373E+00 -2.269E+00
  1.9725250E+04 -2.601E+00 -2.710E+00 -2.722E+00
  1.9725750E+04 -2.942E+00 -3.062E+00 -2.326E+00
  1.9726250E+04 -3.904E+00 -3.775E+00 -1.678E+00
  1.9726750E+04 -3.339E+00 -3.163E+00 -1.086E+00
  1.9727250E+04 -4.019E+00 -3.736E+00 -1.296E+00
  1.9727750E+04 -3.427E+00 -3.430E+00 -2.163E+00
  1.9728250E+04 -2.679E+00 -2.574E+00 -1.003E+00
  1.9728750E+04 -2.758E+00 -2.723E+00 -2.000E+00
  1.9729250E+04 -3.040E+00 -2.820E+00 -2.748E+00
  1.9729750E+04 -3.276E+00 -3.201E+00 -1.466E+00
  1.9730250E+04 -3.588E+00 -3.542E+00 -1.265E+00
  1.9730750E+04 -2.808E+00 -2.912E+00 -1.823E+00
  1.9731250E+04 -2.816E+00 -2.796E+00 -9.476E-01
  1.9731750E+04 -3.223E+00 -3.137E+00 -1.518E+00
  1.9732250E+04 -3.038E+00 -3.082E+00 -1.927E+00
  1.9732750E+04 -3.585E+00 -3.279E+00 -9.952E-01
  1.9733250E+04 -3.007E+00 -3.141E+00 -2.642E+00
  1.9733750E+04 -3.392E+00 -3.464E+00 -2.215E+00
  1.9734250E+04 -3.319E+00 -3.091E+00 -1.167E+00
  1.9734750E+04 -4.426E+00 -4.122E+00 -1.308E+00
  1.9735250E+04 -4.209E+00 -3.887E+00 -1.450E+00
  1.9735750E+04 -3.367E+00 -3.183E+00 -5.972E-01
  1.9736250E+04 -2.479E+00 -2.502E+00 -1.298E+00
  1.9736750E+04 -3.462E+00 -3.546E+00 -2.461E+00
  1.9737250E+04 -3.378E+00 -3.575E+00 -2.845E+00
  1.9737750E+04 -3.728E+00 -3.629E+00 -1.485E+00
  1.9738250E+04 -3.055E+00 -3.064E+00 -1.701E+00
  1.9738750E+04 -3.216E+00 -3.244E+00 -1.994E+00
  1.9739250E+04 -3.806E+00 -3.620E+00 -1.651E+00
  1.9739750E+04 -3.827E+00 -3.834E+00 -2.558E+00
  1.9740250E+04 -2.933E+00 -2.854E+00 -1.815E+00
  1.9740750E+04 -3.304E+00 -3.026E+00 -7.185E-01
  1.9741250E+04 -3.791E+00 -3.693E+00 -1.949E+00
  1.9741750E+04 -2.653E+00 -2.571E+00 -1.388E+00
  1.9742250E+04 -2.648E+00 -2.616E+00 -7.395E-01
  1.9742750E+04 -2.906E+00 -2.956E+00 -1.511E+00
  1.9743250E+04 -2.941E+00 -2.832E+00 -1.603E+00
  1.9743750E+04 -3.222E+00 -3.284E+00 -2.246E+00
  1.9744250E+04 -2.670E+00 -2.700E+00 -1.918E+00
  1.9744750E+04 -3.192E+00 -3.106E+00 -1.384E+00
  1.9745250E+04 -2.938E+00 -2.867E+00 -1.814E+00
  1.9745750E+04 -2.565E+00 -2.707E+00 -2.288E+00
  1.9746250E+04 -2.411E+00 -2.484E+00 -1.369E+00
  1.9746750E+04 -3.068E+00 -3.007E+00 -1.807E+00
  1.9747250E+04 -4.208E+00 -3.912E+00 -1.320E+00
  1.9747750E+04 -3.214E+00 -3.170E+00 -1.911E+00
  1.9748250E+04 -2.790E+00 -2.812E+00 -1.732E+00
  1.9748750E+04 -2.864E+00 -2.595E+00 -8.868E-01
  1.9749250E+04 -3.007E+00 -2.942E+00 -1.654E+00
  1.9749750E+04 -2.597E+00 -2.524E+00 -1.117E+00
  1.9750250E+04 -3.132E+00 -3.060E+00 -1.501E+00
  1.9750750E+04 -2.711E+00 -2.904E+00 -2.564E+00
  1.9751250E+04 -3.180E+00 -3.101E+00 -1.227E+00
  1.9751750E+04 -2.800E+00 -2.698E+00 -1.270E+00
  1.9752250E+04 -3.780E+00 -3.661E+00 -1.621E+00
  1.9752750E+04 -3.800E+00 -3.714E+00 -1.836E+00
  1.9753250E+04 -3.059E+00 -2.983E+00 -1.563E+00
  1.9753750E+04 -2.977E+00 -3.003E+00 -2.159E+00
  1.9754250E+04 -2.891E+00 -2.937E+00 -1.900E+00
  1.9754750E+04 -2.481E+00 -2.618E+00 -2.122E+00
  1.9755250E+04 -2.594E+00 -2.729E+00 -2.134E+00
  1.9755750E+04 -2.758E+00 -2.567E+00 -8.880E-01
  1.9756250E+04 -3.174E+00 -3.029E+00 -9.996E-01
  1.9756750E+04 -3.145E+00 -3.077E+00 -1.604E+00
  1.9757250E+04 -2.807E+00 -2.817E+00 -1.642E+00
  1.9757750E+04 -3.118E+00 -3.137E+00 -1.998E+00
  1.9758250E+04 -2.760E+00 -2.783E+00 -1.624E+00
  1.9758750E+04 -2.669E+00 -2.673E+00 -1.619E+00
  1.9759250E+04 -2.832E+00 -2.769E+00 -1.168E+00
  1.9759750E+04 -2.944E+00 -2.745E+00 -1.006E+00
  1.9760250E+04 -2.842E+00 -2.857E+00 -1.785E+00
  1.9760750E+04 -2.326E+00 -2.365E+00 -1.462E+00
  1.9761250E+04 -2.955E+00 -2.946E+00 -1.686E+00
  1.9761750E+04 -2.431E+00 -2.451E+00 -1.739E+00
  1.9762250E+04 -3.530E+00 -3.389E+00 -1.506E+00
  1.9762750E+04 -2.621E+00 -2.664E+00 -1.822E+00
  1.9763250E+04 -2.473E+00 -2.555E+00 -1.909E+00
  1.9763750E+04 -2.977E+00 -2.981E+00 -1.524E+00
  1.9764250E+04 -3.414E+00 -3.135E+00 -8.286E-01
  1.9764750E+04 -2.236E+00 -2.312E+00 -1.858E+00
  1.9765250E+04 -3.269E+00 -3.111E+00 -1.388E+00
  1.9765750E+04 -3.298E+00 -3.232E+00 -2.025E+00
  1.9766250E+04 -2.602E+00 -2.544E+00 -1.382E+00
  1.9766750E+04 -2.131E+00 -2.183E+00 -1.150E+00
  1.9767250E+04 -2.418E+00 -2.421E+00 -1.451E+00
  1.9767750E+04 -3.463E+00 -3.389E+00 -1.679E+00
  1.9768250E+04 -2.786E+00 -2.793E+00 -1.852E+00
  1.9768750E+04 -2.518E+00 -2.606E+00 -1.836E+00
  1.9769250E+04 -2.399E+00 -2.370E+00 -1.291E+00
  1.9769750E+04 -2.794E+00 -2.661E+00 -1.090E+00
  1.9770250E+04 -3.080E+00 -2.913E+00 -1.402E+00
  1.9770750E+04 -2.750E+00 -2.686E+00 -1.447E+00
  1.9771250E+04 -3.088E+00 -3.047E+00 -1.908E+00
  1.9771750E+04 -2.929E+00 -2.892E+00 -1.565E+00
  1.9772250E+04 -2.794E+00 -2.814E+00 -1.639E+00
  1.9772750E+04 -2.637E+00 -2.680E+00 -1.929E+00
  1.9773250E+04 -2.776E+00 -2.661E+00 -1.158E+00
  1.9773750E+04 -2.954E+00 -2.846E+00 -1.190E+00
  1.9774250E+04 -2.588E+00 -2.488E+00 -9.682E-01
  1.9774750E+04 -2.420E+00 -2.173E+00 -3.368E-01
  1.9775250E+04 -2.897E+00 -2.848E+00 -1.931E+00
  1.9775750E+04 -3.146E+00 -2.913E+00 -9.651E-01
  1.9776250E+04 -3.070E+00 -3.031E+00 -1.538E+00
  1.9776750E+04 -3.221E+00 -3.081E+00 -1.499E+00
  1.9777250E+04 -3.054E+00 -3.067E+00 -1.838E+00
  1.9777750E+04 -2.814E+00 -2.783E+00 -1.567E+00
  1.9778250E+04 -2.717E+00 -2.755E+00 -1.772E+00
  1.9778750E+04 -2.796E+00 -2.759E+00 -1.580E+00
  1.9779250E+04 -3.169E+00 -2.926E+00 -1.111E+00
  1.9779750E+04 -1.854E+00 -1.854E+00 -9.210E-01
  1.9780250E+04 -2.389E+00 -2.517E+00 -2.079E+00
  1.9780750E+04 -2.261E+00 -2.141E+00 -1.060E+00
  1.9781250E+04 -2.633E+00 -2.706E+00 -1.766E+00
  1.9781750E+04 -2.693E+00 -2.624E+00 -1.249E+00
  1.9782250E+04 -2.978E+00 -2.761E+00 -1.025E+00
  1.9782750E+04 -2.399E+00 -2.510E+00 -2.195E+00
  1.9783250E+04 -2.692E+00 -2.700E+00 -1.748E+00
  1.9783750E+04 -2.932E+00 -2.793E+00 -1.059E+00
  1.9784250E+04 -2.393E+00 -2.361E+00 -1.467E+00
  1.9784750E+04 -2.507E+00 -2.522E+00 -1.501E+00
  1.9785250E+04 -2.538E+00 -2.454E+00 -9.624E-01
  1.9785750E+04 -1.923E+00 -2.000E+00 -1.573E+00
  1.9786250E+04 -2.812E+00 -2.817E+00 -1.843E+00
  1.9786750E+04 -2.670E+00 -2.624E+00 -1.495E+00
  1.9787250E+04 -2.142E+00 -2.154E+00 -1.137E+00
  1.9787750E+04 -2.842E+00 -2.765E+00 -1.398E+00
  1.9788250E+04 -2.440E+00 -2.556E+00 -2.091E+00
  1.9788750E+04 -2.641E+00 -2.569E+00 -1.700E+00
  1.9789250E+04 -3.037E+00 -2.838E+00 -8.171E-01
  1.9789750E+04 -3.174E+00 -2.759E+00  9.363E-02
  1.9790250E+04 -2.221E+00 -2.419E+00 -2.230E+00
  1.9790750E+04 -1.790E+00 -2.050E+00 -2.209E+00
  1.9791250E+04 -2.588E+00 -2.478E+00 -1.018E+00
  1.9791750E+04 -2.735E+00 -2.734E+00 -1.765E+00
  1.9792250E+04 -2.701E+00 -2.432E+00 -4.091E-01
  1.9792750E+04 -2.803E+00 -2.620E+00 -6.099E-01
  1.9793250E+04 -2.850E+00 -2.829E+00 -1.382E+00
  1.9793750E+04 -3.162E+00 -3.090E+00 -1.513E+00
  1.9794250E+04 -2.669E+00 -2.635E+00 -1.009E+00
  1.9794750E+04 -2.276E+00 -2.331E+00 -1.167E+00
  1.9795250E+04 -2.206E+00 -2.157E+00 -1.456E+00
  1.9795750E+04 -2.728E+00 -2.527E+00 -7.578E-01
  1.9796250E+04 -2.207E+00 -2.224E+00 -1.760E+00
  1.9796750E+04 -1.923E+00 -1.859E+00 -9.829E-01
  1.9797250E+04 -3.086E+00 -2.824E+00 -8.531E-01
  1.9797750E+04 -2.364E+00 -2.393E+00 -1.357E+00
  1.9798250E+04 -2.701E+00 -2.646E+00 -1.383E+00
  1.9798750E+04 -2.017E+00 -1.920E+00 -8.892E-01
  1.9799250E+04 -1.888E+00 -2.069E+00 -2.061E+00
  1.9799750E+04 -2.524E+00 -2.614E+00 -1.978E+00
  1.9800250E+04 -3.053E+00 -2.922E+00 -1.012E+00
  1.9800750E+04 -2.121E+00 -2.150E+00 -1.442E+00
  1.9801250E+04 -2.815E+00 -2.748E+00 -1.326E+00
  1.9801750E+04 -2.936E+00 -2.648E+00 -3.739E-01
  1.9802250E+04 -2.029E+00 -2.016E+00 -1.389E+00
  1.9802750E+04 -2.304E+00 -2.257E+00 -1.277E+00
  1.9803250E+04 -2.371E+00 -2.236E+00 -9.667E-01
  1.9803750E+04 -2.712E+00 -2.731E+00 -1.555E+00
  1.9804250E+04 -2.268E+00 -2.237E+00 -1.046E+00
  1.9804750E+04 -2.504E+00 -2.477E+00 -1.443E+00
  1.9805250E+04 -2.062E+00 -2.229E+00 -1.900E+00
  1.9805750E+04 -2.137E+00 -2.159E+00 -1.304E+00
  1.9806250E+04 -2.388E+00 -2.375E+00 -1.532E+00
  1.9806750E+04 -2.565E+00 -2.530E+00 -1.428E+00
  1.9807250E+04 -2.501E+00 -2.311E+00 -5.965E-01
  1.9807750E+04 -2.493E+00 -2.484E+00 -1.604E+00
  1.9808250E+04 -2.423E+00 -2.380E+00 -1.352E+00
  1.9808750E+04 -2.117E+00 -1.998E+00 -6.852E-01
  1.9809250E+04 -2.927E+00 -2.766E+00 -1.043E+00
  1.9809750E+04 -2.032E+00 -2.065E+00 -1.410E+00
  1.9810250E+04 -2.110E+00 -1.996E+00 -1.063E+00
  1.9810750E+04 -2.290E+00 -2.311E+00 -1.505E+00
  1.9811250E+04 -2.628E+00 -2.651E+00 -1.521E+00
  1.9811750E+04 -2.363E+00 -2.364E+00 -1.430E+00
  1.9812250E+04 -2.421E+00 -2.358E+00 -9.709E-01
  1.9812750E+04 -2.439E+00 -2.323E+00 -7.271E-01
  1.9813250E+04 -1.707E+00 -1.666E+00 -7.031E-01
  1.9813750E+04 -1.841E+00 -1.850E+00 -1.733E+00
  1.9814250E+04 -2.419E+00 -2.542E+00 -2.177E+00
  1.9814750E+04 -2.052E+00 -1.952E+00 -3.509E-01
  1.9815250E+04 -2.411E+00 -2.457E+00 -1.407E+00
  1.9815750E+04 -2.730E+00 -2.731E+00 -1.747E+00
  1.9816250E+04 -2.272E+00 -2.336E+00 -1.701E+00
  1.9816750E+04 -2.212E+00 -2.221E+00 -1.375E+00
  1.9817250E+04 -2.461E+00 -2.432E+00 -1.095E+00
  1.9817750E+04 -1.693E+00 -1.713E+00 -1.095E+00
  1.9818250E+04 -2.317E+00 -2.142E+00 -9.939E-01
  1.9818750E+04 -2.045E+00 -2.026E+00 -1.160E+00
  1.9819250E+04 -2.466E+00 -2.239E+00 -5.281E-01
  1.9819750E+04 -2.560E+00 -2.336E+00 -3.979E-01
  1.9820250E+04 -1.660E+00 -1.816E+00 -1.859E+00
  1.9820750E+04 -2.722E+00 -2.511E+00 -1.078E+00
  1.9821250E+04 -2.685E+00 -2.687E+00 -1.528E+00
  1.9821750E+04 -2.148E+00 -2.158E+00 -1.288E+00
  1.9822250E+04 -2.232E+00 -2.148E+00 -5.698E-01
  1.9822750E+04 -2.107E+00 -1.958E+00 -7.294E-01
  1.9823250E+04 -2.020E+00 -2.102E+00 -1.609E+00
  1.9823750E+04 -2.662E+00 -2.574E+00 -1.526E+00
  1.9824250E+04 -2.503E+00 -2.497E+00 -1.745E+00
  1.9824750E+04 -1.938E+00 -1.763E+00 -6.077E-01
  1.9825250E+04 -1.934E+00 -1.915E+00 -9.360E-01
  1.9825750E+04 -2.105E+00 -2.196E+00 -1.847E+00
  1.9826250E+04 -1.881E+00 -2.042E+00 -1.713E+00
  1.9826750E+04 -2.773E+00 -2.734E+00 -1.142E+00
  1.9827250E+04 -2.202E+00 -2.158E+00 -1.546E+00
  1.9827750E+04 -2.023E+00 -2.008E+00 -1.318E+00
  1.9828250E+04 -1.669E+00 -1.831E+00 -1.420E+00
  1.9828750E+04 -2.363E+00 -2.207E+00 -4.816E-01
  1.9829250E+04 -2.271E+00 -2.126E+00 -8.849E-01
  1.9829750E+04 -2.165E+00 -2.099E+00 -1.610E+00
  1.9830250E+04 -2.414E+00 -2.301E+00 -8.329E-01
  1.9830750E+04 -2.569E+00 -2.452E+00 -8.551E-01
  1.9831250E+04 -2.078E+00 -2.004E+00 -9.548E-01
  1.9831750E+04 -2.011E+00 -1.911E+00 -7.535E-01
  1.9832250E+04 -2.714E+00 -2.495E+00 -8.796E-01
  1.9832750E+04 -2.477E+00 -2.257E+00 -5.225E-01
  1.9833250E+04 -1.067E+00 -1.382E+00 -1.942E+00
  1.9833750E+04 -1.924E+00 -1.967E+00 -9.360E-01
  1.9834250E+04 -2.643E+00 -2.623E+00 -1.346E+00
  1.9834750E+04 -1.961E+00 -1.993E+00 -1.245E+00
  1.9835250E+04 -1.617E+00 -1.736E+00 -1.667E+00
  1.9835750E+04 -2.002E+00 -2.009E+00 -1.407E+00
  1.9836250E+04 -2.304E+00 -2.149E+00 -7.659E-01
  1.9836750E+04 -2.330E+00 -2.346E+00 -1.233E+00
  1.9837250E+04 -2.062E+00 -2.014E+00 -7.884E-01
  1.9837750E+04 -2.191E+00 -1.998E+00 -2.627E-01
  1.9838250E+04 -1.776E+00 -1.634E+00 -4.949E-01
  1.9838750E+04 -2.392E+00 -2.331E+00 -1.181E+00
  1.9839250E+04 -2.188E+00 -2.049E+00 -9.937E-01
  1.9839750E+04 -2.206E+00 -2.078E+00 -7.825E-01
  1.9840250E+04 -1.860E+00 -1.919E+00 -1.490E+00
  1.9840750E+04 -2.853E+00 -3.034E+00 -1.803E+00
  1.9841250E+04 -2.089E+00 -2.131E+00 -1.367E+00
  1.9841750E+04 -1.817E+00 -1.636E+00 -3.935E-01
  1.9842250E+04 -1.789E+00 -1.733E+00 -6.597E-01
  1.9842750E+04 -1.752E+00 -1.931E+00 -2.120E+00
  1.9843250E+04 -2.028E+00 -1.954E+00 -9.590E-01
  1.9843750E+04 -2.163E+00 -2.050E+00 -8.211E-01
  1.9844250E+04 -1.999E+00 -1.903E+00 -8.563E-01
  1.9844750E+04 -2.309E+00 -2.268E+00 -1.205E+00
  1.9845250E+04 -2.324E+00 -2.245E+00 -1.110E+00
  1.9845750E+04 -2.273E+00 -2.258E+00 -1.162E+00
  1.9846250E+04 -2.168E+00 -2.070E+00 -1.015E+00
  1.9846750E+04 -2.103E+00 -2.144E+00 -1.295E+00
  1.9847250E+04 -1.116E+00 -1.181E+00 -1.103E+00
  1.9847750E+04 -1.758E+00 -1.828E+00 -1.553E+00
  1.9848250E+04 -2.099E+00 -2.225E+00 -1.642E+00
  1.9848750E+04 -1.825E+00 -1.719E+00 -9.697E-01
  1.9849250E+04 -1.486E+00 -1.479E+00 -1.241E+00
  1.9849750E+04 -2.335E+00 -2.168E+00 -6.376E-01
  1.9850250E+04 -1.911E+00 -1.880E+00 -9.769E-01
  1.9850750E+04 -1.925E+00 -1.932E+00 -1.176E+00
  1.9851250E+04 -1.996E+00 -1.938E+00 -7.546E-01
  1.9851750E+04 -2.545E+00 -2.325E+00 -6.263E-01
  1.9852250E+04 -1.730E+00 -1.631E+00 -9.536E-01
  1.9852750E+04 -1.979E+00 -1.875E+00 -8.613E-01
  1.9853250E+04 -1.978E+00 -1.975E+00 -1.092E+00
  1.9853750E+04 -1.847E+00 -1.798E+00 -9.636E-01
  1.9854250E+04 -2.310E+00 -2.283E+00 -1.365E+00
  1.9854750E+04 -2.561E+00 -2.443E+00 -1.525E+00
  1.9855250E+04 -1.871E+00 -1.881E+00 -1.136E+00
  1.9855750E+04 -1.808E+00 -1.598E+00 -2.910E-01
  1.9856250E+04 -1.501E+00 -1.315E+00 -2.958E-01
  1.9856750E+04 -2.187E+00 -2.159E+00 -1.339E+00
  1.9857250E+04 -1.789E+00 -1.928E+00 -1.160E+00
  1.9857750E+04 -1.997E+00 -2.131E+00 -1.754E+00
  1.9858250E+04 -2.476E+00 -2.412E+00 -1.314E+00
  1.9858750E+04 -1.613E+00 -1.719E+00 -1.281E+00
  1.9859250E+04 -1.461E+00 -1.488E+00 -7.952E-01
  1.9859750E+04 -1.610E+00 -1.641E+00 -1.173E+00
  1.9860250E+04 -2.443E+00 -2.438E+00 -1.320E+00
  1.9860750E+04 -1.313E+00 -1.433E+00 -1.469E+00
  1.9861250E+04 -2.178E+00 -2.096E+00 -7.293E-01
  1.9861750E+04 -1.966E+00 -1.900E+00 -1.065E+00
  1.9862250E+04 -1.189E+00 -1.245E+00 -1.099E+00
  1.9862750E+04 -1.948E+00 -1.908E+00 -1.078E+00
  1.9863250E+04 -2.123E+00 -2.092E+00 -1.169E+00
  1.9863750E+04 -2.750E+00 -2.636E+00 -9.026E-01
  1.9864250E+04 -1.572E+00 -1.580E+00 -8.571E-01
  1.9864750E+04 -1.429E+00 -1.269E+00  1.530E-01
  1.9865250E+04 -1.856E+00 -1.858E+00 -9.954E-01
  1.9865750E+04 -1.565E+00 -1.579E+00 -1.199E+00
  1.9866250E+04 -1.856E+00 -1.701E+00 -3.816E-01
  1.9866750E+04 -1.864E+00 -1.796E+00 -8.830E-01
  1.9867250E+04 -1.859E+00 -1.782E+00 -6.355E-01
  1.9867750E+04 -2.357E+00 -2.210E+00 -8.640E-01
  1.9868250E+04 -2.124E+00 -2.255E+00 -1.865E+00
  1.9868750E+04 -1.596E+00 -1.653E+00 -1.311E+00
  1.9869250E+04 -1.420E+00 -1.388E+00 -6.941E-01
  1.9869750E+04 -1.390E+00 -1.478E+00 -1.319E+00
  1.9870250E+04 -1.753E+00 -1.809E+00 -1.392E+00
  1.9870750E+04 -2.015E+00 -1.941E+00 -6.357E-01
  1.9871250E+04 -1.408E+00 -1.484E+00 -1.227E+00
  1.9871750E+04 -2.053E+00 -1.968E+00 -7.365E-01
  1.9872250E+04 -2.051E+00 -2.002E+00 -1.242E+00
  1.9872750E+04 -1.993E+00 -2.074E+00 -1.591E+00
  1.9873250E+04 -2.356E+00 -2.316E+00 -1.268E+00
  1.9873750E+04 -1.869E+00 -1.920E+00 -1.374E+00
  1.9874250E+04 -1.789E+00 -1.691E+00 -7.139E-01
  1.9874750E+04 -1.652E+00 -1.414E+00 -1.760E-01
  1.9875250E+04 -1.712E+00 -1.710E+00 -9.518E-01
  1.9875750E+04 -1.843E+00 -1.738E+00 -9.410E-01
  1.9876250E+04 -1.913E+00 -1.895E+00 -1.208E+00
  1.9876750E+04 -1.525E+00 -1.025E+00  5.229E-02
  1.9877250E+04 -1.556E+00 -8.330E-01 -3.632E-01
  1.9877750E+04 -1.710E+00 -2.160E+00 -9.917E-01
  1.9878250E+04 -2.099E+00 -1.936E+00 -7.579E-01
  1.9878750E+04 -1.772E+00 -1.756E+00 -1.100E+00
  1.9879250E+04 -9.963E-01 -1.062E+00 -1.027E+00
  1.9879750E+04 -2.006E+00 -1.841E+00 -4.542E-01
  1.9880250E+04 -1.255E+00 -1.392E+00 -6.572E-01
  1.9880750E+04 -1.768E+00 -1.785E+00 -1.232E+00
  1.9881250E+04 -1.693E+00 -1.744E+00 -1.330E+00
  1.9881750E+04 -2.036E+00 -1.881E+00 -3.880E-01
  1.9882250E+04 -1.370E+00 -1.178E+00 -7.710E-01
  1.9882750E+04 -1.732E+00 -1.629E+00 -1.464E+00
  1.9883250E+04 -1.896E+00 -2.550E+00 -1.714E+00
  1.9883750E+04 -1.843E+00 -1.957E+00 -1.183E+00
  1.9884250E+04 -2.329E+00 -2.231E+00 -6.528E-01
  1.9884750E+04 -1.540E+00 -1.577E+00 -1.293E+00
  1.9885250E+04 -1.801E+00 -1.865E+00 -1.475E+00
  1.9885750E+04 -1.228E+00 -1.162E+00 -8.121E-01
  1.9886250E+04 -1.604E+00 -1.569E+00 -8.432E-01
  1.9886750E+04 -1.597E+00 -1.461E+00 -5.410E-01
  1.9887250E+04 -1.543E+00 -1.503E+00 -8.263E-01
  1.9887750E+04 -1.712E+00 -1.635E+00 -6.943E-01
  1.9888250E+04 -1.320E+00 -1.635E+00 -1.136E+00
  1.9888750E+04 -1.802E+00 -1.876E+00 -1.218E+00
  1.9889250E+04 -1.824E+00 -1.861E+00 -1.003E+00
  1.9889750E+04 -1.760E+00 -1.947E+00 -1.589E+00
  1.9890250E+04 -1.493E+00 -1.455E+00 -7.157E-01
  1.9890750E+04 -1.674E+00 -1.668E+00 -7.417E-01
  1.9891250E+04 -1.728E+00 -1.807E+00 -1.702E+00
  1.9891750E+04 -1.362E+00 -1.413E+00 -9.112E-01
  1.9892250E+04 -1.418E+00 -1.477E+00 -9.803E-01
  1.9892750E+04 -1.511E+00 -1.465E+00 -9.177E-01
  1.9893250E+04 -1.275E+00 -1.319E+00 -1.162E+00
  1.9893750E+04 -1.354E+00 -1.283E+00 -6.991E-01
  1.9894250E+04 -1.925E+00 -1.827E+00 -7.335E-01
  1.9894750E+04 -1.889E+00 -1.909E+00 -1.202E+00
  1.9895250E+04 -2.063E+00 -1.729E+00  1.493E-01
  1.9895750E+04 -1.242E+00 -1.334E+00 -9.204E-01
  1.9896250E+04 -1.999E+00 -1.890E+00 -5.443E-01
  1.9896750E+04 -1.577E+00 -1.620E+00 -9.947E-01
  1.9897250E+04 -1.682E+00 -1.658E+00 -1.148E+00
  1.9897750E+04 -1.965E+00 -1.733E+00 -6.126E-02
  1.9898250E+04 -1.814E+00 -1.746E+00 -7.218E-01
  1.9898750E+04 -1.659E+00 -1.671E+00 -1.039E+00
  1.9899250E+04 -1.438E+00 -1.345E+00 -4.963E-01
  1.9899750E+04 -1.438E+00 -1.450E+00 -9.517E-01
  1.9900250E+04 -1.643E+00 -1.636E+00 -1.201E+00
  1.9900750E+04 -1.675E+00 -1.660E+00 -1.470E+00
  1.9901250E+04 -1.881E+00 -1.923E+00 -1.214E+00
  1.9901750E+04 -2.030E+00 -1.909E+00 -6.349E-01
  1.9902250E+04 -1.389E+00 -1.337E+00 -4.763E-01
  1.9902750E+04 -1.722E+00 -1.601E+00 -4.632E-01
  1.9903250E+04 -1.567E+00 -1.578E+00 -1.049E+00
  1.9903750E+04 -1.252E+00 -1.406E+00 -1.740E+00
  1.9904250E+04 -1.652E+00 -1.599E+00 -8.168E-01
  1.9904750E+04 -1.817E+00 -1.678E+00 -4.272E-01
  1.9905250E+04 -1.721E+00 -1.483E+00 -1.244E-01
  1.9905750E+04 -1.687E+00 -1.703E+00 -7.194E-01
  1.9906250E+04 -1.369E+00 -1.274E+00 -4.604E-01
  1.9906750E+04 -1.504E+00 -1.555E+00 -9.222E-01
  1.9907250E+04 -1.965E+00 -1.907E+00 -7.139E-01
  1.9907750E+04 -1.160E+00 -1.313E+00 -1.158E+00
  1.9908250E+04 -1.399E+00 -1.472E+00 -1.032E+00
  1.9908750E+04 -1.461E+00 -1.450E+00 -7.562E-01
  1.9909250E+04 -1.637E+00 -1.678E+00 -1.320E+00
  1.9909750E+04 -1.529E+00 -1.465E+00 -8.940E-01
  1.9910250E+04 -1.374E+00 -1.359E+00 -1.093E+00
  1.9910750E+04 -1.768E+00 -1.708E+00 -6.076E-01
  1.9911250E+04 -1.254E+00 -1.311E+00 -1.136E+00
  1.9911750E+04 -1.348E+00 -1.357E+00 -9.042E-01
  1.9912250E+04 -1.254E+00 -1.308E+00 -1.097E+00
  1.9912750E+04 -1.506E+00 -1.501E+00 -1.031E+00
  1.9913250E+04 -1.619E+00 -1.652E+00 -1.090E+00
  1.9913750E+04 -1.599E+00 -1.524E+00 -7.771E-01
  1.9914250E+04 -1.348E+00 -1.364E+00 -7.523E-01
  1.9914750E+04 -1.775E+00 -1.624E+00 -4.902E-01
  1.9915250E+04 -1.582E+00 -1.513E+00 -6.086E-01
  1.9915750E+04 -1.602E+00 -1.546E+00 -9.419E-01
  1.9916250E+04 -1.459E+00 -1.501E+00 -6.296E-01
  1.9916750E+04 -1.503E+00 -1.514E+00 -9.925E-01
  1.9917250E+04 -1.816E+00 -1.774E+00 -7.078E-01
  1.9917750E+04 -1.684E+00 -1.595E+00 -6.570E-01
  1.9918250E+04 -1.390E+00 -1.431E+00 -1.168E+00
  1.9918750E+04 -1.364E+00 -1.385E+00 -8.097E-01
  1.9919250E+04 -1.167E+00 -1.124E+00 -5.637E-01
  1.9919750E+04 -1.587E+00 -1.700E+00 -1.442E+00
  1.9920250E+04 -1.947E+00 -1.799E+00 -4.962E-01
  1.9920750E+04 -1.308E+00 -1.322E+00 -8.113E-01
  1.9921250E+04 -1.209E+00 -1.287E+00 -1.414E+00
  1.9921750E+04 -1.966E+00 -1.780E+00 -3.492E-01
  1.9922250E+04 -1.978E+00 -1.794E+00 -2.976E-01
  1.9922750E+04 -1.710E+00 -1.649E+00 -6.869E-01
  1.9923250E+04 -1.267E+00 -1.251E+00 -9.141E-01
  1.9923750E+04 -1.625E+00 -1.500E+00 -3.943E-01
  1.9924250E+04 -1.249E+00 -1.129E+00  7.554E-02
  1.9924750E+04 -9.064E-01 -1.105E+00 -1.495E+00
  1.9925250E+04 -1.268E+00 -1.286E+00 -1.032E+00
  1.9925750E+04 -9.990E-01 -1.218E+00 -1.100E+00
  1.9926250E+04 -1.293E+00 -1.379E+00 -9.233E-01
  1.9926750E+04 -1.305E+00 -1.235E+00 -7.400E-01
  1.9927250E+04 -1.565E+00 -1.460E+00 -5.234E-01
  1.9927750E+04 -1.437E+00 -1.276E+00 -1.520E-02
  1.9928250E+04 -1.672E+00 -1.687E+00 -6.860E-01
  1.9928750E+04 -1.578E+00 -1.586E+00 -1.034E+00
  1.9929250E+04 -1.787E+00 -1.668E+00 -5.648E-01
  1.9929750E+04 -1.496E+00 -1.604E+00 -1.638E+00
  1.9930250E+04 -1.756E+00 -1.667E+00 -1.101E+00
  1.9930750E+04 -1.693E+00 -1.625E+00 -7.194E-01
  1.9931250E+04 -1.388E+00 -1.369E+00 -6.794E-01
  1.9931750E+04 -1.334E+00 -1.314E+00 -5.647E-01
  1.9932250E+04 -1.607E+00 -1.476E+00 -3.978E-01
  1.9932750E+04 -1.425E+00 -1.429E+00 -8.636E-01
  1.9933250E+04 -1.115E+00 -1.060E+00 -4.682E-01
  1.9933750E+04 -1.742E+00 -1.737E+00 -1.291E+00
  1.9934250E+04 -1.202E+00 -1.208E+00 -8.179E-01
  1.9934750E+04 -1.373E+00 -1.228E+00 -6.426E-01
  1.9935250E+04 -1.245E+00 -1.208E+00 -4.823E-01
  1.9935750E+04 -1.464E+00 -1.565E+00 -1.191E+00
  1.9936250E+04 -2.087E+00 -2.150E+00 -8.411E-01
  1.9936750E+04 -1.556E+00 -1.664E+00 -1.025E+00
  1.9937250E+04 -1.724E+00 -1.552E+00 -6.081E-01
  1.9937750E+04 -1.230E+00 -1.123E+00 -2.032E-01
  1.9938250E+04 -9.355E-01 -8.517E-01 -5.189E-01
  1.9938750E+04 -1.103E+00 -1.139E+00 -7.248E-01
  1.9939250E+04 -1.288E+00 -1.267E+00 -6.973E-01
  1.9939750E+04 -1.671E+00 -1.706E+00 -1.027E+00
  1.9940250E+04 -1.295E+00 -1.444E+00 -1.360E+00
  1.9940750E+04 -1.525E+00 -1.489E+00 -5.989E-01
  1.9941250E+04 -1.497E+00 -1.407E+00 -9.116E-01
  1.9941750E+04 -1.712E+00 -1.527E+00 -3.443E-01
  1.9942250E+04 -1.742E+00 -1.744E+00 -8.902E-01
  1.9942750E+04 -1.121E+00 -1.061E+00 -4.405E-01
  1.9943250E+04 -1.276E+00 -1.290E+00 -9.818E-01
  1.9943750E+04 -1.439E+00 -1.463E+00 -7.816E-01
  1.9944250E+04 -1.461E+00 -1.453E+00 -5.815E-01
  1.9944750E+04 -1.593E+00 -1.619E+00 -1.285E+00
  1.9945250E+04 -1.118E+00 -1.097E+00 -7.016E-01
  1.9945750E+04 -1.780E+00 -1.813E+00 -9.939E-01
  1.9946250E+04 -1.852E+00 -1.851E+00 -1.294E+00
  1.9946750E+04 -1.449E+00 -1.326E+00 -4.446E-01
  1.9947250E+04 -1.587E+00 -1.528E+00 -7.026E-01
  1.9947750E+04 -1.324E+00 -1.364E+00 -9.044E-01
  1.9948250E+04 -7.079E-01 -7.195E-01 -6.021E-01
  1.9948750E+04 -1.077E+00 -1.185E+00 -1.048E+00
  1.9949250E+04 -1.447E+00 -1.383E+00 -4.682E-01
  1.9949750E+04 -1.930E+00 -1.820E+00 -6.398E-01
  1.9950250E+04 -1.391E+00 -1.335E+00 -5.653E-01
  1.9950750E+04 -1.233E+00 -1.233E+00 -9.977E-01
  1.9951250E+04 -8.787E-01 -1.013E+00 -1.024E+00
  1.9951750E+04 -1.334E+00 -1.292E+00 -7.539E-01
  1.9952250E+04 -1.218E+00 -1.260E+00 -1.063E+00
  1.9952750E+04 -1.156E+00 -1.247E+00 -9.217E-01
  1.9953250E+04 -1.253E+00 -1.286E+00 -7.311E-01
  1.9953750E+04 -9.713E-01 -9.908E-01 -7.018E-01
  1.9954250E+04 -1.152E+00 -1.166E+00 -5.946E-01
  1.9954750E+04 -1.429E+00 -1.441E+00 -1.041E+00
  1.9955250E+04 -1.494E+00 -1.438E+00 -1.153E+00
  1.9955750E+04 -1.442E+00 -1.328E+00 -2.208E-01
  1.9956250E+04 -1.533E+00 -1.644E+00 -9.062E-01
  1.9956750E+04 -1.118E+00 -1.158E+00 -9.051E-01
  1.9957250E+04 -1.372E+00 -1.259E+00 -2.534E-01
  1.9957750E+04 -1.574E+00 -1.522E+00 -8.087E-01
  1.9958250E+04 -1.587E+00 -1.643E+00 -1.086E+00
  1.9958750E+04 -1.509E+00 -1.455E+00 -7.651E-01
  1.9959250E+04 -1.262E+00 -1.392E+00 -1.161E+00
  1.9959750E+04 -1.313E+00 -1.305E+00 -9.139E-01
  1.9960250E+04 -1.144E+00 -1.090E+00 -4.585E-01
  1.9960750E+04 -1.239E+00 -1.135E+00 -2.134E-01
  1.9961250E+04 -1.180E+00 -1.108E+00 -5.075E-01
  1.9961750E+04 -1.240E+00 -1.129E+00 -4.604E-01
  1.9962250E+04 -1.474E+00 -1.361E+00 -5.656E-01
  1.9962750E+04 -1.242E+00 -1.201E+00 -9.853E-01
  1.9963250E+04 -1.658E+00 -1.744E+00 -7.750E-01
  1.9963750E+04 -1.693E+00 -1.574E+00 -5.677E-01
  1.9964250E+04 -1.282E+00 -1.251E+00 -8.631E-01
  1.9964750E+04 -1.079E+00 -1.163E+00 -9.733E-01
  1.9965250E+04 -1.113E+00 -1.123E+00 -4.547E-01
  1.9965750E+04 -9.889E-01 -8.033E-01  5.724E-02
  1.9966250E+04 -1.353E+00 -1.233E+00 -2.599E-01
