  1.5464750E+04 -0.000E+00 -0.000E+00  0.000E+00
  1.5465250E+04 -0.000E+00 -0.000E+00  0.000E+00
  1.5465750E+04 -0.000E+00 -0.000E+00  0.000E+00
  1.5466250E+04 -0.000E+00 -0.000E+00  0.000E+00
  1.5466750E+04 -0.000E+00 -0.000E+00  0.000E+00
  1.5467250E+04 -0.000E+00 -0.000E+00  0.000E+00
  1.5467750E+04 -0.000E+00 -0.000E+00  0.000E+00
  1.5468250E+04 -0.000E+00 -0.000E+00  0.000E+00
  1.5468750E+04 -0.000E+00 -0.000E+00  0.000E+00
  1.5469250E+04 -0.000E+00 -0.000E+00  0.000E+00
  1.5469750E+04 -0.000E+00 -0.000E+00  0.000E+00
  1.5470250E+04 -0.000E+00 -0.000E+00  0.000E+00
  1.5470750E+04 -0.000E+00 -0.000E+00  0.000E+00
  1.5471250E+04 -0.000E+00 -0.000E+00  0.000E+00
  1.5471750E+04 -0.000E+00 -0.000E+00  0.000E+00
  1.5472250E+04 -0.000E+00 -0.000E+00  0.000E+00
  1.5472750E+04 -0.000E+00 -0.000E+00  0.000E+00
  1.5473250E+04 -0.000E+00 -0.000E+00  0.000E+00
  1.5473750E+04 -0.000E+00 -0.000E+00  0.000E+00
  1.5474250E+04 -0.000E+00 -0.000E+00  0.000E+00
  1.5474750E+04 -0.000E+00 -0.000E+00  0.000E+00
  1.5475250E+04 -0.000E+00 -0.000E+00  0.000E+00
  1.5475750E+04 -0.000E+00 -0.000E+00  0.000E+00
  1.5476250E+04 -0.000E+00 -0.000E+00  0.000E+00
  1.5476750E+04 -0.000E+00 -0.000E+00  0.000E+00
  1.5477250E+04 -0.000E+00 -0.000E+00  0.000E+00
  1.5477750E+04 -0.000E+00 -0.000E+00  0.000E+00
  1.5478250E+04 -0.000E+00 -0.000E+00  0.000E+00
  1.5478750E+04 -0.000E+00 -0.000E+00  0.000E+00
  1.5479250E+04 -0.000E+00 -0.000E+00  0.000E+00
  1.5479750E+04 -0.000E+00 -0.000E+00  0.000E+00
  1.5480250E+04 -0.000E+00 -0.000E+00  0.000E+00
  1.5480750E+04 -0.000E+00 -0.000E+00  0.000E+00
  1.5481250E+04 -0.000E+00 -0.000E+00  0.000E+00
  1.5481750E+04 -0.000E+00 -0.000E+00  0.000E+00
  1.5482250E+04 -0.000E+00 -0.000E+00  0.000E+00
  1.5482750E+04 -0.000E+00 -0.000E+00  0.000E+00
  1.5483250E+04 -0.000E+00 -0.000E+00  0.000E+00
  1.5483750E+04 -0.000E+00 -0.000E+00  0.000E+00
  1.5484250E+04 -0.000E+00 -0.000E+00  0.000E+00
  1.5484750E+04 -0.000E+00 -0.000E+00  0.000E+00
  1.5485250E+04 -0.000E+00 -0.000E+00  0.000E+00
  1.5485750E+04 -0.000E+00 -0.000E+00  0.000E+00
  1.5486250E+04 -0.000E+00 -0.000E+00  0.000E+00
  1.5486750E+04 -0.000E+00 -0.000E+00  0.000E+00
  1.5487250E+04 -0.000E+00 -0.000E+00  0.000E+00
  1.5487750E+04 -0.000E+00 -0.000E+00  0.000E+00
  1.5488250E+04 -0.000E+00 -0.000E+00  0.000E+00
  1.5488750E+04 -0.000E+00 -0.000E+00  0.000E+00
  1.5489250E+04 -0.000E+00 -0.000E+00  0.000E+00
  1.5489750E+04 -0.000E+00 -0.000E+00  0.000E+00
  1.5490250E+04 -0.000E+00 -0.000E+00  0.000E+00
  1.5490750E+04 -0.000E+00 -0.000E+00  0.000E+00
  1.5491250E+04 -0.000E+00 -0.000E+00  0.000E+00
  1.5491750E+04 -0.000E+00 -0.000E+00  0.000E+00
  1.5492250E+04 -0.000E+00 -0.000E+00  0.000E+00
  1.5492750E+04 -0.000E+00 -0.000E+00  0.000E+00
  1.5493250E+04 -0.000E+00 -0.000E+00  0.000E+00
  1.5493750E+04 -0.000E+00 -0.000E+00  0.000E+00
  1.5494250E+04 -0.000E+00 -0.000E+00  0.000E+00
  1.5494750E+04 -0.000E+00 -0.000E+00  0.000E+00
  1.5495250E+04 -0.000E+00 -0.000E+00  0.000E+00
  1.5495750E+04 -0.000E+00 -0.000E+00  0.000E+00
  1.5496250E+04 -0.000E+00 -0.000E+00  0.000E+00
  1.5496750E+04 -0.000E+00 -0.000E+00  0.000E+00
  1.5497250E+04 -0.000E+00 -0.000E+00  0.000E+00
  1.5497750E+04 -0.000E+00 -0.000E+00  0.000E+00
  1.5498250E+04 -0.000E+00 -0.000E+00  0.000E+00
  1.5498750E+04 -0.000E+00 -0.000E+00  0.000E+00
  1.5499250E+04 -0.000E+00 -0.000E+00  0.000E+00
  1.5499750E+04 -0.000E+00 -0.000E+00  0.000E+00
  1.5500250E+04 -0.000E+00 -0.000E+00  0.000E+00
  1.5500750E+04 -0.000E+00 -0.000E+00  0.000E+00
  1.5501250E+04 -0.000E+00 -0.000E+00  0.000E+00
  1.5501750E+04 -0.000E+00 -0.000E+00  0.000E+00
  1.5502250E+04 -0.000E+00 -0.000E+00  0.000E+00
  1.5502750E+04 -0.000E+00 -0.000E+00  0.000E+00
  1.5503250E+04 -0.000E+00 -0.000E+00  0.000E+00
  1.5503750E+04 -0.000E+00 -0.000E+00  0.000E+00
  1.5504250E+04 -0.000E+00 -0.000E+00  0.000E+00
  1.5504750E+04 -0.000E+00 -0.000E+00  0.000E+00
  1.5505250E+04 -0.000E+00 -0.000E+00  0.000E+00
  1.5505750E+04 -0.000E+00 -0.000E+00  0.000E+00
  1.5506250E+04 -0.000E+00 -0.000E+00  0.000E+00
  1.5506750E+04 -0.000E+00 -0.000E+00  0.000E+00
  1.5507250E+04 -0.000E+00 -0.000E+00  0.000E+00
  1.5507750E+04 -0.000E+00 -0.000E+00  0.000E+00
  1.5508250E+04 -0.000E+00 -0.000E+00  0.000E+00
  1.5508750E+04 -0.000E+00 -0.000E+00  0.000E+00
  1.5509250E+04 -0.000E+00 -0.000E+00  0.000E+00
  1.5509750E+04 -0.000E+00 -0.000E+00  0.000E+00
  1.5510250E+04 -0.000E+00 -0.000E+00  0.000E+00
  1.5510750E+04 -0.000E+00 -0.000E+00  0.000E+00
  1.5511250E+04 -0.000E+00 -0.000E+00  0.000E+00
  1.5511750E+04 -0.000E+00 -0.000E+00  0.000E+00
  1.5512250E+04 -0.000E+00 -0.000E+00  0.000E+00
  1.5512750E+04 -0.000E+00 -0.000E+00  0.000E+00
  1.5513250E+04 -0.000E+00 -0.000E+00  0.000E+00
  1.5513750E+04 -0.000E+00 -0.000E+00  0.000E+00
  1.5514250E+04 -0.000E+00 -0.000E+00  0.000E+00
  1.5514750E+04 -0.000E+00 -0.000E+00  0.000E+00
  1.5515250E+04 -0.000E+00 -0.000E+00  0.000E+00
  1.5515750E+04 -0.000E+00 -0.000E+00  0.000E+00
  1.5516250E+04 -0.000E+00 -0.000E+00  0.000E+00
  1.5516750E+04 -0.000E+00 -0.000E+00  0.000E+00
  1.5517250E+04 -0.000E+00 -0.000E+00  0.000E+00
  1.5517750E+04 -0.000E+00 -0.000E+00  0.000E+00
  1.5518250E+04 -0.000E+00 -0.000E+00  0.000E+00
  1.5518750E+04 -0.000E+00 -0.000E+00  0.000E+00
  1.5519250E+04 -0.000E+00 -0.000E+00  0.000E+00
  1.5519750E+04 -0.000E+00 -0.000E+00  0.000E+00
  1.5520250E+04 -0.000E+00 -0.000E+00  0.000E+00
  1.5520750E+04 -0.000E+00 -0.000E+00  0.000E+00
  1.5521250E+04 -0.000E+00 -0.000E+00  0.000E+00
  1.5521750E+04 -0.000E+00 -0.000E+00  0.000E+00
  1.5522250E+04 -0.000E+00 -0.000E+00  0.000E+00
  1.5522750E+04 -0.000E+00 -0.000E+00  0.000E+00
  1.5523250E+04 -0.000E+00 -0.000E+00  0.000E+00
  1.5523750E+04 -0.000E+00 -0.000E+00  0.000E+00
  1.5524250E+04 -0.000E+00 -0.000E+00  0.000E+00
  1.5524750E+04 -0.000E+00 -0.000E+00  0.000E+00
  1.5525250E+04 -0.000E+00 -0.000E+00  0.000E+00
  1.5525750E+04 -0.000E+00 -0.000E+00  0.000E+00
  1.5526250E+04 -0.000E+00 -0.000E+00  0.000E+00
  1.5526750E+04 -0.000E+00 -0.000E+00  0.000E+00
  1.5527250E+04 -0.000E+00 -0.000E+00  0.000E+00
  1.5527750E+04 -0.000E+00 -0.000E+00  0.000E+00
  1.5528250E+04 -0.000E+00 -0.000E+00  0.000E+00
  1.5528750E+04 -0.000E+00 -0.000E+00  0.000E+00
  1.5529250E+04 -0.000E+00 -0.000E+00  0.000E+00
  1.5529750E+04 -0.000E+00 -0.000E+00  0.000E+00
  1.5530250E+04 -0.000E+00 -0.000E+00  0.000E+00
  1.5530750E+04 -0.000E+00 -0.000E+00  0.000E+00
  1.5531250E+04 -0.000E+00 -0.000E+00  0.000E+00
  1.5531750E+04 -0.000E+00 -0.000E+00  0.000E+00
  1.5532250E+04 -0.000E+00 -0.000E+00  0.000E+00
  1.5532750E+04 -0.000E+00 -0.000E+00  0.000E+00
  1.5533250E+04 -0.000E+00 -0.000E+00  0.000E+00
  1.5533750E+04 -0.000E+00 -0.000E+00  0.000E+00
  1.5534250E+04 -0.000E+00 -0.000E+00  0.000E+00
  1.5534750E+04 -0.000E+00 -0.000E+00  0.000E+00
  1.5535250E+04 -0.000E+00 -0.000E+00  0.000E+00
  1.5535750E+04 -0.000E+00 -0.000E+00  0.000E+00
  1.5536250E+04 -0.000E+00 -0.000E+00  0.000E+00
  1.5536750E+04 -0.000E+00 -0.000E+00  0.000E+00
  1.5537250E+04 -0.000E+00 -0.000E+00  0.000E+00
  1.5537750E+04 -0.000E+00 -0.000E+00  0.000E+00
  1.5538250E+04 -0.000E+00 -0.000E+00  0.000E+00
  1.5538750E+04 -0.000E+00 -0.000E+00  0.000E+00
  1.5539250E+04 -0.000E+00 -0.000E+00  0.000E+00
  1.5539750E+04 -0.000E+00 -0.000E+00  0.000E+00
  1.5540250E+04 -0.000E+00 -0.000E+00  0.000E+00
  1.5540750E+04 -0.000E+00 -0.000E+00  0.000E+00
  1.5541250E+04 -0.000E+00 -0.000E+00  0.000E+00
  1.5541750E+04 -0.000E+00 -0.000E+00  0.000E+00
  1.5542250E+04 -0.000E+00 -0.000E+00  0.000E+00
  1.5542750E+04 -0.000E+00 -0.000E+00  0.000E+00
  1.5543250E+04 -0.000E+00 -0.000E+00  0.000E+00
  1.5543750E+04 -0.000E+00 -0.000E+00  0.000E+00
  1.5544250E+04 -0.000E+00 -0.000E+00  0.000E+00
  1.5544750E+04 -0.000E+00 -0.000E+00  0.000E+00
  1.5545250E+04 -0.000E+00 -0.000E+00  0.000E+00
  1.5545750E+04 -0.000E+00 -0.000E+00  0.000E+00
  1.5546250E+04 -0.000E+00 -0.000E+00  0.000E+00
  1.5546750E+04 -0.000E+00 -0.000E+00  0.000E+00
  1.5547250E+04 -0.000E+00 -0.000E+00  0.000E+00
  1.5547750E+04 -0.000E+00 -0.000E+00  0.000E+00
  1.5548250E+04 -0.000E+00 -0.000E+00  0.000E+00
  1.5548750E+04 -0.000E+00 -0.000E+00  0.000E+00
  1.5549250E+04 -0.000E+00 -0.000E+00  0.000E+00
  1.5549750E+04 -0.000E+00 -0.000E+00  0.000E+00
  1.5550250E+04 -0.000E+00 -0.000E+00  0.000E+00
  1.5550750E+04 -0.000E+00 -0.000E+00  0.000E+00
  1.5551250E+04 -0.000E+00 -0.000E+00  0.000E+00
  1.5551750E+04 -0.000E+00 -0.000E+00  0.000E+00
  1.5552250E+04 -0.000E+00 -0.000E+00  0.000E+00
  1.5552750E+04 -0.000E+00 -0.000E+00  0.000E+00
  1.5553250E+04 -0.000E+00 -0.000E+00  0.000E+00
  1.5553750E+04 -0.000E+00 -0.000E+00  0.000E+00
  1.5554250E+04 -0.000E+00 -0.000E+00  0.000E+00
  1.5554750E+04 -0.000E+00 -0.000E+00  0.000E+00
  1.5555250E+04 -0.000E+00 -0.000E+00  0.000E+00
  1.5555750E+04 -0.000E+00 -0.000E+00  0.000E+00
  1.5556250E+04 -0.000E+00 -0.000E+00  0.000E+00
  1.5556750E+04 -0.000E+00 -0.000E+00  0.000E+00
  1.5557250E+04 -0.000E+00 -0.000E+00  0.000E+00
  1.5557750E+04 -0.000E+00 -0.000E+00  0.000E+00
  1.5558250E+04 -0.000E+00 -0.000E+00  0.000E+00
  1.5558750E+04 -0.000E+00 -0.000E+00  0.000E+00
  1.5559250E+04 -0.000E+00 -0.000E+00  0.000E+00
  1.5559750E+04 -0.000E+00 -0.000E+00  0.000E+00
  1.5560250E+04 -0.000E+00 -0.000E+00  0.000E+00
  1.5560750E+04 -0.000E+00 -0.000E+00  0.000E+00
  1.5561250E+04 -0.000E+00 -0.000E+00  0.000E+00
  1.5561750E+04 -0.000E+00 -0.000E+00  0.000E+00
  1.5562250E+04 -0.000E+00 -0.000E+00  0.000E+00
  1.5562750E+04 -0.000E+00 -0.000E+00  0.000E+00
  1.5563250E+04 -0.000E+00 -0.000E+00  0.000E+00
  1.5563750E+04 -0.000E+00 -0.000E+00  0.000E+00
  1.5564250E+04 -0.000E+00 -0.000E+00  0.000E+00
  1.5564750E+04 -0.000E+00 -0.000E+00  0.000E+00
  1.5565250E+04 -0.000E+00 -0.000E+00  0.000E+00
  1.5565750E+04 -0.000E+00 -0.000E+00  0.000E+00
  1.5566250E+04 -0.000E+00 -0.000E+00  0.000E+00
  1.5566750E+04 -0.000E+00 -0.000E+00  0.000E+00
  1.5567250E+04 -0.000E+00 -0.000E+00  0.000E+00
  1.5567750E+04 -0.000E+00 -0.000E+00  0.000E+00
  1.5568250E+04 -0.000E+00 -0.000E+00  0.000E+00
  1.5568750E+04 -0.000E+00 -0.000E+00  0.000E+00
  1.5569250E+04 -0.000E+00 -0.000E+00  0.000E+00
  1.5569750E+04 -0.000E+00 -0.000E+00  0.000E+00
  1.5570250E+04 -0.000E+00 -0.000E+00  0.000E+00
  1.5570750E+04 -0.000E+00 -0.000E+00  0.000E+00
  1.5571250E+04 -0.000E+00 -0.000E+00  0.000E+00
  1.5571750E+04 -0.000E+00 -0.000E+00  0.000E+00
  1.5572250E+04 -0.000E+00 -0.000E+00  0.000E+00
  1.5572750E+04 -0.000E+00 -0.000E+00  0.000E+00
  1.5573250E+04 -0.000E+00 -0.000E+00  0.000E+00
  1.5573750E+04 -0.000E+00 -0.000E+00  0.000E+00
  1.5574250E+04 -0.000E+00 -0.000E+00  0.000E+00
  1.5574750E+04 -0.000E+00 -0.000E+00  0.000E+00
  1.5575250E+04 -0.000E+00 -0.000E+00  0.000E+00
  1.5575750E+04 -0.000E+00 -0.000E+00  0.000E+00
  1.5576250E+04 -0.000E+00 -0.000E+00  0.000E+00
  1.5576750E+04 -0.000E+00 -0.000E+00  0.000E+00
  1.5577250E+04 -0.000E+00 -0.000E+00  0.000E+00
  1.5577750E+04 -0.000E+00 -0.000E+00  0.000E+00
  1.5578250E+04 -0.000E+00 -0.000E+00  0.000E+00
  1.5578750E+04 -0.000E+00 -0.000E+00  0.000E+00
  1.5579250E+04 -0.000E+00 -0.000E+00  0.000E+00
  1.5579750E+04 -0.000E+00 -0.000E+00  0.000E+00
  1.5580250E+04 -0.000E+00 -0.000E+00  0.000E+00
  1.5580750E+04 -0.000E+00 -0.000E+00  0.000E+00
  1.5581250E+04 -0.000E+00 -0.000E+00  0.000E+00
  1.5581750E+04 -0.000E+00 -0.000E+00  0.000E+00
  1.5582250E+04 -0.000E+00 -0.000E+00  0.000E+00
  1.5582750E+04 -0.000E+00 -0.000E+00  0.000E+00
  1.5583250E+04 -0.000E+00 -0.000E+00  0.000E+00
  1.5583750E+04 -0.000E+00 -0.000E+00  0.000E+00
  1.5584250E+04 -0.000E+00 -0.000E+00  0.000E+00
  1.5584750E+04 -0.000E+00 -0.000E+00  0.000E+00
  1.5585250E+04 -0.000E+00 -0.000E+00  0.000E+00
  1.5585750E+04 -0.000E+00 -0.000E+00  0.000E+00
  1.5586250E+04 -0.000E+00 -0.000E+00  0.000E+00
  1.5586750E+04 -0.000E+00 -0.000E+00  0.000E+00
  1.5587250E+04 -0.000E+00 -0.000E+00  0.000E+00
  1.5587750E+04 -0.000E+00 -0.000E+00  0.000E+00
  1.5588250E+04 -0.000E+00 -0.000E+00  0.000E+00
  1.5588750E+04 -0.000E+00 -0.000E+00  0.000E+00
  1.5589250E+04 -0.000E+00 -0.000E+00  0.000E+00
  1.5589750E+04 -0.000E+00 -0.000E+00  0.000E+00
  1.5590250E+04 -0.000E+00 -0.000E+00  0.000E+00
  1.5590750E+04 -0.000E+00 -0.000E+00  0.000E+00
  1.5591250E+04 -0.000E+00 -0.000E+00  0.000E+00
  1.5591750E+04 -0.000E+00 -0.000E+00  0.000E+00
  1.5592250E+04 -0.000E+00 -0.000E+00  0.000E+00
  1.5592750E+04 -0.000E+00 -0.000E+00  0.000E+00
  1.5593250E+04 -0.000E+00 -0.000E+00  0.000E+00
  1.5593750E+04 -0.000E+00 -0.000E+00  0.000E+00
  1.5594250E+04 -0.000E+00 -0.000E+00  0.000E+00
  1.5594750E+04 -0.000E+00 -0.000E+00  0.000E+00
  1.5595250E+04 -0.000E+00 -0.000E+00  0.000E+00
  1.5595750E+04 -0.000E+00 -0.000E+00  0.000E+00
  1.5596250E+04 -0.000E+00 -0.000E+00  0.000E+00
  1.5596750E+04 -0.000E+00 -0.000E+00  0.000E+00
  1.5597250E+04 -0.000E+00 -0.000E+00  0.000E+00
  1.5597750E+04 -0.000E+00 -0.000E+00  0.000E+00
  1.5598250E+04 -0.000E+00 -0.000E+00  0.000E+00
  1.5598750E+04 -0.000E+00 -0.000E+00  0.000E+00
  1.5599250E+04 -0.000E+00 -0.000E+00  0.000E+00
  1.5599750E+04 -0.000E+00 -0.000E+00  0.000E+00
  1.5600250E+04 -0.000E+00 -0.000E+00  0.000E+00
  1.5600750E+04 -0.000E+00 -0.000E+00  0.000E+00
  1.5601250E+04 -0.000E+00 -0.000E+00  0.000E+00
  1.5601750E+04 -0.000E+00 -0.000E+00  0.000E+00
  1.5602250E+04 -1.363E-03 -8.884E-04  1.200E-03
  1.5602750E+04 -1.381E-03 -1.230E-03 -1.630E-04
  1.5603250E+04  3.553E-03  2.044E-03 -3.739E-03
  1.5603750E+04  7.767E-03  6.919E-03  2.730E-03
  1.5604250E+04 -7.198E-03 -5.492E-03  3.495E-03
  1.5604750E+04 -5.738E-03 -3.165E-03  6.705E-03
  1.5605250E+04 -7.756E-04 -1.661E-04  7.609E-04
  1.5605750E+04 -1.152E-02 -8.569E-03  4.780E-03
  1.5606250E+04  7.874E-02  5.649E-02 -3.057E-02
  1.5606750E+04  9.083E-02  7.694E-02  2.064E-02
  1.5607250E+04 -6.795E-02 -3.186E-02  8.860E-02
  1.5607750E+04 -6.021E-02 -8.732E-02 -1.561E-01
  1.5608250E+04 -6.017E-02 -1.937E-02  1.165E-01
  1.5608750E+04  9.628E-02  5.828E-02 -9.320E-02
  1.5609250E+04 -4.196E-02  3.184E-02  3.074E-01
  1.5609750E+04  3.800E-01  2.351E-01 -3.783E-01
  1.5610250E+04 -6.200E-01 -4.341E-01  3.801E-01
  1.5610750E+04  8.974E-02  1.555E-01  3.702E-01
  1.5611250E+04  1.655E-01  1.624E-01  1.153E-01
  1.5611750E+04 -1.376E-01 -2.050E-01 -4.391E-01
  1.5612250E+04 -5.199E-02 -7.760E-02 -1.549E-01
  1.5612750E+04  1.542E-01  8.975E-02 -1.825E-01
  1.5613250E+04  1.537E-01  7.766E-02 -2.201E-01
  1.5613750E+04 -7.573E-02 -5.006E-02  4.977E-02
  1.5614250E+04  4.506E-02  5.229E-02  6.817E-02
  1.5614750E+04  5.161E-03  5.776E-03  2.533E-03
  1.5615250E+04  2.107E-01  1.830E-01  3.446E-02
  1.5615750E+04 -1.940E-01 -1.613E-01  6.465E-03
  1.5616250E+04 -1.135E-01 -1.581E-02  3.478E-01
  1.5616750E+04  6.560E-02  4.253E-02 -6.347E-02
  1.5617250E+04  2.629E-01  1.805E-01 -1.862E-01
  1.5617750E+04  7.183E-02  5.389E-02 -2.492E-02
  1.5618250E+04 -8.329E-03 -8.839E-03  4.769E-03
  1.5618750E+04  1.252E-01  1.005E-01 -1.054E-02
  1.5619250E+04  6.436E-02 -3.583E-02 -4.574E-01
  1.5619750E+04  3.007E-03  2.965E-03 -6.929E-03
  1.5620250E+04  9.481E-02  9.550E-02  6.575E-02
  1.5620750E+04  5.946E-02  7.419E-02  9.519E-02
  1.5621250E+04 -2.830E-01 -1.999E-01  2.214E-01
  1.5621750E+04  1.230E-01  1.438E-01  1.732E-01
  1.5622250E+04  3.457E-01  2.884E-01  2.767E-03
  1.5622750E+04  2.150E-01  1.928E-01  7.104E-02
  1.5623250E+04  2.991E-01  2.110E-01 -1.839E-01
  1.5623750E+04  1.451E-01  1.939E-01  3.261E-01
  1.5624250E+04  2.985E-01  2.568E-01  3.915E-02
  1.5624750E+04  2.224E-01  2.209E-01  1.440E-01
  1.5625250E+04  1.516E-01  2.025E-01  3.087E-01
  1.5625750E+04  1.269E+00  1.046E+00 -9.187E-03
  1.5626250E+04  4.937E-01  6.041E-01  7.646E-01
  1.5626750E+04  2.099E+00  1.837E+00  3.506E-01
  1.5627250E+04  5.185E+00  4.824E+00  2.280E+00
  1.5627750E+04  8.824E+00  8.459E+00  4.759E+00
  1.5628250E+04  2.666E+01  2.480E+01  1.118E+01
  1.5628750E+04  6.870E+01  6.375E+01  2.815E+01
  1.5629250E+04  1.846E+02  1.696E+02  6.846E+01
  1.5629750E+04  4.517E+02  4.192E+02  1.875E+02
  1.5630250E+04  9.226E+02  8.517E+02  3.654E+02
  1.5630750E+04  1.540E+03  1.430E+03  6.507E+02
  1.5631250E+04  2.068E+03  1.943E+03  9.815E+02
  1.5631750E+04  2.283E+03  2.162E+03  1.167E+03
  1.5632250E+04  2.207E+03  2.097E+03  1.167E+03
  1.5632750E+04  1.804E+03  1.728E+03  1.023E+03
  1.5633250E+04  1.325E+03  1.278E+03  7.947E+02
  1.5633750E+04  8.663E+02  8.398E+02  5.450E+02
  1.5634250E+04  5.743E+02  5.485E+02  3.274E+02
  1.5634750E+04  3.792E+02  3.559E+02  1.895E+02
  1.5635250E+04  1.976E+02  1.950E+02  1.428E+02
  1.5635750E+04  1.064E+02  1.043E+02  7.478E+01
  1.5636250E+04  6.266E+01  6.231E+01  4.860E+01
  1.5636750E+04  1.960E+01  1.833E+01  1.129E+01
  1.5637250E+04  2.174E+01  1.679E+01 -3.962E+00
  1.5637750E+04 -1.938E+01 -1.575E+01  2.263E+00
  1.5638250E+04 -1.327E+01 -1.171E+01 -2.397E+00
  1.5638750E+04 -2.954E+01 -2.814E+01 -1.557E+01
  1.5639250E+04 -4.847E+01 -4.171E+01 -5.989E+00
  1.5639750E+04 -4.676E+01 -4.245E+01 -1.590E+01
  1.5640250E+04 -3.462E+01 -3.322E+01 -1.970E+01
  1.5640750E+04 -4.504E+01 -4.440E+01 -3.143E+01
  1.5641250E+04 -4.353E+01 -4.137E+01 -2.316E+01
  1.5641750E+04 -5.814E+01 -5.481E+01 -2.936E+01
  1.5642250E+04 -5.235E+01 -5.039E+01 -3.092E+01
  1.5642750E+04 -6.237E+01 -5.693E+01 -2.313E+01
  1.5643250E+04 -5.244E+01 -5.067E+01 -3.193E+01
  1.5643750E+04 -5.209E+01 -4.885E+01 -2.519E+01
  1.5644250E+04 -6.067E+01 -5.598E+01 -2.530E+01
  1.5644750E+04 -4.815E+01 -4.526E+01 -2.390E+01
  1.5645250E+04 -5.422E+01 -4.958E+01 -2.063E+01
  1.5645750E+04 -5.708E+01 -5.429E+01 -3.089E+01
  1.5646250E+04 -5.466E+01 -5.089E+01 -2.497E+01
  1.5646750E+04 -4.179E+01 -4.013E+01 -2.437E+01
  1.5647250E+04 -4.995E+01 -4.511E+01 -1.629E+01
  1.5647750E+04 -5.834E+01 -5.243E+01 -1.807E+01
  1.5648250E+04 -6.043E+01 -5.588E+01 -2.582E+01
  1.5648750E+04 -4.466E+01 -4.512E+01 -3.624E+01
  1.5649250E+04 -5.637E+01 -5.209E+01 -2.390E+01
  1.5649750E+04 -4.984E+01 -4.578E+01 -1.999E+01
  1.5650250E+04 -4.753E+01 -4.386E+01 -1.985E+01
  1.5650750E+04 -5.379E+01 -4.884E+01 -1.888E+01
  1.5651250E+04 -5.410E+01 -5.082E+01 -2.663E+01
  1.5651750E+04 -5.232E+01 -5.037E+01 -3.105E+01
  1.5652250E+04 -4.910E+01 -4.708E+01 -2.825E+01
  1.5652750E+04 -5.023E+01 -4.846E+01 -3.054E+01
  1.5653250E+04 -4.734E+01 -4.509E+01 -2.583E+01
  1.5653750E+04 -4.995E+01 -4.663E+01 -2.311E+01
  1.5654250E+04 -5.066E+01 -4.881E+01 -3.048E+01
  1.5654750E+04 -5.082E+01 -4.713E+01 -2.239E+01
  1.5655250E+04 -4.936E+01 -4.713E+01 -2.732E+01
  1.5655750E+04 -4.775E+01 -4.306E+01 -1.550E+01
  1.5656250E+04 -4.768E+01 -4.443E+01 -2.215E+01
  1.5656750E+04 -5.192E+01 -4.946E+01 -2.848E+01
  1.5657250E+04 -5.401E+01 -5.006E+01 -2.345E+01
  1.5657750E+04 -4.486E+01 -4.212E+01 -2.207E+01
  1.5658250E+04 -5.086E+01 -4.754E+01 -2.406E+01
  1.5658750E+04 -4.752E+01 -4.462E+01 -2.333E+01
  1.5659250E+04 -4.597E+01 -4.437E+01 -2.784E+01
  1.5659750E+04 -5.342E+01 -4.806E+01 -1.702E+01
  1.5660250E+04 -4.968E+01 -4.641E+01 -2.316E+01
  1.5660750E+04 -4.252E+01 -4.140E+01 -2.735E+01
  1.5661250E+04 -4.324E+01 -4.068E+01 -2.126E+01
  1.5661750E+04 -4.608E+01 -4.307E+01 -2.177E+01
  1.5662250E+04 -4.048E+01 -3.880E+01 -2.323E+01
  1.5662750E+04 -5.172E+01 -4.877E+01 -2.592E+01
  1.5663250E+04 -4.734E+01 -4.355E+01 -1.917E+01
  1.5663750E+04 -4.443E+01 -4.174E+01 -2.220E+01
  1.5664250E+04 -4.557E+01 -4.303E+01 -2.349E+01
  1.5664750E+04 -4.700E+01 -4.283E+01 -1.713E+01
  1.5665250E+04 -4.348E+01 -4.214E+01 -2.666E+01
  1.5665750E+04 -4.443E+01 -4.339E+01 -2.937E+01
  1.5666250E+04 -4.384E+01 -4.082E+01 -1.994E+01
  1.5666750E+04 -4.603E+01 -4.219E+01 -1.795E+01
  1.5667250E+04 -4.403E+01 -4.128E+01 -2.121E+01
  1.5667750E+04 -4.431E+01 -4.125E+01 -2.020E+01
  1.5668250E+04 -4.131E+01 -3.903E+01 -2.117E+01
  1.5668750E+04 -4.022E+01 -3.711E+01 -1.685E+01
  1.5669250E+04 -4.349E+01 -4.192E+01 -2.627E+01
  1.5669750E+04 -4.000E+01 -3.821E+01 -2.235E+01
  1.5670250E+04 -3.887E+01 -3.654E+01 -1.911E+01
  1.5670750E+04 -4.161E+01 -3.861E+01 -1.817E+01
  1.5671250E+04 -4.244E+01 -3.921E+01 -1.781E+01
  1.5671750E+04 -4.185E+01 -3.939E+01 -2.091E+01
  1.5672250E+04 -4.191E+01 -4.016E+01 -2.414E+01
  1.5672750E+04 -3.919E+01 -3.769E+01 -2.300E+01
  1.5673250E+04 -4.295E+01 -4.065E+01 -2.248E+01
  1.5673750E+04 -4.145E+01 -3.902E+01 -2.055E+01
  1.5674250E+04 -3.923E+01 -3.717E+01 -2.085E+01
  1.5674750E+04 -3.884E+01 -3.616E+01 -1.753E+01
  1.5675250E+04 -4.065E+01 -3.909E+01 -2.378E+01
  1.5675750E+04 -3.819E+01 -3.651E+01 -2.190E+01
  1.5676250E+04 -4.176E+01 -3.886E+01 -1.897E+01
  1.5676750E+04 -4.112E+01 -3.838E+01 -1.905E+01
  1.5677250E+04 -3.928E+01 -3.726E+01 -2.066E+01
  1.5677750E+04 -3.822E+01 -3.565E+01 -1.745E+01
  1.5678250E+04 -3.469E+01 -3.306E+01 -1.904E+01
  1.5678750E+04 -4.137E+01 -3.792E+01 -1.593E+01
  1.5679250E+04 -3.684E+01 -3.532E+01 -2.139E+01
  1.5679750E+04 -3.586E+01 -3.401E+01 -1.921E+01
  1.5680250E+04 -3.969E+01 -3.639E+01 -1.555E+01
  1.5680750E+04 -3.438E+01 -3.280E+01 -1.889E+01
  1.5681250E+04 -3.785E+01 -3.578E+01 -1.967E+01
  1.5681750E+04 -3.863E+01 -3.547E+01 -1.507E+01
  1.5682250E+04 -3.573E+01 -3.361E+01 -1.794E+01
  1.5682750E+04 -3.383E+01 -3.197E+01 -1.739E+01
  1.5683250E+04 -3.435E+01 -3.292E+01 -1.966E+01
  1.5683750E+04 -3.922E+01 -3.657E+01 -1.813E+01
  1.5684250E+04 -3.483E+01 -3.304E+01 -1.870E+01
  1.5684750E+04 -3.744E+01 -3.503E+01 -1.790E+01
  1.5685250E+04 -3.817E+01 -3.569E+01 -1.801E+01
  1.5685750E+04 -3.390E+01 -3.275E+01 -2.104E+01
  1.5686250E+04 -3.631E+01 -3.451E+01 -1.966E+01
  1.5686750E+04 -3.371E+01 -3.158E+01 -1.593E+01
  1.5687250E+04 -3.387E+01 -3.128E+01 -1.427E+01
  1.5687750E+04 -3.522E+01 -3.261E+01 -1.522E+01
  1.5688250E+04 -3.834E+01 -3.611E+01 -1.918E+01
  1.5688750E+04 -3.632E+01 -3.437E+01 -1.872E+01
  1.5689250E+04 -3.364E+01 -3.179E+01 -1.733E+01
  1.5689750E+04 -3.416E+01 -3.235E+01 -1.830E+01
  1.5690250E+04 -3.833E+01 -3.588E+01 -1.834E+01
  1.5690750E+04 -3.157E+01 -2.927E+01 -1.376E+01
  1.5691250E+04 -3.029E+01 -2.931E+01 -1.861E+01
  1.5691750E+04 -3.276E+01 -3.145E+01 -1.878E+01
  1.5692250E+04 -3.252E+01 -3.090E+01 -1.711E+01
  1.5692750E+04 -3.279E+01 -3.106E+01 -1.725E+01
  1.5693250E+04 -3.250E+01 -3.101E+01 -1.786E+01
  1.5693750E+04 -3.218E+01 -3.041E+01 -1.639E+01
  1.5694250E+04 -3.441E+01 -3.202E+01 -1.558E+01
  1.5694750E+04 -3.500E+01 -3.242E+01 -1.489E+01
  1.5695250E+04 -3.657E+01 -3.417E+01 -1.716E+01
  1.5695750E+04 -3.325E+01 -3.047E+01 -1.298E+01
  1.5696250E+04 -3.074E+01 -2.872E+01 -1.429E+01
  1.5696750E+04 -3.223E+01 -3.050E+01 -1.689E+01
  1.5697250E+04 -2.950E+01 -2.838E+01 -1.724E+01
  1.5697750E+04 -3.276E+01 -3.089E+01 -1.677E+01
  1.5698250E+04 -3.129E+01 -2.984E+01 -1.751E+01
  1.5698750E+04 -2.900E+01 -2.784E+01 -1.693E+01
  1.5699250E+04 -3.055E+01 -2.751E+01 -9.758E+00
  1.5699750E+04 -2.943E+01 -2.816E+01 -1.650E+01
  1.5700250E+04 -3.269E+01 -3.148E+01 -1.938E+01
  1.5700750E+04 -2.860E+01 -2.715E+01 -1.525E+01
  1.5701250E+04 -3.196E+01 -2.904E+01 -1.111E+01
  1.5701750E+04 -2.792E+01 -2.547E+01 -1.038E+01
  1.5702250E+04 -3.115E+01 -2.922E+01 -1.504E+01
  1.5702750E+04 -3.396E+01 -3.163E+01 -1.559E+01
  1.5703250E+04 -2.908E+01 -2.783E+01 -1.661E+01
  1.5703750E+04 -2.829E+01 -2.698E+01 -1.550E+01
  1.5704250E+04 -2.871E+01 -2.735E+01 -1.553E+01
  1.5704750E+04 -3.106E+01 -2.964E+01 -1.727E+01
  1.5705250E+04 -2.893E+01 -2.664E+01 -1.179E+01
  1.5705750E+04 -2.872E+01 -2.692E+01 -1.358E+01
  1.5706250E+04 -2.598E+01 -2.527E+01 -1.638E+01
  1.5706750E+04 -2.857E+01 -2.802E+01 -1.953E+01
  1.5707250E+04 -3.049E+01 -2.835E+01 -1.327E+01
  1.5707750E+04 -2.983E+01 -2.823E+01 -1.556E+01
  1.5708250E+04 -2.508E+01 -2.513E+01 -1.917E+01
  1.5708750E+04 -2.745E+01 -2.560E+01 -1.252E+01
  1.5709250E+04 -2.832E+01 -2.648E+01 -1.303E+01
  1.5709750E+04 -2.920E+01 -2.734E+01 -1.394E+01
  1.5710250E+04 -2.804E+01 -2.628E+01 -1.311E+01
  1.5710750E+04 -2.955E+01 -2.705E+01 -1.138E+01
  1.5711250E+04 -2.828E+01 -2.691E+01 -1.613E+01
  1.5711750E+04 -2.690E+01 -2.567E+01 -1.490E+01
  1.5712250E+04 -2.763E+01 -2.501E+01 -9.733E+00
  1.5712750E+04 -2.473E+01 -2.412E+01 -1.608E+01
  1.5713250E+04 -2.781E+01 -2.560E+01 -1.082E+01
  1.5713750E+04 -2.875E+01 -2.769E+01 -1.676E+01
  1.5714250E+04 -2.845E+01 -2.653E+01 -1.312E+01
  1.5714750E+04 -2.651E+01 -2.507E+01 -1.363E+01
  1.5715250E+04 -2.645E+01 -2.511E+01 -1.387E+01
  1.5715750E+04 -2.701E+01 -2.577E+01 -1.520E+01
  1.5716250E+04 -2.409E+01 -2.332E+01 -1.498E+01
  1.5716750E+04 -2.731E+01 -2.507E+01 -1.080E+01
  1.5717250E+04 -2.757E+01 -2.590E+01 -1.370E+01
  1.5717750E+04 -2.603E+01 -2.448E+01 -1.272E+01
  1.5718250E+04 -2.688E+01 -2.534E+01 -1.335E+01
  1.5718750E+04 -2.330E+01 -2.272E+01 -1.523E+01
  1.5719250E+04 -2.384E+01 -2.313E+01 -1.513E+01
  1.5719750E+04 -2.689E+01 -2.548E+01 -1.412E+01
  1.5720250E+04 -2.758E+01 -2.566E+01 -1.225E+01
  1.5720750E+04 -2.831E+01 -2.657E+01 -1.366E+01
  1.5721250E+04 -2.528E+01 -2.399E+01 -1.323E+01
  1.5721750E+04 -2.676E+01 -2.551E+01 -1.453E+01
  1.5722250E+04 -2.549E+01 -2.379E+01 -1.167E+01
  1.5722750E+04 -2.538E+01 -2.382E+01 -1.185E+01
  1.5723250E+04 -2.423E+01 -2.303E+01 -1.300E+01
  1.5723750E+04 -2.428E+01 -2.247E+01 -1.017E+01
  1.5724250E+04 -2.501E+01 -2.317E+01 -1.116E+01
  1.5724750E+04 -2.411E+01 -2.293E+01 -1.326E+01
  1.5725250E+04 -2.379E+01 -2.300E+01 -1.504E+01
  1.5725750E+04 -2.539E+01 -2.343E+01 -1.015E+01
  1.5726250E+04 -2.487E+01 -2.284E+01 -9.584E+00
  1.5726750E+04 -2.436E+01 -2.393E+01 -1.719E+01
  1.5727250E+04 -2.647E+01 -2.449E+01 -1.099E+01
  1.5727750E+04 -2.310E+01 -2.190E+01 -1.234E+01
  1.5728250E+04 -2.412E+01 -2.317E+01 -1.398E+01
  1.5728750E+04 -2.433E+01 -2.306E+01 -1.280E+01
  1.5729250E+04 -2.254E+01 -2.103E+01 -1.026E+01
  1.5729750E+04 -2.311E+01 -2.200E+01 -1.233E+01
  1.5730250E+04 -2.352E+01 -2.219E+01 -1.179E+01
  1.5730750E+04 -2.265E+01 -2.145E+01 -1.135E+01
  1.5731250E+04 -2.396E+01 -2.205E+01 -9.193E+00
  1.5731750E+04 -2.429E+01 -2.263E+01 -1.120E+01
  1.5732250E+04 -2.498E+01 -2.395E+01 -1.467E+01
  1.5732750E+04 -2.509E+01 -2.363E+01 -1.269E+01
  1.5733250E+04 -2.357E+01 -2.228E+01 -1.210E+01
  1.5733750E+04 -2.200E+01 -2.122E+01 -1.338E+01
  1.5734250E+04 -2.030E+01 -1.937E+01 -1.147E+01
  1.5734750E+04 -2.236E+01 -2.100E+01 -1.056E+01
  1.5735250E+04 -2.169E+01 -2.074E+01 -1.198E+01
  1.5735750E+04 -2.083E+01 -1.997E+01 -1.216E+01
  1.5736250E+04 -2.225E+01 -2.087E+01 -1.103E+01
  1.5736750E+04 -2.427E+01 -2.262E+01 -1.120E+01
  1.5737250E+04 -2.300E+01 -2.197E+01 -1.274E+01
  1.5737750E+04 -2.196E+01 -2.091E+01 -1.196E+01
  1.5738250E+04 -2.289E+01 -2.108E+01 -9.297E+00
  1.5738750E+04 -2.182E+01 -2.021E+01 -9.300E+00
  1.5739250E+04 -2.327E+01 -2.196E+01 -1.176E+01
  1.5739750E+04 -2.143E+01 -2.063E+01 -1.289E+01
  1.5740250E+04 -2.116E+01 -2.010E+01 -1.151E+01
  1.5740750E+04 -2.100E+01 -1.990E+01 -1.101E+01
  1.5741250E+04 -2.172E+01 -2.039E+01 -1.005E+01
  1.5741750E+04 -2.075E+01 -1.984E+01 -1.162E+01
  1.5742250E+04 -2.226E+01 -2.166E+01 -1.382E+01
  1.5742750E+04 -2.037E+01 -1.918E+01 -1.036E+01
  1.5743250E+04 -2.007E+01 -1.886E+01 -1.020E+01
  1.5743750E+04 -2.275E+01 -2.121E+01 -1.062E+01
  1.5744250E+04 -2.283E+01 -2.145E+01 -1.143E+01
  1.5744750E+04 -2.090E+01 -2.011E+01 -1.228E+01
  1.5745250E+04 -2.074E+01 -2.008E+01 -1.287E+01
  1.5745750E+04 -2.101E+01 -1.982E+01 -1.058E+01
  1.5746250E+04 -2.042E+01 -1.909E+01 -9.140E+00
  1.5746750E+04 -2.005E+01 -1.932E+01 -1.179E+01
  1.5747250E+04 -2.178E+01 -1.987E+01 -7.611E+00
  1.5747750E+04 -2.311E+01 -2.106E+01 -8.542E+00
  1.5748250E+04 -2.071E+01 -1.987E+01 -1.238E+01
  1.5748750E+04 -1.801E+01 -1.674E+01 -8.026E+00
  1.5749250E+04 -1.854E+01 -1.767E+01 -1.042E+01
  1.5749750E+04 -2.083E+01 -1.982E+01 -1.125E+01
  1.5750250E+04 -2.142E+01 -1.982E+01 -8.686E+00
  1.5750750E+04 -2.082E+01 -1.933E+01 -9.005E+00
  1.5751250E+04 -2.121E+01 -2.059E+01 -1.346E+01
  1.5751750E+04 -1.925E+01 -1.830E+01 -1.011E+01
  1.5752250E+04 -2.094E+01 -1.988E+01 -1.145E+01
  1.5752750E+04 -1.805E+01 -1.800E+01 -1.336E+01
  1.5753250E+04 -1.902E+01 -1.800E+01 -9.850E+00
  1.5753750E+04 -1.989E+01 -1.908E+01 -1.132E+01
  1.5754250E+04 -2.019E+01 -1.866E+01 -8.412E+00
  1.5754750E+04 -1.987E+01 -1.861E+01 -9.261E+00
  1.5755250E+04 -1.965E+01 -1.852E+01 -9.561E+00
  1.5755750E+04 -2.029E+01 -1.866E+01 -7.764E+00
  1.5756250E+04 -1.909E+01 -1.820E+01 -1.046E+01
  1.5756750E+04 -2.011E+01 -1.914E+01 -1.131E+01
  1.5757250E+04 -1.864E+01 -1.782E+01 -1.066E+01
  1.5757750E+04 -1.841E+01 -1.768E+01 -1.053E+01
  1.5758250E+04 -1.983E+01 -1.897E+01 -1.156E+01
  1.5758750E+04 -1.680E+01 -1.631E+01 -1.054E+01
  1.5759250E+04 -1.743E+01 -1.649E+01 -8.649E+00
  1.5759750E+04 -1.916E+01 -1.789E+01 -8.871E+00
  1.5760250E+04 -1.957E+01 -1.885E+01 -1.136E+01
  1.5760750E+04 -1.893E+01 -1.803E+01 -9.924E+00
  1.5761250E+04 -2.043E+01 -1.912E+01 -9.530E+00
  1.5761750E+04 -1.925E+01 -1.816E+01 -9.822E+00
  1.5762250E+04 -1.863E+01 -1.780E+01 -1.073E+01
  1.5762750E+04 -1.901E+01 -1.775E+01 -7.867E+00
  1.5763250E+04 -1.743E+01 -1.641E+01 -9.197E+00
  1.5763750E+04 -1.667E+01 -1.597E+01 -9.730E+00
  1.5764250E+04 -1.719E+01 -1.653E+01 -9.834E+00
  1.5764750E+04 -1.783E+01 -1.693E+01 -9.767E+00
  1.5765250E+04 -1.916E+01 -1.809E+01 -9.660E+00
  1.5765750E+04 -1.922E+01 -1.792E+01 -8.483E+00
  1.5766250E+04 -1.836E+01 -1.788E+01 -1.143E+01
  1.5766750E+04 -1.539E+01 -1.451E+01 -7.818E+00
  1.5767250E+04 -1.860E+01 -1.679E+01 -5.761E+00
  1.5767750E+04 -1.905E+01 -1.777E+01 -8.756E+00
  1.5768250E+04 -1.914E+01 -1.793E+01 -9.254E+00
  1.5768750E+04 -1.657E+01 -1.579E+01 -8.833E+00
  1.5769250E+04 -1.715E+01 -1.644E+01 -1.002E+01
  1.5769750E+04 -1.726E+01 -1.629E+01 -8.846E+00
  1.5770250E+04 -1.749E+01 -1.638E+01 -8.388E+00
  1.5770750E+04 -1.542E+01 -1.477E+01 -8.605E+00
  1.5771250E+04 -1.674E+01 -1.612E+01 -1.015E+01
  1.5771750E+04 -1.695E+01 -1.627E+01 -9.834E+00
  1.5772250E+04 -1.597E+01 -1.475E+01 -6.743E+00
  1.5772750E+04 -1.942E+01 -1.794E+01 -7.807E+00
  1.5773250E+04 -1.745E+01 -1.647E+01 -8.833E+00
  1.5773750E+04 -1.780E+01 -1.747E+01 -1.180E+01
  1.5774250E+04 -1.688E+01 -1.663E+01 -1.155E+01
  1.5774750E+04 -1.757E+01 -1.644E+01 -8.290E+00
  1.5775250E+04 -1.596E+01 -1.520E+01 -8.742E+00
  1.5775750E+04 -1.542E+01 -1.465E+01 -8.140E+00
  1.5776250E+04 -1.710E+01 -1.624E+01 -9.067E+00
  1.5776750E+04 -1.577E+01 -1.560E+01 -1.120E+01
  1.5777250E+04 -1.785E+01 -1.627E+01 -6.599E+00
  1.5777750E+04 -1.835E+01 -1.695E+01 -7.485E+00
  1.5778250E+04 -1.558E+01 -1.422E+01 -5.602E+00
  1.5778750E+04 -1.611E+01 -1.507E+01 -7.694E+00
  1.5779250E+04 -1.668E+01 -1.564E+01 -8.081E+00
  1.5779750E+04 -1.676E+01 -1.569E+01 -7.763E+00
  1.5780250E+04 -1.606E+01 -1.531E+01 -8.785E+00
  1.5780750E+04 -1.500E+01 -1.421E+01 -8.109E+00
  1.5781250E+04 -1.626E+01 -1.531E+01 -7.868E+00
  1.5781750E+04 -1.595E+01 -1.539E+01 -9.529E+00
  1.5782250E+04 -1.565E+01 -1.507E+01 -9.223E+00
  1.5782750E+04 -1.556E+01 -1.484E+01 -8.571E+00
  1.5783250E+04 -1.569E+01 -1.530E+01 -9.838E+00
  1.5783750E+04 -1.594E+01 -1.557E+01 -1.121E+01
  1.5784250E+04 -1.581E+01 -1.476E+01 -7.833E+00
  1.5784750E+04 -1.593E+01 -1.496E+01 -7.253E+00
  1.5785250E+04 -1.485E+01 -1.413E+01 -7.931E+00
  1.5785750E+04 -1.528E+01 -1.425E+01 -8.246E+00
  1.5786250E+04 -1.487E+01 -1.445E+01 -9.842E+00
  1.5786750E+04 -1.434E+01 -1.384E+01 -8.309E+00
  1.5787250E+04 -1.322E+01 -1.295E+01 -8.535E+00
  1.5787750E+04 -1.576E+01 -1.460E+01 -6.537E+00
  1.5788250E+04 -1.756E+01 -1.601E+01 -6.258E+00
  1.5788750E+04 -1.687E+01 -1.532E+01 -6.197E+00
  1.5789250E+04 -1.548E+01 -1.467E+01 -7.792E+00
  1.5789750E+04 -1.524E+01 -1.478E+01 -9.227E+00
  1.5790250E+04 -1.608E+01 -1.517E+01 -7.970E+00
  1.5790750E+04 -1.556E+01 -1.488E+01 -8.808E+00
  1.5791250E+04 -1.384E+01 -1.392E+01 -1.051E+01
  1.5791750E+04 -1.490E+01 -1.401E+01 -7.269E+00
  1.5792250E+04 -1.503E+01 -1.459E+01 -9.481E+00
  1.5792750E+04 -1.575E+01 -1.499E+01 -8.563E+00
  1.5793250E+04 -1.558E+01 -1.479E+01 -8.284E+00
  1.5793750E+04 -1.466E+01 -1.355E+01 -5.947E+00
  1.5794250E+04 -1.438E+01 -1.353E+01 -7.080E+00
  1.5794750E+04 -1.512E+01 -1.434E+01 -8.068E+00
  1.5795250E+04 -1.422E+01 -1.339E+01 -6.963E+00
  1.5795750E+04 -1.471E+01 -1.350E+01 -5.509E+00
  1.5796250E+04 -1.370E+01 -1.308E+01 -7.434E+00
  1.5796750E+04 -1.344E+01 -1.319E+01 -8.970E+00
  1.5797250E+04 -1.422E+01 -1.374E+01 -8.212E+00
  1.5797750E+04 -1.409E+01 -1.352E+01 -7.816E+00
  1.5798250E+04 -1.466E+01 -1.403E+01 -8.284E+00
  1.5798750E+04 -1.237E+01 -1.187E+01 -7.322E+00
  1.5799250E+04 -1.457E+01 -1.381E+01 -7.802E+00
  1.5799750E+04 -1.502E+01 -1.403E+01 -7.196E+00
  1.5800250E+04 -1.498E+01 -1.444E+01 -8.753E+00
  1.5800750E+04 -1.450E+01 -1.375E+01 -7.575E+00
  1.5801250E+04 -1.459E+01 -1.389E+01 -7.856E+00
  1.5801750E+04 -1.418E+01 -1.364E+01 -9.010E+00
  1.5802250E+04 -1.509E+01 -1.427E+01 -7.470E+00
  1.5802750E+04 -1.559E+01 -1.476E+01 -7.805E+00
  1.5803250E+04 -1.385E+01 -1.297E+01 -6.471E+00
  1.5803750E+04 -1.551E+01 -1.435E+01 -6.949E+00
  1.5804250E+04 -1.521E+01 -1.378E+01 -5.004E+00
  1.5804750E+04 -1.471E+01 -1.384E+01 -7.220E+00
  1.5805250E+04 -1.405E+01 -1.318E+01 -6.979E+00
  1.5805750E+04 -1.313E+01 -1.270E+01 -7.594E+00
  1.5806250E+04 -1.312E+01 -1.263E+01 -7.303E+00
  1.5806750E+04 -1.251E+01 -1.184E+01 -6.602E+00
  1.5807250E+04 -1.295E+01 -1.198E+01 -5.129E+00
  1.5807750E+04 -1.379E+01 -1.255E+01 -5.044E+00
  1.5808250E+04 -1.419E+01 -1.355E+01 -7.945E+00
  1.5808750E+04 -1.523E+01 -1.430E+01 -7.205E+00
  1.5809250E+04 -1.293E+01 -1.237E+01 -7.475E+00
  1.5809750E+04 -1.367E+01 -1.287E+01 -6.670E+00
  1.5810250E+04 -1.463E+01 -1.371E+01 -6.711E+00
  1.5810750E+04 -1.216E+01 -1.152E+01 -7.372E+00
  1.5811250E+04 -1.261E+01 -1.192E+01 -6.639E+00
  1.5811750E+04 -1.280E+01 -1.198E+01 -5.288E+00
  1.5812250E+04 -1.417E+01 -1.305E+01 -5.405E+00
  1.5812750E+04 -1.362E+01 -1.274E+01 -6.408E+00
  1.5813250E+04 -1.229E+01 -1.189E+01 -7.480E+00
  1.5813750E+04 -1.188E+01 -1.151E+01 -7.440E+00
  1.5814250E+04 -1.279E+01 -1.222E+01 -7.128E+00
  1.5814750E+04 -1.216E+01 -1.174E+01 -6.962E+00
  1.5815250E+04 -1.266E+01 -1.205E+01 -7.138E+00
  1.5815750E+04 -1.240E+01 -1.173E+01 -6.028E+00
  1.5816250E+04 -1.239E+01 -1.163E+01 -5.926E+00
  1.5816750E+04 -1.267E+01 -1.166E+01 -6.088E+00
  1.5817250E+04 -1.174E+01 -1.144E+01 -7.853E+00
  1.5817750E+04 -1.348E+01 -1.267E+01 -6.363E+00
  1.5818250E+04 -1.294E+01 -1.207E+01 -5.791E+00
  1.5818750E+04 -1.138E+01 -1.084E+01 -5.899E+00
  1.5819250E+04 -1.269E+01 -1.233E+01 -7.394E+00
  1.5819750E+04 -1.334E+01 -1.293E+01 -7.574E+00
  1.5820250E+04 -1.156E+01 -1.129E+01 -7.846E+00
  1.5820750E+04 -1.171E+01 -1.126E+01 -7.120E+00
  1.5821250E+04 -1.135E+01 -1.082E+01 -5.991E+00
  1.5821750E+04 -1.183E+01 -1.113E+01 -5.636E+00
  1.5822250E+04 -1.079E+01 -1.035E+01 -6.104E+00
  1.5822750E+04 -1.059E+01 -1.069E+01 -8.207E+00
  1.5823250E+04 -1.129E+01 -1.065E+01 -5.878E+00
  1.5823750E+04 -1.213E+01 -1.117E+01 -4.963E+00
  1.5824250E+04 -1.245E+01 -1.135E+01 -4.543E+00
  1.5824750E+04 -1.151E+01 -1.092E+01 -6.241E+00
  1.5825250E+04 -1.223E+01 -1.204E+01 -8.381E+00
  1.5825750E+04 -1.227E+01 -1.108E+01 -3.937E+00
  1.5826250E+04 -1.359E+01 -1.243E+01 -4.967E+00
  1.5826750E+04 -1.151E+01 -1.104E+01 -6.909E+00
  1.5827250E+04 -1.284E+01 -1.210E+01 -6.472E+00
  1.5827750E+04 -1.253E+01 -1.196E+01 -6.696E+00
  1.5828250E+04 -1.119E+01 -1.063E+01 -6.046E+00
  1.5828750E+04 -1.107E+01 -1.044E+01 -5.239E+00
  1.5829250E+04 -1.198E+01 -1.129E+01 -6.278E+00
  1.5829750E+04 -1.179E+01 -1.086E+01 -4.732E+00
  1.5830250E+04 -1.163E+01 -1.112E+01 -6.131E+00
  1.5830750E+04 -1.282E+01 -1.187E+01 -5.322E+00
  1.5831250E+04 -1.033E+01 -9.881E+00 -5.958E+00
  1.5831750E+04 -1.121E+01 -1.099E+01 -7.622E+00
  1.5832250E+04 -1.043E+01 -1.042E+01 -7.544E+00
  1.5832750E+04 -1.184E+01 -1.094E+01 -4.853E+00
  1.5833250E+04 -1.105E+01 -1.065E+01 -6.790E+00
  1.5833750E+04 -1.177E+01 -1.120E+01 -6.456E+00
  1.5834250E+04 -1.291E+01 -1.205E+01 -5.943E+00
  1.5834750E+04 -1.171E+01 -1.118E+01 -6.366E+00
  1.5835250E+04 -1.148E+01 -1.106E+01 -6.796E+00
  1.5835750E+04 -1.172E+01 -1.090E+01 -5.432E+00
  1.5836250E+04 -1.163E+01 -1.114E+01 -6.566E+00
  1.5836750E+04 -1.205E+01 -1.103E+01 -4.885E+00
  1.5837250E+04 -1.140E+01 -1.056E+01 -4.820E+00
  1.5837750E+04 -1.159E+01 -1.070E+01 -5.032E+00
  1.5838250E+04 -1.008E+01 -9.989E+00 -7.078E+00
  1.5838750E+04 -1.101E+01 -1.015E+01 -4.574E+00
  1.5839250E+04 -1.092E+01 -1.054E+01 -6.739E+00
  1.5839750E+04 -9.827E+00 -9.056E+00 -3.717E+00
  1.5840250E+04 -1.227E+01 -1.146E+01 -5.447E+00
  1.5840750E+04 -1.029E+01 -9.816E+00 -5.318E+00
  1.5841250E+04 -8.487E+00 -8.387E+00 -5.957E+00
  1.5841750E+04 -1.207E+01 -1.106E+01 -4.911E+00
  1.5842250E+04 -1.112E+01 -1.059E+01 -5.588E+00
  1.5842750E+04 -1.152E+01 -1.111E+01 -6.651E+00
  1.5843250E+04 -1.199E+01 -1.130E+01 -5.986E+00
  1.5843750E+04 -1.031E+01 -1.005E+01 -6.224E+00
  1.5844250E+04 -1.123E+01 -1.053E+01 -5.520E+00
  1.5844750E+04 -1.060E+01 -9.971E+00 -5.508E+00
  1.5845250E+04 -1.033E+01 -9.961E+00 -5.925E+00
  1.5845750E+04 -1.040E+01 -1.019E+01 -7.325E+00
  1.5846250E+04 -1.008E+01 -9.690E+00 -5.967E+00
  1.5846750E+04 -1.047E+01 -9.742E+00 -4.712E+00
  1.5847250E+04 -1.072E+01 -1.007E+01 -4.373E+00
  1.5847750E+04 -9.929E+00 -9.150E+00 -4.013E+00
  1.5848250E+04 -8.620E+00 -8.675E+00 -6.469E+00
  1.5848750E+04 -1.033E+01 -9.752E+00 -5.831E+00
  1.5849250E+04 -1.043E+01 -1.003E+01 -5.948E+00
  1.5849750E+04 -9.981E+00 -9.277E+00 -4.204E+00
  1.5850250E+04 -1.120E+01 -1.062E+01 -6.062E+00
  1.5850750E+04 -9.193E+00 -8.901E+00 -6.010E+00
  1.5851250E+04 -9.527E+00 -9.365E+00 -6.453E+00
  1.5851750E+04 -1.051E+01 -1.030E+01 -6.722E+00
  1.5852250E+04 -9.375E+00 -9.068E+00 -5.438E+00
  1.5852750E+04 -1.054E+01 -9.840E+00 -4.942E+00
  1.5853250E+04 -1.047E+01 -9.871E+00 -5.083E+00
  1.5853750E+04 -9.691E+00 -9.234E+00 -5.065E+00
  1.5854250E+04 -1.034E+01 -9.994E+00 -6.027E+00
  1.5854750E+04 -1.096E+01 -1.032E+01 -5.223E+00
  1.5855250E+04 -9.830E+00 -9.180E+00 -4.162E+00
  1.5855750E+04 -9.009E+00 -8.546E+00 -4.563E+00
  1.5856250E+04 -1.055E+01 -9.786E+00 -4.707E+00
  1.5856750E+04 -1.077E+01 -1.021E+01 -5.263E+00
  1.5857250E+04 -1.020E+01 -9.575E+00 -5.224E+00
  1.5857750E+04 -9.406E+00 -9.181E+00 -6.327E+00
  1.5858250E+04 -1.017E+01 -9.742E+00 -5.964E+00
  1.5858750E+04 -9.986E+00 -9.472E+00 -5.351E+00
  1.5859250E+04 -9.861E+00 -9.579E+00 -6.345E+00
  1.5859750E+04 -9.062E+00 -8.670E+00 -4.626E+00
  1.5860250E+04 -9.333E+00 -9.184E+00 -6.055E+00
  1.5860750E+04 -9.718E+00 -9.048E+00 -4.391E+00
  1.5861250E+04 -1.013E+01 -9.655E+00 -5.804E+00
  1.5861750E+04 -8.892E+00 -8.372E+00 -4.581E+00
  1.5862250E+04 -9.258E+00 -8.937E+00 -5.741E+00
  1.5862750E+04 -7.516E+00 -7.561E+00 -5.728E+00
  1.5863250E+04 -9.485E+00 -8.775E+00 -4.159E+00
  1.5863750E+04 -9.933E+00 -9.022E+00 -2.778E+00
  1.5864250E+04 -9.131E+00 -8.973E+00 -5.969E+00
  1.5864750E+04 -8.826E+00 -8.987E+00 -7.415E+00
  1.5865250E+04 -8.998E+00 -8.132E+00 -3.354E+00
  1.5865750E+04 -1.024E+01 -9.508E+00 -4.655E+00
  1.5866250E+04 -8.988E+00 -8.807E+00 -5.783E+00
  1.5866750E+04 -1.014E+01 -9.380E+00 -4.432E+00
  1.5867250E+04 -1.017E+01 -9.501E+00 -4.516E+00
  1.5867750E+04 -1.034E+01 -9.857E+00 -5.451E+00
  1.5868250E+04 -8.855E+00 -8.537E+00 -4.998E+00
  1.5868750E+04 -9.032E+00 -8.663E+00 -4.645E+00
  1.5869250E+04 -9.432E+00 -8.861E+00 -4.692E+00
  1.5869750E+04 -8.497E+00 -7.892E+00 -3.916E+00
  1.5870250E+04 -8.808E+00 -8.355E+00 -4.508E+00
  1.5870750E+04 -9.308E+00 -8.428E+00 -3.038E+00
  1.5871250E+04 -8.607E+00 -8.019E+00 -3.785E+00
  1.5871750E+04 -9.108E+00 -8.835E+00 -6.037E+00
  1.5872250E+04 -1.050E+01 -9.952E+00 -5.185E+00
  1.5872750E+04 -8.739E+00 -8.552E+00 -5.751E+00
  1.5873250E+04 -8.582E+00 -7.945E+00 -3.986E+00
  1.5873750E+04 -9.197E+00 -8.488E+00 -4.085E+00
  1.5874250E+04 -9.701E+00 -9.180E+00 -5.290E+00
  1.5874750E+04 -8.019E+00 -7.907E+00 -5.521E+00
  1.5875250E+04 -8.891E+00 -8.226E+00 -3.954E+00
  1.5875750E+04 -7.566E+00 -7.278E+00 -4.483E+00
  1.5876250E+04 -9.158E+00 -8.466E+00 -3.771E+00
  1.5876750E+04 -9.863E+00 -9.213E+00 -4.011E+00
  1.5877250E+04 -9.208E+00 -8.832E+00 -5.390E+00
  1.5877750E+04 -7.869E+00 -7.739E+00 -5.403E+00
  1.5878250E+04 -7.723E+00 -7.759E+00 -5.961E+00
  1.5878750E+04 -9.479E+00 -8.750E+00 -4.196E+00
  1.5879250E+04 -9.269E+00 -8.755E+00 -4.182E+00
  1.5879750E+04 -9.077E+00 -8.812E+00 -5.977E+00
  1.5880250E+04 -8.282E+00 -7.968E+00 -5.348E+00
  1.5880750E+04 -9.317E+00 -8.742E+00 -4.578E+00
  1.5881250E+04 -9.565E+00 -8.904E+00 -4.199E+00
  1.5881750E+04 -7.817E+00 -7.635E+00 -4.636E+00
  1.5882250E+04 -7.942E+00 -7.772E+00 -5.353E+00
  1.5882750E+04 -8.575E+00 -8.011E+00 -4.673E+00
  1.5883250E+04 -9.221E+00 -8.892E+00 -6.277E+00
  1.5883750E+04 -7.983E+00 -7.669E+00 -4.302E+00
  1.5884250E+04 -8.661E+00 -7.918E+00 -3.244E+00
  1.5884750E+04 -7.894E+00 -7.780E+00 -4.929E+00
  1.5885250E+04 -8.004E+00 -7.404E+00 -3.460E+00
  1.5885750E+04 -8.225E+00 -7.751E+00 -3.852E+00
  1.5886250E+04 -8.379E+00 -8.124E+00 -4.956E+00
  1.5886750E+04 -7.607E+00 -7.271E+00 -4.457E+00
  1.5887250E+04 -8.108E+00 -7.620E+00 -4.005E+00
  1.5887750E+04 -8.247E+00 -7.700E+00 -3.615E+00
  1.5888250E+04 -7.816E+00 -7.303E+00 -3.946E+00
  1.5888750E+04 -9.504E+00 -8.926E+00 -5.054E+00
  1.5889250E+04 -9.028E+00 -8.403E+00 -4.237E+00
  1.5889750E+04 -8.632E+00 -8.283E+00 -4.260E+00
  1.5890250E+04 -8.046E+00 -7.739E+00 -4.527E+00
  1.5890750E+04 -6.835E+00 -6.915E+00 -5.620E+00
  1.5891250E+04 -7.362E+00 -6.982E+00 -3.493E+00
  1.5891750E+04 -8.502E+00 -8.149E+00 -4.612E+00
  1.5892250E+04 -8.171E+00 -7.986E+00 -5.401E+00
  1.5892750E+04 -6.730E+00 -6.295E+00 -3.430E+00
  1.5893250E+04 -7.716E+00 -7.228E+00 -3.947E+00
  1.5893750E+04 -7.419E+00 -7.014E+00 -3.655E+00
  1.5894250E+04 -8.440E+00 -7.818E+00 -3.675E+00
  1.5894750E+04 -7.835E+00 -7.395E+00 -3.669E+00
  1.5895250E+04 -8.043E+00 -7.846E+00 -4.989E+00
  1.5895750E+04 -8.142E+00 -7.811E+00 -3.828E+00
  1.5896250E+04 -6.148E+00 -6.349E+00 -5.109E+00
  1.5896750E+04 -7.631E+00 -7.364E+00 -4.185E+00
  1.5897250E+04 -7.123E+00 -7.004E+00 -4.920E+00
  1.5897750E+04 -7.496E+00 -7.048E+00 -4.150E+00
  1.5898250E+04 -8.872E+00 -8.003E+00 -2.664E+00
  1.5898750E+04 -7.670E+00 -7.280E+00 -3.774E+00
  1.5899250E+04 -7.620E+00 -7.386E+00 -3.528E+00
  1.5899750E+04 -8.283E+00 -7.768E+00 -3.822E+00
  1.5900250E+04 -7.771E+00 -7.373E+00 -4.271E+00
  1.5900750E+04 -8.697E+00 -8.284E+00 -4.117E+00
  1.5901250E+04 -8.657E+00 -8.307E+00 -5.286E+00
  1.5901750E+04 -7.282E+00 -6.771E+00 -3.194E+00
  1.5902250E+04 -7.738E+00 -6.918E+00 -2.356E+00
  1.5902750E+04 -7.666E+00 -6.962E+00 -2.524E+00
  1.5903250E+04 -8.558E+00 -8.162E+00 -4.857E+00
  1.5903750E+04 -6.538E+00 -6.265E+00 -3.545E+00
  1.5904250E+04 -6.510E+00 -6.243E+00 -3.448E+00
  1.5904750E+04 -6.549E+00 -5.981E+00 -2.179E+00
  1.5905250E+04 -7.696E+00 -7.245E+00 -3.807E+00
  1.5905750E+04 -6.617E+00 -6.499E+00 -4.497E+00
  1.5906250E+04 -6.934E+00 -6.922E+00 -4.894E+00
  1.5906750E+04 -7.458E+00 -7.484E+00 -4.508E+00
  1.5907250E+04 -6.212E+00 -5.920E+00 -4.044E+00
  1.5907750E+04 -6.393E+00 -6.147E+00 -3.866E+00
  1.5908250E+04 -7.330E+00 -7.029E+00 -4.363E+00
  1.5908750E+04 -7.903E+00 -7.485E+00 -4.219E+00
  1.5909250E+04 -8.951E+00 -8.284E+00 -3.155E+00
  1.5909750E+04 -6.171E+00 -6.170E+00 -4.608E+00
  1.5910250E+04 -6.539E+00 -6.133E+00 -3.345E+00
  1.5910750E+04 -6.946E+00 -6.671E+00 -3.465E+00
  1.5911250E+04 -8.468E+00 -8.005E+00 -4.334E+00
  1.5911750E+04 -8.549E+00 -8.235E+00 -5.117E+00
  1.5912250E+04 -7.670E+00 -7.231E+00 -3.911E+00
  1.5912750E+04 -6.794E+00 -6.388E+00 -3.235E+00
  1.5913250E+04 -7.490E+00 -6.901E+00 -3.145E+00
  1.5913750E+04 -6.473E+00 -6.411E+00 -4.617E+00
  1.5914250E+04 -6.517E+00 -6.212E+00 -3.828E+00
  1.5914750E+04 -6.088E+00 -5.855E+00 -3.396E+00
  1.5915250E+04 -6.716E+00 -6.416E+00 -3.732E+00
  1.5915750E+04 -7.197E+00 -6.685E+00 -3.379E+00
  1.5916250E+04 -7.428E+00 -6.899E+00 -3.505E+00
  1.5916750E+04 -6.414E+00 -6.379E+00 -4.468E+00
  1.5917250E+04 -6.791E+00 -6.672E+00 -4.760E+00
  1.5917750E+04 -7.092E+00 -6.815E+00 -3.785E+00
  1.5918250E+04 -6.834E+00 -6.324E+00 -2.751E+00
  1.5918750E+04 -6.479E+00 -6.019E+00 -2.752E+00
  1.5919250E+04 -6.622E+00 -6.430E+00 -4.563E+00
  1.5919750E+04 -7.055E+00 -6.867E+00 -4.653E+00
  1.5920250E+04 -6.878E+00 -6.554E+00 -3.633E+00
  1.5920750E+04 -7.029E+00 -6.596E+00 -3.060E+00
  1.5921250E+04 -6.696E+00 -6.258E+00 -3.029E+00
  1.5921750E+04 -7.405E+00 -6.785E+00 -2.896E+00
  1.5922250E+04 -6.870E+00 -6.436E+00 -2.741E+00
  1.5922750E+04 -6.315E+00 -6.384E+00 -4.765E+00
  1.5923250E+04 -6.595E+00 -6.266E+00 -3.929E+00
  1.5923750E+04 -5.751E+00 -5.656E+00 -4.025E+00
  1.5924250E+04 -6.832E+00 -6.510E+00 -3.419E+00
  1.5924750E+04 -6.742E+00 -6.497E+00 -4.253E+00
  1.5925250E+04 -6.054E+00 -5.829E+00 -3.495E+00
  1.5925750E+04 -7.120E+00 -6.809E+00 -3.991E+00
  1.5926250E+04 -7.372E+00 -6.880E+00 -3.519E+00
  1.5926750E+04 -5.702E+00 -5.294E+00 -2.368E+00
  1.5927250E+04 -7.110E+00 -6.684E+00 -3.342E+00
  1.5927750E+04 -6.752E+00 -6.691E+00 -4.320E+00
  1.5928250E+04 -6.470E+00 -6.175E+00 -3.651E+00
  1.5928750E+04 -5.560E+00 -5.264E+00 -2.659E+00
  1.5929250E+04 -5.849E+00 -5.834E+00 -4.071E+00
  1.5929750E+04 -6.833E+00 -6.552E+00 -3.917E+00
  1.5930250E+04 -6.177E+00 -5.852E+00 -3.078E+00
  1.5930750E+04 -6.776E+00 -6.407E+00 -3.564E+00
  1.5931250E+04 -6.375E+00 -6.016E+00 -3.392E+00
  1.5931750E+04 -6.505E+00 -6.231E+00 -3.744E+00
  1.5932250E+04 -7.576E+00 -7.124E+00 -3.852E+00
  1.5932750E+04 -6.612E+00 -6.537E+00 -4.551E+00
  1.5933250E+04 -5.997E+00 -5.500E+00 -2.346E+00
  1.5933750E+04 -5.400E+00 -4.992E+00 -2.187E+00
  1.5934250E+04 -6.754E+00 -6.047E+00 -2.152E+00
  1.5934750E+04 -6.423E+00 -6.036E+00 -2.833E+00
  1.5935250E+04 -7.391E+00 -6.742E+00 -1.985E+00
  1.5935750E+04 -6.125E+00 -5.741E+00 -3.260E+00
  1.5936250E+04 -6.408E+00 -6.008E+00 -3.017E+00
  1.5936750E+04 -6.812E+00 -6.499E+00 -3.650E+00
  1.5937250E+04 -7.092E+00 -6.625E+00 -2.958E+00
  1.5937750E+04 -5.963E+00 -5.857E+00 -3.575E+00
  1.5938250E+04 -6.399E+00 -6.012E+00 -3.434E+00
  1.5938750E+04 -5.663E+00 -5.569E+00 -3.891E+00
  1.5939250E+04 -6.239E+00 -6.004E+00 -3.734E+00
  1.5939750E+04 -5.467E+00 -5.245E+00 -3.241E+00
  1.5940250E+04 -6.346E+00 -5.818E+00 -1.905E+00
  1.5940750E+04 -5.939E+00 -5.885E+00 -4.065E+00
  1.5941250E+04 -6.414E+00 -5.794E+00 -2.153E+00
  1.5941750E+04 -5.360E+00 -4.896E+00 -1.903E+00
  1.5942250E+04 -6.439E+00 -5.967E+00 -2.950E+00
  1.5942750E+04 -6.307E+00 -6.116E+00 -3.673E+00
  1.5943250E+04 -5.596E+00 -5.402E+00 -3.269E+00
  1.5943750E+04 -5.634E+00 -5.360E+00 -3.223E+00
  1.5944250E+04 -7.038E+00 -6.690E+00 -3.874E+00
  1.5944750E+04 -7.495E+00 -7.130E+00 -3.760E+00
  1.5945250E+04 -6.048E+00 -5.666E+00 -2.945E+00
  1.5945750E+04 -5.657E+00 -5.436E+00 -3.354E+00
  1.5946250E+04 -6.376E+00 -6.287E+00 -3.820E+00
  1.5946750E+04 -5.408E+00 -5.188E+00 -3.133E+00
  1.5947250E+04 -6.140E+00 -5.806E+00 -3.167E+00
  1.5947750E+04 -6.226E+00 -5.807E+00 -3.092E+00
  1.5948250E+04 -5.520E+00 -5.483E+00 -3.682E+00
  1.5948750E+04 -5.791E+00 -5.680E+00 -3.819E+00
  1.5949250E+04 -5.955E+00 -5.660E+00 -3.582E+00
  1.5949750E+04 -4.887E+00 -4.828E+00 -3.602E+00
  1.5950250E+04 -5.070E+00 -5.080E+00 -3.624E+00
  1.5950750E+04 -5.123E+00 -5.006E+00 -3.097E+00
  1.5951250E+04 -7.166E+00 -6.581E+00 -2.846E+00
  1.5951750E+04 -6.404E+00 -6.078E+00 -3.271E+00
  1.5952250E+04 -5.387E+00 -5.165E+00 -2.837E+00
  1.5952750E+04 -6.199E+00 -5.963E+00 -3.298E+00
  1.5953250E+04 -5.045E+00 -4.965E+00 -3.302E+00
  1.5953750E+04 -6.473E+00 -5.801E+00 -2.343E+00
  1.5954250E+04 -6.148E+00 -6.059E+00 -4.679E+00
  1.5954750E+04 -6.063E+00 -5.704E+00 -2.911E+00
  1.5955250E+04 -5.464E+00 -5.279E+00 -2.764E+00
  1.5955750E+04 -5.324E+00 -5.149E+00 -2.752E+00
  1.5956250E+04 -5.190E+00 -4.969E+00 -3.631E+00
  1.5956750E+04 -5.030E+00 -5.038E+00 -3.968E+00
  1.5957250E+04 -4.305E+00 -4.237E+00 -2.612E+00
  1.5957750E+04 -5.315E+00 -5.095E+00 -2.992E+00
  1.5958250E+04 -5.996E+00 -5.863E+00 -3.836E+00
  1.5958750E+04 -5.330E+00 -5.258E+00 -3.766E+00
  1.5959250E+04 -6.322E+00 -5.713E+00 -1.983E+00
  1.5959750E+04 -6.600E+00 -6.114E+00 -2.455E+00
  1.5960250E+04 -4.892E+00 -4.727E+00 -2.832E+00
  1.5960750E+04 -5.907E+00 -5.664E+00 -2.609E+00
  1.5961250E+04 -5.843E+00 -5.605E+00 -3.408E+00
  1.5961750E+04 -4.943E+00 -4.817E+00 -3.211E+00
  1.5962250E+04 -5.364E+00 -5.277E+00 -3.798E+00
  1.5962750E+04 -5.065E+00 -5.021E+00 -3.895E+00
  1.5963250E+04 -5.570E+00 -5.168E+00 -2.262E+00
  1.5963750E+04 -5.583E+00 -5.281E+00 -2.916E+00
  1.5964250E+04 -6.363E+00 -5.775E+00 -2.109E+00
  1.5964750E+04 -6.554E+00 -5.937E+00 -1.753E+00
  1.5965250E+04 -4.700E+00 -4.812E+00 -3.458E+00
  1.5965750E+04 -4.152E+00 -4.055E+00 -3.218E+00
  1.5966250E+04 -5.083E+00 -4.711E+00 -2.222E+00
  1.5966750E+04 -5.237E+00 -4.895E+00 -2.730E+00
  1.5967250E+04 -4.837E+00 -4.764E+00 -2.939E+00
  1.5967750E+04 -5.014E+00 -4.770E+00 -2.685E+00
  1.5968250E+04 -5.329E+00 -5.111E+00 -3.127E+00
  1.5968750E+04 -4.920E+00 -4.627E+00 -2.700E+00
  1.5969250E+04 -5.162E+00 -4.916E+00 -2.331E+00
  1.5969750E+04 -5.530E+00 -5.225E+00 -3.006E+00
  1.5970250E+04 -5.558E+00 -5.246E+00 -3.012E+00
  1.5970750E+04 -4.376E+00 -4.198E+00 -2.520E+00
  1.5971250E+04 -5.146E+00 -4.862E+00 -2.215E+00
  1.5971750E+04 -5.072E+00 -4.785E+00 -2.901E+00
  1.5972250E+04 -5.801E+00 -5.637E+00 -3.819E+00
  1.5972750E+04 -5.602E+00 -5.273E+00 -2.576E+00
  1.5973250E+04 -5.289E+00 -5.020E+00 -2.822E+00
  1.5973750E+04 -4.952E+00 -4.896E+00 -2.949E+00
  1.5974250E+04 -5.426E+00 -5.349E+00 -3.408E+00
  1.5974750E+04 -4.692E+00 -4.560E+00 -2.914E+00
  1.5975250E+04 -5.066E+00 -4.577E+00 -1.663E+00
  1.5975750E+04 -5.540E+00 -5.234E+00 -2.991E+00
  1.5976250E+04 -4.928E+00 -4.592E+00 -1.972E+00
  1.5976750E+04 -4.833E+00 -4.854E+00 -3.510E+00
  1.5977250E+04 -5.775E+00 -5.516E+00 -3.081E+00
  1.5977750E+04 -5.084E+00 -4.872E+00 -2.505E+00
  1.5978250E+04 -3.954E+00 -3.897E+00 -3.044E+00
  1.5978750E+04 -4.810E+00 -4.407E+00 -2.175E+00
  1.5979250E+04 -5.355E+00 -5.268E+00 -3.642E+00
  1.5979750E+04 -5.140E+00 -4.849E+00 -2.484E+00
  1.5980250E+04 -4.320E+00 -4.302E+00 -2.919E+00
  1.5980750E+04 -5.054E+00 -4.920E+00 -2.991E+00
  1.5981250E+04 -5.519E+00 -5.242E+00 -2.688E+00
  1.5981750E+04 -5.090E+00 -4.742E+00 -2.871E+00
  1.5982250E+04 -4.519E+00 -4.417E+00 -3.087E+00
  1.5982750E+04 -4.688E+00 -4.462E+00 -2.157E+00
  1.5983250E+04 -4.714E+00 -4.623E+00 -3.027E+00
  1.5983750E+04 -5.753E+00 -5.489E+00 -2.879E+00
  1.5984250E+04 -4.466E+00 -4.309E+00 -2.643E+00
  1.5984750E+04 -5.386E+00 -5.084E+00 -2.862E+00
  1.5985250E+04 -5.132E+00 -4.844E+00 -2.515E+00
  1.5985750E+04 -5.267E+00 -4.830E+00 -1.972E+00
  1.5986250E+04 -4.398E+00 -4.210E+00 -2.362E+00
  1.5986750E+04 -4.919E+00 -4.433E+00 -1.705E+00
  1.5987250E+04 -4.323E+00 -4.286E+00 -2.827E+00
  1.5987750E+04 -4.401E+00 -4.497E+00 -3.226E+00
  1.5988250E+04 -5.114E+00 -4.941E+00 -2.551E+00
  1.5988750E+04 -4.576E+00 -4.131E+00 -1.639E+00
  1.5989250E+04 -4.337E+00 -4.134E+00 -2.621E+00
  1.5989750E+04 -4.865E+00 -4.388E+00 -1.886E+00
  1.5990250E+04 -5.132E+00 -4.559E+00 -1.404E+00
  1.5990750E+04 -4.405E+00 -4.305E+00 -3.044E+00
  1.5991250E+04 -3.802E+00 -3.653E+00 -2.505E+00
  1.5991750E+04 -4.922E+00 -4.804E+00 -2.853E+00
  1.5992250E+04 -4.902E+00 -4.811E+00 -3.263E+00
  1.5992750E+04 -4.880E+00 -4.549E+00 -2.268E+00
  1.5993250E+04 -4.681E+00 -4.290E+00 -2.098E+00
  1.5993750E+04 -4.431E+00 -4.355E+00 -3.012E+00
  1.5994250E+04 -3.556E+00 -3.511E+00 -2.217E+00
  1.5994750E+04 -4.512E+00 -4.353E+00 -2.394E+00
  1.5995250E+04 -5.697E+00 -5.430E+00 -2.943E+00
  1.5995750E+04 -4.505E+00 -4.557E+00 -3.003E+00
  1.5996250E+04 -4.362E+00 -4.051E+00 -2.201E+00
  1.5996750E+04 -4.351E+00 -4.198E+00 -2.497E+00
  1.5997250E+04 -4.868E+00 -4.591E+00 -2.407E+00
  1.5997750E+04 -4.233E+00 -4.302E+00 -3.150E+00
  1.5998250E+04 -4.499E+00 -4.306E+00 -2.691E+00
  1.5998750E+04 -3.895E+00 -3.757E+00 -2.144E+00
  1.5999250E+04 -5.410E+00 -5.108E+00 -2.785E+00
  1.5999750E+04 -4.106E+00 -3.828E+00 -1.786E+00
  1.6000250E+04 -4.531E+00 -4.286E+00 -2.046E+00
  1.6000750E+04 -4.907E+00 -4.617E+00 -2.305E+00
  1.6001250E+04 -5.192E+00 -4.634E+00 -1.195E+00
  1.6001750E+04 -4.045E+00 -3.799E+00 -2.051E+00
  1.6002250E+04 -5.039E+00 -4.538E+00 -1.554E+00
  1.6002750E+04 -4.230E+00 -4.049E+00 -2.309E+00
  1.6003250E+04 -3.395E+00 -3.368E+00 -2.452E+00
  1.6003750E+04 -4.484E+00 -4.331E+00 -2.844E+00
  1.6004250E+04 -4.504E+00 -4.053E+00 -1.784E+00
  1.6004750E+04 -4.240E+00 -4.090E+00 -2.503E+00
  1.6005250E+04 -4.299E+00 -4.114E+00 -2.383E+00
  1.6005750E+04 -4.561E+00 -4.379E+00 -2.705E+00
  1.6006250E+04 -3.930E+00 -3.760E+00 -2.362E+00
  1.6006750E+04 -4.238E+00 -3.799E+00 -1.138E+00
  1.6007250E+04 -3.780E+00 -3.691E+00 -2.749E+00
  1.6007750E+04 -3.696E+00 -3.314E+00 -1.773E+00
  1.6008250E+04 -3.707E+00 -3.653E+00 -2.393E+00
  1.6008750E+04 -4.232E+00 -4.471E+00 -3.620E+00
  1.6009250E+04 -4.295E+00 -4.292E+00 -3.447E+00
  1.6009750E+04 -4.640E+00 -4.467E+00 -2.237E+00
  1.6010250E+04 -4.781E+00 -4.322E+00 -9.124E-01
  1.6010750E+04 -4.521E+00 -4.173E+00 -1.636E+00
  1.6011250E+04 -4.466E+00 -4.187E+00 -2.419E+00
  1.6011750E+04 -4.653E+00 -4.549E+00 -2.867E+00
  1.6012250E+04 -4.433E+00 -4.273E+00 -2.427E+00
  1.6012750E+04 -4.047E+00 -3.698E+00 -1.684E+00
  1.6013250E+04 -4.701E+00 -4.285E+00 -1.331E+00
  1.6013750E+04 -4.108E+00 -3.959E+00 -2.571E+00
  1.6014250E+04 -4.088E+00 -4.005E+00 -2.187E+00
  1.6014750E+04 -4.772E+00 -4.456E+00 -2.487E+00
  1.6015250E+04 -4.562E+00 -4.370E+00 -2.820E+00
  1.6015750E+04 -3.826E+00 -3.687E+00 -2.391E+00
  1.6016250E+04 -3.892E+00 -3.737E+00 -2.196E+00
  1.6016750E+04 -4.168E+00 -3.789E+00 -9.866E-01
  1.6017250E+04 -3.745E+00 -3.487E+00 -2.165E+00
  1.6017750E+04 -3.907E+00 -3.647E+00 -1.969E+00
  1.6018250E+04 -4.785E+00 -4.559E+00 -3.024E+00
  1.6018750E+04 -4.345E+00 -4.024E+00 -1.762E+00
  1.6019250E+04 -4.576E+00 -4.377E+00 -2.058E+00
  1.6019750E+04 -3.579E+00 -3.454E+00 -2.017E+00
  1.6020250E+04 -3.635E+00 -3.666E+00 -2.417E+00
  1.6020750E+04 -4.095E+00 -4.014E+00 -2.542E+00
  1.6021250E+04 -4.288E+00 -3.943E+00 -1.708E+00
  1.6021750E+04 -4.008E+00 -3.864E+00 -2.551E+00
  1.6022250E+04 -3.952E+00 -3.817E+00 -2.176E+00
  1.6022750E+04 -4.500E+00 -4.320E+00 -2.607E+00
  1.6023250E+04 -4.832E+00 -4.550E+00 -2.415E+00
  1.6023750E+04 -3.441E+00 -3.430E+00 -2.478E+00
  1.6024250E+04 -4.193E+00 -3.901E+00 -1.880E+00
  1.6024750E+04 -4.191E+00 -4.005E+00 -2.209E+00
  1.6025250E+04 -3.986E+00 -3.921E+00 -2.768E+00
  1.6025750E+04 -4.224E+00 -3.984E+00 -2.320E+00
  1.6026250E+04 -3.712E+00 -3.559E+00 -1.884E+00
  1.6026750E+04 -4.399E+00 -4.307E+00 -2.816E+00
  1.6027250E+04 -3.301E+00 -3.356E+00 -2.677E+00
  1.6027750E+04 -4.055E+00 -3.856E+00 -2.229E+00
  1.6028250E+04 -4.422E+00 -3.873E+00 -6.917E-01
  1.6028750E+04 -3.867E+00 -3.616E+00 -1.762E+00
  1.6029250E+04 -3.093E+00 -3.251E+00 -3.356E+00
  1.6029750E+04 -3.961E+00 -3.818E+00 -2.294E+00
  1.6030250E+04 -3.653E+00 -3.451E+00 -1.885E+00
  1.6030750E+04 -4.065E+00 -3.860E+00 -2.125E+00
  1.6031250E+04 -4.490E+00 -4.135E+00 -1.745E+00
  1.6031750E+04 -3.676E+00 -3.440E+00 -1.654E+00
  1.6032250E+04 -3.551E+00 -3.371E+00 -1.898E+00
  1.6032750E+04 -3.663E+00 -3.538E+00 -2.149E+00
  1.6033250E+04 -3.740E+00 -3.557E+00 -1.596E+00
  1.6033750E+04 -3.374E+00 -3.235E+00 -1.652E+00
  1.6034250E+04 -3.864E+00 -3.606E+00 -1.421E+00
  1.6034750E+04 -3.902E+00 -3.764E+00 -2.418E+00
  1.6035250E+04 -3.382E+00 -3.231E+00 -2.396E+00
  1.6035750E+04 -4.033E+00 -3.677E+00 -1.330E+00
  1.6036250E+04 -3.462E+00 -3.498E+00 -2.547E+00
  1.6036750E+04 -3.252E+00 -3.220E+00 -2.249E+00
  1.6037250E+04 -3.887E+00 -3.649E+00 -2.032E+00
  1.6037750E+04 -3.995E+00 -3.715E+00 -1.995E+00
  1.6038250E+04 -4.185E+00 -3.876E+00 -2.123E+00
  1.6038750E+04 -3.603E+00 -3.555E+00 -2.815E+00
  1.6039250E+04 -3.092E+00 -3.012E+00 -1.733E+00
  1.6039750E+04 -4.284E+00 -4.082E+00 -2.079E+00
  1.6040250E+04 -3.779E+00 -3.677E+00 -2.271E+00
  1.6040750E+04 -4.013E+00 -3.729E+00 -1.695E+00
  1.6041250E+04 -3.639E+00 -3.409E+00 -1.638E+00
  1.6041750E+04 -3.331E+00 -3.223E+00 -2.435E+00
  1.6042250E+04 -4.145E+00 -3.913E+00 -2.410E+00
  1.6042750E+04 -4.342E+00 -4.138E+00 -2.163E+00
  1.6043250E+04 -3.461E+00 -3.304E+00 -1.922E+00
  1.6043750E+04 -3.683E+00 -3.676E+00 -2.601E+00
  1.6044250E+04 -3.970E+00 -3.532E+00 -1.351E+00
  1.6044750E+04 -3.779E+00 -3.560E+00 -1.877E+00
  1.6045250E+04 -3.936E+00 -3.817E+00 -2.681E+00
  1.6045750E+04 -3.608E+00 -3.489E+00 -1.997E+00
  1.6046250E+04 -3.479E+00 -3.308E+00 -1.897E+00
  1.6046750E+04 -3.893E+00 -3.753E+00 -2.433E+00
  1.6047250E+04 -2.985E+00 -2.927E+00 -2.391E+00
  1.6047750E+04 -3.473E+00 -3.355E+00 -1.981E+00
  1.6048250E+04 -3.856E+00 -3.596E+00 -1.782E+00
  1.6048750E+04 -3.309E+00 -3.091E+00 -1.495E+00
  1.6049250E+04 -3.508E+00 -3.383E+00 -1.876E+00
  1.6049750E+04 -3.748E+00 -3.362E+00 -1.534E+00
  1.6050250E+04 -3.192E+00 -3.001E+00 -1.519E+00
  1.6050750E+04 -3.623E+00 -3.555E+00 -2.360E+00
  1.6051250E+04 -3.516E+00 -3.412E+00 -2.155E+00
  1.6051750E+04 -3.752E+00 -3.482E+00 -1.846E+00
  1.6052250E+04 -3.463E+00 -3.392E+00 -2.110E+00
  1.6052750E+04 -3.869E+00 -3.571E+00 -1.433E+00
  1.6053250E+04 -3.452E+00 -3.054E+00 -1.017E+00
  1.6053750E+04 -3.108E+00 -3.079E+00 -2.310E+00
  1.6054250E+04 -3.373E+00 -3.437E+00 -2.454E+00
  1.6054750E+04 -3.297E+00 -3.315E+00 -2.710E+00
  1.6055250E+04 -3.961E+00 -3.425E+00 -1.502E+00
  1.6055750E+04 -3.763E+00 -3.607E+00 -2.338E+00
  1.6056250E+04 -3.275E+00 -3.016E+00 -1.590E+00
  1.6056750E+04 -2.979E+00 -2.977E+00 -2.249E+00
  1.6057250E+04 -3.345E+00 -3.169E+00 -2.017E+00
  1.6057750E+04 -3.071E+00 -2.751E+00 -1.231E+00
  1.6058250E+04 -2.765E+00 -2.661E+00 -1.528E+00
  1.6058750E+04 -3.239E+00 -3.103E+00 -1.832E+00
  1.6059250E+04 -3.129E+00 -2.795E+00 -8.705E-01
  1.6059750E+04 -3.477E+00 -3.422E+00 -2.423E+00
  1.6060250E+04 -3.274E+00 -2.899E+00 -1.111E+00
  1.6060750E+04 -3.522E+00 -3.586E+00 -2.558E+00
  1.6061250E+04 -3.515E+00 -3.212E+00 -1.343E+00
  1.6061750E+04 -4.086E+00 -3.930E+00 -1.739E+00
  1.6062250E+04 -3.014E+00 -3.046E+00 -2.183E+00
  1.6062750E+04 -3.687E+00 -3.530E+00 -2.493E+00
  1.6063250E+04 -3.346E+00 -3.226E+00 -1.628E+00
  1.6063750E+04 -3.774E+00 -3.539E+00 -1.097E+00
  1.6064250E+04 -2.909E+00 -2.880E+00 -2.239E+00
  1.6064750E+04 -3.169E+00 -3.183E+00 -2.374E+00
  1.6065250E+04 -3.411E+00 -3.153E+00 -1.339E+00
  1.6065750E+04 -2.943E+00 -2.712E+00 -8.286E-01
  1.6066250E+04 -3.452E+00 -3.455E+00 -2.308E+00
  1.6066750E+04 -3.651E+00 -3.732E+00 -2.857E+00
  1.6067250E+04 -3.524E+00 -3.222E+00 -1.360E+00
  1.6067750E+04 -3.458E+00 -3.016E+00 -5.370E-01
  1.6068250E+04 -3.567E+00 -3.345E+00 -1.823E+00
  1.6068750E+04 -3.587E+00 -3.463E+00 -2.612E+00
  1.6069250E+04 -3.665E+00 -3.049E+00 -5.689E-01
  1.6069750E+04 -3.090E+00 -3.015E+00 -2.291E+00
  1.6070250E+04 -2.699E+00 -2.630E+00 -2.604E+00
  1.6070750E+04 -2.684E+00 -2.595E+00 -1.542E+00
  1.6071250E+04 -3.054E+00 -2.929E+00 -1.256E+00
  1.6071750E+04 -2.855E+00 -2.860E+00 -1.475E+00
  1.6072250E+04 -3.548E+00 -3.377E+00 -1.860E+00
  1.6072750E+04 -3.328E+00 -3.275E+00 -2.211E+00
  1.6073250E+04 -2.600E+00 -2.546E+00 -1.510E+00
  1.6073750E+04 -3.477E+00 -3.201E+00 -8.203E-01
  1.6074250E+04 -2.849E+00 -2.902E+00 -2.310E+00
  1.6074750E+04 -3.448E+00 -3.291E+00 -1.949E+00
  1.6075250E+04 -2.822E+00 -2.776E+00 -1.965E+00
  1.6075750E+04 -3.488E+00 -3.257E+00 -1.621E+00
  1.6076250E+04 -3.052E+00 -2.945E+00 -1.687E+00
  1.6076750E+04 -3.290E+00 -3.068E+00 -1.221E+00
  1.6077250E+04 -3.644E+00 -3.338E+00 -1.203E+00
  1.6077750E+04 -3.203E+00 -3.109E+00 -1.820E+00
  1.6078250E+04 -2.166E+00 -2.243E+00 -1.843E+00
  1.6078750E+04 -3.337E+00 -3.398E+00 -2.959E+00
  1.6079250E+04 -2.786E+00 -2.773E+00 -1.847E+00
  1.6079750E+04 -3.450E+00 -3.153E+00 -1.019E+00
  1.6080250E+04 -3.504E+00 -3.022E+00 -6.424E-01
  1.6080750E+04 -3.652E+00 -3.313E+00 -1.598E+00
  1.6081250E+04 -3.238E+00 -3.204E+00 -2.225E+00
  1.6081750E+04 -3.082E+00 -3.014E+00 -1.585E+00
  1.6082250E+04 -3.605E+00 -3.209E+00 -1.110E+00
  1.6082750E+04 -2.825E+00 -2.742E+00 -1.160E+00
  1.6083250E+04 -2.701E+00 -2.878E+00 -2.671E+00
  1.6083750E+04 -3.235E+00 -3.207E+00 -2.278E+00
  1.6084250E+04 -3.529E+00 -3.508E+00 -2.577E+00
  1.6084750E+04 -3.127E+00 -2.935E+00 -1.465E+00
  1.6085250E+04 -3.221E+00 -2.969E+00 -1.387E+00
  1.6085750E+04 -2.440E+00 -2.386E+00 -1.384E+00
  1.6086250E+04 -3.137E+00 -2.761E+00 -3.916E-01
  1.6086750E+04 -2.918E+00 -2.613E+00 -8.851E-01
  1.6087250E+04 -3.754E+00 -3.449E+00 -1.408E+00
  1.6087750E+04 -3.488E+00 -3.419E+00 -2.088E+00
  1.6088250E+04 -3.136E+00 -2.999E+00 -1.673E+00
  1.6088750E+04 -3.149E+00 -2.813E+00 -9.942E-01
  1.6089250E+04 -2.703E+00 -2.763E+00 -2.010E+00
  1.6089750E+04 -2.756E+00 -2.723E+00 -1.816E+00
  1.6090250E+04 -3.044E+00 -2.747E+00 -1.094E+00
  1.6090750E+04 -2.892E+00 -2.439E+00 -8.273E-01
  1.6091250E+04 -2.463E+00 -2.293E+00 -1.705E+00
  1.6091750E+04 -2.448E+00 -2.599E+00 -2.586E+00
  1.6092250E+04 -2.800E+00 -2.790E+00 -1.445E+00
  1.6092750E+04 -2.799E+00 -2.681E+00 -1.512E+00
  1.6093250E+04 -3.212E+00 -3.116E+00 -2.009E+00
  1.6093750E+04 -3.277E+00 -2.969E+00 -1.151E+00
  1.6094250E+04 -2.978E+00 -2.751E+00 -1.513E+00
  1.6094750E+04 -3.814E+00 -3.602E+00 -1.850E+00
  1.6095250E+04 -2.593E+00 -2.523E+00 -1.337E+00
  1.6095750E+04 -2.535E+00 -2.368E+00 -1.459E+00
  1.6096250E+04 -2.001E+00 -1.995E+00 -1.870E+00
  1.6096750E+04 -2.744E+00 -2.728E+00 -1.896E+00
  1.6097250E+04 -2.833E+00 -2.722E+00 -1.660E+00
  1.6097750E+04 -3.568E+00 -3.293E+00 -1.336E+00
  1.6098250E+04 -2.942E+00 -2.738E+00 -1.400E+00
  1.6098750E+04 -3.694E+00 -3.295E+00 -1.535E+00
  1.6099250E+04 -2.837E+00 -2.600E+00 -8.433E-01
  1.6099750E+04 -2.631E+00 -2.655E+00 -1.332E+00
  1.6100250E+04 -2.481E+00 -2.320E+00 -8.670E-01
  1.6100750E+04 -2.683E+00 -2.549E+00 -1.469E+00
  1.6101250E+04 -2.618E+00 -2.443E+00 -1.189E+00
  1.6101750E+04 -3.177E+00 -2.882E+00 -1.275E+00
  1.6102250E+04 -3.403E+00 -3.289E+00 -2.271E+00
  1.6102750E+04 -2.321E+00 -2.508E+00 -2.509E+00
  1.6103250E+04 -2.268E+00 -2.281E+00 -1.651E+00
  1.6103750E+04 -2.764E+00 -2.694E+00 -1.807E+00
  1.6104250E+04 -2.851E+00 -2.833E+00 -1.677E+00
  1.6104750E+04 -2.819E+00 -2.780E+00 -1.707E+00
  1.6105250E+04 -2.973E+00 -2.840E+00 -1.869E+00
  1.6105750E+04 -2.899E+00 -2.626E+00 -9.579E-01
  1.6106250E+04 -3.204E+00 -2.974E+00 -1.286E+00
  1.6106750E+04 -2.247E+00 -2.295E+00 -2.011E+00
  1.6107250E+04 -2.604E+00 -2.538E+00 -1.813E+00
  1.6107750E+04 -3.018E+00 -2.881E+00 -1.894E+00
  1.6108250E+04 -2.781E+00 -2.548E+00 -8.440E-01
  1.6108750E+04 -2.570E+00 -2.401E+00 -1.050E+00
  1.6109250E+04 -2.875E+00 -2.698E+00 -1.257E+00
  1.6109750E+04 -2.341E+00 -2.225E+00 -1.119E+00
  1.6110250E+04 -2.692E+00 -2.496E+00 -1.438E+00
  1.6110750E+04 -3.273E+00 -3.073E+00 -1.828E+00
  1.6111250E+04 -3.053E+00 -2.814E+00 -1.410E+00
  1.6111750E+04 -2.240E+00 -2.306E+00 -1.975E+00
  1.6112250E+04 -2.943E+00 -2.726E+00 -1.098E+00
  1.6112750E+04 -2.125E+00 -2.243E+00 -1.566E+00
  1.6113250E+04 -2.737E+00 -2.493E+00 -9.216E-01
  1.6113750E+04 -3.065E+00 -2.908E+00 -1.763E+00
  1.6114250E+04 -2.609E+00 -2.446E+00 -1.453E+00
  1.6114750E+04 -3.027E+00 -3.068E+00 -2.204E+00
  1.6115250E+04 -2.723E+00 -2.755E+00 -1.981E+00
  1.6115750E+04 -2.871E+00 -2.599E+00 -9.372E-01
  1.6116250E+04 -2.907E+00 -2.510E+00 -4.458E-01
  1.6116750E+04 -1.991E+00 -1.959E+00 -1.507E+00
  1.6117250E+04 -2.956E+00 -2.919E+00 -2.099E+00
  1.6117750E+04 -2.910E+00 -2.629E+00 -1.149E+00
  1.6118250E+04 -2.215E+00 -2.201E+00 -1.635E+00
  1.6118750E+04 -2.126E+00 -2.146E+00 -1.259E+00
  1.6119250E+04 -2.452E+00 -2.106E+00 -4.297E-01
  1.6119750E+04 -2.606E+00 -2.441E+00 -1.147E+00
  1.6120250E+04 -2.601E+00 -2.553E+00 -1.566E+00
  1.6120750E+04 -2.343E+00 -2.237E+00 -1.430E+00
  1.6121250E+04 -2.346E+00 -2.337E+00 -1.855E+00
  1.6121750E+04 -2.616E+00 -2.519E+00 -1.636E+00
  1.6122250E+04 -2.059E+00 -1.914E+00 -1.255E+00
  1.6122750E+04 -2.935E+00 -2.801E+00 -1.645E+00
  1.6123250E+04 -2.593E+00 -2.364E+00 -1.317E+00
  1.6123750E+04 -2.851E+00 -2.900E+00 -1.911E+00
  1.6124250E+04 -3.446E+00 -3.257E+00 -1.492E+00
  1.6124750E+04 -2.056E+00 -2.163E+00 -1.855E+00
  1.6125250E+04 -2.770E+00 -2.571E+00 -1.397E+00
  1.6125750E+04 -2.809E+00 -2.784E+00 -1.737E+00
  1.6126250E+04 -2.019E+00 -2.003E+00 -1.167E+00
  1.6126750E+04 -2.741E+00 -2.357E+00 -4.380E-01
  1.6127250E+04 -2.411E+00 -2.258E+00 -1.117E+00
  1.6127750E+04 -2.603E+00 -2.688E+00 -2.158E+00
  1.6128250E+04 -2.381E+00 -2.299E+00 -1.628E+00
  1.6128750E+04 -1.944E+00 -1.909E+00 -1.507E+00
  1.6129250E+04 -1.832E+00 -1.970E+00 -1.135E+00
  1.6129750E+04 -2.476E+00 -2.110E+00 -1.841E-01
  1.6130250E+04 -2.388E+00 -2.030E+00 -1.285E+00
  1.6130750E+04 -2.797E+00 -2.649E+00 -1.484E+00
  1.6131250E+04 -3.086E+00 -2.799E+00 -9.052E-01
  1.6131750E+04 -2.995E+00 -2.940E+00 -1.915E+00
  1.6132250E+04 -2.808E+00 -2.669E+00 -1.083E+00
  1.6132750E+04 -2.296E+00 -2.358E+00 -2.006E+00
  1.6133250E+04 -1.840E+00 -1.831E+00 -1.095E+00
  1.6133750E+04 -2.498E+00 -2.485E+00 -1.565E+00
  1.6134250E+04 -2.011E+00 -1.879E+00 -1.420E+00
  1.6134750E+04 -2.998E+00 -2.507E+00  4.928E-02
  1.6135250E+04 -2.242E+00 -2.346E+00 -1.697E+00
  1.6135750E+04 -2.380E+00 -2.330E+00 -1.793E+00
  1.6136250E+04 -2.573E+00 -2.389E+00 -1.462E+00
  1.6136750E+04 -2.349E+00 -2.391E+00 -1.839E+00
  1.6137250E+04 -2.030E+00 -1.920E+00 -1.102E+00
  1.6137750E+04 -1.771E+00 -1.926E+00 -1.911E+00
  1.6138250E+04 -2.421E+00 -2.366E+00 -1.659E+00
  1.6138750E+04 -2.703E+00 -2.501E+00 -1.235E+00
  1.6139250E+04 -2.282E+00 -2.183E+00 -1.086E+00
  1.6139750E+04 -2.855E+00 -2.642E+00 -9.693E-01
  1.6140250E+04 -2.703E+00 -2.622E+00 -1.242E+00
  1.6140750E+04 -2.696E+00 -2.265E+00 -2.866E-01
  1.6141250E+04 -2.743E+00 -2.498E+00 -8.684E-01
  1.6141750E+04 -2.254E+00 -2.334E+00 -2.153E+00
  1.6142250E+04 -1.903E+00 -1.873E+00 -1.476E+00
  1.6142750E+04 -2.725E+00 -2.437E+00 -6.172E-01
  1.6143250E+04 -2.645E+00 -2.522E+00 -1.343E+00
  1.6143750E+04 -2.488E+00 -2.387E+00 -1.386E+00
  1.6144250E+04 -2.239E+00 -2.183E+00 -1.233E+00
  1.6144750E+04 -1.882E+00 -1.918E+00 -1.175E+00
  1.6145250E+04 -1.986E+00 -1.883E+00 -9.563E-01
  1.6145750E+04 -2.266E+00 -2.323E+00 -1.758E+00
  1.6146250E+04 -2.664E+00 -2.394E+00 -5.519E-01
  1.6146750E+04 -2.706E+00 -2.490E+00 -1.157E+00
  1.6147250E+04 -2.029E+00 -2.146E+00 -2.111E+00
  1.6147750E+04 -1.674E+00 -1.810E+00 -2.109E+00
  1.6148250E+04 -1.834E+00 -1.739E+00 -1.127E+00
  1.6148750E+04 -1.763E+00 -1.853E+00 -1.566E+00
  1.6149250E+04 -2.226E+00 -2.050E+00 -8.565E-01
  1.6149750E+04 -2.514E+00 -2.407E+00 -1.617E+00
  1.6150250E+04 -2.434E+00 -2.092E+00 -2.501E-01
  1.6150750E+04 -2.216E+00 -2.108E+00 -1.322E+00
  1.6151250E+04 -2.040E+00 -1.910E+00 -8.881E-01
  1.6151750E+04 -2.393E+00 -2.237E+00 -1.675E+00
  1.6152250E+04 -1.584E+00 -1.597E+00 -1.729E+00
  1.6152750E+04 -1.930E+00 -1.737E+00 -5.955E-01
  1.6153250E+04 -2.018E+00 -1.943E+00 -7.973E-01
  1.6153750E+04 -2.542E+00 -2.347E+00 -1.295E+00
  1.6154250E+04 -3.045E+00 -2.819E+00 -1.118E+00
  1.6154750E+04 -2.400E+00 -2.276E+00 -9.241E-01
  1.6155250E+04 -2.122E+00 -2.100E+00 -1.511E+00
  1.6155750E+04 -2.186E+00 -2.117E+00 -1.639E+00
  1.6156250E+04 -2.486E+00 -2.510E+00 -1.708E+00
  1.6156750E+04 -2.267E+00 -2.288E+00 -1.361E+00
  1.6157250E+04 -2.352E+00 -2.279E+00 -1.260E+00
  1.6157750E+04 -1.975E+00 -1.917E+00 -1.477E+00
  1.6158250E+04 -2.684E+00 -2.438E+00 -1.064E+00
  1.6158750E+04 -1.941E+00 -1.889E+00 -1.083E+00
  1.6159250E+04 -2.631E+00 -2.560E+00 -1.715E+00
  1.6159750E+04 -1.911E+00 -2.015E+00 -1.771E+00
  1.6160250E+04 -2.158E+00 -1.990E+00 -1.212E+00
  1.6160750E+04 -2.346E+00 -2.262E+00 -1.228E+00
  1.6161250E+04 -2.483E+00 -2.375E+00 -7.383E-01
  1.6161750E+04 -2.042E+00 -2.083E+00 -1.886E+00
  1.6162250E+04 -1.780E+00 -1.955E+00 -2.587E+00
  1.6162750E+04 -1.746E+00 -1.824E+00 -1.365E+00
  1.6163250E+04 -2.947E+00 -2.707E+00 -1.027E+00
  1.6163750E+04 -2.598E+00 -2.585E+00 -1.287E+00
  1.6164250E+04 -2.110E+00 -1.963E+00 -1.165E+00
  1.6164750E+04 -2.190E+00 -1.850E+00 -1.072E+00
  1.6165250E+04 -2.551E+00 -2.377E+00 -1.105E+00
  1.6165750E+04 -2.478E+00 -2.174E+00 -7.700E-01
  1.6166250E+04 -2.068E+00 -2.021E+00 -9.680E-01
  1.6166750E+04 -2.283E+00 -2.227E+00 -1.270E+00
  1.6167250E+04 -1.755E+00 -1.664E+00 -5.905E-01
  1.6167750E+04 -1.784E+00 -1.821E+00 -1.351E+00
  1.6168250E+04 -2.720E+00 -2.656E+00 -1.732E+00
  1.6168750E+04 -1.818E+00 -1.905E+00 -1.669E+00
  1.6169250E+04 -1.838E+00 -1.769E+00 -1.001E+00
  1.6169750E+04 -2.100E+00 -2.067E+00 -8.325E-01
  1.6170250E+04 -1.782E+00 -1.922E+00 -1.537E+00
  1.6170750E+04 -1.793E+00 -1.690E+00 -1.060E+00
  1.6171250E+04 -2.033E+00 -1.863E+00 -7.201E-01
  1.6171750E+04 -2.508E+00 -2.218E+00 -3.334E-01
  1.6172250E+04 -3.130E+00 -2.842E+00 -8.008E-01
  1.6172750E+04 -2.314E+00 -2.214E+00 -1.260E+00
  1.6173250E+04 -1.868E+00 -1.875E+00 -1.259E+00
  1.6173750E+04 -2.302E+00 -2.123E+00 -8.544E-01
  1.6174250E+04 -1.962E+00 -1.882E+00 -1.214E+00
  1.6174750E+04 -1.510E+00 -1.403E+00 -9.104E-01
  1.6175250E+04 -2.437E+00 -2.237E+00 -1.071E+00
  1.6175750E+04 -2.279E+00 -2.259E+00 -1.216E+00
  1.6176250E+04 -2.178E+00 -1.960E+00 -8.125E-01
  1.6176750E+04 -2.105E+00 -1.942E+00 -9.118E-01
  1.6177250E+04 -2.189E+00 -2.131E+00 -1.477E+00
  1.6177750E+04 -1.908E+00 -1.679E+00 -7.188E-01
  1.6178250E+04 -2.077E+00 -2.053E+00 -1.146E+00
  1.6178750E+04 -1.787E+00 -1.694E+00 -1.116E+00
  1.6179250E+04 -1.908E+00 -2.076E+00 -2.107E+00
  1.6179750E+04 -2.349E+00 -2.403E+00 -1.650E+00
  1.6180250E+04 -2.083E+00 -1.927E+00 -9.784E-01
  1.6180750E+04 -2.144E+00 -2.284E+00 -7.925E-01
  1.6181250E+04 -1.657E+00 -1.589E+00 -1.253E+00
  1.6181750E+04 -2.138E+00 -1.952E+00 -1.343E+00
  1.6182250E+04 -2.177E+00 -1.936E+00 -4.243E-01
  1.6182750E+04 -1.555E+00 -1.609E+00 -1.479E+00
  1.6183250E+04 -1.976E+00 -1.942E+00 -1.413E+00
  1.6183750E+04 -2.481E+00 -2.342E+00 -1.425E+00
  1.6184250E+04 -2.083E+00 -1.936E+00 -1.101E+00
  1.6184750E+04 -2.351E+00 -2.234E+00 -1.225E+00
  1.6185250E+04 -1.823E+00 -1.733E+00 -7.812E-01
  1.6185750E+04 -2.146E+00 -1.961E+00 -5.850E-01
  1.6186250E+04 -1.846E+00 -1.780E+00 -9.385E-01
  1.6186750E+04 -1.724E+00 -1.821E+00 -1.770E+00
  1.6187250E+04 -2.016E+00 -2.023E+00 -1.280E+00
  1.6187750E+04 -1.904E+00 -1.873E+00 -1.465E+00
  1.6188250E+04 -2.121E+00 -1.000E+00 -2.227E-01
  1.6188750E+04 -2.010E+00 -2.416E+00 -4.454E-01
  1.6189250E+04 -2.139E+00 -2.053E+00 -1.239E+00
  1.6189750E+04 -2.526E+00 -2.381E+00 -1.192E+00
  1.6190250E+04 -1.390E+00 -1.487E+00 -1.601E+00
  1.6190750E+04 -1.905E+00 -1.895E+00 -4.716E-01
  1.6191250E+04 -2.097E+00 -1.857E+00 -4.716E-01
  1.6191750E+04 -2.049E+00 -2.241E+00 -1.196E+00
  1.6192250E+04 -2.397E+00 -2.633E+00 -1.687E+00
  1.6192750E+04 -1.365E+00 -6.629E-01 -1.232E+00
  1.6193250E+04 -1.178E+00 -1.192E+00 -1.234E+00
  1.6193750E+04 -1.654E+00 -1.821E+00 -1.348E+00
  1.6194250E+04 -2.120E+00 -2.046E+00 -1.134E+00
  1.6194750E+04 -1.606E+00 -1.534E+00 -8.214E-01
  1.6195250E+04 -2.519E+00 -2.365E+00 -1.176E+00
  1.6195750E+04 -2.443E+00 -2.242E+00 -8.523E-01
  1.6196250E+04 -1.575E+00 -1.575E+00 -1.158E+00
  1.6196750E+04 -1.710E+00 -1.666E+00 -1.167E+00
  1.6197250E+04 -1.945E+00 -1.772E+00 -3.628E-01
  1.6197750E+04 -1.255E+00 -1.193E+00 -7.790E-01
  1.6198250E+04 -1.671E+00 -1.646E+00 -1.053E+00
  1.6198750E+04 -2.170E+00 -2.225E+00 -1.277E+00
  1.6199250E+04 -2.378E+00 -2.235E+00 -9.340E-01
  1.6199750E+04 -2.083E+00 -2.009E+00 -1.276E+00
  1.6200250E+04 -1.550E+00 -1.618E+00 -1.650E+00
  1.6200750E+04 -2.120E+00 -1.940E+00 -7.534E-01
  1.6201250E+04 -2.306E+00 -2.107E+00 -6.627E-01
  1.6201750E+04 -1.856E+00 -1.859E+00 -1.326E+00
  1.6202250E+04 -2.150E+00 -1.925E+00 -4.230E-01
  1.6202750E+04 -1.930E+00 -1.941E+00 -1.432E+00
  1.6203250E+04 -1.171E+00 -1.275E+00 -1.377E+00
  1.6203750E+04 -1.760E+00 -1.729E+00 -9.830E-01
  1.6204250E+04 -1.934E+00 -1.929E+00 -1.382E+00
  1.6204750E+04 -2.122E+00 -2.003E+00 -1.237E+00
  1.6205250E+04 -2.281E+00 -2.141E+00 -1.499E+00
  1.6205750E+04 -1.875E+00 -1.679E+00 -8.477E-01
  1.6206250E+04 -2.407E+00 -1.975E+00 -3.267E-01
  1.6206750E+04 -2.380E+00 -2.200E+00 -1.010E+00
  1.6207250E+04 -1.469E+00 -1.680E+00 -2.088E+00
  1.6207750E+04 -1.807E+00 -1.865E+00 -1.321E+00
  1.6208250E+04 -1.370E+00 -1.296E+00 -5.597E-01
  1.6208750E+04 -1.672E+00 -1.446E+00 -2.009E-01
  1.6209250E+04 -2.236E+00 -2.075E+00 -8.665E-01
  1.6209750E+04 -2.005E+00 -1.849E+00 -1.188E+00
  1.6210250E+04 -1.890E+00 -1.804E+00 -9.904E-01
  1.6210750E+04 -1.810E+00 -1.674E+00 -8.130E-01
  1.6211250E+04 -1.708E+00 -1.597E+00 -8.953E-01
  1.6211750E+04 -1.790E+00 -1.755E+00 -1.084E+00
  1.6212250E+04 -1.532E+00 -1.487E+00 -6.240E-01
  1.6212750E+04 -1.645E+00 -1.684E+00 -1.246E+00
  1.6213250E+04 -1.592E+00 -1.639E+00 -1.233E+00
  1.6213750E+04 -2.226E+00 -2.173E+00 -1.128E+00
  1.6214250E+04 -1.421E+00 -1.437E+00 -1.047E+00
  1.6214750E+04 -1.230E+00 -1.282E+00 -9.811E-01
  1.6215250E+04 -1.812E+00 -1.644E+00 -1.011E+00
  1.6215750E+04 -1.810E+00 -1.697E+00 -9.521E-01
  1.6216250E+04 -1.993E+00 -1.759E+00 -6.768E-01
  1.6216750E+04 -2.268E+00 -2.242E+00 -1.139E+00
  1.6217250E+04 -2.056E+00 -2.023E+00 -1.246E+00
  1.6217750E+04 -1.870E+00 -1.561E+00 -8.035E-02
  1.6218250E+04 -1.099E+00 -1.122E+00 -1.214E+00
  1.6218750E+04 -1.114E+00 -1.208E+00 -1.248E+00
  1.6219250E+04 -1.938E+00 -1.813E+00 -8.758E-01
  1.6219750E+04 -1.632E+00 -1.397E+00 -5.482E-01
  1.6220250E+04 -1.140E+00 -1.260E+00 -1.255E+00
  1.6220750E+04 -1.606E+00 -1.543E+00 -9.425E-01
  1.6221250E+04 -1.780E+00 -1.605E+00 -5.055E-01
  1.6221750E+04 -1.874E+00 -1.913E+00 -1.158E+00
  1.6222250E+04 -1.968E+00 -1.730E+00 -5.644E-01
  1.6222750E+04 -1.865E+00 -1.707E+00 -8.285E-01
  1.6223250E+04 -1.621E+00 -1.530E+00 -5.204E-01
  1.6223750E+04 -1.273E+00 -1.204E+00 -3.602E-01
  1.6224250E+04 -1.620E+00 -1.600E+00 -1.041E+00
  1.6224750E+04 -2.097E+00 -1.830E+00 -8.378E-01
  1.6225250E+04 -1.752E+00 -1.703E+00 -1.014E+00
  1.6225750E+04 -1.658E+00 -1.765E+00 -1.375E+00
  1.6226250E+04 -1.994E+00 -1.829E+00 -5.251E-01
  1.6226750E+04 -1.767E+00 -1.698E+00 -6.644E-01
  1.6227250E+04 -1.674E+00 -1.556E+00 -6.549E-01
  1.6227750E+04 -1.904E+00 -1.743E+00 -6.351E-01
  1.6228250E+04 -1.210E+00 -1.405E+00 -1.602E+00
  1.6228750E+04 -1.820E+00 -1.640E+00 -1.107E+00
  1.6229250E+04 -1.390E+00 -1.273E+00 -3.879E-01
  1.6229750E+04 -1.471E+00 -1.415E+00 -8.463E-01
  1.6230250E+04 -1.860E+00 -1.726E+00 -1.471E+00
  1.6230750E+04 -1.886E+00 -1.718E+00 -7.225E-01
  1.6231250E+04 -1.479E+00 -1.450E+00 -7.232E-01
  1.6231750E+04 -1.558E+00 -1.607E+00 -1.144E+00
  1.6232250E+04 -2.182E+00 -1.892E+00 -4.871E-01
  1.6232750E+04 -1.708E+00 -1.534E+00 -1.011E+00
  1.6233250E+04 -1.426E+00 -1.407E+00 -7.069E-01
  1.6233750E+04 -1.651E+00 -1.567E+00 -5.695E-01
  1.6234250E+04 -1.214E+00 -1.286E+00 -1.188E+00
  1.6234750E+04 -1.535E+00 -1.430E+00 -4.846E-01
  1.6235250E+04 -1.695E+00 -1.652E+00 -1.081E+00
  1.6235750E+04 -1.682E+00 -1.635E+00 -1.138E+00
  1.6236250E+04 -1.445E+00 -1.611E+00 -1.522E+00
  1.6236750E+04 -1.495E+00 -1.446E+00 -1.118E+00
  1.6237250E+04 -1.182E+00 -1.204E+00 -1.308E+00
  1.6237750E+04 -1.612E+00 -1.591E+00 -1.133E+00
  1.6238250E+04 -1.619E+00 -1.577E+00 -5.174E-01
  1.6238750E+04 -1.762E+00 -1.536E+00 -3.192E-01
  1.6239250E+04 -1.542E+00 -1.491E+00 -8.499E-01
  1.6239750E+04 -1.735E+00 -1.695E+00 -1.088E+00
  1.6240250E+04 -2.086E+00 -1.997E+00 -9.283E-01
  1.6240750E+04 -1.815E+00 -1.533E+00 -2.889E-01
  1.6241250E+04 -1.746E+00 -1.507E+00 -5.609E-01
  1.6241750E+04 -1.553E+00 -1.558E+00 -1.220E+00
  1.6242250E+04 -1.290E+00 -1.325E+00 -6.795E-01
  1.6242750E+04 -1.355E+00 -1.307E+00 -1.321E+00
  1.6243250E+04 -1.067E+00 -1.150E+00 -1.292E+00
  1.6243750E+04 -1.858E+00 -1.765E+00 -1.219E+00
  1.6244250E+04 -1.787E+00 -1.594E+00 -4.716E-01
  1.6244750E+04 -1.607E+00 -1.536E+00 -7.376E-01
  1.6245250E+04 -1.466E+00 -1.397E+00 -7.374E-01
  1.6245750E+04 -8.655E-01 -9.312E-01 -5.622E-01
  1.6246250E+04 -1.615E+00 -1.376E+00 -9.766E-01
  1.6246750E+04 -1.791E+00 -1.879E+00 -1.647E+00
  1.6247250E+04 -1.752E+00 -1.631E+00 -7.844E-01
  1.6247750E+04 -1.563E+00 -1.524E+00 -9.470E-01
  1.6248250E+04 -1.526E+00 -1.451E+00 -7.808E-01
  1.6248750E+04 -1.915E+00 -1.758E+00 -7.867E-01
  1.6249250E+04 -1.753E+00 -1.676E+00 -6.682E-01
  1.6249750E+04 -1.357E+00 -1.435E+00 -1.270E+00
  1.6250250E+04 -1.081E+00 -9.745E-01 -4.386E-01
  1.6250750E+04 -1.855E+00 -1.529E+00 -2.616E-01
  1.6251250E+04 -1.169E+00 -1.076E+00 -9.232E-01
  1.6251750E+04 -1.669E+00 -1.521E+00 -7.009E-01
  1.6252250E+04 -1.579E+00 -1.555E+00 -6.110E-01
  1.6252750E+04 -1.589E+00 -1.667E+00 -1.460E+00
  1.6253250E+04 -1.639E+00 -1.475E+00 -5.321E-01
  1.6253750E+04 -1.379E+00 -1.404E+00 -1.082E+00
  1.6254250E+04 -1.630E+00 -1.502E+00 -6.744E-01
  1.6254750E+04 -1.072E+00 -1.111E+00 -6.580E-01
  1.6255250E+04 -1.289E+00 -1.255E+00 -7.424E-01
  1.6255750E+04 -1.977E+00 -1.753E+00 -6.310E-01
  1.6256250E+04 -1.489E+00 -1.324E+00 -1.791E-01
  1.6256750E+04 -1.782E+00 -1.851E+00 -1.265E+00
  1.6257250E+04 -1.245E+00 -1.295E+00 -1.011E+00
  1.6257750E+04 -1.238E+00 -1.159E+00 -4.948E-01
  1.6258250E+04 -1.317E+00 -1.263E+00 -4.896E-01
  1.6258750E+04 -1.362E+00 -1.350E+00 -9.514E-01
  1.6259250E+04 -1.487E+00 -1.457E+00 -1.233E+00
  1.6259750E+04 -1.663E+00 -1.529E+00 -7.573E-01
  1.6260250E+04 -1.897E+00 -1.785E+00 -8.642E-01
  1.6260750E+04 -2.044E+00 -1.864E+00 -8.535E-01
  1.6261250E+04 -1.885E+00 -1.727E+00 -8.129E-01
  1.6261750E+04 -7.041E-01 -8.886E-01 -1.126E+00
  1.6262250E+04 -2.105E+00 -1.906E+00 -4.942E-01
  1.6262750E+04 -1.388E+00 -1.230E+00 -5.302E-01
  1.6263250E+04 -1.042E+00 -9.889E-01 -9.215E-01
  1.6263750E+04 -1.457E+00 -1.327E+00 -4.667E-01
  1.6264250E+04 -1.637E+00 -1.525E+00 -7.701E-01
  1.6264750E+04 -1.712E+00 -1.571E+00 -4.167E-01
  1.6265250E+04 -1.366E+00 -1.264E+00 -5.445E-01
  1.6265750E+04 -1.429E+00 -1.356E+00 -5.001E-01
  1.6266250E+04 -1.083E+00 -1.145E+00 -1.015E+00
  1.6266750E+04 -1.453E+00 -1.460E+00 -7.558E-01
  1.6267250E+04 -1.553E+00 -1.490E+00 -1.115E+00
  1.6267750E+04 -1.269E+00 -1.553E+00 -2.168E+00
  1.6268250E+04 -1.722E+00 -1.665E+00 -1.041E+00
  1.6268750E+04 -1.938E+00 -1.785E+00 -7.946E-01
  1.6269250E+04 -1.585E+00 -1.499E+00 -8.316E-01
  1.6269750E+04 -1.361E+00 -1.264E+00 -6.927E-01
  1.6270250E+04 -1.553E+00 -1.544E+00 -9.046E-01
  1.6270750E+04 -1.168E+00 -1.208E+00 -9.846E-01
  1.6271250E+04 -1.313E+00 -1.324E+00 -1.023E+00
  1.6271750E+04 -7.922E-01 -8.674E-01 -8.654E-01
  1.6272250E+04 -1.335E+00 -1.213E+00 -6.816E-01
  1.6272750E+04 -1.675E+00 -1.496E+00 -5.726E-01
  1.6273250E+04 -1.158E+00 -1.318E+00 -1.471E+00
  1.6273750E+04 -1.377E+00 -1.267E+00 -7.097E-01
  1.6274250E+04 -1.978E+00 -1.686E+00  5.860E-02
  1.6274750E+04 -1.518E+00 -1.434E+00 -4.473E-01
  1.6275250E+04 -8.308E-01 -8.341E-01 -7.095E-01
  1.6275750E+04 -1.725E+00 -1.742E+00 -1.418E+00
  1.6276250E+04 -1.436E+00 -1.374E+00 -8.389E-01
  1.6276750E+04 -2.005E+00 -1.913E+00 -7.107E-01
  1.6277250E+04 -1.452E+00 -1.349E+00 -6.488E-01
  1.6277750E+04 -1.357E+00 -1.396E+00 -9.933E-01
  1.6278250E+04 -1.366E+00 -1.254E+00 -4.786E-01
  1.6278750E+04 -1.502E+00 -1.239E+00 -2.947E-01
  1.6279250E+04 -1.083E+00 -9.789E-01 -5.314E-01
  1.6279750E+04 -1.082E+00 -1.062E+00 -6.770E-01
  1.6280250E+04 -1.455E+00 -1.397E+00 -8.968E-01
  1.6280750E+04 -1.681E+00 -1.389E+00  1.398E-01
  1.6281250E+04 -1.160E+00 -1.195E+00 -7.687E-01
  1.6281750E+04 -1.533E+00 -1.286E+00 -2.583E-01
  1.6282250E+04 -1.057E+00 -1.151E+00 -1.303E+00
  1.6282750E+04 -1.517E+00 -1.354E+00 -4.292E-01
  1.6283250E+04 -1.741E+00 -1.619E+00 -7.655E-01
  1.6283750E+04 -1.360E+00 -1.326E+00 -8.851E-01
  1.6284250E+04 -1.214E+00 -1.087E+00 -4.292E-01
  1.6284750E+04 -1.125E+00 -1.150E+00 -9.382E-01
  1.6285250E+04 -9.471E-01 -1.082E+00 -9.178E-01
  1.6285750E+04 -1.170E+00 -1.060E+00 -7.509E-01
  1.6286250E+04 -1.465E+00 -1.325E+00 -4.362E-01
  1.6286750E+04 -1.566E+00 -1.513E+00 -1.327E+00
  1.6287250E+04 -1.274E+00 -1.219E+00 -9.817E-01
  1.6287750E+04 -1.037E+00 -1.086E+00 -8.243E-01
  1.6288250E+04 -1.719E+00 -1.396E+00  8.642E-02
  1.6288750E+04 -1.390E+00 -1.611E+00 -1.270E+00
  1.6289250E+04 -1.724E+00 -1.562E+00 -6.123E-01
  1.6289750E+04 -1.309E+00 -1.254E+00 -4.003E-01
  1.6290250E+04 -8.209E-01 -8.137E-01 -9.121E-01
  1.6290750E+04 -1.227E+00 -1.224E+00 -9.938E-01
  1.6291250E+04 -1.098E+00 -1.130E+00 -7.749E-01
  1.6291750E+04 -1.158E+00 -1.175E+00 -8.479E-01
  1.6292250E+04 -1.819E+00 -1.671E+00 -4.049E-01
  1.6292750E+04 -1.932E+00 -1.738E+00 -8.020E-01
  1.6293250E+04 -1.254E+00 -1.204E+00 -9.038E-01
  1.6293750E+04 -9.594E-01 -1.070E+00 -8.588E-01
  1.6294250E+04 -1.306E+00 -1.296E+00 -7.335E-01
  1.6294750E+04 -1.295E+00 -1.225E+00 -6.849E-01
  1.6295250E+04 -1.474E+00 -1.224E+00 -4.597E-01
  1.6295750E+04 -1.455E+00 -1.414E+00 -6.858E-01
  1.6296250E+04 -1.508E+00 -1.417E+00 -5.411E-01
  1.6296750E+04 -8.853E-01 -7.716E-01 -4.511E-01
  1.6297250E+04 -1.727E+00 -1.599E+00 -7.900E-01
  1.6297750E+04 -1.401E+00 -1.475E+00 -1.159E+00
  1.6298250E+04 -1.165E+00 -1.298E+00 -1.096E+00
  1.6298750E+04 -1.371E+00 -1.262E+00 -6.122E-01
  1.6299250E+04 -9.862E-01 -1.094E+00 -7.451E-01
  1.6299750E+04 -1.304E+00 -1.294E+00 -8.672E-01
