 -8.6622500E+03 -0.000E+00 -0.000E+00  0.000E+00
 -8.6617500E+03 -0.000E+00 -0.000E+00  0.000E+00
 -8.6612500E+03 -0.000E+00 -0.000E+00  0.000E+00
 -8.6607500E+03 -0.000E+00 -0.000E+00  0.000E+00
 -8.6602500E+03 -0.000E+00 -0.000E+00  0.000E+00
 -8.6597500E+03 -0.000E+00 -0.000E+00  0.000E+00
 -8.6592500E+03 -0.000E+00 -0.000E+00  0.000E+00
 -8.6587500E+03 -0.000E+00 -0.000E+00  0.000E+00
 -8.6582500E+03 -0.000E+00 -0.000E+00  0.000E+00
 -8.6577500E+03 -0.000E+00 -0.000E+00  0.000E+00
 -8.6572500E+03 -0.000E+00 -0.000E+00  0.000E+00
 -8.6567500E+03 -0.000E+00 -0.000E+00  0.000E+00
 -8.6562500E+03 -0.000E+00 -0.000E+00  0.000E+00
 -8.6557500E+03 -0.000E+00 -0.000E+00  0.000E+00
 -8.6552500E+03 -0.000E+00 -0.000E+00  0.000E+00
 -8.6547500E+03 -0.000E+00 -0.000E+00  0.000E+00
 -8.6542500E+03 -0.000E+00 -0.000E+00  0.000E+00
 -8.6537500E+03 -0.000E+00 -0.000E+00  0.000E+00
 -8.6532500E+03 -0.000E+00 -0.000E+00  0.000E+00
 -8.6527500E+03 -0.000E+00 -0.000E+00  0.000E+00
 -8.6522500E+03 -0.000E+00 -0.000E+00  0.000E+00
 -8.6517500E+03 -0.000E+00 -0.000E+00  0.000E+00
 -8.6512500E+03 -0.000E+00 -0.000E+00  0.000E+00
 -8.6507500E+03 -0.000E+00 -0.000E+00  0.000E+00
 -8.6502500E+03 -0.000E+00 -0.000E+00  0.000E+00
 -8.6497500E+03 -0.000E+00 -0.000E+00  0.000E+00
 -8.6492500E+03 -0.000E+00 -0.000E+00  0.000E+00
 -8.6487500E+03 -0.000E+00 -0.000E+00  0.000E+00
 -8.6482500E+03 -0.000E+00 -0.000E+00  0.000E+00
 -8.6477500E+03 -0.000E+00 -0.000E+00  0.000E+00
 -8.6472500E+03 -0.000E+00 -0.000E+00  0.000E+00
 -8.6467500E+03 -0.000E+00 -0.000E+00  0.000E+00
 -8.6462500E+03 -0.000E+00 -0.000E+00  0.000E+00
 -8.6457500E+03 -0.000E+00 -0.000E+00  0.000E+00
 -8.6452500E+03 -0.000E+00 -0.000E+00  0.000E+00
 -8.6447500E+03 -0.000E+00 -0.000E+00  0.000E+00
 -8.6442500E+03 -0.000E+00 -0.000E+00  0.000E+00
 -8.6437500E+03 -0.000E+00 -0.000E+00  0.000E+00
 -8.6432500E+03 -0.000E+00 -0.000E+00  0.000E+00
 -8.6427500E+03 -0.000E+00 -0.000E+00  0.000E+00
 -8.6422500E+03 -0.000E+00 -0.000E+00  0.000E+00
 -8.6417500E+03 -0.000E+00 -0.000E+00  0.000E+00
 -8.6412500E+03 -0.000E+00 -0.000E+00  0.000E+00
 -8.6407500E+03 -0.000E+00 -0.000E+00  0.000E+00
 -8.6402500E+03 -0.000E+00 -0.000E+00  0.000E+00
 -8.6397500E+03 -0.000E+00 -0.000E+00  0.000E+00
 -8.6392500E+03 -0.000E+00 -0.000E+00  0.000E+00
 -8.6387500E+03 -0.000E+00 -0.000E+00  0.000E+00
 -8.6382500E+03 -0.000E+00 -0.000E+00  0.000E+00
 -8.6377500E+03 -0.000E+00 -0.000E+00  0.000E+00
 -8.6372500E+03 -0.000E+00 -0.000E+00  0.000E+00
 -8.6367500E+03 -0.000E+00 -0.000E+00  0.000E+00
 -8.6362500E+03 -0.000E+00 -0.000E+00  0.000E+00
 -8.6357500E+03 -0.000E+00 -0.000E+00  0.000E+00
 -8.6352500E+03 -0.000E+00 -0.000E+00  0.000E+00
 -8.6347500E+03 -0.000E+00 -0.000E+00  0.000E+00
 -8.6342500E+03 -0.000E+00 -0.000E+00  0.000E+00
 -8.6337500E+03 -0.000E+00 -0.000E+00  0.000E+00
 -8.6332500E+03 -0.000E+00 -0.000E+00  0.000E+00
 -8.6327500E+03 -0.000E+00 -0.000E+00  0.000E+00
 -8.6322500E+03 -0.000E+00 -0.000E+00  0.000E+00
 -8.6317500E+03 -0.000E+00 -0.000E+00  0.000E+00
 -8.6312500E+03 -0.000E+00 -0.000E+00  0.000E+00
 -8.6307500E+03 -0.000E+00 -0.000E+00  0.000E+00
 -8.6302500E+03 -0.000E+00 -0.000E+00  0.000E+00
 -8.6297500E+03 -0.000E+00 -0.000E+00  0.000E+00
 -8.6292500E+03 -0.000E+00 -0.000E+00  0.000E+00
 -8.6287500E+03 -0.000E+00 -0.000E+00  0.000E+00
 -8.6282500E+03 -0.000E+00 -0.000E+00  0.000E+00
 -8.6277500E+03 -0.000E+00 -0.000E+00  0.000E+00
 -8.6272500E+03 -0.000E+00 -0.000E+00  0.000E+00
 -8.6267500E+03 -0.000E+00 -0.000E+00  0.000E+00
 -8.6262500E+03 -0.000E+00 -0.000E+00  0.000E+00
 -8.6257500E+03 -0.000E+00 -0.000E+00  0.000E+00
 -8.6252500E+03 -0.000E+00 -0.000E+00  0.000E+00
 -8.6247500E+03 -0.000E+00 -0.000E+00  0.000E+00
 -8.6242500E+03 -0.000E+00 -0.000E+00  0.000E+00
 -8.6237500E+03 -0.000E+00 -0.000E+00  0.000E+00
 -8.6232500E+03 -0.000E+00 -0.000E+00  0.000E+00
 -8.6227500E+03 -0.000E+00 -0.000E+00  0.000E+00
 -8.6222500E+03 -0.000E+00 -0.000E+00  0.000E+00
 -8.6217500E+03 -0.000E+00 -0.000E+00  0.000E+00
 -8.6212500E+03 -0.000E+00 -0.000E+00  0.000E+00
 -8.6207500E+03 -0.000E+00 -0.000E+00  0.000E+00
 -8.6202500E+03 -0.000E+00 -0.000E+00  0.000E+00
 -8.6197500E+03 -0.000E+00 -0.000E+00  0.000E+00
 -8.6192500E+03 -0.000E+00 -0.000E+00  0.000E+00
 -8.6187500E+03 -0.000E+00 -0.000E+00  0.000E+00
 -8.6182500E+03 -0.000E+00 -0.000E+00  0.000E+00
 -8.6177500E+03 -0.000E+00 -0.000E+00  0.000E+00
 -8.6172500E+03 -0.000E+00 -0.000E+00  0.000E+00
 -8.6167500E+03 -0.000E+00 -0.000E+00  0.000E+00
 -8.6162500E+03 -0.000E+00 -0.000E+00  0.000E+00
 -8.6157500E+03 -0.000E+00 -0.000E+00  0.000E+00
 -8.6152500E+03 -0.000E+00 -0.000E+00  0.000E+00
 -8.6147500E+03 -0.000E+00 -0.000E+00  0.000E+00
 -8.6142500E+03 -0.000E+00 -0.000E+00  0.000E+00
 -8.6137500E+03 -0.000E+00 -0.000E+00  0.000E+00
 -8.6132500E+03 -0.000E+00 -0.000E+00  0.000E+00
 -8.6127500E+03 -0.000E+00 -0.000E+00  0.000E+00
 -8.6122500E+03 -0.000E+00 -0.000E+00  0.000E+00
 -8.6117500E+03 -0.000E+00 -0.000E+00  0.000E+00
 -8.6112500E+03 -0.000E+00 -0.000E+00  0.000E+00
 -8.6107500E+03 -0.000E+00 -0.000E+00  0.000E+00
 -8.6102500E+03 -0.000E+00 -0.000E+00  0.000E+00
 -8.6097500E+03 -0.000E+00 -0.000E+00  0.000E+00
 -8.6092500E+03 -0.000E+00 -0.000E+00  0.000E+00
 -8.6087500E+03 -0.000E+00 -0.000E+00  0.000E+00
 -8.6082500E+03 -0.000E+00 -0.000E+00  0.000E+00
 -8.6077500E+03 -0.000E+00 -0.000E+00  0.000E+00
 -8.6072500E+03 -0.000E+00 -0.000E+00  0.000E+00
 -8.6067500E+03 -0.000E+00 -0.000E+00  0.000E+00
 -8.6062500E+03 -0.000E+00 -0.000E+00  0.000E+00
 -8.6057500E+03 -0.000E+00 -0.000E+00  0.000E+00
 -8.6052500E+03 -0.000E+00 -0.000E+00  0.000E+00
 -8.6047500E+03 -0.000E+00 -0.000E+00  0.000E+00
 -8.6042500E+03 -0.000E+00 -0.000E+00  0.000E+00
 -8.6037500E+03 -0.000E+00 -0.000E+00  0.000E+00
 -8.6032500E+03 -0.000E+00 -0.000E+00  0.000E+00
 -8.6027500E+03 -0.000E+00 -0.000E+00  0.000E+00
 -8.6022500E+03 -0.000E+00 -0.000E+00  0.000E+00
 -8.6017500E+03 -0.000E+00 -0.000E+00  0.000E+00
 -8.6012500E+03 -0.000E+00 -0.000E+00  0.000E+00
 -8.6007500E+03 -0.000E+00 -0.000E+00  0.000E+00
 -8.6002500E+03 -0.000E+00 -0.000E+00  0.000E+00
 -8.5997500E+03 -0.000E+00 -0.000E+00  0.000E+00
 -8.5992500E+03 -0.000E+00 -0.000E+00  0.000E+00
 -8.5987500E+03 -0.000E+00 -0.000E+00  0.000E+00
 -8.5982500E+03 -0.000E+00 -0.000E+00  0.000E+00
 -8.5977500E+03 -0.000E+00 -0.000E+00  0.000E+00
 -8.5972500E+03 -0.000E+00 -0.000E+00  0.000E+00
 -8.5967500E+03 -0.000E+00 -0.000E+00  0.000E+00
 -8.5962500E+03 -0.000E+00 -0.000E+00  0.000E+00
 -8.5957500E+03 -0.000E+00 -0.000E+00  0.000E+00
 -8.5952500E+03 -0.000E+00 -0.000E+00  0.000E+00
 -8.5947500E+03 -0.000E+00 -0.000E+00  0.000E+00
 -8.5942500E+03 -0.000E+00 -0.000E+00  0.000E+00
 -8.5937500E+03 -0.000E+00 -0.000E+00  0.000E+00
 -8.5932500E+03 -0.000E+00 -0.000E+00  0.000E+00
 -8.5927500E+03 -0.000E+00 -0.000E+00  0.000E+00
 -8.5922500E+03 -2.941E-06 -3.704E-07  8.750E-06
 -8.5917500E+03  8.258E-06  3.933E-05  1.317E-04
 -8.5912500E+03  4.039E-05  4.247E-05  3.246E-05
 -8.5907500E+03  3.649E-05  2.348E-05 -3.302E-05
 -8.5902500E+03  7.779E-06 -5.194E-06 -4.717E-05
 -8.5897500E+03  5.090E-06 -1.290E-05 -6.791E-05
 -8.5892500E+03 -1.853E-05 -1.168E-05  1.804E-05
 -8.5887500E+03  7.886E-07  6.880E-06  2.565E-05
 -8.5882500E+03  2.914E-05  2.166E-05 -1.418E-05
 -8.5877500E+03  1.754E-05  1.072E-05 -1.832E-05
 -8.5872500E+03  4.028E-06  7.217E-06  1.646E-05
 -8.5867500E+03  2.243E-05  2.760E-05  3.315E-05
 -8.5862500E+03 -4.210E-05 -3.160E-05  1.768E-05
 -8.5857500E+03  7.043E-05  4.983E-05 -4.424E-05
 -8.5852500E+03 -1.005E-05 -2.492E-05 -6.599E-05
 -8.5847500E+03 -1.766E-05 -4.092E-06  5.085E-05
 -8.5842500E+03 -3.846E-05 -2.693E-05  2.105E-05
 -8.5837500E+03  3.050E-06 -7.057E-06 -4.379E-05
 -8.5832500E+03  1.609E-03  1.500E-03  4.375E-04
 -8.5827500E+03  1.771E-03  1.681E-03  5.967E-04
 -8.5822500E+03  7.904E-04  8.511E-04  6.666E-04
 -8.5817500E+03  2.125E-04  1.514E-04 -1.292E-04
 -8.5812500E+03  5.111E-04  4.699E-04  1.098E-04
 -8.5807500E+03  1.591E-03  1.447E-03  2.891E-04
 -8.5802500E+03 -1.460E-03 -1.491E-03 -9.152E-04
 -8.5797500E+03  2.445E-03  3.134E-03  4.047E-03
 -8.5792500E+03  6.969E-02  5.447E-02 -2.450E-02
 -8.5787500E+03 -1.439E-02 -9.674E-03  1.149E-02
 -8.5782500E+03  1.085E-02  1.047E-02  4.269E-03
 -8.5777500E+03  5.641E-03  5.258E-03  1.449E-03
 -8.5772500E+03 -3.799E-03 -3.728E-03 -1.739E-03
 -8.5767500E+03  2.201E-03  6.135E-04 -5.164E-03
 -8.5762500E+03  1.689E-02  1.797E-02  1.323E-02
 -8.5757500E+03  5.475E-03  5.303E-03  2.139E-03
 -8.5752500E+03 -6.344E-03 -7.583E-03 -8.113E-03
 -8.5747500E+03  1.470E-02  2.139E-02  3.414E-02
 -8.5742500E+03  1.622E-02  1.568E-02  6.462E-03
 -8.5737500E+03  9.577E-03  1.787E-02  3.798E-02
 -8.5732500E+03  5.615E-03  4.424E-03 -1.800E-03
 -8.5727500E+03  8.770E-02  7.890E-02  1.048E-02
 -8.5722500E+03  1.841E-02  3.831E-02  8.751E-02
 -8.5717500E+03  1.220E-01  1.174E-01  4.396E-02
 -8.5712500E+03  4.562E-02  4.593E-02  2.570E-02
 -8.5707500E+03  5.454E-02  6.997E-02  8.837E-02
 -8.5702500E+03  1.777E-01  1.543E-01 -3.234E-03
 -8.5697500E+03  2.873E-01  2.663E-01  6.320E-02
 -8.5692500E+03  2.551E-02  5.484E-02  1.284E-01
 -8.5687500E+03  2.211E-02  1.835E-02 -4.653E-03
 -8.5682500E+03  1.900E-02  4.035E-02  9.221E-02
 -8.5677500E+03  1.305E-01  1.586E-01  1.767E-01
 -8.5672500E+03  3.087E-01  3.169E-01  1.899E-01
 -8.5667500E+03  1.655E-01  1.293E-01 -6.200E-02
 -8.5662500E+03  7.193E-02  7.353E-02  4.151E-02
 -8.5657500E+03  2.063E-01  1.872E-01  2.872E-02
 -8.5652500E+03  2.407E-02  3.074E-02  3.849E-02
 -8.5647500E+03  1.446E-01  1.330E-01  2.717E-02
 -8.5642500E+03 -2.129E-02  6.891E-03  1.004E-01
 -8.5637500E+03  3.729E-02  5.967E-02  1.061E-01
 -8.5632500E+03  2.295E-01  2.372E-01  1.371E-01
 -8.5627500E+03  1.562E-01  1.609E-01  1.005E-01
 -8.5622500E+03  8.648E-01  8.457E-01  3.579E-01
 -8.5617500E+03  2.725E-01  2.619E-01  9.518E-02
 -8.5612500E+03  5.325E-01  5.682E-01  4.026E-01
 -8.5607500E+03  7.499E-01  6.641E-01  3.650E-02
 -8.5602500E+03  1.280E-01  1.029E-01 -3.600E-02
 -8.5597500E+03  8.867E-01  9.816E-01  8.123E-01
 -8.5592500E+03  7.027E-01  7.574E-01  5.565E-01
 -8.5587500E+03  8.630E-01  8.547E-01  3.910E-01
 -8.5582500E+03  1.164E+00  1.152E+00  5.220E-01
 -8.5577500E+03  7.038E-01  6.757E-01  2.276E-01
 -8.5572500E+03  6.481E-01  6.526E-01  3.459E-01
 -8.5567500E+03  1.325E+00  1.370E+00  8.241E-01
 -8.5562500E+03  8.509E-01  9.866E-01  9.336E-01
 -8.5557500E+03  1.161E+00  1.069E+00  2.095E-01
 -8.5552500E+03  1.321E+00  1.378E+00  7.934E-01
 -8.5547500E+03  2.245E+00  2.383E+00  1.696E+00
 -8.5542500E+03  1.913E+00  1.743E+00  2.018E-01
 -8.5537500E+03  1.257E+00  1.343E+00  9.523E-01
 -8.5532500E+03  1.430E+00  1.480E+00  8.771E-01
 -8.5527500E+03  1.534E+00  1.808E+00  1.804E+00
 -8.5522500E+03  2.334E+00  2.540E+00  1.901E+00
 -8.5517500E+03  2.613E+00  2.756E+00  1.815E+00
 -8.5512500E+03  2.482E+00  2.513E+00  1.318E+00
 -8.5507500E+03  3.989E+00  3.687E+00  7.080E-01
 -8.5502500E+03  2.573E+00  2.554E+00  1.139E+00
 -8.5497500E+03  3.059E+00  3.413E+00  2.819E+00
 -8.5492500E+03  4.311E+00  4.508E+00  2.782E+00
 -8.5487500E+03  4.012E+00  3.976E+00  1.739E+00
 -8.5482500E+03  4.506E+00  4.333E+00  1.435E+00
 -8.5477500E+03  4.700E+00  4.948E+00  3.179E+00
 -8.5472500E+03  5.652E+00  6.002E+00  4.017E+00
 -8.5467500E+03  6.830E+00  6.936E+00  3.602E+00
 -8.5462500E+03  7.376E+00  7.384E+00  3.452E+00
 -8.5457500E+03  8.119E+00  8.348E+00  4.642E+00
 -8.5452500E+03  6.758E+00  7.114E+00  4.497E+00
 -8.5447500E+03  8.719E+00  9.062E+00  5.360E+00
 -8.5442500E+03  9.281E+00  9.399E+00  4.728E+00
 -8.5437500E+03  1.117E+01  1.163E+01  6.937E+00
 -8.5432500E+03  1.113E+01  1.160E+01  6.930E+00
 -8.5427500E+03  8.910E+00  9.676E+00  7.016E+00
 -8.5422500E+03  1.494E+01  1.429E+01  4.272E+00
 -8.5417500E+03  1.126E+01  1.165E+01  6.628E+00
 -8.5412500E+03  1.406E+01  1.546E+01  1.182E+01
 -8.5407500E+03  1.802E+01  1.817E+01  8.728E+00
 -8.5402500E+03  1.793E+01  1.740E+01  6.054E+00
 -8.5397500E+03  1.347E+01  1.397E+01  8.019E+00
 -8.5392500E+03  1.864E+01  2.011E+01  1.410E+01
 -8.5387500E+03  2.051E+01  2.037E+01  8.649E+00
 -8.5382500E+03  2.042E+01  2.164E+01  1.386E+01
 -8.5377500E+03  1.871E+01  1.956E+01  1.164E+01
 -8.5372500E+03  2.253E+01  2.324E+01  1.277E+01
 -8.5367500E+03  2.399E+01  2.473E+01  1.357E+01
 -8.5362500E+03  2.358E+01  2.427E+01  1.309E+01
 -8.5357500E+03  2.847E+01  2.893E+01  1.449E+01
 -8.5352500E+03  3.212E+01  3.325E+01  1.853E+01
 -8.5347500E+03  3.162E+01  3.257E+01  1.757E+01
 -8.5342500E+03  3.089E+01  3.074E+01  1.293E+01
 -8.5337500E+03  3.774E+01  3.896E+01  2.125E+01
 -8.5332500E+03  3.333E+01  3.424E+01  1.808E+01
 -8.5327500E+03  3.895E+01  4.079E+01  2.408E+01
 -8.5322500E+03  3.198E+01  3.397E+01  2.159E+01
 -8.5317500E+03  4.320E+01  4.418E+01  2.248E+01
 -8.5312500E+03  4.382E+01  4.528E+01  2.461E+01
 -8.5307500E+03  4.579E+01  4.660E+01  2.291E+01
 -8.5302500E+03  4.742E+01  4.824E+01  2.361E+01
 -8.5297500E+03  4.846E+01  5.087E+01  3.009E+01
 -8.5292500E+03  4.983E+01  5.243E+01  3.146E+01
 -8.5287500E+03  5.510E+01  5.684E+01  3.028E+01
 -8.5282500E+03  5.513E+01  5.613E+01  2.734E+01
 -8.5277500E+03  5.352E+01  5.567E+01  3.104E+01
 -8.5272500E+03  5.404E+01  5.667E+01  3.315E+01
 -8.5267500E+03  6.744E+01  6.930E+01  3.577E+01
 -8.5262500E+03  6.669E+01  6.923E+01  3.797E+01
 -8.5257500E+03  6.087E+01  6.324E+01  3.475E+01
 -8.5252500E+03  7.021E+01  7.180E+01  3.559E+01
 -8.5247500E+03  6.909E+01  7.158E+01  3.849E+01
 -8.5242500E+03  7.156E+01  7.435E+01  4.067E+01
 -8.5237500E+03  7.802E+01  7.988E+01  3.969E+01
 -8.5232500E+03  7.927E+01  8.150E+01  4.151E+01
 -8.5227500E+03  8.000E+01  8.375E+01  4.758E+01
 -8.5222500E+03  7.960E+01  8.319E+01  4.666E+01
 -8.5217500E+03  8.823E+01  9.039E+01  4.485E+01
 -8.5212500E+03  8.483E+01  8.856E+01  4.921E+01
 -8.5207500E+03  8.547E+01  8.775E+01  4.385E+01
 -8.5202500E+03  8.734E+01  9.167E+01  5.240E+01
 -8.5197500E+03  9.487E+01  9.753E+01  4.895E+01
 -8.5192500E+03  9.088E+01  9.494E+01  5.261E+01
 -8.5187500E+03  1.034E+02  1.055E+02  5.020E+01
 -8.5182500E+03  1.048E+02  1.070E+02  5.118E+01
 -8.5177500E+03  1.044E+02  1.070E+02  5.203E+01
 -8.5172500E+03  1.025E+02  1.065E+02  5.698E+01
 -8.5167500E+03  1.038E+02  1.086E+02  6.001E+01
 -8.5162500E+03  1.050E+02  1.076E+02  5.213E+01
 -8.5157500E+03  1.100E+02  1.125E+02  5.377E+01
 -8.5152500E+03  1.095E+02  1.144E+02  6.242E+01
 -8.5147500E+03  1.034E+02  1.081E+02  5.900E+01
 -8.5142500E+03  1.153E+02  1.189E+02  5.965E+01
 -8.5137500E+03  1.073E+02  1.123E+02  6.126E+01
 -8.5132500E+03  1.151E+02  1.192E+02  6.089E+01
 -8.5127500E+03  1.202E+02  1.261E+02  6.992E+01
 -8.5122500E+03  1.241E+02  1.267E+02  5.857E+01
 -8.5117500E+03  1.076E+02  1.126E+02  6.121E+01
 -8.5112500E+03  1.246E+02  1.293E+02  6.666E+01
 -8.5107500E+03  1.208E+02  1.262E+02  6.751E+01
 -8.5102500E+03  1.189E+02  1.240E+02  6.550E+01
 -8.5097500E+03  1.324E+02  1.370E+02  6.911E+01
 -8.5092500E+03  1.311E+02  1.371E+02  7.337E+01
 -8.5087500E+03  1.195E+02  1.243E+02  6.392E+01
 -8.5082500E+03  1.221E+02  1.259E+02  6.104E+01
 -8.5077500E+03  1.186E+02  1.227E+02  6.102E+01
 -8.5072500E+03  1.337E+02  1.387E+02  7.022E+01
 -8.5067500E+03  1.225E+02  1.281E+02  6.765E+01
 -8.5062500E+03  1.268E+02  1.320E+02  6.764E+01
 -8.5057500E+03  1.270E+02  1.342E+02  7.541E+01
 -8.5052500E+03  1.214E+02  1.266E+02  6.538E+01
 -8.5047500E+03  1.313E+02  1.329E+02  5.527E+01
 -8.5042500E+03  1.322E+02  1.376E+02  6.999E+01
 -8.5037500E+03  1.213E+02  1.272E+02  6.759E+01
 -8.5032500E+03  1.202E+02  1.265E+02  6.846E+01
 -8.5027500E+03  1.244E+02  1.309E+02  7.047E+01
 -8.5022500E+03  1.333E+02  1.381E+02  6.747E+01
 -8.5017500E+03  1.337E+02  1.389E+02  6.878E+01
 -8.5012500E+03  1.308E+02  1.347E+02  6.296E+01
 -8.5007500E+03  1.248E+02  1.306E+02  6.757E+01
 -8.5002500E+03  1.183E+02  1.244E+02  6.622E+01
 -8.4997500E+03  1.246E+02  1.287E+02  6.074E+01
 -8.4992500E+03  1.203E+02  1.280E+02  7.283E+01
 -8.4987500E+03  1.257E+02  1.299E+02  6.133E+01
 -8.4982500E+03  1.254E+02  1.329E+02  7.353E+01
 -8.4977500E+03  1.190E+02  1.247E+02  6.398E+01
 -8.4972500E+03  1.191E+02  1.240E+02  6.108E+01
 -8.4967500E+03  1.206E+02  1.278E+02  6.995E+01
 -8.4962500E+03  1.186E+02  1.243E+02  6.355E+01
 -8.4957500E+03  1.095E+02  1.173E+02  6.824E+01
 -8.4952500E+03  1.204E+02  1.274E+02  6.925E+01
 -8.4947500E+03  1.192E+02  1.229E+02  5.561E+01
 -8.4942500E+03  1.118E+02  1.157E+02  5.368E+01
 -8.4937500E+03  1.097E+02  1.130E+02  5.061E+01
 -8.4932500E+03  1.081E+02  1.141E+02  5.974E+01
 -8.4927500E+03  1.137E+02  1.174E+02  5.313E+01
 -8.4922500E+03  1.008E+02  1.079E+02  6.141E+01
 -8.4917500E+03  1.066E+02  1.122E+02  5.777E+01
 -8.4912500E+03  9.685E+01  1.023E+02  5.348E+01
 -8.4907500E+03  1.028E+02  1.088E+02  5.780E+01
 -8.4902500E+03  1.142E+02  1.204E+02  6.198E+01
 -8.4897500E+03  1.035E+02  1.072E+02  4.903E+01
 -8.4892500E+03  9.828E+01  1.034E+02  5.259E+01
 -8.4887500E+03  1.001E+02  1.058E+02  5.500E+01
 -8.4882500E+03  8.788E+01  9.713E+01  6.385E+01
 -8.4877500E+03  9.466E+01  1.008E+02  5.426E+01
 -8.4872500E+03  9.238E+01  9.881E+01  5.436E+01
 -8.4867500E+03  9.077E+01  9.442E+01  4.337E+01
 -8.4862500E+03  8.768E+01  9.145E+01  4.263E+01
 -8.4857500E+03  9.339E+01  9.572E+01  3.893E+01
 -8.4852500E+03  7.476E+01  8.018E+01  4.417E+01
 -8.4847500E+03  8.001E+01  8.267E+01  3.537E+01
 -8.4842500E+03  7.965E+01  8.357E+01  3.974E+01
 -8.4837500E+03  7.519E+01  8.072E+01  4.449E+01
 -8.4832500E+03  7.273E+01  7.611E+01  3.547E+01
 -8.4827500E+03  6.720E+01  7.415E+01  4.691E+01
 -8.4822500E+03  7.405E+01  7.613E+01  3.068E+01
 -8.4817500E+03  6.934E+01  7.347E+01  3.665E+01
 -8.4812500E+03  6.774E+01  7.140E+01  3.440E+01
 -8.4807500E+03  6.725E+01  7.261E+01  4.027E+01
 -8.4802500E+03  6.206E+01  6.776E+01  3.989E+01
 -8.4797500E+03  6.683E+01  6.909E+01  2.857E+01
 -8.4792500E+03  5.365E+01  5.779E+01  3.077E+01
 -8.4787500E+03  6.926E+01  7.357E+01  3.716E+01
 -8.4782500E+03  5.831E+01  6.164E+01  2.961E+01
 -8.4777500E+03  5.663E+01  6.116E+01  3.305E+01
 -8.4772500E+03  5.075E+01  5.300E+01  2.285E+01
 -8.4767500E+03  4.929E+01  5.041E+01  1.775E+01
 -8.4762500E+03  4.769E+01  5.007E+01  2.214E+01
 -8.4757500E+03  5.237E+01  5.588E+01  2.782E+01
 -8.4752500E+03  4.879E+01  5.099E+01  2.154E+01
 -8.4747500E+03  4.075E+01  4.323E+01  1.996E+01
 -8.4742500E+03  3.995E+01  4.319E+01  2.256E+01
 -8.4737500E+03  4.243E+01  4.560E+01  2.297E+01
 -8.4732500E+03  3.544E+01  3.808E+01  1.899E+01
 -8.4727500E+03  3.435E+01  3.707E+01  1.857E+01
 -8.4722500E+03  3.976E+01  4.307E+01  2.238E+01
 -8.4717500E+03  3.386E+01  3.598E+01  1.589E+01
 -8.4712500E+03  3.248E+01  3.510E+01  1.748E+01
 -8.4707500E+03  3.382E+01  3.705E+01  1.980E+01
 -8.4702500E+03  2.869E+01  3.056E+01  1.305E+01
 -8.4697500E+03  2.479E+01  2.715E+01  1.369E+01
 -8.4692500E+03  2.840E+01  2.925E+01  9.003E+00
 -8.4687500E+03  1.700E+01  2.024E+01  1.443E+01
 -8.4682500E+03  2.126E+01  2.533E+01  1.939E+01
 -8.4677500E+03  1.797E+01  1.864E+01  5.335E+00
 -8.4672500E+03  2.572E+01  2.938E+01  1.862E+01
 -8.4667500E+03  1.859E+01  2.155E+01  1.364E+01
 -8.4662500E+03  1.978E+01  2.077E+01  6.874E+00
 -8.4657500E+03  1.897E+01  2.163E+01  1.311E+01
 -8.4652500E+03  1.552E+01  1.674E+01  6.279E+00
 -8.4647500E+03  9.033E+00  1.118E+01  7.633E+00
 -8.4642500E+03  1.713E+01  1.721E+01  2.600E+00
 -8.4637500E+03  9.734E+00  1.188E+01  8.006E+00
 -8.4632500E+03  6.509E+00  9.048E+00  8.170E+00
 -8.4627500E+03  6.610E+00  7.756E+00  3.048E+00
 -8.4622500E+03  9.079E+00  1.036E+01  4.088E+00
 -8.4617500E+03  1.776E+00  3.765E+00  4.625E+00
 -8.4612500E+03  2.253E+00  2.571E+00 -8.131E-01
 -8.4607500E+03 -5.769E-02  3.899E+00  1.130E+01
 -8.4602500E+03  7.176E-01  1.844E+00  1.200E+00
 -8.4597500E+03  4.566E+00  6.125E+00  3.908E+00
 -8.4592500E+03 -2.832E-01 -1.663E+00 -8.583E+00
 -8.4587500E+03  1.277E+00  5.514E-01 -5.716E+00
 -8.4582500E+03 -4.458E+00 -2.157E+00  4.206E+00
 -8.4577500E+03  1.749E+00  1.424E+00 -4.003E+00
 -8.4572500E+03 -2.171E+00 -2.628E+00 -5.582E+00
 -8.4567500E+03 -1.532E+00 -3.327E-01  7.474E-01
 -8.4562500E+03 -1.733E+00 -1.095E+00 -1.856E+00
 -8.4557500E+03 -5.366E+00 -3.923E+00  2.999E-01
 -8.4552500E+03 -3.625E+00 -4.306E+00 -6.701E+00
 -8.4547500E+03 -1.212E+01 -9.464E+00  2.999E+00
 -8.4542500E+03 -1.027E+01 -1.002E+01 -5.575E+00
 -8.4537500E+03 -1.053E+01 -9.332E+00 -2.264E+00
 -8.4532500E+03 -4.137E+00 -5.071E+00 -8.044E+00
 -8.4527500E+03 -1.213E+01 -1.186E+01 -6.001E+00
 -8.4522500E+03 -1.243E+01 -1.172E+01 -4.058E+00
 -8.4517500E+03 -1.156E+01 -1.184E+01 -7.673E+00
 -8.4512500E+03 -6.339E+00 -7.554E+00 -9.741E+00
 -8.4507500E+03 -1.165E+01 -1.185E+01 -7.357E+00
 -8.4502500E+03 -1.597E+01 -1.483E+01 -3.832E+00
 -8.4497500E+03 -9.923E+00 -1.182E+01 -1.310E+01
 -8.4492500E+03 -1.642E+01 -1.676E+01 -9.731E+00
 -8.4487500E+03 -1.789E+01 -1.715E+01 -5.782E+00
 -8.4482500E+03 -1.485E+01 -1.407E+01 -4.825E+00
 -8.4477500E+03 -1.338E+01 -1.366E+01 -8.234E+00
 -8.4472500E+03 -1.446E+01 -1.560E+01 -1.212E+01
 -8.4467500E+03 -1.769E+01 -1.662E+01 -4.378E+00
 -8.4462500E+03 -1.800E+01 -1.896E+01 -1.254E+01
 -8.4457500E+03 -2.874E+01 -2.789E+01 -8.675E+00
 -8.4452500E+03 -2.152E+01 -2.166E+01 -1.031E+01
 -8.4447500E+03 -1.897E+01 -1.971E+01 -1.182E+01
 -8.4442500E+03 -1.843E+01 -1.947E+01 -1.208E+01
 -8.4437500E+03 -2.091E+01 -2.109E+01 -9.880E+00
 -8.4432500E+03 -2.056E+01 -2.238E+01 -1.614E+01
 -8.4427500E+03 -2.014E+01 -2.194E+01 -1.602E+01
 -8.4422500E+03 -2.112E+01 -2.082E+01 -7.988E+00
 -8.4417500E+03 -2.288E+01 -2.262E+01 -8.967E+00
 -8.4412500E+03 -2.197E+01 -1.998E+01 -2.014E+00
 -8.4407500E+03 -2.227E+01 -2.282E+01 -1.193E+01
 -8.4402500E+03 -1.965E+01 -2.064E+01 -1.224E+01
 -8.4397500E+03 -1.814E+01 -2.135E+01 -2.055E+01
 -8.4392500E+03 -2.076E+01 -1.992E+01 -6.266E+00
 -8.4387500E+03 -2.199E+01 -2.284E+01 -1.273E+01
 -8.4382500E+03 -2.428E+01 -2.406E+01 -9.194E+00
 -8.4377500E+03 -2.896E+01 -2.743E+01 -6.265E+00
 -8.4372500E+03 -2.559E+01 -2.687E+01 -1.529E+01
 -8.4367500E+03 -2.933E+01 -2.895E+01 -1.050E+01
 -8.4362500E+03 -2.846E+01 -2.891E+01 -1.353E+01
 -8.4357500E+03 -2.471E+01 -2.564E+01 -1.389E+01
 -8.4352500E+03 -2.691E+01 -2.724E+01 -1.241E+01
 -8.4347500E+03 -2.406E+01 -2.333E+01 -7.084E+00
 -8.4342500E+03 -2.117E+01 -2.396E+01 -1.933E+01
 -8.4337500E+03 -2.236E+01 -2.478E+01 -1.813E+01
 -8.4332500E+03 -2.624E+01 -2.536E+01 -7.450E+00
 -8.4327500E+03 -2.227E+01 -2.379E+01 -1.515E+01
 -8.4322500E+03 -2.353E+01 -2.392E+01 -1.136E+01
 -8.4317500E+03 -3.260E+01 -3.371E+01 -1.666E+01
 -8.4312500E+03 -2.833E+01 -2.970E+01 -1.656E+01
 -8.4307500E+03 -3.090E+01 -3.109E+01 -1.294E+01
 -8.4302500E+03 -2.555E+01 -2.785E+01 -1.843E+01
 -8.4297500E+03 -3.069E+01 -3.020E+01 -1.012E+01
 -8.4292500E+03 -2.718E+01 -2.771E+01 -1.254E+01
 -8.4287500E+03 -2.434E+01 -2.400E+01 -8.608E+00
 -8.4282500E+03 -2.700E+01 -2.690E+01 -1.018E+01
 -8.4277500E+03 -2.895E+01 -3.037E+01 -1.658E+01
 -8.4272500E+03 -2.820E+01 -2.922E+01 -1.466E+01
 -8.4267500E+03 -1.589E+01 -1.829E+01 -1.583E+01
 -8.4262500E+03 -2.238E+01 -2.506E+01 -1.948E+01
 -8.4257500E+03 -2.991E+01 -2.996E+01 -1.184E+01
 -8.4252500E+03 -2.879E+01 -2.837E+01 -9.302E+00
 -8.4247500E+03 -2.880E+01 -2.993E+01 -1.486E+01
 -8.4242500E+03 -3.387E+01 -3.329E+01 -1.085E+01
 -8.4237500E+03 -2.978E+01 -3.059E+01 -1.451E+01
 -8.4232500E+03 -2.639E+01 -2.781E+01 -1.541E+01
 -8.4227500E+03 -2.597E+01 -2.557E+01 -8.560E+00
 -8.4222500E+03 -2.749E+01 -2.879E+01 -1.541E+01
 -8.4217500E+03 -2.481E+01 -2.629E+01 -1.520E+01
 -8.4212500E+03 -2.837E+01 -2.871E+01 -1.213E+01
 -8.4207500E+03 -2.615E+01 -2.785E+01 -1.651E+01
 -8.4202500E+03 -2.527E+01 -2.557E+01 -1.087E+01
 -8.4197500E+03 -2.872E+01 -3.022E+01 -1.618E+01
 -8.4192500E+03 -3.003E+01 -3.086E+01 -1.417E+01
 -8.4187500E+03 -2.522E+01 -2.506E+01 -9.221E+00
 -8.4182500E+03 -2.678E+01 -2.832E+01 -1.582E+01
 -8.4177500E+03 -2.732E+01 -2.988E+01 -1.973E+01
 -8.4172500E+03 -2.618E+01 -2.822E+01 -1.758E+01
 -8.4167500E+03 -2.480E+01 -2.665E+01 -1.662E+01
 -8.4162500E+03 -2.635E+01 -2.748E+01 -1.412E+01
 -8.4157500E+03 -2.675E+01 -2.727E+01 -1.218E+01
 -8.4152500E+03 -2.767E+01 -2.794E+01 -1.111E+01
 -8.4147500E+03 -2.798E+01 -2.896E+01 -1.397E+01
 -8.4142500E+03 -2.557E+01 -2.682E+01 -1.420E+01
 -8.4137500E+03 -2.727E+01 -2.743E+01 -1.074E+01
 -8.4132500E+03 -2.520E+01 -2.710E+01 -1.680E+01
 -8.4127500E+03 -3.070E+01 -3.165E+01 -1.452E+01
 -8.4122500E+03 -3.211E+01 -3.279E+01 -1.418E+01
 -8.4117500E+03 -2.694E+01 -2.824E+01 -1.498E+01
 -8.4112500E+03 -2.586E+01 -2.669E+01 -1.286E+01
 -8.4107500E+03 -2.955E+01 -3.047E+01 -1.407E+01
 -8.4102500E+03 -2.694E+01 -2.784E+01 -1.357E+01
 -8.4097500E+03 -2.699E+01 -2.829E+01 -1.516E+01
 -8.4092500E+03 -2.733E+01 -2.859E+01 -1.486E+01
 -8.4087500E+03 -2.459E+01 -2.636E+01 -1.573E+01
 -8.4082500E+03 -2.951E+01 -2.954E+01 -1.067E+01
 -8.4077500E+03 -3.066E+01 -3.084E+01 -1.184E+01
 -8.4072500E+03 -2.598E+01 -2.803E+01 -1.716E+01
 -8.4067500E+03 -2.495E+01 -2.725E+01 -1.809E+01
 -8.4062500E+03 -2.692E+01 -2.731E+01 -1.138E+01
 -8.4057500E+03 -2.762E+01 -2.827E+01 -1.260E+01
 -8.4052500E+03 -2.559E+01 -2.678E+01 -1.379E+01
 -8.4047500E+03 -2.284E+01 -2.418E+01 -1.340E+01
 -8.4042500E+03 -2.628E+01 -2.723E+01 -1.329E+01
 -8.4037500E+03 -2.735E+01 -2.826E+01 -1.316E+01
 -8.4032500E+03 -2.742E+01 -2.831E+01 -1.341E+01
 -8.4027500E+03 -2.644E+01 -2.878E+01 -1.829E+01
 -8.4022500E+03 -2.578E+01 -2.713E+01 -1.441E+01
 -8.4017500E+03 -2.652E+01 -2.671E+01 -1.035E+01
 -8.4012500E+03 -2.797E+01 -2.789E+01 -9.864E+00
 -8.4007500E+03 -2.764E+01 -2.889E+01 -1.464E+01
 -8.4002500E+03 -2.565E+01 -2.744E+01 -1.592E+01
 -8.3997500E+03 -2.657E+01 -2.742E+01 -1.264E+01
 -8.3992500E+03 -2.476E+01 -2.711E+01 -1.787E+01
 -8.3987500E+03 -2.724E+01 -2.762E+01 -1.107E+01
 -8.3982500E+03 -2.800E+01 -2.957E+01 -1.566E+01
 -8.3977500E+03 -2.371E+01 -2.528E+01 -1.475E+01
 -8.3972500E+03 -2.716E+01 -2.847E+01 -1.468E+01
 -8.3967500E+03 -2.859E+01 -2.891E+01 -1.157E+01
 -8.3962500E+03 -2.508E+01 -2.591E+01 -1.215E+01
 -8.3957500E+03 -2.319E+01 -2.444E+01 -1.363E+01
 -8.3952500E+03 -2.288E+01 -2.318E+01 -9.640E+00
 -8.3947500E+03 -2.576E+01 -2.701E+01 -1.421E+01
 -8.3942500E+03 -2.648E+01 -2.803E+01 -1.538E+01
 -8.3937500E+03 -2.271E+01 -2.433E+01 -1.478E+01
 -8.3932500E+03 -2.637E+01 -2.804E+01 -1.583E+01
 -8.3927500E+03 -2.674E+01 -2.770E+01 -1.312E+01
 -8.3922500E+03 -2.314E+01 -2.433E+01 -1.290E+01
 -8.3917500E+03 -2.439E+01 -2.601E+01 -1.456E+01
 -8.3912500E+03 -2.570E+01 -2.693E+01 -1.394E+01
 -8.3907500E+03 -2.295E+01 -2.346E+01 -1.041E+01
 -8.3902500E+03 -2.339E+01 -2.469E+01 -1.323E+01
 -8.3897500E+03 -2.493E+01 -2.639E+01 -1.423E+01
 -8.3892500E+03 -2.293E+01 -2.536E+01 -1.747E+01
 -8.3887500E+03 -2.352E+01 -2.561E+01 -1.624E+01
 -8.3882500E+03 -2.759E+01 -2.772E+01 -1.011E+01
 -8.3877500E+03 -2.546E+01 -2.571E+01 -9.844E+00
 -8.3872500E+03 -2.616E+01 -2.693E+01 -1.218E+01
 -8.3867500E+03 -2.606E+01 -2.721E+01 -1.388E+01
 -8.3862500E+03 -2.364E+01 -2.479E+01 -1.305E+01
 -8.3857500E+03 -2.444E+01 -2.551E+01 -1.285E+01
 -8.3852500E+03 -2.587E+01 -2.663E+01 -1.228E+01
 -8.3847500E+03 -2.517E+01 -2.575E+01 -1.108E+01
 -8.3842500E+03 -2.167E+01 -2.224E+01 -9.772E+00
 -8.3837500E+03 -2.284E+01 -2.424E+01 -1.325E+01
 -8.3832500E+03 -2.205E+01 -2.327E+01 -1.272E+01
 -8.3827500E+03 -2.214E+01 -2.273E+01 -1.026E+01
 -8.3822500E+03 -2.575E+01 -2.617E+01 -1.050E+01
 -8.3817500E+03 -2.478E+01 -2.505E+01 -1.005E+01
 -8.3812500E+03 -2.272E+01 -2.304E+01 -9.377E+00
 -8.3807500E+03 -2.172E+01 -2.324E+01 -1.313E+01
 -8.3802500E+03 -2.313E+01 -2.446E+01 -1.291E+01
 -8.3797500E+03 -2.377E+01 -2.531E+01 -1.411E+01
 -8.3792500E+03 -2.305E+01 -2.411E+01 -1.238E+01
 -8.3787500E+03 -2.299E+01 -2.406E+01 -1.243E+01
 -8.3782500E+03 -2.247E+01 -2.361E+01 -1.243E+01
 -8.3777500E+03 -2.059E+01 -2.191E+01 -1.213E+01
 -8.3772500E+03 -2.211E+01 -2.317E+01 -1.175E+01
 -8.3767500E+03 -2.419E+01 -2.452E+01 -1.001E+01
 -8.3762500E+03 -2.176E+01 -2.267E+01 -1.100E+01
 -8.3757500E+03 -1.949E+01 -2.144E+01 -1.408E+01
 -8.3752500E+03 -2.268E+01 -2.466E+01 -1.541E+01
 -8.3747500E+03 -2.372E+01 -2.451E+01 -1.141E+01
 -8.3742500E+03 -2.367E+01 -2.443E+01 -1.115E+01
 -8.3737500E+03 -1.870E+01 -1.967E+01 -1.049E+01
 -8.3732500E+03 -2.321E+01 -2.442E+01 -1.279E+01
 -8.3727500E+03 -2.269E+01 -2.346E+01 -1.105E+01
 -8.3722500E+03 -2.250E+01 -2.344E+01 -1.152E+01
 -8.3717500E+03 -2.138E+01 -2.255E+01 -1.180E+01
 -8.3712500E+03 -2.129E+01 -2.261E+01 -1.239E+01
 -8.3707500E+03 -2.381E+01 -2.485E+01 -1.246E+01
 -8.3702500E+03 -2.024E+01 -2.134E+01 -1.111E+01
 -8.3697500E+03 -1.898E+01 -1.999E+01 -1.037E+01
 -8.3692500E+03 -2.190E+01 -2.257E+01 -1.058E+01
 -8.3687500E+03 -2.195E+01 -2.270E+01 -1.051E+01
 -8.3682500E+03 -2.015E+01 -2.069E+01 -9.213E+00
 -8.3677500E+03 -2.041E+01 -2.127E+01 -1.058E+01
 -8.3672500E+03 -1.939E+01 -2.096E+01 -1.286E+01
 -8.3667500E+03 -2.189E+01 -2.197E+01 -8.330E+00
 -8.3662500E+03 -2.067E+01 -2.150E+01 -1.006E+01
 -8.3657500E+03 -2.012E+01 -2.207E+01 -1.441E+01
 -8.3652500E+03 -1.956E+01 -2.029E+01 -9.771E+00
 -8.3647500E+03 -2.244E+01 -2.279E+01 -9.176E+00
 -8.3642500E+03 -2.051E+01 -2.190E+01 -1.246E+01
 -8.3637500E+03 -2.104E+01 -2.245E+01 -1.277E+01
 -8.3632500E+03 -1.995E+01 -2.088E+01 -1.062E+01
 -8.3627500E+03 -1.930E+01 -2.048E+01 -1.150E+01
 -8.3622500E+03 -1.957E+01 -2.277E+01 -1.876E+01
 -8.3617500E+03 -1.987E+01 -2.083E+01 -1.066E+01
 -8.3612500E+03 -2.153E+01 -2.205E+01 -9.452E+00
 -8.3607500E+03 -1.991E+01 -2.081E+01 -1.006E+01
 -8.3602500E+03 -2.072E+01 -2.185E+01 -1.163E+01
 -8.3597500E+03 -2.184E+01 -2.261E+01 -1.074E+01
 -8.3592500E+03 -2.067E+01 -2.181E+01 -1.127E+01
 -8.3587500E+03 -1.932E+01 -2.036E+01 -1.055E+01
 -8.3582500E+03 -1.933E+01 -1.967E+01 -8.214E+00
 -8.3577500E+03 -1.784E+01 -1.843E+01 -8.502E+00
 -8.3572500E+03 -2.170E+01 -2.228E+01 -1.003E+01
 -8.3567500E+03 -1.958E+01 -2.019E+01 -9.226E+00
 -8.3562500E+03 -1.865E+01 -1.985E+01 -1.138E+01
 -8.3557500E+03 -1.938E+01 -2.083E+01 -1.226E+01
 -8.3552500E+03 -1.897E+01 -2.036E+01 -1.166E+01
 -8.3547500E+03 -1.877E+01 -1.935E+01 -8.471E+00
 -8.3542500E+03 -1.958E+01 -2.043E+01 -1.025E+01
 -8.3537500E+03 -2.151E+01 -2.185E+01 -8.601E+00
 -8.3532500E+03 -1.981E+01 -2.092E+01 -1.142E+01
 -8.3527500E+03 -1.853E+01 -1.972E+01 -1.114E+01
 -8.3522500E+03 -1.763E+01 -1.869E+01 -9.950E+00
 -8.3517500E+03 -1.852E+01 -1.926E+01 -9.537E+00
 -8.3512500E+03 -2.169E+01 -2.244E+01 -1.034E+01
 -8.3507500E+03 -1.747E+01 -1.863E+01 -1.035E+01
 -8.3502500E+03 -1.785E+01 -1.889E+01 -1.016E+01
 -8.3497500E+03 -1.963E+01 -2.074E+01 -1.112E+01
 -8.3492500E+03 -1.841E+01 -1.929E+01 -9.942E+00
 -8.3487500E+03 -1.939E+01 -1.957E+01 -7.744E+00
 -8.3482500E+03 -1.811E+01 -1.911E+01 -1.041E+01
 -8.3477500E+03 -1.838E+01 -1.900E+01 -8.725E+00
 -8.3472500E+03 -1.659E+01 -1.782E+01 -1.042E+01
 -8.3467500E+03 -1.877E+01 -1.839E+01 -5.069E+00
 -8.3462500E+03 -1.807E+01 -1.868E+01 -8.649E+00
 -8.3457500E+03 -1.810E+01 -1.896E+01 -9.558E+00
 -8.3452500E+03 -1.634E+01 -1.753E+01 -1.035E+01
 -8.3447500E+03 -1.741E+01 -1.790E+01 -8.021E+00
 -8.3442500E+03 -1.957E+01 -2.037E+01 -1.010E+01
 -8.3437500E+03 -1.888E+01 -2.059E+01 -1.289E+01
 -8.3432500E+03 -1.762E+01 -1.876E+01 -1.046E+01
 -8.3427500E+03 -1.741E+01 -1.760E+01 -6.845E+00
 -8.3422500E+03 -1.807E+01 -1.928E+01 -1.065E+01
 -8.3417500E+03 -1.806E+01 -1.879E+01 -8.966E+00
 -8.3412500E+03 -1.821E+01 -1.891E+01 -8.773E+00
 -8.3407500E+03 -1.658E+01 -1.678E+01 -6.743E+00
 -8.3402500E+03 -2.084E+01 -2.111E+01 -7.848E+00
 -8.3397500E+03 -1.766E+01 -1.819E+01 -8.629E+00
 -8.3392500E+03 -1.649E+01 -1.770E+01 -1.054E+01
 -8.3387500E+03 -1.836E+01 -1.920E+01 -9.550E+00
 -8.3382500E+03 -1.618E+01 -1.778E+01 -1.190E+01
 -8.3377500E+03 -1.722E+01 -1.785E+01 -8.535E+00
 -8.3372500E+03 -1.731E+01 -1.805E+01 -8.757E+00
 -8.3367500E+03 -1.551E+01 -1.685E+01 -9.926E+00
 -8.3362500E+03 -1.656E+01 -1.737E+01 -8.906E+00
 -8.3357500E+03 -1.685E+01 -1.719E+01 -7.381E+00
 -8.3352500E+03 -1.659E+01 -1.740E+01 -8.848E+00
 -8.3347500E+03 -1.729E+01 -1.756E+01 -7.349E+00
 -8.3342500E+03 -1.706E+01 -1.751E+01 -7.463E+00
 -8.3337500E+03 -1.795E+01 -1.896E+01 -9.875E+00
 -8.3332500E+03 -1.474E+01 -1.530E+01 -7.243E+00
 -8.3327500E+03 -1.549E+01 -1.618E+01 -8.510E+00
 -8.3322500E+03 -1.552E+01 -1.693E+01 -1.090E+01
 -8.3317500E+03 -1.734E+01 -1.831E+01 -9.758E+00
 -8.3312500E+03 -1.600E+01 -1.650E+01 -7.545E+00
 -8.3307500E+03 -1.878E+01 -1.984E+01 -1.010E+01
 -8.3302500E+03 -1.575E+01 -1.659E+01 -9.076E+00
 -8.3297500E+03 -1.532E+01 -1.608E+01 -8.417E+00
 -8.3292500E+03 -1.651E+01 -1.751E+01 -9.664E+00
 -8.3287500E+03 -1.492E+01 -1.606E+01 -9.602E+00
 -8.3282500E+03 -1.533E+01 -1.679E+01 -1.151E+01
 -8.3277500E+03 -1.642E+01 -1.695E+01 -7.728E+00
 -8.3272500E+03 -1.592E+01 -1.657E+01 -8.027E+00
 -8.3267500E+03 -1.572E+01 -1.643E+01 -7.735E+00
 -8.3262500E+03 -1.603E+01 -1.644E+01 -7.196E+00
 -8.3257500E+03 -1.748E+01 -1.744E+01 -7.090E+00
 -8.3252500E+03 -1.548E+01 -1.618E+01 -8.007E+00
 -8.3247500E+03 -1.710E+01 -1.788E+01 -9.093E+00
 -8.3242500E+03 -1.498E+01 -1.584E+01 -8.376E+00
 -8.3237500E+03 -1.462E+01 -1.593E+01 -9.590E+00
 -8.3232500E+03 -1.632E+01 -1.709E+01 -8.975E+00
 -8.3227500E+03 -1.447E+01 -1.596E+01 -1.038E+01
 -8.3222500E+03 -1.608E+01 -1.650E+01 -7.068E+00
 -8.3217500E+03 -1.690E+01 -1.698E+01 -6.038E+00
 -8.3212500E+03 -1.667E+01 -1.684E+01 -6.069E+00
 -8.3207500E+03 -1.357E+01 -1.495E+01 -9.928E+00
 -8.3202500E+03 -1.551E+01 -1.601E+01 -7.637E+00
 -8.3197500E+03 -1.444E+01 -1.525E+01 -8.156E+00
 -8.3192500E+03 -1.444E+01 -1.521E+01 -7.809E+00
 -8.3187500E+03 -1.522E+01 -1.597E+01 -8.265E+00
 -8.3182500E+03 -1.579E+01 -1.650E+01 -7.758E+00
 -8.3177500E+03 -1.428E+01 -1.535E+01 -9.643E+00
 -8.3172500E+03 -1.533E+01 -1.576E+01 -6.878E+00
 -8.3167500E+03 -1.453E+01 -1.562E+01 -9.109E+00
 -8.3162500E+03 -1.352E+01 -1.468E+01 -8.904E+00
 -8.3157500E+03 -1.570E+01 -1.676E+01 -9.399E+00
 -8.3152500E+03 -1.579E+01 -1.647E+01 -7.839E+00
 -8.3147500E+03 -1.467E+01 -1.508E+01 -6.173E+00
 -8.3142500E+03 -1.373E+01 -1.461E+01 -7.499E+00
 -8.3137500E+03 -1.475E+01 -1.540E+01 -7.605E+00
 -8.3132500E+03 -1.563E+01 -1.551E+01 -5.209E+00
 -8.3127500E+03 -1.716E+01 -1.754E+01 -7.304E+00
 -8.3122500E+03 -1.428E+01 -1.508E+01 -8.369E+00
 -8.3117500E+03 -1.378E+01 -1.484E+01 -7.871E+00
 -8.3112500E+03 -1.549E+01 -1.513E+01 -4.646E+00
 -8.3107500E+03 -1.377E+01 -1.435E+01 -7.201E+00
 -8.3102500E+03 -1.346E+01 -1.447E+01 -8.497E+00
 -8.3097500E+03 -1.408E+01 -1.451E+01 -7.112E+00
 -8.3092500E+03 -1.319E+01 -1.404E+01 -7.846E+00
 -8.3087500E+03 -1.352E+01 -1.439E+01 -7.982E+00
 -8.3082500E+03 -1.537E+01 -1.588E+01 -7.517E+00
 -8.3077500E+03 -1.520E+01 -1.593E+01 -7.742E+00
 -8.3072500E+03 -1.392E+01 -1.499E+01 -8.947E+00
 -8.3067500E+03 -1.438E+01 -1.479E+01 -6.308E+00
 -8.3062500E+03 -1.296E+01 -1.438E+01 -9.958E+00
 -8.3057500E+03 -1.333E+01 -1.435E+01 -8.123E+00
 -8.3052500E+03 -1.399E+01 -1.476E+01 -7.454E+00
 -8.3047500E+03 -1.365E+01 -1.399E+01 -6.037E+00
 -8.3042500E+03 -1.427E+01 -1.473E+01 -6.929E+00
 -8.3037500E+03 -1.499E+01 -1.539E+01 -6.965E+00
 -8.3032500E+03 -1.306E+01 -1.363E+01 -7.450E+00
 -8.3027500E+03 -1.295E+01 -1.362E+01 -6.739E+00
 -8.3022500E+03 -1.434E+01 -1.514E+01 -7.460E+00
 -8.3017500E+03 -1.464E+01 -1.503E+01 -6.429E+00
 -8.3012500E+03 -1.354E+01 -1.376E+01 -5.779E+00
 -8.3007500E+03 -1.300E+01 -1.372E+01 -7.535E+00
 -8.3002500E+03 -1.348E+01 -1.455E+01 -8.825E+00
 -8.2997500E+03 -1.421E+01 -1.477E+01 -7.145E+00
 -8.2992500E+03 -1.340E+01 -1.408E+01 -7.239E+00
 -8.2987500E+03 -1.285E+01 -1.380E+01 -8.288E+00
 -8.2982500E+03 -1.237E+01 -1.316E+01 -7.715E+00
 -8.2977500E+03 -1.456E+01 -1.524E+01 -7.041E+00
 -8.2972500E+03 -1.320E+01 -1.359E+01 -5.702E+00
 -8.2967500E+03 -1.244E+01 -1.284E+01 -5.951E+00
 -8.2962500E+03 -1.524E+01 -1.568E+01 -6.530E+00
 -8.2957500E+03 -1.362E+01 -1.428E+01 -7.558E+00
 -8.2952500E+03 -1.514E+01 -1.557E+01 -7.097E+00
 -8.2947500E+03 -1.145E+01 -1.232E+01 -7.582E+00
 -8.2942500E+03 -1.140E+01 -1.246E+01 -8.137E+00
 -8.2937500E+03 -1.270E+01 -1.313E+01 -5.904E+00
 -8.2932500E+03 -1.407E+01 -1.406E+01 -4.886E+00
 -8.2927500E+03 -1.320E+01 -1.330E+01 -5.064E+00
 -8.2922500E+03 -1.276E+01 -1.266E+01 -4.412E+00
 -8.2917500E+03 -1.154E+01 -1.198E+01 -5.978E+00
 -8.2912500E+03 -1.183E+01 -1.274E+01 -7.078E+00
 -8.2907500E+03 -1.238E+01 -1.291E+01 -6.614E+00
 -8.2902500E+03 -1.216E+01 -1.310E+01 -7.801E+00
 -8.2897500E+03 -1.235E+01 -1.317E+01 -7.483E+00
 -8.2892500E+03 -1.268E+01 -1.373E+01 -8.154E+00
 -8.2887500E+03 -1.246E+01 -1.314E+01 -7.029E+00
 -8.2882500E+03 -1.263E+01 -1.276E+01 -4.996E+00
 -8.2877500E+03 -1.081E+01 -1.139E+01 -6.109E+00
 -8.2872500E+03 -1.197E+01 -1.199E+01 -4.322E+00
 -8.2867500E+03 -1.354E+01 -1.404E+01 -7.079E+00
 -8.2862500E+03 -1.170E+01 -1.272E+01 -8.124E+00
 -8.2857500E+03 -1.204E+01 -1.244E+01 -5.997E+00
 -8.2852500E+03 -1.261E+01 -1.318E+01 -6.156E+00
 -8.2847500E+03 -1.297E+01 -1.347E+01 -6.177E+00
 -8.2842500E+03 -1.199E+01 -1.286E+01 -7.416E+00
 -8.2837500E+03 -1.333E+01 -1.407E+01 -7.217E+00
 -8.2832500E+03 -1.192E+01 -1.314E+01 -8.774E+00
 -8.2827500E+03 -1.259E+01 -1.349E+01 -7.845E+00
 -8.2822500E+03 -1.285E+01 -1.283E+01 -4.353E+00
 -8.2817500E+03 -1.257E+01 -1.270E+01 -4.877E+00
 -8.2812500E+03 -1.231E+01 -1.275E+01 -5.760E+00
 -8.2807500E+03 -9.816E+00 -1.042E+01 -5.925E+00
 -8.2802500E+03 -1.301E+01 -1.334E+01 -5.785E+00
 -8.2797500E+03 -1.228E+01 -1.304E+01 -6.708E+00
 -8.2792500E+03 -9.643E+00 -1.037E+01 -6.272E+00
 -8.2787500E+03 -1.109E+01 -1.193E+01 -7.047E+00
 -8.2782500E+03 -1.070E+01 -1.144E+01 -6.667E+00
 -8.2777500E+03 -1.186E+01 -1.213E+01 -5.318E+00
 -8.2772500E+03 -1.161E+01 -1.245E+01 -7.182E+00
 -8.2767500E+03 -1.203E+01 -1.267E+01 -6.628E+00
 -8.2762500E+03 -1.202E+01 -1.250E+01 -6.152E+00
 -8.2757500E+03 -1.186E+01 -1.251E+01 -6.221E+00
 -8.2752500E+03 -1.119E+01 -1.195E+01 -6.800E+00
 -8.2747500E+03 -1.147E+01 -1.174E+01 -5.406E+00
 -8.2742500E+03 -1.184E+01 -1.237E+01 -6.514E+00
 -8.2737500E+03 -1.171E+01 -1.243E+01 -6.699E+00
 -8.2732500E+03 -1.118E+01 -1.161E+01 -5.580E+00
 -8.2727500E+03 -1.114E+01 -1.158E+01 -5.538E+00
 -8.2722500E+03 -1.195E+01 -1.232E+01 -5.604E+00
 -8.2717500E+03 -1.132E+01 -1.186E+01 -6.327E+00
 -8.2712500E+03 -1.125E+01 -1.179E+01 -5.528E+00
 -8.2707500E+03 -1.140E+01 -1.138E+01 -4.097E+00
 -8.2702500E+03 -1.034E+01 -1.129E+01 -7.261E+00
 -8.2697500E+03 -1.025E+01 -1.079E+01 -5.995E+00
 -8.2692500E+03 -1.174E+01 -1.211E+01 -5.686E+00
 -8.2687500E+03 -1.036E+01 -1.078E+01 -5.175E+00
 -8.2682500E+03 -1.121E+01 -1.174E+01 -6.068E+00
 -8.2677500E+03 -1.038E+01 -1.148E+01 -7.414E+00
 -8.2672500E+03 -9.995E+00 -1.015E+01 -4.129E+00
 -8.2667500E+03 -1.001E+01 -1.064E+01 -5.626E+00
 -8.2662500E+03 -1.229E+01 -1.256E+01 -5.132E+00
 -8.2657500E+03 -1.079E+01 -1.162E+01 -7.074E+00
 -8.2652500E+03 -9.831E+00 -1.041E+01 -5.898E+00
 -8.2647500E+03 -1.081E+01 -1.136E+01 -6.025E+00
 -8.2642500E+03 -1.119E+01 -1.203E+01 -7.327E+00
 -8.2637500E+03 -1.086E+01 -1.134E+01 -5.494E+00
 -8.2632500E+03 -1.033E+01 -1.066E+01 -4.876E+00
 -8.2627500E+03 -9.351E+00 -9.746E+00 -5.100E+00
 -8.2622500E+03 -1.163E+01 -1.223E+01 -6.306E+00
 -8.2617500E+03 -1.062E+01 -1.143E+01 -6.758E+00
 -8.2612500E+03 -1.243E+01 -1.255E+01 -4.663E+00
 -8.2607500E+03 -1.064E+01 -1.107E+01 -4.832E+00
 -8.2602500E+03 -9.140E+00 -1.009E+01 -7.006E+00
 -8.2597500E+03 -1.183E+01 -1.187E+01 -4.319E+00
 -8.2592500E+03 -1.082E+01 -1.151E+01 -6.225E+00
 -8.2587500E+03 -9.879E+00 -1.075E+01 -6.642E+00
 -8.2582500E+03 -9.566E+00 -1.021E+01 -5.776E+00
 -8.2577500E+03 -1.054E+01 -1.078E+01 -4.795E+00
 -8.2572500E+03 -8.093E+00 -8.892E+00 -6.009E+00
 -8.2567500E+03 -9.563E+00 -1.038E+01 -6.360E+00
 -8.2562500E+03 -1.014E+01 -1.050E+01 -5.044E+00
 -8.2557500E+03 -1.117E+01 -1.130E+01 -4.440E+00
 -8.2552500E+03 -1.011E+01 -1.041E+01 -4.735E+00
 -8.2547500E+03 -9.857E+00 -1.043E+01 -5.563E+00
 -8.2542500E+03 -1.065E+01 -1.099E+01 -5.174E+00
 -8.2537500E+03 -1.003E+01 -1.020E+01 -4.198E+00
 -8.2532500E+03 -1.006E+01 -1.037E+01 -4.877E+00
 -8.2527500E+03 -8.960E+00 -9.996E+00 -6.949E+00
 -8.2522500E+03 -9.218E+00 -9.708E+00 -5.110E+00
 -8.2517500E+03 -9.499E+00 -1.036E+01 -6.345E+00
 -8.2512500E+03 -9.977E+00 -1.051E+01 -5.247E+00
 -8.2507500E+03 -9.353E+00 -1.003E+01 -5.926E+00
 -8.2502500E+03 -9.397E+00 -1.044E+01 -6.974E+00
 -8.2497500E+03 -9.289E+00 -9.424E+00 -3.669E+00
 -8.2492500E+03 -8.020E+00 -8.573E+00 -4.828E+00
 -8.2487500E+03 -9.339E+00 -1.004E+01 -5.742E+00
 -8.2482500E+03 -9.423E+00 -9.595E+00 -4.145E+00
 -8.2477500E+03 -1.002E+01 -1.045E+01 -5.193E+00
 -8.2472500E+03 -1.004E+01 -1.045E+01 -5.268E+00
 -8.2467500E+03 -1.060E+01 -1.134E+01 -6.478E+00
 -8.2462500E+03 -9.453E+00 -9.588E+00 -3.678E+00
 -8.2457500E+03 -8.983E+00 -9.342E+00 -4.505E+00
 -8.2452500E+03 -1.056E+01 -1.081E+01 -4.785E+00
 -8.2447500E+03 -9.963E+00 -1.062E+01 -5.810E+00
 -8.2442500E+03 -9.829E+00 -1.026E+01 -4.985E+00
 -8.2437500E+03 -9.676E+00 -1.006E+01 -4.896E+00
 -8.2432500E+03 -9.653E+00 -1.011E+01 -4.999E+00
 -8.2427500E+03 -9.350E+00 -1.004E+01 -5.871E+00
 -8.2422500E+03 -1.110E+01 -1.138E+01 -5.096E+00
 -8.2417500E+03 -1.000E+01 -1.082E+01 -6.513E+00
 -8.2412500E+03 -7.331E+00 -7.885E+00 -4.867E+00
 -8.2407500E+03 -9.505E+00 -9.961E+00 -5.020E+00
 -8.2402500E+03 -1.027E+01 -1.109E+01 -5.795E+00
 -8.2397500E+03 -8.488E+00 -9.063E+00 -5.189E+00
 -8.2392500E+03 -7.953E+00 -8.568E+00 -5.742E+00
 -8.2387500E+03 -1.024E+01 -1.043E+01 -4.407E+00
 -8.2382500E+03 -7.864E+00 -8.147E+00 -4.149E+00
 -8.2377500E+03 -9.356E+00 -9.865E+00 -5.693E+00
 -8.2372500E+03 -1.030E+01 -1.071E+01 -4.760E+00
 -8.2367500E+03 -8.936E+00 -9.587E+00 -5.591E+00
 -8.2362500E+03 -8.719E+00 -8.684E+00 -3.015E+00
 -8.2357500E+03 -9.249E+00 -9.400E+00 -3.731E+00
 -8.2352500E+03 -8.914E+00 -9.518E+00 -5.497E+00
 -8.2347500E+03 -8.510E+00 -9.255E+00 -5.253E+00
 -8.2342500E+03 -9.116E+00 -9.637E+00 -4.666E+00
 -8.2337500E+03 -7.984E+00 -8.602E+00 -5.626E+00
 -8.2332500E+03 -9.047E+00 -9.746E+00 -5.687E+00
 -8.2327500E+03 -9.307E+00 -9.524E+00 -4.313E+00
 -8.2322500E+03 -8.646E+00 -8.947E+00 -3.908E+00
 -8.2317500E+03 -8.786E+00 -9.572E+00 -5.956E+00
 -8.2312500E+03 -9.297E+00 -9.675E+00 -4.858E+00
 -8.2307500E+03 -9.421E+00 -9.462E+00 -3.013E+00
 -8.2302500E+03 -9.374E+00 -9.593E+00 -3.687E+00
 -8.2297500E+03 -7.950E+00 -8.511E+00 -4.664E+00
 -8.2292500E+03 -7.746E+00 -8.324E+00 -5.058E+00
 -8.2287500E+03 -8.515E+00 -8.793E+00 -4.472E+00
 -8.2282500E+03 -9.020E+00 -9.598E+00 -5.735E+00
 -8.2277500E+03 -9.320E+00 -1.007E+01 -6.042E+00
 -8.2272500E+03 -9.011E+00 -9.665E+00 -5.742E+00
 -8.2267500E+03 -8.223E+00 -8.774E+00 -4.870E+00
 -8.2262500E+03 -9.695E+00 -1.002E+01 -4.594E+00
 -8.2257500E+03 -8.967E+00 -8.881E+00 -3.056E+00
 -8.2252500E+03 -9.109E+00 -9.395E+00 -4.294E+00
 -8.2247500E+03 -9.225E+00 -9.751E+00 -5.073E+00
 -8.2242500E+03 -8.445E+00 -8.171E+00 -2.369E+00
 -8.2237500E+03 -9.039E+00 -9.377E+00 -4.369E+00
 -8.2232500E+03 -9.410E+00 -9.761E+00 -4.447E+00
 -8.2227500E+03 -8.292E+00 -8.948E+00 -5.450E+00
 -8.2222500E+03 -8.702E+00 -9.228E+00 -4.749E+00
 -8.2217500E+03 -7.971E+00 -8.191E+00 -3.555E+00
 -8.2212500E+03 -7.164E+00 -7.950E+00 -5.404E+00
 -8.2207500E+03 -8.445E+00 -8.878E+00 -4.810E+00
 -8.2202500E+03 -7.490E+00 -7.821E+00 -4.277E+00
 -8.2197500E+03 -8.808E+00 -9.279E+00 -4.683E+00
 -8.2192500E+03 -8.721E+00 -8.931E+00 -3.746E+00
 -8.2187500E+03 -8.107E+00 -8.081E+00 -2.941E+00
 -8.2182500E+03 -7.255E+00 -7.992E+00 -5.085E+00
 -8.2177500E+03 -9.325E+00 -9.633E+00 -4.457E+00
 -8.2172500E+03 -7.798E+00 -8.235E+00 -4.132E+00
 -8.2167500E+03 -8.647E+00 -9.644E+00 -6.142E+00
 -8.2162500E+03 -8.425E+00 -8.844E+00 -4.588E+00
 -8.2157500E+03 -7.276E+00 -7.643E+00 -3.963E+00
 -8.2152500E+03 -7.588E+00 -7.741E+00 -3.251E+00
 -8.2147500E+03 -8.139E+00 -8.689E+00 -4.784E+00
 -8.2142500E+03 -7.434E+00 -7.551E+00 -2.996E+00
 -8.2137500E+03 -8.024E+00 -8.161E+00 -3.559E+00
 -8.2132500E+03 -7.999E+00 -8.451E+00 -4.524E+00
 -8.2127500E+03 -7.989E+00 -8.393E+00 -4.658E+00
 -8.2122500E+03 -7.202E+00 -8.359E+00 -6.503E+00
 -8.2117500E+03 -7.217E+00 -7.670E+00 -4.038E+00
 -8.2112500E+03 -8.424E+00 -8.661E+00 -3.526E+00
 -8.2107500E+03 -9.057E+00 -9.164E+00 -3.471E+00
 -8.2102500E+03 -7.986E+00 -8.343E+00 -4.585E+00
 -8.2097500E+03 -7.158E+00 -7.158E+00 -2.760E+00
 -8.2092500E+03 -8.365E+00 -8.520E+00 -3.476E+00
 -8.2087500E+03 -7.540E+00 -8.373E+00 -5.956E+00
 -8.2082500E+03 -7.056E+00 -7.478E+00 -4.314E+00
 -8.2077500E+03 -8.114E+00 -8.637E+00 -4.573E+00
 -8.2072500E+03 -6.547E+00 -7.259E+00 -4.941E+00
 -8.2067500E+03 -7.694E+00 -7.945E+00 -3.907E+00
 -8.2062500E+03 -7.202E+00 -7.510E+00 -3.890E+00
 -8.2057500E+03 -7.350E+00 -8.031E+00 -4.871E+00
 -8.2052500E+03 -7.269E+00 -7.701E+00 -4.509E+00
 -8.2047500E+03 -7.810E+00 -8.337E+00 -4.596E+00
 -8.2042500E+03 -7.364E+00 -8.090E+00 -5.239E+00
 -8.2037500E+03 -8.784E+00 -8.946E+00 -3.828E+00
 -8.2032500E+03 -6.528E+00 -7.100E+00 -4.543E+00
 -8.2027500E+03 -7.091E+00 -7.620E+00 -4.673E+00
 -8.2022500E+03 -7.309E+00 -7.825E+00 -4.678E+00
 -8.2017500E+03 -7.510E+00 -7.299E+00 -2.002E+00
 -8.2012500E+03 -7.846E+00 -8.282E+00 -3.954E+00
 -8.2007500E+03 -7.162E+00 -7.578E+00 -4.140E+00
 -8.2002500E+03 -7.168E+00 -7.263E+00 -2.527E+00
 -8.1997500E+03 -7.677E+00 -7.803E+00 -3.095E+00
 -8.1992500E+03 -8.036E+00 -8.371E+00 -4.286E+00
 -8.1987500E+03 -8.307E+00 -8.761E+00 -4.653E+00
 -8.1982500E+03 -6.295E+00 -6.895E+00 -4.098E+00
 -8.1977500E+03 -6.789E+00 -7.437E+00 -4.521E+00
 -8.1972500E+03 -6.786E+00 -7.091E+00 -3.593E+00
 -8.1967500E+03 -7.999E+00 -8.175E+00 -3.431E+00
 -8.1962500E+03 -7.247E+00 -7.680E+00 -3.912E+00
 -8.1957500E+03 -7.810E+00 -8.118E+00 -3.837E+00
 -8.1952500E+03 -7.029E+00 -7.486E+00 -4.431E+00
 -8.1947500E+03 -7.572E+00 -8.269E+00 -5.177E+00
 -8.1942500E+03 -8.022E+00 -8.231E+00 -3.564E+00
 -8.1937500E+03 -7.610E+00 -7.895E+00 -4.143E+00
 -8.1932500E+03 -6.790E+00 -7.410E+00 -4.531E+00
 -8.1927500E+03 -6.193E+00 -6.880E+00 -4.845E+00
 -8.1922500E+03 -7.561E+00 -7.822E+00 -3.620E+00
 -8.1917500E+03 -6.791E+00 -7.383E+00 -4.564E+00
 -8.1912500E+03 -7.783E+00 -8.147E+00 -4.161E+00
 -8.1907500E+03 -7.090E+00 -7.466E+00 -4.187E+00
 -8.1902500E+03 -7.641E+00 -8.013E+00 -3.659E+00
 -8.1897500E+03 -6.630E+00 -7.098E+00 -4.141E+00
 -8.1892500E+03 -6.639E+00 -6.722E+00 -2.745E+00
 -8.1887500E+03 -5.987E+00 -6.755E+00 -4.932E+00
 -8.1882500E+03 -5.867E+00 -6.147E+00 -3.340E+00
 -8.1877500E+03 -7.893E+00 -8.353E+00 -4.404E+00
 -8.1872500E+03 -8.303E+00 -8.570E+00 -3.551E+00
 -8.1867500E+03 -6.944E+00 -7.456E+00 -4.485E+00
 -8.1862500E+03 -6.890E+00 -6.814E+00 -2.247E+00
 -8.1857500E+03 -6.285E+00 -6.669E+00 -4.057E+00
 -8.1852500E+03 -6.794E+00 -7.281E+00 -4.292E+00
 -8.1847500E+03 -6.141E+00 -6.671E+00 -4.301E+00
 -8.1842500E+03 -5.514E+00 -6.249E+00 -4.218E+00
 -8.1837500E+03 -6.240E+00 -6.697E+00 -4.237E+00
 -8.1832500E+03 -7.441E+00 -7.816E+00 -3.924E+00
 -8.1827500E+03 -6.922E+00 -7.200E+00 -3.474E+00
 -8.1822500E+03 -7.998E+00 -8.050E+00 -2.863E+00
 -8.1817500E+03 -5.729E+00 -6.278E+00 -4.258E+00
 -8.1812500E+03 -6.083E+00 -6.464E+00 -3.415E+00
 -8.1807500E+03 -6.702E+00 -6.809E+00 -3.027E+00
 -8.1802500E+03 -6.339E+00 -6.375E+00 -2.751E+00
 -8.1797500E+03 -5.760E+00 -5.881E+00 -2.555E+00
 -8.1792500E+03 -6.025E+00 -6.548E+00 -4.113E+00
 -8.1787500E+03 -6.486E+00 -6.721E+00 -2.966E+00
 -8.1782500E+03 -6.151E+00 -6.903E+00 -4.926E+00
 -8.1777500E+03 -6.419E+00 -7.030E+00 -4.276E+00
 -8.1772500E+03 -6.593E+00 -6.982E+00 -3.907E+00
 -8.1767500E+03 -7.288E+00 -7.657E+00 -3.758E+00
 -8.1762500E+03 -6.806E+00 -7.149E+00 -3.781E+00
 -8.1757500E+03 -5.650E+00 -6.047E+00 -3.654E+00
 -8.1752500E+03 -6.438E+00 -6.651E+00 -3.074E+00
 -8.1747500E+03 -6.248E+00 -6.490E+00 -3.451E+00
 -8.1742500E+03 -7.557E+00 -7.653E+00 -3.029E+00
 -8.1737500E+03 -6.693E+00 -7.130E+00 -4.116E+00
 -8.1732500E+03 -6.480E+00 -6.715E+00 -3.314E+00
 -8.1727500E+03 -7.250E+00 -7.659E+00 -3.632E+00
 -8.1722500E+03 -6.195E+00 -6.715E+00 -4.380E+00
 -8.1717500E+03 -6.208E+00 -6.217E+00 -2.422E+00
 -8.1712500E+03 -6.127E+00 -6.329E+00 -2.917E+00
 -8.1707500E+03 -6.536E+00 -6.828E+00 -3.004E+00
 -8.1702500E+03 -6.781E+00 -7.643E+00 -5.344E+00
 -8.1697500E+03 -5.774E+00 -6.211E+00 -3.552E+00
 -8.1692500E+03 -5.597E+00 -5.493E+00 -2.232E+00
 -8.1687500E+03 -6.071E+00 -6.132E+00 -2.885E+00
 -8.1682500E+03 -6.521E+00 -6.799E+00 -3.122E+00
 -8.1677500E+03 -5.925E+00 -6.524E+00 -4.028E+00
 -8.1672500E+03 -5.906E+00 -6.128E+00 -2.826E+00
 -8.1667500E+03 -7.020E+00 -7.277E+00 -3.268E+00
 -8.1662500E+03 -6.320E+00 -6.580E+00 -3.576E+00
 -8.1657500E+03 -6.684E+00 -7.141E+00 -3.327E+00
 -8.1652500E+03 -6.591E+00 -6.723E+00 -2.902E+00
 -8.1647500E+03 -6.289E+00 -6.618E+00 -3.833E+00
 -8.1642500E+03 -6.467E+00 -6.715E+00 -3.318E+00
 -8.1637500E+03 -6.094E+00 -6.246E+00 -2.825E+00
 -8.1632500E+03 -6.445E+00 -6.669E+00 -3.007E+00
 -8.1627500E+03 -6.522E+00 -6.603E+00 -2.369E+00
 -8.1622500E+03 -6.158E+00 -6.243E+00 -2.678E+00
 -8.1617500E+03 -6.140E+00 -6.593E+00 -4.257E+00
 -8.1612500E+03 -5.982E+00 -6.291E+00 -3.227E+00
 -8.1607500E+03 -5.561E+00 -5.946E+00 -3.555E+00
 -8.1602500E+03 -5.884E+00 -6.351E+00 -3.763E+00
 -8.1597500E+03 -6.659E+00 -6.882E+00 -3.064E+00
 -8.1592500E+03 -5.168E+00 -5.402E+00 -2.853E+00
 -8.1587500E+03 -6.290E+00 -6.584E+00 -3.198E+00
 -8.1582500E+03 -5.860E+00 -6.430E+00 -3.611E+00
 -8.1577500E+03 -6.131E+00 -6.071E+00 -2.231E+00
 -8.1572500E+03 -6.515E+00 -6.499E+00 -2.519E+00
 -8.1567500E+03 -5.465E+00 -5.876E+00 -3.613E+00
 -8.1562500E+03 -5.876E+00 -6.147E+00 -2.889E+00
 -8.1557500E+03 -6.111E+00 -6.237E+00 -2.540E+00
 -8.1552500E+03 -5.806E+00 -6.268E+00 -3.201E+00
 -8.1547500E+03 -4.658E+00 -5.190E+00 -3.534E+00
 -8.1542500E+03 -5.602E+00 -6.142E+00 -4.041E+00
 -8.1537500E+03 -6.180E+00 -6.291E+00 -2.723E+00
 -8.1532500E+03 -6.212E+00 -5.904E+00 -2.481E+00
 -8.1527500E+03 -5.725E+00 -6.152E+00 -2.987E+00
 -8.1522500E+03 -5.645E+00 -6.170E+00 -4.050E+00
 -8.1517500E+03 -4.784E+00 -5.451E+00 -3.840E+00
 -8.1512500E+03 -5.599E+00 -5.865E+00 -2.742E+00
 -8.1507500E+03 -4.909E+00 -5.213E+00 -2.988E+00
 -8.1502500E+03 -5.033E+00 -5.716E+00 -4.406E+00
 -8.1497500E+03 -5.393E+00 -5.955E+00 -3.874E+00
 -8.1492500E+03 -5.941E+00 -6.420E+00 -3.619E+00
 -8.1487500E+03 -6.180E+00 -6.421E+00 -3.371E+00
 -8.1482500E+03 -5.429E+00 -5.758E+00 -3.302E+00
 -8.1477500E+03 -5.015E+00 -5.157E+00 -2.716E+00
 -8.1472500E+03 -5.304E+00 -5.718E+00 -3.565E+00
 -8.1467500E+03 -6.505E+00 -6.472E+00 -2.288E+00
 -8.1462500E+03 -5.051E+00 -5.233E+00 -2.245E+00
 -8.1457500E+03 -6.848E+00 -6.985E+00 -2.491E+00
 -8.1452500E+03 -6.022E+00 -6.115E+00 -2.737E+00
 -8.1447500E+03 -4.647E+00 -4.950E+00 -2.720E+00
 -8.1442500E+03 -5.365E+00 -5.748E+00 -3.284E+00
 -8.1437500E+03 -5.859E+00 -6.199E+00 -3.275E+00
 -8.1432500E+03 -5.721E+00 -6.156E+00 -3.381E+00
 -8.1427500E+03 -6.288E+00 -6.336E+00 -2.654E+00
 -8.1422500E+03 -5.200E+00 -5.835E+00 -4.369E+00
 -8.1417500E+03 -5.258E+00 -5.530E+00 -2.740E+00
 -8.1412500E+03 -5.471E+00 -5.631E+00 -2.404E+00
 -8.1407500E+03 -6.125E+00 -6.399E+00 -3.153E+00
 -8.1402500E+03 -5.103E+00 -5.119E+00 -1.886E+00
 -8.1397500E+03 -5.987E+00 -6.208E+00 -2.541E+00
 -8.1392500E+03 -5.985E+00 -6.063E+00 -2.460E+00
 -8.1387500E+03 -5.460E+00 -5.707E+00 -3.046E+00
 -8.1382500E+03 -5.170E+00 -5.427E+00 -2.995E+00
 -8.1377500E+03 -5.807E+00 -6.161E+00 -3.053E+00
 -8.1372500E+03 -4.840E+00 -5.362E+00 -3.596E+00
 -8.1367500E+03 -6.358E+00 -6.587E+00 -3.099E+00
 -8.1362500E+03 -5.298E+00 -5.178E+00 -1.416E+00
 -8.1357500E+03 -4.849E+00 -4.971E+00 -2.135E+00
 -8.1352500E+03 -5.261E+00 -5.711E+00 -3.511E+00
 -8.1347500E+03 -4.454E+00 -4.759E+00 -3.010E+00
 -8.1342500E+03 -5.318E+00 -5.272E+00 -1.790E+00
 -8.1337500E+03 -5.873E+00 -5.547E+00 -1.722E+00
 -8.1332500E+03 -5.490E+00 -5.698E+00 -2.749E+00
 -8.1327500E+03 -5.212E+00 -5.476E+00 -2.729E+00
 -8.1322500E+03 -4.923E+00 -5.083E+00 -2.087E+00
 -8.1317500E+03 -4.552E+00 -5.178E+00 -3.607E+00
 -8.1312500E+03 -5.751E+00 -5.900E+00 -2.718E+00
 -8.1307500E+03 -4.934E+00 -5.456E+00 -3.454E+00
 -8.1302500E+03 -5.752E+00 -5.681E+00 -1.748E+00
 -8.1297500E+03 -4.872E+00 -4.859E+00 -2.294E+00
 -8.1292500E+03 -5.030E+00 -5.901E+00 -3.670E+00
 -8.1287500E+03 -5.654E+00 -5.976E+00 -3.266E+00
 -8.1282500E+03 -5.241E+00 -5.401E+00 -2.488E+00
 -8.1277500E+03 -4.936E+00 -5.555E+00 -4.055E+00
 -8.1272500E+03 -4.398E+00 -5.272E+00 -4.675E+00
 -8.1267500E+03 -4.729E+00 -5.083E+00 -2.950E+00
 -8.1262500E+03 -4.740E+00 -4.738E+00 -1.874E+00
 -8.1257500E+03 -4.606E+00 -4.607E+00 -2.092E+00
 -8.1252500E+03 -5.418E+00 -5.635E+00 -2.260E+00
 -8.1247500E+03 -4.930E+00 -5.165E+00 -2.598E+00
 -8.1242500E+03 -4.782E+00 -4.960E+00 -2.382E+00
 -8.1237500E+03 -4.834E+00 -4.900E+00 -2.171E+00
 -8.1232500E+03 -5.571E+00 -5.858E+00 -2.840E+00
 -8.1227500E+03 -5.164E+00 -5.310E+00 -2.207E+00
 -8.1222500E+03 -4.773E+00 -4.911E+00 -2.263E+00
 -8.1217500E+03 -3.926E+00 -4.268E+00 -2.832E+00
 -8.1212500E+03 -5.642E+00 -5.575E+00 -1.696E+00
 -8.1207500E+03 -4.569E+00 -5.052E+00 -3.287E+00
 -8.1202500E+03 -3.430E+00 -4.072E+00 -3.810E+00
 -8.1197500E+03 -4.826E+00 -4.908E+00 -2.126E+00
 -8.1192500E+03 -5.188E+00 -5.514E+00 -2.904E+00
 -8.1187500E+03 -4.750E+00 -4.928E+00 -2.524E+00
 -8.1182500E+03 -5.434E+00 -5.754E+00 -2.959E+00
 -8.1177500E+03 -4.232E+00 -4.712E+00 -3.412E+00
 -8.1172500E+03 -4.974E+00 -5.423E+00 -3.094E+00
 -8.1167500E+03 -4.699E+00 -4.930E+00 -2.535E+00
 -8.1162500E+03 -4.180E+00 -4.585E+00 -3.266E+00
 -8.1157500E+03 -4.135E+00 -4.074E+00 -2.136E+00
 -8.1152500E+03 -4.950E+00 -5.265E+00 -2.616E+00
 -8.1147500E+03 -5.254E+00 -5.197E+00 -2.188E+00
 -8.1142500E+03 -4.954E+00 -5.176E+00 -2.556E+00
 -8.1137500E+03 -4.505E+00 -4.756E+00 -2.707E+00
 -8.1132500E+03 -4.551E+00 -4.972E+00 -3.671E+00
 -8.1127500E+03 -4.473E+00 -4.670E+00 -2.150E+00
 -8.1122500E+03 -5.069E+00 -4.970E+00 -1.196E+00
 -8.1117500E+03 -4.765E+00 -4.962E+00 -2.449E+00
 -8.1112500E+03 -5.562E+00 -5.719E+00 -2.501E+00
 -8.1107500E+03 -4.638E+00 -4.561E+00 -1.419E+00
 -8.1102500E+03 -4.440E+00 -4.933E+00 -3.323E+00
 -8.1097500E+03 -4.513E+00 -4.952E+00 -2.838E+00
 -8.1092500E+03 -5.157E+00 -5.664E+00 -3.405E+00
 -8.1087500E+03 -5.236E+00 -5.415E+00 -2.612E+00
 -8.1082500E+03 -4.479E+00 -4.710E+00 -2.307E+00
 -8.1077500E+03 -4.361E+00 -4.727E+00 -2.823E+00
 -8.1072500E+03 -4.197E+00 -4.307E+00 -2.243E+00
 -8.1067500E+03 -4.483E+00 -4.939E+00 -3.109E+00
 -8.1062500E+03 -4.525E+00 -4.838E+00 -2.846E+00
 -8.1057500E+03 -4.354E+00 -4.751E+00 -3.040E+00
 -8.1052500E+03 -5.537E+00 -5.669E+00 -2.527E+00
 -8.1047500E+03 -4.786E+00 -5.009E+00 -2.262E+00
 -8.1042500E+03 -4.475E+00 -4.867E+00 -2.888E+00
 -8.1037500E+03 -3.890E+00 -3.988E+00 -2.094E+00
 -8.1032500E+03 -4.035E+00 -4.236E+00 -2.329E+00
 -8.1027500E+03 -4.291E+00 -4.630E+00 -2.545E+00
 -8.1022500E+03 -4.774E+00 -5.000E+00 -1.837E+00
 -8.1017500E+03 -4.702E+00 -4.870E+00 -2.269E+00
 -8.1012500E+03 -4.909E+00 -5.124E+00 -2.555E+00
 -8.1007500E+03 -4.999E+00 -5.486E+00 -3.506E+00
 -8.1002500E+03 -4.402E+00 -4.594E+00 -2.560E+00
 -8.0997500E+03 -3.855E+00 -4.082E+00 -2.547E+00
 -8.0992500E+03 -3.817E+00 -4.144E+00 -3.401E+00
 -8.0987500E+03 -4.277E+00 -4.717E+00 -3.049E+00
 -8.0982500E+03 -4.864E+00 -5.283E+00 -2.738E+00
 -8.0977500E+03 -4.403E+00 -4.577E+00 -2.064E+00
 -8.0972500E+03 -3.025E+00 -3.138E+00 -1.669E+00
 -8.0967500E+03 -3.842E+00 -4.295E+00 -3.025E+00
 -8.0962500E+03 -5.309E+00 -5.197E+00 -1.901E+00
 -8.0957500E+03 -4.557E+00 -4.459E+00 -1.378E+00
 -8.0952500E+03 -5.183E+00 -5.540E+00 -2.752E+00
 -8.0947500E+03 -4.548E+00 -4.891E+00 -3.123E+00
 -8.0942500E+03 -4.060E+00 -4.432E+00 -2.918E+00
 -8.0937500E+03 -4.337E+00 -4.668E+00 -2.866E+00
 -8.0932500E+03 -4.763E+00 -4.480E+00 -1.140E+00
 -8.0927500E+03 -4.752E+00 -4.930E+00 -2.378E+00
 -8.0922500E+03 -3.947E+00 -3.982E+00 -1.840E+00
 -8.0917500E+03 -3.700E+00 -3.848E+00 -2.496E+00
 -8.0912500E+03 -3.771E+00 -4.087E+00 -2.606E+00
 -8.0907500E+03 -4.852E+00 -5.097E+00 -2.268E+00
 -8.0902500E+03 -3.816E+00 -4.116E+00 -2.040E+00
 -8.0897500E+03 -3.579E+00 -4.081E+00 -2.721E+00
 -8.0892500E+03 -3.572E+00 -3.965E+00 -2.598E+00
 -8.0887500E+03 -4.107E+00 -4.147E+00 -1.482E+00
 -8.0882500E+03 -4.388E+00 -4.776E+00 -2.836E+00
 -8.0877500E+03 -4.171E+00 -4.075E+00 -1.928E+00
 -8.0872500E+03 -4.250E+00 -4.424E+00 -2.516E+00
 -8.0867500E+03 -4.636E+00 -4.731E+00 -2.100E+00
 -8.0862500E+03 -4.748E+00 -5.045E+00 -2.624E+00
 -8.0857500E+03 -4.699E+00 -4.632E+00 -1.762E+00
 -8.0852500E+03 -4.372E+00 -4.530E+00 -1.586E+00
 -8.0847500E+03 -3.725E+00 -3.960E+00 -2.230E+00
 -8.0842500E+03 -3.968E+00 -4.187E+00 -1.997E+00
 -8.0837500E+03 -4.158E+00 -4.531E+00 -2.801E+00
 -8.0832500E+03 -4.031E+00 -4.193E+00 -2.118E+00
 -8.0827500E+03 -3.763E+00 -3.888E+00 -2.010E+00
 -8.0822500E+03 -4.582E+00 -4.671E+00 -1.897E+00
 -8.0817500E+03 -2.958E+00 -3.272E+00 -2.529E+00
 -8.0812500E+03 -3.106E+00 -3.630E+00 -2.738E+00
 -8.0807500E+03 -5.117E+00 -5.498E+00 -2.263E+00
 -8.0802500E+03 -5.019E+00 -4.970E+00 -1.680E+00
 -8.0797500E+03 -4.181E+00 -4.407E+00 -2.660E+00
 -8.0792500E+03 -4.245E+00 -4.672E+00 -2.859E+00
 -8.0787500E+03 -4.517E+00 -4.654E+00 -1.349E+00
 -8.0782500E+03 -4.011E+00 -4.447E+00 -2.469E+00
 -8.0777500E+03 -4.895E+00 -4.493E+00 -1.661E+00
 -8.0772500E+03 -3.469E+00 -3.803E+00 -2.152E+00
 -8.0767500E+03 -2.735E+00 -3.007E+00 -2.093E+00
 -8.0762500E+03 -3.600E+00 -3.768E+00 -2.498E+00
 -8.0757500E+03 -4.117E+00 -4.514E+00 -2.086E+00
 -8.0752500E+03 -4.441E+00 -4.528E+00 -1.680E+00
 -8.0747500E+03 -3.699E+00 -4.403E+00 -4.335E+00
 -8.0742500E+03 -4.686E+00 -5.061E+00 -2.720E+00
 -8.0737500E+03 -3.364E+00 -3.389E+00 -9.584E-01
 -8.0732500E+03 -3.641E+00 -3.640E+00 -1.052E+00
 -8.0727500E+03 -4.209E+00 -4.611E+00 -2.829E+00
 -8.0722500E+03 -3.789E+00 -4.037E+00 -2.145E+00
 -8.0717500E+03 -3.720E+00 -4.208E+00 -2.725E+00
 -8.0712500E+03 -3.846E+00 -4.000E+00 -2.230E+00
 -8.0707500E+03 -4.212E+00 -4.216E+00 -1.532E+00
 -8.0702500E+03 -3.814E+00 -4.161E+00 -2.435E+00
 -8.0697500E+03 -4.411E+00 -4.556E+00 -2.464E+00
 -8.0692500E+03 -3.593E+00 -3.805E+00 -2.296E+00
 -8.0687500E+03 -4.046E+00 -4.195E+00 -1.623E+00
 -8.0682500E+03 -3.521E+00 -3.863E+00 -1.164E+00
 -8.0677500E+03 -4.396E+00 -4.339E+00 -2.388E+00
 -8.0672500E+03 -3.973E+00 -4.335E+00 -2.587E+00
 -8.0667500E+03 -3.505E+00 -3.632E+00 -1.932E+00
 -8.0662500E+03 -3.906E+00 -4.288E+00 -2.628E+00
 -8.0657500E+03 -4.166E+00 -4.516E+00 -2.299E+00
 -8.0652500E+03 -3.876E+00 -3.766E+00 -1.249E+00
 -8.0647500E+03 -3.159E+00 -3.414E+00 -2.498E+00
 -8.0642500E+03 -3.805E+00 -3.955E+00 -1.961E+00
 -8.0637500E+03 -3.667E+00 -3.764E+00 -1.926E+00
 -8.0632500E+03 -3.146E+00 -3.457E+00 -2.764E+00
 -8.0627500E+03 -3.362E+00 -3.883E+00 -2.623E+00
 -8.0622500E+03 -4.034E+00 -3.988E+00 -1.223E+00
 -8.0617500E+03 -3.353E+00 -3.757E+00 -2.767E+00
 -8.0612500E+03 -3.624E+00 -3.791E+00 -1.919E+00
 -8.0607500E+03 -3.905E+00 -3.994E+00 -1.999E+00
 -8.0602500E+03 -3.788E+00 -4.655E+00 -3.638E+00
 -8.0597500E+03 -4.045E+00 -4.301E+00 -2.433E+00
 -8.0592500E+03 -3.170E+00 -3.221E+00 -1.332E+00
 -8.0587500E+03 -3.917E+00 -3.923E+00 -1.394E+00
 -8.0582500E+03 -3.382E+00 -3.648E+00 -2.451E+00
 -8.0577500E+03 -3.406E+00 -3.737E+00 -2.309E+00
 -8.0572500E+03 -3.593E+00 -3.834E+00 -2.089E+00
 -8.0567500E+03 -3.169E+00 -3.472E+00 -1.942E+00
 -8.0562500E+03 -3.136E+00 -3.333E+00 -1.822E+00
 -8.0557500E+03 -3.512E+00 -3.646E+00 -2.120E+00
 -8.0552500E+03 -3.184E+00 -2.943E+00 -7.159E-01
 -8.0547500E+03 -4.236E+00 -4.377E+00 -1.575E+00
 -8.0542500E+03 -4.164E+00 -4.349E+00 -2.000E+00
 -8.0537500E+03 -3.515E+00 -3.779E+00 -1.837E+00
 -8.0532500E+03 -3.584E+00 -4.153E+00 -2.870E+00
 -8.0527500E+03 -3.174E+00 -3.213E+00 -1.446E+00
 -8.0522500E+03 -3.348E+00 -3.525E+00 -2.179E+00
 -8.0517500E+03 -3.336E+00 -3.511E+00 -1.966E+00
 -8.0512500E+03 -3.765E+00 -3.858E+00 -1.493E+00
 -8.0507500E+03 -3.598E+00 -3.647E+00 -1.534E+00
 -8.0502500E+03 -3.237E+00 -3.489E+00 -2.076E+00
 -8.0497500E+03 -3.894E+00 -3.927E+00 -1.616E+00
 -8.0492500E+03 -3.644E+00 -3.648E+00 -1.305E+00
 -8.0487500E+03 -3.076E+00 -3.383E+00 -2.313E+00
 -8.0482500E+03 -3.364E+00 -3.607E+00 -2.111E+00
 -8.0477500E+03 -3.717E+00 -3.931E+00 -1.761E+00
 -8.0472500E+03 -2.611E+00 -2.922E+00 -2.372E+00
 -8.0467500E+03 -3.294E+00 -3.683E+00 -2.629E+00
 -8.0462500E+03 -3.627E+00 -3.557E+00 -9.873E-01
 -8.0457500E+03 -3.550E+00 -3.828E+00 -2.309E+00
 -8.0452500E+03 -3.981E+00 -4.018E+00 -1.481E+00
 -8.0447500E+03 -3.823E+00 -3.885E+00 -1.390E+00
 -8.0442500E+03 -3.021E+00 -3.208E+00 -1.760E+00
 -8.0437500E+03 -3.296E+00 -3.877E+00 -3.262E+00
 -8.0432500E+03 -3.158E+00 -3.505E+00 -1.946E+00
 -8.0427500E+03 -3.364E+00 -3.448E+00 -1.251E+00
 -8.0422500E+03 -3.561E+00 -3.416E+00 -6.753E-01
 -8.0417500E+03 -3.466E+00 -3.829E+00 -2.569E+00
 -8.0412500E+03 -2.565E+00 -3.074E+00 -2.961E+00
 -8.0407500E+03 -3.401E+00 -3.727E+00 -2.358E+00
 -8.0402500E+03 -3.467E+00 -3.492E+00 -1.358E+00
 -8.0397500E+03 -4.069E+00 -4.037E+00 -1.569E+00
 -8.0392500E+03 -3.835E+00 -3.764E+00 -1.446E+00
 -8.0387500E+03 -2.891E+00 -3.100E+00 -2.239E+00
 -8.0382500E+03 -2.775E+00 -3.141E+00 -2.161E+00
 -8.0377500E+03 -4.105E+00 -4.378E+00 -2.137E+00
 -8.0372500E+03 -3.168E+00 -3.744E+00 -3.338E+00
 -8.0367500E+03 -3.225E+00 -3.507E+00 -2.196E+00
 -8.0362500E+03 -3.535E+00 -3.427E+00 -1.243E+00
 -8.0357500E+03 -3.231E+00 -3.536E+00 -2.179E+00
 -8.0352500E+03 -2.878E+00 -3.190E+00 -2.031E+00
 -8.0347500E+03 -3.415E+00 -3.371E+00 -1.305E+00
 -8.0342500E+03 -3.305E+00 -3.442E+00 -1.565E+00
 -8.0337500E+03 -3.159E+00 -3.292E+00 -1.854E+00
 -8.0332500E+03 -3.103E+00 -3.474E+00 -2.443E+00
 -8.0327500E+03 -2.913E+00 -2.896E+00 -8.448E-01
 -8.0322500E+03 -3.469E+00 -3.388E+00 -6.298E-01
 -8.0317500E+03 -2.992E+00 -3.398E+00 -2.300E+00
 -8.0312500E+03 -4.026E+00 -4.217E+00 -2.069E+00
 -8.0307500E+03 -3.603E+00 -3.621E+00 -1.330E+00
 -8.0302500E+03 -3.543E+00 -3.719E+00 -1.972E+00
 -8.0297500E+03 -3.372E+00 -3.547E+00 -1.478E+00
 -8.0292500E+03 -3.413E+00 -3.470E+00 -1.283E+00
 -8.0287500E+03 -2.852E+00 -3.242E+00 -2.132E+00
 -8.0282500E+03 -2.713E+00 -3.019E+00 -2.021E+00
 -8.0277500E+03 -3.016E+00 -2.916E+00 -6.858E-01
 -8.0272500E+03 -2.973E+00 -3.291E+00 -2.375E+00
 -8.0267500E+03 -3.206E+00 -3.541E+00 -2.412E+00
 -8.0262500E+03 -2.810E+00 -2.801E+00 -1.432E+00
 -8.0257500E+03 -3.329E+00 -3.073E+00 -1.443E+00
 -8.0252500E+03 -3.193E+00 -3.497E+00 -2.235E+00
 -8.0247500E+03 -3.405E+00 -3.548E+00 -1.938E+00
 -8.0242500E+03 -3.466E+00 -3.438E+00 -1.478E+00
 -8.0237500E+03 -3.001E+00 -3.339E+00 -1.610E+00
 -8.0232500E+03 -2.942E+00 -3.366E+00 -1.852E+00
 -8.0227500E+03 -2.943E+00 -3.329E+00 -2.147E+00
 -8.0222500E+03 -3.109E+00 -3.463E+00 -2.189E+00
 -8.0217500E+03 -3.617E+00 -3.563E+00 -1.268E+00
 -8.0212500E+03 -2.795E+00 -3.206E+00 -2.747E+00
 -8.0207500E+03 -3.282E+00 -3.443E+00 -1.704E+00
 -8.0202500E+03 -3.027E+00 -3.510E+00 -2.425E+00
 -8.0197500E+03 -2.971E+00 -3.222E+00 -2.173E+00
 -8.0192500E+03 -2.761E+00 -2.932E+00 -1.530E+00
 -8.0187500E+03 -2.853E+00 -3.024E+00 -1.579E+00
 -8.0182500E+03 -3.605E+00 -3.638E+00 -1.599E+00
 -8.0177500E+03 -3.651E+00 -3.703E+00 -1.474E+00
 -8.0172500E+03 -3.386E+00 -3.412E+00 -1.304E+00
 -8.0167500E+03 -2.729E+00 -2.989E+00 -1.998E+00
 -8.0162500E+03 -3.240E+00 -2.776E+00 -8.918E-01
 -8.0157500E+03 -2.925E+00 -3.038E+00 -1.768E+00
 -8.0152500E+03 -3.473E+00 -3.632E+00 -1.719E+00
 -8.0147500E+03 -3.035E+00 -3.540E+00 -2.267E+00
 -8.0142500E+03 -2.954E+00 -3.225E+00 -1.901E+00
 -8.0137500E+03 -3.429E+00 -3.543E+00 -1.453E+00
 -8.0132500E+03 -2.726E+00 -2.376E+00 -2.408E-01
 -8.0127500E+03 -2.647E+00 -2.750E+00 -1.159E+00
 -8.0122500E+03 -2.597E+00 -2.819E+00 -1.531E+00
 -8.0117500E+03 -3.262E+00 -3.545E+00 -1.917E+00
 -8.0112500E+03 -3.856E+00 -3.703E+00 -5.962E-01
 -8.0107500E+03 -3.373E+00 -3.327E+00 -1.003E+00
 -8.0102500E+03 -2.555E+00 -2.801E+00 -1.907E+00
 -8.0097500E+03 -2.448E+00 -2.549E+00 -1.035E+00
 -8.0092500E+03 -2.535E+00 -2.799E+00 -1.986E+00
 -8.0087500E+03 -2.612E+00 -2.849E+00 -2.023E+00
 -8.0082500E+03 -3.266E+00 -3.276E+00 -1.083E+00
 -8.0077500E+03 -2.848E+00 -3.026E+00 -1.998E+00
 -8.0072500E+03 -2.244E+00 -1.994E+00 -1.397E+00
 -8.0067500E+03 -3.383E+00 -3.663E+00 -1.904E+00
 -8.0062500E+03 -3.099E+00 -3.440E+00 -1.687E+00
 -8.0057500E+03 -2.518E+00 -2.943E+00 -2.171E+00
 -8.0052500E+03 -4.057E+00 -4.055E+00 -1.091E+00
 -8.0047500E+03 -3.430E+00 -3.785E+00 -2.209E+00
 -8.0042500E+03 -2.345E+00 -2.796E+00 -2.263E+00
 -8.0037500E+03 -2.767E+00 -2.997E+00 -2.606E+00
 -8.0032500E+03 -2.624E+00 -2.824E+00 -1.941E+00
 -8.0027500E+03 -3.229E+00 -3.177E+00 -1.186E+00
 -8.0022500E+03 -2.635E+00 -2.839E+00 -1.769E+00
 -8.0017500E+03 -3.007E+00 -3.272E+00 -2.157E+00
 -8.0012500E+03 -2.406E+00 -2.503E+00 -1.452E+00
 -8.0007500E+03 -1.903E+00 -2.046E+00 -1.356E+00
 -8.0002500E+03 -2.437E+00 -2.640E+00 -1.821E+00
 -7.9997500E+03 -1.712E+00 -1.934E+00 -1.613E+00
 -7.9992500E+03 -2.737E+00 -2.779E+00 -1.370E+00
 -7.9987500E+03 -3.303E+00 -3.356E+00 -1.102E+00
 -7.9982500E+03 -3.118E+00 -3.302E+00 -1.476E+00
 -7.9977500E+03 -2.956E+00 -3.292E+00 -2.299E+00
 -7.9972500E+03 -2.863E+00 -2.937E+00 -1.339E+00
 -7.9967500E+03 -2.221E+00 -2.412E+00 -1.923E+00
 -7.9962500E+03 -2.891E+00 -2.945E+00 -1.263E+00
 -7.9957500E+03 -2.837E+00 -3.146E+00 -1.470E+00
 -7.9952500E+03 -2.369E+00 -2.668E+00 -1.878E+00
 -7.9947500E+03 -2.678E+00 -2.765E+00 -8.866E-01
 -7.9942500E+03 -2.665E+00 -2.682E+00 -1.004E+00
 -7.9937500E+03 -2.565E+00 -2.664E+00 -1.630E+00
 -7.9932500E+03 -2.894E+00 -2.837E+00 -1.275E+00
 -7.9927500E+03 -3.320E+00 -3.588E+00 -1.976E+00
 -7.9922500E+03 -2.638E+00 -2.848E+00 -1.125E+00
 -7.9917500E+03 -2.103E+00 -2.343E+00 -1.515E+00
 -7.9912500E+03 -2.092E+00 -2.384E+00 -2.000E+00
 -7.9907500E+03 -2.890E+00 -3.083E+00 -1.612E+00
 -7.9902500E+03 -2.581E+00 -2.846E+00 -1.677E+00
 -7.9897500E+03 -2.207E+00 -2.281E+00 -1.304E+00
 -7.9892500E+03 -2.918E+00 -3.056E+00 -1.308E+00
 -7.9887500E+03 -3.605E+00 -3.426E+00 -4.240E-01
 -7.9882500E+03 -3.025E+00 -3.124E+00 -1.539E+00
 -7.9877500E+03 -2.679E+00 -2.775E+00 -1.316E+00
 -7.9872500E+03 -3.169E+00 -3.305E+00 -1.447E+00
 -7.9867500E+03 -2.957E+00 -2.985E+00 -1.047E+00
 -7.9862500E+03 -2.492E+00 -2.772E+00 -1.692E+00
 -7.9857500E+03 -2.534E+00 -2.698E+00 -1.426E+00
 -7.9852500E+03 -2.905E+00 -2.910E+00 -8.294E-01
 -7.9847500E+03 -2.259E+00 -2.445E+00 -1.698E+00
 -7.9842500E+03 -2.358E+00 -2.565E+00 -2.055E+00
 -7.9837500E+03 -3.033E+00 -3.212E+00 -1.620E+00
 -7.9832500E+03 -2.464E+00 -2.718E+00 -1.793E+00
 -7.9827500E+03 -2.423E+00 -2.598E+00 -1.537E+00
 -7.9822500E+03 -2.218E+00 -2.519E+00 -1.875E+00
 -7.9817500E+03 -2.541E+00 -2.748E+00 -1.430E+00
 -7.9812500E+03 -2.565E+00 -2.718E+00 -1.856E+00
 -7.9807500E+03 -2.679E+00 -2.738E+00 -1.493E+00
 -7.9802500E+03 -2.647E+00 -2.445E+00 -8.233E-01
 -7.9797500E+03 -2.501E+00 -2.374E+00 -1.118E+00
 -7.9792500E+03 -2.611E+00 -2.689E+00 -9.765E-01
 -7.9787500E+03 -2.326E+00 -2.271E+00 -5.016E-01
 -7.9782500E+03 -2.131E+00 -2.458E+00 -2.118E+00
 -7.9777500E+03 -2.820E+00 -2.885E+00 -1.416E+00
 -7.9772500E+03 -2.272E+00 -2.385E+00 -1.687E+00
 -7.9767500E+03 -2.415E+00 -2.317E+00 -9.592E-01
 -7.9762500E+03 -2.853E+00 -3.033E+00 -1.538E+00
 -7.9757500E+03 -2.299E+00 -2.544E+00 -1.456E+00
 -7.9752500E+03 -2.636E+00 -3.088E+00 -2.425E+00
 -7.9747500E+03 -2.317E+00 -2.582E+00 -1.573E+00
 -7.9742500E+03 -2.796E+00 -3.008E+00 -1.501E+00
 -7.9737500E+03 -3.235E+00 -3.111E+00 -1.229E+00
 -7.9732500E+03 -2.593E+00 -2.702E+00 -1.698E+00
 -7.9727500E+03 -2.317E+00 -2.516E+00 -1.163E+00
 -7.9722500E+03 -2.828E+00 -3.293E+00 -1.758E+00
 -7.9717500E+03 -1.828E+00 -2.110E+00 -1.251E+00
 -7.9712500E+03 -2.514E+00 -2.503E+00 -1.029E+00
 -7.9707500E+03 -2.199E+00 -2.498E+00 -1.756E+00
 -7.9702500E+03 -2.199E+00 -2.378E+00 -1.424E+00
 -7.9697500E+03 -3.063E+00 -3.196E+00 -1.229E+00
 -7.9692500E+03 -2.795E+00 -3.024E+00 -1.674E+00
 -7.9687500E+03 -2.881E+00 -2.707E+00 -7.974E-01
 -7.9682500E+03 -2.549E+00 -2.526E+00 -1.004E+00
 -7.9677500E+03 -2.362E+00 -2.544E+00 -1.471E+00
 -7.9672500E+03 -2.552E+00 -2.792E+00 -1.490E+00
 -7.9667500E+03 -2.405E+00 -2.677E+00 -1.506E+00
 -7.9662500E+03 -1.959E+00 -2.114E+00 -1.250E+00
 -7.9657500E+03 -2.063E+00 -2.400E+00 -1.986E+00
 -7.9652500E+03 -2.067E+00 -2.290E+00 -1.715E+00
 -7.9647500E+03 -2.380E+00 -2.506E+00 -1.633E+00
 -7.9642500E+03 -2.491E+00 -2.897E+00 -2.303E+00
 -7.9637500E+03 -2.699E+00 -2.613E+00 -1.027E+00
 -7.9632500E+03 -3.039E+00 -2.827E+00 -1.337E+00
 -7.9627500E+03 -2.951E+00 -3.063E+00 -1.453E+00
 -7.9622500E+03 -2.933E+00 -2.794E+00 -4.652E-01
 -7.9617500E+03 -2.306E+00 -2.405E+00 -1.446E+00
 -7.9612500E+03 -2.510E+00 -2.834E+00 -1.906E+00
 -7.9607500E+03 -2.699E+00 -2.590E+00 -3.384E-01
 -7.9602500E+03 -2.515E+00 -2.480E+00 -7.301E-01
 -7.9597500E+03 -1.775E+00 -1.938E+00 -1.174E+00
 -7.9592500E+03 -2.390E+00 -2.439E+00 -1.247E+00
 -7.9587500E+03 -2.179E+00 -2.357E+00 -1.298E+00
 -7.9582500E+03 -2.231E+00 -2.529E+00 -1.920E+00
 -7.9577500E+03 -2.309E+00 -2.465E+00 -1.376E+00
 -7.9572500E+03 -2.492E+00 -2.619E+00 -1.601E+00
 -7.9567500E+03 -2.449E+00 -2.669E+00 -1.457E+00
 -7.9562500E+03 -2.851E+00 -2.858E+00 -1.161E+00
 -7.9557500E+03 -2.033E+00 -2.067E+00 -1.001E+00
 -7.9552500E+03 -2.590E+00 -2.525E+00 -8.036E-01
 -7.9547500E+03 -2.437E+00 -2.617E+00 -1.607E+00
 -7.9542500E+03 -2.241E+00 -2.165E+00 -9.279E-01
 -7.9537500E+03 -2.198E+00 -2.233E+00 -9.758E-01
 -7.9532500E+03 -2.235E+00 -2.457E+00 -1.577E+00
 -7.9527500E+03 -1.811E+00 -2.249E+00 -1.771E+00
 -7.9522500E+03 -1.844E+00 -1.976E+00 -1.091E+00
 -7.9517500E+03 -2.257E+00 -2.145E+00 -8.665E-01
 -7.9512500E+03 -3.043E+00 -3.036E+00 -8.714E-01
 -7.9507500E+03 -2.458E+00 -2.669E+00 -1.402E+00
 -7.9502500E+03 -2.088E+00 -2.500E+00 -1.987E+00
 -7.9497500E+03 -2.481E+00 -2.635E+00 -1.458E+00
 -7.9492500E+03 -2.555E+00 -2.393E+00 -2.603E-01
 -7.9487500E+03 -2.844E+00 -2.756E+00 -9.334E-01
 -7.9482500E+03 -2.336E+00 -2.465E+00 -1.430E+00
 -7.9477500E+03 -2.949E+00 -3.076E+00 -1.200E+00
 -7.9472500E+03 -1.752E+00 -1.906E+00 -1.266E+00
 -7.9467500E+03 -2.005E+00 -2.045E+00 -9.713E-01
 -7.9462500E+03 -2.434E+00 -2.479E+00 -1.347E+00
 -7.9457500E+03 -1.771E+00 -2.097E+00 -1.599E+00
 -7.9452500E+03 -1.673E+00 -1.817E+00 -1.161E+00
 -7.9447500E+03 -2.490E+00 -2.603E+00 -1.184E+00
 -7.9442500E+03 -1.985E+00 -2.173E+00 -1.366E+00
 -7.9437500E+03 -2.083E+00 -2.199E+00 -9.154E-01
 -7.9432500E+03 -1.974E+00 -2.194E+00 -1.664E+00
 -7.9427500E+03 -2.410E+00 -2.288E+00 -4.465E-01
 -7.9422500E+03 -1.843E+00 -2.018E+00 -1.501E+00
 -7.9417500E+03 -1.832E+00 -2.294E+00 -2.094E+00
 -7.9412500E+03 -2.150E+00 -2.342E+00 -1.358E+00
 -7.9407500E+03 -2.269E+00 -2.470E+00 -1.775E+00
 -7.9402500E+03 -1.923E+00 -1.945E+00 -1.048E+00
 -7.9397500E+03 -1.710E+00 -1.824E+00 -1.249E+00
 -7.9392500E+03 -1.942E+00 -2.202E+00 -1.568E+00
 -7.9387500E+03 -2.316E+00 -2.620E+00 -1.524E+00
 -7.9382500E+03 -2.410E+00 -2.531E+00 -1.183E+00
 -7.9377500E+03 -2.297E+00 -2.645E+00 -2.030E+00
 -7.9372500E+03 -2.241E+00 -2.506E+00 -1.675E+00
 -7.9367500E+03 -2.266E+00 -2.369E+00 -1.319E+00
 -7.9362500E+03 -2.052E+00 -2.193E+00 -1.246E+00
 -7.9357500E+03 -2.358E+00 -2.314E+00 -1.210E+00
 -7.9352500E+03 -2.381E+00 -2.366E+00 -7.284E-01
 -7.9347500E+03 -2.266E+00 -2.241E+00 -2.994E-01
 -7.9342500E+03 -1.881E+00 -2.063E+00 -1.277E+00
 -7.9337500E+03 -2.496E+00 -2.722E+00 -1.630E+00
 -7.9332500E+03 -2.209E+00 -2.259E+00 -9.686E-01
 -7.9327500E+03 -2.291E+00 -2.435E+00 -1.196E+00
 -7.9322500E+03 -2.163E+00 -2.311E+00 -1.067E+00
 -7.9317500E+03 -2.171E+00 -2.518E+00 -1.894E+00
 -7.9312500E+03 -2.401E+00 -2.317E+00 -7.995E-01
 -7.9307500E+03 -1.740E+00 -1.698E+00 -6.121E-01
 -7.9302500E+03 -1.399E+00 -1.720E+00 -1.769E+00
 -7.9297500E+03 -2.919E+00 -3.021E+00 -1.262E+00
 -7.9292500E+03 -1.488E+00 -1.448E+00 -6.306E-01
 -7.9287500E+03 -1.795E+00 -1.790E+00 -7.499E-01
 -7.9282500E+03 -1.920E+00 -1.861E+00 -6.652E-01
 -7.9277500E+03 -2.294E+00 -2.256E+00 -7.678E-01
 -7.9272500E+03 -2.430E+00 -2.414E+00 -7.188E-01
 -7.9267500E+03 -2.085E+00 -2.180E+00 -1.258E+00
 -7.9262500E+03 -1.926E+00 -2.142E+00 -1.692E+00
 -7.9257500E+03 -2.349E+00 -2.363E+00 -1.148E+00
 -7.9252500E+03 -2.114E+00 -2.357E+00 -1.485E+00
 -7.9247500E+03 -2.310E+00 -2.436E+00 -1.557E+00
 -7.9242500E+03 -1.690E+00 -1.518E+00 -7.635E-01
 -7.9237500E+03 -2.177E+00 -2.458E+00 -1.927E+00
 -7.9232500E+03 -2.348E+00 -2.732E+00 -1.758E+00
 -7.9227500E+03 -1.156E+00 -1.337E+00 -1.416E+00
 -7.9222500E+03 -2.160E+00 -2.153E+00 -5.954E-01
 -7.9217500E+03 -1.967E+00 -1.949E+00 -4.252E-01
 -7.9212500E+03 -1.742E+00 -1.893E+00 -1.130E+00
 -7.9207500E+03 -1.852E+00 -2.324E+00 -1.842E+00
 -7.9202500E+03 -2.317E+00 -2.328E+00 -9.793E-01
 -7.9197500E+03 -2.281E+00 -2.227E+00 -7.131E-01
 -7.9192500E+03 -2.132E+00 -2.361E+00 -1.312E+00
 -7.9187500E+03 -1.681E+00 -1.675E+00 -5.134E-01
 -7.9182500E+03 -2.336E+00 -2.355E+00 -8.881E-01
 -7.9177500E+03 -1.812E+00 -1.941E+00 -1.304E+00
 -7.9172500E+03 -1.821E+00 -2.122E+00 -1.916E+00
 -7.9167500E+03 -1.847E+00 -2.013E+00 -1.209E+00
 -7.9162500E+03 -2.956E+00 -3.177E+00 -1.539E+00
 -7.9157500E+03 -1.999E+00 -2.193E+00 -1.085E+00
 -7.9152500E+03 -1.545E+00 -1.587E+00 -9.837E-01
 -7.9147500E+03 -2.037E+00 -2.111E+00 -9.349E-01
 -7.9142500E+03 -2.344E+00 -2.344E+00 -1.038E+00
 -7.9137500E+03 -2.391E+00 -2.593E+00 -1.514E+00
 -7.9132500E+03 -2.053E+00 -2.230E+00 -1.467E+00
 -7.9127500E+03 -1.852E+00 -2.107E+00 -1.268E+00
 -7.9122500E+03 -1.719E+00 -1.869E+00 -1.252E+00
 -7.9117500E+03 -1.611E+00 -1.636E+00 -1.016E+00
 -7.9112500E+03 -2.194E+00 -2.078E+00  2.611E-02
 -7.9107500E+03 -1.925E+00 -2.145E+00 -1.255E+00
 -7.9102500E+03 -1.868E+00 -1.968E+00 -9.856E-01
 -7.9097500E+03 -2.374E+00 -2.315E+00 -5.888E-01
 -7.9092500E+03 -1.537E+00 -1.639E+00 -7.942E-01
 -7.9087500E+03 -1.599E+00 -1.796E+00 -1.308E+00
 -7.9082500E+03 -2.166E+00 -2.126E+00 -7.222E-01
 -7.9077500E+03 -2.003E+00 -2.083E+00 -8.282E-01
 -7.9072500E+03 -1.957E+00 -1.928E+00 -6.293E-01
 -7.9067500E+03 -1.287E+00 -1.412E+00 -1.319E+00
 -7.9062500E+03 -1.861E+00 -2.182E+00 -1.717E+00
 -7.9057500E+03 -1.880E+00 -2.031E+00 -1.300E+00
 -7.9052500E+03 -1.476E+00 -1.428E+00 -7.203E-01
 -7.9047500E+03 -1.723E+00 -1.670E+00 -4.634E-01
 -7.9042500E+03 -2.495E+00 -2.369E+00 -5.395E-01
 -7.9037500E+03 -1.822E+00 -1.983E+00 -9.849E-01
 -7.9032500E+03 -1.398E+00 -1.623E+00 -1.440E+00
 -7.9027500E+03 -1.649E+00 -1.855E+00 -1.166E+00
 -7.9022500E+03 -2.028E+00 -1.929E+00 -4.395E-01
 -7.9017500E+03 -2.325E+00 -2.153E+00 -2.015E-01
 -7.9012500E+03 -1.639E+00 -1.712E+00 -7.948E-01
 -7.9007500E+03 -2.058E+00 -2.180E+00 -9.148E-01
 -7.9002500E+03 -1.629E+00 -1.949E+00 -1.908E+00
 -7.8997500E+03 -2.079E+00 -2.250E+00 -1.518E+00
 -7.8992500E+03 -2.328E+00 -2.407E+00 -9.525E-01
 -7.8987500E+03 -1.921E+00 -1.809E+00 -8.233E-01
 -7.8982500E+03 -1.878E+00 -1.744E+00 -1.288E-01
 -7.8977500E+03 -1.573E+00 -1.658E+00 -8.455E-01
 -7.8972500E+03 -2.156E+00 -2.323E+00 -1.601E+00
 -7.8967500E+03 -2.426E+00 -2.402E+00 -5.959E-01
 -7.8962500E+03 -1.351E+00 -1.342E+00 -4.564E-01
 -7.8957500E+03 -1.228E+00 -1.435E+00 -9.361E-01
 -7.8952500E+03 -1.903E+00 -2.169E+00 -1.389E+00
 -7.8947500E+03 -2.089E+00 -2.149E+00 -7.627E-01
 -7.8942500E+03 -1.082E+00 -1.415E+00 -1.482E+00
 -7.8937500E+03 -1.817E+00 -1.818E+00 -5.897E-01
 -7.8932500E+03 -2.218E+00 -2.361E+00 -1.099E+00
 -7.8927500E+03 -2.046E+00 -2.339E+00 -1.471E+00
 -7.8922500E+03 -1.972E+00 -2.097E+00 -1.494E+00
 -7.8917500E+03 -1.972E+00 -2.153E+00 -1.359E+00
 -7.8912500E+03 -1.934E+00 -1.934E+00 -6.529E-01
 -7.8907500E+03 -2.235E+00 -2.187E+00 -3.506E-01
 -7.8902500E+03 -1.592E+00 -1.699E+00 -1.029E+00
 -7.8897500E+03 -1.434E+00 -1.544E+00 -1.181E+00
 -7.8892500E+03 -1.542E+00 -1.666E+00 -1.173E+00
 -7.8887500E+03 -1.816E+00 -1.954E+00 -1.147E+00
 -7.8882500E+03 -1.945E+00 -1.918E+00 -5.050E-01
 -7.8877500E+03 -1.629E+00 -1.529E+00 -1.714E-01
 -7.8872500E+03 -1.487E+00 -1.639E+00 -9.949E-01
 -7.8867500E+03 -1.447E+00 -1.390E+00 -7.442E-01
 -7.8862500E+03 -1.757E+00 -2.086E+00 -1.793E+00
 -7.8857500E+03 -1.693E+00 -1.989E+00 -1.352E+00
 -7.8852500E+03 -1.809E+00 -1.905E+00 -8.842E-01
 -7.8847500E+03 -2.233E+00 -2.627E+00 -1.769E+00
 -7.8842500E+03 -1.408E+00 -1.437E+00 -1.156E+00
 -7.8837500E+03 -1.828E+00 -1.950E+00 -1.186E+00
 -7.8832500E+03 -1.499E+00 -1.703E+00 -9.279E-01
 -7.8827500E+03 -2.600E+00 -2.381E+00 -6.008E-01
 -7.8822500E+03 -1.396E+00 -1.417E+00 -8.398E-01
 -7.8817500E+03 -1.771E+00 -1.782E+00 -6.602E-01
 -7.8812500E+03 -1.759E+00 -1.802E+00 -8.210E-01
 -7.8807500E+03 -1.196E+00 -1.352E+00 -1.203E+00
 -7.8802500E+03 -1.586E+00 -1.845E+00 -1.391E+00
 -7.8797500E+03 -2.327E+00 -2.347E+00 -1.028E+00
 -7.8792500E+03 -1.680E+00 -1.557E+00 -6.794E-01
 -7.8787500E+03 -1.512E+00 -1.661E+00 -1.248E+00
 -7.8782500E+03 -1.478E+00 -1.476E+00 -4.102E-01
 -7.8777500E+03 -1.627E+00 -1.858E+00 -1.113E+00
 -7.8772500E+03 -1.992E+00 -2.145E+00 -1.246E+00
 -7.8767500E+03 -1.669E+00 -1.882E+00 -1.120E+00
 -7.8762500E+03 -1.538E+00 -1.729E+00 -1.028E+00
 -7.8757500E+03 -1.540E+00 -1.622E+00 -1.245E+00
 -7.8752500E+03 -1.591E+00 -1.793E+00 -1.142E+00
 -7.8747500E+03 -1.880E+00 -2.168E+00 -1.525E+00
 -7.8742500E+03 -1.773E+00 -1.820E+00 -3.999E-01
 -7.8737500E+03 -1.274E+00 -1.399E+00 -1.039E+00
 -7.8732500E+03 -1.345E+00 -1.145E+00 -5.132E-01
 -7.8727500E+03 -1.969E+00 -1.849E+00 -4.067E-01
 -7.8722500E+03 -1.593E+00 -1.822E+00 -1.459E+00
 -7.8717500E+03 -1.942E+00 -2.042E+00 -1.087E+00
 -7.8712500E+03 -1.744E+00 -1.778E+00 -9.330E-01
 -7.8707500E+03 -1.668E+00 -1.890E+00 -1.121E+00
 -7.8702500E+03 -1.889E+00 -1.900E+00 -8.753E-01
 -7.8697500E+03 -8.880E-01 -1.142E+00 -1.070E+00
 -7.8692500E+03 -1.312E+00 -1.313E+00 -7.141E-01
 -7.8687500E+03 -1.861E+00 -2.075E+00 -1.193E+00
 -7.8682500E+03 -1.394E+00 -1.539E+00 -7.859E-01
 -7.8677500E+03 -1.756E+00 -1.837E+00 -7.857E-01
 -7.8672500E+03 -2.425E+00 -2.229E+00 -6.278E-01
 -7.8667500E+03 -1.287E+00 -1.440E+00 -9.541E-01
 -7.8662500E+03 -1.709E+00 -1.698E+00 -8.609E-01
 -7.8657500E+03 -1.361E+00 -1.506E+00 -1.078E+00
 -7.8652500E+03 -1.864E+00 -1.857E+00 -7.680E-01
 -7.8647500E+03 -1.161E+00 -1.535E+00 -1.914E+00
 -7.8642500E+03 -1.719E+00 -1.911E+00 -1.153E+00
 -7.8637500E+03 -1.314E+00 -1.173E+00 -6.680E-02
 -7.8632500E+03 -1.288E+00 -1.280E+00 -6.027E-01
 -7.8627500E+03 -1.564E+00 -1.584E+00 -4.930E-01
 -7.8622500E+03 -1.437E+00 -1.738E+00 -1.376E+00
 -7.8617500E+03 -1.996E+00 -2.017E+00 -9.929E-01
 -7.8612500E+03 -1.832E+00 -2.168E+00 -1.921E+00
 -7.8607500E+03 -1.889E+00 -2.127E+00 -1.458E+00
 -7.8602500E+03 -2.001E+00 -2.060E+00 -8.235E-01
 -7.8597500E+03 -1.984E+00 -1.972E+00 -4.155E-01
 -7.8592500E+03 -1.369E+00 -1.366E+00 -3.433E-01
 -7.8587500E+03 -1.738E+00 -1.776E+00 -9.620E-01
 -7.8582500E+03 -1.514E+00 -1.512E+00 -7.887E-01
 -7.8577500E+03 -1.150E+00 -1.430E+00 -1.548E+00
 -7.8572500E+03 -1.195E+00 -1.244E+00 -5.436E-01
 -7.8567500E+03 -1.638E+00 -1.774E+00 -7.650E-01
 -7.8562500E+03 -1.770E+00 -1.834E+00 -7.418E-01
 -7.8557500E+03 -1.662E+00 -1.521E+00 -2.145E-01
 -7.8552500E+03 -1.906E+00 -1.828E+00 -5.907E-01
 -7.8547500E+03 -1.643E+00 -1.993E+00 -1.849E+00
 -7.8542500E+03 -1.434E+00 -1.403E+00 -4.401E-01
 -7.8537500E+03 -1.408E+00 -1.391E+00 -6.229E-01
 -7.8532500E+03 -1.760E+00 -1.810E+00 -8.664E-01
 -7.8527500E+03 -1.622E+00 -1.700E+00 -8.721E-01
 -7.8522500E+03 -1.654E+00 -1.817E+00 -1.211E+00
 -7.8517500E+03 -1.646E+00 -1.793E+00 -1.189E+00
 -7.8512500E+03 -2.103E+00 -2.207E+00 -9.365E-01
 -7.8507500E+03 -1.479E+00 -1.468E+00 -5.938E-01
 -7.8502500E+03 -2.203E+00 -2.451E+00 -1.496E+00
 -7.8497500E+03 -1.414E+00 -1.314E+00 -1.286E-01
 -7.8492500E+03 -1.233E+00 -1.276E+00 -5.792E-01
 -7.8487500E+03 -1.111E+00 -1.385E+00 -1.462E+00
 -7.8482500E+03 -1.499E+00 -1.806E+00 -1.052E+00
 -7.8477500E+03 -1.649E+00 -2.059E+00 -1.672E+00
 -7.8472500E+03 -1.516E+00 -1.434E+00 -4.242E-01
 -7.8467500E+03 -8.825E-01 -8.605E-01 -5.291E-01
 -7.8462500E+03 -9.242E-01 -1.097E+00 -1.359E+00
 -7.8457500E+03 -1.472E+00 -1.689E+00 -1.155E+00
 -7.8452500E+03 -1.761E+00 -1.798E+00 -4.715E-01
 -7.8447500E+03 -1.325E+00 -1.321E+00 -6.709E-01
 -7.8442500E+03 -1.280E+00 -1.639E+00 -1.923E+00
 -7.8437500E+03 -1.731E+00 -1.650E+00 -1.958E-01
 -7.8432500E+03 -1.744E+00 -1.796E+00 -5.671E-01
 -7.8427500E+03 -1.085E+00 -1.056E+00 -6.284E-01
 -7.8422500E+03 -1.706E+00 -1.743E+00 -4.510E-01
 -7.8417500E+03 -1.465E+00 -1.483E+00 -3.713E-01
 -7.8412500E+03 -1.885E+00 -2.075E+00 -1.113E+00
 -7.8407500E+03 -1.421E+00 -1.328E+00 -1.943E-01
 -7.8402500E+03 -1.851E+00 -1.987E+00 -9.185E-01
 -7.8397500E+03 -1.287E+00 -1.411E+00 -1.111E+00
 -7.8392500E+03 -1.006E+00 -1.201E+00 -8.746E-01
 -7.8387500E+03 -1.484E+00 -1.457E+00 -7.359E-01
 -7.8382500E+03 -2.045E+00 -2.045E+00 -8.634E-01
 -7.8377500E+03 -2.043E+00 -2.066E+00 -1.073E+00
 -7.8372500E+03 -1.301E+00 -1.607E+00 -1.334E+00
 -7.8367500E+03 -1.009E+00 -1.053E+00 -7.467E-01
 -7.8362500E+03 -1.685E+00 -1.594E+00 -1.876E-01
 -7.8357500E+03 -1.409E+00 -1.676E+00 -1.197E+00
 -7.8352500E+03 -1.419E+00 -1.280E+00 -6.604E-01
 -7.8347500E+03 -8.884E-01 -1.073E+00 -9.142E-01
 -7.8342500E+03 -1.498E+00 -1.718E+00 -6.507E-01
 -7.8337500E+03 -1.086E+00 -1.100E+00 -5.620E-01
 -7.8332500E+03 -1.078E+00 -1.387E+00 -1.673E+00
 -7.8327500E+03 -1.376E+00 -1.568E+00 -1.074E+00
 -7.8322500E+03 -1.254E+00 -1.315E+00 -4.786E-01
 -7.8317500E+03 -1.017E+00 -1.225E+00 -1.367E+00
 -7.8312500E+03 -1.791E+00 -1.806E+00 -8.358E-01
 -7.8307500E+03 -1.695E+00 -1.821E+00 -7.078E-01
 -7.8302500E+03 -1.559E+00 -1.580E+00 -5.091E-01
 -7.8297500E+03 -1.392E+00 -1.495E+00 -5.842E-01
 -7.8292500E+03 -1.599E+00 -1.771E+00 -1.135E+00
 -7.8287500E+03 -1.635E+00 -1.737E+00 -1.170E+00
 -7.8282500E+03 -1.416E+00 -1.391E+00 -6.604E-01
 -7.8277500E+03 -9.238E-01 -8.838E-01 -3.318E-01
 -7.8272500E+03 -1.304E+00 -1.434E+00 -1.104E+00
