 -1.2411250E+04 -0.000E+00 -0.000E+00  0.000E+00
 -1.2410750E+04 -0.000E+00 -0.000E+00  0.000E+00
 -1.2410250E+04 -0.000E+00 -0.000E+00  0.000E+00
 -1.2409750E+04 -0.000E+00 -0.000E+00  0.000E+00
 -1.2409250E+04 -0.000E+00 -0.000E+00  0.000E+00
 -1.2408750E+04 -0.000E+00 -0.000E+00  0.000E+00
 -1.2408250E+04 -0.000E+00 -0.000E+00  0.000E+00
 -1.2407750E+04 -0.000E+00 -0.000E+00  0.000E+00
 -1.2407250E+04 -0.000E+00 -0.000E+00  0.000E+00
 -1.2406750E+04 -0.000E+00 -0.000E+00  0.000E+00
 -1.2406250E+04 -0.000E+00 -0.000E+00  0.000E+00
 -1.2405750E+04 -0.000E+00 -0.000E+00  0.000E+00
 -1.2405250E+04 -0.000E+00 -0.000E+00  0.000E+00
 -1.2404750E+04 -0.000E+00 -0.000E+00  0.000E+00
 -1.2404250E+04 -0.000E+00 -0.000E+00  0.000E+00
 -1.2403750E+04 -0.000E+00 -0.000E+00  0.000E+00
 -1.2403250E+04 -0.000E+00 -0.000E+00  0.000E+00
 -1.2402750E+04 -0.000E+00 -0.000E+00  0.000E+00
 -1.2402250E+04 -0.000E+00 -0.000E+00  0.000E+00
 -1.2401750E+04 -0.000E+00 -0.000E+00  0.000E+00
 -1.2401250E+04 -0.000E+00 -0.000E+00  0.000E+00
 -1.2400750E+04 -0.000E+00 -0.000E+00  0.000E+00
 -1.2400250E+04 -0.000E+00 -0.000E+00  0.000E+00
 -1.2399750E+04 -0.000E+00 -0.000E+00  0.000E+00
 -1.2399250E+04 -0.000E+00 -0.000E+00  0.000E+00
 -1.2398750E+04 -0.000E+00 -0.000E+00  0.000E+00
 -1.2398250E+04 -0.000E+00 -0.000E+00  0.000E+00
 -1.2397750E+04 -0.000E+00 -0.000E+00  0.000E+00
 -1.2397250E+04 -0.000E+00 -0.000E+00  0.000E+00
 -1.2396750E+04 -0.000E+00 -0.000E+00  0.000E+00
 -1.2396250E+04 -0.000E+00 -0.000E+00  0.000E+00
 -1.2395750E+04 -0.000E+00 -0.000E+00  0.000E+00
 -1.2395250E+04 -0.000E+00 -0.000E+00  0.000E+00
 -1.2394750E+04 -0.000E+00 -0.000E+00  0.000E+00
 -1.2394250E+04 -0.000E+00 -0.000E+00  0.000E+00
 -1.2393750E+04 -0.000E+00 -0.000E+00  0.000E+00
 -1.2393250E+04 -0.000E+00 -0.000E+00  0.000E+00
 -1.2392750E+04 -0.000E+00 -0.000E+00  0.000E+00
 -1.2392250E+04 -0.000E+00 -0.000E+00  0.000E+00
 -1.2391750E+04 -0.000E+00 -0.000E+00  0.000E+00
 -1.2391250E+04 -0.000E+00 -0.000E+00  0.000E+00
 -1.2390750E+04 -0.000E+00 -0.000E+00  0.000E+00
 -1.2390250E+04 -0.000E+00 -0.000E+00  0.000E+00
 -1.2389750E+04 -0.000E+00 -0.000E+00  0.000E+00
 -1.2389250E+04 -0.000E+00 -0.000E+00  0.000E+00
 -1.2388750E+04 -0.000E+00 -0.000E+00  0.000E+00
 -1.2388250E+04 -0.000E+00 -0.000E+00  0.000E+00
 -1.2387750E+04 -0.000E+00 -0.000E+00  0.000E+00
 -1.2387250E+04 -0.000E+00 -0.000E+00  0.000E+00
 -1.2386750E+04 -0.000E+00 -0.000E+00  0.000E+00
 -1.2386250E+04 -0.000E+00 -0.000E+00  0.000E+00
 -1.2385750E+04 -0.000E+00 -0.000E+00  0.000E+00
 -1.2385250E+04 -0.000E+00 -0.000E+00  0.000E+00
 -1.2384750E+04 -0.000E+00 -0.000E+00  0.000E+00
 -1.2384250E+04 -0.000E+00 -0.000E+00  0.000E+00
 -1.2383750E+04 -0.000E+00 -0.000E+00  0.000E+00
 -1.2383250E+04 -0.000E+00 -0.000E+00  0.000E+00
 -1.2382750E+04 -0.000E+00 -0.000E+00  0.000E+00
 -1.2382250E+04 -0.000E+00 -0.000E+00  0.000E+00
 -1.2381750E+04 -0.000E+00 -0.000E+00  0.000E+00
 -1.2381250E+04 -0.000E+00 -0.000E+00  0.000E+00
 -1.2380750E+04 -0.000E+00 -0.000E+00  0.000E+00
 -1.2380250E+04 -0.000E+00 -0.000E+00  0.000E+00
 -1.2379750E+04 -0.000E+00 -0.000E+00  0.000E+00
 -1.2379250E+04 -0.000E+00 -0.000E+00  0.000E+00
 -1.2378750E+04 -0.000E+00 -0.000E+00  0.000E+00
 -1.2378250E+04 -0.000E+00 -0.000E+00  0.000E+00
 -1.2377750E+04 -0.000E+00 -0.000E+00  0.000E+00
 -1.2377250E+04 -0.000E+00 -0.000E+00  0.000E+00
 -1.2376750E+04 -0.000E+00 -0.000E+00  0.000E+00
 -1.2376250E+04 -0.000E+00 -0.000E+00  0.000E+00
 -1.2375750E+04 -0.000E+00 -0.000E+00  0.000E+00
 -1.2375250E+04 -0.000E+00 -0.000E+00  0.000E+00
 -1.2374750E+04 -0.000E+00 -0.000E+00  0.000E+00
 -1.2374250E+04 -0.000E+00 -0.000E+00  0.000E+00
 -1.2373750E+04 -0.000E+00 -0.000E+00  0.000E+00
 -1.2373250E+04 -0.000E+00 -0.000E+00  0.000E+00
 -1.2372750E+04 -0.000E+00 -0.000E+00  0.000E+00
 -1.2372250E+04 -0.000E+00 -0.000E+00  0.000E+00
 -1.2371750E+04 -0.000E+00 -0.000E+00  0.000E+00
 -1.2371250E+04 -0.000E+00 -0.000E+00  0.000E+00
 -1.2370750E+04 -0.000E+00 -0.000E+00  0.000E+00
 -1.2370250E+04 -0.000E+00 -0.000E+00  0.000E+00
 -1.2369750E+04 -0.000E+00 -0.000E+00  0.000E+00
 -1.2369250E+04 -0.000E+00 -0.000E+00  0.000E+00
 -1.2368750E+04 -0.000E+00 -0.000E+00  0.000E+00
 -1.2368250E+04 -0.000E+00 -0.000E+00  0.000E+00
 -1.2367750E+04 -0.000E+00 -0.000E+00  0.000E+00
 -1.2367250E+04 -0.000E+00 -0.000E+00  0.000E+00
 -1.2366750E+04 -0.000E+00 -0.000E+00  0.000E+00
 -1.2366250E+04 -0.000E+00 -0.000E+00  0.000E+00
 -1.2365750E+04 -0.000E+00 -0.000E+00  0.000E+00
 -1.2365250E+04 -0.000E+00 -0.000E+00  0.000E+00
 -1.2364750E+04 -0.000E+00 -0.000E+00  0.000E+00
 -1.2364250E+04 -0.000E+00 -0.000E+00  0.000E+00
 -1.2363750E+04 -0.000E+00 -0.000E+00  0.000E+00
 -1.2363250E+04 -0.000E+00 -0.000E+00  0.000E+00
 -1.2362750E+04 -0.000E+00 -0.000E+00  0.000E+00
 -1.2362250E+04 -0.000E+00 -0.000E+00  0.000E+00
 -1.2361750E+04 -0.000E+00 -0.000E+00  0.000E+00
 -1.2361250E+04 -0.000E+00 -0.000E+00  0.000E+00
 -1.2360750E+04 -0.000E+00 -0.000E+00  0.000E+00
 -1.2360250E+04 -0.000E+00 -0.000E+00  0.000E+00
 -1.2359750E+04 -0.000E+00 -0.000E+00  0.000E+00
 -1.2359250E+04 -0.000E+00 -0.000E+00  0.000E+00
 -1.2358750E+04 -0.000E+00 -0.000E+00  0.000E+00
 -1.2358250E+04 -0.000E+00 -0.000E+00  0.000E+00
 -1.2357750E+04 -0.000E+00 -0.000E+00  0.000E+00
 -1.2357250E+04 -0.000E+00 -0.000E+00  0.000E+00
 -1.2356750E+04 -0.000E+00 -0.000E+00  0.000E+00
 -1.2356250E+04 -0.000E+00 -0.000E+00  0.000E+00
 -1.2355750E+04 -0.000E+00 -0.000E+00  0.000E+00
 -1.2355250E+04 -0.000E+00 -0.000E+00  0.000E+00
 -1.2354750E+04 -0.000E+00 -0.000E+00  0.000E+00
 -1.2354250E+04 -0.000E+00 -0.000E+00  0.000E+00
 -1.2353750E+04 -0.000E+00 -0.000E+00  0.000E+00
 -1.2353250E+04 -0.000E+00 -0.000E+00  0.000E+00
 -1.2352750E+04 -0.000E+00 -0.000E+00  0.000E+00
 -1.2352250E+04 -0.000E+00 -0.000E+00  0.000E+00
 -1.2351750E+04 -0.000E+00 -0.000E+00  0.000E+00
 -1.2351250E+04 -0.000E+00 -0.000E+00  0.000E+00
 -1.2350750E+04 -0.000E+00 -0.000E+00  0.000E+00
 -1.2350250E+04 -0.000E+00 -0.000E+00  0.000E+00
 -1.2349750E+04 -0.000E+00 -0.000E+00  0.000E+00
 -1.2349250E+04 -0.000E+00 -0.000E+00  0.000E+00
 -1.2348750E+04 -0.000E+00 -0.000E+00  0.000E+00
 -1.2348250E+04 -0.000E+00 -0.000E+00  0.000E+00
 -1.2347750E+04 -0.000E+00 -0.000E+00  0.000E+00
 -1.2347250E+04 -0.000E+00 -0.000E+00  0.000E+00
 -1.2346750E+04 -0.000E+00 -0.000E+00  0.000E+00
 -1.2346250E+04 -0.000E+00 -0.000E+00  0.000E+00
 -1.2345750E+04 -0.000E+00 -0.000E+00  0.000E+00
 -1.2345250E+04 -0.000E+00 -0.000E+00  0.000E+00
 -1.2344750E+04 -0.000E+00 -0.000E+00  0.000E+00
 -1.2344250E+04 -0.000E+00 -0.000E+00  0.000E+00
 -1.2343750E+04 -0.000E+00 -0.000E+00  0.000E+00
 -1.2343250E+04 -0.000E+00 -0.000E+00  0.000E+00
 -1.2342750E+04 -0.000E+00 -0.000E+00  0.000E+00
 -1.2342250E+04 -0.000E+00 -0.000E+00  0.000E+00
 -1.2341750E+04 -0.000E+00 -0.000E+00  0.000E+00
 -1.2341250E+04 -0.000E+00 -0.000E+00  0.000E+00
 -1.2340750E+04 -0.000E+00 -0.000E+00  0.000E+00
 -1.2340250E+04 -0.000E+00 -0.000E+00  0.000E+00
 -1.2339750E+04 -0.000E+00 -0.000E+00  0.000E+00
 -1.2339250E+04 -0.000E+00 -0.000E+00  0.000E+00
 -1.2338750E+04 -0.000E+00 -0.000E+00  0.000E+00
 -1.2338250E+04 -0.000E+00 -0.000E+00  0.000E+00
 -1.2337750E+04 -0.000E+00 -0.000E+00  0.000E+00
 -1.2337250E+04 -0.000E+00 -0.000E+00  0.000E+00
 -1.2336750E+04 -0.000E+00 -0.000E+00  0.000E+00
 -1.2336250E+04 -0.000E+00 -0.000E+00  0.000E+00
 -1.2335750E+04 -0.000E+00 -0.000E+00  0.000E+00
 -1.2335250E+04 -0.000E+00 -0.000E+00  0.000E+00
 -1.2334750E+04 -0.000E+00 -0.000E+00  0.000E+00
 -1.2334250E+04 -0.000E+00 -0.000E+00  0.000E+00
 -1.2333750E+04 -0.000E+00 -0.000E+00  0.000E+00
 -1.2333250E+04 -0.000E+00 -0.000E+00  0.000E+00
 -1.2332750E+04 -0.000E+00 -0.000E+00  0.000E+00
 -1.2332250E+04 -0.000E+00 -0.000E+00  0.000E+00
 -1.2331750E+04 -0.000E+00 -0.000E+00  0.000E+00
 -1.2331250E+04 -0.000E+00 -0.000E+00  0.000E+00
 -1.2330750E+04 -0.000E+00 -0.000E+00  0.000E+00
 -1.2330250E+04 -0.000E+00 -0.000E+00  0.000E+00
 -1.2329750E+04 -0.000E+00 -0.000E+00  0.000E+00
 -1.2329250E+04 -0.000E+00 -0.000E+00  0.000E+00
 -1.2328750E+04 -0.000E+00 -0.000E+00  0.000E+00
 -1.2328250E+04 -0.000E+00 -0.000E+00  0.000E+00
 -1.2327750E+04 -0.000E+00 -0.000E+00  0.000E+00
 -1.2327250E+04 -0.000E+00 -0.000E+00  0.000E+00
 -1.2326750E+04 -0.000E+00 -0.000E+00  0.000E+00
 -1.2326250E+04 -0.000E+00 -0.000E+00  0.000E+00
 -1.2325750E+04 -0.000E+00 -0.000E+00  0.000E+00
 -1.2325250E+04 -0.000E+00 -0.000E+00  0.000E+00
 -1.2324750E+04 -0.000E+00 -0.000E+00  0.000E+00
 -1.2324250E+04 -0.000E+00 -0.000E+00  0.000E+00
 -1.2323750E+04 -0.000E+00 -0.000E+00  0.000E+00
 -1.2323250E+04 -0.000E+00 -0.000E+00  0.000E+00
 -1.2322750E+04 -0.000E+00 -0.000E+00  0.000E+00
 -1.2322250E+04 -0.000E+00 -0.000E+00  0.000E+00
 -1.2321750E+04 -0.000E+00 -0.000E+00  0.000E+00
 -1.2321250E+04 -0.000E+00 -0.000E+00  0.000E+00
 -1.2320750E+04 -0.000E+00 -0.000E+00  0.000E+00
 -1.2320250E+04 -0.000E+00 -0.000E+00  0.000E+00
 -1.2319750E+04 -0.000E+00 -0.000E+00  0.000E+00
 -1.2319250E+04 -0.000E+00 -0.000E+00  0.000E+00
 -1.2318750E+04 -0.000E+00 -0.000E+00  0.000E+00
 -1.2318250E+04 -0.000E+00 -0.000E+00  0.000E+00
 -1.2317750E+04 -0.000E+00 -0.000E+00  0.000E+00
 -1.2317250E+04 -0.000E+00 -0.000E+00  0.000E+00
 -1.2316750E+04 -0.000E+00 -0.000E+00  0.000E+00
 -1.2316250E+04 -0.000E+00 -0.000E+00  0.000E+00
 -1.2315750E+04 -0.000E+00 -0.000E+00  0.000E+00
 -1.2315250E+04 -0.000E+00 -0.000E+00  0.000E+00
 -1.2314750E+04 -0.000E+00 -0.000E+00  0.000E+00
 -1.2314250E+04 -0.000E+00 -0.000E+00  0.000E+00
 -1.2313750E+04 -0.000E+00 -0.000E+00  0.000E+00
 -1.2313250E+04 -0.000E+00 -0.000E+00  0.000E+00
 -1.2312750E+04 -0.000E+00 -0.000E+00  0.000E+00
 -1.2312250E+04 -0.000E+00 -0.000E+00  0.000E+00
 -1.2311750E+04 -0.000E+00 -0.000E+00  0.000E+00
 -1.2311250E+04 -0.000E+00 -0.000E+00  0.000E+00
 -1.2310750E+04 -0.000E+00 -0.000E+00  0.000E+00
 -1.2310250E+04 -0.000E+00 -0.000E+00  0.000E+00
 -1.2309750E+04 -0.000E+00 -0.000E+00  0.000E+00
 -1.2309250E+04 -0.000E+00 -0.000E+00  0.000E+00
 -1.2308750E+04 -0.000E+00 -0.000E+00  0.000E+00
 -1.2308250E+04 -0.000E+00 -0.000E+00  0.000E+00
 -1.2307750E+04 -0.000E+00 -0.000E+00  0.000E+00
 -1.2307250E+04 -0.000E+00 -0.000E+00  0.000E+00
 -1.2306750E+04 -0.000E+00 -0.000E+00  0.000E+00
 -1.2306250E+04 -0.000E+00 -0.000E+00  0.000E+00
 -1.2305750E+04 -0.000E+00 -0.000E+00  0.000E+00
 -1.2305250E+04 -0.000E+00 -0.000E+00  0.000E+00
 -1.2304750E+04 -0.000E+00 -0.000E+00  0.000E+00
 -1.2304250E+04 -0.000E+00 -0.000E+00  0.000E+00
 -1.2303750E+04 -0.000E+00 -0.000E+00  0.000E+00
 -1.2303250E+04 -0.000E+00 -0.000E+00  0.000E+00
 -1.2302750E+04 -0.000E+00 -0.000E+00  0.000E+00
 -1.2302250E+04 -0.000E+00 -0.000E+00  0.000E+00
 -1.2301750E+04 -0.000E+00 -0.000E+00  0.000E+00
 -1.2301250E+04 -0.000E+00 -0.000E+00  0.000E+00
 -1.2300750E+04 -0.000E+00 -0.000E+00  0.000E+00
 -1.2300250E+04 -0.000E+00 -0.000E+00  0.000E+00
 -1.2299750E+04 -0.000E+00 -0.000E+00  0.000E+00
 -1.2299250E+04 -0.000E+00 -0.000E+00  0.000E+00
 -1.2298750E+04 -0.000E+00 -0.000E+00  0.000E+00
 -1.2298250E+04 -0.000E+00 -0.000E+00  0.000E+00
 -1.2297750E+04 -0.000E+00 -0.000E+00  0.000E+00
 -1.2297250E+04 -0.000E+00 -0.000E+00  0.000E+00
 -1.2296750E+04 -0.000E+00 -0.000E+00  0.000E+00
 -1.2296250E+04 -0.000E+00 -0.000E+00  0.000E+00
 -1.2295750E+04 -0.000E+00 -0.000E+00  0.000E+00
 -1.2295250E+04 -0.000E+00 -0.000E+00  0.000E+00
 -1.2294750E+04 -0.000E+00 -0.000E+00  0.000E+00
 -1.2294250E+04 -0.000E+00 -0.000E+00  0.000E+00
 -1.2293750E+04 -0.000E+00 -0.000E+00  0.000E+00
 -1.2293250E+04 -0.000E+00 -0.000E+00  0.000E+00
 -1.2292750E+04 -0.000E+00 -0.000E+00  0.000E+00
 -1.2292250E+04 -0.000E+00 -0.000E+00  0.000E+00
 -1.2291750E+04 -0.000E+00 -0.000E+00  0.000E+00
 -1.2291250E+04 -0.000E+00 -0.000E+00  0.000E+00
 -1.2290750E+04 -0.000E+00 -0.000E+00  0.000E+00
 -1.2290250E+04 -0.000E+00 -0.000E+00  0.000E+00
 -1.2289750E+04 -0.000E+00 -0.000E+00  0.000E+00
 -1.2289250E+04 -0.000E+00 -0.000E+00  0.000E+00
 -1.2288750E+04 -0.000E+00 -0.000E+00  0.000E+00
 -1.2288250E+04 -0.000E+00 -0.000E+00  0.000E+00
 -1.2287750E+04 -0.000E+00 -0.000E+00  0.000E+00
 -1.2287250E+04 -0.000E+00 -0.000E+00  0.000E+00
 -1.2286750E+04  1.610E-05  5.161E-05  1.424E-04
 -1.2286250E+04  2.585E-04  9.823E-05 -4.502E-04
 -1.2285750E+04 -4.287E-04 -8.716E-05  9.757E-04
 -1.2285250E+04  2.629E-05  3.129E-04  1.115E-03
 -1.2284750E+04  7.786E-04 -3.111E-05 -2.519E-03
 -1.2284250E+04 -1.057E-04 -2.138E-04 -5.455E-04
 -1.2283750E+04 -1.208E-03 -3.033E-04  2.447E-03
 -1.2283250E+04 -6.727E-04 -6.243E-04 -2.388E-04
 -1.2282750E+04 -8.038E-04 -5.688E-04  1.413E-04
 -1.2282250E+04  1.941E-04  3.307E-05 -4.251E-04
 -1.2281750E+04  1.271E-03  8.311E-04 -5.568E-04
 -1.2281250E+04 -1.591E-04 -2.586E-04 -5.665E-04
 -1.2280750E+04 -1.996E-03 -1.197E-03  9.886E-04
 -1.2280250E+04 -2.180E-03 -8.845E-04  3.813E-03
 -1.2279750E+04 -1.835E-02 -1.669E-02 -1.338E-04
 -1.2279250E+04  4.246E-03  1.153E-02  2.929E-02
 -1.2278750E+04  5.949E-03  7.710E-03  8.166E-03
 -1.2278250E+04 -1.228E-02 -1.200E-02 -4.864E-03
 -1.2277750E+04 -3.969E-04 -4.426E-03 -1.231E-02
 -1.2277250E+04  2.324E-03  4.265E-03  9.974E-03
 -1.2276750E+04  1.835E-02  1.308E-02 -1.291E-02
 -1.2276250E+04  2.620E-02  1.750E-02 -2.065E-02
 -1.2275750E+04 -1.931E-02 -1.715E-02 -2.960E-03
 -1.2275250E+04 -1.983E-02 -1.344E-02  1.271E-02
 -1.2274750E+04 -2.105E-02 -1.408E-02  1.378E-02
 -1.2274250E+04  3.985E-02  3.670E-02  4.645E-03
 -1.2273750E+04  1.294E-02  8.666E-03 -6.620E-03
 -1.2273250E+04  4.766E-03  5.939E-03  5.644E-03
 -1.2272750E+04 -1.223E-02 -8.123E-03  7.039E-03
 -1.2272250E+04 -1.164E-02 -1.156E-02 -4.144E-03
 -1.2271750E+04  9.157E-03  3.681E-03 -1.094E-02
 -1.2271250E+04  6.507E-02  6.928E-02  4.421E-02
 -1.2270750E+04  3.170E-03 -7.545E-04 -1.482E-02
 -1.2270250E+04  7.700E-02  5.772E-02 -4.484E-02
 -1.2269750E+04 -1.199E-01 -7.290E-02  1.224E-01
 -1.2269250E+04  1.230E-01  1.619E-01  2.049E-01
 -1.2268750E+04  5.404E-02  3.967E-02 -3.293E-02
 -1.2268250E+04  1.049E-01  3.823E-02 -1.929E-01
 -1.2267750E+04  6.837E-04 -6.303E-02 -2.503E-01
 -1.2267250E+04  5.056E-02  6.603E-02  6.529E-02
 -1.2266750E+04 -4.423E-02  3.501E-02  2.882E-01
 -1.2266250E+04  3.298E-02  7.148E-02  1.516E-01
 -1.2265750E+04  3.186E-01  2.359E-01 -1.113E-01
 -1.2265250E+04 -8.958E-02 -6.515E-02  1.174E-02
 -1.2264750E+04  1.848E-01  1.931E-01  1.779E-01
 -1.2264250E+04  3.774E-01  2.919E-01 -1.203E-01
 -1.2263750E+04  3.078E-01  2.930E-01  4.388E-02
 -1.2263250E+04  3.045E-01  2.123E-01 -2.143E-01
 -1.2262750E+04  1.368E-01  1.494E-01  1.206E-01
 -1.2262250E+04  8.361E-01  7.564E-01  1.728E-01
 -1.2261750E+04  6.250E-01  7.013E-01  6.424E-01
 -1.2261250E+04  1.216E+00  1.227E+00  6.875E-01
 -1.2260750E+04  2.032E+00  1.931E+00  7.922E-01
 -1.2260250E+04  2.027E+00  1.791E+00  2.672E-01
 -1.2259750E+04  3.533E+00  3.745E+00  2.749E+00
 -1.2259250E+04  5.368E+00  5.133E+00  2.168E+00
 -1.2258750E+04  8.057E+00  7.671E+00  2.973E+00
 -1.2258250E+04  1.154E+01  1.165E+01  6.875E+00
 -1.2257750E+04  1.426E+01  1.364E+01  5.563E+00
 -1.2257250E+04  1.885E+01  1.914E+01  1.157E+01
 -1.2256750E+04  3.060E+01  2.947E+01  1.252E+01
 -1.2256250E+04  4.752E+01  4.638E+01  2.176E+01
 -1.2255750E+04  6.223E+01  6.233E+01  3.448E+01
 -1.2255250E+04  8.609E+01  8.343E+01  3.681E+01
 -1.2254750E+04  1.053E+02  1.038E+02  5.169E+01
 -1.2254250E+04  1.402E+02  1.383E+02  6.878E+01
 -1.2253750E+04  1.736E+02  1.721E+02  8.810E+01
 -1.2253250E+04  2.012E+02  1.998E+02  1.026E+02
 -1.2252750E+04  2.490E+02  2.491E+02  1.338E+02
 -1.2252250E+04  2.890E+02  2.876E+02  1.485E+02
 -1.2251750E+04  3.309E+02  3.305E+02  1.736E+02
 -1.2251250E+04  3.984E+02  3.979E+02  2.082E+02
 -1.2250750E+04  4.242E+02  4.274E+02  2.348E+02
 -1.2250250E+04  4.728E+02  4.717E+02  2.433E+02
 -1.2249750E+04  5.165E+02  5.183E+02  2.758E+02
 -1.2249250E+04  5.471E+02  5.467E+02  2.820E+02
 -1.2248750E+04  5.494E+02  5.575E+02  3.143E+02
 -1.2248250E+04  5.875E+02  5.943E+02  3.275E+02
 -1.2247750E+04  5.972E+02  6.028E+02  3.266E+02
 -1.2247250E+04  6.157E+02  6.223E+02  3.382E+02
 -1.2246750E+04  6.165E+02  6.199E+02  3.248E+02
 -1.2246250E+04  6.040E+02  6.188E+02  3.603E+02
 -1.2245750E+04  5.933E+02  6.064E+02  3.468E+02
 -1.2245250E+04  5.923E+02  5.983E+02  3.178E+02
 -1.2244750E+04  5.704E+02  5.796E+02  3.176E+02
 -1.2244250E+04  5.526E+02  5.610E+02  3.045E+02
 -1.2243750E+04  5.227E+02  5.343E+02  3.005E+02
 -1.2243250E+04  4.840E+02  4.926E+02  2.679E+02
 -1.2242750E+04  4.613E+02  4.713E+02  2.620E+02
 -1.2242250E+04  4.204E+02  4.391E+02  2.734E+02
 -1.2241750E+04  3.882E+02  3.989E+02  2.267E+02
 -1.2241250E+04  3.747E+02  3.829E+02  2.097E+02
 -1.2240750E+04  3.232E+02  3.368E+02  2.035E+02
 -1.2240250E+04  3.270E+02  3.382E+02  1.955E+02
 -1.2239750E+04  2.884E+02  2.912E+02  1.454E+02
 -1.2239250E+04  2.500E+02  2.569E+02  1.416E+02
 -1.2238750E+04  2.123E+02  2.206E+02  1.282E+02
 -1.2238250E+04  1.921E+02  2.008E+02  1.198E+02
 -1.2237750E+04  1.692E+02  1.789E+02  1.128E+02
 -1.2237250E+04  1.598E+02  1.709E+02  1.130E+02
 -1.2236750E+04  1.271E+02  1.340E+02  8.113E+01
 -1.2236250E+04  1.211E+02  1.247E+02  6.659E+01
 -1.2235750E+04  1.006E+02  1.052E+02  6.014E+01
 -1.2235250E+04  7.727E+01  8.252E+01  5.084E+01
 -1.2234750E+04  6.619E+01  6.993E+01  4.037E+01
 -1.2234250E+04  4.269E+01  4.728E+01  3.272E+01
 -1.2233750E+04  5.217E+01  5.740E+01  3.937E+01
 -1.2233250E+04  4.342E+01  4.549E+01  2.342E+01
 -1.2232750E+04  3.209E+01  3.357E+01  1.580E+01
 -1.2232250E+04  3.201E+01  3.265E+01  1.323E+01
 -1.2231750E+04 -2.513E+00 -7.804E-01  6.671E-01
 -1.2231250E+04  5.641E+00  8.842E+00  1.010E+01
 -1.2230750E+04 -9.312E+00 -4.805E+00  8.321E+00
 -1.2230250E+04 -6.894E+00 -7.306E+00 -8.961E+00
 -1.2229750E+04 -3.404E+00 -6.308E+00 -1.672E+01
 -1.2229250E+04 -1.266E+01 -1.047E+01 -1.408E+00
 -1.2228750E+04 -3.562E+01 -3.309E+01 -1.096E+01
 -1.2228250E+04 -2.486E+01 -2.419E+01 -1.293E+01
 -1.2227750E+04 -3.373E+01 -3.166E+01 -1.157E+01
 -1.2227250E+04 -2.966E+01 -2.740E+01 -9.056E+00
 -1.2226750E+04 -2.522E+01 -2.558E+01 -1.677E+01
 -1.2226250E+04 -4.354E+01 -4.125E+01 -1.510E+01
 -1.2225750E+04 -4.215E+01 -4.169E+01 -2.160E+01
 -1.2225250E+04 -3.463E+01 -3.597E+01 -2.433E+01
 -1.2224750E+04 -3.357E+01 -3.512E+01 -2.469E+01
 -1.2224250E+04 -4.260E+01 -4.471E+01 -3.123E+01
 -1.2223750E+04 -4.291E+01 -4.300E+01 -2.364E+01
 -1.2223250E+04 -3.276E+01 -3.589E+01 -3.029E+01
 -1.2222750E+04 -4.605E+01 -4.654E+01 -2.604E+01
 -1.2222250E+04 -4.578E+01 -4.451E+01 -2.005E+01
 -1.2221750E+04 -4.278E+01 -4.692E+01 -3.840E+01
 -1.2221250E+04 -4.998E+01 -4.788E+01 -1.832E+01
 -1.2220750E+04 -4.095E+01 -4.269E+01 -2.836E+01
 -1.2220250E+04 -4.784E+01 -4.929E+01 -2.953E+01
 -1.2219750E+04 -4.705E+01 -4.639E+01 -2.226E+01
 -1.2219250E+04 -3.765E+01 -4.078E+01 -3.140E+01
 -1.2218750E+04 -3.409E+01 -3.615E+01 -2.613E+01
 -1.2218250E+04 -4.577E+01 -4.438E+01 -1.869E+01
 -1.2217750E+04 -4.953E+01 -4.786E+01 -1.926E+01
 -1.2217250E+04 -4.826E+01 -4.768E+01 -2.246E+01
 -1.2216750E+04 -4.241E+01 -4.460E+01 -3.012E+01
 -1.2216250E+04 -4.763E+01 -4.673E+01 -2.148E+01
 -1.2215750E+04 -4.407E+01 -4.426E+01 -2.356E+01
 -1.2215250E+04 -4.124E+01 -4.186E+01 -2.384E+01
 -1.2214750E+04 -5.050E+01 -5.192E+01 -3.113E+01
 -1.2214250E+04 -5.376E+01 -5.200E+01 -2.030E+01
 -1.2213750E+04 -4.681E+01 -4.465E+01 -1.585E+01
 -1.2213250E+04 -4.799E+01 -4.693E+01 -2.050E+01
 -1.2212750E+04 -5.138E+01 -5.129E+01 -2.592E+01
 -1.2212250E+04 -4.222E+01 -4.404E+01 -2.867E+01
 -1.2211750E+04 -4.555E+01 -4.747E+01 -3.079E+01
 -1.2211250E+04 -4.686E+01 -4.806E+01 -2.847E+01
 -1.2210750E+04 -4.717E+01 -4.704E+01 -2.374E+01
 -1.2210250E+04 -4.182E+01 -4.378E+01 -2.894E+01
 -1.2209750E+04 -4.393E+01 -4.393E+01 -2.284E+01
 -1.2209250E+04 -5.363E+01 -5.319E+01 -2.541E+01
 -1.2208750E+04 -4.188E+01 -4.302E+01 -2.529E+01
 -1.2208250E+04 -4.615E+01 -4.690E+01 -2.677E+01
 -1.2207750E+04 -4.921E+01 -4.844E+01 -2.217E+01
 -1.2207250E+04 -4.369E+01 -4.569E+01 -2.957E+01
 -1.2206750E+04 -4.479E+01 -4.483E+01 -2.300E+01
 -1.2206250E+04 -4.128E+01 -4.113E+01 -2.065E+01
 -1.2205750E+04 -4.580E+01 -4.575E+01 -2.255E+01
 -1.2205250E+04 -4.260E+01 -4.316E+01 -2.359E+01
 -1.2204750E+04 -4.021E+01 -4.084E+01 -2.340E+01
 -1.2204250E+04 -4.246E+01 -4.375E+01 -2.638E+01
 -1.2203750E+04 -4.024E+01 -4.206E+01 -2.709E+01
 -1.2203250E+04 -4.503E+01 -4.633E+01 -2.750E+01
 -1.2202750E+04 -4.104E+01 -4.229E+01 -2.554E+01
 -1.2202250E+04 -3.860E+01 -3.902E+01 -2.121E+01
 -1.2201750E+04 -4.252E+01 -4.351E+01 -2.515E+01
 -1.2201250E+04 -4.139E+01 -4.074E+01 -1.852E+01
 -1.2200750E+04 -4.351E+01 -4.235E+01 -1.805E+01
 -1.2200250E+04 -4.792E+01 -4.750E+01 -2.285E+01
 -1.2199750E+04 -4.466E+01 -4.566E+01 -2.611E+01
 -1.2199250E+04 -4.450E+01 -4.481E+01 -2.372E+01
 -1.2198750E+04 -3.893E+01 -3.960E+01 -2.199E+01
 -1.2198250E+04 -4.143E+01 -4.274E+01 -2.569E+01
 -1.2197750E+04 -4.154E+01 -4.190E+01 -2.265E+01
 -1.2197250E+04 -4.070E+01 -4.147E+01 -2.309E+01
 -1.2196750E+04 -4.503E+01 -4.414E+01 -1.958E+01
 -1.2196250E+04 -4.421E+01 -4.418E+01 -2.172E+01
 -1.2195750E+04 -4.116E+01 -4.208E+01 -2.369E+01
 -1.2195250E+04 -4.201E+01 -4.358E+01 -2.732E+01
 -1.2194750E+04 -3.933E+01 -4.058E+01 -2.437E+01
 -1.2194250E+04 -4.019E+01 -3.900E+01 -1.611E+01
 -1.2193750E+04 -4.051E+01 -4.091E+01 -2.195E+01
 -1.2193250E+04 -4.049E+01 -4.285E+01 -2.849E+01
 -1.2192750E+04 -3.460E+01 -3.555E+01 -2.118E+01
 -1.2192250E+04 -4.119E+01 -4.114E+01 -2.093E+01
 -1.2191750E+04 -4.083E+01 -4.065E+01 -1.985E+01
 -1.2191250E+04 -4.047E+01 -4.090E+01 -2.205E+01
 -1.2190750E+04 -3.993E+01 -4.043E+01 -2.182E+01
 -1.2190250E+04 -3.666E+01 -3.667E+01 -1.873E+01
 -1.2189750E+04 -3.786E+01 -3.823E+01 -2.051E+01
 -1.2189250E+04 -4.036E+01 -4.018E+01 -1.967E+01
 -1.2188750E+04 -3.674E+01 -3.788E+01 -2.254E+01
 -1.2188250E+04 -3.910E+01 -3.960E+01 -2.164E+01
 -1.2187750E+04 -3.851E+01 -3.943E+01 -2.282E+01
 -1.2187250E+04 -4.008E+01 -3.948E+01 -1.745E+01
 -1.2186750E+04 -3.934E+01 -3.998E+01 -2.212E+01
 -1.2186250E+04 -3.384E+01 -3.552E+01 -2.362E+01
 -1.2185750E+04 -3.555E+01 -3.639E+01 -2.171E+01
 -1.2185250E+04 -3.703E+01 -3.859E+01 -2.440E+01
 -1.2184750E+04 -3.768E+01 -3.803E+01 -1.989E+01
 -1.2184250E+04 -3.710E+01 -3.753E+01 -1.955E+01
 -1.2183750E+04 -3.504E+01 -3.580E+01 -2.063E+01
 -1.2183250E+04 -3.578E+01 -3.670E+01 -2.144E+01
 -1.2182750E+04 -3.692E+01 -3.720E+01 -1.960E+01
 -1.2182250E+04 -3.534E+01 -3.524E+01 -1.732E+01
 -1.2181750E+04 -3.351E+01 -3.393E+01 -1.871E+01
 -1.2181250E+04 -3.346E+01 -3.414E+01 -1.894E+01
 -1.2180750E+04 -3.189E+01 -3.342E+01 -2.140E+01
 -1.2180250E+04 -3.448E+01 -3.454E+01 -1.729E+01
 -1.2179750E+04 -3.864E+01 -3.832E+01 -1.804E+01
 -1.2179250E+04 -3.196E+01 -3.367E+01 -2.211E+01
 -1.2178750E+04 -3.772E+01 -3.825E+01 -2.087E+01
 -1.2178250E+04 -3.357E+01 -3.414E+01 -1.879E+01
 -1.2177750E+04 -3.316E+01 -3.491E+01 -2.323E+01
 -1.2177250E+04 -3.181E+01 -3.254E+01 -1.880E+01
 -1.2176750E+04 -3.396E+01 -3.296E+01 -1.333E+01
 -1.2176250E+04 -3.244E+01 -3.342E+01 -2.035E+01
 -1.2175750E+04 -3.209E+01 -3.235E+01 -1.681E+01
 -1.2175250E+04 -3.197E+01 -3.341E+01 -2.134E+01
 -1.2174750E+04 -3.445E+01 -3.516E+01 -2.004E+01
 -1.2174250E+04 -3.354E+01 -3.543E+01 -2.398E+01
 -1.2173750E+04 -3.409E+01 -3.408E+01 -1.726E+01
 -1.2173250E+04 -3.327E+01 -3.483E+01 -2.243E+01
 -1.2172750E+04 -3.203E+01 -3.202E+01 -1.539E+01
 -1.2172250E+04 -3.527E+01 -3.572E+01 -1.900E+01
 -1.2171750E+04 -2.903E+01 -3.081E+01 -2.164E+01
 -1.2171250E+04 -3.317E+01 -3.252E+01 -1.407E+01
 -1.2170750E+04 -3.238E+01 -3.118E+01 -1.166E+01
 -1.2170250E+04 -3.244E+01 -3.276E+01 -1.744E+01
 -1.2169750E+04 -3.100E+01 -3.162E+01 -1.795E+01
 -1.2169250E+04 -3.057E+01 -3.165E+01 -1.910E+01
 -1.2168750E+04 -3.157E+01 -3.293E+01 -2.071E+01
 -1.2168250E+04 -3.001E+01 -3.045E+01 -1.677E+01
 -1.2167750E+04 -3.141E+01 -3.158E+01 -1.656E+01
 -1.2167250E+04 -3.405E+01 -3.394E+01 -1.678E+01
 -1.2166750E+04 -3.141E+01 -3.126E+01 -1.522E+01
 -1.2166250E+04 -3.179E+01 -3.339E+01 -2.246E+01
 -1.2165750E+04 -3.221E+01 -3.206E+01 -1.551E+01
 -1.2165250E+04 -2.870E+01 -2.952E+01 -1.723E+01
 -1.2164750E+04 -2.952E+01 -2.915E+01 -1.320E+01
 -1.2164250E+04 -3.089E+01 -3.251E+01 -2.113E+01
 -1.2163750E+04 -2.935E+01 -3.063E+01 -1.944E+01
 -1.2163250E+04 -2.957E+01 -3.005E+01 -1.632E+01
 -1.2162750E+04 -3.072E+01 -3.097E+01 -1.654E+01
 -1.2162250E+04 -3.299E+01 -3.300E+01 -1.644E+01
 -1.2161750E+04 -2.993E+01 -3.021E+01 -1.603E+01
 -1.2161250E+04 -3.096E+01 -3.033E+01 -1.278E+01
 -1.2160750E+04 -2.932E+01 -3.013E+01 -1.743E+01
 -1.2160250E+04 -2.610E+01 -2.726E+01 -1.766E+01
 -1.2159750E+04 -2.940E+01 -2.867E+01 -1.204E+01
 -1.2159250E+04 -2.720E+01 -2.838E+01 -1.796E+01
 -1.2158750E+04 -2.850E+01 -2.882E+01 -1.529E+01
 -1.2158250E+04 -3.159E+01 -3.131E+01 -1.354E+01
 -1.2157750E+04 -2.604E+01 -2.715E+01 -1.737E+01
 -1.2157250E+04 -2.664E+01 -2.700E+01 -1.463E+01
 -1.2156750E+04 -2.894E+01 -2.880E+01 -1.436E+01
 -1.2156250E+04 -3.012E+01 -3.122E+01 -1.933E+01
 -1.2155750E+04 -2.827E+01 -2.851E+01 -1.518E+01
 -1.2155250E+04 -2.929E+01 -2.907E+01 -1.357E+01
 -1.2154750E+04 -2.980E+01 -2.956E+01 -1.385E+01
 -1.2154250E+04 -2.909E+01 -2.910E+01 -1.497E+01
 -1.2153750E+04 -2.649E+01 -2.737E+01 -1.604E+01
 -1.2153250E+04 -2.610E+01 -2.667E+01 -1.504E+01
 -1.2152750E+04 -2.885E+01 -2.892E+01 -1.450E+01
 -1.2152250E+04 -2.668E+01 -2.715E+01 -1.548E+01
 -1.2151750E+04 -2.769E+01 -2.771E+01 -1.358E+01
 -1.2151250E+04 -3.201E+01 -3.279E+01 -1.876E+01
 -1.2150750E+04 -2.850E+01 -2.889E+01 -1.459E+01
 -1.2150250E+04 -2.766E+01 -2.828E+01 -1.646E+01
 -1.2149750E+04 -2.634E+01 -2.544E+01 -9.776E+00
 -1.2149250E+04 -2.719E+01 -2.742E+01 -1.477E+01
 -1.2148750E+04 -2.420E+01 -2.490E+01 -1.506E+01
 -1.2148250E+04 -2.703E+01 -2.719E+01 -1.408E+01
 -1.2147750E+04 -2.620E+01 -2.670E+01 -1.472E+01
 -1.2147250E+04 -2.733E+01 -2.781E+01 -1.531E+01
 -1.2146750E+04 -2.185E+01 -2.359E+01 -1.723E+01
 -1.2146250E+04 -2.614E+01 -2.660E+01 -1.475E+01
 -1.2145750E+04 -2.745E+01 -2.760E+01 -1.415E+01
 -1.2145250E+04 -2.661E+01 -2.759E+01 -1.723E+01
 -1.2144750E+04 -2.751E+01 -2.724E+01 -1.257E+01
 -1.2144250E+04 -2.488E+01 -2.402E+01 -9.197E+00
 -1.2143750E+04 -2.541E+01 -2.546E+01 -1.294E+01
 -1.2143250E+04 -2.734E+01 -2.777E+01 -1.529E+01
 -1.2142750E+04 -2.437E+01 -2.412E+01 -1.168E+01
 -1.2142250E+04 -2.532E+01 -2.521E+01 -1.209E+01
 -1.2141750E+04 -2.575E+01 -2.637E+01 -1.497E+01
 -1.2141250E+04 -2.795E+01 -2.805E+01 -1.437E+01
 -1.2140750E+04 -2.675E+01 -2.681E+01 -1.365E+01
 -1.2140250E+04 -2.464E+01 -2.584E+01 -1.653E+01
 -1.2139750E+04 -2.509E+01 -2.562E+01 -1.414E+01
 -1.2139250E+04 -2.515E+01 -2.539E+01 -1.363E+01
 -1.2138750E+04 -2.359E+01 -2.353E+01 -1.166E+01
 -1.2138250E+04 -2.299E+01 -2.434E+01 -1.617E+01
 -1.2137750E+04 -2.225E+01 -2.408E+01 -1.800E+01
 -1.2137250E+04 -2.478E+01 -2.563E+01 -1.532E+01
 -1.2136750E+04 -2.289E+01 -2.384E+01 -1.447E+01
 -1.2136250E+04 -2.393E+01 -2.403E+01 -1.239E+01
 -1.2135750E+04 -2.477E+01 -2.561E+01 -1.534E+01
 -1.2135250E+04 -2.652E+01 -2.672E+01 -1.362E+01
 -1.2134750E+04 -2.533E+01 -2.515E+01 -1.186E+01
 -1.2134250E+04 -2.256E+01 -2.252E+01 -1.101E+01
 -1.2133750E+04 -2.480E+01 -2.513E+01 -1.353E+01
 -1.2133250E+04 -2.531E+01 -2.485E+01 -1.107E+01
 -1.2132750E+04 -2.745E+01 -2.729E+01 -1.301E+01
 -1.2132250E+04 -2.332E+01 -2.485E+01 -1.711E+01
 -1.2131750E+04 -2.080E+01 -2.083E+01 -1.073E+01
 -1.2131250E+04 -2.287E+01 -2.258E+01 -1.069E+01
 -1.2130750E+04 -2.468E+01 -2.429E+01 -1.064E+01
 -1.2130250E+04 -2.252E+01 -2.240E+01 -1.120E+01
 -1.2129750E+04 -2.007E+01 -2.114E+01 -1.403E+01
 -1.2129250E+04 -2.392E+01 -2.413E+01 -1.253E+01
 -1.2128750E+04 -2.295E+01 -2.258E+01 -1.031E+01
 -1.2128250E+04 -2.457E+01 -2.389E+01 -1.021E+01
 -1.2127750E+04 -2.408E+01 -2.551E+01 -1.683E+01
 -1.2127250E+04 -2.086E+01 -2.120E+01 -1.102E+01
 -1.2126750E+04 -2.150E+01 -2.251E+01 -1.426E+01
 -1.2126250E+04 -2.122E+01 -2.232E+01 -1.449E+01
 -1.2125750E+04 -2.292E+01 -2.303E+01 -1.182E+01
 -1.2125250E+04 -2.246E+01 -2.295E+01 -1.293E+01
 -1.2124750E+04 -2.264E+01 -2.347E+01 -1.423E+01
 -1.2124250E+04 -2.185E+01 -2.183E+01 -1.142E+01
 -1.2123750E+04 -1.955E+01 -2.077E+01 -1.390E+01
 -1.2123250E+04 -2.111E+01 -2.159E+01 -1.214E+01
 -1.2122750E+04 -1.970E+01 -1.999E+01 -1.110E+01
 -1.2122250E+04 -2.238E+01 -2.197E+01 -9.409E+00
 -1.2121750E+04 -2.310E+01 -2.336E+01 -1.266E+01
 -1.2121250E+04 -2.225E+01 -2.212E+01 -1.106E+01
 -1.2120750E+04 -2.189E+01 -2.158E+01 -9.246E+00
 -1.2120250E+04 -2.171E+01 -2.201E+01 -1.226E+01
 -1.2119750E+04 -2.080E+01 -2.174E+01 -1.377E+01
 -1.2119250E+04 -2.230E+01 -2.305E+01 -1.419E+01
 -1.2118750E+04 -2.110E+01 -2.115E+01 -1.096E+01
 -1.2118250E+04 -2.102E+01 -2.181E+01 -1.288E+01
 -1.2117750E+04 -2.363E+01 -2.343E+01 -1.099E+01
 -1.2117250E+04 -2.232E+01 -2.264E+01 -1.226E+01
 -1.2116750E+04 -2.057E+01 -2.151E+01 -1.372E+01
 -1.2116250E+04 -2.155E+01 -2.164E+01 -1.105E+01
 -1.2115750E+04 -2.014E+01 -2.006E+01 -9.358E+00
 -1.2115250E+04 -2.061E+01 -2.044E+01 -9.581E+00
 -1.2114750E+04 -2.123E+01 -2.075E+01 -8.750E+00
 -1.2114250E+04 -2.287E+01 -2.282E+01 -1.111E+01
 -1.2113750E+04 -2.113E+01 -2.147E+01 -1.151E+01
 -1.2113250E+04 -2.073E+01 -2.184E+01 -1.425E+01
 -1.2112750E+04 -1.984E+01 -2.000E+01 -1.113E+01
 -1.2112250E+04 -2.051E+01 -2.049E+01 -9.664E+00
 -1.2111750E+04 -1.908E+01 -1.856E+01 -7.603E+00
 -1.2111250E+04 -1.884E+01 -1.895E+01 -9.961E+00
 -1.2110750E+04 -1.972E+01 -2.123E+01 -1.494E+01
 -1.2110250E+04 -1.842E+01 -1.914E+01 -1.221E+01
 -1.2109750E+04 -2.093E+01 -2.080E+01 -1.012E+01
 -1.2109250E+04 -2.073E+01 -2.121E+01 -1.188E+01
 -1.2108750E+04 -2.205E+01 -2.186E+01 -9.911E+00
 -1.2108250E+04 -1.850E+01 -1.904E+01 -1.115E+01
 -1.2107750E+04 -1.794E+01 -1.905E+01 -1.339E+01
 -1.2107250E+04 -1.843E+01 -1.892E+01 -1.091E+01
 -1.2106750E+04 -1.890E+01 -1.965E+01 -1.213E+01
 -1.2106250E+04 -1.911E+01 -1.937E+01 -1.027E+01
 -1.2105750E+04 -1.984E+01 -1.944E+01 -7.987E+00
 -1.2105250E+04 -2.053E+01 -2.037E+01 -9.609E+00
 -1.2104750E+04 -1.922E+01 -1.978E+01 -1.161E+01
 -1.2104250E+04 -1.839E+01 -1.917E+01 -1.158E+01
 -1.2103750E+04 -1.852E+01 -1.861E+01 -9.760E+00
 -1.2103250E+04 -1.877E+01 -1.913E+01 -1.036E+01
 -1.2102750E+04 -1.849E+01 -1.872E+01 -9.790E+00
 -1.2102250E+04 -1.837E+01 -1.906E+01 -1.196E+01
 -1.2101750E+04 -1.706E+01 -1.757E+01 -9.855E+00
 -1.2101250E+04 -1.616E+01 -1.686E+01 -1.069E+01
 -1.2100750E+04 -1.723E+01 -1.846E+01 -1.324E+01
 -1.2100250E+04 -1.890E+01 -1.915E+01 -1.033E+01
 -1.2099750E+04 -1.817E+01 -1.786E+01 -8.304E+00
 -1.2099250E+04 -1.960E+01 -1.959E+01 -9.223E+00
 -1.2098750E+04 -1.936E+01 -1.882E+01 -7.242E+00
 -1.2098250E+04 -1.808E+01 -1.871E+01 -1.150E+01
 -1.2097750E+04 -1.783E+01 -1.842E+01 -1.096E+01
 -1.2097250E+04 -1.709E+01 -1.728E+01 -1.026E+01
 -1.2096750E+04 -1.883E+01 -1.857E+01 -8.755E+00
 -1.2096250E+04 -1.741E+01 -1.769E+01 -1.018E+01
 -1.2095750E+04 -1.738E+01 -1.741E+01 -8.076E+00
 -1.2095250E+04 -1.840E+01 -1.873E+01 -1.041E+01
 -1.2094750E+04 -1.796E+01 -1.871E+01 -1.158E+01
 -1.2094250E+04 -1.803E+01 -1.831E+01 -9.836E+00
 -1.2093750E+04 -1.720E+01 -1.822E+01 -1.183E+01
 -1.2093250E+04 -1.915E+01 -1.941E+01 -1.099E+01
 -1.2092750E+04 -2.002E+01 -2.055E+01 -1.179E+01
 -1.2092250E+04 -1.708E+01 -1.702E+01 -8.358E+00
 -1.2091750E+04 -1.707E+01 -1.728E+01 -9.171E+00
 -1.2091250E+04 -1.719E+01 -1.759E+01 -9.593E+00
 -1.2090750E+04 -1.774E+01 -1.811E+01 -9.867E+00
 -1.2090250E+04 -1.875E+01 -1.860E+01 -8.818E+00
 -1.2089750E+04 -1.723E+01 -1.723E+01 -8.879E+00
 -1.2089250E+04 -1.700E+01 -1.726E+01 -9.063E+00
 -1.2088750E+04 -1.875E+01 -1.904E+01 -1.017E+01
 -1.2088250E+04 -1.719E+01 -1.731E+01 -9.450E+00
 -1.2087750E+04 -1.618E+01 -1.646E+01 -8.603E+00
 -1.2087250E+04 -1.831E+01 -1.852E+01 -1.015E+01
 -1.2086750E+04 -1.576E+01 -1.608E+01 -9.008E+00
 -1.2086250E+04 -1.600E+01 -1.643E+01 -9.793E+00
 -1.2085750E+04 -1.585E+01 -1.643E+01 -9.911E+00
 -1.2085250E+04 -1.521E+01 -1.621E+01 -1.088E+01
 -1.2084750E+04 -1.706E+01 -1.706E+01 -8.335E+00
 -1.2084250E+04 -1.508E+01 -1.541E+01 -9.224E+00
 -1.2083750E+04 -1.538E+01 -1.531E+01 -7.741E+00
 -1.2083250E+04 -1.656E+01 -1.624E+01 -7.308E+00
 -1.2082750E+04 -1.818E+01 -1.857E+01 -9.995E+00
 -1.2082250E+04 -1.529E+01 -1.593E+01 -9.877E+00
 -1.2081750E+04 -1.761E+01 -1.762E+01 -8.912E+00
 -1.2081250E+04 -1.481E+01 -1.477E+01 -7.202E+00
 -1.2080750E+04 -1.959E+01 -1.902E+01 -8.211E+00
 -1.2080250E+04 -1.492E+01 -1.557E+01 -9.251E+00
 -1.2079750E+04 -1.583E+01 -1.674E+01 -1.147E+01
 -1.2079250E+04 -1.583E+01 -1.605E+01 -8.139E+00
 -1.2078750E+04 -1.502E+01 -1.528E+01 -8.160E+00
 -1.2078250E+04 -1.531E+01 -1.590E+01 -1.012E+01
 -1.2077750E+04 -1.634E+01 -1.640E+01 -8.466E+00
 -1.2077250E+04 -1.579E+01 -1.645E+01 -1.032E+01
 -1.2076750E+04 -1.393E+01 -1.474E+01 -9.887E+00
 -1.2076250E+04 -1.636E+01 -1.653E+01 -8.813E+00
 -1.2075750E+04 -1.723E+01 -1.656E+01 -6.034E+00
 -1.2075250E+04 -1.476E+01 -1.542E+01 -9.795E+00
 -1.2074750E+04 -1.597E+01 -1.647E+01 -9.673E+00
 -1.2074250E+04 -1.617E+01 -1.651E+01 -9.070E+00
 -1.2073750E+04 -1.518E+01 -1.492E+01 -6.451E+00
 -1.2073250E+04 -1.362E+01 -1.409E+01 -8.909E+00
 -1.2072750E+04 -1.610E+01 -1.621E+01 -8.798E+00
 -1.2072250E+04 -1.531E+01 -1.600E+01 -1.002E+01
 -1.2071750E+04 -1.608E+01 -1.572E+01 -6.340E+00
 -1.2071250E+04 -1.360E+01 -1.337E+01 -6.042E+00
 -1.2070750E+04 -1.472E+01 -1.523E+01 -9.035E+00
 -1.2070250E+04 -1.357E+01 -1.401E+01 -8.222E+00
 -1.2069750E+04 -1.561E+01 -1.581E+01 -8.538E+00
 -1.2069250E+04 -1.424E+01 -1.425E+01 -7.410E+00
 -1.2068750E+04 -1.616E+01 -1.636E+01 -8.466E+00
 -1.2068250E+04 -1.504E+01 -1.515E+01 -8.208E+00
 -1.2067750E+04 -1.479E+01 -1.442E+01 -6.282E+00
 -1.2067250E+04 -1.605E+01 -1.593E+01 -7.410E+00
 -1.2066750E+04 -1.663E+01 -1.693E+01 -9.362E+00
 -1.2066250E+04 -1.523E+01 -1.524E+01 -7.927E+00
 -1.2065750E+04 -1.307E+01 -1.390E+01 -9.664E+00
 -1.2065250E+04 -1.471E+01 -1.508E+01 -8.865E+00
 -1.2064750E+04 -1.442E+01 -1.434E+01 -6.620E+00
 -1.2064250E+04 -1.326E+01 -1.354E+01 -7.658E+00
 -1.2063750E+04 -1.471E+01 -1.466E+01 -6.846E+00
 -1.2063250E+04 -1.425E+01 -1.402E+01 -6.356E+00
 -1.2062750E+04 -1.392E+01 -1.356E+01 -5.936E+00
 -1.2062250E+04 -1.339E+01 -1.439E+01 -1.010E+01
 -1.2061750E+04 -1.455E+01 -1.495E+01 -8.291E+00
 -1.2061250E+04 -1.471E+01 -1.467E+01 -7.404E+00
 -1.2060750E+04 -1.367E+01 -1.420E+01 -8.441E+00
 -1.2060250E+04 -1.324E+01 -1.386E+01 -8.433E+00
 -1.2059750E+04 -1.449E+01 -1.534E+01 -9.310E+00
 -1.2059250E+04 -1.582E+01 -1.658E+01 -1.035E+01
 -1.2058750E+04 -1.457E+01 -1.469E+01 -8.192E+00
 -1.2058250E+04 -1.456E+01 -1.410E+01 -6.172E+00
 -1.2057750E+04 -1.442E+01 -1.470E+01 -8.252E+00
 -1.2057250E+04 -1.367E+01 -1.369E+01 -6.521E+00
 -1.2056750E+04 -1.220E+01 -1.150E+01 -4.357E+00
 -1.2056250E+04 -1.360E+01 -1.308E+01 -5.840E+00
 -1.2055750E+04 -1.434E+01 -1.456E+01 -6.930E+00
 -1.2055250E+04 -1.410E+01 -1.399E+01 -6.954E+00
 -1.2054750E+04 -1.357E+01 -1.388E+01 -8.335E+00
 -1.2054250E+04 -1.486E+01 -1.419E+01 -6.705E+00
 -1.2053750E+04 -1.276E+01 -1.355E+01 -8.867E+00
 -1.2053250E+04 -1.379E+01 -1.441E+01 -9.388E+00
 -1.2052750E+04 -1.453E+01 -1.446E+01 -6.912E+00
 -1.2052250E+04 -1.305E+01 -1.384E+01 -8.447E+00
 -1.2051750E+04 -1.257E+01 -1.280E+01 -6.929E+00
 -1.2051250E+04 -1.255E+01 -1.287E+01 -7.511E+00
 -1.2050750E+04 -1.415E+01 -1.390E+01 -6.784E+00
 -1.2050250E+04 -1.408E+01 -1.433E+01 -7.383E+00
 -1.2049750E+04 -1.498E+01 -1.461E+01 -5.997E+00
 -1.2049250E+04 -1.486E+01 -1.502E+01 -7.962E+00
 -1.2048750E+04 -1.157E+01 -1.218E+01 -8.725E+00
 -1.2048250E+04 -1.142E+01 -1.149E+01 -6.594E+00
 -1.2047750E+04 -1.396E+01 -1.400E+01 -6.521E+00
 -1.2047250E+04 -1.375E+01 -1.418E+01 -7.203E+00
 -1.2046750E+04 -1.398E+01 -1.333E+01 -5.099E+00
 -1.2046250E+04 -1.347E+01 -1.411E+01 -8.789E+00
 -1.2045750E+04 -1.151E+01 -1.247E+01 -8.826E+00
 -1.2045250E+04 -1.070E+01 -1.069E+01 -5.789E+00
 -1.2044750E+04 -1.305E+01 -1.323E+01 -6.946E+00
 -1.2044250E+04 -1.453E+01 -1.431E+01 -6.181E+00
 -1.2043750E+04 -1.431E+01 -1.412E+01 -6.216E+00
 -1.2043250E+04 -1.171E+01 -1.222E+01 -7.062E+00
 -1.2042750E+04 -1.224E+01 -1.220E+01 -5.435E+00
 -1.2042250E+04 -1.330E+01 -1.326E+01 -6.365E+00
 -1.2041750E+04 -1.294E+01 -1.353E+01 -8.164E+00
 -1.2041250E+04 -1.147E+01 -1.212E+01 -7.421E+00
 -1.2040750E+04 -1.213E+01 -1.191E+01 -5.316E+00
 -1.2040250E+04 -1.000E+01 -1.074E+01 -8.234E+00
 -1.2039750E+04 -1.144E+01 -1.228E+01 -9.210E+00
 -1.2039250E+04 -1.332E+01 -1.309E+01 -5.462E+00
 -1.2038750E+04 -1.293E+01 -1.319E+01 -7.264E+00
 -1.2038250E+04 -1.307E+01 -1.283E+01 -6.491E+00
 -1.2037750E+04 -9.611E+00 -1.103E+01 -8.184E+00
 -1.2037250E+04 -1.149E+01 -1.143E+01 -6.766E+00
 -1.2036750E+04 -1.165E+01 -1.240E+01 -8.389E+00
 -1.2036250E+04 -1.286E+01 -1.276E+01 -6.440E+00
 -1.2035750E+04 -1.176E+01 -1.171E+01 -6.512E+00
 -1.2035250E+04 -1.057E+01 -1.096E+01 -6.537E+00
 -1.2034750E+04 -9.991E+00 -1.043E+01 -6.671E+00
 -1.2034250E+04 -1.267E+01 -1.269E+01 -6.625E+00
 -1.2033750E+04 -1.168E+01 -1.251E+01 -8.652E+00
 -1.2033250E+04 -1.133E+01 -1.150E+01 -5.599E+00
 -1.2032750E+04 -1.354E+01 -1.313E+01 -4.739E+00
 -1.2032250E+04 -1.151E+01 -1.157E+01 -6.515E+00
 -1.2031750E+04 -1.239E+01 -1.234E+01 -6.227E+00
 -1.2031250E+04 -1.271E+01 -1.295E+01 -7.020E+00
 -1.2030750E+04 -1.242E+01 -1.259E+01 -6.562E+00
 -1.2030250E+04 -1.249E+01 -1.235E+01 -5.835E+00
 -1.2029750E+04 -1.307E+01 -1.274E+01 -5.226E+00
 -1.2029250E+04 -1.079E+01 -1.174E+01 -8.332E+00
 -1.2028750E+04 -1.269E+01 -1.370E+01 -9.082E+00
 -1.2028250E+04 -1.138E+01 -1.074E+01 -4.916E+00
 -1.2027750E+04 -9.472E+00 -1.015E+01 -6.391E+00
 -1.2027250E+04 -1.176E+01 -1.177E+01 -6.859E+00
 -1.2026750E+04 -1.137E+01 -1.103E+01 -4.897E+00
 -1.2026250E+04 -1.092E+01 -1.118E+01 -5.757E+00
 -1.2025750E+04 -1.070E+01 -1.126E+01 -7.002E+00
 -1.2025250E+04 -1.241E+01 -1.273E+01 -7.420E+00
 -1.2024750E+04 -1.084E+01 -1.152E+01 -6.967E+00
 -1.2024250E+04 -1.168E+01 -1.166E+01 -5.951E+00
 -1.2023750E+04 -1.057E+01 -1.036E+01 -4.513E+00
 -1.2023250E+04 -1.131E+01 -1.179E+01 -6.798E+00
 -1.2022750E+04 -1.225E+01 -1.241E+01 -6.173E+00
 -1.2022250E+04 -1.058E+01 -1.087E+01 -6.543E+00
 -1.2021750E+04 -1.120E+01 -1.102E+01 -5.761E+00
 -1.2021250E+04 -1.126E+01 -1.129E+01 -6.008E+00
 -1.2020750E+04 -1.170E+01 -1.195E+01 -6.026E+00
 -1.2020250E+04 -1.140E+01 -1.105E+01 -4.569E+00
 -1.2019750E+04 -1.205E+01 -1.178E+01 -5.496E+00
 -1.2019250E+04 -9.774E+00 -1.032E+01 -7.108E+00
 -1.2018750E+04 -1.069E+01 -1.109E+01 -7.023E+00
 -1.2018250E+04 -1.005E+01 -1.032E+01 -5.667E+00
 -1.2017750E+04 -9.890E+00 -1.048E+01 -6.941E+00
 -1.2017250E+04 -9.390E+00 -9.410E+00 -6.070E+00
 -1.2016750E+04 -1.008E+01 -9.868E+00 -3.456E+00
 -1.2016250E+04 -1.045E+01 -1.096E+01 -6.956E+00
 -1.2015750E+04 -1.174E+01 -1.203E+01 -5.844E+00
 -1.2015250E+04 -1.041E+01 -1.067E+01 -5.854E+00
 -1.2014750E+04 -1.149E+01 -1.173E+01 -7.124E+00
 -1.2014250E+04 -8.811E+00 -9.721E+00 -6.575E+00
 -1.2013750E+04 -1.106E+01 -1.031E+01 -4.091E+00
 -1.2013250E+04 -1.016E+01 -1.042E+01 -5.350E+00
 -1.2012750E+04 -1.039E+01 -1.073E+01 -5.722E+00
 -1.2012250E+04 -1.050E+01 -1.054E+01 -5.191E+00
 -1.2011750E+04 -1.054E+01 -1.092E+01 -6.053E+00
 -1.2011250E+04 -1.090E+01 -1.083E+01 -5.602E+00
 -1.2010750E+04 -1.064E+01 -1.055E+01 -5.009E+00
 -1.2010250E+04 -1.116E+01 -1.117E+01 -6.379E+00
 -1.2009750E+04 -1.036E+01 -1.076E+01 -7.042E+00
 -1.2009250E+04 -9.188E+00 -9.777E+00 -7.322E+00
 -1.2008750E+04 -1.070E+01 -1.104E+01 -6.262E+00
 -1.2008250E+04 -1.145E+01 -1.155E+01 -6.262E+00
 -1.2007750E+04 -1.064E+01 -1.066E+01 -5.656E+00
 -1.2007250E+04 -1.037E+01 -9.796E+00 -3.835E+00
 -1.2006750E+04 -9.222E+00 -1.011E+01 -7.895E+00
 -1.2006250E+04 -1.125E+01 -1.088E+01 -4.499E+00
 -1.2005750E+04 -8.856E+00 -8.807E+00 -4.514E+00
 -1.2005250E+04 -8.842E+00 -9.114E+00 -5.275E+00
 -1.2004750E+04 -9.506E+00 -9.632E+00 -4.913E+00
 -1.2004250E+04 -9.659E+00 -9.828E+00 -5.573E+00
 -1.2003750E+04 -9.668E+00 -1.020E+01 -7.144E+00
 -1.2003250E+04 -9.717E+00 -9.906E+00 -5.638E+00
 -1.2002750E+04 -9.879E+00 -1.003E+01 -5.262E+00
 -1.2002250E+04 -1.003E+01 -1.001E+01 -4.218E+00
 -1.2001750E+04 -1.010E+01 -1.044E+01 -6.200E+00
 -1.2001250E+04 -1.181E+01 -1.124E+01 -5.398E+00
 -1.2000750E+04 -9.996E+00 -9.993E+00 -4.447E+00
 -1.2000250E+04 -8.989E+00 -9.176E+00 -5.179E+00
 -1.1999750E+04 -1.095E+01 -1.086E+01 -4.612E+00
 -1.1999250E+04 -1.010E+01 -1.034E+01 -5.902E+00
 -1.1998750E+04 -8.935E+00 -9.297E+00 -6.061E+00
 -1.1998250E+04 -1.013E+01 -1.033E+01 -5.599E+00
 -1.1997750E+04 -1.018E+01 -1.064E+01 -6.659E+00
 -1.1997250E+04 -1.032E+01 -1.050E+01 -5.466E+00
 -1.1996750E+04 -8.902E+00 -9.252E+00 -5.530E+00
 -1.1996250E+04 -9.603E+00 -9.992E+00 -5.448E+00
 -1.1995750E+04 -1.010E+01 -1.036E+01 -5.507E+00
 -1.1995250E+04 -9.431E+00 -9.559E+00 -5.017E+00
 -1.1994750E+04 -9.103E+00 -9.505E+00 -6.506E+00
 -1.1994250E+04 -9.517E+00 -1.002E+01 -5.457E+00
 -1.1993750E+04 -9.605E+00 -9.767E+00 -5.787E+00
 -1.1993250E+04 -8.051E+00 -8.382E+00 -5.195E+00
 -1.1992750E+04 -9.449E+00 -9.813E+00 -5.664E+00
 -1.1992250E+04 -1.010E+01 -9.764E+00 -3.901E+00
 -1.1991750E+04 -7.991E+00 -8.547E+00 -6.225E+00
 -1.1991250E+04 -9.123E+00 -9.681E+00 -6.203E+00
 -1.1990750E+04 -9.107E+00 -9.339E+00 -5.641E+00
 -1.1990250E+04 -8.966E+00 -9.436E+00 -6.276E+00
 -1.1989750E+04 -9.708E+00 -1.010E+01 -6.051E+00
 -1.1989250E+04 -9.861E+00 -9.911E+00 -6.104E+00
 -1.1988750E+04 -1.019E+01 -1.015E+01 -4.677E+00
 -1.1988250E+04 -8.903E+00 -9.058E+00 -4.509E+00
 -1.1987750E+04 -7.106E+00 -7.793E+00 -6.037E+00
 -1.1987250E+04 -8.673E+00 -8.344E+00 -3.329E+00
 -1.1986750E+04 -8.470E+00 -8.753E+00 -5.715E+00
 -1.1986250E+04 -1.034E+01 -1.023E+01 -5.119E+00
 -1.1985750E+04 -8.810E+00 -8.790E+00 -4.935E+00
 -1.1985250E+04 -8.981E+00 -8.947E+00 -4.531E+00
 -1.1984750E+04 -9.597E+00 -9.345E+00 -3.978E+00
 -1.1984250E+04 -7.812E+00 -8.317E+00 -6.018E+00
 -1.1983750E+04 -8.875E+00 -9.125E+00 -5.881E+00
 -1.1983250E+04 -1.000E+01 -9.589E+00 -3.626E+00
 -1.1982750E+04 -8.975E+00 -8.609E+00 -3.551E+00
 -1.1982250E+04 -8.154E+00 -8.681E+00 -5.606E+00
 -1.1981750E+04 -7.927E+00 -8.673E+00 -5.690E+00
 -1.1981250E+04 -9.405E+00 -9.470E+00 -4.832E+00
 -1.1980750E+04 -8.975E+00 -8.755E+00 -3.920E+00
 -1.1980250E+04 -8.912E+00 -9.515E+00 -6.225E+00
 -1.1979750E+04 -8.378E+00 -9.091E+00 -6.777E+00
 -1.1979250E+04 -7.694E+00 -8.265E+00 -5.218E+00
 -1.1978750E+04 -9.490E+00 -8.797E+00 -2.888E+00
 -1.1978250E+04 -8.556E+00 -8.307E+00 -4.464E+00
 -1.1977750E+04 -8.404E+00 -8.416E+00 -4.348E+00
 -1.1977250E+04 -7.450E+00 -7.635E+00 -3.945E+00
 -1.1976750E+04 -8.827E+00 -8.925E+00 -4.488E+00
 -1.1976250E+04 -9.925E+00 -9.599E+00 -4.598E+00
 -1.1975750E+04 -7.933E+00 -8.422E+00 -5.287E+00
 -1.1975250E+04 -8.435E+00 -8.613E+00 -4.546E+00
 -1.1974750E+04 -8.466E+00 -8.316E+00 -3.435E+00
 -1.1974250E+04 -8.452E+00 -8.866E+00 -4.580E+00
 -1.1973750E+04 -8.973E+00 -8.686E+00 -3.883E+00
 -1.1973250E+04 -8.686E+00 -9.144E+00 -5.634E+00
 -1.1972750E+04 -6.950E+00 -7.607E+00 -5.219E+00
 -1.1972250E+04 -8.302E+00 -8.648E+00 -5.740E+00
 -1.1971750E+04 -8.389E+00 -8.699E+00 -5.029E+00
 -1.1971250E+04 -8.157E+00 -8.496E+00 -4.665E+00
 -1.1970750E+04 -7.975E+00 -8.483E+00 -5.072E+00
 -1.1970250E+04 -8.404E+00 -8.994E+00 -5.515E+00
 -1.1969750E+04 -8.264E+00 -7.928E+00 -3.358E+00
 -1.1969250E+04 -8.940E+00 -9.691E+00 -5.913E+00
 -1.1968750E+04 -8.646E+00 -8.580E+00 -4.244E+00
 -1.1968250E+04 -8.915E+00 -8.652E+00 -3.473E+00
 -1.1967750E+04 -8.127E+00 -8.084E+00 -4.672E+00
 -1.1967250E+04 -7.992E+00 -7.732E+00 -3.316E+00
 -1.1966750E+04 -7.248E+00 -8.256E+00 -6.718E+00
 -1.1966250E+04 -7.406E+00 -7.126E+00 -2.853E+00
 -1.1965750E+04 -7.794E+00 -7.430E+00 -2.531E+00
 -1.1965250E+04 -8.083E+00 -7.640E+00 -3.422E+00
 -1.1964750E+04 -8.234E+00 -8.354E+00 -4.386E+00
 -1.1964250E+04 -8.308E+00 -8.618E+00 -5.487E+00
 -1.1963750E+04 -7.484E+00 -7.759E+00 -5.042E+00
 -1.1963250E+04 -7.769E+00 -7.714E+00 -4.057E+00
 -1.1962750E+04 -7.256E+00 -8.006E+00 -3.908E+00
 -1.1962250E+04 -8.140E+00 -8.937E+00 -5.264E+00
 -1.1961750E+04 -8.361E+00 -8.376E+00 -4.082E+00
 -1.1961250E+04 -8.400E+00 -8.770E+00 -4.830E+00
 -1.1960750E+04 -7.432E+00 -7.588E+00 -4.396E+00
 -1.1960250E+04 -7.928E+00 -8.201E+00 -5.188E+00
 -1.1959750E+04 -7.863E+00 -8.345E+00 -5.613E+00
 -1.1959250E+04 -8.279E+00 -8.357E+00 -4.925E+00
 -1.1958750E+04 -8.651E+00 -8.648E+00 -4.741E+00
 -1.1958250E+04 -7.405E+00 -7.457E+00 -3.430E+00
 -1.1957750E+04 -6.493E+00 -6.778E+00 -4.578E+00
 -1.1957250E+04 -7.109E+00 -7.088E+00 -3.603E+00
 -1.1956750E+04 -8.596E+00 -8.516E+00 -3.878E+00
 -1.1956250E+04 -8.463E+00 -8.316E+00 -3.967E+00
 -1.1955750E+04 -7.921E+00 -8.571E+00 -5.463E+00
 -1.1955250E+04 -8.131E+00 -8.149E+00 -4.249E+00
 -1.1954750E+04 -8.637E+00 -7.982E+00 -2.491E+00
 -1.1954250E+04 -6.809E+00 -6.834E+00 -3.227E+00
 -1.1953750E+04 -6.267E+00 -6.541E+00 -4.266E+00
 -1.1953250E+04 -7.000E+00 -7.455E+00 -4.663E+00
 -1.1952750E+04 -7.956E+00 -8.154E+00 -5.002E+00
 -1.1952250E+04 -6.836E+00 -7.010E+00 -4.260E+00
 -1.1951750E+04 -7.938E+00 -8.148E+00 -4.575E+00
 -1.1951250E+04 -7.273E+00 -5.935E+00 -2.128E+00
 -1.1950750E+04 -6.687E+00 -7.639E+00 -5.082E+00
 -1.1950250E+04 -7.717E+00 -8.322E+00 -5.869E+00
 -1.1949750E+04 -6.851E+00 -6.725E+00 -3.530E+00
 -1.1949250E+04 -7.993E+00 -7.717E+00 -2.957E+00
 -1.1948750E+04 -8.681E+00 -8.919E+00 -4.480E+00
 -1.1948250E+04 -7.415E+00 -7.746E+00 -4.433E+00
 -1.1947750E+04 -7.104E+00 -7.033E+00 -3.796E+00
 -1.1947250E+04 -7.090E+00 -7.127E+00 -3.393E+00
 -1.1946750E+04 -8.159E+00 -8.726E+00 -5.727E+00
 -1.1946250E+04 -7.993E+00 -8.073E+00 -4.552E+00
 -1.1945750E+04 -7.310E+00 -7.377E+00 -4.044E+00
 -1.1945250E+04 -6.172E+00 -6.500E+00 -4.468E+00
 -1.1944750E+04 -6.407E+00 -6.690E+00 -4.375E+00
 -1.1944250E+04 -7.920E+00 -8.182E+00 -4.603E+00
 -1.1943750E+04 -6.336E+00 -6.233E+00 -1.889E+00
 -1.1943250E+04 -7.013E+00 -6.622E+00 -2.836E+00
 -1.1942750E+04 -7.395E+00 -6.913E+00 -3.021E+00
 -1.1942250E+04 -6.988E+00 -7.036E+00 -4.197E+00
 -1.1941750E+04 -6.730E+00 -6.962E+00 -3.889E+00
 -1.1941250E+04 -6.107E+00 -5.988E+00 -4.211E+00
 -1.1940750E+04 -7.158E+00 -7.311E+00 -3.488E+00
 -1.1940250E+04 -6.306E+00 -6.438E+00 -2.837E+00
 -1.1939750E+04 -6.440E+00 -6.573E+00 -3.397E+00
 -1.1939250E+04 -7.544E+00 -7.324E+00 -3.559E+00
 -1.1938750E+04 -6.811E+00 -7.589E+00 -5.956E+00
 -1.1938250E+04 -6.891E+00 -7.360E+00 -5.063E+00
 -1.1937750E+04 -5.953E+00 -6.249E+00 -3.766E+00
 -1.1937250E+04 -6.123E+00 -6.451E+00 -3.860E+00
 -1.1936750E+04 -7.282E+00 -7.165E+00 -3.190E+00
 -1.1936250E+04 -7.436E+00 -6.972E+00 -1.878E+00
 -1.1935750E+04 -5.997E+00 -6.374E+00 -4.415E+00
 -1.1935250E+04 -6.090E+00 -6.335E+00 -4.317E+00
 -1.1934750E+04 -7.873E+00 -8.053E+00 -4.544E+00
 -1.1934250E+04 -6.932E+00 -7.366E+00 -4.344E+00
 -1.1933750E+04 -6.840E+00 -7.372E+00 -5.050E+00
 -1.1933250E+04 -5.132E+00 -5.517E+00 -4.096E+00
 -1.1932750E+04 -6.151E+00 -6.599E+00 -4.450E+00
 -1.1932250E+04 -7.041E+00 -6.984E+00 -3.595E+00
 -1.1931750E+04 -6.362E+00 -6.122E+00 -1.851E+00
 -1.1931250E+04 -6.714E+00 -6.714E+00 -3.621E+00
 -1.1930750E+04 -6.668E+00 -6.615E+00 -3.575E+00
 -1.1930250E+04 -6.652E+00 -6.457E+00 -3.242E+00
 -1.1929750E+04 -6.402E+00 -6.671E+00 -3.974E+00
 -1.1929250E+04 -7.306E+00 -7.550E+00 -4.181E+00
 -1.1928750E+04 -6.413E+00 -6.697E+00 -4.324E+00
 -1.1928250E+04 -5.853E+00 -5.928E+00 -3.653E+00
 -1.1927750E+04 -6.800E+00 -7.085E+00 -4.295E+00
 -1.1927250E+04 -7.072E+00 -6.972E+00 -3.490E+00
 -1.1926750E+04 -6.689E+00 -6.678E+00 -3.278E+00
 -1.1926250E+04 -7.257E+00 -6.711E+00 -2.884E+00
 -1.1925750E+04 -6.145E+00 -6.754E+00 -4.526E+00
 -1.1925250E+04 -7.091E+00 -7.000E+00 -3.237E+00
 -1.1924750E+04 -6.508E+00 -7.669E+00 -6.092E+00
 -1.1924250E+04 -6.834E+00 -6.719E+00 -3.308E+00
 -1.1923750E+04 -5.685E+00 -5.661E+00 -2.152E+00
 -1.1923250E+04 -5.450E+00 -5.726E+00 -2.920E+00
 -1.1922750E+04 -5.453E+00 -5.745E+00 -3.719E+00
 -1.1922250E+04 -6.664E+00 -6.509E+00 -2.921E+00
 -1.1921750E+04 -7.964E+00 -7.674E+00 -3.108E+00
 -1.1921250E+04 -6.746E+00 -7.079E+00 -4.180E+00
 -1.1920750E+04 -4.899E+00 -5.490E+00 -4.825E+00
 -1.1920250E+04 -7.247E+00 -7.405E+00 -3.713E+00
 -1.1919750E+04 -6.461E+00 -6.542E+00 -3.259E+00
 -1.1919250E+04 -5.821E+00 -6.177E+00 -4.140E+00
 -1.1918750E+04 -6.486E+00 -6.287E+00 -2.323E+00
 -1.1918250E+04 -5.608E+00 -5.723E+00 -3.101E+00
 -1.1917750E+04 -6.460E+00 -6.502E+00 -3.466E+00
 -1.1917250E+04 -6.716E+00 -6.777E+00 -3.674E+00
 -1.1916750E+04 -6.321E+00 -6.127E+00 -2.240E+00
 -1.1916250E+04 -6.326E+00 -6.587E+00 -3.440E+00
 -1.1915750E+04 -6.234E+00 -6.497E+00 -4.252E+00
 -1.1915250E+04 -6.270E+00 -6.354E+00 -3.553E+00
 -1.1914750E+04 -6.156E+00 -6.031E+00 -3.440E+00
 -1.1914250E+04 -5.368E+00 -5.731E+00 -4.389E+00
 -1.1913750E+04 -5.897E+00 -6.537E+00 -5.087E+00
 -1.1913250E+04 -5.448E+00 -5.932E+00 -4.427E+00
 -1.1912750E+04 -6.155E+00 -6.224E+00 -3.068E+00
 -1.1912250E+04 -6.011E+00 -5.812E+00 -2.405E+00
 -1.1911750E+04 -5.082E+00 -5.160E+00 -2.658E+00
 -1.1911250E+04 -5.687E+00 -5.648E+00 -2.518E+00
 -1.1910750E+04 -6.089E+00 -6.333E+00 -3.950E+00
 -1.1910250E+04 -5.682E+00 -6.189E+00 -4.525E+00
 -1.1909750E+04 -5.890E+00 -5.903E+00 -3.143E+00
 -1.1909250E+04 -6.637E+00 -6.539E+00 -3.013E+00
 -1.1908750E+04 -5.934E+00 -6.067E+00 -3.193E+00
 -1.1908250E+04 -5.670E+00 -5.810E+00 -3.502E+00
 -1.1907750E+04 -5.742E+00 -5.896E+00 -3.482E+00
 -1.1907250E+04 -5.745E+00 -6.100E+00 -2.938E+00
 -1.1906750E+04 -5.593E+00 -5.517E+00 -2.957E+00
 -1.1906250E+04 -6.291E+00 -6.505E+00 -3.885E+00
 -1.1905750E+04 -6.744E+00 -6.610E+00 -3.353E+00
 -1.1905250E+04 -6.506E+00 -6.127E+00 -1.641E+00
 -1.1904750E+04 -5.650E+00 -5.905E+00 -3.667E+00
 -1.1904250E+04 -6.021E+00 -5.971E+00 -3.448E+00
 -1.1903750E+04 -5.003E+00 -5.275E+00 -3.642E+00
 -1.1903250E+04 -5.845E+00 -5.663E+00 -2.676E+00
 -1.1902750E+04 -5.675E+00 -5.458E+00 -2.393E+00
 -1.1902250E+04 -6.033E+00 -6.654E+00 -4.739E+00
 -1.1901750E+04 -6.082E+00 -6.263E+00 -3.568E+00
 -1.1901250E+04 -5.163E+00 -5.445E+00 -3.522E+00
 -1.1900750E+04 -5.619E+00 -5.965E+00 -3.459E+00
 -1.1900250E+04 -6.094E+00 -6.005E+00 -1.881E+00
 -1.1899750E+04 -5.013E+00 -5.361E+00 -3.094E+00
 -1.1899250E+04 -4.667E+00 -5.029E+00 -3.674E+00
 -1.1898750E+04 -6.046E+00 -6.241E+00 -3.338E+00
 -1.1898250E+04 -6.591E+00 -6.436E+00 -3.262E+00
 -1.1897750E+04 -4.837E+00 -4.637E+00 -2.890E+00
 -1.1897250E+04 -6.348E+00 -6.396E+00 -3.214E+00
 -1.1896750E+04 -6.555E+00 -6.637E+00 -3.513E+00
 -1.1896250E+04 -5.955E+00 -5.968E+00 -2.816E+00
 -1.1895750E+04 -5.376E+00 -5.472E+00 -2.957E+00
 -1.1895250E+04 -5.638E+00 -5.672E+00 -2.530E+00
 -1.1894750E+04 -4.993E+00 -4.765E+00 -2.598E+00
 -1.1894250E+04 -5.777E+00 -5.724E+00 -2.531E+00
 -1.1893750E+04 -5.618E+00 -5.805E+00 -2.930E+00
 -1.1893250E+04 -5.009E+00 -5.423E+00 -3.540E+00
 -1.1892750E+04 -4.554E+00 -4.998E+00 -3.920E+00
 -1.1892250E+04 -5.713E+00 -5.673E+00 -3.086E+00
 -1.1891750E+04 -4.658E+00 -4.829E+00 -3.195E+00
 -1.1891250E+04 -5.001E+00 -5.441E+00 -3.944E+00
 -1.1890750E+04 -5.499E+00 -5.536E+00 -2.926E+00
 -1.1890250E+04 -6.386E+00 -6.070E+00 -1.970E+00
 -1.1889750E+04 -5.210E+00 -5.285E+00 -2.800E+00
 -1.1889250E+04 -5.766E+00 -5.761E+00 -2.662E+00
 -1.1888750E+04 -5.212E+00 -5.378E+00 -3.517E+00
 -1.1888250E+04 -4.831E+00 -5.164E+00 -3.539E+00
 -1.1887750E+04 -6.145E+00 -6.220E+00 -2.495E+00
 -1.1887250E+04 -5.501E+00 -5.325E+00 -2.458E+00
 -1.1886750E+04 -4.390E+00 -4.327E+00 -2.101E+00
 -1.1886250E+04 -5.686E+00 -5.699E+00 -2.334E+00
 -1.1885750E+04 -5.003E+00 -5.138E+00 -3.296E+00
 -1.1885250E+04 -4.917E+00 -4.878E+00 -2.525E+00
 -1.1884750E+04 -5.626E+00 -5.484E+00 -2.282E+00
 -1.1884250E+04 -5.213E+00 -5.310E+00 -2.762E+00
 -1.1883750E+04 -5.283E+00 -5.712E+00 -3.713E+00
 -1.1883250E+04 -6.198E+00 -6.005E+00 -2.116E+00
 -1.1882750E+04 -4.958E+00 -4.762E+00 -2.014E+00
 -1.1882250E+04 -5.360E+00 -5.590E+00 -3.325E+00
 -1.1881750E+04 -4.612E+00 -4.875E+00 -3.000E+00
 -1.1881250E+04 -5.734E+00 -5.525E+00 -3.096E+00
 -1.1880750E+04 -4.559E+00 -5.128E+00 -4.061E+00
 -1.1880250E+04 -4.635E+00 -4.941E+00 -2.896E+00
 -1.1879750E+04 -4.140E+00 -4.139E+00 -2.171E+00
 -1.1879250E+04 -4.479E+00 -4.287E+00 -1.855E+00
 -1.1878750E+04 -4.946E+00 -4.978E+00 -2.185E+00
 -1.1878250E+04 -5.620E+00 -5.518E+00 -2.564E+00
 -1.1877750E+04 -4.501E+00 -4.877E+00 -2.923E+00
 -1.1877250E+04 -5.033E+00 -5.179E+00 -2.200E+00
 -1.1876750E+04 -4.521E+00 -4.959E+00 -3.482E+00
 -1.1876250E+04 -4.851E+00 -5.224E+00 -3.443E+00
 -1.1875750E+04 -4.549E+00 -4.605E+00 -3.064E+00
 -1.1875250E+04 -5.361E+00 -5.292E+00 -2.535E+00
 -1.1874750E+04 -5.715E+00 -6.279E+00 -4.255E+00
 -1.1874250E+04 -4.352E+00 -4.956E+00 -4.171E+00
 -1.1873750E+04 -4.262E+00 -4.108E+00 -2.907E+00
 -1.1873250E+04 -5.156E+00 -5.064E+00 -2.192E+00
 -1.1872750E+04 -5.439E+00 -5.591E+00 -3.011E+00
 -1.1872250E+04 -4.525E+00 -4.743E+00 -3.011E+00
 -1.1871750E+04 -4.708E+00 -4.967E+00 -3.190E+00
 -1.1871250E+04 -5.051E+00 -5.132E+00 -2.828E+00
 -1.1870750E+04 -4.405E+00 -4.459E+00 -2.459E+00
 -1.1870250E+04 -4.401E+00 -4.975E+00 -3.623E+00
 -1.1869750E+04 -5.474E+00 -5.448E+00 -2.849E+00
 -1.1869250E+04 -5.144E+00 -5.239E+00 -3.895E+00
 -1.1868750E+04 -5.285E+00 -5.348E+00 -3.474E+00
 -1.1868250E+04 -4.881E+00 -5.166E+00 -3.265E+00
 -1.1867750E+04 -5.234E+00 -5.335E+00 -2.731E+00
 -1.1867250E+04 -6.352E+00 -6.335E+00 -2.879E+00
 -1.1866750E+04 -4.650E+00 -4.164E+00 -1.638E+00
 -1.1866250E+04 -5.039E+00 -4.886E+00 -2.504E+00
 -1.1865750E+04 -5.206E+00 -4.898E+00 -2.440E+00
 -1.1865250E+04 -4.869E+00 -4.983E+00 -3.237E+00
 -1.1864750E+04 -4.986E+00 -4.791E+00 -1.818E+00
 -1.1864250E+04 -5.673E+00 -5.984E+00 -2.661E+00
 -1.1863750E+04 -5.447E+00 -5.313E+00 -2.882E+00
 -1.1863250E+04 -5.400E+00 -4.831E+00 -1.261E+00
 -1.1862750E+04 -4.286E+00 -3.901E+00 -1.639E+00
 -1.1862250E+04 -3.537E+00 -3.806E+00 -2.335E+00
 -1.1861750E+04 -4.053E+00 -4.869E+00 -3.540E+00
 -1.1861250E+04 -3.661E+00 -3.784E+00 -2.529E+00
 -1.1860750E+04 -5.040E+00 -4.704E+00 -2.144E+00
 -1.1860250E+04 -4.094E+00 -4.003E+00 -1.833E+00
 -1.1859750E+04 -5.005E+00 -5.310E+00 -3.626E+00
 -1.1859250E+04 -4.332E+00 -4.258E+00 -1.579E+00
 -1.1858750E+04 -5.063E+00 -5.026E+00 -1.811E+00
 -1.1858250E+04 -4.373E+00 -4.581E+00 -2.614E+00
 -1.1857750E+04 -4.397E+00 -4.495E+00 -3.013E+00
 -1.1857250E+04 -4.199E+00 -4.304E+00 -2.865E+00
 -1.1856750E+04 -4.540E+00 -4.759E+00 -2.438E+00
 -1.1856250E+04 -5.115E+00 -5.039E+00 -2.436E+00
 -1.1855750E+04 -3.665E+00 -3.765E+00 -2.586E+00
 -1.1855250E+04 -3.475E+00 -3.593E+00 -2.556E+00
 -1.1854750E+04 -4.760E+00 -4.739E+00 -2.649E+00
 -1.1854250E+04 -5.444E+00 -5.482E+00 -2.468E+00
 -1.1853750E+04 -4.523E+00 -4.836E+00 -3.105E+00
 -1.1853250E+04 -4.802E+00 -5.306E+00 -3.527E+00
 -1.1852750E+04 -4.867E+00 -5.094E+00 -2.633E+00
 -1.1852250E+04 -4.272E+00 -4.473E+00 -2.601E+00
 -1.1851750E+04 -4.108E+00 -4.995E+00 -4.458E+00
 -1.1851250E+04 -4.710E+00 -4.798E+00 -2.701E+00
 -1.1850750E+04 -4.726E+00 -4.362E+00 -1.524E+00
 -1.1850250E+04 -4.425E+00 -4.842E+00 -3.391E+00
 -1.1849750E+04 -4.044E+00 -4.174E+00 -2.456E+00
 -1.1849250E+04 -4.583E+00 -4.451E+00 -1.571E+00
 -1.1848750E+04 -4.910E+00 -4.898E+00 -3.241E+00
 -1.1848250E+04 -4.233E+00 -4.494E+00 -2.989E+00
 -1.1847750E+04 -4.266E+00 -4.560E+00 -2.490E+00
 -1.1847250E+04 -5.446E+00 -5.374E+00 -2.595E+00
 -1.1846750E+04 -5.855E+00 -5.374E+00 -2.221E+00
 -1.1846250E+04 -4.383E+00 -4.519E+00 -2.986E+00
 -1.1845750E+04 -3.015E+00 -3.120E+00 -2.556E+00
 -1.1845250E+04 -3.484E+00 -3.942E+00 -2.678E+00
 -1.1844750E+04 -3.722E+00 -3.659E+00 -1.760E+00
 -1.1844250E+04 -5.116E+00 -4.933E+00 -1.479E+00
 -1.1843750E+04 -4.448E+00 -4.500E+00 -2.482E+00
 -1.1843250E+04 -5.143E+00 -4.877E+00 -1.781E+00
 -1.1842750E+04 -3.897E+00 -4.443E+00 -3.417E+00
 -1.1842250E+04 -4.558E+00 -4.827E+00 -3.097E+00
 -1.1841750E+04 -5.254E+00 -4.679E+00 -1.278E+00
 -1.1841250E+04 -4.754E+00 -4.323E+00 -1.721E+00
 -1.1840750E+04 -4.323E+00 -4.203E+00 -1.384E+00
 -1.1840250E+04 -3.512E+00 -3.672E+00 -2.265E+00
 -1.1839750E+04 -3.982E+00 -4.234E+00 -2.287E+00
 -1.1839250E+04 -4.288E+00 -4.251E+00 -1.852E+00
 -1.1838750E+04 -4.766E+00 -4.487E+00 -1.826E+00
 -1.1838250E+04 -4.368E+00 -4.386E+00 -2.651E+00
 -1.1837750E+04 -3.762E+00 -3.918E+00 -2.916E+00
 -1.1837250E+04 -4.836E+00 -4.965E+00 -2.177E+00
 -1.1836750E+04 -4.690E+00 -4.457E+00 -7.795E-01
 -1.1836250E+04 -4.531E+00 -4.293E+00 -2.645E+00
 -1.1835750E+04 -3.831E+00 -3.395E+00 -2.359E+00
 -1.1835250E+04 -3.155E+00 -4.391E+00 -3.910E+00
 -1.1834750E+04 -4.299E+00 -4.388E+00 -2.591E+00
 -1.1834250E+04 -4.650E+00 -4.281E+00 -9.557E-01
 -1.1833750E+04 -3.994E+00 -4.071E+00 -2.229E+00
 -1.1833250E+04 -2.973E+00 -3.606E+00 -3.522E+00
 -1.1832750E+04 -4.286E+00 -3.974E+00 -1.003E+00
 -1.1832250E+04 -3.802E+00 -4.314E+00 -3.395E+00
 -1.1831750E+04 -3.442E+00 -3.845E+00 -3.426E+00
 -1.1831250E+04 -4.295E+00 -4.460E+00 -2.336E+00
 -1.1830750E+04 -3.515E+00 -3.420E+00 -1.316E+00
 -1.1830250E+04 -3.779E+00 -3.945E+00 -2.565E+00
 -1.1829750E+04 -4.119E+00 -4.785E+00 -3.015E+00
 -1.1829250E+04 -4.502E+00 -4.273E+00 -1.391E+00
 -1.1828750E+04 -4.441E+00 -4.330E+00 -1.360E+00
 -1.1828250E+04 -4.142E+00 -4.722E+00 -3.281E+00
 -1.1827750E+04 -3.967E+00 -4.298E+00 -2.970E+00
 -1.1827250E+04 -3.651E+00 -4.118E+00 -2.114E+00
 -1.1826750E+04 -3.446E+00 -3.220E+00 -7.806E-01
 -1.1826250E+04 -4.033E+00 -3.940E+00 -2.139E+00
 -1.1825750E+04 -3.572E+00 -3.591E+00 -2.006E+00
 -1.1825250E+04 -3.951E+00 -4.105E+00 -2.411E+00
 -1.1824750E+04 -3.922E+00 -4.276E+00 -3.254E+00
 -1.1824250E+04 -4.183E+00 -4.442E+00 -2.578E+00
 -1.1823750E+04 -3.381E+00 -3.333E+00 -2.149E+00
 -1.1823250E+04 -2.930E+00 -3.015E+00 -1.696E+00
 -1.1822750E+04 -3.569E+00 -3.421E+00 -1.346E+00
 -1.1822250E+04 -4.198E+00 -4.221E+00 -3.074E+00
 -1.1821750E+04 -4.835E+00 -4.577E+00 -2.713E+00
 -1.1821250E+04 -4.190E+00 -4.056E+00 -2.045E+00
 -1.1820750E+04 -2.952E+00 -3.550E+00 -2.712E+00
 -1.1820250E+04 -3.678E+00 -3.948E+00 -2.692E+00
 -1.1819750E+04 -4.197E+00 -4.078E+00 -1.584E+00
 -1.1819250E+04 -3.884E+00 -3.823E+00 -1.914E+00
 -1.1818750E+04 -3.512E+00 -3.728E+00 -2.663E+00
 -1.1818250E+04 -3.593E+00 -3.633E+00 -2.230E+00
 -1.1817750E+04 -4.817E+00 -4.898E+00 -2.244E+00
 -1.1817250E+04 -3.061E+00 -3.465E+00 -2.290E+00
 -1.1816750E+04 -3.487E+00 -3.651E+00 -2.373E+00
 -1.1816250E+04 -3.942E+00 -4.046E+00 -2.470E+00
 -1.1815750E+04 -4.575E+00 -4.775E+00 -2.290E+00
 -1.1815250E+04 -3.117E+00 -3.474E+00 -2.702E+00
 -1.1814750E+04 -3.359E+00 -3.472E+00 -2.251E+00
 -1.1814250E+04 -3.522E+00 -3.782E+00 -1.879E+00
 -1.1813750E+04 -4.067E+00 -3.964E+00 -1.383E+00
 -1.1813250E+04 -3.739E+00 -3.810E+00 -2.097E+00
 -1.1812750E+04 -4.148E+00 -4.236E+00 -2.311E+00
 -1.1812250E+04 -3.700E+00 -3.543E+00 -1.616E+00
 -1.1811750E+04 -3.131E+00 -3.118E+00 -1.289E+00
 -1.1811250E+04 -3.391E+00 -3.590E+00 -2.543E+00
 -1.1810750E+04 -4.107E+00 -3.990E+00 -1.585E+00
 -1.1810250E+04 -3.759E+00 -3.824E+00 -2.923E+00
 -1.1809750E+04 -4.151E+00 -3.909E+00 -2.248E+00
 -1.1809250E+04 -3.774E+00 -3.749E+00 -2.069E+00
 -1.1808750E+04 -3.358E+00 -3.251E+00 -1.465E+00
 -1.1808250E+04 -3.628E+00 -3.657E+00 -1.463E+00
 -1.1807750E+04 -3.438E+00 -3.632E+00 -2.860E+00
 -1.1807250E+04 -3.627E+00 -3.609E+00 -1.577E+00
 -1.1806750E+04 -3.698E+00 -3.886E+00 -2.370E+00
 -1.1806250E+04 -3.061E+00 -3.340E+00 -2.080E+00
 -1.1805750E+04 -3.300E+00 -3.401E+00 -1.811E+00
 -1.1805250E+04 -3.672E+00 -3.768E+00 -2.476E+00
 -1.1804750E+04 -4.437E+00 -4.216E+00 -1.630E+00
 -1.1804250E+04 -3.626E+00 -3.459E+00 -1.518E+00
 -1.1803750E+04 -3.506E+00 -3.634E+00 -2.033E+00
 -1.1803250E+04 -3.138E+00 -3.247E+00 -1.775E+00
 -1.1802750E+04 -3.688E+00 -3.770E+00 -1.486E+00
 -1.1802250E+04 -3.835E+00 -3.671E+00 -1.711E+00
 -1.1801750E+04 -3.066E+00 -3.395E+00 -2.404E+00
 -1.1801250E+04 -3.462E+00 -3.384E+00 -1.574E+00
 -1.1800750E+04 -3.795E+00 -3.868E+00 -2.313E+00
 -1.1800250E+04 -3.641E+00 -3.604E+00 -2.005E+00
 -1.1799750E+04 -3.549E+00 -3.741E+00 -2.445E+00
 -1.1799250E+04 -3.368E+00 -3.594E+00 -1.919E+00
 -1.1798750E+04 -4.988E+00 -4.675E+00 -1.238E+00
 -1.1798250E+04 -4.600E+00 -4.235E+00 -2.127E+00
 -1.1797750E+04 -4.566E+00 -4.004E+00 -1.247E+00
 -1.1797250E+04 -2.533E+00 -3.124E+00 -2.499E+00
 -1.1796750E+04 -3.811E+00 -4.270E+00 -2.842E+00
 -1.1796250E+04 -3.854E+00 -3.665E+00 -1.974E+00
 -1.1795750E+04 -2.689E+00 -2.561E+00 -1.008E+00
 -1.1795250E+04 -3.030E+00 -3.106E+00 -1.901E+00
 -1.1794750E+04 -3.893E+00 -3.924E+00 -1.823E+00
 -1.1794250E+04 -3.066E+00 -3.735E+00 -2.563E+00
 -1.1793750E+04 -3.165E+00 -3.186E+00 -1.855E+00
 -1.1793250E+04 -2.579E+00 -3.024E+00 -2.379E+00
 -1.1792750E+04 -3.482E+00 -3.630E+00 -2.329E+00
 -1.1792250E+04 -3.564E+00 -3.417E+00 -1.750E+00
 -1.1791750E+04 -3.124E+00 -3.291E+00 -2.490E+00
 -1.1791250E+04 -4.008E+00 -4.012E+00 -1.926E+00
 -1.1790750E+04 -3.341E+00 -3.553E+00 -1.739E+00
 -1.1790250E+04 -3.160E+00 -3.288E+00 -2.220E+00
 -1.1789750E+04 -3.588E+00 -3.654E+00 -1.926E+00
 -1.1789250E+04 -3.457E+00 -3.611E+00 -1.995E+00
 -1.1788750E+04 -3.324E+00 -3.376E+00 -1.882E+00
 -1.1788250E+04 -3.337E+00 -3.310E+00 -1.939E+00
 -1.1787750E+04 -2.343E+00 -2.342E+00 -1.655E+00
 -1.1787250E+04 -3.393E+00 -3.423E+00 -1.537E+00
 -1.1786750E+04 -3.146E+00 -3.137E+00 -1.124E+00
 -1.1786250E+04 -3.808E+00 -4.072E+00 -1.982E+00
 -1.1785750E+04 -3.146E+00 -3.353E+00 -1.557E+00
 -1.1785250E+04 -3.422E+00 -3.577E+00 -1.958E+00
 -1.1784750E+04 -3.260E+00 -3.635E+00 -2.717E+00
 -1.1784250E+04 -3.053E+00 -3.125E+00 -1.710E+00
 -1.1783750E+04 -3.270E+00 -3.131E+00 -1.459E+00
 -1.1783250E+04 -2.856E+00 -2.949E+00 -1.797E+00
 -1.1782750E+04 -3.058E+00 -3.156E+00 -2.012E+00
 -1.1782250E+04 -2.873E+00 -3.326E+00 -2.741E+00
 -1.1781750E+04 -2.603E+00 -2.830E+00 -1.985E+00
 -1.1781250E+04 -3.228E+00 -3.197E+00 -1.484E+00
 -1.1780750E+04 -3.266E+00 -3.107E+00 -1.406E+00
 -1.1780250E+04 -3.773E+00 -3.603E+00 -1.299E+00
 -1.1779750E+04 -3.535E+00 -3.684E+00 -2.295E+00
 -1.1779250E+04 -3.862E+00 -4.218E+00 -2.858E+00
 -1.1778750E+04 -3.264E+00 -3.234E+00 -1.752E+00
 -1.1778250E+04 -3.032E+00 -2.894E+00 -1.197E+00
 -1.1777750E+04 -3.230E+00 -3.210E+00 -1.793E+00
 -1.1777250E+04 -2.864E+00 -3.275E+00 -3.081E+00
 -1.1776750E+04 -3.059E+00 -2.976E+00 -1.347E+00
 -1.1776250E+04 -3.255E+00 -3.163E+00 -1.854E+00
 -1.1775750E+04 -3.676E+00 -3.757E+00 -1.501E+00
 -1.1775250E+04 -2.770E+00 -3.176E+00 -2.675E+00
 -1.1774750E+04 -2.801E+00 -2.855E+00 -1.655E+00
 -1.1774250E+04 -3.021E+00 -2.770E+00 -1.185E+00
 -1.1773750E+04 -3.090E+00 -2.993E+00 -1.743E+00
 -1.1773250E+04 -3.318E+00 -3.367E+00 -2.099E+00
 -1.1772750E+04 -2.761E+00 -2.782E+00 -1.356E+00
 -1.1772250E+04 -3.473E+00 -3.769E+00 -2.773E+00
 -1.1771750E+04 -2.751E+00 -3.124E+00 -2.986E+00
 -1.1771250E+04 -2.830E+00 -2.541E+00 -5.312E-01
 -1.1770750E+04 -2.850E+00 -3.059E+00 -2.111E+00
 -1.1770250E+04 -3.175E+00 -3.312E+00 -2.371E+00
 -1.1769750E+04 -3.064E+00 -3.352E+00 -2.239E+00
 -1.1769250E+04 -2.933E+00 -3.232E+00 -2.461E+00
 -1.1768750E+04 -3.172E+00 -3.055E+00 -1.258E+00
 -1.1768250E+04 -4.507E+00 -3.938E+00 -1.226E+00
 -1.1767750E+04 -2.622E+00 -2.703E+00 -1.430E+00
 -1.1767250E+04 -2.220E+00 -2.664E+00 -1.778E+00
 -1.1766750E+04 -2.474E+00 -2.557E+00 -1.572E+00
 -1.1766250E+04 -2.688E+00 -2.402E+00 -8.507E-01
 -1.1765750E+04 -3.708E+00 -3.385E+00 -8.364E-01
 -1.1765250E+04 -3.391E+00 -3.194E+00 -1.262E+00
 -1.1764750E+04 -2.676E+00 -2.951E+00 -2.214E+00
 -1.1764250E+04 -2.920E+00 -3.384E+00 -2.285E+00
 -1.1763750E+04 -2.974E+00 -3.224E+00 -2.202E+00
 -1.1763250E+04 -3.358E+00 -3.231E+00 -1.233E+00
 -1.1762750E+04 -3.148E+00 -3.365E+00 -1.662E+00
 -1.1762250E+04 -3.235E+00 -2.982E+00 -5.020E-01
 -1.1761750E+04 -3.169E+00 -2.956E+00 -1.240E+00
 -1.1761250E+04 -3.146E+00 -2.816E+00 -1.585E+00
 -1.1760750E+04 -2.618E+00 -2.950E+00 -2.330E+00
 -1.1760250E+04 -2.835E+00 -2.992E+00 -1.705E+00
 -1.1759750E+04 -2.722E+00 -2.841E+00 -1.987E+00
 -1.1759250E+04 -3.574E+00 -3.409E+00 -1.992E+00
 -1.1758750E+04 -3.043E+00 -3.021E+00 -2.054E+00
 -1.1758250E+04 -2.451E+00 -2.213E+00 -1.611E+00
 -1.1757750E+04 -2.493E+00 -2.925E+00 -1.645E+00
 -1.1757250E+04 -3.554E+00 -3.909E+00 -1.686E+00
 -1.1756750E+04 -2.726E+00 -2.502E+00 -8.482E-01
 -1.1756250E+04 -2.907E+00 -3.078E+00 -1.928E+00
 -1.1755750E+04 -3.363E+00 -3.436E+00 -1.528E+00
 -1.1755250E+04 -3.108E+00 -2.924E+00 -1.124E+00
 -1.1754750E+04 -2.925E+00 -3.062E+00 -1.793E+00
 -1.1754250E+04 -2.495E+00 -2.600E+00 -1.706E+00
 -1.1753750E+04 -3.119E+00 -2.906E+00 -1.313E+00
 -1.1753250E+04 -2.657E+00 -2.763E+00 -1.998E+00
 -1.1752750E+04 -2.882E+00 -3.399E+00 -2.765E+00
 -1.1752250E+04 -2.475E+00 -2.746E+00 -1.732E+00
 -1.1751750E+04 -2.725E+00 -2.584E+00 -1.957E+00
 -1.1751250E+04 -2.525E+00 -2.897E+00 -2.579E+00
 -1.1750750E+04 -2.755E+00 -3.064E+00 -1.915E+00
 -1.1750250E+04 -3.762E+00 -3.804E+00 -1.652E+00
 -1.1749750E+04 -2.941E+00 -2.891E+00 -9.635E-01
 -1.1749250E+04 -2.793E+00 -2.657E+00 -1.147E+00
 -1.1748750E+04 -2.890E+00 -2.782E+00 -1.050E+00
 -1.1748250E+04 -2.479E+00 -2.616E+00 -1.880E+00
 -1.1747750E+04 -2.739E+00 -2.922E+00 -1.372E+00
 -1.1747250E+04 -2.472E+00 -2.698E+00 -2.080E+00
 -1.1746750E+04 -1.727E+00 -1.866E+00 -2.200E+00
 -1.1746250E+04 -2.632E+00 -2.700E+00 -1.778E+00
 -1.1745750E+04 -1.603E+00 -1.690E+00 -1.081E+00
 -1.1745250E+04 -3.030E+00 -2.742E+00 -1.157E+00
 -1.1744750E+04 -2.624E+00 -2.527E+00 -1.263E+00
 -1.1744250E+04 -3.205E+00 -3.077E+00 -1.412E+00
 -1.1743750E+04 -2.694E+00 -2.791E+00 -2.404E+00
 -1.1743250E+04 -2.492E+00 -2.640E+00 -1.620E+00
 -1.1742750E+04 -3.016E+00 -2.722E+00 -7.657E-01
 -1.1742250E+04 -3.480E+00 -3.084E+00 -1.110E+00
 -1.1741750E+04 -3.114E+00 -2.768E+00 -1.589E+00
 -1.1741250E+04 -2.888E+00 -2.746E+00 -7.401E-01
 -1.1740750E+04 -2.953E+00 -3.070E+00 -1.601E+00
 -1.1740250E+04 -3.097E+00 -3.141E+00 -1.722E+00
 -1.1739750E+04 -2.594E+00 -2.718E+00 -1.447E+00
 -1.1739250E+04 -3.237E+00 -3.495E+00 -2.357E+00
 -1.1738750E+04 -2.375E+00 -2.372E+00 -1.526E+00
 -1.1738250E+04 -2.206E+00 -2.445E+00 -1.777E+00
 -1.1737750E+04 -2.168E+00 -2.765E+00 -2.403E+00
 -1.1737250E+04 -2.257E+00 -2.395E+00 -1.397E+00
 -1.1736750E+04 -2.067E+00 -2.230E+00 -1.179E+00
 -1.1736250E+04 -2.988E+00 -3.202E+00 -1.933E+00
 -1.1735750E+04 -3.163E+00 -3.159E+00 -1.721E+00
 -1.1735250E+04 -3.503E+00 -3.668E+00 -2.508E+00
 -1.1734750E+04 -2.871E+00 -2.986E+00 -1.607E+00
 -1.1734250E+04 -3.094E+00 -2.908E+00 -9.906E-01
 -1.1733750E+04 -3.165E+00 -3.566E+00 -1.714E+00
 -1.1733250E+04 -2.752E+00 -2.934E+00 -1.263E+00
 -1.1732750E+04 -2.338E+00 -1.798E+00 -8.953E-01
 -1.1732250E+04 -2.635E+00 -2.623E+00 -1.709E+00
 -1.1731750E+04 -2.268E+00 -2.570E+00 -1.417E+00
 -1.1731250E+04 -2.405E+00 -2.494E+00 -1.489E+00
 -1.1730750E+04 -2.876E+00 -2.433E+00 -1.327E+00
 -1.1730250E+04 -3.083E+00 -2.992E+00 -1.205E+00
 -1.1729750E+04 -1.828E+00 -2.095E+00 -7.222E-01
 -1.1729250E+04 -2.594E+00 -2.807E+00 -1.463E+00
 -1.1728750E+04 -2.180E+00 -2.935E+00 -2.757E+00
 -1.1728250E+04 -2.200E+00 -2.191E+00 -9.136E-01
 -1.1727750E+04 -2.017E+00 -2.115E+00 -1.166E+00
 -1.1727250E+04 -2.428E+00 -2.498E+00 -1.564E+00
 -1.1726750E+04 -2.657E+00 -2.659E+00 -1.636E+00
 -1.1726250E+04 -2.765E+00 -2.818E+00 -1.496E+00
 -1.1725750E+04 -2.907E+00 -3.278E+00 -1.722E+00
 -1.1725250E+04 -2.420E+00 -2.728E+00 -1.943E+00
 -1.1724750E+04 -1.800E+00 -2.114E+00 -1.383E+00
 -1.1724250E+04 -2.647E+00 -2.668E+00 -1.164E+00
 -1.1723750E+04 -2.172E+00 -2.155E+00 -1.367E+00
 -1.1723250E+04 -2.839E+00 -2.670E+00 -1.150E+00
 -1.1722750E+04 -1.975E+00 -2.367E+00 -2.104E+00
 -1.1722250E+04 -2.511E+00 -2.593E+00 -2.015E+00
 -1.1721750E+04 -2.383E+00 -2.298E+00 -7.036E-01
 -1.1721250E+04 -2.528E+00 -2.769E+00 -2.215E+00
 -1.1720750E+04 -2.421E+00 -2.291E+00 -7.988E-01
 -1.1720250E+04 -2.983E+00 -2.881E+00 -9.648E-01
 -1.1719750E+04 -2.981E+00 -2.927E+00 -1.683E+00
 -1.1719250E+04 -2.483E+00 -2.493E+00 -1.691E+00
 -1.1718750E+04 -2.344E+00 -2.380E+00 -1.485E+00
 -1.1718250E+04 -2.303E+00 -2.337E+00 -1.109E+00
 -1.1717750E+04 -2.856E+00 -2.736E+00 -8.724E-01
 -1.1717250E+04 -2.736E+00 -2.660E+00 -8.315E-01
 -1.1716750E+04 -2.851E+00 -2.966E+00 -1.331E+00
 -1.1716250E+04 -2.158E+00 -2.285E+00 -1.562E+00
 -1.1715750E+04 -2.718E+00 -2.633E+00 -1.617E+00
 -1.1715250E+04 -2.218E+00 -2.421E+00 -1.566E+00
 -1.1714750E+04 -2.585E+00 -2.554E+00 -9.937E-01
 -1.1714250E+04 -2.691E+00 -2.509E+00 -5.415E-01
 -1.1713750E+04 -2.357E+00 -2.698E+00 -1.800E+00
 -1.1713250E+04 -2.322E+00 -2.571E+00 -2.102E+00
 -1.1712750E+04 -2.778E+00 -2.537E+00 -1.383E+00
 -1.1712250E+04 -1.907E+00 -2.294E+00 -1.722E+00
 -1.1711750E+04 -1.845E+00 -2.311E+00 -1.964E+00
 -1.1711250E+04 -2.417E+00 -2.588E+00 -1.965E+00
 -1.1710750E+04 -2.542E+00 -2.684E+00 -1.426E+00
 -1.1710250E+04 -2.646E+00 -2.353E+00 -6.507E-01
 -1.1709750E+04 -2.077E+00 -2.183E+00 -8.214E-01
 -1.1709250E+04 -2.549E+00 -2.657E+00 -1.464E+00
 -1.1708750E+04 -2.079E+00 -2.128E+00 -1.285E+00
 -1.1708250E+04 -2.529E+00 -2.193E+00 -1.014E+00
 -1.1707750E+04 -2.642E+00 -2.863E+00 -1.520E+00
 -1.1707250E+04 -1.783E+00 -2.060E+00 -1.636E+00
 -1.1706750E+04 -2.018E+00 -2.144E+00 -1.565E+00
 -1.1706250E+04 -3.199E+00 -3.121E+00 -1.356E+00
 -1.1705750E+04 -2.155E+00 -2.497E+00 -2.436E+00
 -1.1705250E+04 -2.624E+00 -2.470E+00 -1.040E+00
 -1.1704750E+04 -2.197E+00 -2.076E+00 -1.217E+00
 -1.1704250E+04 -1.975E+00 -1.684E+00 -1.036E+00
 -1.1703750E+04 -2.732E+00 -2.817E+00 -1.825E+00
 -1.1703250E+04 -2.741E+00 -2.769E+00 -1.659E+00
 -1.1702750E+04 -3.139E+00 -3.516E+00 -1.618E+00
 -1.1702250E+04 -2.823E+00 -2.875E+00 -1.321E+00
 -1.1701750E+04 -1.635E+00 -1.895E+00 -2.047E+00
 -1.1701250E+04 -2.266E+00 -2.374E+00 -9.298E-01
 -1.1700750E+04 -2.186E+00 -2.218E+00 -1.093E+00
 -1.1700250E+04 -2.642E+00 -2.659E+00 -1.304E+00
 -1.1699750E+04 -2.280E+00 -2.332E+00 -9.665E-01
 -1.1699250E+04 -2.861E+00 -2.757E+00 -8.166E-01
 -1.1698750E+04 -2.336E+00 -2.468E+00 -1.290E+00
 -1.1698250E+04 -1.616E+00 -2.206E+00 -1.845E+00
 -1.1697750E+04 -2.429E+00 -1.923E+00  3.050E-02
 -1.1697250E+04 -1.723E+00 -1.687E+00 -1.125E+00
 -1.1696750E+04 -2.390E+00 -2.239E+00 -1.283E+00
 -1.1696250E+04 -3.301E+00 -2.376E+00 -9.046E-01
 -1.1695750E+04 -3.098E+00 -2.947E+00 -8.504E-01
 -1.1695250E+04 -2.586E+00 -2.267E+00 -1.032E+00
 -1.1694750E+04 -1.877E+00 -2.158E+00 -1.782E+00
 -1.1694250E+04 -1.577E+00 -1.503E+00 -3.640E-01
 -1.1693750E+04 -1.909E+00 -2.146E+00 -1.234E+00
 -1.1693250E+04 -2.311E+00 -2.659E+00 -1.925E+00
 -1.1692750E+04 -1.481E+00 -1.667E+00 -1.662E+00
 -1.1692250E+04 -1.815E+00 -2.116E+00 -1.733E+00
 -1.1691750E+04 -2.858E+00 -2.988E+00 -1.579E+00
 -1.1691250E+04 -2.342E+00 -2.286E+00 -1.104E+00
 -1.1690750E+04 -2.462E+00 -2.432E+00 -8.493E-01
 -1.1690250E+04 -2.672E+00 -2.608E+00 -1.764E+00
 -1.1689750E+04 -2.071E+00 -2.222E+00 -1.689E+00
 -1.1689250E+04 -2.018E+00 -2.200E+00 -1.268E+00
 -1.1688750E+04 -2.236E+00 -2.083E+00 -5.342E-01
 -1.1688250E+04 -2.527E+00 -2.231E+00 -1.227E+00
 -1.1687750E+04 -1.920E+00 -2.015E+00 -8.221E-01
 -1.1687250E+04 -1.670E+00 -1.697E+00 -1.219E+00
 -1.1686750E+04 -2.584E+00 -2.493E+00 -1.206E+00
 -1.1686250E+04 -2.231E+00 -2.671E+00 -2.306E+00
 -1.1685750E+04 -2.458E+00 -2.215E+00 -1.328E+00
 -1.1685250E+04 -2.244E+00 -2.120E+00 -9.233E-01
 -1.1684750E+04 -2.664E+00 -3.090E+00 -2.187E+00
 -1.1684250E+04 -2.031E+00 -2.137E+00 -8.449E-01
 -1.1683750E+04 -2.280E+00 -2.344E+00 -1.239E+00
 -1.1683250E+04 -2.200E+00 -2.213E+00 -9.211E-01
 -1.1682750E+04 -2.075E+00 -1.819E+00 -5.327E-01
 -1.1682250E+04 -1.771E+00 -1.767E+00 -1.348E+00
 -1.1681750E+04 -2.024E+00 -1.973E+00 -8.311E-01
 -1.1681250E+04 -2.103E+00 -2.128E+00 -7.891E-01
 -1.1680750E+04 -2.600E+00 -2.612E+00 -1.329E+00
 -1.1680250E+04 -2.904E+00 -2.676E+00 -1.269E+00
 -1.1679750E+04 -1.843E+00 -1.667E+00 -9.679E-01
 -1.1679250E+04 -1.831E+00 -1.922E+00 -1.584E+00
 -1.1678750E+04 -2.084E+00 -2.345E+00 -1.801E+00
 -1.1678250E+04 -2.498E+00 -2.721E+00 -1.496E+00
 -1.1677750E+04 -2.163E+00 -2.606E+00 -1.239E+00
 -1.1677250E+04 -1.627E+00 -2.065E+00 -1.413E+00
 -1.1676750E+04 -1.902E+00 -2.457E+00 -1.678E+00
 -1.1676250E+04 -2.097E+00 -2.288E+00 -1.575E+00
 -1.1675750E+04 -2.066E+00 -1.871E+00 -1.079E-01
 -1.1675250E+04 -2.540E+00 -2.562E+00 -9.190E-01
 -1.1674750E+04 -1.740E+00 -2.194E+00 -1.963E+00
 -1.1674250E+04 -2.471E+00 -2.451E+00 -1.094E+00
 -1.1673750E+04 -2.329E+00 -2.151E+00 -6.561E-01
 -1.1673250E+04 -1.518E+00 -1.690E+00 -1.372E+00
 -1.1672750E+04 -1.683E+00 -1.655E+00 -9.872E-01
 -1.1672250E+04 -1.815E+00 -1.987E+00 -1.813E+00
 -1.1671750E+04 -2.680E+00 -2.678E+00 -1.355E+00
 -1.1671250E+04 -1.667E+00 -2.125E+00 -8.480E-01
 -1.1670750E+04 -1.754E+00 -1.616E+00 -7.068E-01
 -1.1670250E+04 -2.707E+00 -2.703E+00 -7.558E-01
 -1.1669750E+04 -1.819E+00 -1.752E+00 -3.158E-01
 -1.1669250E+04 -2.379E+00 -2.124E+00 -1.144E+00
 -1.1668750E+04 -1.975E+00 -2.041E+00 -1.220E+00
 -1.1668250E+04 -1.575E+00 -1.410E+00 -4.461E-01
 -1.1667750E+04 -1.732E+00 -1.513E+00 -3.883E-01
 -1.1667250E+04 -2.662E+00 -2.556E+00 -1.258E+00
 -1.1666750E+04 -1.559E+00 -1.690E+00 -1.169E+00
 -1.1666250E+04 -1.615E+00 -1.316E+00 -2.921E-01
 -1.1665750E+04 -2.135E+00 -1.865E+00 -4.562E-01
 -1.1665250E+04 -1.899E+00 -2.002E+00 -1.350E+00
 -1.1664750E+04 -1.819E+00 -2.214E+00 -1.755E+00
 -1.1664250E+04 -1.553E+00 -2.131E+00 -2.138E+00
 -1.1663750E+04 -2.268E+00 -2.165E+00 -1.222E+00
 -1.1663250E+04 -2.118E+00 -1.717E+00 -7.795E-01
 -1.1662750E+04 -1.715E+00 -1.971E+00 -1.039E+00
 -1.1662250E+04 -2.400E+00 -2.385E+00 -7.222E-01
 -1.1661750E+04 -1.536E+00 -1.758E+00 -1.270E+00
 -1.1661250E+04 -1.782E+00 -1.126E+00 -1.283E+00
 -1.1660750E+04 -1.898E+00 -1.678E+00 -7.217E-01
 -1.1660250E+04 -2.420E+00 -2.273E+00 -1.211E+00
 -1.1659750E+04 -1.866E+00 -1.807E+00 -9.684E-01
 -1.1659250E+04 -1.334E+00 -2.269E+00 -1.948E+00
 -1.1658750E+04 -1.717E+00 -1.849E+00 -1.520E+00
 -1.1658250E+04 -1.615E+00 -1.788E+00 -1.522E+00
 -1.1657750E+04 -1.972E+00 -2.019E+00 -1.344E+00
 -1.1657250E+04 -2.143E+00 -2.293E+00 -1.171E+00
 -1.1656750E+04 -1.855E+00 -2.067E+00 -1.497E+00
 -1.1656250E+04 -2.208E+00 -2.174E+00 -1.025E+00
 -1.1655750E+04 -2.352E+00 -2.487E+00 -7.882E-01
 -1.1655250E+04 -2.558E+00 -2.431E+00 -5.091E-01
 -1.1654750E+04 -2.694E+00 -2.318E+00 -6.784E-01
 -1.1654250E+04 -1.735E+00 -1.786E+00 -7.795E-01
 -1.1653750E+04 -2.128E+00 -2.261E+00 -1.439E+00
 -1.1653250E+04 -1.788E+00 -2.196E+00 -1.423E+00
 -1.1652750E+04 -1.722E+00 -2.113E+00 -2.485E+00
 -1.1652250E+04 -1.776E+00 -1.937E+00 -1.714E+00
 -1.1651750E+04 -1.467E+00 -1.536E+00 -7.627E-01
 -1.1651250E+04 -1.408E+00 -1.338E+00 -8.315E-01
 -1.1650750E+04 -1.155E+00 -1.206E+00 -7.787E-01
 -1.1650250E+04 -1.948E+00 -1.554E+00 -3.162E-01
 -1.1649750E+04 -2.373E+00 -1.855E+00  1.711E-01
 -1.1649250E+04 -1.411E+00 -1.350E+00 -1.216E+00
 -1.1648750E+04 -1.438E+00 -1.558E+00 -1.242E+00
 -1.1648250E+04 -1.962E+00 -1.987E+00 -5.871E-01
 -1.1647750E+04 -2.390E+00 -2.139E+00 -2.616E-01
 -1.1647250E+04 -2.636E+00 -2.852E+00 -1.660E+00
 -1.1646750E+04 -2.237E+00 -2.301E+00 -1.229E+00
 -1.1646250E+04 -1.489E+00 -1.436E+00 -9.357E-01
 -1.1645750E+04 -1.234E+00 -1.087E+00 -7.570E-01
 -1.1645250E+04 -1.742E+00 -2.212E+00 -1.674E+00
 -1.1644750E+04 -1.347E+00 -1.708E+00 -1.377E+00
 -1.1644250E+04 -1.598E+00 -1.998E+00 -1.551E+00
 -1.1643750E+04 -2.090E+00 -1.937E+00 -6.844E-01
 -1.1643250E+04 -2.139E+00 -2.223E+00 -9.236E-01
 -1.1642750E+04 -1.854E+00 -1.801E+00 -1.104E+00
 -1.1642250E+04 -2.014E+00 -2.068E+00 -1.116E+00
 -1.1641750E+04 -2.134E+00 -2.254E+00 -1.421E+00
 -1.1641250E+04 -1.556E+00 -1.485E+00 -1.246E+00
 -1.1640750E+04 -2.441E+00 -2.072E+00 -8.574E-01
 -1.1640250E+04 -1.562E+00 -1.591E+00 -1.247E+00
 -1.1639750E+04 -1.948E+00 -1.949E+00 -6.153E-01
 -1.1639250E+04 -1.642E+00 -1.665E+00 -7.523E-01
 -1.1638750E+04 -1.468E+00 -1.590E+00 -1.266E+00
 -1.1638250E+04 -1.698E+00 -1.587E+00 -5.771E-01
 -1.1637750E+04 -1.671E+00 -1.921E+00 -1.792E+00
 -1.1637250E+04 -1.496E+00 -1.313E+00 -3.050E-01
 -1.1636750E+04 -1.423E+00 -1.247E+00 -9.455E-02
 -1.1636250E+04 -1.701E+00 -1.633E+00 -5.681E-01
 -1.1635750E+04 -2.087E+00 -2.226E+00 -1.560E+00
 -1.1635250E+04 -2.011E+00 -2.052E+00 -1.146E+00
 -1.1634750E+04 -2.053E+00 -2.098E+00 -1.262E+00
 -1.1634250E+04 -2.122E+00 -1.946E+00 -7.501E-01
 -1.1633750E+04 -1.864E+00 -1.831E+00 -2.225E-01
 -1.1633250E+04 -1.249E+00 -1.331E+00 -5.926E-01
 -1.1632750E+04 -1.989E+00 -2.453E+00 -1.616E+00
 -1.1632250E+04 -2.116E+00 -1.665E+00 -1.155E+00
 -1.1631750E+04 -2.798E+00 -2.372E+00 -6.390E-01
 -1.1631250E+04 -1.853E+00 -1.863E+00 -5.351E-01
 -1.1630750E+04 -1.498E+00 -1.833E+00 -1.999E+00
 -1.1630250E+04 -1.938E+00 -1.864E+00 -1.364E+00
 -1.1629750E+04 -1.698E+00 -1.494E+00 -8.196E-01
 -1.1629250E+04 -1.032E+00 -1.402E+00 -1.933E+00
 -1.1628750E+04 -9.942E-01 -1.489E+00 -1.481E+00
 -1.1628250E+04 -1.987E+00 -1.901E+00 -5.575E-01
 -1.1627750E+04 -1.876E+00 -1.798E+00 -1.037E+00
 -1.1627250E+04 -2.191E+00 -2.141E+00 -1.120E+00
 -1.1626750E+04 -1.510E+00 -1.239E+00 -7.202E-02
 -1.1626250E+04 -9.011E-01 -1.223E+00 -1.237E+00
 -1.1625750E+04 -1.801E+00 -1.801E+00 -1.025E+00
 -1.1625250E+04 -7.815E-01 -1.040E+00 -7.901E-01
 -1.1624750E+04 -1.812E+00 -2.062E+00 -1.394E+00
 -1.1624250E+04 -2.262E+00 -2.197E+00 -6.283E-01
 -1.1623750E+04 -1.705E+00 -1.621E+00 -8.135E-01
 -1.1623250E+04 -2.076E+00 -1.984E+00 -1.379E+00
 -1.1622750E+04 -1.903E+00 -1.758E+00 -6.982E-01
 -1.1622250E+04 -1.655E+00 -1.691E+00 -6.216E-01
 -1.1621750E+04 -1.324E+00 -1.428E+00 -1.016E+00
 -1.1621250E+04 -1.587E+00 -1.907E+00 -1.423E+00
 -1.1620750E+04 -2.011E+00 -1.839E+00 -8.226E-01
 -1.1620250E+04 -2.005E+00 -1.763E+00 -6.209E-01
 -1.1619750E+04 -1.706E+00 -1.851E+00 -1.449E+00
 -1.1619250E+04 -1.002E+00 -1.295E+00 -1.697E+00
 -1.1618750E+04 -1.523E+00 -1.682E+00 -1.257E+00
 -1.1618250E+04 -1.980E+00 -1.801E+00 -7.777E-01
 -1.1617750E+04 -2.283E+00 -2.175E+00 -1.082E+00
 -1.1617250E+04 -1.263E+00 -1.373E+00 -9.562E-01
 -1.1616750E+04 -1.704E+00 -1.557E+00 -8.857E-01
 -1.1616250E+04 -1.356E+00 -1.487E+00 -1.315E+00
 -1.1615750E+04 -1.448E+00 -1.503E+00 -1.111E+00
 -1.1615250E+04 -1.640E+00 -1.533E+00 -5.415E-01
 -1.1614750E+04 -1.993E+00 -1.953E+00 -7.889E-01
 -1.1614250E+04 -8.687E-01 -1.430E+00 -8.342E-01
 -1.1613750E+04 -1.844E+00 -1.995E+00 -9.632E-01
 -1.1613250E+04 -1.853E+00 -1.820E+00 -9.528E-01
 -1.1612750E+04 -1.595E+00 -1.657E+00 -1.226E+00
 -1.1612250E+04 -1.612E+00 -1.668E+00 -1.392E+00
 -1.1611750E+04 -1.513E+00 -1.626E+00 -7.130E-01
 -1.1611250E+04 -2.359E+00 -2.041E+00 -3.166E-01
 -1.1610750E+04 -1.608E+00 -1.574E+00 -8.294E-01
 -1.1610250E+04 -1.567E+00 -1.317E+00 -9.126E-02
 -1.1609750E+04 -2.291E+00 -2.137E+00 -3.388E-01
 -1.1609250E+04 -1.778E+00 -1.717E+00 -1.212E+00
 -1.1608750E+04 -1.691E+00 -1.838E+00 -8.731E-01
 -1.1608250E+04 -8.627E-01 -1.232E+00 -1.161E+00
 -1.1607750E+04 -1.913E+00 -1.792E+00 -6.243E-01
 -1.1607250E+04 -2.073E+00 -2.284E+00 -1.523E+00
 -1.1606750E+04 -1.336E+00 -1.409E+00 -1.170E+00
 -1.1606250E+04 -1.199E+00 -9.739E-01 -1.659E-01
 -1.1605750E+04 -1.476E+00 -1.293E+00 -3.886E-01
 -1.1605250E+04 -1.369E+00 -1.355E+00 -9.529E-01
 -1.1604750E+04 -1.352E+00 -1.272E+00 -1.101E+00
 -1.1604250E+04 -1.443E+00 -1.516E+00 -9.229E-01
 -1.1603750E+04 -1.693E+00 -1.924E+00 -1.227E+00
 -1.1603250E+04 -1.636E+00 -1.725E+00 -7.182E-01
 -1.1602750E+04 -1.333E+00 -1.900E+00 -1.180E+00
 -1.1602250E+04 -1.242E+00 -1.195E+00 -1.588E+00
 -1.1601750E+04 -1.655E+00 -1.640E+00 -6.300E-01
 -1.1601250E+04 -1.922E+00 -1.868E+00 -8.319E-01
 -1.1600750E+04 -2.112E+00 -2.151E+00 -8.974E-01
 -1.1600250E+04 -1.596E+00 -9.722E-01  2.714E-01
 -1.1599750E+04 -1.318E+00 -1.405E+00 -5.535E-01
 -1.1599250E+04 -1.077E+00 -1.797E+00 -1.448E+00
 -1.1598750E+04 -1.647E+00 -2.353E+00 -1.125E+00
 -1.1598250E+04 -1.837E+00 -1.628E+00 -1.017E+00
 -1.1597750E+04 -1.269E+00 -8.537E-01 -5.845E-01
 -1.1597250E+04 -1.362E+00 -1.757E+00 -1.280E+00
 -1.1596750E+04 -1.311E+00 -1.450E+00 -1.365E+00
 -1.1596250E+04 -1.115E+00 -1.421E+00 -1.501E+00
 -1.1595750E+04 -1.769E+00 -1.964E+00 -1.067E+00
 -1.1595250E+04 -1.377E+00 -1.580E+00 -1.679E+00
 -1.1594750E+04 -1.314E+00 -1.276E+00 -5.062E-01
 -1.1594250E+04 -1.986E+00 -1.834E+00 -5.508E-01
 -1.1593750E+04 -1.901E+00 -1.937E+00 -1.074E+00
 -1.1593250E+04 -1.739E+00 -1.610E+00 -5.553E-01
 -1.1592750E+04 -1.276E+00 -1.582E+00 -1.715E+00
 -1.1592250E+04 -1.350E+00 -1.469E+00 -9.544E-01
 -1.1591750E+04 -1.348E+00 -1.423E+00 -5.299E-01
 -1.1591250E+04 -1.372E+00 -1.377E+00 -8.079E-01
 -1.1590750E+04 -1.236E+00 -1.148E+00 -9.889E-01
 -1.1590250E+04 -1.327E+00 -1.105E+00 -5.070E-01
 -1.1589750E+04 -1.659E+00 -1.655E+00 -9.821E-01
 -1.1589250E+04 -1.594E+00 -1.592E+00 -7.322E-01
 -1.1588750E+04 -9.167E-01 -1.190E+00 -8.814E-01
 -1.1588250E+04 -1.307E+00 -1.513E+00 -7.599E-01
 -1.1587750E+04 -1.848E+00 -1.674E+00 -2.174E-01
 -1.1587250E+04 -1.880E+00 -1.845E+00 -5.752E-01
 -1.1586750E+04 -1.663E+00 -1.765E+00 -1.232E+00
 -1.1586250E+04 -1.622E+00 -1.410E+00 -7.952E-01
 -1.1585750E+04 -2.838E-01 -8.026E-01 -1.622E+00
 -1.1585250E+04 -2.160E+00 -1.780E+00 -2.596E-01
 -1.1584750E+04 -3.102E-01 -9.373E-01 -1.189E+00
 -1.1584250E+04 -1.177E+00 -1.078E+00 -3.122E-01
 -1.1583750E+04 -2.153E+00 -2.219E+00 -8.341E-01
 -1.1583250E+04 -1.524E+00 -1.460E+00 -8.592E-01
 -1.1582750E+04 -1.677E+00 -1.504E+00 -4.106E-01
 -1.1582250E+04 -1.342E+00 -1.510E+00 -1.225E+00
 -1.1581750E+04 -1.372E+00 -1.249E+00 -7.030E-01
 -1.1581250E+04 -1.607E+00 -8.456E-01 -2.209E-01
 -1.1580750E+04 -1.344E+00 -1.587E+00 -1.171E+00
 -1.1580250E+04 -1.574E+00 -1.753E+00 -9.939E-01
 -1.1579750E+04 -1.523E+00 -1.814E+00 -1.149E+00
 -1.1579250E+04 -1.872E+00 -2.011E+00 -1.100E+00
 -1.1578750E+04 -1.207E+00 -1.327E+00 -1.067E+00
 -1.1578250E+04 -1.795E+00 -1.937E+00 -8.908E-01
 -1.1577750E+04 -1.113E+00 -1.253E+00 -7.052E-01
 -1.1577250E+04 -1.471E+00 -1.298E+00 -1.383E-01
 -1.1576750E+04 -1.388E+00 -1.278E+00 -1.098E+00
 -1.1576250E+04 -1.569E+00 -1.228E+00 -9.309E-02
