 -2.4307500E+03 -0.000E+00 -0.000E+00  0.000E+00
 -2.4302500E+03 -0.000E+00 -0.000E+00  0.000E+00
 -2.4297500E+03 -0.000E+00 -0.000E+00  0.000E+00
 -2.4292500E+03 -0.000E+00 -0.000E+00  0.000E+00
 -2.4287500E+03 -0.000E+00 -0.000E+00  0.000E+00
 -2.4282500E+03 -0.000E+00 -0.000E+00  0.000E+00
 -2.4277500E+03 -0.000E+00 -0.000E+00  0.000E+00
 -2.4272500E+03 -0.000E+00 -0.000E+00  0.000E+00
 -2.4267500E+03 -0.000E+00 -0.000E+00  0.000E+00
 -2.4262500E+03 -0.000E+00 -0.000E+00  0.000E+00
 -2.4257500E+03 -0.000E+00 -0.000E+00  0.000E+00
 -2.4252500E+03 -0.000E+00 -0.000E+00  0.000E+00
 -2.4247500E+03 -0.000E+00 -0.000E+00  0.000E+00
 -2.4242500E+03 -0.000E+00 -0.000E+00  0.000E+00
 -2.4237500E+03 -0.000E+00 -0.000E+00  0.000E+00
 -2.4232500E+03 -0.000E+00 -0.000E+00  0.000E+00
 -2.4227500E+03 -0.000E+00 -0.000E+00  0.000E+00
 -2.4222500E+03 -0.000E+00 -0.000E+00  0.000E+00
 -2.4217500E+03 -0.000E+00 -0.000E+00  0.000E+00
 -2.4212500E+03 -0.000E+00 -0.000E+00  0.000E+00
 -2.4207500E+03 -0.000E+00 -0.000E+00  0.000E+00
 -2.4202500E+03 -0.000E+00 -0.000E+00  0.000E+00
 -2.4197500E+03 -0.000E+00 -0.000E+00  0.000E+00
 -2.4192500E+03 -0.000E+00 -0.000E+00  0.000E+00
 -2.4187500E+03 -0.000E+00 -0.000E+00  0.000E+00
 -2.4182500E+03 -0.000E+00 -0.000E+00  0.000E+00
 -2.4177500E+03 -0.000E+00 -0.000E+00  0.000E+00
 -2.4172500E+03 -0.000E+00 -0.000E+00  0.000E+00
 -2.4167500E+03 -0.000E+00 -0.000E+00  0.000E+00
 -2.4162500E+03 -0.000E+00 -0.000E+00  0.000E+00
 -2.4157500E+03 -0.000E+00 -0.000E+00  0.000E+00
 -2.4152500E+03 -0.000E+00 -0.000E+00  0.000E+00
 -2.4147500E+03 -0.000E+00 -0.000E+00  0.000E+00
 -2.4142500E+03 -0.000E+00 -0.000E+00  0.000E+00
 -2.4137500E+03 -0.000E+00 -0.000E+00  0.000E+00
 -2.4132500E+03 -0.000E+00 -0.000E+00  0.000E+00
 -2.4127500E+03 -0.000E+00 -0.000E+00  0.000E+00
 -2.4122500E+03 -0.000E+00 -0.000E+00  0.000E+00
 -2.4117500E+03 -0.000E+00 -0.000E+00  0.000E+00
 -2.4112500E+03 -0.000E+00 -0.000E+00  0.000E+00
 -2.4107500E+03 -0.000E+00 -0.000E+00  0.000E+00
 -2.4102500E+03 -0.000E+00 -0.000E+00  0.000E+00
 -2.4097500E+03 -0.000E+00 -0.000E+00  0.000E+00
 -2.4092500E+03 -0.000E+00 -0.000E+00  0.000E+00
 -2.4087500E+03 -0.000E+00 -0.000E+00  0.000E+00
 -2.4082500E+03 -0.000E+00 -0.000E+00  0.000E+00
 -2.4077500E+03 -0.000E+00 -0.000E+00  0.000E+00
 -2.4072500E+03 -0.000E+00 -0.000E+00  0.000E+00
 -2.4067500E+03 -0.000E+00 -0.000E+00  0.000E+00
 -2.4062500E+03 -0.000E+00 -0.000E+00  0.000E+00
 -2.4057500E+03 -0.000E+00 -0.000E+00  0.000E+00
 -2.4052500E+03 -0.000E+00 -0.000E+00  0.000E+00
 -2.4047500E+03 -0.000E+00 -0.000E+00  0.000E+00
 -2.4042500E+03 -0.000E+00 -0.000E+00  0.000E+00
 -2.4037500E+03 -0.000E+00 -0.000E+00  0.000E+00
 -2.4032500E+03  1.231E-06  1.095E-06  9.615E-08
 -2.4027500E+03 -2.299E-06 -2.041E-06 -1.637E-07
 -2.4022500E+03  4.469E-06  1.914E-06 -7.942E-06
 -2.4017500E+03  1.287E-04  1.133E-04  4.919E-06
 -2.4012500E+03  8.878E-04  7.891E-04  6.491E-05
 -2.4007500E+03  1.922E-03  1.712E-03  1.515E-04
 -2.4002500E+03 -2.993E-04 -2.646E-04 -1.816E-05
 -2.3997500E+03 -1.064E-04 -7.547E-05  6.734E-05
 -2.3992500E+03 -1.675E-04 -1.188E-04  1.069E-04
 -2.3987500E+03  5.261E-04  4.634E-04  1.829E-05
 -2.3982500E+03  4.000E-04  3.513E-04  8.203E-06
 -2.3977500E+03  1.529E-03  1.564E-03  9.324E-04
 -2.3972500E+03  5.732E-04  6.298E-04  5.175E-04
 -2.3967500E+03  6.124E-04  3.215E-04 -8.540E-04
 -2.3962500E+03  2.481E-03  2.486E-03  1.300E-03
 -2.3957500E+03  3.244E-03  3.672E-03  3.367E-03
 -2.3952500E+03 -2.337E-03 -1.710E-03  1.320E-03
 -2.3947500E+03 -5.048E-03 -4.048E-03  1.424E-03
 -2.3942500E+03  7.651E-03  8.911E-03  8.966E-03
 -2.3937500E+03  6.892E-03  6.805E-03  3.182E-03
 -2.3932500E+03  1.850E-03  5.071E-04 -4.446E-03
 -2.3927500E+03 -2.076E-03 -2.538E-03 -2.914E-03
 -2.3922500E+03 -2.081E-03 -1.996E-03 -7.190E-04
 -2.3917500E+03  2.408E-03  1.822E-03 -1.117E-03
 -2.3912500E+03  1.221E-03  8.167E-04 -9.982E-04
 -2.3907500E+03  5.733E-03  4.186E-03 -3.325E-03
 -2.3902500E+03  1.086E-02  9.947E-03  1.785E-03
 -2.3897500E+03 -3.899E-04 -1.041E-03 -2.778E-03
 -2.3892500E+03 -1.014E-03  2.175E-03  1.223E-02
 -2.3887500E+03  3.021E-03  2.029E-04 -9.842E-03
 -2.3882500E+03  1.301E-02  1.448E-02  1.233E-02
 -2.3877500E+03  6.090E-03  7.458E-03  8.431E-03
 -2.3872500E+03 -9.916E-03 -8.154E-03  2.184E-03
 -2.3867500E+03  2.112E-02  2.729E-02  3.534E-02
 -2.3862500E+03  1.250E-02  6.519E-03 -1.793E-02
 -2.3857500E+03  7.980E-03  8.958E-03  7.742E-03
 -2.3852500E+03  9.160E-03  6.003E-03 -8.762E-03
 -2.3847500E+03  2.961E-02  2.667E-02  2.179E-03
 -2.3842500E+03  9.148E-03  1.015E-02  8.733E-03
 -2.3837500E+03  6.179E-02  4.412E-02 -4.054E-02
 -2.3832500E+03  3.529E-02  3.337E-02  9.522E-03
 -2.3827500E+03  1.868E-02  3.049E-02  5.620E-02
 -2.3822500E+03  2.779E-02  2.138E-02 -1.229E-02
 -2.3817500E+03  2.823E-02  2.587E-02  4.353E-03
 -2.3812500E+03  6.519E-03  9.986E-03  1.708E-02
 -2.3807500E+03 -1.711E-02 -9.833E-03  2.042E-02
 -2.3802500E+03  2.121E-02  2.614E-02  3.115E-02
 -2.3797500E+03  2.101E-01  2.135E-01  1.159E-01
 -2.3792500E+03  9.998E-02  9.211E-02  1.647E-02
 -2.3787500E+03 -1.063E-01 -9.410E-02 -2.309E-03
 -2.3782500E+03 -7.721E-03  1.812E-02  9.980E-02
 -2.3777500E+03  6.406E-02  3.694E-02 -7.858E-02
 -2.3772500E+03  3.913E-02  6.433E-02  1.208E-01
 -2.3767500E+03  4.469E-02  4.793E-02  3.411E-02
 -2.3762500E+03  4.600E-02  4.108E-02  1.455E-03
 -2.3757500E+03  9.588E-02  1.398E-01  2.221E-01
 -2.3752500E+03  9.551E-02  6.759E-02 -6.599E-02
 -2.3747500E+03  1.273E-01  1.394E-01  1.105E-01
 -2.3742500E+03  9.879E-02  6.423E-02 -9.178E-02
 -2.3737500E+03  1.662E-01  1.803E-01  1.356E-01
 -2.3732500E+03  1.013E-01  7.647E-02 -5.209E-02
 -2.3727500E+03  5.387E-02  5.486E-02  2.933E-02
 -2.3722500E+03  4.400E-02  3.497E-02 -1.454E-02
 -2.3717500E+03 -3.515E-02  1.261E-02  1.739E-01
 -2.3712500E+03  2.714E-01  2.322E-01 -3.128E-02
 -2.3707500E+03 -5.925E-03  3.072E-02  1.444E-01
 -2.3702500E+03  2.362E-02  4.420E-02  9.332E-02
 -2.3697500E+03  3.645E-02  6.893E-02  1.468E-01
 -2.3692500E+03  1.995E-01  2.012E-01  9.893E-02
 -2.3687500E+03  1.081E-01  1.220E-01  1.081E-01
 -2.3682500E+03  1.597E-01  1.896E-01  1.913E-01
 -2.3677500E+03  5.753E-01  5.673E-01  2.351E-01
 -2.3672500E+03  3.317E-01  2.451E-01 -1.917E-01
 -2.3667500E+03 -4.776E-02 -3.232E-02  3.935E-02
 -2.3662500E+03  2.337E-02  3.642E-02  6.243E-02
 -2.3657500E+03  3.779E-01  3.233E-01 -4.242E-02
 -2.3652500E+03  2.090E-01  2.527E-01  2.722E-01
 -2.3647500E+03  5.251E-02  2.367E-01  7.589E-01
 -2.3642500E+03  5.621E-01  5.924E-01  3.797E-01
 -2.3637500E+03  2.506E-01  1.796E-01 -1.674E-01
 -2.3632500E+03  3.097E-01  3.463E-01  2.887E-01
 -2.3627500E+03  9.685E-01  8.901E-01  1.332E-01
 -2.3622500E+03  4.079E-01  4.334E-01  2.899E-01
 -2.3617500E+03  3.583E-01  3.536E-01  1.422E-01
 -2.3612500E+03  2.196E-01  2.609E-01  2.673E-01
 -2.3607500E+03  3.770E-01  3.566E-01  8.868E-02
 -2.3602500E+03  4.956E-01  5.064E-01  2.696E-01
 -2.3597500E+03  8.794E-01  8.714E-01  3.688E-01
 -2.3592500E+03  5.279E-01  5.935E-01  4.981E-01
 -2.3587500E+03  5.150E-01  5.711E-01  4.578E-01
 -2.3582500E+03  3.066E-01  2.476E-01 -9.513E-02
 -2.3577500E+03  5.699E-01  6.356E-01  5.229E-01
 -2.3572500E+03  1.274E+00  1.269E+00  5.518E-01
 -2.3567500E+03  5.305E-01  6.079E-01  5.474E-01
 -2.3562500E+03  5.007E-01  6.314E-01  7.421E-01
 -2.3557500E+03  1.147E+00  1.179E+00  6.402E-01
 -2.3552500E+03  1.407E+00  1.320E+00  2.801E-01
 -2.3547500E+03  1.224E+00  1.312E+00  8.960E-01
 -2.3542500E+03  1.264E+00  1.170E+00  1.953E-01
 -2.3537500E+03  4.378E-01  5.472E-01  6.267E-01
 -2.3532500E+03  5.249E-01  7.092E-01  9.615E-01
 -2.3527500E+03  1.293E+00  1.358E+00  8.349E-01
 -2.3522500E+03  1.229E+00  1.204E+00  4.374E-01
 -2.3517500E+03  1.269E+00  1.375E+00  9.795E-01
 -2.3512500E+03  1.223E+00  1.456E+00  1.465E+00
 -2.3507500E+03  2.299E+00  2.011E+00 -1.339E-01
 -2.3502500E+03  1.497E+00  1.617E+00  1.139E+00
 -2.3497500E+03  1.410E+00  1.496E+00  9.604E-01
 -2.3492500E+03  1.309E+00  1.366E+00  7.957E-01
 -2.3487500E+03  2.452E+00  2.427E+00  9.730E-01
 -2.3482500E+03  1.831E+00  1.943E+00  1.247E+00
 -2.3477500E+03  1.470E+00  1.679E+00  1.468E+00
 -2.3472500E+03  2.349E+00  2.405E+00  1.248E+00
 -2.3467500E+03  2.528E+00  2.589E+00  1.335E+00
 -2.3462500E+03  2.975E+00  3.059E+00  1.615E+00
 -2.3457500E+03  2.642E+00  2.667E+00  1.241E+00
 -2.3452500E+03  2.725E+00  2.751E+00  1.281E+00
 -2.3447500E+03  1.637E+00  2.078E+00  2.451E+00
 -2.3442500E+03  3.301E+00  3.482E+00  2.134E+00
 -2.3437500E+03  3.900E+00  3.777E+00  1.188E+00
 -2.3432500E+03  2.824E+00  3.031E+00  2.023E+00
 -2.3427500E+03  3.244E+00  3.765E+00  3.444E+00
 -2.3422500E+03  5.720E+00  5.664E+00  2.232E+00
 -2.3417500E+03  4.496E+00  4.547E+00  2.117E+00
 -2.3412500E+03  4.069E+00  4.247E+00  2.437E+00
 -2.3407500E+03  5.257E+00  5.474E+00  3.078E+00
 -2.3402500E+03  4.726E+00  5.052E+00  3.292E+00
 -2.3397500E+03  4.673E+00  5.093E+00  3.637E+00
 -2.3392500E+03  4.964E+00  5.386E+00  3.767E+00
 -2.3387500E+03  7.041E+00  7.169E+00  3.464E+00
 -2.3382500E+03  6.029E+00  6.162E+00  3.066E+00
 -2.3377500E+03  6.299E+00  6.403E+00  3.038E+00
 -2.3372500E+03  5.152E+00  5.475E+00  3.426E+00
 -2.3367500E+03  7.696E+00  8.366E+00  5.882E+00
 -2.3362500E+03  6.188E+00  6.134E+00  2.345E+00
 -2.3357500E+03  7.878E+00  8.237E+00  4.713E+00
 -2.3352500E+03  8.799E+00  9.114E+00  4.903E+00
 -2.3347500E+03  6.746E+00  7.553E+00  6.005E+00
 -2.3342500E+03  1.028E+01  1.065E+01  5.726E+00
 -2.3337500E+03  9.057E+00  9.011E+00  3.545E+00
 -2.3332500E+03  9.428E+00  9.775E+00  5.239E+00
 -2.3327500E+03  8.866E+00  9.223E+00  5.037E+00
 -2.3322500E+03  1.023E+01  1.135E+01  8.629E+00
 -2.3317500E+03  1.067E+01  1.081E+01  4.894E+00
 -2.3312500E+03  1.384E+01  1.404E+01  6.479E+00
 -2.3307500E+03  1.149E+01  1.203E+01  6.822E+00
 -2.3302500E+03  1.096E+01  1.162E+01  7.065E+00
 -2.3297500E+03  1.014E+01  1.084E+01  6.883E+00
 -2.3292500E+03  1.162E+01  1.208E+01  6.503E+00
 -2.3287500E+03  1.298E+01  1.342E+01  7.007E+00
 -2.3282500E+03  1.538E+01  1.542E+01  6.354E+00
 -2.3277500E+03  1.326E+01  1.418E+01  8.989E+00
 -2.3272500E+03  1.432E+01  1.497E+01  8.319E+00
 -2.3267500E+03  1.437E+01  1.518E+01  8.966E+00
 -2.3262500E+03  1.600E+01  1.635E+01  7.812E+00
 -2.3257500E+03  1.600E+01  1.683E+01  9.636E+00
 -2.3252500E+03  1.660E+01  1.765E+01  1.077E+01
 -2.3247500E+03  1.731E+01  1.832E+01  1.086E+01
 -2.3242500E+03  2.004E+01  2.022E+01  8.692E+00
 -2.3237500E+03  2.175E+01  2.276E+01  1.260E+01
 -2.3232500E+03  2.121E+01  2.221E+01  1.235E+01
 -2.3227500E+03  2.091E+01  2.177E+01  1.166E+01
 -2.3222500E+03  2.112E+01  2.171E+01  1.062E+01
 -2.3217500E+03  2.021E+01  2.139E+01  1.259E+01
 -2.3212500E+03  2.054E+01  2.158E+01  1.216E+01
 -2.3207500E+03  2.275E+01  2.370E+01  1.267E+01
 -2.3202500E+03  2.498E+01  2.614E+01  1.432E+01
 -2.3197500E+03  2.383E+01  2.482E+01  1.320E+01
 -2.3192500E+03  2.018E+01  2.168E+01  1.370E+01
 -2.3187500E+03  2.502E+01  2.651E+01  1.558E+01
 -2.3182500E+03  2.911E+01  3.016E+01  1.544E+01
 -2.3177500E+03  2.515E+01  2.688E+01  1.649E+01
 -2.3172500E+03  2.962E+01  3.044E+01  1.461E+01
 -2.3167500E+03  3.170E+01  3.257E+01  1.562E+01
 -2.3162500E+03  2.973E+01  3.167E+01  1.906E+01
 -2.3157500E+03  3.110E+01  3.169E+01  1.429E+01
 -2.3152500E+03  3.338E+01  3.408E+01  1.552E+01
 -2.3147500E+03  2.965E+01  3.169E+01  1.928E+01
 -2.3142500E+03  3.395E+01  3.534E+01  1.849E+01
 -2.3137500E+03  3.094E+01  3.222E+01  1.677E+01
 -2.3132500E+03  3.317E+01  3.484E+01  1.921E+01
 -2.3127500E+03  3.466E+01  3.684E+01  2.169E+01
 -2.3122500E+03  3.867E+01  4.044E+01  2.148E+01
 -2.3117500E+03  4.133E+01  4.250E+01  2.021E+01
 -2.3112500E+03  3.987E+01  4.106E+01  1.969E+01
 -2.3107500E+03  4.110E+01  4.357E+01  2.513E+01
 -2.3102500E+03  4.314E+01  4.563E+01  2.598E+01
 -2.3097500E+03  3.861E+01  4.076E+01  2.284E+01
 -2.3092500E+03  4.152E+01  4.323E+01  2.222E+01
 -2.3087500E+03  4.021E+01  4.230E+01  2.305E+01
 -2.3082500E+03  4.761E+01  4.851E+01  2.119E+01
 -2.3077500E+03  4.370E+01  4.547E+01  2.313E+01
 -2.3072500E+03  4.555E+01  4.736E+01  2.392E+01
 -2.3067500E+03  4.579E+01  4.700E+01  2.161E+01
 -2.3062500E+03  4.412E+01  4.686E+01  2.698E+01
 -2.3057500E+03  4.375E+01  4.623E+01  2.571E+01
 -2.3052500E+03  5.111E+01  5.325E+01  2.714E+01
 -2.3047500E+03  4.730E+01  5.075E+01  3.079E+01
 -2.3042500E+03  5.360E+01  5.476E+01  2.400E+01
 -2.3037500E+03  5.353E+01  5.572E+01  2.799E+01
 -2.3032500E+03  5.434E+01  5.662E+01  2.873E+01
 -2.3027500E+03  4.726E+01  5.034E+01  2.912E+01
 -2.3022500E+03  5.441E+01  5.766E+01  3.238E+01
 -2.3017500E+03  5.670E+01  5.802E+01  2.549E+01
 -2.3012500E+03  5.422E+01  5.692E+01  3.006E+01
 -2.3007500E+03  5.759E+01  6.159E+01  3.632E+01
 -2.3002500E+03  5.998E+01  6.080E+01  2.462E+01
 -2.2997500E+03  6.113E+01  6.464E+01  3.561E+01
 -2.2992500E+03  5.745E+01  6.020E+01  3.120E+01
 -2.2987500E+03  6.268E+01  6.485E+01  3.076E+01
 -2.2982500E+03  6.465E+01  6.754E+01  3.426E+01
 -2.2977500E+03  5.753E+01  6.067E+01  3.254E+01
 -2.2972500E+03  6.482E+01  6.795E+01  3.516E+01
 -2.2967500E+03  6.176E+01  6.386E+01  2.997E+01
 -2.2962500E+03  6.446E+01  6.730E+01  3.359E+01
 -2.2957500E+03  6.317E+01  6.541E+01  3.081E+01
 -2.2952500E+03  6.369E+01  6.663E+01  3.371E+01
 -2.2947500E+03  6.340E+01  6.672E+01  3.497E+01
 -2.2942500E+03  6.813E+01  7.053E+01  3.298E+01
 -2.2937500E+03  6.574E+01  6.786E+01  3.109E+01
 -2.2932500E+03  6.792E+01  7.142E+01  3.710E+01
 -2.2927500E+03  6.657E+01  7.066E+01  3.899E+01
 -2.2922500E+03  6.417E+01  6.730E+01  3.420E+01
 -2.2917500E+03  6.602E+01  6.985E+01  3.759E+01
 -2.2912500E+03  6.293E+01  6.727E+01  3.852E+01
 -2.2907500E+03  7.361E+01  7.744E+01  4.016E+01
 -2.2902500E+03  7.529E+01  7.659E+01  3.064E+01
 -2.2897500E+03  6.943E+01  7.389E+01  4.093E+01
 -2.2892500E+03  7.042E+01  7.342E+01  3.561E+01
 -2.2887500E+03  7.223E+01  7.686E+01  4.248E+01
 -2.2882500E+03  7.059E+01  7.461E+01  3.935E+01
 -2.2877500E+03  7.020E+01  7.333E+01  3.572E+01
 -2.2872500E+03  7.321E+01  7.684E+01  3.870E+01
 -2.2867500E+03  7.257E+01  7.603E+01  3.772E+01
 -2.2862500E+03  7.255E+01  7.609E+01  3.796E+01
 -2.2857500E+03  7.840E+01  8.110E+01  3.658E+01
 -2.2852500E+03  7.432E+01  7.717E+01  3.573E+01
 -2.2847500E+03  7.675E+01  7.906E+01  3.424E+01
 -2.2842500E+03  7.695E+01  8.109E+01  4.139E+01
 -2.2837500E+03  7.272E+01  7.543E+01  3.444E+01
 -2.2832500E+03  7.682E+01  8.042E+01  3.926E+01
 -2.2827500E+03  6.871E+01  7.278E+01  3.822E+01
 -2.2822500E+03  7.589E+01  8.067E+01  4.333E+01
 -2.2817500E+03  7.524E+01  7.933E+01  4.031E+01
 -2.2812500E+03  7.575E+01  7.917E+01  3.775E+01
 -2.2807500E+03  7.716E+01  8.073E+01  3.892E+01
 -2.2802500E+03  7.343E+01  7.650E+01  3.560E+01
 -2.2797500E+03  7.428E+01  7.883E+01  4.154E+01
 -2.2792500E+03  7.567E+01  7.831E+01  3.440E+01
 -2.2787500E+03  7.969E+01  8.322E+01  3.913E+01
 -2.2782500E+03  7.963E+01  8.324E+01  3.939E+01
 -2.2777500E+03  7.447E+01  8.010E+01  4.562E+01
 -2.2772500E+03  7.264E+01  7.724E+01  4.070E+01
 -2.2767500E+03  6.550E+01  7.083E+01  4.131E+01
 -2.2762500E+03  7.665E+01  8.153E+01  4.315E+01
 -2.2757500E+03  7.771E+01  8.126E+01  3.814E+01
 -2.2752500E+03  7.671E+01  8.195E+01  4.436E+01
 -2.2747500E+03  7.641E+01  7.919E+01  3.454E+01
 -2.2742500E+03  8.651E+01  8.973E+01  3.967E+01
 -2.2737500E+03  7.585E+01  7.963E+01  3.821E+01
 -2.2732500E+03  8.279E+01  8.610E+01  3.865E+01
 -2.2727500E+03  8.132E+01  8.481E+01  3.860E+01
 -2.2722500E+03  7.359E+01  7.676E+01  3.474E+01
 -2.2717500E+03  7.461E+01  7.953E+01  4.186E+01
 -2.2712500E+03  6.780E+01  7.275E+01  3.975E+01
 -2.2707500E+03  7.017E+01  7.508E+01  4.036E+01
 -2.2702500E+03  6.889E+01  7.506E+01  4.468E+01
 -2.2697500E+03  7.457E+01  7.813E+01  3.626E+01
 -2.2692500E+03  7.223E+01  7.649E+01  3.815E+01
 -2.2687500E+03  7.906E+01  8.058E+01  2.961E+01
 -2.2682500E+03  6.261E+01  6.740E+01  3.703E+01
 -2.2677500E+03  7.441E+01  7.916E+01  4.057E+01
 -2.2672500E+03  7.537E+01  7.889E+01  3.597E+01
 -2.2667500E+03  6.684E+01  7.064E+01  3.442E+01
 -2.2662500E+03  7.132E+01  7.534E+01  3.647E+01
 -2.2657500E+03  7.008E+01  7.370E+01  3.452E+01
 -2.2652500E+03  7.529E+01  7.878E+01  3.565E+01
 -2.2647500E+03  6.087E+01  6.732E+01  4.252E+01
 -2.2642500E+03  7.235E+01  7.578E+01  3.419E+01
 -2.2637500E+03  6.716E+01  7.396E+01  4.571E+01
 -2.2632500E+03  7.494E+01  7.699E+01  2.990E+01
 -2.2627500E+03  6.759E+01  7.079E+01  3.170E+01
 -2.2622500E+03  5.894E+01  6.283E+01  3.176E+01
 -2.2617500E+03  6.433E+01  6.759E+01  3.080E+01
 -2.2612500E+03  7.044E+01  7.379E+01  3.291E+01
 -2.2607500E+03  6.392E+01  6.507E+01  2.231E+01
 -2.2602500E+03  6.515E+01  6.962E+01  3.558E+01
 -2.2597500E+03  5.373E+01  5.991E+01  3.871E+01
 -2.2592500E+03  5.979E+01  6.383E+01  3.222E+01
 -2.2587500E+03  6.057E+01  6.569E+01  3.625E+01
 -2.2582500E+03  6.187E+01  6.745E+01  3.873E+01
 -2.2577500E+03  5.982E+01  6.106E+01  2.130E+01
 -2.2572500E+03  6.079E+01  6.419E+01  2.978E+01
 -2.2567500E+03  6.653E+01  7.013E+01  3.187E+01
 -2.2562500E+03  6.165E+01  6.570E+01  3.223E+01
 -2.2557500E+03  5.848E+01  6.256E+01  3.117E+01
 -2.2552500E+03  5.566E+01  5.956E+01  2.984E+01
 -2.2547500E+03  5.756E+01  5.979E+01  2.350E+01
 -2.2542500E+03  6.284E+01  6.460E+01  2.399E+01
 -2.2537500E+03  5.118E+01  5.460E+01  2.647E+01
 -2.2532500E+03  5.450E+01  5.776E+01  2.688E+01
 -2.2527500E+03  4.937E+01  5.320E+01  2.719E+01
 -2.2522500E+03  5.890E+01  6.163E+01  2.605E+01
 -2.2517500E+03  4.691E+01  5.352E+01  3.746E+01
 -2.2512500E+03  5.073E+01  5.297E+01  2.154E+01
 -2.2507500E+03  5.005E+01  5.384E+01  2.716E+01
 -2.2502500E+03  5.713E+01  5.993E+01  2.538E+01
 -2.2497500E+03  5.111E+01  5.342E+01  2.151E+01
 -2.2492500E+03  4.236E+01  4.657E+01  2.669E+01
 -2.2487500E+03  4.761E+01  4.813E+01  1.372E+01
 -2.2482500E+03  5.087E+01  5.250E+01  1.893E+01
 -2.2477500E+03  4.251E+01  4.593E+01  2.333E+01
 -2.2472500E+03  4.415E+01  4.828E+01  2.642E+01
 -2.2467500E+03  3.744E+01  4.006E+01  1.855E+01
 -2.2462500E+03  3.990E+01  4.460E+01  2.746E+01
 -2.2457500E+03  4.369E+01  4.586E+01  1.875E+01
 -2.2452500E+03  4.446E+01  4.547E+01  1.430E+01
 -2.2447500E+03  3.801E+01  4.396E+01  3.148E+01
 -2.2442500E+03  3.494E+01  3.767E+01  1.829E+01
 -2.2437500E+03  4.229E+01  4.486E+01  1.957E+01
 -2.2432500E+03  3.536E+01  3.774E+01  1.706E+01
 -2.2427500E+03  3.796E+01  4.214E+01  2.464E+01
 -2.2422500E+03  3.818E+01  4.007E+01  1.576E+01
 -2.2417500E+03  3.314E+01  3.360E+01  8.873E+00
 -2.2412500E+03  3.360E+01  3.674E+01  1.929E+01
 -2.2407500E+03  3.741E+01  3.779E+01  9.589E+00
 -2.2402500E+03  3.336E+01  3.752E+01  2.298E+01
 -2.2397500E+03  3.094E+01  3.308E+01  1.438E+01
 -2.2392500E+03  3.822E+01  3.985E+01  1.456E+01
 -2.2387500E+03  3.295E+01  3.446E+01  1.260E+01
 -2.2382500E+03  3.018E+01  3.258E+01  1.526E+01
 -2.2377500E+03  2.889E+01  3.106E+01  1.392E+01
 -2.2372500E+03  2.593E+01  2.666E+01  7.436E+00
 -2.2367500E+03  2.380E+01  2.791E+01  2.017E+01
 -2.2362500E+03  2.510E+01  2.574E+01  6.952E+00
 -2.2357500E+03  2.586E+01  2.651E+01  7.044E+00
 -2.2352500E+03  2.819E+01  3.068E+01  1.491E+01
 -2.2347500E+03  2.463E+01  2.780E+01  1.661E+01
 -2.2342500E+03  1.855E+01  1.983E+01  7.485E+00
 -2.2337500E+03  2.695E+01  2.921E+01  1.354E+01
 -2.2332500E+03  2.070E+01  2.158E+01  6.687E+00
 -2.2327500E+03  1.611E+01  1.952E+01  1.479E+01
 -2.2322500E+03  1.789E+01  1.976E+01  9.420E+00
 -2.2317500E+03  2.412E+01  2.492E+01  6.876E+00
 -2.2312500E+03  2.037E+01  2.110E+01  5.634E+00
 -2.2307500E+03  1.639E+01  1.712E+01  4.716E+00
 -2.2302500E+03  1.434E+01  1.773E+01  1.450E+01
 -2.2297500E+03  1.724E+01  1.905E+01  9.177E+00
 -2.2292500E+03  1.662E+01  1.856E+01  9.384E+00
 -2.2287500E+03  1.561E+01  1.856E+01  1.282E+01
 -2.2282500E+03  1.226E+01  1.560E+01  1.358E+01
 -2.2277500E+03  1.402E+01  1.545E+01  6.499E+00
 -2.2272500E+03  1.661E+01  1.494E+01 -4.882E+00
 -2.2267500E+03  1.528E+01  1.804E+01  1.186E+01
 -2.2262500E+03  8.845E+00  1.061E+01  6.199E+00
 -2.2257500E+03  1.091E+01  1.278E+01  7.391E+00
 -2.2252500E+03  1.369E+01  1.308E+01 -1.339E+00
 -2.2247500E+03  1.250E+01  1.474E+01  9.257E+00
 -2.2242500E+03  4.187E+00  5.835E+00  4.600E+00
 -2.2237500E+03  1.048E+01  1.286E+01  9.360E+00
 -2.2232500E+03  1.172E+01  1.329E+01  6.546E+00
 -2.2227500E+03  9.773E+00  1.118E+01  5.265E+00
 -2.2222500E+03  7.221E+00  7.539E+00  3.916E-01
 -2.2217500E+03  1.000E+01  1.024E+01  7.961E-01
 -2.2212500E+03  7.991E+00  8.228E+00  1.100E-01
 -2.2207500E+03  8.509E-01  1.528E+00  2.239E-01
 -2.2202500E+03  4.131E-01  2.022E+00  3.583E+00
 -2.2197500E+03 -3.580E+00 -1.562E+00  4.104E+00
 -2.2192500E+03  6.417E+00  7.053E+00  1.245E+00
 -2.2187500E+03  4.617E+00  4.692E+00 -1.261E+00
 -2.2182500E+03  5.087E+00  6.518E+00  3.968E+00
 -2.2177500E+03  6.187E+00  7.105E+00  2.371E+00
 -2.2172500E+03 -1.787E+00 -2.211E+00 -4.713E+00
 -2.2167500E+03  1.782E-01  2.629E-01 -2.294E+00
 -2.2162500E+03  1.873E+00  2.959E+00  1.810E+00
 -2.2157500E+03 -6.092E-01  1.209E+00  3.998E+00
 -2.2152500E+03 -2.648E+00 -1.031E+00  2.744E+00
 -2.2147500E+03 -3.785E+00 -2.274E+00  2.258E+00
 -2.2142500E+03 -3.198E+00 -3.011E+00 -2.751E+00
 -2.2137500E+03 -3.594E+00 -3.785E+00 -4.478E+00
 -2.2132500E+03 -4.376E+00 -4.327E+00 -3.706E+00
 -2.2127500E+03 -2.901E+00 -1.895E+00  4.615E-01
 -2.2122500E+03 -8.974E+00 -8.085E+00 -1.634E+00
 -2.2117500E+03 -5.664E+00 -5.600E+00 -3.755E+00
 -2.2112500E+03 -5.988E+00 -5.197E+00 -1.102E+00
 -2.2107500E+03 -5.707E+00 -5.620E+00 -3.852E+00
 -2.2102500E+03 -2.278E+00 -2.519E+00 -4.428E+00
 -2.2097500E+03 -8.653E+00 -7.393E+00 -2.154E-01
 -2.2092500E+03 -7.214E+00 -5.803E+00  9.008E-01
 -2.2087500E+03 -4.355E+00 -5.020E+00 -6.380E+00
 -2.2082500E+03 -1.022E+01 -1.100E+01 -8.400E+00
 -2.2077500E+03 -1.366E+01 -1.254E+01 -2.023E+00
 -2.2072500E+03 -2.418E+00 -2.235E+00 -2.783E+00
 -2.2067500E+03 -6.953E+00 -6.641E+00 -3.274E+00
 -2.2062500E+03 -8.881E+00 -9.328E+00 -6.915E+00
 -2.2057500E+03 -6.331E+00 -7.367E+00 -8.363E+00
 -2.2052500E+03 -6.885E+00 -7.625E+00 -7.282E+00
 -2.2047500E+03 -6.326E+00 -5.811E+00 -2.408E+00
 -2.2042500E+03 -1.246E+01 -1.067E+01  1.429E+00
 -2.2037500E+03 -1.496E+01 -1.662E+01 -1.297E+01
 -2.2032500E+03 -9.062E+00 -9.209E+00 -5.540E+00
 -2.2027500E+03 -8.514E+00 -8.666E+00 -5.298E+00
 -2.2022500E+03 -1.515E+01 -1.476E+01 -4.839E+00
 -2.2017500E+03 -1.216E+01 -1.179E+01 -4.593E+00
 -2.2012500E+03 -7.689E+00 -7.154E+00 -2.262E+00
 -2.2007500E+03 -1.462E+01 -1.482E+01 -7.102E+00
 -2.2002500E+03 -1.378E+01 -1.285E+01 -2.583E+00
 -2.1997500E+03 -1.684E+01 -1.710E+01 -7.671E+00
 -2.1992500E+03 -1.136E+01 -1.387E+01 -1.502E+01
 -2.1987500E+03 -1.392E+01 -1.348E+01 -4.455E+00
 -2.1982500E+03 -2.108E+01 -2.058E+01 -5.882E+00
 -2.1977500E+03 -1.364E+01 -1.439E+01 -8.901E+00
 -2.1972500E+03 -1.428E+01 -1.510E+01 -9.213E+00
 -2.1967500E+03 -1.573E+01 -1.664E+01 -9.933E+00
 -2.1962500E+03 -1.019E+01 -1.099E+01 -8.168E+00
 -2.1957500E+03 -1.543E+01 -1.425E+01 -1.789E+00
 -2.1952500E+03 -1.894E+01 -1.799E+01 -3.429E+00
 -2.1947500E+03 -1.542E+01 -1.599E+01 -8.717E+00
 -2.1942500E+03 -1.941E+01 -1.925E+01 -6.692E+00
 -2.1937500E+03 -1.150E+01 -1.186E+01 -6.777E+00
 -2.1932500E+03 -1.309E+01 -1.346E+01 -6.789E+00
 -2.1927500E+03 -1.266E+01 -1.458E+01 -1.288E+01
 -2.1922500E+03 -1.958E+01 -1.876E+01 -3.972E+00
 -2.1917500E+03 -2.127E+01 -2.125E+01 -7.634E+00
 -2.1912500E+03 -1.995E+01 -2.089E+01 -1.097E+01
 -2.1907500E+03 -1.825E+01 -1.843E+01 -7.551E+00
 -2.1902500E+03 -1.406E+01 -1.617E+01 -1.379E+01
 -2.1897500E+03 -1.569E+01 -1.521E+01 -4.479E+00
 -2.1892500E+03 -1.848E+01 -1.956E+01 -1.116E+01
 -2.1887500E+03 -1.856E+01 -2.004E+01 -1.277E+01
 -2.1882500E+03 -1.731E+01 -1.765E+01 -8.034E+00
 -2.1877500E+03 -1.561E+01 -1.612E+01 -8.265E+00
 -2.1872500E+03 -2.255E+01 -2.267E+01 -8.344E+00
 -2.1867500E+03 -1.878E+01 -1.905E+01 -7.694E+00
 -2.1862500E+03 -1.533E+01 -1.499E+01 -4.489E+00
 -2.1857500E+03 -1.551E+01 -1.634E+01 -9.362E+00
 -2.1852500E+03 -1.979E+01 -2.018E+01 -8.795E+00
 -2.1847500E+03 -1.750E+01 -1.731E+01 -5.970E+00
 -2.1842500E+03 -2.194E+01 -2.282E+01 -1.077E+01
 -2.1837500E+03 -1.873E+01 -1.965E+01 -1.035E+01
 -2.1832500E+03 -1.821E+01 -1.962E+01 -1.196E+01
 -2.1827500E+03 -2.019E+01 -2.018E+01 -7.337E+00
 -2.1822500E+03 -1.895E+01 -1.993E+01 -1.027E+01
 -2.1817500E+03 -1.970E+01 -2.020E+01 -8.941E+00
 -2.1812500E+03 -2.004E+01 -2.140E+01 -1.217E+01
 -2.1807500E+03 -1.957E+01 -1.972E+01 -7.599E+00
 -2.1802500E+03 -2.539E+01 -2.581E+01 -9.978E+00
 -2.1797500E+03 -2.330E+01 -2.332E+01 -8.030E+00
 -2.1792500E+03 -1.901E+01 -2.026E+01 -1.202E+01
 -2.1787500E+03 -2.093E+01 -2.047E+01 -5.427E+00
 -2.1782500E+03 -1.705E+01 -1.996E+01 -1.755E+01
 -2.1777500E+03 -1.984E+01 -2.073E+01 -1.033E+01
 -2.1772500E+03 -1.891E+01 -1.953E+01 -9.028E+00
 -2.1767500E+03 -2.098E+01 -2.154E+01 -9.337E+00
 -2.1762500E+03 -2.307E+01 -2.466E+01 -1.382E+01
 -2.1757500E+03 -2.196E+01 -2.197E+01 -7.323E+00
 -2.1752500E+03 -2.259E+01 -2.255E+01 -7.329E+00
 -2.1747500E+03 -2.076E+01 -2.068E+01 -6.793E+00
 -2.1742500E+03 -2.025E+01 -2.086E+01 -9.511E+00
 -2.1737500E+03 -2.055E+01 -2.236E+01 -1.384E+01
 -2.1732500E+03 -1.961E+01 -2.108E+01 -1.223E+01
 -2.1727500E+03 -1.972E+01 -2.164E+01 -1.429E+01
 -2.1722500E+03 -2.018E+01 -2.185E+01 -1.347E+01
 -2.1717500E+03 -2.226E+01 -2.280E+01 -9.559E+00
 -2.1712500E+03 -2.172E+01 -2.367E+01 -1.493E+01
 -2.1707500E+03 -2.235E+01 -2.256E+01 -8.175E+00
 -2.1702500E+03 -2.071E+01 -2.111E+01 -8.811E+00
 -2.1697500E+03 -1.981E+01 -2.078E+01 -1.046E+01
 -2.1692500E+03 -2.152E+01 -2.189E+01 -8.092E+00
 -2.1687500E+03 -2.105E+01 -2.312E+01 -1.494E+01
 -2.1682500E+03 -2.196E+01 -2.349E+01 -1.301E+01
 -2.1677500E+03 -2.124E+01 -2.195E+01 -9.981E+00
 -2.1672500E+03 -1.988E+01 -2.064E+01 -9.723E+00
 -2.1667500E+03 -2.492E+01 -2.584E+01 -1.160E+01
 -2.1662500E+03 -2.214E+01 -2.271E+01 -9.265E+00
 -2.1657500E+03 -1.847E+01 -1.949E+01 -1.011E+01
 -2.1652500E+03 -1.852E+01 -2.052E+01 -1.405E+01
 -2.1647500E+03 -1.995E+01 -2.046E+01 -8.339E+00
 -2.1642500E+03 -1.781E+01 -1.939E+01 -1.215E+01
 -2.1637500E+03 -1.940E+01 -2.055E+01 -1.088E+01
 -2.1632500E+03 -1.909E+01 -2.058E+01 -1.208E+01
 -2.1627500E+03 -2.351E+01 -2.393E+01 -8.904E+00
 -2.1622500E+03 -2.283E+01 -2.330E+01 -9.111E+00
 -2.1617500E+03 -2.272E+01 -2.311E+01 -8.707E+00
 -2.1612500E+03 -2.066E+01 -2.066E+01 -6.971E+00
 -2.1607500E+03 -1.683E+01 -1.773E+01 -9.350E+00
 -2.1602500E+03 -2.268E+01 -2.367E+01 -1.053E+01
 -2.1597500E+03 -2.238E+01 -2.350E+01 -1.165E+01
 -2.1592500E+03 -2.277E+01 -2.310E+01 -8.287E+00
 -2.1587500E+03 -2.151E+01 -2.245E+01 -1.056E+01
 -2.1582500E+03 -2.197E+01 -2.223E+01 -7.671E+00
 -2.1577500E+03 -2.126E+01 -2.233E+01 -1.074E+01
 -2.1572500E+03 -2.382E+01 -2.447E+01 -9.881E+00
 -2.1567500E+03 -2.160E+01 -2.231E+01 -9.405E+00
 -2.1562500E+03 -1.920E+01 -2.205E+01 -1.748E+01
 -2.1557500E+03 -2.417E+01 -2.539E+01 -1.210E+01
 -2.1552500E+03 -2.381E+01 -2.337E+01 -5.423E+00
 -2.1547500E+03 -1.799E+01 -2.079E+01 -1.661E+01
 -2.1542500E+03 -2.093E+01 -2.233E+01 -1.199E+01
 -2.1537500E+03 -2.310E+01 -2.385E+01 -1.006E+01
 -2.1532500E+03 -2.339E+01 -2.381E+01 -8.812E+00
 -2.1527500E+03 -2.115E+01 -2.161E+01 -8.430E+00
 -2.1522500E+03 -2.197E+01 -2.234E+01 -8.415E+00
 -2.1517500E+03 -1.832E+01 -1.956E+01 -1.072E+01
 -2.1512500E+03 -2.072E+01 -2.249E+01 -1.327E+01
 -2.1507500E+03 -2.132E+01 -2.270E+01 -1.180E+01
 -2.1502500E+03 -2.191E+01 -2.237E+01 -8.505E+00
 -2.1497500E+03 -2.086E+01 -2.213E+01 -1.153E+01
 -2.1492500E+03 -2.124E+01 -2.146E+01 -7.425E+00
 -2.1487500E+03 -1.809E+01 -1.999E+01 -1.331E+01
 -2.1482500E+03 -2.232E+01 -2.306E+01 -9.511E+00
 -2.1477500E+03 -2.074E+01 -2.204E+01 -1.155E+01
 -2.1472500E+03 -2.071E+01 -2.170E+01 -1.030E+01
 -2.1467500E+03 -2.292E+01 -2.458E+01 -1.343E+01
 -2.1462500E+03 -2.113E+01 -2.312E+01 -1.415E+01
 -2.1457500E+03 -2.148E+01 -2.257E+01 -1.063E+01
 -2.1452500E+03 -1.972E+01 -2.066E+01 -9.683E+00
 -2.1447500E+03 -2.136E+01 -2.307E+01 -1.313E+01
 -2.1442500E+03 -2.071E+01 -2.232E+01 -1.237E+01
 -2.1437500E+03 -2.180E+01 -2.305E+01 -1.108E+01
 -2.1432500E+03 -1.894E+01 -2.112E+01 -1.444E+01
 -2.1427500E+03 -2.163E+01 -2.302E+01 -1.200E+01
 -2.1422500E+03 -1.620E+01 -1.778E+01 -1.141E+01
 -2.1417500E+03 -2.052E+01 -2.107E+01 -8.372E+00
 -2.1412500E+03 -2.171E+01 -2.137E+01 -5.159E+00
 -2.1407500E+03 -2.016E+01 -2.183E+01 -1.246E+01
 -2.1402500E+03 -2.091E+01 -2.242E+01 -1.204E+01
 -2.1397500E+03 -2.103E+01 -2.103E+01 -6.290E+00
 -2.1392500E+03 -1.924E+01 -2.038E+01 -1.005E+01
 -2.1387500E+03 -2.223E+01 -2.313E+01 -1.014E+01
 -2.1382500E+03 -1.832E+01 -1.924E+01 -9.314E+00
 -2.1377500E+03 -1.927E+01 -2.012E+01 -9.200E+00
 -2.1372500E+03 -2.082E+01 -2.250E+01 -1.264E+01
 -2.1367500E+03 -2.091E+01 -2.261E+01 -1.301E+01
 -2.1362500E+03 -1.972E+01 -2.063E+01 -9.314E+00
 -2.1357500E+03 -1.924E+01 -2.132E+01 -1.387E+01
 -2.1352500E+03 -2.200E+01 -2.222E+01 -7.521E+00
 -2.1347500E+03 -1.757E+01 -1.902E+01 -1.097E+01
 -2.1342500E+03 -1.879E+01 -2.087E+01 -1.366E+01
 -2.1337500E+03 -1.888E+01 -1.883E+01 -5.548E+00
 -2.1332500E+03 -2.126E+01 -2.142E+01 -6.738E+00
 -2.1327500E+03 -2.060E+01 -2.103E+01 -7.870E+00
 -2.1322500E+03 -1.845E+01 -1.927E+01 -8.877E+00
 -2.1317500E+03 -1.885E+01 -1.998E+01 -1.000E+01
 -2.1312500E+03 -1.774E+01 -1.926E+01 -1.101E+01
 -2.1307500E+03 -1.965E+01 -2.037E+01 -8.845E+00
 -2.1302500E+03 -1.787E+01 -1.901E+01 -1.003E+01
 -2.1297500E+03 -2.182E+01 -2.217E+01 -7.415E+00
 -2.1292500E+03 -2.199E+01 -2.197E+01 -6.420E+00
 -2.1287500E+03 -1.896E+01 -2.015E+01 -1.059E+01
 -2.1282500E+03 -1.858E+01 -2.030E+01 -1.210E+01
 -2.1277500E+03 -1.796E+01 -1.933E+01 -1.031E+01
 -2.1272500E+03 -2.028E+01 -2.116E+01 -9.399E+00
 -2.1267500E+03 -1.932E+01 -2.036E+01 -9.671E+00
 -2.1262500E+03 -2.051E+01 -2.161E+01 -1.022E+01
 -2.1257500E+03 -2.028E+01 -2.138E+01 -1.002E+01
 -2.1252500E+03 -1.846E+01 -1.905E+01 -7.715E+00
 -2.1247500E+03 -1.860E+01 -1.954E+01 -9.080E+00
 -2.1242500E+03 -1.839E+01 -1.954E+01 -9.979E+00
 -2.1237500E+03 -1.800E+01 -1.939E+01 -1.064E+01
 -2.1232500E+03 -1.727E+01 -1.855E+01 -1.018E+01
 -2.1227500E+03 -1.776E+01 -1.905E+01 -9.929E+00
 -2.1222500E+03 -1.865E+01 -2.017E+01 -1.131E+01
 -2.1217500E+03 -1.894E+01 -2.006E+01 -9.819E+00
 -2.1212500E+03 -1.810E+01 -1.929E+01 -1.011E+01
 -2.1207500E+03 -1.938E+01 -1.960E+01 -6.726E+00
 -2.1202500E+03 -2.010E+01 -2.034E+01 -6.930E+00
 -2.1197500E+03 -1.710E+01 -1.780E+01 -7.799E+00
 -2.1192500E+03 -2.009E+01 -2.035E+01 -6.888E+00
 -2.1187500E+03 -1.767E+01 -1.858E+01 -8.822E+00
 -2.1182500E+03 -2.097E+01 -2.263E+01 -1.227E+01
 -2.1177500E+03 -1.937E+01 -2.006E+01 -8.306E+00
 -2.1172500E+03 -1.722E+01 -1.827E+01 -9.223E+00
 -2.1167500E+03 -1.760E+01 -1.862E+01 -9.029E+00
 -2.1162500E+03 -1.578E+01 -1.732E+01 -1.059E+01
 -2.1157500E+03 -1.802E+01 -1.861E+01 -7.456E+00
 -2.1152500E+03 -1.961E+01 -2.101E+01 -1.080E+01
 -2.1147500E+03 -1.779E+01 -1.878E+01 -8.711E+00
 -2.1142500E+03 -1.695E+01 -1.833E+01 -1.031E+01
 -2.1137500E+03 -1.630E+01 -1.742E+01 -9.309E+00
 -2.1132500E+03 -1.768E+01 -1.893E+01 -9.935E+00
 -2.1127500E+03 -1.789E+01 -1.899E+01 -9.614E+00
 -2.1122500E+03 -1.881E+01 -1.986E+01 -9.619E+00
 -2.1117500E+03 -1.814E+01 -1.900E+01 -8.613E+00
 -2.1112500E+03 -1.977E+01 -2.065E+01 -8.956E+00
 -2.1107500E+03 -1.630E+01 -1.740E+01 -8.909E+00
 -2.1102500E+03 -1.701E+01 -1.804E+01 -9.244E+00
 -2.1097500E+03 -1.674E+01 -1.777E+01 -8.994E+00
 -2.1092500E+03 -1.866E+01 -1.903E+01 -6.689E+00
 -2.1087500E+03 -1.592E+01 -1.701E+01 -9.095E+00
 -2.1082500E+03 -1.672E+01 -1.889E+01 -1.326E+01
 -2.1077500E+03 -1.778E+01 -1.874E+01 -8.789E+00
 -2.1072500E+03 -1.630E+01 -1.677E+01 -6.738E+00
 -2.1067500E+03 -1.738E+01 -1.840E+01 -8.788E+00
 -2.1062500E+03 -1.756E+01 -1.872E+01 -9.756E+00
 -2.1057500E+03 -1.700E+01 -1.746E+01 -6.814E+00
 -2.1052500E+03 -1.726E+01 -1.847E+01 -9.706E+00
 -2.1047500E+03 -1.614E+01 -1.771E+01 -1.078E+01
 -2.1042500E+03 -1.707E+01 -1.824E+01 -9.404E+00
 -2.1037500E+03 -1.660E+01 -1.771E+01 -9.114E+00
 -2.1032500E+03 -1.590E+01 -1.714E+01 -9.627E+00
 -2.1027500E+03 -1.882E+01 -1.952E+01 -8.103E+00
 -2.1022500E+03 -1.570E+01 -1.698E+01 -9.504E+00
 -2.1017500E+03 -1.590E+01 -1.693E+01 -8.802E+00
 -2.1012500E+03 -1.597E+01 -1.656E+01 -6.857E+00
 -2.1007500E+03 -1.500E+01 -1.611E+01 -8.597E+00
 -2.1002500E+03 -1.720E+01 -1.762E+01 -6.691E+00
 -2.0997500E+03 -1.684E+01 -1.757E+01 -7.735E+00
 -2.0992500E+03 -1.461E+01 -1.574E+01 -8.764E+00
 -2.0987500E+03 -1.636E+01 -1.734E+01 -8.403E+00
 -2.0982500E+03 -1.708E+01 -1.783E+01 -7.582E+00
 -2.0977500E+03 -1.645E+01 -1.712E+01 -7.650E+00
 -2.0972500E+03 -1.779E+01 -1.822E+01 -7.005E+00
 -2.0967500E+03 -1.608E+01 -1.670E+01 -7.205E+00
 -2.0962500E+03 -1.412E+01 -1.525E+01 -8.610E+00
 -2.0957500E+03 -1.723E+01 -1.821E+01 -8.621E+00
 -2.0952500E+03 -1.479E+01 -1.594E+01 -8.608E+00
 -2.0947500E+03 -1.434E+01 -1.472E+01 -5.764E+00
 -2.0942500E+03 -1.611E+01 -1.711E+01 -8.425E+00
 -2.0937500E+03 -1.576E+01 -1.685E+01 -8.737E+00
 -2.0932500E+03 -1.635E+01 -1.760E+01 -9.375E+00
 -2.0927500E+03 -1.742E+01 -1.842E+01 -8.748E+00
 -2.0922500E+03 -1.538E+01 -1.609E+01 -7.229E+00
 -2.0917500E+03 -1.403E+01 -1.487E+01 -7.245E+00
 -2.0912500E+03 -1.670E+01 -1.766E+01 -8.432E+00
 -2.0907500E+03 -1.492E+01 -1.559E+01 -6.941E+00
 -2.0902500E+03 -1.498E+01 -1.555E+01 -6.580E+00
 -2.0897500E+03 -1.716E+01 -1.852E+01 -1.035E+01
 -2.0892500E+03 -1.594E+01 -1.693E+01 -8.283E+00
 -2.0887500E+03 -1.471E+01 -1.480E+01 -4.658E+00
 -2.0882500E+03 -1.393E+01 -1.535E+01 -9.760E+00
 -2.0877500E+03 -1.344E+01 -1.499E+01 -9.847E+00
 -2.0872500E+03 -1.625E+01 -1.732E+01 -8.607E+00
 -2.0867500E+03 -1.553E+01 -1.638E+01 -8.029E+00
 -2.0862500E+03 -1.486E+01 -1.562E+01 -7.102E+00
 -2.0857500E+03 -1.421E+01 -1.561E+01 -9.311E+00
 -2.0852500E+03 -1.747E+01 -1.817E+01 -7.710E+00
 -2.0847500E+03 -1.630E+01 -1.668E+01 -6.410E+00
 -2.0842500E+03 -1.294E+01 -1.410E+01 -8.218E+00
 -2.0837500E+03 -1.474E+01 -1.580E+01 -8.233E+00
 -2.0832500E+03 -1.620E+01 -1.721E+01 -8.561E+00
 -2.0827500E+03 -1.521E+01 -1.549E+01 -5.386E+00
 -2.0822500E+03 -1.373E+01 -1.404E+01 -5.151E+00
 -2.0817500E+03 -1.421E+01 -1.472E+01 -6.520E+00
 -2.0812500E+03 -1.364E+01 -1.462E+01 -7.814E+00
 -2.0807500E+03 -1.343E+01 -1.466E+01 -8.577E+00
 -2.0802500E+03 -1.586E+01 -1.625E+01 -5.907E+00
 -2.0797500E+03 -1.444E+01 -1.598E+01 -1.008E+01
 -2.0792500E+03 -1.373E+01 -1.447E+01 -6.934E+00
 -2.0787500E+03 -1.386E+01 -1.410E+01 -5.272E+00
 -2.0782500E+03 -1.561E+01 -1.592E+01 -5.604E+00
 -2.0777500E+03 -1.467E+01 -1.551E+01 -7.616E+00
 -2.0772500E+03 -1.324E+01 -1.455E+01 -8.834E+00
 -2.0767500E+03 -1.419E+01 -1.499E+01 -6.918E+00
 -2.0762500E+03 -1.580E+01 -1.647E+01 -7.123E+00
 -2.0757500E+03 -1.367E+01 -1.459E+01 -7.728E+00
 -2.0752500E+03 -1.391E+01 -1.511E+01 -8.524E+00
 -2.0747500E+03 -1.450E+01 -1.582E+01 -9.553E+00
 -2.0742500E+03 -1.407E+01 -1.501E+01 -7.736E+00
 -2.0737500E+03 -1.473E+01 -1.492E+01 -4.889E+00
 -2.0732500E+03 -1.321E+01 -1.428E+01 -7.606E+00
 -2.0727500E+03 -1.342E+01 -1.395E+01 -5.973E+00
 -2.0722500E+03 -1.286E+01 -1.388E+01 -7.508E+00
 -2.0717500E+03 -1.407E+01 -1.422E+01 -4.565E+00
 -2.0712500E+03 -1.546E+01 -1.678E+01 -9.271E+00
 -2.0707500E+03 -1.480E+01 -1.555E+01 -7.360E+00
 -2.0702500E+03 -1.218E+01 -1.267E+01 -5.621E+00
 -2.0697500E+03 -1.381E+01 -1.413E+01 -5.186E+00
 -2.0692500E+03 -1.335E+01 -1.398E+01 -6.523E+00
 -2.0687500E+03 -1.420E+01 -1.492E+01 -6.862E+00
 -2.0682500E+03 -1.273E+01 -1.356E+01 -6.868E+00
 -2.0677500E+03 -1.288E+01 -1.367E+01 -6.611E+00
 -2.0672500E+03 -1.100E+01 -1.171E+01 -6.134E+00
 -2.0667500E+03 -1.245E+01 -1.300E+01 -5.600E+00
 -2.0662500E+03 -1.332E+01 -1.452E+01 -8.384E+00
 -2.0657500E+03 -1.189E+01 -1.297E+01 -7.483E+00
 -2.0652500E+03 -1.375E+01 -1.431E+01 -6.256E+00
 -2.0647500E+03 -1.303E+01 -1.386E+01 -6.862E+00
 -2.0642500E+03 -1.209E+01 -1.326E+01 -8.093E+00
 -2.0637500E+03 -1.361E+01 -1.461E+01 -7.802E+00
 -2.0632500E+03 -1.396E+01 -1.428E+01 -5.220E+00
 -2.0627500E+03 -1.360E+01 -1.456E+01 -7.415E+00
 -2.0622500E+03 -1.373E+01 -1.413E+01 -5.356E+00
 -2.0617500E+03 -1.284E+01 -1.323E+01 -5.291E+00
 -2.0612500E+03 -1.135E+01 -1.264E+01 -8.674E+00
 -2.0607500E+03 -1.168E+01 -1.224E+01 -5.699E+00
 -2.0602500E+03 -1.311E+01 -1.378E+01 -6.187E+00
 -2.0597500E+03 -1.250E+01 -1.326E+01 -6.390E+00
 -2.0592500E+03 -1.255E+01 -1.374E+01 -7.992E+00
 -2.0587500E+03 -1.242E+01 -1.335E+01 -7.241E+00
 -2.0582500E+03 -1.315E+01 -1.338E+01 -4.650E+00
 -2.0577500E+03 -1.478E+01 -1.546E+01 -6.820E+00
 -2.0572500E+03 -1.353E+01 -1.364E+01 -4.422E+00
 -2.0567500E+03 -1.174E+01 -1.225E+01 -5.384E+00
 -2.0562500E+03 -1.142E+01 -1.226E+01 -6.527E+00
 -2.0557500E+03 -1.297E+01 -1.416E+01 -8.298E+00
 -2.0552500E+03 -1.181E+01 -1.276E+01 -6.948E+00
 -2.0547500E+03 -1.077E+01 -1.173E+01 -6.945E+00
 -2.0542500E+03 -1.359E+01 -1.405E+01 -5.624E+00
 -2.0537500E+03 -1.339E+01 -1.438E+01 -7.358E+00
 -2.0532500E+03 -1.314E+01 -1.373E+01 -5.989E+00
 -2.0527500E+03 -1.111E+01 -1.160E+01 -5.043E+00
 -2.0522500E+03 -1.154E+01 -1.231E+01 -6.270E+00
 -2.0517500E+03 -1.250E+01 -1.341E+01 -7.110E+00
 -2.0512500E+03 -1.154E+01 -1.228E+01 -6.276E+00
 -2.0507500E+03 -1.150E+01 -1.241E+01 -6.648E+00
 -2.0502500E+03 -1.259E+01 -1.307E+01 -5.463E+00
 -2.0497500E+03 -1.111E+01 -1.195E+01 -6.240E+00
 -2.0492500E+03 -1.132E+01 -1.232E+01 -6.577E+00
 -2.0487500E+03 -1.352E+01 -1.397E+01 -5.674E+00
 -2.0482500E+03 -1.210E+01 -1.220E+01 -3.781E+00
 -2.0477500E+03 -1.148E+01 -1.246E+01 -7.175E+00
 -2.0472500E+03 -1.037E+01 -1.126E+01 -6.795E+00
 -2.0467500E+03 -1.216E+01 -1.304E+01 -6.961E+00
 -2.0462500E+03 -1.264E+01 -1.294E+01 -4.611E+00
 -2.0457500E+03 -1.062E+01 -1.148E+01 -6.377E+00
 -2.0452500E+03 -1.182E+01 -1.285E+01 -7.301E+00
 -2.0447500E+03 -1.199E+01 -1.228E+01 -4.570E+00
 -2.0442500E+03 -9.815E+00 -1.052E+01 -5.998E+00
 -2.0437500E+03 -1.148E+01 -1.217E+01 -6.104E+00
 -2.0432500E+03 -1.280E+01 -1.346E+01 -6.242E+00
 -2.0427500E+03 -1.158E+01 -1.220E+01 -5.766E+00
 -2.0422500E+03 -1.023E+01 -1.095E+01 -5.565E+00
 -2.0417500E+03 -1.170E+01 -1.234E+01 -5.830E+00
 -2.0412500E+03 -1.209E+01 -1.280E+01 -6.227E+00
 -2.0407500E+03 -1.221E+01 -1.273E+01 -5.679E+00
 -2.0402500E+03 -1.063E+01 -1.173E+01 -7.227E+00
 -2.0397500E+03 -1.121E+01 -1.235E+01 -7.699E+00
 -2.0392500E+03 -1.149E+01 -1.185E+01 -4.607E+00
 -2.0387500E+03 -1.110E+01 -1.123E+01 -3.883E+00
 -2.0382500E+03 -1.105E+01 -1.233E+01 -8.244E+00
 -2.0377500E+03 -1.055E+01 -1.101E+01 -4.870E+00
 -2.0372500E+03 -1.082E+01 -1.103E+01 -4.041E+00
 -2.0367500E+03 -9.314E+00 -1.026E+01 -6.571E+00
 -2.0362500E+03 -1.068E+01 -1.142E+01 -5.436E+00
 -2.0357500E+03 -1.185E+01 -1.216E+01 -4.560E+00
 -2.0352500E+03 -1.075E+01 -1.154E+01 -6.160E+00
 -2.0347500E+03 -1.215E+01 -1.275E+01 -5.732E+00
 -2.0342500E+03 -1.281E+01 -1.302E+01 -4.421E+00
 -2.0337500E+03 -1.074E+01 -1.176E+01 -7.287E+00
 -2.0332500E+03 -1.051E+01 -1.110E+01 -5.195E+00
 -2.0327500E+03 -1.150E+01 -1.191E+01 -4.793E+00
 -2.0322500E+03 -1.013E+01 -1.102E+01 -5.997E+00
 -2.0317500E+03 -1.100E+01 -1.156E+01 -5.199E+00
 -2.0312500E+03 -1.052E+01 -1.087E+01 -4.516E+00
 -2.0307500E+03 -1.044E+01 -1.079E+01 -4.402E+00
 -2.0302500E+03 -1.029E+01 -1.097E+01 -5.599E+00
 -2.0297500E+03 -1.079E+01 -1.156E+01 -5.998E+00
 -2.0292500E+03 -9.397E+00 -9.932E+00 -4.958E+00
 -2.0287500E+03 -1.010E+01 -1.076E+01 -5.509E+00
 -2.0282500E+03 -1.028E+01 -1.087E+01 -5.195E+00
 -2.0277500E+03 -1.125E+01 -1.193E+01 -5.845E+00
 -2.0272500E+03 -1.155E+01 -1.228E+01 -5.993E+00
 -2.0267500E+03 -1.021E+01 -1.097E+01 -5.856E+00
 -2.0262500E+03 -9.637E+00 -1.034E+01 -5.521E+00
 -2.0257500E+03 -9.287E+00 -9.879E+00 -4.972E+00
 -2.0252500E+03 -1.109E+01 -1.153E+01 -4.830E+00
 -2.0247500E+03 -1.164E+01 -1.178E+01 -4.124E+00
 -2.0242500E+03 -1.068E+01 -1.104E+01 -4.419E+00
 -2.0237500E+03 -9.547E+00 -1.001E+01 -4.475E+00
 -2.0232500E+03 -9.816E+00 -1.078E+01 -6.251E+00
 -2.0227500E+03 -9.899E+00 -1.073E+01 -6.015E+00
 -2.0222500E+03 -1.114E+01 -1.183E+01 -5.961E+00
 -2.0217500E+03 -1.013E+01 -1.031E+01 -3.717E+00
 -2.0212500E+03 -9.607E+00 -1.006E+01 -4.633E+00
 -2.0207500E+03 -1.085E+01 -1.146E+01 -5.263E+00
 -2.0202500E+03 -1.006E+01 -1.072E+01 -5.486E+00
 -2.0197500E+03 -8.797E+00 -9.712E+00 -6.115E+00
 -2.0192500E+03 -1.052E+01 -1.083E+01 -4.005E+00
 -2.0187500E+03 -1.065E+01 -1.101E+01 -4.436E+00
 -2.0182500E+03 -1.067E+01 -1.111E+01 -4.582E+00
 -2.0177500E+03 -1.007E+01 -1.027E+01 -3.476E+00
 -2.0172500E+03 -8.367E+00 -9.118E+00 -5.308E+00
 -2.0167500E+03 -1.141E+01 -1.186E+01 -5.067E+00
 -2.0162500E+03 -1.054E+01 -1.125E+01 -5.749E+00
 -2.0157500E+03 -9.317E+00 -9.696E+00 -4.244E+00
 -2.0152500E+03 -8.835E+00 -9.592E+00 -5.438E+00
 -2.0147500E+03 -9.547E+00 -1.024E+01 -5.276E+00
 -2.0142500E+03 -9.385E+00 -1.010E+01 -5.488E+00
 -2.0137500E+03 -9.763E+00 -1.003E+01 -3.896E+00
 -2.0132500E+03 -8.995E+00 -9.569E+00 -5.225E+00
 -2.0127500E+03 -9.979E+00 -9.931E+00 -2.461E+00
 -2.0122500E+03 -8.408E+00 -9.131E+00 -5.275E+00
 -2.0117500E+03 -8.672E+00 -9.459E+00 -5.564E+00
 -2.0112500E+03 -8.027E+00 -8.853E+00 -5.607E+00
 -2.0107500E+03 -9.919E+00 -1.018E+01 -3.844E+00
 -2.0102500E+03 -9.748E+00 -1.025E+01 -4.910E+00
 -2.0097500E+03 -9.691E+00 -1.036E+01 -5.306E+00
 -2.0092500E+03 -9.057E+00 -9.622E+00 -4.874E+00
 -2.0087500E+03 -1.018E+01 -1.020E+01 -3.136E+00
 -2.0082500E+03 -1.021E+01 -1.070E+01 -4.696E+00
 -2.0077500E+03 -9.657E+00 -1.064E+01 -6.440E+00
 -2.0072500E+03 -6.789E+00 -7.602E+00 -5.601E+00
 -2.0067500E+03 -9.060E+00 -9.623E+00 -5.592E+00
 -2.0062500E+03 -9.408E+00 -9.984E+00 -4.809E+00
 -2.0057500E+03 -8.740E+00 -9.523E+00 -5.281E+00
 -2.0052500E+03 -9.860E+00 -1.053E+01 -5.150E+00
 -2.0047500E+03 -9.250E+00 -9.734E+00 -4.594E+00
 -2.0042500E+03 -8.955E+00 -9.482E+00 -4.206E+00
 -2.0037500E+03 -9.211E+00 -9.495E+00 -3.806E+00
 -2.0032500E+03 -7.590E+00 -8.410E+00 -5.330E+00
 -2.0027500E+03 -8.622E+00 -9.519E+00 -6.067E+00
 -2.0022500E+03 -8.501E+00 -8.938E+00 -4.147E+00
 -2.0017500E+03 -9.015E+00 -9.477E+00 -4.067E+00
 -2.0012500E+03 -1.067E+01 -1.123E+01 -4.796E+00
 -2.0007500E+03 -9.380E+00 -9.684E+00 -4.207E+00
 -2.0002500E+03 -8.927E+00 -9.356E+00 -4.085E+00
 -1.9997500E+03 -8.570E+00 -9.194E+00 -4.766E+00
 -1.9992500E+03 -9.130E+00 -9.523E+00 -3.788E+00
 -1.9987500E+03 -8.629E+00 -9.566E+00 -6.068E+00
 -1.9982500E+03 -7.493E+00 -8.420E+00 -5.783E+00
 -1.9977500E+03 -7.999E+00 -8.775E+00 -5.305E+00
 -1.9972500E+03 -8.498E+00 -8.831E+00 -3.732E+00
 -1.9967500E+03 -7.859E+00 -8.497E+00 -4.586E+00
 -1.9962500E+03 -6.844E+00 -7.992E+00 -6.415E+00
 -1.9957500E+03 -9.381E+00 -1.004E+01 -5.312E+00
 -1.9952500E+03 -8.668E+00 -9.622E+00 -6.360E+00
 -1.9947500E+03 -8.061E+00 -8.686E+00 -4.879E+00
 -1.9942500E+03 -8.038E+00 -8.401E+00 -3.979E+00
 -1.9937500E+03 -9.211E+00 -9.277E+00 -3.088E+00
 -1.9932500E+03 -9.450E+00 -1.011E+01 -5.088E+00
 -1.9927500E+03 -7.978E+00 -8.268E+00 -3.406E+00
 -1.9922500E+03 -8.250E+00 -8.638E+00 -3.870E+00
 -1.9917500E+03 -8.061E+00 -8.589E+00 -4.646E+00
 -1.9912500E+03 -9.014E+00 -9.249E+00 -3.763E+00
 -1.9907500E+03 -8.374E+00 -9.008E+00 -4.099E+00
 -1.9902500E+03 -6.429E+00 -7.314E+00 -5.329E+00
 -1.9897500E+03 -7.214E+00 -7.820E+00 -4.443E+00
 -1.9892500E+03 -9.665E+00 -9.999E+00 -3.952E+00
 -1.9887500E+03 -9.682E+00 -1.012E+01 -4.369E+00
 -1.9882500E+03 -8.742E+00 -9.294E+00 -4.682E+00
 -1.9877500E+03 -8.445E+00 -8.956E+00 -4.629E+00
 -1.9872500E+03 -8.095E+00 -8.380E+00 -3.533E+00
 -1.9867500E+03 -8.189E+00 -8.894E+00 -5.158E+00
 -1.9862500E+03 -9.085E+00 -9.662E+00 -4.487E+00
 -1.9857500E+03 -8.132E+00 -8.645E+00 -5.195E+00
 -1.9852500E+03 -7.929E+00 -8.714E+00 -5.128E+00
 -1.9847500E+03 -9.203E+00 -9.517E+00 -3.424E+00
 -1.9842500E+03 -8.121E+00 -8.813E+00 -5.089E+00
 -1.9837500E+03 -8.510E+00 -9.206E+00 -5.228E+00
 -1.9832500E+03 -8.021E+00 -8.344E+00 -3.560E+00
 -1.9827500E+03 -7.832E+00 -8.616E+00 -5.186E+00
 -1.9822500E+03 -8.426E+00 -8.727E+00 -3.654E+00
 -1.9817500E+03 -7.074E+00 -7.611E+00 -4.066E+00
 -1.9812500E+03 -8.438E+00 -8.632E+00 -2.833E+00
 -1.9807500E+03 -6.645E+00 -6.884E+00 -3.708E+00
 -1.9802500E+03 -8.393E+00 -8.774E+00 -4.016E+00
 -1.9797500E+03 -8.058E+00 -8.561E+00 -4.060E+00
 -1.9792500E+03 -8.363E+00 -8.621E+00 -3.579E+00
 -1.9787500E+03 -6.415E+00 -6.607E+00 -2.937E+00
 -1.9782500E+03 -8.909E+00 -9.008E+00 -2.969E+00
 -1.9777500E+03 -8.012E+00 -8.958E+00 -5.701E+00
 -1.9772500E+03 -7.841E+00 -8.793E+00 -5.671E+00
 -1.9767500E+03 -8.017E+00 -8.534E+00 -4.127E+00
 -1.9762500E+03 -7.311E+00 -8.134E+00 -5.234E+00
 -1.9757500E+03 -6.787E+00 -7.183E+00 -3.507E+00
 -1.9752500E+03 -7.523E+00 -8.123E+00 -4.599E+00
 -1.9747500E+03 -7.618E+00 -8.195E+00 -4.400E+00
 -1.9742500E+03 -8.398E+00 -8.743E+00 -3.581E+00
 -1.9737500E+03 -7.155E+00 -7.589E+00 -3.769E+00
 -1.9732500E+03 -6.589E+00 -7.446E+00 -5.149E+00
 -1.9727500E+03 -8.402E+00 -8.843E+00 -3.937E+00
 -1.9722500E+03 -6.480E+00 -6.774E+00 -3.046E+00
 -1.9717500E+03 -6.850E+00 -7.147E+00 -3.317E+00
 -1.9712500E+03 -7.237E+00 -8.022E+00 -5.242E+00
 -1.9707500E+03 -6.657E+00 -7.329E+00 -4.467E+00
 -1.9702500E+03 -7.782E+00 -8.610E+00 -5.186E+00
 -1.9697500E+03 -8.054E+00 -8.267E+00 -2.847E+00
 -1.9692500E+03 -7.826E+00 -8.071E+00 -3.436E+00
 -1.9687500E+03 -7.720E+00 -8.481E+00 -5.053E+00
 -1.9682500E+03 -7.802E+00 -8.564E+00 -5.570E+00
 -1.9677500E+03 -7.735E+00 -8.321E+00 -4.651E+00
 -1.9672500E+03 -8.302E+00 -9.067E+00 -4.857E+00
 -1.9667500E+03 -7.879E+00 -8.097E+00 -3.133E+00
 -1.9662500E+03 -6.424E+00 -6.817E+00 -3.296E+00
 -1.9657500E+03 -6.500E+00 -6.847E+00 -3.301E+00
 -1.9652500E+03 -6.880E+00 -7.546E+00 -4.620E+00
 -1.9647500E+03 -6.603E+00 -7.131E+00 -3.870E+00
 -1.9642500E+03 -7.221E+00 -7.506E+00 -3.069E+00
 -1.9637500E+03 -6.857E+00 -6.842E+00 -2.121E+00
 -1.9632500E+03 -8.329E+00 -8.854E+00 -4.503E+00
 -1.9627500E+03 -6.873E+00 -7.275E+00 -3.709E+00
 -1.9622500E+03 -6.643E+00 -6.843E+00 -2.852E+00
 -1.9617500E+03 -8.395E+00 -8.790E+00 -3.839E+00
 -1.9612500E+03 -7.228E+00 -7.751E+00 -4.068E+00
 -1.9607500E+03 -7.303E+00 -7.597E+00 -3.285E+00
 -1.9602500E+03 -7.416E+00 -7.760E+00 -3.282E+00
 -1.9597500E+03 -7.255E+00 -7.327E+00 -2.383E+00
 -1.9592500E+03 -7.105E+00 -7.741E+00 -4.609E+00
 -1.9587500E+03 -6.841E+00 -7.386E+00 -4.435E+00
 -1.9582500E+03 -6.385E+00 -6.869E+00 -3.609E+00
 -1.9577500E+03 -6.657E+00 -7.093E+00 -3.780E+00
 -1.9572500E+03 -5.918E+00 -6.518E+00 -3.910E+00
 -1.9567500E+03 -7.934E+00 -8.073E+00 -2.677E+00
 -1.9562500E+03 -7.621E+00 -7.794E+00 -2.669E+00
 -1.9557500E+03 -7.355E+00 -7.609E+00 -3.416E+00
 -1.9552500E+03 -6.938E+00 -7.412E+00 -3.796E+00
 -1.9547500E+03 -6.102E+00 -6.994E+00 -5.264E+00
 -1.9542500E+03 -7.488E+00 -7.815E+00 -3.374E+00
 -1.9537500E+03 -7.167E+00 -7.536E+00 -3.353E+00
 -1.9532500E+03 -7.052E+00 -7.525E+00 -3.811E+00
 -1.9527500E+03 -7.297E+00 -7.929E+00 -3.862E+00
 -1.9522500E+03 -6.082E+00 -6.535E+00 -3.522E+00
 -1.9517500E+03 -7.067E+00 -7.514E+00 -3.801E+00
 -1.9512500E+03 -6.274E+00 -6.857E+00 -3.943E+00
 -1.9507500E+03 -6.508E+00 -6.738E+00 -3.345E+00
 -1.9502500E+03 -6.890E+00 -7.113E+00 -2.744E+00
 -1.9497500E+03 -7.528E+00 -7.875E+00 -3.469E+00
 -1.9492500E+03 -6.421E+00 -7.217E+00 -4.902E+00
 -1.9487500E+03 -6.676E+00 -6.884E+00 -2.627E+00
 -1.9482500E+03 -6.520E+00 -7.124E+00 -4.186E+00
 -1.9477500E+03 -6.402E+00 -6.809E+00 -3.446E+00
 -1.9472500E+03 -6.629E+00 -7.156E+00 -3.899E+00
 -1.9467500E+03 -7.139E+00 -7.561E+00 -3.606E+00
 -1.9462500E+03 -7.251E+00 -7.680E+00 -3.748E+00
 -1.9457500E+03 -5.771E+00 -6.050E+00 -2.548E+00
 -1.9452500E+03 -6.279E+00 -6.376E+00 -2.146E+00
 -1.9447500E+03 -6.481E+00 -7.102E+00 -4.077E+00
 -1.9442500E+03 -6.698E+00 -7.147E+00 -3.687E+00
 -1.9437500E+03 -6.372E+00 -6.374E+00 -1.824E+00
 -1.9432500E+03 -6.917E+00 -7.302E+00 -3.556E+00
 -1.9427500E+03 -7.246E+00 -7.522E+00 -3.014E+00
 -1.9422500E+03 -6.945E+00 -7.114E+00 -2.568E+00
 -1.9417500E+03 -6.966E+00 -7.320E+00 -3.380E+00
 -1.9412500E+03 -5.999E+00 -6.693E+00 -4.408E+00
 -1.9407500E+03 -6.212E+00 -6.536E+00 -3.074E+00
 -1.9402500E+03 -5.815E+00 -6.410E+00 -3.984E+00
 -1.9397500E+03 -5.817E+00 -6.176E+00 -2.991E+00
 -1.9392500E+03 -5.746E+00 -5.875E+00 -2.546E+00
 -1.9387500E+03 -7.295E+00 -7.724E+00 -3.673E+00
 -1.9382500E+03 -6.770E+00 -7.453E+00 -4.264E+00
 -1.9377500E+03 -6.256E+00 -6.411E+00 -1.984E+00
 -1.9372500E+03 -6.316E+00 -6.316E+00 -1.931E+00
 -1.9367500E+03 -7.033E+00 -7.033E+00 -2.199E+00
 -1.9362500E+03 -7.389E+00 -7.510E+00 -2.687E+00
 -1.9357500E+03 -6.634E+00 -7.101E+00 -3.899E+00
 -1.9352500E+03 -6.873E+00 -7.252E+00 -3.392E+00
 -1.9347500E+03 -4.888E+00 -5.338E+00 -3.233E+00
 -1.9342500E+03 -5.937E+00 -6.297E+00 -3.217E+00
 -1.9337500E+03 -5.631E+00 -6.063E+00 -3.293E+00
 -1.9332500E+03 -6.108E+00 -6.512E+00 -3.443E+00
 -1.9327500E+03 -6.462E+00 -6.910E+00 -3.456E+00
 -1.9322500E+03 -6.052E+00 -6.505E+00 -3.457E+00
 -1.9317500E+03 -5.339E+00 -5.945E+00 -3.754E+00
 -1.9312500E+03 -6.425E+00 -6.606E+00 -2.588E+00
 -1.9307500E+03 -6.735E+00 -6.830E+00 -2.501E+00
 -1.9302500E+03 -6.360E+00 -6.828E+00 -3.862E+00
 -1.9297500E+03 -4.622E+00 -5.041E+00 -3.322E+00
 -1.9292500E+03 -6.730E+00 -7.377E+00 -4.229E+00
 -1.9287500E+03 -4.929E+00 -5.277E+00 -2.911E+00
 -1.9282500E+03 -5.836E+00 -6.347E+00 -3.379E+00
 -1.9277500E+03 -5.395E+00 -5.624E+00 -2.135E+00
 -1.9272500E+03 -5.995E+00 -6.613E+00 -4.123E+00
 -1.9267500E+03 -6.299E+00 -6.747E+00 -3.511E+00
 -1.9262500E+03 -6.381E+00 -6.743E+00 -3.276E+00
 -1.9257500E+03 -5.965E+00 -6.321E+00 -3.298E+00
 -1.9252500E+03 -6.245E+00 -6.424E+00 -2.495E+00
 -1.9247500E+03 -5.835E+00 -6.278E+00 -3.151E+00
 -1.9242500E+03 -5.036E+00 -5.371E+00 -2.973E+00
 -1.9237500E+03 -5.002E+00 -5.596E+00 -3.636E+00
 -1.9232500E+03 -5.912E+00 -6.375E+00 -3.313E+00
 -1.9227500E+03 -6.124E+00 -6.695E+00 -3.887E+00
 -1.9222500E+03 -6.805E+00 -7.170E+00 -3.151E+00
 -1.9217500E+03 -5.404E+00 -5.790E+00 -3.310E+00
 -1.9212500E+03 -5.868E+00 -6.381E+00 -3.454E+00
 -1.9207500E+03 -5.237E+00 -5.688E+00 -3.394E+00
 -1.9202500E+03 -5.674E+00 -5.657E+00 -1.553E+00
 -1.9197500E+03 -4.989E+00 -5.684E+00 -4.479E+00
 -1.9192500E+03 -4.775E+00 -4.893E+00 -1.663E+00
 -1.9187500E+03 -5.587E+00 -5.725E+00 -2.134E+00
 -1.9182500E+03 -6.047E+00 -6.238E+00 -3.150E+00
 -1.9177500E+03 -4.660E+00 -5.182E+00 -3.415E+00
 -1.9172500E+03 -5.601E+00 -5.601E+00 -2.000E+00
 -1.9167500E+03 -5.224E+00 -5.674E+00 -3.428E+00
 -1.9162500E+03 -6.069E+00 -6.853E+00 -4.580E+00
 -1.9157500E+03 -5.073E+00 -5.846E+00 -4.210E+00
 -1.9152500E+03 -5.514E+00 -5.788E+00 -2.623E+00
 -1.9147500E+03 -5.520E+00 -5.849E+00 -2.894E+00
 -1.9142500E+03 -5.490E+00 -5.772E+00 -2.804E+00
 -1.9137500E+03 -4.926E+00 -5.296E+00 -3.169E+00
 -1.9132500E+03 -5.434E+00 -6.032E+00 -3.814E+00
 -1.9127500E+03 -5.421E+00 -5.860E+00 -2.908E+00
 -1.9122500E+03 -5.160E+00 -5.595E+00 -3.214E+00
 -1.9117500E+03 -5.580E+00 -5.713E+00 -2.128E+00
 -1.9112500E+03 -5.996E+00 -6.245E+00 -2.820E+00
 -1.9107500E+03 -5.551E+00 -5.699E+00 -2.056E+00
 -1.9102500E+03 -5.052E+00 -5.471E+00 -2.826E+00
 -1.9097500E+03 -5.336E+00 -5.488E+00 -2.298E+00
 -1.9092500E+03 -5.417E+00 -5.616E+00 -2.541E+00
 -1.9087500E+03 -5.225E+00 -5.846E+00 -4.046E+00
 -1.9082500E+03 -6.075E+00 -6.129E+00 -2.278E+00
 -1.9077500E+03 -5.403E+00 -5.653E+00 -3.076E+00
 -1.9072500E+03 -5.507E+00 -5.801E+00 -2.480E+00
 -1.9067500E+03 -6.109E+00 -6.517E+00 -3.078E+00
 -1.9062500E+03 -5.385E+00 -5.928E+00 -3.533E+00
 -1.9057500E+03 -4.901E+00 -4.980E+00 -1.634E+00
 -1.9052500E+03 -5.381E+00 -5.547E+00 -2.082E+00
 -1.9047500E+03 -5.400E+00 -5.896E+00 -3.281E+00
 -1.9042500E+03 -4.724E+00 -5.292E+00 -3.521E+00
 -1.9037500E+03 -5.141E+00 -5.382E+00 -2.376E+00
 -1.9032500E+03 -4.512E+00 -4.849E+00 -2.987E+00
 -1.9027500E+03 -5.311E+00 -5.684E+00 -2.909E+00
 -1.9022500E+03 -5.319E+00 -5.915E+00 -3.545E+00
 -1.9017500E+03 -6.030E+00 -6.261E+00 -2.636E+00
 -1.9012500E+03 -4.433E+00 -4.820E+00 -2.761E+00
 -1.9007500E+03 -5.434E+00 -5.601E+00 -2.329E+00
 -1.9002500E+03 -5.855E+00 -5.829E+00 -1.979E+00
 -1.8997500E+03 -5.482E+00 -5.770E+00 -3.020E+00
 -1.8992500E+03 -5.033E+00 -5.264E+00 -2.541E+00
 -1.8987500E+03 -6.055E+00 -6.244E+00 -2.311E+00
 -1.8982500E+03 -5.713E+00 -6.577E+00 -4.267E+00
 -1.8977500E+03 -4.749E+00 -5.378E+00 -3.712E+00
 -1.8972500E+03 -3.536E+00 -3.938E+00 -2.790E+00
 -1.8967500E+03 -4.785E+00 -5.122E+00 -2.763E+00
 -1.8962500E+03 -6.062E+00 -6.187E+00 -1.846E+00
 -1.8957500E+03 -4.639E+00 -5.067E+00 -3.173E+00
 -1.8952500E+03 -5.107E+00 -5.488E+00 -3.165E+00
 -1.8947500E+03 -4.958E+00 -4.976E+00 -2.132E+00
 -1.8942500E+03 -4.311E+00 -4.387E+00 -2.328E+00
 -1.8937500E+03 -4.674E+00 -5.032E+00 -2.803E+00
 -1.8932500E+03 -4.621E+00 -5.028E+00 -2.635E+00
 -1.8927500E+03 -5.023E+00 -5.457E+00 -2.805E+00
 -1.8922500E+03 -5.119E+00 -5.394E+00 -2.237E+00
 -1.8917500E+03 -5.076E+00 -5.209E+00 -2.100E+00
 -1.8912500E+03 -5.072E+00 -5.027E+00 -1.476E+00
 -1.8907500E+03 -5.419E+00 -5.820E+00 -3.146E+00
 -1.8902500E+03 -4.207E+00 -4.561E+00 -2.968E+00
 -1.8897500E+03 -4.138E+00 -4.403E+00 -2.220E+00
 -1.8892500E+03 -5.220E+00 -5.584E+00 -2.565E+00
 -1.8887500E+03 -5.806E+00 -5.824E+00 -1.472E+00
 -1.8882500E+03 -5.505E+00 -5.681E+00 -2.431E+00
 -1.8877500E+03 -4.586E+00 -4.789E+00 -2.214E+00
 -1.8872500E+03 -4.507E+00 -4.820E+00 -2.228E+00
 -1.8867500E+03 -4.660E+00 -4.648E+00 -1.936E+00
 -1.8862500E+03 -5.565E+00 -6.186E+00 -3.816E+00
 -1.8857500E+03 -4.749E+00 -5.088E+00 -2.872E+00
 -1.8852500E+03 -4.943E+00 -5.195E+00 -1.722E+00
 -1.8847500E+03 -4.200E+00 -4.743E+00 -3.041E+00
 -1.8842500E+03 -3.997E+00 -4.374E+00 -2.966E+00
 -1.8837500E+03 -4.746E+00 -4.956E+00 -2.127E+00
 -1.8832500E+03 -4.983E+00 -4.985E+00 -1.422E+00
 -1.8827500E+03 -4.511E+00 -4.931E+00 -3.178E+00
 -1.8822500E+03 -4.392E+00 -4.788E+00 -2.799E+00
 -1.8817500E+03 -4.034E+00 -4.491E+00 -2.755E+00
 -1.8812500E+03 -3.894E+00 -4.183E+00 -2.625E+00
 -1.8807500E+03 -5.258E+00 -5.517E+00 -2.112E+00
 -1.8802500E+03 -4.885E+00 -5.374E+00 -3.152E+00
 -1.8797500E+03 -4.509E+00 -5.085E+00 -3.541E+00
 -1.8792500E+03 -4.584E+00 -5.059E+00 -2.497E+00
 -1.8787500E+03 -4.156E+00 -4.216E+00 -1.850E+00
 -1.8782500E+03 -5.014E+00 -5.185E+00 -2.045E+00
 -1.8777500E+03 -5.063E+00 -5.086E+00 -1.549E+00
 -1.8772500E+03 -4.365E+00 -4.555E+00 -1.997E+00
 -1.8767500E+03 -3.843E+00 -4.123E+00 -2.305E+00
 -1.8762500E+03 -4.651E+00 -5.144E+00 -3.183E+00
 -1.8757500E+03 -5.207E+00 -5.395E+00 -2.335E+00
 -1.8752500E+03 -4.013E+00 -4.234E+00 -1.933E+00
 -1.8747500E+03 -3.840E+00 -4.334E+00 -2.786E+00
 -1.8742500E+03 -4.391E+00 -4.799E+00 -3.130E+00
 -1.8737500E+03 -4.298E+00 -4.482E+00 -2.171E+00
 -1.8732500E+03 -4.996E+00 -5.005E+00 -1.459E+00
 -1.8727500E+03 -4.418E+00 -4.564E+00 -1.942E+00
 -1.8722500E+03 -4.529E+00 -4.755E+00 -2.390E+00
 -1.8717500E+03 -4.687E+00 -5.040E+00 -2.663E+00
 -1.8712500E+03 -3.819E+00 -3.986E+00 -1.944E+00
 -1.8707500E+03 -5.071E+00 -5.461E+00 -2.851E+00
 -1.8702500E+03 -5.423E+00 -5.444E+00 -1.572E+00
 -1.8697500E+03 -4.740E+00 -4.955E+00 -1.971E+00
 -1.8692500E+03 -4.905E+00 -5.251E+00 -2.390E+00
 -1.8687500E+03 -4.262E+00 -4.446E+00 -2.129E+00
 -1.8682500E+03 -4.204E+00 -4.667E+00 -2.976E+00
 -1.8677500E+03 -4.133E+00 -4.707E+00 -3.302E+00
 -1.8672500E+03 -4.232E+00 -4.480E+00 -2.279E+00
 -1.8667500E+03 -4.423E+00 -4.692E+00 -2.025E+00
 -1.8662500E+03 -4.576E+00 -4.701E+00 -1.970E+00
 -1.8657500E+03 -4.478E+00 -4.940E+00 -3.257E+00
 -1.8652500E+03 -4.018E+00 -4.643E+00 -3.354E+00
 -1.8647500E+03 -4.390E+00 -4.698E+00 -2.321E+00
 -1.8642500E+03 -3.533E+00 -4.163E+00 -3.421E+00
 -1.8637500E+03 -4.891E+00 -5.053E+00 -2.267E+00
 -1.8632500E+03 -5.045E+00 -5.229E+00 -2.344E+00
 -1.8627500E+03 -4.419E+00 -4.632E+00 -2.027E+00
 -1.8622500E+03 -3.867E+00 -4.205E+00 -2.259E+00
 -1.8617500E+03 -3.561E+00 -4.054E+00 -2.628E+00
 -1.8612500E+03 -4.651E+00 -4.765E+00 -2.000E+00
 -1.8607500E+03 -4.390E+00 -4.404E+00 -1.329E+00
 -1.8602500E+03 -4.369E+00 -4.768E+00 -2.886E+00
 -1.8597500E+03 -4.714E+00 -4.940E+00 -2.619E+00
 -1.8592500E+03 -3.814E+00 -3.945E+00 -1.286E+00
 -1.8587500E+03 -4.352E+00 -4.448E+00 -1.509E+00
 -1.8582500E+03 -3.913E+00 -4.261E+00 -2.157E+00
 -1.8577500E+03 -3.596E+00 -4.025E+00 -2.134E+00
 -1.8572500E+03 -3.702E+00 -4.106E+00 -2.789E+00
 -1.8567500E+03 -4.479E+00 -4.916E+00 -2.867E+00
 -1.8562500E+03 -4.383E+00 -4.450E+00 -1.850E+00
 -1.8557500E+03 -4.857E+00 -4.773E+00 -1.351E+00
 -1.8552500E+03 -4.241E+00 -4.143E+00 -1.043E+00
 -1.8547500E+03 -3.123E+00 -3.520E+00 -2.140E+00
 -1.8542500E+03 -3.718E+00 -4.190E+00 -2.709E+00
 -1.8537500E+03 -4.527E+00 -4.861E+00 -2.494E+00
 -1.8532500E+03 -3.238E+00 -3.730E+00 -2.829E+00
 -1.8527500E+03 -4.397E+00 -4.574E+00 -1.850E+00
 -1.8522500E+03 -4.274E+00 -4.455E+00 -2.200E+00
 -1.8517500E+03 -4.501E+00 -4.878E+00 -2.795E+00
 -1.8512500E+03 -4.836E+00 -4.996E+00 -1.915E+00
 -1.8507500E+03 -4.318E+00 -4.807E+00 -3.060E+00
 -1.8502500E+03 -3.523E+00 -3.861E+00 -2.309E+00
 -1.8497500E+03 -3.154E+00 -3.464E+00 -2.162E+00
 -1.8492500E+03 -3.331E+00 -3.623E+00 -2.140E+00
 -1.8487500E+03 -3.250E+00 -3.604E+00 -2.267E+00
 -1.8482500E+03 -4.445E+00 -4.607E+00 -1.835E+00
 -1.8477500E+03 -3.188E+00 -3.208E+00 -1.715E+00
 -1.8472500E+03 -4.211E+00 -4.240E+00 -2.056E+00
 -1.8467500E+03 -3.965E+00 -4.345E+00 -2.459E+00
 -1.8462500E+03 -3.832E+00 -4.222E+00 -2.800E+00
 -1.8457500E+03 -4.875E+00 -5.111E+00 -2.175E+00
 -1.8452500E+03 -4.052E+00 -4.500E+00 -3.031E+00
 -1.8447500E+03 -4.478E+00 -4.775E+00 -2.390E+00
 -1.8442500E+03 -3.195E+00 -3.378E+00 -1.736E+00
 -1.8437500E+03 -4.059E+00 -3.966E+00 -1.047E+00
 -1.8432500E+03 -4.422E+00 -4.626E+00 -1.947E+00
 -1.8427500E+03 -3.601E+00 -3.955E+00 -2.148E+00
 -1.8422500E+03 -3.137E+00 -3.634E+00 -3.169E+00
 -1.8417500E+03 -4.106E+00 -4.248E+00 -2.063E+00
 -1.8412500E+03 -3.891E+00 -4.368E+00 -2.863E+00
 -1.8407500E+03 -2.634E+00 -2.828E+00 -1.677E+00
 -1.8402500E+03 -4.000E+00 -4.137E+00 -1.665E+00
 -1.8397500E+03 -4.479E+00 -4.509E+00 -1.231E+00
 -1.8392500E+03 -4.010E+00 -4.331E+00 -2.465E+00
 -1.8387500E+03 -4.461E+00 -4.805E+00 -2.744E+00
 -1.8382500E+03 -3.855E+00 -3.931E+00 -1.537E+00
 -1.8377500E+03 -3.386E+00 -3.639E+00 -1.387E+00
 -1.8372500E+03 -3.836E+00 -4.211E+00 -1.925E+00
 -1.8367500E+03 -3.468E+00 -4.066E+00 -3.509E+00
 -1.8362500E+03 -3.761E+00 -3.905E+00 -1.723E+00
 -1.8357500E+03 -3.685E+00 -3.756E+00 -1.761E+00
 -1.8352500E+03 -4.144E+00 -4.276E+00 -1.979E+00
 -1.8347500E+03 -3.775E+00 -3.766E+00 -1.149E+00
 -1.8342500E+03 -3.967E+00 -4.001E+00 -1.102E+00
 -1.8337500E+03 -3.602E+00 -3.957E+00 -2.842E+00
 -1.8332500E+03 -3.328E+00 -3.651E+00 -2.118E+00
 -1.8327500E+03 -3.523E+00 -3.689E+00 -2.272E+00
 -1.8322500E+03 -3.536E+00 -3.685E+00 -1.350E+00
 -1.8317500E+03 -3.938E+00 -4.309E+00 -2.240E+00
 -1.8312500E+03 -4.417E+00 -4.642E+00 -1.531E+00
 -1.8307500E+03 -2.977E+00 -3.160E+00 -1.552E+00
 -1.8302500E+03 -3.627E+00 -3.896E+00 -1.756E+00
 -1.8297500E+03 -3.214E+00 -3.702E+00 -3.055E+00
 -1.8292500E+03 -3.610E+00 -3.828E+00 -1.889E+00
 -1.8287500E+03 -3.114E+00 -3.567E+00 -2.973E+00
 -1.8282500E+03 -4.127E+00 -4.376E+00 -1.733E+00
 -1.8277500E+03 -4.074E+00 -4.425E+00 -1.948E+00
 -1.8272500E+03 -3.859E+00 -4.085E+00 -2.138E+00
 -1.8267500E+03 -3.794E+00 -3.843E+00 -2.081E+00
 -1.8262500E+03 -3.761E+00 -4.149E+00 -2.572E+00
 -1.8257500E+03 -4.292E+00 -4.474E+00 -2.091E+00
 -1.8252500E+03 -4.522E+00 -4.677E+00 -1.559E+00
 -1.8247500E+03 -3.639E+00 -3.924E+00 -2.297E+00
 -1.8242500E+03 -3.595E+00 -3.672E+00 -1.110E+00
 -1.8237500E+03 -3.716E+00 -4.002E+00 -2.060E+00
 -1.8232500E+03 -3.641E+00 -3.892E+00 -2.063E+00
 -1.8227500E+03 -3.552E+00 -3.652E+00 -1.824E+00
 -1.8222500E+03 -3.738E+00 -3.947E+00 -1.974E+00
 -1.8217500E+03 -3.503E+00 -3.704E+00 -1.912E+00
 -1.8212500E+03 -3.251E+00 -3.799E+00 -2.699E+00
 -1.8207500E+03 -3.040E+00 -3.296E+00 -1.804E+00
 -1.8202500E+03 -3.015E+00 -3.289E+00 -2.006E+00
 -1.8197500E+03 -3.952E+00 -4.089E+00 -1.560E+00
 -1.8192500E+03 -3.270E+00 -3.759E+00 -2.883E+00
 -1.8187500E+03 -3.486E+00 -4.045E+00 -3.004E+00
 -1.8182500E+03 -3.675E+00 -3.770E+00 -1.403E+00
 -1.8177500E+03 -3.256E+00 -3.334E+00 -1.278E+00
 -1.8172500E+03 -3.565E+00 -3.855E+00 -2.350E+00
 -1.8167500E+03 -3.970E+00 -4.284E+00 -2.325E+00
 -1.8162500E+03 -4.209E+00 -4.271E+00 -1.268E+00
 -1.8157500E+03 -3.199E+00 -3.362E+00 -1.650E+00
 -1.8152500E+03 -3.086E+00 -3.384E+00 -2.115E+00
 -1.8147500E+03 -3.786E+00 -4.111E+00 -2.069E+00
 -1.8142500E+03 -2.826E+00 -3.029E+00 -1.385E+00
 -1.8137500E+03 -2.919E+00 -3.120E+00 -1.754E+00
 -1.8132500E+03 -3.055E+00 -3.333E+00 -2.201E+00
 -1.8127500E+03 -3.906E+00 -3.995E+00 -1.584E+00
 -1.8122500E+03 -3.349E+00 -3.359E+00 -1.127E+00
 -1.8117500E+03 -3.067E+00 -3.164E+00 -1.374E+00
 -1.8112500E+03 -2.914E+00 -3.018E+00 -1.429E+00
 -1.8107500E+03 -3.401E+00 -3.462E+00 -1.120E+00
 -1.8102500E+03 -3.528E+00 -3.755E+00 -1.984E+00
 -1.8097500E+03 -2.898E+00 -3.309E+00 -2.381E+00
 -1.8092500E+03 -3.740E+00 -3.962E+00 -1.948E+00
 -1.8087500E+03 -3.335E+00 -3.806E+00 -2.692E+00
 -1.8082500E+03 -3.361E+00 -3.609E+00 -2.113E+00
 -1.8077500E+03 -3.934E+00 -4.054E+00 -1.370E+00
 -1.8072500E+03 -3.196E+00 -3.196E+00 -9.005E-01
 -1.8067500E+03 -3.496E+00 -3.693E+00 -1.605E+00
 -1.8062500E+03 -3.198E+00 -3.660E+00 -2.703E+00
 -1.8057500E+03 -2.578E+00 -2.894E+00 -1.934E+00
 -1.8052500E+03 -3.650E+00 -3.774E+00 -1.613E+00
 -1.8047500E+03 -3.213E+00 -3.408E+00 -1.672E+00
 -1.8042500E+03 -3.660E+00 -3.791E+00 -1.443E+00
 -1.8037500E+03 -3.277E+00 -3.392E+00 -1.249E+00
 -1.8032500E+03 -3.153E+00 -3.504E+00 -2.130E+00
 -1.8027500E+03 -3.478E+00 -3.960E+00 -2.618E+00
 -1.8022500E+03 -3.932E+00 -4.164E+00 -2.141E+00
 -1.8017500E+03 -3.502E+00 -3.819E+00 -2.608E+00
 -1.8012500E+03 -3.122E+00 -3.186E+00 -1.128E+00
 -1.8007500E+03 -3.245E+00 -3.458E+00 -1.491E+00
 -1.8002500E+03 -2.803E+00 -3.128E+00 -1.720E+00
 -1.7997500E+03 -3.256E+00 -3.508E+00 -2.222E+00
 -1.7992500E+03 -2.784E+00 -3.074E+00 -2.177E+00
 -1.7987500E+03 -3.124E+00 -3.254E+00 -1.346E+00
 -1.7982500E+03 -3.328E+00 -3.478E+00 -1.493E+00
 -1.7977500E+03 -3.345E+00 -3.337E+00 -9.982E-01
 -1.7972500E+03 -3.223E+00 -3.317E+00 -1.189E+00
 -1.7967500E+03 -3.084E+00 -3.151E+00 -1.084E+00
 -1.7962500E+03 -3.280E+00 -3.419E+00 -1.559E+00
 -1.7957500E+03 -3.702E+00 -3.980E+00 -2.135E+00
 -1.7952500E+03 -3.281E+00 -3.444E+00 -1.481E+00
 -1.7947500E+03 -3.216E+00 -3.538E+00 -2.104E+00
 -1.7942500E+03 -2.413E+00 -2.735E+00 -2.064E+00
 -1.7937500E+03 -3.648E+00 -3.918E+00 -2.100E+00
 -1.7932500E+03 -2.919E+00 -3.171E+00 -1.838E+00
 -1.7927500E+03 -3.370E+00 -3.703E+00 -2.040E+00
 -1.7922500E+03 -3.473E+00 -3.483E+00 -1.079E+00
 -1.7917500E+03 -3.549E+00 -3.521E+00 -1.161E+00
 -1.7912500E+03 -2.609E+00 -2.759E+00 -1.456E+00
 -1.7907500E+03 -2.695E+00 -2.691E+00 -1.099E+00
 -1.7902500E+03 -2.738E+00 -2.672E+00 -1.183E+00
 -1.7897500E+03 -3.454E+00 -3.608E+00 -1.336E+00
 -1.7892500E+03 -3.046E+00 -3.318E+00 -2.105E+00
 -1.7887500E+03 -3.121E+00 -3.448E+00 -2.111E+00
 -1.7882500E+03 -3.042E+00 -3.164E+00 -9.228E-01
 -1.7877500E+03 -3.095E+00 -3.158E+00 -9.460E-01
 -1.7872500E+03 -2.611E+00 -2.855E+00 -1.713E+00
 -1.7867500E+03 -2.334E+00 -2.596E+00 -1.817E+00
 -1.7862500E+03 -3.205E+00 -3.280E+00 -2.127E+00
 -1.7857500E+03 -2.704E+00 -3.278E+00 -2.498E+00
 -1.7852500E+03 -2.531E+00 -2.981E+00 -1.840E+00
 -1.7847500E+03 -2.419E+00 -2.641E+00 -1.606E+00
 -1.7842500E+03 -2.640E+00 -2.632E+00 -1.082E+00
 -1.7837500E+03 -3.532E+00 -3.452E+00 -7.420E-01
 -1.7832500E+03 -3.033E+00 -3.358E+00 -1.444E+00
 -1.7827500E+03 -3.297E+00 -3.560E+00 -1.805E+00
 -1.7822500E+03 -3.431E+00 -3.795E+00 -2.412E+00
 -1.7817500E+03 -2.584E+00 -2.918E+00 -1.950E+00
 -1.7812500E+03 -2.204E+00 -2.462E+00 -1.518E+00
 -1.7807500E+03 -2.786E+00 -2.936E+00 -1.336E+00
 -1.7802500E+03 -2.456E+00 -2.626E+00 -1.259E+00
 -1.7797500E+03 -2.788E+00 -3.187E+00 -2.817E+00
 -1.7792500E+03 -2.748E+00 -2.948E+00 -1.823E+00
 -1.7787500E+03 -2.475E+00 -2.740E+00 -1.615E+00
 -1.7782500E+03 -3.047E+00 -3.194E+00 -1.608E+00
 -1.7777500E+03 -2.655E+00 -2.758E+00 -1.576E+00
 -1.7772500E+03 -3.330E+00 -3.500E+00 -1.321E+00
 -1.7767500E+03 -2.914E+00 -3.127E+00 -1.524E+00
 -1.7762500E+03 -3.126E+00 -3.222E+00 -1.143E+00
 -1.7757500E+03 -2.989E+00 -3.136E+00 -1.711E+00
 -1.7752500E+03 -2.512E+00 -2.879E+00 -2.462E+00
 -1.7747500E+03 -3.302E+00 -3.447E+00 -1.389E+00
 -1.7742500E+03 -3.268E+00 -3.319E+00 -1.148E+00
 -1.7737500E+03 -2.963E+00 -3.207E+00 -1.826E+00
 -1.7732500E+03 -2.802E+00 -2.789E+00 -7.456E-01
 -1.7727500E+03 -2.353E+00 -2.426E+00 -8.562E-01
 -1.7722500E+03 -3.436E+00 -3.533E+00 -1.308E+00
 -1.7717500E+03 -2.287E+00 -2.678E+00 -2.017E+00
 -1.7712500E+03 -3.007E+00 -3.274E+00 -1.595E+00
 -1.7707500E+03 -2.381E+00 -2.721E+00 -2.122E+00
 -1.7702500E+03 -3.013E+00 -3.274E+00 -1.614E+00
 -1.7697500E+03 -2.492E+00 -2.805E+00 -1.905E+00
 -1.7692500E+03 -3.111E+00 -3.197E+00 -1.199E+00
 -1.7687500E+03 -2.104E+00 -2.156E+00 -7.498E-01
 -1.7682500E+03 -2.243E+00 -2.592E+00 -1.939E+00
 -1.7677500E+03 -2.004E+00 -2.463E+00 -2.177E+00
 -1.7672500E+03 -2.751E+00 -2.915E+00 -1.461E+00
 -1.7667500E+03 -2.658E+00 -3.071E+00 -2.363E+00
 -1.7662500E+03 -2.868E+00 -3.064E+00 -1.450E+00
 -1.7657500E+03 -2.820E+00 -2.998E+00 -1.458E+00
 -1.7652500E+03 -3.021E+00 -3.294E+00 -1.276E+00
 -1.7647500E+03 -3.416E+00 -3.661E+00 -1.931E+00
 -1.7642500E+03 -2.425E+00 -2.802E+00 -1.979E+00
 -1.7637500E+03 -2.445E+00 -2.656E+00 -1.457E+00
 -1.7632500E+03 -2.222E+00 -2.343E+00 -1.141E+00
 -1.7627500E+03 -2.463E+00 -2.607E+00 -1.276E+00
 -1.7622500E+03 -3.200E+00 -3.028E+00 -3.438E-01
 -1.7617500E+03 -3.404E+00 -3.399E+00 -1.070E+00
 -1.7612500E+03 -3.318E+00 -3.550E+00 -1.718E+00
 -1.7607500E+03 -2.384E+00 -2.720E+00 -1.950E+00
 -1.7602500E+03 -2.487E+00 -2.592E+00 -1.179E+00
 -1.7597500E+03 -2.400E+00 -2.579E+00 -1.337E+00
 -1.7592500E+03 -2.775E+00 -3.018E+00 -1.709E+00
 -1.7587500E+03 -3.392E+00 -3.363E+00 -5.417E-01
 -1.7582500E+03 -2.739E+00 -2.750E+00 -1.110E+00
 -1.7577500E+03 -2.510E+00 -2.731E+00 -1.563E+00
 -1.7572500E+03 -2.507E+00 -2.675E+00 -1.531E+00
 -1.7567500E+03 -2.680E+00 -2.806E+00 -1.185E+00
 -1.7562500E+03 -2.434E+00 -2.494E+00 -7.568E-01
 -1.7557500E+03 -2.779E+00 -2.712E+00 -4.666E-01
 -1.7552500E+03 -3.004E+00 -2.993E+00 -8.211E-01
 -1.7547500E+03 -2.108E+00 -2.336E+00 -1.449E+00
 -1.7542500E+03 -2.339E+00 -2.478E+00 -1.274E+00
 -1.7537500E+03 -2.770E+00 -2.864E+00 -1.217E+00
 -1.7532500E+03 -2.970E+00 -3.198E+00 -1.674E+00
 -1.7527500E+03 -2.667E+00 -2.928E+00 -2.049E+00
 -1.7522500E+03 -2.611E+00 -2.704E+00 -1.210E+00
 -1.7517500E+03 -2.606E+00 -2.700E+00 -1.113E+00
 -1.7512500E+03 -3.080E+00 -2.977E+00 -8.079E-01
 -1.7507500E+03 -2.879E+00 -3.165E+00 -1.752E+00
 -1.7502500E+03 -2.240E+00 -2.630E+00 -2.245E+00
 -1.7497500E+03 -2.722E+00 -3.138E+00 -2.214E+00
 -1.7492500E+03 -2.560E+00 -2.487E+00 -7.201E-01
 -1.7487500E+03 -2.112E+00 -2.143E+00 -1.160E+00
 -1.7482500E+03 -2.493E+00 -2.683E+00 -1.274E+00
 -1.7477500E+03 -2.344E+00 -2.598E+00 -1.463E+00
 -1.7472500E+03 -2.255E+00 -2.480E+00 -1.877E+00
 -1.7467500E+03 -2.627E+00 -2.643E+00 -9.800E-01
 -1.7462500E+03 -3.122E+00 -3.329E+00 -1.708E+00
 -1.7457500E+03 -3.061E+00 -3.356E+00 -1.995E+00
 -1.7452500E+03 -2.594E+00 -2.677E+00 -1.105E+00
 -1.7447500E+03 -2.960E+00 -2.934E+00 -5.813E-01
 -1.7442500E+03 -2.051E+00 -2.013E+00 -5.984E-01
 -1.7437500E+03 -2.319E+00 -2.490E+00 -1.527E+00
 -1.7432500E+03 -2.382E+00 -2.701E+00 -1.788E+00
 -1.7427500E+03 -2.767E+00 -2.891E+00 -1.207E+00
 -1.7422500E+03 -2.748E+00 -3.057E+00 -2.190E+00
 -1.7417500E+03 -2.706E+00 -2.976E+00 -1.801E+00
 -1.7412500E+03 -2.029E+00 -2.171E+00 -1.537E+00
 -1.7407500E+03 -2.640E+00 -2.703E+00 -7.276E-01
 -1.7402500E+03 -2.697E+00 -2.732E+00 -9.355E-01
 -1.7397500E+03 -2.674E+00 -2.812E+00 -1.089E+00
 -1.7392500E+03 -2.068E+00 -2.160E+00 -9.941E-01
 -1.7387500E+03 -2.116E+00 -2.402E+00 -1.848E+00
 -1.7382500E+03 -2.613E+00 -3.072E+00 -2.745E+00
 -1.7377500E+03 -2.803E+00 -2.905E+00 -8.549E-01
 -1.7372500E+03 -1.977E+00 -2.108E+00 -1.012E+00
 -1.7367500E+03 -2.233E+00 -2.273E+00 -9.283E-01
 -1.7362500E+03 -2.535E+00 -2.705E+00 -1.344E+00
 -1.7357500E+03 -2.406E+00 -2.741E+00 -2.063E+00
 -1.7352500E+03 -2.640E+00 -2.836E+00 -1.066E+00
 -1.7347500E+03 -2.933E+00 -2.906E+00 -5.396E-01
 -1.7342500E+03 -2.051E+00 -2.349E+00 -1.895E+00
 -1.7337500E+03 -2.373E+00 -2.806E+00 -2.563E+00
 -1.7332500E+03 -2.323E+00 -2.648E+00 -1.880E+00
 -1.7327500E+03 -2.432E+00 -2.628E+00 -1.427E+00
 -1.7322500E+03 -2.688E+00 -2.805E+00 -1.332E+00
 -1.7317500E+03 -2.076E+00 -2.244E+00 -1.226E+00
 -1.7312500E+03 -1.953E+00 -2.063E+00 -1.019E+00
 -1.7307500E+03 -2.590E+00 -2.739E+00 -9.816E-01
 -1.7302500E+03 -2.630E+00 -2.603E+00 -9.017E-01
 -1.7297500E+03 -2.300E+00 -2.412E+00 -1.245E+00
 -1.7292500E+03 -1.836E+00 -1.974E+00 -1.052E+00
 -1.7287500E+03 -2.219E+00 -2.451E+00 -1.317E+00
 -1.7282500E+03 -2.679E+00 -2.812E+00 -1.097E+00
 -1.7277500E+03 -1.749E+00 -1.902E+00 -1.168E+00
 -1.7272500E+03 -2.861E+00 -2.956E+00 -1.104E+00
 -1.7267500E+03 -2.613E+00 -2.758E+00 -1.449E+00
 -1.7262500E+03 -2.683E+00 -2.677E+00 -7.047E-01
 -1.7257500E+03 -2.311E+00 -2.494E+00 -1.584E+00
 -1.7252500E+03 -1.832E+00 -2.228E+00 -2.044E+00
 -1.7247500E+03 -1.740E+00 -1.903E+00 -1.290E+00
 -1.7242500E+03 -2.351E+00 -2.423E+00 -1.134E+00
 -1.7237500E+03 -2.883E+00 -2.835E+00 -6.622E-01
 -1.7232500E+03 -1.915E+00 -2.154E+00 -1.291E+00
 -1.7227500E+03 -2.021E+00 -2.457E+00 -2.091E+00
 -1.7222500E+03 -2.174E+00 -2.111E+00 -3.934E-01
 -1.7217500E+03 -2.522E+00 -2.577E+00 -9.501E-01
 -1.7212500E+03 -2.054E+00 -2.339E+00 -1.811E+00
 -1.7207500E+03 -1.791E+00 -2.212E+00 -2.179E+00
 -1.7202500E+03 -1.865E+00 -1.809E+00 -6.448E-01
 -1.7197500E+03 -2.722E+00 -2.836E+00 -1.131E+00
 -1.7192500E+03 -2.506E+00 -2.631E+00 -1.023E+00
 -1.7187500E+03 -2.199E+00 -2.408E+00 -1.142E+00
 -1.7182500E+03 -2.891E+00 -2.846E+00 -5.020E-01
 -1.7177500E+03 -2.475E+00 -2.715E+00 -1.933E+00
 -1.7172500E+03 -2.158E+00 -2.103E+00 -9.904E-01
 -1.7167500E+03 -2.144E+00 -2.484E+00 -1.830E+00
 -1.7162500E+03 -1.949E+00 -2.303E+00 -1.714E+00
 -1.7157500E+03 -1.653E+00 -2.075E+00 -2.033E+00
 -1.7152500E+03 -2.451E+00 -2.322E+00 -2.939E-01
 -1.7147500E+03 -1.732E+00 -1.832E+00 -9.158E-01
 -1.7142500E+03 -2.321E+00 -2.531E+00 -1.474E+00
 -1.7137500E+03 -2.390E+00 -2.581E+00 -1.582E+00
 -1.7132500E+03 -1.845E+00 -2.111E+00 -1.735E+00
 -1.7127500E+03 -2.499E+00 -2.556E+00 -8.203E-01
 -1.7122500E+03 -1.884E+00 -1.902E+00 -9.381E-01
 -1.7117500E+03 -2.398E+00 -2.449E+00 -1.135E+00
 -1.7112500E+03 -2.117E+00 -2.100E+00 -1.018E+00
 -1.7107500E+03 -2.198E+00 -2.336E+00 -1.142E+00
 -1.7102500E+03 -1.766E+00 -2.046E+00 -1.486E+00
 -1.7097500E+03 -2.255E+00 -2.213E+00 -7.232E-01
 -1.7092500E+03 -1.564E+00 -1.705E+00 -1.129E+00
 -1.7087500E+03 -1.897E+00 -2.040E+00 -9.266E-01
 -1.7082500E+03 -2.876E+00 -3.041E+00 -1.382E+00
 -1.7077500E+03 -1.909E+00 -2.190E+00 -1.600E+00
 -1.7072500E+03 -2.067E+00 -2.148E+00 -1.195E+00
 -1.7067500E+03 -3.547E+00 -3.873E+00 -8.280E-01
 -1.7062500E+03 -1.351E+00 -1.187E+00 -7.033E-01
 -1.7057500E+03 -1.876E+00 -1.912E+00 -1.005E+00
 -1.7052500E+03 -2.796E+00 -2.915E+00 -1.237E+00
 -1.7047500E+03 -2.405E+00 -2.255E+00 -2.557E-01
 -1.7042500E+03 -2.261E+00 -2.497E+00 -1.266E+00
 -1.7037500E+03 -2.273E+00 -2.364E+00 -7.498E-01
 -1.7032500E+03 -1.576E+00 -1.693E+00 -1.104E+00
 -1.7027500E+03 -1.507E+00 -1.520E+00 -6.948E-01
 -1.7022500E+03 -1.292E+00 -1.459E+00 -6.348E-01
 -1.7017500E+03 -1.913E+00 -1.983E+00 -9.531E-01
 -1.7012500E+03 -1.888E+00 -2.261E+00 -2.163E+00
 -1.7007500E+03 -1.936E+00 -2.313E+00 -1.954E+00
 -1.7002500E+03 -2.105E+00 -2.107E+00 -7.623E-01
 -1.6997500E+03 -1.989E+00 -2.090E+00 -9.519E-01
 -1.6992500E+03 -1.621E+00 -1.937E+00 -1.632E+00
 -1.6987500E+03 -2.447E+00 -2.575E+00 -1.080E+00
 -1.6982500E+03 -2.557E+00 -2.853E+00 -1.674E+00
 -1.6977500E+03 -2.201E+00 -2.303E+00 -1.216E+00
 -1.6972500E+03 -2.601E+00 -2.601E+00 -5.314E-01
 -1.6967500E+03 -1.796E+00 -1.990E+00 -1.357E+00
 -1.6962500E+03 -2.098E+00 -2.258E+00 -1.240E+00
 -1.6957500E+03 -2.289E+00 -2.247E+00 -3.284E-01
 -1.6952500E+03 -2.222E+00 -2.407E+00 -1.395E+00
 -1.6947500E+03 -1.890E+00 -2.158E+00 -2.123E+00
 -1.6942500E+03 -2.125E+00 -2.083E+00 -6.819E-01
 -1.6937500E+03 -2.504E+00 -2.491E+00 -5.703E-01
 -1.6932500E+03 -1.556E+00 -1.946E+00 -1.981E+00
 -1.6927500E+03 -1.392E+00 -1.803E+00 -1.552E+00
 -1.6922500E+03 -1.959E+00 -2.034E+00 -6.594E-01
 -1.6917500E+03 -1.935E+00 -1.811E+00 -3.129E-01
 -1.6912500E+03 -1.830E+00 -2.005E+00 -1.163E+00
 -1.6907500E+03 -1.854E+00 -2.094E+00 -1.333E+00
 -1.6902500E+03 -2.077E+00 -2.213E+00 -1.177E+00
 -1.6897500E+03 -2.416E+00 -2.417E+00 -7.915E-01
 -1.6892500E+03 -2.139E+00 -2.363E+00 -1.240E+00
 -1.6887500E+03 -1.621E+00 -1.900E+00 -1.575E+00
 -1.6882500E+03 -1.527E+00 -1.702E+00 -1.311E+00
 -1.6877500E+03 -2.291E+00 -2.381E+00 -1.023E+00
 -1.6872500E+03 -1.936E+00 -1.832E+00 -1.492E-01
 -1.6867500E+03 -1.598E+00 -1.508E+00 -2.977E-01
 -1.6862500E+03 -2.095E+00 -2.235E+00 -1.093E+00
 -1.6857500E+03 -2.115E+00 -2.308E+00 -1.405E+00
 -1.6852500E+03 -2.435E+00 -2.592E+00 -1.221E+00
 -1.6847500E+03 -2.582E+00 -2.702E+00 -1.490E+00
 -1.6842500E+03 -2.001E+00 -2.039E+00 -1.309E+00
 -1.6837500E+03 -1.353E+00 -1.342E+00 -8.029E-01
 -1.6832500E+03 -2.007E+00 -2.402E+00 -1.584E+00
 -1.6827500E+03 -1.919E+00 -2.082E+00 -9.957E-01
 -1.6822500E+03 -1.361E+00 -1.293E+00 -4.730E-01
 -1.6817500E+03 -2.228E+00 -2.450E+00 -1.264E+00
 -1.6812500E+03 -2.221E+00 -2.612E+00 -1.972E+00
 -1.6807500E+03 -1.748E+00 -2.023E+00 -1.701E+00
 -1.6802500E+03 -1.958E+00 -2.160E+00 -1.433E+00
 -1.6797500E+03 -2.075E+00 -1.896E+00 -8.073E-02
 -1.6792500E+03 -2.159E+00 -2.006E+00 -1.629E-01
 -1.6787500E+03 -1.915E+00 -2.088E+00 -1.486E+00
 -1.6782500E+03 -1.564E+00 -1.897E+00 -1.555E+00
 -1.6777500E+03 -1.839E+00 -1.872E+00 -9.161E-01
 -1.6772500E+03 -2.186E+00 -2.299E+00 -8.420E-01
 -1.6767500E+03 -2.231E+00 -2.357E+00 -8.989E-01
 -1.6762500E+03 -1.800E+00 -1.770E+00 -3.793E-01
 -1.6757500E+03 -2.243E+00 -2.328E+00 -7.276E-01
 -1.6752500E+03 -2.025E+00 -2.203E+00 -1.348E+00
 -1.6747500E+03 -1.738E+00 -1.793E+00 -9.925E-01
 -1.6742500E+03 -9.083E-01 -1.226E+00 -1.364E+00
 -1.6737500E+03 -1.892E+00 -2.045E+00 -9.106E-01
 -1.6732500E+03 -2.110E+00 -2.085E+00 -5.668E-01
 -1.6727500E+03 -1.877E+00 -2.086E+00 -1.385E+00
 -1.6722500E+03 -1.743E+00 -1.952E+00 -1.294E+00
 -1.6717500E+03 -2.072E+00 -2.143E+00 -8.278E-01
 -1.6712500E+03 -1.904E+00 -2.137E+00 -1.400E+00
 -1.6707500E+03 -1.591E+00 -1.707E+00 -1.016E+00
 -1.6702500E+03 -2.025E+00 -2.118E+00 -7.615E-01
 -1.6697500E+03 -2.447E+00 -2.467E+00 -7.435E-01
 -1.6692500E+03 -2.663E+00 -2.763E+00 -9.497E-01
 -1.6687500E+03 -2.119E+00 -2.366E+00 -1.277E+00
 -1.6682500E+03 -2.138E+00 -2.436E+00 -1.685E+00
 -1.6677500E+03 -2.204E+00 -2.441E+00 -1.451E+00
 -1.6672500E+03 -1.153E+00 -1.251E+00 -7.784E-01
 -1.6667500E+03 -1.496E+00 -1.694E+00 -1.222E+00
 -1.6662500E+03 -2.041E+00 -2.173E+00 -1.462E+00
 -1.6657500E+03 -1.890E+00 -1.867E+00 -8.905E-01
 -1.6652500E+03 -1.726E+00 -1.845E+00 -1.055E+00
 -1.6647500E+03 -1.243E+00 -1.488E+00 -1.263E+00
 -1.6642500E+03 -1.420E+00 -1.563E+00 -1.041E+00
 -1.6637500E+03 -1.915E+00 -1.977E+00 -6.557E-01
 -1.6632500E+03 -1.880E+00 -1.902E+00 -4.554E-01
 -1.6627500E+03 -2.076E+00 -2.259E+00 -1.068E+00
 -1.6622500E+03 -1.774E+00 -1.995E+00 -1.585E+00
 -1.6617500E+03 -1.855E+00 -2.057E+00 -1.241E+00
 -1.6612500E+03 -1.490E+00 -1.379E+00  1.709E-02
 -1.6607500E+03 -1.713E+00 -1.853E+00 -1.074E+00
 -1.6602500E+03 -1.564E+00 -1.816E+00 -1.380E+00
 -1.6597500E+03 -2.336E+00 -2.356E+00 -7.275E-01
 -1.6592500E+03 -1.591E+00 -1.673E+00 -1.140E+00
 -1.6587500E+03 -1.821E+00 -2.134E+00 -1.016E+00
 -1.6582500E+03 -1.773E+00 -1.901E+00 -7.491E-01
 -1.6577500E+03 -1.699E+00 -1.770E+00 -9.924E-01
 -1.6572500E+03 -1.898E+00 -1.941E+00 -7.642E-01
 -1.6567500E+03 -1.481E+00 -1.537E+00 -5.510E-01
 -1.6562500E+03 -2.196E+00 -2.192E+00 -3.908E-01
 -1.6557500E+03 -1.725E+00 -1.791E+00 -7.297E-01
 -1.6552500E+03 -1.884E+00 -2.010E+00 -1.114E+00
 -1.6547500E+03 -1.560E+00 -1.517E+00 -5.758E-01
 -1.6542500E+03 -2.250E+00 -2.252E+00 -5.828E-01
 -1.6537500E+03 -1.857E+00 -1.874E+00 -3.377E-01
 -1.6532500E+03 -8.796E-01 -9.568E-01 -5.170E-01
 -1.6527500E+03 -1.364E+00 -1.599E+00 -1.434E+00
 -1.6522500E+03 -1.703E+00 -2.004E+00 -1.887E+00
 -1.6517500E+03 -1.848E+00 -1.952E+00 -1.224E+00
 -1.6512500E+03 -2.192E+00 -2.200E+00 -7.936E-01
 -1.6507500E+03 -1.857E+00 -1.911E+00 -8.482E-01
 -1.6502500E+03 -1.850E+00 -2.181E+00 -1.545E+00
 -1.6497500E+03 -2.396E+00 -2.503E+00 -9.511E-01
 -1.6492500E+03 -1.817E+00 -1.936E+00 -8.720E-01
 -1.6487500E+03 -1.403E+00 -1.557E+00 -1.172E+00
 -1.6482500E+03 -1.494E+00 -1.504E+00 -8.046E-01
 -1.6477500E+03 -1.685E+00 -1.723E+00 -5.317E-01
 -1.6472500E+03 -1.222E+00 -1.319E+00 -7.749E-01
 -1.6467500E+03 -1.671E+00 -2.028E+00 -1.543E+00
 -1.6462500E+03 -1.684E+00 -1.857E+00 -1.251E+00
 -1.6457500E+03 -1.476E+00 -1.728E+00 -1.477E+00
 -1.6452500E+03 -1.742E+00 -1.720E+00 -5.617E-01
 -1.6447500E+03 -1.688E+00 -1.543E+00 -1.388E-01
 -1.6442500E+03 -1.238E+00 -1.277E+00 -6.339E-01
 -1.6437500E+03 -1.436E+00 -1.622E+00 -9.697E-01
 -1.6432500E+03 -1.265E+00 -1.574E+00 -1.502E+00
 -1.6427500E+03 -1.431E+00 -1.479E+00 -6.865E-01
 -1.6422500E+03 -1.448E+00 -1.583E+00 -9.344E-01
 -1.6417500E+03 -2.041E+00 -2.090E+00 -7.544E-01
 -1.6412500E+03 -1.721E+00 -1.673E+00 -3.019E-01
 -1.6407500E+03 -1.811E+00 -2.228E+00 -1.711E+00
 -1.6402500E+03 -1.910E+00 -2.054E+00 -1.109E+00
 -1.6397500E+03 -1.126E+00 -1.178E+00 -7.896E-01
 -1.6392500E+03 -1.958E+00 -1.860E+00 -9.574E-02
 -1.6387500E+03 -1.643E+00 -1.762E+00 -1.156E+00
 -1.6382500E+03 -2.446E+00 -2.534E+00 -9.689E-01
 -1.6377500E+03 -1.956E+00 -2.015E+00 -8.256E-01
 -1.6372500E+03 -1.429E+00 -1.554E+00 -1.104E+00
 -1.6367500E+03 -1.427E+00 -1.450E+00 -4.436E-01
 -1.6362500E+03 -1.455E+00 -1.474E+00 -7.216E-01
 -1.6357500E+03 -1.750E+00 -1.801E+00 -7.403E-01
 -1.6352500E+03 -1.577E+00 -1.851E+00 -1.163E+00
 -1.6347500E+03 -1.690E+00 -1.618E+00 -2.679E-01
 -1.6342500E+03 -1.479E+00 -1.408E+00 -3.995E-01
 -1.6337500E+03 -9.998E-01 -1.403E+00 -2.151E+00
 -1.6332500E+03 -1.392E+00 -1.462E+00 -6.105E-01
 -1.6327500E+03 -1.648E+00 -1.741E+00 -8.854E-01
 -1.6322500E+03 -1.208E+00 -1.280E+00 -8.070E-01
 -1.6317500E+03 -1.348E+00 -1.587E+00 -1.144E+00
 -1.6312500E+03 -1.104E+00 -1.310E+00 -1.052E+00
 -1.6307500E+03 -2.134E+00 -2.103E+00 -3.930E-01
 -1.6302500E+03 -1.778E+00 -1.837E+00 -3.809E-01
 -1.6297500E+03 -1.441E+00 -1.789E+00 -1.722E+00
 -1.6292500E+03 -1.625E+00 -2.075E+00 -1.460E+00
 -1.6287500E+03 -2.204E+00 -2.111E+00 -3.746E-01
 -1.6282500E+03 -1.640E+00 -1.625E+00 -5.446E-01
 -1.6277500E+03 -1.077E+00 -1.092E+00 -5.930E-01
 -1.6272500E+03 -1.482E+00 -1.672E+00 -1.046E+00
 -1.6267500E+03 -1.497E+00 -1.706E+00 -9.458E-01
 -1.6262500E+03 -1.398E+00 -1.776E+00 -1.549E+00
 -1.6257500E+03 -1.880E+00 -1.981E+00 -9.282E-01
 -1.6252500E+03 -1.518E+00 -1.610E+00 -1.115E+00
 -1.6247500E+03 -1.524E+00 -1.291E+00 -2.273E-01
 -1.6242500E+03 -1.659E+00 -1.584E+00 -6.952E-01
 -1.6237500E+03 -1.205E+00 -1.511E+00 -1.298E+00
 -1.6232500E+03 -1.653E+00 -1.759E+00 -7.575E-01
 -1.6227500E+03 -1.586E+00 -1.789E+00 -1.302E+00
 -1.6222500E+03 -1.913E+00 -2.106E+00 -1.129E+00
 -1.6217500E+03 -1.201E+00 -1.174E+00 -4.450E-01
 -1.6212500E+03 -1.130E+00 -1.186E+00 -4.743E-01
 -1.6207500E+03 -1.459E+00 -1.421E+00 -2.790E-01
 -1.6202500E+03 -1.831E+00 -1.774E+00 -4.444E-01
 -1.6197500E+03 -1.436E+00 -1.510E+00 -6.802E-01
 -1.6192500E+03 -1.593E+00 -1.873E+00 -1.366E+00
 -1.6187500E+03 -1.749E+00 -1.791E+00 -5.931E-01
 -1.6182500E+03 -1.443E+00 -1.499E+00 -8.808E-01
 -1.6177500E+03 -1.378E+00 -1.571E+00 -1.368E+00
 -1.6172500E+03 -1.272E+00 -1.340E+00 -5.121E-01
 -1.6167500E+03 -1.414E+00 -1.481E+00 -5.406E-01
 -1.6162500E+03 -1.782E+00 -1.895E+00 -9.453E-01
 -1.6157500E+03 -1.761E+00 -1.928E+00 -1.246E+00
 -1.6152500E+03 -1.356E+00 -1.605E+00 -1.221E+00
 -1.6147500E+03 -1.121E+00 -1.000E+00 -4.225E-01
 -1.6142500E+03 -1.515E+00 -1.496E+00 -2.561E-01
 -1.6137500E+03 -1.885E+00 -1.964E+00 -4.736E-01
 -1.6132500E+03 -1.369E+00 -1.381E+00 -5.910E-01
 -1.6127500E+03 -1.883E+00 -1.810E+00  4.935E-02
 -1.6122500E+03 -1.747E+00 -1.719E+00 -6.657E-01
 -1.6117500E+03 -1.615E+00 -1.708E+00 -6.913E-01
 -1.6112500E+03 -1.436E+00 -1.471E+00 -8.270E-01
 -1.6107500E+03 -9.550E-01 -1.065E+00 -5.992E-01
 -1.6102500E+03 -1.390E+00 -1.435E+00 -8.671E-01
 -1.6097500E+03 -1.624E+00 -1.854E+00 -1.319E+00
 -1.6092500E+03 -1.587E+00 -1.833E+00 -1.367E+00
 -1.6087500E+03 -1.639E+00 -1.845E+00 -1.162E+00
 -1.6082500E+03 -1.338E+00 -1.605E+00 -1.244E+00
 -1.6077500E+03 -1.355E+00 -1.130E+00 -6.545E-01
 -1.6072500E+03 -1.485E+00 -1.581E+00 -9.468E-01
 -1.6067500E+03 -1.475E+00 -1.540E+00 -8.682E-01
 -1.6062500E+03 -1.396E+00 -1.394E+00 -2.753E-01
 -1.6057500E+03 -1.135E+00 -1.430E+00 -1.539E+00
 -1.6052500E+03 -1.270E+00 -1.455E+00 -1.007E+00
 -1.6047500E+03 -1.386E+00 -1.583E+00 -7.852E-01
 -1.6042500E+03 -1.329E+00 -1.456E+00 -9.581E-01
 -1.6037500E+03 -1.955E+00 -1.992E+00 -8.867E-01
 -1.6032500E+03 -1.884E+00 -1.850E+00 -2.721E-01
 -1.6027500E+03 -1.331E+00 -1.465E+00 -9.471E-01
 -1.6022500E+03 -1.381E+00 -1.604E+00 -1.157E+00
 -1.6017500E+03 -1.401E+00 -1.463E+00 -6.688E-01
 -1.6012500E+03 -1.617E+00 -1.408E+00  1.784E-01
 -1.6007500E+03 -1.425E+00 -1.522E+00 -5.866E-01
 -1.6002500E+03 -1.464E+00 -1.612E+00 -8.112E-01
 -1.5997500E+03 -1.103E+00 -1.268E+00 -9.605E-01
 -1.5992500E+03 -1.088E+00 -1.357E+00 -1.248E+00
 -1.5987500E+03 -1.828E+00 -1.762E+00 -2.032E-01
 -1.5982500E+03 -1.320E+00 -1.522E+00 -1.239E+00
 -1.5977500E+03 -1.078E+00 -1.330E+00 -8.742E-01
 -1.5972500E+03 -1.419E+00 -1.451E+00 -5.261E-01
 -1.5967500E+03 -1.483E+00 -1.451E+00 -6.504E-01
 -1.5962500E+03 -1.311E+00 -1.351E+00 -5.025E-01
 -1.5957500E+03 -1.706E+00 -1.780E+00 -5.347E-01
