 -6.2292500E+03 -0.000E+00 -0.000E+00  0.000E+00
 -6.2287500E+03 -0.000E+00 -0.000E+00  0.000E+00
 -6.2282500E+03 -0.000E+00 -0.000E+00  0.000E+00
 -6.2277500E+03 -0.000E+00 -0.000E+00  0.000E+00
 -6.2272500E+03 -0.000E+00 -0.000E+00  0.000E+00
 -6.2267500E+03 -0.000E+00 -0.000E+00  0.000E+00
 -6.2262500E+03 -0.000E+00 -0.000E+00  0.000E+00
 -6.2257500E+03 -0.000E+00 -0.000E+00  0.000E+00
 -6.2252500E+03 -0.000E+00 -0.000E+00  0.000E+00
 -6.2247500E+03 -0.000E+00 -0.000E+00  0.000E+00
 -6.2242500E+03 -0.000E+00 -0.000E+00  0.000E+00
 -6.2237500E+03 -0.000E+00 -0.000E+00  0.000E+00
 -6.2232500E+03 -0.000E+00 -0.000E+00  0.000E+00
 -6.2227500E+03 -0.000E+00 -0.000E+00  0.000E+00
 -6.2222500E+03 -0.000E+00 -0.000E+00  0.000E+00
 -6.2217500E+03 -0.000E+00 -0.000E+00  0.000E+00
 -6.2212500E+03 -0.000E+00 -0.000E+00  0.000E+00
 -6.2207500E+03 -0.000E+00 -0.000E+00  0.000E+00
 -6.2202500E+03 -0.000E+00 -0.000E+00  0.000E+00
 -6.2197500E+03 -0.000E+00 -0.000E+00  0.000E+00
 -6.2192500E+03 -0.000E+00 -0.000E+00  0.000E+00
 -6.2187500E+03 -0.000E+00 -0.000E+00  0.000E+00
 -6.2182500E+03 -0.000E+00 -0.000E+00  0.000E+00
 -6.2177500E+03 -0.000E+00 -0.000E+00  0.000E+00
 -6.2172500E+03 -0.000E+00 -0.000E+00  0.000E+00
 -6.2167500E+03 -0.000E+00 -0.000E+00  0.000E+00
 -6.2162500E+03 -0.000E+00 -0.000E+00  0.000E+00
 -6.2157500E+03 -0.000E+00 -0.000E+00  0.000E+00
 -6.2152500E+03 -0.000E+00 -0.000E+00  0.000E+00
 -6.2147500E+03 -0.000E+00 -0.000E+00  0.000E+00
 -6.2142500E+03 -0.000E+00 -0.000E+00  0.000E+00
 -6.2137500E+03 -0.000E+00 -0.000E+00  0.000E+00
 -6.2132500E+03 -0.000E+00 -0.000E+00  0.000E+00
 -6.2127500E+03 -0.000E+00 -0.000E+00  0.000E+00
 -6.2122500E+03 -0.000E+00 -0.000E+00  0.000E+00
 -6.2117500E+03 -0.000E+00 -0.000E+00  0.000E+00
 -6.2112500E+03 -0.000E+00 -0.000E+00  0.000E+00
 -6.2107500E+03 -0.000E+00 -0.000E+00  0.000E+00
 -6.2102500E+03 -0.000E+00 -0.000E+00  0.000E+00
 -6.2097500E+03 -0.000E+00 -0.000E+00  0.000E+00
 -6.2092500E+03 -0.000E+00 -0.000E+00  0.000E+00
 -6.2087500E+03 -0.000E+00 -0.000E+00  0.000E+00
 -6.2082500E+03 -0.000E+00 -0.000E+00  0.000E+00
 -6.2077500E+03 -0.000E+00 -0.000E+00  0.000E+00
 -6.2072500E+03 -0.000E+00 -0.000E+00  0.000E+00
 -6.2067500E+03 -0.000E+00 -0.000E+00  0.000E+00
 -6.2062500E+03 -0.000E+00 -0.000E+00  0.000E+00
 -6.2057500E+03 -0.000E+00 -0.000E+00  0.000E+00
 -6.2052500E+03 -0.000E+00 -0.000E+00  0.000E+00
 -6.2047500E+03 -0.000E+00 -0.000E+00  0.000E+00
 -6.2042500E+03 -0.000E+00 -0.000E+00  0.000E+00
 -6.2037500E+03 -0.000E+00 -0.000E+00  0.000E+00
 -6.2032500E+03 -0.000E+00 -0.000E+00  0.000E+00
 -6.2027500E+03 -0.000E+00 -0.000E+00  0.000E+00
 -6.2022500E+03 -0.000E+00 -0.000E+00  0.000E+00
 -6.2017500E+03 -0.000E+00 -0.000E+00  0.000E+00
 -6.2012500E+03 -0.000E+00 -0.000E+00  0.000E+00
 -6.2007500E+03 -0.000E+00 -0.000E+00  0.000E+00
 -6.2002500E+03 -0.000E+00 -0.000E+00  0.000E+00
 -6.1997500E+03 -0.000E+00 -0.000E+00  0.000E+00
 -6.1992500E+03 -0.000E+00 -0.000E+00  0.000E+00
 -6.1987500E+03 -0.000E+00 -0.000E+00  0.000E+00
 -6.1982500E+03 -0.000E+00 -0.000E+00  0.000E+00
 -6.1977500E+03 -0.000E+00 -0.000E+00  0.000E+00
 -6.1972500E+03 -0.000E+00 -0.000E+00  0.000E+00
 -6.1967500E+03 -0.000E+00 -0.000E+00  0.000E+00
 -6.1962500E+03 -0.000E+00 -0.000E+00  0.000E+00
 -6.1957500E+03 -0.000E+00 -0.000E+00  0.000E+00
 -6.1952500E+03 -0.000E+00 -0.000E+00  0.000E+00
 -6.1947500E+03 -0.000E+00 -0.000E+00  0.000E+00
 -6.1942500E+03 -0.000E+00 -0.000E+00  0.000E+00
 -6.1937500E+03 -0.000E+00 -0.000E+00  0.000E+00
 -6.1932500E+03 -0.000E+00 -0.000E+00  0.000E+00
 -6.1927500E+03 -0.000E+00 -0.000E+00  0.000E+00
 -6.1922500E+03 -0.000E+00 -0.000E+00  0.000E+00
 -6.1917500E+03 -0.000E+00 -0.000E+00  0.000E+00
 -6.1912500E+03 -0.000E+00 -0.000E+00  0.000E+00
 -6.1907500E+03 -0.000E+00 -0.000E+00  0.000E+00
 -6.1902500E+03 -0.000E+00 -0.000E+00  0.000E+00
 -6.1897500E+03 -0.000E+00 -0.000E+00  0.000E+00
 -6.1892500E+03 -0.000E+00 -0.000E+00  0.000E+00
 -6.1887500E+03 -0.000E+00 -0.000E+00  0.000E+00
 -6.1882500E+03 -0.000E+00 -0.000E+00  0.000E+00
 -6.1877500E+03 -0.000E+00 -0.000E+00  0.000E+00
 -6.1872500E+03 -0.000E+00 -0.000E+00  0.000E+00
 -6.1867500E+03 -0.000E+00 -0.000E+00  0.000E+00
 -6.1862500E+03 -0.000E+00 -0.000E+00  0.000E+00
 -6.1857500E+03 -0.000E+00 -0.000E+00  0.000E+00
 -6.1852500E+03 -0.000E+00 -0.000E+00  0.000E+00
 -6.1847500E+03 -0.000E+00 -0.000E+00  0.000E+00
 -6.1842500E+03 -0.000E+00 -0.000E+00  0.000E+00
 -6.1837500E+03 -0.000E+00 -0.000E+00  0.000E+00
 -6.1832500E+03 -0.000E+00 -0.000E+00  0.000E+00
 -6.1827500E+03 -0.000E+00 -0.000E+00  0.000E+00
 -6.1822500E+03 -0.000E+00 -0.000E+00  0.000E+00
 -6.1817500E+03 -0.000E+00 -0.000E+00  0.000E+00
 -6.1812500E+03 -0.000E+00 -0.000E+00  0.000E+00
 -6.1807500E+03 -0.000E+00 -0.000E+00  0.000E+00
 -6.1802500E+03 -0.000E+00 -0.000E+00  0.000E+00
 -6.1797500E+03 -0.000E+00 -0.000E+00  0.000E+00
 -6.1792500E+03 -0.000E+00 -0.000E+00  0.000E+00
 -6.1787500E+03 -0.000E+00 -0.000E+00  0.000E+00
 -6.1782500E+03 -0.000E+00 -0.000E+00  0.000E+00
 -6.1777500E+03 -0.000E+00 -0.000E+00  0.000E+00
 -6.1772500E+03 -0.000E+00 -0.000E+00  0.000E+00
 -6.1767500E+03 -0.000E+00 -0.000E+00  0.000E+00
 -6.1762500E+03 -0.000E+00 -0.000E+00  0.000E+00
 -6.1757500E+03 -0.000E+00 -0.000E+00  0.000E+00
 -6.1752500E+03 -0.000E+00 -0.000E+00  0.000E+00
 -6.1747500E+03 -0.000E+00 -0.000E+00  0.000E+00
 -6.1742500E+03 -0.000E+00 -0.000E+00  0.000E+00
 -6.1737500E+03 -0.000E+00 -0.000E+00  0.000E+00
 -6.1732500E+03 -0.000E+00 -0.000E+00  0.000E+00
 -6.1727500E+03 -0.000E+00 -0.000E+00  0.000E+00
 -6.1722500E+03 -0.000E+00 -0.000E+00  0.000E+00
 -6.1717500E+03 -0.000E+00 -0.000E+00  0.000E+00
 -6.1712500E+03 -0.000E+00 -0.000E+00  0.000E+00
 -6.1707500E+03 -0.000E+00 -0.000E+00  0.000E+00
 -6.1702500E+03 -0.000E+00 -0.000E+00  0.000E+00
 -6.1697500E+03 -0.000E+00 -0.000E+00  0.000E+00
 -6.1692500E+03 -0.000E+00 -0.000E+00  0.000E+00
 -6.1687500E+03 -0.000E+00 -0.000E+00  0.000E+00
 -6.1682500E+03 -0.000E+00 -0.000E+00  0.000E+00
 -6.1677500E+03 -0.000E+00 -0.000E+00  0.000E+00
 -6.1672500E+03 -0.000E+00 -0.000E+00  0.000E+00
 -6.1667500E+03 -0.000E+00 -0.000E+00  0.000E+00
 -6.1662500E+03 -0.000E+00 -0.000E+00  0.000E+00
 -6.1657500E+03 -0.000E+00 -0.000E+00  0.000E+00
 -6.1652500E+03 -0.000E+00 -0.000E+00  0.000E+00
 -6.1647500E+03 -0.000E+00 -0.000E+00  0.000E+00
 -6.1642500E+03 -0.000E+00 -0.000E+00  0.000E+00
 -6.1637500E+03 -0.000E+00 -0.000E+00  0.000E+00
 -6.1632500E+03 -0.000E+00 -0.000E+00  0.000E+00
 -6.1627500E+03 -0.000E+00 -0.000E+00  0.000E+00
 -6.1622500E+03 -0.000E+00 -0.000E+00  0.000E+00
 -6.1617500E+03 -0.000E+00 -0.000E+00  0.000E+00
 -6.1612500E+03 -0.000E+00 -0.000E+00  0.000E+00
 -6.1607500E+03 -0.000E+00 -0.000E+00  0.000E+00
 -6.1602500E+03 -0.000E+00 -0.000E+00  0.000E+00
 -6.1597500E+03 -0.000E+00 -0.000E+00  0.000E+00
 -6.1592500E+03 -0.000E+00 -0.000E+00  0.000E+00
 -6.1587500E+03 -0.000E+00 -0.000E+00  0.000E+00
 -6.1582500E+03 -0.000E+00 -0.000E+00  0.000E+00
 -6.1577500E+03 -0.000E+00 -0.000E+00  0.000E+00
 -6.1572500E+03 -0.000E+00 -0.000E+00  0.000E+00
 -6.1567500E+03 -0.000E+00 -0.000E+00  0.000E+00
 -6.1562500E+03 -0.000E+00 -0.000E+00  0.000E+00
 -6.1557500E+03 -0.000E+00 -0.000E+00  0.000E+00
 -6.1552500E+03 -0.000E+00 -0.000E+00  0.000E+00
 -6.1547500E+03 -0.000E+00 -0.000E+00  0.000E+00
 -6.1542500E+03 -0.000E+00 -0.000E+00  0.000E+00
 -6.1537500E+03 -0.000E+00 -0.000E+00  0.000E+00
 -6.1532500E+03 -0.000E+00 -0.000E+00  0.000E+00
 -6.1527500E+03 -0.000E+00 -0.000E+00  0.000E+00
 -6.1522500E+03 -0.000E+00 -0.000E+00  0.000E+00
 -6.1517500E+03 -0.000E+00 -0.000E+00  0.000E+00
 -6.1512500E+03 -0.000E+00 -0.000E+00  0.000E+00
 -6.1507500E+03 -0.000E+00 -0.000E+00  0.000E+00
 -6.1502500E+03 -0.000E+00 -0.000E+00  0.000E+00
 -6.1497500E+03 -0.000E+00 -0.000E+00  0.000E+00
 -6.1492500E+03 -0.000E+00 -0.000E+00  0.000E+00
 -6.1487500E+03 -0.000E+00 -0.000E+00  0.000E+00
 -6.1482500E+03 -0.000E+00 -0.000E+00  0.000E+00
 -6.1477500E+03 -0.000E+00 -0.000E+00  0.000E+00
 -6.1472500E+03 -0.000E+00 -0.000E+00  0.000E+00
 -6.1467500E+03 -0.000E+00 -0.000E+00  0.000E+00
 -6.1462500E+03 -0.000E+00 -0.000E+00  0.000E+00
 -6.1457500E+03 -0.000E+00 -0.000E+00  0.000E+00
 -6.1452500E+03 -0.000E+00 -0.000E+00  0.000E+00
 -6.1447500E+03 -0.000E+00 -0.000E+00  0.000E+00
 -6.1442500E+03 -0.000E+00 -0.000E+00  0.000E+00
 -6.1437500E+03 -0.000E+00 -0.000E+00  0.000E+00
 -6.1432500E+03 -0.000E+00 -0.000E+00  0.000E+00
 -6.1427500E+03 -0.000E+00 -0.000E+00  0.000E+00
 -6.1422500E+03 -0.000E+00 -0.000E+00  0.000E+00
 -6.1417500E+03 -0.000E+00 -0.000E+00  0.000E+00
 -6.1412500E+03 -0.000E+00 -0.000E+00  0.000E+00
 -6.1407500E+03 -0.000E+00 -0.000E+00  0.000E+00
 -6.1402500E+03 -0.000E+00 -0.000E+00  0.000E+00
 -6.1397500E+03 -0.000E+00 -0.000E+00  0.000E+00
 -6.1392500E+03 -0.000E+00 -0.000E+00  0.000E+00
 -6.1387500E+03 -0.000E+00 -0.000E+00  0.000E+00
 -6.1382500E+03 -0.000E+00 -0.000E+00  0.000E+00
 -6.1377500E+03 -0.000E+00 -0.000E+00  0.000E+00
 -6.1372500E+03 -0.000E+00 -0.000E+00  0.000E+00
 -6.1367500E+03 -0.000E+00 -0.000E+00  0.000E+00
 -6.1362500E+03 -0.000E+00 -0.000E+00  0.000E+00
 -6.1357500E+03 -0.000E+00 -0.000E+00  0.000E+00
 -6.1352500E+03 -0.000E+00 -0.000E+00  0.000E+00
 -6.1347500E+03 -0.000E+00 -0.000E+00  0.000E+00
 -6.1342500E+03 -0.000E+00 -0.000E+00  0.000E+00
 -6.1337500E+03 -0.000E+00 -0.000E+00  0.000E+00
 -6.1332500E+03 -0.000E+00 -0.000E+00  0.000E+00
 -6.1327500E+03 -0.000E+00 -0.000E+00  0.000E+00
 -6.1322500E+03 -0.000E+00 -0.000E+00  0.000E+00
 -6.1317500E+03 -0.000E+00 -0.000E+00  0.000E+00
 -6.1312500E+03 -0.000E+00 -0.000E+00  0.000E+00
 -6.1307500E+03 -0.000E+00 -0.000E+00  0.000E+00
 -6.1302500E+03 -0.000E+00 -0.000E+00  0.000E+00
 -6.1297500E+03 -0.000E+00 -0.000E+00  0.000E+00
 -6.1292500E+03 -0.000E+00 -0.000E+00  0.000E+00
 -6.1287500E+03 -0.000E+00 -0.000E+00  0.000E+00
 -6.1282500E+03 -0.000E+00 -0.000E+00  0.000E+00
 -6.1277500E+03 -0.000E+00 -0.000E+00  0.000E+00
 -6.1272500E+03 -0.000E+00 -0.000E+00  0.000E+00
 -6.1267500E+03 -0.000E+00 -0.000E+00  0.000E+00
 -6.1262500E+03 -0.000E+00 -0.000E+00  0.000E+00
 -6.1257500E+03 -0.000E+00 -0.000E+00  0.000E+00
 -6.1252500E+03 -0.000E+00 -0.000E+00  0.000E+00
 -6.1247500E+03 -0.000E+00 -0.000E+00  0.000E+00
 -6.1242500E+03 -0.000E+00 -0.000E+00  0.000E+00
 -6.1237500E+03 -0.000E+00 -0.000E+00  0.000E+00
 -6.1232500E+03 -0.000E+00 -0.000E+00  0.000E+00
 -6.1227500E+03 -0.000E+00 -0.000E+00  0.000E+00
 -6.1222500E+03 -0.000E+00 -0.000E+00  0.000E+00
 -6.1217500E+03 -0.000E+00 -0.000E+00  0.000E+00
 -6.1212500E+03 -0.000E+00 -0.000E+00  0.000E+00
 -6.1207500E+03  5.779E-04  4.932E-04 -1.017E-04
 -6.1202500E+03  2.746E-03  2.042E-03 -1.553E-03
 -6.1197500E+03 -3.247E-03 -3.600E-03 -2.242E-03
 -6.1192500E+03 -2.811E-03  1.963E-04  9.345E-03
 -6.1187500E+03  5.595E-04  3.523E-04 -5.881E-04
 -6.1182500E+03 -4.454E-04 -2.435E-04  5.552E-04
 -6.1177500E+03 -1.308E-03  2.917E-04  5.028E-03
 -6.1172500E+03  1.536E-03  1.813E-03  1.546E-03
 -6.1167500E+03  6.574E-03  4.768E-03 -5.083E-03
 -6.1162500E+03  1.445E-03  1.424E-03 -2.937E-04
 -6.1157500E+03  1.090E-03  7.992E-04 -2.681E-04
 -6.1152500E+03 -2.191E-03 -3.651E-03 -4.846E-03
 -6.1147500E+03  9.252E-04 -2.396E-03 -1.359E-02
 -6.1142500E+03 -1.101E-02 -6.673E-03  1.281E-02
 -6.1137500E+03  1.559E-03  3.711E-03  9.859E-03
 -6.1132500E+03  6.786E-03  3.765E-03 -9.397E-03
 -6.1127500E+03  8.892E-04  1.485E-03  2.419E-03
 -6.1122500E+03 -9.236E-05  9.973E-04  3.345E-03
 -6.1117500E+03  4.257E-04 -4.625E-04 -2.656E-03
 -6.1112500E+03  5.129E-03  3.032E-03 -5.301E-03
 -6.1107500E+03  3.125E-03  2.443E-03 -2.116E-03
 -6.1102500E+03 -1.556E-03 -1.260E-04  4.275E-03
 -6.1097500E+03 -8.965E-03 -7.781E-03 -1.117E-03
 -6.1092500E+03  2.737E-03 -5.951E-04 -1.102E-02
 -6.1087500E+03 -3.432E-03 -4.415E-03 -6.187E-03
 -6.1082500E+03 -4.640E-04  1.864E-03  8.121E-03
 -6.1077500E+03  1.283E-02  9.806E-03 -4.743E-03
 -6.1072500E+03  2.270E-02  2.378E-02  1.817E-02
 -6.1067500E+03  1.349E-02  2.652E-03 -3.287E-02
 -6.1062500E+03 -1.329E-01 -1.254E-01 -4.687E-02
 -6.1057500E+03  3.134E-02  4.519E-03 -9.348E-02
 -6.1052500E+03  7.799E-03  7.952E-02  3.011E-01
 -6.1047500E+03  5.551E-01  4.123E-01 -2.730E-01
 -6.1042500E+03 -3.544E-02 -5.341E-02 -9.773E-02
 -6.1037500E+03 -2.735E-01 -2.301E-01  1.386E-02
 -6.1032500E+03 -1.667E-02  2.384E-02  1.616E-01
 -6.1027500E+03  7.259E-02  8.732E-02  9.576E-02
 -6.1022500E+03  1.168E-01  9.744E-02 -9.215E-03
 -6.1017500E+03  8.470E-02  9.427E-02  8.944E-02
 -6.1012500E+03  2.930E-01  3.419E-01  3.668E-01
 -6.1007500E+03  7.861E-02  4.164E-02 -1.243E-01
 -6.1002500E+03  8.759E-02  6.784E-02 -4.062E-02
 -6.0997500E+03  2.960E-01  3.170E-01  2.472E-01
 -6.0992500E+03  3.281E-01  3.447E-01  2.432E-01
 -6.0987500E+03  9.737E-02  9.195E-02  2.332E-02
 -6.0982500E+03  1.662E-01  1.491E-01  2.088E-02
 -6.0977500E+03  1.178E-01  1.028E-01  1.703E-02
 -6.0972500E+03  2.277E-01  2.121E-01  4.268E-02
 -6.0967500E+03  3.262E-01  3.306E-01  1.604E-01
 -6.0962500E+03  3.457E-01  3.992E-01  4.013E-01
 -6.0957500E+03  4.724E-01  4.659E-01  2.598E-01
 -6.0952500E+03  1.249E+00  1.312E+00  9.722E-01
 -6.0947500E+03  1.214E+00  1.188E+00  5.327E-01
 -6.0942500E+03  9.830E-01  1.094E+00  9.536E-01
 -6.0937500E+03  1.969E+00  1.968E+00  1.051E+00
 -6.0932500E+03  2.887E+00  2.802E+00  1.208E+00
 -6.0927500E+03  2.227E+00  2.138E+00  8.240E-01
 -6.0922500E+03  3.481E+00  3.474E+00  1.821E+00
 -6.0917500E+03  3.325E+00  3.399E+00  2.028E+00
 -6.0912500E+03  2.990E+00  2.975E+00  1.470E+00
 -6.0907500E+03  5.082E+00  5.256E+00  3.395E+00
 -6.0902500E+03  6.289E+00  6.426E+00  3.846E+00
 -6.0897500E+03  6.280E+00  6.209E+00  3.015E+00
 -6.0892500E+03  7.042E+00  7.492E+00  5.433E+00
 -6.0887500E+03  8.978E+00  9.021E+00  4.851E+00
 -6.0882500E+03  1.235E+01  1.248E+01  6.877E+00
 -6.0877500E+03  1.647E+01  1.633E+01  7.993E+00
 -6.0872500E+03  1.538E+01  1.576E+01  9.406E+00
 -6.0867500E+03  2.025E+01  2.053E+01  1.152E+01
 -6.0862500E+03  2.717E+01  2.786E+01  1.663E+01
 -6.0857500E+03  2.681E+01  2.692E+01  1.414E+01
 -6.0852500E+03  3.335E+01  3.384E+01  1.892E+01
 -6.0847500E+03  3.558E+01  3.579E+01  1.881E+01
 -6.0842500E+03  3.570E+01  3.633E+01  2.055E+01
 -6.0837500E+03  4.680E+01  4.792E+01  2.802E+01
 -6.0832500E+03  4.787E+01  4.821E+01  2.539E+01
 -6.0827500E+03  5.553E+01  5.657E+01  3.189E+01
 -6.0822500E+03  6.585E+01  6.698E+01  3.730E+01
 -6.0817500E+03  7.197E+01  7.303E+01  4.007E+01
 -6.0812500E+03  8.142E+01  8.270E+01  4.546E+01
 -6.0807500E+03  8.337E+01  8.494E+01  4.731E+01
 -6.0802500E+03  9.203E+01  9.398E+01  5.318E+01
 -6.0797500E+03  1.051E+02  1.079E+02  6.246E+01
 -6.0792500E+03  1.190E+02  1.199E+02  6.188E+01
 -6.0787500E+03  1.201E+02  1.222E+02  6.694E+01
 -6.0782500E+03  1.237E+02  1.255E+02  6.757E+01
 -6.0777500E+03  1.365E+02  1.391E+02  7.660E+01
 -6.0772500E+03  1.575E+02  1.607E+02  8.873E+01
 -6.0767500E+03  1.628E+02  1.670E+02  9.484E+01
 -6.0762500E+03  1.731E+02  1.759E+02  9.409E+01
 -6.0757500E+03  1.792E+02  1.825E+02  9.850E+01
 -6.0752500E+03  1.895E+02  1.930E+02  1.043E+02
 -6.0747500E+03  1.999E+02  2.038E+02  1.105E+02
 -6.0742500E+03  2.134E+02  2.169E+02  1.150E+02
 -6.0737500E+03  2.164E+02  2.211E+02  1.205E+02
 -6.0732500E+03  2.289E+02  2.305E+02  1.138E+02
 -6.0727500E+03  2.366E+02  2.404E+02  1.261E+02
 -6.0722500E+03  2.299E+02  2.340E+02  1.236E+02
 -6.0717500E+03  2.538E+02  2.567E+02  1.299E+02
 -6.0712500E+03  2.516E+02  2.593E+02  1.468E+02
 -6.0707500E+03  2.538E+02  2.584E+02  1.358E+02
 -6.0702500E+03  2.636E+02  2.695E+02  1.447E+02
 -6.0697500E+03  2.687E+02  2.752E+02  1.490E+02
 -6.0692500E+03  2.851E+02  2.888E+02  1.450E+02
 -6.0687500E+03  2.650E+02  2.705E+02  1.426E+02
 -6.0682500E+03  2.782E+02  2.858E+02  1.559E+02
 -6.0677500E+03  2.755E+02  2.795E+02  1.407E+02
 -6.0672500E+03  2.898E+02  2.911E+02  1.361E+02
 -6.0667500E+03  2.751E+02  2.819E+02  1.503E+02
 -6.0662500E+03  2.675E+02  2.766E+02  1.550E+02
 -6.0657500E+03  2.829E+02  2.890E+02  1.500E+02
 -6.0652500E+03  2.752E+02  2.815E+02  1.470E+02
 -6.0647500E+03  2.669E+02  2.743E+02  1.471E+02
 -6.0642500E+03  2.829E+02  2.859E+02  1.366E+02
 -6.0637500E+03  2.729E+02  2.795E+02  1.456E+02
 -6.0632500E+03  2.587E+02  2.670E+02  1.456E+02
 -6.0627500E+03  2.610E+02  2.695E+02  1.468E+02
 -6.0622500E+03  2.458E+02  2.533E+02  1.360E+02
 -6.0617500E+03  2.400E+02  2.452E+02  1.239E+02
 -6.0612500E+03  2.396E+02  2.481E+02  1.363E+02
 -6.0607500E+03  2.366E+02  2.409E+02  1.181E+02
 -6.0602500E+03  2.371E+02  2.393E+02  1.097E+02
 -6.0597500E+03  2.252E+02  2.296E+02  1.126E+02
 -6.0592500E+03  2.250E+02  2.297E+02  1.132E+02
 -6.0587500E+03  2.177E+02  2.235E+02  1.140E+02
 -6.0582500E+03  1.962E+02  2.030E+02  1.084E+02
 -6.0577500E+03  1.937E+02  2.020E+02  1.129E+02
 -6.0572500E+03  1.850E+02  1.879E+02  8.784E+01
 -6.0567500E+03  1.660E+02  1.717E+02  8.995E+01
 -6.0562500E+03  1.727E+02  1.804E+02  1.003E+02
 -6.0557500E+03  1.609E+02  1.711E+02  1.050E+02
 -6.0552500E+03  1.631E+02  1.662E+02  7.830E+01
 -6.0547500E+03  1.505E+02  1.568E+02  8.460E+01
 -6.0542500E+03  1.437E+02  1.489E+02  7.777E+01
 -6.0537500E+03  1.295E+02  1.363E+02  7.727E+01
 -6.0532500E+03  1.264E+02  1.286E+02  5.828E+01
 -6.0527500E+03  1.134E+02  1.158E+02  5.293E+01
 -6.0522500E+03  1.109E+02  1.134E+02  5.221E+01
 -6.0517500E+03  1.135E+02  1.140E+02  4.596E+01
 -6.0512500E+03  1.035E+02  1.094E+02  6.204E+01
 -6.0507500E+03  8.753E+01  9.248E+01  5.163E+01
 -6.0502500E+03  7.793E+01  8.375E+01  5.079E+01
 -6.0497500E+03  7.824E+01  8.055E+01  3.743E+01
 -6.0492500E+03  6.716E+01  7.186E+01  4.209E+01
 -6.0487500E+03  8.441E+01  9.061E+01  5.546E+01
 -6.0482500E+03  6.995E+01  7.009E+01  2.555E+01
 -6.0477500E+03  4.906E+01  5.137E+01  2.477E+01
 -6.0472500E+03  6.160E+01  6.182E+01  2.235E+01
 -6.0467500E+03  4.231E+01  4.542E+01  2.512E+01
 -6.0462500E+03  4.701E+01  4.677E+01  1.467E+01
 -6.0457500E+03  3.865E+01  4.104E+01  2.096E+01
 -6.0452500E+03  2.136E+01  2.820E+01  3.099E+01
 -6.0447500E+03  3.314E+01  3.719E+01  2.531E+01
 -6.0442500E+03  2.781E+01  2.793E+01  7.904E+00
 -6.0437500E+03  2.179E+01  2.227E+01  6.542E+00
 -6.0432500E+03  2.130E+01  2.254E+01  9.556E+00
 -6.0427500E+03  2.152E+01  2.149E+01  4.529E+00
 -6.0422500E+03  1.107E+01  9.309E+00 -5.981E+00
 -6.0417500E+03  1.120E+00  3.116E+00  4.488E+00
 -6.0412500E+03  1.264E+00  1.872E+00 -1.020E+00
 -6.0407500E+03  1.031E+01  1.233E+01  8.341E+00
 -6.0402500E+03  4.478E-02  7.581E-01 -9.352E-01
 -6.0397500E+03 -1.020E+01 -5.131E+00  1.143E+01
 -6.0392500E+03 -9.351E+00 -9.224E+00 -7.317E+00
 -6.0387500E+03 -1.016E+01 -9.346E+00 -4.523E+00
 -6.0382500E+03 -1.133E+01 -1.081E+01 -6.300E+00
 -6.0377500E+03 -6.572E+00 -5.267E+00 -1.427E+00
 -6.0372500E+03 -9.185E+00 -9.909E+00 -9.859E+00
 -6.0367500E+03 -1.380E+01 -1.377E+01 -9.074E+00
 -6.0362500E+03 -1.202E+01 -1.170E+01 -7.534E+00
 -6.0357500E+03 -1.707E+01 -1.549E+01 -4.476E+00
 -6.0352500E+03 -2.308E+01 -1.977E+01 -9.632E-02
 -6.0347500E+03 -2.941E+01 -2.901E+01 -1.389E+01
 -6.0342500E+03 -2.319E+01 -2.464E+01 -1.859E+01
 -6.0337500E+03 -2.461E+01 -2.459E+01 -1.315E+01
 -6.0332500E+03 -2.568E+01 -2.488E+01 -1.040E+01
 -6.0327500E+03 -2.162E+01 -2.091E+01 -9.454E+00
 -6.0322500E+03 -2.744E+01 -2.723E+01 -1.366E+01
 -6.0317500E+03 -3.278E+01 -3.342E+01 -1.876E+01
 -6.0312500E+03 -2.722E+01 -2.727E+01 -1.383E+01
 -6.0307500E+03 -2.229E+01 -2.338E+01 -1.604E+01
 -6.0302500E+03 -4.025E+01 -4.079E+01 -2.145E+01
 -6.0297500E+03 -3.868E+01 -3.668E+01 -1.102E+01
 -6.0292500E+03 -2.707E+01 -2.791E+01 -1.675E+01
 -6.0287500E+03 -2.964E+01 -3.025E+01 -1.727E+01
 -6.0282500E+03 -3.685E+01 -3.721E+01 -1.888E+01
 -6.0277500E+03 -2.491E+01 -2.576E+01 -1.632E+01
 -6.0272500E+03 -3.429E+01 -3.410E+01 -1.597E+01
 -6.0267500E+03 -2.683E+01 -2.648E+01 -1.209E+01
 -6.0262500E+03 -4.015E+01 -4.045E+01 -1.988E+01
 -6.0257500E+03 -3.537E+01 -3.568E+01 -1.803E+01
 -6.0252500E+03 -3.694E+01 -3.782E+01 -2.089E+01
 -6.0247500E+03 -3.349E+01 -3.532E+01 -2.283E+01
 -6.0242500E+03 -3.713E+01 -3.653E+01 -1.498E+01
 -6.0237500E+03 -3.884E+01 -4.118E+01 -2.709E+01
 -6.0232500E+03 -3.395E+01 -3.455E+01 -1.829E+01
 -6.0227500E+03 -3.563E+01 -3.395E+01 -1.032E+01
 -6.0222500E+03 -3.801E+01 -3.878E+01 -2.096E+01
 -6.0217500E+03 -4.185E+01 -4.052E+01 -1.401E+01
 -6.0212500E+03 -3.161E+01 -3.222E+01 -1.699E+01
 -6.0207500E+03 -3.600E+01 -3.758E+01 -2.304E+01
 -6.0202500E+03 -3.712E+01 -3.880E+01 -2.362E+01
 -6.0197500E+03 -3.782E+01 -4.017E+01 -2.665E+01
 -6.0192500E+03 -3.856E+01 -3.806E+01 -1.599E+01
 -6.0187500E+03 -3.389E+01 -3.561E+01 -2.215E+01
 -6.0182500E+03 -4.094E+01 -4.117E+01 -1.951E+01
 -6.0177500E+03 -4.413E+01 -4.251E+01 -1.366E+01
 -6.0172500E+03 -3.672E+01 -3.746E+01 -1.985E+01
 -6.0167500E+03 -3.341E+01 -3.270E+01 -1.249E+01
 -6.0162500E+03 -3.619E+01 -3.735E+01 -2.108E+01
 -6.0157500E+03 -3.725E+01 -3.880E+01 -2.300E+01
 -6.0152500E+03 -3.856E+01 -3.850E+01 -1.756E+01
 -6.0147500E+03 -3.297E+01 -3.451E+01 -2.083E+01
 -6.0142500E+03 -3.598E+01 -3.755E+01 -2.237E+01
 -6.0137500E+03 -3.887E+01 -3.939E+01 -1.946E+01
 -6.0132500E+03 -3.100E+01 -3.100E+01 -1.425E+01
 -6.0127500E+03 -3.888E+01 -3.984E+01 -2.120E+01
 -6.0122500E+03 -3.944E+01 -4.092E+01 -2.358E+01
 -6.0117500E+03 -3.942E+01 -4.017E+01 -1.980E+01
 -6.0112500E+03 -3.381E+01 -3.478E+01 -1.913E+01
 -6.0107500E+03 -4.033E+01 -4.077E+01 -2.002E+01
 -6.0102500E+03 -3.472E+01 -3.425E+01 -1.365E+01
 -6.0097500E+03 -3.721E+01 -3.734E+01 -1.737E+01
 -6.0092500E+03 -3.775E+01 -3.938E+01 -2.328E+01
 -6.0087500E+03 -4.256E+01 -4.405E+01 -2.425E+01
 -6.0082500E+03 -3.748E+01 -3.767E+01 -1.743E+01
 -6.0077500E+03 -3.829E+01 -3.811E+01 -1.619E+01
 -6.0072500E+03 -3.630E+01 -3.551E+01 -1.344E+01
 -6.0067500E+03 -3.568E+01 -3.619E+01 -1.848E+01
 -6.0062500E+03 -3.519E+01 -3.683E+01 -2.171E+01
 -6.0057500E+03 -3.342E+01 -3.348E+01 -1.519E+01
 -6.0052500E+03 -3.243E+01 -3.372E+01 -1.972E+01
 -6.0047500E+03 -3.711E+01 -3.866E+01 -2.223E+01
 -6.0042500E+03 -3.869E+01 -3.831E+01 -1.554E+01
 -6.0037500E+03 -3.093E+01 -3.282E+01 -2.141E+01
 -6.0032500E+03 -3.797E+01 -3.803E+01 -1.703E+01
 -6.0027500E+03 -3.529E+01 -3.603E+01 -1.843E+01
 -6.0022500E+03 -3.415E+01 -3.495E+01 -1.844E+01
 -6.0017500E+03 -3.631E+01 -3.641E+01 -1.642E+01
 -6.0012500E+03 -3.396E+01 -3.403E+01 -1.534E+01
 -6.0007500E+03 -2.865E+01 -3.027E+01 -1.913E+01
 -6.0002500E+03 -2.967E+01 -3.037E+01 -1.577E+01
 -5.9997500E+03 -3.431E+01 -3.445E+01 -1.606E+01
 -5.9992500E+03 -3.246E+01 -3.358E+01 -1.884E+01
 -5.9987500E+03 -3.272E+01 -3.447E+01 -2.097E+01
 -5.9982500E+03 -3.724E+01 -3.835E+01 -2.088E+01
 -5.9977500E+03 -3.517E+01 -3.568E+01 -1.767E+01
 -5.9972500E+03 -3.731E+01 -3.696E+01 -1.465E+01
 -5.9967500E+03 -3.359E+01 -3.495E+01 -2.013E+01
 -5.9962500E+03 -3.555E+01 -3.747E+01 -2.264E+01
 -5.9957500E+03 -3.139E+01 -3.198E+01 -1.627E+01
 -5.9952500E+03 -3.187E+01 -3.272E+01 -1.749E+01
 -5.9947500E+03 -3.304E+01 -3.384E+01 -1.781E+01
 -5.9942500E+03 -3.218E+01 -3.237E+01 -1.488E+01
 -5.9937500E+03 -3.158E+01 -3.247E+01 -1.729E+01
 -5.9932500E+03 -3.741E+01 -3.643E+01 -1.273E+01
 -5.9927500E+03 -3.128E+01 -3.282E+01 -1.987E+01
 -5.9922500E+03 -2.892E+01 -3.159E+01 -2.346E+01
 -5.9917500E+03 -3.554E+01 -3.559E+01 -1.594E+01
 -5.9912500E+03 -3.214E+01 -3.208E+01 -1.396E+01
 -5.9907500E+03 -3.238E+01 -3.232E+01 -1.420E+01
 -5.9902500E+03 -3.142E+01 -3.254E+01 -1.837E+01
 -5.9897500E+03 -3.053E+01 -3.061E+01 -1.375E+01
 -5.9892500E+03 -3.055E+01 -3.062E+01 -1.371E+01
 -5.9887500E+03 -3.246E+01 -3.294E+01 -1.597E+01
 -5.9882500E+03 -3.107E+01 -3.135E+01 -1.494E+01
 -5.9877500E+03 -3.055E+01 -3.084E+01 -1.487E+01
 -5.9872500E+03 -3.058E+01 -3.215E+01 -1.951E+01
 -5.9867500E+03 -3.056E+01 -3.101E+01 -1.556E+01
 -5.9862500E+03 -3.004E+01 -3.121E+01 -1.755E+01
 -5.9857500E+03 -3.154E+01 -3.279E+01 -1.898E+01
 -5.9852500E+03 -2.778E+01 -2.962E+01 -1.961E+01
 -5.9847500E+03 -3.047E+01 -3.022E+01 -1.266E+01
 -5.9842500E+03 -3.101E+01 -3.162E+01 -1.619E+01
 -5.9837500E+03 -3.088E+01 -3.162E+01 -1.624E+01
 -5.9832500E+03 -3.153E+01 -3.156E+01 -1.342E+01
 -5.9827500E+03 -3.414E+01 -3.479E+01 -1.745E+01
 -5.9822500E+03 -2.905E+01 -3.094E+01 -1.976E+01
 -5.9817500E+03 -3.112E+01 -3.053E+01 -1.206E+01
 -5.9812500E+03 -2.910E+01 -2.927E+01 -1.376E+01
 -5.9807500E+03 -2.794E+01 -2.824E+01 -1.297E+01
 -5.9802500E+03 -3.055E+01 -3.168E+01 -1.697E+01
 -5.9797500E+03 -3.078E+01 -3.241E+01 -2.002E+01
 -5.9792500E+03 -3.059E+01 -3.160E+01 -1.739E+01
 -5.9787500E+03 -2.896E+01 -3.036E+01 -1.818E+01
 -5.9782500E+03 -2.867E+01 -2.903E+01 -1.441E+01
 -5.9777500E+03 -2.833E+01 -2.877E+01 -1.462E+01
 -5.9772500E+03 -2.727E+01 -2.792E+01 -1.393E+01
 -5.9767500E+03 -2.589E+01 -2.676E+01 -1.395E+01
 -5.9762500E+03 -2.987E+01 -3.088E+01 -1.725E+01
 -5.9757500E+03 -2.810E+01 -2.871E+01 -1.451E+01
 -5.9752500E+03 -2.803E+01 -2.759E+01 -1.059E+01
 -5.9747500E+03 -2.669E+01 -2.705E+01 -1.305E+01
 -5.9742500E+03 -2.870E+01 -2.985E+01 -1.753E+01
 -5.9737500E+03 -2.894E+01 -2.970E+01 -1.599E+01
 -5.9732500E+03 -2.883E+01 -2.941E+01 -1.464E+01
 -5.9727500E+03 -2.818E+01 -2.881E+01 -1.494E+01
 -5.9722500E+03 -2.752E+01 -2.813E+01 -1.426E+01
 -5.9717500E+03 -2.851E+01 -2.948E+01 -1.649E+01
 -5.9712500E+03 -2.555E+01 -2.639E+01 -1.493E+01
 -5.9707500E+03 -2.642E+01 -2.699E+01 -1.398E+01
 -5.9702500E+03 -2.745E+01 -2.842E+01 -1.565E+01
 -5.9697500E+03 -2.694E+01 -2.755E+01 -1.423E+01
 -5.9692500E+03 -2.468E+01 -2.566E+01 -1.475E+01
 -5.9687500E+03 -2.471E+01 -2.530E+01 -1.334E+01
 -5.9682500E+03 -2.561E+01 -2.603E+01 -1.321E+01
 -5.9677500E+03 -2.544E+01 -2.617E+01 -1.433E+01
 -5.9672500E+03 -2.703E+01 -2.846E+01 -1.683E+01
 -5.9667500E+03 -2.713E+01 -2.762E+01 -1.392E+01
 -5.9662500E+03 -2.626E+01 -2.704E+01 -1.455E+01
 -5.9657500E+03 -2.575E+01 -2.546E+01 -1.027E+01
 -5.9652500E+03 -2.667E+01 -2.767E+01 -1.575E+01
 -5.9647500E+03 -2.475E+01 -2.561E+01 -1.400E+01
 -5.9642500E+03 -2.452E+01 -2.543E+01 -1.427E+01
 -5.9637500E+03 -2.502E+01 -2.502E+01 -1.137E+01
 -5.9632500E+03 -2.642E+01 -2.683E+01 -1.301E+01
 -5.9627500E+03 -2.808E+01 -2.783E+01 -1.118E+01
 -5.9622500E+03 -2.450E+01 -2.517E+01 -1.337E+01
 -5.9617500E+03 -2.607E+01 -2.694E+01 -1.465E+01
 -5.9612500E+03 -2.349E+01 -2.427E+01 -1.357E+01
 -5.9607500E+03 -2.469E+01 -2.487E+01 -1.147E+01
 -5.9602500E+03 -2.644E+01 -2.718E+01 -1.420E+01
 -5.9597500E+03 -2.645E+01 -2.639E+01 -1.197E+01
 -5.9592500E+03 -2.411E+01 -2.397E+01 -9.616E+00
 -5.9587500E+03 -2.853E+01 -2.789E+01 -9.935E+00
 -5.9582500E+03 -2.413E+01 -2.433E+01 -1.165E+01
 -5.9577500E+03 -2.238E+01 -2.396E+01 -1.593E+01
 -5.9572500E+03 -2.274E+01 -2.274E+01 -1.001E+01
 -5.9567500E+03 -2.466E+01 -2.572E+01 -1.510E+01
 -5.9562500E+03 -2.505E+01 -2.648E+01 -1.614E+01
 -5.9557500E+03 -2.340E+01 -2.381E+01 -1.173E+01
 -5.9552500E+03 -2.460E+01 -2.454E+01 -1.044E+01
 -5.9547500E+03 -2.587E+01 -2.551E+01 -9.974E+00
 -5.9542500E+03 -2.322E+01 -2.488E+01 -1.635E+01
 -5.9537500E+03 -2.445E+01 -2.472E+01 -1.207E+01
 -5.9532500E+03 -2.268E+01 -2.271E+01 -1.064E+01
 -5.9527500E+03 -2.449E+01 -2.519E+01 -1.339E+01
 -5.9522500E+03 -2.380E+01 -2.368E+01 -1.007E+01
 -5.9517500E+03 -2.381E+01 -2.421E+01 -1.220E+01
 -5.9512500E+03 -2.391E+01 -2.449E+01 -1.220E+01
 -5.9507500E+03 -2.422E+01 -2.492E+01 -1.328E+01
 -5.9502500E+03 -2.163E+01 -2.212E+01 -1.160E+01
 -5.9497500E+03 -2.369E+01 -2.354E+01 -1.021E+01
 -5.9492500E+03 -2.358E+01 -2.439E+01 -1.295E+01
 -5.9487500E+03 -2.158E+01 -2.263E+01 -1.293E+01
 -5.9482500E+03 -2.149E+01 -2.275E+01 -1.405E+01
 -5.9477500E+03 -2.081E+01 -2.159E+01 -1.233E+01
 -5.9472500E+03 -2.245E+01 -2.277E+01 -1.088E+01
 -5.9467500E+03 -2.596E+01 -2.604E+01 -1.167E+01
 -5.9462500E+03 -2.337E+01 -2.360E+01 -1.119E+01
 -5.9457500E+03 -2.231E+01 -2.272E+01 -1.106E+01
 -5.9452500E+03 -2.319E+01 -2.373E+01 -1.253E+01
 -5.9447500E+03 -2.282E+01 -2.337E+01 -1.197E+01
 -5.9442500E+03 -2.249E+01 -2.215E+01 -8.431E+00
 -5.9437500E+03 -2.302E+01 -2.327E+01 -1.106E+01
 -5.9432500E+03 -2.102E+01 -2.234E+01 -1.460E+01
 -5.9427500E+03 -2.144E+01 -2.221E+01 -1.225E+01
 -5.9422500E+03 -2.308E+01 -2.355E+01 -1.213E+01
 -5.9417500E+03 -2.039E+01 -2.110E+01 -1.175E+01
 -5.9412500E+03 -2.062E+01 -2.145E+01 -1.252E+01
 -5.9407500E+03 -2.060E+01 -2.129E+01 -1.145E+01
 -5.9402500E+03 -2.255E+01 -2.296E+01 -1.162E+01
 -5.9397500E+03 -2.090E+01 -2.173E+01 -1.197E+01
 -5.9392500E+03 -1.994E+01 -2.179E+01 -1.588E+01
 -5.9387500E+03 -2.095E+01 -2.138E+01 -1.115E+01
 -5.9382500E+03 -2.326E+01 -2.384E+01 -1.238E+01
 -5.9377500E+03 -2.079E+01 -2.096E+01 -9.663E+00
 -5.9372500E+03 -2.036E+01 -2.059E+01 -9.983E+00
 -5.9367500E+03 -2.176E+01 -2.125E+01 -7.647E+00
 -5.9362500E+03 -2.086E+01 -2.077E+01 -8.855E+00
 -5.9357500E+03 -2.056E+01 -2.194E+01 -1.466E+01
 -5.9352500E+03 -2.159E+01 -2.273E+01 -1.335E+01
 -5.9347500E+03 -1.936E+01 -2.027E+01 -1.198E+01
 -5.9342500E+03 -1.962E+01 -1.967E+01 -8.896E+00
 -5.9337500E+03 -1.987E+01 -1.969E+01 -7.846E+00
 -5.9332500E+03 -2.041E+01 -2.073E+01 -1.014E+01
 -5.9327500E+03 -2.061E+01 -2.064E+01 -8.793E+00
 -5.9322500E+03 -2.247E+01 -2.240E+01 -9.672E+00
 -5.9317500E+03 -2.144E+01 -2.249E+01 -1.326E+01
 -5.9312500E+03 -1.966E+01 -2.025E+01 -1.073E+01
 -5.9307500E+03 -2.143E+01 -2.155E+01 -9.428E+00
 -5.9302500E+03 -1.935E+01 -1.993E+01 -1.087E+01
 -5.9297500E+03 -1.866E+01 -1.953E+01 -1.193E+01
 -5.9292500E+03 -1.890E+01 -1.974E+01 -1.113E+01
 -5.9287500E+03 -1.932E+01 -2.019E+01 -1.192E+01
 -5.9282500E+03 -1.987E+01 -2.007E+01 -9.554E+00
 -5.9277500E+03 -1.921E+01 -2.004E+01 -1.128E+01
 -5.9272500E+03 -1.848E+01 -1.811E+01 -7.730E+00
 -5.9267500E+03 -1.935E+01 -1.945E+01 -9.298E+00
 -5.9262500E+03 -1.963E+01 -2.038E+01 -1.108E+01
 -5.9257500E+03 -1.893E+01 -1.999E+01 -1.187E+01
 -5.9252500E+03 -1.821E+01 -1.848E+01 -9.162E+00
 -5.9247500E+03 -2.048E+01 -2.033E+01 -8.539E+00
 -5.9242500E+03 -1.687E+01 -1.830E+01 -1.219E+01
 -5.9237500E+03 -1.880E+01 -2.007E+01 -1.344E+01
 -5.9232500E+03 -2.094E+01 -2.142E+01 -1.122E+01
 -5.9227500E+03 -1.669E+01 -1.734E+01 -9.938E+00
 -5.9222500E+03 -1.880E+01 -1.932E+01 -1.044E+01
 -5.9217500E+03 -2.012E+01 -2.033E+01 -9.401E+00
 -5.9212500E+03 -1.960E+01 -1.989E+01 -9.292E+00
 -5.9207500E+03 -1.879E+01 -1.954E+01 -1.107E+01
 -5.9202500E+03 -1.927E+01 -1.936E+01 -9.195E+00
 -5.9197500E+03 -1.955E+01 -1.981E+01 -9.452E+00
 -5.9192500E+03 -1.844E+01 -1.843E+01 -8.000E+00
 -5.9187500E+03 -1.668E+01 -1.673E+01 -7.441E+00
 -5.9182500E+03 -2.095E+01 -2.078E+01 -8.620E+00
 -5.9177500E+03 -1.676E+01 -1.724E+01 -9.298E+00
 -5.9172500E+03 -1.665E+01 -1.729E+01 -9.887E+00
 -5.9167500E+03 -1.793E+01 -1.844E+01 -9.541E+00
 -5.9162500E+03 -1.848E+01 -1.871E+01 -8.842E+00
 -5.9157500E+03 -1.673E+01 -1.748E+01 -1.006E+01
 -5.9152500E+03 -1.705E+01 -1.799E+01 -1.097E+01
 -5.9147500E+03 -1.631E+01 -1.770E+01 -1.221E+01
 -5.9142500E+03 -1.732E+01 -1.805E+01 -1.026E+01
 -5.9137500E+03 -1.765E+01 -1.774E+01 -7.833E+00
 -5.9132500E+03 -1.744E+01 -1.772E+01 -9.932E+00
 -5.9127500E+03 -1.755E+01 -1.772E+01 -9.110E+00
 -5.9122500E+03 -1.727E+01 -1.710E+01 -7.057E+00
 -5.9117500E+03 -1.886E+01 -1.920E+01 -8.819E+00
 -5.9112500E+03 -1.594E+01 -1.696E+01 -1.085E+01
 -5.9107500E+03 -1.631E+01 -1.697E+01 -9.696E+00
 -5.9102500E+03 -1.795E+01 -1.849E+01 -9.894E+00
 -5.9097500E+03 -1.787E+01 -1.862E+01 -1.081E+01
 -5.9092500E+03 -1.743E+01 -1.811E+01 -1.063E+01
 -5.9087500E+03 -1.663E+01 -1.709E+01 -8.885E+00
 -5.9082500E+03 -1.783E+01 -1.838E+01 -9.530E+00
 -5.9077500E+03 -1.699E+01 -1.716E+01 -7.711E+00
 -5.9072500E+03 -1.731E+01 -1.781E+01 -9.709E+00
 -5.9067500E+03 -1.846E+01 -1.823E+01 -6.805E+00
 -5.9062500E+03 -1.660E+01 -1.667E+01 -6.946E+00
 -5.9057500E+03 -1.776E+01 -1.754E+01 -7.074E+00
 -5.9052500E+03 -1.770E+01 -1.797E+01 -9.033E+00
 -5.9047500E+03 -1.619E+01 -1.680E+01 -9.448E+00
 -5.9042500E+03 -1.654E+01 -1.724E+01 -9.892E+00
 -5.9037500E+03 -1.788E+01 -1.779E+01 -7.424E+00
 -5.9032500E+03 -1.706E+01 -1.708E+01 -7.807E+00
 -5.9027500E+03 -1.624E+01 -1.659E+01 -8.886E+00
 -5.9022500E+03 -1.430E+01 -1.557E+01 -1.140E+01
 -5.9017500E+03 -1.580E+01 -1.615E+01 -8.478E+00
 -5.9012500E+03 -1.629E+01 -1.642E+01 -7.996E+00
 -5.9007500E+03 -1.676E+01 -1.717E+01 -8.559E+00
 -5.9002500E+03 -1.486E+01 -1.618E+01 -9.600E+00
 -5.8997500E+03 -1.656E+01 -1.813E+01 -1.216E+01
 -5.8992500E+03 -1.589E+01 -1.595E+01 -8.196E+00
 -5.8987500E+03 -1.681E+01 -1.682E+01 -7.200E+00
 -5.8982500E+03 -1.622E+01 -1.670E+01 -9.050E+00
 -5.8977500E+03 -1.488E+01 -1.563E+01 -9.554E+00
 -5.8972500E+03 -1.574E+01 -1.586E+01 -7.288E+00
 -5.8967500E+03 -1.478E+01 -1.589E+01 -1.094E+01
 -5.8962500E+03 -1.565E+01 -1.632E+01 -9.630E+00
 -5.8957500E+03 -1.782E+01 -1.749E+01 -6.333E+00
 -5.8952500E+03 -1.490E+01 -1.504E+01 -6.973E+00
 -5.8947500E+03 -1.467E+01 -1.511E+01 -8.309E+00
 -5.8942500E+03 -1.502E+01 -1.574E+01 -9.344E+00
 -5.8937500E+03 -1.611E+01 -1.635E+01 -7.958E+00
 -5.8932500E+03 -1.568E+01 -1.582E+01 -7.334E+00
 -5.8927500E+03 -1.552E+01 -1.602E+01 -8.501E+00
 -5.8922500E+03 -1.471E+01 -1.533E+01 -8.904E+00
 -5.8917500E+03 -1.563E+01 -1.572E+01 -6.940E+00
 -5.8912500E+03 -1.472E+01 -1.524E+01 -8.117E+00
 -5.8907500E+03 -1.422E+01 -1.459E+01 -7.421E+00
 -5.8902500E+03 -1.342E+01 -1.443E+01 -1.024E+01
 -5.8897500E+03 -1.514E+01 -1.570E+01 -7.989E+00
 -5.8892500E+03 -1.329E+01 -1.331E+01 -6.675E+00
 -5.8887500E+03 -1.704E+01 -1.715E+01 -7.292E+00
 -5.8882500E+03 -1.453E+01 -1.527E+01 -9.286E+00
 -5.8877500E+03 -1.648E+01 -1.593E+01 -5.302E+00
 -5.8872500E+03 -1.554E+01 -1.533E+01 -5.619E+00
 -5.8867500E+03 -1.479E+01 -1.532E+01 -8.140E+00
 -5.8862500E+03 -1.336E+01 -1.413E+01 -8.399E+00
 -5.8857500E+03 -1.457E+01 -1.518E+01 -8.458E+00
 -5.8852500E+03 -1.466E+01 -1.516E+01 -8.696E+00
 -5.8847500E+03 -1.386E+01 -1.432E+01 -7.955E+00
 -5.8842500E+03 -1.471E+01 -1.480E+01 -7.004E+00
 -5.8837500E+03 -1.337E+01 -1.351E+01 -6.845E+00
 -5.8832500E+03 -1.378E+01 -1.424E+01 -7.929E+00
 -5.8827500E+03 -1.431E+01 -1.471E+01 -8.413E+00
 -5.8822500E+03 -1.368E+01 -1.403E+01 -8.048E+00
 -5.8817500E+03 -1.331E+01 -1.381E+01 -7.981E+00
 -5.8812500E+03 -1.635E+01 -1.698E+01 -9.136E+00
 -5.8807500E+03 -1.448E+01 -1.437E+01 -5.804E+00
 -5.8802500E+03 -1.263E+01 -1.305E+01 -6.955E+00
 -5.8797500E+03 -1.471E+01 -1.476E+01 -6.886E+00
 -5.8792500E+03 -1.373E+01 -1.405E+01 -7.806E+00
 -5.8787500E+03 -1.621E+01 -1.648E+01 -6.310E+00
 -5.8782500E+03 -1.330E+01 -1.395E+01 -8.034E+00
 -5.8777500E+03 -1.349E+01 -1.368E+01 -6.405E+00
 -5.8772500E+03 -1.357E+01 -1.352E+01 -5.923E+00
 -5.8767500E+03 -1.306E+01 -1.359E+01 -8.220E+00
 -5.8762500E+03 -1.447E+01 -1.451E+01 -6.460E+00
 -5.8757500E+03 -1.452E+01 -1.522E+01 -8.363E+00
 -5.8752500E+03 -1.406E+01 -1.421E+01 -7.433E+00
 -5.8747500E+03 -1.133E+01 -1.148E+01 -6.276E+00
 -5.8742500E+03 -1.335E+01 -1.413E+01 -8.212E+00
 -5.8737500E+03 -1.269E+01 -1.310E+01 -6.983E+00
 -5.8732500E+03 -1.264E+01 -1.351E+01 -8.644E+00
 -5.8727500E+03 -1.392E+01 -1.435E+01 -7.775E+00
 -5.8722500E+03 -1.498E+01 -1.576E+01 -9.331E+00
 -5.8717500E+03 -1.288E+01 -1.294E+01 -5.654E+00
 -5.8712500E+03 -1.184E+01 -1.279E+01 -8.499E+00
 -5.8707500E+03 -1.232E+01 -1.293E+01 -7.537E+00
 -5.8702500E+03 -1.309E+01 -1.329E+01 -5.874E+00
 -5.8697500E+03 -1.355E+01 -1.366E+01 -6.129E+00
 -5.8692500E+03 -1.360E+01 -1.298E+01 -3.753E+00
 -5.8687500E+03 -1.339E+01 -1.355E+01 -6.924E+00
 -5.8682500E+03 -1.303E+01 -1.315E+01 -6.618E+00
 -5.8677500E+03 -1.443E+01 -1.469E+01 -6.962E+00
 -5.8672500E+03 -1.364E+01 -1.454E+01 -8.568E+00
 -5.8667500E+03 -1.368E+01 -1.316E+01 -3.768E+00
 -5.8662500E+03 -1.402E+01 -1.418E+01 -6.872E+00
 -5.8657500E+03 -1.267E+01 -1.296E+01 -7.410E+00
 -5.8652500E+03 -1.255E+01 -1.245E+01 -5.809E+00
 -5.8647500E+03 -1.204E+01 -1.285E+01 -8.433E+00
 -5.8642500E+03 -1.306E+01 -1.362E+01 -8.277E+00
 -5.8637500E+03 -1.145E+01 -1.190E+01 -6.090E+00
 -5.8632500E+03 -1.294E+01 -1.328E+01 -6.310E+00
 -5.8627500E+03 -1.227E+01 -1.328E+01 -9.275E+00
 -5.8622500E+03 -1.349E+01 -1.355E+01 -5.738E+00
 -5.8617500E+03 -1.158E+01 -1.170E+01 -5.453E+00
 -5.8612500E+03 -1.212E+01 -1.264E+01 -7.314E+00
 -5.8607500E+03 -1.290E+01 -1.267E+01 -4.579E+00
 -5.8602500E+03 -1.242E+01 -1.245E+01 -5.489E+00
 -5.8597500E+03 -1.353E+01 -1.337E+01 -5.744E+00
 -5.8592500E+03 -1.200E+01 -1.265E+01 -8.255E+00
 -5.8587500E+03 -1.282E+01 -1.248E+01 -4.393E+00
 -5.8582500E+03 -1.245E+01 -1.279E+01 -6.943E+00
 -5.8577500E+03 -1.234E+01 -1.277E+01 -6.893E+00
 -5.8572500E+03 -1.182E+01 -1.206E+01 -6.226E+00
 -5.8567500E+03 -1.219E+01 -1.265E+01 -6.965E+00
 -5.8562500E+03 -1.184E+01 -1.211E+01 -6.083E+00
 -5.8557500E+03 -1.045E+01 -1.150E+01 -8.567E+00
 -5.8552500E+03 -1.173E+01 -1.216E+01 -7.303E+00
 -5.8547500E+03 -1.234E+01 -1.297E+01 -7.581E+00
 -5.8542500E+03 -1.113E+01 -1.131E+01 -6.076E+00
 -5.8537500E+03 -1.312E+01 -1.327E+01 -6.732E+00
 -5.8532500E+03 -1.403E+01 -1.395E+01 -5.967E+00
 -5.8527500E+03 -1.134E+01 -1.162E+01 -5.523E+00
 -5.8522500E+03 -1.194E+01 -1.226E+01 -5.679E+00
 -5.8517500E+03 -1.220E+01 -1.227E+01 -5.660E+00
 -5.8512500E+03 -1.240E+01 -1.213E+01 -4.566E+00
 -5.8507500E+03 -1.162E+01 -1.202E+01 -6.487E+00
 -5.8502500E+03 -1.092E+01 -1.113E+01 -5.455E+00
 -5.8497500E+03 -1.130E+01 -1.189E+01 -6.842E+00
 -5.8492500E+03 -1.176E+01 -1.175E+01 -5.030E+00
 -5.8487500E+03 -1.115E+01 -1.181E+01 -7.119E+00
 -5.8482500E+03 -1.103E+01 -1.139E+01 -5.711E+00
 -5.8477500E+03 -1.042E+01 -1.119E+01 -8.155E+00
 -5.8472500E+03 -1.216E+01 -1.227E+01 -6.161E+00
 -5.8467500E+03 -1.103E+01 -1.106E+01 -4.728E+00
 -5.8462500E+03 -1.132E+01 -1.149E+01 -5.963E+00
 -5.8457500E+03 -1.099E+01 -1.133E+01 -7.511E+00
 -5.8452500E+03 -1.153E+01 -1.189E+01 -5.792E+00
 -5.8447500E+03 -1.018E+01 -1.044E+01 -5.469E+00
 -5.8442500E+03 -9.674E+00 -1.019E+01 -5.815E+00
 -5.8437500E+03 -1.200E+01 -1.243E+01 -6.524E+00
 -5.8432500E+03 -1.307E+01 -1.270E+01 -5.187E+00
 -5.8427500E+03 -1.141E+01 -1.139E+01 -6.316E+00
 -5.8422500E+03 -1.008E+01 -1.087E+01 -7.042E+00
 -5.8417500E+03 -1.188E+01 -1.189E+01 -4.912E+00
 -5.8412500E+03 -1.204E+01 -1.219E+01 -5.537E+00
 -5.8407500E+03 -1.106E+01 -1.126E+01 -5.207E+00
 -5.8402500E+03 -1.161E+01 -1.167E+01 -5.073E+00
 -5.8397500E+03 -1.049E+01 -1.084E+01 -6.267E+00
 -5.8392500E+03 -1.049E+01 -1.074E+01 -5.227E+00
 -5.8387500E+03 -1.126E+01 -1.155E+01 -6.011E+00
 -5.8382500E+03 -1.101E+01 -1.140E+01 -6.113E+00
 -5.8377500E+03 -9.323E+00 -9.993E+00 -6.894E+00
 -5.8372500E+03 -1.028E+01 -1.056E+01 -5.774E+00
 -5.8367500E+03 -1.067E+01 -1.081E+01 -5.062E+00
 -5.8362500E+03 -1.061E+01 -1.106E+01 -6.776E+00
 -5.8357500E+03 -9.630E+00 -1.001E+01 -5.823E+00
 -5.8352500E+03 -9.242E+00 -9.493E+00 -4.829E+00
 -5.8347500E+03 -1.048E+01 -1.111E+01 -6.383E+00
 -5.8342500E+03 -1.003E+01 -1.086E+01 -7.633E+00
 -5.8337500E+03 -1.077E+01 -1.108E+01 -6.116E+00
 -5.8332500E+03 -1.160E+01 -1.129E+01 -4.652E+00
 -5.8327500E+03 -1.064E+01 -1.098E+01 -6.025E+00
 -5.8322500E+03 -1.019E+01 -1.052E+01 -6.327E+00
 -5.8317500E+03 -1.035E+01 -1.105E+01 -7.115E+00
 -5.8312500E+03 -9.569E+00 -1.038E+01 -6.551E+00
 -5.8307500E+03 -1.026E+01 -1.044E+01 -5.310E+00
 -5.8302500E+03 -1.144E+01 -1.166E+01 -5.710E+00
 -5.8297500E+03 -1.099E+01 -1.100E+01 -5.112E+00
 -5.8292500E+03 -1.005E+01 -1.065E+01 -5.973E+00
 -5.8287500E+03 -9.962E+00 -1.068E+01 -6.636E+00
 -5.8282500E+03 -9.709E+00 -1.024E+01 -6.525E+00
 -5.8277500E+03 -1.241E+01 -1.247E+01 -5.475E+00
 -5.8272500E+03 -1.172E+01 -1.221E+01 -5.700E+00
 -5.8267500E+03 -9.454E+00 -9.494E+00 -4.922E+00
 -5.8262500E+03 -9.787E+00 -9.552E+00 -4.140E+00
 -5.8257500E+03 -1.008E+01 -1.017E+01 -4.882E+00
 -5.8252500E+03 -1.016E+01 -1.092E+01 -6.207E+00
 -5.8247500E+03 -1.086E+01 -1.093E+01 -4.216E+00
 -5.8242500E+03 -9.169E+00 -9.365E+00 -5.260E+00
 -5.8237500E+03 -1.044E+01 -1.039E+01 -5.083E+00
 -5.8232500E+03 -9.518E+00 -9.868E+00 -3.686E+00
 -5.8227500E+03 -8.982E+00 -9.171E+00 -4.810E+00
 -5.8222500E+03 -1.009E+01 -1.025E+01 -5.389E+00
 -5.8217500E+03 -7.924E+00 -8.598E+00 -6.869E+00
 -5.8212500E+03 -1.066E+01 -1.090E+01 -5.469E+00
 -5.8207500E+03 -1.099E+01 -1.113E+01 -5.430E+00
 -5.8202500E+03 -9.107E+00 -9.773E+00 -6.681E+00
 -5.8197500E+03 -9.298E+00 -9.590E+00 -5.780E+00
 -5.8192500E+03 -8.516E+00 -8.826E+00 -5.113E+00
 -5.8187500E+03 -8.503E+00 -8.778E+00 -4.453E+00
 -5.8182500E+03 -9.561E+00 -1.043E+01 -7.045E+00
 -5.8177500E+03 -9.501E+00 -9.945E+00 -6.128E+00
 -5.8172500E+03 -9.692E+00 -9.906E+00 -4.965E+00
 -5.8167500E+03 -1.027E+01 -1.016E+01 -4.648E+00
 -5.8162500E+03 -8.954E+00 -9.241E+00 -5.553E+00
 -5.8157500E+03 -1.081E+01 -1.115E+01 -4.814E+00
 -5.8152500E+03 -9.082E+00 -9.184E+00 -4.433E+00
 -5.8147500E+03 -9.018E+00 -9.239E+00 -4.545E+00
 -5.8142500E+03 -9.478E+00 -9.721E+00 -5.205E+00
 -5.8137500E+03 -7.442E+00 -7.706E+00 -4.160E+00
 -5.8132500E+03 -1.009E+01 -1.046E+01 -5.491E+00
 -5.8127500E+03 -9.418E+00 -1.040E+01 -6.850E+00
 -5.8122500E+03 -8.203E+00 -8.691E+00 -5.794E+00
 -5.8117500E+03 -1.014E+01 -1.039E+01 -4.653E+00
 -5.8112500E+03 -9.911E+00 -9.884E+00 -3.627E+00
 -5.8107500E+03 -8.885E+00 -9.010E+00 -3.654E+00
 -5.8102500E+03 -8.651E+00 -8.747E+00 -4.273E+00
 -5.8097500E+03 -7.946E+00 -8.089E+00 -4.824E+00
 -5.8092500E+03 -8.940E+00 -9.351E+00 -5.987E+00
 -5.8087500E+03 -8.409E+00 -8.999E+00 -5.840E+00
 -5.8082500E+03 -9.593E+00 -9.495E+00 -4.010E+00
 -5.8077500E+03 -1.010E+01 -9.899E+00 -3.427E+00
 -5.8072500E+03 -9.806E+00 -9.819E+00 -5.343E+00
 -5.8067500E+03 -9.169E+00 -9.609E+00 -5.718E+00
 -5.8062500E+03 -7.383E+00 -8.114E+00 -6.526E+00
 -5.8057500E+03 -8.630E+00 -9.230E+00 -6.022E+00
 -5.8052500E+03 -1.021E+01 -9.751E+00 -2.643E+00
 -5.8047500E+03 -8.141E+00 -8.667E+00 -4.960E+00
 -5.8042500E+03 -8.104E+00 -8.351E+00 -4.558E+00
 -5.8037500E+03 -8.143E+00 -8.432E+00 -5.061E+00
 -5.8032500E+03 -8.010E+00 -8.555E+00 -5.554E+00
 -5.8027500E+03 -7.963E+00 -8.772E+00 -7.081E+00
 -5.8022500E+03 -8.949E+00 -9.363E+00 -5.321E+00
 -5.8017500E+03 -9.922E+00 -9.779E+00 -3.353E+00
 -5.8012500E+03 -8.825E+00 -8.581E+00 -3.070E+00
 -5.8007500E+03 -8.176E+00 -8.576E+00 -4.635E+00
 -5.8002500E+03 -8.311E+00 -8.761E+00 -5.521E+00
 -5.7997500E+03 -9.179E+00 -9.306E+00 -4.694E+00
 -5.7992500E+03 -9.771E+00 -9.922E+00 -4.681E+00
 -5.7987500E+03 -9.370E+00 -9.270E+00 -3.526E+00
 -5.7982500E+03 -7.626E+00 -8.079E+00 -5.298E+00
 -5.7977500E+03 -6.876E+00 -6.778E+00 -2.671E+00
 -5.7972500E+03 -9.594E+00 -9.606E+00 -4.442E+00
 -5.7967500E+03 -9.045E+00 -9.271E+00 -4.268E+00
 -5.7962500E+03 -8.319E+00 -8.909E+00 -5.321E+00
 -5.7957500E+03 -7.702E+00 -8.188E+00 -5.302E+00
 -5.7952500E+03 -8.625E+00 -8.734E+00 -4.139E+00
 -5.7947500E+03 -9.031E+00 -8.770E+00 -3.149E+00
 -5.7942500E+03 -8.676E+00 -8.866E+00 -4.537E+00
 -5.7937500E+03 -7.869E+00 -7.508E+00 -2.665E+00
 -5.7932500E+03 -7.960E+00 -7.999E+00 -3.973E+00
 -5.7927500E+03 -8.179E+00 -8.629E+00 -5.084E+00
 -5.7922500E+03 -8.286E+00 -8.801E+00 -4.995E+00
 -5.7917500E+03 -7.630E+00 -7.715E+00 -4.341E+00
 -5.7912500E+03 -8.445E+00 -8.203E+00 -2.648E+00
 -5.7907500E+03 -7.383E+00 -7.776E+00 -5.388E+00
 -5.7902500E+03 -8.885E+00 -9.044E+00 -4.629E+00
 -5.7897500E+03 -8.309E+00 -8.202E+00 -3.532E+00
 -5.7892500E+03 -7.481E+00 -7.168E+00 -1.714E+00
 -5.7887500E+03 -8.305E+00 -8.529E+00 -4.176E+00
 -5.7882500E+03 -7.543E+00 -7.986E+00 -4.620E+00
 -5.7877500E+03 -7.603E+00 -8.352E+00 -6.158E+00
 -5.7872500E+03 -8.215E+00 -8.640E+00 -5.417E+00
 -5.7867500E+03 -8.746E+00 -8.782E+00 -3.097E+00
 -5.7862500E+03 -8.201E+00 -8.827E+00 -5.881E+00
 -5.7857500E+03 -7.513E+00 -8.201E+00 -5.497E+00
 -5.7852500E+03 -7.452E+00 -7.654E+00 -4.149E+00
 -5.7847500E+03 -7.872E+00 -7.985E+00 -4.357E+00
 -5.7842500E+03 -8.099E+00 -8.422E+00 -5.243E+00
 -5.7837500E+03 -8.079E+00 -7.963E+00 -3.491E+00
 -5.7832500E+03 -8.820E+00 -8.700E+00 -3.512E+00
 -5.7827500E+03 -8.264E+00 -8.486E+00 -4.234E+00
 -5.7822500E+03 -8.327E+00 -8.650E+00 -5.218E+00
 -5.7817500E+03 -8.443E+00 -8.693E+00 -5.274E+00
 -5.7812500E+03 -7.325E+00 -7.448E+00 -3.534E+00
 -5.7807500E+03 -7.749E+00 -7.843E+00 -3.684E+00
 -5.7802500E+03 -8.616E+00 -8.836E+00 -5.283E+00
 -5.7797500E+03 -7.833E+00 -7.832E+00 -3.758E+00
 -5.7792500E+03 -8.343E+00 -8.328E+00 -3.646E+00
 -5.7787500E+03 -8.331E+00 -8.489E+00 -3.364E+00
 -5.7782500E+03 -7.081E+00 -7.540E+00 -4.619E+00
 -5.7777500E+03 -6.799E+00 -7.348E+00 -4.800E+00
 -5.7772500E+03 -7.225E+00 -7.639E+00 -5.052E+00
 -5.7767500E+03 -7.425E+00 -7.645E+00 -3.771E+00
 -5.7762500E+03 -9.151E+00 -8.851E+00 -2.759E+00
 -5.7757500E+03 -7.040E+00 -7.761E+00 -5.507E+00
 -5.7752500E+03 -8.253E+00 -8.085E+00 -2.664E+00
 -5.7747500E+03 -7.100E+00 -7.276E+00 -3.736E+00
 -5.7742500E+03 -6.893E+00 -7.282E+00 -4.432E+00
 -5.7737500E+03 -5.831E+00 -6.464E+00 -5.478E+00
 -5.7732500E+03 -6.636E+00 -6.987E+00 -4.793E+00
 -5.7727500E+03 -7.420E+00 -7.351E+00 -3.054E+00
 -5.7722500E+03 -7.025E+00 -7.166E+00 -3.450E+00
 -5.7717500E+03 -8.040E+00 -8.538E+00 -4.680E+00
 -5.7712500E+03 -7.186E+00 -7.949E+00 -5.349E+00
 -5.7707500E+03 -7.049E+00 -7.075E+00 -3.726E+00
 -5.7702500E+03 -7.074E+00 -7.253E+00 -3.948E+00
 -5.7697500E+03 -7.994E+00 -8.225E+00 -4.595E+00
 -5.7692500E+03 -8.398E+00 -8.270E+00 -3.201E+00
 -5.7687500E+03 -7.072E+00 -7.453E+00 -4.724E+00
 -5.7682500E+03 -7.281E+00 -7.067E+00 -2.198E+00
 -5.7677500E+03 -7.749E+00 -7.780E+00 -3.442E+00
 -5.7672500E+03 -7.174E+00 -7.366E+00 -3.689E+00
 -5.7667500E+03 -7.598E+00 -7.524E+00 -2.783E+00
 -5.7662500E+03 -7.121E+00 -7.550E+00 -4.959E+00
 -5.7657500E+03 -6.668E+00 -6.987E+00 -5.038E+00
 -5.7652500E+03 -7.251E+00 -7.161E+00 -3.307E+00
 -5.7647500E+03 -6.994E+00 -7.190E+00 -3.879E+00
 -5.7642500E+03 -6.473E+00 -7.118E+00 -4.648E+00
 -5.7637500E+03 -7.108E+00 -7.628E+00 -4.156E+00
 -5.7632500E+03 -7.725E+00 -7.959E+00 -4.302E+00
 -5.7627500E+03 -6.822E+00 -7.088E+00 -4.332E+00
 -5.7622500E+03 -5.704E+00 -6.019E+00 -4.052E+00
 -5.7617500E+03 -7.189E+00 -7.385E+00 -4.012E+00
 -5.7612500E+03 -7.647E+00 -8.058E+00 -4.495E+00
 -5.7607500E+03 -6.140E+00 -6.623E+00 -3.623E+00
 -5.7602500E+03 -8.009E+00 -7.877E+00 -3.180E+00
 -5.7597500E+03 -5.673E+00 -6.469E+00 -3.472E+00
 -5.7592500E+03 -7.948E+00 -7.668E+00 -2.443E+00
 -5.7587500E+03 -7.093E+00 -7.167E+00 -3.828E+00
 -5.7582500E+03 -5.917E+00 -6.503E+00 -4.682E+00
 -5.7577500E+03 -5.815E+00 -6.243E+00 -3.549E+00
 -5.7572500E+03 -6.574E+00 -6.741E+00 -4.010E+00
 -5.7567500E+03 -6.466E+00 -6.758E+00 -3.498E+00
 -5.7562500E+03 -5.748E+00 -6.166E+00 -4.351E+00
 -5.7557500E+03 -5.953E+00 -6.140E+00 -3.021E+00
 -5.7552500E+03 -6.206E+00 -6.285E+00 -2.196E+00
 -5.7547500E+03 -7.553E+00 -7.789E+00 -3.408E+00
 -5.7542500E+03 -7.570E+00 -7.715E+00 -3.494E+00
 -5.7537500E+03 -6.986E+00 -6.359E+00 -3.470E+00
 -5.7532500E+03 -7.054E+00 -7.062E+00 -3.477E+00
 -5.7527500E+03 -5.785E+00 -6.085E+00 -3.793E+00
 -5.7522500E+03 -6.102E+00 -6.400E+00 -3.236E+00
 -5.7517500E+03 -7.943E+00 -8.263E+00 -4.426E+00
 -5.7512500E+03 -8.034E+00 -8.054E+00 -3.632E+00
 -5.7507500E+03 -5.829E+00 -6.302E+00 -3.891E+00
 -5.7502500E+03 -6.708E+00 -6.605E+00 -3.060E+00
 -5.7497500E+03 -6.273E+00 -7.028E+00 -5.058E+00
 -5.7492500E+03 -6.601E+00 -6.855E+00 -4.870E+00
 -5.7487500E+03 -7.463E+00 -7.970E+00 -4.179E+00
 -5.7482500E+03 -5.975E+00 -6.309E+00 -3.678E+00
 -5.7477500E+03 -6.543E+00 -6.651E+00 -3.269E+00
 -5.7472500E+03 -6.778E+00 -6.448E+00 -1.851E+00
 -5.7467500E+03 -6.535E+00 -6.099E+00 -2.494E+00
 -5.7462500E+03 -5.864E+00 -6.420E+00 -4.335E+00
 -5.7457500E+03 -6.101E+00 -6.562E+00 -4.056E+00
 -5.7452500E+03 -6.246E+00 -6.486E+00 -3.905E+00
 -5.7447500E+03 -6.714E+00 -7.231E+00 -3.921E+00
 -5.7442500E+03 -6.415E+00 -6.432E+00 -3.626E+00
 -5.7437500E+03 -7.135E+00 -6.843E+00 -3.039E+00
 -5.7432500E+03 -6.707E+00 -6.513E+00 -2.408E+00
 -5.7427500E+03 -5.223E+00 -5.472E+00 -3.055E+00
 -5.7422500E+03 -5.812E+00 -5.751E+00 -2.986E+00
 -5.7417500E+03 -6.509E+00 -6.044E+00 -1.184E+00
 -5.7412500E+03 -6.479E+00 -6.925E+00 -4.221E+00
 -5.7407500E+03 -7.180E+00 -7.454E+00 -3.980E+00
 -5.7402500E+03 -6.609E+00 -6.967E+00 -3.982E+00
 -5.7397500E+03 -5.774E+00 -6.226E+00 -4.480E+00
 -5.7392500E+03 -6.435E+00 -6.693E+00 -3.653E+00
 -5.7387500E+03 -6.995E+00 -7.023E+00 -2.951E+00
 -5.7382500E+03 -6.488E+00 -6.809E+00 -4.252E+00
 -5.7377500E+03 -4.317E+00 -4.972E+00 -4.692E+00
 -5.7372500E+03 -6.159E+00 -6.405E+00 -3.036E+00
 -5.7367500E+03 -5.443E+00 -5.744E+00 -3.164E+00
 -5.7362500E+03 -6.119E+00 -6.526E+00 -4.013E+00
 -5.7357500E+03 -6.358E+00 -6.669E+00 -3.657E+00
 -5.7352500E+03 -6.707E+00 -6.809E+00 -3.008E+00
 -5.7347500E+03 -6.169E+00 -6.685E+00 -4.264E+00
 -5.7342500E+03 -5.839E+00 -5.797E+00 -2.713E+00
 -5.7337500E+03 -5.191E+00 -5.079E+00 -2.297E+00
 -5.7332500E+03 -5.673E+00 -5.964E+00 -3.780E+00
 -5.7327500E+03 -6.248E+00 -6.710E+00 -4.282E+00
 -5.7322500E+03 -5.247E+00 -5.699E+00 -4.352E+00
 -5.7317500E+03 -6.740E+00 -6.643E+00 -2.535E+00
 -5.7312500E+03 -6.677E+00 -6.788E+00 -3.419E+00
 -5.7307500E+03 -6.133E+00 -6.372E+00 -3.708E+00
 -5.7302500E+03 -5.825E+00 -5.980E+00 -2.933E+00
 -5.7297500E+03 -6.323E+00 -6.819E+00 -3.156E+00
 -5.7292500E+03 -5.665E+00 -5.803E+00 -3.271E+00
 -5.7287500E+03 -5.907E+00 -5.904E+00 -3.328E+00
 -5.7282500E+03 -5.880E+00 -5.882E+00 -2.645E+00
 -5.7277500E+03 -6.392E+00 -6.382E+00 -2.878E+00
 -5.7272500E+03 -4.515E+00 -4.861E+00 -3.427E+00
 -5.7267500E+03 -5.048E+00 -5.294E+00 -2.200E+00
 -5.7262500E+03 -5.225E+00 -5.701E+00 -3.934E+00
 -5.7257500E+03 -6.719E+00 -6.876E+00 -3.565E+00
 -5.7252500E+03 -6.324E+00 -6.666E+00 -3.615E+00
 -5.7247500E+03 -6.688E+00 -6.871E+00 -3.995E+00
 -5.7242500E+03 -6.283E+00 -6.239E+00 -2.378E+00
 -5.7237500E+03 -6.372E+00 -6.444E+00 -2.573E+00
 -5.7232500E+03 -5.984E+00 -6.182E+00 -3.238E+00
 -5.7227500E+03 -5.809E+00 -5.534E+00 -1.863E+00
 -5.7222500E+03 -5.114E+00 -5.241E+00 -2.572E+00
 -5.7217500E+03 -5.275E+00 -5.846E+00 -3.644E+00
 -5.7212500E+03 -6.256E+00 -6.682E+00 -2.914E+00
 -5.7207500E+03 -5.667E+00 -5.903E+00 -3.297E+00
 -5.7202500E+03 -5.414E+00 -5.259E+00 -2.299E+00
 -5.7197500E+03 -5.416E+00 -5.771E+00 -3.640E+00
 -5.7192500E+03 -4.932E+00 -5.026E+00 -2.646E+00
 -5.7187500E+03 -5.488E+00 -5.990E+00 -4.118E+00
 -5.7182500E+03 -5.634E+00 -5.824E+00 -2.866E+00
 -5.7177500E+03 -5.080E+00 -4.913E+00 -2.098E+00
 -5.7172500E+03 -5.512E+00 -5.582E+00 -3.016E+00
 -5.7167500E+03 -4.907E+00 -5.148E+00 -3.061E+00
 -5.7162500E+03 -5.273E+00 -5.396E+00 -3.247E+00
 -5.7157500E+03 -5.460E+00 -5.585E+00 -3.060E+00
 -5.7152500E+03 -5.780E+00 -5.777E+00 -2.385E+00
 -5.7147500E+03 -5.010E+00 -5.344E+00 -3.463E+00
 -5.7142500E+03 -6.172E+00 -6.365E+00 -3.171E+00
 -5.7137500E+03 -5.386E+00 -5.744E+00 -3.145E+00
 -5.7132500E+03 -6.130E+00 -6.095E+00 -2.897E+00
 -5.7127500E+03 -5.058E+00 -4.989E+00 -2.708E+00
 -5.7122500E+03 -5.156E+00 -5.245E+00 -2.282E+00
 -5.7117500E+03 -5.406E+00 -5.358E+00 -1.758E+00
 -5.7112500E+03 -5.387E+00 -6.138E+00 -3.039E+00
 -5.7107500E+03 -5.261E+00 -5.541E+00 -3.024E+00
 -5.7102500E+03 -5.655E+00 -6.043E+00 -4.104E+00
 -5.7097500E+03 -5.555E+00 -5.556E+00 -2.040E+00
 -5.7092500E+03 -6.714E+00 -6.150E+00 -3.464E+00
 -5.7087500E+03 -5.148E+00 -4.830E+00 -2.085E+00
 -5.7082500E+03 -5.407E+00 -5.430E+00 -2.877E+00
 -5.7077500E+03 -5.104E+00 -5.428E+00 -3.389E+00
 -5.7072500E+03 -5.564E+00 -5.796E+00 -2.801E+00
 -5.7067500E+03 -6.885E+00 -6.653E+00 -3.545E+00
 -5.7062500E+03 -5.314E+00 -5.579E+00 -4.015E+00
 -5.7057500E+03 -4.670E+00 -4.685E+00 -2.486E+00
 -5.7052500E+03 -5.605E+00 -5.303E+00 -2.433E+00
 -5.7047500E+03 -4.395E+00 -4.440E+00 -2.023E+00
 -5.7042500E+03 -4.671E+00 -4.730E+00 -2.775E+00
 -5.7037500E+03 -4.882E+00 -4.975E+00 -2.255E+00
 -5.7032500E+03 -4.430E+00 -4.745E+00 -2.701E+00
 -5.7027500E+03 -4.758E+00 -4.897E+00 -2.405E+00
 -5.7022500E+03 -4.075E+00 -4.621E+00 -3.593E+00
 -5.7017500E+03 -5.852E+00 -5.763E+00 -1.892E+00
 -5.7012500E+03 -5.684E+00 -5.775E+00 -2.419E+00
 -5.7007500E+03 -5.425E+00 -5.298E+00 -1.818E+00
 -5.7002500E+03 -4.545E+00 -4.917E+00 -3.547E+00
 -5.6997500E+03 -5.175E+00 -5.325E+00 -3.020E+00
 -5.6992500E+03 -4.993E+00 -4.875E+00 -2.081E+00
 -5.6987500E+03 -5.369E+00 -5.726E+00 -3.529E+00
 -5.6982500E+03 -5.483E+00 -5.731E+00 -2.930E+00
 -5.6977500E+03 -5.396E+00 -5.515E+00 -2.607E+00
 -5.6972500E+03 -4.884E+00 -4.947E+00 -2.373E+00
 -5.6967500E+03 -4.589E+00 -4.805E+00 -2.717E+00
 -5.6962500E+03 -4.466E+00 -4.773E+00 -3.379E+00
 -5.6957500E+03 -5.219E+00 -5.171E+00 -2.761E+00
 -5.6952500E+03 -5.147E+00 -5.188E+00 -2.348E+00
 -5.6947500E+03 -5.334E+00 -5.760E+00 -3.063E+00
 -5.6942500E+03 -4.915E+00 -5.314E+00 -3.133E+00
 -5.6937500E+03 -4.584E+00 -4.611E+00 -2.549E+00
 -5.6932500E+03 -5.100E+00 -5.384E+00 -2.756E+00
 -5.6927500E+03 -4.484E+00 -4.570E+00 -2.783E+00
 -5.6922500E+03 -5.594E+00 -5.602E+00 -1.755E+00
 -5.6917500E+03 -4.827E+00 -4.809E+00 -2.242E+00
 -5.6912500E+03 -4.553E+00 -4.341E+00 -2.344E+00
 -5.6907500E+03 -5.272E+00 -5.198E+00 -2.455E+00
 -5.6902500E+03 -4.430E+00 -4.705E+00 -2.792E+00
 -5.6897500E+03 -4.233E+00 -4.418E+00 -2.337E+00
 -5.6892500E+03 -4.769E+00 -5.101E+00 -2.945E+00
 -5.6887500E+03 -4.708E+00 -5.202E+00 -3.365E+00
 -5.6882500E+03 -5.066E+00 -4.779E+00 -2.053E+00
 -5.6877500E+03 -5.372E+00 -5.762E+00 -4.044E+00
 -5.6872500E+03 -3.429E+00 -3.968E+00 -3.243E+00
 -5.6867500E+03 -5.097E+00 -5.512E+00 -3.099E+00
 -5.6862500E+03 -4.922E+00 -4.797E+00 -1.689E+00
 -5.6857500E+03 -5.537E+00 -5.409E+00 -1.865E+00
 -5.6852500E+03 -4.662E+00 -4.814E+00 -2.226E+00
 -5.6847500E+03 -4.218E+00 -4.518E+00 -3.370E+00
 -5.6842500E+03 -5.139E+00 -4.888E+00 -2.035E+00
 -5.6837500E+03 -4.409E+00 -4.544E+00 -2.530E+00
 -5.6832500E+03 -4.939E+00 -5.084E+00 -2.624E+00
 -5.6827500E+03 -4.199E+00 -4.684E+00 -3.307E+00
 -5.6822500E+03 -4.726E+00 -4.973E+00 -3.109E+00
 -5.6817500E+03 -4.382E+00 -4.527E+00 -2.612E+00
 -5.6812500E+03 -5.312E+00 -5.176E+00 -2.044E+00
 -5.6807500E+03 -4.355E+00 -4.555E+00 -2.863E+00
 -5.6802500E+03 -3.973E+00 -4.263E+00 -2.914E+00
 -5.6797500E+03 -4.472E+00 -4.333E+00 -1.366E+00
 -5.6792500E+03 -5.012E+00 -5.191E+00 -2.491E+00
 -5.6787500E+03 -4.034E+00 -3.989E+00 -2.060E+00
 -5.6782500E+03 -5.183E+00 -5.193E+00 -2.240E+00
 -5.6777500E+03 -4.886E+00 -5.158E+00 -2.420E+00
 -5.6772500E+03 -5.240E+00 -5.411E+00 -2.858E+00
 -5.6767500E+03 -4.733E+00 -4.490E+00 -1.960E+00
 -5.6762500E+03 -4.081E+00 -4.315E+00 -2.494E+00
 -5.6757500E+03 -3.976E+00 -4.032E+00 -2.208E+00
 -5.6752500E+03 -3.915E+00 -4.270E+00 -3.051E+00
 -5.6747500E+03 -4.952E+00 -4.996E+00 -2.091E+00
 -5.6742500E+03 -4.449E+00 -4.684E+00 -3.090E+00
 -5.6737500E+03 -4.504E+00 -4.858E+00 -3.104E+00
 -5.6732500E+03 -5.048E+00 -4.943E+00 -1.621E+00
 -5.6727500E+03 -4.700E+00 -5.097E+00 -2.946E+00
 -5.6722500E+03 -4.555E+00 -4.558E+00 -2.093E+00
 -5.6717500E+03 -4.747E+00 -5.020E+00 -2.963E+00
 -5.6712500E+03 -4.115E+00 -4.609E+00 -3.354E+00
 -5.6707500E+03 -4.458E+00 -4.585E+00 -2.442E+00
 -5.6702500E+03 -4.897E+00 -4.967E+00 -2.173E+00
 -5.6697500E+03 -4.088E+00 -4.318E+00 -2.651E+00
 -5.6692500E+03 -4.455E+00 -4.720E+00 -3.258E+00
 -5.6687500E+03 -4.149E+00 -4.535E+00 -3.501E+00
 -5.6682500E+03 -3.956E+00 -3.709E+00 -2.410E+00
 -5.6677500E+03 -5.086E+00 -4.849E+00 -1.333E+00
 -5.6672500E+03 -3.763E+00 -3.590E+00 -1.017E+00
 -5.6667500E+03 -4.750E+00 -5.211E+00 -2.306E+00
 -5.6662500E+03 -4.250E+00 -4.341E+00 -2.505E+00
 -5.6657500E+03 -5.036E+00 -5.174E+00 -2.674E+00
 -5.6652500E+03 -3.937E+00 -4.290E+00 -3.005E+00
 -5.6647500E+03 -3.669E+00 -3.875E+00 -2.688E+00
 -5.6642500E+03 -4.300E+00 -4.351E+00 -1.584E+00
 -5.6637500E+03 -4.318E+00 -4.616E+00 -2.050E+00
 -5.6632500E+03 -3.965E+00 -3.927E+00 -1.659E+00
 -5.6627500E+03 -4.343E+00 -4.421E+00 -2.348E+00
 -5.6622500E+03 -3.873E+00 -4.072E+00 -2.635E+00
 -5.6617500E+03 -4.071E+00 -4.375E+00 -2.819E+00
 -5.6612500E+03 -3.684E+00 -3.797E+00 -2.311E+00
 -5.6607500E+03 -4.443E+00 -4.540E+00 -2.305E+00
 -5.6602500E+03 -4.061E+00 -4.311E+00 -2.535E+00
 -5.6597500E+03 -3.997E+00 -4.248E+00 -2.454E+00
 -5.6592500E+03 -4.550E+00 -4.614E+00 -2.061E+00
 -5.6587500E+03 -4.315E+00 -4.345E+00 -1.939E+00
 -5.6582500E+03 -4.345E+00 -4.417E+00 -2.238E+00
 -5.6577500E+03 -3.879E+00 -4.217E+00 -2.770E+00
 -5.6572500E+03 -3.979E+00 -3.929E+00 -1.639E+00
 -5.6567500E+03 -4.332E+00 -4.209E+00 -1.636E+00
 -5.6562500E+03 -4.601E+00 -5.005E+00 -2.793E+00
 -5.6557500E+03 -4.383E+00 -4.259E+00 -1.787E+00
 -5.6552500E+03 -4.289E+00 -4.480E+00 -2.738E+00
 -5.6547500E+03 -3.719E+00 -3.927E+00 -2.456E+00
 -5.6542500E+03 -4.378E+00 -4.501E+00 -2.422E+00
 -5.6537500E+03 -4.116E+00 -4.478E+00 -3.059E+00
 -5.6532500E+03 -3.743E+00 -4.196E+00 -3.239E+00
 -5.6527500E+03 -4.787E+00 -4.738E+00 -1.788E+00
 -5.6522500E+03 -4.269E+00 -3.774E+00 -8.694E-01
 -5.6517500E+03 -3.806E+00 -4.046E+00 -3.021E+00
 -5.6512500E+03 -3.802E+00 -4.065E+00 -2.015E+00
 -5.6507500E+03 -3.275E+00 -3.309E+00 -1.492E+00
 -5.6502500E+03 -3.382E+00 -3.792E+00 -2.162E+00
 -5.6497500E+03 -3.924E+00 -4.108E+00 -2.067E+00
 -5.6492500E+03 -3.883E+00 -4.116E+00 -2.642E+00
 -5.6487500E+03 -3.118E+00 -3.821E+00 -4.154E+00
 -5.6482500E+03 -4.064E+00 -4.331E+00 -2.342E+00
 -5.6477500E+03 -4.064E+00 -3.890E+00 -1.686E+00
 -5.6472500E+03 -4.070E+00 -3.869E+00 -1.200E+00
 -5.6467500E+03 -4.112E+00 -4.087E+00 -1.632E+00
 -5.6462500E+03 -4.120E+00 -4.263E+00 -1.611E+00
 -5.6457500E+03 -3.379E+00 -3.800E+00 -2.535E+00
 -5.6452500E+03 -3.321E+00 -3.570E+00 -2.842E+00
 -5.6447500E+03 -3.949E+00 -4.137E+00 -2.663E+00
 -5.6442500E+03 -4.461E+00 -4.445E+00 -2.324E+00
 -5.6437500E+03 -3.990E+00 -4.162E+00 -2.441E+00
 -5.6432500E+03 -3.907E+00 -3.961E+00 -1.359E+00
 -5.6427500E+03 -3.995E+00 -3.987E+00 -1.798E+00
 -5.6422500E+03 -3.961E+00 -4.278E+00 -2.915E+00
 -5.6417500E+03 -3.757E+00 -4.244E+00 -2.735E+00
 -5.6412500E+03 -4.366E+00 -4.333E+00 -1.345E+00
 -5.6407500E+03 -3.929E+00 -4.313E+00 -3.057E+00
 -5.6402500E+03 -4.076E+00 -4.552E+00 -2.780E+00
 -5.6397500E+03 -3.646E+00 -2.757E+00 -1.263E+00
 -5.6392500E+03 -3.176E+00 -3.598E+00 -2.979E+00
 -5.6387500E+03 -3.976E+00 -4.261E+00 -2.268E+00
 -5.6382500E+03 -4.096E+00 -4.114E+00 -1.516E+00
 -5.6377500E+03 -3.612E+00 -3.503E+00 -1.591E+00
 -5.6372500E+03 -3.630E+00 -3.768E+00 -2.285E+00
 -5.6367500E+03 -2.918E+00 -3.020E+00 -1.991E+00
 -5.6362500E+03 -4.558E+00 -4.379E+00 -1.451E+00
 -5.6357500E+03 -3.607E+00 -4.096E+00 -2.731E+00
 -5.6352500E+03 -3.690E+00 -3.530E+00 -1.548E+00
 -5.6347500E+03 -3.932E+00 -3.815E+00 -1.857E+00
 -5.6342500E+03 -3.421E+00 -3.540E+00 -2.189E+00
 -5.6337500E+03 -3.168E+00 -3.531E+00 -2.623E+00
 -5.6332500E+03 -4.362E+00 -3.949E+00 -5.715E-01
 -5.6327500E+03 -4.280E+00 -3.758E+00 -8.087E-01
 -5.6322500E+03 -3.217E+00 -3.958E+00 -2.623E+00
 -5.6317500E+03 -3.904E+00 -3.668E+00 -1.142E+00
 -5.6312500E+03 -4.014E+00 -3.369E+00 -1.335E+00
 -5.6307500E+03 -3.482E+00 -3.591E+00 -2.808E+00
 -5.6302500E+03 -3.798E+00 -4.249E+00 -2.788E+00
 -5.6297500E+03 -3.195E+00 -3.797E+00 -2.162E+00
 -5.6292500E+03 -4.044E+00 -4.177E+00 -1.608E+00
 -5.6287500E+03 -3.731E+00 -3.790E+00 -1.820E+00
 -5.6282500E+03 -3.829E+00 -4.043E+00 -2.730E+00
 -5.6277500E+03 -3.186E+00 -3.504E+00 -2.240E+00
 -5.6272500E+03 -4.134E+00 -3.998E+00 -1.450E+00
 -5.6267500E+03 -3.968E+00 -3.918E+00 -1.819E+00
 -5.6262500E+03 -4.238E+00 -4.356E+00 -2.012E+00
 -5.6257500E+03 -3.537E+00 -3.831E+00 -2.327E+00
 -5.6252500E+03 -3.433E+00 -3.236E+00 -9.261E-01
 -5.6247500E+03 -4.098E+00 -4.392E+00 -2.900E+00
 -5.6242500E+03 -4.042E+00 -4.141E+00 -1.671E+00
 -5.6237500E+03 -3.466E+00 -3.688E+00 -2.249E+00
 -5.6232500E+03 -3.513E+00 -3.464E+00 -1.199E+00
 -5.6227500E+03 -3.173E+00 -3.085E+00 -1.540E+00
 -5.6222500E+03 -3.290E+00 -3.336E+00 -2.629E+00
 -5.6217500E+03 -3.227E+00 -3.639E+00 -2.439E+00
 -5.6212500E+03 -3.061E+00 -3.109E+00 -1.999E+00
 -5.6207500E+03 -3.575E+00 -3.742E+00 -2.222E+00
 -5.6202500E+03 -3.231E+00 -3.470E+00 -1.841E+00
 -5.6197500E+03 -2.677E+00 -2.905E+00 -2.555E+00
 -5.6192500E+03 -3.101E+00 -3.240E+00 -2.098E+00
 -5.6187500E+03 -3.225E+00 -3.735E+00 -1.862E+00
 -5.6182500E+03 -4.140E+00 -4.086E+00 -2.067E+00
 -5.6177500E+03 -3.064E+00 -3.212E+00 -2.100E+00
 -5.6172500E+03 -3.024E+00 -3.070E+00 -1.840E+00
 -5.6167500E+03 -3.640E+00 -3.813E+00 -1.994E+00
 -5.6162500E+03 -3.540E+00 -3.576E+00 -1.584E+00
 -5.6157500E+03 -2.581E+00 -2.975E+00 -2.769E+00
 -5.6152500E+03 -3.684E+00 -3.391E+00 -6.479E-01
 -5.6147500E+03 -3.286E+00 -3.443E+00 -2.139E+00
 -5.6142500E+03 -2.782E+00 -3.061E+00 -2.135E+00
 -5.6137500E+03 -3.987E+00 -3.793E+00 -1.567E+00
 -5.6132500E+03 -2.737E+00 -3.081E+00 -2.473E+00
 -5.6127500E+03 -2.785E+00 -2.817E+00 -1.665E+00
 -5.6122500E+03 -4.497E+00 -4.221E+00 -1.246E+00
 -5.6117500E+03 -4.226E+00 -4.105E+00 -1.587E+00
 -5.6112500E+03 -3.450E+00 -3.592E+00 -2.336E+00
 -5.6107500E+03 -2.982E+00 -2.979E+00 -1.681E+00
 -5.6102500E+03 -3.437E+00 -3.204E+00 -8.120E-01
 -5.6097500E+03 -2.800E+00 -3.379E+00 -2.912E+00
 -5.6092500E+03 -2.294E+00 -2.526E+00 -1.855E+00
 -5.6087500E+03 -3.398E+00 -3.643E+00 -2.214E+00
 -5.6082500E+03 -4.059E+00 -4.286E+00 -2.709E+00
 -5.6077500E+03 -3.539E+00 -3.472E+00 -1.542E+00
 -5.6072500E+03 -3.585E+00 -3.484E+00 -1.463E+00
 -5.6067500E+03 -3.704E+00 -3.794E+00 -1.732E+00
 -5.6062500E+03 -2.818E+00 -3.110E+00 -2.370E+00
 -5.6057500E+03 -3.265E+00 -3.460E+00 -1.932E+00
 -5.6052500E+03 -3.095E+00 -3.385E+00 -2.129E+00
 -5.6047500E+03 -2.811E+00 -3.242E+00 -2.143E+00
 -5.6042500E+03 -3.195E+00 -3.232E+00 -1.160E+00
 -5.6037500E+03 -3.702E+00 -3.877E+00 -2.191E+00
 -5.6032500E+03 -3.549E+00 -3.711E+00 -2.447E+00
 -5.6027500E+03 -3.516E+00 -3.488E+00 -1.754E+00
 -5.6022500E+03 -2.963E+00 -3.208E+00 -1.997E+00
 -5.6017500E+03 -3.876E+00 -3.930E+00 -2.120E+00
 -5.6012500E+03 -2.353E+00 -2.541E+00 -1.856E+00
 -5.6007500E+03 -3.033E+00 -2.858E+00 -1.206E+00
 -5.6002500E+03 -4.215E+00 -4.049E+00 -1.225E+00
 -5.5997500E+03 -3.330E+00 -3.623E+00 -1.930E+00
 -5.5992500E+03 -2.946E+00 -3.241E+00 -2.319E+00
 -5.5987500E+03 -2.819E+00 -2.920E+00 -1.376E+00
 -5.5982500E+03 -2.940E+00 -3.104E+00 -1.824E+00
 -5.5977500E+03 -2.781E+00 -2.837E+00 -1.952E+00
 -5.5972500E+03 -3.350E+00 -3.004E+00 -7.707E-01
 -5.5967500E+03 -3.786E+00 -3.723E+00 -1.444E+00
 -5.5962500E+03 -3.895E+00 -4.018E+00 -1.910E+00
 -5.5957500E+03 -3.155E+00 -2.847E+00 -1.401E+00
 -5.5952500E+03 -3.539E+00 -3.662E+00 -1.891E+00
 -5.5947500E+03 -3.033E+00 -3.041E+00 -1.319E+00
 -5.5942500E+03 -3.031E+00 -3.372E+00 -2.482E+00
 -5.5937500E+03 -2.797E+00 -2.888E+00 -1.443E+00
 -5.5932500E+03 -2.565E+00 -2.722E+00 -1.771E+00
 -5.5927500E+03 -3.078E+00 -3.155E+00 -1.492E+00
 -5.5922500E+03 -3.161E+00 -3.265E+00 -1.747E+00
 -5.5917500E+03 -2.840E+00 -2.874E+00 -1.467E+00
 -5.5912500E+03 -3.285E+00 -3.323E+00 -1.675E+00
 -5.5907500E+03 -3.100E+00 -3.068E+00 -1.232E+00
 -5.5902500E+03 -2.945E+00 -2.863E+00 -9.442E-01
 -5.5897500E+03 -3.065E+00 -3.348E+00 -1.455E+00
 -5.5892500E+03 -3.110E+00 -3.077E+00 -1.429E+00
 -5.5887500E+03 -2.460E+00 -2.624E+00 -2.096E+00
 -5.5882500E+03 -2.565E+00 -3.105E+00 -2.544E+00
 -5.5877500E+03 -3.453E+00 -3.548E+00 -1.868E+00
 -5.5872500E+03 -2.258E+00 -2.520E+00 -2.328E+00
 -5.5867500E+03 -3.507E+00 -3.308E+00  7.916E-03
 -5.5862500E+03 -3.105E+00 -2.881E+00 -4.786E-01
 -5.5857500E+03 -2.801E+00 -3.039E+00 -2.162E+00
 -5.5852500E+03 -3.293E+00 -3.269E+00 -1.959E+00
 -5.5847500E+03 -3.372E+00 -3.390E+00 -1.919E+00
 -5.5842500E+03 -3.305E+00 -3.386E+00 -1.616E+00
 -5.5837500E+03 -2.848E+00 -2.575E+00 -8.957E-01
 -5.5832500E+03 -2.893E+00 -3.250E+00 -2.359E+00
 -5.5827500E+03 -3.012E+00 -3.216E+00 -1.942E+00
 -5.5822500E+03 -3.427E+00 -3.666E+00 -1.584E+00
 -5.5817500E+03 -3.008E+00 -3.293E+00 -2.800E+00
 -5.5812500E+03 -2.567E+00 -2.810E+00 -2.416E+00
 -5.5807500E+03 -1.996E+00 -2.482E+00 -2.852E+00
 -5.5802500E+03 -2.905E+00 -3.103E+00 -1.601E+00
 -5.5797500E+03 -2.558E+00 -2.562E+00 -1.364E+00
 -5.5792500E+03 -3.168E+00 -3.110E+00 -9.467E-01
 -5.5787500E+03 -2.951E+00 -2.971E+00 -7.627E-01
 -5.5782500E+03 -3.070E+00 -3.139E+00 -1.681E+00
 -5.5777500E+03 -2.465E+00 -2.532E+00 -1.206E+00
 -5.5772500E+03 -2.205E+00 -2.377E+00 -1.528E+00
 -5.5767500E+03 -3.357E+00 -3.495E+00 -1.880E+00
 -5.5762500E+03 -3.081E+00 -2.938E+00 -1.142E+00
 -5.5757500E+03 -3.332E+00 -3.840E+00 -1.590E+00
 -5.5752500E+03 -2.668E+00 -2.969E+00 -2.030E+00
 -5.5747500E+03 -2.319E+00 -2.306E+00 -1.249E+00
 -5.5742500E+03 -2.255E+00 -2.106E+00 -5.216E-01
 -5.5737500E+03 -3.037E+00 -3.379E+00 -2.229E+00
 -5.5732500E+03 -2.840E+00 -3.285E+00 -2.666E+00
 -5.5727500E+03 -2.401E+00 -2.400E+00 -1.037E+00
 -5.5722500E+03 -2.983E+00 -3.026E+00 -1.598E+00
 -5.5717500E+03 -2.734E+00 -2.718E+00 -8.826E-01
 -5.5712500E+03 -2.422E+00 -2.484E+00 -1.209E+00
 -5.5707500E+03 -3.285E+00 -3.493E+00 -2.248E+00
 -5.5702500E+03 -2.962E+00 -3.413E+00 -2.463E+00
 -5.5697500E+03 -2.739E+00 -2.873E+00 -1.858E+00
 -5.5692500E+03 -2.758E+00 -2.566E+00 -1.735E+00
 -5.5687500E+03 -2.553E+00 -2.939E+00 -1.803E+00
 -5.5682500E+03 -2.810E+00 -2.995E+00 -1.796E+00
 -5.5677500E+03 -3.055E+00 -3.251E+00 -2.511E+00
 -5.5672500E+03 -2.596E+00 -2.979E+00 -2.014E+00
 -5.5667500E+03 -2.993E+00 -3.075E+00 -1.743E+00
 -5.5662500E+03 -2.753E+00 -2.877E+00 -1.777E+00
 -5.5657500E+03 -2.961E+00 -3.208E+00 -1.759E+00
 -5.5652500E+03 -2.128E+00 -2.185E+00 -1.029E+00
 -5.5647500E+03 -2.168E+00 -2.177E+00 -1.034E+00
 -5.5642500E+03 -3.174E+00 -3.557E+00 -2.520E+00
 -5.5637500E+03 -2.930E+00 -2.985E+00 -1.197E+00
 -5.5632500E+03 -2.676E+00 -2.462E+00 -8.591E-01
 -5.5627500E+03 -2.825E+00 -2.900E+00 -1.554E+00
 -5.5622500E+03 -2.693E+00 -2.762E+00 -1.676E+00
 -5.5617500E+03 -3.414E+00 -3.444E+00 -1.732E+00
 -5.5612500E+03 -2.345E+00 -2.403E+00 -1.473E+00
 -5.5607500E+03 -2.456E+00 -2.752E+00 -1.835E+00
 -5.5602500E+03 -2.794E+00 -2.514E+00 -5.715E-01
 -5.5597500E+03 -2.098E+00 -2.080E+00 -8.747E-01
 -5.5592500E+03 -3.398E+00 -3.097E+00 -1.495E+00
 -5.5587500E+03 -3.677E+00 -3.667E+00 -1.487E+00
 -5.5582500E+03 -3.031E+00 -2.941E+00 -9.829E-01
 -5.5577500E+03 -2.557E+00 -2.954E+00 -2.239E+00
 -5.5572500E+03 -2.235E+00 -2.624E+00 -1.158E+00
 -5.5567500E+03 -2.519E+00 -2.682E+00 -2.157E+00
 -5.5562500E+03 -1.802E+00 -1.830E+00 -1.966E+00
 -5.5557500E+03 -2.048E+00 -2.206E+00 -1.338E+00
 -5.5552500E+03 -2.832E+00 -2.911E+00 -1.280E+00
 -5.5547500E+03 -2.693E+00 -2.573E+00 -8.009E-01
 -5.5542500E+03 -2.471E+00 -2.213E+00 -7.720E-01
 -5.5537500E+03 -2.866E+00 -2.837E+00 -1.465E+00
 -5.5532500E+03 -2.583E+00 -2.461E+00 -9.320E-01
 -5.5527500E+03 -2.323E+00 -2.328E+00 -1.467E+00
 -5.5522500E+03 -2.953E+00 -2.948E+00 -1.353E+00
 -5.5517500E+03 -2.719E+00 -2.732E+00 -1.441E+00
 -5.5512500E+03 -2.327E+00 -2.530E+00 -1.415E+00
 -5.5507500E+03 -2.795E+00 -3.068E+00 -1.920E+00
 -5.5502500E+03 -2.974E+00 -3.155E+00 -1.842E+00
 -5.5497500E+03 -3.011E+00 -2.781E+00 -8.504E-01
 -5.5492500E+03 -3.044E+00 -3.039E+00 -9.690E-01
 -5.5487500E+03 -2.170E+00 -2.254E+00 -1.141E+00
 -5.5482500E+03 -1.828E+00 -2.133E+00 -1.863E+00
 -5.5477500E+03 -2.832E+00 -2.619E+00 -7.183E-01
 -5.5472500E+03 -2.308E+00 -2.626E+00 -2.280E+00
 -5.5467500E+03 -2.949E+00 -2.764E+00 -8.996E-01
 -5.5462500E+03 -2.860E+00 -2.780E+00 -8.980E-01
 -5.5457500E+03 -2.110E+00 -2.218E+00 -1.165E+00
 -5.5452500E+03 -2.232E+00 -2.291E+00 -9.167E-01
 -5.5447500E+03 -2.513E+00 -2.660E+00 -1.663E+00
 -5.5442500E+03 -2.745E+00 -2.773E+00 -1.432E+00
 -5.5437500E+03 -2.251E+00 -2.600E+00 -2.352E+00
 -5.5432500E+03 -2.780E+00 -3.050E+00 -2.456E+00
 -5.5427500E+03 -1.938E+00 -2.287E+00 -1.925E+00
 -5.5422500E+03 -2.782E+00 -2.881E+00 -1.478E+00
 -5.5417500E+03 -2.152E+00 -2.443E+00 -2.229E+00
 -5.5412500E+03 -2.185E+00 -1.837E+00 -7.517E-01
 -5.5407500E+03 -2.367E+00 -2.275E+00 -6.171E-01
 -5.5402500E+03 -3.098E+00 -2.916E+00 -1.067E+00
 -5.5397500E+03 -2.551E+00 -2.596E+00 -1.184E+00
 -5.5392500E+03 -2.099E+00 -2.312E+00 -1.361E+00
 -5.5387500E+03 -2.683E+00 -2.840E+00 -1.307E+00
 -5.5382500E+03 -2.553E+00 -2.692E+00 -1.645E+00
 -5.5377500E+03 -2.341E+00 -2.488E+00 -1.581E+00
 -5.5372500E+03 -1.885E+00 -1.955E+00 -1.089E+00
 -5.5367500E+03 -2.302E+00 -2.555E+00 -1.555E+00
 -5.5362500E+03 -2.651E+00 -2.571E+00 -7.760E-01
 -5.5357500E+03 -2.955E+00 -3.139E+00 -1.666E+00
 -5.5352500E+03 -1.896E+00 -1.896E+00 -1.808E+00
 -5.5347500E+03 -2.570E+00 -2.574E+00 -1.055E+00
 -5.5342500E+03 -2.690E+00 -2.682E+00 -1.482E+00
 -5.5337500E+03 -1.877E+00 -2.138E+00 -1.657E+00
 -5.5332500E+03 -2.285E+00 -2.127E+00 -8.164E-01
 -5.5327500E+03 -2.935E+00 -2.782E+00 -9.344E-01
 -5.5322500E+03 -2.584E+00 -2.668E+00 -1.806E+00
 -5.5317500E+03 -2.376E+00 -2.499E+00 -8.984E-01
 -5.5312500E+03 -1.269E+00 -2.611E+00 -2.384E+00
 -5.5307500E+03 -2.353E+00 -2.979E+00 -1.471E+00
 -5.5302500E+03 -3.271E+00 -2.920E+00 -1.171E+00
 -5.5297500E+03 -2.166E+00 -1.844E+00 -4.423E-01
 -5.5292500E+03 -2.718E+00 -2.763E+00 -1.418E+00
 -5.5287500E+03 -1.956E+00 -2.101E+00 -1.239E+00
 -5.5282500E+03 -1.960E+00 -2.213E+00 -1.742E+00
 -5.5277500E+03 -2.282E+00 -2.323E+00 -1.430E+00
 -5.5272500E+03 -2.167E+00 -2.508E+00 -2.522E+00
 -5.5267500E+03 -1.986E+00 -2.121E+00 -1.212E+00
 -5.5262500E+03 -2.250E+00 -2.272E+00 -1.235E+00
 -5.5257500E+03 -2.051E+00 -2.047E+00 -1.151E+00
 -5.5252500E+03 -2.461E+00 -2.532E+00 -1.098E+00
 -5.5247500E+03 -1.952E+00 -1.869E+00 -7.205E-01
 -5.5242500E+03 -2.380E+00 -2.460E+00 -1.438E+00
 -5.5237500E+03 -2.157E+00 -2.288E+00 -1.761E+00
 -5.5232500E+03 -2.204E+00 -2.454E+00 -1.688E+00
 -5.5227500E+03 -1.895E+00 -1.861E+00 -2.270E-01
 -5.5222500E+03 -2.770E+00 -2.498E+00 -5.450E-01
 -5.5217500E+03 -2.467E+00 -2.384E+00 -9.471E-01
 -5.5212500E+03 -1.806E+00 -2.558E+00 -2.743E+00
 -5.5207500E+03 -2.031E+00 -2.164E+00 -1.044E+00
 -5.5202500E+03 -1.840E+00 -1.806E+00 -8.856E-01
 -5.5197500E+03 -2.438E+00 -2.266E+00 -1.049E+00
 -5.5192500E+03 -2.763E+00 -2.755E+00 -1.336E+00
 -5.5187500E+03 -2.922E+00 -2.809E+00 -9.112E-01
 -5.5182500E+03 -2.561E+00 -2.567E+00 -1.247E+00
 -5.5177500E+03 -2.404E+00 -2.636E+00 -2.128E+00
 -5.5172500E+03 -2.500E+00 -2.703E+00 -1.472E+00
 -5.5167500E+03 -2.125E+00 -1.869E+00 -7.554E-01
 -5.5162500E+03 -1.863E+00 -1.641E+00 -1.696E+00
 -5.5157500E+03 -2.304E+00 -2.387E+00 -1.089E+00
 -5.5152500E+03 -2.603E+00 -2.592E+00 -4.986E-01
 -5.5147500E+03 -1.917E+00 -2.091E+00 -1.176E+00
 -5.5142500E+03 -2.022E+00 -2.040E+00 -1.074E+00
 -5.5137500E+03 -2.417E+00 -2.208E+00 -1.004E+00
 -5.5132500E+03 -2.493E+00 -2.579E+00 -1.072E+00
 -5.5127500E+03 -2.714E+00 -3.015E+00 -1.630E+00
 -5.5122500E+03 -2.268E+00 -2.496E+00 -1.313E+00
 -5.5117500E+03 -2.527E+00 -2.678E+00 -1.111E+00
 -5.5112500E+03 -1.777E+00 -1.902E+00 -1.264E+00
 -5.5107500E+03 -2.183E+00 -2.544E+00 -2.061E+00
 -5.5102500E+03 -2.437E+00 -2.628E+00 -1.180E+00
 -5.5097500E+03 -2.095E+00 -1.935E+00 -4.073E-01
 -5.5092500E+03 -2.078E+00 -2.203E+00 -1.585E+00
 -5.5087500E+03 -1.743E+00 -1.738E+00 -1.207E+00
 -5.5082500E+03 -2.239E+00 -2.027E+00 -4.717E-01
 -5.5077500E+03 -2.764E+00 -2.711E+00 -6.726E-01
 -5.5072500E+03 -2.053E+00 -2.100E+00 -1.291E+00
 -5.5067500E+03 -2.414E+00 -2.335E+00 -9.584E-01
 -5.5062500E+03 -2.605E+00 -3.005E+00 -2.422E+00
 -5.5057500E+03 -2.700E+00 -2.772E+00 -1.395E+00
 -5.5052500E+03 -2.106E+00 -2.183E+00 -8.893E-01
 -5.5047500E+03 -2.108E+00 -1.881E+00 -1.108E+00
 -5.5042500E+03 -2.701E+00 -2.192E+00 -5.582E-01
 -5.5037500E+03 -1.565E+00 -2.125E+00 -1.367E+00
 -5.5032500E+03 -1.601E+00 -1.990E+00 -1.588E+00
 -5.5027500E+03 -1.726E+00 -1.889E+00 -1.502E+00
 -5.5022500E+03 -1.621E+00 -1.669E+00 -9.723E-01
 -5.5017500E+03 -2.373E+00 -2.720E+00 -9.074E-01
 -5.5012500E+03 -1.784E+00 -2.024E+00 -1.868E+00
 -5.5007500E+03 -2.248E+00 -1.946E+00 -3.524E-01
 -5.5002500E+03 -1.851E+00 -1.728E+00 -1.060E+00
 -5.4997500E+03 -2.038E+00 -2.038E+00 -7.418E-01
 -5.4992500E+03 -2.291E+00 -2.235E+00 -5.804E-01
 -5.4987500E+03 -2.337E+00 -2.648E+00 -2.144E+00
 -5.4982500E+03 -1.828E+00 -2.122E+00 -1.275E+00
 -5.4977500E+03 -2.065E+00 -2.148E+00 -7.889E-01
 -5.4972500E+03 -1.443E+00 -1.519E+00 -1.263E+00
 -5.4967500E+03 -2.102E+00 -1.849E+00 -2.131E-01
 -5.4962500E+03 -2.889E+00 -2.884E+00 -5.788E-01
 -5.4957500E+03 -2.075E+00 -2.495E+00 -1.075E+00
 -5.4952500E+03 -1.710E+00 -1.789E+00 -1.021E+00
 -5.4947500E+03 -2.146E+00 -2.152E+00 -8.476E-01
 -5.4942500E+03 -1.796E+00 -2.054E+00 -1.671E+00
 -5.4937500E+03 -2.408E+00 -2.317E+00 -1.284E+00
 -5.4932500E+03 -2.402E+00 -2.276E+00 -7.739E-01
 -5.4927500E+03 -1.696E+00 -1.834E+00 -1.587E+00
 -5.4922500E+03 -2.065E+00 -2.318E+00 -1.626E+00
 -5.4917500E+03 -1.931E+00 -2.069E+00 -1.445E+00
 -5.4912500E+03 -1.283E+00 -1.616E+00 -1.776E+00
 -5.4907500E+03 -1.962E+00 -2.010E+00 -9.693E-01
 -5.4902500E+03 -2.026E+00 -1.955E+00 -6.238E-01
 -5.4897500E+03 -2.301E+00 -2.137E+00 -7.648E-01
 -5.4892500E+03 -2.154E+00 -2.307E+00 -1.331E+00
 -5.4887500E+03 -1.765E+00 -1.751E+00 -9.561E-01
 -5.4882500E+03 -2.028E+00 -2.001E+00 -6.741E-01
 -5.4877500E+03 -2.109E+00 -2.180E+00 -1.144E+00
 -5.4872500E+03 -2.151E+00 -2.382E+00 -2.042E+00
 -5.4867500E+03 -2.186E+00 -2.279E+00 -1.192E+00
 -5.4862500E+03 -2.233E+00 -2.431E+00 -1.332E+00
 -5.4857500E+03 -2.270E+00 -2.039E+00 -3.726E-01
 -5.4852500E+03 -1.953E+00 -2.059E+00 -1.301E+00
 -5.4847500E+03 -1.925E+00 -2.008E+00 -1.154E+00
 -5.4842500E+03 -2.655E+00 -2.886E+00 -1.770E+00
 -5.4837500E+03 -1.789E+00 -1.872E+00 -1.236E+00
 -5.4832500E+03 -1.573E+00 -1.616E+00 -9.323E-01
 -5.4827500E+03 -1.389E+00 -1.319E+00 -5.447E-01
 -5.4822500E+03 -2.355E+00 -2.321E+00 -4.637E-01
 -5.4817500E+03 -2.409E+00 -2.332E+00 -1.001E+00
 -5.4812500E+03 -1.854E+00 -1.654E+00 -4.634E-01
 -5.4807500E+03 -1.348E+00 -1.468E+00 -9.761E-01
 -5.4802500E+03 -1.784E+00 -1.791E+00 -9.820E-01
 -5.4797500E+03 -2.030E+00 -2.202E+00 -1.091E+00
 -5.4792500E+03 -2.081E+00 -2.258E+00 -1.312E+00
 -5.4787500E+03 -1.692E+00 -1.823E+00 -1.091E+00
 -5.4782500E+03 -1.826E+00 -2.085E+00 -1.569E+00
 -5.4777500E+03 -1.698E+00 -1.856E+00 -1.120E+00
 -5.4772500E+03 -2.148E+00 -2.099E+00 -9.164E-01
 -5.4767500E+03 -1.433E+00 -1.927E+00 -1.986E+00
 -5.4762500E+03 -1.610E+00 -1.513E+00 -7.471E-01
 -5.4757500E+03 -2.182E+00 -2.213E+00 -1.146E+00
 -5.4752500E+03 -2.104E+00 -2.400E+00 -1.724E+00
 -5.4747500E+03 -1.485E+00 -1.242E+00 -9.634E-01
 -5.4742500E+03 -1.887E+00 -1.778E+00 -5.124E-01
 -5.4737500E+03 -1.726E+00 -1.848E+00 -1.626E+00
 -5.4732500E+03 -2.555E+00 -2.719E+00 -1.040E+00
 -5.4727500E+03 -2.529E+00 -2.503E+00 -8.006E-01
 -5.4722500E+03 -1.729E+00 -1.866E+00 -8.739E-01
 -5.4717500E+03 -1.694E+00 -1.617E+00 -3.602E-01
 -5.4712500E+03 -1.592E+00 -1.640E+00 -1.109E+00
 -5.4707500E+03 -1.811E+00 -1.649E+00 -4.842E-01
 -5.4702500E+03 -1.697E+00 -1.822E+00 -1.109E+00
 -5.4697500E+03 -2.013E+00 -2.135E+00 -1.638E+00
 -5.4692500E+03 -1.738E+00 -1.835E+00 -1.232E+00
 -5.4687500E+03 -2.350E+00 -2.199E+00 -7.621E-01
 -5.4682500E+03 -1.719E+00 -1.599E+00 -3.243E-01
 -5.4677500E+03 -1.542E+00 -1.676E+00 -1.564E+00
 -5.4672500E+03 -2.131E+00 -2.121E+00 -6.351E-01
 -5.4667500E+03 -1.680E+00 -1.826E+00 -8.849E-01
 -5.4662500E+03 -1.521E+00 -1.793E+00 -9.496E-01
 -5.4657500E+03 -1.568E+00 -1.762E+00 -1.424E+00
 -5.4652500E+03 -8.519E-01 -9.647E-01 -9.179E-01
 -5.4647500E+03 -1.622E+00 -1.502E+00 -1.035E+00
 -5.4642500E+03 -1.906E+00 -2.039E+00 -1.192E+00
 -5.4637500E+03 -2.416E+00 -2.559E+00 -1.482E+00
 -5.4632500E+03 -2.270E+00 -2.279E+00 -1.016E+00
 -5.4627500E+03 -1.556E+00 -1.375E+00 -9.755E-02
 -5.4622500E+03 -1.810E+00 -1.918E+00 -7.489E-01
 -5.4617500E+03 -1.818E+00 -2.081E+00 -1.075E+00
 -5.4612500E+03 -1.798E+00 -2.004E+00 -1.085E+00
 -5.4607500E+03 -2.092E+00 -2.235E+00 -8.505E-01
 -5.4602500E+03 -1.546E+00 -1.658E+00 -1.375E+00
 -5.4597500E+03 -1.476E+00 -1.090E+00 -9.563E-01
 -5.4592500E+03 -2.257E+00 -1.830E+00 -7.843E-01
 -5.4587500E+03 -1.876E+00 -1.886E+00 -1.298E+00
 -5.4582500E+03 -1.751E+00 -1.969E+00 -1.503E+00
 -5.4577500E+03 -1.462E+00 -1.530E+00 -1.009E+00
 -5.4572500E+03 -1.718E+00 -1.865E+00 -1.207E+00
 -5.4567500E+03 -1.889E+00 -1.944E+00 -1.075E+00
 -5.4562500E+03 -1.976E+00 -2.080E+00 -1.253E+00
 -5.4557500E+03 -1.474E+00 -1.301E+00 -9.407E-01
 -5.4552500E+03 -2.074E+00 -1.896E+00 -1.019E+00
 -5.4547500E+03 -1.380E+00 -1.219E+00  6.216E-02
 -5.4542500E+03 -1.460E+00 -1.583E+00 -1.012E+00
 -5.4537500E+03 -2.153E+00 -2.228E+00 -1.561E+00
 -5.4532500E+03 -2.030E+00 -2.379E+00 -1.217E+00
 -5.4527500E+03 -1.886E+00 -1.834E+00 -7.202E-01
 -5.4522500E+03 -1.759E+00 -2.161E+00 -1.134E+00
 -5.4517500E+03 -1.821E+00 -1.640E+00 -8.514E-01
 -5.4512500E+03 -2.751E+00 -2.748E+00 -1.322E+00
 -5.4507500E+03 -1.869E+00 -1.665E+00 -5.315E-01
 -5.4502500E+03 -1.558E+00 -1.500E+00 -5.996E-01
 -5.4497500E+03 -1.933E+00 -2.042E+00 -6.757E-01
 -5.4492500E+03 -1.908E+00 -2.174E+00 -1.188E+00
 -5.4487500E+03 -1.740E+00 -1.944E+00 -8.781E-01
 -5.4482500E+03 -1.579E+00 -1.635E+00 -6.028E-01
 -5.4477500E+03 -1.775E+00 -1.699E+00 -5.011E-01
 -5.4472500E+03 -1.935E+00 -1.843E+00 -4.615E-01
 -5.4467500E+03 -1.470E+00 -1.675E+00 -7.806E-01
 -5.4462500E+03 -1.097E+00 -1.524E+00 -1.832E+00
 -5.4457500E+03 -2.020E+00 -2.320E+00 -1.661E+00
 -5.4452500E+03 -1.580E+00 -1.685E+00 -1.247E+00
 -5.4447500E+03 -1.885E+00 -2.031E+00 -1.224E+00
 -5.4442500E+03 -1.644E+00 -1.705E+00 -5.457E-01
 -5.4437500E+03 -8.926E-01 -8.354E-01 -1.005E+00
 -5.4432500E+03 -1.544E+00 -1.425E+00 -9.287E-01
 -5.4427500E+03 -1.828E+00 -1.790E+00 -8.576E-01
 -5.4422500E+03 -1.147E+00 -1.279E+00 -1.311E+00
 -5.4417500E+03 -1.198E+00 -1.541E+00 -1.011E+00
 -5.4412500E+03 -1.759E+00 -1.786E+00 -6.301E-01
 -5.4407500E+03 -1.459E+00 -1.635E+00 -9.526E-01
 -5.4402500E+03 -1.725E+00 -1.727E+00 -6.447E-01
 -5.4397500E+03 -1.563E+00 -1.877E+00 -1.441E+00
 -5.4392500E+03 -1.673E+00 -1.766E+00 -9.031E-01
 -5.4387500E+03 -1.684E+00 -1.262E+00 -2.217E-01
 -5.4382500E+03 -1.446E+00 -1.647E+00 -1.301E+00
 -5.4377500E+03 -1.840E+00 -1.862E+00 -7.473E-01
 -5.4372500E+03 -1.401E+00 -1.358E+00 -7.949E-01
 -5.4367500E+03 -1.320E+00 -1.578E+00 -1.437E+00
 -5.4362500E+03 -1.929E+00 -1.937E+00 -6.806E-01
 -5.4357500E+03 -1.582E+00 -1.683E+00 -8.262E-01
 -5.4352500E+03 -1.634E+00 -1.582E+00 -6.717E-01
 -5.4347500E+03 -1.792E+00 -1.815E+00 -1.317E+00
 -5.4342500E+03 -1.617E+00 -1.654E+00 -1.268E+00
 -5.4337500E+03 -1.287E+00 -1.432E+00 -8.421E-01
 -5.4332500E+03 -1.950E+00 -2.030E+00 -1.028E+00
 -5.4327500E+03 -1.674E+00 -1.683E+00 -1.173E+00
 -5.4322500E+03 -1.089E+00 -9.855E-01 -7.471E-01
 -5.4317500E+03 -1.616E+00 -1.593E+00 -7.621E-01
 -5.4312500E+03 -1.806E+00 -1.768E+00 -3.783E-01
 -5.4307500E+03 -1.656E+00 -1.625E+00 -4.727E-01
 -5.4302500E+03 -1.583E+00 -1.596E+00 -7.160E-01
 -5.4297500E+03 -1.908E+00 -1.942E+00 -2.934E-01
 -5.4292500E+03 -1.640E+00 -1.720E+00 -1.252E+00
 -5.4287500E+03 -1.717E+00 -1.962E+00 -1.682E+00
 -5.4282500E+03 -1.912E+00 -1.817E+00 -7.999E-01
 -5.4277500E+03 -1.668E+00 -1.605E+00 -9.787E-01
 -5.4272500E+03 -1.390E+00 -1.494E+00 -6.631E-01
 -5.4267500E+03 -1.169E+00 -1.290E+00 -9.019E-01
 -5.4262500E+03 -1.573E+00 -1.853E+00 -1.272E+00
 -5.4257500E+03 -1.459E+00 -1.571E+00 -1.197E+00
 -5.4252500E+03 -1.258E+00 -1.477E+00 -1.356E+00
 -5.4247500E+03 -1.263E+00 -1.146E+00 -1.629E-01
 -5.4242500E+03 -1.591E+00 -1.620E+00 -6.290E-01
 -5.4237500E+03 -1.570E+00 -1.728E+00 -1.465E+00
 -5.4232500E+03 -1.379E+00 -1.309E+00 -6.900E-01
 -5.4227500E+03 -1.253E+00 -1.445E+00 -1.366E+00
 -5.4222500E+03 -1.317E+00 -1.664E+00 -1.550E+00
 -5.4217500E+03 -1.454E+00 -1.467E+00 -9.377E-01
 -5.4212500E+03 -1.717E+00 -1.416E+00  6.690E-01
 -5.4207500E+03 -1.682E+00 -1.832E+00 -1.394E+00
 -5.4202500E+03 -1.498E+00 -1.525E+00 -7.759E-01
 -5.4197500E+03 -1.875E+00 -2.190E+00 -1.125E+00
 -5.4192500E+03 -1.699E+00 -1.853E+00 -7.862E-01
 -5.4187500E+03 -1.122E+00 -1.376E+00 -1.048E+00
 -5.4182500E+03 -1.156E+00 -1.338E+00 -1.419E+00
 -5.4177500E+03 -1.584E+00 -1.517E+00 -5.015E-01
 -5.4172500E+03 -1.619E+00 -1.489E+00 -6.054E-01
 -5.4167500E+03 -1.740E+00 -1.674E+00 -6.513E-01
 -5.4162500E+03 -1.688E+00 -1.780E+00 -1.208E+00
 -5.4157500E+03 -1.830E+00 -1.938E+00 -1.106E+00
 -5.4152500E+03 -1.799E+00 -1.993E+00 -1.431E+00
 -5.4147500E+03 -1.515E+00 -1.308E+00 -2.918E-01
 -5.4142500E+03 -1.749E+00 -1.725E+00 -4.770E-01
 -5.4137500E+03 -1.452E+00 -1.632E+00 -1.223E+00
 -5.4132500E+03 -1.417E+00 -1.471E+00 -8.390E-01
 -5.4127500E+03 -1.309E+00 -1.494E+00 -1.029E+00
 -5.4122500E+03 -1.203E+00 -1.361E+00 -8.371E-01
 -5.4117500E+03 -1.399E+00 -1.391E+00 -7.749E-01
 -5.4112500E+03 -1.465E+00 -1.465E+00 -5.638E-01
 -5.4107500E+03 -1.826E+00 -1.645E+00 -5.096E-01
 -5.4102500E+03 -1.445E+00 -1.561E+00 -1.554E+00
 -5.4097500E+03 -1.233E+00 -1.290E+00 -4.309E-01
 -5.4092500E+03 -1.230E+00 -1.364E+00 -9.778E-01
 -5.4087500E+03 -1.308E+00 -1.364E+00 -8.305E-01
 -5.4082500E+03 -1.887E+00 -1.928E+00 -1.005E+00
 -5.4077500E+03 -1.683E+00 -1.646E+00 -2.519E-01
 -5.4072500E+03 -1.046E+00 -1.246E+00 -1.200E+00
 -5.4067500E+03 -1.472E+00 -1.787E+00 -9.723E-01
 -5.4062500E+03 -8.493E-01 -1.149E+00 -1.301E+00
 -5.4057500E+03 -1.340E+00 -1.427E+00 -1.280E+00
 -5.4052500E+03 -1.686E+00 -1.573E+00 -6.959E-01
 -5.4047500E+03 -1.890E+00 -1.938E+00 -4.568E-01
 -5.4042500E+03 -1.068E+00 -9.507E-01 -2.334E-01
 -5.4037500E+03 -1.497E+00 -1.731E+00 -1.156E+00
 -5.4032500E+03 -1.155E+00 -1.215E+00 -8.225E-01
 -5.4027500E+03 -1.540E+00 -1.855E+00 -1.448E+00
 -5.4022500E+03 -1.483E+00 -1.510E+00 -6.790E-01
 -5.4017500E+03 -1.635E+00 -1.535E+00 -4.790E-01
 -5.4012500E+03 -1.364E+00 -1.504E+00 -1.074E+00
 -5.4007500E+03 -1.596E+00 -1.669E+00 -9.792E-01
 -5.4002500E+03 -1.493E+00 -1.536E+00 -8.110E-01
 -5.3997500E+03 -1.073E+00 -1.073E+00 -9.540E-01
 -5.3992500E+03 -1.500E+00 -1.328E+00 -8.447E-01
 -5.3987500E+03 -1.831E+00 -9.613E-01 -7.721E-01
 -5.3982500E+03 -1.461E+00 -1.389E+00 -6.554E-01
 -5.3977500E+03 -1.814E+00 -1.723E+00 -8.964E-01
 -5.3972500E+03 -1.130E+00 -1.262E+00 -9.425E-01
 -5.3967500E+03 -8.899E-01 -1.531E+00 -1.337E+00
 -5.3962500E+03 -7.537E-01 -9.890E-01 -8.035E-01
 -5.3957500E+03 -1.635E+00 -1.525E+00  4.411E-02
 -5.3952500E+03 -1.859E+00 -2.009E+00 -1.068E+00
 -5.3947500E+03 -1.474E+00 -1.427E+00 -3.595E-01
 -5.3942500E+03 -1.286E+00 -1.293E+00 -8.211E-01
