 -9.9382500E+03 -0.000E+00 -0.000E+00  0.000E+00
 -9.9377500E+03 -0.000E+00 -0.000E+00  0.000E+00
 -9.9372500E+03 -0.000E+00 -0.000E+00  0.000E+00
 -9.9367500E+03 -0.000E+00 -0.000E+00  0.000E+00
 -9.9362500E+03 -0.000E+00 -0.000E+00  0.000E+00
 -9.9357500E+03 -0.000E+00 -0.000E+00  0.000E+00
 -9.9352500E+03 -0.000E+00 -0.000E+00  0.000E+00
 -9.9347500E+03 -0.000E+00 -0.000E+00  0.000E+00
 -9.9342500E+03 -0.000E+00 -0.000E+00  0.000E+00
 -9.9337500E+03 -0.000E+00 -0.000E+00  0.000E+00
 -9.9332500E+03 -0.000E+00 -0.000E+00  0.000E+00
 -9.9327500E+03 -0.000E+00 -0.000E+00  0.000E+00
 -9.9322500E+03 -0.000E+00 -0.000E+00  0.000E+00
 -9.9317500E+03 -0.000E+00 -0.000E+00  0.000E+00
 -9.9312500E+03 -0.000E+00 -0.000E+00  0.000E+00
 -9.9307500E+03 -0.000E+00 -0.000E+00  0.000E+00
 -9.9302500E+03 -0.000E+00 -0.000E+00  0.000E+00
 -9.9297500E+03 -0.000E+00 -0.000E+00  0.000E+00
 -9.9292500E+03 -0.000E+00 -0.000E+00  0.000E+00
 -9.9287500E+03 -0.000E+00 -0.000E+00  0.000E+00
 -9.9282500E+03 -0.000E+00 -0.000E+00  0.000E+00
 -9.9277500E+03 -0.000E+00 -0.000E+00  0.000E+00
 -9.9272500E+03 -0.000E+00 -0.000E+00  0.000E+00
 -9.9267500E+03 -0.000E+00 -0.000E+00  0.000E+00
 -9.9262500E+03 -0.000E+00 -0.000E+00  0.000E+00
 -9.9257500E+03 -0.000E+00 -0.000E+00  0.000E+00
 -9.9252500E+03 -0.000E+00 -0.000E+00  0.000E+00
 -9.9247500E+03 -0.000E+00 -0.000E+00  0.000E+00
 -9.9242500E+03 -0.000E+00 -0.000E+00  0.000E+00
 -9.9237500E+03 -0.000E+00 -0.000E+00  0.000E+00
 -9.9232500E+03 -0.000E+00 -0.000E+00  0.000E+00
 -9.9227500E+03 -0.000E+00 -0.000E+00  0.000E+00
 -9.9222500E+03 -0.000E+00 -0.000E+00  0.000E+00
 -9.9217500E+03 -0.000E+00 -0.000E+00  0.000E+00
 -9.9212500E+03 -0.000E+00 -0.000E+00  0.000E+00
 -9.9207500E+03 -0.000E+00 -0.000E+00  0.000E+00
 -9.9202500E+03 -0.000E+00 -0.000E+00  0.000E+00
 -9.9197500E+03 -0.000E+00 -0.000E+00  0.000E+00
 -9.9192500E+03 -0.000E+00 -0.000E+00  0.000E+00
 -9.9187500E+03 -0.000E+00 -0.000E+00  0.000E+00
 -9.9182500E+03 -0.000E+00 -0.000E+00  0.000E+00
 -9.9177500E+03 -0.000E+00 -0.000E+00  0.000E+00
 -9.9172500E+03 -0.000E+00 -0.000E+00  0.000E+00
 -9.9167500E+03 -0.000E+00 -0.000E+00  0.000E+00
 -9.9162500E+03 -0.000E+00 -0.000E+00  0.000E+00
 -9.9157500E+03 -0.000E+00 -0.000E+00  0.000E+00
 -9.9152500E+03 -0.000E+00 -0.000E+00  0.000E+00
 -9.9147500E+03 -0.000E+00 -0.000E+00  0.000E+00
 -9.9142500E+03 -0.000E+00 -0.000E+00  0.000E+00
 -9.9137500E+03 -0.000E+00 -0.000E+00  0.000E+00
 -9.9132500E+03 -0.000E+00 -0.000E+00  0.000E+00
 -9.9127500E+03 -0.000E+00 -0.000E+00  0.000E+00
 -9.9122500E+03 -0.000E+00 -0.000E+00  0.000E+00
 -9.9117500E+03 -0.000E+00 -0.000E+00  0.000E+00
 -9.9112500E+03 -0.000E+00 -0.000E+00  0.000E+00
 -9.9107500E+03 -0.000E+00 -0.000E+00  0.000E+00
 -9.9102500E+03 -0.000E+00 -0.000E+00  0.000E+00
 -9.9097500E+03 -0.000E+00 -0.000E+00  0.000E+00
 -9.9092500E+03 -0.000E+00 -0.000E+00  0.000E+00
 -9.9087500E+03 -0.000E+00 -0.000E+00  0.000E+00
 -9.9082500E+03 -0.000E+00 -0.000E+00  0.000E+00
 -9.9077500E+03 -0.000E+00 -0.000E+00  0.000E+00
 -9.9072500E+03 -0.000E+00 -0.000E+00  0.000E+00
 -9.9067500E+03 -0.000E+00 -0.000E+00  0.000E+00
 -9.9062500E+03 -0.000E+00 -0.000E+00  0.000E+00
 -9.9057500E+03 -0.000E+00 -0.000E+00  0.000E+00
 -9.9052500E+03 -0.000E+00 -0.000E+00  0.000E+00
 -9.9047500E+03 -0.000E+00 -0.000E+00  0.000E+00
 -9.9042500E+03 -0.000E+00 -0.000E+00  0.000E+00
 -9.9037500E+03 -0.000E+00 -0.000E+00  0.000E+00
 -9.9032500E+03 -0.000E+00 -0.000E+00  0.000E+00
 -9.9027500E+03 -0.000E+00 -0.000E+00  0.000E+00
 -9.9022500E+03 -0.000E+00 -0.000E+00  0.000E+00
 -9.9017500E+03 -0.000E+00 -0.000E+00  0.000E+00
 -9.9012500E+03 -0.000E+00 -0.000E+00  0.000E+00
 -9.9007500E+03 -0.000E+00 -0.000E+00  0.000E+00
 -9.9002500E+03 -0.000E+00 -0.000E+00  0.000E+00
 -9.8997500E+03 -0.000E+00 -0.000E+00  0.000E+00
 -9.8992500E+03 -0.000E+00 -0.000E+00  0.000E+00
 -9.8987500E+03 -0.000E+00 -0.000E+00  0.000E+00
 -9.8982500E+03 -0.000E+00 -0.000E+00  0.000E+00
 -9.8977500E+03 -0.000E+00 -0.000E+00  0.000E+00
 -9.8972500E+03 -0.000E+00 -0.000E+00  0.000E+00
 -9.8967500E+03 -0.000E+00 -0.000E+00  0.000E+00
 -9.8962500E+03 -0.000E+00 -0.000E+00  0.000E+00
 -9.8957500E+03 -0.000E+00 -0.000E+00  0.000E+00
 -9.8952500E+03 -0.000E+00 -0.000E+00  0.000E+00
 -9.8947500E+03 -0.000E+00 -0.000E+00  0.000E+00
 -9.8942500E+03 -0.000E+00 -0.000E+00  0.000E+00
 -9.8937500E+03 -0.000E+00 -0.000E+00  0.000E+00
 -9.8932500E+03 -0.000E+00 -0.000E+00  0.000E+00
 -9.8927500E+03 -0.000E+00 -0.000E+00  0.000E+00
 -9.8922500E+03 -0.000E+00 -0.000E+00  0.000E+00
 -9.8917500E+03 -0.000E+00 -0.000E+00  0.000E+00
 -9.8912500E+03 -0.000E+00 -0.000E+00  0.000E+00
 -9.8907500E+03 -0.000E+00 -0.000E+00  0.000E+00
 -9.8902500E+03 -0.000E+00 -0.000E+00  0.000E+00
 -9.8897500E+03 -0.000E+00 -0.000E+00  0.000E+00
 -9.8892500E+03 -0.000E+00 -0.000E+00  0.000E+00
 -9.8887500E+03 -0.000E+00 -0.000E+00  0.000E+00
 -9.8882500E+03 -0.000E+00 -0.000E+00  0.000E+00
 -9.8877500E+03 -0.000E+00 -0.000E+00  0.000E+00
 -9.8872500E+03 -0.000E+00 -0.000E+00  0.000E+00
 -9.8867500E+03 -0.000E+00 -0.000E+00  0.000E+00
 -9.8862500E+03 -0.000E+00 -0.000E+00  0.000E+00
 -9.8857500E+03 -0.000E+00 -0.000E+00  0.000E+00
 -9.8852500E+03 -0.000E+00 -0.000E+00  0.000E+00
 -9.8847500E+03 -0.000E+00 -0.000E+00  0.000E+00
 -9.8842500E+03 -0.000E+00 -0.000E+00  0.000E+00
 -9.8837500E+03 -0.000E+00 -0.000E+00  0.000E+00
 -9.8832500E+03 -0.000E+00 -0.000E+00  0.000E+00
 -9.8827500E+03 -0.000E+00 -0.000E+00  0.000E+00
 -9.8822500E+03 -0.000E+00 -0.000E+00  0.000E+00
 -9.8817500E+03 -0.000E+00 -0.000E+00  0.000E+00
 -9.8812500E+03 -0.000E+00 -0.000E+00  0.000E+00
 -9.8807500E+03 -0.000E+00 -0.000E+00  0.000E+00
 -9.8802500E+03 -0.000E+00 -0.000E+00  0.000E+00
 -9.8797500E+03 -0.000E+00 -0.000E+00  0.000E+00
 -9.8792500E+03 -0.000E+00 -0.000E+00  0.000E+00
 -9.8787500E+03 -0.000E+00 -0.000E+00  0.000E+00
 -9.8782500E+03 -0.000E+00 -0.000E+00  0.000E+00
 -9.8777500E+03 -0.000E+00 -0.000E+00  0.000E+00
 -9.8772500E+03 -0.000E+00 -0.000E+00  0.000E+00
 -9.8767500E+03 -0.000E+00 -0.000E+00  0.000E+00
 -9.8762500E+03 -0.000E+00 -0.000E+00  0.000E+00
 -9.8757500E+03 -0.000E+00 -0.000E+00  0.000E+00
 -9.8752500E+03 -0.000E+00 -0.000E+00  0.000E+00
 -9.8747500E+03 -0.000E+00 -0.000E+00  0.000E+00
 -9.8742500E+03 -0.000E+00 -0.000E+00  0.000E+00
 -9.8737500E+03 -0.000E+00 -0.000E+00  0.000E+00
 -9.8732500E+03 -0.000E+00 -0.000E+00  0.000E+00
 -9.8727500E+03 -0.000E+00 -0.000E+00  0.000E+00
 -9.8722500E+03 -0.000E+00 -0.000E+00  0.000E+00
 -9.8717500E+03 -0.000E+00 -0.000E+00  0.000E+00
 -9.8712500E+03 -0.000E+00 -0.000E+00  0.000E+00
 -9.8707500E+03 -0.000E+00 -0.000E+00  0.000E+00
 -9.8702500E+03 -0.000E+00 -0.000E+00  0.000E+00
 -9.8697500E+03 -0.000E+00 -0.000E+00  0.000E+00
 -9.8692500E+03 -0.000E+00 -0.000E+00  0.000E+00
 -9.8687500E+03 -0.000E+00 -0.000E+00  0.000E+00
 -9.8682500E+03 -0.000E+00 -0.000E+00  0.000E+00
 -9.8677500E+03 -0.000E+00 -0.000E+00  0.000E+00
 -9.8672500E+03 -0.000E+00 -0.000E+00  0.000E+00
 -9.8667500E+03 -0.000E+00 -0.000E+00  0.000E+00
 -9.8662500E+03 -0.000E+00 -0.000E+00  0.000E+00
 -9.8657500E+03 -0.000E+00 -0.000E+00  0.000E+00
 -9.8652500E+03 -0.000E+00 -0.000E+00  0.000E+00
 -9.8647500E+03 -0.000E+00 -0.000E+00  0.000E+00
 -9.8642500E+03 -0.000E+00 -0.000E+00  0.000E+00
 -9.8637500E+03 -0.000E+00 -0.000E+00  0.000E+00
 -9.8632500E+03 -0.000E+00 -0.000E+00  0.000E+00
 -9.8627500E+03 -0.000E+00 -0.000E+00  0.000E+00
 -9.8622500E+03 -0.000E+00 -0.000E+00  0.000E+00
 -9.8617500E+03 -0.000E+00 -0.000E+00  0.000E+00
 -9.8612500E+03 -0.000E+00 -0.000E+00  0.000E+00
 -9.8607500E+03 -0.000E+00 -0.000E+00  0.000E+00
 -9.8602500E+03 -0.000E+00 -0.000E+00  0.000E+00
 -9.8597500E+03 -0.000E+00 -0.000E+00  0.000E+00
 -9.8592500E+03 -0.000E+00 -0.000E+00  0.000E+00
 -9.8587500E+03 -0.000E+00 -0.000E+00  0.000E+00
 -9.8582500E+03 -0.000E+00 -0.000E+00  0.000E+00
 -9.8577500E+03 -0.000E+00 -0.000E+00  0.000E+00
 -9.8572500E+03 -0.000E+00 -0.000E+00  0.000E+00
 -9.8567500E+03 -0.000E+00 -0.000E+00  0.000E+00
 -9.8562500E+03 -0.000E+00 -0.000E+00  0.000E+00
 -9.8557500E+03 -0.000E+00 -0.000E+00  0.000E+00
 -9.8552500E+03 -0.000E+00 -0.000E+00  0.000E+00
 -9.8547500E+03 -0.000E+00 -0.000E+00  0.000E+00
 -9.8542500E+03 -0.000E+00 -0.000E+00  0.000E+00
 -9.8537500E+03 -0.000E+00 -0.000E+00  0.000E+00
 -9.8532500E+03 -0.000E+00 -0.000E+00  0.000E+00
 -9.8527500E+03 -0.000E+00 -0.000E+00  0.000E+00
 -9.8522500E+03 -0.000E+00 -0.000E+00  0.000E+00
 -9.8517500E+03 -0.000E+00 -0.000E+00  0.000E+00
 -9.8512500E+03 -0.000E+00 -0.000E+00  0.000E+00
 -9.8507500E+03 -0.000E+00 -0.000E+00  0.000E+00
 -9.8502500E+03 -0.000E+00 -0.000E+00  0.000E+00
 -9.8497500E+03 -0.000E+00 -0.000E+00  0.000E+00
 -9.8492500E+03 -0.000E+00 -0.000E+00  0.000E+00
 -9.8487500E+03 -0.000E+00 -0.000E+00  0.000E+00
 -9.8482500E+03 -0.000E+00 -0.000E+00  0.000E+00
 -9.8477500E+03 -0.000E+00 -0.000E+00  0.000E+00
 -9.8472500E+03 -0.000E+00 -0.000E+00  0.000E+00
 -9.8467500E+03 -0.000E+00 -0.000E+00  0.000E+00
 -9.8462500E+03 -0.000E+00 -0.000E+00  0.000E+00
 -9.8457500E+03 -0.000E+00 -0.000E+00  0.000E+00
 -9.8452500E+03 -0.000E+00 -0.000E+00  0.000E+00
 -9.8447500E+03 -0.000E+00 -0.000E+00  0.000E+00
 -9.8442500E+03 -0.000E+00 -0.000E+00  0.000E+00
 -9.8437500E+03 -0.000E+00 -0.000E+00  0.000E+00
 -9.8432500E+03 -0.000E+00 -0.000E+00  0.000E+00
 -9.8427500E+03 -0.000E+00 -0.000E+00  0.000E+00
 -9.8422500E+03 -0.000E+00 -0.000E+00  0.000E+00
 -9.8417500E+03 -0.000E+00 -0.000E+00  0.000E+00
 -9.8412500E+03 -0.000E+00 -0.000E+00  0.000E+00
 -9.8407500E+03 -0.000E+00 -0.000E+00  0.000E+00
 -9.8402500E+03 -0.000E+00 -0.000E+00  0.000E+00
 -9.8397500E+03 -0.000E+00 -0.000E+00  0.000E+00
 -9.8392500E+03 -0.000E+00 -0.000E+00  0.000E+00
 -9.8387500E+03 -0.000E+00 -0.000E+00  0.000E+00
 -9.8382500E+03 -0.000E+00 -0.000E+00  0.000E+00
 -9.8377500E+03 -0.000E+00 -0.000E+00  0.000E+00
 -9.8372500E+03 -0.000E+00 -0.000E+00  0.000E+00
 -9.8367500E+03 -0.000E+00 -0.000E+00  0.000E+00
 -9.8362500E+03 -0.000E+00 -0.000E+00  0.000E+00
 -9.8357500E+03 -0.000E+00 -0.000E+00  0.000E+00
 -9.8352500E+03 -0.000E+00 -0.000E+00  0.000E+00
 -9.8347500E+03 -0.000E+00 -0.000E+00  0.000E+00
 -9.8342500E+03 -0.000E+00 -0.000E+00  0.000E+00
 -9.8337500E+03 -0.000E+00 -0.000E+00  0.000E+00
 -9.8332500E+03 -0.000E+00 -0.000E+00  0.000E+00
 -9.8327500E+03 -0.000E+00 -0.000E+00  0.000E+00
 -9.8322500E+03 -0.000E+00 -0.000E+00  0.000E+00
 -9.8317500E+03 -0.000E+00 -0.000E+00  0.000E+00
 -9.8312500E+03 -0.000E+00 -0.000E+00  0.000E+00
 -9.8307500E+03 -0.000E+00 -0.000E+00  0.000E+00
 -9.8302500E+03 -0.000E+00 -0.000E+00  0.000E+00
 -9.8297500E+03 -0.000E+00 -0.000E+00  0.000E+00
 -9.8292500E+03 -0.000E+00 -0.000E+00  0.000E+00
 -9.8287500E+03 -0.000E+00 -0.000E+00  0.000E+00
 -9.8282500E+03 -0.000E+00 -0.000E+00  0.000E+00
 -9.8277500E+03 -0.000E+00 -0.000E+00  0.000E+00
 -9.8272500E+03 -0.000E+00 -0.000E+00  0.000E+00
 -9.8267500E+03 -0.000E+00 -0.000E+00  0.000E+00
 -9.8262500E+03 -0.000E+00 -0.000E+00  0.000E+00
 -9.8257500E+03 -0.000E+00 -0.000E+00  0.000E+00
 -9.8252500E+03 -0.000E+00 -0.000E+00  0.000E+00
 -9.8247500E+03 -0.000E+00 -0.000E+00  0.000E+00
 -9.8242500E+03 -0.000E+00 -0.000E+00  0.000E+00
 -9.8237500E+03 -0.000E+00 -0.000E+00  0.000E+00
 -9.8232500E+03 -0.000E+00 -0.000E+00  0.000E+00
 -9.8227500E+03 -0.000E+00 -0.000E+00  0.000E+00
 -9.8222500E+03 -0.000E+00 -0.000E+00  0.000E+00
 -9.8217500E+03 -0.000E+00 -0.000E+00  0.000E+00
 -9.8212500E+03 -0.000E+00 -0.000E+00  0.000E+00
 -9.8207500E+03 -0.000E+00 -0.000E+00  0.000E+00
 -9.8202500E+03 -0.000E+00 -0.000E+00  0.000E+00
 -9.8197500E+03 -0.000E+00 -0.000E+00  0.000E+00
 -9.8192500E+03 -0.000E+00 -0.000E+00  0.000E+00
 -9.8187500E+03 -0.000E+00 -0.000E+00  0.000E+00
 -9.8182500E+03 -0.000E+00 -0.000E+00  0.000E+00
 -9.8177500E+03 -0.000E+00 -0.000E+00  0.000E+00
 -9.8172500E+03 -0.000E+00 -0.000E+00  0.000E+00
 -9.8167500E+03 -0.000E+00 -0.000E+00  0.000E+00
 -9.8162500E+03 -0.000E+00 -0.000E+00  0.000E+00
 -9.8157500E+03 -0.000E+00 -0.000E+00  0.000E+00
 -9.8152500E+03 -0.000E+00 -0.000E+00  0.000E+00
 -9.8147500E+03 -0.000E+00 -0.000E+00  0.000E+00
 -9.8142500E+03 -0.000E+00 -0.000E+00  0.000E+00
 -9.8137500E+03 -0.000E+00 -0.000E+00  0.000E+00
 -9.8132500E+03 -0.000E+00 -0.000E+00  0.000E+00
 -9.8127500E+03 -0.000E+00 -0.000E+00  0.000E+00
 -9.8122500E+03 -0.000E+00 -0.000E+00  0.000E+00
 -9.8117500E+03 -0.000E+00 -0.000E+00  0.000E+00
 -9.8112500E+03 -0.000E+00 -0.000E+00  0.000E+00
 -9.8107500E+03 -0.000E+00 -0.000E+00  0.000E+00
 -9.8102500E+03 -0.000E+00 -0.000E+00  0.000E+00
 -9.8097500E+03 -0.000E+00 -0.000E+00  0.000E+00
 -9.8092500E+03 -0.000E+00 -0.000E+00  0.000E+00
 -9.8087500E+03 -0.000E+00 -0.000E+00  0.000E+00
 -9.8082500E+03 -0.000E+00 -0.000E+00  0.000E+00
 -9.8077500E+03 -0.000E+00 -0.000E+00  0.000E+00
 -9.8072500E+03 -0.000E+00 -0.000E+00  0.000E+00
 -9.8067500E+03 -0.000E+00 -0.000E+00  0.000E+00
 -9.8062500E+03 -0.000E+00 -0.000E+00  0.000E+00
 -9.8057500E+03 -0.000E+00 -0.000E+00  0.000E+00
 -9.8052500E+03 -0.000E+00 -0.000E+00  0.000E+00
 -9.8047500E+03 -0.000E+00 -0.000E+00  0.000E+00
 -9.8042500E+03 -0.000E+00 -0.000E+00  0.000E+00
 -9.8037500E+03 -0.000E+00 -0.000E+00  0.000E+00
 -9.8032500E+03  3.631E-04  3.459E-04  1.928E-04
 -9.8027500E+03 -1.438E-03 -4.591E-04  3.574E-03
 -9.8022500E+03 -2.238E-04 -6.555E-04 -1.926E-03
 -9.8017500E+03  1.116E-03 -3.347E-04 -5.428E-03
 -9.8012500E+03 -2.275E-02 -2.398E-02 -2.035E-02
 -9.8007500E+03 -2.240E-02 -2.694E-02 -3.292E-02
 -9.8002500E+03  1.116E-02  5.043E-03 -2.148E-02
 -9.7997500E+03  9.006E-04  6.063E-04 -4.379E-03
 -9.7992500E+03  1.123E-02  3.045E-02  8.080E-02
 -9.7987500E+03 -2.863E-03 -5.268E-04  8.627E-03
 -9.7982500E+03 -1.257E-02 -7.482E-03  1.128E-02
 -9.7977500E+03 -3.715E-01 -3.053E-01  7.165E-02
 -9.7972500E+03  1.712E-01  3.193E-01  6.655E-01
 -9.7967500E+03  5.789E-01  3.728E-01 -5.554E-01
 -9.7962500E+03 -5.637E-01 -5.805E-02  1.737E+00
 -9.7957500E+03 -3.431E-01 -9.718E-01 -2.580E+00
 -9.7952500E+03 -4.055E-01  4.982E-03  1.433E+00
 -9.7947500E+03  1.089E+00  7.878E-01 -7.253E-01
 -9.7942500E+03  3.504E-01  3.237E-01  5.047E-02
 -9.7937500E+03 -5.973E-02 -2.893E-02  1.298E-01
 -9.7932500E+03  1.584E+00  1.516E+00  4.849E-01
 -9.7927500E+03 -7.148E-01 -4.859E-01  4.574E-01
 -9.7922500E+03  1.604E-01 -2.845E-02 -6.106E-01
 -9.7917500E+03  2.568E-01  2.278E-01  5.590E-02
 -9.7912500E+03 -5.627E-01 -6.488E-02  1.528E+00
 -9.7907500E+03 -4.797E-01 -4.363E-01 -5.478E-02
 -9.7902500E+03  2.057E-02 -9.126E-02 -4.000E-01
 -9.7897500E+03  1.723E-01 -2.852E-02 -6.813E-01
 -9.7892500E+03  2.712E-01  5.188E-01  1.132E+00
 -9.7887500E+03  1.533E-01  2.461E-01  3.167E-01
 -9.7882500E+03 -2.615E-02  9.984E-02  3.858E-01
 -9.7877500E+03 -1.229E-01 -1.112E-01  7.854E-02
 -9.7872500E+03 -2.139E-01 -1.874E-01 -5.513E-02
 -9.7867500E+03  1.850E-01  5.351E-02 -3.738E-01
 -9.7862500E+03  1.815E-01  9.980E-02 -1.147E-01
 -9.7857500E+03  5.890E-01  5.734E-01  2.192E-01
 -9.7852500E+03  4.954E-01  6.866E-01  9.713E-01
 -9.7847500E+03 -2.748E-01 -2.299E-01  1.210E-01
 -9.7842500E+03 -4.020E-01 -4.831E-01 -6.111E-01
 -9.7837500E+03  1.049E+00  6.184E-01 -9.757E-01
 -9.7832500E+03  8.030E-02  1.283E-02 -3.181E-01
 -9.7827500E+03  5.503E-01  8.262E-01  1.339E+00
 -9.7822500E+03  1.639E-01  3.550E-01  5.798E-01
 -9.7817500E+03  2.546E-02 -2.543E-01 -7.927E-01
 -9.7812500E+03  1.869E-02  6.057E-02  4.334E-01
 -9.7807500E+03  5.002E-01  4.375E-01  6.832E-02
 -9.7802500E+03  2.543E-01  2.201E-01 -5.721E-02
 -9.7797500E+03  5.889E-01  6.640E-01  4.885E-01
 -9.7792500E+03 -7.552E-01 -2.796E-01  1.206E+00
 -9.7787500E+03 -2.714E-01 -2.148E-01  2.620E-01
 -9.7782500E+03  4.847E-01  3.524E-01 -3.570E-01
 -9.7777500E+03  5.487E-01  8.297E-01  1.678E+00
 -9.7772500E+03  6.055E-01  7.560E-01  1.436E+00
 -9.7767500E+03  1.919E-01  3.691E-02 -4.333E-01
 -9.7762500E+03  3.460E-01  1.205E-01 -1.180E+00
 -9.7757500E+03  2.151E+00  1.971E+00  8.019E-01
 -9.7752500E+03  5.670E-01  7.019E-01  5.564E-01
 -9.7747500E+03  3.086E+00  2.969E+00  1.351E+00
 -9.7742500E+03  6.714E+00  6.609E+00  3.815E+00
 -9.7737500E+03  1.824E+01  1.854E+01  1.183E+01
 -9.7732500E+03  5.635E+01  5.603E+01  3.171E+01
 -9.7727500E+03  1.635E+02  1.612E+02  8.703E+01
 -9.7722500E+03  5.522E+02  5.411E+02  2.812E+02
 -9.7717500E+03  2.051E+03  1.959E+03  8.442E+02
 -9.7712500E+03  6.652E+03  6.318E+03  2.594E+03
 -9.7707500E+03  5.735E+03  5.975E+03  4.243E+03
 -9.7702500E+03  1.389E+03  1.474E+03  1.102E+03
 -9.7697500E+03  3.376E+02  3.569E+02  2.524E+02
 -9.7692500E+03  8.792E+01  1.029E+02  9.764E+01
 -9.7687500E+03 -3.226E+00  7.191E+00  3.093E+01
 -9.7682500E+03 -1.971E+01 -1.830E+01 -1.110E+01
 -9.7677500E+03 -1.808E+01 -1.762E+01 -1.363E+01
 -9.7672500E+03 -4.887E+01 -4.711E+01 -2.534E+01
 -9.7667500E+03 -6.813E+01 -6.120E+01 -1.559E+01
 -9.7662500E+03 -3.848E+01 -4.489E+01 -5.004E+01
 -9.7657500E+03 -6.470E+01 -6.328E+01 -3.438E+01
 -9.7652500E+03 -7.230E+01 -6.835E+01 -2.890E+01
 -9.7647500E+03 -5.726E+01 -5.276E+01 -1.772E+01
 -9.7642500E+03 -5.331E+01 -5.554E+01 -4.205E+01
 -9.7637500E+03 -5.882E+01 -5.980E+01 -3.943E+01
 -9.7632500E+03 -6.145E+01 -5.912E+01 -2.819E+01
 -9.7627500E+03 -6.940E+01 -6.609E+01 -2.923E+01
 -9.7622500E+03 -5.690E+01 -5.658E+01 -3.331E+01
 -9.7617500E+03 -6.348E+01 -5.863E+01 -1.960E+01
 -9.7612500E+03 -5.075E+01 -5.124E+01 -3.296E+01
 -9.7607500E+03 -6.701E+01 -6.637E+01 -3.711E+01
 -9.7602500E+03 -6.508E+01 -6.404E+01 -3.480E+01
 -9.7597500E+03 -6.340E+01 -6.200E+01 -3.245E+01
 -9.7592500E+03 -5.733E+01 -5.803E+01 -3.688E+01
 -9.7587500E+03 -6.815E+01 -6.592E+01 -3.190E+01
 -9.7582500E+03 -6.721E+01 -6.784E+01 -4.246E+01
 -9.7577500E+03 -6.370E+01 -6.049E+01 -2.570E+01
 -9.7572500E+03 -6.559E+01 -6.546E+01 -3.837E+01
 -9.7567500E+03 -6.362E+01 -6.270E+01 -3.405E+01
 -9.7562500E+03 -5.965E+01 -5.893E+01 -3.270E+01
 -9.7557500E+03 -5.606E+01 -5.822E+01 -4.201E+01
 -9.7552500E+03 -6.068E+01 -6.252E+01 -4.302E+01
 -9.7547500E+03 -5.920E+01 -6.080E+01 -4.139E+01
 -9.7542500E+03 -5.615E+01 -5.540E+01 -3.076E+01
 -9.7537500E+03 -5.719E+01 -5.452E+01 -2.370E+01
 -9.7532500E+03 -5.681E+01 -5.631E+01 -3.158E+01
 -9.7527500E+03 -5.702E+01 -5.898E+01 -4.117E+01
 -9.7522500E+03 -6.235E+01 -6.239E+01 -3.665E+01
 -9.7517500E+03 -5.894E+01 -6.043E+01 -4.074E+01
 -9.7512500E+03 -6.008E+01 -6.014E+01 -3.583E+01
 -9.7507500E+03 -5.704E+01 -5.567E+01 -2.851E+01
 -9.7502500E+03 -5.832E+01 -5.784E+01 -3.244E+01
 -9.7497500E+03 -6.164E+01 -5.881E+01 -2.558E+01
 -9.7492500E+03 -5.440E+01 -5.624E+01 -3.904E+01
 -9.7487500E+03 -5.492E+01 -5.410E+01 -2.926E+01
 -9.7482500E+03 -5.547E+01 -5.368E+01 -2.590E+01
 -9.7477500E+03 -5.364E+01 -5.413E+01 -3.348E+01
 -9.7472500E+03 -5.473E+01 -5.325E+01 -2.688E+01
 -9.7467500E+03 -5.440E+01 -5.529E+01 -3.550E+01
 -9.7462500E+03 -5.121E+01 -5.226E+01 -3.414E+01
 -9.7457500E+03 -4.822E+01 -4.916E+01 -3.188E+01
 -9.7452500E+03 -5.466E+01 -5.386E+01 -2.866E+01
 -9.7447500E+03 -5.073E+01 -4.977E+01 -2.635E+01
 -9.7442500E+03 -5.375E+01 -5.176E+01 -2.461E+01
 -9.7437500E+03 -5.511E+01 -5.318E+01 -2.491E+01
 -9.7432500E+03 -4.323E+01 -4.461E+01 -3.093E+01
 -9.7427500E+03 -5.181E+01 -5.119E+01 -2.791E+01
 -9.7422500E+03 -5.234E+01 -5.170E+01 -2.808E+01
 -9.7417500E+03 -5.358E+01 -5.212E+01 -2.581E+01
 -9.7412500E+03 -4.667E+01 -4.769E+01 -3.192E+01
 -9.7407500E+03 -4.555E+01 -4.625E+01 -2.945E+01
 -9.7402500E+03 -5.161E+01 -5.096E+01 -2.721E+01
 -9.7397500E+03 -5.163E+01 -5.184E+01 -3.094E+01
 -9.7392500E+03 -4.932E+01 -4.899E+01 -2.791E+01
 -9.7387500E+03 -4.692E+01 -4.585E+01 -2.230E+01
 -9.7382500E+03 -4.784E+01 -4.827E+01 -2.986E+01
 -9.7377500E+03 -4.905E+01 -4.999E+01 -3.216E+01
 -9.7372500E+03 -4.520E+01 -4.496E+01 -2.597E+01
 -9.7367500E+03 -4.778E+01 -4.672E+01 -2.439E+01
 -9.7362500E+03 -5.369E+01 -5.166E+01 -2.348E+01
 -9.7357500E+03 -5.058E+01 -4.902E+01 -2.411E+01
 -9.7352500E+03 -4.371E+01 -4.398E+01 -2.664E+01
 -9.7347500E+03 -4.647E+01 -4.537E+01 -2.275E+01
 -9.7342500E+03 -4.630E+01 -4.608E+01 -2.658E+01
 -9.7337500E+03 -4.148E+01 -4.255E+01 -2.835E+01
 -9.7332500E+03 -5.330E+01 -5.135E+01 -2.430E+01
 -9.7327500E+03 -4.250E+01 -4.252E+01 -2.537E+01
 -9.7322500E+03 -4.860E+01 -4.764E+01 -2.414E+01
 -9.7317500E+03 -5.063E+01 -4.920E+01 -2.402E+01
 -9.7312500E+03 -4.425E+01 -4.404E+01 -2.435E+01
 -9.7307500E+03 -4.378E+01 -4.457E+01 -2.924E+01
 -9.7302500E+03 -4.248E+01 -4.390E+01 -3.098E+01
 -9.7297500E+03 -4.683E+01 -4.595E+01 -2.390E+01
 -9.7292500E+03 -3.828E+01 -3.881E+01 -2.438E+01
 -9.7287500E+03 -4.353E+01 -4.345E+01 -2.517E+01
 -9.7282500E+03 -4.709E+01 -4.597E+01 -2.289E+01
 -9.7277500E+03 -3.839E+01 -3.944E+01 -2.637E+01
 -9.7272500E+03 -4.646E+01 -4.515E+01 -2.249E+01
 -9.7267500E+03 -4.546E+01 -4.412E+01 -2.131E+01
 -9.7262500E+03 -4.638E+01 -4.630E+01 -2.674E+01
 -9.7257500E+03 -3.998E+01 -4.266E+01 -3.303E+01
 -9.7252500E+03 -4.130E+01 -4.148E+01 -2.420E+01
 -9.7247500E+03 -4.385E+01 -4.365E+01 -2.494E+01
 -9.7242500E+03 -4.049E+01 -3.924E+01 -1.848E+01
 -9.7237500E+03 -3.943E+01 -3.862E+01 -2.014E+01
 -9.7232500E+03 -4.297E+01 -4.154E+01 -1.989E+01
 -9.7227500E+03 -3.850E+01 -3.999E+01 -2.722E+01
 -9.7222500E+03 -4.180E+01 -4.151E+01 -2.332E+01
 -9.7217500E+03 -4.212E+01 -4.216E+01 -2.453E+01
 -9.7212500E+03 -3.977E+01 -3.947E+01 -2.191E+01
 -9.7207500E+03 -4.566E+01 -4.389E+01 -2.073E+01
 -9.7202500E+03 -3.942E+01 -4.010E+01 -2.511E+01
 -9.7197500E+03 -4.058E+01 -4.030E+01 -2.222E+01
 -9.7192500E+03 -3.762E+01 -3.685E+01 -1.929E+01
 -9.7187500E+03 -3.531E+01 -3.647E+01 -2.499E+01
 -9.7182500E+03 -3.749E+01 -3.817E+01 -2.425E+01
 -9.7177500E+03 -3.862E+01 -3.815E+01 -2.037E+01
 -9.7172500E+03 -4.241E+01 -4.182E+01 -2.226E+01
 -9.7167500E+03 -3.489E+01 -3.511E+01 -2.070E+01
 -9.7162500E+03 -4.052E+01 -4.044E+01 -2.339E+01
 -9.7157500E+03 -4.014E+01 -3.946E+01 -2.036E+01
 -9.7152500E+03 -3.943E+01 -3.847E+01 -1.922E+01
 -9.7147500E+03 -3.955E+01 -3.914E+01 -2.130E+01
 -9.7142500E+03 -3.758E+01 -3.752E+01 -2.187E+01
 -9.7137500E+03 -3.253E+01 -3.273E+01 -1.938E+01
 -9.7132500E+03 -3.716E+01 -3.595E+01 -1.675E+01
 -9.7127500E+03 -3.537E+01 -3.450E+01 -1.716E+01
 -9.7122500E+03 -3.613E+01 -3.687E+01 -2.353E+01
 -9.7117500E+03 -3.633E+01 -3.718E+01 -2.407E+01
 -9.7112500E+03 -3.514E+01 -3.507E+01 -2.058E+01
 -9.7107500E+03 -3.911E+01 -3.897E+01 -2.204E+01
 -9.7102500E+03 -3.841E+01 -3.737E+01 -1.825E+01
 -9.7097500E+03 -3.781E+01 -3.610E+01 -1.595E+01
 -9.7092500E+03 -3.406E+01 -3.468E+01 -2.230E+01
 -9.7087500E+03 -3.533E+01 -3.462E+01 -1.841E+01
 -9.7082500E+03 -3.520E+01 -3.542E+01 -2.071E+01
 -9.7077500E+03 -3.703E+01 -3.594E+01 -1.723E+01
 -9.7072500E+03 -3.372E+01 -3.475E+01 -2.387E+01
 -9.7067500E+03 -3.182E+01 -3.250E+01 -2.107E+01
 -9.7062500E+03 -3.712E+01 -3.651E+01 -1.935E+01
 -9.7057500E+03 -3.597E+01 -3.578E+01 -1.971E+01
 -9.7052500E+03 -3.310E+01 -3.281E+01 -1.815E+01
 -9.7047500E+03 -3.342E+01 -3.247E+01 -1.586E+01
 -9.7042500E+03 -3.243E+01 -3.355E+01 -2.290E+01
 -9.7037500E+03 -3.453E+01 -3.383E+01 -1.715E+01
 -9.7032500E+03 -3.476E+01 -3.463E+01 -1.964E+01
 -9.7027500E+03 -3.554E+01 -3.537E+01 -1.987E+01
 -9.7022500E+03 -3.861E+01 -3.689E+01 -1.601E+01
 -9.7017500E+03 -3.104E+01 -3.138E+01 -1.898E+01
 -9.7012500E+03 -3.151E+01 -3.091E+01 -1.619E+01
 -9.7007500E+03 -3.210E+01 -3.133E+01 -1.531E+01
 -9.7002500E+03 -3.227E+01 -3.204E+01 -1.813E+01
 -9.6997500E+03 -3.483E+01 -3.457E+01 -1.957E+01
 -9.6992500E+03 -3.258E+01 -3.228E+01 -1.772E+01
 -9.6987500E+03 -3.072E+01 -3.090E+01 -1.905E+01
 -9.6982500E+03 -2.971E+01 -3.102E+01 -2.250E+01
 -9.6977500E+03 -3.485E+01 -3.375E+01 -1.639E+01
 -9.6972500E+03 -3.341E+01 -3.221E+01 -1.452E+01
 -9.6967500E+03 -3.321E+01 -3.354E+01 -2.005E+01
 -9.6962500E+03 -3.115E+01 -3.049E+01 -1.549E+01
 -9.6957500E+03 -2.992E+01 -2.931E+01 -1.504E+01
 -9.6952500E+03 -3.175E+01 -3.057E+01 -1.393E+01
 -9.6947500E+03 -3.174E+01 -3.261E+01 -2.237E+01
 -9.6942500E+03 -3.242E+01 -3.310E+01 -2.018E+01
 -9.6937500E+03 -3.286E+01 -3.183E+01 -1.491E+01
 -9.6932500E+03 -3.084E+01 -3.074E+01 -1.749E+01
 -9.6927500E+03 -2.994E+01 -3.004E+01 -1.762E+01
 -9.6922500E+03 -3.248E+01 -3.198E+01 -1.743E+01
 -9.6917500E+03 -2.811E+01 -2.834E+01 -1.735E+01
 -9.6912500E+03 -2.923E+01 -2.935E+01 -1.754E+01
 -9.6907500E+03 -3.070E+01 -3.089E+01 -1.894E+01
 -9.6902500E+03 -2.920E+01 -2.871E+01 -1.519E+01
 -9.6897500E+03 -2.966E+01 -2.974E+01 -1.723E+01
 -9.6892500E+03 -2.761E+01 -2.729E+01 -1.442E+01
 -9.6887500E+03 -2.774E+01 -2.805E+01 -1.699E+01
 -9.6882500E+03 -3.019E+01 -3.022E+01 -1.736E+01
 -9.6877500E+03 -2.853E+01 -2.842E+01 -1.633E+01
 -9.6872500E+03 -2.902E+01 -2.757E+01 -1.122E+01
 -9.6867500E+03 -2.712E+01 -2.695E+01 -1.502E+01
 -9.6862500E+03 -2.680E+01 -2.707E+01 -1.673E+01
 -9.6857500E+03 -2.978E+01 -2.999E+01 -1.790E+01
 -9.6852500E+03 -2.661E+01 -2.665E+01 -1.542E+01
 -9.6847500E+03 -2.910E+01 -2.876E+01 -1.580E+01
 -9.6842500E+03 -2.684E+01 -2.598E+01 -1.248E+01
 -9.6837500E+03 -3.004E+01 -3.094E+01 -2.078E+01
 -9.6832500E+03 -2.863E+01 -2.910E+01 -1.831E+01
 -9.6827500E+03 -2.797E+01 -2.807E+01 -1.656E+01
 -9.6822500E+03 -2.995E+01 -2.950E+01 -1.518E+01
 -9.6817500E+03 -2.816E+01 -2.717E+01 -1.200E+01
 -9.6812500E+03 -2.857E+01 -2.817E+01 -1.505E+01
 -9.6807500E+03 -2.860E+01 -2.797E+01 -1.397E+01
 -9.6802500E+03 -2.717E+01 -2.690E+01 -1.475E+01
 -9.6797500E+03 -2.921E+01 -2.821E+01 -1.285E+01
 -9.6792500E+03 -2.451E+01 -2.357E+01 -1.079E+01
 -9.6787500E+03 -2.853E+01 -2.844E+01 -1.617E+01
 -9.6782500E+03 -2.628E+01 -2.692E+01 -1.766E+01
 -9.6777500E+03 -2.523E+01 -2.437E+01 -1.164E+01
 -9.6772500E+03 -2.664E+01 -2.595E+01 -1.291E+01
 -9.6767500E+03 -2.758E+01 -2.793E+01 -1.673E+01
 -9.6762500E+03 -2.573E+01 -2.668E+01 -1.858E+01
 -9.6757500E+03 -2.490E+01 -2.480E+01 -1.428E+01
 -9.6752500E+03 -2.755E+01 -2.664E+01 -1.329E+01
 -9.6747500E+03 -2.825E+01 -2.769E+01 -1.419E+01
 -9.6742500E+03 -2.519E+01 -2.587E+01 -1.649E+01
 -9.6737500E+03 -2.567E+01 -2.590E+01 -1.606E+01
 -9.6732500E+03 -2.899E+01 -2.894E+01 -1.701E+01
 -9.6727500E+03 -2.582E+01 -2.638E+01 -1.676E+01
 -9.6722500E+03 -2.583E+01 -2.626E+01 -1.660E+01
 -9.6717500E+03 -2.626E+01 -2.565E+01 -1.366E+01
 -9.6712500E+03 -2.494E+01 -2.556E+01 -1.628E+01
 -9.6707500E+03 -2.449E+01 -2.417E+01 -1.309E+01
 -9.6702500E+03 -2.552E+01 -2.526E+01 -1.374E+01
 -9.6697500E+03 -2.629E+01 -2.464E+01 -9.381E+00
 -9.6692500E+03 -2.651E+01 -2.560E+01 -1.217E+01
 -9.6687500E+03 -2.511E+01 -2.600E+01 -1.720E+01
 -9.6682500E+03 -2.412E+01 -2.433E+01 -1.378E+01
 -9.6677500E+03 -2.445E+01 -2.505E+01 -1.647E+01
 -9.6672500E+03 -2.325E+01 -2.308E+01 -1.331E+01
 -9.6667500E+03 -2.512E+01 -2.482E+01 -1.381E+01
 -9.6662500E+03 -2.448E+01 -2.395E+01 -1.261E+01
 -9.6657500E+03 -2.461E+01 -2.436E+01 -1.337E+01
 -9.6652500E+03 -2.509E+01 -2.517E+01 -1.356E+01
 -9.6647500E+03 -2.408E+01 -2.431E+01 -1.431E+01
 -9.6642500E+03 -2.432E+01 -2.343E+01 -1.072E+01
 -9.6637500E+03 -2.297E+01 -2.343E+01 -1.503E+01
 -9.6632500E+03 -2.135E+01 -2.152E+01 -1.290E+01
 -9.6627500E+03 -2.194E+01 -2.248E+01 -1.488E+01
 -9.6622500E+03 -2.439E+01 -2.417E+01 -1.283E+01
 -9.6617500E+03 -2.377E+01 -2.348E+01 -1.272E+01
 -9.6612500E+03 -2.175E+01 -2.217E+01 -1.447E+01
 -9.6607500E+03 -2.621E+01 -2.480E+01 -1.101E+01
 -9.6602500E+03 -2.443E+01 -2.438E+01 -1.319E+01
 -9.6597500E+03 -2.295E+01 -2.317E+01 -1.403E+01
 -9.6592500E+03 -2.186E+01 -2.227E+01 -1.346E+01
 -9.6587500E+03 -2.360E+01 -2.384E+01 -1.410E+01
 -9.6582500E+03 -2.606E+01 -2.498E+01 -1.128E+01
 -9.6577500E+03 -2.543E+01 -2.491E+01 -1.327E+01
 -9.6572500E+03 -2.071E+01 -2.167E+01 -1.474E+01
 -9.6567500E+03 -2.192E+01 -2.180E+01 -1.162E+01
 -9.6562500E+03 -2.275E+01 -2.184E+01 -1.020E+01
 -9.6557500E+03 -2.081E+01 -2.089E+01 -1.295E+01
 -9.6552500E+03 -2.423E+01 -2.387E+01 -1.330E+01
 -9.6547500E+03 -2.136E+01 -2.225E+01 -1.496E+01
 -9.6542500E+03 -2.303E+01 -2.278E+01 -1.217E+01
 -9.6537500E+03 -1.880E+01 -1.910E+01 -1.245E+01
 -9.6532500E+03 -2.085E+01 -2.077E+01 -1.160E+01
 -9.6527500E+03 -2.566E+01 -2.434E+01 -9.798E+00
 -9.6522500E+03 -2.295E+01 -2.240E+01 -1.110E+01
 -9.6517500E+03 -2.094E+01 -2.105E+01 -1.157E+01
 -9.6512500E+03 -2.220E+01 -2.155E+01 -1.085E+01
 -9.6507500E+03 -2.167E+01 -2.190E+01 -1.405E+01
 -9.6502500E+03 -2.206E+01 -2.213E+01 -1.319E+01
 -9.6497500E+03 -2.320E+01 -2.358E+01 -1.442E+01
 -9.6492500E+03 -2.302E+01 -2.255E+01 -1.133E+01
 -9.6487500E+03 -2.043E+01 -2.068E+01 -1.253E+01
 -9.6482500E+03 -2.121E+01 -2.056E+01 -9.895E+00
 -9.6477500E+03 -2.314E+01 -2.166E+01 -8.759E+00
 -9.6472500E+03 -2.117E+01 -2.138E+01 -1.262E+01
 -9.6467500E+03 -2.142E+01 -2.072E+01 -9.959E+00
 -9.6462500E+03 -1.906E+01 -1.909E+01 -1.118E+01
 -9.6457500E+03 -2.060E+01 -2.056E+01 -1.179E+01
 -9.6452500E+03 -2.054E+01 -2.024E+01 -1.118E+01
 -9.6447500E+03 -2.065E+01 -2.066E+01 -1.175E+01
 -9.6442500E+03 -2.033E+01 -2.042E+01 -1.180E+01
 -9.6437500E+03 -2.217E+01 -2.241E+01 -1.365E+01
 -9.6432500E+03 -2.163E+01 -2.080E+01 -8.964E+00
 -9.6427500E+03 -1.923E+01 -1.897E+01 -1.071E+01
 -9.6422500E+03 -1.792E+01 -1.850E+01 -1.230E+01
 -9.6417500E+03 -2.078E+01 -2.044E+01 -1.115E+01
 -9.6412500E+03 -2.143E+01 -2.096E+01 -1.077E+01
 -9.6407500E+03 -2.209E+01 -2.203E+01 -1.233E+01
 -9.6402500E+03 -2.079E+01 -1.987E+01 -8.442E+00
 -9.6397500E+03 -2.033E+01 -2.007E+01 -1.070E+01
 -9.6392500E+03 -2.000E+01 -2.098E+01 -1.446E+01
 -9.6387500E+03 -1.917E+01 -1.952E+01 -1.224E+01
 -9.6382500E+03 -2.217E+01 -2.104E+01 -8.618E+00
 -9.6377500E+03 -2.093E+01 -2.144E+01 -1.433E+01
 -9.6372500E+03 -1.818E+01 -1.843E+01 -1.102E+01
 -9.6367500E+03 -1.736E+01 -1.756E+01 -1.087E+01
 -9.6362500E+03 -2.244E+01 -2.218E+01 -1.189E+01
 -9.6357500E+03 -2.029E+01 -2.065E+01 -1.362E+01
 -9.6352500E+03 -2.018E+01 -2.032E+01 -1.202E+01
 -9.6347500E+03 -1.934E+01 -1.885E+01 -8.849E+00
 -9.6342500E+03 -2.015E+01 -2.047E+01 -1.261E+01
 -9.6337500E+03 -2.108E+01 -2.071E+01 -1.087E+01
 -9.6332500E+03 -1.850E+01 -1.816E+01 -9.957E+00
 -9.6327500E+03 -1.581E+01 -1.656E+01 -1.068E+01
 -9.6322500E+03 -1.815E+01 -1.799E+01 -9.402E+00
 -9.6317500E+03 -1.907E+01 -1.895E+01 -1.104E+01
 -9.6312500E+03 -1.804E+01 -1.841E+01 -1.189E+01
 -9.6307500E+03 -1.833E+01 -1.822E+01 -1.007E+01
 -9.6302500E+03 -2.031E+01 -1.923E+01 -7.797E+00
 -9.6297500E+03 -1.783E+01 -1.769E+01 -9.514E+00
 -9.6292500E+03 -2.061E+01 -2.022E+01 -1.054E+01
 -9.6287500E+03 -1.870E+01 -1.881E+01 -1.117E+01
 -9.6282500E+03 -1.810E+01 -1.771E+01 -9.658E+00
 -9.6277500E+03 -1.830E+01 -1.829E+01 -1.077E+01
 -9.6272500E+03 -1.829E+01 -1.843E+01 -1.131E+01
 -9.6267500E+03 -1.881E+01 -1.889E+01 -1.124E+01
 -9.6262500E+03 -1.814E+01 -1.836E+01 -1.101E+01
 -9.6257500E+03 -1.705E+01 -1.781E+01 -1.211E+01
 -9.6252500E+03 -1.602E+01 -1.580E+01 -8.270E+00
 -9.6247500E+03 -1.802E+01 -1.800E+01 -1.030E+01
 -9.6242500E+03 -1.870E+01 -1.854E+01 -1.039E+01
 -9.6237500E+03 -2.011E+01 -1.993E+01 -1.090E+01
 -9.6232500E+03 -1.727E+01 -1.708E+01 -9.615E+00
 -9.6227500E+03 -1.480E+01 -1.464E+01 -8.186E+00
 -9.6222500E+03 -1.679E+01 -1.676E+01 -9.410E+00
 -9.6217500E+03 -1.695E+01 -1.735E+01 -1.080E+01
 -9.6212500E+03 -1.780E+01 -1.709E+01 -7.773E+00
 -9.6207500E+03 -1.561E+01 -1.602E+01 -1.028E+01
 -9.6202500E+03 -1.567E+01 -1.525E+01 -7.522E+00
 -9.6197500E+03 -1.565E+01 -1.541E+01 -9.325E+00
 -9.6192500E+03 -1.731E+01 -1.726E+01 -9.499E+00
 -9.6187500E+03 -1.623E+01 -1.614E+01 -8.020E+00
 -9.6182500E+03 -1.563E+01 -1.571E+01 -8.594E+00
 -9.6177500E+03 -1.774E+01 -1.766E+01 -9.675E+00
 -9.6172500E+03 -1.667E+01 -1.753E+01 -1.285E+01
 -9.6167500E+03 -1.711E+01 -1.692E+01 -8.891E+00
 -9.6162500E+03 -1.737E+01 -1.723E+01 -9.740E+00
 -9.6157500E+03 -1.840E+01 -1.792E+01 -9.274E+00
 -9.6152500E+03 -2.071E+01 -2.011E+01 -1.041E+01
 -9.6147500E+03 -1.908E+01 -1.813E+01 -8.237E+00
 -9.6142500E+03 -1.554E+01 -1.515E+01 -7.451E+00
 -9.6137500E+03 -1.469E+01 -1.510E+01 -9.673E+00
 -9.6132500E+03 -1.526E+01 -1.570E+01 -1.031E+01
 -9.6127500E+03 -1.607E+01 -1.614E+01 -1.019E+01
 -9.6122500E+03 -1.622E+01 -1.575E+01 -7.581E+00
 -9.6117500E+03 -1.565E+01 -1.557E+01 -8.992E+00
 -9.6112500E+03 -1.910E+01 -1.952E+01 -1.173E+01
 -9.6107500E+03 -1.635E+01 -1.668E+01 -9.948E+00
 -9.6102500E+03 -1.715E+01 -1.676E+01 -8.525E+00
 -9.6097500E+03 -1.699E+01 -1.713E+01 -9.761E+00
 -9.6092500E+03 -1.724E+01 -1.659E+01 -7.387E+00
 -9.6087500E+03 -1.511E+01 -1.491E+01 -8.716E+00
 -9.6082500E+03 -1.614E+01 -1.588E+01 -8.808E+00
 -9.6077500E+03 -1.674E+01 -1.602E+01 -7.170E+00
 -9.6072500E+03 -1.614E+01 -1.593E+01 -8.026E+00
 -9.6067500E+03 -1.776E+01 -1.742E+01 -9.088E+00
 -9.6062500E+03 -1.561E+01 -1.570E+01 -9.274E+00
 -9.6057500E+03 -1.614E+01 -1.616E+01 -1.011E+01
 -9.6052500E+03 -1.554E+01 -1.507E+01 -7.170E+00
 -9.6047500E+03 -1.617E+01 -1.545E+01 -5.884E+00
 -9.6042500E+03 -1.502E+01 -1.411E+01 -4.603E+00
 -9.6037500E+03 -1.491E+01 -1.459E+01 -6.757E+00
 -9.6032500E+03 -1.343E+01 -1.428E+01 -1.027E+01
 -9.6027500E+03 -1.512E+01 -1.572E+01 -1.046E+01
 -9.6022500E+03 -1.579E+01 -1.524E+01 -7.486E+00
 -9.6017500E+03 -1.610E+01 -1.568E+01 -8.219E+00
 -9.6012500E+03 -1.441E+01 -1.494E+01 -9.691E+00
 -9.6007500E+03 -1.620E+01 -1.619E+01 -9.311E+00
 -9.6002500E+03 -1.540E+01 -1.532E+01 -8.889E+00
 -9.5997500E+03 -1.501E+01 -1.512E+01 -8.305E+00
 -9.5992500E+03 -1.713E+01 -1.667E+01 -7.964E+00
 -9.5987500E+03 -1.561E+01 -1.541E+01 -7.969E+00
 -9.5982500E+03 -1.581E+01 -1.536E+01 -7.390E+00
 -9.5977500E+03 -1.346E+01 -1.371E+01 -9.615E+00
 -9.5972500E+03 -1.490E+01 -1.493E+01 -8.329E+00
 -9.5967500E+03 -1.541E+01 -1.480E+01 -6.635E+00
 -9.5962500E+03 -1.605E+01 -1.573E+01 -8.103E+00
 -9.5957500E+03 -1.425E+01 -1.445E+01 -8.791E+00
 -9.5952500E+03 -1.396E+01 -1.333E+01 -6.228E+00
 -9.5947500E+03 -1.428E+01 -1.458E+01 -9.122E+00
 -9.5942500E+03 -1.484E+01 -1.510E+01 -9.162E+00
 -9.5937500E+03 -1.522E+01 -1.498E+01 -8.238E+00
 -9.5932500E+03 -1.383E+01 -1.384E+01 -8.357E+00
 -9.5927500E+03 -1.274E+01 -1.284E+01 -7.765E+00
 -9.5922500E+03 -1.471E+01 -1.471E+01 -8.167E+00
 -9.5917500E+03 -1.444E+01 -1.389E+01 -6.223E+00
 -9.5912500E+03 -1.404E+01 -1.413E+01 -7.904E+00
 -9.5907500E+03 -1.412E+01 -1.437E+01 -8.901E+00
 -9.5902500E+03 -1.333E+01 -1.380E+01 -9.365E+00
 -9.5897500E+03 -1.534E+01 -1.518E+01 -8.109E+00
 -9.5892500E+03 -1.309E+01 -1.286E+01 -6.683E+00
 -9.5887500E+03 -1.368E+01 -1.330E+01 -6.673E+00
 -9.5882500E+03 -1.433E+01 -1.415E+01 -7.458E+00
 -9.5877500E+03 -1.540E+01 -1.466E+01 -5.794E+00
 -9.5872500E+03 -1.521E+01 -1.539E+01 -8.723E+00
 -9.5867500E+03 -1.449E+01 -1.433E+01 -7.413E+00
 -9.5862500E+03 -1.206E+01 -1.213E+01 -8.171E+00
 -9.5857500E+03 -1.132E+01 -1.196E+01 -8.443E+00
 -9.5852500E+03 -1.361E+01 -1.358E+01 -7.347E+00
 -9.5847500E+03 -1.477E+01 -1.457E+01 -7.557E+00
 -9.5842500E+03 -1.333E+01 -1.351E+01 -8.260E+00
 -9.5837500E+03 -1.429E+01 -1.387E+01 -6.943E+00
 -9.5832500E+03 -1.242E+01 -1.287E+01 -8.104E+00
 -9.5827500E+03 -1.207E+01 -1.202E+01 -7.893E+00
 -9.5822500E+03 -1.334E+01 -1.331E+01 -7.361E+00
 -9.5817500E+03 -1.337E+01 -1.262E+01 -4.944E+00
 -9.5812500E+03 -1.307E+01 -1.299E+01 -7.391E+00
 -9.5807500E+03 -1.274E+01 -1.303E+01 -7.851E+00
 -9.5802500E+03 -1.457E+01 -1.539E+01 -1.026E+01
 -9.5797500E+03 -1.420E+01 -1.422E+01 -8.571E+00
 -9.5792500E+03 -1.121E+01 -1.168E+01 -8.523E+00
 -9.5787500E+03 -1.110E+01 -1.165E+01 -8.136E+00
 -9.5782500E+03 -1.399E+01 -1.356E+01 -5.999E+00
 -9.5777500E+03 -1.405E+01 -1.353E+01 -6.283E+00
 -9.5772500E+03 -1.386E+01 -1.423E+01 -9.264E+00
 -9.5767500E+03 -1.368E+01 -1.353E+01 -7.145E+00
 -9.5762500E+03 -1.292E+01 -1.266E+01 -7.013E+00
 -9.5757500E+03 -1.282E+01 -1.253E+01 -6.618E+00
 -9.5752500E+03 -1.165E+01 -1.152E+01 -6.692E+00
 -9.5747500E+03 -1.307E+01 -1.273E+01 -6.336E+00
 -9.5742500E+03 -1.339E+01 -1.368E+01 -9.178E+00
 -9.5737500E+03 -1.154E+01 -1.163E+01 -6.993E+00
 -9.5732500E+03 -1.339E+01 -1.345E+01 -7.903E+00
 -9.5727500E+03 -1.273E+01 -1.247E+01 -6.195E+00
 -9.5722500E+03 -1.276E+01 -1.253E+01 -5.882E+00
 -9.5717500E+03 -1.405E+01 -1.390E+01 -7.579E+00
 -9.5712500E+03 -1.178E+01 -1.166E+01 -6.895E+00
 -9.5707500E+03 -1.146E+01 -1.174E+01 -7.684E+00
 -9.5702500E+03 -1.160E+01 -1.156E+01 -6.416E+00
 -9.5697500E+03 -1.292E+01 -1.268E+01 -6.798E+00
 -9.5692500E+03 -1.243E+01 -1.165E+01 -4.342E+00
 -9.5687500E+03 -1.305E+01 -1.283E+01 -6.989E+00
 -9.5682500E+03 -1.342E+01 -1.290E+01 -6.081E+00
 -9.5677500E+03 -1.280E+01 -1.266E+01 -6.687E+00
 -9.5672500E+03 -1.333E+01 -1.366E+01 -8.898E+00
 -9.5667500E+03 -1.313E+01 -1.301E+01 -7.309E+00
 -9.5662500E+03 -1.265E+01 -1.206E+01 -5.064E+00
 -9.5657500E+03 -1.117E+01 -1.126E+01 -7.145E+00
 -9.5652500E+03 -1.073E+01 -1.138E+01 -8.384E+00
 -9.5647500E+03 -1.341E+01 -1.375E+01 -8.580E+00
 -9.5642500E+03 -1.162E+01 -1.188E+01 -7.331E+00
 -9.5637500E+03 -1.163E+01 -1.156E+01 -6.242E+00
 -9.5632500E+03 -1.108E+01 -1.074E+01 -5.181E+00
 -9.5627500E+03 -1.255E+01 -1.209E+01 -5.522E+00
 -9.5622500E+03 -1.230E+01 -1.201E+01 -6.432E+00
 -9.5617500E+03 -1.151E+01 -1.175E+01 -7.754E+00
 -9.5612500E+03 -1.138E+01 -1.141E+01 -6.534E+00
 -9.5607500E+03 -1.181E+01 -1.229E+01 -8.265E+00
 -9.5602500E+03 -1.235E+01 -1.229E+01 -6.889E+00
 -9.5597500E+03 -1.407E+01 -1.342E+01 -5.770E+00
 -9.5592500E+03 -1.195E+01 -1.185E+01 -6.725E+00
 -9.5587500E+03 -1.068E+01 -1.060E+01 -6.113E+00
 -9.5582500E+03 -1.137E+01 -1.213E+01 -8.929E+00
 -9.5577500E+03 -1.036E+01 -1.123E+01 -9.253E+00
 -9.5572500E+03 -9.497E+00 -9.431E+00 -5.574E+00
 -9.5567500E+03 -1.170E+01 -1.194E+01 -7.286E+00
 -9.5562500E+03 -1.084E+01 -1.072E+01 -5.939E+00
 -9.5557500E+03 -1.224E+01 -1.206E+01 -6.022E+00
 -9.5552500E+03 -1.301E+01 -1.244E+01 -5.530E+00
 -9.5547500E+03 -1.201E+01 -1.162E+01 -4.916E+00
 -9.5542500E+03 -1.134E+01 -1.119E+01 -5.472E+00
 -9.5537500E+03 -1.184E+01 -1.146E+01 -5.452E+00
 -9.5532500E+03 -1.132E+01 -1.078E+01 -4.713E+00
 -9.5527500E+03 -1.091E+01 -1.082E+01 -6.618E+00
 -9.5522500E+03 -1.052E+01 -1.053E+01 -6.018E+00
 -9.5517500E+03 -1.238E+01 -1.181E+01 -5.561E+00
 -9.5512500E+03 -1.183E+01 -1.209E+01 -6.882E+00
 -9.5507500E+03 -9.737E+00 -1.026E+01 -7.178E+00
 -9.5502500E+03 -9.905E+00 -1.038E+01 -6.893E+00
 -9.5497500E+03 -1.019E+01 -1.039E+01 -6.024E+00
 -9.5492500E+03 -1.140E+01 -1.083E+01 -4.767E+00
 -9.5487500E+03 -1.146E+01 -1.072E+01 -3.910E+00
 -9.5482500E+03 -1.097E+01 -1.138E+01 -6.264E+00
 -9.5477500E+03 -1.063E+01 -1.104E+01 -7.199E+00
 -9.5472500E+03 -1.202E+01 -1.201E+01 -7.349E+00
 -9.5467500E+03 -1.110E+01 -1.041E+01 -4.927E+00
 -9.5462500E+03 -1.006E+01 -1.053E+01 -7.471E+00
 -9.5457500E+03 -1.083E+01 -1.061E+01 -5.684E+00
 -9.5452500E+03 -9.196E+00 -9.237E+00 -5.625E+00
 -9.5447500E+03 -1.062E+01 -1.082E+01 -6.879E+00
 -9.5442500E+03 -1.023E+01 -1.060E+01 -6.319E+00
 -9.5437500E+03 -1.107E+01 -1.067E+01 -5.749E+00
 -9.5432500E+03 -1.090E+01 -1.076E+01 -5.699E+00
 -9.5427500E+03 -9.918E+00 -9.763E+00 -5.108E+00
 -9.5422500E+03 -1.066E+01 -1.033E+01 -5.754E+00
 -9.5417500E+03 -1.251E+01 -1.243E+01 -7.005E+00
 -9.5412500E+03 -1.035E+01 -1.066E+01 -6.536E+00
 -9.5407500E+03 -1.149E+01 -1.178E+01 -7.331E+00
 -9.5402500E+03 -9.729E+00 -9.573E+00 -4.518E+00
 -9.5397500E+03 -9.740E+00 -9.312E+00 -4.117E+00
 -9.5392500E+03 -1.070E+01 -1.039E+01 -5.153E+00
 -9.5387500E+03 -8.377E+00 -9.258E+00 -8.125E+00
 -9.5382500E+03 -9.683E+00 -1.039E+01 -8.222E+00
 -9.5377500E+03 -9.908E+00 -9.741E+00 -5.310E+00
 -9.5372500E+03 -1.002E+01 -9.715E+00 -4.983E+00
 -9.5367500E+03 -1.052E+01 -1.034E+01 -4.753E+00
 -9.5362500E+03 -1.055E+01 -1.038E+01 -5.657E+00
 -9.5357500E+03 -1.016E+01 -9.711E+00 -3.682E+00
 -9.5352500E+03 -1.106E+01 -1.070E+01 -4.881E+00
 -9.5347500E+03 -9.455E+00 -9.817E+00 -6.680E+00
 -9.5342500E+03 -1.029E+01 -1.063E+01 -6.196E+00
 -9.5337500E+03 -9.905E+00 -9.311E+00 -4.730E+00
 -9.5332500E+03 -9.235E+00 -9.297E+00 -4.780E+00
 -9.5327500E+03 -1.083E+01 -1.073E+01 -5.565E+00
 -9.5322500E+03 -1.003E+01 -9.631E+00 -3.936E+00
 -9.5317500E+03 -1.080E+01 -1.022E+01 -5.023E+00
 -9.5312500E+03 -9.667E+00 -9.399E+00 -4.884E+00
 -9.5307500E+03 -9.963E+00 -1.014E+01 -6.156E+00
 -9.5302500E+03 -1.108E+01 -1.079E+01 -5.084E+00
 -9.5297500E+03 -9.025E+00 -9.627E+00 -7.674E+00
 -9.5292500E+03 -9.329E+00 -9.375E+00 -5.668E+00
 -9.5287500E+03 -1.016E+01 -1.006E+01 -5.069E+00
 -9.5282500E+03 -1.003E+01 -9.981E+00 -4.575E+00
 -9.5277500E+03 -1.073E+01 -1.043E+01 -5.019E+00
 -9.5272500E+03 -9.383E+00 -9.146E+00 -4.829E+00
 -9.5267500E+03 -1.000E+01 -1.034E+01 -6.426E+00
 -9.5262500E+03 -8.949E+00 -9.139E+00 -5.942E+00
 -9.5257500E+03 -9.167E+00 -8.885E+00 -5.310E+00
 -9.5252500E+03 -9.710E+00 -9.554E+00 -5.399E+00
 -9.5247500E+03 -7.499E+00 -7.935E+00 -5.597E+00
 -9.5242500E+03 -9.834E+00 -1.009E+01 -5.452E+00
 -9.5237500E+03 -9.618E+00 -9.837E+00 -6.034E+00
 -9.5232500E+03 -1.065E+01 -1.065E+01 -5.707E+00
 -9.5227500E+03 -9.209E+00 -9.168E+00 -5.126E+00
 -9.5222500E+03 -9.151E+00 -9.003E+00 -4.313E+00
 -9.5217500E+03 -8.428E+00 -8.020E+00 -3.832E+00
 -9.5212500E+03 -8.330E+00 -8.317E+00 -4.476E+00
 -9.5207500E+03 -8.824E+00 -8.790E+00 -5.273E+00
 -9.5202500E+03 -8.909E+00 -9.085E+00 -5.288E+00
 -9.5197500E+03 -8.986E+00 -9.431E+00 -6.922E+00
 -9.5192500E+03 -1.005E+01 -9.861E+00 -4.648E+00
 -9.5187500E+03 -8.496E+00 -8.343E+00 -4.246E+00
 -9.5182500E+03 -8.493E+00 -9.100E+00 -6.783E+00
 -9.5177500E+03 -9.588E+00 -9.661E+00 -5.214E+00
 -9.5172500E+03 -9.420E+00 -9.538E+00 -5.555E+00
 -9.5167500E+03 -8.911E+00 -8.472E+00 -4.024E+00
 -9.5162500E+03 -1.001E+01 -9.709E+00 -5.840E+00
 -9.5157500E+03 -1.067E+01 -1.046E+01 -5.188E+00
 -9.5152500E+03 -9.685E+00 -9.355E+00 -4.227E+00
 -9.5147500E+03 -7.077E+00 -7.390E+00 -4.967E+00
 -9.5142500E+03 -8.039E+00 -8.738E+00 -6.667E+00
 -9.5137500E+03 -8.468E+00 -8.477E+00 -5.067E+00
 -9.5132500E+03 -8.946E+00 -8.465E+00 -3.887E+00
 -9.5127500E+03 -8.795E+00 -8.523E+00 -3.952E+00
 -9.5122500E+03 -9.676E+00 -9.532E+00 -5.310E+00
 -9.5117500E+03 -8.502E+00 -8.226E+00 -4.446E+00
 -9.5112500E+03 -7.742E+00 -7.632E+00 -4.320E+00
 -9.5107500E+03 -8.621E+00 -8.792E+00 -5.272E+00
 -9.5102500E+03 -9.566E+00 -9.677E+00 -5.821E+00
 -9.5097500E+03 -9.318E+00 -9.889E+00 -5.979E+00
 -9.5092500E+03 -9.851E+00 -9.558E+00 -4.847E+00
 -9.5087500E+03 -9.264E+00 -8.902E+00 -3.880E+00
 -9.5082500E+03 -8.853E+00 -8.421E+00 -3.195E+00
 -9.5077500E+03 -7.092E+00 -7.706E+00 -5.923E+00
 -9.5072500E+03 -8.488E+00 -8.788E+00 -6.008E+00
 -9.5067500E+03 -7.700E+00 -8.200E+00 -6.726E+00
 -9.5062500E+03 -9.239E+00 -9.251E+00 -5.410E+00
 -9.5057500E+03 -9.372E+00 -9.555E+00 -5.230E+00
 -9.5052500E+03 -7.834E+00 -7.802E+00 -4.334E+00
 -9.5047500E+03 -9.813E+00 -9.238E+00 -3.783E+00
 -9.5042500E+03 -8.534E+00 -8.624E+00 -5.411E+00
 -9.5037500E+03 -7.908E+00 -7.709E+00 -3.900E+00
 -9.5032500E+03 -7.953E+00 -8.363E+00 -5.508E+00
 -9.5027500E+03 -8.863E+00 -9.042E+00 -5.211E+00
 -9.5022500E+03 -9.122E+00 -8.854E+00 -4.029E+00
 -9.5017500E+03 -7.744E+00 -7.617E+00 -4.032E+00
 -9.5012500E+03 -8.837E+00 -8.413E+00 -3.906E+00
 -9.5007500E+03 -9.900E+00 -9.027E+00 -3.341E+00
 -9.5002500E+03 -8.638E+00 -8.729E+00 -5.076E+00
 -9.4997500E+03 -7.337E+00 -8.021E+00 -6.142E+00
 -9.4992500E+03 -7.976E+00 -8.021E+00 -4.566E+00
 -9.4987500E+03 -6.635E+00 -6.829E+00 -4.457E+00
 -9.4982500E+03 -7.654E+00 -7.649E+00 -4.281E+00
 -9.4977500E+03 -9.207E+00 -8.865E+00 -4.504E+00
 -9.4972500E+03 -6.886E+00 -7.730E+00 -5.514E+00
 -9.4967500E+03 -8.851E+00 -9.242E+00 -6.185E+00
 -9.4962500E+03 -8.401E+00 -8.450E+00 -5.350E+00
 -9.4957500E+03 -8.130E+00 -8.131E+00 -5.144E+00
 -9.4952500E+03 -7.714E+00 -7.696E+00 -4.587E+00
 -9.4947500E+03 -7.955E+00 -7.919E+00 -4.577E+00
 -9.4942500E+03 -7.252E+00 -6.894E+00 -2.712E+00
 -9.4937500E+03 -8.295E+00 -8.707E+00 -5.892E+00
 -9.4932500E+03 -7.294E+00 -7.112E+00 -3.820E+00
 -9.4927500E+03 -7.077E+00 -7.206E+00 -4.312E+00
 -9.4922500E+03 -7.586E+00 -7.145E+00 -4.095E+00
 -9.4917500E+03 -7.291E+00 -6.746E+00 -3.331E+00
 -9.4912500E+03 -7.705E+00 -8.196E+00 -5.617E+00
 -9.4907500E+03 -7.862E+00 -8.576E+00 -5.804E+00
 -9.4902500E+03 -8.483E+00 -8.212E+00 -3.651E+00
 -9.4897500E+03 -8.072E+00 -7.936E+00 -3.989E+00
 -9.4892500E+03 -8.547E+00 -8.384E+00 -4.501E+00
 -9.4887500E+03 -8.443E+00 -8.238E+00 -3.985E+00
 -9.4882500E+03 -7.994E+00 -7.981E+00 -4.829E+00
 -9.4877500E+03 -8.145E+00 -7.919E+00 -3.789E+00
 -9.4872500E+03 -7.493E+00 -7.609E+00 -4.195E+00
 -9.4867500E+03 -8.561E+00 -8.325E+00 -4.196E+00
 -9.4862500E+03 -8.178E+00 -8.138E+00 -4.559E+00
 -9.4857500E+03 -6.986E+00 -7.608E+00 -5.752E+00
 -9.4852500E+03 -6.894E+00 -6.910E+00 -3.719E+00
 -9.4847500E+03 -7.308E+00 -6.789E+00 -2.911E+00
 -9.4842500E+03 -7.574E+00 -7.921E+00 -4.822E+00
 -9.4837500E+03 -8.782E+00 -8.597E+00 -4.046E+00
 -9.4832500E+03 -7.911E+00 -6.930E+00 -3.009E+00
 -9.4827500E+03 -8.114E+00 -8.309E+00 -4.821E+00
 -9.4822500E+03 -5.888E+00 -6.885E+00 -6.508E+00
 -9.4817500E+03 -6.424E+00 -6.460E+00 -3.166E+00
 -9.4812500E+03 -8.233E+00 -8.000E+00 -4.227E+00
 -9.4807500E+03 -8.713E+00 -8.460E+00 -4.122E+00
 -9.4802500E+03 -6.335E+00 -6.738E+00 -4.594E+00
 -9.4797500E+03 -7.591E+00 -7.697E+00 -3.964E+00
 -9.4792500E+03 -7.590E+00 -7.356E+00 -3.354E+00
 -9.4787500E+03 -7.405E+00 -7.498E+00 -4.834E+00
 -9.4782500E+03 -7.960E+00 -8.211E+00 -5.944E+00
 -9.4777500E+03 -7.766E+00 -7.601E+00 -4.265E+00
 -9.4772500E+03 -6.563E+00 -6.715E+00 -4.353E+00
 -9.4767500E+03 -6.747E+00 -6.834E+00 -4.487E+00
 -9.4762500E+03 -6.597E+00 -6.325E+00 -3.092E+00
 -9.4757500E+03 -7.272E+00 -6.989E+00 -3.235E+00
 -9.4752500E+03 -7.452E+00 -7.403E+00 -3.863E+00
 -9.4747500E+03 -6.873E+00 -7.049E+00 -4.605E+00
 -9.4742500E+03 -5.760E+00 -5.943E+00 -3.924E+00
 -9.4737500E+03 -7.182E+00 -7.072E+00 -4.003E+00
 -9.4732500E+03 -6.834E+00 -6.724E+00 -3.490E+00
 -9.4727500E+03 -7.445E+00 -7.558E+00 -3.825E+00
 -9.4722500E+03 -7.388E+00 -6.986E+00 -2.705E+00
 -9.4717500E+03 -7.347E+00 -7.150E+00 -3.401E+00
 -9.4712500E+03 -5.755E+00 -5.720E+00 -3.787E+00
 -9.4707500E+03 -7.499E+00 -6.710E+00 -2.031E+00
 -9.4702500E+03 -7.108E+00 -7.101E+00 -4.434E+00
 -9.4697500E+03 -6.368E+00 -6.585E+00 -3.915E+00
 -9.4692500E+03 -6.344E+00 -6.731E+00 -4.407E+00
 -9.4687500E+03 -7.302E+00 -7.026E+00 -2.955E+00
 -9.4682500E+03 -5.975E+00 -6.748E+00 -5.387E+00
 -9.4677500E+03 -6.899E+00 -6.822E+00 -4.299E+00
 -9.4672500E+03 -6.101E+00 -6.021E+00 -4.085E+00
 -9.4667500E+03 -8.388E+00 -8.212E+00 -4.215E+00
 -9.4662500E+03 -7.345E+00 -7.224E+00 -3.957E+00
 -9.4657500E+03 -6.637E+00 -6.525E+00 -2.969E+00
 -9.4652500E+03 -6.727E+00 -6.668E+00 -4.284E+00
 -9.4647500E+03 -6.827E+00 -6.818E+00 -3.944E+00
 -9.4642500E+03 -6.755E+00 -7.572E+00 -5.365E+00
 -9.4637500E+03 -6.444E+00 -6.218E+00 -3.130E+00
 -9.4632500E+03 -6.158E+00 -6.229E+00 -4.121E+00
 -9.4627500E+03 -6.575E+00 -6.667E+00 -4.245E+00
 -9.4622500E+03 -8.180E+00 -7.444E+00 -2.075E+00
 -9.4617500E+03 -8.448E+00 -8.105E+00 -3.748E+00
 -9.4612500E+03 -7.538E+00 -7.405E+00 -3.663E+00
 -9.4607500E+03 -7.192E+00 -7.157E+00 -3.161E+00
 -9.4602500E+03 -7.855E+00 -7.321E+00 -3.006E+00
 -9.4597500E+03 -5.747E+00 -5.828E+00 -4.883E+00
 -9.4592500E+03 -6.398E+00 -6.615E+00 -3.683E+00
 -9.4587500E+03 -6.865E+00 -6.318E+00 -2.664E+00
 -9.4582500E+03 -6.906E+00 -6.964E+00 -4.023E+00
 -9.4577500E+03 -5.888E+00 -6.329E+00 -4.661E+00
 -9.4572500E+03 -5.689E+00 -6.186E+00 -4.491E+00
 -9.4567500E+03 -6.555E+00 -6.309E+00 -3.444E+00
 -9.4562500E+03 -7.748E+00 -6.859E+00 -2.624E+00
 -9.4557500E+03 -7.061E+00 -6.715E+00 -2.848E+00
 -9.4552500E+03 -6.070E+00 -5.886E+00 -2.883E+00
 -9.4547500E+03 -6.121E+00 -6.195E+00 -3.780E+00
 -9.4542500E+03 -5.908E+00 -5.933E+00 -3.670E+00
 -9.4537500E+03 -6.475E+00 -6.129E+00 -2.561E+00
 -9.4532500E+03 -5.922E+00 -6.213E+00 -4.490E+00
 -9.4527500E+03 -6.676E+00 -6.356E+00 -3.446E+00
 -9.4522500E+03 -5.839E+00 -6.073E+00 -3.439E+00
 -9.4517500E+03 -7.181E+00 -6.869E+00 -3.208E+00
 -9.4512500E+03 -6.667E+00 -6.788E+00 -4.030E+00
 -9.4507500E+03 -7.130E+00 -7.046E+00 -3.918E+00
 -9.4502500E+03 -6.765E+00 -6.918E+00 -4.402E+00
 -9.4497500E+03 -6.360E+00 -6.204E+00 -3.528E+00
 -9.4492500E+03 -6.304E+00 -5.696E+00 -2.707E+00
 -9.4487500E+03 -6.664E+00 -6.591E+00 -3.487E+00
 -9.4482500E+03 -6.237E+00 -6.672E+00 -4.636E+00
 -9.4477500E+03 -4.666E+00 -5.536E+00 -4.871E+00
 -9.4472500E+03 -7.324E+00 -7.283E+00 -3.948E+00
 -9.4467500E+03 -6.019E+00 -6.139E+00 -3.950E+00
 -9.4462500E+03 -5.427E+00 -5.272E+00 -2.499E+00
 -9.4457500E+03 -5.936E+00 -5.932E+00 -3.766E+00
 -9.4452500E+03 -4.920E+00 -5.272E+00 -3.876E+00
 -9.4447500E+03 -5.375E+00 -5.204E+00 -2.709E+00
 -9.4442500E+03 -6.834E+00 -6.363E+00 -2.688E+00
 -9.4437500E+03 -6.109E+00 -5.840E+00 -2.442E+00
 -9.4432500E+03 -5.305E+00 -5.643E+00 -3.941E+00
 -9.4427500E+03 -5.904E+00 -6.235E+00 -4.520E+00
 -9.4422500E+03 -7.094E+00 -6.861E+00 -3.626E+00
 -9.4417500E+03 -6.107E+00 -6.295E+00 -3.529E+00
 -9.4412500E+03 -5.219E+00 -5.013E+00 -2.758E+00
 -9.4407500E+03 -5.977E+00 -6.150E+00 -3.782E+00
 -9.4402500E+03 -6.505E+00 -6.402E+00 -4.119E+00
 -9.4397500E+03 -6.755E+00 -6.491E+00 -3.303E+00
 -9.4392500E+03 -7.125E+00 -6.777E+00 -2.773E+00
 -9.4387500E+03 -6.561E+00 -6.484E+00 -3.162E+00
 -9.4382500E+03 -4.523E+00 -5.415E+00 -4.453E+00
 -9.4377500E+03 -5.340E+00 -5.666E+00 -3.654E+00
 -9.4372500E+03 -5.054E+00 -5.003E+00 -2.913E+00
 -9.4367500E+03 -6.281E+00 -6.240E+00 -3.458E+00
 -9.4362500E+03 -5.538E+00 -5.405E+00 -2.861E+00
 -9.4357500E+03 -6.939E+00 -6.208E+00 -2.225E+00
 -9.4352500E+03 -5.493E+00 -5.540E+00 -3.050E+00
 -9.4347500E+03 -5.310E+00 -5.567E+00 -4.081E+00
 -9.4342500E+03 -5.107E+00 -5.059E+00 -2.917E+00
 -9.4337500E+03 -5.163E+00 -5.388E+00 -3.508E+00
 -9.4332500E+03 -6.362E+00 -5.916E+00 -1.720E+00
 -9.4327500E+03 -6.930E+00 -6.773E+00 -3.180E+00
 -9.4322500E+03 -5.232E+00 -5.761E+00 -4.288E+00
 -9.4317500E+03 -4.237E+00 -4.625E+00 -3.670E+00
 -9.4312500E+03 -5.446E+00 -5.359E+00 -2.810E+00
 -9.4307500E+03 -6.215E+00 -5.705E+00 -2.287E+00
 -9.4302500E+03 -5.697E+00 -5.666E+00 -2.848E+00
 -9.4297500E+03 -5.706E+00 -5.612E+00 -2.478E+00
 -9.4292500E+03 -6.444E+00 -5.959E+00 -2.313E+00
 -9.4287500E+03 -6.015E+00 -6.056E+00 -3.540E+00
 -9.4282500E+03 -4.889E+00 -5.155E+00 -3.500E+00
 -9.4277500E+03 -4.930E+00 -5.302E+00 -3.507E+00
 -9.4272500E+03 -5.581E+00 -5.499E+00 -3.256E+00
 -9.4267500E+03 -5.398E+00 -5.382E+00 -2.641E+00
 -9.4262500E+03 -4.993E+00 -5.124E+00 -3.277E+00
 -9.4257500E+03 -5.655E+00 -5.711E+00 -2.939E+00
 -9.4252500E+03 -5.610E+00 -5.552E+00 -2.876E+00
 -9.4247500E+03 -5.616E+00 -5.873E+00 -3.596E+00
 -9.4242500E+03 -4.869E+00 -5.464E+00 -4.766E+00
 -9.4237500E+03 -5.961E+00 -5.352E+00 -1.315E+00
 -9.4232500E+03 -4.735E+00 -4.408E+00 -2.151E+00
 -9.4227500E+03 -5.560E+00 -5.363E+00 -2.809E+00
 -9.4222500E+03 -5.614E+00 -5.493E+00 -2.878E+00
 -9.4217500E+03 -5.759E+00 -5.818E+00 -3.243E+00
 -9.4212500E+03 -6.577E+00 -6.745E+00 -4.233E+00
 -9.4207500E+03 -6.009E+00 -5.552E+00 -2.516E+00
 -9.4202500E+03 -5.620E+00 -5.334E+00 -2.635E+00
 -9.4197500E+03 -4.431E+00 -4.742E+00 -3.623E+00
 -9.4192500E+03 -5.265E+00 -4.912E+00 -2.794E+00
 -9.4187500E+03 -5.774E+00 -5.513E+00 -2.545E+00
 -9.4182500E+03 -6.321E+00 -6.051E+00 -2.583E+00
 -9.4177500E+03 -5.007E+00 -5.232E+00 -3.802E+00
 -9.4172500E+03 -4.963E+00 -4.970E+00 -3.113E+00
 -9.4167500E+03 -4.911E+00 -4.778E+00 -2.133E+00
 -9.4162500E+03 -4.505E+00 -5.071E+00 -3.944E+00
 -9.4157500E+03 -5.222E+00 -5.425E+00 -2.870E+00
 -9.4152500E+03 -5.488E+00 -5.688E+00 -3.718E+00
 -9.4147500E+03 -6.565E+00 -6.367E+00 -3.582E+00
 -9.4142500E+03 -6.040E+00 -5.877E+00 -3.582E+00
 -9.4137500E+03 -5.983E+00 -5.578E+00 -2.312E+00
 -9.4132500E+03 -4.507E+00 -4.705E+00 -3.201E+00
 -9.4127500E+03 -4.976E+00 -4.876E+00 -2.234E+00
 -9.4122500E+03 -4.821E+00 -5.421E+00 -3.662E+00
 -9.4117500E+03 -4.672E+00 -4.810E+00 -2.798E+00
 -9.4112500E+03 -5.315E+00 -5.418E+00 -3.171E+00
 -9.4107500E+03 -5.637E+00 -5.276E+00 -1.742E+00
 -9.4102500E+03 -5.040E+00 -4.919E+00 -2.959E+00
 -9.4097500E+03 -3.813E+00 -4.305E+00 -3.748E+00
 -9.4092500E+03 -4.559E+00 -4.830E+00 -3.548E+00
 -9.4087500E+03 -5.311E+00 -5.327E+00 -2.707E+00
 -9.4082500E+03 -4.067E+00 -4.208E+00 -3.299E+00
 -9.4077500E+03 -5.654E+00 -5.501E+00 -2.509E+00
 -9.4072500E+03 -4.723E+00 -4.672E+00 -2.897E+00
 -9.4067500E+03 -4.745E+00 -4.706E+00 -2.304E+00
 -9.4062500E+03 -3.996E+00 -4.030E+00 -2.611E+00
 -9.4057500E+03 -5.425E+00 -5.000E+00 -2.011E+00
 -9.4052500E+03 -4.851E+00 -4.518E+00 -2.054E+00
 -9.4047500E+03 -5.525E+00 -5.661E+00 -3.266E+00
 -9.4042500E+03 -5.513E+00 -5.996E+00 -3.858E+00
 -9.4037500E+03 -5.174E+00 -5.192E+00 -2.526E+00
 -9.4032500E+03 -5.123E+00 -5.355E+00 -3.448E+00
 -9.4027500E+03 -4.702E+00 -4.651E+00 -2.990E+00
 -9.4022500E+03 -4.629E+00 -4.517E+00 -2.874E+00
 -9.4017500E+03 -5.064E+00 -4.653E+00 -2.005E+00
 -9.4012500E+03 -4.136E+00 -4.005E+00 -3.424E+00
 -9.4007500E+03 -5.509E+00 -5.251E+00 -2.332E+00
 -9.4002500E+03 -5.514E+00 -5.585E+00 -3.170E+00
 -9.3997500E+03 -5.017E+00 -4.858E+00 -2.108E+00
 -9.3992500E+03 -5.529E+00 -5.705E+00 -3.256E+00
 -9.3987500E+03 -5.742E+00 -5.680E+00 -2.661E+00
 -9.3982500E+03 -4.784E+00 -5.138E+00 -3.714E+00
 -9.3977500E+03 -4.392E+00 -4.772E+00 -3.385E+00
 -9.3972500E+03 -4.118E+00 -3.999E+00 -2.246E+00
 -9.3967500E+03 -4.552E+00 -4.626E+00 -2.834E+00
 -9.3962500E+03 -4.743E+00 -4.648E+00 -2.712E+00
 -9.3957500E+03 -4.453E+00 -4.093E+00 -1.762E+00
 -9.3952500E+03 -3.724E+00 -3.983E+00 -3.053E+00
 -9.3947500E+03 -3.777E+00 -3.955E+00 -2.791E+00
 -9.3942500E+03 -5.121E+00 -5.257E+00 -3.024E+00
 -9.3937500E+03 -4.951E+00 -5.010E+00 -2.662E+00
 -9.3932500E+03 -4.840E+00 -4.814E+00 -2.752E+00
 -9.3927500E+03 -5.641E+00 -5.363E+00 -2.542E+00
 -9.3922500E+03 -5.146E+00 -4.743E+00 -1.385E+00
 -9.3917500E+03 -3.691E+00 -3.989E+00 -2.511E+00
 -9.3912500E+03 -3.688E+00 -3.992E+00 -2.991E+00
 -9.3907500E+03 -4.280E+00 -4.461E+00 -2.745E+00
 -9.3902500E+03 -4.533E+00 -4.729E+00 -2.826E+00
 -9.3897500E+03 -4.403E+00 -4.256E+00 -2.850E+00
 -9.3892500E+03 -4.328E+00 -4.147E+00 -2.360E+00
 -9.3887500E+03 -5.024E+00 -4.661E+00 -1.718E+00
 -9.3882500E+03 -4.521E+00 -4.455E+00 -2.433E+00
 -9.3877500E+03 -5.280E+00 -5.362E+00 -3.078E+00
 -9.3872500E+03 -4.828E+00 -4.981E+00 -3.338E+00
 -9.3867500E+03 -4.397E+00 -4.314E+00 -2.326E+00
 -9.3862500E+03 -4.551E+00 -4.293E+00 -1.415E+00
 -9.3857500E+03 -4.405E+00 -4.751E+00 -3.448E+00
 -9.3852500E+03 -5.300E+00 -5.330E+00 -2.830E+00
 -9.3847500E+03 -4.297E+00 -4.359E+00 -2.674E+00
 -9.3842500E+03 -3.715E+00 -3.907E+00 -2.832E+00
 -9.3837500E+03 -4.761E+00 -4.211E+00 -1.543E+00
 -9.3832500E+03 -4.800E+00 -5.037E+00 -3.274E+00
 -9.3827500E+03 -5.204E+00 -5.063E+00 -2.740E+00
 -9.3822500E+03 -4.168E+00 -4.195E+00 -2.417E+00
 -9.3817500E+03 -4.272E+00 -4.430E+00 -3.119E+00
 -9.3812500E+03 -4.511E+00 -4.585E+00 -3.162E+00
 -9.3807500E+03 -4.636E+00 -4.456E+00 -2.023E+00
 -9.3802500E+03 -4.899E+00 -4.677E+00 -1.933E+00
 -9.3797500E+03 -4.117E+00 -4.126E+00 -2.578E+00
 -9.3792500E+03 -4.172E+00 -4.577E+00 -2.909E+00
 -9.3787500E+03 -4.086E+00 -4.340E+00 -3.072E+00
 -9.3782500E+03 -4.111E+00 -3.628E+00 -2.086E+00
 -9.3777500E+03 -4.287E+00 -4.193E+00 -2.245E+00
 -9.3772500E+03 -3.405E+00 -3.532E+00 -2.400E+00
 -9.3767500E+03 -4.451E+00 -4.485E+00 -2.422E+00
 -9.3762500E+03 -4.998E+00 -5.159E+00 -2.583E+00
 -9.3757500E+03 -4.165E+00 -3.850E+00 -1.173E+00
 -9.3752500E+03 -4.786E+00 -4.616E+00 -1.976E+00
 -9.3747500E+03 -4.742E+00 -4.891E+00 -2.614E+00
 -9.3742500E+03 -4.366E+00 -4.244E+00 -1.947E+00
 -9.3737500E+03 -3.724E+00 -3.761E+00 -1.903E+00
 -9.3732500E+03 -4.035E+00 -4.351E+00 -3.075E+00
 -9.3727500E+03 -3.872E+00 -4.209E+00 -2.931E+00
 -9.3722500E+03 -4.892E+00 -5.015E+00 -2.974E+00
 -9.3717500E+03 -5.710E+00 -5.599E+00 -2.915E+00
 -9.3712500E+03 -3.911E+00 -4.131E+00 -2.961E+00
 -9.3707500E+03 -3.353E+00 -3.084E+00 -1.821E+00
 -9.3702500E+03 -3.555E+00 -3.585E+00 -2.438E+00
 -9.3697500E+03 -4.080E+00 -4.067E+00 -2.386E+00
 -9.3692500E+03 -5.165E+00 -4.955E+00 -1.735E+00
 -9.3687500E+03 -4.232E+00 -3.331E+00 -8.311E-02
 -9.3682500E+03 -5.332E+00 -4.927E+00 -2.322E+00
 -9.3677500E+03 -3.970E+00 -3.829E+00 -2.578E+00
 -9.3672500E+03 -2.925E+00 -2.956E+00 -1.622E+00
 -9.3667500E+03 -4.099E+00 -4.332E+00 -2.614E+00
 -9.3662500E+03 -4.111E+00 -4.418E+00 -3.246E+00
 -9.3657500E+03 -3.685E+00 -4.219E+00 -2.828E+00
 -9.3652500E+03 -3.449E+00 -4.193E+00 -3.872E+00
 -9.3647500E+03 -3.431E+00 -2.554E+00 -1.357E+00
 -9.3642500E+03 -5.282E+00 -5.343E+00 -3.444E+00
 -9.3637500E+03 -4.648E+00 -4.716E+00 -2.547E+00
 -9.3632500E+03 -4.755E+00 -4.447E+00 -1.724E+00
 -9.3627500E+03 -4.104E+00 -4.440E+00 -2.783E+00
 -9.3622500E+03 -5.133E+00 -4.651E+00 -1.742E+00
 -9.3617500E+03 -4.321E+00 -3.783E+00 -1.599E+00
 -9.3612500E+03 -3.774E+00 -4.024E+00 -2.816E+00
 -9.3607500E+03 -3.475E+00 -3.355E+00 -1.760E+00
 -9.3602500E+03 -4.058E+00 -4.064E+00 -2.622E+00
 -9.3597500E+03 -4.700E+00 -4.774E+00 -2.678E+00
 -9.3592500E+03 -3.847E+00 -3.838E+00 -1.863E+00
 -9.3587500E+03 -4.737E+00 -4.876E+00 -2.977E+00
 -9.3582500E+03 -3.562E+00 -3.851E+00 -2.815E+00
 -9.3577500E+03 -4.422E+00 -4.166E+00 -1.188E+00
 -9.3572500E+03 -3.768E+00 -3.707E+00 -1.822E+00
 -9.3567500E+03 -4.344E+00 -4.103E+00 -1.945E+00
 -9.3562500E+03 -3.689E+00 -4.163E+00 -3.312E+00
 -9.3557500E+03 -3.986E+00 -3.741E+00 -1.766E+00
 -9.3552500E+03 -3.873E+00 -3.589E+00 -2.670E+00
 -9.3547500E+03 -4.251E+00 -4.236E+00 -2.358E+00
 -9.3542500E+03 -4.439E+00 -4.458E+00 -1.960E+00
 -9.3537500E+03 -4.351E+00 -4.087E+00 -1.359E+00
 -9.3532500E+03 -3.393E+00 -3.782E+00 -2.965E+00
 -9.3527500E+03 -4.193E+00 -4.430E+00 -3.101E+00
 -9.3522500E+03 -4.097E+00 -4.147E+00 -2.499E+00
 -9.3517500E+03 -3.097E+00 -3.247E+00 -2.225E+00
 -9.3512500E+03 -3.028E+00 -2.985E+00 -1.798E+00
 -9.3507500E+03 -4.098E+00 -4.055E+00 -2.073E+00
 -9.3502500E+03 -4.560E+00 -4.331E+00 -2.489E+00
 -9.3497500E+03 -3.435E+00 -3.317E+00 -2.645E+00
 -9.3492500E+03 -4.232E+00 -4.177E+00 -2.217E+00
 -9.3487500E+03 -3.719E+00 -3.582E+00 -2.420E+00
 -9.3482500E+03 -3.252E+00 -3.198E+00 -2.349E+00
 -9.3477500E+03 -3.862E+00 -3.772E+00 -1.613E+00
 -9.3472500E+03 -4.198E+00 -4.022E+00 -1.393E+00
 -9.3467500E+03 -4.023E+00 -3.456E+00 -1.156E+00
 -9.3462500E+03 -3.504E+00 -3.899E+00 -3.126E+00
 -9.3457500E+03 -4.080E+00 -3.625E+00 -1.469E+00
 -9.3452500E+03 -3.905E+00 -3.698E+00 -1.786E+00
 -9.3447500E+03 -3.806E+00 -3.637E+00 -2.094E+00
 -9.3442500E+03 -3.137E+00 -3.509E+00 -2.290E+00
 -9.3437500E+03 -3.904E+00 -3.786E+00 -2.670E+00
 -9.3432500E+03 -4.349E+00 -3.709E+00 -1.107E+00
 -9.3427500E+03 -3.948E+00 -3.815E+00 -1.628E+00
 -9.3422500E+03 -3.683E+00 -3.378E+00 -1.904E+00
 -9.3417500E+03 -3.997E+00 -3.845E+00 -1.305E+00
 -9.3412500E+03 -4.369E+00 -4.361E+00 -2.101E+00
 -9.3407500E+03 -3.421E+00 -3.163E+00 -1.266E+00
 -9.3402500E+03 -3.061E+00 -3.480E+00 -2.539E+00
 -9.3397500E+03 -3.510E+00 -4.070E+00 -3.485E+00
 -9.3392500E+03 -3.747E+00 -4.078E+00 -3.063E+00
 -9.3387500E+03 -2.522E+00 -2.902E+00 -2.116E+00
 -9.3382500E+03 -3.321E+00 -3.755E+00 -2.833E+00
 -9.3377500E+03 -3.780E+00 -3.875E+00 -1.961E+00
 -9.3372500E+03 -4.112E+00 -4.136E+00 -2.273E+00
 -9.3367500E+03 -3.638E+00 -3.974E+00 -2.479E+00
 -9.3362500E+03 -3.274E+00 -3.294E+00 -2.102E+00
 -9.3357500E+03 -4.159E+00 -4.134E+00 -2.381E+00
 -9.3352500E+03 -4.250E+00 -4.288E+00 -2.134E+00
 -9.3347500E+03 -4.124E+00 -3.798E+00 -9.047E-01
 -9.3342500E+03 -2.873E+00 -2.920E+00 -1.575E+00
 -9.3337500E+03 -3.323E+00 -3.293E+00 -2.098E+00
 -9.3332500E+03 -3.072E+00 -3.027E+00 -1.878E+00
 -9.3327500E+03 -3.109E+00 -3.052E+00 -2.200E+00
 -9.3322500E+03 -3.413E+00 -3.282E+00 -2.026E+00
 -9.3317500E+03 -3.621E+00 -3.884E+00 -2.245E+00
 -9.3312500E+03 -3.447E+00 -3.345E+00 -1.731E+00
 -9.3307500E+03 -3.771E+00 -3.991E+00 -1.990E+00
 -9.3302500E+03 -4.140E+00 -4.005E+00 -1.546E+00
 -9.3297500E+03 -3.254E+00 -3.382E+00 -2.297E+00
 -9.3292500E+03 -3.620E+00 -3.626E+00 -2.275E+00
 -9.3287500E+03 -3.458E+00 -3.207E+00 -1.256E+00
 -9.3282500E+03 -3.614E+00 -3.422E+00 -1.434E+00
 -9.3277500E+03 -3.212E+00 -3.182E+00 -1.641E+00
 -9.3272500E+03 -2.646E+00 -2.617E+00 -1.794E+00
 -9.3267500E+03 -3.407E+00 -3.659E+00 -2.778E+00
 -9.3262500E+03 -2.992E+00 -3.307E+00 -2.165E+00
 -9.3257500E+03 -3.617E+00 -3.969E+00 -2.669E+00
 -9.3252500E+03 -3.753E+00 -3.997E+00 -2.427E+00
 -9.3247500E+03 -3.741E+00 -3.566E+00 -1.669E+00
 -9.3242500E+03 -4.058E+00 -3.429E+00 -1.719E+00
 -9.3237500E+03 -3.288E+00 -3.484E+00 -2.317E+00
 -9.3232500E+03 -3.190E+00 -3.266E+00 -1.451E+00
 -9.3227500E+03 -3.667E+00 -3.605E+00 -1.813E+00
 -9.3222500E+03 -2.236E+00 -2.812E+00 -2.249E+00
 -9.3217500E+03 -3.803E+00 -3.612E+00 -2.067E+00
 -9.3212500E+03 -3.739E+00 -3.518E+00 -1.351E+00
 -9.3207500E+03 -3.239E+00 -3.399E+00 -2.423E+00
 -9.3202500E+03 -3.082E+00 -3.008E+00 -1.766E+00
 -9.3197500E+03 -3.475E+00 -3.443E+00 -1.825E+00
 -9.3192500E+03 -3.144E+00 -3.014E+00 -1.121E+00
 -9.3187500E+03 -2.853E+00 -2.476E+00 -1.413E+00
 -9.3182500E+03 -4.012E+00 -3.701E+00 -2.081E+00
 -9.3177500E+03 -3.051E+00 -2.890E+00 -1.904E+00
 -9.3172500E+03 -4.182E+00 -3.830E+00 -1.419E+00
 -9.3167500E+03 -2.761E+00 -3.052E+00 -2.280E+00
 -9.3162500E+03 -3.174E+00 -3.146E+00 -2.318E+00
 -9.3157500E+03 -3.386E+00 -3.531E+00 -2.557E+00
 -9.3152500E+03 -3.173E+00 -3.440E+00 -2.343E+00
 -9.3147500E+03 -3.244E+00 -3.469E+00 -2.853E+00
 -9.3142500E+03 -2.666E+00 -2.588E+00 -1.026E+00
 -9.3137500E+03 -3.663E+00 -3.427E+00 -1.516E+00
 -9.3132500E+03 -3.771E+00 -3.445E+00 -8.733E-01
 -9.3127500E+03 -4.037E+00 -3.630E+00 -1.015E+00
 -9.3122500E+03 -2.712E+00 -2.996E+00 -2.273E+00
 -9.3117500E+03 -3.071E+00 -3.228E+00 -2.059E+00
 -9.3112500E+03 -3.369E+00 -3.356E+00 -1.795E+00
 -9.3107500E+03 -2.876E+00 -2.885E+00 -1.942E+00
 -9.3102500E+03 -3.221E+00 -3.239E+00 -1.963E+00
 -9.3097500E+03 -2.969E+00 -2.880E+00 -1.764E+00
 -9.3092500E+03 -2.935E+00 -3.157E+00 -2.167E+00
 -9.3087500E+03 -3.464E+00 -3.597E+00 -2.160E+00
 -9.3082500E+03 -3.498E+00 -3.355E+00 -1.539E+00
 -9.3077500E+03 -2.893E+00 -3.047E+00 -2.245E+00
 -9.3072500E+03 -3.027E+00 -3.135E+00 -1.527E+00
 -9.3067500E+03 -3.191E+00 -3.227E+00 -1.390E+00
 -9.3062500E+03 -3.282E+00 -2.989E+00 -8.204E-01
 -9.3057500E+03 -3.621E+00 -3.180E+00 -9.724E-01
 -9.3052500E+03 -2.993E+00 -3.157E+00 -1.528E+00
 -9.3047500E+03 -3.116E+00 -3.338E+00 -2.569E+00
 -9.3042500E+03 -3.199E+00 -3.204E+00 -2.352E+00
 -9.3037500E+03 -3.095E+00 -2.847E+00 -1.482E+00
 -9.3032500E+03 -3.293E+00 -3.267E+00 -1.652E+00
 -9.3027500E+03 -3.359E+00 -3.341E+00 -2.188E+00
 -9.3022500E+03 -3.084E+00 -3.308E+00 -2.701E+00
 -9.3017500E+03 -3.250E+00 -3.356E+00 -2.098E+00
 -9.3012500E+03 -3.253E+00 -3.424E+00 -2.381E+00
 -9.3007500E+03 -2.920E+00 -2.698E+00 -1.554E+00
 -9.3002500E+03 -2.831E+00 -2.800E+00 -1.227E+00
 -9.2997500E+03 -3.457E+00 -3.664E+00 -1.838E+00
 -9.2992500E+03 -3.336E+00 -3.041E+00 -1.086E+00
 -9.2987500E+03 -3.649E+00 -3.308E+00 -1.069E+00
 -9.2982500E+03 -2.747E+00 -3.154E+00 -3.283E+00
 -9.2977500E+03 -3.313E+00 -3.291E+00 -1.506E+00
 -9.2972500E+03 -3.430E+00 -3.424E+00 -1.815E+00
 -9.2967500E+03 -2.651E+00 -2.653E+00 -1.749E+00
 -9.2962500E+03 -2.816E+00 -2.871E+00 -1.735E+00
 -9.2957500E+03 -2.736E+00 -2.721E+00 -1.617E+00
 -9.2952500E+03 -2.887E+00 -3.007E+00 -1.986E+00
 -9.2947500E+03 -2.941E+00 -2.816E+00 -6.755E-01
 -9.2942500E+03 -2.818E+00 -2.620E+00 -1.731E+00
 -9.2937500E+03 -2.558E+00 -2.733E+00 -2.013E+00
 -9.2932500E+03 -3.416E+00 -3.721E+00 -1.863E+00
 -9.2927500E+03 -2.893E+00 -3.261E+00 -2.060E+00
 -9.2922500E+03 -3.501E+00 -3.218E+00 -1.752E+00
 -9.2917500E+03 -2.724E+00 -2.039E+00 -5.022E-01
 -9.2912500E+03 -2.394E+00 -2.309E+00 -1.031E+00
 -9.2907500E+03 -2.221E+00 -2.491E+00 -1.615E+00
 -9.2902500E+03 -3.709E+00 -3.534E+00 -8.040E-01
 -9.2897500E+03 -4.055E+00 -4.002E+00 -1.923E+00
 -9.2892500E+03 -2.823E+00 -3.072E+00 -2.302E+00
 -9.2887500E+03 -2.146E+00 -2.416E+00 -2.084E+00
 -9.2882500E+03 -3.335E+00 -3.192E+00 -1.363E+00
 -9.2877500E+03 -2.763E+00 -2.773E+00 -1.300E+00
 -9.2872500E+03 -2.708E+00 -2.750E+00 -1.847E+00
 -9.2867500E+03 -2.441E+00 -2.861E+00 -1.610E+00
 -9.2862500E+03 -2.976E+00 -2.726E+00 -1.159E+00
 -9.2857500E+03 -2.821E+00 -2.951E+00 -2.376E+00
 -9.2852500E+03 -3.089E+00 -3.252E+00 -1.961E+00
 -9.2847500E+03 -3.652E+00 -3.275E+00 -1.120E+00
 -9.2842500E+03 -2.768E+00 -2.979E+00 -2.243E+00
 -9.2837500E+03 -2.928E+00 -2.913E+00 -2.165E+00
 -9.2832500E+03 -2.524E+00 -2.568E+00 -1.701E+00
 -9.2827500E+03 -3.120E+00 -2.689E+00 -1.641E+00
 -9.2822500E+03 -3.283E+00 -3.115E+00 -1.890E+00
 -9.2817500E+03 -2.345E+00 -2.590E+00 -1.600E+00
 -9.2812500E+03 -2.684E+00 -2.428E+00 -1.403E+00
 -9.2807500E+03 -3.732E+00 -3.483E+00 -1.717E+00
 -9.2802500E+03 -2.515E+00 -2.681E+00 -1.784E+00
 -9.2797500E+03 -2.620E+00 -2.030E+00 -6.523E-01
 -9.2792500E+03 -2.621E+00 -2.807E+00 -2.018E+00
 -9.2787500E+03 -3.293E+00 -2.933E+00 -1.496E+00
 -9.2782500E+03 -2.880E+00 -2.818E+00 -1.010E+00
 -9.2777500E+03 -2.834E+00 -2.808E+00 -1.759E+00
 -9.2772500E+03 -3.150E+00 -3.046E+00 -1.626E+00
 -9.2767500E+03 -3.427E+00 -3.086E+00 -1.277E+00
 -9.2762500E+03 -3.721E+00 -2.960E+00 -1.266E+00
 -9.2757500E+03 -2.227E+00 -3.492E+00 -1.948E+00
 -9.2752500E+03 -3.035E+00 -3.498E+00 -3.066E+00
 -9.2747500E+03 -2.730E+00 -2.994E+00 -1.034E+00
 -9.2742500E+03 -2.457E+00 -2.396E+00 -1.625E+00
 -9.2737500E+03 -2.430E+00 -2.561E+00 -1.705E+00
 -9.2732500E+03 -2.299E+00 -2.452E+00 -1.865E+00
 -9.2727500E+03 -2.132E+00 -2.414E+00 -1.918E+00
 -9.2722500E+03 -2.957E+00 -2.613E+00 -9.349E-01
 -9.2717500E+03 -3.207E+00 -2.875E+00 -1.474E+00
 -9.2712500E+03 -2.780E+00 -2.590E+00 -1.454E+00
 -9.2707500E+03 -2.588E+00 -2.785E+00 -2.509E+00
 -9.2702500E+03 -2.181E+00 -2.301E+00 -2.293E+00
 -9.2697500E+03 -2.602E+00 -2.466E+00 -1.363E+00
 -9.2692500E+03 -2.525E+00 -2.678E+00 -1.615E+00
 -9.2687500E+03 -2.161E+00 -2.378E+00 -2.025E+00
 -9.2682500E+03 -2.424E+00 -2.570E+00 -1.638E+00
 -9.2677500E+03 -3.569E+00 -3.259E+00 -1.522E+00
 -9.2672500E+03 -2.445E+00 -1.990E+00 -5.310E-01
 -9.2667500E+03 -2.444E+00 -2.317E+00 -1.123E+00
 -9.2662500E+03 -1.960E+00 -2.379E+00 -1.301E+00
 -9.2657500E+03 -2.855E+00 -2.745E+00 -1.213E+00
 -9.2652500E+03 -3.355E+00 -3.242E+00 -1.581E+00
 -9.2647500E+03 -2.476E+00 -2.642E+00 -2.089E+00
 -9.2642500E+03 -2.233E+00 -2.399E+00 -1.701E+00
 -9.2637500E+03 -2.930E+00 -2.768E+00 -1.381E+00
 -9.2632500E+03 -2.145E+00 -2.251E+00 -1.595E+00
 -9.2627500E+03 -2.675E+00 -2.568E+00 -1.195E+00
 -9.2622500E+03 -2.917E+00 -2.955E+00 -1.606E+00
 -9.2617500E+03 -2.415E+00 -2.588E+00 -1.547E+00
 -9.2612500E+03 -3.014E+00 -3.064E+00 -2.061E+00
 -9.2607500E+03 -3.226E+00 -3.093E+00 -1.832E+00
 -9.2602500E+03 -2.324E+00 -2.291E+00 -1.085E+00
 -9.2597500E+03 -2.537E+00 -2.591E+00 -1.758E+00
 -9.2592500E+03 -2.937E+00 -2.918E+00 -1.661E+00
 -9.2587500E+03 -2.396E+00 -2.442E+00 -2.296E+00
 -9.2582500E+03 -2.825E+00 -2.570E+00 -1.019E+00
 -9.2577500E+03 -2.150E+00 -2.253E+00 -1.125E+00
 -9.2572500E+03 -2.402E+00 -2.711E+00 -1.957E+00
 -9.2567500E+03 -2.986E+00 -2.636E+00 -1.385E+00
 -9.2562500E+03 -2.861E+00 -2.665E+00 -1.374E+00
 -9.2557500E+03 -2.112E+00 -2.071E+00 -1.376E+00
 -9.2552500E+03 -2.545E+00 -2.512E+00 -1.603E+00
 -9.2547500E+03 -2.756E+00 -2.997E+00 -1.476E+00
 -9.2542500E+03 -2.383E+00 -2.421E+00 -1.067E+00
 -9.2537500E+03 -2.834E+00 -2.737E+00 -1.938E+00
 -9.2532500E+03 -2.023E+00 -1.973E+00 -1.673E+00
 -9.2527500E+03 -2.205E+00 -2.048E+00 -1.213E+00
 -9.2522500E+03 -2.271E+00 -2.480E+00 -1.947E+00
 -9.2517500E+03 -2.436E+00 -2.691E+00 -1.516E+00
 -9.2512500E+03 -2.424E+00 -3.059E+00 -1.985E+00
 -9.2507500E+03 -2.554E+00 -2.510E+00 -1.071E+00
 -9.2502500E+03 -2.815E+00 -2.593E+00 -5.199E-01
 -9.2497500E+03 -3.065E+00 -2.694E+00 -9.094E-01
 -9.2492500E+03 -2.565E+00 -2.791E+00 -1.686E+00
 -9.2487500E+03 -2.169E+00 -2.274E+00 -1.526E+00
 -9.2482500E+03 -2.249E+00 -2.206E+00 -9.178E-01
 -9.2477500E+03 -2.249E+00 -2.522E+00 -1.529E+00
 -9.2472500E+03 -2.869E+00 -2.567E+00 -1.640E+00
 -9.2467500E+03 -2.862E+00 -2.716E+00 -1.442E+00
 -9.2462500E+03 -2.557E+00 -2.404E+00 -1.380E+00
 -9.2457500E+03 -2.157E+00 -2.468E+00 -1.754E+00
 -9.2452500E+03 -2.403E+00 -2.821E+00 -1.973E+00
 -9.2447500E+03 -2.843E+00 -2.689E+00 -8.649E-01
 -9.2442500E+03 -1.661E+00 -1.840E+00 -1.489E+00
 -9.2437500E+03 -2.249E+00 -2.437E+00 -2.382E+00
 -9.2432500E+03 -2.474E+00 -2.858E+00 -2.485E+00
 -9.2427500E+03 -2.645E+00 -2.641E+00 -1.382E+00
 -9.2422500E+03 -2.669E+00 -2.555E+00 -1.184E+00
 -9.2417500E+03 -2.546E+00 -2.240E+00 -1.126E+00
 -9.2412500E+03 -2.539E+00 -2.509E+00 -1.512E+00
 -9.2407500E+03 -2.553E+00 -2.642E+00 -1.355E+00
 -9.2402500E+03 -2.442E+00 -2.622E+00 -1.496E+00
 -9.2397500E+03 -2.391E+00 -2.147E+00 -1.406E+00
 -9.2392500E+03 -1.819E+00 -1.911E+00 -9.213E-01
 -9.2387500E+03 -2.279E+00 -2.348E+00 -1.118E+00
 -9.2382500E+03 -2.666E+00 -2.529E+00 -6.032E-01
 -9.2377500E+03 -1.345E+00 -1.449E+00 -7.431E-01
 -9.2372500E+03 -2.715E+00 -2.471E+00 -8.501E-01
 -9.2367500E+03 -2.949E+00 -3.013E+00 -2.008E+00
 -9.2362500E+03 -2.457E+00 -2.597E+00 -1.725E+00
 -9.2357500E+03 -2.076E+00 -1.985E+00 -8.418E-01
 -9.2352500E+03 -2.276E+00 -2.413E+00 -1.431E+00
 -9.2347500E+03 -2.826E+00 -2.653E+00 -9.057E-01
 -9.2342500E+03 -2.617E+00 -2.814E+00 -2.035E+00
 -9.2337500E+03 -2.174E+00 -2.805E+00 -2.351E+00
 -9.2332500E+03 -2.041E+00 -2.217E+00 -1.886E+00
 -9.2327500E+03 -2.378E+00 -2.370E+00 -4.745E-01
 -9.2322500E+03 -1.749E+00 -1.672E+00 -4.574E-01
 -9.2317500E+03 -2.236E+00 -1.927E+00 -8.645E-01
 -9.2312500E+03 -2.374E+00 -2.395E+00 -9.798E-01
 -9.2307500E+03 -2.294E+00 -1.945E+00 -9.956E-01
 -9.2302500E+03 -1.905E+00 -2.407E+00 -1.795E+00
 -9.2297500E+03 -1.108E+00 -1.846E+00 -1.942E+00
 -9.2292500E+03 -2.135E+00 -2.412E+00 -1.546E+00
 -9.2287500E+03 -2.877E+00 -2.882E+00 -1.444E+00
 -9.2282500E+03 -2.726E+00 -2.820E+00 -1.829E+00
 -9.2277500E+03 -2.920E+00 -2.507E+00 -1.015E+00
 -9.2272500E+03 -2.787E+00 -1.907E+00 -4.878E-01
 -9.2267500E+03 -1.907E+00 -2.610E+00 -1.517E+00
 -9.2262500E+03 -2.314E+00 -2.177E+00 -8.824E-01
 -9.2257500E+03 -1.932E+00 -1.976E+00 -1.354E+00
 -9.2252500E+03 -2.629E+00 -2.548E+00 -2.267E+00
 -9.2247500E+03 -2.269E+00 -1.986E+00 -1.144E+00
 -9.2242500E+03 -2.473E+00 -2.221E+00 -8.418E-01
 -9.2237500E+03 -2.630E+00 -2.419E+00 -1.283E+00
 -9.2232500E+03 -2.675E+00 -2.444E+00 -1.080E+00
 -9.2227500E+03 -2.720E+00 -2.661E+00 -1.396E+00
 -9.2222500E+03 -2.018E+00 -2.175E+00 -1.915E+00
 -9.2217500E+03 -2.231E+00 -2.439E+00 -1.768E+00
 -9.2212500E+03 -1.855E+00 -2.038E+00 -1.259E+00
 -9.2207500E+03 -1.964E+00 -2.157E+00 -1.516E+00
 -9.2202500E+03 -2.182E+00 -2.504E+00 -1.650E+00
 -9.2197500E+03 -1.809E+00 -1.854E+00 -1.509E+00
 -9.2192500E+03 -2.624E+00 -2.393E+00 -6.800E-01
 -9.2187500E+03 -2.579E+00 -2.545E+00 -1.293E+00
 -9.2182500E+03 -1.947E+00 -1.937E+00 -1.400E+00
 -9.2177500E+03 -1.913E+00 -1.960E+00 -1.367E+00
 -9.2172500E+03 -1.974E+00 -1.750E+00 -7.677E-01
 -9.2167500E+03 -2.098E+00 -2.435E+00 -1.766E+00
 -9.2162500E+03 -2.117E+00 -1.870E+00 -4.748E-01
 -9.2157500E+03 -2.652E+00 -2.192E+00 -3.686E-01
 -9.2152500E+03 -2.477E+00 -2.176E+00 -9.996E-01
 -9.2147500E+03 -2.236E+00 -2.345E+00 -1.634E+00
 -9.2142500E+03 -2.688E+00 -2.692E+00 -1.436E+00
 -9.2137500E+03 -2.887E+00 -2.876E+00 -1.209E+00
 -9.2132500E+03 -2.048E+00 -2.336E+00 -1.822E+00
 -9.2127500E+03 -1.497E+00 -1.303E+00 -8.722E-01
 -9.2122500E+03 -1.630E+00 -1.615E+00 -1.123E+00
 -9.2117500E+03 -2.142E+00 -2.260E+00 -1.400E+00
 -9.2112500E+03 -1.486E+00 -1.434E+00 -1.358E+00
 -9.2107500E+03 -1.642E+00 -1.525E+00 -1.377E+00
 -9.2102500E+03 -2.622E+00 -2.381E+00 -1.126E+00
 -9.2097500E+03 -2.293E+00 -2.069E+00 -1.122E+00
 -9.2092500E+03 -2.153E+00 -1.843E+00 -2.210E-01
 -9.2087500E+03 -2.390E+00 -2.220E+00 -8.138E-01
 -9.2082500E+03 -1.921E+00 -2.024E+00 -1.592E+00
 -9.2077500E+03 -1.227E+00 -1.884E+00 -1.802E+00
 -9.2072500E+03 -2.837E+00 -2.690E+00 -9.125E-01
 -9.2067500E+03 -1.875E+00 -1.860E+00 -1.780E+00
 -9.2062500E+03 -1.540E+00 -1.579E+00 -1.581E+00
 -9.2057500E+03 -2.104E+00 -1.911E+00 -1.006E+00
 -9.2052500E+03 -2.136E+00 -1.947E+00 -6.796E-01
 -9.2047500E+03 -2.091E+00 -2.188E+00 -7.740E-01
 -9.2042500E+03 -2.181E+00 -2.338E+00 -1.223E+00
 -9.2037500E+03 -1.827E+00 -1.986E+00 -1.399E+00
 -9.2032500E+03 -1.947E+00 -1.934E+00 -1.653E+00
 -9.2027500E+03 -1.920E+00 -2.155E+00 -1.629E+00
 -9.2022500E+03 -2.123E+00 -2.076E+00 -9.073E-01
 -9.2017500E+03 -2.534E+00 -2.442E+00 -9.933E-01
 -9.2012500E+03 -2.204E+00 -2.261E+00 -1.277E+00
 -9.2007500E+03 -1.697E+00 -1.554E+00 -9.824E-01
 -9.2002500E+03 -1.559E+00 -1.533E+00 -1.454E+00
 -9.1997500E+03 -2.109E+00 -1.872E+00 -8.346E-01
 -9.1992500E+03 -1.998E+00 -2.056E+00 -1.240E+00
 -9.1987500E+03 -2.092E+00 -2.271E+00 -1.370E+00
 -9.1982500E+03 -2.268E+00 -2.362E+00 -1.806E+00
 -9.1977500E+03 -2.260E+00 -2.088E+00 -1.332E+00
 -9.1972500E+03 -2.248E+00 -2.445E+00 -1.510E+00
 -9.1967500E+03 -2.434E+00 -2.499E+00 -1.337E+00
 -9.1962500E+03 -2.230E+00 -2.149E+00 -1.282E+00
 -9.1957500E+03 -2.217E+00 -1.919E+00 -4.048E-01
 -9.1952500E+03 -1.648E+00 -1.745E+00 -9.698E-01
 -9.1947500E+03 -1.738E+00 -1.800E+00 -1.232E+00
 -9.1942500E+03 -2.014E+00 -1.891E+00 -7.293E-01
 -9.1937500E+03 -2.155E+00 -2.004E+00 -8.880E-01
 -9.1932500E+03 -2.591E+00 -2.466E+00 -1.320E+00
 -9.1927500E+03 -2.098E+00 -2.202E+00 -1.610E+00
 -9.1922500E+03 -1.752E+00 -1.849E+00 -1.077E+00
 -9.1917500E+03 -1.216E+00 -1.366E+00 -1.130E+00
 -9.1912500E+03 -1.791E+00 -1.881E+00 -1.358E+00
 -9.1907500E+03 -2.081E+00 -2.148E+00 -1.297E+00
 -9.1902500E+03 -2.533E+00 -2.431E+00 -1.061E+00
 -9.1897500E+03 -2.254E+00 -2.460E+00 -1.213E+00
 -9.1892500E+03 -1.611E+00 -1.711E+00 -1.311E+00
 -9.1887500E+03 -1.414E+00 -1.530E+00 -1.232E+00
 -9.1882500E+03 -1.677E+00 -1.707E+00 -8.705E-01
 -9.1877500E+03 -1.695E+00 -1.702E+00 -6.787E-01
 -9.1872500E+03 -1.517E+00 -1.430E+00 -7.839E-01
 -9.1867500E+03 -1.962E+00 -1.973E+00 -6.827E-01
 -9.1862500E+03 -1.438E+00 -1.556E+00 -1.349E+00
 -9.1857500E+03 -1.590E+00 -1.508E+00 -1.049E+00
 -9.1852500E+03 -2.075E+00 -1.922E+00 -9.875E-01
 -9.1847500E+03 -2.242E+00 -2.132E+00 -9.684E-01
 -9.1842500E+03 -2.475E+00 -2.223E+00 -7.725E-01
 -9.1837500E+03 -2.461E+00 -2.116E+00 -8.887E-01
 -9.1832500E+03 -1.814E+00 -2.090E+00 -1.101E+00
 -9.1827500E+03 -1.879E+00 -1.871E+00 -7.528E-01
 -9.1822500E+03 -2.247E+00 -2.265E+00 -1.497E+00
 -9.1817500E+03 -1.947E+00 -1.956E+00 -1.411E+00
 -9.1812500E+03 -2.185E+00 -2.445E+00 -1.804E+00
 -9.1807500E+03 -1.886E+00 -2.190E+00 -1.320E+00
 -9.1802500E+03 -1.980E+00 -1.897E+00 -1.103E+00
 -9.1797500E+03 -1.666E+00 -1.667E+00 -1.356E+00
 -9.1792500E+03 -1.972E+00 -1.753E+00 -6.558E-01
 -9.1787500E+03 -2.077E+00 -1.738E+00 -7.947E-01
 -9.1782500E+03 -2.324E+00 -2.262E+00 -8.803E-01
 -9.1777500E+03 -1.821E+00 -1.645E+00 -1.405E+00
 -9.1772500E+03 -1.745E+00 -1.829E+00 -3.056E-01
 -9.1767500E+03 -1.205E+00 -1.478E+00 -1.098E+00
 -9.1762500E+03 -2.024E+00 -2.063E+00 -7.916E-01
 -9.1757500E+03 -2.010E+00 -1.917E+00 -1.216E+00
 -9.1752500E+03 -1.478E+00 -1.550E+00 -1.447E+00
 -9.1747500E+03 -2.169E+00 -2.222E+00 -6.363E-01
 -9.1742500E+03 -2.542E+00 -2.869E+00 -2.633E-01
 -9.1737500E+03 -1.550E+00 -1.627E+00 -4.847E-01
 -9.1732500E+03 -1.055E+00 -9.699E-01 -1.006E+00
 -9.1727500E+03 -1.983E+00 -1.388E+00 -7.761E-01
 -9.1722500E+03 -2.459E+00 -2.086E+00 -6.710E-01
 -9.1717500E+03 -1.981E+00 -2.211E+00 -1.287E+00
 -9.1712500E+03 -1.918E+00 -1.938E+00 -1.582E+00
 -9.1707500E+03 -1.850E+00 -2.148E+00 -1.619E+00
 -9.1702500E+03 -1.888E+00 -2.092E+00 -1.294E+00
 -9.1697500E+03 -1.558E+00 -1.568E+00 -8.133E-01
 -9.1692500E+03 -1.733E+00 -1.835E+00 -1.566E+00
 -9.1687500E+03 -2.048E+00 -1.867E+00 -7.669E-01
 -9.1682500E+03 -1.826E+00 -1.494E+00 -3.917E-01
 -9.1677500E+03 -1.921E+00 -2.084E+00 -1.533E+00
 -9.1672500E+03 -2.012E+00 -2.147E+00 -9.960E-01
 -9.1667500E+03 -1.538E+00 -1.421E+00 -7.324E-01
 -9.1662500E+03 -1.267E+00 -1.669E+00 -1.693E+00
 -9.1657500E+03 -1.746E+00 -1.983E+00 -1.812E+00
 -9.1652500E+03 -2.078E+00 -1.946E+00 -1.095E+00
 -9.1647500E+03 -2.023E+00 -2.024E+00 -1.132E+00
 -9.1642500E+03 -2.152E+00 -2.292E+00 -1.058E+00
 -9.1637500E+03 -1.684E+00 -1.730E+00 -1.142E+00
 -9.1632500E+03 -2.095E+00 -2.034E+00 -8.425E-01
 -9.1627500E+03 -2.487E+00 -1.950E+00 -9.751E-02
 -9.1622500E+03 -1.685E+00 -1.350E+00 -9.010E-01
 -9.1617500E+03 -1.056E+00 -9.867E-01 -4.544E-01
 -9.1612500E+03 -1.436E+00 -1.356E+00 -7.339E-01
 -9.1607500E+03 -1.725E+00 -1.918E+00 -1.506E+00
 -9.1602500E+03 -1.772E+00 -1.838E+00 -7.565E-01
 -9.1597500E+03 -1.949E+00 -1.738E+00 -3.352E-01
 -9.1592500E+03 -1.743E+00 -1.828E+00 -6.555E-01
 -9.1587500E+03 -1.339E+00 -1.397E+00 -1.394E+00
 -9.1582500E+03 -1.214E+00 -1.139E+00 -6.722E-01
 -9.1577500E+03 -1.570E+00 -1.601E+00 -9.279E-01
 -9.1572500E+03 -1.696E+00 -1.691E+00 -8.342E-01
 -9.1567500E+03 -1.887E+00 -2.007E+00 -1.286E+00
 -9.1562500E+03 -1.609E+00 -1.414E+00 -1.328E+00
 -9.1557500E+03 -1.448E+00 -1.595E+00 -9.993E-01
 -9.1552500E+03 -1.743E+00 -1.849E+00 -8.112E-01
 -9.1547500E+03 -1.917E+00 -2.089E+00 -8.200E-01
 -9.1542500E+03 -2.109E+00 -1.928E+00 -8.500E-01
 -9.1537500E+03 -1.566E+00 -1.325E+00 -5.776E-01
 -9.1532500E+03 -1.807E+00 -2.068E+00 -1.683E+00
 -9.1527500E+03 -1.311E+00 -1.238E+00 -6.945E-01
 -9.1522500E+03 -1.989E+00 -1.858E+00 -7.395E-01
 -9.1517500E+03 -2.592E+00 -2.472E+00 -1.062E+00
 -9.1512500E+03 -1.747E+00 -1.796E+00 -8.244E-01
 -9.1507500E+03 -1.512E+00 -1.730E+00 -1.312E+00
 -9.1502500E+03 -2.216E+00 -2.173E+00 -1.181E+00
 -9.1497500E+03 -1.686E+00 -1.807E+00 -6.713E-01
 -9.1492500E+03 -1.687E+00 -1.775E+00 -6.844E-01
 -9.1487500E+03 -6.809E-01 -6.650E-01 -5.083E-01
 -9.1482500E+03 -1.522E+00 -1.197E+00 -7.311E-01
 -9.1477500E+03 -2.107E+00 -1.879E+00 -1.360E+00
 -9.1472500E+03 -1.681E+00 -1.805E+00 -8.866E-01
 -9.1467500E+03 -2.172E+00 -2.008E+00 -3.927E-01
 -9.1462500E+03 -1.324E+00 -1.304E+00 -5.826E-01
 -9.1457500E+03 -1.051E+00 -1.290E+00 -1.252E+00
 -9.1452500E+03 -1.808E+00 -1.667E+00 -6.606E-01
 -9.1447500E+03 -1.062E+00 -1.080E+00 -1.162E+00
 -9.1442500E+03 -1.405E+00 -1.631E+00 -1.514E+00
 -9.1437500E+03 -2.021E+00 -2.345E+00 -1.491E+00
 -9.1432500E+03 -1.721E+00 -1.383E+00 -6.878E-01
 -9.1427500E+03 -9.901E-01 -1.025E+00 -8.718E-01
 -9.1422500E+03 -2.284E+00 -2.193E+00 -4.248E-01
 -9.1417500E+03 -1.821E+00 -1.761E+00 -9.419E-01
 -9.1412500E+03 -1.365E+00 -1.433E+00 -1.241E+00
 -9.1407500E+03 -1.799E+00 -1.628E+00 -5.577E-02
 -9.1402500E+03 -9.623E-01 -1.079E+00 -6.665E-01
 -9.1397500E+03 -1.239E+00 -1.633E+00 -1.968E+00
 -9.1392500E+03 -2.325E+00 -2.089E+00 -9.081E-01
 -9.1387500E+03 -1.915E+00 -1.677E+00 -1.930E-01
 -9.1382500E+03 -1.657E+00 -1.561E+00 -9.149E-01
 -9.1377500E+03 -5.932E-01 -1.353E+00 -1.866E+00
 -9.1372500E+03 -1.446E+00 -2.036E+00 -1.593E+00
 -9.1367500E+03 -1.838E+00 -1.624E+00 -1.229E+00
 -9.1362500E+03 -1.572E+00 -1.447E+00 -5.998E-01
 -9.1357500E+03 -1.498E+00 -1.518E+00 -6.871E-01
 -9.1352500E+03 -1.281E+00 -1.320E+00 -7.073E-01
 -9.1347500E+03 -2.043E+00 -2.083E+00 -1.041E+00
 -9.1342500E+03 -2.110E+00 -1.785E+00 -4.144E-01
 -9.1337500E+03 -1.805E+00 -1.398E+00 -3.606E-01
 -9.1332500E+03 -1.437E+00 -1.398E+00 -9.844E-01
 -9.1327500E+03 -1.736E+00 -1.662E+00 -7.052E-01
 -9.1322500E+03 -9.301E-01 -1.135E+00 -6.960E-01
 -9.1317500E+03 -1.247E+00 -1.418E+00 -1.666E+00
 -9.1312500E+03 -1.714E+00 -1.439E+00 -6.532E-01
 -9.1307500E+03 -2.148E+00 -1.998E+00 -1.137E+00
 -9.1302500E+03 -1.750E+00 -1.733E+00 -9.086E-01
 -9.1297500E+03 -1.377E+00 -1.124E+00 -5.223E-01
 -9.1292500E+03 -9.463E-01 -1.168E+00 -1.146E+00
 -9.1287500E+03 -1.579E+00 -1.346E+00 -4.765E-01
 -9.1282500E+03 -1.318E+00 -1.245E+00 -6.542E-01
 -9.1277500E+03 -9.020E-01 -1.196E+00 -1.139E+00
 -9.1272500E+03 -1.919E+00 -1.868E+00 -1.153E+00
 -9.1267500E+03 -1.696E+00 -1.622E+00 -8.659E-01
 -9.1262500E+03 -1.317E+00 -1.489E+00 -1.316E+00
 -9.1257500E+03 -1.805E+00 -1.850E+00 -1.152E+00
 -9.1252500E+03 -1.793E+00 -1.769E+00 -9.943E-01
 -9.1247500E+03 -1.802E+00 -2.106E+00 -1.290E+00
 -9.1242500E+03 -1.974E+00 -1.771E+00 -4.500E-01
 -9.1237500E+03 -1.132E+00 -1.200E+00 -9.862E-01
 -9.1232500E+03 -1.154E+00 -1.114E+00 -5.340E-01
 -9.1227500E+03 -1.393E+00 -1.250E+00 -2.380E-01
 -9.1222500E+03 -1.214E+00 -1.105E+00 -2.608E-01
 -9.1217500E+03 -1.563E+00 -1.726E+00 -9.056E-01
 -9.1212500E+03 -1.620E+00 -1.759E+00 -1.083E+00
 -9.1207500E+03 -1.155E+00 -1.148E+00 -1.014E+00
 -9.1202500E+03 -1.593E+00 -1.568E+00 -9.162E-01
 -9.1197500E+03 -2.117E+00 -1.815E+00 -1.289E-01
 -9.1192500E+03 -1.038E+00 -1.633E+00 -1.603E+00
 -9.1187500E+03 -1.303E+00 -1.119E+00 -1.386E-01
 -9.1182500E+03 -1.004E+00 -1.388E+00 -8.324E-01
 -9.1177500E+03 -1.680E+00 -1.750E+00 -1.227E+00
 -9.1172500E+03 -1.359E+00 -1.575E+00 -1.438E+00
 -9.1167500E+03 -1.254E+00 -1.180E+00 -9.100E-01
 -9.1162500E+03 -1.545E+00 -1.304E+00 -2.609E-01
 -9.1157500E+03 -1.323E+00 -1.360E+00 -1.121E+00
 -9.1152500E+03 -1.706E+00 -1.798E+00 -1.102E+00
 -9.1147500E+03 -1.897E+00 -1.761E+00 -2.096E-01
 -9.1142500E+03 -2.150E+00 -2.371E+00 -1.252E+00
 -9.1137500E+03 -2.016E+00 -1.953E+00 -8.473E-01
 -9.1132500E+03 -1.319E+00 -1.505E+00 -9.564E-01
 -9.1127500E+03 -1.190E+00 -1.185E+00 -1.098E+00
 -9.1122500E+03 -1.188E+00 -1.084E+00 -7.331E-01
 -9.1117500E+03 -1.516E+00 -1.416E+00 -1.045E+00
 -9.1112500E+03 -1.443E+00 -1.299E+00 -4.845E-01
 -9.1107500E+03 -1.836E+00 -1.830E+00 -6.441E-01
 -9.1102500E+03 -1.714E+00 -1.600E+00 -4.998E-01
 -9.1097500E+03 -1.814E+00 -1.649E+00 -9.240E-01
 -9.1092500E+03 -1.351E+00 -1.207E+00  9.765E-02
 -9.1087500E+03 -1.578E+00 -1.543E+00 -6.481E-01
 -9.1082500E+03 -1.783E+00 -1.713E+00 -1.062E+00
 -9.1077500E+03 -1.621E+00 -1.757E+00 -1.257E+00
 -9.1072500E+03 -1.850E+00 -1.807E+00 -1.009E+00
 -9.1067500E+03 -1.390E+00 -1.599E+00 -1.525E+00
 -9.1062500E+03 -1.175E+00 -1.489E+00 -1.114E+00
 -9.1057500E+03 -1.102E+00 -1.355E+00 -1.392E+00
 -9.1052500E+03 -1.474E+00 -1.575E+00 -6.435E-01
 -9.1047500E+03 -1.485E+00 -1.431E+00 -5.959E-01
 -9.1042500E+03 -1.409E+00 -1.350E+00 -9.056E-01
 -9.1037500E+03 -1.296E+00 -1.258E+00 -7.663E-01
 -9.1032500E+03 -1.334E+00 -1.303E+00 -6.840E-01
